<?xml version='1.0' encoding='UTF-8' standalone='yes'?>
<!--File Created By SMS Backup &
Restore v10.15.002 on 06/11/2021 08:35:17-->
<!--

To view this file in a more readable format, visit https://synctech.com.au/view-backup/

-->
<smses count="12028" backup_set="422bf347-8660-44ca-a807-a2aa7e4d2f12" backup_date="1636184108806"
    type="full">
    <sms protocol="0" address="+4741763517" date="1473235681987" type="2" subject="null"
        body="Hei Art, hvis du vil jeg skal hente deg i dag, bare si i fra når det passer. Jeg er på en konferanse i Oslo sentrum frem til ca kl 17"
        toa="null" sc_toa="null" service_center="null" read="1" status="-1" locked="0" date_sent="0"
        sub_id="0" readable_date="7. sep. 2016 10:08:01" contact_name="Arthur Torvund" />
    <sms protocol="0" address="+4741763517" date="1473236360000" type="1" subject="null"
        body="Jeg tenker jeg drar på jobb rundt 17, men kan ha bag ferdig pakka som du kan hente når du vil, også drar jeg til deg etter jobb:)"
        toa="null" sc_toa="null" service_center="+4790002100" read="1" status="-1" locked="0"
        date_sent="0" sub_id="0" readable_date="7. sep. 2016 10:19:20" contact_name="Arthur Torvund" />
    <mms date="1625175066000" spam_report="0" ct_t="application/vnd.wap.multipart.related"
        msg_box="2" address="+4793446069" sub_cs="null" retr_st="null" d_tm="0" exp="604800"
        locked="0" msg_id="0" app_id="0" from_address="null"
        m_id="A577AB2A-DAB3-71EB-A190-40A8F02343AE" retr_txt="null" date_sent="0" read="1"
        rpt_a="null" ct_cls="null" pri="129" sub_id="4" object_id="null" resp_txt="null" ct_l="null"
        d_rpt="129" reserved="0" using_mode="0" _id="317" rr_st="0" m_type="128" favorite="0"
        rr="129" sub="null" hidden="0" deletable="0" read_status="null" d_rpt_st="0"
        callback_set="0" seen="1" device_name="null" cmc_prop="null" resp_st="128" text_only="1"
        sim_slot="0" st="null" retr_txt_cs="null" creator="com.samsung.android.messaging"
        m_size="223" sim_imsi="242014513904306" correlation_tag="4fcbb7b32ed18a51" safe_message="0"
        tr_id="T17a63fb7e5d" m_cls="personal" v="18" secret_mode="0"
        readable_date="1. jul. 2021 23:31:06" contact_name="Cathrine Løland">
        <parts>
            <part seq="-1" ct="application/smil" name="null" chset="null" cd="null" fn="null"
                cid="&lt;smil&gt;" cl="smil.xml" ctt_s="null" ctt_t="null"
                text='&lt;smil&gt;&lt;head&gt;&lt;layout&gt;&lt;root-layout/&gt;&lt;region id="Text" top="0" left="0" height="100%" width="100%"/&gt;&lt;/layout&gt;&lt;/head&gt;&lt;body&gt;&lt;par dur="5000ms"&gt;&lt;text src="text.000000.txt" region="Text" /&gt;&lt;/par&gt;&lt;/body&gt;&lt;/smil&gt;'
                sef_type="0" />
            <part seq="0" ct="text/plain" name="null" chset="106" cd="null" fn="null"
                cid="&lt;text.000000&gt;" cl="text.000000.txt" ctt_s="null" ctt_t="null"
                text="Haha, ja, morsomt! &#128516; Akkurat kommet hjem fra en liten fjelltur. Veldig gjerne kaffe en dag! Er i Oslo og fleksibel de nærmeste dagene i hvert fall. Det går bra, håper det går bra hos deg også! Sov godt, hilsen Frode"
                sef_type="0" />
        </parts>
        <addrs>
            <addr address="insert-address-token" type="137" charset="106" />
            <addr address="+4793446069" type="151" charset="106" />
        </addrs>
    </mms>
    <mms date="1625301510000" spam_report="0" ct_t="application/vnd.wap.multipart.related"
        msg_box="1" address="+4741500626" sub_cs="null" retr_st="128" d_tm="null" exp="null"
        locked="0" msg_id="0" app_id="0" from_address="null"
        m_id="0B611846-DBDA-71EB-88AD-40A8F02340B2" retr_txt="1000:OK" date_sent="1625301510"
        read="1" rpt_a="null" ct_cls="null" pri="129" sub_id="4" object_id="null" resp_txt="null"
        ct_l="http://10.176.56.214:8000/mmsc/1_2?A3xe159sexOfMlb3e&amp;m=4741421501" d_rpt="129"
        reserved="0" using_mode="0" _id="319" rr_st="0" m_type="132" favorite="0" rr="null"
        sub="null" hidden="0" deletable="0" read_status="null" d_rpt_st="0" callback_set="0"
        seen="1" device_name="null" cmc_prop="null" resp_st="null" text_only="0" sim_slot="0"
        st="null" retr_txt_cs="106" creator="com.samsung.android.messaging" m_size="1379003"
        sim_imsi="242014513904306" correlation_tag="null" safe_message="0" tr_id="A3xe159sexOfMlb3e"
        m_cls="personal" v="18" secret_mode="0" readable_date="3. jul. 2021 10:38:30"
        contact_name="Cathrine Moe">
        <parts>
            <part seq="-1" ct="application/smil" name="01.smil" chset="106" cd="attachment"
                fn="01.smil" cid="&lt;01.smil&gt;" cl="0.smil" ctt_s="null" ctt_t="null"
                text='&lt;smil&gt;&lt;head&gt;&lt;layout&gt;&lt;root-layout/&gt;&#10;&lt;region id="Text" top="70%" left="0%" height="30%" width="100%" fit="scroll"/&gt;&#10;&lt;region id="Image" top="0%" left="0%" height="70%" width="100%" fit="meet"/&gt;&#10;&lt;/layout&gt;&#10;&lt;/head&gt;&#10;&lt;body&gt;&lt;par dur="10s"&gt;&lt;img src="6469943001.jpg" region="Image"/&gt;&#10;&lt;/par&gt;&#10;&lt;/body&gt;&#10;&lt;/smil&gt;&#10;'
                sef_type="0" />
            <part seq="0" ct="image/jpeg" name="6469943001.jpg" chset="null" cd="attachment"
                fn="6469943001.jpg" cid="&lt;6469943001.jpg&gt;" cl="6469943001.jpg" ctt_s="null"
                ctt_t="null" text="null" sef_type="0"
                data="/9j/4AAQSkZJRgABAQAASABIAAD/4QBARXhpZgAATU0AKgAAAAgAAYdpAAQAAAABAAAAGgAAAAAAAqACAAQAAAABAAAJEKADAAQAAAABAAAMEAAAAAD/7QA4UGhvdG9zaG9wIDMuMAA4QklNBAQAAAAAAAA4QklNBCUAAAAAABDUHYzZjwCyBOmACZjs+EJ+/+J2MElDQ19QUk9GSUxFAAEBAAB2IGFwcGwEAAAAc2NuclJHQiBYWVogB+AAAQABAAAAAAAAYWNzcEFQUEwAAAAAQVBQTAAAAAAAAAAAAAAAAAAAAAAAAPbWAAEAAAAA0y1hcHBs5unyrUEKZj3Vs9qh4gdb1QAAAAAAAAAAAAAAAAAAAAAAAAAAAAAAAAAAAAAAAAAIZGVzYwAAAOQAAAB7Y3BydAAAAWAAAAAjd3RwdAAAAYQAAAAUQTJCMgAAAZgAAHRMY2hhZAAAdeQAAAAsYWFweQAAdhAAAAAOQTJCMAAAAZgAAHRMQTJCMQAAAZgAAHRMZGVzYwAAAAAAAAAhQXBwbGUgV2lkZSBDb2xvciBTaGFyaW5nIFByb2ZpbGUAAAAAAAAAAAAAAAAAAAAAAAAAAAAAAAAAAAAAAAAAAAAAAAAAAAAAAAAAAAAAAAAAAAAAAAAAAAAAAAAAAAAAAAAAAAAAAAAAAAAAAAAAAHRleHQAAAAAQ29weXJpZ2h0IEFwcGxlIEluYy4sIDIwMTYAAFhZWiAAAAAAAAD21gABAAAAANM6bUFCIAAAAAADAwAAAAAAIAAAAFAAAACAAAAA4AAAdBxjdXJ2AAAAAAAAAAIAAP//Y3VydgAAAAAAAAACAAD//2N1cnYAAAAAAAAAAgAA//8AAEDuAAAmjwAAE+4AAB6jAABY7AAACHIAAAAPAAAGEQAAY3oAAAAAAAAAAAAAAABwYXJhAAAAAAADAAAAAmZmAADyqgAADVYAABPQAAAKEHBhcmEAAAAAAAMAAAACZmYAAPKqAAANVgAAE9AAAAoQcGFyYQAAAAAAAwAAAAJmZgAA8qoAAA1WAAAT0AAAChAREREAAAAAAAAAAAAAAAAAAgAAAAAAAAAAAAAAAAAO8wAAAAAeZQAAAAAt1wAAAAA9SQAAAABMuwAAAABcLQAAAABrnwABAAB7EAABAACKggABAACZ9AABAACpZgABAAC43AABAADIqgACAADZHwACAADqqgADAAD//wHVD+4AAAAAEDQQcAAAD8EhaAAAD0QxYQAADtZA1wAADoBQEAAADkBfNgAADhFuWQAADe59gwAADdSMtAAADcCb7gAADbGrMAAADaW6ewAADafKJgAADb7aewAADfHr6wAADoX//wUZH+YAAAAAIKMNvwAAIFIgrQAAH+Ix4AAAH2VCRAAAHuhSJAAAHnZhrAAAHhNxAAAAHb+ANgAAHXqPXQAAHUGegAAAHRKtpAAAHO28zgAAHODMVwAAHPTciwAAHTbt2wAAHg7//wpsL94AAAAAMQAH+wAAMMUeZwAAMG8w6gAAMAJCPQAAL4hS5AAALwljEgAALo1y5gAALhmCeQAALa+R3wAALVGhJgAALP6wWwAALLe/hwAALJHPBwAALJrfKwAALOLwZgAALfX//xC9P9YAAAD5QUAAAAAAQSkaeQAAQOUu1QAAQIxBJwAAQCFSjgAAP6pjYgAAPyxzyQAAPq2D2gAAPjKTqAAAPbyjQwAAPU+ytQAAPOvCDgAAPK7RqgAAPKrh3AAAPPTzGgAAPjz//xcOT84AAAwFUNoAAAAAUYMUDAAAUU0rmwAAUQQ/LgAAUKlRYwAAUD9i2gAAT8tzzgAAT0+EXwAATtCUoQAATlKkoQAATda0awAATWHEDQAATRXT4QAATQjkPQAATVf1lQAATtD//x1fX8YAABWHYJgAAAAAYdkH8gAAYa0m9QAAYXA8VAAAYSNPfgAAYMZhoAAAYF5zIQAAX+uELgAAX3GU4QAAXvSlSAAAXnW1cgAAXfjFaQAAXaTVhAAAXZbmGQAAXe73mwAAX5j//yOwb74AAB2XcGoAAApicboAAAAAcgcgPgAAcdM4dwAAcZFM3wAAcUFfyAAAcONx3QAAcHuDZgAAcAqUhwAAb5OlVAAAbxa12wAAbpnGKQAAbkXWkAAAbjrnYwAAbp75FgAAcHj//yoAf7YAACUIgEYAABh6gVkAAAAAgl0VugAAgjEzVQAAgfdJdwAAgbFdUwAAgV5wDwAAgQGCGgAAgJmTqQAAgCmk2gAAf7O1vAAAfzrGYAAAfunXEQAAfuToIgAAf1b6BAAAgVn//zBRj60AACwjkCkAACKdkREAAAAckrAAAAAAkooscAAAklhFIgAAkhpaNwAAkdFtuAAAkXyAUwAAkR6SVwAAkLej6wAAkEi1KQAAj9XGIAAAj4jXGAAAj4noYwAAkAj6bwAAkiv//zain6UAADMKoBEAACtWoNkAABd+ojcAAAAAouEiqwAAorU/pwAAon5WYAAAojxq0wAAofB+FAAAoZqQlgAAoTuilAAAoNS0LQAAoGjFdgAAoB/WswAAoCToMgAAoKz6YgAAouP//zzzr50AADnPr/wAADNXsKsAACTpsdkAAAAAszYSPQAAsw44oQAAst1RrgAAsqFnUgAAsl17WAAAsg6OaQAAsbeg2AAAsViy0QAAsPPEbgAAsKzV7QAAsLLnnQAAsT356gAAs3n//0NEv5YAAEB8v+sAADrrwIYAAC9wwY8AABCawygAAAAAw2YvSgAAwzpL8AAAwwRjJAAAwsZ4FwAAwn6LzgAAwi6euwAAwdaxGgAAwXbDDgAAwS7UzwAAwTDmrQAAwbb5EAAAw+b//0mkz7QAAEcm0AAAAEJE0IsAADix0XYAACRE0t0AAAAA0+IhsgAA07lE4AAA04heOgAA0090WgAA0w2I1wAA0sScVgAA0nKvKQAA0hnBfgAA0afTXwAA0Z3lZwAA0hf33QAA1Cb//1Ae4BMAAE3d4FgAAEmE4NYAAEFK4akAADF84ukAAAAA5J8EYQAA5Ho77QAA5E1YbwAA5BhwFQAA49yFhgAA45iZsgAA40ytCwAA4vm/zQAA4p/SHwAA4frj0gAA4lz2VQAA5DX//1bC8N0AAFS08R0AAFDJ8Y8AAEmP8k8AADyH828AAB/o9QcAAAAA9aYv2gAA9XxRhgAA9UxrOQAA9RSB2wAA9NSW2QAA9I6q0AAA9EC+EgAA8+zQ0AAA85HjJgAA8oP0fAAA9BD//13q//8AAFwF//8AAFhx//8AAFH4//8AAEbL//8AADGm//8AAAAA//8csgAA//9JQgAA//9l7gAA//9+KgAA//+UOAAA//+o+wAA//+84gAA///QKgAA///i+gAA///1bAAA/////w6DAEYAAA69AAAQJQ5NAAAfuQ3+AAAvCA3MAAA+Sw2uAABNkw2bAABc4w2OAABsOg2GAAB7lw2AAACK+A17AACaXA14AACpww12AAC5Lg2BAADI9Q2dAADZYw3WAADq6A5uAAD//xAUEBQAAA/+D/4P/g/+D/4e+g/+D/4uOQ/+D/49kA/+D/5M8g/+D/5cWQ/+D/5rww/+D/57Lw/+D/6KnQ//D/6aDA//D/6pew//D/647hAMEAvIuhAtECzZLBBsEGvqsxETERH//xJgH/oAABNcH54RZhNRH6Af0BNDH58u4BMrH5k+NxMJH41NsxLeH3ldQRKuH19s0xJ8H0F8YRJJHyGL6BIZHwGbaBHrHuKq4RHCHsa6VxGpHr7KIRGpHtXajRHKHxrsCxJaH/r//xWrL+sAABeLL3QS3RbNL5QglxasL4kv3xZ/L3g/YxZGL19PAhYBL0BeqxW1LxpuVhVjLu59/BUOLr6NmBS6Lo2dKhRnLlussBQYLiu8LxPbLhXL/RO4LincaBO7Lnnt4RQxL5X//xnBP98AABwlP2MUFxnoP8AgSRnEP68wKBmTP5ZAEBlUP3VP+BkJP01f2xizPx5vtRhUPuh/ghfvPq6PQReIPnCe8BcePjGukRa3PfO+JRZfPdPOAhYiPeTedhYKPkHv8hZtP5n//x5tT9UAACEUT1sVJRyxUAQenRyPT/AvehxgT9Q/+hwjT7BQThvZT4RggxuET1BwoBskTxWAphq7TtSQlxpMTo+gcxnZTkewOxllTf6/8xj/TdfP7BixTergdBiJTlPx/BjeT+X//yODX8sAACZFX1YWESDkYBodMR8aYD4tuB7uYCI/ER63X/1P8h5xX9BgkB4gX5txAB3EX16BTR1gXxuRexzyXtKhjxx9XoWxiRwFXjbBbhuZXgzRjBtGXiHiMRsUXpnzzRtgYGH//yjkb8IAACurb1MW4yZpcAwcvyFvcJIquCFHcHc9SCETcFNO4iDWcCdgACCKb/Nw1CA3b7aBch/Vb3OR5x9ubyqiOR79btuybB6GbonChR4dbl7Szh3Dbnjjlh2Sbv/1SB3ccPj//y57f7kAADE5f1AXoCw8f/scgyOYgOgmIyNzgM46hiNEgKxNFSMMgIJe1CLLgFBwHSJ5gBaBGCIif9SR3CG/f4yiciFVfz6y4yDlfuzDNCB7fsLTrCApfuDklh/0f3T2YiBFgZf//zQ4j7EAADbmj00YSzI/j+occCkCkOsjXyV5kSc2nyVSkQdKfyUfkN9dByTfkLBu3CSXkHiAQyRIkDmRXSPsj/SiPiOHj6iy8SMgj1fDfSK6jy3UJiJoj1DlNSI/j+/3FCKDkjD//zoSn6gAADytn0kY6zhZn9occjAEoMciZCdjoX8xRCc/oWFHBScNoTxajybToRBtDiaSoNt+8iZJoKCQbyX6oF2hoSWYoBSymyUzn8bDZyTZn5zUQCSMn7/lcSRboGX3ZSSmorj//0ACr6AAAEKGr0UZfT6Fr8ocjDb/sKQhtSkusdcp0ykPsbtCeijjsZlXXSissW9qrihvsT59JSgqsQaPEiffsMagnyePsICx5ScwsDXC9CbSsArUASaIsCrlVCZisND3VCassyX//0YDv5kAAEhwv0MaAkS7v70csT3lwIUhMjGNwaon2yq/whY8kyqbwfZTVSpwwc5nsio6waB62Sn3wWuNRymswTCfOilcwO6w1CkHwKTCKii3wHTTaih3wI3k3ChEwSz26Sh+w3L//0wgz7UAAE52z2QahUsDz9Qc30TD0I4g0jnp0ZwmtCxl0pU02CxC0nZOWywY0lJkFCvn0iZ4Fyuv0fSLISty0budiysv0Xyvhirc0TjBLSp50NrSgSov0ObkFCoE0XX2Jyo805j//1Jh4BQAAFSn38UbHVFs4C4dI0uv4NogpkH94dUl1zC/4ygtKC374zdIQS3S4xVfzy2f4ux04y1m4r6IqC0m4oibnyzg4k2uCiyV4gvADyxF4cTRxivg4TLi+Su54af1Dyvq45H//1jV8N0AAFsE8JIbnlgK8PIdlVKz8ZMgmUn98nwlWDs487grzS+X9GZAfC9z9EVasi9J9B9xLy8Z8/KF4C7j88CZgi6o84escy5o80i+5i4k8wTQ+y3T8rrixi1J8cDzqC1W81z//1/V//8AAGHx//8cSF8f//8eA1o1//8g9lIo//8lBkUv//8q6jGM//82gjFt//9U3zFK//9tSDEh//+DLTDu//+XqzCs//+rRzBk//++SDAX///Q2C/E///jES9u///1BC6x/////x26AMQAAB6CAAAQEB4TAAAgOh2fAAAv4h08AAA/SBzxAABOkRy7AABd1ByTAABtGBx2AAB8YBxgAACLrhxQAACbAhxEAACqWRw7AAC5uBxGAADJcxxuAADZ1hzCAADrUh2oAAD//x60EGIAAB3rEKoQVh3rEKofLB3rEKouWx3rEKo9qR3rEKVNDR3pEJxcfx3lEJBr9h3eEIN7bB3XEHeK4B3QEGuaUh3KEGGpxB3EEFi5Nx3SEF3JAh38EHfZch5TEK/q9x9BEVH//yAgICAAAB//H/8RqR/+H/4f/h/+H/4u6B/+H/4+EB/+H/5NVB/+H/5cqB/+H/5sBR/+H/57Zx/+H/6KzR/+H/6aNR/+H/6poB//H/+5DyATIBLI1iBFIETZQiCkIKPqwiGhIaD//yI9MAIAACLmL64S/iMeL5YhSSMeL5YvySMeL5Y+tiMdL5ZN1iMXL5VdHCMJL5FsfiL0L4h79SLaL3uLeCK8L2mbACKaL1WqiSJ5Lz+6EyJqL0DJ8SJ7L2nabSK8L83r9iOgMQD//yUJP/AAACZPP4gUKicJP1Ai4CbQP1sw4Ca+P1k/tSamP1VO2iaHP01eLiZhP0FtoCY0PzF9JiYBPxuMtyXJPwGcTiWOPuOr5iVRPsK7gCUmPr3LaiUcPufb7yVDP1ntfSYSQMj//yhzT+EAAComT3UVMCtITywkTipDT14xcSopT1ZAfCoHT0tPzSndTztfRSmrTyhu1SlxTw9+cykwTvKOGijpTtCdwyidTqqtbShOToG9FigQTnjNDSfzTqbdmygGTynvLSjGUNT//yxkX9UAAC5dX2kWGC/NXxgllC1zX4UxKi1WX3lAoi0xX2hQQy0DX1Nf+izNXzpvvCyNXxt/hCxGXvePTiv4Xs+fFiukXqKu2itLXnO+mysCXmfOpCrZXpnfPirgXyzw1iuVYQ7//zDDb8oAADLnb2EW6DSPbwwmuDCNb7owETBLb7FACTAmb55QHi/4b4VgKy/Bb2hwMi+Ab0WAMi84bx2QLC7obvGgHS6Rbr+wBi40bou/6C3mbn3QCi22brPgtS23b1TyVC5lcWf//zV7f8AAADe1f1sXozmFfwUnwjUVf7ov0zMOf/Y+nzLqf+JPUDK+f8dfzTKIf6hwKjJJf4OAcDIEf1mQpDG0fyqgyDFdfvWw3TEBfr7A5zCyfq7RJzB/fufh5zB7f5TzjzEkgc///zp6j7cAADy9j1YYTT6njwAotjoIj7UvtDWlkEM8SzWDkC5NzjVakBNe2jUmj/NvoDTrj82AOTSnj6KQsTRaj3KhEDQHjzyxWTOtjwTBkDNdjvHR9DMqjyviyTMlj+H0ezPHkjn//z+xn60AAEH1n1EY7EPwnvwpmD9Jn6wvsTgWoJM45jf3oH5LiTfQoGRdSTefoERukDdmoB9/izcon/SQUzben8Sg9DaPn46xdzY3n1XB4jXqnz/SajW1n3jjWDWvoDL1ETZKopn//0UWr6QAAEdUr0wZfklXrvkqZ0TDr6EvxT1SsI83kjpIsNJIZjoksLlbETn5sJls9jnCsHV+ZTmFsEuPiTlCsBugdjj2r+axODiir63B2zhYr5TSjDgir8fjkjgZsH/1UDissub//0qfv50AAEzSv0gaA07avvcrKkpov5cv6kM8wHs22jx/wSlEQjxbwRBYITwwwPJqyTv/wM98xDvHwKWOUjuKwHeflTs/wEOwnzrvwArBfjqnv+rSWjpxwBPjdzpiwMP1Ojrmwxj//1BVz7kAAFJ7z2gahVSFzxgr6lA6z7AwJUlf0Ik2Vz6j0aQ+5D6C0YxUbj5b0W9oET4u0U16uD370SWMxT3B0PiebD160MavyT0v0I/A7zzZ0EDR1jyk0FrjCzyP0Pj0zTz80yj//1Y94BUAAFhb38gbHVpf33ossFY/4Aowek+44Nk2C0WL4es9m0Co4ktP20CD4i9kx0BZ4g54QkAp4eiK6j/z4bydCD+04Yyuxj9q4VbAPj8c4RzRfz604JjiTz6f4Rr0Dj744xD//1xl8NwAAF5y8JIbnWB38EYtgVyD8M4w8FZO8ZM19UzJ8pg8zULY83RKM0K181pg2kKM8zp1Y0Je8xWIyEIq8uubdkHx8rytqUGz8oi/gkFo8lDRF0EV8hLid0CL8Sfy/0DJ8sz//2Mk//8AAGUj//8cRmco//8ujWNc//8xsF10//82SlSA//88hUal//9EpUU5//9cdEUQ//9yaUTi//+GxUSv//+aL0R2//+s+UQ3//+/U0P1///RWEOt///jHENi///0qkKE/////yzxAZEAAC42AAAPii3bAAAgPS1oAAAwTyzzAABAAiyIAABPeywuAABe0yvlAABuGyusAAB9XSt+AACMoCtaAACb5Ss+AACrLisoAAC6fisvAADKLCteAADagyvJAADr8yz6AAD//y2jEOkAACxdEbcQ4yxfEbYffixjEbEumCxpEaU96SxtEZJNVixsEXpc0SxnEV9sUSxdEUN7zixSESiLSSxGEQ6avyw5EPaqMywuEOG5piw8ENrJcSxxEOrZ3yzgERnrYC4XEbT//y6qIGQAAC3fIJISBC3IIJkgTi3IIJkvHS3IIJk+Ny3IIJlNcy3IIJlcwS3IIJlsGS3HIJh7ey3GIJOK5y3DII2aWC2/IIapyi27IH65QC3QIIrJDS4LILXZfS6BIQ3q/y/CIgT//zAsMCwAADAJMAkTMS/+L/4hlS/+L/4v/i/+L/4+3S/+L/5N8y/+L/5dKC/+L/5sby/+L/57wS/+L/6LGy/+L/6aeS/+L/6p3C//L/+5RDAZMBnJBTBbMFrZaDDZMNjq3DIoMij//zIyQAwAADKjP8QURzLqP5sjEjL9P5IxOTL9P5I/xzL9P5JOqjL9P5JdvDL9P5Js6jL9P5J8KTL7P5GLeTLzP46a3DLmP4eqTjLVP3+5zDLaP5HJozMFP9LaHDNtQFvroTSpQeL//zS8T/cAADWkT54VQjZET2IkbjaxTz0yyjanTz9A9DafT0BPoDaVT0BelDaGTz5tuDZzTzt8/jZaTzWMXjY9TyybzzYaTx+rTzX1TxC62zXlTyDKvTX7T2bbPTZPUADsxjd6UcT//zfDX+YAADkDX4cWJDnzX0AlqTq+XwY0VjpKXx9B8jo4XxxQoToiXxhfnzoGXxFu0DnlXwl+JDm+Xv2NkTmSXu6dDzlhXtusmjksXsa8MDkMXtTMGTkSXx/cnDlWX8vuIjpzYcb//zs8b9gAADy8b3gW8D3rbysmxz8EbuQ1vz24byhCYD2hbyFRPj2EbxhgZj1ibw1vuj06bv5/LD0Lbu2OsjzWbtieRzycbr+t5TxdbqW9jDwzbrDNfzwubv/eBjxnb7nvhz13ceX//z8Zf8wAAEDFf20Xp0Infx0nzUN/fs43CkDyf0xCHkDZf0JRUUC7fzVgu0CVfyZwRkBpfxN/5UA3fvyPkT/+fuOfRz+/fsWvAj97fqa+wj9Kfq3OxT89fv7fUz9uf8Pw0kBzghX//0NNj8AAAEUXj2UYUUafjxMovUgpjsA4PES9j15B6kPlj3VQyUPGj2Vgj0Ogj1NwYUNzjz2AO0NAjyOQGUMFjwaf+ULEjuWv2UJ+jsG/uUJJjsXP1EI2jxXgbEJgj+Hx6UNZkk7//0fMn7YAAEmnn10Y7ktMnwwpnUz9nrY5WEkhn19B+kbJn7NPmUapn6Jf1UaEn45wA0ZXn3aAJkYkn1qQQUXqnzugVEWrnxewYEVjnvHAaEUrnu/QnEUVnzzhQkU3oAryvUYhooT//0yJr6wAAE5vr1YZgVAmrwYqa1H2rq86X03Wr11CGUmJr/lNsElpr+heh0lEr9NvJkkar7l/oUjor5yQA0ivr3ugUkhwr1awkkgrry7AxkfxrybRGUfUr2vhzkfwsDXzRkjKsq3//1F9v6MAAFNlv1EaA1UrvwIrLVcRvqs7V1LLv1hCRUygwDVLdkwJwDRcmEvmwB9txEu+wAV+qUuMv+iPX0tVv8af80sav6CwbkrVv3XA1EqYv2XRSUp3v57iDUqKwF3zgEtOwsH//1atz74AAFiUz28ahlpjzyEr7Fxbzso8TVgFz3VCjVG+0FFK406Z0KdaCU540JJr5k5R0Hh9TU4k0FqOaU3u0DifT02z0BKwD01zz+jAsU0kz6jRKUz7z9Dh/k0H0Hvzak2u0rj//1wf4BgAAF4G38wbH1/X34AssWHb3yo9R12E39BC8Fc94KpKhlEr4V1WzlEJ4UhpjVDi4S57lFC14RGNKlCE4O+edFBN4MmvhlAP4J/Ab0/J4HLRNk9l3/3hoE9l4IvzA0/r4oz//2Hd8NsAAGO78JIbm2WU8Ectgmeh7/I+UWNV8JRDe10e8WhKaVRD8nBTSFOk8mlmr1OA8lB5glNX8jOLr1Mp8hKdcVLz8eyu5lK18cPAI1Jz8ZbRNFIt8WTiI1Gl8IjyTVIG8jf//2hD//8AAGoZ//8cRGv3//8ui24N//8/qWnN//9EZmOu//9KyFsA//9S91ad//9jilZ7//93a1ZU//+KYFYo//+cv1X0//+utlW4///AZFV4///R2lU0///jI1Ts///0SVQC/////zwoArcAAD3gAAAOpD2XAAAf6z0yAAAwXjy+AABAZDxHAABQHjvYAABfpjt1AABvCzsgAAB+XTrZAACNpDqeAACc5zptAACsKTpFAAC7cDpCAADLEjp0AADbXjryAADswjxqAAD//zyvEa8AADscEw0Rizs6Euwf7TtBEtwvBDtGEsM+WDtHEqRNyjtEEoBdSjs7EldszzsuEi18UzseEgSL0jsMEdubTTr5EbWqwzroEZK6ODr1EX/KAjszEYLabTu5Eajr7D06Ejr//z19IM0AADxQIVISbjwKIXMgvzwKIXMvajwKIXM+cDwKIXNNnzwKIXNc5DwMIW9sPzwNIWZ7qTwNIVmLHDwKIUqalTwEITmqDjv/ISm5izwWISvJXDxcIU3Z0DzrIZ3rUz51Io3//z6pMGwAAD4DMIITcD21MJEh/D2zMJEwST2zMJE/FT2zMJFOHz2zMJFdSz2zMJFsjD2zMJF72j2zMJGLMD2zMJGajD2zMJGp7j2zMI+5Wj3QMKXJHz4dMOLZhz6yMVvq/0BGMqb//0A4QDgAAEAWQBYUbkADQAMjUz/+P/4xgj/+P/4//j/+P/5O1T/+P/5d3z/+P/5tBz/+P/58Qj/+P/6Lij/+P/6a2z/+P/6qMkAAP/+5kUAfQB7JR0BvQG/ZnUEKQQrrAUKmQqb//0IwUBcAAEJ/T9gVWkK5T60kmELlT5EzCELqT49BL0LqT49PxkLqT49eokLqT49tqkLqT498zELqT4+MAULqT4+bQ0LqT4+qj0LqT5C55kMET7LJm0NMUArZ9UPcULjrXUVtUo///0SSX/8AAEU9X7MWM0XBX3glxkY1X0g0gEZrXzRCqkZrXzRQ8kZrXzRfl0ZqXzRud0ZmXzR9gEZgXzSMpkZVXzOb5kZHXzCrOkY1Xyy6oUY9X0zKYUZzX6rawUbyYGnsKUhzYnj//0dab+wAAEhOb5oW+kkTb1Ym3EnMbxg13UpYbuxESEosbvdSKkohbvdgsEoTbvZvgkoBbvR+h0nsbvGNsUnTbuyc9km2buWsUkmWbt27wUmObvvLhUm1b13b40olcCvtQUuVcmv//0qDf9wAAEuuf4gXr0ypfz8n3E2hfvg3IU52fr1FyU3BfuVTAk2wfuJhlk2bft5wdk2Bfth/i01jftCOxE1BfseeGU0bfrutgkzwfq68/UzefsnMxkz3fy3dIk1agAbuc065gmv//04Fj88AAE9Zj3oYVlCBjy8oyFGujuE4TVLBjpxHMFEsjvJTV1EXjuxiFlD+juRxHFDgjtqAUVC9js+Pp1CVjsGfFVBpjrCulVA4jp++JFAcjrXN+FAsjxfeU1CDj/bvmVHPknT//1HWn8IAAFNJn28Y8VSVnyMppFXuntI5ZFc2noVIf1SrnwdTW1RXnwtiHlQ7nwBxXFQbnvSAwVP1nuWQQFPLntOf0VObnr+vb1Nnnqm/GVNEnrnO/FNKnxbfXFOWn/bwl1TOon///1Xvr7cAAFd4r2UZhVjfrxkqclpdrsY6alvQrnVJuVi+rwlTnldxrzlholdVry1xLFc0rx6AzlcOrwyQgFbhrvigPlawruGwA1Z6rsi/zlZSrs/PxlZQryTgK1aQr/3xWleusoP//1pIv60AAFvev14aBF1cvxIrM173vr47X2CPvmpK4F0WvwpT41prv3Rgm1pOv2ZwhFotv1aAcloHv0KQY1navyygVlmpvxKwSVlyvvXAO1lFvvPQS1k4vzrgt1ltwAfx21ptwnb//17pz8UAAGCIz3kaiGIVzy4r8GPJzto8U2V/zoRMBGG8zypUP11Uz9hfCl05z8lvb10Yz7d/vVzxz6OP/FzGz4ugL1yWz3CwWlxez1LAfVwczyDQiFwFz1Tg/Vwq0AzyE10J0lL//2PX4BwAAGV/39IbIGcW34gssmjb3zQ9Smqq3t1NL2a034ZUuGFp4FJeLmAj4HBt8GAC4F5+tV/c4EmPU1+y4DCf1l+D4BSwRV9N3/XAo18S39PQ9F63323g+V7I4AbyAF+B4g///2kf8NoAAGrF8JMbmWxp8Eotg2497/Y+U3Ai755OcGwJ8EhVXGaI8RdeGmMc8YNsB2L+8XB9Y2LY8VuOd2Ku8UKfW2J/8SWwHGJN8QXAwmIT8OPRU2HU8L3h02FL7/LxoWHV8af//28a//8AAHC///8cQXJt//8uiHRQ//8/p3ZI//9QCXIW//9WcWxy//9elGZ9//9p+mZf//98HmY9//+N0GYW//+fN2Xo//+wZ2W0///Bb2V8///SWWVA///jKWT////z5WQF/////0teBD8AAE2EAAANU01JAAAfWEzzAAAwKkyJAABAe0wUAABQeUudAABgOEsrAABvy0rCAAB/PEplAACOmEoTAACd50nNAACtLkmSAAC8dEmDAADMEkm0AADcVkpCAADtsUv+AAD//0vKErAAAEoXFIkSK0ptFB4gR0puFAgvbkpsE+k+z0pmE8NOTEpcE5Zd1EpNE2RtYEo6EzB860ojEvuMcUoKEsab8EnwEpOra0nYEmO64knjEkPKrUopEjvbF0rGElbsk0yOEt///0xzIVwAAEsQIjcS3kqHIo4hU0qHIo4v0EqJIow+vEqOIoZN4UqUInxdKUqaIm5siUqdIlt7+EqdIkWLcUqaIiya70qVIhGqbkqOIfe570qoIfDJxUr7IgfaO0ujIk/rv012Izj//01oMMYAAExwMRkTuUvnMUsicEvTMVMwrUvTMVM/X0vTMVNOWUvTMVNdekvTMVNss0vTMVN7+0vTMVOLTEvTMVKaqEvTMU2qD0vUMUa5gUv2MVbJS0xQMY3ZuE0AMgDrM07bM0b//06sQHUAAE4lQH4UnE3NQIcjoU2lQI0x402lQI1AR02lQI1PD02lQI1eDk2lQI1tLk2lQI18Y02lQI2Lpk2lQI2a9E2lQI2qSE2mQI65pU3KQK3JWE4oQP3ZrE7cQZfrDlC8QzH//1BDUEQAAFAkUCQVeVAOUA4kzlAAUAAzU0/+T/5Bd0/+T/5P/k/+T/5e0E/+T/5t0E/+T/587U/+T/6MHk/+T/6bXE/+T/6qpVAAUAC5+FAjUCPJn1CBUIHZ5FE2UTbrMVMXUxf//1IzYCEAAFJsX+sWSFKZX8El61LDX540tlLcX41C8FLcX41RKVLcX41fxVLdX41unFLdX419m1LdX42MtFLdX42b4FLdX42rGlLeX4+6YFMBX7bJ+lNdYB/aLVQSYOvrZFXvYwj//1R6cAgAAFT9b8UXB1Vob44m9lXQb1s2BVYjbzdEfFY5by5SkVY5by5g7FY5by5vlFY5by5+b1Y5by6NbFY5by6cgVY5by6rqlY2by+651ZRb1jKe1ahb8baq1dGcKHr3lkQcu7//1cXf/MAAFfWf6sXuVh5f2wn71kbfy43PlmqfvpF8FoFftxULln6ft9iPVn1ft9wtVntfuB/cFnkfuCOWlnYft+dZ1nJft6skVm4ft2701nDfwTLaFoCf3Xbk1qVgFzsuFxJgs7//1oIj+IAAFr2j5cYXVvIj1Mo11ygjw04Y11ojs9HTl4Hjp9VwV2rjrVjWF2fjrRxxl2PjrOAfV19jrGPaV1ojq2eel1Pjqmtql00jqS8810yjsfMiV1ijzfcrF3mkCTtvl+Bkq///11Gn9MAAF5an4cY9V9Un0Epr2BanvY5dWFVnq9IlmIwnnRXPGE3nqxkEGEnnqlykGESnqWBWWD6np+QVWDfnpmfd2DAnpCutmCenoi+DWCSnqTNqGC0nw/dxWEon/zuxGKoopH//2DNr8UAAGIAr3oZimMZrzIqe2RHruQ6eGVvrplJy2Z+rlRYoWSprrlkXmSMrrVy+2R1rq+B5WRarqaRAGQ7rpygPWQXrpGvlWPxroS/AWPcrpjOpWPyrvnewGRVr9/vq2W2sm///2SXv7oAAGXev3AaBmcUvygrOmhkvtg7ammzvohK72rvvj5Z82iOvrpk0mfRvtVy/Ge4vsyCF2ebvsGRXGd6vrSgvmdVvqawNmcqvpS/vmcNvp7PcWcWvvHfiWdov8nwYWikwkD//2ivz88AAGoHz4YaimtSzz8r9Gy+zu48Wm4vzpxMD2+Szk1bQmy8ztplUGsHzyFynWruzxaB+mrQzwmRd2qtzvuhCWqHzuqwq2pcztfAWWokzrHP/mofzvDgGGpfz7Lw22tx0f///20c4CEAAG6D39obI2/c35MstXFg30I9T3Lu3u5NN3Rz3pxcmXE+3zVl6G4/37Rx424l36iBlW4H35qRWW3k34mhKG2833axAG2R32HA3W1h30rQvm0N3vLgZG0335TxEW4a4aP//3Hq8NgAAHNV8JMbl3TC8EwthHZY7/w+VXgA76ZOdHmj71FeCXYj7/JmqnHA8KpxCnFw8KWA8nFR8JaREHEu8IShK3EH8HCxRnDd8FnBX3Cr8EDRdnB38CXhi2/x72vxAXCf8SX//3d3//8AAHjo//8cPXpi//8uhHwL//8/pH3K//9QB3+I//9f4HvM//9n7ncQ//9xqXUw//+AbXUR//+RBXTu//+hi3TH//+yAnSd///Cb3Rs///S03Q3///jL3P////zhXMA/////1qVBjAAAF0lAAALf1z0AAAeh1yrAAAvv1xMAABAWVvfAABQlVtpAABgjlryAABwUVp+AAB/7FoSAACPaFmvAACezllWAACuJFkIAAC9dFjtAADNFVkdAADdWVm4AADusFu1AAD//1rtE+kAAFkyFiYSwFnUFUIgclnOFSovulnFFQk/NFm4FN9OwlmmFK5eWVmPFHdt8Vl1FDx9hllXE/+NFVk2E8GcnVkUE4SsHlj0E0q7mlj9Ex/LZ1lKEw3b01n8Ex3tTVwKE57//1t7IhQAAFn9Iz4TT1k0I9oh+1lJI8cwR1lPI70/JllXI69OSFleI5xdkVlkI4Vs81lnI2l8ZllmI0qL4VliIymbYllbIwWq5VlSIuG6a1lwItDKQ1nOIt/au1qPIx3sQFyqI////1xLMTwAAFshMcsUCFpoMiYi7FowMkQxK1owMkQ/vFowMkROolowMkRdtVowMkRs5FowMkN8JlozMj+LeVo1Mjea21o3MiuqSFo5Mh65v1phMifJjVrJMlfZ/VuUMsTrel22NAP//11cQMcAAFyQQP0U0lwDQSQj+VutQT8yW1usQUBAo1usQUBPV1usQUBeSFusQUBtX1usQUB8jFusQUCLylusQUCbE1usQUCqZFutQUG5vlvXQWDJb1xBQa3ZxF0QQkPrJ180Q9r//16xUH8AAF5BUIEVnV3tUIMlDF2sUIczq12bUIpB0V2bUIpQRl2bUIpfCl2bUIpuAV2bUIp9Fl2bUIqMQV2bUIqbe12bUIqqwV2dUIu6EF3FUK/JtV4vUQzZ9l79UcDrPWEgU6H//2BPYE8AAGAyYDIWYGAaYBomF2AIYAg09l/+X/5DQ1/+X/5RcF/+X/5f/l/+X/5uzF/+X/59xF/+X/6M2F/+X/6b/1/+X/6rNmAAYAC6eWAnYCfKD2CPYI/aPmFaYVrrb2N4Y3f//2I4cC0AAGJib/0XGmKFb9QnFmKob682NGLHb5REumLTb4xS1mLTb4xhJWLTb4xvxGLTb4x+mGLTb4yNj2LTb4ycoWLTb4yrxWLVb426+WL6b7fKfWNfcCjal2QncQbrq2Y8c1f//2RsgBIAAGTTf9cXyGUrf6QoB2WFf3E3YmXWf0ZGIGYOfyxUamYVfypigGYVfypw6GYVfyp/kmYVfyqOaWYVfyqdYGYVfyqsbmYWfyu7kWY6f1bLAWabf8zbAGddgLrr9WlhgzL//2brj/wAAGeEj7sYZ2gLj4Eo6WiYj0Q4fmkdjw5Hc2mKjuRV72m+jtJkDmm9jtJyOmm9jtKAtGm7jtOPZmm4jtOeQmmzjtOtPWmtjtW8VGnEjv7LuWoUj3bbrWrBkGrsj2ynkvv//2myn+kAAGp0n6UY+msln2YpvWvgnyM5i2yVnuRIs202nq5XYW2rnoplrm2CnpRzg216npSB4G1wnpWQgG1jnpSfUG1VnpOuR21FnpO9XW1NnrjMvG2MnyvcoW4moCHtam/qorz//2y+r9gAAG2ir5MZkW52r1Iqh29arws6iHA9rsVJ4nENroZYv3G6rlRnOHEornd0f3EarnaC3HEKrnSRf3D4rnKgVXDjrm6vUnDMrmu+b3DIrojNzHD2rvLdpHF8r+HuUXMasnb//3AMv8sAAHEKv4YaCHH9v0MrQ3MGvvk7eXQQvq5LAXUNvmhaC3Xsvi1or3SuvnV1HnSdvnKDjnSKvm6SQ3RzvmihK3RZvmKwOXQ9vlq/ZHQuvm3OxXRMvsjek3S7v6nvJXYvwiX//3Opz9wAAHS9z5gajXXIz1Qr+3bwzwg8ZHgfzrpMHnlDzm9bVHpOzixqI3iBzpB1yHgUzp+D/Xf+zpiS03flzpGh2XfJzoixA3epzn7ASHd8zmPPk3eJzqrfWHfhz3Pvznkk0cT//3ed4CgAAHjF3+QbIHnj36Est3sn31Q9Vnx03wRNQn283rVcp37v3mxro3yr3uR2i3uO3xWELXt23w2TNHtc3wOiZXs93vixtXsc3uvBHnr23t3QmXqs3pLf6Hrr3zvwQXv34Uz//3v48NUAAH0q8JQbk35f8FAthn+48AM+WIEi77FOeIKJ719eEYPg7xFtPIEz75l3dH8e7/eEKX8G7+2TcX7q7+Ki3H7L79WyYH6n78bB+H6C77bRnn5W76PhUH3X7vvwdX6l8Lb//4Eb//8AAIJX//8cOIOc//8uf4UM//8/oIaP//9QBYgU//9f34mM//9vSYaF//9444Mt//+EToMU//+T9YL3//+js4LX//+zhIK0///DYYKM///TSIJg///jN4Iy///zK4Ev//z//2nMCJIAAGzEAAAI/WybAAAddWxcAAAvJmwIAABACWukAABQgGs1AABgrmq/AABwompHAACAaWnTAACQCmlkAACfj2j9AACu/mifAAC+X2h6AADODWipAADeVmlSAADvr2uNAAD//2oWFVYAAGheF+ATSWlYFlUgZGlOFj0v3GlAFhs/d2ksFfFPIGkTFb9ey2j2FYZudGjUFUh+F2ivFQaNs2iHFMOdRmhdFH+s0Gg1FDy8VWg7FAnMKGiOE+7cl2lUE/XuEWumFHD//2qPIvQAAGkGJGQTvWgTJUIioWhSJQAws2hXJPI/kmhcJN5OuGhgJMVeBmhiJKdtbWhiJIV842heJF+MY2hXJDab6GhNJAurbmhBI9+692hhI8XK02jKI8zbTGmjJALs0GwEJNz//2tDMc8AAGn8MpgUWmkfMx8jbGiwM2Uxw2ixM2VALmiyM2RO/Gi1M2FeAWi5M1xtKmi/M1N8bmjFM0eLxWjKMzebK2jNMySqm2jPMxC6FWj9MxLJ5mlzMzvaWGpYM6Hr1GzBNNr//2wvQS4AAGs2QZEVDGqAQdkkWGn+QhEy3WnuQhlBE2nuQhlPr2nuQhlekGnuQhltmmnuQhl8v2nuQhmL9mnuQhmbOmnuQhmqhmnwQhi54GogQjLJlGqYQnvZ62uBQwzrT23rRJ7//21WUMsAAGysUO8VxmwoUQwlUWu6USc0DGuOUTNCP2uOUTNQnWuOUTNfUmuOUTNuPGuOUTN9SWuOUTSMbWuOUTSbomuOUTSq42uQUTW6L2u9UVjJz2wzUbXaC20ZUmnrS299VEj//265YIoAAG5aYIcWfm4MYIUmSm3GYIQ1P22ZYIdDoW2UYIhRxW2UYIhgRG2UYIhvB22UYIh99m2UYIiNA22UYIicJm2UYIirV22VYIm6l23BYLDKKW40YRfaU28WYeHrfXFxY/z//3BbcFsAAHBAcEAXLXAocCgnPHATcBM2a3ADcANFAm/+b/5TKm/+b/5ham/+b/5v/m/+b/5+ym/+b/6Nu2/+b/6cx2/+b/6r5nAAcAC7F3ApcCnKl3CYcJjarHF2cXXruXPDc8P//3I/gDgAAHJegA0X1HJ5f+coI3KWf8E3i3Kyf6JGV3LIf45Ur3LMf4tixHLMf4txInLMf4t/w3LMf4uOlHLMf4udhnLMf4uskHLOf4y7r3L0f7bLG3NegCvbFXQ1gRfsAXZxg4z//3RlkBwAAHS3j+cYdXUAj7go/nVNj4Y4n3WXj1pHnnXWjzdWJnX5jyZkUHX6jyZyc3X6jyaA5XX6jyaPkHX6jyaeZHX6jyatVnX7jye8YHYej1HLs3aCj8jbkHdQkL3sVHl2k0z//3bMoAQAAHdJn8sZAne7n5Qpz3g1n1s5pHitnyRI1nkZnvVXjHlrntRl4nmDnsxz8XmDnsyCL3mDnsyQsHmDnsyfYnmDnsyuOHmEns29K3mhnvTMZHn7n2ncIHq5oGHsvXy9ovz//3lzr/AAAHoUr7MZk3qrr3kqkntOrzk6nHvxrvtJ/nyJrsJY4n0KrpVnY31arnt1k31Orn6DkX1Jrn+R6n1Drn+gf307roCvQH0zroG+JX1BrqPNTX2GrxHc834rsATtbYADspn//3xZv+AAAH0Xv6EaC33Ov2QrTn6WvyA7iH9hvtxLGIAjvpxaJ4DQvmVo0oFXvjx3KoEGvlGEwID8vlCTC4DwvlChloDivk+wU4DSvk2/NoDSvmXOU4EEvsbd4oGQv6vuOYM2wij//3+Lz+wAAIBjz60akoE0z24sA4Idzyg8cIMNzt9ML4P1zplba4TMzlpqP4WDzid4v4S1zlmFs4SnzleUBYSXzlWimYSFzlKxYIRwzk7ATYRPzjzPS4RszojeyITdz1bu+oZM0af//4MV4DAAAIQC3/EbHYTq37Isu4Xx32k9X4cB3x5NTogO3tRct4kL3o5rt4nu3lJ6YIiY3qGGoYhZ3qiU2ohF3qSjhogw3p+yY4gX3pnBZof93pLQh4e93lTfiogQ3wHvl4lC4RH//4cH8NMAAIgD8JUbkIkD8FQtiYoi8As+XItQ771Ofox9729eGY2e7yVtSI6p7uJ8H4zf70aHu4wj72eVlIwP72GkZov271qzZ4vc71LCjIu+70nRzYue7z7hJYsm7qfwA4wT8GH//4vG//8AAIzP//8cMo3i//8ueo8Z//8/nJBj//9QApGv//9f3JLy//9vSJQh//9+WpHs//+JXZB0//+Wl5Be//+lqZBE//+05ZAo///EQpAJ///TuI/l///jQo/B///y3Y7A/5D//3kDC14AAHxhAAAF63w+AAAcG3wIAAAuXnu+AAA/kXtkAABQQ3r8AABgo3qKAABwxnoUAACAt3mdAACQgHkoAACgJ3i3AACvs3hOAAC/LXghAADO7HhRAADfQnkIAADwoXuAAAD//3lBFvIAAHeUGbYTyHjuF1cgF3jhF0Av0HjPFx8/lXi3FvZPXXiaFsRfInh3Foxu4HhPFk1+lXgjFgmOQXf0FcOd4nfEFXuteXeUFTS9CXeXFPrM5HfwFNndWHjKFNnu1XtdFU7//3mrI/oAAHggJaYUKHcTJsEjP3eNJjMxA3ePJiE/73ePJgpPIXePJe5eeHeMJcxt53eHJaV9ZXd/JXqM6ndzJUycdHdlJRqsAHdVJOi7jnd2JMjLbHfpJMfb53jZJPftant9Jcv//3pIMoEAAHjzM30UrXf7NDAj7HdUNKwya3djNKBArHdpNJlPaHdwNI9eZnd3NINtjXd/NHN80XeGNGCMKneLNEqbkneONDCrBHeRNBW6gXfDNBDKU3hFNDPaxHlENJLsP3vxNcb//3sZQawAAHoDQjoVS3kuQqUkvHiFQv4zY3hXQxdBmHhXQxdQGHhXQxde5nhXQxdt4nhXQxd8/HhXQxeMK3hYQxabanhbQxGquXhgQwu6F3iWQx/Jz3kdQ2LaJ3ogQ+7riXzNRXn//3wcUSkAAHtKUXAV83qhUaglnXoNUdw0dHm8UfxCwHm7UfxRBHm7Ufxfpnm7Ufxug3m7Ufx9hXm7UfyMoXm7Ufyb0Hm7UfyrC3m9Uf26U3nuUiDJ7npwUnzaJHtuUy/rXn4SVQr//31TYNIAAHzEYOsWnXxMYP8mg3vbYRQ1j3uJYSZECHt3YStSK3t4YStgmHt4YStvTnt4YSt+Mnt4YSuNN3t4YSucU3t4YSurgHt5YSy6vHupYVLKSXwnYbnabH0gYoLrjn+2ZJn//37BcJUAAH5vcI8XRH4pcIonZn3kcIY2qX2scIVFUn2OcIZTjH2OcIZhvX2OcIZwRH2OcIZ/BX2OcIaN7n2OcIac9H2OcIasD32QcIi7O328cLDKt342cR7axX8ocfrryoGtdEL//4BngGcAAIBNgE0X44A2gDYoQ4AfgB83u4AMgAxGloABgAFU/X/+f/5jFX/+f/5xZn/+f/5//n/+f/6Ox3/+f/6ds3/+f/6suIAAgAC704ApgCnLOoCdgJ3bLoGGgYbsEoP1g/X//4JHkEMAAIJfkB0YfoJ0j/kpGIKKj9Q4xIKhj7JH0IK3j5hWZILGj4tkm4LHj4pytoLHj4qBH4LHj4qPw4LHj4qekYLHj4qtfoLIj4u8hILtj7TL0oNZkCnbqIQ4kRvsZYaMk6T//4RioCYAAISkn/cZDIThn8sp4IUjn5s5woVln25I/oWin0dXv4XSnyxmH4XlnyN0M4XlnyOCaIXlnyOQ44XlnyOfj4XlnyOuYIXmnyS9T4YGn0rMgYZon73cNIc6oLLsw4lto0b//4a3sA4AAIcer9kZlod/r6cqoIfqr3A6tIhVrzpKHoi6rwlZCokRruFnlIlMrsl1zYlUrsaD2olUrsaSJolUrsagrYlUrsavYIlVrse+NIlvrufNR4nGr1Tc0oqHsEXtLYyUstP//4lGv/kAAInMv8IaEIpOv4wrV4rdv087motvvxJLMov8vtlaSYx7vqdo+4zhvoJ3Wo0SvnGFdI0RvnKTjo0QvnKh7I0OvnKwfY0KvnO/No0ZvovOKo1cvuzdjo4Cv9HtuI/Ywkn//4wd0AAAAIy/z8Yal41dz40sDo4Nz008f47DzwtMQ491zstbhZAbzpFqX5CrzmJ45ZERzkKHJJDqzkyU85DjzkyjOZDazk2xuZDRzk3AZ5C9zkDPLZDozo/ecZFvz17ua5MH0ar//49K4DsAAJAD4AAbGZC538YswJGI34M9aZJf3z1NXJM13vhcyZQA3rdrzpS33n96fJVM3lSI4pTL3nSWOZTA3nOkfZSz3nKy/5Sk3nHBsZSU3nDQipRg3jzfUJTF3urvHJYY4Pb//5Lf8NAAAJOp8JYbi5R58FktipVh8BU+YJZX78xOhZdO74NeI5g87z1tVpkY7v58MJnX7smKwZjg7wSXgZi77wilv5ir7wW0UpiY7wLDF5iE7v7SApht7vrhDZgA7nTvsJkI8Cn//5dC//8AAJgc//8cK5j///8uc5oC//8/l5sV//9P/pwq//9f2Z06//9vR546//9+Wp8g//+NIp29//+ZWp1A//+nY50t//+2IJ0Z///FDZ0B///UIJzo///jUZzL///ynJvU/z3//4g5DjwAAIv+AAACUovgAAAabYuwAAAtaItvAAA+84sdAABP4oq9AABgc4pSAABwwongAACA3YlqAACQzIjyAACgl4h9AACwQ4gNAAC/2IfbAADPrYgOAADgFIjUAADxfYuIAAD//4hwGLcAAIbPG6UUPoiPGEkfh4iBGDMvk4hsGBQ/jIhRF+1PeIgwF71fWogJF4ZvMIfdF0h++4esFwWOuYd4Fr6ebIdBFnSuEocLFiu9r4cNFezNlYdsFcbeEYhZFcPvkYsrFjL//4jMJSYAAIdHJwUUjYYoKFYj14brJ1wxMIbpJ0lAMoblJzBPdYbgJxFe3IbZJu1uV4bOJsN934bBJpWNboaxJmOc/4adJi6skoaJJfe8JYaqJdHMCYclJcvchogqJfXuCYsPJsT//4lYM1AAAIf8NHoVAIbyNVkka4YiNgkzEoZSNdtBI4ZYNdBP2YZeNcJe1YZlNbFt/YZrNZx9Q4ZxNYOMnoZ0NWecCIZ2NUirfIZ3NSe6+4asNR3Kz4c5NTnbQIhPNZPsuIs+NsD//4oSQkIAAIjqQvgVi4gAQ4UlIYc1RAIz7IbaRDxCMobaRDxQkobbRDxfSYbcRDpuNobgRDd9R4bkRDGMc4bqRCmbtIbwRB6rBob3RBG6Z4czRCDKH4fHRFzad4jjROPr1ovRRmj//4r6UZoAAIoLUgIWJIlHUlYl7IiTUqY04YgbUt5DSogPUuRRfYgPUuRgCYgPUuRu1YgPUuR9zIgPUuSM34gPUuScBYgPUuSrO4gRUuW6fohGUwjKE4jVU2HaRonsVA/rfYzOVeT//4wPYSoAAItbYV0WworCYYkmwIovYbQ15Ym7YdlEdomSYehSoYmSYehg+omSYehvoImSYeh+eImSYeiNdImSYeiciYmSYeirr4mUYem65onHYg/KbYpQYnTaioteYzzroo4uZU///41UcNsAAIzYcOsXYYxscPknlowAcQg27IujcRdFqotqcSNT+ItlcSRiHYtlcSRwlYtlcSR/SotlcSSOK4tlcSSdKYtlcSSsPotncSa7ZYuXcU3K24wacbra4o0gcpPr3o/bdNb//47KgKAAAI6DgJgX+I5CgJEoaI4AgIo38I3FgIZG3I2ZgIRVU42KgIVjc42KgIVxto2KgIWAQ42KgIWPA42KgIWd6I2KgIWs542LgIa7/Y23gK/LXo4zgSDbS48vggfsJZHPhG///5BzkHMAAJBbkFsYipBEkEQpMpAtkC047pAYkBhICJAIkAhWqo//j/9k7o/+j/5zBY/+j/6BY4/+j/6P/o/+j/6exY/+j/6trJAAkAC8rpAnkCfL9pCakJrbxZGJkYnseJQJlAn//5JQoE8AAJJioCwZGpJyoAop9pKEn+Y545KWn8RJK5Kpn6ZX95K6n5FmY5LCn4l0gZLCn4mCrJLCn4mRHZLCn4mfw5LDn4mujpLEn4q9eJLln6/MpZNOoB/cUZQtoRDs1paHo5v//5RisDEAAJSYsAYZm5TMr90qsZUFr7A6zpU+r4NKQpV2r1pZOZWorzlnzJXMryV2D5XUryGEHJXUryGSYJXUryGg4ZXUryGvjpXUryG+XZXvr0DNa5ZLr6rc75cXsJbtQJlGsxv//5apwBgAAJb/v+kaFpdTv7orY5ewv4U7sJgPv1FLUJhsvx9ab5jBvvRpKZkHvtN3kJkuvsOFs5kwvsKTyJkwvsKiIJkwvsKwq5kvvsK/XZlCvtnOSJmOvzbdnppFwBbttpxAwoL//5kz0BcAAJmlz+QanpoWz7IsGJqUz3g8kZsWzz1MW5uXzwRbo5wRztBqhJx7zqV5EZzJzoiHV5zizn+VY5zizn+jkJzjzn+x+Jzjzn/AjpzaznXPPJ0UzsDeYZ2wz4vuOJ9t0cz//5wP4EcAAJya4BMbFZ0j390sxp3A36A9dZ5k32BNa58H3yFc35+k3uZr6aAy3rN6nKCn3oqJCKDx3nOXNqDj3nelLqDe3nezeKDZ3njB96DT3nnQn6Cr3k7fPqEh3vnu2aKT4Pv//59R8MwAAJ/v8Jcbh6CS8GAtiKFK8CA+ZqIM79xOjqLQ75leMKOO71htZqQ/7x18RKTa7uyK2KVR7siZLqUH7tum0KT+7tu1E6T07tvDj6Tp7tvSOKTc7tvhB6R77mXvfqWa8BH//6Ng//8AAKQQ//8cI6TH//8ubKWa//8/kaZ6//9P+6dc//9f1ag7//9vRKkO//9+WqnN//+NI6pu//+brKnB//+o3amr//+3KKmd///FuqmO///Ue6l9///jYqlq///yaKh//wr//5dwERoAAJszAdIAAJuAAAAYWptWAAAsQJsbAAA+MprRAABPYZp5AABgJJoWAABwnpmpAACA4Jk2AACQ9Ji/AACg4ZhIAACwrZfUAADAYJehAADQTpfZAADgx5iwAADyPpugAAD//5egGqAAAJYMHaoUq5g2GSwer5gmGRgvJJgQGPs/Wpf0GNZPcZfQGKpfc5enGHRvZJd4GDl/RpdEF/ePGpcMF7Ce35bRF2iulpaWFxu+RJaWFtzONpb8FrPeu5f7FqzwQZsKFxn//5fxJnUAAJZ0KH0U75VLKf8kaJZhKHkxM5ZcKGVAVZZVKExPsJZLKC1fK5Y/KAhutpYwJ91+S5YeJ62N5pYJJ3mdgpXwJ0CtHZXXJwa8uZX4Jt3MopZ7JtPdIpeUJvjupZq2J8P//5hvNDwAAJcSNZAVUpX8Npck55UNN3gztZVuNxRBh5VyNwZQP5V3NvVfP5V7NuBubJV+Nsd9t5WBNqqNFpWBNoqchJWANmar/ZV+NkG7f5W1NjHLVJZMNknbw5d3Np3tOJqkN8T//5kXQvAAAJflQ8oVzJbqRHklh5YGRRo0dZV4RYBC25WDRXdRFpWIRXJfu5WORWtunZWVRWJ9qZWcRVeM1JWjRUmcFZWqRTmrZ5WzRSe6yZXzRS/KgpaSRWba15fFRebsMZrxR2X//5noUh4AAJjnUqUWVpgOUxUmPZc/U4I1UpalU9ZD15Z/U+xSBpZ/U+xgepZ/U+xvNJZ/U+x+HZZ/U+yNJZZ/U+ycQ5Z/U+urcpaDU+q6spa/VAfKSZdbVFvaepiKVQPrr5uoVtD//5riYZEAAJoUYd8W55liYiInAJixYmU2P5geYqBE6ZfUYsBTKZfUYsBhaZfUYsBv/pfUYsB+yZfUYsCNupfUYsCcxpfUYsCr5pfWYsG7F5gMYubKl5ifY0raq5nCZBDruZzJZh///5wGcS0AAJtrcVMXe5rhcXUnyZpUcZg3NJnXcbpGB5mBcdRUaplxcdlii5lxcdlw8plxcdl/mplxcdmOcJlxcdmdZplxcdmsdJlzcdu7lpmlcgHLBZoxcmzbBJtKc0Pr9Z44dYD//51WgOQAAJzrgO4YEpyJgPcoj5wjgQI4KpvFgQ1HKJt6gRhVsZtXgR9j4JtXgR9yEptXgR+AkptXgR+PSJtXgR+eJJtXgR+tHZtYgSG8LZuHgUjLiJwKgbfbbJ0XgpvsPJ/nhPv//57TkKwAAJ6VkKMYmZ5akJopUp4bkJE5HJ3gkIlIRZ2ukIVW9p2NkIRlSZ2GkIRzYJ2GkISBsp2GkISQQ52GkISfAp2GkISt4p2HkIW83p2wkKvMIJ4qkRzb5p8pkgfsjqHTlH7//6B/oH8AAKBooGgZKqBSoFIqEKA7oDs6CaAkoCRJXKARoBFYNaAEoARmrp//n/902J//n/+C+Z//n/+RYZ//n/+f/5//n/+uxKAAoAC9qKAioCLMz6CQoJDccqF9oX3s7KP8o/z//6JasFoAAKJnsDoZoaJzsBsqxaKBr/g67KKPr9VKbKKfr7ZZbaKur51oCqK7r412WKK/r4mEaKK/r4mSo6K/r4mhHKK/r4mvwqLAr4m+jaLbr6bNlKM6sA3dD6QSsPTtVqZgs2z//6RlwDwAAKSSwBUaHqS9v+8rcqTuv8M7yaUhv5hLcaVTv25amqWCv0ppXaWrvy93zaXEvyCF+aXGvx+UCqXGvx+iWqXGvx+w36XGvx+/jaXYvzTOcKYnv43dv6bmwGjty6j6wsf//6at0DMAAKb20Acap6c+z9wsIKeQz6o8oqflz3dMdag5z0VbxaiKzxhqrajRzvN5QqkJztiHj6kfzs+Voakfzs+jx6kfzs+yKKkfzs/AuKkYzsbPZKlTzw7egKn2z9LuTKvJ0gX//6lC4FYAAKmk4CgbEqoH3/gszqp238I9f6rs34lNfqth31Fc96vT3xxsB6w73u16wKyU3smJMqzO3rKXZqzY3q+lcqzY3q+zsKzY3q/CIqzY3q/Qvay73orfVK093y/u2K7H4SL//6w78MkAAKyx8Jkbgq0s8Gcth6248C0+a65M7+9OmK7h77FePa9z73Ztd6/870B8WrB17xOK87DV7vGZTLEF7uGnb7EC7uK1iLEB7uLD3rD+7uPSY7D77uPhDrCq7n3vcrHd8Bv//6/7//8AALCF//8cGrEV//8uZbG7//8/i7Jr//9P9LMf//9f0bPR//9vQbR6//9+WLUV//+NJLWY//+brrX1//+qAbXO//+35bXI///GN7XA///UvbW4///jbrWu///yQbTV/vf//6anE/cAAKnyBmsAAKsfAAAVyKr5AAAq4arFAAA9TKqCAABOwaoxAABft6nUAABwXKltAACAxKj/AACQ+6iLAAChCqgVAACw9qegAADAxqduAADQzaesAADhW6iWAADy4au/AAD//6bRHKcAAKVMH8MVEqfhGgMdiKfRGe8ugKe6GdU+/6ecGbNPR6d5GYdfbadOGVZvfKcdGR1/d6bnGN2PYaasGJmfOqZtGFCvBaYuGAa+w6YvF8XOxKaaF53fU6etF5Pw36r1GAH//6caJ+QAAKWnKg8VS6R4K7sk8aXoKYsxC6XhKXdAVaXXKV5Pz6XKKT9fYaW6KRlvAKWnKO5+pqWQKL6OTqV2KImd9qVZKFCtnaU8KBS9Q6VcJ+jNM6XlJ9vdt6cSJ/3vOqpuKMX//6eLNUUAAKYyNr0VoaUUN+olX6QPOPk0VKStOEdB0qSvODdQlKSwOCNfnqSxOAxu06SyN/B+JqSwN9GNjKStN66dAKSoN4esfaSjN168BKTaN0rL26V5N13cS6a4N6ztu6ofOM///6gkQ7UAAKbuRLAWDaXoRYAl7aTvRkQ0/aQ5RtZDg6RfRrRRlKRlRqxgL6RsRqFvDKRzRpR+F6R7RoSNQaSCRnGcg6SJRlyr1qSQRkW7OqTTRkjK86V8RnrbRabDRvXsmaopSGz//6jiUrUAAKfWU1oWiabtU+YmkaYJVHA1w6VRVOFEZaUEVRNSoqUEVRNg+qUEVRNvoKUFVRJ+eaUHVRCNdqULVQycj6UQVQervaUXVQC6/qVZVRfKlKYAVWTaw6dFVgbr8aqcV8r//6nGYggAAKjmYnAXEagfYsonQ6dXYyY2naapY3hFYKY8Y65Tt6YzY7Nh6KYzY7NwaKYzY7N/JKYzY7OOCaYzY7OdDKYzY7OsJKY1Y7S7TqZuY9jKx6cJZDra0qhAZP7r06t9ZwX//6rQcY0AAKodcckXmql6cf8n/qjTcjc3gKg6cmxGaafHcpZU4aejcqVjCKejcqVxW6ejcqV/9aejcqWOv6ejcqWdrKejcqWssqelcqe7zafacszLNahuczXbKqmZdAnsD6y3dj7//6wBgTMAAKt6gU8YJar8gWoouqp4gYY4aKn7gaJHeKmUgbtWE6lZgc1kVKlVgc5yeqlVgc6A7KlVgc6PlqlVgc6eaalVgc6tW6lXgc+8ZKmHgfXLt6oSgmLbkqsvg0HsVq4qhZj//61akO4AAKz8kPQYrayjkPkpdKxEkQA5T6vnkQdIh6uXkRBXSKtckRhlq6tKkRtzxqtKkRuCCqtKkRuQkKtKkRufRqtKkRuuH6tMkR29Fat2kUHMT6v2ka7cDK0CkpXsqK/UlQH//67doLcAAK6loK0ZM65voKMqKq40oJk6Ma36oI9Jk63GoIhYea2coIRm/62FoIN1N62DoIODUK2DoIORrq2DoIOgQq2DoIOvAK2EoIS9362noKXM/a4aoRDcl68SofftBbG1pGr//7CLsIsAALB1sHUZqrBgsGAq3bBJsEk7DrAxsDFKmbAdsB1ZpbAMsAxoT7ACsAJ2p6//r/+Ev6//r/+S76//r/+hX6//r/+v/6//r/++w7AasBrNwrB9sH3dNLFfsV/tb7PJs8n//7JkwGYAALJuwEkaKbJ3wCsrhbKBwAk747KMv+dLl7KYv8daybKlv6tplrKxv5Z4EbK7v4qGRrK8v4iUVbK8v4iinbK8v4ixG7K8v4i/wrLOv5vOnrMev/Dd5LPlwMTt5LYQwxX//7Rz0FMAALSZ0C8arrS+0AssK7Toz+I8trUUz7dMkbVBz45b6rVtz2hq27WUz0l5eLW1zzOHzbXFzymV57XFzymkBLXFzymyX7XFzynA6bXAzyPPkrX6z2Xepbai0CPuZLiH0kb//7bK4GgAALcI4EAbDrdI4Bcs17eP3+g9jLfc37ZNk7go34VdEbhz31dsKLi43y966Lj13w+JYLkf3vqXmrkp3valp7kp3vaz3bkp3vbCSbkp3vbQ37kQ3tnfeLmU33bu77sq4Vj//7l/8MYAALnU8Jsbfror8G8thrqO8Ds+b7r48AROobtk781eS7vN75htirwx72h8cbyL7z+LD7zT7yCZbbz87xCnlbz+7w+1q7z+7w/D+rz+7w/SeLz+7w/hG7y47rnvhr328ET//7z1//8AAL1d//8cEb3K//8uXL5H//8/hb7N//9P7L9X//9fzb/e//9vPsBh//9+V8DZ//+NI8FA//+bsMGM//+qBMGm//+4KMGm///GYcGm///Uz8Gm///jZ8Gm///yIsDm/wf//7XkFtYAALjQC3MAALrDAAASibqhAAApR7pyAAA8Qbo1AABOB7nrAABfNLmVAABwA7k0AACAkbjLAACQ7LhbAAChHLfnAACxJ7dtAADBDrc+AADRLreEAADh0LiAAADzZLvhAAD//7YJHssAALSSIfAVcreTGs8cCLeDGr4tqbdsGqY+f7dPGoRO/bcrGlxfTLb/Gi1ve7bNGfd/kraWGbqPlLZaGXqfg7YZGTKvYrXSGOe/LbXSGKrPPLZFGH3f17doGHfxaLrpGOD//7ZLKXUAALTiK7oVo7OxLYsldLWBKpMwtrV4KoBAM7VsKmdP0bVcKklfgLVJKiNvNrUyKfl+77UYKcmOqLT7KZOeX7TaKVquE7SyKRy9v7TSKO/NuLVhKODeQLafKQDvxLoxKcX//7axNmwAALVeOAMV8LQ8OVIl1bMmOow077QMOXRCArQLOWNQ1bQKOU5f7bQIOTVvMLQEORh+jrP/OPeN/bP5ONGderPwOKis/7PhOHu8hrQYOGTMYbS9OHPc0LYOOL/uPbmpOdz//7c9RJQAALYHRa0WTrT5RpwmUrPwR4M1hbMcSD5EK7NrR/JSB7NwR+dgoLN2R9lvfbN8R8l+irOCR7aNtrOHR5+c+7OMR4asUrOMR2m7s7PQR2jLa7SBR5TburXbSArtB7l0SXr//7frU2MAALbXVCMWwrXkVMkm57TvVXA2N7QdVgFE97OjVlhTTbOrVlFhhbOvVk1wGbO0Vkh+57O6VkGN3rPBVjmc87PIVi6sILPMViG7XLQSVjLK8LTDVnnbG7YbVxTsQrmmWM///7i8YpMAALfPYxIXOrb5Y4QnirYeY/g2/rVYZGNF3LTMZLFUS7StZMRieLStZMRw4rStZMR/jrStZMSOZrStZMSdXrStZMSsbrSqZMK7jLTmZOTK/rWMZULbArbXZf7r/bpGZ/v//7mwcf4AALjqck8Xv7g1cpgoN7d3cuY30bbGcy9G0bY5c21VXrX3c4xjlbX3c4xx1LX3c4yAXbX3c4yPG7X3c4yd/bX3c4ys+7X0c4q8C7Yrc67LarbGdBXbVbgCdOXsLLtMdxL//7rHgZAAALopgb8YPbmWgeoo6Lj4ghg4qrhhgkZHzrfggnBWfbeLgo5k0Ld9gpNy8rd9gpOBU7d9gpOP8bd9gpOeurd9gpOto7d7gpK8oresgrbL7Lg9gyDbvblpg/zsc7yNhkj//7wCkTwAALuKkVIYxbsYkWYpmbqdkXw5hbokkZNIz7m4kapXoLllkb1mE7lBkcd0O7lBkceCcLlBkceQ6rlBkceflblBkceuZ7k/kca9UrlqkejMhLnuklLcNrsIkzTsxL3+lZT//71ioPoAAL0PoP0ZPry9oQAqR7xkoQM6XbwLoQdJzru5oQxYw7t1oRNnV7tJoRl1nbtCoRqDtLtCoRqSBrtCoRqgkbtCoRqvRrtBoRm+HLtloTjNMrvaoZ7cwbzeooDtIr+fpOb//77psMQAAL62sLoZtr6EsK8q8r5NsKM7Mr4UsJhKyb3gsI9Z472ysIhomL2RsIV2/r2CsISFIL2CsISTRb2CsIShrL2CsISwQ72BsIO/AL2csJzN974AsPrdXr7qsdbti8FvtDH//8CXwJcAAMCCwIIaNsBuwG4rm8BXwFc8AcA/wD9Lv8ApwCla/MAWwBZp1MAIwAh4WcAAwACGmb//v/+Uqb//v/+i57//v/+xXr//v/+//8APwA/O0sBfwF/eDcEswSzt/8Nsw2z//8J00HgAAMJ70F0aq8KC0EAsOMKJ0CA8zcKSz/9MssKbz95cE8Klz8FrDcKvz6h5ssK5z5eIEcK/z4+WNMLAz46kSsLAz46ynMLAz47BIMK9z4vPxcL2z8jezsOh0H7uf8WU0o///8ST4HwAAMSy4FsbDMTT4Dks4sT34BI9m8Ue3+hNp8VG379dL8Vt35lsTMWS33d7E8W031yJksXO30qX1MXW30Wl48XW30W0EcXW30XCdcXW30XRBMXD3zHfoMZI38XvCsfm4ZX//8cK8MIAAMdA8J4becd48Hcthce48Eo+c8f78BtOq8hB7+teW8iG771tn8jI75J8i8kE72+LLck271OZkclU70SnvslY70O10MlY70PEFslY70PSjMlY70PhKcke7v/voMpd8Hb//8o2//8AAMqA//8cB8rN//8uVMsn//8/fMuG//9P5Mvp//9fxcxK//9vOcyp//9+VM0B//+NI81O//+bsc2I//+qB82h//+4LM2h///GXM2h///UwM2h///jT82h///yAcz4/y///8XHGdQAAMhnECQAAMsRAAAOXMryAAAnkMrHAAA7R8qPAABNdcpLAABe68n6AABv9cmgAACAtsk8AACRP8jRAAChm8hgAACx0cfrAADB5scOAADRcsddAADiJ8hsAADzyMwBAAD//8XoISoAAMR9JFQV6ceeHJMbLMfdG6IsxsfGG4s+EMepG2tO2seFG0VfY8daGxlvwccoGuiAAcbwGqyQKcazGmygPMZxGiqwPMYrGeHAK8V+GYHPoMX3GVvgRMcsGVHx3MrfGbr//8YhK00AAMTCLakWE8OPL5omGcXFK70wYMW7K6pAJ8WtK5JP/MWbK3Vf18WGK1Bvs8VsKyZ/jsVPKvaPZsUuKsOfOsUKKomvCcTjKky+0sRWKfHOLsTrKeDevMY5Kf/wQMn8KsH//8Z7N+EAAMUuOZMWVcQJOwMmbcLmPGY1uMQdOs9CT8QaOr5RRMQWOqlgesQROo9v2MQKOnF/T8QCOk6O18P3OieeasPrOfyuBMPcOc69o8NqOXzM4MQUOYjdUMV1OdDuuclAOuj//8b2RccAAMXBRvwWq8SuSAcm3MOZSRE2PMKrSfRFC8MvSWxSrsMzSV9hVMM3SU9wQcM7STx/XsM/SSaOm8NCSQ2d78NESPGtVsNFSNK8ycLoSIrL5sOeSLLcMsUISSLtecjRSov//8ePVGkAAMZ5VUIXD8V8VgInYcR5VsY228OSV3ZFwcLyV/JUPMMRV9hiWsMXV9Fw7MMdV8h/vsMkV76OvMMsV7Kd2sMzV6OtEcM7V5K8XMLpV1TLWsOhV5bbgMULWCrsnsjDWdz//8hIY3gAAMdSZA8Xg8ZxZJcn9cWFZSQ3jsSrZahGkMQDZhFVIcPBZjtjYcPBZjtxvcPBZjuAYMPBZjuPM8PDZjqeK8PGZjetPcPJZjO8ZcN6Zf/LR8QpZlbbRsWHZwvsOMkjaPv//8kfcssAAMhMczAX9ceIc40ok8a3c/A4TsXwdE9HbsVLdKFWG8TodNRkb8ThdNhyp8ThdNiBJ8ThdNiP38ThdNiev8ThdNitvcThdNi80cSTdKjLpsUzdQzbhMZ9ddjsTMnvd/z//8oTgkcAAMlkgogYcMi+gsQpNsgLgwU5Fsddg0ZIVsbEg4FXIcZWg65lj8Y1g7xzu8Y1g7yCE8Y1g7yQq8Y1g7yfccY1g7yuWcY1g7y9W8Xvg4zMJ8aEg/Pb7Me9hMnsk8sFhwr//8slkd8AAMqYkgQY7MoSkicp28l/kk4538jtknVJQshokptYLMf9krtmt8fCks909sfAktCDJMfAktCRl8fAktCgP8fAktCvDsfAktC9+seCkqLMv8gKkwjcZskvk+Ts5MxEljf//8xVoYcAAMvroZgZW8uDoagqfssQobk6qcqcoctKLsovod5ZOMnSofBn4cmRof92O8mAogSEWsmAogSSpMmAogShKcmAogSv3MmAogS+sclNodvNbcnGoj3c8MrSoxjtQc2upW7//82lsTkAAM1asToZ0M0QsTsrG8y8sTs7bsxnsT1LFswWsT9aQcvOsUNpCMuWsUh3fst3sUyFsct2sUyT0ct2sUyiMct2sUywxMt2sUy/fstRsSzOMcu2sYXdjMynslntqs9CtKT//88UwO4AAM7mwOQaS864wNkrt86DwMw8Lc5NwMBL+c4ZwLRbRM3qwKtqKc3DwKV4vM2owKKHCc2gwKKVH82gwKKjVs2gwKKxxs2gwKLAYs2MwI/PDM3cwNreO86twZ/uHtD+w8z//9Ci0KMAANCP0I8aqtB70HwsR9Bl0GU859BN0E1M09A20DZcP9Ai0CJrQtAR0BF58dAF0AWIWc//z/+Whc//z/+kl8//z/+y4c//z//BXM//z//P/9A20Dbe+9Dj0OPundLg0uD//9KN4JQAANKS4HobCtKX4F8s6tKc4EA9rNKi4B9Nv9Kp3/9dTdKw3+FsctK438Z7QdLB37GJyNLJ36OYEdLN356mJdLN3560SdLN357CptLN357RLdLC35PfzdNG4B7vJ9To4dj//9TL8L8AANTm8KEbddUC8IEthtUh8Fs+edVD8DNOt9Vn8Atea9WK7+RttNWt78F8ptXN76OLTtXp74yZttX8736n6NYA73y1+NYA73zENdYA73zSo9YA73zhONXV70zvvNcT8K7//9et//8AANfc//8b/dgN//8uS9hG//8/b9iD//9P3NjC//9fvtkB//9vNNk///9+UNl5//+NINmt//+bsdnV//+qCdnq//+4MNnq///GVdnq///Ur9nq///jNNnq///x3Nle/1z//9bnHQ4AANlMFI0AANykAAAIeNyIAAAlxtxgAAA6e9wsAABNN9vsAABfE9uhAABwcNtMAACBe9rtAACSSdqGAACi5toYAACzW9mlAADDrdkvAADT4Nc1AADiYthVAAD0ENwaAAD//9cCI+AAANWhJxAWjNigH3MbTNl4HLMr69lhHJ491dlEHIJPC9khHF1f6Nj2HDJwjtjEHAGBD9iMG8yRcthOG5ChvtgMG0yx9dfEGwbCGNd4Gr/SKtWuGizgndbzGiPyOtrUGo///9cyLY4AANXbL/8Wr9SoMg4m/NdKLSkwI9c+LRdAVtcvLP9QftccLOJgntcELL9wuNbpLJWAy9bJLGeQ2NamLDOg39Z/K/uw3tZUK77A1tYnK33Qx9R/KtvfJ9XbKvnwrNnMK7f//9d8OcwAANY0O5cW59UMPScnRtPgPrE20dVwPIBC3tVrPG9SDtVlPFlhe9VdPD9xC9VTPCCAsdVHO/2QZtU5O9WgJdUpO6mv6dUWO3q/sdUBO0bPe9N8Oprdx9TqOt/vK9jhO/L//9fhR3oAANavSMkXMtWXSfEnptR2Sx43RdN0TChGT9Q4S05TtdQ6S0BigdQ8Sy5xlNQ+SxqA1tQ/SwKQONQ/SuefsdQ/SsivPNQ9Sqe+09Q6SoLOdNLRSdDcqdRISjzt6Ng6S5z//9hgVfkAANdGVusXkNZDV8UoG9U0WKc30NQ6WXZG79N6WhdVoNO8WdtjqtPCWdFyU9PIWcaBPtPPWbmQV9PWWamfk9PdWZeu6NPkWYO+UdPqWWzNytKZWLbb69QQWUXs/9fxWuz//9j3ZPEAANf7ZZ4X8NcPZj0on9YUZuQ4b9UoZ4JHpdRmaAdWatP6aFJk2dQBaE5zM9QEaEuB3tQIaEeQwNQNaEGfytQTaDuu89QaaDK+NNQhaCjNiNLhZ3LbmdRPaB/sgNgSagP//9mkdDIAANjHdKwYWtf1dR0pLtcVdZU5GtY7dgtIa9V/dnNXR9T+dr1lydTjds10FNTjds2CmdTjds2RWtTjds2gR9Tjds2vU9Tjds2+eNTjds3NsNOxdhnbudUJduDsctigePb//9pog58AANmqg/EY0Nj2hD8pwNgwhJM5zdduhOdJOda/hTVYL9Y3hXNmyNX8hZB1F9X8hZCDctX8hZCSEdX8hZCg4tX8hZCv19X8hZC+59X8hZDODtThhNncIdYkhavsttmLh9///9tAkyQAANqkk1gZNNoLk4oqUtljk8E6gdi7k/pKC9gflDBZHNedlF9nzddLlH92Mdc/lISEbNc/lISS5Nc/lIShlNc/lISwbtc/lIS/Z9c/lITOedZBk9DcmddulKXtB9qflun//9wuorMAANuxotEZnds1ou4q5Nqrow47M9ofoy9K3Nmao1BaCNkmo29o0tjQo4h3Tdito5OFh9ito5OT1Nito5OiX9ito5OxGtito5O/+Nito5PO89fSouvdJNjmo7/tZNvZpgT//90wskQAANzRslAaC9xxslwrctwGsmo74duXsnhLqdsssoda8NrLspdp1Np9sqV4ZtpNsrCGtdpGsrKU39pGsrKjQtpGsrKx2dpGsrLAmtpGsrLPetmVsh/dwNqLsuvtzN02tSL//95Hwc0AAN4Dwcwad92/wcsr991xwco8iN0gwclMbdzQwclb0NyHwcpqzdxIwc15d9wawdGH29wIwdOWBdwIwdOkO9wIwdOyrNwIwdPBTNwIwdPQD9uIwWLebdxcwh7uP964xDf//99y0UgAAN9I0T0awN8d0TIsed7r0SU9J9630RhNKd6E0Qtcpd5U0QBru94q0Pd6fN4I0PKI9d300PCXM93x0PClSt3x0PCzkt3x0PDCDd3x0PDQsN2s0K/fLd5Y0VLuvuBc0zn//+Cu4K4AAOCc4JwbCeCJ4Iks7+Bz4HM9vuBb4FtN2eBE4ERdb+Au4C5sm+Ab4Bt7cuAM4AyKAeAD4AOYUd//3/+mbd//3/+0iN//3//C29//3//RW9//3//f/+B/4H/vSOIi4iL//+K08L0AAOK38KUbcuK68Isth+K98G0+geLB8E1Ow+LF8C1efOLK8A5ty+LQ7/J8wuLX79qLb+Lf78iZ3uLl772oFeLn77u2JOLn77vEV+Ln77vSvOLn77vhSOLP76Lv3OQH8Ov//+VJ//8AAOVg//8b8uV5//8uQuWU//8/YuWy//9P0+XR//9ftuXx//9vLeYQ//9+SuYv//+NHeZL//+br+Zj//+qCuZw//+4M+Zx///GTuZx///UnOZx///jFuZx///xtOYK/47//+oyILEAAOxoGQoAAPBvAAABHfBUAAAj8PAvAAA6Bu//AABNiO/DAABf9u98AABxz+8qAACDSO7PAACUfe5sAAClfe4BAAC2Uu2QAADHAe0bAADXkeyjAADoA+g7AAD0POwrAAD//+pFJxkAAOjtKk4XcOvNItcbze1DHhMrM+0tHf89/e0QHeVPz+zrHcVhKOzAHZ5yPOyQHW2DIOxYHTeT4+waHP2kievVHL+1GOuMHH3FketAHDDV+erwG+PmT+a6GvDygerDG2D//+poMGkAAOkXMu4XkefhNRwoRer6LwUwIurtLvRA9OrcLt1RmOrILsFiJOqvLp5ynuqSLnaDDepwLkmTcepLLhWjy+ohLd20HenzLaHEZenDLWDUpOmPLR3k2+WEK+rxBumbLKn//+qdPGQAAOlYPksXxOguP/kohOb3Qas4b+jrPsJD5+jkPrBTd+jcPpljPejRPn9zIejFPl+DGei2PjyTHOilPhOjJ+iRPeezN+h7PbbDSehjPYHTXOhHPUrjbuRqO+rvkuiGPPf//+rkSe8AAOmxS1gYBOiVTJ4o1+dqTe040uZUTyBINedlTd5VYedkTc9kdOdkTbxzzedjTaaDVediTYyS/OdgTW+iuudcTU6yiedXTSvCZOdQTQTSSOdITNriM+OYS1TuU+etTKv//+s7WF4AAOogWWgYT+kVWl0pPOf6W105SubuXE5IvuYSXRRXwOaFXKVlw+aJXJl0o+aPXIyDx+aUXHyTG+aaXGqikuafXFWyJOakXD7ByuapXCTRgOasXAjhQuMpWmLtY+csW/7//+uiZ1EAAOqgaBQYp+mraMopsOikaYs50uemakZJWebLauhYbeY6a1ZnJuZUa0B1k+ZZazqEZuZfazOTduZmayqiseZuayCyDuZ1axTBhOZ9awfRD+aFavfgq+MsaTrs0ucQaw///+wUdpAAAOsudx0ZCupRd6IqKelheDI6Zeh1eL9KAuejeUBZKOcGeaJn8ebMecd2debMeceFFubMeceT+ObMecejCubNecayP+bPecXBkObSecLQ9ubWeb7gb+Opd/Lsp+dgeff//+yShfgAAOvJhlwZZesGhrsqp+owhyM6/ulah4xKseiWh+5Z7Of2iEBox+ebiHF3V+eViHSF0eeViHSUjueViHSjgOeViHSymueViHTB0ueViHTRIeeViHTgguSZhqDs3OgaiMX//+0YlXIAAOxulbUZv+vFlfcrKOsLlkA7l+pOlopLYumcltFasukElxBpoOiZlz94QOh8l0yGp+h8l0yVOuh8l0ykCOh8l0yzA+h8l0zCH+h8l0zRVuh8l0zgoeXBlXjtLekIl6r//+2npOsAAO0ZpRcaHeyMpUEroOvupXA8LetMpaFMD+qwpdFbdeompf5qdum5piR5J+mBpjmHlul/pjmV++l/pjmkoOl/pjmzd+l/pjnCdel/pjnRj+l/pjngwucSpHXtieoWpqf//+48tFgAAO3KtHAaf+1YtIgsGOzXtKM8vOxRtL9MtevOtNtcL+tWtPdrROrytRF6BuqutSSIhOqetSmW0eqetSmlSOqetSmz+OqetSnC0uqetSnRzeqetSng4+iMs4nt8etEtav//+7Xw60AAO6Aw7Yaye4ow78sge3Dw8o9Qe1Zw9VNUezxw+Fc3+yPw+1sBuw6w/p62ev5xAaJZuvXxA2XuOvWxA2l/+vWxA20g+vWxA3DNuvWxA3SD+vWxA3hBeouwqjuZOySxKv//+920uAAAO850t4bAu750tss7O6w0tg9uu5i0tZN3+4V0tNdgO3L0tJsuO2J0tN7m+1U0tWKNu0v0tiYlO0m0tmmxO0m0tm1F+0m0tnDoO0m0tnSUu0m0tnhJuv40cvu4u3+05r///AY4ecAAO/y4d0bOe/J4dEtPe+a4cQ+KO9o4bVOX+824aheEO8G4ZttWO7a4ZF8SO614YmK8O6Z4YSZWu6L4YOnj+6K4YO1s+6K4YPEDe6K4YPSle6K4YPhQ+3p4Orva++I4nP///C68LoAAPCp8Kkbb/CW8JYtivCA8IE+ivBp8GlOzfBR8FFejvA78Dtt4/An8Cd83/AW8BaLkvAJ8AmaBvAB8AGoRO//7/+2U+//7//Ee+//7//S1u//7//hWu//7//v//Eu8S7///MA//8AAPMC//8b6PME//8uOfMF//8/VPMH//9PxfMK//9fqvMN//9vI/MQ//9+Q/MV//+NGPMb//+brPMh//+qCPMm//+4NPMm///GRvMm///Uh/Mm///i9vMm///xifLu/8T/////JgcAAP//HtQAAP//CBMAAP//AAAjCf//AAA7k///AABQmP//AABkP///AAB3Lv//AACJqv//AACb2P//AACtyv//AAC/jP//AADRJf//AADim///AADz8f//AAD///wvAAD/////LD4AAP//L5MZj///KAwdtP//IOUr5f//INBAVP//ILVTZf//IJRl1f//IG136f//IEGJwf//IBCbb///H9es/P//H5O+bf//H03Px///HwThC///HrvyPP//Hm7///quHB3/////NXYAAP//OCEZpv//On4rS///M2MyW///MslD3v//MrJVk///MpRnF///MnF4f///MkmJ0///Mh2bFv//MeesTf//Ma69d///MXLOlf//MS7fqv//MOjwtP//MJ////loLY//////QYAAAP//Q4wZyv//RWYref//R0w8RP//Q3FHVP//Q15Xyv//Q0dobf//Qyx5Kf//QwuJ9f//Quaayv//Qr2rpP//Qo28gv//QlvNYP//QiTePv//QervGv//Qaz/9PgtPfb/////TzkAAP//UMUZ+///UjIrtv//U648iv//VRJMv///U0RZ+v//UzRpzv//UyB56f//UweKM///UuyanP//UsyrHP//Uqm7rP//UoPMR///Ulnc7P//Uivtlv//Ufv+RfcmTbj/////XeUAAP//Xw8aN///YCUsAP//YUs83///YmVNHv//Y1hc4///Yp9rNf//YpJ6v///YoKKkf//Ym+alv//YlqqwP//YkK7Bf//YifLXv//Ygrbyf//YersQP//Ycj8wvZxXQ7/////bRUAAP//bfQaff//bsYsUP//b6g9Pf//cIRNhf//cUldVP//cd5sw///cal7n///caGLCv//cZeatv//cYuqkv//cX26kv//cW7Krv//cVza4P//cUnrJP//cTP7d/YbbB7/////fIUAAP//fSkau///fcYspf//fnE9nv//fxxN8v//f7hdyf//gDhtPv//gH58af//gHqLg///gHea6///gHSqiP//gHC6Tv//gGrKNP//gGPaM///gFvqR///gFH6bPYvev7/////jAYAAP//jH4a9///jPIs+P//jXE9/v//jfJOXf//jmxePP//jtVtuf//jx185v//jyuL4///jyubGf//jyuqif//jyu6Jf//jyvJ4v//jyvZuf//jyvppP//jyv5n/atib3/////m3wAAP//m9EbNP//nCQtRP//nIA+WP//nN5OwP//nTpeqP//nY1uK///nc19XP//neqMS///neqbSv//neqqif//nem5+f//nenJj///nenZQf//nenpCf//nen45Pd4mHv/////qs4AAP//qwgbcv//q0EtjP//q4E+qP//q8NPGv//rAVfCP//rEJuj///rHZ9xP//rJiMs///rJ2bgf//rJ2qiv//rJ25yf//rJ3JMf//rJ3Yuf//rJ3oW///rJ34Efhgp1j/////uewAAP//uhAbqv//ujQtxP//ul0+6///uohPY///urRfV///ut5u4v//uwR+GP//uyKNCP//uy2bvv//uy2qi///uy25k///uy3Iyf//uy3YI///uy3nmf//uy33JvljtkH/////yMYAAP//yNobvP//yO0t8///yQQ/IP//yRxPm///yTVfkv//yU5vH///yWV+Vv//yXuNRP//yYmb9///yYqqjP//yYq5WP//yYrIV///yYrXfv//yYrmxf//yYr2JfqCxSj/////11EAAP//11gbyv//118uFv//12c/Rv//129Pwf//13hfuP//14JvRP//141+ef//15eNZf//16GcE///16Wqjf//16W5Gf//16XH3f//16XWzf//16Xl3///16X1Dvu71AT/////5YUAAP//5YIb1P//5X4uI///5Xo/Vv//5XZP0///5XJfx///5W9vUP//5W1+gP//5W2NZ///5W+cD///5XGqgv//5XK41f//5XLHWv//5XLWDv//5XLk6v//5XLz5P0O4sv/////81gAAP//804b2v//80IuK///8zQ/Wf//8yZPz///8xdfvv//8wlvQf//8v1+bP//8vONS///8uyb6///8uiqVP//8ue4jf//8ufGz///8ufVRf//8ufj5f//8ufyp/578Xb///////8AAP////8b3f////8uKP////8/R/////9Pt/////9fnv////9vGf////9+Ov////+NEP////+bpv////+qBP////+4Mf/////GPf/////Ucf/////i0v/////xWf///////wAAY3VydgAAAAAAAAACAAD//2N1cnYAAAAAAAAAAgAA//9jdXJ2AAAAAAAAAAIAAP//c2YzMgAAAAAAAQw9AAAF3P//8ygAAAePAAD9kv//+6L///2iAAAD2wAAwH1kYXRhAAAAAAEAAAAJAAAA/8AAEQgMEAkQAwEiAAIRAQMRAf/EAB8AAAEFAQEBAQEBAAAAAAAAAAABAgMEBQYHCAkKC//EALUQAAIBAwMCBAMFBQQEAAABfQECAwAEEQUSITFBBhNRYQcicRQygZGhCCNCscEVUtHwJDNicoIJChYXGBkaJSYnKCkqNDU2Nzg5OkNERUZHSElKU1RVVldYWVpjZGVmZ2hpanN0dXZ3eHl6g4SFhoeIiYqSk5SVlpeYmZqio6Slpqeoqaqys7S1tre4ubrCw8TFxsfIycrS09TV1tfY2drh4uPk5ebn6Onq8fLz9PX29/j5+v/EAB8BAAMBAQEBAQEBAQEAAAAAAAABAgMEBQYHCAkKC//EALURAAIBAgQEAwQHBQQEAAECdwABAgMRBAUhMQYSQVEHYXETIjKBCBRCkaGxwQkjM1LwFWJy0QoWJDThJfEXGBkaJicoKSo1Njc4OTpDREVGR0hJSlNUVVZXWFlaY2RlZmdoaWpzdHV2d3h5eoKDhIWGh4iJipKTlJWWl5iZmqKjpKWmp6ipqrKztLW2t7i5usLDxMXGx8jJytLT1NXW19jZ2uLj5OXm5+jp6vLz9PX29/j5+v/bAEMAAgICAgICAwICAwUDAwMFBgUFBQUGCAYGBgYGCAoICAgICAgKCgoKCgoKCgwMDAwMDA4ODg4ODw8PDw8PDw8PD//bAEMBAgICBAQEBwQEBxALCQsQEBAQEBAQEBAQEBAQEBAQEBAQEBAQEBAQEBAQEBAQEBAQEBAQEBAQEBAQEBAQEBAQEP/dAAQAkf/aAAwDAQACEQMRAD8A8kznoc4owD9aMnrkHPpSHnj0r+r4rQ/n2e7GAMeAccmk4Vtx69M1IMU11LDFVYkAB2HSmOoH7wnmncEbTniomAHRc0gG9cruJBGcUnzEA5AI7UvznCjgjnNBySTjOaAEABJJOKUBACCaNhIB9af5Yz7UAMLdVDZUijdtPGSKMbQwIzngGl2NjBPANACZVgQ3HNMZTk4HFPZADwM8UgDYBPIoAjwaXHWlzTcmgBKfsJViCBgUyigAByv1pvfHXFOooAKQHk+1HtS0AJ16UdOtONJQAxuTSU48jNMGe9B0C8Y5ppUZz6U7Axg0AqOnFBgxmASc8UmcDBp/ysfSkIFAhCcdKTjqRzT9h60zb3oK5GHB600jHJFP98U0kd+aB8jGD5TkHPFHGB6U8Z44xQ3AzQajOGTmgMqrnk0benUmj5iMCgBh45x+NRsO/wB4GpW9DUfTgd6AGjHaj6ce1SqpyO1KUPBHJoAZzjDc+1Lx+VA4Py80g9PWgAIzyDgd6Z7in4XqOvTntTe/y8etADOCN2KX8KU8jGKPagBB6mjFByDRzmgCMjA4NKMEjjpT+9Jt4wT1oAYQcZpO/wDexSnIPXg0gI+6KAF4NHP0oOKOe3FAC4zjsBRQF980D0FRMmQ04PGM0xunHFP2nPpimdTk1ZQozwepFNBySOpp2RnJFIcZ6UAJ2C9MHNPJ9eMHpSZzx0o7igBoJzuPWmnjNSK3JwPmpCAQcd+tAEfejoc0cZ4o6mgBcE4/2v0pM9d3zY704oDznp2o29hxUSiJobjK5xxSEZBGcCnAAcA80uOTxzWdiSPJAIXkEYpFXHzDpTtowc8Uo7AcjHWq9mVYXbuOaixgGpc80dRWoyHnGSePalzxnFPB7kflxR3yOKTQDQeelGcZBGCaTGTyDzQOQeCCKmw7C+xo9qAeMdKPwxzQgQhHGKYQSfxp2M/nRtrNoQoHB5pcHHWmgYHNOxkdKGQNxgU05+lScdhSN060hpjO4zzSk8+tAHoaacccUFC/pR+tFBoAbkEc4ppbPXFPxjrTMY5NO4AecChaeM84pTgYBoATK8Z4pvy9OtPFJxxQAzqKcoJFBXjIpwPy0gGbWJAJ600k5Jx901LxketNPB5HFADc9zxS5B5Pam7gRgDjrS9T1xihgBVep7UAD5tv3etLtOcHnPNG0nOaAGDI5BwKUHB46+tLhiOOMmjvx+dAByVI60wjPPpUgO0hiaTnGCaAI+lFOb1oXp9aAG0U/APek2mgBuDznpRnHPXFP9h6c00nHWgBOQp9aTqKXpnHNL2wKAEHTPpQM9+QTQexzjFLkdQOaADqCBUWMnOKkOc5FDAYAHWgBnfHb+tHTr2oPTFFADc/xZ+WnDkYXpTsnpto4+8uc0ARn6dKQkfnT/m796Tk/h+tADMfL0/GjBwTnA9KeRuGcY9qXg98GgBgGRzTic9O1Nzg4PNOUcEjigAPzDA6U0jnI6/WpCCEpDyAR260AMI7sce1IemGHWpCB1HBNMOemM470AN7Yo6mgdcUdqAAZBzmjKkY/GlxxxTeh460AKcYyOKXHqelHB5bik6dOaAD72Gz0pOuadjaw9xSDlQelA7sbzgAZpCOQMc08joemKaBu+X0oC7GgnOM0oyOlP2DqBSYq+YrlYzb1z2pORnb2qTaMA4puPlDdKXMHKxpwVAxzmncD5+lLzkk84FJj5c0mzUAuwEL35pAMDApTx0HtR36UmgDPp1ApNqkbehp2D+FIRnFACY2DHXFLjgDHfNINx5HQdqMjJOTzQAv3sk9e1IPVvpR7Ue1ACHgGo+p9aeOMe9J1z3oAMKPbNJgZ9hSH09KUBfxoACMjHrTAgBPXine3vSknsetAB3+lH4daOfXrR+uKAAniogCByak9sUMMLwKAGcEFQc96MAr04FLgfexSBeCc4PpQAcnHPIoyOMnk0DGcYyaATjgYIoAMgnd/dowfvD8qOSKOD85/KgAPX60f0o/maP5igBhFA9qc2KZQAAHPepAtGR2oOQPSk0bWDscDmmL16cU7pjrTSADxnHvU2JExxtHOOc1CB83J2+1TZ6sOD2pdpHfGeDVmZE28jBHB4NKM54HTgUgDcj0NBHXd1zigAJzwDzTlHcDgU0ginA47UAKOTkcCkycYIp3JHPGaRifTIoZrzKwzIUiheCecbqGxnjjNIegJOc1mTzBkjg8+9LxjBGRQcDGB1pADzk/hQQxeh+XpRQDyM9KOMDFAC575yKAR1pMc57Ubc/SgBBz7ClP94fNSDA460pySPagBMDFLj3pfm9Kco7YoAaB1NIcjtUjE44NRbTn60ANyeR1ppB/izxUmDyDyAO3Wm7eMrnn160GggGOaeOeTTunBFJ14FBDQ35QD1poIJ4608nA6GmYOetAhD3BHNDDG0E8H0p3qB3prDaAhHSgBcevOOlI2T1zinAHGaaTzkZzQAwqQdvbrTuT1FOLZ+XHPWjPegOYYQQBxigckfnTvTdQQwxjoKAsKCO9HGM9qaDzkCnjOOcZoCxG4G0AUgBJxnAHNOOeSaAOPegB2M8004wR2GKB3PegZHAoKSGfzHSk427c9+lP/wBrb0PFHO7PGKDS40Z6gZNBB6YxmgdcgYoPHUZOaAHAnJwcYFAOKTB78ZpB0/GgQjHApqnNPIzTTlaBobwAR60u0D5G6nnNIwLYPbvUjDKjHPrQMZ24NHbkZoPTgUu04weKBSVxuSBk/hRuw2DxSn0BozkdOnegz5GJ2x1poGec/hThgsDjgCjgAYGTQHIxScjHUikx03daO2Mcmk43DHWg2Hgevej6ZGKbzn5utS9V6daVhNkJAAAA46nHU0oJPbFS0wDd7UrAmNwOfU0Y+XHencE47Cm+vvVDGYApeaXbTvrQA3/Gmn19acP607A6HjFADKQ9KX+VJQAh6UpooHI5oACRgGgZIxkc8mgB1bOMgdKMpwB19aACil2ml2nvQA39c0vPccim/UfSl6c9PWgAPPPSjr1oH+zQOevNACc9MUvPI9KT6tRjB45oAUbuMfWjkjkUnJoIwSBQA04yAODQMr0FAUY5oHJ60AG4Hg/Lk0nyjgc89aCSMYpQCc9qAAgYzTeuGxg0oGOCaUsCRigBPmzuNGSDUnUUwgkZoASin7eM00igBvPUdjRnBOB1p20HrSYyAcUAGBx+dHHPPvQQQRz3owaAEByAaUj070lPRSwYj+EZPPYUmgIW2+lBXJHt2pTzQWYDpwamwDMjJB603HFTYI7A1CSQCQM0gP/Q8hHuc0AA9BSjGOKUA9ziv60R/PstwPSlPUUh/rR3xQSNwKPmAwBxineoxS/MVxmgCEAZ4OKk4K4HJoI49TTRj0waAEpqnr/FntUgHrSlQazAiw2BmnZAIGMmnlRimng0AMOPujp1NRngY/AfSpD12+vJNN6HB+gNAEWCODRgdacQw+92ppI70AMoqSjBoAb1NIDwRUh7EkVHjvigBKWgA0EYoASg/Sl/nRQAg96aw7r+VOooLU7DAM9aMHPtT6P1oIG4A6CnYxSZ7Uv1oAQheo4puF6g0v6ik+lB0DcA9aaQPpUuc9aTp2zQBHyFwRyKTJzmn44PpTM4+tACkcVCCANpbmpfmPOeKXPIwBQBEBn3pflPbGKd5ecknFNwScZoASgDPTIobduxsGzGdwPOfpRzjNADM4z6mkA6fNzUgwTg00qCc56UANwcB/UmlBBB4p23jH40Y4AXqCKAIecUfSptmB82Kixj6UAA4HrSYUHPrSjaDuPApWBPvigBpHpxTf1pee/NKaAGZGc04AnJ9KQ5o4/OgBDQB60/OCMVGQVJZe9AC7e4pNnoaVQep60tADSDx60wjIz6VL+mKb3wBkGgBhABBNHAJODzSk/MCOlLnmgCLrTivAPp3pcc5pSBznpQBHnB45zSnoADxT8EdetI2SOnSgCPjsAKMZ5GQPSncnnFHv3oAO+aDt9aBuwckUDnrjigCOilbjmhRmgBR9M0fjilIxnnNIPYUAIBzjtSe5pccfSg8jP6UAMAySaXAABNL7HjNJ04FT1GG3OT2FFKARx2FBGOe1UIiwCSfSlJ3DHpTtvWkxngVNtRjMetGO3an8Z5oxnis3FkWG8/xdqdjrzRjHJ6Cm8DpUiDnIz0o4INA6n2pRycUAxNvrSY9s07p3zQeB0oC5H9QaMdsgetSbeg7HrTQDgHFBVw2nOaaSM4yKkOc4HSmkDOeaBJjcjPNGewp2B0p2O9Moj9u9IT2pxz2GM0AN9aAE9qKPwpDRYAOCQO9KxIoyv3SMk9Pag+nekAhIP3hge1G3HPanY7ZxmkOFztGRQAoCg5Hem4HUHvRjDc0DABHvQA5scHHTvUZGM4FPOMc0E+tAEeMD3zTiTncenrS8D8KTbyOKAG9iPU5o7fjR/TijocUALjPNJ1paOTxQAHsKacd+lS4/A0EDORyKAIO/1o6GpT1ppGGI6g0AMA3dwSKcVOM5xQEwMZAp2ARmgBvOKac1IcelNwPSgBpxyaTPG7tmnbVBLUbSM8daADnJpv40pGDzSDr0oAOnXmj3pfpxSUAO3g80w4JzQAD3pTjpmgCMBR9wYNIM/xHFOGc+9DAfjQAY9OaTIHQYp2OBxmjC9AMGgBuBwTR64ox2NKPQUAREAGnbCTTySf8KCFAzQAADnPWm7c89aUsc9ODS/Lg8kUAMZVC4PJFJ1OegNGQTgClIxg4oAcQOmc80zrntmnAgelKehzxQBGffnHalx7HpTsBeSetMJBxknAoAUkDik5IAPFKMYzQckc9qVyuUQkYIzS7s96OAeRyKNuSKVx8o3PzdetGNxwD05pwHUjtSAYJx+NNEtARkdelKRxmk6EEng0dD7GqSuIaflpny5wM57VLk5wBRw4GTikXGQ0Bi3oaAtKDtAzz704Ho2MUGpGR2HWm47GpG9+maaB2FADdvvShcdBij9KcM0ARFe+aBkd6f8Ahimgc+lACdqUAHJxQfzpw4zQAzoMjrQBg07gH/GlIwMd+vFADO3Tn0pP4flHFHfJ/Kj+LINABnAA71FjByeoqUcgnvmk6n3FA7DQTuyKTJ6HmpcDqaQAbfrQFhmO1NqUj1pnv0oEN6kN0K0pxuLjIJ7UdTzSAnncOc9aAA9aTnmncc0nTGKdgHYG3/a9KQZIyeMUYUMGz83pRkk/KOvWkXGQfSijpxRQa3ALxuOKXk56GkHXBGc0YBXCjFBzjPlXrmjG77vNO2+ppcqvAB+tAEeF/jzQAM4p2M9aNo60AN/3etByM47UAL16Cl7bc9apoCPAPWgKWUAdFp/OQTjigDkgcVFgI+vNGKkO0EhDu+oxim7TRygNopQM08Y7VAWE2+9Lt9+lL0oxQFhpHy9KbtGMVIR0pp69KAAKB0NO5HFBPOKbj3oAd159KjJx2qQnAHSmnpzQAzp2xR+NGPpR+BoNA5o49aPm9cCgYz0waAG4IzzmjCggjvTtpGfm60mwZ60EMYcHj0o2nnqaf5fTB4pu1wxPJUUCGBjkr0Pv6U/cvG3Iz7UYz94c9qkJJAHegBmAr4PWlYjGSOtRksTnA4qTbhcnBNADAMjjp70vOQQevakwOCetJ3oACOfelGQORQvHQ/nS4z7UAIBklBwevNHGOnIpcZX39aac4+WgpIATtJ6Cjjg9O9LgDGOR3FIynBHY0FCOM4z0/nTCNoGOhpeeA3QU8Lu5FAxlFHSj3oEGQeM9PWjGecdKXB7UmcdqBhjjOM0EEfeowOpbB9qAPx+tAEe0E4B609QwPBp3ak/GgLiHLcetNXp64p44+YfhScbdqjB70DAooAYnrTTgHHenYBBppzn2AoGmJznrijBxjtRtPp1pwxg460AN/wB2jaCRgc08jjjrQM5z0NAXG7WzkipM/Lg0gGeG5pPwoEJ9OKUjse9KRnnpjpTW5GaAGe3NLgH5hmlBOMDik5BxnNBQnQ5PejtilOaDuGOaADnqRgGjkcY3Z70AH64o5PTj6UAJz16e1L8uM9DSYfrjilIHXr7UARYoOCcilYcUuMkZoAOexpMDtwKdjPB6UdeSMCgBh44qQ4HftSjgE460gxuLe1AEeSfYU7HYcr60YwfXNPHHynigBm0Dp0pCR261IcdBUZAPSgA560nGDzS+gpMCgBcEc9aOowRSHnil6E9s0ANYnsMCkBDY7cU/PIXHWkCqvbPpQA0gEj2oKgnOcU/BPHSgDA55oAj2mnYxTs+nApucD5eTQAuOPU0o4HHNJyR6GkxxxxQA70HrR7Ueh9KO1ACf7NL320UdvegBuPxpAD070/Gf9kUhPtQAhGFHrnmkKAAknHNKDgjjg0u0gnnd6ZoAiPf1FB2kA04Z57UxiQemQaAEw3Umm7eOSQKUqMZ5zS4560Af/9HyNgduxRS9OTn0p52gYYHp2NIuFXaPXua/rRH8+S3AKelJg56U4Mc0dgKBDB145pc04e9IenNADKKPeigB5GaZRhu1O+bFZsBD0wKZj+8admjAzz0oAj9QvUUpHTB4pCvBCnFMPQBuooAdlT75qJgQwPapuOMdDSbRknrQAw59Rim/PkA9acfL/umk3EcBcGgBmFLegp6qpYkc/WkOGBJGCKUjcfmNADexPfOKTAwPc0D1pf68UARngkUcU4gg+uOtIQR1oAbQaU+lGPWgAGelGPfFHTkUuRwMc0ANo+tFKATzQAxiKO2aXHOaXFAEfHTmnUc4ppz70AH8J7UY5z1zQew60Ht2zQdAH2FNPy/w07O3jFN56ngUAJk4zTcdCO9LgDIz1pM9FHegBSgLdyaQBuhGRUyqQcd6YRt6UAR4/hIpQvII6U4d+2aTg8DpQAMMLyMZqLIC5PWpGPAXNMzntx64oAOuBUWT09KmHr6UgwMEjrQBGFLDBp5Xue1OO0HKjFKcsMCiwFbGelGDT8evFGMdOaAIz1xRj9Kd069KPbGRQAmD1ppqRTgEUm3k54oAjGTx3pcfX60/k8YzSc1dgE69aKKKLANxg5FJjnninketNPX0qWgGgHJOKf14xSAbeKXrSARqQ5zQck7cYpMcZoAM/pTSaWkIHegAOOlNyM8CnZOOOtIB68GgBOduMd6Q9wOlO5pBg4HTFACZ7EUvIOBRnBzjNGBk0AIelHf6UGjv9aAAgHrSbR19ad7+lHSgBu3jGaNp9adRmgBuPTmm7alI9KbyOnFAEfI4AyT60Ae/1p2A3YmlII4GMUwG0YFFFYygS0Nwc0be9OopcrFYT8Kbx3NO/Gmn6UrBYTOMk9KM/pRjOM9KNp6UWHYTofrTv9mg+h7UlIQhAp2Bng009KXb8tMcQPHXmgCnD5vWkOF6UWKGY6UmAPenECl4A4pAM28g96Mcmn85z2o5yT2osAzGeaXBAp1HenYTIs57U4DNLtp1FwbI88YFKO5xTsHvTD6ZpAmL2ORSdDkUvHPFJ3oGNYc8UE8e9P59BSEHFADCT940AkfjQBnHHSlw3LZoAdyT1zTQePY00Y4z1NKB6HAFAAckgkUc9jg0hBKlielLj7vbNACe3Wg8EdMU4qQMCkIxgCgBM+lGaXNGaAEoLjIWin4FAEeKXHNOPY0mcGgBG46VEFPepuoyKFGSQaAIyaTknpUgHWkxtwaAG7QSDim7Rk8VJ3ywppzu+UUAGcU08mg8dacOaAE9eM0nHGeKOOe1Lzx3oAayjp685pu7jPrUh5HX8KjAbJ/LFADugFN+vSnY4xSkelADAB6UchcmnEEnjjFN4zk0AAHHTFHU+tHB7Zo4+lACd6XAwaM80YoAbt7dqTFSY4pCKAGdacAOtHNOoAbx3o2579aXJx2o544HvQA3Ht0puT7VKd2KjZcjCn60AIcgZPek74HSpsAYwOPemkLnrk0ANB46UA9s0dsd6QsPyoAGPUdqjGW6cEfyqQ8jGM07BIAbkCg6CHIxlqkAywCmkKknpxQWB7YNADs55700MCMHr2pcqOO/el+UGg5xhGBnvTR24pzdS2cCm/pQdA4khhuwBTAuABzTxuJO40uFx06UCuiHBzk9KbjjHvU2Bk5xTcHHbNAxq9fpQdv8JwTSgIBktz6U7b+GKAI+Mjn5T1pcf3TxTsegBFGBzgnj8qAIwOMjn1pTjJ9qeQOaaQ2cY7UARc9KX9aXBxjIwKML/D1NADfmJ4HFOUAgZpQCOT3owG71oAm3nNNzwRkqT0IqQe1Cr1B4qGBEM7Qp5I70pYHkU5lCqeabu6D9aQCgnsOaTH4GjOTxS7e44NACYJ96Nv8AtUEe9JjngYoAcKaeRz0pT15oWgBg5PtUgX5cnrTenYGnHPfmgBm3t6UfhzRglsHtTuBmgBpU/d9afwDj72BSZYtn0pMjbnGOeahoAxwSOKRVxxT+xx0pBkY96RoJjB+bkUjDuDilPLfNz60N0wOlAMbxik+7kscg0pGaQjjHXNBmB5HFHXrxQc5UD1oxk8dqbQB65pvODz3p+B355pNnUsaQEeMU8dKAOB7UvWgA64OOaMg8d6MkZ45peRj3oARcbTxk0zHyEgc5pzso596af0oAQA4+Y0AnkA0vy9+abj0oAM55Izilz6jrS5xRwOQc0AJxQME80e9HA4FACNxxTSu05FP4o5PFADcA9RSeueKfgY55po256UAM57mkySOBwO9SgDdjoKYRjig0G44Bz1pe+c5pecDPUdqeOQGxj2oAbjkelB6EY4p4C4welM4YbV9aAGYBOTzjtT+3ZfajaWzz0poHbNAARSYIp1FADdozmmlakpD7UAMPJxSAcYxk0pxkGjn6GgoM8DHGKDyPrSfT1pT1+YflQApA9aSjmlBx2oJEzRSd8njNLkUDsGBSE0tGe2BzQCDn15oPcZoxyQ3AHpQMYO3nmgBBnGD0BoJVjilPWm5UKcn5iKBi8njrzScA9elKAeB7UNyAAvA60AN60nQ+tL16cU7HXPGKBkZ2+tLznI9Kf1AOaQ54oC4zIBHzc96XOKT1x260ZOMjn0oGKQeMjrSc9cdKdxnApOpyO1AB3FPIyDjpSL82SaXoDmgljOhAY80D+Klbngc0gGD6UDEOeOPyoPr2p+OOOKaQcc9RQFxFyPmwKABznvSgHsKeFA4oC5D0pKkxyaOlAxg4BIFBKnnqTTzkcjgUw7uCB1oATPODS8546Uc5+akwM8UAJml25+lOKevSjaPwoATikAGacQM0pAxQAwAdacVz2o5wM07HHSgCEA/hTuoFGM4wMUNk9TQAE880cHApDz3peD1HSgA6HNHU5o6j6UdvrQAZ5xRjjNFFACHimEZpzcmm0ANOaaDnnvStzxSUAf/S8nYHPWk46EZp5Az8vFJz3r+tEfzwxF7dqOetSKB1NHAxQWMGeDmjHBB65p4IoOMeozQBDt9e1L0+lP28+1LgDrUNAMHU0djRkZNHY0gIzgjjigdeaXjODSYy2c0AKVBpjDBGBk9KfknpSd6AGFdvI/KkB79KkoI9aAI2weGxntTeSMdGH61KPUmhiGGBnI70AVWGODw1PjHc0pAU/Ny1PXkZPFADPL9DTMrkAfrTzvOcHIqMqp45BoAQnggjrTRxzjrUn1PA6cVGQRQADnjrmj3HFKOmRSlSM46igBlFHU/NR06UAJRRS0AIc0tJS0AIabjmnUYoATApWGfelx70gBJ9KDoIiB3NHPfmpyoFMK+tADPlP1FHHpg0/AGMckUYzknqaAGe9FO2il2igBq5BJOCKZwflp+PlI6H1ppHOKAGNnjHUUnsR+FP2jB2jJpSM4JoFdCAKRUe0/lTynPHbmmOenPWgYjemaReD60ADjvQd2DgVoAj4I9KYMjrUqAjk8D3pxQNUNAQnB4xSBSRkHilK7RweaVQeF9aLAIFJpfu9eakYbchabyRTiBFkemPxpO1OJYc9xTDkEZHLVQCUoB7Uu00bTQAmD1NNIPp1pTilHHGKAGgcYNOx2FJTsEc0rANPJpMA8elKeR6UijHBNFgEwe9M5z061L0pCO1QBGfU9qZ6+9SleMDvTcEdqAAYA+bkigE4yacAO1KBzyOK0AYNwBIFH0p4FNwuPQUANwetLjkYHSnY79qT0x2oAQjPXg0w+3NSHnpxTCO9ZgJRTsd6cBQA3p3pvWnHntTenagBR14phA5zTqKAIx044o+tHejAxj1oAQnt7UvcfSnAdjSBcD2FACe/ej2Pegenag8/hQAe1FHWigBODxjNDZyCBjNAOT6YpTwOTmsGiCPjke9PUcUw/TFPXoee9IGKeOB0ppHp1p9MPHIoER4NLg1JxRgU7GhGOelH3eDzmn8c5oyD060Mgb2o/pR3o+vaiwWCgUUUhCjHemn260p6DFIDk9KBoBnPWjjuKTHbvTs56CmUmJgHoKaQRzupTuPUY+lLj0pDG9SMdaTqSO9LzjFJgY60ANAwenIowMFh1PWnHrQemRzQAEA4Zj+FIAv3qUYznHSg5znrQAdOaQEHpSnnr3pAAOBQAhUGm4FSUhGaAGf1qT+tNA/Snf0oAKQilIJGKXBoAjBxRznNB44FHQZoANxpOaKKACmEYp9HWgBAoPBpSPTvRjvRjnBosA0jA5FNDY7ZqYd8frTdoz707ARZGemCT2pQW5LLjmn9D6UBeDuz60WAbgfiaMEZ9Kf2yfwpvQcUWAacY96YfXtTiMLz1o6YFIBFUZB/OgjCg+/FOAHX86GIosAzj1pKlHJzTTjnaMtRYBuc89KbkZ4qTHGSKbye2KAEoPSiigAoo4Jxz60UAKcjp1oHT0Pegkd+TQvHOeaAEyOgpDwPWnfWk6EZoKlGwhTkU0IcHnFP+6STzR2x60EjBkD0pKeR603FACfN+FJn86dtY9aXHrQdA0bSc4NABPOOKDyMjrQeSCDQc4pxjJxTeTkDAxTiB2/GmnJ9qAFoAHT1oooAjJ5PGMUcd6Vgp6GkoOgUBTuJAHv3pwHAwOtNHJ+anrx/wDXoFdDWUY60nY9weacflJIGQe1NHbHPtQF0LyenQ00opJHOSKXnntml4PHegZDgDAxTxnGeMGnbfxzRj0GKAIulABNKwIJp4GBk96AGMucY4xSkFjnmlJVcdyaVs9sCgBh6nP/AOumsP4R1/lTmH3dp69c0hGCRng0ANAwMHtSkYAPXdTwMLjrQVAFAEeNoP8AhTeR82CaeODt55qNRjdyeKAHZzTSM0uaXB60AIQPTNLxkgdMZpMc570nJWgBd2ScUuOaaMcehpcY6igApcetJjPNFAC9D/Sm8k8npTiFI4JHuaCCoGCDmoaNBuc5OMUp3cEjIoPBA7Gghc5yTV2HK1hO3HFKM9+lLk4AxxScL1yKLGQbSGIB/Go9vHB5zTz0HemdfungUAL0Az2pD97J6UuMjilK5z7VDQDf4vag+lB+770p6e/ekAEHv2ppB7d6No745pfl6DtQAzB9KT8ak689KMelADNhJz1pWVsYAxSsMehqQAt1wKAIQDg578UgAyAO9SFRkDPSlPGSPoKAGsMHOaYTjjGM08jnHJpT0zjOKAI+BjjOKOWzk7RRz0B60cN8uORQAD3/ADpynA5GaaATwO1SncPm44oAizubgjmjnljzin4Gfu80z1A70GgEoOWH40EZ5U0Dr7elGeeB1oAdzu9KYw5yDzRzyM0AYUHBIP8AFQAN1HpjtTCO+af0ySc00joQOO5oAT680fpR16UcA+tABn16CkLenSlyOp79qQgdR09KAEIJBowMc9adjp2FKM8D1oAi757UYyN3pSgc8cDNHfkdaBj6ZjBp9B5oERnBHTIBoIHOeDQcEe4NKV+9g8ZoByGEcClHanntSYoFziH6/nRz7fhTsBhxTcY9qA5hB04HJpxOeBQMgjmkzg47UFAM5zngUdt2OaUDOW680metACfNxgYNB3dDyKTnHuaO4x0oGKBwAegpSeAu0E560UEYG40CuI2T17VGcdaO2M08ckdqChtHfpSkeveigYA9QeKMHGetN9hzTuKBB1OOlPOB0pCMHrnNMDZ+9xQIUspXmmk9CB0o6nAGaXHXAxQMOCee9PGPrimjOMEUoHOMUAxoyfqTQVI96evy89eaM/rQAza3rgUe2akK/lTDt7daAuJRQOlGKBh9aPpR06frR160AHSjpwetB96OvJ60AHPQUA4yD1oBJOO4peBuDdTQIZycAmkAPQCnDoB3pQOo60DGhRwSMUYHXpTwAORzTe5z0oAaccYppzzTjjAxTeeaAFGe9IScYpQQy4HahTyT6UAIR8px1pmzGBzjGc1IfX1pCcuw5zjrQBGfunHWm8dQKecY5PFNIHBzigD/0/LyOuR0o4496TI596X0AxkV/WiR/PstxNvPXj+tLjkA08kDjt/Wm5x1HNOxIzb29aXb2HanAg5B60gIxjuKQCcd+tBGOTS5GKac560AMI7d6TGead/EMdaaOhqZALtA59aaQB2p3BHXpQWBqQGge1J26U/g0mzIoAiI9utJ+BqXafSk2++KAIsCl57HFKfrmkOaAEx3pDu6AfrTqKLARDd0ZfypVTbzipD6AUFBjgUAQkc80hDY6Zp+VI46ik+UnPeruBH/AA0uDn0p2VHGacSAOSCB6UXAjxg9M5o3YyMVIDn8aTYD36VAEHBHvRS8x80h96AALlSSKZzTuT0AFLj5SPWgBp4OOtIKcQBjqPrTaAD8KSlx70lAEgBxyab07Zp4AIwooGRzmg6CI4+lAH6Upz+dJQRKQUUUfWgyE68UmDnIp4HekI7UAMxjvSbfxqTnvRQIjpRGM5PIp9FBvGVyLYF5H4UhXI47VIRmgDH170ClMhzkYIzilHQt6/pTvu5IG0mk4BGOaCPakQCFtq9acowMntSjcM9KBu6MRQHtQ69aPlFHNJwOtAe1GMATz3pDgjDZyKlGOvU0hyH9jQbIh8tjyOR706QZHynBH45p7ZxxwKEUN0PPoapMCuFyePelRCQCfxqUqOOKdn06jiqAhfauPfpTOaVs5NG3oW49KAE4oGKDRQAnTNLjvxSZ68UdOtACEEEHtRjt1zS9acQAeDmgBn6Ue1OOepFNoAWkIyKXBzjBoPtQAzPGMdKTb3pcYH1pRwPrQA3tSEetOwPrRgduKloBvtQKdjHNG3FSAHkZ9abjvThQaAGEdKaaeT3HNNIyTQBET+NO25PFLjtigHvQAtHqB2GaKB7UAHSmEYqQjvSdaAGgc+nFL2GeKMdvypDk7frzQAh2nGz86aw6Z608qATnj3pNpGccCgBhBoCmnADtS4PasXFktDTkUFuKcVNLhR1/ClYmwxlGetKy8UbD60ue1FgsN570uBS5JpvBosOw0gg0EZ6inYXPWlJwfWtyxCVFRkAc1L15pOvasGiBg59qKD7cUYxSEIOenGPWlwRxS4B4UU4ZHU5zQNjTz0yKQEngc0/kgjtTSBuz0NO4XGdevrTSKX/GngUiyMAE+ppcf3adyTjpS5HSgCPbuNHQ8cU4jNNwF56mgA9yPpTucdOaQdc+tLg+vSgBDxim9c1J0+9TSM5xTsAlFFFFgFIxTMsKfx60mQKLAMGSeaUDijkmlPOPakAhHbpilC5Hrg0dwBS7exOM0WAaynO3pTQcNtxgVKOPvdP1prcnP6d6dgG4+Y4pSMGnDg0d+TQwGACkwM4xTzgckUh6detIBnOOlOPJznNGDnrSAcEelAAVJ/CkI5OT3pSQOaMBc455oAZjqM0ufXtTsDoeMdKYM8UABGec49qMcYIp31FHQ8UAR4B4B4p3v0pT/s8D1pGzjK80AJk0c4o7AUvrQwIz603p3qTrimn1NACZ7j6UpYZPoTRtweelOI+97nNADCOu0UpIAGeM0vJ59KUpwAw6UAN255HGKNuclqkPA4pehZTz0oAj6DFNI5H86kxkn+VNIzQAmD3oI9KTB70YzwDQAfWj3NHOcGjvQXPcjA5BHQ0o9aXbzk8E9BTtveggiB5oXpzTttGKADIJ46CkUnlTjFOIA4HWk4Y8jFACADOFHJpeOSRihtqjpxS9VG3jHrQA0EjnrS/WkB7HvSsGXj0oAaflGBTBnOc4qUrzgdqQAH7woAjyKcAMkGkx83FKOCe9B0DuTjBo69eKDnPPSkGTnFACHjpTSOBTxxjNKATQA3nIOBxSYHGec045zg0uB1J6UARfKeQKTAY4HWpDkjJ603cSMevegBB8v1FO5wSR+FN47dTTsHnnmgCMDJyKQLjOKf06UvHfpQBGVHFKFxUg60dM0AQkZ5zgd6NvOFPFOyCdo4+tGcEZIP0oAjGG4PGKec9OKMDGMnmjtlu1ACbeR6GlIxwOKAD270HNADSe2MimnkYHFSEDpSZHcUAM+bjFBpxPBIHNJtIIOc+1AByOB0pM9c9Kdt4JHWmEEkcYAoAD6dqQgADFSAEgk9BS4B6UAMA7DoKXuD69qUk5wvQUhPek0AnynIPGOaQDP3e/WgfXBxTySoGBnd1pNARlMNwMgUJjGcU7OOQeKMEDOMZqQG45zSctjjpTucj0p+B+FAEAHPFS4wRSYwfl6UvGTmgBNpb2o27eMg04/Wk+btigBg4NNbrShSn3mLc55pSDQBGVyQaXAyak2k8jim4B+tABk496PrShuxpKAFXPbioyO/epOD7E0mDn1FBoMIHUnFGce30owSODSnigAHHvinf7OcgdqaeDnsKcBxgjGKAGsB2GBTfapKbtoAiKk+1KoHI6Gn4P8R4+lJ9R+lADdtO2kds0Ufn+FADSM9sEUzOW3ZyfSndT70oGTjp70AM7dO9KevXNGOoz0/WgfTH9aADPU0DjrQAR81A3MNxoAQfNzik7AdjSgkHpSgYGRQQ9wo//AFUUf/qoENU8E7cc0H7ox0PrTgDtCZ70bcjB6igCE+tO604qO4pcetACAZOc4oZad26UhPpQAzOM47UmDjmnYJ680vJoNRAckAUnbJ6+lByPfPejnmgBNvOcdKbt2qPrThSjv7UDuBAU4J600r1JPSnAlevOKMn0oAj3Y5xSggjHQ0/bn5mHFNJAJwKBju9IQCOR1p2AcAcUmGIHPAoJGFdpyDScHrUhCk8UYx1oHcbgn8KTqc4qTCjpSYA7UBcOPwpODx2o4HHGKOO2aAEDEcY49aZyDknjtUuAB6jvUagjluQO1Axdwz1xmmggdDnPWnkrkFuc9qb67e/agAHIIak4PKnP6U/ls5G2mkDHTp3oAM9VHUUvOfmFIQcUdDk9aAEAJGFGCD1o79aOw70YGc4zmgYo5BHpSDg5JoH5EUv5UAJn04zQOnXNO28jnrTSMDntQAuQKTAPUUAEjJpenWgBCAMbflqMjOe1S8ck0FSfp60ARnhaTK561I3A60zjP3aAGDk/NwPSmcFVVuDkkU7uSeD2pCcD5uPegD//1PMsZpNi07I7Ulf1wj+fZbhS0UnPpQSMINGB3p3I5NHBpNAIeFzSZOW+WlP3aB156GpsBESc4UUvXHakbBbA+7S9eW7VDASjAoopWAKKKKLADZphUn2qU8jH86ZtHvRYBm0dKYUJ5qQ0hweelNIBhyp96QZAI7mpO/P50LjGP1qgGDI4xjaOvrSZxg9N1IQV685OKUoBn3/SswIgeTnqOKB03lTjpTypA+XimsCMHr7UAB3Zx96kwRwowB609dxOOgFOVTg98UAR8UdOaKKAGth+U59qQd84I9aASfl7Zp2AOcZHpQABVHPQVExO4FRzUozuIphTJJPHvQAw889DTVGc808qfr3pMnbjt9KAFI55FBAHanc9zTsd81oBX2nNIRink5NGKzAj5PFFL70AGgA4FHJ4608oBznNNx74oAbS0u09uRSZoASilPFJQAdKTgHHrR0owMYoAceOPSmn1Wn84x0ApnA5XgmtAExjHalAJPzUvfOKbgjr+tADCuckc0nByOh9aftHOBim8IOVPNAAR0OaYfu5xzTwcgnHFNIySe1OwAMBcetJ3C+tLxxmm8fK1Z2AXKk4XJI9qB6jgDtR82M4z+NJjnpj8aLHQLyfao3UhM9ee1S5yPekye9NAV8EZ3cinHp604jDZXr6Up6DiqAjzxg9ajJyc09hzxTNpxQAlKTmnMhQAnqaZQAUd80UUALzRjpzS7fek6daAFycikwKODijtQA3GPpR1HPSnE5PFNOR2oAQei0opB7UvagBaKKKAGk46UppCM0p5/CswIwMZpTzkmn/AEpMcUARHjpSAY4PFSnGcCm4/vc0AJ07dKMKMHNA7qe9OxjjGRQA0/Nn0xSbSpJ+lSbeKaenPByKAI89V70uOcA8GlPUkVJtAOfWgBmxSMelNJLDpjFSd/QVH8yrk9aADPGF6il4K5JxTCMjK9T7U75iN+BjpQAZGOKXge9NBPQ8U4ZB6UAJ3FA60dxR3OaAE2io9q44zUpGKCQOG+agCLtkCncnk8Zo6nOMCmcdetADuaOnNFGDQAfTmgc8daByaD7/AErBohhx6Ue2aPaikIMHGCPy4pnPYfnzSknHJpvPY0DQUlLS/WgQ3n0oGR1p+ARxxSbeOlO5XMNyaTjuMVL24FRtux1ouFxrMFUsBnA6DrTgKcASeaf14oYNkJGetNIqUj+9TcY5WkCYwLjsaUq3YU7c3c4pRg85oC5GB2PFBAA4PNSHpjvTcY5K9aAuITSdDx3qTjBXuOaZ0XPXmmyhOPxoxnkcUo6+lIOaQg4zzRj16Udc56UemelAwHuaB7ijjJz+FHbLGnYBpJPakx0BGSKkC/rTttITYzA/iFMwevY08jA9aCACMnPtQFxMAHHUU0+3PNOyeT26UmM45xQMacnrxRgkZ6YpcAAbjkikxgkN60ABHr1o5645qUAHp1phBPegBnvimADp0FSnPb86bj8KAFCgZz0qPJAHr6VKevPSkxnPrQwAYOCOMdaCP1oJ7EdKAMc9c9aAGNwOelJu9aezD8KZ2oAU8UnNBGeaNw5oAB2oyRg+9HoPWk7fjQA4nv3prEYwfvU8DNRkZPNADehy1HHanbe5o2jGe9ADcn8qM07aaNvHFBU9xPr1pKUAk4oKheRQSJRRRQAuD/D1PrTWDcZxxTjkjJ7UgDCgBMEKUPIPNIc5xxTiOR6mmFcHkZx3oACfXtSbiTyakwOopn3juxQAh5yR1NOAwvJ5pQMcY603Yd2T3oAaQD7Ypw745FOxzg0DqcdqAGkDgikwehqQjJzTeeo70AN70Uo6/Sk6j3zQUpO1hw/2iBSEEelHHrQPegcZdxnJOBxSkEZJ6ClwKcOhyOaCpSI8HHJpo2k4BqbaD83qKCOAfSgzG9KYetPprUCEFNHenDvTR3oOgCoxgdaYSQTzgfSpc44zzTSDnC0AR54wTnPNOBYnnoKXaMdQcUmDnJ59hQAdetKBzxRwBgUo6Y6UAB9BTOM8U8AnoKQgjjpmgAOeQMU3HPvShfWnAE9aAGEEDjk1GxI+U9DVjGDkHgUzIA+tADB0AHQU/LYz600gcY/Gnc53DpQA1gMjPem7TmpccU04OcUAR8hvu7s0HldqnGTSnHGOp603cMAj7tAC8I59+KkOF6jrS9sjrSDsaloBMDPy9Kb0708NzjtSd1yODUgM4bpSgEnpxTtuORTgAPxoAjIBPHGKQZDYPennkYPbv9KaQMe9AAR2H60gPB3fpQcnA60AfMe1ACdRTQDk+lSHGeKY/TNAEffAp2KXHIpVGc47UANPXmgcAjrSsDn60n8OemKB3DO4ZP6UpXBGRSA59hSqMZwOtAXG9RilOTzml+b06UEEmgQnUYHFB4GDzSE8YIzSg8YUUD5g60fXmjHrRQWRng+1Ln35prdelLkjr1oI5g/nQeetLg0lBYnB/Cjg9+9GUzkDpRz8uB3/ADoANmctmm7TknNSdSSOnpRlSCKAIgvB5pBwBk1JgLkmm8HnGaBWFJCrkjOabT8ZGKZQHKHWgHHI5o/Wgmgmw0Z/76pe+B+dOHXNJ746UBYUf5NNPOc9qcORjpnpTOozigLBjuO9KcHIzilORxS4PbtTsWMIA/Cm+lP7ZIphBHGKVhh6H0PSgDJHGKUdDjinHqTntQAzgjgZ96MDIGelGCPlB6807BPv9KAuNOTkL2pM456Gg8cA4oxnjrQMU9B82SaOMZPFJwOtScAY60CGUUuSKVQpYM4zt5FBm0N7U05xmpCOc03HOaAsGVxnGaP0oyc5xijr70GgdBkUdt1FFBm0G1SBgYpABk+vbFObJHWmknHAzQaBzt5Gcd6G4IyOPanEc4z+FM2kYYHn3oGg459Md6MDv3p5689e9Jk4BNAXGYIwM/SgdMDjNPHUFeCKTGfmJwSaAuIVOM8DFNA7gZzUnGDkdKbzgepoC47uBjHvRjI45xRjLYzmmM2O1AWFPbI203gZyaDzy3ek9sUDAZPNBJPFGSBxwKBQMRsY9aQnjOaU4JxmkwM4zQBGcdTzTMHBz83tUpPbrTMc4oA//9XzI5xnbg0nFOwAcijB7nNf1wj+fJbjQcCggkIB2pV+YgU88EVmzIaR2NNwOlPIOaTHetDQTntTSOacBigjI5oAbj24o/lTce/FH/AuKzYAQOmKVhS45607AxmtAI+i00rwD0qTHBpoxgis2A0gelOUfLz3peODjpSE4G7FADMZJNNKjpg807vkUEckigBp6Yph7j3qTtSEA/nQAwj1puPWpsU3Hr1qGgEMZBBzxSEAE+tGMHgmlx/dpAMA/WkXvjjFPHv2po7+9ACUUgGOKX6UARihl3MDTmT5aTBxQAlB560UUABxTePSn03n0rQBoHWgdKfSD7tADNp60oxzS44pSCDxQBAaTj8anOMcmoDj61mA8Y+VhxzikHBKnnPFH8IHPBozggjnjNACZPHqKaR3p4Y/ez1pv60ANoHp60uMnAFLtx+FADPangetBGaaDimgH8fWmk9iKeBnvTWA71YDDjgZo65z2pcN2xSEjPzZNADSDwcZzR3welOG05xS7Tg980ARZop23PHoP1oAyc9gP1oAbtPekwMDIp+D1o4xjFACZGKYyrjrSqAGOaf04oAjbpim05u1NoAbnjPGfWm/e69afjB2mmZ52jpQA7A/i4ox+Ip+PXmkx2HFFi4yI++B+tIwGA3QelP2kZ3HOe9GDgADrQakDD5vWkHzEnpipWHzYPShAAcH8KAG/LgE004PPapcDpTQM8HmgCLHHPFLgnvmpsc9OOmKQgKeetAEXQ+9ISfWn8A9KYw9qAGYJ9qcAOg5peccUlAByOoxRTipphoAAKMUoAFJQAcUUUUAM/mKP50/nr3o5696zAbtp9FJ0oAU0hGRjj8RmlNNyTQAu0Uz2pSDSUAJ2607r2po6/jSjp170ANY7STjtTRgn5fQU9sH71M24yKACiiigBSMjK9KaRzk04BunanDbgg80ANZNv3e9G39KCig8jpSHK9O9ACEkHB7Ud8kYFGepHFJ8w4B/OgBw6dKYB82M1J6560g6elACAcA+hpCOD3OacAMnvQex6ZoAhx3NPGCMGgg0q4NRKImhNg5OeKjwuCOpqYnB4GTTSq9hzWRJFkcZp2PfpS855xxS8ZzjrQITIPHSjnoOadjvRtHXpQAnUZqMqOmakHy9e9MJC8kdaBocFC9O9HXn0pRnjtSZz34oEJjPBowPwp30phPbNAAfQc5puCCR3pzY+tNxgdOvegaF9jwaQdee1HJ680vHGaAE9cd6TAH3TTwChOOQelJjkZ7UDuNalXpSkUUC6DAozjpml4xg0vPfmkxnOetVDcpCY5J9KYDkAHpUwxkL3peMelbDG9Kd3oPQUmfmFRKImhv+NNxzT+x+tOIxms7ARFgOvNJkE1JyOlB6+lPlYER56CnY5pQPWkOPWlYYnQ5oP8AOjrz6UuKQDD060h607nOaUA9KADANIeTS4APFNwc5psBDkn5aXGfu0pBJ9KUgY9DSAZ2weKaWPTtT856imEZOaAG+w4oyPu9Pel2nrmgA5PagBeo+lNI71LTQOdp70AM6DilAyKXbnk8AUtADKKKWgBPY9KO5X1NA5/CjsD3oAAc8qcYobnAPFLwBhe9NPUE80AIV9+TSbCOQRinbccinA54I4oAjzyKME5YcU4g/wAI6U0Zx8tACZ9ec0ZPXOaBxnPG2jqAM+9AC03ocYozn6UvHpQAo6nrSHkcZ4pRgjk0nODQAYB6daAvXjilyaMjOcfWgBOnOOlGM49BQOcmjp9aAGnk8jApCUB56mhuuTx70uAWR8596dgG4wM+9L70rL1PfNCryc0gDkccYPel2sOcfjRtB78U7AP09KAEHvSY9OaU+3FOXpnrQBFxkUhGcH0NOJOc4puW4PQUAGBggdTR3NLj9KTBoAbtFN6VJ2puM9KAG46kClGfx7UcZx6Ucjg9ccUFIM54I5oBGctR8p6HGKF6ksKB8rEXcv0zSjAGCeOtJ8qrhj1pe/tigOVijuex6UmSpBNHUgjoeMUpTJyKDURiD0qID9KmZeRgcU3GDlhQAmzPTmjoCKdhuQpxR3wfTk0ANPQEUHg44xQvv0FK5IIHrQBEfl5Ipi7QoA/hqQgfd5zml2rg54NADBgjcDjvSk+3WlAIG08Cl7+woAAOSf0peuPQUmfm9qQAcelKxN2DYwetKAMDnPPWggkHB69KQnpgdelFhXYucNt7Go9uCB6VJ1JDDGBR1wKmxYmOaTAOfal6Gj9KQDDxjA4o27s5704dfmpSvH1NAEWT360DqCDyetHLbscY7UpxjgdaAHN6YzUWeeBxTyccjjFKBjg9BQAzYTgA5OKQHoc85p5XjKUnB+YDAzQBGct3pcc9ck1J8v40mAM8de9AEZJHGOnenY/OnDGOeg60jHPA5FADeTwfWjjcccCgn8KUgZzQBGwGMikJzyTipDkAqBmmFCDkcjFAB8p/ip/FNUg05sCgAIB4BwaiDZ+WpO4pmM8UANOQp28tmnHavy9TTjxkDkimnO4ZGQBQUmIRzzxSjjp+tPUbumB9aTAB5oKGEYGe9MwMgHoaeAQS2M+lO68HjFADAOT2FJt/u80/IOQO1GcYx170ANwScE80uchTinHHXpmmgkcAdO9ACEZ5HamnccHAGO1Sc8HHSkPPJHNADDkAZ4zSgDpuxScD1oxxjqau5dxNvAwcigqSKCpBwRjilxkYJ4ouFxNuOTzQU4BzSjoRnApSqnHNQQL93tj3pB1wvFIVO0gtnHakIycjrigBSCeoxUXzAcDpUoAySTkkUnBxnpQMZjOB1qQDnHrSKo+8O1PHTk0CGlNpJY8UYyop5yvTnNMyCB2oAXIHGKaOT15FKvyg8ZzSAbmoAa4XAyDuzShT1PXPT0oA9Dx6GgL3UAH+dAxSD17UwE05uevSk2t34FAhOQcetOYYAbNCtkHHOKMZJoIG45oIyKkG3vnFMZfyNAWDHtmkOR15FGMUZB6CgLB1HHFHYDrQOtHTG2gLBnBx6GjABwO1GeeetHIOT60CGnjJXrSHg807HUilHoeTTsbXGDb1znFNJJx7mlI29D3pQcZ5zmiw7iNwcdaU9BSUuDSGJtG4MaZtA3EH8O1OJ7GjHOAu0e9AEeACP9qk4w3+zUpAA/z0qM4z3oA//9bzM53expCrEcg5qUIRyc4PSjPzAV/WiP54YigAZxjFJkk/yqRwM8ZphyR8pxQIaQRx60088dxTtpIwTyKb8q8HqaAFAx1ppQ4qVRgU8KP4aAKwUgY603aPpU7DmlK8UARDPTFHIxTwoxijC8A0GgmB26U1gvbtUgx2PSmnb2oAT5eMHk00+o6ikIHBA5ppwDnNBPMHUbyOaUkEZNNbCjHrRx0oDmA4603IHFKfek5xQNMdnHzAcU0jnA9KD04NLnkEDtQMbtJPWm4xxUnUUYGcGoYEfvRR0bFIeu2kAjc9eKOR6U4qevSgEUAHWo6kNI3bFADKKKKAEHJo9TThzR/DnvWgDMDO48Ug64HepAu3gc0zHzZPOKAGAU7OevFOK+vekx36UDsIQPwphVfSpMH1FNw3rSsIiK5749qAmO341MR60nGOaLARBMnOacUHU859KVWIOOMU4miwDQijqDS4C8etAAPrSkA9O1FgIGPJXsKjqVlP9aZtOagBnTpRTiMUgBJ460AO98Um3GRmpCMA0dh7VoBGAB+FLz0HNKeMhRk0h569aAFGM5ppHpTjig47UAR7jSlRjcrYan4FR0AJjqx+bNGODnjFKDztPDAZoA4yevWgCPGKKk61GeKAEIH5UzHP1qSjHT2oAZtz3xUnGenJpO5IHFKcbiwB5rQCNlAPApoGBj1p55+U9qauR1FZsAUbhycEU1uxUZqQZAOBzTQCRtBxQAw5PXigAj3oORx1oGT7UAGeSab1p5AHGeab70HQN29fWmDv3qYnJpoCntQBFj8KQjv1qVl6EdqbtLcdKAGE5pOKm2kYGaZgck0AMwPSgj9KefTrS4H0oAZTDjgc1IQOxptACe1LSD1NLWYDfagnoOlO+tGPzFACZxxQfWlI3e1JjjmgLh1pp5/Cn0mP1oAZR8uc8jPp3pxHTFN69KADPHSjBIp2KOgoAiI5oHWnEZFAGKAFz3B/Cjj5iBzQPQjmn47GgBlNbHepflHWl3ALt259/agCvwwOOacBnBp2MA980dumKAG46nPWkK8dKccHHegqeoNADDgdKOD1o4HWjg9KAExQBilpD0oAX3/CgnAz60H5VHvQeePSk0A3g54peAKOQM0uARzWTjYhoOOgOaRhkUvFG7FSIZjkZ4HvTcAcdcelOIODjqaQKBx1oAXH4gU7b6Ug4Bp/uTQBEQQTzwKMCpSRjBphzk9hQAw4z0yKbjHfinjpRyOABQAwDOD2oOPTFSc+lMP6igBu4j7ozijBzmnAHPH8VC5A570DFwDwDzScjgCn9Bgfeph4FAhuSTnpjikPTjvS8DOO9LhuKqG5SG/WnA8nvig5PzelNztbBFbFCjnrQeOlHWjp1oAMZ9qTr3zS9P8A69HTt+VACgdB6U1ucmlHc0jelAEYzSnBHNGDSgZNFgEGKMcU7GKCawYhvApO9KRSE460hi+oHWijrkdqPam0Ap5pp9etO46daTA6dMUWAYS3QYp3QetAUdck04YHNFgGFRj6VGQSMCpiu4+lMIz7UWAP9kdqUjADCgcUueRRYBPbpmm+3cU445B60nIw3pSsA3OTShQRuozzu9aXFADTx269aYdp74AqQgHpTeB/uiiwCDI/nQOO1SHGM/hTWx0/CiwDR0PbNKFo202gBQMGkzk80uRwQeaOoPOaAE+U/eGc03njjHanYHJPFGePTPegA2AkimkHHQ4FOHJ9xR2OO9AEeTg4NAJ604gHkdqMdz3oAbjqRSg46UEYHHSncA8daAG9ydp5pvQninH7ucnnrTT9KAALzjNJjgnFGOKCOgxWxQ/uPpTecClorJokDRRRRYBDnNP/AN2mHOflpwBziiwDMeppCCT7U/g9e1HOPc0gGjb+dJgHt0p3HT1pee9AEeM+1HNOoPvQBE+xRuPVjjj+tStnoevTijOPoeuKZljgjBA659KAE2t8wHBFGWGFbkdM07ICnHc0cEcZGDQA0KSdrfNijp169Kdkqcjhs5pMBiSe3U0AKq/xY5FOADcn/wDXSDplaO2WoAMEqcCmEYUHPNOGWxkcmoySCQKBhz3oo5JzS8YoEHTtn6UjZ4zzR09hRn2x9aBiFfTimsvzYWpMhzgHmjBx64oNyNvvAnn1p3GwnFINo4Ap24EjHSgCMA4yBilBA5xS4B79+lIvPGOKrlI5kISo9eKcAOgbgUoGec9aN2ecUcocyEIb8KY3UVP7UxsZqSEyM4XnHXrQPnyG7UvK5GMg0mNpBB571BQ9doGTTmBxzxjpSrjOT1pTyOeoosaFdwCR245pq56Gnt146d6YQMZFFgAA56Zp6kEnac+1JgnhTg08Y4VRj3q7ANYFD05pgHI54FP6YDcknrTfvDAH3qLAIMgfSnZ5x2pCuOM8DrSYwcg1LQBtxnd0NNIwcjvTucZH40uAenOakBNpPHTNBHUEde9Jn1HIpe2D1FADfu/L1pMeg2084+7SH86AIyuODTzwcYz7n2oZWxycj2oYDOaAG4yODimAHNPXFGOeDQAgOPejHGSKcVbtTypC5FOwEYHGTxRg7c9TRnHXkUA8ZPFFgGhcEZHWlI4pRnBJ70o5I/KkaEbgYAHNNyR8w71MM8gcVH0ODQAg/wAil4zg96Oik4700j070AKc4UE5xRg9hjFGAOgxnvRwPlPOaAEwMFu47VGwATI7+lPI4IPGKcCuRkYrSxdiEZ6kn8aceB60/PFIQBwwzRYLIZg4BPHtS9B8vc07AxlR+dN7DjmiwWQp+8Q1ITtOBzTeeucinNhcAd6LBYB3IGaQ4AKjuacnXnincEDIztqGiBoHQmgkA7QKcM9RQwJ5zSAYGx160DjpSFSCM8c098DJAoAafl75zTSN3TtSjaoUEdacuT06CgYZ54FJQDg8mgcAnrQIQlRSsxI5GKN4Y85pRntQQ0MUYHy/jTyOM+tJ0o6dO1BSQZ7etHKnb1FGe470YAHy80DGnHSozmnZooGhQPTrSgDoKADtyKUA5x2oENPJx1pO/rR6ijsMU7GbCiij61YCHGSOpqPBx6CpRk8YwPWkABoAYTnlTml4IyTSEDPQ0cDr+lBumL15H50hyTknNB2k4JoPAwORWYDPmOc0nJz9KCDxS88fWgZ//9fz5gFbbnpSbVzuqUrnk9aTbgc1/WiP54ZD60YA59al+U4I7U0jt6c0CGHjtzSdOcU4KAvzdetLjaAWHvQA04HselNyB0GcU/rksMc0m4MNoOM+tAERP4UDjr81P4PHWkbj7tAAQB14qPHan/NnJFBBx0zQBGvAx60p49qeAD7UYGPXFAEFNwNvqSalpMj1oAjIzzimEcdKn2/L0qIg9hQAwjIAFOCnFPw2RQRg4oKiNPTAGKaoIODUmB1xikbA5FBQhWm5/vCn5BpmevykAnI+lS0AfTmoyO+MU/I+lHHrmlYBMZ460MMU846UzgdaLANpQeOlKQO1ID6UgGkHPFNPIIPenkDvQQccVSAj7YHNHU4PGKdj8OKOwPXNC3AdTM5HSn0hGaouMrDP6UUdKKDUQbe1LgA9M0ufbmnck/SgwYz1wKj6DFSYPemkcYxQIZj+IUuO9LjHy0vsOtADcg9zQc+tLzkdOlJxgE0ABFMznp2qTIHTml2+vegCuV+XrSKnPNSEHBApw4JOMUezAj4Cn0pCCD+tPG3IPr2pCCAe/NADASGJPcUnOcEYJFPIzg4pfvHp0FAEYHOOtJ29CaUenSjse4JzQAhFNxzUlNxQAcdcZzxn0pMYOPSnAZ45AHOPWnY79z+lAEZ47U3r2qTOOtJkZoAiK560mCOQeal4GQO9NIB6847UANPpTcfhmpOV6Gm7c5NADOh9qcAPXrSADqe1AwenGKAF69KjOOVHWpDg5x2phAxk8mgBvPXPIpeBnHNOyDyBg0beQTyKAIto696TkKcDgdamOMHHU9KZtJX5T9fegCMjIz6UDA4oIwaVRkYPWg6AHPWmsPSnHrxTgMdaAGdCARSYA68ipffHSmYH97BoMZSuJjrxS/Lj1o6ZyelAwMcZB60mgT6MiPNII8AgnntUgXKkrxg0ZyD3Pap5TYi29qCAGOOacDjB280NyegUGnygM74pxAXpznvSYP504KenaqAjwAuc0c7cnpUmBnntUZ5bcaxaOdhjpTj14GKQ+p7UHOea2OgQ0nT8aBkdTSnI6UAIeSBR2zR0/GjIoAb0FCjmhiPWncCswGg5/GlxnvRnB6cUoxnjnNAAOuaKTH606gCM8Gjk9RjFK3HvTW5GRzQAmccEdaU9Rg9qcAeM0m0bsigBpH50Be38qdn8/egnHXrQA0cA0ALjBGc0p6gHvSnAP0oATC496ac5+tOyOv8ASl96AIyCOaTjt1NSHJ74poTJzQA3oM96TjtUoB+tMbP0rKUSWhPmHTmlwRx0FAHPXrS8VDRI3k80Y9jg1JjueSKaeD7miwCew5zSMMjjtS+w6ClweufyoAiHGTSj5cjqOlLxg0LuODjPtWnsyuUdgnkHFB4J4zRhQeRzSc45o9mHKMBx19aUDgDHFKFHORz2p2CKzJG9+aaR+tPPA565pMg9elADfammnnimgY4PNXyMrlG7cUuM8mnd8npRnnJo5GHKMx3PSkYDqalPHBpNueDWpREAc89KADnPapCOcUEDOaAI+SeOtOOCM+lGQOe9NGR8h6GgA6dRSjHWjPajnGPSgAo4xR1oPQVlKVyWxm00dO1OwKOnQVAXGY460oHy560d84zTwOM5x7UDZF70dealoAp2C5Fj60uM9eakKgZHemY5HakAgX5c9KRgMDtUpHPB4pNoOST0oC5H2wOlAA54qRhgjBB+lMIxz0NACFT1yKj+ueal6gE00qD05NAmIBgc+lNwM8HNLyByaaM54OKYuck24pCvBxTh2FKTikWR4A9qTj60/wCU+9BAFACMQqg45NMKjdtJ4xxUvzA8HrTeuCOOabQDNuOnWkPHIGO1S4zz+tNz2pAM5+uKPv5xgUpBHOc0pHY5GaAGYx1pSuTlTik24PXNPVc0AN5NLt4pwxzgUemKdgG7SOKDwfenH0FNYcUWAb1JHY01un1qTnZikOdopARHil9SOTStx2zQo5JJwKAERfanke1C+xoI9DWtx3I9vHpQR071J+GaPfGKLhcjxikxUpHFMahMEwIweRxSc544HvSquTgHpQSQNxPU4rNiDqCT2oORScbsKaduyPm4waQCDk0nGeKU8Gl285oAj20uB0xUhXHOetN246mgBmAB6UgIxkGn4PJAHFIP7p60ANHTJOMUny8nse1PwBkEY96bsGAhOT60AHIxxgUn15p20cjGcUY/CgBu7JoIG7NOO2mZ4zTsAbcA80hUDinZxk4oyO4pWAYu4delK2fSl/E4owTTsBHghto71KMdqb059KcBjkdKLAMIbI7UYyPQU/Geoz6UuBk559qQEXTjPWmLjJqbjqopoUE8jFA7iDPCoeTT2GOCQaFAxt6e9PIAGOxoAgAGMg80Y9qXjpjOKfgEcZFAEWDjrmm4I4IqYqCcioyADkZ4oLjIQNkHJ6U4YPU0wrgE7utPxtAHrQaAQccdKZghcY4qUj34phHHWghSG9xzjij0HSj04owTjjPNBYHByAelLjbk5wBSDAJAHFIA2CSOaADHoc+tJ0pecEYxTCSOPzoAB78YoAGenA6GjPU9j3pQCSAO1S4gN9c8UpB654pzbic03GcdqkAI9D1pSRgD1pOwAoHGM96AFHGRTWwR65pzccEYpvHVRgVXKA3nkdqUDOCOKdg9jml28ZJ5o5QG54I9aQ52+gFP24xQcglAOtUBDjj1p2eM9aXocA03b2oAOvUYo/DFH1o/HNJoaYuaac9aWl7GoLDIPU49qbjp296Dyw2cEUZHcdKAHEZGKjIwcdjTycH5vwo5xtA680ARYPTrS4bp0p+OM9KNo69a0NLkZyRgUvI5akOTxQfzoOcCpPsKbgnpT8KeKUgeuBQApXPTjio/LII7809SCetPAGR3oOhEbAA5xihBjOak5PNNbGCOnNADM9+lKBlc9TmjsR3pQAFxnBqWiGhPrTeM8U7kjINGGxgHIqRDMEnFJhvSpCMjB7UlADOAMbc0ue4GKXYcg4yT6UpBzhRg+9ADV3Yx0WkHTDdqc3yf/XpAWxxyWoAQY6jt60nQcHJpSpIwxxR17ZoAPc8UY/I9aOoyOAPWkwB0oAMKRwOlJgE7s8elOUc9etIoH40BcU9Dt6UpxuGOOKb1B+tO60AMK5570h4wad8oJApa0MxgyT7e1OHPbGPWnDGMDrSBehB4FADeq4OM03pxTjycdqb0OD0oAM00jvTskdB3ozx070AR49qXB7cU8gGm8gcDPr2wKnlN0N9qKU9CRRg7QR1qQuf/0OELc0nX8aeVwTSY6V/WiP54ZERsB9qRMEEmnH73TijbwTjrQKwzOD6il5A+b5qeF/u0oTj3oHYjwSc4wPekIJwBipDu6EZo29SaBEe1VGMUzafvLxipSMdaMdwOKAIuqktzTBjHHANTAZHXFKVGKAK4GehoH+11pxUg4PFN55B4zQAhORwBTQB34qYRrjkH8KQqB0GKAGYOetIV5607vR39aAG7f0pOO459e9PqNv7woATimMQewAFLk+tB4GCKBtjCMj5Rk01TnrUoz1VsGmFfbPuKBDSGB9qMLRnHGKOh5oAXbgUhx3FTbfSgirUTQgkGRxwaaAQSe1S43fKfWjHUDmp5AI/mC7jSDDGlyAMDjFKcghetQtiLjADjtxTedxA6VIMKCKYwzk0LcLiY/WnevbFOx0xzikwQKosiopxDZ+XGKUKO5xQA3tg0v3fpS9B0oODyaB8rDAHekAHY0vfrkUucnHpQPlYwgim4HWpRj86jb/ZoJGkZpNtPo+lADMetHPbmnYx0pfrzQBGM96XPvS8mjAoAjI9KbUlLzRYBoGBTMYNSE4pDQBGAucjsKQKwGSOtSfLghuc0wADIAwAKADrz7UgWlAIXdkH8aUUAFIc044OQAQe9IM0ARkcUcDpzTmG4Up4XnmgCLn6GkOVHSnYAwfWl7n3oAjIwfSgYB46UYIB4pc88jg0ANI5zTTn04p5z90UYPNADABzQPapMGmnceOlADDu6minKMcHmlwKAI8H0zmjn6U7A9MYo/XNAETKSM44zyaCoU4xUhXC+xPIpCCSfWg35kN4HWkoK57UYI60GXtROTnb0HWkI5pcnHIoIJyOgoITuM2nr1pSQaXngd6XGD0zQUkIORjt1pSB249aTnHNOHfjINAhhUHHfFRjpjNTnheBxTVwUzjvQBGBk09lwKORzQyk9TQAzao6fjULMFwDzUzYIPt0puATu/OsmgEzkj3pT1wad34/CnELkYOfWtLAMGO9IQPWneo600470WATGD1zRjjmjBo45wcYqQFChiM0gBwfQUuaXcFIz90nmqsBEQcD0FIBnoakHOT60h6VNiuZjdpIxnmj37U/HejGBxSDmZF+NL0HFKOnNIeOtBsJznk44pVzikXHaloC4nfkUNgUuB3oYZFAEY5yfTpTsZwaMdqd0+lADcH603kHNSUnWgBM980mAeaUjPtTenU0AKPUUh9SKOOlJyeBQAAYGOlB9+aU80vPaspRIaGjGDzwaO460uOaPxqbCExweOaYRhuvWpM9utBxjpQBGM89sUuM++O9Lxzk+1IDjiq52VzAemMZNKeeo7UccHFJnGec0+dhzCDn24p2cgZpBwKTA4BqLCFxhsk8UdR7UCjJHHpRYVgHv1prDsKf06d6TOOK3NBmMjA5pdvGKX7vzd6XPO4d6AI26ik9hwKlPzA+opoXHA5oAZnnrR2FPxyKXaOaAIcN26U5hjBzipAozjOKbtH3aAIcHPHFC47VIRkfSjHQYwKAEK5OcYzTQCWyQT/KnhcnPUHtTiBnIyKwZFyMgDpSZNSU1gKcY3BK5GBTqcV9KbWqiWGPWj8KU+34UwmnYBx4OQKXJA55o4+lN+bPU4rBokU5zxwaXHPTr3o569RSHAAB4pCGkY46U3GOvapM54x0pu3OfegdxAKOpwO1OII+lNIA5znNA7ifrScdcUv1GKOTyetAw60AnHNGDyTTivU0ANo4NFFACYFGKXNHPpRYBPTnGDQehI5yafnuOSaYabQDcYOTkCkG4ghs9aMEde1Lk9+c0WATFFHNGKLAJilwP4aTp1pf92tLjuJilxniiii4XGgjp6UrcilppzjipcRDfmB570dfwo+Yn6UdMZ71NgGkYPXFPwccjFGDnjinYAHHFWAgBoweMnvnHanHtS9TxQBGQSaaQSuMc1KAc9KYM5PNAEeD3HT0puM8AVLtHc1GQ3HOTnmgYoJPIHSl56mlXbzn1pWbOPc0AFFB680dahoQp6U3saceg5pPcUgI8AE5HNHU89qfjcf60EDJBGc0AMGO5wKDll3E8D0p5GeMUzaBggYFACeuKOuBSnuPSg9AfSrSGNbHXsKbyDz2p/HWmHOKq4XA5Iz3p+wdzzQoB+opcHORRcLjCAOhoI7HipMZHTFN8v1NFwuR9PelIPGe9KSyqdozS88cUJgmO59aZxxxUh96aQPSs2hEeOfSkCtnfuwM9KmI9OtNIX8aQDTzn3ooooAMnPXApRuzjd+NGD3FN4xg0AHrzzRj0OMUuQevFLjP3jQBGuMkEZ9KaeRg1Iy5XANN2cjBx60DG445NOI2kDsacy7sEDGKQnJz0NAXI2U/eBxikO/H0p4z+ftSALnPTNACe/qMUwZ+Udal/WmAckdOaDcDnheppNucnH1o5P1pDnPXrTsAYXPHT0p2AMjPXvSYxjvijORyKLACgDod1J1HPWlxjgnFOAyMqaVgGHgcj8aCASMdKeBjJ65pMEtiiwCdBlhSHIOBxipcY5Gce9RZY/d/M0WAaqgZJODTz2I70ACjI/h60AJwPel5DZpAM5U8Gnbieo6UARFVz0pnepm28Ag0wZHNABtHemE4OKewpBjp1oAZTcEHipODS44xSaAZkkbh2PNOByTjrSbTyO3pSYYDK8VNh3BecgjOKccMc96bgZBzzSqTjcwyKLBcdtLdTTBkHBqQdfajZuPHJ9KsQxhn5hUR+UHv2qUjb1PvTTycEYFAEfQZpcYGG/lT1G4hcfmaVgQx3D8qAI1I6DtTwTtGfWkIPIFO2gtz2FBcZA2T7YqMZGQepqTHcmggbePwoNSMDBOacQFwcc0oweSOaDlhz1oAZjP1owo465o78dacOODRYVhvGMA9aXp35PFOwBwfwpwAzyKLBYjOQdxHQYzSAdP4gaeRgU3YQM5NRYgYqgFgw4NL1I+XgdKlwM8jNAb5cAYIosBDjcflOcdc0Y6nuPSncknIxmkwfuikA0oNuPWlIYYUjaKXqcr0FLj5sE5oAaOAWx7Cm09jxj+VMp2AOrDBxQMEtjgUHBHIozkc0WM2PQR55yT6/SnYAznkU1eAKdk5NWA0gBlIPfpUa9SBUo6Mc9qbnC4NADPamH0qTHekwM5oAb8uDzxSHbzg1ITwcdcUnGSaAGU0jNOpCM0G6ZGQfwo6NipCOhqM/e9qB3P/R4hup9KT09KVup9KT09K/rRH88MjbBbn8qeoOMdD6UvGCOmaTGOV5PrQIMY5xj1p5yACRke1NIxjnNGVDY9aAAjup5pnH1p+0jkUHkc0ARNntwKZknpyKkxjnOaQkDoKAGZI+YjIpcEdORTti5yTgHtTcDoDQBGQT82c0EAjpzU2BjNIF+Ynt2oAZzgAdqQ5JqTaefaoiD1oAiKn8aPujjvUuCaOvHSgCEjaeeppMEjOOlPPzcntQDjr0oAiIwd1Rsx3FcVOcEcdqYcE59KAGhRznik2rkYbrT8DvwKXgjAoAhIHrk01QCAWXJFTEeopDjjjrQApGabyDzT8YpPrWhoJtzTSB6ZqQUnNAEBXaM0mePSpWGRjFRkHGetRYzHgjHIoxnoaBnHNLxRY0EXocVHgdWqX8MU0g5AApAMABPXpRjPbPFPKnvTQpAoAjGQe/0pR09aeV24zSEYOaAGKDgDNOYDFC9Tg07oDQA3b6UxgAc1NwTimYGMigCIDNO6UDgcUv0oACPbFJtx2xinZHHOaTjnvQAzPp1oyfTijC/jSY9OlUkAppKXb2FJg1TAbkUnPan8fjRj061mA3GeR2puM/e5zT+hwPxpcY6igCLaw4dVA7YOaX5afkYwF4pgAzQAFR8uTwR+NM/vIDznPNPGSdxPI/lS8ZbHQ889aAIyOnr7U0nGRinYXllGPXPemjcCCOBQAz60VJketJkYoAbTSOnfFOHfvTiB16YoAhb0FOAyAfzo65x0NLgHAPB6UANOefWgD1708cfTpRtPbtQBEB260oJ54zxQfvKAep5pDnG3pg9qAFzjqO1MwDwOCKUkj8e9NOSDk80EtjSMjntTs4OR3ox696bg9qBXJfxoH1zSZ9eaX6CgsaQW6cVGeeKnPvxURoAjop3TFHXPtQZgwyM0ig4xTvm3DsppWHUCg0GEdATUZw3y4xipiPxqMjHz9qAGMcHrzTxkjJOBTiT1xS4BIGeBUJgNI24JpGTuT1p4G44I6e9Ic9RxSAj57DpTsAAEjFL9KXJNOwEbJ0xUOMnHpVljgYHXNRjnJbjNHKAmAQDnvTWRTz7089PWjqM9TSAhCN1HIzTyu5T7GpcYHXrQx29eAaVgK4BGc8UqjI60oHGR096XHQmtGtQAjP8qb0OPSnenY0Hk+5pANHWlIYg4wT+lLij9aAIef4to46Uv8AtcZNSEL0IFRlR0AwR3rNgO2t6U0jHWnc8008cmqNxPcUDHQ0EZIpwwehoHcbSFgoy3enkDGehFRY2qd3LGk2Zyl0Q4YP+NNIoYBMAHdkdh0owTSuJTYrEYz1pp254OB2qQBz2wRxTOchfvCncftBAVPApMjp60h+Xp+FAz/FRzB7Qf04oyKRcD3pH456VnYnmHUg6Y6UHG31zS4FHsyyEgEYHNPBXqKbyGJHFPQcDJ561SIjuKSSDgU05B5GP8aeBnHPFIOBnH51ZsMXPfpUhAoOO3WkA9aAGkYpKexwMmmnIIwuRQA32oPJ46Upzn1Bo/2SMe9ACAdtvHrSHGck8UpPOc5FKuc4xgmgBff1oHoMU3rx1oyTz6UAL70ZA5o96O/JoAMZHFB4xxmgnHPXFJjgA1lyMjlGnJAz3oA5wO1PHP40h+XrRyMOUXNGevNFHSoER7fXpTcYqUjPTk0m2tKZURnvSE8U7A6+nFJjj6VoUA6U1vX0p3QD3pD60AN3ZAIHNDBuhp33TxTsA9aAGexycdqYeSTggVITj3FIM8A8CsGSIelHbcO3anH2OM0cdOpHWkITkjd29KQ5x9KcRt5HANIR680AMwSRmjoeOuaeQc03vigdxTggn3oz1BoIwM0gwQQe1AgPJxnikx3zx6U4egNBI4Y0DIyvv1pwX06Uo6mjp360xoibO446Ug6cVNx6UhAH3a3KuRn19KQDJp5xnIFLke9AXGgUuBS/hTTQIax59aUAEelLj04oB7EVDGxhzjilOO3ak/rTgKQhODSFsdu9P47U3GcUAR46mlxjnrTsUuMc9aLhcTuM0vfmk6DjrR29TQAHrmlP5UhBxzS9CB/OgBDnilOOcgU3kZzSkLweaAI+MZPFJj5S1PZc8dKTpkUmwGjp05p3sRzQB+dPx+dJMBmBnHWkIPUng04rt6nGTTT+Y96q4xSRnJ70dc9803oRnj9aUAj6VmIKO9J6Ud6dgFoHTmheaKQAB1z3pre44FOB6Z70hGQc9BQAzOQeOp6UmAT6U9RkeuD3o4647/hWrGxhGMAdadkelOOWGAKR+MY+73pCGikw2M5pflBHNLjgj0oAAuOfWjjAWk4PWl5Jz0oAOD7kUbc80f1pAeMfzouFxOBQeOpp34dKOfQUmrjGjHf1pjAdqeAO/rQ2O1TYQzLDvmiiiiwB68ZI9aMcH+LPpRzzjv60DHPbHWkAYwm00uRwB6UnTHegZzjpmgB2e1NFKD8+c0mMUADDjIqPb+lScd+KQjBz0xQAzqvHFMbP/wBepiKYQc59KC5bjeTyOho27futxnpT9rAlh0PakJPOB+NOxNxpxjn9KMc+tOPvnNLjnnn6VZcZdBu0kdM0/Cg/3aauTnJpVPXmg0E685xR05o79cUY54oAXJIyetMI7CncE5pXwMHmgCLBHHajjPHBFKe+enakGMc1LQCkYwcUgx0NL9aQjPSpAaWJ+XPFNwCTg0pGOgowME9KAAA4HtThjH1pRnAzQduDn1oAYBzntRjr707JI55FBHTHQ0ARnHGBml5P4U5lwAR0pvzBgT1oAMKfqaacjjtTun3jz7UEN9AKADsMcChQGJbv0o5xgc4o7gDjvQAx0Kjmmn+719Kmc7hnsKhIOc96AAdOeD2pRx24NPAz1HJpMDoTQA0DJ9MUu4Ht1oIJ+UjIpdrL0O2gBuCeB1Wgksu4nHtSoDtGTk5OT3pDkjGOccUFxkJjoead8vQHigD7pPTGOKYN3QnvQa3Aj07+lHTnPtinHPQdKAAp6UADL+lHfFKRjnqKXBPK9aAEyOhHFGcA7u3SjBHTjNNGO5xQFxxAGOc56UZUc460gAXofeg4zkZoC4uc0zb6UuMfWnA+lQ0RYZzjGKTYAM5JNOyM4xRg5/uiqSGkMZMHPQmkwO3INS/LuwCTxSBG2LjjFMoYq47ZppXGBUuB94DpSFQSRnigxnuMOW+tGMD3p23b2pSBkA0EjOCOeKTBxkjFL0xxmlGck9fQUARikwfqKeQc5FJtZR/vUAA9RTTyeBinBD3NIynqTQAFMcUwjFPbP3t3tTOTQAhAPPNMIACqzAbjx/8AXqTqpB6+tM524AwB170Af//S4xs56VGc+lSknNNwfWv60R/O7YwdcntSAZBweB+tPGe9BA60CuhgPBzRgqMVJgEDd2oxzhaAuiLbj5qd+GakIxy3IphAHHQ0DEA9aa3NKd2MHk0o+bnGMUAR7CDk8g9PWg43EgYJ7VKdp5HBpgwqjjI7560AMopcGlUbetABxTSM9aXvgUuKAIyDwegFIQMnI4p/POegppHTvQBFgDJHQ1CQxwB1zVrC7sngGkGQCD1oArEMrkAdaMbRkjBPWrATAJzTHUFRjigCE9MrwaeS3QqKTgYPAxSkjnPP0oAYVG73FGAAeOacVxSbSenUUAMPWkPNPKn60mDWpoNHXrR9aeBnGRSH3pWAbRxTtvejafSiwCUwr0p2evtRnp70AAHHJ5puOctS45yeKGHNRYBuC3OcU07uhPFS8HGaY20ADtmkAh4yBSY79KXI54pRntQFxgGc04DgAcimkr82ck0pfgZ5oC4bRSEFefzFOXJGetNdg3A/SqsieYjwPzowM47UnH8R5PSjPVWPHajQOYXb2FMLbSwHVeD+NKelDc4HpSuHMMo/Gj8cUUiR+eKafU0/timHFaM0E7YNAoxTgO9RYAKE5b0pQvy5/nRz34oAJ47CiwDKbtqTb6UmDSAbgdaZu5+7UhXB60pxjk0ARcY56UlP+Wm0AQk5/wDrUhVgcA8VIdv92mkYGMc0GYq9OOtBpcjt1puRQaCAA9e3pSgmlX+dLkZ+Y0AJgelNPHU804+xphIHJ5xQAxsHG4cZqPdj5VPFSfeBJ6Gl25yCOnSglshAVsDpSlWPPcGnnGMehowSTu9aCRmBzz8w7U08YLHn0qQ7ec0cjoeKAEAXoDgmgbeh7VIAD97jNLzgg9BQaEdFFFAEOPSnYAxjnNO6YHek6Z7CgzHcEcdB60mQeadx3pDjvx9KDQQ/d46VGctwKdnLYPSkxjntQAm0kAA4xS7eOo+Wlxg9KUcdutCiAgUnqaacYNPHC5zjFBzgHpU8oDNuOCaUAHDGnZ6YFABqgIiACVFIV4BqTBOD60Y4xjpQBEVGc/pTQMdDgVIMjjtSkN1zwKzARGBXn1pSDnJ5ApQBjIpT1JHOaAKzAE4PIpEHJDdO1SsBgnGKaRnGOKHuAhBGQT16UwDjjqKfgZz6cUoxycY7UALjgAVHtI5FScKcUmQBzQA0oSQR+NBUk5PUVNgEcenWmHChifXrQBD3wp600jGcDNTbFOT1pNvHyGlYCAZz6UoBxwBzTzxio+QelSA/bzzTtqj52pydiaU/3SKqwEHOcdiaTgn2FLyBmgYx7mkwEBxn3oJVTgUpz1xR94EHtyKQEZx0ozn7nHrmn5Lrx1ppHzEikAnJ4K496QhcZbP0peehJo+XOQc0ARtn5cClIx9acwQkbsn6cUpCjqDQA0BuAOQaeMkk0em0GlUYyp5PWmio7ijvk0hGe+RSnBIGaTpx1qzYRsDjpTQe3WnHPY5po9M0AG0fnS4PQUmf0oz+tACbcn0NIAc/KetP47UpweooAbjt0zSFc9adjtS9/egBhFNI7U/uPSkAxnLbs0AMBowOlGPrUigD0oAbjpjpTQcnFS4zx60mM+9ADASPwppAPPSnlQpyegoHzAAHGKAGgUHvmpG6EnkYxUZz1P0qZRuJoCT/AA0An+KgUp6dKIxsCRGRg/WkFSnnrTQveqGN9DSE1IRwfek285oAbSYpxBFKQMUANzRSdqXb8tTKNxNCcg9MntS47gYxRjdx+tHAG3NZWJsALHPGaQ+lLyOM0dOM5BpCEYE49qZxup/PGOlIRnigBv8ADRwDSnIHI5BpOM89KBh6UZ56UY49AaBn69qdgsAPryKDj0pAOSO1OAz1FFikM6HHrS4wTT8YG3FIc7s44rcqww8AY703OM+1Pwc5pGBI9KAsJknFOZRxu5pqBtx2jNPOCM0CIj16Gilox3oC40A9Me9KPXnmnAZPXGKcFA4/GgdxmO/TFJnPFPK9cetNPQkc5NAridRg0eoo9QRRnPSpaHYTqOabjinnkjNHtilYViMgYB704jPOM0p+tBACikA0gnHYUHb0NKQMjilbbx2oQIbTSPSpCM8im4NQ0AdePSk96XnrRz3PWkAZx0GBTSD+VO7YPSgbTjB6UAR/MO2M9aMAkc5p+CMkc7qXOMcVokMaeQe1MxjHvUnqMZzSPwAKaBDaKXPAA60KOpas2IAG79KTGevAp5TpzxSBQeKQDc0A/LijHzcU7pWrGxh4G7rSEY6VJgDk96bjB3HvSEM2jrS4pcH1ox70AHAxmjp06UuO1Jt/GgBpxjA4oO3Of50bQDk9qQdDQA5jnpTQfzopdvc9aAGkZ5zSkKON1AJHJFICDwaLhcTaBnnoBS4FB4B9yKUg5YelO47gRkUmzIp/8NNLcYqOVhYQqB2+7QeeRxmkBycAfWlxnhqVhDNpz1pcipOMY6Um3I9aLARD3pw4464pcYpvXA/WkAuOueh7Ug59hRzn1NJkEY60FT3Ez1YU0cA5qTacYo6dOa1uK4zduGMY96ds5yOPal5PSlHFIRH7UmPWnHrSsOKAGdTzR70ckUvvQdADBIAHWnuBjaOQKRckHHBpcgduaAIyuVyvBNM+bow/KpmUk/e4HaoyAeQcZoAZjcTzgCkHrTyCRx270YPHORRYA2ge5NIVbPtQB1FPHpjFFgI6Kk4+9UbY8yPOSM5OOmKzAX2zQemKXq33aaD81ACA54FBIzTwnzZPSjb+Y6UAQgYGV4+tOXH3VJbPXNPZBgE/MaOeM8UARybfoD6UoADEDnIoPUYHWg8cEZyetABjHamc5qTGB8opcDjdQBEMHj0pc45YYz0p+D0xz60EHoRkUARkA8inEevINI3p1zS4UD09KAG8DpxTsDndzik/WnfeLZ4NAEZGOn5UYz0604f5NL9PzoAiOM804FvTGKOM4Iz707APfrQdCGc9ucUoOKdkY560q9OelADMZzxzQBt/h3fWncnnOKOO3NACY3D6+tIdvABpT/Ol+TovWgCLnnFHX2pzDPPTHagDPXv39KAFGAwJ/UU0j3zzUkfZdxPXkikXOSfegBnODk9KG2lVHIKmpOh4+UGgg9zmgBhHzH0FIM546U/n8etKAW6nkUGMtxnU88CmnjjH0p7Dt1ppOcGgkZgcY5pQvNOUADjijPGB1NOwCEcDbzTCFABzmpCDjriosYHHApALnJ46dPxpSMEq3Wk6cN36UA4ORQAzaq8GmsaexI6Cmg98UARnHSmjPQVIwHU03kcjigD/0+PIGc45pMD0p5znOKTnrjiv60R/OLixuBSbQRTvcUe1AcrGAZp5CuAH7UUUFKAhGVP1qMjJNP5PSm5JHHrQaBQKdtNG00AMIU9KbtYVYxTGGOnNAEe31p2FoooAYcD8KYRkcVKRnmmdOlADPajNPpCRQBAeeKAT1NPHPFDY60AN55GM01gOOcn0oG7nn8Kd84xxQBDgZywzR+lTAe2KjOdvNAASD3zTcUZHSl4NAEfQcigkZNSfN3OaZwcDGaAGEgjcDznFNIxyeuelS7cHjpTSSfmPToKAI+ucnB9KOnTPFObIwc80IM9e3egAPTOOtAx0pxz6ZpRnHNaAR0mQM5pxBxUbAkgUnIBvfngUYBHNSBT0PHuaUrxzyfUVNgIv50vGOvNLtP407B9RRYCMcnjvSlQOnJpwFI3yj600gGgMQCOPao3JJwBhaeAwPNIxJOD93vTYEeQD1BH0pARjg4NShSM7DxQB3yB9KVgIeW5alPSpmG8ccfWoO/pSaAWkIzQDmlHWkA3IOPSkbafrT2TALHgelBX7oIxValXY3kNtPUUfN3HFDDjOMN/Sk47dqLsLsePejr0pAR3NL9KooTFAAB5FO4HpScH0rNgMHf0prcinDngmk4OTQZkWCeM4xSjknmlPbH1pD3x/FzQAw8EDvRyeW7U88kZ/P0pFAQYXv3bv9KAI6MH1px9+KMUANPbBpjAk1IcZx6U3HUetADcDJ56Uo9uaVRxmlwc0AR4Bzxil68Up4PAoOR0oATGPek9+1OHtRjjigCM4BwRSn+6eCKdyQc0w5z8vWgBeNvI6UvrjpTicKCOaQ+/eg0GbRkUr9vrSnAP0oOD+VADTjOT+lHuP1p2eMdKCePWgBhG7B60mDxTug2mk6HpQAAdTS4HT1o6dutIMdaAEwdv1poyEKn160/OMNT8bieOvagCEdeORSdMAmlYEAZ9egpSo6jpQAgJJOOlOZc454oH060nzE+woAbkjAHNDbjz6dadgrkjvTWOM4PNADexJpqrkZzilILN8xz7VJ8pO3oaAE7DFLld2M49qYcAYVs4pNpAy2PqaAGn5iAeBTCD09Kfuzx6UAHnJ4rMBuDySM+1JtZ1GeDUu4gjC4JpDjd6GgCPnOfzoxz1qTn8+tNx1FACjPQdKXjO3HFAxk8UuOxwDQAxsDlehpvHTvUnA444prbeoIoAhZckZ4A60pUnI65qQdPpSA9j1PWgBF+Vdp5A70c4+tLjqOgpSCAMcUAQEDoTSBR1BqZgAMkc+tMAPQdKVgI+xySM0EnHSnbTnPGBSYI5zn0pAM4HGeB2oyTkA8elLg8D160EZOO9IBQoH/wBemhQc/wBKccHrSg4oAi47CgjjinbTTcetICTNFGKK0N0xOVGQAfXJ5/ClFJ0zS0DuNI4yBgGmHHQ9aWkIzUtmTmNB2jnpT85HTim4z8venD5Tt70JhGQhPOAOtHQ8GnY4xnrSbR+VUai5x9aAO5pMc0ox3oAcRTCAvQU45pvIFAB7etFHp70d6AF+nFN6dTTwOOe1IR60ANY5HHOaRcjPFO57Gm4UdBn1oC4HJUkDpTSOnvzTiQOnfil7euKAIwCwHancjg9DTzhcdqB3zzQBEPWnFcggnr0xSnPb8qMgHbQA08nJoHpRkgZ96D37HvQA04/KlGfXrQMn+MfTFB46d6AIz14pxXHWhlyM0EcdaAEx+FGaUA4xnNJlscmgAz3xmkwfWlw2PSlx6DketTKNxNCZ4+XjFKcZ69aaOvH40ZAHtUcjFyi4z+PFMAyCDxinH0BxSnBwaORhYQ859qbxSjHWjHb1rUojwOpp4C4xQQKVeooAdtYjJPApp+YY6UuCDyKXj7o596AIwMcZ596O2Oxp5yMHuaaA2fYUAJgj7tBGPl6e9P8AZaaeB83NADDnqeaMdqdgjnINHQZ6E0AHY8UgyeB+tB9D1o9+tAAOOhyTR3FO54IpuT0H60ANIHrRgClwec0pwRntQBDhs9ad2zml4GR60uAOOtIjYQYz8wzml29+uaaBS9eV6elJo0An060cdTSdD8wxSgHp+NKwWE4PSlKjPBoY7uNvSk6kEjpRZgHtTOORmpKQqMZNK1wG9sDoKTr2xTsYzTT2wM1FhCDtjtQOeT3o6ZwaXsKLAKc44GaaR2P607Hqc00DByDkGiwCqDjng0Hg80Z4LdMU7aW5zwKLAJnjFBwORQPejHBosA1sdeufSmkYJzzxT+vXoPSmkHOfarAAM4zTRk9adjI+tLjJIHGaAGeope5FFHP3fSgBOBjLUHH8NHBHTmlICigBCvORzTTgfMOlP/DgUnOAc0ANOD7UgPFKMjJPNOORjtQA09KbT2pmDQAdaMnr60ZI564oGB8g4HWgBSefrS5pCMe1BHAoAb9OPWlwOvWj9aUDnnpRcLiD3oPP3eMmg/rRyevGDTTGmA6460cYPFGeScUDOMDis2hDT04603tnp7U5uFpF5XjkUrAJ19RS/iBSEt35owD1Ga0AXPocetG7PXijFGOPmoARigIzz9KXjPPA60bsAjGaDx0AoATqflpgAOcdqk3BhyKGwOD1oGtxOo6UHGeOaQ44IHNLhR8vUGg3EyecD8KafcY9qecenSmcdhQAnQfL070cAdaO1KBgZFBEpCfXrS59aQfSj3oMhu3OT1pPmxjtT8jOBR0PFZ8up0Ap5yaTH604gL3603OOSKvlAXqKMEjH60UrY2cUmgEJA6Goznv0NIOmKWpAPb8aOvH40Z/Gj9KADOwhSeOpNBDc8gg8j6U4cjaMYpMfjmgBM8ggk8dqCdvX8qXp3oGOnc0AMGANz8qOwpuAwBHIHODT844HJpnXoOe9AAMknFO2qQR3owAeafkhSvSgCPBAGDx3pACGI7VIdrEqeKTYwG7PQ0AMx+lKuMZ9KGztOR1oJH3cYPeguMgwcYx1pR90AdqbznI57UhI4zxig1FxikpeKXkUAATAPPWlUAHp0NOOB+NISelAEe3hlz3peh45FOPB6dabnAOOgoAU/wAKgcikHIIx9aPu8k5pF4GR2oAeOeKYDz06UueDxTQeduadguPOc9KQdc4oAyPeg4osc41t3THWkI444xT/AJs8NwKcR79aLARc/hTTnIx2o+nSl4wSKsAPNH1o7ZFBb27UmBHnv6UZGORjFGTjpml5xipsA0+nSk9xzT2+tCjHGaQERGajIxUvc0hFAH//1OTYAHmkAPccU9sZ6Ui/Wv62ij+eGR8c084LdMU7BOe1O5DDipOdjSv40z9KlP5UzHfrQIY0bdVUk/pSAFTh8AmngKeWyD7GnAEcF8/WgCLHXFJjn3FPI4I60nU5XimaymMpaKKRPtGNx60u0DnrS80e460EDNoA+ppCoJ44qTAFJkfxetM6CEg56U0jnGamI43ZzTSBjpSAiAwSSaaOQcjipWGR0prckY4FAEWKdz1p+MUY60ARscimVIF7UhXFAEZUGmFewH0qUqo6GmeXnndQAnOOo4pBnvjmkxt4PNKRnpQAHHNIecZFSBQcg/ypDgD1oAgcHOO1NJ+UelTnqCaiYc7hQAfSjvxRR2oADzjI4xmm9Mep5p3Jzg8mkJwaAD19aU+45NAPJNBB9ea0ADjr6VGc5p3tS5H50AMXjPagjOAadjGaBzjPSgCMqV6flTeAc4we9TtkckZpnlnfk8g9qAIhgZ45P608Ag52jj+VL+mKAMck9qAEODuBPPaq4XIOTxVpVHcc1GFHORx2pNAQ7T6UA4OamGaD0NLlAhK5xnoacByM80jAAgZODTfmAwx6UFXQ6RgBnqabtUNn+9Q27GScZp4JB2A9KdwuiHHagBj9TS7SMjr3o57VKJGjrj8KU8HjmkHWjGCSaQC85z0pmOcdKfx35pPrTAbj1PtS5A79OKMblyOc9KaV4xQAjqOopHZiNo4peOnWnYJ5pAQgcY6/WlIJYN2HpUjZwTUXAWgAONxo79OlJjgUDJagA+ULzS8DpQT82KU54NADMEDBpo/KpCM89PamkbqAE6nrigDuaMDv9KeMdDQA0gg57Um3JGakwMEZoxnOeMUARAHjB4pGGfqDT8DHvSDkkUARY55owcjFO2njNKFOCR170AM+9+FLingelM2bCcPuz+lADfmzxS8nr3oGcYPNKD14xQO43ORmlJxS8daTg0BcTdkZAoDNtpw4U54ph254oC45TjOOppjZIAPagZA55pBwGoC5ISPlPQUc9ByO9AK8Z6UmTz2zQWJ8vIwabhuvFOOPypuec54oATjHI5p23uO1AO75qCAp3DJFACc9SMGkZAwy3NO5PSk5BPegBp7A9qMAggU7GMk8008cdjWYCblyM8Uc7skYFJtxkjr705RleaAEbOc54NIQQRkU/oc00KQc5zQAnAx1ownpk08YByelGO2OlADF54PApuOPU5p+M4x3FMBwQDzmgzDGQKTaSaeBgfSlx1oNBpH8J5pnGMVICQCc4pg+vNADRnvzmm4XkdKfxnJ4pNnfPWgCPHOwc5p3fincj5T19aUL/AOMetAEZyTjbTMHoOMVMQT8rHNMxyB0A70mgEI+UqeKcTn2OMUZHT9aTBDBO/rQBGc59aXG4YHWndfem4/EUrACgng9qFG7qMU7qPp2peSfYUWAh2fNzSYOM5qc5PC8UhCEZfmjlAhwRwKMAdOtO9gOKOlSAw5P+NAxjJ7Up+XHqaQAnNAB1pQcUlFA0x/B5oyOc0z6Uv8AFuwOlVzF+0HcetJkcjNIepGKaexx1obCUh3cfhTs81GvNLn5c0JijIcfpTSx5NOPP40wj17UNjlLohmeevNJn0704A9hzSlfSpMxisRkdqlGBj2qPA7U4EcAjBqky4yHDkjuRzSZAzn60pwSDSc55qjUMdG7g/zo5+YdAOlBPOMfWk/HrQApUHAPU0wgnJPBPWpO/v2ppwM+tADMAY4o7EUvXFA9aAE7DNAOABkUu32GTS4xnpigCPHPTNOGegpxDY5NIe2TQAY/2aCCff2ozyeaTJx0oAaeOnFHXHek4PWj1zQAYIyKTnuKfjgEdaQgHg8g0AJx0pOODTjScUANOOaFHH1pOKeAMUAGFX7xzTV5OBxmpDwMgZoZSeRxigCNjj7xwKdt28rjJ70g5GCMimZXtnNADskcDrTsbepzTc+velBI4zQAEH7ykYqMnJ61Jk/Smcjj+VABhjyKXv8ASjHHvTh34oAQj0pjAkfWpeeCelRt6Z6UAM6NgdaepOOaZnuO9P6Y44pX1GJgkKT2pefSmjjilxxx2piGle5GKTB+7jOafweTmkwR0OaAAICMGm7e6in475waOaAEIx1pGXjPvTicLxzTWPyZ96AEopM0Z9qloYhHPWkIz04pecgmnDp0zSswGY6YpMZFP6Yppxzii4XA8EA0oXPHagAAUo9aLhcbt456e9HHTvSk4ztNGB680XC43FGKKKLhcKDz15oopCA4/CjjOce1ByBz0oJ5x680AB7+ho75FL356Ug5x6UAM56A4pM8c08gFuelNI5PbFACfe70dAM0vJx0o7etAB9KTn60op2KAGdelJgd6k/Sl6dKAIRhTzzmnY3exFKxOQR9KVxtAB6GgCPj+IZNG09xindPegN74/CgBpWky2NoOAetPooAjPHPqaDyPxp/UZ9OKTGOOgFACD0oHBye1B60E9PWi4XGEjJOO1Cpnac4x1xTgDkkc9uaOO46dhTuO43gc4PNAx607B7Gl5OCQBSEJjn1pGwBjFLjBzyaM8Y6UAMGM8E0nvin4bB6YpuO47UAAOT8oxSYxjnJ96MDHvS7e4NA1uGAOaaeeaWig3GDnpxQegwaDkHk03cxwCKAHcHvQeOc0dO1HXtQAnrg0YxgdaO/IwKB0IHPvQjDqA4+lJ8xHHAzTscY6jrTjjDEccVK3AYeWGDxS/wncOCeKAOQCO1IPX0qhCdenal3EY96d935uMGkxxgigBuBuzQy+g96f95fpxTV5AJHbFJo0jIYVK8+tH16ipB0zRgH7pxmhI0DbxxSd9wFJyB09qXcB8ozzxQ0Aw5OSMACjjGe9SHgbcdB3prA8UJAN6DPUGkyST1pwBJGOhpwz0JH4U7AR7uD3p2xmHpSKvJA70KzdxwKLAPYqvJ4ppUZznk+tPzu47CmsM/OevaiwDSpYdcHtSFf4uuaf1Az3oIABAosBEeOhxQV52kZqQZGD6CjBK5NFi4yIiORxyTSgZ69BSsAD+FLjnB4ArNmlwPPHpQM/e4waVepIxg0mMDA7UDuMPTI7UnXrUhHbPWlAGduM4FaWC5AR/OnHFKRwOMU329qLAGTzx1pSOSfakOQBx1pwOCCRQc43ooYNu7Up4+Uj3oIyNo569KOvzEfnQAgx0zRjJyT0p+cjA7UmPmBHegBhA6A0u3PU0uFBJNKR6UAR9D8vNIAW4YYp+0ZOATSYIGORQBFhskEgCk6D5utSY4/vfWl+bPpQZEB2gnaPQ804kDnH5UZ4BYdSaF3AGoZqN3B/u5ppDDuBUgPt/8AXqvIOchQfp2pAf/V5YjNIF/nUm2hgRzX9aI/nBiDIYk0MOQR2pcZYZpzYJxQIZxkjHJpOhxR9aAMsT6UARkc5HWg8MB2PWpcZb2FRdznn0oAOnSijmigBAvHNBwOmKd/P1ppGfrQAtJjnNLx2IP0ooAYT3qIsOhqbII4qPbn2oLjIQYPU4pDg+1ScUxgOvWg1GnpgGmhT9ak+hApMA9aAGNSAVJTCMGgBOM8fjSMBwAcinHP1oYcHigyjuRZHUrmkxnrwe1OPBJB+oo5HvQajCg6etJsJ69qfktyegoIA/GgCIgqcD8aUDNPAz+FNII96AIyAOKPQYpcE4OKCooAb2JqI8fjS84x2FKFzxQA3ryO9DA0/BBw3JpSmR+FAFcAjrzmpBnglc0BB0BpQRjmgBpIB6daB8uPb1owDyR0p/HIxVJgMPPTigLmnhR3pTxVAMyT+FLk8Y60u3PuKaOaAEOACepFMBHG7rTjknJpuM0AOxhuKY43KfWgk5wKXgAt6UAQ/wAIY5+b0p2TkDHHenkcDNLtGSD2oAibIPAyB3qJh8xC81YIJ4WmNkfKowR3pNARgbhk8D3oZcEYPXqalCg84+uabgA/MMk0rAMCkdGGPWmAluh+lSlAc7VGfrQV7kAUWAh2c8dRTdwzg8mpM4bHf1pApY9vrSAaB26UYHXtTuOlFIBpGRwcY7UmcH2oxyd36UoPGOoHrQA3nnpzS55pPc0dOR3ouAhHak7dO3FS4DYHT1NRkYwcCmAzAAA6YFIOKdSEA9aLgJkde1AJ6jgdqT5aPmPDcDtQmA0q2PanFl3bc0EFeOoNJkKQCvzE0gFOSvHUGlPLHIFJyAwHY0Hg80AJR9aTg85xgbsd/pS9gfWgBhyoO3r2oI6GnYbgrhfXNGFzk9BQAwHLH2oA4OOvel5ORxS8ZPPNACAjJ5pvGDmlyegPWlCtjrQAzB7U3nGTUpHHNMxzkdKAG0D1NKRzg0nHUUAKO2cmmjk9MGl5B5OaQ4z0oAOM0gIzyAaed2Rg80gXPUdKAEIG4/LtzTM+nNS5OabjJOaAGc8qaZipSAeT1pMetACLkcU47sYpFHWnEe3SgBO2fSlFA7UvHr0oNCPpkUemetJwcUuQc56iswF/Wjv6UfpR+tACdeDSkHrRz35pQPQdaAGnjJpec80vrikPfNADTlh6GmnoAOwpwBx6UMpYdcUEtEeCT607OGxg8UEDt0oyM460DTG9eeopjAZz0qYgDPvTAAee4oGMGc8ilxjoKk68k0ZHSgBoGaZxyckGpRgn2FMAxwwznv6UAJjGSeQKj2t35FTKQAe4HWm4Dcjv+lAEYGSR2pxG1ct26UmRzmnAgqAaAIsYHB+9S9BnAzT1B5Jwd36U5lI680AQ98sOtJwTnpjtS9fYilAAJIOCaVgD5ep79qb1OO1L796DkNlhQwAgFSegFM4GAOafkbSF4ye9IQAc5zQwG8YO7vRjABI4p53BRxwT1ppC8kMSc9KVgGnJ4pu32qbbjgUzkUmgGYbHHGKQEA4HSpTkcfnSEDGF4NFgI+vWjr1oP+e1L16UgEpdoI5pBwc07d7ZoATHy5B6UmTtGO9PJB7YNJgn2oAaOevFHAoxnrxR06c0AHuBQT3NB5+VeDSZ5x1oAXpjtilPP19ab1Hy0mcHnkVSZcZC9OaTrzS8D2oxxVGtxc96aRnmg9fWlHcZ60BcZnGDR0yKfjp7Um3r7UAJ2p4B5pgB4JpcdRzQFxR70HFKKOlADQnGKa3vxipAevoaaRxQBF0pKkooAB0owMUdelGDmgLiYPpxTXXHbgVJkc9xTWPORz7UANHuNwNO54yMUgXnptpeDyKADHbNKeuO1LngikwcD1oAYQw9hTDwc9alJbpTGHc80ANPalPSg9qD0oAQ9ad07UnBozQAvA9qQ5znFHB4FKSxoAblduB1pp6cinEDBz0pCQRQA0fpTuPoKbg/UUbT+FS0MXH93gCm4A+pp/f2FK2QPlGSevtRZgNzx9KBkClNBBBx2qhCfWjA7Uc9RQQR9RQA3CtwTg+lN4708564pPwoAZhTyOtOwBSgetO56CgBmAPejC5xnGacBngfjSn3oAhOBz6UowKf+Oc03ApNAFNI6U/HSk/CpsOwgGKY30qSikIjopSMUq0ALj2zS4GOmDS4Gc5xSED72c0AMwP/ANdGPelx/k0EGgBpOTSkcUhHPFBOBQAn1GaXqfTNGPmB7UoyOlADOM5IIpvAGevpipO5zwtG3PIHT1oAT2/Glo2g89xRQAUdKKDyMUANz7Uh+YjkjFPqOgA6ciijHeigAz7Ue2aOR1owMZPNAB6dgaMfj6ml46Gkycc9KAGBSGGKD/Kn89jzQRn8KAGHuOlBDdTTsjNMZSBk0AA9KD6UH1oHrQA449aQcjrSckHinDG40AH5UEY6d6Op47UpPGaAGtyB0pOPuinZ25OetN6AdyaAE2gnC03FP5FIfpmg2jK4m3JweaTHrTvlAyc0bRnFBQwgZ+tIADkA9aeQcikAGSKAEKrxv5xSYPPHB9KceSRSA4yDwBQKOwvbAFRHrg1Jgt1PPqKOnXk+tBiyOlG08GpSFxgHJ9Kb+n1oEIBkHjOKaDuJGMEVJnBGe/pSgknPpQBEcpk44peMAfjTm5OG60EEDpxQBHz+VKNv93rTtoxgN0pwJ6sMUGkZDSPQUnAAx2707DZyTwaMLzig0G8YwTnNJ/CCRingbvlI6U3CsPccUADehphx+VOPDc8ilAA5J/CgBuDnjoaOOwNHuM80Z9KACjtzR/M0dfqKADA9aXHXmko5oATAAwe1L1HHajHO3mg9eM0ANOSeRk0ZXr1p2OeOD3pQehHAqGBDkE9wKXgD1PapTyfUelHygYA5PQ0gIsfLz1pytkkAYpxAAwBk1FggnmgB5I6Ec1AQfvHpUxwADjrSfKMD1rQCPPzDKk+9GDuBPPtUvGepppCde9ADeuSOKTJPB7U/axwCetOyFXA5zQBFnHTrS8Dp1pePoaCmMkdutADeOnpTsNy38JpOV4xnFPC46H3oAbnZyKTfnBNSZ4APeoyMZAoAjb07k0rc8U1sHj0pxODjPWgBm08OTxmo85z2Ap2xiQD0JpxVVYg8A1LQEPHXOBTTkZwc5qQt1A4FAGQW6e1S0B//1uc6dTz6Ucn7wp3XrxRjiv60R/ODHIMUw85xUuABmmEYoERk9qaCASwPWpgDjJpuBkqKAIz8vTvTQM9O1OOTTgMdOtAEZ9BQPpxTwB3HFNYHseKAGbaTaafRQA09KQjmnkcU09aAIwCGPGKX+HkUp5PJzTgMDjmgCI+gpFA5FSY6mk2jrQBHgUHPpRgdaMjpigdiPd2PenEcU/A6EVHt7k9aBCDG4A0McYz1pTkcCk9+vpQVDciyQcH8aDnGccUu3B6Uhx74oNhMfhRkfWjHej6HpQAZHQdqTP5UuPUUBO9ACbAKaQT36VY7A59qTCjjtV2ArlASPemFe3erLYzTGxnrinYCAdyx6UzngZ6mp9qnoOtNwSdoHSosBGVUnPQ005xljTyhHAGaXbnHPBosBH60LzT2TFNVTiiwDgoxyKNo70DPQ0fWkA84+lRkAnd0xUpOABioyeD3z1rQCJxk5PAFNKnr2qU9jTQvJJ70AIFxjHemYx9KmxgYzTMHORQAzrjik5FPIHSlx+lADBwSaZg7eeeal6qSfWkxtXigCBvSmk8ipSeelNzxWbAYCM47etOJDcA7frTOhxjijcSRgZzTTAMEHqDTSAKeRg8dKMYGQc4pARgcgevelBwD/OnMG289T2qMnn+lNgBHpTKlHJwKYw70gGnP50oNIF9s0pDDHy0AJ9KKWkoAbsHXNGwdc80uDn2o757UwGkA+nB5of5jnsO1HGcAYoOckdOOKAGHPUnFHzYz1Ip2G4zg07PfgUAM28fWgg0vrjtRnrSATAyGpmOBUmDwabj0oAafVulHHXpRSgZPPWgBNvPpTMU7Pr26UmGIAIoAYCBkDmpR046UDqMDjvRxn5ehoAPYUw9eak56U1sgUAR+4pCB9008Yxk0hHagBAV7mg4ONvSlGR1GTR39qAGlcYxz70m3jnpThzyeKTqeRzQAmcdO1JnJHGKdsIJLGl6igBw5o7GlXgU1e+azAKKMGj+lABUZB5qTjsc01h3XPHUUAREH06U4ZHQdaeAPXrSN9aAGYI6ml4HbP0oHTNHTg/hQaCDr7inUUg9c0ALTecZp3rR65oAbgHmjHOegpeeOeaCMmgCNuQCOlMBJPAwKkJBHHHNIc4HegloaD1xzTuM8CnL8nIOM01sHI60BzEZIA560pwBkUgIGWbvS/dJ54oDmDPGA3vSbjz3DUAjGTyKXgD5TxQHMAweQcZNJlcc8Zo5xx2NO5/vZFAcwzC0u0EYpaTLY60DTAADmg5GD0zS8DhjkmlBA4PagZEVJ4JzSFfnFPADcfrQByOM4oMyLa2SM5A9KaeCAe/rUxXqGOM+lQ8ghSd2KAF79eKMHPtRwTycCjgN8tAAMEClxjJxTQCOp96XBbGTxSNBGwMgfWmjk5zTzjpSkt94HB6UAJweg5qJgc+hqY5PFR9Dg0MBrcehpuP8AIqc49h9Kjz2HNS0BHjpzTu/Bp2OelN9eKQD8nhcU3HTmnZBwc9KZ15x1psBWPOQKjB6gCpCOODTGXB4PNIAPuOKPu89hTu/PWkXIzQAmMck4phHfNSDAznnNMxQA1eCSaeRkcUAY4P60vOOKAI8DOTyKX6cU72PNKOmBQAwHFPpMkDjmjAwDkZ9KaZSnYaTzmjPNGOKMd6RI/Hf0o4696Md/Sjnr2rQ3TCmE5pxJ6DvTcHnjgUDuJzijJp9AxwaAISOOBSAd8HNS7Tv+XOKCPXNRY5w5AzmmleD6mpfrzmowTgA9qs6LjQc8g5xTs8UBc54wOtL3POKAuJ04oxiijrxQFxM44PNGMcnvQOnrSdDzQFxeD+FKQCOvWmgH86dgflQFxpC9DTck9O3elK5+7SHn29qAuHJIBHNIeMZo+6cjpRkj86AuLwCOO1JyfypcYPJoPAwKAGBSPxpeMc807HzD270vODQA3FGKWigAx04owRkmjPXijI4oAaeOlNHv2pzep4puPSgBDxyTxQMOODjHNGOckZpSo6igBCQO9OAzyvAPelAUc0bfSgBny87u3Sl6gcUnTGOfWlIGfWgBMc56ZoHQgdRRwO3Sj696AEUcUw8mpGFR5BoAXn1FGD9fpSfrS8VLQw9cjrSYA9aByCcHigEn8aVgsLR6CggdxRz6UWCwZJB5pcGkwMUDAApCEA9aMjuM07nvzScfxHFAEfOTnpSjGcCnkDPIz6Uwg84GcUAN4zjsaUnP06UBT09KU/kKAEpO3HNOppoAd6UGk9KXvQA0DFLg4ooye1AAVzgd6TbgYNOyQQcc0mc896dh2Ex6dKQjnIHAp3XrR2x0pCIyCeOtHHX1p/tSY5oAZjoetB4GPWn7QBk03OAQePSgBoGDgcUuAeT2pR14pOOKADr834YpO1OPA2+lMOM8/nQAv0NKBxTKegoAUcd6THOBSnmlPFADW+bKjjFN7D1pTwARSHnJoAOh45pvU5PFA6c807gjI4oNKYlLk0lHvQaDSMqcGlC88U5SSDjpSDIXA4NADF3dM5NC849RTxgj3oGABx1oFHYYVY8g4I7UAMD1zmpACOnBNIcdTQYsQgn/AGTTAM992OtSe4NNI7igQm1cDJxSEbRxzmjkdutLt6A96AEHPL8Zp2ScheOaMYwtJgZzQAoXOTmm4Pc546VJ1I96ay5PTBoAavZwetAzkYPNLt5BxSnIUfWg0jIaByecHNKBzg9CKXacY6imAg9ie1BoKR8wyMEUwgjqORUhHHzU11wc9aAGUUtIc9hQAbvXt3p+PWkwMbQevenH72R2oATHpTSCKfR/vUAN47HBpB0AJqTGBwOKTjHzUmwGZ5/SjjGPSlwOlJxj68VAAPlHHOaQDaOCTQQMY2jj0oPTnj6UANAO7djFIOvJzTzyuQaMZ6DBp2Abg9G5FIRxhuKee3ag9c9RVgMx603FS8Z570nX3oAYccUY607A5oweMUAN4475NOI+9kYyaUqOhpBnr2oATcSRikwPXkVJnI96jZeTnrQAHGcdqaefujpT8DGEOTSMCQQOKAIsMM56etKSD1FGCF559qQ5xQAmOAOuKGCOQo5I5p+doAzTTnHHegCA88YzSEbODyCcU8gj3poBBGeRUNAf/9fAwakUU4EUpNf1oj+bGRkY6Ugz3qTbjrQcGgsgORxTSO461MRgetRkYqlECOnAetOop8oAcY5pHAGPfpS0hBPepsA3GKZjHHrUxHY0mM0gIcGmt0qZhUVAEQXmpMCnbcdKTAFADQOODQy8AnrTx6gYpeCOTigdiAgHHemFsZ4xUxxkGmHaM1bRuM9KPXHSndcYox1x0qDBjMH1o49KccezUfhigRFijFSevtR/WgCEovrRgjoual2joaTGOhxQdBHntSH3NK3PJpo57UAHHQjFAI59qMntRySD6UGDEY+tN/hx3oY5bnr7UnThe/rQIUqeR3FGMt8pxin4Dfdp+BgFR071odBAeQR3pQTjIXj1qR88baiwclQDQA1ueajwamx60oHPFAERGcH0qMluhqfPX2oYA0mgITkjNN8s4IqXbilGfTtU2ArN020MrHHPSpSDmkPQ5pAMbOAcU3vnoBTsnpjijcec81dwE52FvU0ZJ5xgGk3HIHYU7d8u30ouBGU6nHSmkEcY61K2MdOtIUDEcdKgCDpRg1Js9TSkAdKaQEO01JgbBHj5Qcj8aWgrx0qrAR7cZJ6elKF29O9Oz0al6cdc0wGMueh6U3HPIHPenhsZLHFDKGwCDQBGR2x97vUe0qd3T0qcrjBB5JqGQ5Iycc4pNANyRnJ6c0u4AjOcHmm8cjpz1p+DnB59PpSAbng5GT603bjgnFBHGTxzQxJbI/ClcBpAyQDnik/h46CnkEE5PJpp24IPrRYBpA5I5puDn3qc8g8gc8U35RyDmiwCYU9qXCntTdwFLkClYBoBLk9M0xgwPNSYHBPHNNYAHigBBntjPvSDk+/6Uo/Wk9jx9KACkIB5pe9G32oATtkCgjvnGKU5HUdOaCVOSvWgBp3DDDkU0H07U/aSRSMFU0ANx/eoHJ9aKOvXigAphHNPooAYBjmk6HJpx68UpX0oAZ16jNH0o4/wooAP196OnTkUuB931o2BenSgB4JxS4HcdaQHijOOM1mAEZqPpz1qTpSHBoAQ9MjApoPcYzUgAznOKa2O5GKAIcN3o4oxRlu1aAH8Jz3NB/lSHkDHY049SRQAhGee9NHBPGKkzznPHSkYYVSD1rM0Gk46UtFB460AJ3oHoetHHWjPBJ9aAEI4+tID+NOweaCM474oAYeD6+1OBzx0ox3puMn196AEYBsZ7UYKk56GnZUA0n3hnpiqSAj7YFAHUDtS0lUZiY6+9GDnjpSmkIyPrQAtIA3G7p3pQOw7U4DP88UmAmBkAfXNO6YHXPFFPBC9e9QBD/FjPHSkJAIJ6ChsAsehPanZ+bBHGKAGYJqPb831qXuOaTHP9aAIFU9c4p5wQMHvzTwB1OCe1LzgAngHmg0IwPXmgrnkHAqUc8EYpGA6AUAMb5ePvfSmH8/pUpHHNRHC80AHGMd6aBT+c47UpGB0oAjYsAOMj1701fl7VI5Qdsn17UuAO2RU2AjzSVL0zgYzTAKbiA3HB7UowcUp9u1IfbikA1iPlBGKXblse2aDnGeozS8ZPPHrSAT5cdOaOSMYpe3Wk5xQBGwI2465pfUClbP4UY+6B0A5pAJj5Rk5NGwsOuKk2qcDrmkweQRjFOwDORxTSAO9SdecU3j0pAN+YDGOtJjHbmn4YYowQoYnGaAEwByO/WkIz0pf/wBdFADNpHJPNGG7CpdoIoyB3quUrlYwIx4PGKds96cT1yetIMjnNWoj5GM4PGDS8fdxS5OMk1HlSctmkaj/ANMUf1oo/WgCMdqMYJ5oUkUobkkYrM5xM5FI3Q96Xk8fyoI4OBQAzae3elIIHuKfk7QemKTOAKAGttGCvTvTMEAe9P7EgcGjYM8HigCPPzc07PHI/GlI7UnO3FACD+8eKU5yTim4GDnmlwOpyKAEwKUA4I9KUdRjoKcADuzTRUdxhBzg07vz0pcc47Cm5/KrNhc8jsPWgg7sU3AJ+bink9D60AIRkEA4NHRae3LAHtTcDtQAmD36UlHJz60Yzg96AE5OQKMcj+VHPXuaOR9aAE9aXj1pcfhnrSc9aAD6UnHelwemKXB5x2oAZ0Jpo6U49RTR0oAWlFJR9aAA5IIxuGajKk8jgU/novTNGRuOOlADdvrS7RTqOpoATbxjOKbtweD0qTB6jgUm3oRwR1oAj+tH3etSbVHXrSYU9aAGqMru9+KGHBwOc0vv0ANLk9jUMbGEAcg8ClGCSD9RUhAqM9aQhuPXrThnr0pKOB170AHvikI70pz3ooAYetIKkooAbtz2/WlAHcUv8qQnt/SnYdg2imsvHFP59KTmmkA1Rzn0pSB17U7GD7mk61QhhGMkUZGRu6Gnnj5h1pNvJHaoY2NxgH1FIfSjnFLSEMPuOKPmyMjOaccqOntSfdPBzQAmM9B1o6c4z2p4z07U0gjOeKAGnJFMKknrUuBmk4xQAlBQnBBx9KKKAFP3eRjFI2OMd6cMYPOc0cYFADcc0YGCKX260nTIoAjHyjFIcYzUgG6lIFADOvI6UfU8U/A/DvS4XuuR2oAiwMen0oxg4HIp+AOgxmkwwBHT3oNuZDduDnP4UcY54pdhAzndmk46kdKA5kJnvS4GetLyRg/WkwW5HUUGLDgdeKTjp0NOOeq9+KMgHbjrQAmAOCKKOelHuOc0ANfkigcZzS4pcUAAwe+KXPPHJNBJBAHSjqenNAB32nqKQjB55BpfXBpB05YCgBDkHBpOoPag4DDBzSnODxmgadhgG3HJP1poVATtGN3NOoH3hQU5gBnkfSkA5KjtTgMDA7U89OnNBBEoOOnSjHbGKlJA696YRhs9QRQaxlcaeMZ5x6UgbPB6E0hJ4x0JoUGgseO6/wA6OTnPelJ9eaASB71DATLdDTSMninnPWk6UgGrx+NLgE88/Sjaec96avy9ulOwEigZ65qLJDVJ14PGfSmYAXOelWAmBz1NIMqOB17Uue4pRkozBsGgA7/MKXqMLz700dMk5zTxyeOKAGY656daMMDzjnpTsL369TQBxj8qAG4JI74qMDA4z1qTA+hFGAKDPnGqScEnGeKcq5GDyRSADv1zTsYHrQHtBhALKVOAKXBCkHvzTvkAANJtIoKUrkfzZwyjb60jdsYNJ0OR0pR8v3hzQWnYYRswCM0cAemal5Y+gpp6HccigxcXcg7AdaaUbOMVLtH8PFRkYJO4jFTIfKz/0MYjNOUUAZp/tX9aI/mxgAO9RsuOlSEEUmM9TQIiINNwe/NOYDpTMVoaDdpzmjaT8x4FSEHr1NLg8MPyoAj4Occ0mcZBp+SSW6UmG5JOT60AM60dOtH1pe/NQwGEZBPQ0DPTFOxzz0pCPzNIBhz0oP50AY464oGaAGbaQjHFSZ4xRjPAqkXGREfTGaaQTk8mpPbIphUHnb096o1G0fhTsCjbWZgyPaRypApuGHLHNTYJ+UAU3npQIYR6UHYBk9+lSDaOR94d6B156jpQBHjPPpSDkZ9al46YpowOPWgCBlJ60ALipSCOtMOAKAGEccUzGQQKmwe5pCtAFfaB9aXbjnrU2AOoyaAvrwKB2Ag8Y4pSwztPNOOc425xTe2etaG41g5xxgLSYJGc08g85OKT5sAigCM9yP1o65xxj1ox1H86XOeTxmgBmO3rSOpXhsE+xzT6OtAEIA4J/wD1UHG7FSEHkjFKMgAHHP6UARleahdfmyTVgA84NMK4Gcc1DAi4x7dKj2/gKnZTj2NNweh5FIwaID0qTacHjpzTth69qToBxmgLDeozTSM85p/elx3xQIZngik+tKBmnYAqonQMwNxI6DtSH5VOf4qXHcdTUY5PXrVAL04XpSEDOR1p2AelGM9OKAE+YqS4HFM6g84p5BzjigjHFAETbkHyjNNZgWIIzUhWTIIHFIY8k4GCe9JgQAALuI4PGKdgrgfrUmcEg8AUbc8HnFFgGHIDZOaZtG3nkipNo7cEHpSEEHHfOaAIgC7HAxSbeCfSngjcTnA6UYOGwO+KmwCEMOWHWjaSPSpSg529RUTjA9cd6dgI+PSjbT6Xavc1IDD2FNJOKf16U2mmA3r2pcUZ9qQLnpSATZ3704D0PSnfTtTCMdD1oACSx47U3jB4+tPUdqTqCAaAGHg8UjKSRj15p5JwobkHik+XcAOPWgBpXr7UMvA96lAwSfWmydAKAIaKOtFABRuxxRRtzzQAhzQAeM/nTiO3SgY5wKAAt2HNIVK+9GP1oHHXqKAExn6CjAHfk07OaKAIzkn0pcj1p315oG30oAiwDnnmnbRjDdqcVByR0FMYA4FACfeGBUZHORzUoGRnpmgKF4FAEePT8qbx75p5Cg8DFLgdjQA3HbvRgDjuKd7nqaMd+9ACg7hy35UFAvH86dx1ApuD0rMBaKOvXijp05oAjHSlz1peeSOKTPOaDQXqOelREY+7UnWkIGODzQBGB0VsrnuKP9kkg9s96eMYweMUuSOC2cdvSgzIsY4pMYp2cHdSEd+laBYaMd6XIPGeKcydx0o25GQRigdhh54p/v6DFMAOOKkXGcmkxCZIwAOnWgAA5PXNOJH50ELk5OQOlQAwhScdM0hyehxU2QMZ6EVHgADFAEY4+YjNNIPfjNS4z0OMUgDdTyTQBEF2jA9aUE4qUgH8DTMEHHpQAUUZ7UfpWhoMHzcCkwHGWOMdqQruPBz70E4OKzAUgADdSkcjHSkwufmowMGgBpHT8adj+tLtz1FL+v0oAgJ24U/hTmJHOP8AGnnG3A/+vSBQp3AfWgBvUcijknawxjpTsfkaaRjBJoAOhAPSmkjoBgU9RuJPSkO5hhhgCkBF3PP6Ug6YJNS8A429RTdm/kY/OlYAKEge9JtA6in4JGCKawGetFgGcjnkelO56daOenSmnJ5pALRR1opAN47Cjdk4NOIJGM8Uwgr0OadgDBowaeOQKKqwEQye1L9e1Lzij6ihRfQBQc9accg4pM47Ubu9VysBTzUdSZoIz1pARduaXOcYpQBijjvQdBEMc7eaQAd6ftPXNNwNxBrM5x4xkDFLhcevNRjPGSafjjjn60AKRgZpjAAcc560/KgZPOab9KAGNnIP8IpMAAU45xyOlNJIJ7g0AITzSdAM80mBnOKd0HHegBvTrTud2OtAGBn1oI/CgBO+40q+tBHGe1A+nFNDjuLxknGKbjpzUnv1FBX8MVZvcj4PTkipBgLzzQOuD0pBnJ3DpQFxSMYwMihjjoOtGTj5RzSYA/GgLjDxRkZp23OVo2jqKAGZpD2p+3BxSbRgD1oAMD160mP0o554p2DnAH40AN45OetLxRyeaPXigAJHUDioyAfX2pwz9Fpevb6UAR0Yp31oxQA3cKOnanYb2owPQ0AIexFKc9BQMcGkGRkUAHsOaOtHTPaj070AIRmjtTugpp6UAAGQd1Ic5weKXqDgcigjpkVLQxCeue3FJg557Upz0xkZo69PXmlYLCUnI6c0/nsMik6ciiwWG0Y45p2O9GO9FgsN+lJSnnnFJ9RQkCQdqXtTgvFGOKsQz8SaXnsKX6UuAetADaSnYHrTOeeKAFHegj9aOmDilJ5IFQ0Mb0+tNIz07UvOAcfWl6Z44NFgsMyOgH1pfYfjR0xjrSZHQ9KQhflzyMigHA3Dp6Uo6n0pv160ALRRnNFAEdLg+lH1FL+FADBkn0xTgF6EZpB1xjGakGNw5oAb16cYpDgZzUmMmo8DmgBDz2xSdO9KOaPunpQAEdOaOcc0FQRwaccFR70AN4Iz1oJPXpRz2NGQTnO0juaAEGD3pBjpTycnlgc+gpDjoPxJoAYeCRSFSBmpcBup6UzAJ60AMx3PNOyT7+lKBjp3pwHB96B2I/8AZ9utB7j1OaOOv4Y9aPr06UCFLdl5I9aCACMH60oznB6e1JkqCM5U+tABzjk4FJ2PPNGAccfdo6jb0zQAvQjPejpjAGD1o65x2pB0HegAwO1FFFADWpBT2Zse9RhTmgB4GSPSlyM9OtHTApT1zQA0Hg0EZHrjilP0oI6CgBmBuGeAKTKr3xTyQOD3NNXLKeO9BXMxOcr7mkGD82OakI4J6Gk6Hp2pNBzMMGkwO3Wk69TTwF70JGww5IyabtI6c461MQOvQCm7QOp5NMCLJycDgUbQMEHg+tKRzt7mlwSMntxQBGMDPOMU/IGMHingEn1HWkJAJ3AEH9KADao5HftQwYYB/Sk2gH2NHC/dPWgiUhevBHJo4+73FB9u1KOO9BkNI9O3XNN2kHHWn9Sc9qXI+hoAYFB3NjmkwFHHHNOLEgkDk0vIoAj5wTS4ZvmVRk0hYHLHjtSHAOBxgcUARAAjkU/PzHB9qVl4z0FIVIGSc0G0XcQ4HXrSHHI60YJxnmlyVJwaCiMkFQRximEMCD1zUrfdKkZBpgVFb5W596UgP//RzSv4UmKf9KafTrX9aI/mxjck0u3NOwKOc8UCIcYYjrjk0wDPNWTHnmmFdoxVcxXMMUAYxTtp7UoABGKcc4qSSHtg00r6CnHmkG7B9+orQ0GBeeDS496UjHGOaQDNDABwMGkPTjrTucdKYc44rMBnSm4I5qTGeabQA0qPxpCDT6UZ7VoBCUCqf4jTevHentyT600deeT/ACqGgEAJo74qUrSFT3FICLvmkPGc04rtNN5bJoAjA/Wne9PVT+VOINAENKCBT6Rh6c0DSIGHHBox6jNSEZPIxSqMDIosPlZF14A6Uo559acR3J69ab16mnYuMRnWkG4d6f8A0pGHqaRYA9wc0ADccjt0pCPUYpc87iPxq7gRKG2AMSxNSA9+oPFNLeq49DmkBIGMck0XAQqew/Gg5J57U/DYxncDRnIxjAFMBgC8mkIGeDxTwDg44Bo2jHPQUAR0YoozQBGecgdaUn5fcUd6aOpH41DAbn8qM/lRjvRjvSATnp60mMAk0nUhyelKOdzDnNAEYx1I/WjkDjuc04j5eOppM0GDQdPpTO/J5p+R+FHB69aAsRAHdjrmk2ZPBxUuD0A5NR7TxkdKpMQAcYzhhSY7mnH3HzdqXpwBnPWqAOM/hUbdakwMjuKaazZcZDN3BFHGOlLhjnmgqfWg1EJHQCg9sdO9OwAxA5phBznNaAIyjNRunJ55P8ql5PWmsRu569qAIgOcbakHSgdTzSDkHB70AHfOcUHr0wP50p4HTNHQcnNAEO0seOKTbzgjdUwYYw3Wj5R04JqbARHPy44AoYAYwMVJyfunIHrSOCNuBk9807AV8GjqeKeeeW/KkOORjrUgM7+9H1FO9MCk4HWgA3HPNA9QKM+tJuXkcg0AGAetJtwOOadxRnOcUWAQjjmojgnrzUvOMZ603oc0gGYyeuKaQfXFSDHek75xQADgYxmg0AdulLnJx39aAGnkAkdKZ3wDyalwcYJpOf4eKAE8sYx1pxGTzwaQklQF4NGTu3E8UANI54PApmOM1Ju9KYefwoAX6Unb1o/hz0o60AHc0f1o7Cj29aAIyflwKdkDJoKjnB69aMA9DQA0jgc5pdvJ44FLtBAIpCvBz+NAAc5H6Uozzn+VJleFBJP0peQOTg0AJ6c01hx6ZpTtGOpNLjkhTzQAoAwM0wgqfrT+2PSl4YZNZgN5phLfQU4nPHQCm4PWqSAQ9OOtIpzkdDR2pMY6daoAGTnNIFbJY0vsOtKBzmgBv1pMjuM0AnJXFKMelADeOvelOcgdKdjj2pNhAz2NADQvOSePalHQD+dNGO44p2STycYoATuDjikHI47UDOMZ5pSMEZ60AAz+FGc0D+9mg5655NJoBBjtwKeB1xSDkmlIGck9KgCL1oPXnipPy5ppXOMDNJIBvU4HX1qPOARnPNTbP4iKaox261SYCkYjz0pDnPPT1pT93leaafUjPpSATAwARmkCDPXFOByMUuD7Gg0E6HrSDvjtR3xjFLjA460AN25+tLz+Bpw5JOc00AHigBnU4PagsvA25Ap+0dc5FNY4OAMUAIDnHYilPI+bpTSV6nikyPuk0ASHAXrkfTmoCFJ9cfnUpG44FNOVGcfjmgBudtJgHFK5wx6YwPzNNPagmQmBjmlGO3FKvXg4PrQVJPJz71XKHMBGfYU3FGPzpw6UuUaYAYFJkClxmlIzRYYxh74zS4Ap/tTRRYBrDg0hz69KeRnnpimkdyaGAmc9DRznHcUpGRzxTuc+1AEfvilPJ45pTz1zSZXv1PpSAYoOBxnFOOPu5pOnYn6U444OKC57kPXvgjtSFcjPSpWA5djyT0pGXHXGKzIIsNgmpAD9aMYOBxSDnBHFACYwMk9e1LkAY6Ucls0uPmzQBH/unNLwRyeaUgj2pCCw6fL3PegAxwQeDSDvntS/KBtAIA70nTp3oATp1HBpee+M+lBHOB270c53UAMIJGMYoGTnjNPOBjjOaQYA6daAGEAAZHSjPX+LPrT88YxwaCCR60WAjIP4ij61LtyPTFO2egp8o+VkHzdaXBydtS7MjPpSbRyADg0co+ViZFGRTsClwBz+tWapiZ4A6U1h0I7UpG4buvvQflOCc/SgY3gZ3GlOeAOlKRhMgAketJ8pJwaAFwTjjA9aawGcg0oUY+f5hSnbgEYBzQBHnPQ9KTrzmnlT16E008HGOnegBB7daXp979KTOfvUcjr0oAX6UHpzR16mgcdDQAwgngUnqTT84wRQBkGgBuNxGKU8DBp2MDikAyTmgBvBGfem7jj8aft4znvRxtxQA3FGKKKAG47ZowB3xT+OmM0Y7YzQAmKMDAoztGD3oxjNABjmgjj8qD1oPT8qAEK9DRwKMnPSjBIyRk0AGen070ueTj0pOcc0vHrQAYPTGDR16cCk49MUtAEe3J+UYNGz3yKk/DFBHP8A9agCPBAz1ox05wafgHtTDjsKAExzik4Az1p34U3nHHGaADOetHHp+NLzzxnPFLzjB4FQxsaRnNBp3v6UdB6ikIjZSpHpS9c54p3UZNNK96toAGeBSA9ee9KCScGkwenrUAKcBufQYoZRvJpSOgxSHIzzQAfw/KeaYV5OORTlPBI5oz2FAEeDRg0/8aMH1oAbg0mBgVKcZyKjJ/ioAQjA4NL7Dg0fSjPJJ9KADkEcZFAJIOBSZwOnWj27mgAyfaggfWjpwcCjke9ABnIyeKO+Dwf0o6jJOfajpkEZFB0DeeAetB4zjk04dNw/AUcYzjPvQYMMdOoNNIwORx7U9Rg9c0Hkjb8ue1AiLnoKOeh7UvOSBSANjnv0oAKcBxigLjrTqAGH2oAxyacff9KAMfd/WgBucde9GTjntTmz0HakHIyO1ADe+TzR1PpT+2SKAOOBQAmecGkJ4HcinMOMNyKCO44xQAg+YgntSDGcjik5bDHnFHpkYAoAByDt5+tO4xz1pv0o4/OgBAD+tO4JzjOetB2jk84o+nAoAZgY+c4yelO6cHqe9GR3GaXGO2aAI+hz1p4VQMAk5oIAwR0p3P3TzmgBgLZoOMEYzRxjJ+WlbtjgUARjk+mfxoxwFAyAetOxtOBSdRg8UAJ1J5yKOnTp70nQ7QOtSAdm6UAMpflFKVx07Um0GgAAFHGMjpSkCm9896AI+DQxPAUZFSEZGT1oHyjkZNAAMgbcZpMAHI6+lLwenSk4J68UANIyeBioyuOQc5qfqeBSEEc+lBUNyscdAeaO+4AE09+ucYzUWQMnNKRsf//SpFAtNAB6VOcNTQor+tEj+bGNwOPakGBTwM5oIHpQIaADzTGBY4p/PpiggdzQBFtFLgUEGlAPegCLbzTsfnTulIT6UDuRH0PWkC89acBQB6VbC4nBHFR4FTAe3NJjPWoC5DtIoJyx+WpMAmjYc9aCyPbnFN254zT89fr+dHT8qAIsBRnrUeBuJBxmrQGDjrmmFc4FaAQ7efannJ4p5GOKQjAzS5QIn5xUeDmpTzTKTQEYBz1xUpbj5lpPwoP+zzSsAhGCDTSTgYp2GIyabnBIpAHrxmm4x2xSj6UEdO1ADB9M01ueo205uvJpo+uRVnQJswMjvTT6gcipcnGewqJsZzjrSaAXoS2etNZT16n0oz6inDlj6jvSAixngdKQnipRg9hTQMg8YHagBpXLYHagKQRnnNP8sEck4pQmOhIxVgA/lSEep608Z/iINJj8KAItuD7Gmtjt1qRjtGG5NRdeRUtgNAAOT0NKF6nuOKAMc9QOaUA7eepqQGbe340z3PepSf0pCv6UARFQONuaaAAvCnn3qXnpyc03Z83P86AIyufpQOnC5z270/A5Pf0FO28jPH86LAQ4PpSY9akyM4xSUAM9KR2547cVIfu1GepoMGRkZwe4owex4NSYAIJpNqAEZ60CI+1O57+lOC/LgtQQPxosA0delHpjilwO1M43eop2LjId82SQKaQMZ6VISf4TTSBn5f1qzUbjIPamNkgDNPbGQOhHSmM3WgCMJnBPNO2gE0pIOMdaTd1z81ADMehxSAqOOv0qbnqq4+tRnd/Fj8KAEx8uOlNXgEDmnY4DYzSDu2MUALjtS80Uc9qAK+BznqKQj3qx/vcimEA546VNgIMDtSY6CpiDxnimdRzSsA39BR255FBQ4B65pNuOGyDSAXjoKXB9sU0gDpSjryM00AmB2oIHY0p255pWpAR7fUZpMc9ak5xSBRQAgHPJo9h0NAPrQTxx2oATaOtN46HPNSnjj1pO4GOKAG4H0xRj34NOwBnHOaTBwQe1AEZ6/SmheKmIGQc0z3x0oAbt9KQj1qTjvRj0NAEPancYp+DnrTec0AM6jijHBwPpTgcY/WlIxwBQAg5wGpvY80oBAB70uGx6UANLdBkE00ngA9KfnPB/OmYwc87aADtnOc0hHp3pQ5HQZA6GgDP49aAE6cdeKCOhHT0oU4zjnmg9ck80APGMcd6UYCknnNJkDgck0EDrnGazAg6nFLz9TTtv93rSHpx171oAmAeR1ppGR14pRgkE9qMjvQAY9RSj0PQ0bT165oKnHGTQAgHHTpSYJINOJB6ZpTjPQ0ARkEjPalABBbHFOxgggmk4wQeR1oAGUAkMOKbn8Oak6kjHHbNN24xntQAnUEdMdqQ5OM4HFScYJqIgZzigBOo60pPrxSgHH9DxSEHA4pNABIHHWlAz2waQg5BU1Jx1PJqWgI884K8UYA4BzSkdT1qNsscDoKlsB/OMH8aQ8HrRxyAc+tA4zxmmAoVd3XHr701RxgfhQNx9vrS4oGmJhhxjGaQ579qUbc8H86QAAZ6UFiDs3Y0DgEY4pCRnjoKTI7dTQA48EKfSgbmA9+9NwMY6mlGRxQS2JweT9MUbAOAOad0OVH0poJP3hQSIMg89qccEUoUnrQQBQBFsBDfL19aaR0wanIB7daZsXgn9KAEK9BnB703nJ207b1ycg9M04YIAYYoAjOe1NI6YqXb17009MCgBmO1JTiMAU3NWaC9qO+KMcZpOn40wDHWjHcUuBjig9emakBCAeDSEHscU7jrjFIeaGAnPUnNIcc9qfim+vA5oYEa5ODnFOHORnNKODil6c461JU9xg4yp79KA3qOvFAyBxRz6ZxUkjWwMnGDQVwOD154o5yWHA96dx94/pRYBu0H2FGwnOePelHPXqTS4B/CkBHjkcYPc0YBbAzUgwcEjJPakKDGB0NFgIhjkBufTFHfI6d6d05FN4zkcZosAzoOmBRSkHpxk+tBzjqOaLAFGAQST90emacBxk0o+4repNNRAB05pelOGe1GMdKoCLqeelN/Oj/eBPpRuI57VDAXGT9KUFiRgYJpOvrikOCOSc0WAXjOOhoIKjI5FHbA5+tAypzRYCTt6Ckx3p2R1puDnPerN0xCFY8UpHz5AxxTvbNN7ccjPWgdxucEim8HbzinZ4xjOe9KoGBkZxQAwkfxDNIfbgGnkHtzSbccg9KAI9v4mlxinZ7ngmlx2NAEZ70opSE3biPnHQ0pGee9AEY4JzS8cY4o7c8UpzkYNACYIyBQeOM0uACc96THRvWgBBj0zRzjpin4644pPmycc0AMYU2pOoooAYvWn0gGKDxQAw/nQN1B/KgbqACj60cUc0AHyjgcUcZ4NO5yMYFJgc0AJz0zQB3HUUvQdKN3XA796AE4o5o4zRz3oAUnsetIPyoGB1o68dqAAnNB44zSc4wDS98nmgCPGe9BAxUh5BxUR+X2oAXk55Ao56+tJ6j1o4/OpaGLx0o/mOKTJ9KM0rBYXGV6c0c5GaM0dTzViGEcnPFGT3NO9c0EZHtSaAZzgAcinr020D5RgClAORk9qmwDQBzk+9MwTwPrTxjo3FByCcmkAznvRgUvJp230p2HYbzjpSEEjpQcA5pRg5PakIbjp+tLt9ad6DFIexHJzQAbNwIxnFGwHkDNKc7jnj6UnbHbvQAxlPVhS4J68U44zxyKCB170AJwBS9RQMk4xRjB60ANIxzmkHc048Hp1pMYNADeQeDikP5mpOMjK8HvRtxyeKAGgZPWkxnr0FOUbj04FDfxYGMUANpNuTTyOMilAwPrQA3PHpTf61Jj9Kbt/HNACHr6VHxkipB15HNBznkcUANHHBQj3NOHH/wBagcdMmnCgBuSeo4pD9cCnEnp2pPl796AIyOKdwTjOSOlLjA6fT6U44ORj8aAGFSODzSHPccelSYPOaTHvzQAzscLwKCTwPWnHJJ3Un05oACfX14pOck9MU8Ajr0HSm8cnGaADqODj60nJGO9JznmkyDx39qAFJ5oI5yoz9aBnsOKXgA5OaAAjPymo8AnAGTT8Dj1o57igACnvmj7vAHNHABA4NGAe1AAc9cUpIpCOdxNKc45FACUw7QBk4p30paAIyc8UYzjNSDBG4H8KQ4P4UAROCcUc9CaU8HOKGOPx5oACcDOM0gx2BpvboeaO2aCobjW4GcdKhwTgjjNTnOeORUe0EHI6UpGx/9OsM0YFOwaMGv64P5taEoJUKMHLHOV9B2P40UY71DFYTvSNTqCOKQiLhhwelA46npTyrYBI4oO0DB70ARMvfpmk44AHPrUuM8Y4pCpI5FAEffpmj6Uu3j0pMDsM0AJwc4oI7UpGaMcnFADQMDmmk56d6cxz/KouuCKAGkE9u1AzxntUmBjp3qNuMigBRzyaYetO+lNb2rQ0Coz+f0p3NH1/SgBh6YFJgAc9aeQegpPbrQAzb6ijGRgd6cM/Wl9ulADCGHy0wgjnvUhGabjPap5QIhk5PYU8qSOORS428jqe1L0PNHKBDjqccUuMY4qTb2PemkDripAjIpMc05uKYOozQAm3FBBp2aT8KZpoM2+vSjIGAacelNINAaBig89e9KvHJpSF5x2pC9oyNlzTPpzUnQ5Bpfm6UB7RkJ6ZPOO1IeoxxntUh4GR1pp6jPWgPaMMDpSMO9KRTef5UGqG0p+U8jNPpmDQAFu9NPYU8AnFLjOaAGPx0HNL1ySeaRs5z2pevQcVoBXbt3x1Io/iwvNEnBO4cUi5bFZsAIHvmm7R3+9UhB6Gm7T360ESiRsPxpNuRzxT9vPPNLtyOKDIjxj73bpQA33jxmnYY8L0FGd2B0NaANIwRjih1X+HjHWlYAcA80bV7c+tAEWOOTTsAc+tOwOQPSmNgjHpQA1sjAyKj2ZbFTDBOV6UhA4OOaAIwvJPcUgyAcjGakKK2SaXAY7TxigAGSPmNNwATjmpOAR81NOCfvUHQMAx1PFAxyG6Gn7R0I6d6aRg88gCgBDgjPrTT7CgNlRnIpjDJA3bSKAAfJy3foKCCeF4zyacvHB+b0ofnkHpQBEfek6jilwe4owccVFgAhSPlz0prHBIxmpSHA9eKaxznK1TAi6HkZo+7kEZp5UKODzSbcH5WzmpAj+vSlbOSaXHbvSnoSDmkBF6nNIT81O9gKbgjORmgBaKBj+7Rx/doABgnFHcj0pdq0lAB82SJBhex96UYI9h1+tJkYwR05oPJ5780AGBRtPNBNG45NADWXhfYYoy3endaKAGYxyaQcEg08c8HrSMOSTQBEepPQUvIHBzSkAH1NKO/FAAvTPrSY98kU7kHBGRSYxnjjNADMUmOMdalxzim4oAi/T2peg46mn7QaQgCgCMBvvCggYHuaccBcDimjOcA9aAEYbmwOBSnOcA0uCMDOTS45GR0oAZzgjvTdhxmpWUEmkKkUARbacFHQ07BNKF9aADHSlwACaXGaXHpWYWGhUznFJtyMDinZpAB3oCwnPHtRwT0xmndSM8UY6k0AQk7flPIpx2kkDoKOR35oztAY9W7etaAM6844oyeemBShefSgqCAMUAMP5kClJwfekPHTt1pwBJ4645oAUKMcZJpCMn0qTBwAetAGOvHeswISGHUc+1Jhj0IFTEkc0uMcDnNAFUgZIxj6U4FT7GnkMvy0Agk44zQAwBmbA5we9K3ysVIyT+VOJyoB455pWOeByPSgCIZOT6GlPsKeFA6jrTWGOc0ANI5+tN285Penr2Heg5JBC9KAGgDBGeRS4G05UgnuaBzlhxTv495JIoAj24OAc0YyCCMU7gAgHk96D8xBbt3FACHj2oIFBpWGe+aAG8j7v60mf736UMPWhc/wAIoAbjoxHFOByN3SkJJ4o5YH2oADkEH1ppQcjGc0uDkY7UpC5Oc5NAFYhl69OlJg/lU2FzgnkU3YOgOT1NaANA6CnbQaNh6VJgACpbKbI9ucYox68U4n+IdRR0wTUhzDV5CilDDJyeKQ5ABWk5XtzVpBzC9enApoBp/BAJyaQ8DFMoaRz6UmKdns2c0h461LQCZx70nTkc5p2OKMYosAhz2o74pcDv1ox2osA0j060327+tP74pCM1DQDCD06e9NPB25xxmpOemabjtjPfNTYBFGBnOc0/gjnml6ig4IqwGEZGDSbRjpTse1L1GBwaAI2yByOtIBjAznrU3Q1GAQwHXrzQAY5HNGAOp60pDDBJoYdOaAGZBpu0evFLtpcD8KhoByjAIo+UAcUACl454qwGUvfmkpR1AoAYVyTimAEnOanIHOO1MYc5Hak0BGPX3o9hxzR19s0ZPepsBIRjAoB28dKXg8/ypOCas6ENAO056U3j8Kk4PA6VHgqR6UALRTtppCKAEGBzSAijle1Oz6CgBMCkIpdrM20fh9adjPB60AR7T3p3FFFABwen60YI60YHejB7UANI70bT6Yp/XgnP0pAAec/nQAwjA5ppBBHNSYB4puBjPvQA0kHrQRmjNHNACALj6UoPalHA4FHfkUAL+FJ2xj8aTg4zS/oKAE5pOfrjtTsc+1J2oAjx6dadx3p2MdRSHBzgYoAbkt0peARkU3g9ulLnA46UAIcYORzQRz7ilwByTxSDNAC57np2pDzgkdaXA70mc8g4BoAaQAKQjBqXofUUzHGO9ADcYznvRjOMdqfjpikx1zQA3K8YoGc07YBil6E0AG3sRmm7eOOlPwemdgppz1PFADMD7pPBo6cE/Sl9yOlHv3/lQAZZegH4imnJ69aXAbnOTS4pWHcT8KXj1o/Gj8KYhhxik4C4p5x600gZwORSaAaOBUm0UBTQCQSDzU2HYaeuM00ZxjGacOpOMfWggjJP6UWCwlBPrRmikIME8g0dMA9aUgE/Nxj0pn0/WiwDu9FH4UfhTsOwvUfSk607GelLx27UhDAQM8UHjPvQckUZJ6dqAEGCC3cdqXI6+vSgdeBwetGTwdtACHtk4pvfr0px+lL36ZxQAuM9+tMbIOcZp+c9sUAdRnoKAIwcfjT8A9abjgZFKBgjHAoAUjHUVGfp0qTjnnNIFA6UAN/Pmm/mKkPSm/j0oAT+tHTkUDjNA4z70AHTuPxo5HUjHtR+tHA6GgAxn/CjOOf0ozijGTQAYBz2zTegwuKcdxBH6008YI5zQAnA4NOCgKSe9N+bkDinBcHkY4oAAOmKQj86fwQKTPc0AN25zmkwep5qQkDIpCMH2FADdrY6UcYp27OM8CgkGgBCD0AGaDjOO1IXAzjoetIckmgA+XtTT0pce1Lz0UgH3FAERB+lJ9afyOvOKCCehxQA3G7gdBTcAZxyadyPfFOA3YxxQVDcrnPHakIBHXGankXH4VDxgBl6UmbH/9RrA5pMGnEZNIFNf1utj+cJbgVppXH0qRs9qRvamIi28ZFNqXAzzSHrg9KTQmiLAOQxz6e1GPU08jIz1FJ049Kgmw1hxSY9eafx60Y9O1AWI9pzxSBSe9SUYNAiPaB0pOPXNSGoyDQAzk9qTGfwp+T/ABUuFOMcYoAgJwOetIVJPNTNGG69qXbu69BQBVYYIApCOARUzjBApgHGTWgDNv50Be1S0nSs2BCQKQ45AOKeRzjHWkxnrWhoRcZxjHvSHH1p+DnkcCjHJxQAzaScAcU3qOmAam7Zxmk24OentQO5Dz3/AIaCM/41MVyM+tNGRkd6YXI8nIzzikPFSY7etBABqbCIDnkZ60m3pUpBFH1p2AhI96Zj2qcqRUfHeosA2g/zqTZ3qMjFIA+Y8cU3Ht1pePrSnjigCLI6dM0AZ57U/HTtilxigBhFRnrz1qbHbtTcduuKAIcUbfxqbbRtNAEWMU3b6VNTduelADc9vSl6ikxRQXGRH7UVJUZ6UGo0qrEE9qdgUUUAMPTg1GR2zmpiM1GevWgBACDjtTfu1KetJx3oImMxTdgIJ71Ls9WJFRjJ9qaYvZkO3oO9PHGfWgr/APrpMYxVmYc7ju6kUmBnin8/lRgYJoAhwwDZ6k8UvripD8uMdDUJ5HPagA6+1Kw5z14pD2AHFO6Z9KAGbQetJswelP3ECmEk0ALlcEbse1IcEHA607dgDpx3pigAbTyRQdAvJPNGScjgEUrAH5T3oCoeSQM0AQDPrn6UEGnHI7flQPrQYMU7SBzinLsxjdUahvrS5YdVpXL9oPJH/wBcU1jxx1pKbxSuHtBmOlKPuj2p2OP5U3oPpU2NBMnnjimkelLjjOKUdOKLARkc4PApgxztORUzAnk03B6jigBoB7UYzTyvfNNwT2oM+cZsPpRgjnFP5xij+WOPrRYPaEZxyCDzS/VcAU4gnryfajB780Ggn8OabTwDjpTcGgBPwxS49aT8aPwoAD94YGPxpTgZz3pMbgc5pTnGAf0oAZ654IpvUEA08jJzgmmDOMgYAoAUdTniggY49aTktz6UvGKAEoo96KAAUGige9AEJHrTWBGMVNtyQM/SlwAMdaAIgMDjrmpOCSoNJwcmgfqaAFGcYxmlwfrRtA460vTigBKByOadilA4NZgREHBxRin4xSYxjFAEfHQ0EH8KeVbGcdKTGTg0AJ8pGQc470gwBndnNO+XGffpSc447HpQBH9aOC2D/DyDVj61H19PxquYBuAwNKVOMBqXDAH09qU4IGOtK4EZGeQuKQp0Ofyp5HfP4UvGRkdu1FwIwdnHWgDPQcCpO3HFJ3xjIpANyw+6RRgjr9aXjPHFGGAwTQAxhkZHJ71Hg+nTpTwcZUjgmjoD6etACBh3oyO3H1pThQSDnPrTS3c96ABunvRjnGKT5em7rQNp5oADwelAwOpoyODRu6DtmgBh/MUvXOTgU/AGeeKXAwF6UARcjC8UHn5RUuBnOaYwzx1NADcD+LNLtAPANIF5PBoPX5QaADbzzQAefz4o3EHjr0oBIDAdKAF4zuIxkVHhPxNKOBg0FQDyMUANwSBn9KUbz0x+NLj04xSdsEcUALggnI5NM6c07I4wOKdtGfcUAMbgDHek69elO/WnbQoz1LdqAIQOoz15pBweTmn8Yz0wKZ1I9qCmhGIAIJ69KTJA5IOe9KRnB44NO8vjHXmrQrDQPlGCc0Fcj3p4XJGOAKUADJFTcLkOGXoMikw2Klz17UDqMjANFwuR4NA54pwAJHUimsMYxVMsM0cY96FG7vinHjg4oAZjvigr3FLuIyBwKM9hwaAE9qXA5wfzo6DDHnNIcetADc0E4GRSds4pBx3zQyEx+cDNGT6UAY4o/GpLFpAMUtFIBCMd6b1xxTiM0cD+VNgMweaMdccCn9OfSjGevaiwEYHelPSl2mjHqaVgG+w4IpBjGBz3zR3x3HT6Up6kdB1zQAcjLHvTcY+XrmnDHY070oAZ2xTe5pzcED3pDxuzQAgyp+tA6H9KB0zQcHgUAIuSOaTIPU9KVfug4penFaHQIp560pHNGTntSdTwaADFG0UtFZgRtsxgsR9KAuOQSafjIOTj6Ui8k8HFACFSozj8aQHqCOfWlAVwRzilOc57DigBvuaTj1pfT0NLzzzwKAGDrinYzRTgMnPrQBHtI5JxTh7804qoPJzTec+1ADSARkmmY54NS5AHJ600Yz1oATGe1LtHOadgDpSMO57UANx2PAoGe3Ip2BkE+lN/u8UAJxgHP4Uvc54FJxg9+aTPPI6UAO7ZWm5PQDNKSW68U056AZoAaQSOmPpSgcYwaAoJ7jNScjhTQAgGOg4pPrS9uuM9aMfLgGgCLGBgckUoAxT+3y8GlwMGgA6VH3pSSVwRjHekoAKDyc0ds0djQAUUUUAB465OaPqM0Djoc/Wg47c5oAD14pv0p30pnHagB/H0/Co6kpCO4oAjHHGevSnDA5FNAz/npTwc0AR4/Onfyp2OOKb34zQAn8qB196dgd6Xb+dADMcc0hAIp+M0EEUARgHJJHApQAB9aUjvzmlxSsMT8KCueTS49aPu85yPSnYQmPXmkx+FO+pwKME9OaAEpaPrRUtDsM4Bx60h+Ug807qac3I296kQw49cUgbHvTipA5pR9Kdh2I8dWzRzwcVJjsOtRn0pCFPJzR1py7QckZI/KmhVVSB3JP50AJj/AGs4pcc8il5PA6UnPYU7DsLwOlIQW69KBnJxx9aM8ZNFgsHTpQRmkz7Uue2KLBYj+tL14p/1FBGV44PaiwWGYPel6dRSgelHSkIXhuOhpVXJwOSfXpSAseh4pCoIwO1ADdpUsCOQaXHZe/WnKCOQcDvSkBgwxigCNtwPygH1pMYYkA/Wn4Py7R9aNp5Ibn0oAjHY07Gevejpx3oByR6UAJyAR60oGeaB0GexpTz+FABxxgcY5pvUA7sj0ozk0Ac5HanYdgx3B60BODgYpPl6Ae9GCf6UhDeMYzigHkYGakxjgnNGATkcUARdQexBopSME0lADT6etNOAcZNSe9N98igBhyajIzTsmkp2HY//1U+YAHGaThhwdppxByuOM0ANk+1f1ofzYx2cHBqNySMU7GTmlK0CIqOKdtpuPY4rQ0EPTHak2k9TUnzdCOKVVyMnrQBFj9KU9PrUhH60h6delAERGKSng569aOORWbIYzHakwfXipT2yeaawx3oERbeOenpSD0XgDinkZ/ClxnrQBH79qOvajHvQfWgBrjjJ5xTNqn608DGQoyDQynqDigBhA703AHWnHng9aYVPfpRYBMeh4o2jApxGMACmbhk4FADMHO3ilCnqakwccdqMemOKdx3GYpDzTyBikPsaaYiL9Ka2CSetKeuetIwyevTtVCGAdqTB6VJjBoI5oK5yHjdgdRTsY5p+Pm4701uDx1oLG7aaVAqXJNJwBzQBH1OPaozzmpOhz7VG3eomA0gjgClA9RRgY46+tKQDyD9aQBjHUZpDjAJ+9Tzk4I4FIWHagCIg0pPGOKcMkcYpAM9OKAG0UdKKAEOO9MPPTv3p56Gmdsc0AKO/TmjgikzkAdhS43cmgCKnKMg4oagHA4osbUhvUUuBg+9Jjj60AcUFDCOabgY/HmpaaQM/WgmTsNJGaOMCk5pxz6UGJG2ccdfSmY6dql464zTCMDA6U7ANA9KCp+lOHHegkdzVgR8ryaOvToKlIz0qI8HPY0AJgsOaYU4p5IJ4pOM4oAaBgA+lHrxnFBbGBihhjnJ5oAaRyTjGaaPU8Zp56gZpmOVXFADCvUetIF3E9qkI3c/3aTBB5GKAG4460pXpS7jjOeKd1PegCILmmsM9O9SsP0poXHWgBoBHfgUv3epyBQQMHjg0dCdvIoATG75j09qjzuOD/hU3HY4/xpCPU5NAEeOevSjIwRRg4680ZORQA7btA9KYQF+b17VICO/WkJXqfyoOgiYYweab8o7Ek80/AAHHU0bXDeuKzZgxp4wTxTNpA61KVHJzyvamnGfl70CEC/jSbccAce9PzyeMCgHCnJ/OtAIsdcU/KgYPWnYGOeM0bOe2aixfIyMkdKbgYO0808pg5x+tBGO2c0WDkZEc5o+tSe9JRYqUhpyeelNUipCBUZH4UWMhc9h3pOcccj0pOhxjtS9OaQCj3HJo/ADtQc+o4oPvxQXGQznOByKQZPXjFPAYdO1GOuRzQaiMD1GKaBj8aftYdOc00q3HegBv05oHJowQT8uAfenBDn5fxoAj2DNKo45p2xsU/bz0oAiHcc0venbfrTSORQBJgd+aNp7UA4+7zSjNZgJRQRyaKAGeoDUx128mn/d6L701ufvUAN28cdaVegY8E9R6U6igBQBknOaYVG05p34UcelAEWAOM0vTkjIpRhjnb06U7bjg8Z60AM46ZwaXd7cmk6DIGRS4HIoAaG7AdKMt3GKjyDxn86XCk8EjFXygO3Cms2cUU1i3XAx2NFgGZGSvWlHK/wBKdkdWxj2pDz+NMA68elIenTOKD1wOvekwc57UAMx+tLz+FPxyKTAOKAE56elJ17e1LjPHc0mM8Y70ASjITFN4/ip/Tg0EDNZgMIONuMd+tBb5sng0hEmMNzz29KduOcge34UAAAzkHrTMEDjsamXAB470xgQcjkUAN2E/zpCmBlepp9JQBH0o9STml5HQgZ9aMHt2oABjbz3phOD/ALJ/SnUhzkY9aAEC9cHilXkccmnfLyTx7Uds9KAG4298k0vGaXgfNSEKST1xQAny8DPXnNMPzc4wOlBzn60n3Tlu/TNPlAXOV7DHWg8njimkZGPvUuWxnGMU+UBR2yM0xgB+NPG0H5gTn0phHZqkAQdQaCTilxhsU7PP0oAjyaKdtFGFpgN2H6im7T65NPPuMjtTc+vNLnAj2HvTcHOKmY5BIFGAx6YzRzARAjPpTffoKlYc7egFMAB56YqwHZz04o4IoyKcemaDQbx6UYA6UZ5oGBwTzRYBCM0tBIz6Up29gaVgE57daTkDkYNL7GkoYB25oOe/SijoKQB/KgetKOuaaM8jvQAep70cY55oxnrRjPI60AMOAOnFLjHIpSCDnrRjnOaQEWc8YzRx6dam9PSmgehzQAYHpScdcU7BpOfpigCMg574o+lPJ7YzmmYwfpVJlxkIO1Lj6Ug649afgY5qjUYcdM9aXgd6OnApMe2aAA89elGcHGeKX60cnpQAc9qCPWjAGOPrRjryaAGEUFRinE0p6VmBGDycdqN3OfSg9RxSFsZHTmouY8zF3kdevagsOS3em7j0x06GjbnOetFw5mOPTpmjHPWjHAo79Ks1uH40fjR+NH41oMOlICAaUdOaBtB5rMBGwO1JlSDgZp5xn5TRzj0oATjjIo45xRx3o45IoAYT81Jnr+VOx2ox8uPfNADCQBz+dHQdKXGfenbcjrigBnB96KkxxzxigKOtAEZ9BzSbeevJp2Mc5xScZoAYUIHtRt7U8YHXoad15HU0AM20bR3p1FNoBoUUhBX6U+joPUCkBHRTiNvOeD2p1AEdFJt6896U0ARspwMdakxg4AyMfrTe45p3I4HSgAyBz0NG3jPQ0mPxNLu7d6AE6j6UvcNQBtJb1oB7dKAA4GQeppvXmnY43Z5pB7UAI1NpzdqbQAo9DSYycGl7YpB6GgAwB15pPpxS8d+1JgnnmgBQP/r0Z20AjJDUZPbBqGAvAOcUhJJo5Io4A5NCGhO9B9T0o45zQckD0qxBg/epp6fWnd/ak71DGxMhePWl6Db696aM4JNBIx9KECD5RkCgAZ70o/Q07GDnNWIZjjJFHFPIBGc4pCM8YoAYFPPYVIAOMdaACRkfrS8ZOByKAG9uetRlM8jOKm+vWkIz16UAMwQeDgUnQE43NSjAPPIpBkZIqGNj6Bxk96bj3pRn0pCE+XHPy4PT1pfduf6UgC9GGe9Jxg5G09aAFPqDxQOOAKBgkZ6CjJ4J6A0ANxyc8HFNJIwc08HLE0m04y3NACeuaXHTHNL6Z4p3HOOKdh2I8H8qMH86cc9+c0nP5VuWNoHWijBqZRuJoMUU4DpQR1rPlZNhOp4ppHrQD6Up96VgsMIxUOdrbwBnsfSrDcVHtqoxuNIgC4Ax2oLc8U5u+fwqPBPWtSj/1ptvTNNx6c1MwxTD9K/rQ/mxjQMCnYJpfpQeKBERU0Yp2SeKMYoAYVz1poWpdmOlIR+daGg3B4zTOM9akye9N4FS2S2RFcdOtAJp4PehuoNSSMbBwcUDGCKfzjHpSHaeentQBDS+9B5OaAKAFwc02nnpxmmnrQBHgjpTcZ61LTcA0DsRkUhzjHWn5z147UY9K0CxHTdoqbGKa2M5FZsRHjHSlIJFLwTSngAUAM2+tNCkDpUhUkYpMA96AItgJOePamlADnGc1Lg545xQQevTFUmBXIxTQKnYUzFUA08kcUjcMeKeevWm9+KDQaVPfg03H508579abtB69aAGGmkY4NSYxxSH5unagCv0HSngDqehp2CDS4zk9qLARn1HQ9qM88DFLjBzikOCMr1osA2ij3o96iwCED8qQkAcd6ecE/WkKgj6UWAiPPFKB2pcZ69KTOBz1FIBOMY6UznGT1qXIIphGOBQA07ehpPu/KOtL937wzj8qDvPzORkdu1aANOR9BSgYpR6HqaXoc+tZsBnr7U0thvrUmDz70hTJ+lFgGYFHFFFUkAhGORUZGQR0zUtNb1qgGHZim8Y6U9sY4FN5xQAg/Sk6jPb0pc5I9aTrg+lADCBjIpABjipG6cUzK46UAMwT2oOCeDTscZz+FL35GKAIuKKeVj3Z/WmGgBQMd6Q5PNKqk1JgD3oAh27umAppgI7dSKmZe4FN2lThemMVmwIRyDTxkjkUpXjB4ppUYzuoAOhKgbgentTSu3AzinDgcmncYJxQBB9eaMZ6HmnN7DJoUZ61oBF2oI5HapcepowoPrmgCPgHrTTwc+tTbD129KaR+FADFyMGgkmpKjOR2qGgDAH3qKKOv3ulFgA0xc7uSPyp2PWjjvRYBeMZxSYBHTpQTk/L0o4PfIpAIQOSeKYQO9SYPI7U04yAo470AR47DtSEA/SnYOSOxoA/wDHeKLANHrRncQD0pxXj2zSEZOBWgCEY7Uxh7Gn8deSaAOvPFS0BGQSM44NHy9KfjkZ60nYcZqQGZXsKXqfmNB3dOmKUDJ3AdKAGjGCe9GAcg8VLg8/LwaMHHqTQBEFAHBzTgDk0mCp6e9KcY4Hv1oATpRRRQAU1hTqU5xzRYBgOOtO59ajwPWlB9aTiXGRIwzSUuKVh+lQajG9zRjHbNKMHnNIW/GgBAvOKM8HPalyOlJwfwoATHvRj3p3Bo4oAiBwelO5AyO9OIDck4xTfXFACdSOeO9AIAwDiglh8uMUZB5HNAEGc0oAPanbcflTOhrQBcIO/Wk2oOnP1oyVPSg8dVzQAzAHOKXkVIQSAD07UnJOD1FADAARSgbhzS4980uB1wcDvQBH6t0wcClx2p+B2Ix70H6d6AI8A8d1oI7dMU857/8A16YfQcfWgAPWnBWYU1vlwfWng8YrMzh1G8jpSDPbtTj7UDHr1oNBeTzSH5unAp2ccDmmEY5zxQAmO1JTzggDv60zpyaAG7c/Me1NGWUb+CakGBncevSmg5GRxigBvI+Wl2460880YzxQAwdCPSgE4wOlSEDaecmm7QBk0AGCMKec00gK2KkPPOMCmEDccGgCPg57GkYcLjjHPNOwQcqenaghVPPfpQAzdknb/F1p3yjgcetGwDuAT6U7AIO/nFADSccrTTxgnqaXHpTcc5Paq5QAY6d6WkPFO+bAzSaAb70meCaXnOexoz1J6VYDRjA+lSAEdhSDOBzTeBzmswHYHqM1Hk9Min8+nFGe2KAsN+ccZyKj2kAe9TjrQaqI7EIVeSe3FG1RjceKlAxk9aZgHk8VQiAjBwOaUbTnPWpcLkKecUh45wNo60ARE5GMcetPG4nPPHeghcZBP0qQN83B4xzQBESc0mSaecEdqNnYEYNA7keTSgnvQBjrShSVJHalYLjNxoLHIpxHamkEGlYLj/f1oPHJpOMdeRRjnk0WLFAOMA8CkyPwp2M8+tBHtQAn0FJn0p1JSATr9aMA9qdTcHvSAaenpijFOIAOM9ab24oAaRk+tHUcUvaggn0NUmXGQ0Y+tLgDkcUAAdOKXI7c1RqREZ5704A9Tzml6ck5oBJ9qAAj3xSU44I96b1PtigA4o4pwA7GmlVAyfSoaJlKwwjk0mAODzTlJIyOlG3nJ7VnYxGccCk5PHpUu3AyTjNN7nJpARkcim5AH0qUcd+tNIJHHY0AL7ijjrTwOOaaQB92tky4yCjFIMsOhHXrT9pokU5jQPSnfSlGAKODTSLIz9M0gFPI5ODwPXikyKYB+OaO3SjPtil/HNACcAYNJwe+cU8f7PFIQOeOfSlYBCR2NBPGQc0o5Hp7U0dMUWAZwRxQRwPWpMHII4FIPpyKLAN25IB4FLgZAp2SaXPGcc9KLAM2YzzTSTwAM04k49PWkyCTzTATuc0d+OgoHXntR34oAacE5xmne/Slyck4waTng96ADAyaQjHvxRzk5FJz29KzAbt9qdtOKdzxSdT1oAYODmm8D5qfk5xTeSCKAE7ZBpxPPFKo9DwKXAOcjgUAN9+tJ159KeVPBpMcmgBKKKM4oAMd8UmD9Pel/wA4o+nFADMn8qQ4zk5zTyR0bmm8DgcHvQAuDggkYpMAdKUYBznijB65GaloYijHPXmkwceuDmkK9QeSaAowc0kgQrdS2MZpMZp5wAcUyqYIXGep5FNIB47ml4x0o9uwqbBYbwDx+VHI6dadzjOKDnpihIEhApAyT1p4yPvYxTMenFO6Hp9a2sIO3pSYOfvYpR09aTHPWiwBj16UZ9KMDk9adySMcVADfrgUcdj+dLj8TSE0ANwaUDil9e9KeBmpaGJgU3IHBBHpT/wpjduKVgsJ+dLk4pM0YosFgoopcGiwWDd7UdutG33o+orSMSkhCM0uaTtijHOasYZ70meM0uOc0mO9ACg4O7uKQDaBjJpw5YHGRimguR90DJoAX3pD6etKfekPrQAw0pJP4UAf/WpB1/nQA1hxwRmkIBxwT9OKfjIz2BppXkMx7UAQuhY56Co/bmrAP97p7Uhw/wB7n0zQB//Xu8cYpMelKcUnPav61sfzYxMCmMpPSpMncAO9SlQW64FCQioBjqMU6ntzx6UzrSAQEE88UY70bWwT3FLhsc/lQAnytnPaoNvepz024pnqD27UAIAvpmggdetOU/hT8A+1AEBAzQetOIO6l7/SgCErg5AzUeCDzwfSrW3ccHpTCOeRk0AR89qbx9DUhzScUAMI4+lMOMU4+lJigBmAevFNHIqUDOMUm3PSgCPaaCpp+KMUARMBSN2B7VIQM9DQ3Qe9NEMhJ98U7HzdOlBX2zmnHO7rSLIxjBC8Gnd+etJz0zipRnjnNAEBBGT1qEN1yMVaYdfaotvy4NNMCHPBz3owBTihxnOKQgK3PNWVIaRk+1Jg+2Kdge+KMflQURt0pq4HFPI7U3bQAxTyTQeBTgvFDLQA0c00qB0p+QelGQOtAEZXp6CmEkNnHFTckH0pMfLmgCLBpwFOAzTsCgCA85B7elIOD61Ntwcg4pvG75uKTQEe0njHWmjnIpxGOpxignJ46CoAj2L3PNN2HPPSnnJppoAbjFHbH40Zyf0p4XgcdqAI8980fjTtvtRtHpWgCcc5ppHGTxTun+FB7elADQvrQRj6U7vxR1oAiIxwKQcdelSY4OKQjkg+lAEBUMR6+tG0k+3SnhMHaenWl+YZLUAREbeMU0pnoKe2Ce9GMetAEeByCD1o2tgg81IABknODRjI46UAM28DjHtTSvOOtPIHB3ECjoc560AR7T2OMUYI6npUuDjNMIP50MBvuO1IRj5T9acRnjOaTJHX6VmAmDnP5ZqMj5sEZz6VKeMnGcVGPagBApzkCgAHOOMdqU5I64zQD8vrQAzGTgcUfWnY6elNIGBiruK4gx17ClyM5HOKCTyDTSeaLjFAxk5OTTD1p9MPWmAlNxg4yeaeOadtypU98fpQBGcbSKYfrUhwSeaaFJJx6UAIM4yRxSfKCSTSoDnrz6U0njJOKAGjPcdTT+R8qjhaB13dKXp070rANznIHNNYNwBUpXqynJpnO3nqaOUXKMzjjFG3HGadt/Sjb/D6UxjaKdjAqM5B5oAcdxIDUg4HQZpTkHnt+tGc9KGAdSM9RTT6qOnWl3FMHuOKTscHrSQDAD1FGAvJ607tgDGKAM9qlgN6csSRRk/SnYFLjI6ZNICMtyMjFNG0HGM07BxS4wfTtQAwAbTijBxnvRgAdc80ox1U59jQA0Y5z1oyeAafj1zmk2n0rQBmPSjbzmn9CPelGBnuaAG89eg6Uc7S2ML+tHOAO1GGz1yf0qGA0459M03K/hTyGzz1pu3v3pHQA9abwAKkK9yM0u3nHap5TBoix70AenOKkIOeDQQAM9afKIYePeg5PSgkkdQKQkc57GiwCE9BmgcHpjjFLtHYd6AuTg1Ny4yGUVIRngCk2NnIGas1I+j+9OxtB55NKV2sM9TTSpBIJ5NBEpDMjcMjJo44JHJpfmz64oww6HigyEHy8qBmhgOhJ560vQentTgobn1oAYQueaMADhuKeRtJx2poA7cUHQN4OMGlwOeM0vB6dabg5560AI3zYx2puOT71LtOevJp+wdqzMuRkAzt+lMAOPqanKY49aaykY56UByMARj6UZIHTNPCnOM8Gl9vSg1Izxk44FRFs49DUp5OO1RlT2/iqkgGbe2PpTgCMnFLwQACQaVQM55psAAzzQMn7w4pSAD0yadg5yOKgBpUAelJkYx1p/HSmlQaAGZyM56U0r36A1LtyM46UoA9MGgCr3xRjNPIGeOfrTSD0rQBMdyKT604BvwFO4wCaAGA45xRig+w4pfQHn6UAJ15p2Tg/wCzTkUdD1FDdCTzmpYERpM+nWlpCSMnrVAKBS45pFA/A80pH5mgBCKTqPSnge1Jtxx0NADOh5/+tQucdc0/g8uKTigBPvEqo5/Sm7CcL6frSYIIXHHtS+7f/qoAjZSDnrk0Z4I71LjbyO9Rn0Ud6AFGTztzmjYeo4pxHGScY9KM/Lwc0ANIIJAUGmnkfdxipeSODTCBnHPPNADcZxt5zQOwU4zSjA5XkmmkN6c0AKefmIwTRkKPXNLgEHJ+7TcEEjHTmgBwDZ6DJqI5Jz0qUZPUYJ5Bpj9AMcjrQAA5OBwKk4PI6UjAHkHr0oxtBxyR1oGmJ+NJ1pTgd80mR65pFiZ/GjnHrS9eho470rAJRgkjHIpeeo6UnbpQA3BK4PHNLhetGOOBS+3UUgAfN1ppAHPSndevApuMd+RQAwAY4FLyfu9BTQD1B+tOwRwKps0lLsL26UnAIx3p/vjmg4AyevapMxOvtikJIOFpOehPSlI4GOc0gD+LJNIeOMZp3y5HFHzDn8qYCYY8nGe1RNgL071LjAxwD1xSHBAOc1LQEWM04R/pTsU4HFJIBNuTxTR9KeCc5xSfpVAR4weuM0vTvQRgHjOaNuGGRnFACH3OBTCQPlGc+9SZy3JyKbkdjzQA1s8cij5gOBzTm7H0pQQTuoAYN3GaByCR1FSc5pAMnKjnvVJlxkNB5GRzRgYDHqTS/JwR1FDYx1qjUQ9aaM45o6dadwTgUAN46HvS5BbjvRgDNL34oAbz2pckHnrRjsKOh96AEJyMU0gZzjNPBGOnWmEENQAnX7vGKOfoaU5pOv3u1ABRgjrSmm8dTQADPXpS7SOlALH6Upx6VFgGDA6075c5xzQeuQKQE+uaLAJx06GgKKec4ORTee/BosAoGByMUgbGfypOcde9KMY5Ge9PlAX2oZRjrRSYFNIBh7E0nQ/L+tPI6A9qaRzkfrSaATGO9Lj36Ufh1o/DpUgHI5PSkPXryaXAGaQngEjitAsHBGKXB4x+NL+PHalAHOKAG4BAGcNzSBec0uMH5jn0oA/vcHmpaAjcnIA6Z5pQMnNO25BpQMVIDWAxTCKkbpTKAAjKjb82DTuCxb1/SgDKlW7nNKOWPagBpbooFNbI96kI79qbtrQBv8OfWl24OfWlAPGelADd+lADADng8U7oMCnEADmmkEGgAA9DRntmjPfpR9RSaAUAfjSY7Glwp5pv1qbAKVbt0pMdh1p4z25pOOveiwEPOMDrT/T1pT6+tHTJ61Y07C4zjtilwM/LzTepwO9LjHvQWGPWjFHHZaMHvQTcbg+lJtz1NP8AqKTn0oKEPtSHFO4H0pME8tQA3pwDSjP3RzigjHJo5oAMj8Kb7U4ZPSmN0UnvQAhBz/KkAOCR3p4HIx2pcHB96AIu2Mimv1I64qQ4x6UmfrSsZkQ60/IBAx1pTyOO9Nz6cmhFo//QuNlB83y59aB/vdamMakYxkD+9TtuDkckelf1yj+aGRdOMUvPXpT9pb2oK5pFjODlQh+pqML24qY4xgmmMAOAc0rAIFB600rgnningDGDS4GPWlYCv2waaPmOMYqYjPIHSm4wOR17UrAN2+tGCOfSncdgaOOwNIBgAzzkD3pvAYqrBsfyqQgLwecc00fMMZHHqKAGUcdzRz3FHHcUAMxTCCc1PjioT1oAacnNNxjHFKUPXrS4IHNPlFcTgDgUmD2qQYAGe9M5osO5HSEGpPbFIeOKLAMo6UpFLxxTSJYxgTwPrTcdDU7LjH0qPHFSUR7TjkUdKdz680YB7c+tADd3brScH2PrTwopOV5PNICIpgc0wgsPUVYblfSoSDx7+lVcciLaSAQcgg/pSNnbkHvipFIOQTtFBUltvYd6sRXAwKMcc+tS7eKNvHHXNBoR44ORim885NSEcEd6aQSeaAGcDrTWyADUwXPJNNBPQigCLmnBjjFBUk03DUAOHpTTycdqD6U4dMUANf5QcCox05HIqUgbcDim46E0AMYELluaZtx7g1McdaTBHAIpNAQED+EYppB+o9qnIx1ppx2H51NgIsY6cUbsH1qTaKXkdKLARZzTSCakwKbz2pAJgcAmm5wSKec8ClxxjigCLik47U/BxwMUpz61oAykIJ6UtKAD15FADCBj5uDSMDkgHINSEc/Nzmm44+tAEOMfjSYzjnNTFelR4A5FADQCvTjmgj1POafjgfnTeCcjn2oAjKE55pdpzgjGKftwCKaV5yTmgBmOaCR/FwRThkDjvSHPX+dJgMI7kZz6U059MCpMkfdNABHXr71ADB70w5xzUuCO/wCNMx7ZNBDYwKNoPalxkD26ml/ujHJpw+nU80BcZjqSOKaccjrUnQEL696RgSef0oBbkWCOvApnapAPTgA96aQPqM0FjQVP3TS4XvTsdwKQt/eNaAJxRzRzRxQAzHqabtI61Ln+6aaRuzzigBgBAoCjFP2qTg/nS7SABnNAEPQYp20g8dD3qQL1BPWjnJANLmAj2legppz0IqdfU96bjcMkZNHMLmIcg4xxTipPApSCRil4/EUxkRXHU4pmM96nwSeAKaQe9ZmZF0yc9fWlPykdKCATjqMUh59sVbNA7FuuKDx+NPx36jvTcDk0IBMdjyaMEnHSk4IznmjHHXkU7AHI69KO9L/KkwF565osAzPB9SaCRUmwZBLAZpoUDOTmiwDPlzxScd6kxw2aMHjBGKLAJ60mMjkc0uKTgDvQAEY4FMxjHPNP5zRjrjrQBH9Dk0Z9Dj2p2M+3vQR+NZsBCeaSnkHFNwaDoEHcUHp+NKBg0hB5+tAARyfSk5/CnHH40YH40GDIjjPPNKNx5pxH4UDB7daGIaBng0vAGacPrQc8+lK1wI+AR3zQDkUcDIPegkdqmwB198UdfbFHt096Pf1qwFU8HcMdOaYVOD39qecDtn+lIPunIoAgAPNPG4jjtS7eB60vzk+1A7DMgHOOaf8AKTgHmgkHOKPrQbjT6Goz9KlzxjtR2GDmgBoJwMdqcWweRS7Tt/HpTSSBSsAzcd3HQUhb0qQ+vTmkOABiiwB2A/GmlsgY60hJPGKXvuxjHFJIBuc8etIQMD1p5xyPSm5IxjvVARnk8mnLnJBOKU4zg9KULzgHikwH5IGMZ96NoHPOTTuOMUdjUANYdKZ3zUpOQAe1R/TrQAhyfucU484z1pvU07+Hn1oAj+vFRkHjbzT8bfxpSevetAIiMdiacMDrxSE9sYzS7evfFADSFb2pFXd9KcB3PapCCDg8CpbATscjqaWQYyAtJtIBOc0nHJyQfepQEZHOPSmEVY6jBGcmk2qw9CK0AhzwABRnJzjpT2BzTSCM0AGQwAOfanZPUDJpVOOB3FNO0fdB+tBdxf8AZxnP5UvOAxxgU2kPPI49qB3EA5ytOAwMY60YPUHGaXIHHWgCLtxR0HP6cU/8qbQZjRjA460cH8Kd36UfWgBjAE8mgjsDjb60+kI3AZ4xQBGOuSMcU4qSACenenHJPHSkGBkelADMD7vXNPI7jrQABx+tAznruFACMABgjk1HgkZPQ1I3HTnPaox1yOAe1ACdFBbkU5hxgcAdf6UAbjsVhg8mkKnrnO44oAZ1+7xSUvQ4zjFKnct0NIBcY6jr0oODjB496XOPujrSbs9fwpgIAQcDnIo+8MkUg9R1FOAYDB7UrDTE/pTsY68UuP4h0pMc80WLExxikAUdetKc5pOnakwG7QPxpNvPPan+opfakAlN5HuKd7UZ5HpQAhHBx1NIFx15FO4/Gk6cGgA69KaRtGQc1IOmRTSBQwGYye2KM4HTk9qUAZ4NO780gI8n0wR1p3G7n8KcR+dNYfN70ABz1PbijDexpMAgKKDtJ3de1ADe5yM0Y4yB81Lx0xxRnPAyDQA09NuKXI/hH1peehwMU3LggnqKAGkttZlp5G89xkCjrwO9LjJBORQAz72TwKOoGB3pSCeO1OUEZz0oAZ+FGD2p2D9KMe9ADBnp6U0kduDT8HGD070mF7dBWh0CY6Y5pcc/SlJHbvS5Gc0AM2+/NGCDx1NPpM88daAI+SuehpaXaTSUAIQDzS4J7UoU880EdOtACHK8L3o2knmmAkZHpS4zznmgLC85wRRyOB0owehppBBxmgdhfWkwPpTweSKQZ47n3oEHGM5waYevTJqXJpACep5NAEWfaj60/HvRjHQZoAbR9aKB1oABzyOvajoCX/H2o7kmgZAz2oAaUUgYOQaVFHJBz/8AWo7ZI7/oaXAyRjpQAzA6gYzScjhetPPsOlN5zQA7g9eaD0G7vS8gcUhyMd/WgBpBpKkoxmgBgOKSnEenNIAT7GgBuBzk80Y6ZNOwe4pMZzmgAooooAME8njFJzxxS9ee1OOT14FADacPXrxTQO2cg08e1ACMNw6Uzb61NyKaRmgBuARhu3TFRZNSUgGKAEwDTe+DUmKT5qAF6DApvHcUp4GaBjqaADOOnNM/rUhOFJ6imNweOBQA3+VGPwFL0Iz0NLjnaelA07AcZxnrSe5p+0/4UYoExmB0oyaUqe9JjvigadgP93FBGenGaaMdetO+nFBYmPQUmOcdKd9aMDsKAGD37GkxkcdCeKXPPFKBkEGgi4gyCSfpQMjA6YpWJChh6005z9KAuBGM5HWkHvSjOSDSHnrwaBDSf4utRYHYU7njABpmDg8c0Fo//9HVJzQKVVp+3Ff1wj+aXETA9eaTA7Gl5PvS9evFArEZz6cVHzU+0dulNx3oCwyk9MUvqKOOD2oLEYLn5RyfSoztq3swOT1qF07AcLSsBEAQMZpME+9SEZHFR4JPXFDQCcd+KTbnp0NPC5GT2pM8dcVNgIPLP3S1IRipsc5pu3PekBE1NAPep9p+tNI/CmBFjHSjGeTUgA70Ed6LhYiKcbsZ9qDj7+ODxUmcnp0qLt0xTTJcRuB+FJx3p3BNLgde9USQ4zz1p+G7LSUc+prNmgDPemCnNwKRhQA3BNIQe1OA9aDyeKAG9DxQcY570uB1pDwOmaAIzg80hVv4e1O69OKDxQAzADHK5700AnPPHWpRnacUwgHA6GgBuB09aTHTjNTbcYINREY4IJxQBHtXPPFKR+NPIX60oxQBGAe9McE4xUrZyKjBNAENL2qQpSFfatDQh2gNg801hx0zVkqQTxxTNoxmgCHLYzS8Ec0/PekwOtADKQjnNLS/WgBmCOCKYdpIB6VOwyvHWozxxQBFwOhpQVx0NPxg8GjJB4oAj9frTcZzjpUnTp+NN7fjSaAjPrSAHGccVI2DSbFJyetLlAZz25o6dPxp5XByaaRjg0coDcHt1NJjFOox8vNHKBGeuTxQ4zkZwafhWGc49qbnPHbvVAMYgdeTTTx9e4qQ9MjkGgjAJJzn86AGkZ5pnC1IMUpCYznnrQBHjH06UYGBzTuM47GkOM8DjpUyAhYEZwKCc/4VIQxPynaRTAMcZB96kAyM4xyKYcLy2Tup4zyc0NjaBn7tAEO3oKaq5BycCpMEkHOMdqX+H0NBDI8cgjsOtIFOBjmpu+DQB3zxQIiYcfSgA888dakwCMH1qNwB1zn0oGhhVvvdvSmgquQBml469KTGc4Gc0D5heCMkbaDs69af/s4zTTtxyKA5ho7+1Hp70dM+9HoKA5hu0ZzS7eMUvNH1PNaFDcDpSYHTvTyD+FNwce1ACeuRg0Acjb1oxj3pDn6UuUXKIcgfjQf4sfKKTgcdaODz+lHKHKN/A80/YC3IpRnjIFAOMc1BA3A5OKbtzxUh5z0phXr2oAiUc46YFBBJ6ZzT+RjHelPAPvQA329aYyhTg0/HJ20EZ6c0ARYU8HrTSG5xUvTgdfWgcnNFyrMYFOAcY9qAo6Cp+WxmmbAM4p3CzG446dKD6gcUY79qOO3SkUM69Kbx0NOwWPycinhBjjg0AMpKWigCMnHUcUAZ65B608rn6UDcvfmgBnJ+YEcUuO/enZBOKQnJx6UAR4555p2ARjBpxHGRQASeKAIznkccUox19fSlOQMmgADPWgA4/h5ph9RT6aR2oAb160dOlHTrR16UAHvijjGaPxoHXigBgQ9xS7cHJpwLc9s0EnpjGKAGBeME0nTkipMZ69RSbTnd1qZAMxj6Clx1zSgZPtSEHAGKoqMbiHHX1pMcYpx5YcUhB/woNhpXnA700kr7k8VL04PekwCaAGjGcGjaOPanYIBAGaNhoAawGetBCjpzTunQUrEkfdzQBEAc5J4pMg9s044A449aAKAGcg896NrDIJpcgc07HcDdmgTG8Aj3pCckYGBS7cnr2oAJGBQZNsaRg0h5qVlOSDUeDnig2JBjj+VBzzgYpygj/GlbHGWrMCMBc/hQBjHFBB+tLySDigBpFMPBwBmpec8UZJNAEZBBwRijmnd6CvNADfYfrR3JFLjsaQ9OfwoAbjg+tOPrjilxxzml+bHoaAI8EDpimdyTzUhDA4IzTTtwM8UANyCBz9OKfnANIMA5pvGc4we/NADM9KDnPWlPp0pB64rQBOmeaXlRmk6nGMClPX+tADSOpxTakwT35NJwRxzQAzHNKqk8E4p2MHBpRgEnGaAI+R7ZoNPwvPU03HTNADaWpAO3brUbdaAGHPH1pMcEe9PooAZu6EdfSnc4ozjv1oC4yKAE3Z4AIPvS9Pl/lQDnjBH1oBA59aADocUYGc0Dn8KM9KAE4xnrn0qMgg1KKTHHQCgCEEHK4znvTipOAO3FKxyF7t7U4p/FjOOaAIweMjqvBBoHbH8PrRg9VPFO+U53DkHoKAEGVJ45oODyO3rTsY5VSCfWjGGIHegABwAKOG5NAIHFJkY9xQaCsuB600ZzgcmnAjGc9etIRk5QjjvQAyil5yeaSkwADuaUYAweTS549qQgHHPSiwCEU3n608he1JjPWlYBMe2KWkx75paLAJgUnPPGadmkOOKVgEyenelOD1pcDpRjgnuKYDcA8Hg0HC/QU7uDTCCwx2zQ0AdcH8qDnjnFJyDk0vfPpUgLgZz3pGGeacDzkUjcjJOB6UwGLj8aU89TgU7HvRgn71IBv0oo+nNH/jtAB2xR29eaO+KM8/pQAE9cUhXJ9BS4wD60E+lACbcnI7U08cn8qfzjpjNHHagCMqcknikPr0xUhHB+tHAzigCPGemeKUDr70hPXB6Up7Z6GtDoAjsKQ9/7vtSgcHNHf2FADQMn8KUYIzjmjk80vIwc8UANIHr0pmO9SHGc9RTcHnsKAGk8jtSkjFLgHtnNLtzxjFAEYB6mnU8rTcD60AJxR0oK4+ZuPSjk9KAGt9abx0HWntntz600egORQAn8xRxgc04AZ9aAvBx2oAZxgjGBS598Zp235Rz1owO/X2oAbz24o7dPxooxjlck0AHWn8Ac0v1ooAjwO1HPUd6ccdRTDnPFAC0UUUAH40Hk8cUDjkckUHPcUAMP97kg0o9hxSj1HbtS++M0AMIxwOpoGcYPSlPPOM0AAcgUALx/DRxR9OtHHfpQAvTBHNGO5pBnr2penFADTyeOKTnAp2SeaZyT0oARfVu9PAO3imqBnnjFPUd80ANIHJpMkngcCn4x3zTSQcYFACA8bSuKQgNg5xilB3Ej0pcNxwKAGjbn1pRjGRzTtpzjNIFGMYoASjA6UUUAJz2GcUEDnPQ0vPbgCk4IBPQ0wGbdo4pQeOad0FIVyOKQCZpcHpmlx2NHHWgCPI6YxSggnpT2B603GOlACYznjrTNuRUhzTe3JoAbjtSYJFOwM0YGOlAEOMGgjB65qQ+9R/WgqJ//0tzuDTsZNO7ZpMZAFf1uj+aGNKA9eabgdBxVgp/damkHvTuIgOabk9TU2M9aQqOrfpQBA2O3WhlH0GeKe3XNOIyMGgCLPbNJx9adgUECgCHAHOM0mCc8YqYjI+XimspHvQaDOi4FNILVIen1pCPQ9aAIiCMGk3dTipSpximhGOBilYlsZj5aCBs5qXB5FNOen5UySHGcdqB371MVJwTTCDzjioaNCPOee9MYZOe1SEAfWkyO3SkBBjHTGBRxT8EfQ0hwenUUAREUoU1KAOvpQf50AQEYpdtOooAjooooAZwKT6U9hjt1puOKAEpjbuMinmk5z1oAZjJ4pSBxmndaXHpVK5FhhxTT9etOOfSm4GcelSWJtOeKbyM5qTHUg0nGOaAGEA0m2nkHt+tN+agBvTpSc5Jp3ODSEEigBjbsjJxUfGSeTipWUnG3gjuaQhhnkEHvWgDGHFR4qSnbe4oNCHijIqQ/hmoz1yaAEI5zUWN3VsVNxng5prY7dKAIgODuNGMc4pxANPxg9BQBDzz0oI4HQintg/eXIppHTaMUARUuDT6UjFAmyI8LjvSEZ6807px1qMsB06UDAjBFGcsT+VIO+eadtB5FADT83zEUmFHGOaUrg8A4pWz3PXrQA0oQaQjjdxkU49OvP9KNo7cCgCPv0o7nilIyDzTflXHvQAhzjAbpSADBHU9aeM9+TQVH1NRICPHPzd6QDPTpTm496ToBSAQgZwR1pCMduRT88nuKQ84xkUARY6tS4IyOtByCQORSZPWgLCMDmgKwA3dKec80nX8KAsAAHTmmunXvS8Z+WnEHByaAsRGNRgHimnjPPPapTtx70xwSeOlAWGAE98moeTUzYBxjj2pAABnofegzGdBnHXikClsn05qUtnqelGMDGaAEwxGSevtSYwppfanY9KAIR+lL/s0Efw0deaAG46kHFGBn3qT8OaCDyetVzFcxD9O9IQeal246dOtJ6AHGafMPmG7fl60xtu0AHBqUjJ20zZg9aggbkgetO4J55zSfMRgUZzzigBPdaTkge1PzwMHAFNPPXvzQA3bgZTg0hTPJp/bPT2pQMigCPnjI4ppxu5GDU2c43DOaZt4x1HrQAhUCgAnnPFOwAOO1N6nIODQA0njHvTDjHPc1IwzyeMVGR+PtQFgyo4Bx9KUA+nb1pw+nQdKTauR/Og0EI6HFMJPX3pezDOeRQTzjFADCMim7T6U+igBQuOvejkDpmkz39KXGaAGkY49KARnB70bsnNL16jG2gAK46nNRlTU2G7nrRhPxoAgC8804hcYp5XHJpmAeTQAzGabgD61KcimcHr1oAaOOn607BPIAoCjGc4pecc4oATaOvWgDvSnPfjFGSc55oAaQyjkU0jBxUhDZPPXtTRu7jaaiQCYA9qBjdk9KMcE0YwKsBASBk8HP6UnXv34FOIP5UbeTQbRjYawUHB603POCtPJJ4PApmG6FsUGTFJ/hH1oXJ+X/APXSL/eNPPPz+nFAhD2FIO4o6HNHXmgBrck9qZyegqU4Pr+NMO3uKDoEztxxjNOOR3zSgDqKTnGSM0CbG7RnP3eKQDI9adjPB4pDnHPOKDFvsJyeO+eaPU9qP8MmigQg7jsaXqAfWlOeP50mOTQA/a3TPSkxjn0p2QBwaMqRwazOgQLnk0oCgelHQDjGaXPAyBQAYUe9IRjk8UY4445ox82QaAGNggU3aOp6noKmznB9O9MbOc0AIQQvPagsM/WjqAM9aDkfhQAGoqkJ7k5qOgCMEdhxSn2pD6ZoAUjAPNaAMyRwacAByWxR04PWnjj7woAixlck80AE5UdKlI54XFIQOcjrQA3GDyc0/wDDbik+78wHWgHseaAEbkfKetM/h6U/kcY60AZH0oAjbjHNL8o5Ap/UHim4Jx7UAM5oxzmnYox3oAbtHOabg4p/Tr1pCccGgBu0HgnGabhWyRnPTNOo5HFACYGRyeKTHYU8DijaSeOgoAZnPSk285I5P6U/HajpwDwaAG4P8Of50ZI6g0/B7UmMUAMHBOTzSYAO5R9aeehpoHPOADQAh6bux5xS/eJXqB+lKQCAPShgdwx0I5oAaTxuGWK8UZxxjjGadg4HPSkJ444NADGIJAPfvTckZ6HNPwenB9qQ5yDwDQA3BzgDH60Hp8wP8qfjIxu3fSjpnAIoAZtIpKlI2gZPWmkAnig0G5HQUAe9A6fWnkYBA70rAKeBk80IB1HBpo2jHH50mQOh5pgSbeSSMZqErjmnls96ADnH+zQTIiKkdRnNGM/dHSpdu4fNxj0poXHTDUEjgOQTTccc9c0oPPHftS8HkcCg0GkHOD1pmDzUpXjINMI5x3pNAJxRQT/kUVICjJ74pvc5p3FFOwCYz1o5pOTSjIpANI54yPpSYAbABFSZzSHOKLAJtpMEc06k4POaLANyaPpQcCjiiwBSE/Lg8c0uMH0owc5pAIRwcc0csCM4pfXtzS9zmgBm3jmkwQeTxTscil6D3p3K5mRkH8DSlTjA5qTI74xTR6DpRcOZjD7ilwM9ODSDOCMGjqOlXc15kHGcd6THbHSnEcgYP1pBzyB0ouF0MHygYpwDZye1PwMimnkcUDA9RnvR3OO1JngZo7HFACnnBPNIemDRnvS5HTNAERwnTJzQFYHkcVIyg85qMYXhSTmgBeADSE/LjrS4wMZo45FACEjFL6dvX3oHOMdaNoI9MUAJ+GMUnzc9qXjGfSl+fJHrQAcFfpR7g5zRySRkDFAyOOKAAg1GQeuelP6deaPlUbSOTQAw8/MDzRnvinAdgKdtB4oAiIHbjNAx61LjPB7U339KAGkZ9jRgnnNO7cjNNYY7cmgA57Ucd85oOOMZyOtKO+ep6UANx3oYZANPCvnmghsFiOKAEHpmj1pvXHvRljxnGKADnPTNNKkH61Lj8c0mOAO9ACHjk96QEZwTzQc7gM9OacCT1HWgBAOCMZIoKAkYOMU5c7SNvU0MvIIoAYOD1oPcUHjJAoA70AL39sUUHvR39sUANIBxk4pAD24xSgcHNOIA6HpQA3r35brQeQAo4Wl69BSeuePpTAbjvRn/AApxFMJxSAWiiigAPI5NIQaXjOKUYK5zQA3HY0dutO9wOtIc4zxzQBHjFNbg5qYjtUJzxigBoYnkDI9KjwR1p2R6c+1OBA6D8KzA/9Po9opadtpcCv6xP5oZHinc07ApOlAgxkDNRbWPfA9Kn68iomA6jkitVMCLHWjoc1OF4NIBwOKyaYERUccdajKgcd6nIHTPJpMA856VuBW2ZNDLzkGp2UZyORUZXjAFAERXd8uPekIPX9KkYc8Gm9qAFCjOacAPzpnI4Hencg0ANYcn8ahIINWG60wjmgCHp1NNI+brUh4PApuOaAIyM1HU5GeRTOe4qWi0yuQetKBUhWgLUjGbaNvrTqKAIiuOvSkK+lTfLtPrUY6UAR4z2pmBnuKnppGTmgCMru75pAMdeamO3oeD1pvymgCEjj3zSEDJ9KlwQMmmkEcCgCPJoyaeMdKawArQm42kIpaKzZRH9KPY0/GetJ9KAE6j3qNhkehNTUwkZ96AGHjDDsKQZxTsY69zQRkkigBpx1PSm4HpgVJjHIFN+oxQAwrhSR+FNOeeKc3A3DDe1NOGIOce1VzAN2ouSi4zRjaSC1P2E8k4HY0uBznmjmAr4HYUoTjrgU7gGkyRVGhEfQ01qkIGPc0hU9KAGHNHbmncDr1pTg/WghoZR7Ue9L1NAiMr1pjL+VTYIzzTTz04xQBEOhpOD04xSsMMSpp2Mjg5NADM8YoK07GBijpz/KgCIjr7UnNS4ABJ7007RkVDHYjYA9eKQL61IFPfkUm09RSDnGE4Ix0NJ3qTtjP6UmMUFkJHfvRxipcHOaQ5HOOKAIU9KcQTS4HWl6UAQng9cE8UEYwexqXHek29ulADPx4pcAfSjac4zTsH14oAiyOOOTml25p2OfpRjt1oAiPy8LnP6UEcYFSHOKZ93igTIiCcYOMUEZ6mpSj9f4abtNBNiMjrmmt14qUjnmmk46UCEwfT+tAA6U6lye7f40ANP06VEBzz3qYgZ5zg1GwA65yKAJAOWpD0Jx1pinkj1px6ev0oAG4cKOABUR4A7U/jPX86ByNucYoAiPc9KUg4B6ClOcgYz70EA8HmgABUHvjNRkAFt/c54qQYxgfd96bxtyc88UANf7pzQ39+ngfw03A60AR7hTqdhe3FJtNADRjntil4wMLRtLcDmjnGOlFguIMcr6UcD5sZxSjPVefXNA4PH6UWHcbgN269qYBj5hx2qbnIPr2pmARzx6UFXGHcTgHmjpnA6U4gA0o/eZH3f60BcZjcQccY5phHfpU6r6HmkZQCTjtxQQV8DoaMetO+tGM8UGghAPANBXb05qQLtPSgEdxQBEVyAw4xSMRknsamOcYPekZcEDtQBGAmQQQDS8biOw70pUHijAOTQA0nAPemYHQ85p469gKQZz7UAM2gc+lG05J6jtT/AJT0pAMUAM2tgA8GmkBevNS4wCOSTTG2+mNtADe3oaXBz0xSkf3hTenUnPak0AvGfemc4Hfmn5OMDrQV596gBMHPtQeoNHPJpelaAN7ZpuO1Pxxik6jNADMZG3rijaTnvTguMt0pBx+NACdOvFL175+lLyPWk57/AKUABGKZtNPzjOaCcgUAMPPWmkccdakKjNIQKDoGgnuKUFemaNq0/HtQAxhgnPNM+lSMp6ihxt6mgwZGRyPTuaUrg/XpS9TQCSST270CGEEZPpR3wfTNP4J4780e/r3oAYVyKAozUmOcYpMdaDoFGCOuaDgjFAIAx/KgYXnOKzABjGQM4pBxyKk56etNOcnFADSOD3waRvX1pW659aDjHTvQBGVY8frS7VJ5HPrTzyMZpT19qAISueDTDkdO1S7SelOwBg9cUAV9vOOopMHONvI6U8IMYHFByCB0xWgEfGOQQak4yBz0pOOnWkGCDn1oAM5xincE/MDgdKUkY2+lJx05oAZgHgZ4pufanEnbkjp1owBjHegBAO/vTx396UD8hQPU0AJj9KZj8KkPfNB9TQBHg9evtTcHr0NHGemKXAz0zigBmMc9c0mMg5p3XPtSdB9e9ACDHYZx6UDOOnWnYbbyDz60oweMYxQBGM5waWnbaTBHWgBnOead1GAPxpefXFJ+ooAOMYzTcDPWl/DFGB6cUAG04prbT1qTjFGFP0oAioqQjrUdACnHamFQfrTqKAGY64PNLwOT1peAM0uM0ANIAGQOaM5Bzx7UvQcmm87i3bFAC8cMTRgHnHNOH1zTh780ARFcjHQilAxgHk0/Gce9IRQBEVBJ4yT+FJwCw6Z9eak5J9KaU3ZJ5IoAjXbjB/OnA9WBzipRkgdjSDqx9O9ADE5JOetBQgYXpTvlPKnnvSFBkfyoAYCQQcdelJtxlSfmFS9R6YNN+XA3HPoaAGFjnPRfSnYxyenakUk5Gcj9aXOcYBAoGmIAecUnA96eAzZKChSenH1pFkQxSnGBThnJx+dMPQCmZiA4NP4pvegHB5oGmLjPWilpamxYnFJgelO560lDQEHQEnoKaAccdBT84PHQU7tjsK2AaAfTrSnsCePak+Yk+lOGSCM4rLkYAeBwOtGOTikTGQrck04KcMcUcjAZyBTm5Bx60McDpTcjHA4zS5WAuPbFBz9PpS8dcUuCOPWpAOcY6UnOCBS4IAyaTnGQM0AGSBQ3Bz39KBwOmKQ5znOB6UAJkgbivNI3HNBPIpCxPO2q5ivajegB7U7kcU0nnpQOlUioS6DT9KD16UdutB69arUzH84pu33pwYetIOtSdAbcH1pvQYPenEj1xTj19aAEwO9HRetAbnFAxj0oATbnntRj8PSnHnk9PagH149KAGY9qbUpAPINRkY7UAFOX5vvcY6ULzTj70wGkd6bUlJgUAMJyOeKOfrS4GeaXryBk0rAN54ppHOc4xTuQSKQqcDH407ANYHPqDRg5A64oGcdeRSc0WAeck45HrQMg7eT9acBnBX8aRfvHdz6UgGFQ1OCAGmjPK0/npTuAtJTTnIxTqLgNbFIAR+FKeOMdaTAGcc4pAOz6U1qUcY75oIPegBnbIzTsjHOaaCeopwBPU0ANzn8aOtSbRQVosAzmjnmjnmjnigAo6c0Uc0AGOeOQaZjH41IBlsntTv0I9KLgQAHpTguFIJyfWnZzSgA8HvQBBjB9c0uOcds0rY3YHIFL9O/rQAnTv8AlSn3oOB93rQBgk4680mgGnrjNJ7CjgHK80vJ5HFMCBOScdB1p3I+YqSopx4BdjmmLgrx1zQaH//U6nk0oX1pR0pa/rNbH82MMYpCuak4NLjFMRAAckjjFNAHUdT2qXaM5I6d6UdOelAEe3P40uMcN0p33fxppPGGoAjVGLbkGaNuenFKAc9cU7AHTiquZkTA9PWkVffBqRvzxTM55AxmmgIiCegqJgQelWgMH2qNueKYEIUmgg5qQAdTQQD60AQ45zS54xUhXFMIC0AQMB0J+lMIYe1T8ZwBwajI/OgBmMjmmkZPNSdznrTfrQyojfw6U3+tSdvrSY/SpaKItnOAaQrzipCOckflSZyc4xSsBGRSYqXr703bSACKi2mn0uKAIRu9ORQpJ64qQAYPc1FgAjPSgBXHGSMmoyBx6GpD0NIe3agBhUj7vNMzzhqeM+vamtuPfNADM4oIIGacDjijpzRYBm0mm4FP2mkIxTsAmQAaacde/wDKn44o2nrRYBmOPWmlevapDSc/SiwDCPXpTSM9akOKaR69aLAMwFOfypADn5hipDzxmkPp3o5QGDbjAHFMIJ4PFPwRjtTtuOc8mnygQleKTaOhqY4HJ5BppINF2O5Btwf5UhBx9KkwWPpS7Tjnkii7C5XwOnemlSefSpiD1700L6mqLuR885p4+YfSnFAQB0owoI9KDNkZyo4puznNTbRz6UhUg5xQBCcHjb0700qVPy1KcDI9aZ7UAR9ck0DnI9KO4PvR2I9DQA1l2nGc02pKKhoCOiiikAhVvXFJgjkmnk+gzSHHcUAR896OO9O2+tG31osaERHr0oIIPPSnn/b6Uc9ulAEdGd1SGo6AF98dKjxxjPSpD060YGcYoJbIvpRu/A1JUfJoEmJ9eDR9elOx6jNH15oKTG8dFfHsRS+55oye3GO+KCPXmgZGwORkfjTMNk5HHapcAng4HcUm0ZOKCGRY70be9S46GjGCTQIi5A9qTjripsg9TTCrZyR8tADcHAwMmhsYA6E04KCCc4NNAzwBg+tAEeTjIGcHrSknfjPFLgAYzkE80pXaSOlADD3I+lA4wDQeelA5yaAGEZ+7nPuMUnPSpMtR1oAjyaKMiigA4/ho57Uc9hx3oI9DQAhAAx0zSEdSD0p/seaYcYz2NADPl69KUDnHShR0HXNLgN16igBMc/Mc4pCGxnoKU5zmjHGAenJoAQYJwetLnI+YYxTwFx9adjOePwoAhxj6mn5PPfFLjoQcYpvAzjjNADMZ5FNNSEUhHY0FJkY7c80uTzgcUrKOMDmkwecdKCgowetGO3pRgE0AHfggmmgMMEcmjd1G3mn7c8Y6UARgNnLCjbzyKlKnJPRe1Rkn3/CgBpOOtIACcjmlGeKUD1HIoJuxh9MU3noO1SlFxx0NM2nJ6cUCuMPPXrTOTmnEDHNHOeRim0WAGOnWl6d6d9Dmk/U56VLQDG6ZpAWHbinjHpQc9hmoAbg9e1NyuOep7UuAeD0oyzfN29KAFwcGmc/lTxn1pADnrWgCLnsaXk5AoO7jHSgYOcUAMwQcEZNLjvilxgdMijA9PwoAaQc0mDRRQae0ECnvTulJSigTmJ3GTjNHXqQaToCMA56UuehoIG8YPBPOKNvUdKd146c5o4yaAGMMYPpSHkj2qTG7Jpg7n8KAD6U3Hp1p3PanADtQA3eRxwx9qdvIGOAfU03aSeOB6005zjtSsVzMeX79TTScnpk0c4yeaAAST0NFg5mNJODjrmlLHAHejaMj1NBHcHBosHMxeOSaOw74FLjseppc+v8AOoNhtFOx6CjHtQBAPmBUHvSkDJP60c9x+VOG3aM8gdq0AYVK8g0nPUjNOG4EHHymlwBk4wG7UAIRgc/hTdoI207HGACD2zTCuT65oAQ8rtHWkwcCjao6Cl4HUYzQAfSj+VHSlx1HpQAg6HFHtS0lADdpPvQBTs/j9KBQAmPbvimEdR1ANSduPXNKSOc96AIff1oOfp607B+7+VA9BxmgBMUfrmjGPfFGPwoAbxngU04+lP6ikGc4zQA3FAGaU8H0oIOKAFyF/GnctgdAKTIwAeTS8etBoM700jvS9KKDMTHcU3j8KfTeOpoAb9KKU0nSgBcZBHSgccelHHUjmkOB70AKAaU8cGkx1IHWlHQYoAQdaOSMjketPqPmgBMD0paKKACmdRxxk1IeaZtHboaADhT9aUnAyOaUDAxRjHbOPSgBmSTwD+NMPTDf/qqXr0P1pNo5460AMYjPTnHGKaOQqhulS/SmkY6Dp7UAJyBtBwfWjHy+/wDOnYBOfTtRkE89fSgCPaeBjFN4zzzUvljnHU0bWLEg4oAjZV5xTOelWCoxtP50nX7g5FADACuO5oOc0bR1Tt3owRgt1NA0xeOv6U4j5ckYpB7daceQeh+lBZWx60mP7vNSnGecU3C9q0AYTu+8KUgZAWnADDAn6UgCDDDJJoATk0FcLjJpxA5zTsYOAcY9aAIyQSRnn0owx6EYqQgY+Q8+lN2Me+BQAu1eMmig7TwO1BAGCKmUbgGOhox3pN46Ubh0rPlYDqaRkg+lGR19KXINDQDWwOTSAls4yMetKVGCo6mnc55ORSsBXb1PQ0wjHIORUpTuBk0gOeoxWzQDR70EUZ5pTQBHjvS8kAfrTiBgmmZOcVIDwoA6Z96fgY600dOPypTwOOvpTlG4CkEcgZphK5+Y7f8AGne449frSFh0b5vrWfKwAfpil64HbFICCMe1LnpVHQFH3qMg8Un9aAD5B35pcHv0pygAetIcdqbATr06dKMAdKKKQCkYGetB6Y6U3npjgUo5HPGKAI2HQUhHJI4FS8dQOaQjJ9O9AEfbAHNBwfmAOKlAyTSYoAjUqfunNL3ORx/WncnnhcdKUgeuf8aLgN9sc00/rmjnp2p34ZoAdjmk47HBoxRn14FAA2RimgDNL+NLnB5oAZ0FL7k/hSc4OaQ8YxzQA4YoHGKD60dM0AA+9lvyo56mgYxzR2OevrQAzk8HvSYzj2qX3pOMemaAI+eSO1SAHOTxSYHel+73zigBBnpSnOaQYznFIcHmgAAyfp1pMYH16U/oaQc0ANzg+9Ic7uecUfdakwOh5oATkHmgqeoHSnc9+1HXkGgCLoMgYNBBx1px4OScim4AoAZntScU7mjn0oA//9XrdppdtS4FLj0r+s1sfzYyHHOKXHOKlwDx3ppU9KgyY3FJilooAZjPIo+lPAz160nXg0AQ7T+dGD+dPxRir5gIxwabg4qXHWmkelPmAjwRSHPX0qU8nimYHJNPnAiK8jPelH3QfepCvFNwMdKyATHemkBuGFSEYpDg8YoAiKYHAqA8HgVMQ3Y0wiugCA5z05pMZ6jmpee3WkKnseaBpkFFSVHjtQWGaCM/hRRz09aAGlSTnGOKYenpzUpAA9fpQVwetTYCHH40Y/GpMUbc8UrAMxgcd6jxzn0qU5Bx6UvGPrQBXI7imsDgVMQB0phHpSsBDtJ6UcjqMVMVA6DFRn35oAjahgQOKeQAc4oIGMda0MxhB9KT8Kkph60wGDqaQjvTqQjNK5SlYaBnpSUv1o/Wg05hKbyOtKc9qKCWxOc0h5U55ozkcc07GOMYoC4xgcetIccZpWBOCMikAbrQK409MGkwe54qTjPuaYxIJB7UBcTjjijKgcc03J785pcEdOgoC41iw+lQY2kc8VMw/izxSdiMcUEXGE9SKTpxShcjFKVPFBoHPQ0YJPt2pSGGOaQ5z7UAQsM+2abzjNTMOvHSoiMc4zQA0/dOBTDxxjk1J1680FRgjHWgCPPGR2oPTFO2jIAFIEYcZxQBGQeo7UmDmpudwzwDTcHvSsBGAeDRhuSakwejCkGQBxxRYBnB4FHqfSjP60cdBmmAcH74xn1qNsZ45z6VIc9hzQM9BWbAjI7GozxxU5HBPeo+3NADOvSlx6U4YJFAGelADTz14xTMdB2qQ80uCelAEByM470Y9ualPHUdaZ6ZoAd168U3HtilAB5NGT3oK5iLA5/KlP8AKg0dz+dBQuR0oxkYI603APNOODzjGKBWI2HtR8/TrilCjP0p/QnHFAWIh1x60H0xg0DuM4JoP15oII+Og60uMnmlxgUvtQAwKfSj0OMj0p3J5PbimnqAetAEfI9qXHt0p4wRk84pANuMHPtQBG64wF6/SkCZ5znNS4JOTkE0mMDgcGgCLHJz3pWA4OMelS7cYIGajYDqcUAMPAo4BxS45xSdRn8KAE4HNGQvLd+9O68Cjag46+1AB14PT2phX5WPctxSk4bcPyHSl25+9z3oAbwMg9+BTuQeR7UEH680pyeDwfagAOB1Uk0wjHXilyMjrmnYzn0oAjIIzSY54O7FKecGkx2xxQADOfrTsY5FLkAj0o+6PTNAEbLjGO9L3xjin7ducc5puADmgBoU53YJp2cgH1pOpznGKQfUmgBxGVPpUR4x6VL0HvTCN3PegCPbgE+tBO04HendaMDnNBoLxjniomRiBjn1py42nI+lPK8DHFBmyq42t60rYbJ6c09sLigKCDnuaAGqOaCuMkHJ9Kd2GOxpwHJoNCDHHWjtjPSpChz9ajIOee1QwE2HqTilxjgc09F5pxyowRmmkAxsemfSm8Ae9Oy3Oe9ByQhBHHWqACdqrznPSoz3Poad1wc0uOR7nmgBoz1HFBJ78Zp+OMngUjDj1xQBB7daUHPvinNweeKTaFNADsdM8UmFzS+nFGDQA3A6jtSbeT6Cn4OCtG0dD3oAiJGBk5pflyRTtuAaXAHFADKO2O1FGOPrQA0Dn+VLg8EcU7aQefwp4wBQA0UwjPOetPIFIF5zQBHj+dGPepD64pvoMfWgp0yPPqcUvA75zTiM5xzg03H40Egff86QegO4in4PTqKbg9xU8oD16nuad/So84xRvHYUuU0jJWIh156daPboKkAXHTnNBCkE1ZSlcYDnFP3c4zTDjBJGKMjjjAoLTE5+tJzjnjmnYO7HSjae9AhP5UYz9KMH8KX+VADcZxz0NL3NOGMEmkHXNADeeKZ36YqQrzxSFenFADCFGAKNxBJNOxzweRSHhD6ZoAT7xyOlA2k4NBJPTpSe5PNACMMcjtSED16U7OB1pqk5z1oAQZJ69aT3JzntT8A/NnFG0Y4PNADST0xxSjjtTh0680w7h3oATg9qQqR0OKdktSd+eaAEPYCmqpqXbxSbR34oAMc8jJNNxwSO1PHHuKbtB9jQA3B28fWmtg47GpcAGjBIJxxQBBjHNOCnqadgdR3oH50AIRtwaRSOfWggEZPGKfypODwRQAwHApen86MZo60AGM496ZTzxTAMfTNABxRyM+lHqTyDRjgDpQAUfzoo/nQAe9Hqc0dwMde9H9aADucd6OwI/GjjGDR9aAA+vrSEHPHQdaPwHFKfw5oAZ14P50HjJA5HrTvpzSAEfeNACdMe4pctyAKOOxzik+fJOadwDdwM85pehwOKFz34o5HHWhMBBuH3hjJpDjOO9BKkY96XlsEDvSAQjHIOBUZC/dyQanNN5zwaAIwoLbfbvTQBk5/SpeOW7ijYNuf5UAV8Gkqdht57VERj6GgBtL0opKAJOOuMUZz0NGfSkJ9q0NA4/Gl9qTIooAafpzRgnkcU47gOKOAcckNQAzoOuc0Fh0PalyRlcYpvGeDkUAPByM0HOfSl4prKe3rUqIC4Iyc1HgHgDFKVxg5zSEc4J/GqAbxnav60hxjO3cc9qk2jgg4HvRtH3R65JFIBmOeQaQDLEjtU23Bz1zTCnQYxQBHwDz+lPydp75704KckrTNoHOCfegBMZHNIcYzinnA6UikDjFADQO/5UgHB9al46gUmxs5Bx60AIMYBPWnjnPrTB3I7U7IOPWsWgGg4qSmfWgZHStWi4yEbIO7FKePxp2R0NBAx9Kk1GZO2jsQacByPSjbQAwdqdjpmlxzmlxQAwjHy0h6eualPI3DtTCM8fjQAg4xmk2gZY81IB/d5o74oAi4IwD1pcdQOtOKdz2puQOgzmgAIPU8U3De341JjgY4pM8YPPPpQAwE55HenBTjjnNAXgEcc0v4daAG4xRjuB0p+MUnWgCIgNntTh375ppyM98GnfeyMYxzQAMOADQw4FOI6UHtQAhHGFpuOee1ScA5NNx69KAGgc46mjp9aeRkccZ70zpz6d6AAGko4JAzilUc/WgAwe5pDjGcdak4zz2pvOOKAG4FMwKfgelLhaAIx6kUcE5HFS8Dgc01vQj6UARcdetMPX1zUpwCMDFRnOTTAOeaZ82etP4JA60mDk+gpAf/W7fApMelSbTSYxX9YJn82MaBimk4NSY700rQZsZSYBp2zFFAiPA/Kjac/Wncdu9GSaAGY7U33FSH3puPWgBvNMJwaX8ab1Gc0EXGgnOTS89KXaaXBzQFxnOOaUkY4FOxxyaYMHIB4oLDtntUTHcCBUxGBTSuDwOK2QEJGKaVqZgM9KTHviqAg2n64puD1qYA569aB05GcVgwINvNIyH8am/T0pSfXrSuBWCDksaUKDgg08d+cmlyGIHQ10AQlRk4qIgZJqyV+aoSDnNYNgR0VJUdayKiBxzjmmjA5FOyeh5NNYY681BQ3jp9ajbA4zTxig7cY25rUzIsdDmk28e9P6/Q0Z5zjrWZoRfUUuR3qQjtUeD6UAB5pnA4HJp/0pCAenB/nQAz9abtFO6UVqzMaRUZXHHepdpPtTSNvA6Uhojx70mD6VJRzQDZFg454paewxx3plBQhUnvig4x60/pzjikP0oFYix6CkIxxTyAaaBkc80EjeASQKQjB460/Axx260A+oxmgCIo2OmaaVfHNTkduopuMHjNBpyEYXsetG3vUmCCSKbsI45qOYBhUZyKj21MODjFIR371YEfOKY6lealOcZpDzxnigCvlcnnJpc804gDkkACl6UARkNnBpdvoeTT8flTcHv8AhQAn+z1IpMZ+X1pwHIA70Y/MUWAj6KA1J2I7dqf0980znvRYCLGDTcHFSetNx6cVmwAAjpyacc9+DTgCOvJprZ7cGgCMjnmoyO4qc46d6iIIGKAEA6Y6UnFPwc0cDNAEfPT1pcYpxA47U3B5JGKAG47ikCHqDT8j0oznPy8UAMIweDTW5GM1J16CmEegoASkIBpaKCkxpAABFJnIzTsEcGghTwBQPmIySTx2oOQAM5peOgoIOcdKA5hvAPzUnU9PpTtgI3MfpSbMDPWggb+NGfbFOxRt79aAGNjkDk03GCCPSnbew4FL93GRigCPHY9c0hzzzUpHoOlR9eMYyetACdeRSgYIOcCjkE89KMMfmPegA4/vUw5xk9c0/kcdj0oIPr1oAjo2+1SbdvWlPIwKAIu/ApMcnIzUn+9QcduaAECgdVxTcEdsj2qX7vTkkUhUHn+VAEe0EbcY5qMsMkDtUjAgZzSFRzn8DQAzJXjHWgjHFSYPIzxTPRgaAIzjOT+lIOMHfnd2qTGePX0pDg8kGgAxxk0DryaOnFOPHXnHegCMt68UmetKevrTcEjrnFAC84OOaOuO2KOMjIo654xQAUUUUAJkH/61Nx3HH1qQg038aAFCkdKOxzRyT6UUAQkZwM0DkZxSuwAxikOAaAGc7vajkHNScYo4xQA3OeGGM+1IV+bHankAnb1xUeSBzyKAHL+dIcn2o4A6YpAOSKDQbjnAPSlYADnmngbAQTyaaygd+hoAYygjjgGlHIIyTinnsKAAowpOaAI+dvPQ0MD0PFO55HYUh55PUUARsCeetGAzZHHFSZ5pMDvQA0fyoAySKdRQBHRRRQA3nHFKy0ZXoaACORQAh4pEHAz6U5hk80Y2jjnnFAC0UZbtRQAw9aOM9afUdA1KwYxkg4NAOepyad93rSn5uDwQaC1PuM46npQem080vXqMD2pOuSeKC+VCEL9fakwOop/1/OkHbPWgmUVYbj0NB3c9x60/1OMn0ox6Db7UGRHxn1xSe/WkJ980AdhwaAEwOGBzTeM7qlK985o8vB60G0Xcb7jk+tHsDnNO/lR2x680FCEH+lGO1HA/CjA/rQAAHHFJj17Uue4oz8vFACHnrTMg0/0poHY0ANwuPamHGPWpM44FNPseKAE43Hik2jb04p23JJPSnA9AfyoAi/3sD0ox2PHpT9uOSPpTcknDYIoARVwCM8mjBPXjFOyFzxxTfmyABgHvQAv5Zpe9N4yQOQKWgBuM8A4yRTiuCcjvRjuOhoAHDDnrQAzGKMdjUlGOOOlAEXFHFO2/lRtoAaAR06n1o9m6U48/dpPbOMUAIc9AOBTDg8Z6elSAe3PvTdvd+PpQAzHHSlUEHtT+cUuBQA3aSevNIVwODSkZ6daU4AoAYc4xSc4A60u0dOlOKjcR6CgCMkHpxSfrTuT1pce1AEfI7Uc08729vamlQOvFACc0UuCcUcc0ANpck0lKRigBKWj6UUAJR70vTmkoAXjHvSd6djOPemENxx9abAMClopaQDCCemOKXkdATmn4z6UAHs3SmmAwHrQMZOBgindfrQVJznpSAY2D179qTBBBCk/jT8HG7PHSgnbnIzQBG+PvYJqMjcGbpU+0MvGRmockJjrmmwIwCcdqft4O3nFKozjjIFSgDnAwT2pAVvalA64NKTxtxzQQSenNADSMYPekzk5PSpFBzjp6460uN2Qpzj160AM+bgjvTsHp2p4HQk4xRgdTzWhoRlWA9TTCBgVKQOT0NRkDuOtAB05704txTdpo2n8KAG54o4PX9Kdt/wAmjb/kUAJx0C4we9GDjHX3peMDB4puAMnkZoAU5AJY03JByacN2OTmjJwOM896ADnAINN6HjO2pcY5A5ppA9DzQBCB396k6HJpabgmgBcilxRikz3oAXHHTFQ8jBzipQCVJJoIHORQAzA7mnqB60m0Yp20dcUAMJweO9NJJABqQrk4Hem7cAg9aAHig7hjAyO/tSDoKXJrM6BOR0paKKAEOM885pwz1/Wm9senek/X2oAeRj8Ka3TGMUp5OMU09c0ALj1GaAuQMcfWkHTjmnY7560AR89SOlG5vwNSHABGM1GVyfTvQAUc9qcobkkYzTqAI8Gg5HBqT7tHX73FAEWARxRgj8adgH7v+TRgjr/k0AKRnjuKbjGAKeR3HUU3byT2oATHOPWgHj1xS4yMn8KTPPHBoAQjjnp6UjA5wefapAOd3WgAduooAix69utKuM4H4U4DrnmjJzwBigBfWm844OKUdM5oOM/yoAYen86aOn8qcfve/cU0dT+lACkDGR1pOhIHIPrSkEZzz6YpQc+5oAjOOgNRHPYVM3J47UzHf1pgRfTrQcnoadjkknpTW6+tID//1+9+gx9abj0P5U76HNOwPpX9XrY/m2e5Ft9aXbUuDQB6UySuV9aTB9asGoytO4Dfwo2+1O2kUdOprMCJ80zNTMKjKnsaszsM28H1pNvA9al2n1zSY9uaAIwtBWnnIoHNAEDU3AFTY9aYR6UAM2ikxin4NM2960Ajbpmmip9o/GkK46dazAhHI6dKUqevY0/afTmg5z70AQ4OMCmkHIzU+OuKjwcc0AQ7SD1oKn+LgVMqge9KRn3oArkYHBo2g8elTkYqMgnGBzQBCwx2/KmbRye1WPU45qNie3ANAEG2mPgDp3qYgZxTXAx+NAEBPt+VN+gqUr6HP4Uwr6nb+FdADcLn1zTdvPTFP7dMZp20YyT0oAhoqTBo9sUAREDuaTbgfKakxjqKTaQcgUARn3phFTAU7HBrNmhXUbs54xRsypyc9xTgM++KCMrxxQBERxkmmkEdamwvfp2puOzCtDMhBpcDjJqQDcCQRxSbcEtQMix0x1o7ZqbgHJNNK5FAXIz/ADpuP0p55ppGKTQxpzQKWjGaVgsFNPYU6gjPFKwtiMjHOc5puOozUmPQ9KaQTzmixfOMxgcU0HnnipiD9aixSAaAMmjAxTiuBzTsY6UGZXcBcFceppOOCeD/ADqVlLFW4xnnNJsOSGoAiwQC2ODxRtLDcOAKl2AYGMgcimEAnJHzUANA6A84oIJ5owOvegjBwOlO4DCoXIIzUZySOOtTDGMU1xj7tWNMiC8levtSgEjC5wKcFXO4Dk9TTgGwckAdqixZD0ye9KQeBjj2p27AzQSAQO9FgGHpTCcVI2M5xTSB1qrgR7e9JTjkcUFSBmi4DQOCfwpDnuacRuwoOO9NIweOagA+vNJ39SKdxkADmkwwXPHJ60AM7ZJJzQenHFOznrzTcYHTFACEcc5PFJjuKUk4z1FBBP4UAMbtjj1pcYAzSsMjmnYAPFAEeB2oCqR8ppSv4fSgqCMhsmgBuB0HSk2gn0H86XOCM8+tHGKAI9vf060pGOo6dKeQN2SODSlc9uKAIcYpRubuKlwD0FIcf3SfpQS0RMuOVOKYMnluKlIxxjNJnsRQSMHAXP4UHrtH40NwATz2oxySOKDQQ4zkUKPyFKc9fSnqBjr0oAjwx+6KaMnhhUjAtznBpvPQnigAooooAjPPbpRxjjv1p5OfwpmMY560AR4JPB4p2M8luad29xRjp70ANGckbenemdRxyak49xzSHr04FBFyInFGffinAHOOlIOQe5yKAuNBJyR1FDY69c08jPHQ0n3uQc4oGmRADseKXgYHXNKc4zjikG4cZxigoUjtmm4/OngDuKOfSgCOinY+ajHzUABTjA4zRhmpRnv2pVx2OaAIj12kcHpQyhlxk4NPILAAHpTQuPlP50AMIPPOTmgg7j2qTBx14pMYHrQAxVZjjGPel2ggEEEH0p4x0PIpgVF4VcfSgBGyCMLntUbLxmpT2x3puOCM4oAYNp4I6UoOce1OAI6035ifpQUmOOBwOT2qPkHBFTZppHBLHv1oKI+McknvR2yGpOR2yTTtmeMUAMbtTakoAUA5GT2oAj/yKdtPQ072NHXr2oAYRigcGn80xsCgBAeTwc0fL0oJ46UHPTjFACdcUZwMA8U4ZPHSg46nigCI9fegAHnOMU8g5PNIUAwRzmgBRnGVobuCKOB14FHWgBm04GB0pec5xUg+7n3prgZBPSgCNvQjGeadnuCDnikbrySaO3FAARTQuaXB9aBnPWgBSOaQqMZpxH86Tv0oOgaRyQDSbe+M1JtJwaTGeooMGiHb2xxRgHjFPzmmnOetBuN6fWng0nyk5peAeOKAF4zxTdoxmnL+dKF4OVzQBHjPNGf0p+D6Um0+lAEeMDcT1pcYGSKXttNHUYPagCP8KU5PDCn44zmkCnqxoAZtOeB0phTnpUnG6ggDqetADCrcinEHoad95uRwaTAJO3jFAEfXvt29qUqB7etK4Bx2NAxye1ACY4yOlJ1OKd9eKdtJ68UAQMgG7I57UpBzkdqkKDk9hSAH71ABhiOvemlAeRx61JtxwTTSFIFADAKZ/Fmpv4aYB3oAOh+Y9aQEADLUdAdvWlPBOBuoATnk9ccikPJz0zR6UHsOlACHIG88kelJt4z0zT+M47H0pTx8tAEeB2NJn1p+PwpDjPBoAbkUnBpSSeF4pBk9eKAHH6dKBjpjk0HHTOaBn8KAEJHQDkVGSR25NS4G7ryaYfvfSgBv1o+lPK55oC4GaAGtwQcdKCc9u1Ky9mOA340YycKcgcc0AMC560pCjpT1C9jTsgdRmgBo24II6ilyOvtg0dcA/hTdoPJPPSg0EY4wAMqacoPOelIAoBB6dqdwBzxmgCPHoc0wr0qQEg8c0h6cjmgzG4JIx9KXvz2pSOc0uARjpmiwDSMkdhSEDr1xTyu3HP1p23cDk07AQ9s0Drmj2o9qAE/rRS0AUgBhhcnoaYAp54OKkPTK/NTM5x702AmWIPp2pG4yeueKDyOmSOKcRkg4pAGB0phDZz/Kn5pm4np3oAaUEfIPBpNpcnpipOM7WPygfrTdpJyR/wDqoAQhccYH86a2PQg/zqQKoBPXNLjIw4xigCAj1xQQwAOMipgvUDtSDkZwevSgCPuccfWpFBA/xpcbhzxTsKPammNMZtVc9CTUXKnB+tTuFAOOfSmMnQjHFNyG5DM55xTeOwqTZn2NLsA69KOYnnIyvBoAxg0/1p69qo0GdQcGoygyWJqdgCCCaZtGSM0ARlQcAjNBUDnrmpR04xT9oGMcUAVTx7Yo69OM1KRgndzmmd+O1ACUU73602gApB1zS0D2oAARkgL09KBwCenFHJ+bOaXAPy56igBrDY23OTgE/jRkUxlbfnrn0p22psWp2F/GjOODQFppFHKP2g4DJ46U4gmkAPTGOKUb+O+aXKPnDDA0Y55o3E9eKDzzTsHMiPim4X608A9BTtoHTrVGREpwSe1SA8e1IV6etN6GpaLjIk7igKcdaPrQGHrUmoAbevJ9aADknqKfjNN9aYkxM54xijAOT3oyT2peeDSAT8SccUc9h096DgdPrRjPXv7UDFXgc96YAcn0FO4xgUo4oEN9CODTgQMg03+LOKVs9xQDEODyozTMsBlh1OOKf8xHydM00jk54oGJnHIFN/OnhT97pimjdwe2aAG7Sck0gweMVKcZOKQg9apoBmOKTuakx0Hem4qQG46nGOOlKAc9M5FNJGPm4NLwcc5xQAzsMDoahbnpzk1L3A6A803aDkZpsD//0PQipPAGKAvrS7WPBNO246c1/ViP5sYzOOtOB9Kdt44ppHrQIaQTTduOKeVFNK0AMwfypBknGKfntRVpAR0U/ApNtMBlN5FPooIZGeaZyKfRQIj57jNRksBgDipNrHocUmCM96AGr3pCDkU7njiggc0ANO0dKQj0pwHHvSd+KAGHIGO9Rk8+9SsMjimDjr2oAZ9aKdtoxQBD0yaTgYGalI4I9KbjODQBHgEHBzSE9SqkmpDuPQ4FJ0Oea05AGjjmo2Wp8moqPZgQbM89Ka657VZ6U1hgVFgK3Qcdfao2BC5bjPSrI+6CPxzQQD14rcCp/vcU4sCTipmVSMnBqMBcccUARbTSYNTYFMIFADOtNJx7U4802oZoLntRjPFGMc0ZzQA0jaM1EQx+hqbaTxTWzSAjIxxSHk5p+M03GKAIx9M0hGPelKHOKcw/HNaGYzDZ5PGKMA8jpTgpxk/SmFew4oAYeKYeakYd89KjAzx60FIOaKMHrSjPNAxKSl+tJQMDx0pPoKdgfSkwetS0SJSFc+1OpcZoCxE3p6UA8knjkU5sd+aj9umakkTHr3NOHoacQOlN9D6UAIc8H0qMgE/Wn/TvTSMng80ARFeuOMU0DNSsR39KZngn1ppABVeq8UwLnrUhO44PakwRzRcCMAAUmFHBHNOIXOfSnEfxAVYEZXGSKRl3AHvTwc/jTTxigBnI6imn1p5BPJptFjQYVB4ox2Jp3Tg0uPaiwEP9OKcRuwBxT+SOmAOTS8N0/OiwFc5DHPOO9AXK56CnYBIB/Gl/3uc0WAZt54PFJgcE1L05HHamHrgniosBHsBOR0oCjPrmnZORRk9SeM0WAZjr7UmCMH1qQjr70entSAjPAxSfSpcU0oRxQBEQTxng0oH4+lKfTOKcegFADNpB29O9JyBgGnA5GMYpec89uaAIwMc07DYzmjAbnNNwCc55oAUc800j0qUDFMPrQBEMdOtIMdetPI9B0oK9sYoMxnTjtS0nzZII5Bo69qBpjuKa3SndDxSN9aCyLK5IPWl2EDJ6U8LknODSdsdfagzG4OOOKaRxUrKOgppxyTyaDQiPXKjmjgcdc0pB7UHjORk5/KgBe9MPuc0ueTgZxikz6duaDMbjvjNGOCKcDz160dsY60ANZQADjJoIbPy8YqQE5wOcUE8ZJwaAIcZ49aTaPm9Kn7cdQaYRg8UFJkeM454ox1znmndQRRjAzQUR8Dj9aQAnr6U88defalI74zQA0KoXr0pBx0FJntjvTw2M5oAXGOR2pvO0euaCcd6UigBvXtjFHTPvR+OcUenGM0AIR6UzvxTyP0qMg55oACQDhhjigrjBHQ0p5Gc0nrk/SgAxkHtTdp47U8c9PxowvNADSBjAPNIV9qfjaBgdKaeOvU0ANPB3A9OKUZxjPNG3HygZzzzQcZyw5oAQUUUUAIQDTWUnjvT/AJe/Wj5j1oAjxTSOPpU+BnNMK8AUARkfhmm7RjnipCregNKVH8Xeg0IwQvHrSsuOcc0vXtgClGT15Jq7AN2j0zmgK34UuCp60uMD607AMIzkUnIOO1ScGmEAUWATg0vIPFO+8oBprgKeO1FgI8nJzRgY696cAe5oB/nWbAaQc5pBU2Mg1D2oAXpR7UuMjgdKTBoBCEUvTNIRg0mCen0oOgXIxleMUza3UGpvbApuGU5PSnYBhGOMZpdrEcCkOc4waXPGACKQCNgHjFAzgU8jkGmjn5cdKLGDFIzTSKdS4NAhnc5FMP0p7fWmc+tB0Cj17UcHntR9aP5UAIRn6VHj5eBzmpSOwpCu7qc0ANyAOuCKUd6djHA5BoK8cUARYPUc0gBAqTB7ilAIH3cUAQYGcmpcHGCaeF9VpAvY0AMwmcfjS4J5I60hB5pScHB70AL3wB2pnHBFKc/wimkZAGcUAJ355o6njijoeOaO/PFAEZQAcdzzQGK5A/GpMevSmN79SaAEPI+lJ2+tPzjkdqTnnP1oAafp0pOvNOAx0o65z2oADn1pDx14peMcGmZ5xnNADSOeuKUjHWlAx704UAR43cD5acB271JsUjluc007Rx3z+lACEHqvWmfX8alfnAqPv9aAHfTpSbc8NwKUDbweRTs9u1AEPHRvwoxxnFSc9KMd1H1oAafyFNOBjNO6AnGab360ADAlQVJHNIchsDg+5pwOc8frQyjn5ec96AIznv8ApRkd6MYpcHpigAz02il6k5p21uwo2cZ70AMxwcHNKuHIB49KCP4mGfXFNBGNw7cUAKFJGc96a454HFPALcLxSEbQATyKAIzkYH96lICkhelOwTgHuaABhvUGgBmaUYxmgqOGxz6Gl2gZHXJzQA3PP3aTHABANS44GR0phBC46c5oAYQPur8ueaTaQvBNPxilGANvagBtJ+FOxSUAFFFFADfUnk+1IoVeATz6076Uh3Y6gUAGTgk8elKen0pDgA5GcUp54xQAnQ8Dr1NGF5YjNO60Y7UAIMY4ppGc8UuF9KXA9KAEYhcZpjAA5znNOyegFB6jjP8AKgBnplaADyG/Ck4ydwxSY4AIAxQAcc85NOwRjK5pM9QMUhA4x1oAfwTwKU8igZxyKQYJ61oaC/e4zUfTcfbFSZwRg0Fcg0ARg5oxjkDNGPajJHU0AL95uOM03ZklSPUU/ndg4PGaanyDuSSaAAJzg9hRtGAcfdp/PHvTWDZoAYSpPAxTQCO9SY45pcACgCIZ4GcYpdo5GOT3p+SDjbkHvRnbnJoAjA9acVFO5K88c07AGcGgCMLkZDU04HNSkgDnnFNOcfLwKAGD2NBwKUfWg5oAQ4PGf8aCDnpxTiAF6fj3oJI70AM2kHnnFKFzS5HAAo65JOKAHAYGKKB060deKg1FOB+NN6DIo5CgelO6UwE4xzTW64pcChuO3NSNCZPr0pMdhzmjjI7UhJ57UFAQO/NGBR1AAG2nAfpRYB2DjPam4wSRTvY0nbritLAMHPA5oAYfe5FGSTgdqXp1ORRYCPPJFMDYGDTyuSSOlMxxmgx5mLu79qCxOcdKOemKbUtBzMbyOKQtkAtznpQeOvFJyMjrilYOZh8xAYcjvSkng8UgA55xSEgjjrUtu4czP//R9IopT1or+rEfzaJSEZpaKAshhBowRUhGKSgTRAeppOakK800qewrQQ2ilwaMGgBvufWkK9waftHTGPejHagzIiAaUrkDFO20HGKAIduM80nTA61JjBJIzxTOgxjFAEZBP3Kb74qbGenFNYetAEZxwaTBBp+D36U3nPNACZGc0zAPTrTypzSheOTzQBDg0mezL+IqUgjrSe1AEZpm3rip8dKMUAQYIFJUlMbHOa0Aixg5z1pvTjFSY5Ipo56dqu4DDxwaa2elTFcDHemkDp60wICMDkcU09QKsEYXGM4qI9cA8UAVz9OKbgjtkVMF96aUwaAIx6GgDP1FOxxtHejGTnsaB3I9ppm3PU1Y2AUwj3osHMMph21KVphXB96TQ+YZx9KbkE808g/nT8EUrDuQkAD60nXPGMVJjv3ppw3GOlHKFyMjqaZzkVJ0pNtSMY3XrSHPfmn9B0zTMZPHFaGYwjjFBwccYAp+cnAp2KAIWHGBTMdhUzAEe9NyaAItvak28E+lTcdzTW/nQO5H3GaTtT8UmO1A7jMjoKUY70Y9KcAByaB3GHB6CmYU1IevAxQMHtzUtCaGAc9MUwHII4INSc5pNuF3bQBnH40hDNvTNGMfLgZPenbfTmlA9unekIhIOeRz61HkduasNjPXFJhcYNAEJXPJ4PoKMdzUmMH0NIQD05NAEOB1FJtPABqQgZ6dKXB654qkwIsEdR09KQj0HSptgPvTSuO1DYEOKaR7VNimlaEwIsKvzHkUrKVwT3oA5xTyTjnk1QEXTgdD2pBxkD8qkePgMPyqMrzkdfSg0EHrjJpMbcYXinfoaMFeCc0AMOew4poGOozUnt0ob7ufSgTIsDue9JtUdKcBhab9KCA6daNuBkHNOwB060nqD0qGPmGE5ILNScHOCacVyeBSsOBnikPmI+cYxn3pcEc5zx0pwIBAFN9hQUNx70cNg0/aCcNSEDA20ARbeOKbt5qYjrmm4OPm4oAUjoO9Hr6UhHT0p79/WgCFuRg9/SjGRS7QSOtP25I4oFcjwM59aCvanbeueMU3aD6/UUBcjI703AqUgA4GSDTSvpQQGPX8hQg6gjkUBcHPepMEj5R1oLSI2qHFT+3pRgUDK/GOeaaMduAOtTkE/MOAOtMXruboelADSo7UjLwMfnUpXg44HpTApyMUAR8dceop4HAFOCnOSPUUoGBgnFAEQB5pSv40owM96UgZ9KDMjOcY6UDn3qRgMe1R9fagBjetA54Ip54pOAKB3Bl5zim8cU9sNj1puzPtQNMYcYz0owuc+oqQAZwDkUFVBAAxigoi+Tge1L/dxUmCAaNq8nvQBHz1wMU3PAOM/wBKcFB5yQaMZ60AR5BHWg8jk07bxyKBwvSgCMjnpSkDOe4p23+6KX+LOMUANGMfWhhgZJGKAD1FBTg80AR9uOD2pdvPsKcM/wCFJgD8OtAAN3O5gQOlMIHJOTnpTwc5GOpoIznbyBQA3HHHakP86eQOCf0puM0AM6Um7aacEXqckmnYAHTrQA1csD70pHB2/SgcnGOBSYIwPSgBMgnHYD9aaRzn06UvTOB97vSj2FACEZBzTQgGD3FPx3FG3uKAGnIHrmm7c1Jweh603BNNMaY31/hpPRTzinYyQaOvPerLEYA4x2puzJ+tKOdv1pxBz9aAI1A7H86Ur2DZzS5JwMYApwx171mwIiBnAzSkDOQOPapADjFGO+PyoAjwMk8kHoKToMN1qwwBUHpUTdeMLj9aC4bkfOORmgjPqfpS4JbIODRyeR0PpQXPYB+VH1oNHXpWhiMOSfSj5+5Bx+dOyMdSaPde3WoYDQpLBunejP3iR1pxJ+ufSjGQcdqsBuCTgUDOMDqKbyccE/Sl5HHp69aBph6k9+3pUfAqSmP90qB+dS0axlcT0NN78UsZyinrUuASc1NhuSIzyB7UEcZ7Zpwxxgdadxuw3agXMhgzuO3oPWmtyPTPpUhwRuI5zTT1AHrQHMgwOnPHqabkBQMgbu+elKTkE+vp3peeSDj+tBixOvy5yc9RTSOcdKdxjBGPejtgmgBhHOBmkqU+lJjtnig6CPPvRUm32zRsH1oAjxTSKkKnqBTcZ5NAEZIPA6Uc9MfjTgM9RQU7FvwFADCM8UvTrUu3GOOlLt/SgCDrSDOamox2oAg284Py0FQPu/NjvUvOemcUmCDluc0ARVJxSjPTIA78Zo59OO1ACZ/zimsuSD70/B9KMdqAGlDmm7Wp2COuaX8DQAzvj0pG5FOPBzTR1xQAUvtSfXmlHr0oAb9D0pCBjin88nPWkIBwe4oAZjAFBOeafgmo+aAE25JOeaNuWBPGKfwzYHakwxOc8UGDAZxQCMGnj880YxwOp5oERkld23rS4GRkckUjDJJcc55xThz04po6CMnI4wKQtkgsMmnnAHPXNJwD03E/pRcBPpSHin80YzRcCPrRT9tJgUXAcDwKXk5Oc0gwB6Uu4dqs0IiBxUeDjmpO+KO+DWZmR0vGKUD0NJQAvTnrR27UpOOCKTHoKAIyD0BwKNpA65p/H1o+tADG6c8UvHJpaKAGHp8oyBzTu2emaXHc8g9qOB0GAKAGg5wfTig7scdacBRg5BPegBvzEfX8qAQPl706kIoAYUHJJ5ppXJH0qQ+mM0Z3DpQA0qQOtIIxjPSpPrS0ARE4GeuKTvwQMVLyT8tJwecA0ARDg+tSMOPcmnim7h0b/GmmNMbTTUmM80pAIqyyIKBTtoHI7UpXHAOaQjP3jgUAIMLySfpS5PenZbGByDSEEcA7jQAHHQjGaaAAM5yadj3/ADpCAcnsaAFwegGOOKbgEfWncZBz04ppJ4yaAEcHoDmm47DkipcA9O9MPXKnbQBGBgAk5HQ0pzg46dKToefSnHGQy85oAjHPFO9hzinDGOxpcHH1oACeN3rTMZPI4pxznG79KTHtz3NADcc80qg9TTuBwetLn+GkykhKMUUo9utLlKGc9qUZPXijac5J/CnDrzxRYpjT7Ue9O9utGM9BQ0IaB3pMdjTyMU0e/U0WC4EZpOhye9L7Ucg57VSKQfQ0Ecc0hH40AH+LmmO43B7UmB3qTbntRg9ufakFxnbg9aF6cij7w5GMUfdwB3oC5E5HJHGO9R4OM+tTEcnPeoynOc4x2HSmznGkAnntTeuSB7VJgnjNJz19KQDCcAYGc0wgH5gOOhp7ZyB2pMHhPXmpYH//0vTDtxRngYp23jmlG0A+1f1Yj+Z2RZJ7UbWqYYxyOaOtAFfGKKnKioivNK5al3G/SjGaUHFBOelMsYRg9MUAYyM088AU0+mcUAGMjmkx6U6igTInHeme9TkZFNK0ENEVN21JimnpT5iRu2kKnqMfiKm28Cm4INCYFdlz7Cm7ctmpj39KaRVgRYIB9aAvfvT9pJz0oC5zQBGcZ4qEgk8VYKgVGR6d6AI85pwFLtpe1ACFeDUeMZqY9KbJgdqAKzfzpFUAhc1IcHjFNxwRitLgNPTApjYx9am28EUzFNMCMjA6ZNRlc+xqYrtAxk+tNx3NUmBDxnHalwM0/AxTcDGaYEZTNABWpdvpTSMUAQtn0qI9enSpyuec9ajK+/WgBlIRmpAOx6UuB6cUAVwByTT8ce9K43dBgClDnpigLEJz27UEDtTwMfWhgfpQOxAPl60vXkUu0HrTsYqbFkBz24poycY71KcGlGMH3qjMhZf4RxTM4O2pglBAxzQBFRTtoo2igCLp1GcnFNyG579Kk2qRzk7T3ppA/hWgBmD/APXpPdmzUm00mwnoQKAIsccUY55qQjrilxzzQO5FjNN6cU+jFAJkdGKXtSUrFWCkzjrSk5oFIQwg5JHWm4OOalAFJtFJoTRFszyetBUDtUhHHqab04pCGbcdvrTcHNOx9cU7Ax3x2oAjOOtLtx34pQpU5zj2NHX2NAETAdc5HtSlRjGOaOc5IoAbp37UAMYKOgpo61Idw6ikBFACFR19ajK4/Opqaf60AQsvrTQpqUjmmlCGzuxntWhoG3J+lRsOcdKk2nHJyaaQfXIoExgB6/zpNpzz+lOIx2zUig4zgjNBBCwCjOeKQDcfvVOwz3/Co9p7kVDHyjCCBhhk0mVHPSpNpHQ0FC3WkPlITjvTe/0qQr+lNK9zQUN5xSZ7Din4oO3sOaAGY70dvWnAd6PwoAb7rj6Gj60Y5ooATB7nNJjHPTPvS8NTiN3pxQBDjjgEc07nHpTsYOPWgKBxQA0bt2fUUg6cdRQc9fejCj8aAFBx94UA5X5TQBg9fzowP/1UARUhGcVMdoGc9KbjvQAzgnr9RUeCflxjnj6VIckfjz9KMDoBnFADTgE5pnzE5z0qTls5700jAwaAAc5prcknvindvekPPNADASRgjFNPTHWpsgkDNNx70AQFsDA5zTmz0IpQpPB5oxuIG7HFBmNJ9+KaR2PWnYweufWnZNADOPXNBByCDTjjAwOlHP8AdxQAwHOVI6UEkAnBNLg9hSEY5PagdxB7ZBNOY4PIyKB1GeQKQqQCpHfNAXAsD2pQpNMPWnAgUFjTuFFOOSOKZQAmFI47U09RntThgjBY0gA+lAEYJB9RTt2OPWnAYHyn9KCSDjj60ANPTjrTcZOByDT+h3Uu0429aAGYx3pQccYpcH8KDjHNADMc0o6EeppcdDSE4P1oAQKcZHNNHP3eafyc4oxkLigCPHOKU845605uOBTcEHC96AI2GPu/SlGDgA048DHSl+8AaAExg5NLwBx3oyRnIyRRlcZGaAGNng5xSjA9xS5I6cjvSYx24oAbnuOecCkC9cdfSn7QFIPrkUYwMnkmgCMLg5pwU5p2NwxTuozQaEZB9KZjHtU2BnpTcdKAEJ4xScgZxTyncUnPSgCLk8dR6UhOScjrTqTkDjkGguG4mD/9ejB4XOMUYXp0pdq/dPJ7UFz2G4OTkdKTaOcA0/AycnrTh0JBzQYkI5pQGPAUY9fWn+x/Sj2FADMbQQRzSBW3HoalOcZprdj97FUmAz65bHpTdmDkjrUhHYZBPpTScHvVAIQO5pv3sjI/Gngeh6+vamtgkDI/lmgCCLPlgADKk5qU5J5FRxZzLu4Ieplx9aCpbjAOfpR+ue9PPXnnPpSBeCB60WJGEcAE0Djr1qU8E46VHgD7vNFgDg9KTAHFHApeM1FgE6jnnFB68cYoPPTHNOx+tFgGnOPXNNx7YxT8D1xRtHrmix0DSeaSnMOcdqbSsYMD35zjmmEZzgcAjHvmpOPlHY0g5yScbRn60CGH0FIM9MfjTiM5P50xcY9qDoH9Sc9aUDtR34p33higwYx16n0pi+tS98Y6UxlyQMUG4hHOaZznjFPxyTShRxQYMZnrnH4U05456VI6c/4UwJz3oNxSATnsfekGDxUnAyM9T6Ucjt3/AEoMGRc9+powe5o4zgdDRgdqBASAeSBk8UZ9R3peM8gGn0HQQtz0oGcY/OpMfIQajHT3zzQAFfSk25FS7T2pMEdRQJsjxjJz0pAnPXpUp69KPwoMCMgDOKRfl+VaeRzntSjPUUAMAIXBpCMEnp7U/HHWggdetADfYdzSEZOV4pcljkjaKF4PrihHQRjI5Izmk5PB4NP2EDpxRjPYjinYBi9cnoKl9x0FMVB1z1pxOBx3pWAi4NGCKXp1INO27utOwEIPP1p2AvQ/hUm0Y2j86jwQemcd6QD1OBu9aMfL70L27VJkY3elaGg0rkjHNMboAfWpOAQTRxz0HegCHGAc07HYc04jv6800nIz1oAjIxzQORmnHDDAoHHHagCGincZ9qT6VmZh1oo+lHtQA8A4wD70f3CTyDmlGOw5peMZPatDQi4Bx1ppBI64p4AJzjJpOvWszMbjnPUmlI/Snd8ikz1HfNADNwzjpTsilwOvWkxjn1oATmkxt/E07A9qGXo2QRz0OeRQAhHX3pAo9KdRQAUYNP8Al7HkU4BDyTVpFpEQOB6UoH8XWnlQeo5pM44FMYzBJz3pV98AUpx2pAD1oAbsyp70FRt96UMeR0zR0OOgoAYQcjIyD1puOu7jFO6UAe+dxoAaOPwpcgj2zT2AX7vA6U3LdwMdKAGEc57DvTSMjcvIqRQPXjuKeRjp+lAFfBYelSrz+FJnuP1qXC9zj60AJtxg5xTSOfQmn96CPTgUARgfMS+KAPXr2oyer/hSg/nQAwrj600H86mbGDjrUWOnqKB3DDE84FOPSmgHOccetPOMDHNAXA47803PFSfKTkcGm7TyScUBcZ0XJ70mCeF/E0E/w9qOD7AfrRYOYEznB5A7004IJHUGnfTg0dTgVSWg+ZkY5p3ApfYUAdzVEjeaOnOKfR1oAixuFMK/pUxXuO1NJB/GlYBgIA3HNAA6nvTzyduOlGG7/jQBGBngnFMbBAI60/ODSMMjHpUgRsOxpr8MCKf1+92owDwahgf/0/UtpB5pcCntSAZr+qT+aGG2kp/40cUhEBU5x2pAByCOKmx2o2nGKAKjDsKeiY5qbb6ijAFAEBB9KYVJPTNWCo70hFAFYr60AVZwPpTSF7itAIaKkKelR4oNhjeoFIMingYoIzQZMjx6UuCfrTgKQjPWgRH1PzCmDaTkcGphx0pp+Y5xVcoDcDJBFNIAJqTIXrzSc5zRygQHB4qMLnPfFWSMmoyuTtHFUBDtHQ8UmMcVLsOcdaXbmgCHtQQSKl2gU09KAIMYop3B7UuPegCLZjkmk2571LgHtTcAdRQBHt4xmmMnvU+BTCM9qAK20gnIxShT0I6VYZcEbuTTAME5Oc0AR4J56U3ae9WOMYPSo+OBigCHaMcc1HgE1KQabtz14PrWykSpDNhHTpTdpHB6VLt4wp5pCDt96oor9MJ39aYVKtyfyqbbxg9ajGW6c4oAjbf1YcdsUEE5qUDkAipDGQcZoAq7OKQdMVY71H3weKC7kJWkqVl54ppXighkfvSY6k1IR0FM6HFAEeO/ak6dKkI/Kk2+o4oAiODSY79PapsY6VGT7c0AMOetHOOmaftFIQM8GgBu30pMcEZzT8CmnOOvSgCMg+mDSY9al4J68UwjtQBD2xSHpx2qQdcZ6UbQeO9A7kWT3pKkIx2pNv4UDTGAcdaD7U/aRxjmlwDx3pWAiwMjPWmkZPBqUgA4BpppNCsJjjFMxyafRSsFiMjJ3Gm479qmx2puOcUhEZzScdzUhFNx7ZoATqKaVweKkB7U480AV8EUzsfrVkjNRY68UANIJGaTHPSpM8Um7JouBHs7036VMT2pCmOaAIgvOe9IOc81Ie3PFBH8IFAEO0kkk5o8vsc1IBzjr60v8PXBoAZgDmmkMOgp5x9M0YJ70AQkCk255qUj05pvTocmgqLIsZHBpoHJ7VIFz97rQQD1OKATG9MUvGOlLxx3FBGevAoKInB5J61Hg9MYqYnqaa2MHHrQBH9KSpNvUdKQD1oAQ5yKXnPSngDNA6UARsPamHk9KkPpmkPHegBhoH1px+tAz9aAGMM596T1qQ0zoDQAwjOKUZ7cdqd60hHNACEjo3BqMjPTrTvZuPSjnv1oAQA5G6k+venAtR2FAEeMHp+NOx1NO3EcLR05X8qAGY9BTMVITnofrTeD0NADMrzighh97qaf0zt5pMH1zmgBhBHfFB4HBzTuBxnNM7jJoAC2DjHWjIJAI607aSeKUDGc85oAZtwMVGUIGd3IqY9MjtTOOrCghoj7j9aaABzmpMZ9vSgDrigQwDORz/jRjHBp+O3ejjGOlADdoPTiowD9al6jj9KZ82eTmgrmGgZPFHyjrTsZPHFIAMHdQPmFxkYyKQ8Zx3p5UDBwOBTcYzk0BzCkdMmm4LEg44pNxPNSZHX9aA5hp5GMAGoirHB4wKnOOvSoyBnmgY0cc0u3OCDnFIMAE/wninZ45FAEZyDzQQeM04j9aa3zZ46UAIRwV9KUhRyKBjjHA70oHY8UAMzznpQeeBTvXoAKQZPAzQAgGOetNAx3NPK4PHNKMc4/WgBnH3j2pFwWxT2x270uAo9zQAAgDFIQoPXFL8pAxxSNgkcZoAZ0BHfPWl2nIHUY60g3jLKoI9zSbT1ZcH0zQA7p1oI4waPbtQOvPeg0GOAQuKCvrUpAHAppA+tAEWOx/Cmlcc9+1TYz1FNIz2+lAEfSlUhe1KRmmYJ6VbQAeeRQMdKB79qDnp6VNgHgDZj1pqjaeakIwcZz0/Wk6nBosAw5zk9O1NI3ZGelP4P4UzABznk00wEAHIqNgEX8qmGQMdTUbhgAR7VQEI4dv9og1KOF9O1Q/wDLZR0LD+VS/oazYDu+BxSYzR35pc/NWgAcD6UzvxxQaByaAGkZoUYyalUcmkI4HvQAz5fTFKBn6U+jr8uMUARkD60mBilJycelFABweopGA9KUZ9KDQBHj8qMGpMdu1GPxFQ0BGR1NIM87upFSEEKcdzmmNl8/hRY6BT14pAD6cCjI7c0EDqT1o5TBidj8tHA6ml9cGlzg4xnFPlER8njtRnOTQBznp7UdBRygJjpijJHJ60vzYBFHzDHejlAQYIBPIo4Zgc08Aikzng8YqmBGfu4A5pQh6HinABSCe5pqggYY56kVmA4g5owaT3ooNPaC45zUWDycVJR/KgPaCdCM80vbuaB1wo6etH49aDMXHTmmfhj60/jAz2ppHc80AM/WjqcUuO/SgjOO9ADfu9KO3pRg4x70uMEjrQA05J68ZoGMn+lPIVucYpm0Z4NOx0BzjBoGcc/rSBVGQCM0oB7NzRYBCG9Ov8qPfH0p55J+bJoKqBnPA5osAzag4xzRzgNijaDzkZNIQGJx3osBIuO1Rk9Oe1HPpk9KTngfpSAGHyLjpimcnAFSnOMDgUw9ODxTY2J1NIaX7vSjqaQheSAAcYpoAwPal4zk0dDjHFACdByMA0hI57Yp3H3ev1oPtQBHgcDtijAxzT+nel6+xoAix17Gjbg46jrmn9BjrTlHYfhQBHznOc00+o4Bp/8ACcfepD0AJzxk/WgBuOfpRjnNOzxn1ozxn0oAj9qCMcetL1oxxnrQAY6+1Jg9Sc07HTdxSYHXtQA3AUcDGaUKOirilH5ijigBKOtOwCT2pAOKAE/DmincjlaQ7umKADIoyKbRT5h8wrHjpTeB3PPPNOFLjHOafMPmGEgY70dBg/NmnDjGOaSjmDmE5YAj6YowcnAxRtBOcUdfwo5g5hoyeDwR1pWHqN1L1JB/OmkYAzzipJFGR98YFO4HtTAy9Ac/WlI3Dr0oAM88jjsaM5O3H4+1IeRkdVPApTzlm7igBee3Q0vUcdRTMD6gCnfUcmmmNMiJ9c59qdn8/apNox05pePxqyyM5J6YGKaOaefUmgccEcCgBpzjjpS+hA5pDnqOKd7g5zQA04B560dPl+8Kd07Ag+tNxj5SetADCcH6dKQB+xyPpTypXGeRQQMjJoAMAdRSEHg9adx2ySe9HVSfTvigCM96MHjB+tHGeDxR+tAC55o4zxxTM80ueaAFwBURGfapMgUZBrQCPnH49aU5BIPFP2/N7YpCo288mkBGwJIIFNwRnPengdRjijC/WlYCMr7cVFkDrnNTHGCBzUfzev4VDA//1PWNpzS7afg5pcGv6pP5oZFjFFS7cimEYpCG0U/aKNooAjIzTdpp+DRQBHjFNIx0p5BHWjigCPBppB7VNg005oAZTQoY1J8tKNoHWgaZWK88UmPWp2XkU3HUGncGREe1JgjgipiM4qN+OaLiGY700oemcVIDkc036VYDdvNLg9+aX6UEc5oAgwVHrSEFh0xUvQYppweDxTsAzGwYAzRg9MYpwG3gDOacSD1zRYCDbikxxxUpB6CmnA6UgK+2jYeo7VIV4pp4FaANx0qMjrU1Nx1oAhGaDTifSm0ABGcgdqj71LgZ96aw98mgCPkjFNOTnIqUIT1OKbtI4zQBCcikBp59KZjBxQZkRB3cUEZ6cU9h6c0mMAEda0IaGjAO3qPWkAUZxwalwCcNSYBNXc2uMHXkUBcE45qXgkYqMtkE9s0XHcrvntxTDn+Ln6VP9OR70zbxWVzO4EcYFNKnGPSn4yfpQRyeetJo0IioPGeaaFHQ1MU9s4pCvHPWiwEDKueKYYz2NTY45pNp7cUWAqsCevWkC9sZqf2NGK3AixTNu773FTYFNOBxjNADNpA65phxnpUxye30ppHOT+VAEJ+6eMZpCOcnjFScYIFHJ5HXvQBHwTkHrQF9afjIB9KUrj6UAQsB2FM29+9TY4pjDHIoAiPXOc0nTtTmGSCOaApxQMaSOgpuKk2EfSmECgaG0gFO2+gx9aADSsAm3vRTsY4NIcdqOULCUHpRRUsTGY9etIeP60/HpRjv+dFgsM96TAHGetSc0c0hDCvcCo8EfeqRuVGaTAyMCgBmQaT2pxFIR3oATaG4o5+8KMjtQCRwaAI8dcd6MEipcUwjAzkUAJg/3qM4/GkOKXANADDjtUbLU30ppz6UAMIx0qMrnrVjAHWmEZ5FAESjnBFDemM4p/OaTZkfKaB3IW5HApNpz0qZlDCkI298mgLjaaV9KdRQXcjpQcU4rTccVDQEZ5PIoYdKkJHajBosBFUmKKKsCPnP6U01IRxx2po5NAEfIpccU8jPNIBwaAGEZ4bpQVGRinZBGDSN7daAI/al+nenBeeaO1AEQBz60uO/WpSoApnTGKAIiKXAPGMVIRjlfxpCTn0oAQDaMUUUUAGznNRkc1OSMVHgY9KAIuvHQ07BzhaB1yelO4PBoAT72VPQVGcYwORUxXjjjFNPPI6UAR44yKCgxx+NP6D1zR7+tArETLxkjr70zjdwalI6HFMPoT09KAsKFDDn5cd/WmAAZxzzTxzwOmc00g556etBAn0pWU4x+dKo5z3p2VxzzQUokeD09qRtw4zjNLnHPr0FIBjnpQPlGEZ4FL82fSn7c4O7Io+XHHf1oDlGkE5BHFN67sj7vFP4PBJIoIJznjvQVYj+YhW6bTzS/wAWQeCKQnv1FOxkg9ABQFiPaAD6k0m0g+oIqbbv5pOD14xQIiGcHHNP3Y9s0oGOhoxycUAN46dc0hPO3PFByMAUZH1JosFhuCR9OlKRzj1oxxgflQAWxjgjuadh2FzgcgZzikAJyKaS5HT5yacc9B14yaQgAwKQbQeeaCB3pxwBjrQBGehFIOelKepzTV74oAk47inbdy4P4UlFBSkHTjPNMxjqadznk0jA9CeKChtNI3cCnDA5FHQk9zQBFnjGenel65I4pNuAcUmOea0AXtwOvNBzxnrRjgtnIBx1p207skDigBueCfSgNg89+lL82MUEE5FACAEHr1oA65HK0bjgflSkkke3WoaAZhiNxwM0xtm0Hccn24p2Mt14q3BaTTRl40zGvUk0rjSM5vlmtzj75I/SpAOCCOnQe9R3ce1U3cFXGPY9Kfg5weD3NBXQXGF5UkmmlscZBp5H8OaaV54/KtCCM4Jy1KOBk1IF3dvzpGTnnmgBOWxg0HK4AGcUnPOBj0p2DzigBvuKdjtnNAHfFOH0oAhK4GRQcZxT8c1HsOOaAHrleDSn5eeKF4HalxigBhpopzU0UABAwaa2CNven9iaZ1OaAGc9uMUemetOwD9KXA70AJjnOM5o/CngY5Bo+bGPSgBmOd3amcjkVMQKjOeccYoAaB1xzQAQAAMkUp9R607B3EL3oAMnPHFIRkHPUUpU4PfOKQY9KGAHbk+lBAYUYOODQ33soOMAVFgG45A6gUcd+Kd0yFOKXGOByaQEefw96Q4/GncjqaTJHQZ+tACdjntTuBtxxn1pB7cUZwexp2AQZyQPmxRwcHrSgcA560H060WATGelJ2H1pfej73Tn6UgEPfvz2oxg5o7H60dcigBvXqMEU35jUoAz82cUpBxyOBTZ0EQXuRzSEqAcnBp+wA9ufem9OrfpSsA45C5HegAjqPlpDuzwePegqRx1NADNuSX6UHOcD8aceOvSlIBGcYoAZtJHXFIQeB6HrT+TnFBHBweaAGkgcYpp4FKxPQc5pDjjcMU2NhxzxTcrxUnPNIccZFFxEeeCD0pxJyR680jAZ2+tOxz7jii4Cc9ScfWkK9MU7JB9aMk8dTSAi5IzxTsgH+lPPPIHFJ8w6cUAM5zkUg5OPxzS5By569KQce4oAUZ5zgA85qM9OPWpD6j+HgCkIHXp7UAMop200m00AJmjPWjHSjHU9aAFw3A7mjnknHFLsIxxjd0NBGB/OgBhAzigKKfgjAxkUhHvQA4Y6E0ucHkZFJ8uMHrSgjuelaGhGfUdPSkIf/GrAOOcc9qVh39anlJ5Srto21NQaOUOUAvAOOvSmvGmQzjPp7U7OcYp3oPXrTaG0Vz1ye9Jx3qbB5xSleMilyi5SD1xRgFee9SlB09aNoBAPNHKHKVyGJIPAoGcDHGKkIAzSBPzqSRuF6kUcAcdKd0PIpwODkCgBvfJoAAGGOc88UhD8fNjPpR9OaAD0xRinZB6jbSD0oAP0o9zSUtACcfnQOeKYQTxUgb9KaY0xn3W470AbRkc5qTHpwaXA9qssi2gjng0nJ4HapsegxikI9aAIyoA9TQQSQRx9acSMgrxStknPXPSgBpDDPcHvTSh4wDke/FP+VQc9fel2kKAvegCrg+nNGMd+an29880YHXGTWZmQbeCT2p4BHRc5qTr83Sl4NADApBxjJPb0pQmDluSadu64HIpoB3cn8KAGEgnaeOaQ/L1HPY1Kdo4P1prEMMZ57UARsGx9aYB39KkAyeetNyoJxWzZoQNt7HikwT0wakYcnNR8gYx1qAP/9X2Hac0uDS5FLx9a/qk/mhjSO3ejbUu0UmD0pCICM0m0jvUp+lJtJ5oAi+am1Ng03AoArEHNJtqdgB1qM1oc7I6KdtFLtoAhFOABOadgmjBBoAQiipKZ0NZnQMIx0qJunNT9jUTDgUAQlccCk61MQOw5prKKpMCPByKCD2NPJ7U7acdaoCE5HBpp/OpiMd81HnnFAEfzHOKXb61Ljj0pMUARmmMKlI54oIzQBXxxTAOwqwEHrScZxVJgVxH3FJtPepipGcUm096oCuVFM28VYK8U3bxQBFkZ6YNIVUtx3qU44FIQPxoAhZTnimtx8pPWntgYHOaZx9aCWyIZHb2zSEDrmnEYOf0pcd+lBJH7Ue1PYMcGm4NAAVx70w8c5xT8EdTSEd8ZoAjye3eozwMAdam2888YFDKTjI6CgCuVNMK89cVP1pn1FAEYUjrzSFeOKmBGcAdqRhk+lAEPIPFDHP1pSM9DSgHGD3pgQH7wp46cU45ApNvU5xTuBCR3qPB5JqfqMVGwwcVRKYzGRk80m3PHSpQpPtRtzwDmtDYj2nr6U1gPvY6VOqg8elMIznA6UAR7MfP60YxkdQaeelR87sUAJ2pDyTT+x6UmKAI8c8HtUZzn2qXHPNIQewoAgKgnA4AoAJ4zmpWAPGOaADxxigBhWmFfarDbc1GelADABzmk2elLjbRkCgBhXgA0zr0qXnOB3puMpk0DRFS9qfjim4xQUmNpaXFJjHUUAJS44zRg0lJiE+tJ96lIzS+1QSMpD9KfgUmBQBHgZ9KafWpNvPrTduevFADM+1BxT9vvSbc0AMI4wKQYxTxjOOlKetArkZz3pOe1SH3pp9hQMQ00jvRThigCEgD8aANnv2NOI3UKO3qc0AIVJBwQBUZ5JHWpyMA5FMIPPIFAFfZ705UI75pxVO/WgL+VAgqMjBp+Ka2RxQWmJtBOc0pHT1o3HHPWm5JClc0DuNYcjPUUuAQSKXnJPNGT64oC408YAH1pBxyOacQc5XmmYwc9BQSmLjIyOKTPUdqf6Feab3weKCyNk5yKYw7ipzUeDnAoAjx0z9aO3HTvUmORn6Ubew6UARj0POafxjntSbcde1NIbp2oAUkk47U3HUjmlzS8gccUAMx3FH+0acfSj2oAQjIyTimg54pw9uKacdqAGtnuMUgIPNBBwTmn9AT6UAISeTjrSMM8Yp2MkE8ZphxuHWgCPpnJpPu8DmpWA6im4DcZoAYe2RxQcc4pcccU7nO31oAYGGM4yaUhSF4yKcAobOaCTg/0oAQKQxII5qLZ97vmpsc4A4puDngZoAYFHX+7TT83b14qU4wRjBPekxg5z2oAhx3HSgqOg5zTsHPHSjHpQA0Ajilwc0HOKXnigBMcbaTaOnelNKSOKAExkcHpTTj05pevtStyfTFAERHJzSe9PYZ4NJjoepoAj7cc570oxt3A1IUJPSjJBIyOe1AEQ4qQcYXHPfNIFO8jGcU4dcHrQAxtu7IPPpTRzkHinkE4IHKmnAE9RQAmcdO/NRHOc4walOUz3xxSN29uKAIz1x3oxn2p3tRjvjmgBCAMYPFDAZ5PGKOhwRzSEZPHWgAwSoxSg54AoGOM9RTsYPLcUFJjaSlPWkyD3oKIyNvODg0Z5qRwehHWmYf06U+cBjYB4+tKDzzTmHPA6UBedzDrRzgKc004PTmn/TimcE8daOcTECk8HjHPNBXdgqfel4X3pp4O2Pgtxx3Jq7jJIoTcTiGMcnr7V1kcUVnZhHbEUJyf9pjWjo2h/YYTNeYRsBpS38Cd/x9KyPFGrWWrXwawhWC1hVY0ROOnVj6k9/69a8mdf2lTkjseiqKp0+eW5yuoSeeryMuB2A5qunLAg53c81NICAVU8EHioIAWijkbnAr0kee3fUsdsg7fekwCfl5/pSnfgdDSFjn5Rg+vrQIXHY80mKWigCHHv3pyphetGcMaeDz17VTYDM/pRk/nRkUuR371IEZHJ5pMFgATyOtSDGCT+FHytwOlaAM29sYoyacc4xngUw5JyRzQAMTjp0qIbm6cVLjPIHNIcg+tAAOmMZxRgtn2oIOcfpS5bpjigBm3PT8qMYp5weDSYH/ANegCLHGfen4GTQen40HrQAhJJwO1Gc9e9LjvSBcHaO1ADQv4UKOSSM0o4yQOaM/Lk80AAAIyOPahhxtzz7UgAxjoKfwBjpQBEQMA0YbI7e1PIHTvTWyehzQAmeGBHPaj+LPXtxS84HamhePTP61PKAhU5Pr6UnY+pp+3DAD8faj1wcijlAjweM8UvQc0oFGMUrAHH1pefpS80YHFFgGkAYI/Kk24JxwKflMg9aPXufSiwEeKKcRUZ9KLAOwO1L+NNxS4JosAuF64pmc8YqTB+lIeeAMU2jWMrhtycdOKjYd+elS55GDTTz2qSxhBK5x3pWAH407HSkPQZ5oAbxkDpRjgnuaMHPp70YxyaAG8dR360m3nA5FPBPDDqKQnsefWgBvIpvWn4PWkKhSO5oAQ+9JzT8HHPNIAc4PSgA54GKQk5wBg+tO29TR0wAeKdgGkNjp0pp55IqXJPfrTCB0xyKLAR9c0Y4zSkccjFO5zgHiiwDMfyp2CcDpijjueRSk569KLANyec9KaR09KfnP0FMwc+xosAoyD0zmggjOPpQcgY6UoU8ZosAgbPHcUuD9aVlAOeuaYMikAmRgYyKMZzjmngHPSm44x0oAAMCjb82fWjB59qdjOf8AZoAXJ60Z/Kk3Ubuau5dwwcZHWkABAwee9KSQcE8Um7PHtRcLi4BBxRjIBFLubAxSZLdDRcLhjGTRj9ad1Ao4pjGgDp1PakPp+dOGOh49KU7enX3oAZ1IzSYJ6dalOMfTimZAP0oAac4zxTT1Ip4J46cUmMdaAGgNwccChuoNSdeB3qN/WkxMZgbunFAUUuDjnnFKeOAetQQMHTFGMe4p45+vfNBz0/lQAz603pz0qXB6sM00jsOaAE685zRkcUuMccCnAEccGgAPHNIckHFO6ilYMOlaGhH26UY6Z6CgFgelBCvuI4I6UAKQCRlckCn55+akAJVTu5HWnAjt1zQBWxyfrS4wDTyOKUjJxSSMyP6jNNK56Hgd6k79OKQDKnPHtQ0AxuRkUvelwM5pCD1/OlygJkE5B6VFt6D8an2gLikIByPWjlAgY8gkYoIJ3D05H0p7KOi8kdvalKFgD0/wqQK4dXBOMY6e9HJBGcGnsP4RxjpUYx09O9ax2LR//9b2baKXaKkwM0uBX9UH80MjoqSigREQO1NG4dalZR3pBmgCueTikK1LjHSkIJFaGDRARTCCeKnHHWjaKBEWAOOtN2cHJqQfLnik4I4oAiwaCcVJTSKTQ1KwzIoyKdsFGwUtCudkLDPIplSUhGaogax2nkcUnHantyelGR0IxU2NebUZilI496kxRgmkmWVihxmmle1WSuM1CR3q7gRUuM0/IPQUZGAAKLgRHHTFJsz61KQBTCM9KzYDDxTcVIelNAJoANvHFMI7ipaQ49a0HYhI5prDAzUpHIpjZwKAsREDrioW4OasEH6VEykjk8GtCGyu3fNIFFSFVx3pAp6igkYRmk20/aaXaaAGY5AphB6GpscYpuR24oAjxx1oyOKNp5peeOKAG4z1phGe9SHjjH60m3HPrQBXK03aamK0m3mgCMDnpQyk07HXnvTwO5oAqEEYAGcU8ArgmpGX07mmkYOKAIyhzu7Gm4wfWpSoxtPbmmnPBAoAaVXHXBqAgZ61PjHamEr6c1oQxmDikIx1NTYpu3FaG5HtI5Hem7DnHc1MVAHtQQCcigCA9SCOlRle3YmrJxgDPeoSOwHNADNqZxnimsBnC9qsCJcZPWmFDjOPegCHGeKaQeoNTEEj0puAOvGaAI8d6KUgAZzTd3vQAErt4FNIPanAEZJpAQOO9AEJU+tJ0Y8ZqwwHfrTDu2gmgCLoM0dBg0/HNJjnFADMU0qccVNtFJgUARcikwTzmncHvSgCglsiK56Gm7T2FTnDdKQA0rEcpDjFFPIpnSpaJaEPA6YpM89KfjcfpTTh/wAKAAjJoPPvS0UWNyIjOcUvfilOAeTTQSwpGDEwCOlJz6U4DnrSkjOBQIiYdPbrTfX9KlI61HigBcE9etJtXv1p9GMcgc0HQQ7sDApe4x0NO2Z+bvQACc+lADTjucUxsnqMVORkc81ER680AM/Wj9Kdt/ClwPrQAymBAu7vu6Z7VYOQOKioAjZNozwTUeMAbT+FWCKYR0I60ARjk+1N7k8GpwvNN24J29KAIv4dw707HAIGCad320o7ZOai7AhYAYP4U4LjAzTiM5Kjp1pox+NF2NMCBngVCV+Y84x2qcqcjPNNwck4/GrLIieKQHHSn55weKCtADM8YPemkj8qcV6e1IFPfvQA3B6UntUgHGaUr6UAQ45oxnn1qQDn6UAfKaAGZz2xQQeuKNvFH0oAjYFcdB3pC5O0HvUhXPQ8470gUng4zQBHwTgr0p23NP2g8Emg4HHUZoAiAwOmaACOuB2p+OvoaaT7d6AGBSBs60Ec55p2cgcHJNO45HqaAItwGfQ9qTGSVAIx3p+3jnmlAycEc0AQ9PYCncZ5Oam2jPpimEdgKAG01qdRQAzAHBpMZapKKAE284pmOSKecimkHrQA3jGKQAUtOIwKAEwBjmmkbuccCnA96QDJPOKAI85yMdO9OzgdM0Dnp26imjGSPWgBTgjGcZ7VFyecYqbGRyfpTMY4BoAXHAJP4VHznPTFS4Hp+NIFzxmgBQM496CAcnoemKT2HbpS8gZ70ANbjr2HP1qLsOuWqfOUODkmoyDxk9OKAEx60be9Owf/AK9Jt9OaAGsh4IOc00/xHv0zUuOhPOKQHluw64oAjxScU4g4HbHP507b3PANOwWI/m7fjSnAIwKcq4PBoPTjrRYdhAcZxzTCop2COtA6UhEYDAZNOCkA4pwAA5peMcHrQBEM55pfujA5p2M4ApvbmgBr9DXYeF9PW1kj1vUFwindCp5LkcZx6A81k+HtHuPEGprYwKdnWRuyqOpP8hXfeI5ooEjS4bK2OFjQfTp+leBnOZNSWGpfEz6TKcvUo+3qbIzdZ8QqdPms0Hlm4fcxxywHIHfjNeenaOtS3lw99cPcSDqTgegqu3zbR6V3YDBqjTUevU8/McZ7ad1sN2/6xzzhTj64qQWjW1lYlz/r4ywB6cmkzg7SOvGO2KX7Q0qpFIMfZxsXH90816J55GV2nAPFNPT8ako4oAjPXPpR7+tKe49aZnoPSgBQmD65pcgE5FBAz60mCD06UABCjGe9Lj9KVSy9Oc0uT+VAETdj601RxUnXOehpuCAR3rQBDyMUdwfSgcUDpxQA07uvbNMztI4qQkKtJwRg9RQAbfzpCQCDjNP5GDSEbjnpmgCMjJ96TbgbiePSpSpHCnNK1AEJ557Uwg4zUuKPc0ANIJAHSj5s0iKVBBYsfen80ARgbevQ96ABninOSAEAyF5pqknKnoec0AIcj3ox2zkelKd31xQFGevX0oATPbFGPXtUhA5z+lRjHfsaADk/N+FIRnaAM0EDJbOPal5PXjFADCAOAOTS9OcU5Qf4hz60Adc9aAG46UmMZwKf7000AGD60vHSkAHanjPHegCLAzgUY5znBqQqnqSajOM5ANACnoPrRIBx+lHPWigBMUbRS0UAFNPGaXNIe1ACAcilxyBxQOMn0p/PNFiuZkWMrn1pSMEU4DAC56UdcH0osHMxpOOOpoOB0OaGHzZ/OkxgA9aLBzMQgsM5/AUh68U4jjnr7UY7DpRYOZgoA6d6Zt545FSHtjijjHFRY2EKgD1poXrzzT8Z4pCAv0osA05I2nvTduTw2MVKQMDcM1FhQDgGrMGG0YO87hQWHpx604ZBwBnNJyeM0CG4Y8g8UYHXqRTsDPPalHQDOKAGdCe9JtHTvTvmx2PNDH26UAN6YOKbkU/k8Y96cFP9aAIzz1pMdO1POOBQRxmgBnp6UpxnNKeBn0pmMjHrUNHQG35gBxup+3nB7UmOA57U/JHbrRYCMnIx1puCBxxT8EHjnvzTgMnB4osBFtKnDDr3pdmDknNTlQeQcYqP5c8g5NDQDMflR0JGMZFKfXt6Uc5PPWkAgAO3IpMdcU7JO3BxjrSEjJINAAOg9aX+dJn8qX+VaGhHnofSjHGFPXNKMDp0peMA+pNZmYYJwPQUcce9O5xQFBxnpW9jQTrzQVHGe9O200jBwe3IosAEDPB6VER68A1JzjOaD0rNiZFgg4PejAOMdBUuc546UwjjhelTYgbx+FC8rx69aT3/AEpyglefWkA6m5xyOtO4phGKAE+tHv2o46igUAP3DjilyvNNwBnik9KaY0x2c/do246inEg96Tjr1qyw4Xk800tnjFKT2UZNM6d6lslsU8UlSGkx6GqJEHXGRnFMOSKkIGRk00KNoPQ5oAj9gaAM084AztowQcUAIQMcU33p469c00jHegCFiWYbeDSnGOvAp3JBb0poIAI/E1DAjkUg59argnPParf3gWHY/pVZwGPI+laR2LR//9f3ClAzQBmniv6mufzQxmMg5qNgPpU4UjPekZQ2M0XEQ8E81GydKnAAzQcZwaoCMClZKcOlLQBVMeetMKheDVsgCoyFPWmmTKNytyaNuO1S4YdBTcOe1WZWGMMjioqnwc4qMrmgLDKaVp+09aUD1oERlfSo2FTjIqNuaAIFobOakK+lAWgBmKBmpMc03pQAGoWBzkVZZR1FRketZnQQgetSbQeCKdjHal7UAQMpzxyKado781KUyc5pSAOooArspYdKQKw+9UjKp6U0jI54oATBz7U36ipMDgUmMnmgCIAkc01lHU1L357U3nBq0BHtGepzTSO9Tc0hXirTAplRt9aZhunSrG09elMINUZkO30pOnAqXaaNp9KAItozTCualPB4FNbNAEX48UZOOnNOwOnrRtzz60ARYJzk4pCuMYOanK9RimEYxigBhUHtRjaKfjHT600g9aAI9vXI60o9+1OJz17UhHHTOaAIiO4plSUUAREd+9NZeozwKmwopuF5FAEIXA9c03bk9OlWCpI9MUwqQevWtCGiIg9uPrTf94VKU9eaaQahlkfPIxxSYGPQ+1PHUYFSbOSBigCsRz6mgLk/hVhl49aYOB0xxW5oRYpwowR0pvHbrQA0qATjmo2Tp6U8Arnc2aPlGPSi4rkG38qNoPI4BqY/Xio+TjPAHpQFxmOMU3aWNTEFu1N20DI9vvQV4px69KUkelL2gEWMnnimFccL1qXHHzUmMn0FJslsZj5cnimnHQ9qew444zRUkkRHcDrSEdjUxGeKZjvVXAjx2PSmnJ5z0qVgenbvTcEnrxTuAz+H0pSoI4pxUhfWk+lMBMDAx1phG3JHGakwaZQBEOMY+b6il5p9R7falsNSsJwSaQBu1SEelG30qbGdiL3NGM89D3qXYen503Z2JwRRYLDMDtTCuetPIoCk0hEWO/WjB+tTleDTCOSOlQzQiIxz3oUDPHU04rxx1pQpPJ6ikAzpTTwx96lblcimnmgBOvXmkGP4adj0NLj1NaGghH41HUmfak/DNADcDrTGX9KmJBphxQA0jjPrTSpIp7E46YxSjgUAR4yfrTNvFSgfNim8UARHGD7UpGDTWBIIHelxg0AJnp3pGHFPw2eKYR1JoAZtB5oK07HOaU8igCLAB5puOwqQjuaaRzx3oNBuPQ0fMDwKdg0ZIoAYRzzxSgHvTgAetBHrzQBHwTx1ppUHnoalGO9I3HvQBFsxzilIxgY608dCKaeFC+tADOe3NJweKkwD14xTSM/hQAzHf0oxnrTv6UUAMwR74oOOp4zTsKPbNKRkUAREY56UHPUGlJ7dKaT260AKP1oHBpKU9KAFIHXrULAdV6VKPQUxhnigBMbexOe9HBz/ACp+3OPl6e9IcgdhmgBuTjA5owduCCRS4PUdKM46mgLDCATxwKXYe3QUuRjpSdRg8UBYaQAQaNuScHAowRlulN74HNADdpIypyT1pOg9TT89sUZyDtOMUAMC5wF609Rz0po9afgjI9aAAqc+1IPYUpxwMc0h6gfnQAhzSAEnA7U4DquMY55pWXgeo70ARk5HHHtSe54FHUk0p5xigBu3AyTgUh6cdKkO7uOajIbOQOaAEo9+9H1ooATkd8+1J0AHWncnOR170hyP0oAOO/NC/d4596TpwRS+/wClAC7s438Uz5MHd+FScDB6nvRzznkUAM6imnjjFOYY6CmggmgApsmSQBUzYUZNdx4N0W1eZNf1wY0+Ek7ehkx1Azjpx3rjxuNjQg5yOzBYOVaooI9DsNJtvh94YTWLxc3F+hKAH7544+gyMmvFdU1ObVLyW5nAUs2Qq8KM11njPxVL4iuEwdlrbgpBFk7I14Hyr0BOBkjr9ABXnx7mvEyLAyUpYmt8UvwR7uc4+KUaFJ+7EU9eBSbRzn8KD9aNp45r6NnzbISGzlu1NBUTMrdSB+VTMmcsO1RH/XKQM7koEP70fTmkGfXGKfx0IzWgDMDtTSrE9ABUmQTwCKD+dACUZwp4zzRSg4oIaEooooCxHjnFGeCB1ozzmgDvWhYz+dLjninYxxmk4b5m4IoAbtPr1owM4JHFLlSM5wM96cRnAPSgCMg9RyKBgZ2n86M55I6dKOOm3ANABweOhNAHfFKVBAK84o4GfQUARkjqOvvS4BpwycHGRQQO55FADdtJtPanZPpRxnj+dAEZFAFOPNKuB1oAbSAYFPbHam0AIRTWB68Y96fjPPek25oAj4FOHPWlC4NLtFADWU54OKKcSuOMmmgEmgBKKftFAWiwEWM8+lSLjp3pp4DetKOo+lFgAggbqQ96d6EnrTee/PNADQMYyKdjI6dKOnPr0pQB02ZPrQA3gDkUYJOMCnkEHr+FMwSORgk0AGBj5hikZcYyM5p5UA+1M2gZy2fSgBvTI9qMdN5p/XjFIVJHPagBoxnjvSdOvrTm5wRxSHI4znPNACEYz6GkAx3px5B5yaP4qAI+vJpCeBTvajHGaAAgjpSDdnPanEN64NA/I0ALkEUY6Uoz3o/DNADMcnBo47mlx14pMEHpxQAc4z1puAQCFxTgPSjHQUAM2880YHU80846CkOCeKAIx7UZp22l246cUAM5xntS9eVJowAc96Cf4qADPrSbj+FL1+7z9aCMjmgBmMY9KTGAfY8U/gEFgc0cjkHPatDQVeflK9acPmHA6U3DE4LdOlPBzweoqWikxDx8wOAKQDJxng0/BIwaCTjj8qkoQbScHtSc43cZFHQkfrSjvu53UARMvORzmmMCKsYxwooxjpzmlygV24P3c8UFR3GQan2gg4OCaTB4GckUcoEOAOKO/tUhAI96Zg9KloBOnQZz+VHfDde3pS+3Sk+vJFIBzAnA64pq5HTn2qQeoGPrTSF3DjGa0AaAc5HPFHQVIvTnrS4GPloAiwVHzCnHJ4HfnmnkDgDr3pB97I9Mc0ARjBUnr9KceMAcCnqAEIAx9KX5c880AVcZzijaakxnO0d6TkZxxUMBvAzkZzSYz1BqQA9+1NP160gGYX0waNvOQaftbvTSvrQA0sA3OTu9s0pXPSndgPSl6CgCPnIBpQBnmlO71/Ck5oAUjnNM46mpe3X8Kbg5xQA3FC5NLgE+lSIuAe9NAIcZxjNGFznGe9OwMnB4qMgng/hVgKR14ph4x2p5XB64pMHnnNAERBPTpS4G7AxxTyPl3UpGeT+VAEIxk7qjZWORxUx2k9MCmngmoYEJUZUEZxUZUrzjp2qxtG3HTNRMcnaPxpAf/9D3baadxUm0U3kdK/qNH82MZilxntUlJgUxERWoytWDTcZqlITRBg0m32qYrTaq4JDD9OtMxUpX1phH6UDG7aNpp1FBmM21CynrVmm7eMUAUT15o96mK85xzmja1XcxsQhSPpSFR1HSpyrUwg9qYrEA2imkZ6VMRntTdooERYNN2mp8Y9qbQBAVxRUm0004FABijFO2mjaazOghIYH1oz7U8nH3eKbkd+tXYx5mNyPSmM3qKcVzzSjFFg5mRgA8dKXGRT++elJkHvU2NeZEJFNwan6jNMKjrVpaBdEfFHFP5o5osMrsopmDU2APvUhBp2MGQ4opxH602kIaVBphT3qYj1pduRyKpMaZUxTgMe9SlM9OKaFxVFkZphFTbaQpQBVoqXb/ADoKGgCHApMelPPWk5oAiPPFMIPWpCGHOaYd3pQAmM/Wlxnml6cd6MY470ANPPWm8gindOtGM0AMHNIRxTgOadQBBgikqT5s+1KRQBHz2qPHzVORxUePwoAixjJ9KQrz2qUjrmlwCMmtCGVmU4PekX6VMcYNRigRGwGD256U3ZnINSMO3Wmg8/0oAjxjiipKTbQFyMjNR4YVNikoNBCKZUlNIz0rQ0Im5xTRzT8E8U4oO1ZmZHRS+9JjtQA3HcdaaV69qkOOwxSUAMPHDAj3ppXHLLx2pTgigCruA0gU0jd1OKlxikIJpXAhx6c0Y9eKd9aUcVQDAD2pO9Pzk8dKay+lACc9M0fhRz0NFABhfSk2Hqpp2DRn1pWFYi6DmmkBqlPINRgc1k0Mj24pfrUhHrTduakCLHHWmmpcH1pmDmgBSu08Hikxk8dqVhzx0FGMdO9aGg3nNG5Rwc/hUuDjmkx7UAQHFNOMYFPZcHjvQBk5IzUXM7EYGeB1oOenWpCvzZzmoyDu47UXFYQAg5xQT0OKUdSaRs1ZNh/So6UsTSYNBuNwc5NNwTUgUjHekYEg9iaAIgNvWnY4peQaaaAGUU4oH6n8aG9e/Sg0G0Hj3o470A4+6uaACjB5pfm78ZppoAO4qM9Kk7ioz0qGgF4pCM/hTsU3NWOwjDNNqSmt60BYYR6Un8INOpNvPBoEMHOc0uDxmnketCk9CcUARBSx59aYw56fdNSsCT15FJtVjk1nzgN/Cgqeop5GOgoAXt1qkwI8YODxQQM0dOB83vSZwOBmqADnOR0FJ8pwcdafweMnmo+Tx2FAC7UJwBik29RninEYX1pTnp04qGBFj1FHOB3qX0HWkKjIGKQDMAncefagjjcOMdakIXt1ppUE46jvVJgQHrlT9aZ7AdKsbeOOhppHbOcVQDQecnkUgAwSe1Ox3FIF60AB3KASOtNJwcHk04q2R6Uh55PagBewJ6d6TjkdfSl6Gg5xnpQAxgeMDFIoxnI+7T8DO45o+7kAZz6UAMPFN5Iwacw470Aii4DcHNGD930p/bb60uDjkdaLgQ4IPNBHHA61K3HsKbg9B1ouOxFjjvQQOw6VKQCMZ6UuAehAouIioHPWgce1HuOKAD+Ko+7EcYNSUqoSu0fMzHApSkkrsaRraBpa6pqSWs0gjj6szcqF7k11WveI4bvTLfTNLAj0+3LCM4w8jMBksckdRkYA/wAOMeaSFjZWzGNlAEznjI4IUYP4HIqS5xFHFbj5V++Pxr5txWKrqb+FH0+uGoOK+Jma/wB7rmmhTnmpD97mmqM5yM19Dax842Jg4/GkPce9PIHSk54oEMxs3HnGKgKkTQD+JsqOfarJ5X361UkOLm1lOMhyBn/aHFOZUdyTAO444pxODgUnTcB0pTk844q0KW4daQDb1707oKDQIZRQ+4YooAKKKKAEIBxxTOclcYqTNNJxg1aYDDx1p4Xjg0iruB3DqaU4AAC96YC5xwBSEdSDnHT0pQSScLwKTAxnP4UARFCMbjkdaToTn6U8jgAdM0Z64NAC4xjIpp6cZFJk5A7H0pDu6nJx0qGwDliTkkHoPSlIwAcUDrwDT8MMYOQKLgR/LuwOppuw446Cn9ST6UvUkdqsCMqT/KgDHXjtTiMep+lNGPf15oAbS4NP53YxxS4DdelAEZ3UZIGKceDQwXOKAIwQc4py56Hilxn7valz60ANwPWncjtzR9aTjv1oAbkUU7p2puO9ABRQc80Y4oAYw54GaQcAil2gnnrSfQcUAIOvrin/AIYpAD1HrTu544oAcfXg036nJo4/GkwD9aAFwc+oPrTeg6YxTuo68U08HrxQAcYGKTaCfpQPvbR3o7ZBxigBACenGKbz3FP7gnndxQNoUgDpxQA0jH40YxnmlHJz14oz1NADB69Rimj7oXsTTugxS4wPxoAaRwGPalI6EdaMcfWlwScmgBKKPpRQAc4IAzTcDv1p/ckUcA5oAaBkdKToPSn+5OM03jjAoAWmY4x+NP7UYoAjyewwDR69QRTiO2aME8Y4FACeh9qZtHvT9p5OPal5HQ5NAEe3HNJtwOoqTGPvcGm45yeTQAwA+vWl4POOKME8in4A4XvWhoM4wARjNH04xT/oPm9aTBycHg0AJnaw4yKM4PYZoI49aXGPT2osO4zezcEYxSj/APVT8f3qQruGTxjpRYLjsEDk80mGAz3o2hTuIzxRlcjPpUNFhtyQc0bTznilIwAW4FJwB60gAetMbg8U+kKA8mgCEg96VdwcMM8Ag+4qbG33FIOOlLlAAgweaTG7GckD1px5Iz1HegjndTAYAT1zmlGT/DhfWjaM8HOafs4xk9elAEXJB/h5p4HtmggA0i5z9aAFPXFOPuM0hOenJFKDjvwKAK7DB6dTSYBPpT25NNI2tkVDAYTjHv60vGOTS8kAYBxzzRjHbOfSkAmG+lL7U75vrRj8KAIyvr+lLt4HGad9OKQ9Op/CgBmCM96AR3o5xSHnAxQA8bSKU8dOaaqgjP6U78KAE4x83FC5Bpx56inD2FNIBnOc4+tAGT1p5UDpSbSeW4qwGgdcmkPHQfjTiv8Ae4oHTjv2oAjxuFHTtTjhTigjjOaAIGOOFpnJODwacRzigkEYxzUMBpCnjmoZBnkDAB5qXAUkilIHNID/0ffsDNLinbeadtFf1AfzOMxRinYHrRgetAEJBpm3vVgrSbKYEQXg0bR2qQgDtTcGq5i7kZ4qMrmpiOeRSY9qakFyEgUlSkCkx6UXIIuw+tNwDzmpguTz60m0YqrgQEe9KFA70/2xSkj0qhXIyBUZA696lPPao2PtzRYLlc9aaQD1qQA56UmDzWhjYjpCoqTjrik2+lAWI8YzUZGalYU3b6UCIaXBp+KcFNAEBU9aQr6VMfQ03bQBEeaQjNSbe9M56CgBuR3FN4FOweBSEHrQBGw6UnGDmnkdqCvHSgCMfWipGFR00wG8+lIVPpU+wD1pMYqwKzUwKfpU5X5qSlYCIADpzSjJ4FSBQPejv6UWAhK02p+tR45qWgIz7UwD1qQ9eKSkBGAO/SkK5HJxUnApaAK5jPrR5Z9c1Ln04oBOfWnzFXZUZOfpUWOeatyD2xVc5HWrKI6KftFGAO/SiwDTzim4IGeOKe3NNx3oAi3Y/Clzk49ak29Pembe/rQAh70fwke9OC9KMfN+FAELfepp+9+FStwaYR/KgAwCM4zTMDPtUyg/lTD/AHjWhDRCwHTbUW1hyBVvB7cVGQSBigLFfnqRzSDbjmpNp7mlwAORmgLEWMjioyTjFTYBGRxTWyRnOKAICG7cUuGHXmpNuOvNGBk0rjsRkHvSYUE4qbaezAU05PYH6UwsREEdBQcAGnEEdaSgoac+maMEc9aCuT1xS7fc0AQ9Tj1pvIHFTjHYdKjztxxQBFgnqKQjHTuamJGOnNNoAbgDj1pMYqTBIzjikoAZtpMe9PK0wgiqAjwcgUpxzipMcZpm0AnHemAzsOOaUjHUcmpMLjIHIqPkkMeaYDM/NQBnkUHLZNC4A570ANxjrTcVMRu4pCvelYViMjFIfzp+f1pCM/hWbQxm3PJFMK4yep9KnprDvSaAh6D3oH0qT8KTHcVIDc01ufansMHA5qPJ6GgBu0jkcilA9DinYYc9BQR2zxQBFtLD5TzSbSOQPrT+CcU7BA4oAiB9qTPan7cGm4wAfWgBnUU7gnNGB0NKPTpVJjTsKV9DUZHrUxPpUZPqKosjx360m3PSpeKiKl+A2MGgBAO3amkVJ7U1vSgCPaO1GPQ4p+386UJ6UAQhcnuTT9u0c80Fe38qMKBjH50AMIPYUxlGOhBzTyrZye9IRgfWgBrCmjAqU4phHTHNBoJ9KMUDH1px6mgCLvTcjqOtS5/CmAEjk0AIx4GDRg5pxPf0FNzkZzQAgAzTSOemKlA7mm9WxUMzsNXJODx70mP0p7DPQ9O1R85z60gDb/kU0DJwalGAPm60nXgig0ItpzS4NSYFGAK05x3Ex64prDrjFLj1PWjHoelZiIj2P0pcE9euadjndSDgj05oASiiigBW7DH1prAYzjrS9fbFJwe2KAGHhvqOaF5GB2o6g4oHGQOorQBw6UxgBzng073I/Kg/Nx1FAEWAW9aUrnn0p4AB2ikzzyelK4BwBwc57VGfXGBUilsjAzSleeaLgRYHrS8VJgDrTeBUAAHJJ+YUgx3zUhHPTNHODtHFBSRGdo+990VGSB15P+FTEdDxTNoPvQXYFUZz2PNBjX7pAz15p+PlPPQHpVm+YiYgA48tP5UdR/ZM0hcjPNLjg96c3GB1GaaxGCe/atDEZWzb2jWti2qNjOQIlbgscgEgd8ZqHTdNfUXc4IjjG6RsHCjIHXt7Vs+IbqaVoYXhWOKFR5PBBYEDJweO3avn8yxylUWFpvV7+h9DlmCUabxVRbbHPFUGcnczHnd3qe8J34AyAqgZ9MVFGgZ1V8AMR0p1wWdiWfOwBfrXo0aKglFHDWxEqjcpblQpgg9eKi+YYxxUxI7VER+NdZwWFz8x4xQB364pQO9JkhTxmgBM9SffiqEiq7RkjcEbOfStAqMYJyTVVwEQMwxyBQXFaju+BTh15o7YJwad04zWhLDOBjGM96aw3Z4zg0pGe+cdqTOPagQrdOaY3H9KeP50mO/THagCMnuT1px9QcmlpMHjtQAg56dAKDzztzQ3PXg5oHJ4NACAZHpikc4pV+bPanbcZNUmA3IwCDnNGKdz94jpS45POM1QDcA1Hj1qQDP8WMU08/hQAdeg6U3JI608+oNMP5VmwDBBxmlx6mmjjkjNKKAFKntTc/hT2dc4HFN6/hTQBn8KjIz3pzA9c5oCk/eqwGkn0/WpMDGAaTy17Kc0m70/KgB2MABTmmbQGyOaPmOKecHGBQAwL36U3GFPfNSAZHPNIQuMDigBoppHy9M+9OA7UvbaOKAE5xmkKc80uAMck5pVAHBPJoAYAOcUvBxnipCuRjpzTfm64yKAI8cnAxik46470/HXA60zGMCgBB8vJp35nNIB+NLtAGQKAEbkdMUDHPNGCB1680gHXIoAM98ZoznI20ccD0pemcHOaAD/AGhjil4GQcc0mMcjv2pOMfN1oACpOMDpSYxkdaeQR9AKaVJ4AxjvQAzHzZzTdx2Nkc0/IAORmj7rAnkGgCIdPWngUd/SnCgBoPejI/A0AE0oweBQAhwQSKQgHJ9adx0zjPakJPIxg+tAAOGApg6kjvUhGMUzvigBvzD35/KlqTGPxpMA0AM9+1KckdKeAvTtSbSDuNaGgzIIyaATjHQmjHOKO5NABkev4UcdTwKOPrRx170ANxnrz6UY9KdRUWIsIB6GjGetLycnHSgg/hRYLEYGSKkUADDcCj1x2oyOnWiwWEPoBTMDPHWpecelGMrxxj1qyyPo3NGCCc0pIz6/WkAwD9e1ADGwO+PalGOpFBCnlhk9jS8N14FADsggL1pDjOFWj1KDFKCOCetS0UmJg9+MdqME8nj2p/05pQOOvNSUMC9s80uM+1OIJpOuR3oAjPTIOcGjp/8AXp+Oeoo4+uaAEwc9MU7rzScjj1o6HA6UARspJzUfOc1ZJJ7gj2ppBqWgIaOe9S/QUY/2amwDCc8Y4PpTOnQZFSH6U0A+nHtQA0DP40m3HOcCpAMdDmjAzkUARDjnnk05hz/Knn1NN56jt60AKwyOR09Kj4/wqTJPQ0E5O2gCEjnPSndOB1p4GAd1Rnhtp5JoAXvwM09VH8R5pI1YHjiphlsnAFWkBH75xSe+adjtijtjGKYCYXPNINpFG3pilxyD0/xoAYw759qMkEgcU7G3IPINBzgkmgBnAyT0H600jPA6GpjycdM9KZg5P060AVTSjHrQQc07a3aoaAh5zQQKecE4JpnPUDNID//S+g+poH6UAZ5NOPXAr+nmz+ZxuKUCnbTQFNSA0dKKcR6U2t7AJx6UYFLRS0AaQB2phGalppI70OwFfbS7ak2ilIOB2xRzAQFe9B9akPvTSp6iqAh46UntUhHtSYFADcAd6YVH3ql4HakIBGaaYEOBTCmealA5p2KpsCqV/CgCpmA9M03A9aLmDKxWo+RU5WoyO1aJjaGqh9aXkc5oyBSNgUxWItrZ9c0vGcHtT9pz/KlPJx1x1oEQ800+3WpSO/SmfWgCLA9ab1zUxFN2igCLnnmnY4x1pwXvmm4Hc0ARDIHIoI4+UU5QAORmgjigBmTRRRQAhQjkUm0U9eucUN1rSA4kO3FNapiOKjK5oEMppBY5zipAPUUnTtQBEAOxpNuelTFQegphQ9QamwEWDQfyqXaSMio8Y+8KkBtJx0xT8dRSUAQkAioGXNXOvUU3aKtsu5V2UbfSrW0U3b7U+cV0VSpxmjjNSbcZxmjaeAaCiIqaaamKdznNNZeTQBBQOTxTttOwV+536mgz9oQEEblbrRggnPSpCvTnmkIHJz+GKC7kYxwc4pcnn0pQMClZcDIPNAyJj2zzTOoBBqTvmm47HrQBEeabyKmK0wjFAEeOOPWkPfNSkcHNJjBOPSgCHbzgdKMAVLjgZGKTrxQAwICAcUzBAwBirBVRTSAT0ouBWK4HFR9OlWCmDz3qMxlevNWgI8Ggr2NPwadt4BNFwIAAOlAHUEcVKwA6VHj1pgJgelM24PTNSAYooAaQDgdqY2epqQ88UjYwTQBDTdpPbNPBPapEGBk07iRXwSMfdpcAGpipHQcU0gDOetFxkOAMnOaYQTzjAqYgU1hyD2ouA3byKNo54p/Xn0pxH61POLmIdu72pjqQBmpsYODSYJBzTGQFTikwcVMVGKjKjFACD2YemMUwo3HH15pwRhnP50g4wM/WkA0jByaaM545qTIpStKwDDz1qLaenWpwoxTSvrQ0AzAHvTSoxUhUgZzTdo9KkBO3vSEds04queKYQRyRmgAIHHtTcenan56GkzzQBEQT+NMx3qfgGmlcFhQAzdxzimkZOaXbx8woPXnmgA4AOaMcZ24zSjG08baXCgCg0GkGojkVMQKjIHetAE4/OggdlP50YP50YPtQAnPpgGl25xxmnY6Fm4p2e3b1oArkEcUwjd7VPgD7vakb5sdAaAISPwxTcD65qfaKjbFBdxhH403H4ZqTANIwAzQO4m3AqJh2xUwHPsBTGXnOeKAGkAjNKQMggUoGDyOtA47UAMY596QLTvpSgjr+lQ0BHj5jS4PWnAgmlzjtSIIyOMikIAPNSYHYUhX1NArDRgUHBoKmgKemaDQTA6UzpUpGDSUAMwD/AIVHzUpAPPpTTnOOmKAI8H0zSY/SpTg+h+tNKZ9sUAIMnJNJ+NO2A5waTHQCgBhFCipDyKaFoAbgj5gaacVMV/hHNN57UAM+bHtSDqOc04jjOckUeWOuaAEIBI9aUjqKaOoFLnJO6gBMcgGjqOPWj0z2o6k4p2AXOOKaeOfWlzilA79c0WNCPHOKT0qQ/wAqiPakwJRzG4Uc1avGEkq7HJGxR9OKrRg4IUZ9M1YulCzAD5vlX8OKl7o1Xwmd2qIebLIkMC75JDgAc5NOmr6F+BvgiA6kfHniD/RtK0hfMSSYEI7EEHBPHydcg9cDvXn5xmcMLQlVn8vU6cry2eJrRpw+Zk6lpcvgXQNO0W5hVLrUk+03TuvzgDaVTsRjkEN0/GvKtVv5dUuTPJ8qx5RB/sjpW14z8Z6h431yfXbhgsErEQRqMBIhwo6nkgZPvXI9Oo4+teJw5gpOLxdb4pfkfQZ/i4RawtL4Yk0QJeJem5gB+NLMm13Trg4z9KWLh0PXJAHtRMQWdR619N1PmCDHH0phznipMgYAPSm4461uQQkMwGKbg4IHQ1KSwJVeagbMhCLx60EMUkoDvIwMdDyKq3bkQAjlTIPxqYwxBiOWK8E+lUr23zGrQMyHcB6qT24oNaRocbN2OSOnpQAvrz6moleQHy5/vE9u9WB23dqqLIqjcEtSYyexp+AWznFJtycGlYgYRnIPT2pDjJx0p+Dng9KaD/CRnNWAmD6dKMdj1oGPxNPAyMdaAE44IxTW7DgU4nrx0oALAnsKAGY/ClAp3HbijGOTQBGQxGCaMDODTipPNDKDyKAGgZJpD0OaOgIpfvCgBoAFGCakwDjIph59qCGhMEdaMZHFLjHGaNq8HNAWG7TTgMd8U7noKSmkCRGQM8d6Ap6HnNP+vagY7mrLDkcn5cUEDpjNJuODx0NLuHJI+9QBEf0pp9RUmPTpTcflQAozzimkHtT8HHPSgrgA0ANIO3jio8CpOQwJpSpB3UAIN2OBgUE9R1zSkjvR+GBQAg5o/GjIwf0pc+1ADMY47+tMI5OecVITjoBTRgHgYNAB057frS/Lnhc5oAzyexpxXvQBGeecU32FPCkdTQF75q7D0GjOc/hSYPcU4DGO1AzzRYdhoGSfb2pwAA+YdvSgdcGlXbzuqCSMgEe9KVJIDcZqXamMtxTSpPXtQBHjBIpjD+GpOxFMH3cUAJ29aU9emKdjp2pMdO9ADOTz1peuCRRj8KdxyCOfWqSKSE2nGcUYyBjpT+/PNJ9B1qihh5pKU02gB45HPNJjFOwD04pRkcEUAMAJH1pCBkgn8qd14PFBOM0ARdx6UmDn3qQ8Ae9IOmT1oATb69famk+oqQ8+1Nxn/wCvQA3PpRk96djHSjbQAzHen9eCM0YwQewowT0OKAGnBOT3o46DtTiucdsUmMDFAB+NIeRz1pxHSmn7x9KAGk5OTjNNxgHjrUnf1oxjjrQAm09zwKMLgE/lT9pOMHp3o20AMAOCBSbT2GacSScdaPbvQAADjPX0pTkHnGaP503/AHqLDuOBzz0ppJ6dKO/60ZH40WC4uDgEDJNLt5p/Awc0uFzUNFkWMDmkOAAPWpMZHFNI54OKQCgduuKQ4PPpTgAOc0p9uKAGjGOetLg96TocAZpxyBxzQAzywckUgQDkLin4P0o+U9irfpRYBmwY5pCCjFvyqXGCcnOaZ0ILc0WAiIzliSSTT/L3dT0pQOpBxSjBHWiwEOwZ9KCDtC5Dc1LgdB+tM2+nb0osBH/uinAE9ufWjac5PSl+U8UkgBRzhulPPJpQMcUpxTAjKsTzSMvvUjc9DTQCO1AEeB6YpcZGDzS470e/SgBh9MUBVzjPFPJGMdPSmEdCTjFACAZzj5j6+lHDAe/FSeg6DqaTGTgjFAETAAdM4/WmkZ5OQe9SN75/Gkbk7h+PvQBWPXpSYzTzhj0phGKhgf/T+iSBmkp+ATRtFf06kfzQxlFP2ijAp8ohMGmlT1qQg4yKb81TZgMJzTc0/afakK1poAykIp+33pCMd6LxATtik60vbNFVYBnBOMUzv0qXmm4/KpAY2aYD6rip8H+GmkMetO4EBGaCMVLgDk0jcdBmncCHgjjrTcdsVKQD1pMCncCLbnvUQXngcVY6/wANN29+gqiJRICMGkwDUrDmm4xTuZ2GbBSeWD1pdp7mnY96diuQr+WaBHjNWMYxTTnNPmFZ9ioc0hBNTEe1NPFWmJohAK5pOgqcgVERg5NMRHjAqLnnipRkjHegqMUARY7CgDj1qTBxg0KuKAIcGo8VOetMwaAEox6ipMe1FaARAAjINKARnIqQrngmjAyQtAEJHpUTKR1q1tx0phHr0oAgHbjikPXpxUgHX0phHTnigCKmkcc9aeaSsWAmBTSM8ipMc0vYg1SAgxSAd6lIGc96jABp2AZSEZp3rSUgGH/apKkoAxwKAIyPWm49alIHekx60AVCoPSgBlGKkbB6cYpCOK0J5WRPz0pnOTmnkUY59KA5WRhWwc05uDwc0o/OmHnPag1TGEDvTWXkY7U8g4FN4BIoHcaQSeO9JtYde1SFQeppNoHQ9aAbIj0zQf1pxHHWmr1oIlLsNx9ajwQanAFBWgjmIyO9I3epOKQgUF86IeP4qDyMGhsA46Ugz1PFO5XOG0cUbRyKTnOaO5PakQI2OvWoWDdMc1NweKQjvmgCDGeD2pSvfGKeR3HFIvHXvQBHjvSYHpUx4XAqM+5rRGhASc5HahQeD2qQkdKQMcZIoACM0p5FLTcE9T+VA2RlT6Uw7u1Ttk8YqLHpQIb2oH5UtFADTnr6UmT9M0p9PWkxQA3ljwaNpzz26+9SbcDg9aQ4IyfwoAafu8cVGB6jFSH2puPXmgCEqDgdDS4OcdTTtuOvNJxmgBCCOtJUlJjuOKAISpzmjaT3qY5I560zgDmlYCIL75pQex4FP5P3Tge9IRn3pWAixuPqBRjuFp3C8etLjI2k4pARcCk689acV/Klx+NICIgkUhzUtNbjmgCLp2oznoKXr2o6dBQAnPpyKFAyc9T2NPOCeec0YGD3xQAwg/wjkUijI3N+NPb5QGANM78A4NBXMIFB49aAPxxSYYfe4pxB5xxQPmDHrwKYwBOQMYGKXJwRjrSDnOc8UC5hOM4xRjHNKRimgkGqTKG85570w9ee1POcZNNwcZPeqAaQOD3pMCnkcUgHrQaDaawweKlYZFMoAZ3BNNwvI7mpSFwKYRk0AIOO1O6d6XGKb05xmoaASiiikAnXn1pp68dqfg9xTSCe3TmgAPIwBTTuHGPxp/BIpoAODjvQA3pzmmtyc9KcQSDjvSjnOe4oAQYGSaYwI59aeOQB2FAyxOeo4FADMEfd6Uxio+71p5yOtRkZHPpQAKQSNv5UozyR3NRQliGRvvIanG3ac/hQAnTtSfhS/jScetACdKKXHpSUAIeRTMZqSjFAEfbJ4pfWjH5UhxzQAuD0o56mk+Y85xS47UDbBhz6CmkbuQenpSnjGec+goYgjKDGPegskUbQADk1bvMLccjqqj9Kph8IX6HgCrd7GXuQoPUJj8qwnPVM6YbWLXhjQLnxL4g07RLZC7XdxHG23qEJ+cjrjC5OSMV9YftEeI9L8M+FIPhhoUSQSahGrTCPCeXbRkAKQhH+sYc5GCAaqfCDwxp3gvwzf/ETxFtikUsImbBEcafKSvu7Hb1x0r5Z1fXdS8V6veeJtYbfd3rljwQFXoqqD0CjgV+a5jX/ALUx8aUfgpv72ff5fReXYJ1JK05/gjnIV8tAicBe1WxnbnFOMewFgRzTQM8AYAr9IorljZHwVXWTbJYlYyR7COCOtOnx5z9qYgUshPQMKfPxIcDBqvtEdSt9RTSAe+KcOKax71YEUrGNS2cbf61HErBQCcOeTTbg/uwmM+Y4+vFTttMjOvQc1dzOS0I/mG8Y49qqz48sYPRx+dXFJEZA781VmV9sYUZzID+FFwkhrqkhKvznv6GpllZiFdw2ejY64qOUMVUju3+RUY/dytayKfLI3R+x7jNZSdjblTiXsjvj60uQo5NRocfeBzTzkdelaqdzntYaVBGQcUypGDHsKYfRuBWpI48dRR34pV9jkU8kelADdpwfWmgDB7Ypxzgr60mQRntjmgCP3p2PTn61bC+R80uC3ZaqtnOaQDDxjbSHGSAcmlxnOB+VBO0fdpgHBB4xikPXOOKCT+B7UcHg8UALg9R0o49KOO2TRx2BoAbgfw0YH407I/howTQAgBOcHpTMEZPepSB35puByRQAwdM+lGeM08jnI5pPqMCi4mhnbnvQBgEntUmBjApgB9c5ppkpgMc4OBTcEtgU4dyRSZGeeKssOe1GMc+tOxn8O9HHb86AGgZ96M87c80cnt+NGM/L6d6AEJA/howGHByaGBJpdxA6UANx7UnTj0qQj7vB5pnPPSgBuQ2B6UoGOvPOc0Ac57mgDj5uMH86AHYH9aTAHJ79qeBkgHjNN5AxngUARkUmP8infrS0XAZilx3p1HFO4DB+lOwOlLsU9efxpMd6QA3AyOabk5zT8UnQUAMPJAA4700DnjnFPyCMHjNK2OpHB44oAjKkjNJt7g0pVAOlL8v0poBp4OO1N2knnpSk4xUh+77mrLGFdp45FI2Bx0FP6/L0o9+uKBXI8DIJ6AUm1Rzn5qdjnnoaQD9KChQuN2OnWjqAc/SnKfbtSADgelAhhGeKTbxin+9IQcZoGIwBGPSk78Gn45FKoJ3ZoAaQKbg0/wB/wooAZyKSpOtMxzigAwvY0mMdTRj0FA3HqKAAHPT/APXRk55Wn4zwaNp7H/69AEZ9xim4xwaf25pc9Dn8KAGZAAp2DnpkUn0NLyDjtQAAA9aa24ewp5wMbh+VBGOlAEQ5+tGPfFSEFcbhQR6UAMwxHNGDjrTsDHWjAxQA05pBgdqkG3oKTGAKAGYzSgcg0bMZ5p4HvQApAI4NIfTbjHrS8A4704EjJY/lUtFJjAR1AzRyetBHvQFIOMYxUlC59OKORwO1A+7u65NOxgnH40ARg8EGl9D1oOBjApPXjGTQAHPJ60uCOBzinAA+9JgUAMIpB9PpTyO/rQMUAJy3U0wqO1SGkwB1OaAG4OKTinYHXtRg5zigBFVsnuDTsClooAYRgc005I5qQjI9qb0HuaAFFREEVK3y/Wm8Hr0oAZx3oIyOKfwKTj8qAE5wO9OI55pB70pGc0ARvk/eqMe1SjaPvc1Hz82PwoAgPU/WmHPJPTNTbTnkVHg45qGgP//U+jwMYpaWkr+mD+aGFFFFAhpB7U3GKkpDVRkAykIzT9tBUVrcCMCkIANSYAo4oAj2jr2pCoPNOzzijjNO7AixTSMjFTkU0r8uRUtsCDntTuvNKVPpS7W9KFIBhFN6cGpcH0xTT7jNUBFtyKTFSHPpgUYHrQBHkntUZXnjk1PtB6GkKVSYEJHt1qMqD1PSrJFRke3WqAgox2p3H5Ue1AEZ6Uf71TYx2FMOT1FVcCEgY4/WoWHc9ferJPpTMA/e6iqTJaK5U5pGGeKnI64FREHHTmqTIsQlfSgrnpU+3B6UzG3PFO5NiIgEdaac4xUoQY4ppQ9BTCxEQDUZJHFSkbeAc0wg0CHUUUe1aAMfjGKazFePWnMe1I471LYEdFFFSAzAx6U3GeMVJj05oIJ6cUAV8HOelIScnPNTMOnemkE/SgCLg9acQD3pcDpQR3PFADDwaiI5qSjAqWBHTSOeKkIptW0A3AptTEf/AK6a2KLAR0U4rikpAVyOx4pNuB61Ng9zUZHXitDMjIzmkKjPBpw5HNHQZoAh29cdqQhh7U8bifTNBHPzUARAetIVGOB1qXGQccUwgkfNzj0oAhVe2KeRyOKUfWgg9aBsZtyeuKZg4Oal/wB4U39aBDfSjrn3oooAZjAowakwPpSECgCELzlucUzbzlec/lUmTuwe/wCVB9B2oKuQ4NG09+lPooKG4HX1phAAAqbqQBTMZ5oAjIP5UmDnFPpOR+FAEXc5NJgc57VMQeuKYFwCT3oArsM4YU0gghSaslc4AqMqTzQA3vT+KABSAEnGaGDGkYqNlJPHSpSDnFNPHWtDQTAqMqOo6VIM45pAuDkdKAImwQApzQFY9sinMPm47U3jqRxQA3HbvRS0UAN20zOOlS0mBQAw57dKQqD3pTxQM9+lADMHjijB5p/pR1zQBGR600rUmfUUnuKAGfXmmlR67al+lMxnnFADMD1zSbe+M07B+lJtB9qVgI6FGcmnhe45ppPOamwDCpxTSMHnmpDimk88DNICPijinYGaMCgBgGTmlJwcrTyAeRSEhRyKAG8cZNR/xEk9KcOQeOtA5wSOtACFOOmcmghcZHapCpxmm/N+FBfKRY9QeaPlzgAnFSleDnrTSOOKBcozGRzRjnmnY9aTBxk0FDfwpGiyOTUhPak+lAEQA6E0zAB+9UzZ6CmnIGD1oAjxSEUtFaAMIANIcCnnFIVBoNBi45AoOccU8AAYzg+9BU44NBmNphFSYxSVmzQZ+mKTJ796MYP1o46deKABT700jJyTTsAYxxS5IGOuaAGgccDpTcAcGlLEHPWnbc8k4xQAwL+VOK+lLikORQBG3P4VHjPy81MBxTBkndQBUdMHeM/L1z3FSK3IDDhulSn3quxkgblswt69QaAJ84HIpq9cYp/sDmg8jJNADMcknqOlGDkE9xzThjGT3NB4BzQABV+9TCRQOelGU6NQOwmAeBRjHtSjHbtT8YHPNFyuUhwMg04AgZ65NOIHTpQB36YouU4iYxknjHSlbDNyMZHNHLZ3dqDjB2dSKzBCFRs5X5K9B8DeG28UeO9J0rG6KSSN2B4Bjj+dwT/ug1yeqWssNpZ26j55UWUAdw3vX1T8FdKstKs9Z8VXEJZreFEiZgCFKgtJtOMjcMA89DXy3FGZ/VsLKa32PpMgy518RGPzE/aC8ZWENtD8O/DjJDbRlHvI1H3QgDRx8cAZ+Y98gV8mXJO5scL/AA1pXWs3PiPxJd6teHm5dnx1wMYUE98AVns+V4AJycg9q8rhPLPq9BX3e563EuYe3q2jsiK4ARITjqu0/UVUI3EEZA9elaiAy28hKg+Xzj3NZzjJAxgnr3r7anI+QnAfwGQE5FJKdsjZzk0n3dvOVGKdOSsrd616mRVprE4qbNRNkCrGVSc3kC9GUMxz+lSKvyZJwcc/jULZN6ig87CT9KtLneoAyMHNANCNnGD0AAqlNuAi553YH1q7ggZ9R0qnMctCMfx54+lANEcih8EnBRgf/rUy4QylvmO6H5/++e1STFghfqQRn61Kke1y5yS/Wol2LS0uWbZlnWI7xEshUMxGQoJ54qe7t2tbmW1d1k8kj51OVYMAwI/A1mWwdY5FbjynKj3HY1Z3FThgCD1/pVRdiKkbhlc5pMZ5HSjjOCeacq7jgnGK1uYWGDjtindBkc07ntzTRzznmgLCjnnofWnLkEAevWmcsOKfx+AoCwr5yScsc9ahPznJOTUg54zgGgqB8q55NHOFhgB2kHg0nQ5BzUjDa3uRUZO1cAZqkxDPvE5ODUmG7YNAUAjAo6gj7oBqgG8ikzinbTS4AFADM4+tBx6nB9KUZ7EYNIPSgA44HT3o4PTkUew/Gk+XaO1ABgYwRzRg9Dg045J5pOck+lACHHbimfQ07nvRgcUCaG/hR9eKfx69abjNNMSEBx3zQRkdfyp2Mde3TFAPtjPWrKDuvpSc8+lHPTtS45PoaAG0Gj6UUAI3zkEHGBjHbr1oCilpM4I9DQAgTAOKUgY54oJxQMnrQA7G1gQeopu3IGTUgz+lNwTgkcUAM2/lRj8qmxTD7UAMx6dKTFPpMUAMI2Y75oqTA70UAR96OgxR2oPXHegBOh65x60Y64+tPAz0ppBxg8mgCPuMDrzQGIzxmpfmJB654pp43c9KEBH82RnpRk7gMZNO53cnNGzPXg1oUJ3IPUGkLHO0DHrTtpPA4IpQu35SdwJoEMx3zxTge/anbG5Hb0puCKBXAnOT2JpjgAA9s4qTa3TPBo4yD6UBci24ySadgHpS5PO40pPfNBVxhQkAg0zBwO9S5GADTQFUcGgExpJPtQRkYHGKlwMDHeo88nNA0wX6ZNJj25pwB47HNDdOuTmgLjR0xzQPQ5o75oIHXGKBi4zwetGPy7UmPX8KMHv0oAjI7d6MZIOMU8A5Oe9KFAyDyKAuNwCeRTeec08ABaXB6npQA0fL3605QO5o7ZpMMfu9fegBRnkn9aZjHvmnHnntThjoBQBEENO208DnFJ6igCMZGeMmn8Z6dqXGFGOfWoyGyNvPc0AIAKXHendxSjoKAGUYFO2mjKg8igB3rx1pvoR1p2ADkUDIPPNJopMTj+7xR0JXFOChQc857Uu38zSsURY6e1PH8qdzjOaaRz1pWAWo+fXrS+3SlxnJpAMwelP2ge9Jx0PFKOPp6UwFoB+YKMc96PrRgUICM55oyaXFL75osA0kjGO9HTtimkqOCuc0AADp370+VgO6jaaAAPc0vHrSUrAJ1OTS4UU8FcZppHpjrRYBjdOKaBxUjEU3J6daLAHf6004zTzimknrRYBNgOaQF+jYAoIVutAC9BRYCMjAJHJNN28cjP0qVzgcDrTQflxnmkB//9X6T2ijAqfaaTaa/pg/mlxZD+FHBqUqfSm7aCSPbShR3p+0UmKAGDrRzmpAvrSlRQBERntTakIIpNooAr4NHSpSgphBFdADcetMx6VL06U0jPWk0BH83rS5OOtLg0bTUWAjIoC+1SFTijGO9OwEVIQDTsGkrVoBNopCuadtxzRSsA0jFN69akppGaQFUoT0puPSpmyDTDilcwYnJGTTMkcnpUnBxim8gYxWlxDNo6mj607JBxTSc0cxpGSsN29cVGwOasbeOKYy8VaZoQY5FOxkcinbcH6U7DHgcU7gV1THSlK56U8p3NNx60wKzKc8imEcYqdwBUQGfwq0zBohx+lGMVNimlM9O1MRHRT9oo2igCEr3FNqYqKbgdKAIwMUw1MBUZHOKAI+M5NIfan4Pej6UAM7c9aj2nOamPB+tGMcCgCEr3FJtJ7VLjHWkNADWXP4VFs9etTNx+NNyDx3FaARYI4NHHepDn1qM4oAYRimkZqQjNNIIqGgIyMUbcincjOKQ+tERohIwOlN29jU2Bik2DnFWWQbaMCpto646Uu3HbrQBX70zH61KRzURyKLnONxjoKTA696f8x6il8snmi4EOAeaQjAqYim470XArYNGD6dan2enFNKtRcCMAU/8KTae9Ls9aLgRkY7U0qeoGKk74xikwKAIMCjaKlooHci+lNI9OlS4/Om0AmRHGMd6aRzUoUcmk28H1oKuRkH8KjP6VOR61GevtQMZg03FTbTim7aAIOmRSdADU+zINMxk4xQBH39aaw9xmp8c9/xppA6AUAQ/Wl/SnkY6Uz61oaDM844pjfexUoXuBQRznpQBB+lLzn0zUgXsRRtH5UAREfjmm57VY2jI9qgwTzQAgAxS4FFFADSvpSbePl/GpACelIRjrQBCQc5pMcDAIqXFABxz1oAixz70uCQDTh9aO+CKAIiMsAaaVJyamYEgDHQ00k8gd6AI+gqNhlTU4GO2cUxupx3oAixx+FHp2xTtnBJ707b+FTYCufvcUg9KeQc89KQA4xUgGGHIpOD1FO20g9hQA3aPpShaft79aTH4UFJDc9jRwTz2pT1HvSDIJoKGnpz2ox3NPHA5pD2xQBEenSnZ4IxSt6Gm5JB9BQAz7v1oP3ie1DA8sOtKAOjc0AM96U5/ip2B0pCPXtQBF1BIoIJ7ZqTHcHim7R0HFAEWG7pinAc9aeODwe1J068UANOQQeGprdKcSOO9IcN1oAQAE4NM24FPK4yaQ5xQBD9BSY55FP570c9qDQaQCaCKdikIzSbAZtFGBRg0YP61KYCHHrQepGetOwckYxik7L71VwGgnHHam9OBTj3BPSjuRmi4DMZ60xgMFWGVPapDzTcYpgVc+TjdzGe46ipwx6jG1u9Pweo6en+NQbDGSYfudSp/pQOxLg4+UZP6UjfLlnPyilVo3O3eVz7cj2qNoozh8Zbp1/pUtjSIPPU4EaFs85FNaR8A+UTVvawB+br2HFLsIyScdutSUUkn3SbHjeI+rLgVapCgH3jkHio49ys0RHC/d57UDaZKwozjinBcZPrSkbQRQICM9KjJCil6VDPMkKbn/D61MnZF043Z6BcWpkvbKNgWMFlCBgd+cfzr3nxHrkHgj4KmF28qa9gKkNzullACgj6flivJPDDG/1+SV4i+2GFQq84AwD+Pp0rsf2gZ4W0vSNIubfauWn2cdNuxB9etfj3EmKli8dDCL4b6n65keGhhMFPFP4mj5S0HWUF7DFG0hRnwdyjk9zTo9Rv7fUZftmHt5JGwTwVGeDxWpDAA8cuxVAZeAAAD04rI1e1W1nYpJvSdvuk5w3oD71+iwpcnU+BdTm+Z2GnhX1CC33+WJ2EZbqBu6ZH1xUM3mxXFxY3EflzWzFGXOfxB9D1FUNPZJYWx/Dxz1rpvENm8o0/WVxi9hxkHq8eA+foSBXoUpLRnn1Iu7Rjfw8dqW6RRPIFORx/KoFkl2sExuHrW3rlgLRLC8iYSQ30CSIyno20blI7FT/nrXTzq5hyvcwAG9Pzpp+n507r2zSFQ1aklGV2N/CX+75e0HFWY2UKS3POAR6Cqt2dgUjPynJPtRGDGPMTLK43bcdjXO56mypXiXHZQu48dh6EVTmO94eQMMT7mo1uhLbm4I2xqcc02N5JHSTytqEkjJ7VUqiEqUh1yheJ414LMD9AKuMp4kU7cjvTkT70kiAlumO1NVjKoj3fPt3BfVc4zWUZ+9qU6d0RAIt1JGOkqKwOP4uhp+BkqwyG7+lRTyPFLBM7fd3A8dQelThQeOcMK35kZyTsiJDlirL8yfrVpcYGaqupRwSeV4/Cp1PzZHQ9KqmxTp9QPyjdTB8xwoqUlgMp170zbhenU1RILkZGOlO28+wpQMZpuAB1zTQCMR2HJp0Z4OaZtOeegoA28jimhMeFLDdjBFIEbOPWpN2cE896XeDz0xVGdkMxj+En6VCw+bn9anDcYpCQRz9KrmCyIjg8ikLZ4FAC9M804Dn2qiCLjp2o7+1SFfypu3n2oATFJg9fSpjxyelMK8YxzQFiPkn60vIpcYNL1H1oAb14zmngYzn0pBnOKXaKAGkdKb+FSMBTMkDA7UAAODmkHPtSnce1HzYAAoIYp64FNH1pRkdRQc4zimmCZGRyTQQduVPNOI6EcilIXrnbVliA0jKdxIPSn4O0secc01jn1NADck0ozwV6ClIPGOBSbcdOlADwTRnsKTAGPQUYPagAxyAOvejGc/pRk4OenY4ozwKLBYaR0HpTc0/OMnFNI7YosFhuPenUvHpSUAFAwD8w6UZPYUfL/EaAEIwMKSAecijOQPU96OFVsfNnFLz0U8dKAD7px3p2MHJwc9abjnnoKAFBz1WgBSvXI5qIp05qQEcnpjikOR3xjimmAzPbbzRjB29BRx1LUc9xVgHJ5zTdpLdaeAMUoUdxQAwHB/vUepA6mn4I+6MU3aNpIJznpQAhIzjvTSrZ6/hTuemeKUKOxNAEZJHajPHSnFQaaVx3oGPIHFNIAGQOafnIGajOeQBxQIaQxPAowAKcM9fwoAJwM9aBpiEfKPelOM7TSgAfSnFc9KAuN/hqMYLDNSY564puOaBpi+o7UbTuGOlLgAEdadx0NBJGwyx9KbgjoOKmABxjimFTux1FA0yMgkjjGacMZINOwaVQBnmgfMM2nAz60nrinjApecfSgLjADSDPNONBzuxQFxm3HFGVzjmkIbock0ucDB5oGFFFFAxMj1op2KTA70AA75PbihQcjJpSuOtOwCDxyaBXETcVYnqDTujAg96jZSqnbxSgg9etBcZDgcEknNHHBNHY0oXI46UihpXOCB0pCPSnlcDBNHA7daLAMI9BTO/XkU/A7DkUH/aPWk0AhyPvc/SoiR9Kdkfw8D3pee/NXGICdqQ4zjtTyq/jQFIGfXtVgR8detK3qpz7U49eBimkZ5xyaAAHvSnFN56HiggUALg0fL3pBR17UADZC5AyWpvqw7dqk4xjNM24x/OgzG5zz/Sg9aKXvmgqIEdSvFMwCRmnEkdKaBk/MKGUOA4IHSoWXHXj3qzjGO4qJ+ST2rmaA//W+oaSlpK/pdH84S3FIBqMr7VJg9RRhu/NO5k4kJFNKVOcdxSbSelFxWIgDTsClxj3pQC1MixAQTUZUjmrJTFRkdjSHYjKmmkAcVMR6UmKuMhEGMUhGalppHetbgM2ik49adTSKAG8U0gU4LSke9AEH4UfUU7AorMCPPpkUufUipMHHSjHrx+FOwEVIc9qk2ikINXNgRlT3pgVPSpyKYOvSsxcqGFR1FQkADHerVMK+nWtbEyirFfB5HrQA3TFSnIpo+lIzsGCBUZAqb0HWmOnXFXc3IOcninALnmnbBxRjuBmncBjLmoyNtT0xsGmmTJ6FV1LVCUbmrjLgimOm4ZzVKRkVtrDqKUZ64p+3HekPvV3KsQnHpTcGpWB44pm3rmqIGEjrikwpqTbkUhTtQBHjvTTUxXHGKaQAaB2ISOKbjj1qXZTdpoERFcdeabUvI6daQjPsaAI8cZFMPHFSEdjTO/rQBHjNPpw5qXaKlsTRXHWkbbUu3pSEYNHMHKVcEdOlFSOMnimkU7DG0hGelL9RSgZprcCFlx0poBNTMpHWmgZNO2oDMEc0uTjNSFTjFNK0WAjOOtRkYOKkOM000gI+2D2ppHan7sjGCMUfjTsZjMYpM9utOz6ikOD7UWAYRjr1puWNSE0zj1zRYAwfWkINPAHrSlsUWArEetNOehq11FVm7VSYEZGKbUvPYZpOe4xTAjpu2pCM9Kbt9qAGjNG0U6igCLseabtPWpmXBBzxTTxzigdyPFNJ71J1FNx3oKTGENnPpTSG4NSAY6nrTdpGVz1oGRFTnIpcYNTbfxprKcAnmgpIhIyTimFSRVgL1z0ppjBxg9KaZRGA3pTWU96sFSOhxmmH3FSZkG3jJpMADmpSvGKa33qHJjuNIGeKiC9cd6m6803AFLmYXK2D6UlWcEjiq+DnFbFiU44xkGlVSec4oOSeeDQBGck9aTHtTsUYoAb9RS4GKXFFADDhe9JwRgcYp2MmmkYOTQBFjHTv1pAo71PjjB70wqR2oAjCgkcUmBjpmpeSBjtSdz7UAQEDuKaR3qUg9RTCCDUtAN+tLj0pVXBOTnNOxzmkVyjDx04pvXrzUhGaaBjpzSKGge1HTpS5xkik7AjvQFhpBGcd6AKf90jFIRyRQAz5TyeaMLzRntSfPyccUAIeenSmD7xqXAzmkGc/WgCMdPXNJjA4NTYGMUmOMjpQBDgEdcU3AA65qTGefWmEMOnrQADle2BTeRznpShVxkjn2qPb1FACk/McUnGcY/GjAPBpeeu32oASm4p34UvaosBHtxTSP8AOakPtTCc8ZpAJijHpRuFGfbFBoMIz14pnQ0/OenH1o2+vP0oATjr1oxzj0p3b60mOcY/GgBhHQetBzznnNKfXNGB2oAio+7SuQoyarGYuSsSMxAz6D86pzSNYQJWYAgY605kUJnJJbpVIG5JGHCDuMZqR4zklpGIb07Vm5Poa+yiuoGLcfulSP4hSB5Y+d6MvOexqE2lsWBKM5x3biopbGHyW8tcuQcDtUj0LcU6zDEcit6gHOKnPvWJ9ksryJJdskTdzGxBB75qYWs2M297KmzhQ5ypI9aTm+pryR7mg7KW4PA9qj/5bRrnGQeT1qrJNqCIguAso7lRg0wXRNwg8phtXqORzU+1I+ru+juagIx9KcWwuTziq0c9s/CSgn6Ec0pZh90cDv2qnWSQvq8r6kjvgZIwo5z7VkQ/8TW8AiOLaNgG98ntSyST3TiSY7bRCQ3qfp7Va0u5sztNu2RvyoA4ODXJXxCaO6lhbLmPrTwJoFvL4muPsn7uGHZkZznJ/wD11478etZe98fNYJOJrXToo4WAGPLcZZgTgZ+9nPPWvoP4WRSjXNRNxGyFGjADcHAzk/y/Ovl7x0rjxtrxkHmPNe3BY9f4yB+Qr8nyZxq53Np7H6dmvNSymGm5zIJdcZDRuO3Q4IPBqj4msba78m1gXy5pwHVgOflrTi0yWISzxv8AubYeZ5Z+nOBWXq0xnurC9gYmJU256fIeh/Ov0ybufnijb3jk0juYLpYoLyRJiAJQ53jcOnFejaZd3cvh3UtPv0WaSzIvImROfL+VJufT7p6eufbhtciETR6tHjcp2yjPUdm/Dp+Vd74M1GNdSsrpJAbe9HkOTjGyXAO7PQBsE/SlFWVgrvmSkYSTxXKK8TbG68nk5qfxN4qFlJp+l3UB+zlA4mHVCxwy4x0HBPPpxVfXNPg0u8udM3COSMkED26EYxjPWuN8Y2d1qdpp9/GzKbQDOBktnAYEn2Ap4mq1C8ScNQTdpHYmeIS+WmSMZB6gg9OlTe9cPp1vMgg+z3bsm37pPVfTHbFd1bwvLYyz28gmMXIUkAkZweSa6cJj1NWluY4rBcj90hkAZwOxBFZZuGS3SA/8fLPswOm3nn6AVpCRZpViGQxGdtcjeS3M2vmS1G22t/8AR2I7tk7jj8cfhWWNxSjsaYDDud10NMrDLOqyZe2iYEqP7+OtajKglhiV9zMCce1aVstvDHHHFEhI9sk1n2s0Fxe3aPGEntflR05yT61zKpUettDrdOHfUu4+TGcjP547UuqWsOYpbV8NGFII7L1KmnRuWAbZ83oKJZo4zGruqtMSAp713SqaI8/2buzPvFSS2ZSPmZlKk/rV5o9smXkUkcgD0x0rKmeQpLaMdjK4x7L1q+rqSGA56VrRb5tRVYpQuWGtzcJlXRCPU8n6VQtt6pJBNkvAdp4zkdQc+4q0xx3warTzeVPbO3zQyHy3XPGW6Gt5px1Rz03fQkXLfOeARgU9QduD0NXFhEnMRAHZTVfZ/EuTg1vTZnUgMPPNB9Pek2jk4zg0vJFNLUhjc/MT604KCpHpTCvPTFSL0PqaaWomRqMLgd6T2HenLknqMe9KVyc4H4GlYycRBgrnNJg59B1oOfqKZvBOxBnFFx8jA8YLYGM9aYJEYYLbR604pk5Lc80o6AEBvqKsgaHUDG6mA85VuamKjkMPypnlrnODn1HagBTvADMD19KUklSeRz3qII8eRDIS2c4fmkEoZtspCEnucc0+cb8iQgc5yKUYwTS87sDjPrR2wasTG/L6c08DjNKM5wPSmtnjvntQAgyeelIRnPrRwMnpinHpk9DQAwg7hTQDjPpT8AYpp4I96BNCdT9KUg5ApQCBkUvJGfSggbTeO9O47UlACAHtR060/b60mQOlABzikz09KXBHPak5/h4FNMaYo+uc0nPGO9LgnjtQRVlhnjb1puO3TFOx29aaTzt68UALyTjNAyRuJoA4xjmpCoHHagBnPWkxRjmj3x1oAQYJ57U0qCRjvT+O/alyBz2oAZjbSEfw09uuaMZGfWgBg688kUgjY5549KcFAPT8aQqGB7HrQAmMjnvQcHOR0qXYOw6UwKeTmgBhUHmgjs1P2Z6ilwMcCgCADtmnADHWn4PT0p2O/agCM54XNNXbwvU+tPI5yD+NAzgE8igBCqg8UwZyTTnHFNw2eK0APrRTtv8Ae4pSMnigCPIB4pP6ineuBTthGG9qAI9o3H0pQBnn0qQcjHekKjqO1ADAPU9KQnvTwM9BikAOcUAMIyMGkC4Xp0qbYM0AHHWgBmM0dadijjjFADcUtP7Yo9qAI+fr/jS8YG78aTsT6Gg4I6e9ADSO1N9lqTkt9aTbkKfegBuO1O2HrTwOcU4jNAELArhj0/OmEZPGalIzwAeKc3YmgCBVPGfWn7M44xxTuM+v0pV6cn86AEwFX5utMbG4bakAP1oxj60AIAHOCaTockYzSn3H5UHgBhzQAyQZ+6aaQGO6pPmxTWwT060DuLuxgAUd+RSEDAIpMAk4FBXMOzzxSE5GF49aB3OM07aMfNxigOZjQPTmjGaeMUvB60GpBnGBt4pf4vQUrZD4Q/L3pSB1PNaBzkZJPfkU3nqeaeEHpilKA+1AERBJI60u0nAPBFSBe2aGHQCgCIgg8ikP0qTB9aTbQTdjQB9KQgdCalGfSmlRQF2MIz0FJz26CnY9uaMelBIwe3Ioxxg8U/AoxzQAwrkcfnQo9KlGFPFNKjqfmz6VlJstCE8dPzqPGevNSYPJ7DtUTHsO/apSuM//1/qQ0Y7VJt7Uu01/S6P5xluMxxSHPepQO5pSM0mySCkwKftpMGpIYzaKVelLRTQhjc1CUx3qxxTSMdqsCLFBA96lx6CjbQBW20xgT9KtY56VG4xz3ppiaIKTAp2DRg1qpECFQKjYelS4OKbsJ7frVAQYOeBml2n0xUu0fSjaPrQBFtNJj1qSilcCPrTCMVKR3FN60NAR0U7bRtqbAM2g9OtMqQg4phBqoy6MBKAMUUVbQBTHHFPoosBARzSDgYqVgM03HFSA0gntUZBFT4NIRmmmBVI4zUYHNWWFMKjtVmLiyLA9aaVB71JjNG32oFYr45GKYeCQasY4IFROO1WmS4kOM9KMetSY9eKMenNMgQjHINNPPapAABTOp4oNCvTSD2qQjvTa0GyLuaUjPOKeB680hHpQIgYAkU0DGalK9DTQDzQBHRUlFACYB5pCvYU/kU3gc1mBCRg1GQR1qcjPNJtq7gVzmgLzzU+w54FGxs80wK3Gc5pMY6VPsOfpTNhx6UrANAPemAdfepiMUjLUCaKxTHSm49atbQRzxUbIB71s0MgoxmnlfejAPSpsBHijApaXjvQBHg4yaaEA5qQnjbQRzjrQZjCMHpSHJGDTiuSO1HGSKAIqr1YppUE00wIAOpFG3GQKftJyBRtPJqwI9pHXimgD60/GMEmjBwBQBCVYDPamjkc1KVHQmlI/EUAR4x977ppvI4P4GpD6n8qXbnr+VAEHHrzSD3qQ9eaQg468UGkZ9yMgCmcZqQgU3AoNLjAACTz/AEo4HNOKnI5pCcEjFAB60zHUetPHrTf4qCWxvGPcUxgc89qkA5IP60hBIJNAJiYzz0pNop4HrScjtU3JISB0zSgY6ipMg8EUEYoAhwcn6VCynirZAyf9qmkDH+7RYCt+HWoyDn5uKnIJJ4qMpnlutbGgzoQAaRjjPrmnBcNg0pGA3pQBGTk00c1JtB25pu055ouOwlNZd3epCOaYaBWEKEd6DkdeadszzupdoPGM1kRYi459KQrlcg5p23GT+lBUgDHFANWIyOQe1M2kkjvUuzPtTcdR3q0xpkePzHWk9sU/g8Y5pvaqKGHk4pACOtScg0ZHSkA0g9qaRkE9MU7DNgdKRl/GlY05xuc4waOM9aAD60Z4PNSAmPxo70AfjS4x2oAa2QeRkUmCQCccU8gdMZppyR0oAbkc0ZHFGBzRgUAN6D8aY1SMOOKbg5oAYRime2eakJHpzTdue3PegBmB2FOqTaI18wkADqWOABXn2ufFHwl4feRJLn7ZJGQGW32sq/ViQPwGa4sXjqVJe+zvwuX1avwK53vl80/y9q7q+Y9a/aFkR1j0m1jj67mZWkz6YwQK4e6+N3iLUgonQhRnARzHkn12jmvnsRxZRjpBXPoMNwliJ25mkj7Mlkt0+aaZYlqjFcQyo7jOFJA75x3FfINp8VpGRo9X08Mh5LxOd4H0fIP5int8TZdOmD6Q0MinqJAwcf8AfLj+VePV4zl0ge1T4Gj1kfXcV1ayPsEoBHY8Vd65P4V8s23xnIRJru3RefmwxOfzBI/WvT9O+IWmXsKTyNJbxv0YbXUfXaSf0qKPG6X8SBdTgVr4JHqNAKjoT75pdHutK1238vTdRhvJ4wWKoy7guf7vXv1xVi5hMMuxhz3r6PA8UYSvpzWfmfNY7hnE0XqrohbBwQOKiOSD6USsyEDyHI9e1RGQ4P7omvaVeD+F3PDlh5rdD+lRM+OT17UjSbU3iJjVSNn3GWaNwTwMjoK19ougKi1uTujSYL8g9B70kiv8qqMMRgD0FRSTxKoZmYDPPtVeERMWmaUs78D2FZzmbRp/aNDYEwFzj3xT+uAelVV8rORLwOeoqUGQDKSD0+bnrVxZDgPPU7V4FIccbTjFMPnHChxzSHzyCOGNAciK8uYJXulH7t8bx2B9ac00MZILblOOV5HNVL24mt7cnYCeAR1HNRKfsREEi7Y5CMH0Y9qx5+hsqfulia6s0jwzur+hXjHrTYZLYyM4lB2429ic+1Ks+6aTYPm29xx+FUZ7mPT4vtEmzMp2jdzgn0rKq38jooQj13OkTULK4cR3tvFOijazfdbHsw5BrGvXsDcPLpwkjtYR8+88E+inOSPrWUtxaXUUlubctIQcKPl5Pckdq5fW/F1j4ftm0OVEM4CuxWTJ/wB0rjqa8TH5gqUW2z2cJgHVlaxsWl6NRna4aCSS1hJCqvAOfUirUVpo8JjvLG4lsZFfc0c/zRtsOcYXnFeb6T49tFRLR8Q78soJ2DJ4AY9PxrXi8R28N2ya1Hy+TuLBU29OCP5V8hiM3bi5XPr8Pk1krI/VvTvs155niW3t0sHlVQ0CkkA4BJB4yMH0r5A1+EL411O+u0H2NJ523gAgt5rADn6ivra1FnqXgjTrrRWMkLx26ISSSw8lTknjOeO1fDnjq0ubue6sLS6cxyTuXUM23O48HHocV+c8EY2r/aNbl1bPr+LMJD+z4c+lgnczMcZAPH51j6hDEkmn2x4LiRFGcfdA/lXI20euQKtrJCtysJOWMpBQepBHPtWhdaZp97pEDzWkkZSeQA5OMkA5B6c4H4iv3ipifI/HfYxfwsknkELtZPGJMgjpnr1Fc3pt9daVcPo9ogMMjGRGc4K8YK+1W3itZphprO8MmP8AWk52jufrUfifQ9JtbVzpzyt5Kgl5D98gZJ+leXisdOJ6WFwkZaHfeK50ury01m2iXN9bB5k3ZCyp8rKp9Og/CuZN1eKYH8sNaylgy9fofxFV/D6S6zoDi3Uwvp8YYDswdsEgnsDzWuujm50CKdHYyxMwcdl9/p0rk/tWUt3Y7f7OXY5aJIbO/iihIS3m3mMEnKup/QH0rcsrmCO4lSD5XQ/vkOODgcr7VVj8JNrkTQRSpK0TElixyPUfU1hJob2V3Fp8ryWd2CAcsN5DdMeteVUz5Uqu56dLInVpHW63cRWaPqMcnlmKJip98cD+lY/hKYmwa6nTYbt9yMf4g3U/nxXIeIL248oaa8u9Xl2s/qqmvQIxaWemxW5P+jBSEHcZ9Pxr08Bm0cXVu3seXicqlhqDXcvPeC1R1f5ZIwdv+1nuKhsVeC8y6gPdR+b+XFY14bqIx3c7eaF4Xj7q9cH8K6Bmgklsb2Fz5TqQD6D0r7GjI+XqQcY37mtb4lWSI5LKvyHsWrMu44NS024E0e8LG7jn5ldfcdKuwty7A9GG36jvgelWri1uFtpNSjIEL5WTjgP2Jx61lidFzDwe/KcC97dreWAceYZUxn++G7n3FdHp1ytxY/aQeUdo2TnKlPWuBdmvA8cQaKbTXLkgZwAf4fpXUW2q6e5+06ehK3ZBkTGMOeCfrXHSzH37HqYnL7wOh3DaWPU8DNUrgB1aOY9RuHsR0NSOHj2IzjEn3BnPPcU5U2FyyDpx3r1ViVNWR48cLyasZaXXn28bs2CDgj0I9K2I5raUMs0mw4ypA7+9ZEI8uXZGF2zDcMjoe+KtpIMFDEG9SK0hUfKZVYakzRsnyseT3HINQsShGRgn9akMYZSwGAg9egqoRcKC3mCVcdD1FbQrIwlQ6ljgv6cUikjOATjiokckDPXParyRb1JZgFHBwea29rHuSqciqo65GBSt0z/CO9WjEOgDH3wapG3urh/lhkEI4GEPzGsvrEe4/q8+wwOJOY8hR1J7/SpEVBwO1WmgMY2n5COg7UwxkfKyFcUo1YvqE6EiIhT2xSbTx6VJgeuaOccDFdUGc0qViJiBkUgJ79KcFVTg8mmEN1qzJoCAeQKjkiVs+Yu4VZGGx9KMcbeuKB8pRA8rbnJjyOnUVOOASh3KfzxTsEcg+9R7WjYsvQ8nFBJLkFvwp44wQMfWmAkKc8HPH0qTbkH1q7jluQkEdPXnNGeDUhXoPfmmjAzlcgnii4hMEjK4xRhv4sYp+wd16dhSkD7200yGiPA+9QVPbinHAOTzmgccetAWGEEHoKZt3YIFS4yMdKQjGT3oCxGSBkGl4GCO9P5470DPU80BYjJyeeBSBckkHipvlyd449KaQOuM0CGAYHXilwc5HSlGc8859KeMYyOK0NBlGAKKCvrQAynAE8Z6UEY+XGacpHcYoATr+FHpjpR656Ue57UAI1M6c085xzTCDigBc98YzTDjIx0qQZGB1pMYzmgBDuxjOaACeDSfd5FLznnoaADNFFHTrQAc4pFyucU4DmjoTQAnH50f+g0Z5z60e3YUAL8uMYqPGP6U+kC+poAYc96bgnoKlwaXGe9NMCL60tKMZAPrSD244NWAuOOOppOuMc0g5OM4wKcAcZoAaQO3HNGRjjvT8Yw3c0hCjHPWgBmOKFGetPHr2pxGaAGAAHNGBmnkDFJgdqAGkDPXNMKe5FSfpTsHPrQBHgrSNxyKlHpTSvegCL/JoHNPznoKXp0oAYBjO6mnPUcCpSB0xyaaFxknk+lAAP8A69OHf86T3pR3oAZuB46HNLt/2xnOelPx9PypOelACdckcewo6dOaXkZxzSYA+VuD7UANwD0yDS4Iz3FOIz34oHfjigCNacQVxmnYxxSEZoAZjdyO1J39akJ6Keopg4G3rxQAm3svagdcCpAuQAe1L69jQAmMU0jHXmkJYHnmpCVxQBGcZ4puOeead1+7SZx1pWATovAzTaeeRgHFOYD5SF27Vxxzk+taJlpkeSaTJpQCTTwtMdxnzZx3NOUDhD1NO60wjoR1rMnmEKkZOOKjxzjqakYMQVz1puM85zitChNnY96TZjqaePu49KbkEdKAG0g64NOIxSYzQAAdgKTPcD2P0pWByDk4o/PJoAbgYwOaAuBjHNLn8qOB64rMaG7SBSNjGGFHy9VJ/Gk5HK1mWf/Q+rM57YpQce9P29+tJtHpX9Jx2P5we40nNITin7RSbTTENKg81GRUu3PPQ0m2gLEO00mDUwWlxTQWKxBpQCalIpuBVhYZRUmM00j0oIaGY5zTGHNSUhANIRAVFNwKlI9aaVpgQkZNBGanCDvQFHpTZmysAaMelTlMU0qKLBYgwKaRUpBpvNFh2GYNNIzUxGKbgGkIgoqTHak210ARtyOaYAKewNN2mpaAQr6U0+9TEU0+/NFgI8etNOAcA1KQO1RGjmYCE88U09KeQKABzS5gExkdKaBg8CpCozTioxRzgV9pJ4phBFT4qI8mrAiwfSkwaeBTitaAQkVEykmpyDzSEdKaYEHljuaNgqYgdqbxRcwISmaTbxxU1R0JsLFYio2GKsFajIzWqZTRXFLUhWjpVE2IeATTc9am2kk0wrgUBYj/AApNvvT9vvS/hQKw3HSmnn3p+eCcUEA+1KwJMiAOKMZ61IBikIFSwI8EUoNSU0qKQEbe/Wm8U4oaaENACEZFRnmpiMVGetOwXGk4NRFiRUgBzSEDFVcmxBt4pNuBUmOaefStLFEIUUxs+lShTQV9aLAV8kUoJ6mpWUY4FR4PWpaFYTcaZ81SEUmKQWID60N61IY+OaRhyRmggjwaMHvTx6ZpcHvQAzHHSoivqcVMxB4BzTCVJyaAGAY680xl9OlPOeSDmkCk5zQAwgikwetT4BFMZASvOMfrQBGQMc96YQc49KlI4+lNP86AIGAIGKYRzUoGRTWwDWgDdvAqMCpSc0hXigdyMgHAqMjkHoRUu0ZxnpSbM85oGmL3yaNvHFO5PAHSgjdz6VDRJBjHA4pCM9KmKjrmmdetFh3Y0AgetNyR90YNSEenNNwfpSC4ymHuretP+lFNMsjKbucEe9N24BByfepucc80hVRTAqdyPSjFTFRnNID74pWAixTStTUm2mmaRkRMMjjrTakHJxTT04qjQiIxSVJTMVDQCY9+aToOaftJ4GOKNv8Ad6UJiauRNwcCkwO9SY28DvSbQTVGTjYh2n1o2in/AFNIcgZo5mK40gZpOnbNKfpScfnT5mFxmTnmkA9accE8UAenpVNmqQ2mleRTqU571JQzbzkcUmOcHmnDOeaKAGlfQYowB2px/Kg8jpmgCI57j6U0fT61LkdDTHTAyDQAwjNKOKQK34VKqk8Y/GoCxHtz1rB8S+J9F8J2YuNVlBkkBMUSsAz4+p6Vznj/AMf2Pg+3Nja7bnVp1+SM8iNf78ncdsDvXxH4s8Wanrd3I8t09zMWO+Vz3zyFHQD2FfL5zxFGlenS1kfVZNw7KtapU0id948+LuravdMkL+RCoIjjiOFQH36s3AyTx6AV4nJqF3fSGSctIOw711fgn4deIfHt+yWi+RZxMPOuZB8iqfQfxMew/UV9geF/hL4K8G263Itl1DUIgCbicB/mGOVVhheRkdxzzXzWGyzEYuXtKjsu59RiM0w+DXIlr2R8faT4I8ba5IkemaJcMJASrOuxCB3LNgAfWvSLb4B+OpEDSyWsTHovmsx/RK+wLZXVS0g2s/OBVrLivoaPDGHj8Wp4FTi+ve1NWPjO9+A3j61XdbrDd8ZxHN69vnC15lqGiavoOpPp2t2bWVynaQYB9wehH0zX6NeYaz9Y0XR/ENkdO1y0jvLdjna45BHdWHKn3BFc+L4Uozi/ZuzOzL+NK1OS9sro/POXTj5e8/Lu74yufrS2F7f6TN+5lKg9gcg+xHQ/jX0rrfwguNIma98LSvfWo5a2l5mX2XAAce3B+tcZa+D2vVmn8OyKL+MES2Fwg2N8wDDk8c9iO2OK/Os2y+thHapHTufpGV5lQxavSlr2OT0vVUmuxdW92dJ1BTmOSNmjUk9cOpypPp36V9HeDvid45ttPu5Nd0yLX7OyQPMQwjukjP8Ay04B3qB1O3I6sQOa+ddX0W+8PuLrV9Clhtd2ZkQNgZ6tESNoweRzjsDitvRNZ1DQ7y0uNF1Eywqx+zzjhgjDmN1Pb1U9Pbt87UnzL3Hqez7BXcZq596eAb/wh4+sntPCtx5l4jeY1lcEJMhwAdu4nIwM5BI9a1/HOi2GmpDNpenmzUZWXBYkE4xuU/d78jrXx1pui3mmzRalpYeyunkDRPC5jKt1xFICMfTNfWvw3+Pl9PLH4f8Ailpya5p8pEX2spsu4M8MWwPnGOu3a3HU1pgeJ8ThJqXNdLoefj+GsPiINKNmcLY2T6xqcOmQTLF5rbTI7bY1z3Y84A71t6j4c1bSrl7C5iM00XGIh5m4diuOcEc9M+or6w034O+FvFGnw+MvhNqcSSpK0kcVxgqSnVSOHB9m/MZrwfX9Z1Tw9rt4/iXRobW9LAhIA1tEhHBMSYYYYjPPf05FfpmScaU8W7Rdn2PzfNODqtB3WqPGbuJ5Ge0miZSM7lYFSCvqDyMe9OSZpWKOoDoSCCOlfUFj8WfCEnhaOwurCX7fcACdJhFcQSAHg/OR6bh8vB/DE+peH/gVrOnHXrXVILK9hi3z2gie1ZzuPKbsxFsH+EE/Tt77zmUHepB2PFllaa5VLU+XjHEU+aNH/CmCKHtHtr6fX4AJrOnf214X1JZbOdGaMO0bjIJBUtEcgjHdK87vvgl8QLedbews0vwy7g8MqhQf7p83yyD9RXfQzzDT62fmclXKa0fh1PI/Lj+b5iKb844Rs49ata3p+veH7wafqVjJHcAjdE8bK2D0I9jjr0rMRrq4zE8RtiDyD97FehHFQavFnJLC1I7opar5kUU0cuyRJFGc8Yx6VRiu7loo4zaFkcfI2eMDjIFamqWcP2SPq2SASeaxrZZ4YZYZXykD/u+OQDzXLOep00+Xlt1Kz3dtPfpY38rRnoGI2k45wT6+9V9evNEsLdo5C0wRT5Z6nf8Aw1ovBBrd7DFdjbG6EB8/Mu0+v1rg/HHhi/htZG06YSPE0bLJuA3BDyGzx/8Aqry8biuSLdz1sDheeSRneIPFZ06whg+z3VhqE2D5juFVkHXAHzV51YzWmo6lnULmOBpP+Wkh+8xPT1qfxBN4ekZpvEN5O08KnEdsgZmPUDLfKBxjn864yDxTpd4gh07ThDPtCq9wQ7qfUds/hX5lmmZyqVLp6H6NluAjThseoweG5dXuNixJvgZvmDDDAcZwT0NSN4T1i3vPLe3BtWYfN5i4Ud8DOcfhXmNzqurzsitORMD2wufY7e1dloOswXMUelazuhSRwI5FXPzHjB74J9q8meL5ly3PWVN/ZR+vnwu1a2b4H+F54gMwiONyD/Ekew5PtivjjxrJYeG/iPeJdTkjXGDggYWOdzwpPcH198ds19B/BG+H/Ct5/Dk25jHdvJubsXCEkenIP4H1r5R+OFrdy+I59MnIa63v5EYYAERjcqg+rZ4r47hbHrD5rOR7vEWEdbL4qx084jt7mEGLekvyyVtx3lpa6Y/mQIyJ0RhkZPFeJ+GvG2o69pM7yyIktmQjl/vtgZBLHrn+ldj4e1QeJNP1PRZXSG7ZVMbNnacH15xg4r9kqcV4ZvlPy6lwrVgnNErNJeyXNwqxRKCMKowABxwK1b6S6bwbDdmAOkF0YZHTk42hhx1wS1YcFkzaXEvlkSR5yynjPAIIrdF6dO0q70rUYSkVzHHIGzkKV/TJFGPxKdNTT3HhMP8AvGrbGDo3iO40y+jNoqb2QgxSISrqe3BHPpzTdR8Y3m26stIj8lpVJZSAwG84IGO2DVLVLOKfSV1O2mRxbBtytwQO3PUk9BmqnhS2jv8AUZ4Lm4jgW6gYAy8KWUggZ6A8E185PHpvlZ9FTwenMd74DljgsLiS42b5z97HIwBXa6fpOieM9e07RBpzarqcsmIBC6wzsUBYqsjAgcA4ByM9icV4fFqEtpnym+SM5de7KOoHocVq6bqWp2V7ZazpU7WV3bTJNbup+aKSNtyNnvgiuh4GlOm3szL63VU+XoavjvSPDutfEyPS/DqXllJp9sPtCX0SiX7VESCGCbc8becfhjgc3ommXviPVzpWjXVut8GZRb3EyxLLg87N4xng+lXLzxprvjPx1rfj68MZ1OWYK7QLtQFFCZCnIwQvTpVPx3o+n6lbp4g0ny1guxxCvLQSLgSIx/3jkex4AGK8fBVfZXadmdlekp7mjP4U8aaLfXVve6eyS27KTGrrOp3DIK+WzZBBHIz6HkGqTieCdLqK3kBGPMhdSuDj0I964O0i1nSrdL3RryWSAbvNiR2WRMdSu09cfQ/WrNt4wnuplhGqz/uiSBI5JH167q+ywGb1Y002z5vF5TCUrLU9Psrma4j2i2MUq/eR8gj36Cu28MZvZZtAnhyt6p24IGHAz39R/IVwWmeMpY0NlqkaSyqBtcDn8fr+FdzpPiazieP7Rp6eep4mSQpu9OoOP1r6eOaRq0fM+ZllbpVeZbHz7dRjRPG13BfPJGyufJyDyhYr84OOeMHjqDVu1mXSr27aOHfDNkoo7MORj/61Z/xg1/7R4gk8RW1sFjhVUdN2SCCc84Gck5rU8OeItJ17RZIwzSWxyY3TAmglGPvDnjsQe3IPQ1+WZrndWnXfI9j9IwGVU5UVzrc7fSLT+2tKh1BYnS4GQ8TfLyO6Z5I9OnNRwXDSxyfZ38x1Yh42Pzg9x61yel+MNZ0bMWpj+07NSNp+7NAc44bHzLg9D7ciu00+RNZa7vtFlifUI0LKhI3NxwCD0PbPTPery3jWpTq2rvQxzHheM4fuVZmZcarYRW0UsrNBLHIDtdSMgdQCa1U1KyucNaSeYh5BXvXWeG/BPiDx7pTTXmlNplk2Uke5Hl7ivUorLk9epAGeAa7vw58LvBegpFZXUjXt2flBnKhF3HAwoHYep96+2rcfYOnC8ZXZ8jHhDEVJWkrHl1sk0lvOfIdeB1HX6V1WmeBNWvoPtNyGtY2GUJ/jBr34WvgDwrdR2t9JDduiZ2BGkCHoNygMpPXg/XHSsjWdX1LVL6zs9Ks/JguWVUlkRoYkB/iPHCgcn+VfJ4/xHlJ2pKx72D4FUV+8dzy9vBdrpjLIW2HHzFf4vrmornTtNtYzLa26lyctgDJNdp8U/CviPw9eLpels/iUBEfz9JRpVB5DDdxyD+YORXl0esaxo4Xd4S1mW4UZLXdrMoz7bFbI/wA5NeVDjWq95nrf6p0baIjlu9S37PsTJH1XaCB+lWZbzUNim4kmT+7y2K4O8+JmpXF0XGkpDGMb0LOr/gWUYz7qa7TS/iz4Og0uOPV90c4f5oLiIv2HIZQQRnOM4PsK9OjxfU7HJX4YhYljmufNLrM+9+pboaqXOcASRh845Xr+YrqU+IPgfVYXhsrdWOBnahVR+Brl11extmLBNyMeAOR+Ve/geKm/iR4WL4dVvdZTMSsArHDOeOOOartbvGpz94HHXt+FbsNm+rI1zp8e1O+DnH1B6VnvHc2p2zKUwccjKkCvpsHxJSk7Xsz5nFZLUjujK8vHeo2Uc5NbjwBshcBvQVlyKBk9cdRX1eGxsai0Z4OIwcodCuOAPelx0pwXH4008V6BwEfQEdeaTH4UvOcHinY5x14oIaE/iwTncOKeM9ajbhVc/wAJ/nTwAeAc0AxG6UAHI44/rTuGBwaMEEd+9AhxGevBpvXO3v1oyfzowCOTWgCbDjp1ppGPu81Jk/hSEDPBxQBEvJ57GpBjHPeheTig5IyO1ACAfhTW/KpKawoAZyDnqaXJGaUnjkUck8DFAWGjccYPFKuMHmlCjHpScbfloCwmOKTbTvaimmTcaRjkU3DHOMYHPNSUmcg1ZREGJAB61KME89fSmgMcDH1p20k8Djv9aAGnjqaQe9KcHtQM+lADee4pxG48UAHPPQ0/B29aAISGIIPApNgPen45x1FL156UAJjsKOO9GSetFACkFiNnRaYT+dTEHG4cVHtySDQBGDycjoaXvingYNGOvr2oAKMUfWjNADCMfWmnA571JgAeppuCOvNACdPrRwOKXB6noaXavQ00wGYOcnpSAYHzdfan7SO/FJyTzxVgJgdAc+1JgjnpS5I5bByccUCgA68DjFLjnOelKOvvRjsBmgBAN2QKUZwScZFL0/Cm5oABk/NxQcUY9DijODkgGgAzmgjIox3oBoAjAwWFIR3qTaST60D5gKAGeuKMnjIp+1eKTB5C0ANOP931o45OetO2kcZzSYOATzn0oABxTx2pu096UD86ADH96k6fMvPalz2PU0e1ADcCkPOSOcU/qfTFJjsOaAGE5wTTiOxP9KYSvTpUm0de1ADcAnNNweQTzT8bscUv0HNADRR6kminhcUAMxwCATSFc5NPxg4yeacccAcYoAgAx97nPTFKQAKm4BOOc0wqCeOaAGngDHegjaRnnNO255NLwOKAIsc5xSYNS4OKULzQBEFOKUKOhGak2t1Xn9Kb/ESKAEIGeBxUJTnI5qzjj0NNbkfTrWhfMiHODyKYcnHp6VNjPbnrQBnBx1oC6IW3bQSOlIB69+lWG9KjI9O1AxvsaKKKAGEDqeKTPHTinsBjFRg8FQKVhoDnsBimZC/MKcQAMDrTDwPl5NHKiz//0frBcgn3qQnpVZXAYDNWgQa/otTvsfznOLuGDSYqTmkPuK1MyLA7U1gM1MQO1JtHegCICnbeKfjFJVcxPMQYxQAafRTTKIzmmlc81PTSuapMGVzTSD1GamK00ZFWZkHJ7Uu05zUuARilK4HrQBD60Y74qTbxTdvpQBFjBppHpUuBTCO1AERAHvTSp69Km4FLjvQBVwTTsVLtPOabgUXMyLAowakwB0FNpqVgIGBzuA4qMjrtFWHGRxxTCM4rXmQDCMgDHNNwd3Sp+OR0pnOOaOZAREdqjIqYgCo/wptARFSOaMEc5qXbSEc+tTYCPFG0Z5NOIpu054pAKRjpUeO9OorZgRjr0pepAFL36UfhRyMCJuKawHepTkjikKgjmnygQ7aMGpNppmBTAYVA71EQKn2j1puAKaYERHAwaaQuQRzUnGcCm/L/AAii5zsQqRyRmmEHk4qYAdB170YXBHbNCYFU8dO9IVqYrTMVZ0FcrjmjOe9TbRt+XjnvTCpK0GDRGfamVJRt9qBEZx9KCARTiAc54pSAAMUAVSAOlNPtU+D3puCOtaAyOipKKzsFyE80mPyqQg0057UANI9OtR7Se1SHjrzTQR/DQBHg9PSnc9akx3pDj86AK7KOopu3NTlaTBxxTuBCVIqMjnNWevBqNoz25oAiYE9KTHTFSbcHHem7cU2gIT3pCM9KmK4PsKQgHpxV2Ai4xRTyKb9aQDNo60hXPWpMEUlAEZUDpTDu7VMeRimleaCWiLFFPNMJFBIHpURqTtTKAEIAGMU35cDAzShmzgqM0EjrtA+lVygMwDyBUe3g4OfanlmJyB0pp+bnpRygV6B7VLt9qNvtVARA89eaO3HFOCj0yadhcc+tAyFs5HGaTBGd3epsdcHrTTnj1FA7iDkCmtkg1Ieg4wabzUMkj5AyaBgHHWg5B54zSnHfkmkaDcYNNYZNSbBxSFBQBFtz0pu0EEHgin7SKKdwIyKYV96mOMc0w/TrVAQsoJHbH60mB83apSpJxwf6UMvtUsCAcYppXvUuB1pcZ4pvcGQbffmjdkYqXvk0mByD26UmdBERTSCPpUnK8E0zjHJpAMIGelIVB71LtFN25HWquZ8hEQOxo2nHSn45wBSilcPZlcjA5owccVLt9aae4FPlNBhBA5pnNSn0qMjmjlAbQBS+nFHf2qgE+tJilooASoHIXknI9KnqJ89lqGBF5gUGU/IijJJ9q8z8d+P5PDuhtPp7ILyY7bcP1LHqVX/ZGTk8CvQ9WvbLR9Kn1HVJRHbRLlmI4GeB+Zr4P8X+KJdd1m51iRcx5ZLePH3I84UY55PU+5r5fiDMJUYckHqz63hvK4V6nPNaI5rXdXvTOQ8rXGoXbbpHJ3Md3b616d4W+EOoMbf+3Lci7vCNsTjcsaZwWZfXqT6CvRvhD8LY9JjTxf4ni8y+mAe3hfnygeQ59WPb0+vT3K1ti9w9/IMSScD0CntXl5TkTn+8rbs9nOeIFD9zh9EhND0HTfDulQaXpkWy3hHHTcWPVicck1ZnzNNHH2B3MPYd6t46KT+VVkUmaZwc4AUf1r7ONNRSjHZHwdeq5y5pbj0QsSxOewqRkIIDcUqABAx781I2M+4quUxIWXvTCOasbT3oIXvRygQ8n5ex61yfiPwdp+tTNqNm5sNVABW4jJAYr0Dgdc56jn6jiuwqOufE4SnWg4VFdHdhMVUozU6bszD+GniW0k1h/BvxGtljvWBW2uZFDcf3T081G57ZH0zt81+InwBuDrct14AcabLKjS/Y5QVtpJAf+WMuCBkc4PQ45Azj1LW9H03W7P7PqKhXj+aGYHbJE/Yo3UY6+n1rtvhb4xtbmaT4SfEkkXF8R/ZOqL913UAInzcBvx5PHUhj+KcV8K1cG3icJquqP23hfiiGLSw+Idpd+58s/CX4oXvhmW/8F/EbT2udPWX/AEqznXDqSQvmxE4KTRgcHIDDHIPzV9d+GvC/hDX0lhgvk1KCWXba3qgb0QorLHMBja4JIY4yeDgdB578bvgvqepSrqmjwx3d/pi5EiKFkmiXO+Igk5YdQOfYjJFfKfw/+I7eBtTudHv5JLeyuXEiSpvxnHAljH3l7ZAyDn3I/P3UWIg5R36n3cqfstJbH6O6FovjDwDrw1bQJ1YWatJsR96kfxKVIG7P9089xzXuUnjjwT8XY4tG8YaWdKKn9zdhldoXPYMVBVWPYgj19a+UvBnxT0jxNZto+o3sFvI/NteQSFvmH8JCt88eAckfd6tnqPZvHt/4Y0bSNL1I6dL4d8SFI4JoYh59pqELYLzhgT5bg889QcZbt4k6tWhNOGj7nVKlSqwWlzlfiz8Hta8G3TXnk/2jpRBZLmJS2xM9JNoG3A79D1HpXhsKxQbtpZV92P8AWvpvwh8V9e0wWtrYXAvrcH/j2kw6Mh6qpPK8enHtW1q3wz8B/FKwvNe+GrR6frlmxN5pcjbAGYZwqnhScHBGEPI4r9Q4Z4/2oY1fM/OeIuDHrWw33HyKl3eQNi3vNg+n9VOa7XQPiT470rdBDr9ykZCjYHLp8ucY8zdjrzjrXN6vo2o6Pfm11S1eznUZKSKVOCSAcHtxWSnlGSVMFmGMEdK/WoYejWSmrNH5m8XXpScJo96n+KPiYaI+mX9raaxb3TK5NxGPNGCGwpXaMZHcGuQn+IXgPVomtp/CtnbzYH7yKR4nUjv8qr+VcAJZ0QBsMg7d65HULaSVZ7/SlHmwOCytwHXHP4j6+tctbDxpe9E7KWL9s+VxNK6uYLac2yyedBMxKMeijPQnuadNoV7fGPULHZGqDy7lWcKCnXcAccrWLa3ul36fZ7uJTJ/s5+9jPboay3ui2o/Y3xHFKNqbySM4/XP0rgeZyWh2LKobk3iq21XwnZG6jtHYvGz27OjGKQrgkZUg8gjHbmvj3xb8QtT127QXFu8GGOIy7eUDnnEZ6e5zk+tfXniTWZdL0m2sr8PdWcTAgxSlNsbNh1AYYyQT1yBXgnjO80eS7WTw/wCabOVF3pdlZCrAAE7hgYJ59vpwPlc7zOopcstmfVZRlkLcy6HnFpqsWsbLbVo1tzjal1HkFT2DqfvD3yMfrVS88MatbsXmhEe0/LMjqQwzwRg5wfcVtW2iaTqDuDJAG/6ZTqu38Ca9Lt/DEF9pkOm3aExoAscikb4inGQ2COnX1r4vFYvU+soUDySPQ9UiK3e1mVBkyZzgDqcelbsrpMPtFlKs0BASRMYZGA4bnqP8+uO2tNA8T+HkmafN9a2rkrMqkhomxkEYyMdSDnHriuc1rw69vK81hDsWTlkXgfhXA8VHqz0o4aT2P0f/AGVXvdR+GBuZW89yW6tuctn368V4Z+1lpUtzfxazbpLFKv2eQb0Iz8rxvknsMLXQfsr+Ih4f8PJDeB40mvDBvxgqj9Cc/wAIZscV9LfGrwFP4j8Kalpc5VkWykljlTBZdgLjg9iVr4CtiPZY9zWx9XGhz4Xke5+XPgsSy6TdGMFzvLzIPvL/AFI4r1i0Zha2+qWOIJJbdwSDjDocEHnqcZrlPBek6JpUM+rNPPqVxKPKChPKjG3k7jnn0r0fw/aXE15GEtIbWOZHB80hk3Yzkj9OK+orYxSd0zyIZc1Fo0vDepS3iSWOo7IZRGGVw33gR7/XNdz4T+IFl4R1jzdQeO9sW2xzoQGkaMHnaemR6Hr6jrXiOrtPcvHJeJEixoIsQIVA2Z28ZPQHH0AFXdD8O2mraHd6hBdSCS0bDIQAQDgjn0I/lXr4fiGooeyeqPGnkkFPnsb+oeI/Cdj4hv7LS4G1HQZyyqjKY28psMAAejITgHjkZGOK57w3q1rosFxHPuuMtuTOOh4J6nB6etcdc6VqNsZTAQ6p/GRj+hqrYaVrsusRKWjMZUSM7txs7jAyc/UVKxU9y3haW0Tsb/xNpl3ceS0bW4k3AMCCT9as6XdXZm8lbrzokBIzgEAdPcVzGp6DesyXKiGW3DAg5IYnvha4y+nksL1fLi8sNwSSTj8Ogrf6/Ucbcxh9SpHs/gmVdD0ubV45C6zyOsyvjaRgDJz05PWvbvD3gnw1deD7nxDdaykE00TN/ZswCyMzY8lomz+8DdSAoKjqTkV8RJ4oOlSyIzSGJgN/9xscjPrXej4sWc39iatNeLp7WZ2pGhY7lQgHGc4JXj0P04rlnWq30ZUacIrY9Rm0/T9K19Y7VvLtrqLLqvrkjP6VzmqeDLHV3u7/AEh1kuoSHjRvkLIvPB/DjP4kdau3/jG78Zm2jiuUmKki3Q+VHkNjcAycZIHGe9VfsWui31Mx2sn2KwWNrl1ZDLAspwpGWGRnrjp1JFfVZbnMFH2cz57G5dPn9rTM+5W5SWG8kgMc0AWOZGwwKjkdMjnNdNp2qRSnyXjZB0APT6A1z0K6Yukqui6jJcyZLXCSqA2D0I47Hg4J+temaJ8P9SubG21Y3MLabKhfzi/lgDvuzyPyNei81hTerOeWB59zxD4k2EcF6padWhv14jHOCgAIPuRya8w+H/g7xzqPir+zfCFlcXZbc37tWCPGCBycYyM19y6d4e8FyXcdnpVnHr01qGmkvdQz9ntiuOc7QCOCQcYI5yQOPTNH8Z6X4ftW1ZJfMazcHbaxGOD5ccKX2Aqe5547V8Jm+ZXqOUOp9NgcNywSZ5/4O/Zn8VySx3/iy6NuflK28UZdjnqjF+MY9jXp994E+E3wt1OLUra2M+tRDcIVLTMGcdQpPlg9xnBHBHaqPiT4xP4m1C11b7fPpUNun/HlYys285zuMyhRnHGOw9ep4O68ejVZY7/7AtnbRO3mNJKZJJGJyMsQOeeetfNzm5O7PTVNrc9g0jxPf6/K629vJaQsMr5owT65zxXnfiHxxpekax5l8jahcRAARQEbT7Fzxz7An2rzLUdcn8ZXQ0rTL5iysd8YyFRTjB/+vWlaHwp4DR7vVm826hUN5t5IHwQR/qVCg8HHTJHrU3ZpZHpOjeL9QF691aaPb6ZK4J33AaeUA9hwhX8q3b3xfrU8BkN3hF4JMcYH4fLXyrqXxg8QTTXE2hWUDxyk4kuULMPoFYAY/GmaL8X3ggNv4pdnaZtuEjXKt+JVSp/MH1rtw2H52lU2JrRai3HVn0ha+Pryx2pGTMw/5abtv+NUrr4v+INPYRO7SEnjOGGD9ef1rkI/EB+wxXuk2VtqVq65WRk3MG7rjgqemQfxq5JpMGpQXOpeLbiPTRFEzxrHG0rHA4XCEY9e9fYYfhujVV6f5nytbN6lP+LoJqXjKXxEv2W+sisTEM42nB28jrUB1j4cNCYL+1aFwMcQA9fUjOR9a5KPUEl09JLYlRtAznP1Fc9PbwzZdzKVP3liAY/XFd0+C6yjeNznp8W0G7SZ18Ph3wLqG+40YuJAcnyyuz3+UKP0qlfWtz4fWHyH8+OYspBQKBjn7xzXHWmnWPnbtG1gx3MfzBX3RMT3+bj+VdTYeI9Y0ec2evhpLefpLjzFx3zx/IV5NXAYzCSvq0ejDEYfEfC0bcFybaVHmf7DKVzuDYHbjPQj2P5Vc1LVbgmIazGk1kBtM8A2uR6sCcZHtgHt6VDFbaDqcZk025Rg/WIsGRfoDyv0rA1OG602KSGPIgkOWQncv/AfTNVh86vNRlozLEZSrcy1Nu7gksNl7aN9rsZPuOpzgH+8aAyXEIdSCRkHHt6+9Z/h7U5oIylvJm3bOUPIB71Vu719Ovo3hUfZJyMOp3If7wODw3pX6Jk+f8q5ZPU+MzbJoy96KLpXB+lM471cVlvI5JbfDeXjI9j3NUx1NfqWXY6NandM/NsbgpUZ8shhI9fxpxOen+RTe9J1GcV6HMcckMnOYmYHO0E8fSnptdVKL1ANNkYNG4UYO0jn6UsQzDGM9FGcUuomvdJAKPXPNOxRjP41ZlYix82ad0OD3pxGRg9qTtx1oCw2j+dH160fzrQQUUUUAKFz/Fig0BgO2aG5oATpj3pMc5NL6c0AZPPagBcAjFMIIxipuCPekIxznigCD68e9FOxn/CnAYoIaI8YoFPPSmfSgQqjd04NG3IIzjNOBX72Oadjgg8VoaEIA6dKXcAAKkYFTxjFRHIOcUAKR09KUdaCc0KCRmgBAn9aCvOKeQaUjigCMrnNNPWpM4NNPBFAAfSkOM9aceDQQKAIuv8ASl245B+tPHPQcUFQOR1oAjx6Ud/lNPwT9aXBPpigCPdjPFJ3FS7flOOKCMrkdqAIz0HfBp3fOM0hBA3Dg0c4BB5oAb17fhQfmGAMGnE469KbkdqaYDSBnk5zScY+tSDqMjFNwfp7VYAF6HmndPak7dxzRhSMg0AGQxOTzSbeOeRTsHpnmjnpgUAMKjPJpOMg46VL0bikOcgY59aAGcjnFLx1pdueOhFHWgAPHJppGPcU7r8uKb16CgBMcUAelOINBHHFABgg44oCgDAHFLgcGl6ksB0oATGOKacc04EHaRQB2oAaeKSnEZNKPl5oAj6jHTBpc856UuBwfWgLwB15oAYQhOcU4jjilYKfuijFADSORuOKBxkmnYwCFFHoQM0AHy0nQc96M9uhpcc89qAEIwfrSA5GD2p/Ueho4HPegBvPUcmkJx7U/aeuaXoOFzQBHkdOtLjPtRz+dHspzmgApPqaOB15pQccY6UALgnA6Uzj/GncHJpCT2IoAM4GB1pjHPXNS8HjpUbcDIzWhmN5OCO1O/WgZ545pCcdOKAGHk89qQnkn1qQA7fm70H1NAEJU/fXmm1LsUt5ij5sYzTGBIxQdA3GajYYqcDtTWePJRjz2pNiZFgZH+c1H1HAwTUh4wAc5/Sm4O7r1qBn/9L6raI5Dgc4pis6Ha3JPetUxgjioGhOD9K/oVH86OoRpJyMnPvU4GRkdKz2jeM7kJYVJFMjYByParHyJluik3A9KXaTXQc1RBRRRQKxGQcUhFTEYppWhM0IeaUA9alwKTZk9afP0BkJHrTCAKsbabtHeqUiLEG30ppAzgdKnYYpgUdqvmENAx0qJutWNp7Um386fMBWHuKQg9xxUhGOvWgY70wI8Z5o68UuM89KOvGMUARlPemgHpipiMU3mgXKN2mmFB3qY1Ewz0p3CxDt96YQCevSpwnemlBTaJsQng8009fUVKV9qNpFKwWISOeKi2mrO2oyMCtxEZHFNOfpUmMdDSY5zQBFj86aR+dTkY+tMK/nSaAgJoBqTvSetQBHR1p2BjJoI59q29QG9BzTThqfgZx2ppAzxUOQEfPeg9Klxjmk6dqjnAhYZFREVYIqMjPNWmRKJFgYyKZUm00H6UzOxHRTtp9KNpoCwwj0pmOcGpiO4ptaG5EQMEE9KYwBqQ9OlJjqAOtNMCDH92kI9anwAOaaQD0qrmDIiuQTimFTgCrJGR1ppHGMU7iRV20mBUuKTFBmRYFNxUvy036UARYFGB0xT8HtSfWqK5iMjFM2k8mpSKbg1JRGVPTNJz6VJz6UuD60AQnpQOlLRQAzBNGMcVIRikIoArleeKaVx1qxtpMe2adwICophQE9cYqwR6d6btHfrSAgxR+NWOOlRnn6UC1IiMVGw71NjFRE5NAxtFHSlAzWgDcZOaYSCMVLjio8dT60AQgDb7UgTPQ1JtwME04KvUmgzIvmxgj8qQ5528YqVlHY00nGQO1AEBGRmlA6N3qQ8jjimnBODQBFRUlMAJoATA/hphz3qXHpTeB96gCP6UVIcdqjI7UAMPekI6fzp9KRyM/lQBWYZxxRgelSMPekAHrQaDCB2pcDOKDjHBHWkJ9SKAGnkYqPBzipu+fSmt04oAixnpSY5qUjPWm49OadwIgOTS4XHWn03APancCPaKQjHWn49abg/jTAYwwAB3ph3AZbBzU31FRlVXnrUtHQRMATyKbjnAFSY7UdqLAMwBxR9akOOwqJhjvSsAw+4oJxTsj0owO3WgBhHNM788CpPrTT+QoHzMjPtzTNvOTU+MdKZjNMfMxpHbNNIwPapD9KDyOlI2RBg9KOfypxzyaacjj1pnOHFKqljxSY5xWX4h12x8LaNca5qZKw2q/w8szt91QPUnjsPeonNRTk9kaUqbnJRjuz59+PXjpItvgSzw3Ect4wP3Rncicewy3sRWF8IPAH9vXK+K9UhP2C1/49lYcSyr/EP9lOnoT9K8507R9V+J/jgR3MzNJfMZbiRRnai/e4yOBwv4191adYWukWMOn2Efk29tGscaZzhVGBXyGFofW8S8RUXurY+6x+JjgMOsPTfvPcoqgeIxA48o7fwq7ECVBBG3ofaolys5Xbgy8/lUrAId6D6ge1fW2Piak29SQqM5x06e9U4yogkbncXzVxcEjB9eaqx82quDgs2CKDMtBR0HrS+/vTvej2oAQjNMqQ8daaQOtADGGRyaqO+CI1+Z2H4Cp5HSJd5OWPAX1quFwhPQnrWbZ0UkRldvEmD9eaz9S0yx1y2FhqICxghkkUhZInX7rIx6EGtDy2Y7m/AVJ5SFf3iA/hXNVo88XF7M6aeJlTkpReqHaJ491axu38K+Jb8zalJt+yXzfdvEAwok64lHT/AGumScFvLvip4P0fWIzrmlaYElbebu3ACjcM/vYgOjd2H8XpknPe67omma/pkmnXsC52kxOAA8bgcFTj17dDXEWmt6kkVx4Z1uZZLuFCYLgv/r16AMTzvHfue/qfw3ijhaWCq/WcOvde6P3jhXilY6i8NW+Loz5UtX1H4f6tFeIftmk3MgKStkAMD90kY2SD24OM44IH1R4J+Pur21tY6X4iK65oNkxC25IMsMbn5vJlGCSOoViRxjjqPKr/AMPyTpey6fB9tjkUteaf1E6g58yPuJVOCCOpxjkDPiV3C/hkiW2lN1oeoMTFN/FG3PySADCyLjBHQ9R3A8nF5bHE0lUijvw2YSoVfZH3bq/irS7PVU1jwZcySW7yFowxK/LnjOOQ3r6EV1vhr4gxX2s/8JJc3D2WrwOHfy2VJCowCYydoOVGCD9CMdfhzwZ8T4dFb+z/ABBbfatPdhslQ4kjGMc/3hwO4Pua9JvtfjuZVv8ATgZ7RyphcDBx9ea+Sr5c4OzR9ZSxUZwbP0nj8TaR8dEFpdbb6HRVjhkvbePyLiPz+gYOOcbSSQCvrzivE/iN4EvPh7rIs5JVubeVd0M6gqHTPRh0DjvXjHgLxnqXg7XNL8X6PdRadrVs+Y9wBSQejoeCGHUHvyOcV9MeIfjtYeMoLiTxFo1vfaTdsGlihcGbT5+fmjZdm5HGcqcYJx2r7Dh3OcRhpJKV49j4biDJKVZOTjZniZ5VZWYDcDx3rkroBWuIzIUMg+XH8VdH4/s7HT0j1TwVcnUY7j/UpEwmZWxn5lUZGAeh59a8Lj8S6vqULHVtvyA7jtAJB9a/QcVxRQlDTc+HwnDtZTuzobuWx02E3Ek3lspwAB3rzvVPEzxyLIn78nt2rO8QasxzMx3IhwoB4zXKXuqQlFlij529D0zXylfMpVNnY+toYBQWqPRLHxmbmwurTV1IiZcR4Xv715ZJblZpEiJdGOQMk8en0rmdRn1CVUmNw7y7sIingD2ArQtZbiVkSVm3LyRnnHpkV5+KqyqJKT2PQw9NQk3HqOhlsLRpLe804S+aeJF4ZT9fSut0Z7YJi2zGc52tkMCO+R2qOxurCDet9ESrD5DjI/Koo9TgtZFuLNhEUbOfXH17V4lWldneqljS8PeK/FyaobN9RmWyEpSQM5wEJILDOfu5zjv0r2iZrjSrB5rp9O1BNrbJJXRt/PHJwc47V8+XuvPFO0zogPPAGOtc+3iRZpg0sH7vvmsJ4DmVjqw+YzpvQ+2fh9rNnqttfWeqWFtpgEQML2s4IDZ5bYQMDuc569zyPo/QdQ8f6lYR6baa6jStGY0E6q6NEcAZfaSc568+ua/MLwpq1lp+pw6rYgLdQseJB8pRhg56HpX3T4F+Nmgv4ejtLqzNncWSRpE27ekyqQrguB8hA5GRgg9a+SzbJ5QXNA+iwOae092WhxHjjStV0K8udK19BYS2SYVbbbsMbfcdeucjpXl7WTyXNteWV8JGiIOXHzMPQ4/I5r69+K3gO0uNSstU1zUDYQ3MIjMpAdePmRSWOOB0rwa68PeFPD9hNqNtrP8AaPlS+XlYmCjjOdwJTpXBhcc+WzWp6fsVbc84gvdTDrBOkSQSMQXaTJX8K6rwj4gudHvZbSW0gu4L0BJVLcNjo3Tt345rf8V+G7iOzg1y805Zo72JGhmjYFG3qGXLISFJB4zjPQdOPJwslmy+WGEhJGG65Fd9LEXOOrRWx6Rql3oYkNpFbSQXDMAGBzHhunUkn8K5PU7PUbeKWS6jeExtsYo20lD2YKehGOtTaLrnibw7q9rrdksaXNnIJIhIglRiOzLnuPfPoQa+jvBvxD8C6jDO3jT4X6Zqpmzul0+aaxkjB6naGdcjIOTiuyWPlCOiucn1GLPl5fEGnJZJHFDJmJycuOQMY55NcLfXk95PPcSnJkJcjnH4V9GfEm7+A+rwpP4ItNZ8OXaEpNHO0V5bNzj7ylXHsRn6c8eATQ2kCbPtKs0ny5Py4rpoY5Sjdqxz1cFZ2RlNpMms2/2cFTDkFsnj2/AUkPw7+3LGEjICHAYEADn09Pwq7qvhHxHoEDapaXaKjHCqXO4lucYxgjHrViz0PxXeWSzSzPHDgMVfdGjA8g4xgg+wrX64v5g+peRct/gp4vHlz6TLbz7mBUhyH/EFcfrV7U9I1fRfKGui48xcoA0bRrleoG4Dp6CsyQzeF2S4u0MokBBWF/lbHv2/Kvof4afEXx18VPEFh4IGnQrbQKJIZlXPktFgI0obO9SPlbI756cVE8W4+8jklhr6HnvhLw5Je6mlvd6e/wBslXEVvyZ2YkEAIvzDjnkV9iaP8PB4M0ga78WA39lpEzWulh2EjsRkIY8gqT3AIxnkjmtu98ZfDj4dQarD4Vs9N1Lx5ZxsxvbSMxmKQkKVRQGVwgHI3dMZGSQPlPVPiHeap4utvE/jPVJNUkyGnjmWSPZGSMxKAMKCOAVHv1rieZTqN3VghglHdF7xn4t12KUalZWLaJ4b1HzEtIoYFCy7DhlLnqecHGB+tcxeR63qlhHBq0ssEMa70tw+EX0LAdSB69K2/HPxJXxrLZ3VgGtILYAWdmyqyWwUAbhxt3MR6dABxgV4/wDEDUNVGhMLK6e4QGIahgY2iUN8nqBnA46jIPFXBOo7G2kNWdreeOtE0Dw5bST+XLOu5QI3y0mO7kAhB6Z/CvMvDuifEP41+JRbaTOyWEB3XEoLJaW0fXlRwzEdByT34ryDwv4c8RfFLXp7HQE8uytFDzyNxHFEh+82SNzHPCjn6DJH2bN4ut/BfwwOi+E5o9K03ToyrkY8+9nPOHY8szHso5Ge3A7JUlFWW5yyrOTNfxFF4L+CWg258OzjUdfvFEQLSA5IyWkdFbgDsPXAr5/8V+JtFPiP7Jrd7Le6vKiO5Vf3SlxkAtkY46AA44+lc7qWqXXifxJY3l2qKlv5YwMjezNkZz1P8sV5F40d7jxTdxXAFvLG+A44DBfunP0rTA4S797dilX5dj0e38ZtHqQt9VkNrCjkKqf6sr2LD+tdTrsVpeWbKrozSjKtkHJ7MDXhV3LqEsUdveIssu0lJQRiZfRuODWbputXthOY8BowcPE2So+nPB969N4Qx+veZ7Vo3jzxF4RZEad2jV1YMrNtOMYEiggOOME8HHevpDwp8aNF8TRw2+rCK2vZGVAmD5cpYADaxzgk9j/9evjWHxRayfupl8yF8bkY4K/Q96sXmmQxxf2jo0vloeSvX6YrrwlarQlzQdjjxdCliI2krn3DNDaQ3c8duWRpj5qLj5cN1APGfbjpVFzcbjIkOwjg+jCvA/h98ZJdIhj0XxojX2npxHP1uLYe5Od6Y7cEdielfREFxpOsQRXujX6T290MxPGwYE4zsbGSjAHkNg9sZ4r9SyPiSnVioVXZn5xnGQzotzpq6MqWwS92llWPgjd0bP8AOlsZPEGm+ZbSFbyOPlAD82Px5q9I0sJ/exl1BHzKOPzqRpYGK3KS7lHHHWvqp4KhWWp8zHG1qT0OMkuoYbiQ27PZXD8suwqy9+Vx6V3/AIU1W11mJ9E1RBNGE+aQcHsAQ3Y+1NlgSY4uEw4+6ccgVxutaBfQul7pBaObkF4uhx08xR1B+navhc+4FhUTnR3Pssk4yatTrHTeLfAdx4fhTWtFaQuuZGYFsyoADjqRuX+7j5h78Vj+F/FZmuGE0YvIrgbZoSPlmUdSFPAcDkU/wL8R73S2fwz4kyN7BVWT/VEt1KnPyk+2QT71V8d+FbXR9/iXww4tiWMs0R/1ZI+bchHKtk9OnPBHf85Ua2GqexrL5n3dSFKvDnpPQ2bwSeHb63vtKn8/SLt8YdSGQZ5Rv9pR0+ldCzRykBeGxkD1HrXnvhrxzYazp02naqMTKymVOPmH95fcf59Ts3v2yxuLe6tpfPgdVkiccB4+CFPoR3Ffc5HnssO1d6Hxuc5TCrGz3OhDBifalqvbXUN5GJYuCPvA9QfcVaxX7Lg8XCvTVSDPyfF4aVKbhIquHCSkDsaWFcRRkd1Gc0sw/czkZ4U96euQkSD+6M/WulmL2H5/GndT6Umc+1IR+OKYhe/1ph44p9MPGaCOYQ8/hR3yO1HYNTsdq2TM2hvX60denAHWngY6il/pVCI8nuMUop/U80dKAE96XGMjPWkPOBTs+vNAB8vPNJk/LR/Og+1AB/E2cAdqQZP1oIxjIFK33iSc0AMKkUlS9hVeR0iJDHJIzgcmghjh97A/GlPJwenamqxI3YwBT1OBuI5oEAz0GCRSkHAJ+hFNHOMjGKdjjBFADSAOe1ITz6ClI4xjmlJxx3oAO/tSD0owOh70ckDPegBMEnIpvBB9qkGSOO9McYYY6VoaDehIb6UuM/dp23BzS+tADGAUAnJ5xxSin5BHSk6UAAHWm7akHQ0g4NAXG7cHNIRzlRxTu5J6UAZxjjNADMDqBmmgA+2Kk52kE008D5eKAGD2NBB54yafg+mc0nUAYxzQBERhulHU4PFS9qTnknmmmA3nIGcUgJ5wcjNScdRikOAPrVgMHX1NGO5HFP7ZPelxigCPjPTIoxzk5xTyMNkDJPal56CgBnPBNB9xinle3Wm9ONtADaVFYZJGM0/knHejLL178UANOCcnimZ7YNPNAUA0ANyDjtij2pxGeT2pvXDHrQA3AGBnoacM9M4weaXknJpcds470ANzkk9+1AyV59elOCknPagqM0ANwTx3pOPvZqTC/eCnNJtXpigBnSnYx2zmgIvTFLtQcn9KAG0UUVoZie9LnHXvTgMe2aaQce9Kw7ic455NBz09KcCSeeMUmTjPc0WC4uSORyOlNxz9KXCk80YzyTiiwXExnAzimlT/APXp/oCc0DGOeaLBcZg9BS45yTTvaj6GiwXE2jBGaaRnt0qTv0pvtRYLjAMkDpRtz7Yp/r2FIcE9etMRHtzyaXp15pwUY9aTB7dTQAzGQTnvQT2p2cAjGMmjAznpmgCM4LKM4BNK2DnilAGckZoIGcZxQBFt3dRTWOOMe1THHbiowPbGamRsyLaKMD8qdt/Skxj8akVz/9P7Ex2prDNPPWgDNf0Enofzy0QGPGQBkVSlteC68Gtfbio3GeD0qzJuxjB3j+UiraSA9DUkkAbjGapPG8PzL0FNNiWu5fznmjK7cGqsc4289asgA81VzNiikIBpaKAGbTRg0+igBmDSEZ4NSUV0AQFccHpTCB0qYkEbTTCBVcxFiPntSHNPAxSEVQiE5pu2p+PWmbarmAiK0lTbaMU7gQbRTcGrBFNIzTAhAz0FNYY68VJjHfNNPPagCI8HFR81ZIBIJ7VGUJGPSgCPikz7U7aaUe4oAbgE1AU9asMpz8tN254NNmbKxUZ4owKlMfNIVpARHvjkGm0/b/eoIxn3oAjI9OtQsKsbc0mB9KqMujAgzRyafgUVpygMwaTHfFSUU+UCvSYqYqO1MIPTFQ0Az3phGecVIRjnvQB1PegCHbnOKQr0yKlJznJpp9uadwI2QetNCdRmntn0pBn0xVICLHZqQqO1TkAioyMe9aJgRcn5aCmOpqXbx7005780wISvekxUuDSVNzBkQGOlHWn4A60mM9KdxEe1h2qMrzz1qfioyM855rRMaZAQetN2sRwalJbHNNK0zIh59aTGe/SpCM8EU0g9cUARkdqSpSvem46mgaYym7fSnUoGTQVzEWDnpRjrx1qSigdyEjA6c0zJ9KmIpMYOPWgCPHc0U8g9M0wq3XNIAG7sKY2705qQdeTQR3zTArkEU0lu9Tle/WkJXuKBFc0wqKnIGfrTSmKpsZBsxzTgPapdoppznApA2QsBULA+lWSD60wgHk0gI8ACg5IGKecAUwZ5zV3CwhzSkUuaTI9aYES4PAoYDPNPOB1qJiN3y0GY0DHWkx3qQcLxQeegoKaIj9aafQ81L36YphDUEjNxpDzTwhpdp68UARkDimHHNTc0zmgCLAz7GkCgDjmpCpx9KQIVPsaAImVT0poSpT7jFNOPWgCHHqMUvPcZFPHTkZo68YxQaDG6jNR+4FTHkikx1x3oAhOP4RTSD3PNPwR3pOP4qAGUUUmR1oAQ8VGR29KkI7etRk85qgGHJppJGOlTE54ApvHcUrAR4DDmmEcn0FSemO9Lt7A80FQ3IiGAHYU3G3txUmOfekwBnPWkbDKMCn4FGBQBF8xz69hTNhI9xUhC5z3qMYOR39aAG80c1Jx+VLwOaDaLuQkZPNRHgA96sEZNRlcjPegoao3cV8uftCeKZWuYPCVlMNlsBNcgZz5jcop57DnHqa+mtT1C00LTbnWL+VIILZCxdzhQccZ+p4wOT2r5e8BeFdN8e+Jr3xBqNxNfi1lSaQ7CkTzOd23d3xjpxxjFeBneIbSoQ3Z7mQUIwbxVTaP5npHwc8CDwt4e/tXUo8arqgEkm5cPFH/DHz/30enJx2r1wnP4U2aJgG8ltjt0PYfhWc893Zkm7QSRDgyIeQOxK/zxXTg6fsoKFjgxtZ16jqXLE6ZHnYw0ZqXgEBQDkZz9aFKzRrMmJI3HUdD2rPhk8ofZ5G+aPnHcqTwa7/aROV0pEsuYskklT+nvTYz+5UkdOatMOcY6iqSOLdcSEiMEjp0qzA0gVyD60pwM4qBCYyY5Oh6GpO3PNA7BwOT0qN24JxUhOR0qvJncB070mxxV2VwGL73/AIf5Uq7pCXf7vYUL+8aTcMKD09asgAn6Dis1qbydtBm0U/b9aXt0ppb6imZ2IJR3HBFcP428Mx61p63dugW6tzn5eCynr05zwDXcysij5+p6AdTUAkljiYi3lcDJOBnivNzHDwrU3CaPXy6vUo1Yzg7WPljS9T1SG6Z4JCk8LAo3c4OTn1HrUuvaZpviHSrvxboduJVf5dW0wdHOCTKgAJB/iyOep6hq6T4h6LBYytrelL9nAPMQGODySB0GP5fSvOdL8Q3mhan/AGnYqGxxPGTxJG3JH14BB/pmvxuvh5YGu4P4GfslDGQxlFTS95HCeOfh+fD9haeIfDssuoeHNQH7iZx+8hkyQ0MwAADKRjPQ9queBdbbw1b3N7qJdrF1AEPBDOCPnAPTHTI6568V9Hy2ultpsGq6JCk2h+IAUvLUglFcg5bb0UggqSMdBgdMeB/EPwimj2/27St82nq37yPqYB/Dk9Suc8kccAknmuLH0E1ZHoYDHy+FnZ6hfDV7C31PT8vZz8K/dJB1DD1rb0DxBe6VOqX8PmCUcuxyrJ9PWvEPC2uXNvZXcNihaIcyQ5yGHqvvW1pviNnkIuWLRHlR3+g+leJGlyM9qpVU42Z6/ZfEzxT4N1ubU/Bl15CzqVw6B0wSD91x2x3pl7NfeIbW+1C9Ecd9csXcwKI1JIznYvAz7cVwui6lHcWtxGcSKu9lVvvbq2vDVxdPjzejqy/j2/SqucM4JLQ5rXLf+z9GtricmZZXdcerLjg+ledT6xGJ1RLYbT6nvXrOoyT6h4QuLR0zNpt0Ljp1jdShAx6HJ+leESXSxXaybdyJJuH09K1jVMnE6KDU5PJu5YlWJ413AY4rKi8TarMi4mHyn5sKuP5VUsrX7cbogYiLE55HHbvWUI2sJ5LCT77g7T2z2rRVSbHodp4hv5Ak0rq/ldNyD/AVFf8Ai1y32jUrO3cJ0wCn9a5O2vpI7aW3YZcdz/k1zVzuuFH2ltin1qHER3cut6Lq90k1zC9qrcboj5hA/wB07f51cn8PWVxBK+jaml8Aw+TYY5ceuwknHPWuLsrUbInXBQY/KtW2j/ftJBlXQjG04P50r2RoatnG0ZEsq4X7ldLa6ncadJ9rtmJC5BVjlSCMHj19Kqya8NT0xbLVYhJLG3yXKkrKgHZscNxxz/OuW1J5dNCGRzNbuMxyL0PqCOx/z61jJKSsyoTcXdH6NfAn4zW/jf4fat8OPGkB1A6aI5bGUpvbywygxvnPKgkA+hx7j5/8W2Xi7wp4ouPB2rrFDbvIu0sWQSxMcxv1xjGD3wQR1rxD4ZfEaTwV4og12wUzxYMc8G/YJI2688jIHTjrX3xrPhSz/aA+EVj498Nzquv6DFLBcwv8+Y42JVDsBO5VIZWwM85Hp8bmmEVOrz20Z9Zl2K5ocsnseG3N9P4Y1BItC1A+XcxIXjt5t0MhXI5To2OeorcmlGpKkN1BH9ruQvlyAGNzjnLAcE446DgV4/pHhHxJf3kNpb2jXlw77cRsCQc45PGBnv0r6p8KfBQpo8Wt+KtZuNMljD5gCrmFlPy/OxbII54UfXiuKtOEbcp6UI83U8ytPDuo/wBpx2diVmaUZxJng+nGTW9HBd6Vb6hBd2suhNqEYjBkRhnAOcblGOvUevWuzuvHvgXwAs+v2WqWWp6tCnlLayqGlYFlBZShHzAjtxjNcx4Z+Nmp3979rVrO5Xf+9sNXgSa1mjHIG4jCg9eCCCKmPO+hE5QXU5HRE8Nf2gml+MBOloWJNxa/OCuODzz1AGQD+FZ3imz8GHU5otGV4NJgYbJ5APPcKOScdj2GPyr6EsNe+AGtWNxD8RvDdx4TlldjFe6RcNe2CE85aBizqOvClhg9F7fIXjyG5ury9tPCetQ32jxykQmGNoJip5UlZAW74+9ziuilBt2ZzOtHoes6B4h8Panpk1jbTpdTRsqCO82oAvUHJ7Hnnr61N4qur610WC/u7+3EYl2Q20TK6kDj5WXg4447DNfFWsaBrWkFW1iC5hRjgPLGyqT/ALLEYP4GqVlrUli6xwGSUseFwSB9B2rq+pRbT5jJ4x9j3q+Ly5ZgCM5wOa6Hw7rz6DATp88llKdwaSF2RyGxnkHJHA49hWJ4f+Ofifw/bQaVqFjBq0MAASLUbYS7FwMLu+ViPqTXZaP8TvC2oz/8TLwbYguzNIbdCiqCcnCOrrwOgyB9KdWDtqKGrueraJFBpOgTx+GZI77Ub9MTXKnEkG4D5Y854zn5s8nn0xyV94f1W5Sy0GS0NzcSswQ/eJJOTlyeMd8ngVjaJdeEpNUvtR8I6oNOvp0KCGIhAkeQcIGUZPyjPXua67TfEeo+HtOuLrXL796XJjm/jORwuRjJwCfWuVQZdXueTfEe90bwTp72lpdi4vYgYiF4CzbT0z1VT1P4dTXIeAoNd8a6FqmnRXYjimUG4nm5jCq24MTjIZTnoRx7ZrzvUYr/AOIvi9pG22VgpXz7gD91bwKTluTgkLnHPJ9Bkj3yz1Lw3bPp/wAN/AQaKxu1eS5mkyJZIkX53ZiB9/HfHAAwF+WvepUVCC7nz+Jrc0rmfZ3mh+AtDl8Q2FuINL05fJsUlyPtd25O6Z8cnhSegHGBtIwvyzqXjjU9VvmjmuJfsZk3JHvO0E9WC52qTk9BxXQ/FDxgfEGvyaMkpj0yxYwW8aNujjRPlDcYyXxknrggZwK810vQtW1iWUaNbtdyW6mRo4ypk2A4yqEhm/4CDXo4bDq3NM4p1LPQ+i9FvrO21vQ/Dmqpue6ljmWbO0RyZwgOe5I/PHrVD4g+Er6XW7zU7EG6hUqXjVSZEwME4A5GADn36d68gutR1HUrp11VGE0fyEOpR0ZTyCOMH+tfVupaqmn6nBqlqomCojSoDnzEYAnt17A0ocqmrvQ1lzOLaWp4Lp11aOI9PvMqi/cYclM9ce3tV/Xfh7fzQrqmnNHe2rIHWaNgGweoZCcgg/X3weK9a8V+G9G1LSY7vTFMqT4kt5D95Gblo2wfbBHr0ryuDS/EMULxaPcyM+fnt92OO+OcH8cV7mJy9ppwd0zzqNfmXvaHkMv2q3kZJQVZDjkYPHqK1NP1y8t08pZAV689vpXQalHFeSrZ6wjWF4SAJivy89nHGR754/OuMvLC70+4a3vYjHIOQw5Rh6qe4P8A+vniuOVOS0kjovbVM7rTtYsrxxDcgI57nofrXc6LrGr+GZjf+H2MfmFRLFgmKUKejoCM/UYI5wRXg4dvriuxs9fvYdNSKGbLQtjaTzg1na2xrGaloz628NfE62v2CzI8Dg4a2mbdH7+XL29QGA9BnrXpLXulX8TiFysrj/Vv8rj6dj+BNfE1t4itdUVd2LW7Xhiowkh78djXe6N4p1LSvLs7sfbbJRjy3PIx02P1X0HUD0r38t4lr4XS90eLmHDlDEXa0Z9YafJczWSTRyGdVyuGOSCOoq5DeoVKyLszkfNx0rzHwt4ut9Rf7NobO0rjJgmZVmyo5xuOHOBn5SeOuK+ivCHwsu/Henfb5vEelWUR+9DNOEmQ+jjB2n8K/Q8v4tw1aHvOzPz/ADDhevRnaKuu5434m0+DVrIQ2gWS4BDJx93d1Oag8Ma/d+F3i0nxIgvNLugYw7DdsVvvIwOdy9eDz+HFesaz8Ml8LP8AarTVrK6YkqFt5jP+fA4PrXBarpzmB/tkStG3DBfXsR6EHvXLnuT0cwoupDdHXlGaVsHUVN7HmHjn4fy2Mkus+EI3OmM25lQszWpAyH7nyzjk/wAP06dd4S8UPLp7xavFiODCTqvKws3AlQ8/Ix69wf1v+F9a1Dwvfi1uD51q4IRm5BH91uah13wtBphfxl4WJbT51MF5acMsav1KjqFBxx24I44H5T79GfsanyP0eo41Y88S2Rd6JqTx3MJ8zPOOjo3Rge4/z6106PHLGJ4jlWriNI1J7mOLRb+QLFbjFtOT0Xj5DnqAOntU1hNeeH9Zm06/KmzuiZI5h8wBPG3PYZ6V+gcJ8QOhUVGo9GfE8S5Gq0faU90dVO+I+OruBVrK4Iz1qrOmJYEOcElqnyRkZ5r9epzvqj8vqRa0Y+ioy6oBuPXpRvPaNqbkQS0g+Y8DiohMOfMUp+tPLSNgg7V/M0KQEu/A5HQ46UpJycqRVUxBs53cnPWm+Qqn5JJDn+8c1fMLlJycDnpQCDUIWcEGN1IHZqjacRt/pETJ7r8yk+/pVmbgWwQ3PTFO9jzUIZG+4c5qYPxyKCbCHjOKb1p3TB9aaec4qkxC0UUVQBQPUUVFIxX5E++T+XvQBHLOVPlIMv8AoPrSrCu7zGUGQjG7HOPSnxoUU7Rkk5LdzU6+9BFhg4GCODSjJ4PIp56Ug/vEYxQIj64pRg89ccU7B+opuD2NAC9hmmnGCSPxpx6j1puSG4oAYCGJQ9V/zmnHjaB+vamuWy0wwWTr7jvTiqnDJ0bvQAh9QcYpccHApxA+tKB2BqkhpDFHHHOKUqcf3acAQCuMYpSMjFUWRjHcUE457CnYY/QGjA60AMz2NLikPfHelHPTtQYz3Ez2oOPWl59c0g4PNBqmAORRjigDmjPOKB3AkgenNKfXrSe555oPXPQUAMJOafxjpzSEZ59xS0ANwvbg0pQ9QelKBglsZoXO0jpmgBMetNYYHFSYxTWoAZwMFqXBJHGKcR260oHQ1oA0gEZHBoIO7nkUvUEUHnkc0ANweooyT1/Olww60bDnd29KAG9uetHPWnYyd3al+8eKAIxk5x+tG0Dk81IAMU0ckfSgBuAaNop3FLgUANA6Zpex+tLgjnuKXBBwaAGn1P6UZ5Ixk96VguMYoHf3oAbyWBOOlJzjr2qQik2/5NADfvYB9KaV/Q1Iy8EikPHPpTTJaEz7Yooyx6jFHParJDAPTmkKHoTn6Up56gj6UY9OKAG9B0o6nBHFOIyOtHQ4oATHrwPWmH34NSYxnim80AIcDC0nTNA5PJp20HrQA0ZIpw9h0pxOTnGaaQBwKAGgAk+/rQCuAFHSn4HOe9N2g8YwB70ANwcHPSlJHBHFGFwQOo70YwMn5g36UANZc4OeaTBJxTx27UjdaAGngZHJHam9Tk8E9qd0FNPXPpQA0j2xikqTOaPrWZoRnHUioWA9elTtge1MwOcjpQB//9T7JPWkpT1pK/f1sfz4x3J460EfjinKMCgjA6U0zNJtake0DPqahZMcHmrHXrxSYz1q7g4szZbfuoxUYkkiOJF4rTdQelV5IxjBpNGepGGD8oeDUm0YznmqLwPGd0dSrOr8MNpqiyegj1oU9DUnBrQwsR0UYNFAWGgc0jDmpF60p60CIcCm4IqXHqKaVHcVqmZkOCelLg/Sn4A6Cjao561uK43aW7imEAVPjHIoz7VFxlamkVNUdaxAgCmn49qdsp+01QFfaaSp2GKhPWgCLBpu2pqTAoAgxjgUbO9S4oBweaBcpXIz0pm31qxt6kU08jB6UBYgYFajwc1ax0wM5qIoQOT3oJaISDz60hBPbpUxBJPGKTaR05oEQYNJU5x3pmPWgBmDSYNPx703FACUUu00bTQBWIyc0nGamIFJtA5rawEJHpUZB7VPj0ppXNICHBpKlK4pMCiwEPI60hx2NSnOMYzUe0njpVJgR45yTS9O1PKGkAxxincBKjZcnIqU4xSZFCAgK8UgGKmIzTcYqkiOREdNIzT8GkpJmdiqR3pmM9anKn6U0it7mdiMim+xp1B5oEMHNNYZWpRyPpRjPbigCrg04U8qaaVagBjDvTSM1JSFcUDTI8cc0mOKfikoHcTGBxSEfrTwv8VNxilcdxu0emaQjBzinY9aaBg9aYxvJycUwjPOKnx+VMIzQBB168UuABUmMU3HO49KAISpPTvS47GpOM03AA96BWG8HIpD1xS5wTSd+aloorkU3Gal6Uw8niqERMPbFNwe4xVgj3pAvNA7lbFLtPpmpCo9aT9PegdyD5lPIpce/WpNvGc0zAqkwaGkMBxSc9qlwKbgDjrVGbRAxNDE4qVhzUZXPFBInp60zp9afkZ96Q4I96AGglRgc0mMcjNITz70pPHqKADJJyaYwGafQfeg0IOlJyRk9qkxigjPI7UAMO3vSAU7Gfam4PU0ARsAaaQKk6nBprYoArkHvj86bj2p5CHoKFGPakUNK5APTFMxngVLxnmkxx6UAhOPpTcenNOYUgPY1aJGFfUUw91I5qRio4Xr603aRknk0FQ3GkNx61HnnB61JgEjB60EYGM9ak2I6KdtB602gCNxzimkAZPrUhOPxpuBQBGCBQSTTiAOlAU5oGmMxzmnYypC/epP4qg1XU7XRNKvdWuvuWsLufwHGPfPSpnKyuawvJ8q6nzl8Z9futW1az+H+hbri5mlRbhVGV3HG1MDJ4zubA6V7J4M8LW3g3w9b6Jb4Lr88zDPzykAM3PrgD8K8n+EGnXPiLWtT+JGrNuuHkaGEY4BYKWYfQYUfjX0B1ryMFh3Kbry67HtZhXVOnHDR6biEbuc0h4GAKXBH3RmnDHQmvVPDWhltp3lkzaTJ9nkY8xMMxP9e6/Udqxrm9ju7WSeK3a31bTX2yxNkuYmP3lPG5Mc57H2wT1mRnpWXqGmQ3+2VmMdzED5UoOGU46E91PcV5+Ow8nFuG57OAxUVJKoie3b7TaQXKDIYc/hSSRgq6yDcjdRUmiT2kli+h3sRt9ZgYyIxP7u4jPpk8MoB4A5HPPIEsi9R/F6VzZbmDlH2dTSSNM1yz2c/a09YszB8jeROcBvut/SpTK8R8t1yB3FLLb+fH5cygLnjHX61DHGcmGZiSnQ/wB6vV5jxtBxuewGO/PJpq+WxJk3EgZHpVrywRgAAdKcy7clAcj+VRJGsWitGTkgL+dTc45XFSLyc5zuxTjESMjsaUCp6kJYKoyM5qtKdyFumOlWXQIeKquB5iLjqaGRTIYxn5mJYj9KtKCoJBIPpnrTANrNnGDVaWP5xOMkDrjtXNVjodVOtqLd6bb39u8E6gpIPmVlDV8meJvDc+halLGyfIHbymXo8eTg89j+lfVf2mcROyY2Dua8/wDFdj/bqIYjvjbKhz/yzZueB6cV8fxFgYVaLdtUfY8PY6dOulHZnivhfxLN4ckSxu/m0+8cEow+4TwWB7e9bviNLux1BtV09PMMGVuLeQZWWBsbo/TgZ7H+lcB4ta68M6yuk3a74/LDI5+6d3cV6d4a8ZWfjjTW8PaqVttYtUH71cBrmIcbjnkuBwfXr64/MaNRr3Wfpsqa+NHhGs+HBbzjxT4KZmsCf3sPV4CfvL7pz0/hHqORFc26BY7q2+UMvzp/WvQJtAn8IzTXuj3QltJn2mNSOfZl9uef/wBVcfrCzWtzl4jAkw3KpHGD1xXNiFd3Omk9DNm1GPTY7HVLJcwyPsl55HqK9DsL17fzY0OSmH57KeAa8pEltC0lrKu+0mOXH90/3hXZaXMtzaw6pEd7W4NtcrnhojyjfWuObNmdJoupLb38kV2uYrpWQg9CDzj3zjH415lqmjWzXD21owkMRbBzgn2rvtLubfUo2068kUTWsuYyfv8AlfwMPbPB9O9ZHiTTf7MvvtER+Wf5hIDx5hJyp9Ceo9c1j7Qbg+hwekX0bJLEn30IDg8EfhXP+KYntL2K9hy6ORtPv711OtaV9luLbUrabc1ycS8cA1Q1UQizVXYEH8eauMrEWOchuT5/nzHCHGRWkHs7kFJ1+TnYPU1kX9q9uImLAibOF+lb2lWJkYeedu0DHuTW3tTNRLtrDCtsxAzwdvtmtXw/YyGxmvVw1xGjSbMZJRPT3qKKAPqc+n7T5ESrlvrT0uLqzumu9Ok2vCMIMcH6+xrlqV7GiiUbMSx2Ed1cKMTyOeepB6ZrmtSvnt7x41Hm2kgG6JvusD6eh967XxZPZ3NpptzpkRtFkLPLCD8qucZA9gentjgdBv8Aivwuuo+DbDxdp8SzpaAW908YIKyELtyB6Zxnqcg4x0IYhJczKdO545c6Zf2MsF7ZRSG1nwyPg4Hsx6A19tfsl+L77TvGzWMEzWa3duySJnMUsgwU3DjPPAxzkivmbwf4utpbiDTb+6SKNSFUuvAJIAy3GPqeK7XUNQudG8Uf2naEwBMANEcHPqK4sdBzi4WO/D1FGW594eN/Ffw/+E88fizRorO4uNRd0nhWXH2ZgNzpsTcyjdxt2jB9sAfI3jP48eJ/Fs1/DDuTTZwqFEYoNg67V5xnvzyOK8u13XdS1i4mvLyF72S4lLkt8zHPQkAVsQWEWg2iz6rbrc3U+SIY8Oi5HG5uV/n+NeHSwUIbnrutJqyKunWFpqcgSyzG5xzLxgk9WIzXVaj4Q03QrOO71q9uNUuZwWit7VgITgcgnk7ckDIwfQVx8cnjSRbtvD6JbQyfej2o3bH3ip7e4rM0Ofxpaap/xMFiitjkSHEYJ9Nu3knPtXS4dmkS5Psbdn4snshJFothDZEjjfvdvxOVq/F4r8Tyfubyys3Q/wAUTOsmf+BEiuej8Wa5a6/NpEug2+oyksirJA7sQcFXCg9157cGvWJ/Hfw6fwwugal8NV03X4tn/Eys7yWPJBy263kyvzDIxu46g0SkkTTicdcfGPxxpULaRbO0mnt1t7iMlTjoQGzj/gJFZsHxe0XUJEsfFOhG3Ugn7REM4b8gwH0JPtX0/wCCPHHwFmdrXUfBWom7liBj2aiygOB82AWww7jJzjPHp554i8Z+HfE3hOXQvEXgqBjbyYTUtPhVLuJYzyZCow+Rwc9B7mojUi3qhVE+iF+GunfD/wAfmSxguNupKw2tNEHVwTgY3dDz7dR61714i/Z7sP7DtdJ0RpdKvr1h86TeZaKCQGMgYFlGD2Yfjivh3wrFoOn37Wd1dStpbsxScHyZoHONr7umQQAe3fivRtG+JnxE8HeIpL2eKfxVo0PmRxyMzeYIGJwTPGG2kjBJdSPTHUZV8PN6wkXGsktT3hPgF4j+HV/HFqOlx6rPKnyvZq8joOQThRnJx1x/WvL/AI//AA18Vab4XHis3bpplmqO1tMFXaxHIBU5L9OCOOeR0r6O8LftTw2kxu7gSareRW6IsE48u5gJIxh0G18c5ORnjkEnPiX7XHxg1b4s2um6PfW8MS2v7wbYmjmJkQffYMVbgY49Me1cuEhXVdKWxNavHldj4LvvG+pTWMei6bG1vbqwaUKctM4+7kgDjOMKO+PQY9Uv9fi0qzumuVVrq8thCpGN0UYB3Aexz69s815P/Z40po5oQZLlnUDHRTng/nWv4nulmur1SmGWNIwR3brn+lfYcl2kfPVHrc4JgHlITucCvWPh/wDDT4gatMvivw1aNLHp8u392w81j32oMkjB5B6g4weRXkBkazu47kMf3eCB2zmvu34BfF3S9A0iTWNKsYYdWsk2XUYU/v4xkK5Xdk/7RUg5x6gUs1xE6VFumrmmX0lOpaRBdWdlqtm9r4ngkt3gYk7os7GHBDowDDHTjFYU/gq+WGfxjpVwLzTbbbFNDHksi9AzIRwoJB4z69MkfUvxO8W+DPGdhYeJ7C0MEt3GxyrKxL4XcoZRnCnqrjIPb0+bb64b/j0v8ae+1szID933HU56da+bw2JnLWW59FWw8FGyOS0y8vbe8NncuwtXfcqk5QNjGQO1auq6CdWkW90omy1S3wykcJMB0HoH9zweh45G3c6FqKW5vr9UnjhRRHPEcoy9QeMZ69e9XNP1IwWZtbxPOjcYGeq/Q819zkuYprkmfJ5thOWPNFHPQa9ps1mmi+ONKW6tznL7f3iMR1AbBX8DmrXiT4DtqGmrfeCtUS9tplMiW0zgrzyBFKBjAyQN3fqeuNltLttTXzLiLzVwdmeoX615bP4s/wCEYv3bwdrUkW4ESIvzR7hx0YFG9iBn3r6x1qVrVVdHy8KFTem3c8V1/wAK614dvJLa6tpEeJtsiMPmUjn3BHuOKwo2LNz8ua9sbxrdGJ2v4opjKW86eSMPKd5ySpPT8K4u/udC1WWdrWAjaMmXo7Y747+nNfN4uEOf93se7hua3vrUxdMlRXZS21j29fxrq7TW9kn2aYl1B79R+NczaafufzrWRZwe3Rh9RTTb3P2s7kMe0965GujOtSaPUo9XjTKiFJom/vZVlI7qc16t4Z8V6ppPkanbXUsiR5VcS7JkH8QWQc/8BPFfL7PfLJ8rZ3ehqI3uoQvjznj3ddrEfnis3Rb2NlXummfqJ4O8S3Hj3Sb/AFlrdZbfTDGlzPGFjljZ8BTLHuO4knqnHXAwDhhZDvdeUPrX59+EPG3iLw7qcWp6TdNa3cXVlPyuo/hdD8rA+jAivUl+MfiCTxFN4mkghaS7K/aYlDJDMEUKMrk4PHBB457EivqsozythrRk7xPmcwyajWTlHRn0xcWMd7E9psAx8yHHOR/iM1kabd3enMLoBmts7XAPGD0yP61J4F8eaH8Stc0/w/ovl6HfXkixbr2VUhRiOvmjPy54GQPcCve/HXw18ZeGNIXV7nSUubO3LRzXFuBNDIowC2+PIHHPzY/SujNsThcUuzObL8PiaD1V0eA6vpOnT28uq6VGzWhyZVHD28n99R/c9fT6dM+G9ivdOiW/O+SMgHd/s/db6GugtJIbOVhZO8aS5DKw7HtXK654ek0TW7W9bP8AZeojYdvzJDL2UHsDwR/wL0r46U5Ualmz6RxVSOp2FjMLqUKz/wCpXCg+9ayJnJJzXB2V2unalJJcM2CNhwMgAnhvw/lXcpNEY1YyKp9CeSD0I9q/XuDM/jVh7Go9T8v4tyV05+1p7MULtJ9aO24GlDbjndxSHJr9CaPhmRMcyiIjcODg+tRoCiNNncobDL6D1FPx/pIX+8vX0IpYguwsV6tz7exrO2pta0SVWBwRypGQakqFQkbmNTlSCV9qkXritkzEaQucCmfNyB0NT8n8KQjgACmYNFdrWNxmIbJAc7u/4iniSSM7Zl3A/wAS9PxFWVyMDH1ppA25WtDS5GDuGV5wcfSnbCR06VCEYNlTt/kamWYHrwemKAdMAo6UhU9afx2oJoM2ivK4WPcx+n1psSMuXl+8x7UoxISXX5VPyj3qbJbDH/8AVQIbnr2o3NxjinYXn+KlweMcVoAgOQc84pKcSBn1FL79aCGIMEcHFIQpO7pScjoMUDOeOaBDcehox7ZxUmM9RjFAHGQetAEYAz/s96ij+RmQg4B+XntUxGeKjY+WFb72Dj86AJcj73pxQME/ShhyPelTqc8VoaDsEg80mOmRmjvgmnnI4xxUtkNkWF9xS4PrxT/wyKQ/TrVFEJHXPb0pQMdehp/8qaR6ZNBlPcYVHUUn1qXk8mmlaCRg46UD34oPBoPPSgB4FBGRSp900Dptxknig3TIwGzg/WnbWz9eak5Bw3UcUmQOtA7jTnHFNOe54qTjpmmnH40BcZRRTtpzQZ+0EIYEY70nHrUoxk+1NI59QadyeZjADjFKcBc9M0uMHBoAxRcOZifeGe4o5ZcelGTnNGBuqzZBnikznvin4zz0pnsaAEb69aNvpTgM96AAfxoAbtI5oqXvj0pNv60AMwM0DAzjigj5ue3el7igBWDY4H503BHtipW5BPWkzjPHagBhC9+9Nx3NLg0mD35oAUAjmjjr1o9s0vqMUAJzj60vGaOQTnvScYHrQA08c4JpSueOlPxnk8CmDI+UnJoAZjBwaPfpT+nSkx+FaGYwD0p3Xrx9aXHPOR9KcOfu/rWZoR7RzxSc7QTzTyMDHejGGzjitDMYKUfLkdzQScYFHP1oAQ4x1oIB+UduaUnK4PSgluOcfSgBmMj5zwaQqBjacmpcLnGc03PBzyTQAz2oziiigBrdV9/ajbjnNO96OtAEeB+Bo57cijB/AUZ9sZrM0EbntTBnPHNSEMe/Skx196AP/9X7Q70Ud6K/eEfgDFC96UccGlpetWmIr0U/aKNorUzIyO9MI7HmpyPSmEZqkyWiuybuBkD1qpLbIeQSG9fWtDB9aQrkc1RJjLJJGdr8gVbSUMOOtSPAhU4zVJ4SjEpninzCuXly3NSbQOaoRXHIRuKubs8UcwXCiiiqTMBgBzilK5p1A5qkxNEeO1M5FP6Uhx3rcmwyin4ApaAsQGkqQgnrxTQqetXckbRnHSnYpdopgyM8jNQstT+9NIzRcZWwaXAFTbcc0wqa0Ai600jkGpqbg56UAQjAJpmVzirBzioyhLA5oAh2k9KCMVIRt696aVz9KBMYRnrTcenFPoI4+tBBERg57VGRU5HAGOlM+opsbIie9NIIOfWp9vHTNNxjtSERYBpNtPwaSgCPGKKkqM8UAGKjZe4qWm007AViAc4pMVNtHem4PatPamDIiCPpTT64qXp1pNtIRFjvSY70/wBqOtAEHPpTCParBFREUAFFO6HmjAJ6Yq7nQRtTGzgVY2jHNRsoxxVXFLYgphHvUxHTNMxQmYDM+1JUmBSc9qq4EJFR9OKtYFRsvoKcZCaK2M+9OCkc9akC49qd19qpyEkQMhxxUe2rAz3FNYA00xtXKx9KaF9alxmk2e9MmzI9vpSYNS7aawIFAiPFJTz2ptBSYh6U08ACnHOKOc0FEZGeKUgEYNOIpucUAQkdhTR1xU2CeRTGGeRxQBCw5o/GnEZFRjrjFBLHj+VLtoB60YPrUsoYyA8jrTOKmOe1MdM9KcZWAhIz6YphUnjpUnPbpQAaqwEBXgj0pADnHpUzKc5pmOKQ7kYpGXPSpMY60neqTBkW3uKb7VLx60mMGqERU0jnIqQ4603IoAjJzUYOKkPNNUY6igBASeOtKVH5U4Uh4GOmaAIyM0zkHipOnFIR0NADT05pozUnFBxQBX759aaetOPBzTT1qGaEbDb05pKeR+dMpAGOaYSeB2NPAPJprDj6UxCNg00D5iPSnYIOfxpOSPXNXcmxEfypjZHSrG0elJt28qc0iiIrnkDGKbhh1HXvTyCeT+lNII5zkHtRcrmGke9NIxTsD6UmBQ0HOMwT1FNOR0qc803Z61BZDRTj14oNADRjPNeP/Fe8kvksfBlszGfVpY9wQZ2w7iNzDI/iHTuAa9ZubiKztZryc7YoEZ3b0CjJryTwLp02veI77x9fqVSQNDaA84UNjK+gUDb9SfeuTFVeb93HdnpYCmk/avoelaRpltoOlWuj2QxDaRrEuep2jBJ9yea0Kfw7UuAM8V0xjyqyOWrNyk5Mjpu3vTugp0aSytsjGT1qiErkfJ7YqNtvcZzUjMvI3dOppVaJkJSQEjtUSdzeEGjF1CxE8SPMxWWA74nU4ZT9a6jSNV0u+a10/XT5OpSMUhlA2w3gwAFJJ+WbOeMAN25OKoOEcYcZFc1d2VrKr6fqID2d0w25OCj9tp7Edj/9evDx+ETfNDRn0GCxrUVTnqux2GoafPZSMhQhATtz6E8VjTweaAynbInKn0Pv7V3cXieO98M2/h/X2R9QssJFO3LXCEqAwYnPmAffH8XByecclLHtOUO5fUVnl2Zc0vYVdJL8THM8q5Y+3o6wf4GfFKXJSQbZl+8vapkGenU1FcRSY86EZkH8qZb3MU/zxHO3hu2DXu+TPGcb6mosMT25Ma/vYzk5PG2ppIkGnLdBh+8dkAHoB1qKynltbqO+tnxJGRg4yPcfQ1ZuGjEcWIlijkZ2UKPlB4yAPxrjlzRe50xV0YzrxjvVcr++iY9Dn86uzL1I/Cs26SQxb16xENj2HWuo42tbEgO47hgk8e1VZZSzFYxnPfovvTLho5WRdxWFhuJHc9qrfaJJBss49xXg442j1rGrU0N6FPUabeMvgje2Qefu9PStS4VZLCQQQR3G8FSG+RkY/dK/jWXI0kUiATF1l5yo6H0NUdav77RYbiDVk+zyTxF4Xc54HAPtxXxOeYyPK4J2Pu8iwUlJTep4L8UNGkvbYteRlLnTslwCD+5I3k5HcZB4PTNeP6Zpk1veQXtlduk6EOjqMYIP45FfT+sW1u9hBrD3JuDOoD7SDgkcHPIxxivG/wCw5Y7ic2a7NnY8L+Br8wxEVDW5+kYV3XKyO9mVC1y55kyX64yee3vXMapr9ve2aWerKsgVvkYj5k29lx7VBr89/FMhlIFrt5P949xxXL6xLayzxPYq7xOo4Ych+5GK5fanUqQ66077NhlmWQEDb7+nFdL8OoJby/vPD9tHvub+JmgGeDJCCdn/AAIE857V5jJqc0Eyw3eXQN6cge1eieCtZtdB8U6frFvIxaGRWIUZLRk4cAHjJUkDNc1Z6G8UVdVtCXXWbRpIpIPlIx0C53AjsQTgjvXfaVrGkazpMTfLL5iKtxEf+eoAzj3zyD7UzxdGuneJru/hJ+xX2Jt23gxzDcsgH47Sfxrz6S0TQdW/tPTXKW8v+sQfdRuMEeqnP4ZxXBc0PStQ8LTR6M+s2G3VNJkXZKv3JYn7qy9Qy+o69e4rx1rCCSNoyOvr617dpmqHSdO/4SCwYXIliJkUHKNj7ynHUcEVwOt6ZYapaDWtDAhBLM0CnJjPXaOnA+lFOs76lzjc4S00uVtatPtagxRsGJ9QvPNSavdxz6nBNZLtQtu2jsVbjNWLSdvN33EnlsM/8Cqnbzxxys8fJBOQRXR7QxsdLocqywXl7H8sk6tFIp9V6EfhUOh3aC0vI5MHbsaPj8+azrK/hg1VIpThLkdug/CpdKA07UJIbjKxS5Xkdj0IFc7eptTiiW4WG5hORtwSeOOterfDjX303StW0qeNbzSb6MreWzAsGBxh0Gch1IGCMZwM9AR448jqCrjHOK3dNm1XRJzeW4AVo8MvDbo2wfw6daJxvGyLUUec6j4atorydNGlNzCjsUbGHKdcMB3B4/CvTgbq+8KW2vRKJDGfKuIycurLjDY9Mcn0498YV5p2oaTc2+oeUY7HWFYxSA5VW/iHTgj09K6fwHavay31jetvjlUuHB6Mvf8AEcflWzd0ZJanpfw2/tJtQi1PRbK3upLdMSC6RWhKPgHcpIzjrgZIwK+wG8O+O9X8O2V7pnhbwhNbXCDDvAyuCeSp2YKspHIr4X0zxTD4XmktrO4L28hE0ZGUKTdCAfcDBB/xz9ifDLxnda1pcV89o8ckJESy2xULcf3t6nGMAgZzg+2K+UzaFRS5j6HBVVJ8rMbTPBPxG8QKVTwHpfmJKA72ypkgdVY7yCD19eK9p8O+F9I8QWieH5/hfY+Zds2yePUPsuGIO0mJsldoHOWGfyxheDvHUfgzxLqGn3qXVnDrLFrTyWjLicngOrNgg5GACOc85wK9Z8NWfxJ0nT5fEFnB5qQOyyLLCk+WbaegO/gYPy9OucA185icRV+Loep7GJ0Vh+zR8LvBmhNrHxW0TUdDndvKL2ksc8bgjp5kReRcnkBmHpzzjx/Wf2Nvg741lc/Db4iLZXDJuFnqo8t9x5CjzFUtkdxn16V6InxG+JvhqOC58c+HLbVdAEzzvD5U9uFDADh+VAGRjcD6ZrOvPjr8OrzURdJ4CZYTIGeNNQZGCE8qmFx06ZwOwxUUcTUavcxeFk9GfFXj79k74sfDiCSVrB9StrTL+basshCKchx5bEkfQZHU14lqFxqMVkt9BHJpupqdskeDGk5XqfTdzz2PU1+rlp+0N4LGpotp4cvNGtYc/Zri2dHlRyvIkBfDgnI5P3fTqPPPiH4g+CXxkuodV8WQiyv7eJY5XOLU3DjgSkISpZcnHTAOORjHpUMxkvjQVMC18J+cV5qlvqWnCPUlMshjCuNnDep9uec9qzdK0630uf8AtPQrmSJ3QgoTgc9QR3H1zX0F49+CF3oFq11pGofbLeIthnQRv5YBKnduIfpjgD1+nzwdC8X6XMQ9gHj6qxYbTn8jXt0MUpK6PNr4e0rHP2+ma9LHdy3yB0usqjgjKsPoPyrmPE3i29udOtkGoS3s4UqZLgkyRgYwqseoOTjk4+vT3gSww2gaePazcmMDIB74ryzxL8P7bxDdJqFpdLp0Nyx8tmH7hX2/dcjlCTz/AE9PTp4lPVnl18NJfCeV6BqPlalbvd5dEcMcnPK8/wBK6zUtO0/UvDF1rxfypLjUGjRl7AIX6fWpNS+DXxM8NWVxrd/oc9zpNtH5jXtqPPtwhzhjImQB/vYPtWFcGWPwZpMVvKcy3d1NLGR6AIpHt179+e1d9OrF7M4nSkviRzOm6Jdz6nF5sBuoUZXkXDFDGrDduK8gEcE8da9x8c+F/C9/af2/4Igk0i7TYZdOzuSMscEwScEjPzc9OeBwByHga6uILiVopvL81fLfGCQre3pXSa0Lqzv/ALHexkbMMMcFkb+JT0IP8+OtZ1qrudVBJLQ87s/FWq2Nv5E1zMWRiWG44Yk5yQTyQa9qtvi1feI9MtNF8UxC7igbMM4UpIgxhh1xgisx/ClrqtjiCJQEG5GlXa5PpnvXO6F4T1Q3909vA93JbKSUiHyhR3OeK5Ks6b3Oxc+6PWbvXj4bsUm8PT58xwJY5BujdMHGQMZweh4P4ZqM65ZX1jJqbtHZvbDLws+M57rnrn/9dcuvhzU30kajqMsdtAH+UOw6V5rr18RdiyibITBJ7EGtMNG0rxMa9T3bM6nxH421PWYhpNgfKsAysUA+ZyOcMe657fSucujY6fpTajdr/pcp8uJF/hPqfoK5TUrudFSO2ZoigOSOCfxo0aC51u5SxjJOXU7j82Bnk/lX0Kqylq2eHGEY6RJ7O580FrhiRnvxWjc6naxxxLb2yKScyMOrj06VkeItQhudTe308A2tsAqsARuwOT+fT86SC3aRI5uBg9D3p8xRdtYxGWZPlHPT1q7aXcq5juH3R5zhqjlGGMOdp4rOnnSFGU8sePxqQL13fGe4VYbbKg4LJ796cLWKKQxzl13cjcM81a0K4dWAl+SNsE8c1c1mRZr1ni5QADPaqRBEsFlANzXGCPY1o6TqaWjuJWjuYZAQVkHI9CORzXGTzKW55FdJo3hi51hw8bpHDGhld3yAFHYY7muhsLHrPw/srC81rzbC6+WFGkYHt0XBPTv+lfXfw8+Ld58KbyCDw94rlszduJJ7a6YmxdhkcA/JgjqcjoOQcV8jafC2heFJfsSEJeMdrgZLE4H8qrSeO9J0vTtO0vxJpUl3GsjJIyYEsQLEllzySB2yOmK8rGYeU1oejhpxW59r+Kry71m/v/EVxawq92xmZLKIRRLuAJ8tQTwfvde9cjaaxpGr2cmiXb7lyCoYdGH8QPYj1/pXo3wb+FWnfEbw7qWofBPxqup3Ngvy6VcxNBM8eFO35yF3j024P97HzVUtPCui2mswaf4s8LTIyt5U1ysUttuaQblXadqh88EBu3Ga+WxOZTpzcamtj3qOXUakbwsjyTUV8mBzBiby3IJPVwDjAPvU+iX1hd2qwMxS4jk3YbsOCB6EV9J3P7OVtaeIXP8Awl1lpGjyYkjt70l5gG/hRfl3DPAOR9TWF4w+HXwd1DWUTwbrl1aaiqqTDc2sqWpdAScSsNyqW7nOO2cgD28qz/kkqkdDxMyyFSi4y1OBgkWeHzV24BIbHY/SnAwZ/wBbj61VhmTShMl3YAuh2uyOMZXjOVyCPet6O7028jS4MCSJ0B61/QXDvEaxdNa6o/Es74feHm7rQx2Vju2EHHTB5qJX3IWHA8wZB6VvraQMJXgHmRZ6jggelZK29rHPIrM8Ubkc4yAa+l9ueF7D3SK6BMSsg2tHIpOO4HGKskEMSwxn+fpUksbsrqPmVQcdjimKqnO47SQDg81vGrqcjhoJ70ZIoo69K6znJcjGe9Jx2pVAxmgbeg6GtDMrkZyG6U0gldp6CpcZ60o5ZR2rM0II3K4DnnsaJZNoAH3pDtFSSIkg2kZ5qCPLTlWH+rH60ErVEwHlgK3IFPwOgoIyuG6mnqtaGTGUVJgUYFWmIaVyeKbnb26nHFSUUkyLEeOvekPXHSpcbcnrmmlRk9iaoQntnIo2gkYPSkwR0pT0AxQA489qhkUlSMVL70wjNADc55zS8DmmqPkU5qUkjigLCYB5xSnO3g/hTSx+nvRkL8x496AFBHBzRjOe9Keo5zn1oI28UACj9KTPTmjPrTs5AwKAGNjoDSNjoT+VOwe/FLwAcitCeVkO0ijbjpT9pAyabkE4AoDlYZ9O1Gc80nTrS9ecdK05CQzgj3oxjFHOckUZ7Yo5AF68Hg0cjt+NOO3oaARj5uRQFhhGKU9jSn6Y7/hSYz1rMBPpRTsHt0ox6UAN6YBGc0euT0o9Paj1960AFAwcHNGPWl7cdqXBPJoAacZ5NIVBB7U4gAHvTSTig1jIaATj0FOQE57UuFyue46U5QMbj1oLAZ4xwetIwBNP6kZ6ig84x0NAELDBA7UhHJxT2wCB6UnQmgwaAdKAtPC8c0baDcaQQDTcVPjGM96ZjPSgBhTnNKKUg96AcVSRLYmMgUhGKfgg0nJoaEmMGOhoOO3WntngDtSA8HPepLGlQwAPWnNjoOSaUndgDtQPlJB5yK0Mxipg5Yc0Y69vpS8E4NAPBx0rM0Gk0h6nPrRnpnpSj36imwQgHORwM03aM5Bwal4Izik2jHApAR4puDU200EDFaGZGFz+FBGBTwcGkbk/WgCLHtimmpCfUgfWjH4/SgCPHal9T607H6UhHbNAEZHNJ95zGeirnNSMAMHOc02k0NMjyvTnpS8Ed6MtnFGeDTEf/9b7RHWnfUUMdiFj/CM185fEz4r/ANgP9ihf982eEOGVRg5x1GcjGevPpX7TisfCjFOR+D0MPKo7I+je/Slr5P8Ahp8WNS1u6WznneV3Ofm6DjOBk19Xhg8aP03jNdOGre0pqpbcWIoOnLlYzBowagu761sk3yODyBgdcn6Vz2leNNE1u6e0spd7x9eKX1mHNy31MHQdrnUU0+oqbgjKnI+lJkdK6YysQokW31ox3p5BHWgY71sIix1qIqKmamgHOaAKElur8ng1VPmwyYHK1tED+IVDLHngVZhzMpxuHPPFWMjA71TlgYHKHFRpMUwr8U0w5DQOPpTePrTQQR604Y+lVzGQhGaTbTqdtqgGgEUAY7UhHPWnYoAiIJ600p61OaYR6VZm0RbSaQ1JS7Qea1AhI7004AAqwRjrzTDjGKQEZHHNQ896sEflTGAP1q+YCvzRz61NsPrRtHpWjkBAV4phFT4NJtFSBDtzzTCo6Vaximlc0c4FTb37U3aBVojHFREVSkKxEUBPJqMID3qyRnkU0j1FUNxRFsX1qMqAcZqYg846U3GfrQKxBg0uDThS0EERHFN6nmpvY1HtzzQBCaSpSvrTNtAENGTUlFBg0QEDpQ3oKk29xQB3xQHKyAZAJpu3P0qxtwCaQoSB60D5WQEetN25HNTYpCCelaCsREYJ4zSYPfmpMUYz14oNxmOlMI4OetSlTTGGMUClsRY6YprKMnvUo757UYHagwK2PQUmOxOKmI/GmYx2oAYQRSGpM+9NPPetAI8A0bafTcU7gNIxURXuDzVimlfSqUgK+OaaQc1Pxn3pNvc9avmAhIqIg9Ku45qI00wauVijdqjOR1FWSMdKiYNTMyL8KOfWn80mBQAykwKftpOnSgfMRt+VNAH1qWk/Sgsj2gVCU5yKnYc0hXigCuOppafgUuBQBHRS44zSUmgCkPSnYPtgU09KVgRCVpoGKkzTW61RmRleuahIxVjAppHWg0INuetNIPSpttNIoKUiIioip7VYxikK556GgxIdopMCnUVXMbWGYFBFSDrTCCWo5g5SM7h/DTSSOgqQkDio8etNsEhAP1pvfOaf1pNo6+tQURFR+dRsD+VWCPbpTMAfjQBABml2CpAtI1ADDjioj19Km24wPXmm7cigCHkjOKeFx14qTaoXFGPek5MlkR5qOnkZppU4zVpjYwr6d6aTUp7fSmFelNgQ5+lIWAxmpcHtSZ6ZouBFnJ6daaAR+NSdByOaQrkjPQigRGV4GKcQmCWPIo6HntVS6uLe2QzTNhEBJPsKicrK5tRjd2PN/iFNdX8dp4R04iS61VwWAONqIc/MewOM/QH6V6JY6bb6XY2+nWgxFbIsa/RBiuC8BaXealPqHjPWkU3N9Iy25B4WMHnA7ZPHrx78+lmuLCwvJ1GenXnyRVNfMhVPm5FGCMkdKUggYJ61Xc7TsQ5JrtOAbM+3gcn0pph8zBlJ47A4H41IkQXpknuT3qXBpWNU7EajbwoAHpTHUD7qjJ7ip/0/CmHk+n0oaFzlBwx5ty0ZTkqeQffFVXlt7xXtLpfv/wAPQ/VT61pSRh+uc+o61UlUTbVl4YfcfFcc4tM7YTVvMzniS6t20TV1MgKjyZiM79o7ns49e/8APnxr2o+HL6KDWy1xaSkqkoHzPjAAYkj5gO/frzXU4SZJLS9IU9QR1z/eWsh7q0v430DWIDPKwOGxtWQdnUn7rD+fNeNmGAVT3ou0l1PYy/MZ0XyyXNB7o6g3EVzbRXtkC8EwyGHb2I7EZ5rnpbdIrs3QDFWGHUHrXB2eqeIPh/qw0rUi8+m3T5ifgqynAIxwA6gc/wCBr0c+TqNmt5a3QeF+eBgqfQ1z5dm7k/YV9Jr8TtzLJUl9Yoawf4EUQu7dPOspftELcmJvv/gfWul0+7N9bJMgDCEhmjbquT3Hoa4+KWJbgiMs0yjkDIGPX0rdu9G1/SnW98qSxmKBsMcGRCMjI7g4/MetejWrNHk0YI3HtftbSTRReUc/dHT3x+Nc5f3cFpMltKcyynGwdcep9B9ajt9Zb+zJr691CS3eJisgaUoF9Cea8X1n4mabFLdxhPtE4b9zcs3ykDjBB5968XGcQ+wVmezgshWIle1j1WK7eO6lhXy4wPmUOQfqPrXPSajqJkkhtriNWLZkKgdD2zg15E3xIZ4G326GRfuvGTg59iT/ADrmbz4k6iyusVnEgI+YtuOT2OAVrwcVxQ3F2Pfw/DUYyVz2WbxHNbStp4QEg8yBsg+3cVzlw0KxXj6pIHFwuFB+v8NeNJ4r8TPh1eCRCcbWTsfoQf1q9cCGZTJqFwofGRGhzg/jXxeIxs6kuaTPr8PgoU4+6j0V20240YC1u0SSAHALAnn2rl7nUbc28SNOGfndjnGPpWLdaNp+kKsy3RHmIGAI9fesu1gsbuZEn/eKeeCVP6V5OKq3O+jCxn3l9Z6hK9hdKsYXO2UnOPciuPa8fT5BuOBG2Fdeefaux1nQLcubiHKxqenoPc1ysSxWTSW9yomtpT8+f5g/w1y05HTYzPEcenXt3/aOnElXUFsjHzdxiuTinljmWNMpsOQw6jHTmu8tdLs5gfKndFUkhD3HoD3qPVdNtHixZvEkjArtb5Rkeh9azqzKijvbHxY3ibRrPS7+VXutOi8lCVC74uAAexwBj14rJlkjtJmsr9FMM6YX0IPBGexFYHhVV0nWIotZhItJwYpXAJ2q2PnGOQVPPT1rrNXgtftkumXMfm+Sf3cqkgMP4WH9eT6VwzbR1x1OX0a5vvDmotp8hNxps/3juwMHgkZ4Bx1Hf8q6u4trjw5fqbZRLDICyMejIQODz1Gevfg+1ZtytlNatFL/AKjOx8feU+tRRrd6SEivX+0WUXCt/dT2/wAPyqXO5fKVtS0611ayzaqLd1lZsdcZ7H2rkGgNjcLFcgfvePYf/Wrr5pGttReSx+eKT5lC8jDdjVW5jW7kkkeIBV52nqpHpWkZkyhY4XWpFjeJ1BDQDqK7K3u4NasbHUgxWWzYKw7OBzWFJAk8xAIC4wc07wobu21D+y58G3lf5R354rRmUHZmhfyNcxPeLgDdg+2OK63w0z6kkdsrhplUkH2Fcdc2ptr68sGfMTHcP+Bc1c0lm0DF2khDZ2r9D1pdDU9jSfT9T0+bQJ0Y2YYMUK4ZZMEblPVSPb3ry59M1HTtQjt5lOwEPGwHDKD149fQ165ptk+q6db6/C4Bf5ZEbgsOMEHvnr9K5fxlr9hYgabp3+kzsMH0jbPT3Pt2rmp1JX0KqWRj61pVrcJs80QsBuKcHOeRWbouqXmjILJZSYi+8AOQQx4Ncrqi6w91bmMnEi53Jzhu9VmM6XaJfTEuR1/l0ronh+dGdKtyu6Z7Xe+Ldd1mdDrM7XCocgsAG565YDJ6DrX0x8Evie/hXXoNZeSW6glJt7+335MkMwCnrnlch1PquPWvimxnZv3d028fw5613fh7xDc+GrxdWsMBkG1s4JCnHTIIzkDtXkY3LeaNkeph8a1ufZPxV1Xxv8MfF2o+HJ7mZdJugJLPzJXaMwS/NGArEghQdpxjkV5LbeI/E2oLNc2FgLl4FG/yV/vdCASSxI6henevobUom+NPwE0Tx74mvY11Lwms8Em4jM9qxUxFxxhuo3d8dMdPnbU/GcvhWS1XTVglF0pKRyEhAgxyCvPfj8a8vC0L3go7Hc8W1uzjrrxv4q06PyZ0MEdwSUEkOxg3GSpOP1zit7W/jTLPpWmafq2k6bqqWW9TI0TRu4cANuMTLk/KORivPvHHxP0zxPbJZ3ukLbywkqXgmLKCDycFc+33q8skjtLqVRaSMIT94tyV/DNe7h8rg43qRPLr5jUUvdkeya98XLa8sBpHh3SRotq2DcRJPJNHKykFWUSZKEY7HnjPSus8N+P9H1rSYNO1K6W3mjUJJFcQmQTY4B+UEY6ehB/CvkyK7ns7tCDvSN+T/ewa9BiRZbm3vGTEZ+bdWVXL47RQ6WLctZbno3iF4pZ5YdBYQCMAOobemD6ZyePrXj1p45sdAuZ9M1mye8tpTiQxNjcexwcfzrv7rU9HWCYXNyollUqoJCjJ75rwLXoLaOZ3imNzxzu4IbuAen6VeFw7+GRNer2PtjR/HA0rS4NR8AardDwhrUQh1GHAkWOYDZIrqwJQ7WGTwTzgkYFfLvxA8NaEsks3g7UWa1tS7w2skOxQGOWCMSSOnAI5P93PHH+BfG+u+A9VmvNBuAkV1tS5tpR5lvOgPKunuMjIwffHFe4alZeF/G7Nd+Cdnh7WLtBLHod05eGR1GZBa3LEABhysbjg5AbGMWsNyT5kYKs5RcWfM+nQagJ/tdujJNDk7TwT+B68dq+k/h//AGZ4rgjTXwWurV1e1hj5l8zdgDucFgPlOeo9K8n1u31Oz1Y6Rq1m+n38OFZcYJycBlPRlPYjIPY19E/CRJPhul344N1apqNhHuiebDhWfghEYYLhQc98kAVWLneOm5eHgr2Z9k6N+zCLfwlJ4t+Ld0/nxr5kemW8gVzE2QplcDIJJz8px2Jr5A+KHjfS0vo/CnhmKPT7cTmyj8kZJVX25aQfeJwuD9ckmqmsftGeNfiV4nS20iMzXtvFI6y28jKTsHzuQcLtAxwcrx0r5i0PV2m8SadLfxtL5t3EzSZLPjzASee/vXmYHLanM6lRnViMwio8kUek+Ltbh+33PhhWA+yxqV92Khj+QxXlekQXGseIrCGFfNlnkKYyBnYCcc/Sq/i7VPO8e6hqsZ8y3+1MFI/55L8mPwArS8JW8r+NLS3XCCG5imRs4+XcD1+lfTUqfKjx6s+Y43xPPd22uX1gyFHt5CjKeoPWugsJToHhSW7il8q91EbR2aNA2D9CRnkc8jHNZviiSS88fa557bn+1SE++Dg8/hWXeXRv9Lu2tyW+ykKvfgmu2GxwkEM0NwhjiHJ4JHauns7UxRW2/IVWP44qt4T0lxbJezKCB8zAj72egruU04C2+2XOVRWOAB0zRzAc1dEBjJJ/Dx+HasKztHupWnmQiAswQ/3sHtXTSWvmuJJfmiduQO69xWjdzi9mSZEEUMKgRxqAFUD0xj61SmBlRxNCDIRlsYAHYVkyzMxKEnbWpPdiOJ27ngYrnGWWSZYSDuc4A+tUn1IsW7eyl1G5W3ibaOrH0Fe26Tb21jprwSHZCBlvUgDpXN6XpVv4d0aTUdRkDXM5/wBGiT5s4AJZj6DPt+NYMNt4i8c6rB4c0FGmeZwp2naM9SXPQKoycnpiolUudMIpHrOgazFrerKNRn+zWEAGxCcINvQEep6f4V7Zpmi6d8SZ43s7W2kitgTNJdRqtvCoIyxZxgccnHPfGAcefWfhv4bfCbR4rjxxeJruvyg/8SmByoRgc5mlVsgY4xj6BuSPL/E3xQ8S+LBPFZSLp2mYEaWFvmO2SNOFUoD834/gAABXdQxllZI5K1Pme594eGfEf7O3wThvl8MXz+ItdmjHmJau/wBjEqZZDGx+b5TxkEgjsO3mXif9rf48eLtP1LQ7zQoNT8L6ky5tUtZQqiNsjZKh35yMk5PNfFml6nqaXUV5cfMsLDAA4OOo/Gvpnw9pmvapoUWq2N4kcEhyIxkP75G3Hf1rCOTUsRU5prUFj50VoyrZfEbXdXsJdJ1G9m0/7Cp8ixv13RIh/gglfDqOnyjH48muj+Fv7RXxP+Gmryar4eu/tcDoIpYJSZ4njX7qhXJIwe4NY9v4ButVlm82KW7HsScMf90E1zsXhDVNOnnSG3EaRsQVZiDkcEcjqPfFc2JyaFG+mh30c0lVW+p9DaV+1L4M17xRPefE3wjAIrwKgfT2ezkiKDbkpu8t8jrwDx+X0N4X8H/Ar4g27T/DHx3FZXJjZjZarH5Dnb1HmfcJ64xz045r82dd8KX96Y5vs33e+4fzzWCNQmtUht4IVQQn5njzuYe5zipw0qtGXNh5NEYmlTrRtVjc++NQ06TQb240qaSMSxSlH2SKyEjuHUlWHoc1lwxfbmnjGF2kYIIIzXxcni3WredLaPU7hbTcMxmRgFGeTtyenpX0D8GfjV4O8P6jcQeOLGPXdOuUYKA5hmilO0AqCy7iQMe3Uc199gOMq8IKOIjfzR8hi+EaU5OVJ28j0u8SVIZQxwwXGfWnQXL7AWUOvo3ORWiPEnw88So9smqS6TcLtKreeUqMp6/MjMAR/tEew61o3+gWsCxvot4l7Ayg5V1cj/vnjFfYZXxThqr5W7Hx+a8M4ilHmjG5z7qkxHlnYTxjtUbxGP5ZRtPr2NXHtZovllGCPzNIAVX5zlem09q+uhioP4ZXPlalCa+KJRo6VLIqxoHBG30PWocF+VU4966I1kzKVKSGE0ozxxiniP0GacVpmREVCndnkc1AF/j5z1xVh1JHsKdt2tx0rQCNG3qHwR9alBxUZ4YqB945/Kn1aZlKNgpcGlAp1MgZ0xRnrTj0qMnFAC4HB5oI6cZo57mg9ATQQ0BI7UrA8Y/OkOe/5UHb3rQQjdqYBgGpenvTenJ4oAgCqgA61IS38Iz7mozLsAKKWc9fSnBZJDjICHqB1oNagM/zbT8z46DpSKuR+8G45p6xrzswp9acFK5yeaDIQD1pxGOBxn1pQM5yelBGfmxmgBuM0YNTIgY7MZJNKwHOBgKaAICD3pQOOaceeQOaMeorQdyI8fe5pu0damIyeR06Uhywx0FCKTGYop3zAimkhiSAQPcYrQYhGaMCnAE0YwaACk+tHb6mlHX6UABxwxPtSDA5xntS+gPrTscYHHNAhgIxRxS4UdaXA7fhQYsjwT1pdhzxUmAOtAx60CGECl4PO2nEc0u3I60ARnbjmk2g4281Lt4FMHtxQAwDnPcU4Dk+lOIJxinY5Hp0oK5mR87s9sUhB4x9ad35oAwMmgOZif7VIAc5pwx909aQY6daDW4Y7Gj3HSndOlHHQ1aRLYn45puPfFO/DNOwD2wKYhntQAaXmjA9aAEwec8UZHG0ZoABJJ5oGSvAoAUnPPemgDgmnMB1PakGMn+VACEMD04puOxp3HPHFIRgdeRQAoBAG0032PQetPBGeOaY3yHjj9azNBMjHGKAy44PNLyTyKPn6HGPpTYkJQOBijrR2yasgT9KX8MUZFLxQA3bzmmsCDjtTvunHUU4BWOQaAIAvPPH1py8cHAp+ecCgrhccUAMI4PHFRHGMmpeD6jtSECoTKaGYyB6UxgBjmpPlAzt5pGAJ6VZJA3ODmlwSeRTyM4OM00rkgigD//X+iPFXxH0rRrJp3bqpxzjrx3+tfnt8SPEn/CR69calasf3mEwcDJXjIwTwQBX1Tr+hW+twGK5XduGPwB6V4V4j+D86SNPp1yVULwrjIJ9Nwxj8q+knmjqzTqM+GoZGqOsdSH4I6qLfxBAlxGVYNhTweCOn41983uu29vZqUb5tvyjoeB0x7V8D+B7G90fUfN1WLbHbjCnHGfXI9K3tf8AHN+96Z1LCKDoNxXpxn8a9bFZ5KnQUKZy1Ml9rWvJWOu+IXxB8RWdx5UaGKJ8qOhJGOoJ56HFeX/DzxDdS+JFCXLwGdguWc5U9iPTp2rZ8OfFjStaLaf4ghV0mbBLDehXtu38Hkd67/8A4V74Wul/tXw9IsM24uPKPBPoAfu9e1fI0eIZ0K3PVR9J/qvSqUXGj8z61sNSto7RGlnByAM5zk4wf1rTjnjnI2MOPQ18Ha14w1nQ7o2Du2CF+bPXJ5zXunwx8Wm7gCzyBSqgtk55PrX6HlXEsMVsfBZpw3Vw+vQ+hs7j1qMFMk7hz6V5l4i8e2VivlIQzkZz2riNN+IzjUIzcnZC7gZzng166zSEZWPFWAqNXsfQR60+sfTNbs9VtxNbMGwcHH6Vrda9aE7nD1sI1IOKkphGK0AiZUfkcH3qtJAjfeH5Vd56EUpG0VXMTymGUkibKZIq1HMh4PBq80RPbFUprXPOMGnzkuFyYEH/AOtThz0rOVniO2UEr6iraSA9DkU7mTgyQjkU6jrzR1quYgKYRipDxSU0BHS4NOwBS4NXzMCI9OaaegqUjApv1o5mBFgYwabj0qUrSe1HMwIT8vSlpcY5NHXitiGiMjBpABzzUrY9Ki7nigsKKKKDMYR3qEipjnpUZGeKaYEVFO20basCPb703b7VY4phA9aAKm3qRSY5wO1TEc59KYQehrQzsJhT+NNxUmB2FAB7igCA454pMegqXAz6UmBnFAFfFJxUuzrzmmlcUAQkYpPrxUh460hz160AMpMGnEEcUUAJRRRQBGVzmmgEfjU3WmheuaAG9Bg1E4Ax3qUqOuaa3agUtisR70zHvVg0mDWhjYi2/rTCp6VPTGXigRAVptSsD1qMr70AJjvTO9WDiocCtWy5sZSfWnkY6800jmhEDStIOtPpMCnzAM5pMc1JzScCncCEqKaR+NWMfjTCvpTuBB+lNIz0NTleuKj5OAOKLgRbARkVGRjtVnaR1qNhnnFUmZkPXjGMUw47c1JgngCkxVDTGVGwqc9KZUpjTIh1padgGlwKooYR8tRkdqlxSY7GgCHBwaTBqUj0phHb0oAZik25p3J5xRnPaiwyIgdDULIVPXg1YOSOlNPTFSkIgK4HHU0Edh1FSlcDrSFQMZPWqugK7LzkU3oDg8CrGz8qYU6Dt3pXCOxWdeM5phXBxVjaOvvQQM560yVErEH8aXHXnmpSBwcU3bQbIjIph3YqUg96afzoAgxilwcVMBxTehoAiI6im7cDJqbrzUeSRQAzt70m00/GOabz1oAjYHvTQoHQ1M2c80w4PSgCI8DJpBjJp5pMHJ6UAMwKQjI4/KnUfSgCOoyMVKRSfSmmJojxxzTSM8elS4GaZ1qhEbUgHPHNSEfrUY4PHWkwGHAzmuZ1i3XUrV7BiVR2Ukjqcdq6aZfk6dKzjGCV4xu5/KuetK/unZho294lsLOKwsIbG3+SOJQoFTMMYB6CpFyfoBTGboQcitoqysiKknKTZFK4j5xk1FGhwZCMMaUpvkJPQVZ+9gmgZEFAobtUuQKgY45JCj3oAOxJ7UwgBf7oNR75Hb9wv/Aj0/KkEBJ3SkyN+SilctIiMi4xEPNJ7D/Gk8tnH7w7cdAOv51ZVSo7KPpT9oC89B6d6zcGzSM0ihLYwyouARKDkOOv0NV5FjvENtcgxOPuuP4W9RWoSF5XjNVrryliK43Ox+Ue/rXDiIWO+hUv7pzV2ttq9hJ4b8SRgyv9xhxuK/ddCBwwx/TpxXl7ahqvhG7Olamyvj5oWb5UuIxwO/DjHT+Y5Pqk2ltqQb+0VeM5G10OGXHcHmsq+0zTNbtv+Ea8SjMjA/Z7oYBZuxUn7rjPK968DMsD7Zc0dJLZn0eV5g6D5Zaxe6KNr4ofU9Oivba3ETpwdp3YI4IPHfrW1f8AxH8ceItGsfDd/Msdvp7MbWQwq06hxhkMhHzJ/skHHbArxm1h8S+CdeOh6kgdJctFOwIhnjHQg9mHT1HQ8dfWbvxKjBZNKgTY6fvA/XcfQcYx+teBDN+V+yxHxI93EZKn+9w6Ti/wPAvHGs3Nnr81lqFx58iEtnAX73fA6fSvH9Wuri5m3t0/hFdx4lsvN1bULyVlmE0m7KtuxkDp+Oa4a/060u40juCcDO1lOGB+vNfF5niXKq3c+sy7D8tJJIrWd1dLL5DLwf4a6AIBbMJ03TD7gPAYelYml/D3UNZtbu70XUf32nlf3TtskbdnG0gAc46kiqYvb61uBFcs4mjI3B85z7g4ry61W+zPThTNlrnTZ7blGtZc4Kjj8T6VlW6xLMTHKA55OeAffPet2a6tdRjEqxBpNvzDoeOtT3CaTpvlM9vvjuVDBuu3HUe1cjrM6o0x7W+v6pab/Kae3g4yMnaO1ZhEunzLK/ysOgYcD866mw1VrMPFoV69sZV/eRMoYN9OtVLjUtWaXz7gJLt4HG365rjdRmvKZja/Mbd7bahLfxK2P0rIluIYh88O7cOTXUro8U8TymKNXfkKRjH41x92k1jvM1vII1zuaMbgBWPtbGvIUlaGaQRQyq4746inajBdWkavPEt7aSD92xBHPoG7EVBZy2E8vmW/zP7ja1ekeHd15E2mMqTQHJkhk+6V9QexHUEd6HUW4oUW2eM28dzJI39jzv5gPKMcEfmcEV6/bXz+IfDEAu4CNb0fKEgY+024wRkcYZMnkZzjpzxseKvhXpdo41XwdOWgAXzI5Ccxk55349vp79zwdtqPiPRNRBksyWg5JC7/AJSOuVOCPWuedZNaHRToNas3bTQo9Zs5r7TZBPdQ/wCtiH3tvYlc59qx4bS+Ms2iyRkxOM7GGGjz098Gu10nw/OupW3jHw3OlhJDMCIlw3lOeeQRjYfTBx6dh6DeDWJYW1XxdbG7t0YpFe26j93nBKsAB8pyPvAe3XjieIs7HVGKPDdPc2cotSQRC2OeuR2rQ1DT3uN11bDY/PI6Ee9N1DQXQzXVu7zQM3UDLLnucU62a+iQ2pVhk4wRjd+daKoNwuebXmmSx3LT/M27BKkenpVrS7eS7v7f7OP3wJ284r0J9Nk1ARR4MUi5ySP0Nc5NpNxpmspLnbhgeDiuqM0cvsTDuGea6aVurfeJ5IxW7YWQvgLiZN9nHjf2J6dKgOny6hDeTQD57RgXA54bPNdOmnmz0TzrSbdFBzInQ545q6j0EOTxC2kW00MM2YsbYg3VB2x9K87k+03Gr+aH3yzHIXpkt3Na2vvFeXEToBkAFlHSsPSZnudQu74oC9vH8oJ4966MPS0OKrUNXWbttOVbSN1Lk5L9/pXFmZ3vEaSQliRwaffyGdt4BJRS34muWhuJI7mNmb5c5ANdkInOpM9YluMJG3R2Ixir11qTWkaIQDJIe9ZUqCSeAIOFbcfpUd8VeRrk5ZUzWFSFzdTaPYPCvxMvLXw9eeF73cbO4DCN0OHhLfeGO6tz9OfXjzWHUL2S6uJZ8B+AdowK4G6177K6rECATye/4V0huvtFpKYTvaZAcjrUQw0Yy5kaSrNqxDeTDf5gY4Yn61my3MsRDRSlM+nSqi+YVZwScc1ViulZGhbkk16Cs1Y5pS7F8SvJIV8zKsOMHvXVjV55dEGkPKY2jyY2x1Ncnp8cccp3plu2OlWHaa4lCEY2k8461zToo0hUZL9jEkKLclpHjOd2eeaz54pJGMMy7yeOB2HSult03RL5mPSqUjILwRo+cDk0vZIv2pyjaHc27rcKT5Wc4PWpbiO4lnW6diVUY2+wrp5bg6kp28LAcGq8TI+XWPI6ZodNB7U39E8f6pBHBZ6io1Czg+VI5xuZAOmxyCRjtnIA4xWb4lhGvyvf2rNb7+kLfMMd/mHP6VJC9kGBMK7/AF21sF7SdlaNVhYeg4NYOnFPYr4lZsxPhd4l1D4deJNQ1qKLezabdwKcEr5ku3buwRxxyAc4qhp0UltfaFKBsdo3nI4+6wyM/UV2MMVvi53qFyoweMN61Y02DTLgyhFWK5gjO0ufkx6Z7Uc77Gfs+U8BW88y8llmOfMkZyP94k/1r07wfqGnWWrRajdATGOLy4xjoQcqQexGOKxZINI+1ppOoaeltIxzHPGoXHXGSBhlPT/69NtvLhULHD9xs1te6DlKeuTCLWr2a6UeZPI8jN/vncaxbKPyLSeJPuzOvHrjpXS67HDqrmeWPZwOnbjFVrfTsQxBA2AwYn1AquYz5D0HwutraakulXj7IdivIQOAAO9as9n/AGxqFybNhFYLjYGJG4DuPrXP6BFHqCajLcggSEKWOVwAOn41vzxNHpwtLJssRgEHoB2odSw4wOculgkuGigTbDENuR3I71r+IdMGnabYw5Ae4TeFHG0H1+tXvD+mGdCzZLQDJ4zuPpWdrNxPfSie4yzE7ABzjHYfSj2hfKee3CvDIGkTIHQZ7mtu3tzGiyGPfM/T2z2rp9M8FTXLLfeIrxNOtOu7HmOPTCDv+P4Vs6rrvhPRVfTfDFr54C4a8ufmc9eUAwF9QcA+oqvaX0REYpbjofA9zNow1LxDqEejWAIG+dsMd3ZF7e+ff3xyepeLJfDlx9i8ATi1hgYAXdu+ZXYryd4PHXHHIx1xwPKfEXiO+1q5KS3DvFCxEYZmYLnAJAJOCfat2C3vrLS1tLja02Ny45Iz6+4rWFK25nUqdi4BJqlyrX0zSTzvy7cszMeSx7knqanVZdOd/NG4Akcd6y7SaZDtb73c1anV4oBI7Z3HAFbLQhmjp8l1eyfZQx2g7h/sg19lfCeaa50WLSp3BuV3RqR1CKBt3DPTtn6Z9a+NNJeSCQSpwX4r6R8Kro95bQzSXsUU7nEcIddxKjuCcjPbj8ea78JW5ZJnBi6LkrI900/U9T0HUpLR1e3uU6qhVuSMgjGR0NZ3inUdS1gRahdcyrlZXIAycAAnAHZQKZpN3pct5HFr+qJb75UV2Zt7xxkgM+Mgkjk9s4xW54lvdHsbi90az1ODVrd1RkliGMd8EgsufYMfzyB7NbEUZ02pnl4aM4zVjziO/keBrG+jHlE5VtvYjkZrBtPDdpFfyQRyrGGAYsRklW6flVu/1e0gt18+RAqkfxfNx7e9YUt6dTuIZ7aUxyKMZBxwD0xXxj0Pp0drpfhXS71pLPUI7c3GSokIG9/ZXxv/AFrC8Q/BexWBm0O5a3mYZ8stvAI7HcNw/OrLSQS2jTXMrNJGctz6fxda621+1C13wXuI1AJLE5+bp9K/QOHp06lPkqJM+Vzh1adT2lNtHgd14O8aaTZC3+yO0cfDuclMduRn861tC8Vt4Puof7VF4loy4ZrWbIU+yswU/nX0XYatbqpjvrqGBguSGxtYemTx+FeSeIk0XVL+R4LZIIU7AfIx9QvQZ+ldmO4doOP7t2Iy/iCu5fvYmtc/ExZYy3hzXDdSH5hb6gjLOu7rtYPz9N2KoQfFXVoZUXUFhmKn5lQkcdeMsefxxWXp/h/wjdiK51ezCQt8oe3UxlSOckKBn8QTWyvwgtvEEdxeeErhp0tRukSYYk2eqlVy3025rzI5RiaEeajUZ6TzTB1pWrU19x6V4b+I3hPV4pH1SQafIoyBLIm1sHkBiRzzntXY2eoabqLk6bdxTW5Gd6yKVXHXOCa+SH+HesxM7yAyQgkBkzIhPcnHI/ECpz4f1e2sFs7a68t0kDjYWHOPX5SK0hnePou7MKuQ5fW+B2Pr6CKKeQrFOku0ZJQ5A9qY8Llzhcj1r5hN34m0+z2f2i/2uRAHIkYHHpkHNa3h7xr8R7ZWs4IU1QOcIX3tIpOAMkMCfyzmvdwPGtT4alO54mM4Fp/FSqI+gXQIwTGCeevpTTjPpXmlt4r8cM5GpaI6PGvIjjJJb1Ksen4/nWu3i/XLW1Fxd6HkEDlgyYz6gZx+lfQ0uLKf24M+bxHCdVNqMloda/QFWwQc8j9KnBUnI6GlOm+MV8PR+JTpMPlSOENork3YDgFX8o4bac44yRg5AAJqPSoNd1S1e5tfD944t2McgjCsyuuMgpw3cdq2jxhhL6uxzS4QxjWiuPoqS2jurwTn+zL1RaZ84+QxEWOu8gfLwM84qreX+mWsO5ZWOM7uMAY9Sa9CjxFhZ/DI4K3DOMpq8oaE1R1jya9pCBSbkHd/dy38qZBq0V1IqWqGUMQAQMda9aGKhLqeRUwlSO6N3K9hThlun6VD5VwvD4j9hyajMKfxMxroMGrD2kVepAOaYZVPAy5OenFPSJQcooxjvSuDncD6A4oER/vHwSdtSBVJ5yafhjxmnAFc5x9aAiRKmzGB65p20FgamdQrcHjHWmcNxmqixSEBxzUR5/E1N/SmjGPpVtmcg/Cjnpig+560AGkMlRiOQcNmmtx8o+bnmlGcEdutB5A96AGbW796U9hSABTnp+NOFACHgZ6UwnpinEe1IBjjdQWhvOBim85x61NtOM03BrTnFcXB+lNK+9P49SfrS7eo7mnzEkZXp7UoFKRyPakA6+9WMTGST3peuR0BpcAjBOBS4yeSMgUAMHp1o6YNKeOvJpO/HNAmHcUnOORwaU55zS4PJFBmIe3pRR0AzRgg80AHXrRTgO5p1ADdpxRzjjk0oBHsTSkE8jmgCPjrSZzUuB24xQBng0AMOf7tICcdKkbHaoyDnpVJAJt7mjA6U7bjmjBFUaCevHFHXHHFGCM+lHPHPFAAfUUgwTindOKAATnpQA0YznFKflAxSle9L7UAM5OQe9AAGe9Ap45wc8UAMIwKZ1yakxuzTT1z61mUmNA+gp3605fpmlPXPSmgbGbSTnp/Wm4y3SpDuPP6UEkjGeO1WSRlc5xwelIQCG3DJ61LxjnqKb1Jx2NAEIYMORjJoyOeKlK9cDqaRuc8CgBhHGTS9BgU4KpHPamhV6+tACU3qcd+1OpvfnrQAzDKDnmnE7cA80/5RuX8abjPIHNJoaY3j8KT6igD1oz61BYw8/T0pm3aO4/WpcDAPSmkbCPKcg1oZn//0O40nxBp2r2/n2kgcHjitKZ45hsZQw/OvivTtY1Pw+3mrKygHPH9K+ivBPif+141LTh3Yc56/jWSq3PO5Tvp9JtLlFR0GB6iuN1n4fabqMMiFSgbunBr0hfc5NBOO2TW0arKVA+Q9V+E93pzGaxXMCnKiRtr++CBgjv1FSaDf+IfDV8I4nkSNGDMhJKk+w6Z9xX1qwikGJUBHvWJeaHZ3iGIqNj9sVU4xmrSNIVXF6M8an1mx8TpIupwLGxOCehz65rMhu9R8MiRNFm3I/PQHA9ATXa6r8O0wZ9OHlhTkgH79ctdaNqVhDJLLFvQccZLfiBSw1GVKXNTZOJqxqR5Zowo/EMsmWvGdjzjcxOPzrQtrqS9lSJWK5IxjpWGth9tlSAhkJPPHT6g1634e8EC3uInu5Nytgrjhfxr6jA42mpL2z3Pm8TlsnFumj3r4YaTcafpAacnMhJCnnGOP/r16rGfWsXQ447DTo4Q4cBR81YGv+N7HQUdg29gemQOfqe1foc8bSpRTvpY/N6+GnztW1O+pDXLeGvFdp4jt99t26+ufeupbjg12UqylHmOapDldmMx260uD6U9eO1OO0/dPNbbk7jSSRgUxhkYqXHcUwisepmVJIQwwenpVKSEocxmtb7x5FMaMEHHWujmL5TPjn5CN1q0rDHFJLArAetUCktuTj5kY1SkRKJpYB5FIQRzVeOZX+UVaGMYNVzEciEPTpQfrRgehpTmgyG00jPWnkYxim9etVzAMPApvJHIxUnTg0mO5o5gIsGjBp9FMCIjPWm4INTMKZQBHTdvpU1NwO1XzsTREeDimMD1qfBPP86TGTz+lak2INvr3pcd8ZqQgjgGm4xyeaBEZSm7BU1MIxQBXKE9KjKkdan47UhAPWjnAgoOe3NSkYpNvtWgFcjrxmkK9Km78cU3k07isQlOeppCvPc1NtzRtPY0XCxVZMe9RbRn0qyysT1qMrg5zmrIIwAvPWkxmpQMdqOOy0AQY7UlS45xTcZ5NADcZ6UmMUuKcB6ilcCLH40woe1WMU0gj3qnUAioqSikBVK56GmkEE5qUqB0pMA5zQYNDCCRwKhK47VZwwHBppXP1qkzSUSryKQ89sVLsx2phXJ6GqM7DAD9aQgemKkA/ClPX1oEViMUgGOakIzzSgZ4oAjwaQgVLgikx3NUmBHUZyc9qkox61aYEfJqMj1GKmOO9IfQmquBEOlRmptuBTDSuZjQeKYw5p+OtNIqgIjmozj6VOcCmEA9qAIgvFJU22k280GhFjFFSlabgDqKAISM96jK1MV/CmEVoCI6aR3qTFJii4XI8mmkd8VJSlTjOaAIAM89KXB6nrSjjOTSnH4UrDGEcUxslqlZe3pRjsaUhEG0A59aNvSnEEmmhe9SbOCGMABu96YRyRU5UgcHg1GQQSaDEg+Ud8UY4yKl+XHK800gjpQBBg5z0NRkNyetWtvPvTTHkHBwapMpFTn8KTHOKlKnG3uKbx+IqihnPbnNGPwxTiP1oxx9KAGMPfNMIz2p5P8As038zQBEQaTGeoqT6DNJ9eKAGY+XpSEDrindR1xTcEj1oAhbI6U09OKkPA5poHrQABN3XvQ0fp1qReDSZ9O1TzMhsgZcAg0zZg5zVjHBz2qEnHNF2NXICpKtk5J4FQlA1z/sRqP1qwuRkdlP86YoJaZj/Ew2/SsWveO1P3RPftiq0nClv85q033gnqc1WnyF246mugiAiKQNx/i5p5dV4PX2qM+ZKePlUcYqSOMLyPzPWgCLLE4C7fc03yhnJbd9atkE8+lNIXoR0oAgVD+HoKftRSR0+tSgDipoxHkiVN49fSpcilEolcd80xipPPJrW+zAjMTB8+vBqrLGysEZNh/U1lKqaqkZr5JCK2PX1xTREhywGfc1OsRZ3Kr8w7nrirUVtI7bFGMdc1w1GpPc7VFxiRXUkc6AeV5YAAAX+dYd/p1tfQtBOm6E4JHQgjoVPY+9bk+Qf92qLS5b5zyfWs5xT0NYVGji9Yij8Q6Z/wAIn4nJGSGtb1cKwI+UFieN3zYP94deea8wtbHxF4avjpWtxl3QExuOY54xwGVvXHXPI7ivbL6C0vYniAyT+X1ryPxeuqeWNJ1q5/coAbadMrIjBezjBOO9fH8RZbCpDmXxI+04ezSUZcr2Z4jrlvHDfyTGB7aF5DtHJ29wMmuammtopPJj3OreuK9Rh1O60qT+yfF0cVzb3ADJLIhdZU7HLcNz3xnIrnfE3h/w3PYx3+gGS3e3f5gjE5jIPUMSQQcY/lX5ZW5lJqe5+m0YJK8djzme7nsCJ7Ycn5W6Z2+2a6Cx8V6Ze2P9m+IrIXlurFxIOJ03ABgrZxg4HGR+NcprLo0iGB8J3zXPpdxqS0T7tvBFc8oXNb2PUrPwzomoeZNot/NLArY7Bh6bh6+9Vb3S54pm0KeVhI3KMw4PpgjvXPaRfC0lki027aIXCfMAcYI561q6rqVxeSWzX7DzVXh+ctj+tZexkWjHEl9oOowzMRJ5eDgVT1rXL59SM0TGNGO7HbmrGqM5QXAA2gY45NUrxP7QskuosZTgr0zitoU11Rm52LX/AAnWrIqx3KROo6BVIP55x+la1r4xgceZJCVYfwFsA/jj+ledm3d5CVbDematC1uiAJxhO2Mf/rrOthY9ivbs9bOvaJdogvJfIkcZ+Ybkx6Z9fwqc6CiiPUtImGHG5XifJ/rivFbi3tWk8i6mdBjII6f/AKqs29rf2487RL3Geu1iG/I9686eCS2Z2UcQfQ/h7xKdJmiuU1VUmRwHiulby5R3B4KkY78EdvWvsLwb4B+HXjfR7jxz4ZK215aI0kmmHZdwl8EYj5zgsOO4yPlAIFfl3Nq+tS2zWF9ctKWOeQM59c4zXffDvSPiDqOr248I3hsbtG2pP5whwW4wXPGSMkA4Bx1zivPxeDur3O2lW1sfb1l4Z0/Vf7RPh77NJcapHt+zyupyw6iMjkN0xk5B7+mDfeHdY0jQtR0i6ZYpbfEhicht5KhsKwJGcHj1OBxXkmtfCj4/+DdafSLO+Fx9pT7WrJNhXMmdxzIi8kjnPHI9a5NfGXxv0RSl8nnIWZDHdRLKFZOqgbhtYHtwT6cV50KcW7KRq4vqdPd6JqmnWVtq4iH2O9kaIbFOY3THyuMcZByPXBrQ8Ua7f2vha50XxBopvpFCz6fd5MctsxxnPynejDGASPXJ42w+FPjd4w0aa5u/HHhtNV0W+j8iSB4GgG4EFWSQhtpBHXr6cgEbPhn4u+GL6f8AsXxig+wxl5LeVw/nW5OP3e5fvKV6cdfYKB0eyl0J50jx/TdeOo3MYkcCQ/LGT/EfSpNTZYPtEerw7ZFXKc9Pp2Oa9c1j4U+E/FBfxZ8N9SUWC5e4t9v7y2bkq4XgmNsZJH3evOCF8h8S3V1Z3BtL5PM8gBBnoO+Ae4960pSfNYw9qnsYNn9j0nUZ5Lhgsd5EVODk84I4+orldZ8T3EVpHpEHDS/fweq9Bn1qK+tLme8F9dBo4pgCgzgEDjg1q+KvDdnaf2d4g0/m3uY+R1UOgGdp+pr1LxOY5WGWb7CrSHdKZPLAPcEdah06z1C0mu5LhcAgpg9Oe9Z96tzGonBIRSSvtWvp1xdahEyyEnzOmO5rtWxzOnqZYspkgDEf647U75P0rl4tOllumjn/AHbw87WGOM9K77UrhoJhCo4tMOv1qLVLbz0XWY8sk+N3fDY6VcJhOmNjunhZAcksuPakspHlWWwl63HAJ7GqkhaCL75OCCuKSESX15DLGSixMC7D2obJ5SFvDl7f+dOInFvbcSOoyFzwM+gJ71pafGtpEhtXL4JX8q9X8MteaHdSW06gx6gDE64zkNwCMd684uwkGq6hEpJCTN94bTnPOR9aiE7uxU42VzMvLciCWS3XGFxgfyrBgj+zx/aCvXoD616LZ2Ml19l037jXTl8/7GM/0rjtUjNtdXVunzLBI6DP+wcZ/St4TMytBqbqvlMPv8HFakZkhiZn+Zj0+lY2m26yzs9wcImTx61ZmvJd/wAgG0HjNNjNV5mQ+URkkVUuZ4WQLbxjr8zd81LG4uI3ZE+c4B9M+1YrwyJepZAZdj296diL+ZZtpngufLUAiQHI7VNaSSRTMCPlBzUckccU6cAuvXPbFTRJu3c/eyc/WiwcxfgmFzMyxDND3UsUmGGVYflWTbs9uSI2O7tUiXBAMbsWckjHeonAcDY+2skDKx4bpmrEkhl0uaNPkdkIBFcff3NzayC2Y4J+bHt6V00ckWxUYnLKBx71jY1jIytBure5kFldgSjI2ljnaaZrcE0F7JDv2RRHgjv3q0+nWljfbV+6GDEj86v6vPaai7Mi8KAcE4J4oGczEzTKAp35yMVv2VuWtI4iCkrkjHXimaeYo1/cQDdjg9Tmu1092Fn5bwKsxGRIeoNRKRLZfvbc3GiWOmafF+82gTBAMuwHJ49SM1v6f4M1GWGOKMYdwC5Zh+7yeSc8nGfrVbw5pt5qF/Z28RMlzLKGRB8rMF68npjBzXda3ZX2ieI59Ivrj7DcXFurQSoQ4YNwQcdCSCPWsJEmN4gh0zQLsw2cxWIYTC/xsOteXajqzrdS21tGsRGMOByCe9VddvtSF35MrksgGVP8LHvWXbkSMZJW4UDJPfFaKJfMX7nItX8+QySyZO4n1rzXV7hi32ZG2kjn3rqJdYy8kaAYHQmuPltTe3DF22s5wDiumjExqvQ7f4U6RDbahceLrp4lt/D+y5KygN5kgyUQA4HOPr0A65B4o8QXPirXbvxDcxJbyXLcRx52oqgBRz3wOT61R1jSz4fsdLs0uUuDfwLct5ZyQGPAf0OQeOxFZ37wjBGwe/Wt4mKRAijzApON3U1oagY52hit2yI1xnHeqpuo4vkVNzetVI7uNphGuS59KoZ0cKSKhckBOmOM1q6YqlzIHC9s5FYiwM0Rldh7Lnmr9s1haxbrpXOey1pcDqr7x7c2M6Ldsl6rLhsjJ/NSP1qqfGNzE5t9PnaGCT5vLDcc/wCe1eaa80RugLQboXODuxn8uazYp2eHbGpOw43emP5U7SF7XyPal1/TLqUCSFkuDjc7NkVpS65YxeTbWl4rSHJ3KeF+tfPMl+kMXlxOdxzuNaHh6wu724zCQLeMgyMemDUukxqoj6Li1e+SLy3dGzwTjORXcad4i0e009BrDBXU7RliAVr5zk1p4Z5LNSVjwACDWnJeGaythKzPGh27zzzXThMROm7wMcRSVRcrPpCfxloOpWuIYwhhGGwPl+uTjivPtQ+IUU+pQWcsaQWkI2BwvDH1zzxXlB1nUrUNDCwKSAoOn3aig1OHS3J1KAssgOPfH14r1/7Yr9zz/wCyaMT6ztvHPg5dOb7WYoWXAIkUAHPdf8a1tP8AGmn3IXUdHnawaL5C8E2N3sNhBr5Ni8R+HtViMchaMj7quvb2Iz+tdTZX9i1iukaPdYuXz8uDyx98U/7bxBl/ZVHc91n8T6fe3MdlpUEwmUjJA3Bsd8Amnaje6Lpt7JLNFPLIvIBC7M+3PP41zfhDWP8AhXkP2vxLKsl1ej5Yo13+Wi9HZuPU8eh7np6jpnirRpHea2uVkjkbMnynofYgZFetlteNWVqrPMzKlOnG9FHH6XN4a8SagrXNtJZyv0MgKAjtgglevrXe6ZpEeh3kLWt+hcsdhwAEJGMEnI6GqU3iXTbU3UViyz28kLfKgxscj5Tg9PpS6fqMf9i2lnNb/aJpT95jk5Y8HJr6uhgqUp6I+bq5hVjHVs6K7tL2e6865vTvxtyqjH9Kjj0hzveS9dx0OcCplspVlZoA1uVHAzlc/Sp86nHH0ikJ6lRg5+nFfSUsFT/lPn6+Oq8/xF+2utWhA8vWb1dn3cTMAPwrfsNf1+3f7X/ac8jcruZiSR3H54rmoxcNt/fhfUBcVHFbpIuZizNuPfA/KpqZPhpqzggWc4qHw1Ger2PxR8WWS7dIv3sXUje9uxUyAZwJBkqw57rXd2Hxz1aW0Ft4m0nStc2ZCyXVkm/nruMe0EnucZr5/jVEGFUAe1Sg0ocP4VK3IU+IsW95s+q/Bnin4E6/DdR+PPCUVheFt0c9iv7nZnO3ymbCntyGyD2rRv8A4V/ATxNOy+CPGcWlTsBtgu1EaH1JchR9OO2PevkpLiWMYByKd9pkPKnBFcVbhpKXPSqSj87r8Rw4hlZxqRTPT/FvwW8ZeGZW2pHqcSqWElrKso2gkZwuG6DPTvXkLQzxkrJGVI9a2rTV9UsJfPsbqa2lAILxSNGxB7EqRx7Vv2HjrV7TT5tHvILbVbKYY2XcZdk5z8jghuvTOcdsV7mGhVhG0nzHkVvZzfMtDhVViu7GKYV6g9D1rWihsriQ/aXNoO2Fyuc4xntVe8tltJzE0gYLg5B3Aj2IrvjUXU5HTZmhwyB8lQOtJ58ZUgHIPFRKhZ3yvyA5HPWrqICQiqAD69qnnNOSwFgAOODjmjaA1RxYEQ3HuRTwMHBNbRZnNASAMkZxUS+p70/h+Tz6U44zt4OatsykMz2x9Kd05P40u3b75p3HYUyRCcAFaaF3fMT9aeAc8UvIoAbhT0XNAX2qTJHXvTc59sUANz/tUnXFPAJIPajGM5oLQ05xyfu03tnrS4BPzDgU7nOcdelNIzkxuBjOc0meOlLg9SOO9L36/XirIE9KOuDR1yKB3rQA69KcAv8AFxTRTht78UANxge1NIwTUvHAFM6mgtjMDGadhT0pRxyvNO5PB60EERU1IpIGKSigAoziinYoAbn86XBp2PzpuD3NADdw7U7rx2oO0c0g54XoKAHY/Cm7T9af+tKAfTFAEePaipKK0NCPAo60UUAJjC5zzmjAA296dgYPuaUfTk0AMwOtLSkEcUHBoAMccU3bzjpTwcU3qM+tADcZFNKnHSpB0pc0ARqpz7U4525x1p2cfSgnjGaAIjxgnnPGKUKBmlIzx+tIATyeAKAAYwcCjIGcjFPCjFBUY4oAjxTcY4xUh6UhGDQBH079aMehp+M9utJye3SgBmD0PWm8flTuTzRgAY7mgBpHU0YPXNO7YoI5x3oAZg4HeoyR34qXaabgZ5GaAGY9TSYHcU7BP0o2+pwazMz/0flHVtV822MWwhh0Pp9K6L4b6mbWTyTISC27J+8PX8K4KG5jkciTC49ar3OtDSm32rfOcjIrh5jxfapH1Xc/FOHRr0WcsqybcHPXAPuOPzr0zQfGOmeIF/0WT5gMnqRj69D17V+cdzq15eXQnkdmLccnp9K6zRNW1LTZ0urOd0ZTuGGIFdlKhoOFZs/RsYkGc1IFUH0r5w8H/GaF5FtNZJgcYUTZyhOcc9T+P8q97tNXtNSTdBIpb+6CM/kKOSS3OhJGmdrAqxzVeW3gkRleMEEVbWN9uCBmkckHDDtT5n0YcpyN54bsZmWYIN4xg4p+oRXi2TxWcm11UgeldMdrEZ5Apoxzt4pzvK3N0NYS5Tx7SPF/jLwvutHkM8L5ADjcAR3UjB/P8q4XXPF2sarcSvcFm3MTgngZ7CvpGSwtpDll5/WuP1vwRp983nhCrMDyPU/TFerQx7soyeh4uJy6EnzW1LfwN14x3RtJAd/lbiMZA5A49+g+lfQ+teLtK0hNlxKiORn5mAAHuTXyLpWnal4IuJtSsbgklCPujIA56Hg+teD+JfiBrHivxIbuW4LiJdqjP3O5wOgyfSvp1nb9mowPna2RqU7o+8dJ+KS3V+0IdWjY7VA/+v1/Cu//AOE40EXC2k8/lykZAYdfxHT8a/PvwvqN617A6gyM7gHjqCRXu+qeEriVFuo5GjcgHAPciuPEcZLD2jPc2w3CE69+Q+tI7iCcboXDg+hzUmz3r5Ji8UeL9AhVROzpGOuCScflXQaV8YdVgCpfQ+YrMMcAHng89693LuLcPX02Z4eYcIYuhLVXR9LUVl6Lqkeq2CXqLxJzx0rXz619bGsmro+eqUXF8siPbyaa0XFWCR2ppz0FV7QhwMmS2BO4fKc9RUSySodsi5HrWycEYIqB4QaFVE4ECyBgMNUqnOSBxVFoplJaHGfQ06OfkAjB7g9K1UzFw7F3GeRTduelGc9adnNaBcYRnFG2pN1LU8xjYrkcn2pAOKsFaTbimFiuRxSbeamI703pQPlZHgH3pCo78U84pRgigkgxgYHNJ+lPamhTWt2AzHejHankZpOOtCYmiIjnimEVLSEA1ZBCFPccUmAcrUxAB68VHjAJ7VoAwIB0OaYykdTTwD/DxQevSgCMjByKbtJFTbRRt5xmtAIPL/CoyGGVFW2HB5qIp39aAKmCabtJAFT7cU3GM1XMTykRU9RTCM9Km2+1GKOYfKQY7Yo4qTbml2jpVDIMAnmgqexzTtpBNGDQZkVFSMevFMIx0FS0A0gUm0U6ilYCEik2mpcUm0DvTTAiI7GmFcVORimH3qgIqaRzxUhHGRTaAISgIznrTTn0qXFIaDBkG3ik2/3eKkox/e4oEM5NNIqUU0jmgLFfbznNKV569KdSd60AjximkVKcZoIGKaYEZHX0qtg96tnkYA4qMofwqhcpCDyeKMDHSnHPPFL15xirQcpDtA4poAzzxU5QUbewqhkBQfezRgDvU/1pmB1xQBBjNBUnrTiD6UY9qAIiPXtUZGKsUwjt6UAQbT1NJt4qTb3IpNpzkdKQrEOM80mCKmIzTcGr5hlZuO1GGI5qVsUqmq5wIsYwKDTyuaaVxQBGB606ijIqGgEPIpm1qkowe9FgK5U96bipcDNJz/8AWpGsYkTDnNNxmpSM01vl59KCyArhuDimHAGasFe7D71QSqChwclecUHOyIgjBPOf5Uvr/Kmj5wGJ61JjjJPWgBmCaaRipMDoKb0oAr0VJUdaGgYIFN21NwR0z9ajOR3qGQ0R4BphqUgHkU0g46YpBYbg+lMC0/j1pMelAWIyD/jULgZx0AqwQTx1qucHnoBxWhuJtHbvUb7snAqwFXHHQ1G+FBHUUmUQ8dfWoXAMiirKrhAOgqM8yg+gqC0KI8HNHl8+1PI4o680CGFajKnP0qc9KYefwoAiC56cVIpdPumkw3brTCSKDQUtuzuGfamStJLHgZYxr8q0gxwccmo3m8iN58FwgyQK5amzOqlujgvFniefTms00qCRrmUMJSG27BwM5x9evpWVDrXiy1d59L1Y3G9drQ3MSsSO+HUjFat/p0GoeILEXs3lnVg0cC5CqZVAKKSePmztHQ5xWg/huG0Bu7NAjDiSNskhu4OelfKzpTnN+9Y+uhXhCCvFMxYvHUSy+Tr1lJZuON8R3ox7nnbx9M1fXWtEvJQIZyxY4BkOwH9aR9TWKM2phQxEcoyhsH8a5ZtN0q7hmnjkw6ORtxx+B9q4sTUrQ1g7nfh1RqL95Gx3TRyqcyKBFjP0FYOr6wn9mPbXVuk0bMGIIDLtB6YPFQWthPYxCMXLzQSqAYncmMcdAvapZrS5ih2eXH9mYZwCScD0yK5a2dtw/eKxvRyZc96Tueb+LvD9tP4caeORRp6/vEt3PzQtg8xMc8f7NfN9ta3Uk0arJlGcbskhMepznnpxX0j4z1OSfRbjSWh2LJHuj9iPXHTvXiDWok023Fuds7Aghj0IPXivis0jCo+eJ9nl0pw9yZV1zTdF+x7ktQXGSzqSR9TXKnRNInhjubFjHv8AlcZ4z6gdq9H8NaPrWsX1xosNt9okuoymNwCgsQMlzhVHPUkV19v8KPBXhGwnuPHniqPTrpd7CygkjuHUoOFYrnBY9uwwck5A+WniOR2aPo/Z82zPmG20jU4Z2eDEqRH7w4JH0rdv7O9nhjwG3p69a39V13RL64+z+HLQ2kcGU8xpPMMvP3vQdO3X8qyWbUWyzsxVT97HWumEuZXOYrxR6jZq0d2n4djVeUw52AGAHkqOhq1eazPCiiaPz0/WoBe6VcYcApIOqsPlqhmHJafaPNW2l8uXHGe/41jjU7zRZRFegyKw5zzx7Gt7U5YXmzAgUAeuBmsszlYjDcwi5Q9c9R+NKbMLDZZLe+T7RZMSWz8rdVNS2MMkS+dchl57etU7VY4JDdWoO3oU7AVDqGsXFlc7Sp2EBh6EGpaNIqyNsX8m9h5azezdR9DV+01mVcx6ffy2EhwHAcqhx0zjg/iK4pdR81964Td2q/5IuVDr8pPftXNVimjeM2j6A8O/tA/EHwyYLDWrv+2LO3QxrHM2WC9isnUEYGO2OMdMer6P4qs/itY3er27wWGpWh/e2kk43XI25V1DbQSACOB6ZPTHxN9lZHWCUlAf4j9386nOnXFoxJcqp/iQ9R9a86eBpc3MlqdcMRLqfoB8KfHNvb+IbXSF1KC30/U3CSG5x5SuR8pwwxnt07/Sug8S/B3wJ8SvFNzoGh28fhrxVYmTz4YXBt7lEAJkhyQBkcgD8scj8/rLRvE0tnNNpSSTW45kMbA4A7n0x61APEWv2MsZMk8U8OMvvbIC9O/BFP6sn1Enrc978V+F/HfwP8SpfaDqbosiER3MQIBz1SRQSOo4zwTgjkV5l/wn+o6xfxt4kjikgG4NiIckdPl5Gc/hTH+Juq3OkTWd8wvZ5cAyysxfb7kk54GB04rmRf2N5+6mjCl+/YURpKPQJHoC6pp2paWYETyJASrDOflOeQeOtXrXRta1jQbjQFYSJbOLi1Y8ghvvKG+pyB6k159DG2CifMp6YPWu+8B31xYXMemZfdI5ZVB6DHzAfUdvWne5Jzk1gbrQIIDH5T6Y7RSlhywc7gT9OlWvA3h97vUItIRBJNfsUhbqUkI4HvzXfajp8Euo6hpiZ/0hVKk9+AQfwPFYHhZdQ0TVIruQLHdWUqyqCckGMgj86v2gHHW/hya71HUdLumMd4qSBAVwfMQ8LzgjvVz4e6bDr8E/hi5AjnncyQNux86qAUz6EL8teo+NTAfiD/wl2nRmOzvnS5aM8/JKAJOeQeQ1cR4m0y10TWJF0+Iosh82MD5RtfkFcY6HIFX7QCp4i0S1gsk0y4xDewSMDgdhxgn8KwPBWlW914i/s+/Pl27hg5BA6Drk8da6rxLCBo2n668Uga83qzM2cOhPPfkkHFYXg1EfXntbgfPeQPHGeP8AWEqV/wDQTinTej1FUOyt7G+NxKzzDy9NmaITZ4DIcBvoeOa888Upavrn2i2nMkkw/fggYEo6lSOoPWvofwj4Jkg0XVb/AFI/a7UEQ3kIBIQPjy5N3XqSMjGMfjXzjr+h6h4f1+3sdSQq7srZ52srYwwz2INOjPUioropC7uG1CzK/I1uMj146VBfQQtC94Wy0jEtnuTyf1rYFqzeIY0hjMpLKuFGcKTjPHYdzS+NNPh0++s9Kzww81ivfcxGP0NdKq62OblOD+1Nb28tuFAeQYHtmr8FuHslRlzIf51WYrNqTrt+ROOnpV4yqtwETnaMj3re4yxJKUaO1jUhl5YCseylkbVHvc/MnT6itnT5vKuLm7kO6RY9qg989TWLbxI2okDIXBb/AIEe1NAkMumHmNcZ+Zyc/XvSJPKE3DOO1JLagHZICSuSAPem3e+AIgGMgZxVszlF3NAKIVN/IfkxhfrWYr7c3zH52J2A/wA66a00V9YtrPT42wkj5Z+wU1g61p0mm67PpkjbhbsFBHQqQGB/WoNCW1eN7QnV13sshZGPJAIHGfrXYabpcV6q31lKsqLn5Cec/SuEuiJmEX8IrSsZLiyLGPIXFZTiOnU8jZ1CzuY3LXCmPGfvAg8fWsMrbNko/wA1X77xPqV0q2upETQqeCw+dQewYY/XNT2el2eqQM9hN5MignD8A+1Zq/UpMp6PJMg+02xKtE27p65FegwahbjR5J5+XULtIHqea4jTreSxa5tbuMqTgrkHtnJrVthNEsNpJExhnYupIPT1qJoTR7D4MurGx1NNYvSwhjjPktg5VwRk4B54yPqa4nxF4puNS1R9Xvhm7L7xnA+UcKvToAAPfrWjea2bgRW0FvHawwRqh8sY3Y4JPue9cd4jisri+V7aUyKqgenPenCHcTRRuJnEsl5OwkkvOc+hrLlEoHkKOoyfwpg/eXaRLnYGxx2rrLrRUltWuoCQrnaCPbrW5mecTxLJnbxj9aZChkbA5K8nArchsomnMUoJVOw6mlv0FnE/kJsaTj3ppktGDcm3t+R80mPyrGmvLi7k2r0/nV37FLNggHfz171X8iRSUEe01rEggK+UD1L+tbVhZw2sBupiPNYfKD2qr5KIoO07uuKgjsb7ULgl28tGGBzWtyuVm7aJvug4fcNw3HPY1pas8Ud/JBCSVRQB7/SmJPpGjeXbyyF2j5cjnJ965nUdZE928tonynkYqYbkM1bePS0fzNQkKqOdoGST7elc/qjRqri2zFAxLAd6r+a24TOfmP8Anmn3Rd4i4OQo5U1rzE2OVCtJJtRSxbjGO5rvIXbSdMGng4klILYPrSaFbWd5cJIf3ZT5mH0qHVxG+tIyqxiDcZ74quYlojW+VZpYpmL4wue/BrsrWcDR45FYtBJIwHsRx/SvOXQpdOT0JLbj616JoukahJ4YWdwQisSvpljn+tZtmtMEs5ruSOO3/eBmAOOg6daxvFkMyWUKow3xStGRnqBn/CvQvD07abZSLND5ryt+o7is7W9P02OFX1eTy9r+Zgcls54/WrpE1N7HnuiaXrGpOPsMOcYJyQAB9TXodpB/ZQ862cC4t2+bPPPcVkReOtVtbWTTdJigtLOYBW2xkSn33BuvvRbTt5aWgHzyfM/+FdJgkd+jPqFit5EPLMpOeepra0G9msLjDHG1dzDPBArjJNTWGCG0tRsSPrkfnS3l+qyG5RztVR8oHJHet6VRoiUbnvXh24t/FOoNGkvk7RudHJUOB/CuPvEdcV6ctvIWhWyU3HlSLyoxtCnPP4V8seFNSvZ7201PTwREk+3nj51AJzg+h/WvqvS5oTpcWraXN5hmdUuUOPlYdsdQRn8a+94bzRN+ylufD8R5a4/vY7M6+GWOaXy+QwHIPGSf51P8qszDgDjrUVxBDI8bs/yqMhhxjFVYJprk+XOqhYjkMOr1+h0qh8BiFqXoVDAyv8vpmrMcY2ZPenQuqyI7LuVSCVPQipSdzEgYHpXRFXOaT5hKUYpKZu54rUBxWl6Ck3UtFwsBLZBApc9CBTSeRgcUZGAoHJoMLDy4wVIphZWXBGfXNMZioLdNvBpisSvPNZm4oVEYZ6Ht2qSGSNXKuDtQZJ74qs7BCHY7cdAailuf3/2ZDmSQZJ9q56zsbU9dB9uCLdFfBLEsfanF93X5fSgE/IoIQKO3vSBMHrnFdlPYwq6DwWb5hxUiAqvI5NJnnnqakwTz1xWrOQbjvRjvTvaj/ZqwG0Y4oqIsVOxu/T0oAlB6ClGDkAYpMDgk4NLxzmgAwccU3aS2ecClViSQVwKVcn+LGKLANxhw2cg9qAfwOelWI0EjkMMelRlOMk9K0gA0kjjNNKnHWn7AeaMA8UGY2ijIo4rQLC4C5Pf0pvIwxqTGeo/Gjg8EUDsMopxA7U2gLBR9aKKBBtHek28qaeM554owP/r0AMAxmlJAApvPHNOGfTrQAfSjA70vJoKmgBoXnjn60uCB0604KMCnEAHjvQBHgdPu0n0OadjngUhHHNABS/jSUAFunFWmWmNK5OaAuDmnDpQc4zTGIBiloGO5xTsAd6AGlSQaTAX7vOalxk+tRt7UAJ354ppHanj/AGucUrDdz0oAjPQGjoRTsZFL3zQA3H05oxxTvXjrRgf3aAI6Wko5oAUdCaQ9h607rgUoHr2oAbx3NN5zmpeopCPlyKAIeaTvUg6UUARBTk0Ec1LjmoyD1oATHr1owKXHr1ox3HWgBpOTx0pnQbqlA3DOaawUE5GaAIjz9DTWwKl2rgMOCKZ2LfpSQkf/0vgK1N3LMS3QfzroJNOhmQecNzDpXHT6qtswDcP3zwa0bbXLlxlFBB6Eda4GnfQ+ccDYXTlhYSMwAU5zWlHKpUGMj/GsKW5lmj2k4JHNFtMYh5bdex9KqNeSM1I0po/MJfHIPGO1dDofi7V/D4K2tw0UYOcDuawIpDKmSMjoTSTSQRsCRkjH51308XG3vHRCs0fU/gX9oJY7pbTxOm+AKFjk2AOD0+YDqPpj+Ve2WHimx12P7Xaybo3JI4459K/OiG5iln2IMEV3mgeK9Q0G6jaGXKxn7hJ2kHrx0z3qXOD1udMcQnufeW8MoYd6ZuwfrXl3hv4kafqcaC5KIzKQNvqOvBJ5/H8K9NjlhKK4YHPoc0uZHQpIs7ugPepOSM9hVcSZIIFNuJhEhycE0XBnmfxK1uDR9Du73OSqlAPVn+Ufzr89JNYutPvnuLZud2T3z6ivoT47+K2e5XQUbeEO9iOhJxjPrjkV8sSyAe9e3l0Hy3PMxOjPq74e/E/w9DPCuowiCRQGDdicYOCfT0/n2+wNK8T6Vr9pDLp8okWX7pyOfpjOa/IxL1VdcEq3516Z4I+IureF79Ggl32+dzRH7pPt6fhXnZ1kaxC5k/ePSyjOPYtRa0P02mhiuGCbTx6VXu/Cun3UQLptI6Eetee+BPiho3imCMLIsFySFMROSrH1IA/A9K9n3r5eN24GvzrEe3w8kno0feUXRrxuldE2k63caBZJYowkRM7cgZ5681v6d44E9z5F1HsGOSOledXMxaYqPujir9vEjDIHOK+ryvjTF0YpSlc+bzLgvDV72VrnV6z8V9D0WcwkmXkcDGcHvg44rqdI8Y6PrTRpDKFklGVB/wA4/Wvjn4vwW+laZNqZOJJQABnGcsBn8M5/CvG/Bvjy90+8hzdMsSdQOMHgbgRzX6JknFVTEPmnsfm2ccKLD3indn6oHZ2cH6U6vJ/hx4gl8QWhuZJlkTYOh6fXHevVkljC9eRX3lLERaufCVaTi7MjMZzkcVWmgBOTxnvXPeKfF2n+HtOlvriRQsfUs2APxrw3Q/jhNqGsJZTIGtpW46AgHvjJwKxWaUoz5Gwjg6ji5RR9Eqs0J+9vXHOanimV+M89xT4Jku4lkBC5HIqKaEA/KMH1HevSpyMJQ7lkYPNPz2rOM5jAD/nVpGDHKnPFa+0M/Zk2RSGlpD/OqTMRuAaaQKd3x6UGqC4zAFNYDtTzjpRtx15pmZEFGKUrnpT8d6XOKAIsBevSmFB1FSMM00ccGkBHRipNg7U0qa0AZgYxUbLUtIcY5ppiaK+31pcDNTbaTBrTnJsQ+1IARzUxBPSoyCeT2qrisR7e3rUfORirPB4NNKZyQOlDYFdg1RFe1WucZNREA04yGkRBBTSoFTqp9aCAKrmLKxWm4xU+2mVRmMPJFR7fmJFSdhSdKAImHemVP2wab0NNMCAL15o2mpSO+KYcE46VZmRnNIPepDjpRgUmgI8DHNMYY71JkUYFSBDtz04pNmOvNSYzzRtpAVT8vSowanKEUm32rQxcWQYz70bf8mpTs+tIVPagVgC8c0hWn49aXGelBuVCuc8U3aM5xUtIelO5gyI8elBPHIp2OOlM7dKLiGnB7VGSDmpMHvSFPwrRSK5mV9pPbmgDHXrVjpx60zAJxT5g5mRe1ID7Yp5U9DTCueRxV3JEY56DFRknPSnkYpME9aLgOwe9MKkGnlTSYxweasCMjNM479KkPH0ppA+7QAw+1M5B56VJjHBppANADMCo345qUg0gx3oAoTyiARsVyJHVM+hbgfrUgGWI9KhvkMlrIFAJQhxnsVORU6Nvw394ZoATsaO30p5Xt1zSBfwzQBBjFFSUzoaADP40nAp22kZSwxVNgRUUuDSHNTz+Rp7QTv0phAwRjrUlBHHXmkmQ3cr4KnbmmN3IHSp8c7T+dNIAGBxTEUQrCTaR8jdD71KF3ZxSygbcFsDtSRtvXg4I+9QFhwwMUw9OlSZGcDmmkEmgCHg00qe1TbMe9JjHvQFiEqcetM9jVgqDzTCuelB0EPT3qNgM1MQTxUZ+XjFNMBlLk07aKNopARHrlajCgrhqlIxSbaAG4JOFHAqCX5Rk9CamOQOlV5ydvHUVb2GLuG0k9Kr8+blecipm3HO7oRVYbluyE/hXNQaIs9QcimLkMwNSDoMDjvUQwXbHXFRJ9EId6HFVy3VgOTVgtwB3ahhu+UjFZ8rBIrk8dMH1puTt6ZzUrRrnAyenFVst1BAA7U9DZUyrc3tlaEJNMN5/gUFm/Ic1TuL64kjkjs9PnmVlOCV8tT9S1VtOmISWUJ/pCuRJn7xx71HceMLGNvLdXbHcFTn2615uJxUYr3methsK5NcqucxrJ1i60SPT9Rs1hCyh4rhW+aN1zsII6MOefy9aj0vx3qus3f8AYOp2/wDxNYsq7g7Tc7ejgYAGVwT2PUYHAzdb8XLOPs8cL3ERbdtHyjIyODgnv6Vy96z6pIl5DG0EsGPL5y6Y5GGAHfmvhM0ziFOfNFn3eXZTOcOWaPV0hnLlLmye2JHyHKuCc85Iq3AulT2kqTBbfA+6pAG455A+tc1rHj2PULaBJrZtMcLGrtE28swUByAwBAY5IGTjOMnGa514X11ngsDNepGdxYfMwHq20dK4anFNBxujupcM1L2lsddcy3Vrp5SZYygI2liMkD3zUWmeNrKy1hb4OqG2Ksn8Sbl6Zwe/evPbrSP7DtvtWrXDrArAbXY4yfQEkVjHU/CNrOIrhJ7mUHlIiFRl75ZiDz2r5/GZvKv8EdD3MLk8aD+Ih+Ivj/T9c10aheqIXk+WSaNW2y4AAbZkkbQMcdfSvIr7WNMglDWaNKpJKuVKg/nXV+J/E2g3l7aXfhzwulmtoHjkFzM9z5wOMMwO0Aj/AGeDnpXnC3epalcvDN5aID8qRrsA/DmvPlKVtT0ly9DQj17Vnlm8j5YpgAU3bRx61k/aIrq42XKhXfhs4Oce1XGgi01vNkG4+mawvssV/eNMsfl7ycc5rkdLXmNvaGdqWmy6awngi8tM5HHy4/rXa6TrVnqentaSQiO6jGOf4h/s1WlkMukrp2pDcAfkfPKgdq4G6MunyB42KkHgg9h39qICOh1ZIYt0sS5YcEDt9a4wTRbjHKdoPO4d/wAa6u28/WIJDaN/pCAs6nqw9q5CVIkkUuf3Qb94p6qaB3ZJcLKGXZ0IzzWes8sMrCXkHjNXNXZDHHfWkm8AYrOtb6OU7LpMgc5rMR0UqW32QRWpAlcbia5xjOYpLHUEzj5kJ706VgzFoSNh6DPSoTqM74tbnDKvQkc4rM0Mm2tre4niinkNvG7ANIBu2KTy23gnA5xW1eWc+kN5dhdfbLScZUgFcdPvKc7Tz681kXKKP3kDdO1Ja6qmfKu8oOm4c1Mka3sW4dTubUlJXLq3JRiCv4Z6fhXS2t7Z3kJWN2R248tvuj6Gua+yW8jYEnmK/O44/KrkOiaosP2mzXfCOMqRuHvjv+FZTsVFHU+GfEPijwdrH9qaDMbeYqVII3Rup4+ZTwcdR6Gt8+Pbe+hlsvFFipLgkPGNu3PT5WJwPofwrhrLUbq2uRHcAsBgZbr9a27pLTUSQFDFuM9GFc50XM+6XTZ0V4QIx2x3pBp8M8UYLbRnqOlVbywntYwdhaNTgY7U+zubbZ5c7MjLzz0oQDw99os4Ns/AO7HUfrXr2g+KvC3iEA+KFbTNQiKeTdQjMYxyN4zkYIx39cgZx5te6NfW1vHeoVuIZwGUK2cA+o45rNhAUlJIzGx9fep5bmqjc+obi2lt7xLueVZ1/gkRgwYexFRW+kXL6jLf2kD3JU+aRtLHGcnp2rxnQ9Xv9PYQfNLAcfLn7p9RX054M8Yabp9viYrNa30QR2x88Mi9CRyTg5GPxHHXkvY1dEt2mlv4r8MCzls5guiTku4U/uoLgHg8cDdzk+wNebaz4d1q6ij+12hYaW32bzEGQVPMZPPQgcH86+4v2efHGgeEvHU1n4nhFzZeI4TYzKcGOUEjyhk/dYHIB6EHsQDXpmieG9N03VfE9j4ejjt3tnI8uX5BNaABoncDhcAkFgME9cZpe07mfKflr4n0LWfD9hHBqluWs70+fFg8LMq7XXoDnBB9+3Q1wOhQPFrdneSoRFFKu5lGSoJxkD1HUe9ffHjjwFq1zajw74gu4lGoD7Ta3XVVlh6qQcEEoSpPTDcEngfFtpA9pqr20g2jdscHjac46Gr9ouhXImfdWpaVo/geayksbi4XSfEtuFIiG9hIoVkYb8ZDK5BUkEZP0HyZ+0fqemah40t47B0uDY26I0nlGJnIVQC6kAhhjb9FB6ECvs/RvFc/iH4NLZavpyzXfw7aGbfgH7TDztDnBwQuQTz0zya/P/4q6nD4j8X6j4gt4DaxXkgmCEhtoIA27gBnBB5x+Fa0J3kL2bscJ4ZvJU8Qw3ExbayFGwM8Yz0rL8SIs3ii6kQ5UsCpIxxtqNbpobpXtm8tuikds1f1C0mWZFucGRlDBvTNdnU43uY8tk/nRhcDzeCaZbWE0l87BMJb4L57g1tSgIG8z/lkMgjsaTTZ3fTb2R2+eUhR+FXzstQRmS2LC5lZCNhXcuP5VV0qCOWV2kbkDoB3roNBuYYUPmgNNGCUDd29KybaSSJpJMbTIxJwOmTTE4pEmhWy3V9cyTghEB5b0FcZO/2m+kK5CliB+dei6hIlnoksqORcXLbFHqO9chpNvbI8lzdDd5KgqPU1pEzcUe9+ArbSIPCut6VeALq0MK3ts5B+4m3zEyAe3Y8c57V4343m06811b3S5C4nhj8wYwFdFCnB7ggA13Hh3WotOnHiWZgytE8UkPBLKf4cfUCvJ54PJhyzgO4yF74pwIcbFOIskpyOB+ua27d5fLO87hWUbY/ZYrliQzsQB9KuRvLCvld+2ferZLNBYba8Vo7gFWRflPqapQFo0K94+DjpXR2MUMtr5JYeag3P61gQbRdXEJ5DDIrFmiPSfD2qTarpUkNygvfs3+tjY4cxno6kcjHTNdjPY6Pd3Fu0F2jwpF+6GQpTHG39K8K0q7uLC9W7tnMciAgEejDB/Qmun02/Cy/v/nPaoUUFjtU1pbOxn0yO3WQahKik4O4BSDkflXLa3b2llql1Bav5kUW1lYjg5AP9as2Ot/Y9QaGa3R94Ko5HKEjr+VVLu2F4xNk/nCRvn5GV5qhnPxvmZxApzJgAe/tXpWsZsNE0zTLddkqJ++Y/dLEAnBJyec54qDR/CGpW2pC51FUjEWGQBgST2PHpV/xTc2yRJYjEs0rjG3nb1AH1J7VMppvQn2djGS2VbCbW7yFYordQqYH+sYnGR6/5968zupZZ5jO4yG5Fdr4ouJ3srO0v5MGEbYwcfdUYxXC3N/HGAijhelbImcLD5pJZUQRDZt6mqEkiRljL8xHOR3qxO93CIw0XEqBlzxnNU/sRulP2iXyiueF5rSAolZp5ZSXjAUdvWt3TLC4iQ6hK2Qw+VW6GsvT7CNrgRbywzyT0xVnW9Ze4u0srFcW9t8ilf4j3NAxn9mIGZ5W3FvWqkVgfnMRVcVGXu8EyuQPeq3kKPmMhAPvWiFIddWbMCrMGqSG2kiVkfDK64qXyINgKtknHetFLYmBCvO84FU5GXsytb266bpz3wwJJjsVaob5JEVM7iMk1Z1JZ2vLe0AzGfuDvmordQLiRWH+q7d81IrFe3sb7U7tNNsYvMnuGVEUdWdyFUfma+gPEyf2Bpdh4Ms5DIlpEhuWYcmQgNt6DgE5/IdqpfDWysbFpNYuYEubmORfKVlz5YUBt31JOAeoxxXI+LfEaX2sXl8rF5Z3bOCcDngDJPCjgewrJS5jodJKHMWIrxYU8xcPgkYrL1aT7bE11Onmfwqtczc36xxqMsK9Q8L+Gbe78OzeItSnJjYFYIlBLNJtyC3XC9v8ADHPRzWRhGHMeYR2++VI448yH7qjtXUzfZNGjLzvvuWXoB0PpVy5j03Q7QLE5kvZPvMeqD0rlEzPcG7uSZAp7jrW1KrcyaLu6U232hhjLcKev1p0FwJll3nPy/KPcVM8jtAXkAVm9ey1bi017JfNdMiZQwz712poyOp8J3LW1leaWSFix9oVsciQYB/Mfyr1H4e+JbyKSZZJfKjd4xIDhg20/KxGPqOOa8Ts5Y4IiX75q94d1pFvXtQu3zcKM9zmtMLWdOamuhjXw6qxcJH17PqusQXsMz23nWMbbmwMc+pOemK7lbmxvxELZ1jkflAcAnPYe1eZeF7+a/s7ay1CQyI6sm4feJHYn1rrdGtrO3iawkVZ4nbClsblx2Ddj9K/Xctx3PFST3PynMsC4NwktjqIHZ4UcrtLH+VXQ4WuFkuR4c1qCOaZprW73BBneyyZAAb8DXVGe4m+aO38uP+85xn6V79LEJ6dTwKmH5bPuX943HOOecDmoPMc/wY9STiqyo02QsuwdyOtTCOBFBkY4HGW61pzSMeSI2STnYLtUzzgAE1FvTkLI5Pr0qwrgjbAgfH8RApClwdoklBB7Cn7w9BiyXDbWi+ZRxz1qzE13PvEe2MqRwetYM0PnpclZGiWMlN3fPciuWv5PE+kGK8gujJbElAzD5vYNn+dYVK0o9Dsp4eMla+p3s3Mq2rS8nlh3471Kqp3U/UVx+iajHfXTyasrRzNjy2LfI3Y89M5rqHhO3EEhRj7/ACn61rQqqaOfE0XB8rJ3VVCErwW6HmkiAMsl5xmPMY9ce1Vnn82MxEeXOzAAD9SK1DCnn7ucqAvt/wDrpVJptRClF8tyJEGBu/HNQm4Ks37ltiEAsBkc1aYDB5qujML+aNTw0asfwOK70zjSuSRSxTDfEd4/UVYzj2qsYkfqCp/vLUIaaA+VdDKkkiUdMejehoUzJxNAH0pBz8wpFA7VIqoTnHFakEbc+9RkduwqcjH3Vzmo3XcTzwO1AFYSDJQZY9/apWA3Akc4/ChoyGCqBhuuPSmKpjBDcrnv2p+pfoTZPA9KcFHX1oGCB7U4ck+9WQSwKrzRozbRnqajO0bgDkZIzViNS/T+Hk1ERgnaPl5o6gRUe9KwwM0ox3p2AjIxgg5zS4Ap/FGPerAZTgO1HHancUANx/OjH86dx60cUAMHTpgUYH4UoGfpTto/CgzYzIBHajApdmPpS4GRQBFtBAxSqgPIqQDJAoxQAzHWjHSnAZzRjGKAG9z60eh7071XtR6L2oCwvXtSdO2KD9Pyo47frQA3GSCKQJjAJ96k6nBH5U1T3A9uaaYBjPNJtzxT+nXFGBVgMI5xjNGMGnbcjNGOKB3GZ/vUuM8gU/b2FG3uKAuREY7YzTeenWpT6mkA49KAuNwaTBqSigsjJOBzQRz1p45NJgf3aAGMMkd6O1PAyCTxSEdaAE5oOO3XNA3dulKwH45oAT9BR6dhR6elH8qAFPI9aQjB9KXqB3p2PTigCIgDp3oAB60pUjrSEZ6UANwMZ96THFOwcD60AHFAEZUY96Tr9ak75IxmkPscUAREds1GRnHtUpI703j7tAkf/9P8/NW8PxvIZBkA9261WsbNLMYWQvjk5r3C7sLCS1eNECntnk/nXmzaKkU7PvPJ6HpXC2edWw1kZZnzgqhJ7VadYyMn5W9KtGNYcr15/Ss+eFrjiPkg5P0rDrc85wsxq6rBBI0BPfgds1PdSSyq2zDLjPBrhNZs7izkMozk9BVnSdbfd5Mi/MR371sodROOpoRSXlrciZ8BOmK6ISSSbJHbHPWnC0S8hWQgZ68UktvJCwgDbhjIo5yWbVtq8lqCEcquf8mvTfDnxW1KwZIZJPtEZwCXJ3DH90nPB78V4YVJ3I3DVSKur43YAoi7hFvufox4d8b6RrsX7iUI8YXep7Zq74o1eHT9OlupJVURoWJJHQD+fp6mvg7SNUnsgksLkMAF+oFbXiXx7rWo6VJpKyMiso3YPXHb6e1dEHqdft7I8u8W+IJNW1W6v5GOJXJQeijhV/AfrXESSMxzW9c2EssYbHJNYM8TQsY3ODX1WAqR5bI4q0rsgJz0xT0dlYbDzUPQkUnmYwFNejYwudHp2t32mTRyRysrIwZWBwQQcjB+tfUvgH483tvDBY6rtl3OVwRjC4yNpzwe2OeK+Oi5cZLZqxFMyspJ4Xp7V5eOy6liFaaPVweY1KL9xn6taJ4t03xDCl1aN16iu/hmVbdmXkgV+TGgeL7/AEO5Se2uHRg27KNjB9vSvqjRv2g4W0cpqSSCeJDkqB8+0deuPm/Svh8fwtODvS1R9fguIYT0nozK+OXiZtV10aZbyk29n97nhnIGT/MfrXz612El+R2VgQeDg1LrGuSandvfO+4yEn0/zxXNtKZnLD5Wr67LMK6VJQe6PlMzxHtajZ9DeAPinrXhQ7Y5iY3ILAngkdCex9wQR+PNe5n4/Xs2nypPNibGEYfKB+AP6ACvhJJZCQM/LW1DdTfMdxBbH/1q9mWIqKNkz56rl1KWrR7v4q8dap4sMa3EpKRZwAMDJ6sfU/y7dTmHw5qwsLqJ5OVXFeVW2qpBiKUs5711lhcxzBNo4Y8VzQqu92YSwyUbLY+vtF+LE6TwW4Zmh6sa+ntB1uDW7YSRsu0KCDnnnpx71+bUd39ltgYuG6V9I/Brx3bWkf8AZN2Q08hG3dxgYA4PTqa+qyjMXfkmfN5ngvdbifVvk7gQ4yKr/ZnALRnBHarQuFaNemO9Is8cina447V9NzI+dUCFbjH+s4PqelWN4HH602SNJOHGRVIrNCd0Z3KexrT2g+U0MjHrS8VSjmB77at7gff3rX2qOdofilxRRWlyRD0qE9anphGKlMBuBTSMU+irJ5SIAelLTiqjtSbR6UySPqaaVqQjHSmnOaQEe3FJmpKjI7GiwCH1FJ16U6kx3p3AZRT2WmUjBojYdB6VCV+bNTnrmoyOa6C7Ee3mgrxUu2kAz3oHYhIqIirJB9aiINNOwWIuvamkY7VJg0mD61dzSxCBmggY+lScelIRmmjNor8Z+lJwfc1Ky+lR98YqzKcXcbjH1pKl2kc03HHNBPKyMqD1puOc1NtHfNMxipaDlZHSc07NJWtihhHekIqSmnFS0BHto206ikAzYBSc1Lg00nFAFcgc1GwGKnfrmoSM1oc4wDnBoxxmnEcUp6igBhxUTAdqnIFN49aAITTKlOajOadwGkZpnFSYzSbRVgM2jqOtR47Hipgo6imNzxVJgQsMHGKaM9TzUmD0akCsScjAq0FhhHoKaD81SFT27VGyHPHNWAlJin4ptADSD61GRUp4FRk4oAqMoLEHoePzqtb5EW09YyV/wq8w6k96rABZ3XpvXP4iswJPf1pDxnvTwPlHegjgcUANpvHpT2JHao8mruA7AppU0ZNGTT5wGkdaaRUxFNxyaAIyBimbakbpTaTQEe32oK8VJSepoSAqSKcHZ94dKz3LRSLKBsJ4cdjWoQSSf0qvNCk6FSeTSehrCSY1WBGR0p1ZcLSwObOUjcTlP8K01O6NWPU9aUZp6dS6lCz02DBFIRnmpPvHFIRjirAiooooAiOO/FNPtzTscnHFH15qAIcGjBp9FPmAiIzTeaeQRSHkVQDOvWoZFJ6VYIxTSDTuVylPkLhhgioB8t2jf3lIq5sMjbR1PFUNQlSyuoIpyPMIHC89eBWU6ljanTcnZE+CVxgjHX61X8wbj1B78VXku5y2yKBgmc785/SosBQXfczZya55VWjZYZfaL7SpwByccU1ZHw3y9PWohONozH170j3BAx5Zx2NZ/Wl1Rf1Rv4R5lfksO3FVgXVtwUn1701pHdQFG01o2djcXalhyOhrmrZhTitTqoZbUk7WOQ17RzqrRxxytbq4ZnccAj0I715BqtveTTG0vpDZ28IIjaMYMp6Z3c19Cal4Zv5drXN7FpenA5knldQFxknCkgk4HA6e9eSeKfFHww8LQCO0lbxbfbuE8xoIh6/dO4Y4xkc9iecflfEPEXtKjhSP1fh3I406alU3MNNJu2ihW0V7o4GAqEtn0wOTXS2XhbxPpOT4ja30azJ3PJdPhjwSRGqFizYHTjOOK85f4i/Ea0DXuk21vo8AGVRY98gQ9OWJ5x1OB9K4XVfEGreJBLDqt80lzcvuQyNzu5PA/wA+1fHTjUndykfWpwT0R77dS+A/DdxbatcpL4nPmK4ilzFa4Ug4YHLnkYx0INbOqfFWW4uGm8JadbaBp8oH+ixRq+z5QGy7KCdx56DHbtXyj8P9fE+rP4b1aQrbXO8ISQAsoxjk9Ohr0H7VBpVzd6Zeq0c8XKcEq4PQg+//ANbqKwjhk99xyrPocd4huZtQv3le9lu9rMF3sTt552jOBVW5ltbOxi1C7GGjcIe/GDyfyrElvYhcyToSjlsuD055pkl/b3Lra3LZikIVvoT/AJNexTSirI4arcmaGsX0OoWW/TUCkj+E84rx281C/s7jdbOUk6ZIzXV3Z1DQL2eGFtyrwBj5StYMmpQXCv5ieXMT0x8uKVbYVFWucrJq2vTPiW7ZxnozfLWvput3MVyIrnCMBxjvVe8aNZAXgVwB1ArO1Oaz+zrNBlJEPI7fnXG2aqJ6Y1wt9YzW6nIYlge+R2rzVNYjluXtrldoBIO4dCK0dElnfDxH5iMgA9SKy/Fdi8EqXyLs+0d/V/SpNjozbz2iLd2TeVNGQQR0IxVgJZ66fMtYxHdomJ07SH+8PeuY0HXz5Z06+O4LyrdSPb6VvC1SWX7Vp0nlyxfNgccVm5GvKjB1HTzZwssJJDdUPasCQpbKqynasn8Xp7V3d3It/GJ8bblfvjsfeuZuLZJozHIo2nqD296XOPlMtYpYcgEYPcdDVy0gS+mWJ2VJD0LdM1lyRzWjBAd8Z6CrccUd1AZoDnHUdwamUhqBNdWclrdNBcrsZT17N9DQ+nWeqZWNxDcoPwb61r22pwy2wtNTj81V4Rv4gfrTjpsTKXjYbxyp7msHM25ehyFzZXWnDDfjWhZalOqfuZjEV6DPWrT5mJE7Z7EGsW5s9km6EfKKaakSkeg6FdnWbwWMpR5CCRnCk49Kzb2G802+eJsqR2PBrlLLelwJkZkZOQynBGPQ16Va/ES51GKPTvFMIuoYs7ZYxhscfeUcE+/FYTptHTAk0i+tL9fsd6/lyH7p7E++a19W8Bg28d3ESd33iOufcelPOheHtUjW40qYtGec9GH4da3NMnvdJia2uWN1bnoD1rjnUaehvGmeZwtqehiKK+RniBwATwPpXsFlrWjeLtCXTJoEM0LZRm/1i+uD71mRWVjrNz+94iOMq3UGszWtFttGlW404sEf5WA7H6+hqfaX9TXksaN54Z1LTrdb+OMTW+MllOSOccj/AD70ukyul2QV2JNwx+nSotH17UbCJbeWRp7NjyhPT1xXotpp/h/xIYhZzGzuB8uSPlb0GDjntx1rncrHZCFzqPBc2o6pdpov2f7YH5iTPz5U/wAI7n2r7X8E+NLTTLu4Xxd5iyBPJR5FIxEx/eRvnjGQDhvpxxXxr4u8IX3g7SfD/ijTrwOZZA6zRZG2VMOvH8LAgg8kZH1r2DRfG0Pim8i1b4jXLi3uLcMjxjChzjj5R26ZOfc8Cs+YuVNNWO+8QHTNds9X8H6hcNPZ2BaTTr4j99Gg+63OSwK43DI44HbHyXrHhprO5lG+Odicqy8/iDX2ToGgxaU0DWrx3lrdbmtJ0IO5OpQg8gjoQa+e/F3hR/DfxAiiu43XSNUk3oyg4jRmwyg8/wCr60+Yy+rpHrPgjR7iwsfCPjayBSDVpI7K9jc/u3BOxywPBBwxwehHFfGf7QHh9PD3jTU7PTVjWxE7tEsRyqxu2Qo9MHIx2xX1Ha6vq/geS58F6w/naPfZltZQD8kv8MijnByAGHY8jjr88/FSzmuB9tuWM5PysT1Izkc/XNVQlad2aTp+40j5wuLMQ49cZWupurY3YtZMn5UUn8BU+oaWH8sxDh0H8q3dIs2+zySNKp8qPGPwr0nUVzy3FnCamjRW6kqMykgCq9rb+TaKpOGZySKvagJJDHERgKxIrdtfDkl9pdtcxS7WEp3j2qva21DkOFWHZLIuOQxYVoKhksG1NSNiuUkHow5z+NdJqGmOuoG1ChZ0QFh7dj+Nc/BJDHOdOcYhuTtde2TwDVKrzGTi0ZPirWZtUvBcPCIY1QBEU8e56d6q3dk9pY2UpcKb1N7AdRjBwfzroINHtb7XovD1xlhGSyv6AAsQD74pviGySS/EaPhYiVKtxgD09q6Oe2hg4nOzeQLaBJTtKNkEdD6VkyI90S7n5umfate6gFxMY4kyDwoFJNbiJRalcSP2HrWsZEOJXtFN6T9oyqWw4HrVg+Wu6eThRyOK19N0MS6iltcP5aIhc54zjnFZsSWt/cyYyYY88emKVyOUyxdSRyGa3Yhm5PuK05LdbZhepjZMuM+hPWsxLWWS4aLaQFxxXSXFr5ulvBniP5lHqaYHNAGPDPhef0zWpPaXVtZ/a4chyQSOu1aTS47a7uI9PuQf3jKqt6HOK6jUEa01BYYGBEShD3BwB1oA0dPa1VrbUb+1Eq3EY2HODvOOvrVnRLAwa55lnnDNuZG9Fyelcxp901vq+wndFDtcL2HP68V6Bo8jx+Jk1C4BmgcFUVRyN+AOKyk9DRHqukeHr3UITrU8qqjliUPHC/KM/lkV4ZqdhqOoanfXOmQu9rpnzySKMLGwPUnpyenPavZvF+t+VYCwsJCsRjAfA6KvK9unFeEWfiTULrT7/Q4Lg28F4U85R/y28o5UMeowT61jDcrocbfXk2oX7Szv5jqME9hjsKyo0gZiPvuCTz0A9Kv6hbyaZIYZFxI3P4GqVspU8Yy3WupGbRsvdXN5ZwQ3Ry9oXCkdSrYIz9MYrnLm5XzCF78VutKIk8gLmWU7QfQmt3w34TSGeXVPEIAtLUBgDzvY9P8AH8u1VzpEoqjQ73TdES4dlL345wTujU84OQOSDXMkRQfJHgsOprT1zW3vZ5VhUojNnBPT2rndwMiKF3fhWkdRyVhJw8nDE89MdKFsZ2XzCPkWpLm9jgTAHzDtWFNeXM0mN5VD1A6VZjVNyCEE/vDsU/rXf2VpaiwiuVdm8vcfxryvbNcYiycDGPc13cEDWGjxxxM3nSkDHXOfSoqPYqmd/wDCzwPa+ILzWvEWsXTrF4ftzcLGBzJI+7CbuwwD25J7YqrpXgUmCXU7whp71mdYQuCqkkgkn9Bjp+n0Z8BPCtx4j8OXHhnR7KRddvLwPfXDgiOO3UAIWPZV+Y46k555FehftJ/DLw74I8M6frXhjUDcTZMNxJ5hP2mUgYEY6YC5J5/D082Vd87R2QiuqPi671FNGs5bTTPlmlBDypwVHpXl/wBjeS6WKGNpXfOAoyeOvFdSYLm4AtrWMvLKwwB1POAK+9fg/wDBux8L/D3WdR8R2MbeJtQSM2UouMTxjeu5I4R95cbt+R0xxnldZ4nkQpQdRpdD4z8K/B3XfFMpQyRxKwyxB3GJcgZYHgnnoCSa9j8fWXhf4YeGLPS7CBjLJE0aLnLSkDDSyN0BUn05zgcdPcE1nw74Z0W9TUvKh1SAEQxpGUlLcDBPAZc9Rnivh/xTdaj4j1mW/v53nlmJLEn06D6AdB0HauWhVnUndvQ1rQjBWRycFrdapm/vDiMN24z+FaFtHbxGR2XEEYyKfFHd7PIXCoD344qrqNxFBG0MYEnGPrXt0jzqhj3El1dzM7H72QB7V1c9zI0FssnAiQKPpXF6cbqZ5Fm4YfdrtLu2byo4icsqqa71KxyOmLZiPzHSX7p6Aj1rPIWK7B4V0YHj2q/A9nbTK0s5ZgeR9ayLi6isbmSQwCQk5+Y9jVc4j3fQteeDyLm1lJbAEyMcqw7Y/OvZvDdvD4ns7pnuPJw+Rt+6cAZXB7818xLewadZw3NqUkR2HIOV55PI+lekeBvEm2Ga0vY2iSVw6MnY4AJP5V9FkeaOlU5ZbHhZ1l6q07x+I9iSyS4VIGjJkhOYweSdvTFdVpN8dQgiiKlGQsGPfI/hP41yE1/E9ot5GGjMPIdTknPpiq8GrXCXkMAm8qO9ZSWPBY9etfoMMfFWlFnwdXBuV4TPUpHCtshTdIeBjgfnUBhbO+4Xey9v4fx96yZdQjKjZcIZOSQPvD61Mi3bQiaS+U7uPlIYD2+uK9qOKvZniPAbq5p+ZCDsMgU5xipZbi1tVMskm5+yAHmsN7jUkAitxAFH8cind+nFZ8un6rfTmb7QrsBgFvlX9Oal42T2RosDFfEy3FJbveN50iRhhnDMAvsal1PUrYJ5G6OYEHOCGAH0Ga5n7EqCUeV5rZO6QHcue+M4oS5tYjFbWjozs4J3rhAfQmsnim9zeGBu7p7FzT5NO02Q2Msm+0uPnAJzsPfGa6a1OxzZSOjAr5kLg8MnXr6iuU155PIimnWCKRGBCqMkqetYDz3V0iLDkC3cOgXoO/5etc88fGD90745Y5wcpnpLJ5oS5J2sGxk8DbWgbqHlkzJz/DyOKxoLtp7dZJYjFwMjtk9RVqCRVlWy8wYXLDAxx6VpSrSlPmOKrSjGLiW2lOBhgnTJ6/nVeGaMyvKZFlLDYrL6DmlvREsYQKZpXIULkcA9zSJaR20KqiqoQgHaO9eopSPPcI/eXEkONoUuc09cnhl2j0PNSeWgOVbFSBMck5rsgeXPRkUI+zMzGMXCN0jbPB9uelaMt00yGNcCLhtq9MjpUG2ozGVOY/l45HrWqtfUi9xdx5x603HWlVgcD1FObpn1qySu5O4bep6+1PKg8kA57Gg53KCBkipdp2HuR2p3uNkBHlEKcBCO3rUw65xx/KlIDHYf8mmxBjlG+YjrRewkixGQqv23DFRkdqdIArADnFMz+HFOJLY0kH35o4HQZqTKnAIpcYyTVpkkVFFFWAA08Ljn1poHen7uMelADMGkwal96SgCOnYx3peTwMY9c0n+92oFcaQe/Sm9OKfnPOOKXBPXigLgMggCmj060p4HAoDdRigLjcijaCd3YgY5/Ol68UAAcA0CUhPwpcH0pefWjmgrnGqCBSH+dSY/WjaO9ADO/XFOGMcfjTgAe2PSkZaAGgHHQNTgOOABSAZHPFOA44oAZyT6Clwce1SbefajbxjtQBFtP4UAgAn1p/PTHFJt9elNMBvFFKAaVlKjJ/SrAhC5NOx+lOxjmk2/rQOweWOuetBAHGakAA4z0prewzQFiPGTilPoelKRmlPIxQWMwwPHSlwcHPSlIx04FGB35oAjI4oxz6YpxH4UH35oASilpKdgsNKsRjvS7RjI/io7Zx060mCRhOKLDsJg4pu33xTsDoQaXA64pCGEdKZxVgLwMjvTAozigCsw79qYfvZ7VO47dqjI5x2oA//U+R9N8Q6Pr0R+zygSdCoIJz9BUs9sIP8AXDPpXxzpWp3ljtmtmMLoeCCcivZNC+Kct2iWesx4IOA6r/Tt+tRUwj3Rl7ZNWZ0+rTfY5TI3fp9KzIdYRCrIoY5rTvGttdjea0mGYxgDNcHHY3VjcyB8lTyMnvXIoW0Z5laKvoaOu6ub2N1ZQMdMda42JsOHPQdfWtpzvZnwOetZF9dW6wnygAzd60irGCWp31lrASNPLP8ADjnpWst6ZHV2HXua4DQojcZV3+VRn6/SuhuL9baNtw+709amUdTOodC0kUw81GG4Zzn2rAmuyZAiryTjNYsmsKIiMct6Vp6fGJ037vfHegRsrcNbKD1cetRyXW8tLKcKBk1i3m+W4wzHio57a48oMOV6n1xSuB0Ec8c0e6Ebh6Gsae2iuNxlUAj1rFF9cWrgIMqelWDd3Mp5xu9xXdh5SixSRXtrCFbpYnyVY8ntV7xDZWtnAiwqC796zGuJYZg71SvNQmvJi8rYUDAFfTYevzRMPZ6ldQyqNw4FSZ7dBitHTFEnySfMtS39h/pIW2OcjkV0XE4PoY68c+nSr8M5ChCSTVOWOWJjHIpwOlXdPg+03CQbS1C3NlodBaW4uYTIpIA9fWmS20tu+F5z/Kuul0c2kIMQxleVPrWVKrjCsCpbioqU2Sq6uZqMD7H6VYjuCOM475qN4fLHy9Krb9uSBwvFZmtzWEjKQQc7uua9D8PXWyIBxweleYwb50MijC+/rW3YXNxaugkJ21z1Gc1VHpk+qeUxBP8AWvUfhIq6p4itwsoQo2dp6nbhv5jFeCfaDJh4wCpro9C16fRbyLULcmOSI5XBI5Fb4bFqE1I87E4fmg0fpd4r8Q2/hzQnnuJAm1cbicY7V554R8WjWGKwS7QcYIbJI78/zr4o8T/ErWNfKW+pzyTRxHIDMSoP09veul+Hvi+PT9SiZ5MRh1ZkzwVB5OexH616sM3cqt3seNLKEqdlufp7ZkzWsbt2XH5U8hT92vNNP+IujW2mRyyzx7doIJYDI7fpXPL8X7C71GPT7cKpdwAw5Bz0H419Gs4oaJM8SOX1HfQ9lktVcYIwT0quhkjTa3IBq5azR3USTIQ24cGlMajqwUg969bniefUg9rCRypJ9xtx9Km4PC5qm0SD54XBb1WmpdsDiZePWhVbidMvjIPNNOCaaJgwyOacMEZrojUTBobRRRV3OYKb0zUnHpTSRwMU+YvlGbaSpKjPX60+Yz5RhHPFKR68U8jnjmlx680cwcpEVGKbgVI3SmU3IXKIRmoypqWijmBxICnSoyOc4qekxV8xJFg4NJg+lTYpOvFSBAeRTKlIxUZ60AQkZNMIqfkmjZgZrRK4EABpCuOcZqfb6U1gTVR3ArY9aQj1qU5phrYmQwc8U3GTzTypIwTSqAeo4FBJGcA8mmvt3VOcfUUwjIyBQBWoqXb7Um32q7GLiyOk4paKTRJERmkxyMU6lC55rSxoJ3pMDpTj0ppPahoCJgTk1HtbtVk46UwnjHWhNkezINh60EGpc+1MGc9DTuP2RBSEZqQqc03B6UzEhxikOV6VLx3phGaB2I6DUuym7cUCIKKkpNvpTTAiIOOKYVOfvVY2jHPWmFMiqUgIGViKYEOc5qwy8ccD0qIgdhitEwISKYfepcGkKk0wsNxjpTCuetTYweaQjNaDsU2U8rVabIZJRyVOKvlfmxUEiFgwPPcVmFhgABI6c0rDjA5zSRk4DFenBp5HHpigRHtphWptpptA7EG00lTbaTBoCxFRTiPSm0NCCilIxSVLQEdFFFSA3B9KjKge1S9OoxTTz0NAWKd3p8N9GVf5ZF5Rh1BrH0y8kS6k0m9wk2cxE/dcHnAPr1NdN2rF1XTl1G3AXKTxkNG46gjt9D/9esal/ijuj0sPXSXs57Mvfc4peDWLp+sLcynTr4CK8h+XpgPt4OPf+dbHKmqo4qNT1JxGHdN+XcQ8c0m0Hj0qTAJppGO9dBzkBAPWs2+uPsbJLIv7g8O3dfQ/StfaKiMSygq4BGCCCMgg9RQBSgniuU8yBg69QR6Gp+a8V1TW5vhZ4qtIb9jJ4e1eRhDI5z9nZj86EnsvDD2z3zXuzxjarggqwyMHIIPuKlSvoa1KdkpLYoEsetRnOelWnAFVm9h+taJmQxm25z+tQSShEBbj+f5UyWQklIQWkJ7dBSxWoDtLLl3I79vpWUp9DZIrh7icDCiGMHufmNZt7ZpGy3FoMyKeWY5rbfIAORgnGTWbdajBp52TKZC/AC4JFYVX7p0UFK6sQJdRYEbnypX4wTxnvj1qViVG1Bz6npXNT2zTODMQF3ZXnJH41Heam+ihW1G7zbtxuIbj06DmvOlXa3PV+qKXw7nRyIqAtI20r2zjrUY/eMTAxc9c/SvOtR8e2ksbR2tt56B8eamV4HoGAqhbeMfD86sbhXuChx5TMI3z7HmuGpjondhcuqXPUVSVAzRTqGOeOv6Cs5fFF9pcLLLcqQoJIiTn1/iHFcHdeKpVsi2iAxo2ec5dB16jANee3Gv3DFkMzSEAlgSST+JzX57n3EN706J+i5BkMYpVK53HiXxBo9xpNzcNPK9xKCrCRTghhj73PavAIm02xvBJFEAeoYDv+VZXjzVrq9tBZLdKqlg4i4BKgEfXrWFp0eo+QqS7TgLt53YFfIUIStzS3Z9TU5U7R2PYLedtRtrhhMyKisWyeMAHIr5i1/X47rWRMHMQiCgeuVJNe1eHZXm0nU7d12SRxOqnOc7wccdq8rm8F3ctxEzw+aLggLt5+9k4z2rb2sUL2RZnv7a+mg1WxO11ABxyC3qK9Tg1qPxLokNvPI0eqWahUOPlkQfw57YzxmvF30ubw3cPps8TwlTysilWGeQcH2INOXU7vT7mK4s5MFDuHGRx6ik3fVGbZtahFPI8t0nLocSD+LI9a5eW4uXcskm11GQPeu0vNQh1NRqMMflyv/rlXvjuaw5tO03UG8zS5x9oHDIf4s+lUqtiHG5r3OsDX9Jh1IoBd2WI7hR/ED/FWTcx6fq6kRR+VcDA2Afe+mKgsFudB1dbi4j328y7Jo8Ah0bqOeM45FSaxZjSpklglDQyNuhdeqjrg+4olULUTPmsv3YSElZ152njPrWRPFFco/nJslHAYdSfetY351GQxyMIrjtnjcfes6aaYyLa6mnkyJ0fpkdvwrK5RiaPeyae728gw6tlD7V6jp+m2viqxn0yeRUlmUtbsc4WdemcdAQTz+mcV5TqQeG9UuvXvW1o+qy6bcechbZIQSR1Ur0IpNXWhpCJwl/p97pF89reRtDNC5VlPUMOvT+fetq21i5gdZ7dtrAYJ65HcGvVfGekx+L9OTXrGHy7y1GJ1VTukQgYcY6hcfgPpXhsaSQy+XNwDXMp33NLHp8Fxbaza+dafu7yPqn96sxF+0q7EeXLF95T1rFtlmg2Pbt5bjkH1rqgV1KAXLLsu04Yjo1ZyZpY5uez89sYJDfkKxTbXFpOxibYQeSOhr0K0hlt/wB7jjuv+FZt/pxE/wBrjj/cTHr2B96l1DRQMmziS+wkq+W7e+KtPb3FoTDMx2g/Kw61KbGXI4GF6Edae6S3RWEAvIp4JrN1ECgxE1CJjHaapF8o4Ey+nvVq70K6jBe3CzQEZDKcnFZt2pgSSG6UhgAAMd6NL1u90O4R4D5kBYFkbkH2FTf+U0sZY02SNXuIAW29VqSKFZUz5exq9kstFsPGNncar4ZxDeH/AF9s5wAx7q2Mc/5xXHTpqOh+foupW5TcVf51IP1X2NRKs9jVQMjSLu4sLjbavsdvvLnqv16V6lo+t6XeqttdqY5gej/dbHvXH6f4fTVLN2B2SRnKMn3ge272rEJuba5e2vwUkjPX1I71zv3jVQZ7Sq6cJDI21eeg/pXV6n4buhpUOqWbpdQS5DA8FR/X8K8P06efUl+xxzbZ8EopON+3nGe3FeleFPFut6DH/Z92GCofl3E8HpyDnP1FYzibpFS20GfTWGoGIz2yMpli52kZ5BI5GRxmu4srHSRfQaho6PdWCsrzWjny5EAOSu4ZypAwCCSPrXV+Btc0iPXl1LWNPGo6fJvNxbZxncMbl91ySOnpkda6jxF8MbS6votU+Gl+syXwd4oyPKcDccoc9COnOAe/vzylc66aOp1D/hHNZ8OfYdIvxLYXbjNlOcS2zkBhwSSy57j8zya8ki0TXtIaXQtbgaNLf58NkKyOcZRsfMD/APrwcip9JXUtNll0jWYTHMhBZuhAHQEivqiz8a+G/FPhiPTfGpYGBDA1zEMMFYbSQRnGR1ABHfHAxgpWNVTseEeFvEl14Vu5/B2vTtEYgs1lIAxBB5UBvQ9iOAQRnpXsWo3TeKdJtbu+jMvkqwkK5K9st7HjNecfEPwJc2/hmUR77m68PlpLW4HzNNalsk8HgBcMOoULgd66n4OeI7bxPYR6VEfJ1aHd50RwElUDh059B83ofanz3NUjAns7vWtRsBqJ8+BVxET7N93P5V5x8RIY3urqGePYoOFGO4XtX0R4eTS49bl8KXoKXMV0xgY8bkwNv/Asdq534saDLDpl5PcwKQQrRyAYyVPJPvtzWsdCnTufLviAWUvhvTbq3iMc1tshbH8QCtz+JxXOeE9HcaqXu08y0kJByOOhwM+td5r3hq9/4Qf+3iytA7hQFPIIbbms3wfeJNGNOnlKwySoykD+LO08+4xW/McFWieUeLLWGz1+a2tV2wrgr+NegaNosUfgWG/LHdHMyzd/vEFT9ACBUXxk0WHQvFj28PMUqRuvfAwMn8TXe6VYqvhOa1cgB0imP/AsN+dazqe6jjszyDWdPuJQ2q2yZ24VpOeFHT/CvJ9VnX7a7oNvT8xX1l4r8LXGifD6PXIGV7O9QRsO4ZjgE9uo4x6CvktrMTX/AJbknLd60ws9TKodf4St3vbmG/jUvLbZ3duNu0H9ah1R5NVXEif6RblhjGCw7Z/Kuw+GcMdl4gQz4NtOkkLbhwp4YH81FReNdOSw8U3VnYqQHZSuO4ZQx/Umt3PUj2bOBtLRrXT5b5ozuh/h71RhjV7gajJ1X5gD/KuivC90jGLI8sYde1YkkJaOKCIfKzYJ+tbQmZOJDJ9ovJTLnBc9R2NUmSO2JtVwpbJbA6mu/vbC10zR4JVbM0jkKB6Ac1xmr2D2ttb3Mv3rssV9cCtISTZm6YsKIGExfd8nOe1V7ieQFNg+QipUtpPJQY+9xikuIiuwJz2Ire5g0bWk6DPY6/a3kyCaBFM+7qCu04OPY4pl7cJezy38cYiEjHIBz09a6Dw4L2/8OavAW+a3T912YKRlwO56frXJ6XaNc6VqV41ykJtXTbE2C0ocgfLkg8dTgGpUrhYqIh/tBJWXAbHP8q9G8Oym5uZLIH97ncp9cda5qzSDUILS7PDRAqy+uOlXbNJre6VrT/WyHC/jWM2aqJL45vJ4tQfREckxIu9s9S4zj8BXM6BHYaZepc6lG7xKckKOSccdcd677WvCt9/ZN5rM0plIUEyNyS2QMDvXJaRaS6lewW8m77LAd8rDgAAHAJ9zx+dStBMtajNY65qIvIYiska4XcOcDPX8zWavh+8spsvas63oO1mX5Rjqc9vrXoVxqWkJd28lpaxyG2PPAJOPX1q+8XiXxEst1plo4tYMglRiNRgZG44GcEcCo9obKK5Ty7UdD0y11Q21hO19sAIk27cE8njtj/JpniDULuWzt7FfliznI43MBjJ+nP51vTiWyt5Z4o8v246muWurW7trA3d31ycKRypNX7UPZI4i/RElBznI6f1pkSvBAWjTG/oc8/jXRaFoR1m8LSt8kQLP649Kr3VvBBLKmfkDfKK6oyMZ0zi2tJZWLSHABzzWra6ZFI6xwclu9LcSZYpjC1egf7LCjxDDdM+tbc5i4k2k6eJ7kRM21gT068V3VyYre9heIbRaFSSP7yEHj8RUfw9s7ODUZ9V1mPdAkLEjvuZhj+RrDmumSUIqllc5JNYVHzMqKsfp3+zHe6Xo3iDVZ9WujZ6bdaStzK2ADL5bK33scDDfjn8Rz/xU8OaP8QtAsddtPEDm5gmlibTWQbLeNyNuwjGSQAWJ656/KRXgHgi61PWbHRYb5hDbriMN7ISpJGecAcV6nozTXt9c2UMdxdW1qWdhboXklxwDgA4B7k9K8fEXjK53U43R33hD4d+BfhjpVrBa21r4h8VXbNIJCqyQxEKQBubqq9cDPPTB5rO8TWuq6LYHxVd6idQ1a4kWC3SEGIROVJwVXBCgA/dxnuBnNbXw/wBOGuajZ+MtW0yODTLKRkS3RnilmZBmNhnGQHIBIYZ2njjFS/G/UIdK0sf2VCFv7iX7Sqw/MLWM7gAxPVucYxnvXJOo5PU6qdJHxj4vutSl1C682Y3eqXAzIxx8hI6fX+vNeXSWNxHL9jt3DyH779Nvr+VepCMw2V5b/Z3e8l+YzkZWNepye2cHrXLaPYW4iury4kHlWqtLIcfMwAzgc16uFlZHJiI3ZxGtXdtp0cdojeZOv3jXFTTyTS7VXBfjGK1tRH2u8nl2YDsWCj+EE8D8BTIEVZBNcNu8sYX2+te3SWh5lValnSLDFwqzS7cYYk+3al1DWFnuysPyIpI+uKzP7RCO7S4PYZrLaWSR2k4Az0/rXUkcktzVdY5bd97lZCeBT9SAW0RpTukkACnGTxTNPCfaFM5Oz881rXVj9p0m4uS3mPDLtRRydp70qkrFRiWLm78nwhYxKoDSyuBg46FuK7rw5q76fYxsuJXKgHf0GfpiuAkj+031ho6IWSxgMshAyASAW/XH51o20jtBsBxk9q1pVRThc+gtH8TQWpE0qqMphlBzyfQGtW22ayfPtJQyRMCAD8yN1Htivmi2lexuN7gn/ezz2r0vQL6+09iA5SG4A3LjO8Hpg+2a9bDZu4NKex5mLytTWi1PorT9aihhS3fTQbg8NKfmVj6mtFbe0hKSPa4nUHDqxGM/7I4rJ8NtBNpEcVtIzoHbCsMMD3yfxrp0shF8twCE6lDxwfc9q++wGNlVguV6HwmPwqpTu1qc3Lrt/ZzeVNB9pZj8jtnH4gDB/OtNZdXvY9s7mNT0SNguD/P9a61r+wt4fJZVZHGSkYB/PHA/GuUuF1GSFxb22y1duJTy4H4Hj8q9eEbbu55XtXLZW9SOWCARC3uV8uJMcs3U98c1gT6haSalLa6dpkUqQAAy44JPfHUfnXWQeH7B4w1yzXhB4dmyg9cc5qScaDoejyzyxxxB3wu3l2PYDuaJUr6y0NaNZL4dTgb3QNQiy0/ls3lmQiNslQPUY4q7ol0bKIwP83mLuJxyMVRhV72eW8U+TDIjHJY9+2K6fQLSH7NdyzBZgbUpgjJ+buPyrzpUfeuj144v3OVm9FLC93HHbXO+KVPMIxxuHatQOWUmTHPJI68VyMVpJceTNYp5TR9V9cV1EEsWoSLFHldv3u2W9BXrYKdl7yPCx8It/u2R29lauhuirrK5O0qcYFTkSidbW2l810+bD8/nU09ytvdC0RS879AvQe9Wra1WAZY75JMlmPXPpXsQfMeNUny6y+QLKVz9pQx4H3sgj9KtDHGDkHkEdMUnl9e4PX3qERLCuYAEx/COmD1xXZGNjzZSuXAeQuKCAT60gbgMORTtvUjrVElaSJWHzHGDnI7VFmWIlX/eKOQfarxwnG3v3qsyn5m7nigpEUZEjbhg49O1WORk5A7/AFpggDYzwfbjNKEcHarAL70XsU1zDsB15GCO+aZj50lHVOD+NCmc8MEb1INP2O3DYAznine4o6EvU5xRjPGKTHtS49q2Ri9xu3HSg08UZHSmIjIzTQPWplGaTAzmgBmD2NKPengZ6Cgj8KpMzUgNMJycUvPQUm0kYxVFNiBc9aTGDzTgpUcUgB6igkbgAYJpR6Uu3v0NAHqcmgAxnC5pAMHAqTAoAwMCgCPGevFGCOg5NOxngUmD3OcUAN2nODS7R+FLjPc0uwnvQA5cEZ9O1KB39e1KqjqegpwIB9QaDQiwTShakx6UY96AI8Cjj0p34UZIoAbyDkDP0pc8UoB9adtoAbtbsOtBHY85p4yOWoOOnWgCPFBBHSn5FBoAiMZ9aAq/lTvek4/GgBrBRyKbx2GRUh5OKbigBpGabjHNS49eKaeOKAIj0pccVLt4pm01oaDRwf6UE98VJjr/ADpuOKAGls9qNvtQcClGT3rQzEIHOaZjj5aeQec0zB7UAJyaT8aXnvzRj1pNALjA5ppHIxxUg6ccU1uvPNTYCBlJOBzUWOM9KssOeOaj24GBSA//1fyu0Tw9a3ekfaMsku4jB74rDudPl0+5Pm/dP4V1tnrIW2WAJuAzzVQ21zqs/wA3RQcE8jmohXkpNvY8aczP0/U5baQC2b73Uetd1Fq8dxiOVNrY606z8K2z6ejgA3G7jtxWDrmlyaG6Byd5+YYPapq14y2Fcs6xcQwWReFSNx6iuJWQSc+vrXRtdx3FqQRu2DkVz9tLHJcfIoGDg1UUrCZr6ZLfWzhNpw33fpXQXRZyqXPBHXFVhqttbIFbnP5iqs851CUm1O0KO9ZuXvbGQ29ggSParHJ4PNP0++kspUQ5K9qxpQwbEjHPrUqPK7gNgBemO9atID0T/Q7qEypKdxPftU6XFqv7p3DYHQV51Al08uzc6oT09a2m05TL5wmKt7VzTpIyaNyf7G0p8tc9x7Uwm3YkYw2KreYIYAWbk8c9TRb2rz4OcZPFJNoZdNhDNFul5xziufvdMihmLW4yGrq5IpI49uO2KwJ5GkkO75ecV6GErNPcRVgH2RGdj25pNP1RDdnz/wDloQqn0FQ6nPH5PkIOW6muVeb58qPu/wA69ulUZpyI7XWriKWZYYiG2Hlh0rf8K6c73JnkysYGQfU1wmmRy3J45yfyr2rTIUsrKNTliBXoU536HNU7G80gJBbr0qlNZpMN47npWHfaxFHIscLb3zyPStOwv2nj3scDmtOdHI4WdzJ1HTZY8MgDBvSuz+G3hCPxFq8OlSw+asrfNj72cE8flz6UwCOQAsM5FfU/wI0aCO7uNUKZNsPLX0G7DE/njH0rnqySVztpGL4i/Zz0y2s3uNDlMcowSH+ZT+ma+WPFXh+58P6s2kzP+8jIZgeuw5x+dfqRrd3BaWEssxAVRkknAH4mvzV8X30/ibXrvWCmxp3yAB0UcAfkM/jXmKak3qXVpHPWCNGpjGWHb2pt1qQhBSNd7GooZJ7S6C87D97NfXfgz4PeDvHGgW+o8pPKvJhwrDGAck57n0rzsfjI4eHtJbHVgstlXbjHQ+H7ua6Z95yGNdR4dNxBslk5Zec19K+Kv2a9V0QNfWFwl7bKGYBvldFQZ5+XB49K8ImtmsrmS2kXYyEg/hWGFzuliV+66GWOyqpQdpo9AsdVkaKOMvtUdu2K6DTZ5Fv4rjcPlIZT3z2rzqznBjAOBt710duzoUk7jB4PFdkcTyzueZKktrH11p3xVGmabHb3LYmHAHXJrldS+MeoXUrKs5RF4x2xXzhNqpnkKtJ09fWqBvFKMF5JPr2r0qudVZ6KR51PAUr3Z9gaB4mu70LPFcYJYEHPb0r6D0a4Oo2ivKuCAMg/4V+dvhDxidJ1KMXDYgZgWUtjn6V9z+HfGVmuhx6jMyxQsu7OQOBX1WRZlBxaqS1PCzbBNfAjujEyHMZwKVLjB/ejb7ngVk6N4s0fXgv2aUN5n3MdwK3nhDggneK+opVYzV4s8KUHHSRIrqRk96edqgYFZ5hkhH7skr6GnRXCudpOxh2NaxmYcncndyg3NgDrz2qKO5t5y4glBdetYmvNK1t5cTkEnkV5NH4oGiaqYpJQu442muDFZkqcknsduHwfOj2NNWtmuzZk7XHrxmp7+5FhGtwx3c449TXh3iHxd5Mkd9EAvzdfWon+IceoQL5rLgfzFeZPiGEG1JndHKXKN1ufQMJ85FlU8EZxU27III68j615j4X8WWl5b+WsuSDg/WvQ7W4S4XKNwOK9zBY6FaKlFnk4jCzptpos4I96aE71Iq4/xrU07TzfXCxAcd66qteMYuUuhjRpSnJRXUxsU2vU7/4Y211bJcRF4J253A5A+o6c1x+o+BfEellnhYX0R9OHz9CMfkfwr5ClxrhfaOE3Y+tqcHYrkUoq5zlR5UdTTJJHhYRXULwSDs4K/oQK5rX5VuIhFbzbZGJ6Gvo6ebUakOam7ngyyitTly1I2OuC+vFRFcGvEh4q8T6Dc/Z7mIXkY+pOPUEc11umfETRr/Ec58iQ9ien54H61VLNIfa0NK+Szt7mp35HrULAAHNLb3NpdxrLBKrg+hrI8T6kmlabPeMcJEhJPpXZLFwUOdbHmLB1OfkkrM8T8ZeMtRsfEDJpFw6Rx8EN0Prxn/Iq/pPxVljVE1aNWA4LR8Ejsdp6fnXjV7dS3l3NdzOWMjs3zHJAPQfgKw3llLNgnbXwdXPK0arcXofoeG4epSopSWp9iaX420DUz5aTrHIcDa528/U4H5Gun3r0yPzr4ZWRymCxA+tdJpnifUrKaOOOXMaMGC+p79a9jDcUr/l6jgxnB+l6TPr8g9ajIry7Rvinpt0Bb6jGYXX+JcsCPTjn8a9Hs9V0vUofOsrlJQOoU/MPqDz+lfUYfNKFVe7I+PxeW1qPxxLYwBTKiW7tWlEIkHmH+HPP5VZYLXepHnNEQ4+lKc9KUjFA5qucQbaYVqTn1pcnuKy9ozQrlO9Rkd6snnioyp4xW0WYTiV6Kfto21ZnYZSEZqWmAZpNBYaVB5qMpUxBFJStYLlcg96TgVYwKTaKOYfMQkDrio2HPFTDFIR6Yqyivj2pce1Scf5NL8v+TRzAV2H4VEQetTkDtzUZGetWc5GMd6Qj8KftFJt/GgdiI4zSVIQopn1FAWI8UhXIwakI9eKaRzTTCxEY6YUA5qx04pMYNPmZuVimBkVHV0gDkVCybuRVRn3Agxmo2XkMPxqYqc8CmH09a0AqquyVo+zfMM0/IIpJo8PFMf4CQfoRRgbsA5zQRUJGGevFMx3qXr14pMZrK5PIyEgCmgE1KV5zSD0paByMqt1pCMVOVHTFMZeK1UkDgyAim1LtNLsIpi5WQ0c9qUqRRg0mhWICs3J4J96a5kXGVBz1xVkr2ApJI5IyN/OelJm5UB3jHQ5oOQw+tSvCpFMCupGTkVIGBrWlJduLqL5bgYwRwSF9xzn3qXRrl5YRZXYIlj+VW/vY4wQec5rVYLJjsapXNqsmGB8qYfccccj1rzMXh5X9pT3PYwNePK6dXVFpkZTg9qZk1Lp9xc3j/YtUjEVyBlJAQUkA9T2bnv1+tWbq0ltJPLlUqeoyOo9RWmFzCFT3ZaMxxmWTpLnhrFlI7hyBTFY8nvUu0g5IqP5s5zxXoHmHL+M/Clp418NXmgXh2mZd0T9THMv3GH8j7V5X8B/GNzeafefD3xARHrPh12hVTw0kKHbjHqh4PqCDX0EpxXyb8fNDv/BXifR/jD4W/cXMUqRXe3gOcHBbsQ6go3r+FceKlKH7xdNz1cBFTXsZddvU+p5h5RO7is9i8oPlg7B1aue8GeMNP+I3h6DxFp4MUJdo5IicskqY3AkduePauwCAD2renWU4qSMKuHdObhLdCWWLV1IXOCGOR1+tXLo29y7ywIY3PJGMAfSqTORkk4UY5JxVKbWYIY22KXdR07NWFaqo69TejQ53ylG4mC5lbGCQAB9KpTxwW9vNd7N0ignPoKljTV7tvtcVuihzkKzdBVe9sdcuLdrU+WA4IIye/wCFcU8U+x308JZ7nPqPMw7tI0Dcqyfwk/WuW8RTLeOtrK2Y4m/iHVq6O11LWdFtjpN3YxvKuRGS4AxjgNgHI/WvP49c0O10iSPWrjy7ti6vuDM6sDgKABk9Oorxsbj4KNmz2MJhJyldIkNtFBbW4t4xG0UqnC/xbql1LUbXSlKT6dDFJICAHiUFvpxXCX3jbSxYxwwRmIDqzNlyfUEdK5fWvFlhqwSVp5Z51XazyZIAHTknPr2r5LFZxFJqJ9hgMqm3eZejj0u2gcwymG5lfhV+62fWno+Y2j+UTgckcg4ryq91Nw+6OQuB/nioYdduomJRsbl5A6jNfF1oXnc+0UbQsc/fxnWr2a+j4kT5B/ugnFc3pst3BeSX1sDJ9nHzL/smtGS5FlPJ5RKg5H+fwqzo1zaWmoI8qnZd5ib/AIGRj9a2RgT+H/EM39vKiOTFdHZID23d67iTVbvSLprWf/SIkbenPQV5VcWf9k6k1xEQF3fKR2HauvkkWaCPWGPnLjbIvsK5MTSOmkek+J7/AEbxPpGmXBQhUbDA8sj45BxyOmcV4jqdrawXTxLJjPIGK9auPDcNro1t4n0W6S+tHmCOBldrYzhlbkEYwRz68V5f4ggjudWRYU/ezDhamlKwVKfVEVlKqx7Ym+b0x1FPn0URldWsc+UOZFHVD6j2rG+ayuR56lHjYBl9P/rV0j61PYNutwQsg69j9R6VrMzporo86Rje3mQk8Bu3tXZQaRp2v6L9h3LHcxnzIWPII7r9Kxba2sta0+VtOxFn5ZIG5256FT6VQ0m9uND1E2moHyfJ+6x5VvTJ9K5J1bHTCkZkvhd/LK4xODlGB4OOcHPakWVnddP1FfNibBBzkofb+td74osdS8Ny23iC0jWbTb8K64O5Q7dVJHT1Fc/PY2WuWUGo2X7iRyQ65zhgen49azlWNXROM1yzuXhFu4EtvGcxygcr7GsSa1uYY8OpTA+X0I9fevQVsrmyKrqib7Rjglefx9qmu9GdrL7TauLm0Q4JB+ZB70oYhLct02jnPDmu3QTasjJPb/KAejg9VqfX9Hs9Vga7hUQzDnavGH7/AIVgzWM0NxmP5cYIINdTC8k1t5in96v3wf4h3qZu7ugUbnm0ttqFuyiRc7AMAH+tdNomuILd7JogzuQcnqK1LqCS6CiBC6jhgByBVVtBeSzkvbFR9otOXQfe2+oqZ1LqzK9lrobyywxvmZCIW6N/dPvWmllFGjwOu+GcfMM+vORWLo9y1zD5F8v3uAD0zXWxaXc2lnGZG3wN/q3POfUVxymzspU9DjrjSZdFnjWcboJM+XJ1GPf3rQvtOTCS2/yHglhyPrXQvanUbc2MmTCwOHHUNWDEX09jp98pKrxn/PasnIt0jG1rTrkyCSZBJEwGHX+Rrmns1gdVI3Ke47e31r6VsNG0670pb3SnWRAo823b7wbvivMdT8OCW6ZrdNlq54HdfWqjXsKOFuY+k3Nx4caC9smJIIYrnGR3FelI+neKbE3t+DIvKhurxMOx/T2rz++0sFljt2/1C/d+lT6Je3Ok3P2iDlW+WVD0ZaKjvqdMKaSsaEnhu80q4h1LT386ItwQeMHsa6S50S11uH51VbjaVweCQfetO2jntZFv7NhJpsmfMReQre4qpd2kep3bXXh+RvOiw3lHhj/ujvXO5NGipnmN3pc2k3RhXdHc25BXHbuPr2rq7HXbbVkFrqyBLhB8rKMAn/GvVtLvfDHizSrXw7q0X2HXbeRkS5PKuW7OCQAe2OMnHtjzzxX4E1jQp91xAQzZaNkBKOPVGA/TqO4ra6JnStsekeHImhnhWAb5X+VG/hYtgba998Ma3aaZpq2rwC01mCZ95c5EiNyGAI99vBPT3r5C8H61c6dLANQZhGsoPHJUA5yPpXv8ur28txDLfgyWj4MVwnO0++OoPcVxVFY6KcTs9ZM1xbsz7ZsEnplk4/lWRo5hs0JuEjubOQjchOWQ9MlT2rrZPBPjLVdPttS0O1+0WbAusisNrrnHc8isJ9B1G4vjbtAunamoDCBztWUeoNc6OhHtnhLxRp1vNowuID5FnL5c4flRDJ8hPOeADn8MV5h8S/Bg+E3xO/4SDQAg0S/y8IjOUQyD5046D+7zjj2IFu0vpbDzLG4VInddmT2J6UuoaxqknhqTQtdjN5bWgdYyxGYo5BjKtjdxnjJ4HHtUxXvXLlCxHfKms+IbRLmTJuIlYSqeARlgcg89ua7jxZqF1e6NBpGsOLmRhgOQBu2/TFeLeEJryOS30m4YMWcm0kOB9UP06jj19q+l5vD/AIe1/RbCwuTLZa7Z7jKjf6t8nI2H0IxweevXrXTKVtTWnUWzPkHXoTFoOt6PEhZG8xgoJ+VlOV/UCsTwBaaA3h7T7R4t2oyXirMcnlS4C4P0xXsmsaJJoniW6SY74bhM+65yMMPwNeE+FLhNM1e0SQfItzCzHsP3g5q1UOevA6b4xaez65aTbA+LdUY9Tku5HH4da3hob6r4O0i+sYy0gjEMm1T8+0AEHHcY/X6Vr+PvCup3/jK9NvC7xIF3OoJRTtHGenSqHhvxXrXgnw3f28aJJE11HIpdSSrZXIHPQ7Rnv6Yq5y0PP5Tzv4sa9BL4X0jwvYuGFqd0i5+4FXaAfqecdeB614FpmjmW5kun5VOenQ1618U9ZHifxjfeII7cwQ3pjO3OcFUAPP1Fc3pMA8u6TZ8rgH8q6acrIxdIv+H4Yre2nmjXJ3YCjr0yDV+e+tryW11S5P72xzE30/h/LJrp/Ael2UmrpM0Zlt1O10/vE8fpmsTx5oEXh3xTNpNrMWs7kgxllwCj8j67Wyuc9ueaaldmbPOba3E+tTRmMCGV2dh/ssScD9aztR0pbS6hijcmN2JUAdOePyFehaJocy3eqy38bRPaJsRCOrHoT+VXfD2iWeueI4NJ1MbSWBQj+8MNtP1Ga0UrEKJx9wsU1lc2lzDuexQyBs9dw4/UVyfiuCK7bRRH/qks4gQOz/Nu/pXp1xbW0OqeI7R5NogjlCAj/WeWcD/PvWHrml+HoPDOh32n3hl1KYzJd2zI4MZDkoVYjaVKkYwa1pz3MZwMq70SNp49M04hporUSHPdz1AP5V5jaJPBK1tJw6E4DdR9a+gdEsNPLjUp2KGHbuJ6YbjmvKvFfhrUND8SPbSZaJpWaNjjLIeRnHfBrSFZdTGVI1Ujn0LwppupohWe4uJHWUcgquRtP5Dg9RnFM1jRrZ1l1HS1VbK5XzI9vHzcbxjsQ2eOg7V1fi+DPhLw7E0m3ZCCY89cIBn8P61W8A6dDr8F5ol3KSgjdrdeh391U9vUZ9+tVzPoEYanMaP4bubzRdU1W3J8vTFjZlA5bzCRx9MV2Gn6fHL/AGdNGmPOVW/4EByPzFZuo2Eug2sTQuxjY7XJHJ3V7R4Si8OXnw/n1GNSNU0iJ9z7ujMNwOPRun581hVrWNlBHlfiFtR1XT7fS9Nfdh2aRN23oOOPzNcFcarLpultptoctIxaQAjkjr0rut+s3UmoaikZDJ0ZR8uMY6/TFc5B4Q1C9ktre2tHe7nJIWMFi2Rk8D2yaqM0Z+zKngrw1qfirUrbR9NIa7v5hEBkDGcZYk9u/wCFfTHjd7bwRZW3w08ITmQBFXUJ8Zdp3xlQe3YnHTgdciuA0TQT4OuJ7PTgJ7qU7RPtwyeoUZO3HQ8/4Vu+ELSXxF4yTSLI+ddOxHmn5sAD52JPoKyk9TRQRxmqtFpeo2M1gA8mnvHMNwyplibPI9PWuX+IXiG28fa3GbK1Wy1C8dFkUOWjJwEXknsOv/6q0fFd2mha9f6cXN19lnlhVmHLlWIyfr1rm7TSIbSBdUuQy3md2D/dPSrpztuHKR30GjeDfCt5pV/EDr08waKWNiw8sbeCAQAo+bnBJLe3HjjGWVfNZi+5jXqWr2J8Sah50hWB3wq/gO/uaw9T0JtLkS3UqygBiRyDXXTq2ZjKgziltWmjaZhiNRnnqaktMSsNo37Tx6Cuy1rQry0trKxdGS5vV3+WR86qcYJHXnP6H0q1oei2wZY9nyIRvP481s5owlTsY6rKUjsIv9ZcNzntVldPeTUY7CQcqQTjpgdauarEk1/eXVoCsUH3cdgOM1oaHDFbRnVLtiTLGQM+/Oah1ASPfPhfrumJdtpmt2n2hVXZayKMiKSRsbnGeRz+Hp0x9/6Re+H/AIZaBb3hWF7gndHaxlRK8hUq0shySA/444A7Afmd4B8TpoMr6raZGorJuhbarqqkDqDnv7V7L4N1O+8Ra7daxq9w8kMY3yMw5ZyRhVHYADt04A7Y8fFwvLc76a0Ppjwnoum+Lb3UDrdzJYSEeal0mdsK7yfLVc85zjnPHTmvNvidZ2ek6VHbpI0d04HkwOu6R1yCZJTxtHBC8HJ4A6kbD/EDVVigt7BYi7OqRqY+Tk4UfKRXGfETfoNncan4jvftWt3SB/L29P4AM4wAAMD6cVzOlrc3jOyPmvxH4nRbGXSLJPL+1ArPIQMncMED0znGfSvI9cv2Fsuk6ch3Id7sv8fXAP0z+grr/Fbpa20G0CR7lu33sfQVX1TQtP0HQdLv2lf+0ruOSSaE4xGMjYAMccHByeSPavYw9krs48QrM8yhV4YmaUHe55BrNmRo0kd2AJP3a6C7madGkI5OPzrmNXmZxwm1gME16lF3PNrI5ebzJ7gKG+UGtzyiXXPOAOlV9K08TzAkcZyc1qLGFmfd90NgV08xzchpfZs7Yk9N26tvw9Jb3Hii4gtYdliYiSpO7aV2jOT6msiNJJB5cZ+U/wAVdpbaIvhuXR90gku9XTdKFOQIzgqAO3B/H8KyqzudUIlewd7DT9b1uVVDX6/Zoz3CuckD9PyqvYBITBtTL5Bx+FaWo6TLNFDpSbtqOXA/xpBYMiqFId0PX1H+c1pSnaITgQajHLFdNJd8k4IHoD0resDfXtjBd3SkIjEKcY3KvHFbWgeHLW5spte8UTJHZ2gBYOwBfLAAY9CeD9ar6v4j0+5umvbTayxbUijUbYlReAAOPT29qcZ8xlUjY2/CvjjVdK1l3aPzrQqUMfTHIwwPTPHfr619GCd9Z27bg+XEAWQ4LAN0/PFfHd/4gvNUDO7CGFcDy4+FGPfr+Zq9ofivXtK1FLzS7pkmC4IY71dSc4YHr0/CvpcpzN0Goyeh4GZ5cqy5o7n2KlvJpqJNbBXDfeUn5sfXFPWUXDL5tyI1l654AHoa8q034umS3xe6cZLl+GyV2r7gqM/pVC9119QdZ7F2XPLKeFx6en6V9tSzqi/hZ8XLJ632kdlr+u6JpoltdDMjXv3dwPyD1JBrg7DStb1K6SEh5mbktg7VHc88VNLe6HY2DAQ/ar98Au/3Vz6V2+l3l4dOQ6eBJ5oGSDzz2xXp0q3tTidD2R01noOnaRZuJR5u2NiSx+TpngVgWs0b+Hp7gKsLzMYV7ZyMAj6Zp+uxana6HLNOrNkYUHoc9K5/StSaK6sYriFTHZROxB5DM3t7U6tWMHylUcPOcZTO1t1FnZRxW7yyXbnGQPkyefyq1LZXyLCgZFuAeBGSvJ9TxSWd5qOosZPMgtYXBClwQSOnXmtGKCWKPY5ErqQCVbt04Nejh1GUTyq1XkkNtPMspkm1K2ZWyT5qguMHsTW7BLBdoHtpQwPb+LjtjtVFYXCkbSRwfvZH1xWddWzxyeYIpYs/dkGc59a6oXp6x2OObjXVp6M6fJHBBH1oODjisOynmmjEsVys5U4KMctx1Geua0Bdxhd037hskAMc5/GvRp14yPNq4dxLaFcFRxg8VPzywqrEWKtIemeKsBht3E/WtrmFhHOV+bjHc1WClz5hzgU8HzDgEbR+tG4DKZ59BQaezJNpGGbp2owW4A49aQb2UFhsA7VPxwPWnYy22IdopdlS4I6ikO49BVmZGBjrQQRUg6jAoboMCtAI6KfjnNLgUAMPNOIoIwaWgBFGBQRmlxwKUUGDGbTQFPT1qTAowBQIiYYBz24pB0ypzinnodwzTdmAAK0NAIJXnFJgelGPm6UY57mgAzikGckVLUeKAAn2o4pwFBB7YoAYTzzTyaTbzzT9vHFACDBGKXkdqTgdTS8/WgfML160cdjmk5JpOw4oHzDuaTaakooKIjx1oGT0qXg8UYxQBH7UA45pTSYNAlIM+1Bx3PWnAA4o7cc0DK+09qUDB68mnFT64pyjrg0+UzT1GEHqaTnnipunfJpOe4osaDMcDNABx2IHenEA8nn2pvlr1zg1YDSOhznNJt6dsVKePmwBRg9uaAIWXacikCg89qlIyRnvSkcewoAhZe5GDSAdyetSj1JzTev4U0wI9voaQHHWpCuaCPWruBFnI4pmPxNTFc9eKCuOtADKCtLg0lAEf8W2oz1qwR600qMVmwP/1vzHGl+WNtuodD3FdHptssdoCI8NnFczpXiGH7MsDhcZ6100etW0MQwCTntXm1+Y+fkdTp8Vuqeeclh2rn/Elra6tKpAO4Lg47VradewSpuZcbu9XZLe3tkMqkMG5ya4pTaJuebQ+GjbRNGRnzP5VoWng22DLK3Cnn3rtLa7W4JSRRgcA1cdIpGG44VegFN4qdtBmC3g/RbiBVb5XPU964jV9LXQvMa0JZO2TXplxEyDMeW9K88167jmm8lhuB6j0IrWjWblqwOUtbyO6Vopsbs1MImilQLg5PXtTZjbxSDanbtUscTvtZeSecV63MuozoY5ChVmHC96z7jWCzu4AUdB71qNbqYQGPAHT1rlr8W7Z8oYC1lB3YD1vjcTh5uQOmO1azak8SBkPTsK4c3UiMFXpntWxJdGaJU+6e/vWyprsI6y21k3AUSnB6Vq7YZVJJHHeuAt7oJlZAT6V19paS3Vsph53dRWVRchDNQ6JAbcFsAH5ge5zXKX3hyfzwFAAyDxwMV6Ja2c/lRRy88AV0EMEKgi4QOenI7VEcxlDqTc4PQ/DlxFcRFCCrZzXX6s72dqx24YDHFXpGS15gUKOvFUpJ0vI2jfnbyc130c3lbUm1zzKzguZbqTc3zSHqTzzXqCRRWtoIgRgAZ9zWbbadCJfMjjG4+tNv8AzvvDpjgV7OFxinHUia6GppFxdSTsGb5Bwgr9AvhHaNp3g23kkGHuWZyO/QDP0J6e1fBvhO1kv9VtNPjjJM0saH6OwB5+lfrD4M8N6FPpUVlNJ5M8SIpCkDdtAGQCMD2qcbUtE3wqu2fM/wAZvFxtdBk0mBws15hf+Aggt+nT0/KvCPCejrNG9xKodSNoyO/tX0f8VvgB411XVkvtBni1G2VWwoJRxg8fKc5LDr9K4S38La34RtlstTtpLeRBh96Eck9c4xg9jXzmIxXJD3dz6XLMFGpO7OJv/CmmTxkmIK/97vVXw9Prng3VI9R0SYpszkE5BHuK7K9dcMQAB7VgnmvOliZSi4y1TPp1hop3irHuF38bIpfDNx9qtwL1oigA3fMxGBntz3PpnAzivkKfTZJy9y7FnPc816VJDFLFsdQa5nUnt7JwobCgc1plMaNFtW3PDz7DznHmXQ4KSG7tiUK4U96uJqr28TKzdBjFRa3rlvLPthHyheOMZrjrueeUls/Ljp2r1q843vE+L5Gy9J4gSRjhe55plrr2LgKM89z0FcxKYohvztYce1Zk1xLFbNK3Gc9K2p07nI4aHX3mubp98RyV6jPGK9F0nx5eNpUWn+axC9COoHpXz9YATZA5Y+pNa0up/wBlQgKMseK3atsxuipqzPrX4ceKdWt9T22UzBpsDCnHQgA49ua/RrRUmj0+MXLB5NqliOm4jnH41+Sfwk8UWh16FNSUx4wu9enPb8q/WLQdTs7zT4pLdsrtUYByBx2Pf619/wAOVU6TVz4/OsLyySSN0FcEbeaqNbRzAj+KszWvEenaFaNfXhPlqQMgZOT2AFctB8QLK4Hn2sqsrcAPhTz7da7cXnVCjLkmznweTVa0eeBq63a3llA0sJ8xTkD1XivkXWrkXesTi5bNwWz9PT9K+yb3XLFtN+0TvsIQlx1AGK+GtVvY7jxNO1t/qi+3cOhHbFeHmuLpzcXTe56WAwdSm5Ka2L2s6jPJZpaMd3l9DXn8l7cQ/wCsPU9q73VoZLO1R5EI3rwT61wM6+Z8zck9foK+axeHblc9qjJOOh2vhLxOba6HzlR9a+tPBXiBdTiSLOSDyR0NfGemaG00QuISdvX619H/AAn1K0tkMEjgy527T6ivayH2lOor7M87NVGUG3ufQ7MEz3rr/h/f2E2vQ2d0/ls/OG7gH+fpXIOyyqDERu9K5e2bVdL1KK61GEwuW3IenQ9c16PFeZOjh2o7s4uHsvU6ylLofbeqarp9kUSf5I34yBkD61kXer6JbxRyTXChZhlPf8s4r5j+J/j1ovDdsRcbduCO5fpx9P615domsTeLrm3iiuWWYkDLk8Y6D6V+Eyk22z9io1YpWPt+90XRtbhX7VCk6MO47fhXkviL4GaXfyG50K5ksJ27Z3x591PIH0Iq1Y+KofCEMMV8xkjdsY5Jz3P/AOuvatPu4rmJbiP7rjcPoeRWlHMq1F+5I7KuEpVl78Uz4gk+F3jXwdqNzeatF/aFv2njy4CDjJXHFch4ksfD7Q/a508ubGBsUKT78DqK/RyREnjK4AzXF658L/CvieFk1awjmJxhgdjg+zLgivrcBxxNR9nWjdHzWN4Wpylz0nZn54QaZrGlafHqenXzPExzsJPGfbp+Vcl4l8U61qNobHUJCoOCRgZI9MjnH419p+KvgJJa2oTw7cN5Kf8ALKZg3U9mVR096+R/Hfwx8daVez3D6e1zbxk/PCwfCDoSo+Yfl1r6F8R4edL93Kx5EMiqRqXqK6PHpHYDBJxVM8n0p181zazCK6geFhgYdSpOe4yBUcZLgt61wKrfVHtqmkPJwBUI5YkmnOcUi89KftGHIidCUCmPOR3rRttSvYpUltpXhZDwQ5BFZA45xjJqXIPDDn+VbUsTKLvHc5cRg4VFZo7rSvGmp2Wtx396ftaJ/Cx2/wAhXuekfE3w1qSiK8mFnKeAJM4z6bsYr5NeQx8Fs1y/irWZNP0WZkBLkAKM4GTX0eXcQYim7XufNZlw1QmrpWP0YVVljEsTB0IyCDkH8aSvzz+Ff7QWoeGpBp+sk3VgxAbJJMeerLz29PT6V94+H/EejeKrJdS0a4WaBucg8jPTI9+1foOCx0a8eZH57mGWToT5dzbyewo+vP0o79QfpR9eK6zzwqM9akph61oQyL5f4qKkorQQhANRlSvTkVLRQBWxn2pDjpUm3IppHrWhgyOkIzTiMUlS4iG4z1ppXtUlBpNARYPrRg+tP20baQ7kR4FRH6VY28c1EetVFlJkOPejHrUuPamH3rRMY0qPqKYRjp0qakI7ihMCI8/SomGOG61OQeajIPHvVAQkGmkH0zU7DFMxmgCPHTio2HWrOOnNRMOvFAEQGOtM2jvUuCeaacHigCu6AqUP8VUUIK+6nBrRKg8ntWeR5d50xHKo5/2lP+FXBicbk/WjHrTh6Clx3qBjApxTT6dKk570HFAEB5603bnpSyMFUsemRS5wSPSm0C1VxmMY4pOed3FP65yc0dMbhSAgainkAVXeSNG2u2D1/CuhjQ6tvSdWitGNnqMAvdPlxvT+JfVoz2b+fTjqOd+0Q5wGz9Bmgyj+AEn0xWVRXVmXFG7qenWcEhfTLkXVu2SpI2uB/tLxg/hz14rDKYpIb6SM/KrqR1/zmrjXVtOiKYWjZQcuBnd6ZGeKwjNx0Y3TXQzHjyfQ01huUpJ2PWrUzJAiySZ2tnkAkD646fjVQXNtISI5VIxnmrunsWrohkAeNopfukYBHXNSwajf71sdZl+222MLMRmZDwACTjcuMn1z3psi7sshDfqKpvlOXWvMxuFjPXZnq4PFSikuhrm3jm3GwnW6Qchk7j3HYjuO1VCMcEEH3rpfCUdql2zy3bWTzptjcgGKRnIwsnHGeu7Ixj8K7O507w7HKdH1JZbO+bAaZgvlqx43EkgbM85x07148c4q4eXJWV13PZnktLER9pSdn2PIWfZ1GawfEnhnTfGeg3Wg6+he2u4ygwcMhP3WBHdT/hXpOpfD3XNIi/tR1S8t5OVlt382PABJ6AY4Fc8I5FPzLg19BhsbTxEbxd0fPV8FVw87Nan56/C/xXq3wM+JN/4D8Vk/2bcTCGRv4AT/AKq4UH+FlOT7H2r7+uXgiiNw8gEQGd3UEHpjFeE/tB/CkeN/D667o0YGvaSjPFyFE0I5eMk9+65PXI71xvwG+JEGuQWfgbxRc4vLZP8ARS+AJQv3Y855ZV6Zxnp1rzFWeHqezv7r2PbrUPrVFVYr3lufQ1w0t8GMn7qH+Feh2j1/CqReOe5W1tvlQYy3sPSrGu3gF+unIuVxhiO3+9Uvh/SG1GYz3LeXYq4XjhmVeuK3qTbOKglBakvhy5N3cajZx5K2k5Xd6qehH5Vc1LxNpHhuKa/1iX5IgdiAZMj/AMKj69/aseXUtC8I+KdSkuJI7HTCitE0jY+cKvGSe/zZ75r5G+IvjUa34suzYuz2MRxCcEKR3Zc4PzYyeK8jMcwVGm5SPcy7L1XqJLY6XxR8VtQ1G8dY4BFub/WZy27H4DHXjFeW3eoy6lI3OR3J7n1rk9R1C7lf9xHgf3iaoRG5lRomk+997BxX5lisdOUr3P07CZfCMbJE1w6vlXYsN3QU+4+wRwqsTFyRzntVD7dDbB4I/vDqRzWcySuGJOWYfKK89yR6PIVrm4Ebm3yfbnpWv4a0iS5MtxcS5jjb5vUj0qDSvC1xqd8gMoMkzBUB7knAzXskng+28L6dJ9uvg/nZ8vYpGX2kgHr1xXLUr2ZuoaHgd+ttNcXUIPlYZtoBz0NUCQzxx7iDEykHHcc5qa7t57F3O0vhzz9e5rfuTaX9us0sQju1QLlOA4ArdVTL2Zganf8AnzlJDkDpnuK7XwrLZiMR3ZzE3qa4iG2h1DdGo/eAYUmrGl3n9mXZtLxfkPHPY1hXneJcInp3irQ9S8Om01GH5bW7Ab5TkEHBHI4IIIx/LpXNRyxvrdlfbQ/lkHHvXpWk3Nxrfha60CVQY9peLk7c9VOOxVueOo4NcHL4cutPIvJSMIeSCCAf51z06mljfluZ3jOCO71U38SmNpQCeOCR0rJsY4b+3MFw4WViQuR/EOlehXll/aGnLcwsHVRhh3GK4aDSHfW1sWkVWkwU9zT9qx+xMC0luvD13JChOCfmJ9q9TtbfS/Glh5johvYRgHpv9j71k+IPDzXypJbhTdQjay9N6/41yWlx6jod2ZEkMQJwRnqayk+b1NqSO30o6xpEc+gX6PPp0/SFzlUYHPAI4z3x35rmVV9PvJGtlP2eRsBT1B7ivW/Dd2mpTRLftiKRgvmd0J6HPpnrXT614TsPtWCBJHOoEseSDkDG5GHr1x6/kPPlX5XY63SPGI9SVTtdQ6nggit/SoNGtWnhaR7Q3I+VhygPTDe3NLqHgXVLQyS2Sm7thyrjlsejAdx7cHrx0GPue3tcrAzsn3kOR/3zTlUT2KUH1KNxoCyXDQyoCIyTuXoR6j3rnbnT59InFzgm3z8rAZBHvXbpqlvEsbWJLrIMlHGGUnrXWPZLLpbQyxZt5RnDdj2INQ6rjuNUbnmgLWgj1OzXCSH94B2X6V0FzY2r2SeItLlImjPzIBncp9fpT7XS5JZHs4R16L6ir+hQNa3j2YAMc2UKnop71lKrc1jh7HB39kiTJe2ozGxzjH3Seor1HwubW8hFnfsfsb/eA5ZfUj3qtBorafezQzqwjkX5cjg+9Q6NKdC1kTXVt9qs8kPGp6g+h9RQ6iNo09Tb1nw6PCl/+6ButPmUMj4+YI/Q49qxtR8LHUUWK2xJu+aCUcAn+639a9P1i+SW4t7rTHNxZoo2xuMlB3U+1YjP/Z5fUbOLdaMf30HZc9wa55TNZwPHdGnubC7a3iZonUkEEYII4I+vavQdOhTUJGimH2eTH3mXhse9LrfhcatcJrnh4GZpDiRM8sR0P+8O9XdN1Fp449J1QeXKgIDfxA9ADSnO5cIHnd7oOoRO+5QX3cFWrOGiyhy7IwZB8y+te76ZDpmm3UltrsAuLWcFQ/OVJ6EYIPH1q9ovg/UtNv7XWpbf+0NHWURtIcAEYBKsDnDYPHr9egsRryjlTseP+HroaVcM8qb7cj95EfTsa66XQdPv2GqaHOtvMo3qqttDH0rovE3hvTIL27u7e3McMp3KrDBA9h6Vx2mWV1EfIOdqn5GFOowjE3ZbfTPGNs/2pF0/XLX5S68JPt4G4fpnr9RxXofg7XLGfRZfht8T43RFYGyvCuWtnx8u49WXOMHng4PHIpavoMGq6DbazYhYNSQbJ8cCUA46juByM+tb9qkeuaWmma9EZGRFC3MfMkBAxuI53KTwwP8APFc6qMtQPPPEvwk1fwzeBr1A1s7YjniO6OT091yOR7fjUdlNLpluLSOJprZMeZH2Vf7w9CPyr3fwlc3ejM3hXxYRd6Jfq0dpKeUU7htAYnK+4z8jYI45rmZdHvfBOrLqMkCXln5vlyjqvlk8jPTkevGeDTdRs1UEdX4al8R6Tbx/8I1qEgsOZBGWyAD1+Xofyr1BZPCvji1W31Vvs0sf+rmDAPA59SR9045B4+mMjg5/DfiPQpLDxHocbT+GtYYm1YnIDDlojnoQc4yeceoNE9hZ6/cC409jbanGx3xY+9tx/UdcfUVFynE9Bt/hLfalDNaeKUks1ZXWzvFGYpJAflyehU9SOo9q5XTrj+xYLvwj4rgPlgSQCSPll7Fc9WU9iP8A649o8M63qNppEGmard+Zp0BDKrc+XjPGSM4GeB2qfX2spp0vruwWa0ukEPnBQ3mDPy5P06HOfToBWd9Rs+Mb7Q763ihmt1YeRLviZegdORz+Ga+2/Al9oXxW+G6ec40/xRoeACM7bgHBx7ccgE5GPy80uPCt74Ymj1RVa5sEbMsbfwg8D61oWvhyPw9LPrvhh2ginKSqicqjdxjuvP4DjpXXGppqjO1zD8R2J1CIyS4+0IBuBHJ5r5D063efUtUt1UKY5pMA/wAIVyK+4ru1l17Uxq4UqWA3xjoGHJH4188WPhkx+PNUWWIBWMsu31DOCP51CZ2ON4H0J4C+KCeJfB2u+BbnTYWub9onS4GCY5cBJDyN3OF6k4z9DXkHxRsoNA8OPot7aqk95Pt3Lg5EYyefTOMVJ4GOnaT4ov8ATiuwyP50RPIHOGH4g/pXdfGrR4PEWmWeomURSQszGNhkOpUAkHjGCB9c0Smcf1ddD4t1nRVl0bTmjUFpJJXz1JAG0DNYNhaNFMLdlKhyV+ueMfnX0Dc6XFDdaVbRhUhigYeo3gc8Vz/iHSbG21HTLuJNkbXEXnYPfcDnH0rZVDOpQO3+GXhuw0aCK41G2G9N9zIr42ug4BOc8gHNfMvjbU7jWvFU8E0YhhEzvAuPuRuxcLkY45r7z8cQJaf2lbW0Sq0MKKmcABZAA2PoCR+FfGi+G/7Q8VzCOTzI7QKMHqQecepxk/lVU2ctSkrHofizw7rWt/DjRPGGnxhQwRbtOEJcfKr4/wBvr+NeLwC60/VdN1BwBKLqBhxyCrjqPQgV9raJas0d74Dvjus57KJYXAyqSwEFdo9ec/hXyjqGh3Kz3Yuz++t5JSwYdGUnPH1rR1TH2Ejp/jH4K0y01jS/Gfhwtc6L4jV3WTGUS4Q4lTPUc/Md3ckDoQPApPLudTktVXItjtAHc5xxX1L8H9R0rxX4G1j4Y667fbpZzfaazDIEqIN6qcjBYAg5wCD6gY8WvvDsfhvxOZbJxMhHmK2OAd3Rs5HBHQ9qqlVepDo3Eks5YrN4ZYGjWaIY4OSykHg+1Z/jC6t7mCG5mtzuVFVyfXnBz6mvdLeNdajtEjjDO4GVwOrDnk+5ryz4hERSp4ckQoI2VmUjHb5cfgavnE6BzWu6dYapp9tc2I8yCDG3J52sAD6e1YfhtRY3JS1Xy5owZEI7Fea9K0TwqLuOWGNnMUaA/L0BPT19K88tYHa8mu40IaJShGOMHvW8JmThykd3eQyxTi5Hmead209GJPPPbB5r2X4S+F01Hw74wSLzBLFDFKqAZ3bNzbV9d3SuKu/D8N7o2m2touy5D4kXrjceMH6V7Z4Q1GbTYdXhjb7NPfBU4OCApPT86xqu8SlEl8K6XpPijXtA0SO1WxjjU+c6IvmTFFDHzDgZB29/U1leIbDU/Auq69q2mgfaLXzIlaMb40EzALjqMDcOD06Hmuq8L69ZSWTNBD9lvdJMifaFP3lkLAfioGPp39Ow8P3/AIetvBniDVvE1sLyF7doLeMNxJI4wCSOflbHPb64Nc8Z2NJU+x86eGru3tND1DXfEKv9rjEiwhv45JBkcHnJPU56Zrs/gik/hbw3rPiG6iyb1WMT8Z8uEHoeoy+R+ArH8X+ENasvhzpXiaYxvZ6xOViRCfMHl7hlgRgZ2nHJpb+dm0C28H6UhFsyIjS4O3bGQ7kj3YZrqhO5lOk0fMn/AAjupeI/EZZjma7uVjG4n7zvtyepIya97+N/gjUPh9fQeEdYkSW9tIkmnljGFw4IUfTqai+Gnh+4k8TXOujE2n6NiTLrnzJmz5YGRx3bPbA9a5rxhPqOu6zqQu1ad5GJkdstwTlR64HQelKUtQjTOH8LaBLrUV7qrx5tNOxufj7zn5ABkde/pXQXnhmx02eybWiWF0guJI/7qH7qn645/wAmvo3wH4Z8P6teeFPh1ZzYtLNXvdXePCq4ULIwZjgseNnI4BHocec/HC6i8RfEWeHQIjNHcugVkXLMuBtAXGRjvxVRqO5m4nzlreqXWr61PrGTDgeXFnO5IwTgfU5yfrXX2OlNpXhGWe4tmNxfwSSxgLllUrlW7Ef3j7VhxeHby+8bx+HDu2Wsi/aGUfdVTlwfT0+tfQcOv2d146W0CLBawxeUzkZKlh2HHHQVtOpZCdO58v2uk340uUR7v+Ji/lLkZ3Huv61rXWgXCXsHhy7Vka1UGXPB28HOf89a+k/B/hG7S5N9rkCW9hoaNMAwyWflgfwGWryifPiA+IPEs5EIZXwq9dzcIB9MAfjTpVOYj2ByXgW1g1TWBp0XyxOXw3U+WmOcepr6c0S70jRb+OFk3QxKEVTjHHc4HJ/DvXhfwv0ifT7a4168tn2GYW1u6nh2b7649OnNfYmn/Ca71zW9ItIZVcaiw3qCFACfM43E8cA8ms66ux6owNC8P6x4w8Sxa0sJsbeRg0TsjbPk53EnAJ4z15Jrjfi/eW+pfZ2t5hew2oaF7vP+vkHPynugwdvbrjIOa+zPH2pad4i8P3fw98N2KwaL4e2R3l8pWMO0I+aFBgc5GGHOfQAgn4L8R6VP4l1o2+mxvb6LYJne42gDuMjgux6DOcc+tcj0djphTvHmPIfCunF9bj1jVYUmtYnbasoBUrhh0OQcEjtXHeNJvtWpzPANkJkfy0xgIm4kAewBFep30y3PiCKwEIS0sAQQOAQOMEdsV5p4pCfaZJgDtdiq124dtvUzdO+5xMMIZ18z5UHrWXcWjXjzTZHNd6mlLbeFrrWrxAGkIigz1yTgkf57VytrYXTNBargvJXqQlqcdWkR2Ph2RvDGp66J1i+xNHGqEfNM0hGQpz2Bz0OefSuXkRkTDjBNdlr9uwms9KgGAh5AOAW7ZHqOawbm2abWU05RuCsvmMvIVWIycewrR1LHJy62OwXTRY6TDBhXllAlL56KQMCuk0fT7OS4bUyrT3NrGAhOfk7dOn0rsPGenyjTtK8P6ZYjzo0UDaACDgAnj1x9BW/q+j6N8M9Fj07UJDLq93bq7qCcSbsjKkAgBeRjrxzzXP7dmiVjzO7sprKGW+nkfzJR8hc9fYGuv8Eab4diso/FHi9Q2lQsf3TOyvdPyuyPYQwAPOe+MdNxHn1ppqayhv8AxFeOLa15SLP3wx4QDsOOSOfp1GnFo+v+KZlZB9nsrePClyVggjA6/j7D8gON4Tugaucr4k1xvF+tXMxBhtICVt0wBsiUnaOOpx1P5ccViok0kDRWsLSnpgDniuv+yeBNMjhEE9zq+ouTuQKIbcDPY4LHjp6/pU91daheQpDbQppcEfCpGMHB9TgH+VdCmkZunfc5PT9FvHRjNIIEPDdyPwrqY7CztIYmRjcv0JHAx6/hVC3tr228xLpDFCv8Rblvf8abe+ICJra3sIwkafe45Y+5rdVOYydOMTQlvnglUfdUnnFbWnaw1vL5koMkRONo4BrhYpWMru/IJySa0IruT7QgT/Ueh716NCTXvI8yvHmufT+jeOPCR01WjgFpcg7WjMIAOPccGoLjxBpl5IJotM8nDbvNVtg49l614xa2lxq88MFmFhLkhXzxn3xXrekW914ct7e11S/8yScY8oKv7sf3z3xX1eEzya0Pk6+UxbLFzqeq6/PBosJ2gYkIBPIXqTzjAzUsN1Ppk902lwGaJceU8yEhm/iAPQjPofyqraPL5N7JpuySWVjbickZ5I6HtnivQbSO9s7CG3vGKooALgZA45OPrzXbhFPE1XNvRGmKdPDUVBLVkKa/4mmtQ2reH43UcZQ7Rjrgqd5rPvPEWoWbRvHot7bhMZZUEiE9RgjOR9a2HuIESKJr0MJkYxbQ33vQjsfrSWjeIrl7e1tZNvmEKdybiD0/z0r6RTcPdTPluRTlzchUsPilpD7o9Ws5rNgeu3Kge44I/Kuhg8beFtQPkWN7vJ5A8tyfpjbVaXR9WufNtdWmLRse0QX+YOa5O5+HdgVc6fJKrk9WKkZ9wqA/rWkZYhR91kzw2FUvfTR0upT2GmyR6paRtKxOJYQCodW7j0IrRFzY3aC5hjlMJwdrJyrehHt7Vy9lpN/p9kLOcESRDciHktn0HFdFocAule8iuid3ymLJABHt60qOOqL3ZR1KxGW0GlKL0LKX0yy5tIjcKeRHghj9OK1bec3QLEeWw5MbfeB984PFbel6m9vAjfZoHZWOSV+b6E9ap61enUJDK4+zPtwGjBBUexHSu2lXr822hyVMJQjH4tRBE8n+s6+3FPEGzhFwO571Qs9Tlhi8q6kF0h6OOHH+961sJNAy7kYN1HU8V3UsU27M82thVa1yLYqrzSr5bjKHI9qvRX9xAVNv5e5CCCVz09eahutRv7mU3NysbPjGYl2/pzXbCpNvbQ8yrRitmVjx2phQGn70ZV+b5iOQeoo7iupM5GrCbRS1JSYFMRFj86QLUgHNGMCgBNvAxyabg85GaUZP1pdgPOa0AQA4GaXBGcUqqMU7p0oMGMwBxig4J6U/rxTeRQIi5yRTtpoxzTq0NCPpRT9oo2igCPn1o2j1p2R6UYNACZ7UU7bS4FADBS9TxUhUYpVUYoK5SLawB3dKNgz8pqbAowPSmPkZFt/vc0YHYYqXApCBjnmkLlEHYUoGOvYUoo4oLsAAoPoKZk/dFLyeaaIbEPIxTcHv0p3bB604DjBoSJIcE9OaUBh1BqUIp7flSEY6A/jRYCLJ7cU5c9utLyee4pRk1Yo7hgnvSYJ70769aMHuaDUbtHUmmADII7VIAc/TrSYJOelADFA4OOvY08DA4pQndu1L8qgYoAaRkVGQe/SpaTH96gCHHpwKMY69Klx+FGKAIO3pS1IV9Rn3puPTmgBpGaYQRyOak207oPWncCCj71SEUgGKGwISMUCnN9Kj/CkB/9f8ltKiXz1iC7V716kmixwQI7EEfe2+grzzT1QlXduTjmuovLu8+zEQksCMEegrlqJtHjSp6nWKYdiiIcD8qikuJXO0H5R2rz+1vb+1IEbllY8qa6Jb25aF1Vcbv4vSuL2VjOVM6ewdWmwOw/WujgilZcMcmvJLLUbuwuwQ25T1J616ZZa95wURqCVHWubEU2jMZqQuYXKlMKwxxXEy2UdzN+9bYe5FdvfasY0ZnUEtziuMub23mkMrnb7U8LBs3Rg61ZW9rIptzux+taOmxiRDN5ZVUHfpVC7kt5yoiOQ3U+ldpo9uj2KISCB3H9a9CtO0bAZc0kXk7NuG+lcfqUYVnCfL7jvXpt9pQkh3RcnOOK5S58NTeWXDFyx/KlTrJGNzz+K0eacFPmJ4Oa7iLRIjCWK4O3jHrWFe2s+nXiKyHDY5966a31URxCJ1xitHOT+EDDtdJaZmS4b7hrtNHit7NQUOVzyKp+alzAwjXYSOveqtuHjZlJPFYTqyejA7WHVEe4ESkBfU1stcw7SIpMkjJPavMNh80sGxnkVq28ryKsa8k96w5RWN3+0WjkZXAK+3eq1wxmgPknaxpsNtmQmT5gOMVPFGIUIxlSe9EWK5zYudShLhckLwK6C0vWuEVZgFKj5qZPPEv7skVSnid2QxADPXB4xXZRrcoz2r4T/ZU8TW8tyu+FWZifQj7v619pa94yXStCe5TmZlwM8Y4OT161+enhzULvw/qkN7BJuCkblHRlyMg/lX1Ynjfw34j0qO21aMbmGCVyufwB4Pryefyr0I4tSklJg9tDc8N/HPxPpcqrLMZow+fLlO9dv15YfhXp3jL4y2OseDbu48pROqeUqnlSznB78DGe5r5b17SNM06z+32V4zKW+VSOeexIrhdU1v7dBFYITHGrhjk5DEe1GKnTs0jbAVpKe56JZ3s94vmv8AMzdTVl5kCZJzjrWJZXMS6eBE23aOtcBrHiGeASIr/J614c5X0R9dWzP2dPQ7u916FbdtjAEV5NqGvrdO8crdDxWH/wAJAsrFQ+frWFPB505mDY3HtWlGLW581i8xdU3biZdvzLgHuKovOqZKMDgdCay768kXbDnIArPi3XRMSNjjrXoUzy+UZeTvPMXj4ANbMUAGwyrvBHTrVCCyMbGNhvGeSDWlJM8IUoOf0rd1BWOhfT7IWH2rbtft6iuRu7FLlRvYj0NWrm8e9IjRslOuOgrFvNVmiQRjgr1NdMNxHpvgfToLefzLgeYO2D06c192eAfFLz2AsLa5KrCAGAbgDHWvhL4caot801vcKOF6kc9a9o01vstzstJSqHlgOM16VHE+x6nJiMCqu6Po/wAZeMYrpU0iCYSKh3SYOQDjgfka8wN46yb4SykcZUlT+lYyyIpyxpftSfNsPSvExmKVSblJnt4PDxpU1GKOvuPFWpPpcli87mMrgguSPyrz3QvEEGn6wrzruRWwMqCPyqPULpY0O/gsO1ceixyTo4zkHIOBmvPVfllzRYVI3Po3xDqGmahYwSWm0s2GwMcHFecR6Bd3/mXQOxQeSc9Paqcl5iw8mIgHnkda2IPFUVtZC3mP3Bhm5z0717dHPJfaVzzpZbTfw6FNtbi0mwa2kyhQHDZ4Iz3/AKVm+DPF8tnrX2lSyRMChHcDrn61yHjC9sNTZbmymLDGWXpj/GovClnBewPPHceXMvBTtgV6P9rc65tjgqZXGB9m+FPifZRagBcSHyieW64Ip/jv4vPqV1NaaaoEEC/Ix43Mepr5bgluLMvMzgLnAPrVc6j9uLBcjPy+x96+Wx2Oq19JHo4WlGl8J3WveLdRvrVVnckr82T6+grR8D+P30x2N1EZVxlD3VvevKtUvDHtti3LHt2pmmrK5EKN9/8Ai6c+9cdLCo7XUkfUyfEy71Wf5pW+cjCFiQPpkkD8K+3Pgvql/f6AGvGLoDtjz2UCvyhmiudJkV5pcOMMNp6EV9w/Dr9obRPD3hGzt5rcPKg+ZVPAJxnnjnPtXmY2hbVHrYDF2d5H3ejL90VdgOF69K+edM+PHhDVrSG48/7LNLgeW5B+Y9gR/gK9p0PVItSs471WykgBBz2IzXjtH0KqRnsa1zJ5ylOqn+lYl3plrIi5RXA6rj+dabFJd6x9R3qqyleHODUqTRdkjyHxd8H/AAb4mBe+01C553r8r5HowwR9OmO1fM/i39lW6+a68KaicDcRDNgYz0Xdjn0ya+8Jd5xtPy02KETZQ130cxqw+FkTw0Jbo/IPxN8NvG/hQeZrWmyxRggeYFJQ9+o/rXEqxGVcYI96/Z280u0nVoLhQyHqMcn/AOt7V4P4s/Z58C69uubS0+y3LFyWhO0kv6Ag4wecdK9nDcRdKiOGrli+yz82ePWpQQME/NivpTxH+y54207M2iyJqSEMcE7GAXoMAck+gr5/1zwx4j8LuIdc0+axY8HzFIAx79D17V7uFzCnU2Z5lbDyg7Mxpl3AuOmM14D8R9eimm/s+GUloyM47e1e0arqSafpsl45wIhu57+1fJ2taidQvpbrH+scsfpXv4HWWh5OMM9bh423IzCvV/h58WNd8EajHNYXEgRyFkQtuRlzzuU5z39/SvGpGyabG4Xgda+koVZQd0z53FUY1FZo/TW0/aX0S5htnFoGlcfvFRvQcgbsY/HNeq+H/jD4O8QBY5Lo2lwcDZKQBz0+bivyMttSaE7pfvJjbtru7PxbJdsMrhjge5I6cdK9qnm9VO71PCq5FRaslY/YaOaKZBJG4IPQggj8xTwxHXmvBPgP/bL+Fo7rU5HaKUjy0f8AhG1TkHvnP8q97zX1NCrzwUn1PjcVQ9nUcE72AsD0puD1p454pdvFbHMR7fwppHNSEY4pece1AEGCKTGamIzTSMVoBAy4pgyOKnI703GaAIyPamlfSpqQ+tVzGbh2IKKcck88U0jFMiwhz2pm09TUuKaQD1pbAiHFMwB2qXavakI9qrnKuRcmjBqQYxxRnFAyAg96bj1qc81GePeqTAZgEdaaQR0qQ4PQU05HamAw89aYVBp5HpSc0wICvNG01KRmgg0AVWQHPHFUriIyRMUOHTkVolT3OKZIoHOM96AKCP5qB/WpcCq4QxXckQ5WX519ifvCrajimNoacelRnOTzUvHNRtnjihCZn6jKU0+4lC8RruOO4BFTkHCP2ZVP51leLJXg8MX0sZxwufpuFW9Ima70fT7hzlnt4SfclBk1zQqWrNHoewvhebzLIGBS1KR60wj0rpeup56G1FgkfMFP15qWkx7UgKpXnsOe1NKkVb59MU08+tO67C5So8e8gk8jvTd2zAl49D61YIHcZphHUYx+tSy4TS3Jre6uLd/MgmI9h0qxeXEWoKn2q1jWVM5dFxuz3I9feswxJj/69MwYsIjHnJ57VzM7IzT2HPp1u5wigA+nFVJ9KihdVdXA/wB41YS4kBJQCRvQHFUdS1q5O2NoZJJB0287aymae99kicXdvGLG2nZo5Wydw3mP3HpXczWHiE2mkWk88GpQXqJ9kveQVAADwSHJwY2OMY/HOQORtrmx2orTCN5O0p2nPpzQ4uLSQ3ukuSzcMI8OrfhyK8nGYTm95Hu4PF2SgzurPxf4n8ImXS3tk2F/3kcxZ49w7gBh1HQjqMHniq2reKtC1LzLuWxe2lkwWwgIVu+CuSRn1ANdZ4b0mP4qaOmh3ksVl4isQy27uwVp1AyFI6sPmI46Yz6g+O65oGraHdXGmXDyRXkLFHVj90j8BXkUJQ5nFe7I9SsqqSb1iND6frky2ltMGhbO/eCAR3Bz0B6V+fPx4+F1z8PPGkOp+HC66VqMnnQtGceRIOSmR05+6a+3Hmj0yJbq62yNIxUsp+YDr/8ArrhPG8M3ie0dJ9oto1DLDLlwDjqOnSubM41/tO56WVTw8H7qtc4r4a/E+38Q2k2meImK6zEoPmkZFygwN3s4/iHQ5yO4Hf6n8T9H8N6WLUSbrsj93Cp5OeOSAQoHfJz7V8BrpOpaN4ouE1I/PbzOEIOQRk7SD6YwfWu7vLmS7xeXB4jxnPANeTHiCpTjyvdHqVuHqdWaqI6bx14o1HX7n7VeAvHIuwKOQn+FcP8AZ2YqjfKvY9c1nav4pdoWiiHyE4wP881lWGoyXcWxWKMnPtXzmNx1SvJykfQ4PBxox5Yo1bh4QfIUk8c4rPZHbEERwTzuqzaxSXd7HCnG77zYqyNMlkuJUXKmLnp2rzHPuevCBhS2TpL5ZcP6kcGtb7HbWsUeSfOfhck5qjbu73+EG/naEPfFeiWWnXV5qIuGtN0aDqegI9K569XsdkKZ1XhjwnoLadFe61M4u3fcpjLgBRjAOOOuetVvHkVveXFjDpO6QQKRgkng4I6jr16V6h4Ytb3UrqafUgq2FrCXlIxlRjIPrnjtXPamNHtLa/uUiZ4llYQS7GG9AcDnHXAzzXn8/vGronzhq08emXURuxvt7vKOD0BHv61YjsrXUlEensHlX7o6E/T3rEvYtR1OW5t2GYWcvDkZ59PrXK28txZ3sYYtHIp4YE8EV6ygpQPNfxnoVj4YvSJNR00F2hP71Ixl0PY7ev5Ut+ltryNezxgXMQ5OANwA+nXFd94I8zxHdOkV2lnqwT5EkGBOP4gD0zgZx3/DNaOpeHtQtLx1vrUlpOXKjcD+K15c58p6MI3POPDov7CMNbMzwSMSCeNnsK6mSwutWtt0BJ8zIcDlvqa39L0s2mnTrbr50Ickg8lfpVfTvkumntnKSAEFRxmsXUNvZHP6XbPYrNpLodwO70PPvWJrehzXFut0MC4gzt91Xpn0r1qXSmuJ7W9lAjkuG8tpD0Oemat6pos0aPpdxCv2pPnhdfusp9+9Z+28jdUuY8w0YX+oLbXAXEyqA4HBbb14+tXJvDMOszSz4IIGH2diO/8AjXaaOujWWo2sWtq1uSwVnQcjPAOPY9a9JuPCKabfyCUtGrZw+MB1PO6sKtc7qVKyPCdO0S90S6VJCywkdxzg9G9xXXzvcmEFnM0cYwhIxgelehGKxuvs+i6/HgQMxgmTuCfusT0Bxzx6fWuu8BeF/DeseJ18MeJb7+zdP1RxEl0RkQOT8pPPIPT6kVxyq3L5bHj+kS3z2j+UWx1Psa1vD/ijWtPLWV9axX0DHJSZBx7qccdO9fTHjj9nrX/hDqkQmnW+0XUsiC8Qb0JxnadoAB6n6Vw+s+DLSzaPWLZvPj/5bRrgcDnK+nvWcp2OmlTUo3izzTUTouq27xReFrJXPQxrh1/LGfxH9K5qHXbHSvJ07xDpGbViyhwo3AH1Densc4xxXod5aWg1JJNMb5ZPu8/z9DUV9p0Os2txp2oQEO3PzDDBh0YfSs7mscPY5+08N+Gr+F7vTjtIG6IBjhge3zZxV6LwvpGnxLeyQNPM/wArp1Lg/wB3HQj1rndP0298I3abWa6tg6kgjbkdCO+K9x0Pw9qkwTXtBVr3TmJZuC3lY5OfQD1pNmipnkGs+FGmjintZWktZiRG7DB3D+FjgAHj8cVoad4Xgv4rf+2bXzYbVkMgjIDMinn5h3I717/HeabGs+ma/agxXv3nx6dCcYIweQR0/la/4RH+xbLD/wCmaddKXguoxnaSB8sn06c9frkBcxM6TZ4FqHhrTNPu5bzwxIb7TNxDcENFnGM7sFvTIH4VasfC+55D5RNtLGySxuCuQ3Bwetd5H4Vn0AR+IrK6b7DcyGG6g6+XnkMvtn8frk46S9xpl4tjqbYjmUNHMCCuD646DOR+vTmolVsVSpHzffeGZPBk0k0Ts8Bxz1HB4z71GdOsdQh/t1Y9s0mAffHr719Ja54eg1bw/cWTwLKCCVbrlscYrwnTNGudNV7EocxsTgjtnoPej2pr7DlMeOFbmQQXybwo+UnjH413+iwtaae1hPIHguGDBAeDjofbHat6Lwfb+J9KLaSRb3yDPlscK5Hb2zXm13aavod8iXULQSQOoYNwpI6j6U7EqFzoZtHuL6b7Nqb42jCMeSR2ANc7daU+kO9hNH5kTHMUm3BU9x1r2a3tLXxHaRahpYYOuBLAxy0beq8fMKlGiJq7SaVdjLL0bHzA/wBCPSpdQ09kjzrRY762gk06VEuLWcbvcE1N4IRNA8VR3d+rFUJDw5++GGCBnHIHIHGcYyK6qHQr3Q9WWzvOISMxTYwrY/P159PxrbuPCA1K9iivVaMzsAJ16IT3PYj15FaKoZs9M1XwDbaj4Yd/CMq3tnqDCRbcMRyp+YDPKMpU8H0wK5zw14C8Ra3p72iwjU7KVzErEKGDgDKsjHI69T+lSW/h3xD4D1u3v7O9aCWPOJivyTRsOQUJ5Hqp+oPQ19QaJqWj6boi+INGCC9LD7Wi/dlZjyxHpyCCO2e4456epmrx0Plfw/rEXhmO9+HviQSJ4fupAYnJ+azuIz1GQeMjDfn61n+IPB+v+Htdhv48G55a0uAB5d0gGNrjs204659+hH0h428L6N4ut28QwWyPIcC5j+64P94FcEjH8X59wOM8B65pfhWW78E+PEe90S7jzaXDAs1u45X5Rk9SOmMY9DW/Oluawp3u0cFo2owaxE8Mita3O4rLA3UP3xkdPbqDx6V6J4ZjvktofD12BJbGUbATjaWPTPXGf51b8VWuk3F/a61oyRx61YlC4xmO7hHckHBIAwO5HHYY6xILDWtlzoUTKCg86JhzE/se4J9M9PwGU63Y0jSvozvbjS47+B7qWAJIiGKVCcq/A/A5U/rivKtNtX0qe4057bzrckvGzfwg4BRuOfb+vavaaj4g8I61LZSgzW0w3mNjw47Y9COR/OvpnS4fDniq0sdS02L9xMoivbXcN6MMZI6cnPbHbFbxqcyOarCVN3eqPn+W0YPHbadGPLuD84I6Gvm/xFY21p4lhuduySEzRSMRg85xn8Sa+2ta8NQeFPE8NhcM81g+ySOXozRt646MCCD0zjPGcV88+OfBy6j4w1WK23SRyoXiYHGX5IP1YYFRVR3YRxkuaLPHtG8O26awdcK+Y1jIruOzoSeD+FepeOpdK1rw/NLGNsBKhgOq8jgfjiqPgDTIpbqWyvTva9jMeAe65PP4A1g3ltNDbXNhIu595THqyNjP5isoysbzgeIQ6XczS3l1CGlj08demU9f/wBVXX8M3Ou6XbanBhmZi208bdpPFevWOkvb3ElhPDhry324/h4Jzj3r0zQfBFja6bLCh3/ZQCF9mPOPb610e1MPYnnGs6Te61qE9xGRNFFFHK/b5dgx+Q4ry3wx4StR45jv4wGsZZH3Z52kg5wP97mvZIri3Om6m6yF7iSAwpj+8oPBP41wvgO0uJI9RimUh4HTnPqOcfiKPamNXCmi+kXmhXmpTTY8u3n3Qt/sZ4P8q8Y8aaHcXzarqumlfJTMjAE87h8x/Mmvpvx1AbOeS0uGA+0JwO2MDPWvFLrSNQ03SC1sfMivWKOuf4GB45+tae1J9keReDdOayv7W7s7gwXEZJXYeQ3Pf861vF/hm7bUZr+1GYbhfN+U9HP+sX/voZ/GvoL4a+FvDdpcQtrCsb9iHt5E5QFsKEYe+evvXRav4dXT9caPyP3MnzgA5A3HBH1zmqdexlKhc8i8JWUOsaBaaYEWOaytlnil6MSm0FT6nJJ+orgPilo+m3HjKO6yXVljbYRjJIwQD+AP1NfRdjoyWuiR2cMfk3FlJKhwMHDnIHv/APWrxXxTpx1PUIbaclZ7ZhkdDjg/5+tL6yuYl4Q53w/o+otdy2elSbJpyFCngHGcfpXkVtZ3FlrV9bsMPHmNl69DtOPxFfUGnPYf2ootYymoR52sOQ+exHY/hXMeHvDH9rahqw1K33XIlMqD7pDO5LDPp0xzWjxjK+oe6RRaareIvNuIwsRlhDuvf5lBPvxXWfFLw3p/hm7tpbJXFyJwAG5DIVY7h77gK1PE/hy70XZMJBtnRWjx044I+orsNWuIvFug2Wpa3mW4trZI5WUbclcnJ9Dk9ayeJZn9TPG47O18P/D+a5vPnbVJZXUEYKtgAA+udua4Xw9purywkqAX1BkSJXbGATjkHjBJzXY6q8niKBNOeUu1sxVRjgZ6Hjvjiob7S7y00fZ5g81MAA8Y2+3WodQPqZYuPB2s3uqta3E0hj06IGWHO5Yt6g5U8gZ4z+VWrBYdD8HyCNlOoXzS2oRj8wV87mHoOSPrXu3gLxDpWgfDDUtRumebxL4gl2BnBfMY+QH5s8Abj75qhp/gzQdZ1i0mv0KXtmvmAKcxSgHIDfjz7gVcKpj9TZ5ff28nhHwXo3hZVVrj57q4Krg7myNp+mSAT/drynQbObxH4kaOOx3ARvNLjJJVT1P1zzX0F4hUv4guL/XIykGx0tzwQyqTjP55OfWuc+G3h2Q3er69ZkpHDG8eB0AO1zn6ADA966FUJ9jPqeKeHNZm8MvquprEFmvuI++yPcW/w/Ku2+F2lw2Wl6z8W/FkLRWNtFIlozAbZJeQdo+9kEBFPufrXL+GvBuq+JLtxKjLAZERmXnClhnH4Gvcv2i9b0c2Gg/CjwSRBo2lxgyLgk5PKZ3D6k9cn8K2Uzlq0zw3wRoen6P4C1zxzq6BtX1mZhatKwAcg5OBwPmff+A4xXP/AAj+GmueL/EjamoaSCCdHlJQssj78hOPUjJ9Bn2z3vj7w3d6ld+G/AER8iLTIVaeRDvUZAXcAMZICnH+9X2r8GfDcvhPwOZNOhWO3jZjCJeN+0Hc7Yx7DPqDRzmMYWPDP2hraHwdptrpeg/vlELR30vTdPMPl4HoA30r5I1qzGm+FrDSFg8qTUmNy3qU5UEjrzxj6V94/EPRYNW8IaZc6vH/AKTq969ySvGFYNggHPB6+wNfNPjnwpf+KfGU72uIIreCKOFVXAKqM/L25JOaqFQzsix8IbLw1beBdZvNZuVE9hOBaW78mZioZ9oHUgsO3Hf1r0Dwj4v1y5t7mw0dY1vNT/cSSEHfawnjejBgQ3OevUA9QK873WkGqaB4Ia2Xbo4CzYBHmSuQ0u4jB6An65+ldve+HrXxXr+r23g/FrZpcQAsqlV2sMP8vHAdSfT8KxnPW5MYLqfQ8mg32qeEY/C9uwTSLVAgkiIEjzoAxkkHRlOeeh/IEfJ/iHxIttbHQ9LiEmlwSkPIif8AHzIpB5YjoCBx9D0xX0l411f/AIQvR7D4YeDHFzqUsHlXEwYfIJB8+CMfMee3yjrzXnNx4WutavtP+HmjlTdomWdlOxSF3OxPv94/UVgpXOk848L+GPD+l+Fv+JtAZNU14mSUE5KqGOzAHK8HPXqT6V474p0fwxP4on0vTVxbWCKkgX5gZc/OcnPTO0+4PSveJ9Pi8C4udTm+1TlnC44yF44BPSvF/DPh1dX8RRQsG8u7l3XDjliMlmOT+NdFNtCaPHvincwW/wDZujYJ2xmXJGBhzhPx4NcfpdmlpeHUblCsqplA3AIx/ga6j4ny297471OWFd1ray+TCP8Arj8v881nrHql9aIl4hyxwgZccdv6V6cKloI4qtM80ubRtRveH3ySMQMckk17D4I+H9po6rrvjNRBpjnaASJJJmYHACqcgdyfT8cVdP0aTSr8RzWv+k/xZGdoPcelemXHh1Y5YL3XyRbPHtt4ATuHH3nAxjr09OtTVxMnomKFE6u28U6DZRXyXcW8X67YZCu9o1GeRx/ECO/avHdd8KeKLlrbVvGBlis3j/0dp3y3lDBACE5Ax7Y5r3DwL8JvFPiKOG4063SGyJdxc3hMcW1DklSQSx44wO1NutU8LLq063+fF11agwhJsraKcbQAASXwwxjpWPtmW6R4XbapbXVzs0HSTe3SAlJHyI0K85I6fmRXMXdr4hurtJfEd0pEO7ai7eM+oUbT+Zr6R1Twj4mvLEXmtIvh6zuObWztwYWAzgjZgsB/vE15V4q0/Q9KuXtYt5YYymCckjPXrmumlXMatI4RbPTInN3p8IaVPvPI33fcdqxob59VuHjhmyi8ySnoo9qluNB8R67Lbabo+i3X2i4O1R5TgODyDkgDGMnOcY6175pv7PHjkeDUk0jRWYQ/vbiTerCeYYBRSOCuTgZwODk5zXYpxXxHDLTY8g8WancR6PYaM+GMg3t/fwuACfY5P1xXnsKSO3IAHTB616X4l+H3jqO9ubnULMRsMJ80sWFA/hUBj09PxrlYfCOqWLxXbrG8iMCYzIGHHZgOOfTNdlCqoqyJmuZ3MhlECkH8qVEvJkinT7qGu2v/AA82sXctzpMAjfbl4A4IU9Dt6HBPbBrNs7O7gHlnDKCNwArrpYlGFWgXdM1CSC4S6dvLYH5NvAH5122o6je6lpz6jfREyqoWNgw3Mue4FcOlrbz6pHDcybI3IC5x8oNehx6faadai1lmZmT5txALYzxxXVSqs4K1IreGFmkuLazt3EVyW3gOcB2B4H1r2sW18LhZNbkNwGBXZGQg6+leO2Y0mOYTCWTAILMQNwIPBH0r02w8T6ZLbkapNLcLn5Jgo+bb0yPUV9xkeYqnHlmfIZ1gpSlzQOlmu/DrGH7toyHkbAjDI55HH6mmRa1c6TJHJZM2qxM24IAfNwewxkY/4DVT+308RwG3sbLzBHwEJCs39BXJafdeKbvUL0WBtrAWv3Y2JLso+UjPzKfyFe//AGhGfwniU8HOGsz3mDxT4e1mBI7zy7OUD545CySD2JOAfw4qtqWr+Fo3Fn4enaYjrj5+c44bj1+leQPpfjTUJo59Ws3kUjkxbA23rnAIDDn+HmtG0EcEq2t4z2kZG0SBNrLx1bI6114Sq1LU58ZTv/wDvAggmWS+jIZOmeCPfPvWZDbCC9nR87ZDvSdD0J7HFTWmm35ASw1O5ukPyu0zLKi/Q4zxV2fwzrv9m+Yl2t4obDKE2Mqnv1PSvUnK+qPKhG3uyfyGmSW3BmKlyv3xyMj1rahdZYlmt23xvyD/AErjftmr2kh069VM7cpJKCCwHbOeav6VPMkhLYgQjlRyNw7jIropVrLU5Z4ZN7nQTIsr79gLD/PNVlKIPlHBPX0NWmlzhdoGf4uxNNYFXXcuYn4z6Gt+RS1OTmlHQjEjowjnGFPRgcg1ZWQDox+veqzL5ClXGYD687fpTArx/fcGPqrDvW0G47BOMZalx1DgBxkeo6ikXdGPlJlX09KjEjK27AdfXv8AlVsNkBl5B7iuqMrnJOLiMQ7uv3ql7dKYV5z09DTVba2JDgnoexrVGFiXnvyaOOnrSZIbDDjtS4OMCm1fYUlYRsZoANJtPenAVJzsdRRRVcwhuOadS4xSU2wCiiilzAMPWkqTnsP1orosaDdo9c0bfxp3PTFH0NOwDdtOopwWnYCPAPA4NO46nrTsL3600Y7daQBRRRUHQFKFwT6UlFBLfUTGO1HAzjmn9eO9Lt9auxiR8DpS+1PC460o45pgR0U/Ao4oAYwP3h83tTe3FSkD7x4+lMHvzSsBHRUvPPGKSrsTYjoqSkIo5Q5Rn68dKXv6+9HOaT2pCYnJ5zS80gwOtOxjvRYLEeDRg0+ikIQcCg804cmgjBp2HYj5+tIfyp+CfamlT9aQiM96TBz6U80m3NADCBjpTPrUuOwFIcnrSuPlIWz3qPHccVKR684pNueRxRcfKf/Q/JOEuj5BOPSthr+4WDAbHtU0OnSzZ8uPdtFR29n50piIIIJ4rn50eVJ6lqw1K3dXEq/Oo4+tPGozGMpGvU9e2KoiwaxuCX6U+W7t1G2LqO1LlW5kVp7aa4mjkhk2sTyDXrGh26LZBZl5xXmFm0kt5FtGVyM+1epXt2iWeyA8qOg61x4l3ViJR7GnILCVWhkAJIx7iuG1Lwvc3UgNswSMdyeTUEVxPFKHjkwSee9XY9deK6WNiGTPOe1ctOnJbF2ZVj8Im3QzTsxYflWXPftpB8lTkexr05tXs71BAhGO5NcVrXh2DUC08bFSp7d66IVNbTAjtfFGYAq5APrXV2Opx3ECzOwIrkLLwpciPcQWXHGfWludJu7bbb7WU4yPQ0VOR7GFjppxZzTb3jDKx6msObTrRpSEA2/WlsYr84tpoyS3Srkunz2g4GCTk1kpuOwGTJpFxIx+yvtQV1NloQ8nEhwCP1rGFz5DoijgnmurtZ1UruPyGplJsLmV/Zqxlo2HI6GoltVgw0QPHUVuy3tsGMbkfNwKxp7lI5MZ+Ve9OGm4rli3uZo8iRBg1oTXlnNGF4Vl7etZEciSqWU8HpUEsZwZMABa1drXGQNYXE13tVfkPOTWgLGeGPAbIzzVWLUo45kTd973rfe5UIS0e9SOxpJsRmIXiQgnr3rY0zWpbRDAjEMa5eW5LsdoOFrC+2u8hdCQymtUho9dv9cuprVYJ2bYvI571xd94gNqVJO5upqCxu57pNs0hd88A1NLoJuZy8hyG9aAudlomtm5tW3TZUg4xWTLI87urnI549aW1sbazXyoAFzxSmCRGJGc1jpfQ0qVG4amT9itgx3Lg1DNaqYQUUgrWi6y5XjLE81owQR3H7sjrVRrJbnLzI85khImdw2446E1FFL5SMQhD+9dJqvhiVrkCLK7zww6VCNPlt5vskx3smBmuynioWLEs53jti1x1fpU0scpjyq5OOK6ew8N/wBo3kZkyEQDgdKualpkdrN5K8ge9YPGRuHKeL6hPdW0xjjyN/XbWcZHK4dsgda9WufDKXURvQpKgcCvKL2C7W8lj8lkUHjNeth8ZGbHY9Y+GU1tJfE7sHbgjHWvouKwWIrLCxw46GvkbwNqiaXrcROAw6jPBr6zg1U3dqJVAyoyea48xqtbHvYP2XJ76NF2ES7pG3E9KrtcIVATO4+lcpf64jAwxsAT1OelQW93MsQdZCR615F5M4q3xaHUXKG4Uxk84rGjg2ZweRUVvfvI4iLHc/61Jd74Yw3JdTQZyeo3zpIm5f61iavrRWIxWwJlbqTWTcX9y9ztyAKmWVZJ1Bj3k8GumnMzqHGzy3MZMjnaW5ro/C+oXMjlM7VHPHetO90kSv8AvVwrDOK09J02zsYz5fDdcmtXiNLDaubEl9JNbPDN0GayIb5oAHt2+6Ome9Wpo2kRhjK885rnbSIC/jLFgm7oB61KZhY6zQrCbxRqHkuXikYHacdOQP616tD4UvNPaCwlAmUc7o8nPfnpXu3wG+HMXiJpdTvreNreFAyswOWbCkAgegPfrkcdxF4i8JalYalfajGypCWKogyOnHAxxXPUxbjLlR61PAqUVJngniuyMWlzX7HKx7VPrljgV5tot/PGfJyUUHIGeMGvavFmkSz2qeZ8ojJcp6kjGf5147JaRW9wXQ/e7URqJ7nLWpcjsj0HRPEj3F5Fp8hKgfxEfLjPQ/hX64fCy3htfB1lGsm5pQZPm67WPy/pX4y2U9tFMsoOGJyR9K+nrP4x6hb6dZoszj7KFUYO1iFwBnHB6V52LpJ7HfgMRbc/UiBSjZApLiDecjrXy14A/aBg1h4LO/25yQWLAPx1wOh/PpX1rZXlte2kdzDgo6hgfYjIryHGx79Gspq6KVvFCEKzDk9Km+yxxZKdT0pJZI2f5egqD7WSQhGB61PObGHcrO07dSKWNZMDIx9a05ETcXDZNV5VyML1qLgXIxiMY/GuT8SaHpGvQNZarbxzxsMYdQ2O/GQcVpvcyxJsAqjIHuQxVstgk/gOlaQqPoNRTep+Xn7Vfw58OeEtOU6PF9na+YGNQflHqf0P4ivzZ1G1azkZWGRX6AftIeKpvEnjua3eQyQaaDCg4xnHz4x1ya+RdW0+K4ba6jpxxX6pw65RpLnPhM0mnN2PHHYjnsar5w2T3710mq6NJbZkj5UdhXNZzweK+ui7nkEpmGMda7vwBokniDxPp9jFl1klQED3YDn0ArzpscivuL9lXwO1zqLeJpI1aCAkIzEj94QDkDvwR1r0MHQdSoonn42sqdKU2fdfhvR7bRdGtNPtl8tIY1Xb6HAzW8q80Rr2FWlX0r7eMbKyPzapO7u+owdakx68U4Dv1p+BimczICOeDxTeKmKr170mPTikIr49KTBqwR60wqK05wICM4puOuKn2ZGTxTcDkEVtzAVtpppBNTkY6U05qgITlvlPamYyN1TgfrTWC8UARY7nrTcd6lwOtNIGaTQEQGM0m31p+MGkq7GDGbfSkwafS1IiEqabtAPIqUk9qTj+Kgq5CRxkU2pHpqiqT0CxEfYVHjmrBz6VEyjrVpjRHRRRVjAjPWoWGQadRQBl3kLSw4gyJk+ZDn07fjUkLiT950zwR6HvVl0B5IrPI+zzY/5Zyc/RqDQu7Q33aaV+bNPxgfL+NRsdy5oA53xjD5nhbUVXoIwx/wCAsCaZ4Vz/AMI3p4wfliUZ9eOP0rV1q3Nx4f1C0UbmlglAHqdhxXNeAtSa80QWcijdZrGgIPVdu0HHr8ua8fEVVHFQT6nvYOg54KbXRnWn2pvNTbaQrivYPCZDjPak/CpSPem4zQIhNRsDmrHtUbDJ4oAgA60056VJ603qaDJoi5pXjB+Y1nX9+bSEvEu9h2zgCvLvEmo61qMHlLcC3icY+XrzXNVmjuwmGcn5HT694s0bSlkiFyHuQdu2MbsE+pHAPt1rg4PGmvCWU2NhLMg5LNE7E/Qj1967bwb4RsNHtlnlhWWY/Nvcbjk98Hoa78lSdxX5uxrnlDmO9YqnS0SufP1z461SSBopvDV4JP75BAPvjZkVo2fxabSrCOW98P362wOGmRSVHbqVAP6V7TcybELS4weOnc1zMF20LPKXP7tsqp5U/UHtXNiKEre6ztwmYUm/egcmfjbp0RguNI0++W9Pz2+U8ti68gqwJOQe45pPFHxc8deKYVu9V8NX93qcjKonYNgqP4dmxeMDsc969Bsbe1vZJdS1CxR5pjjPZQPRTwcj1qWSDQIbyOO2nksQg34YbkB9AOoGPevnsXgakvfktUfQ4TNaa9yKujw6z8Q+NLyY2kPhgRS4xi5YqvvgPsz+BNed+P8AxZ4stWl0zz7W3uFBzFCu4HJIKhiSRjmvafiRqd7p2lvqDzrLGpZYZISUkXPPI7AgdjxXx1rOrTX+oPLI+5m5Z2JLEnqSSa8HG4irTVpu572Aw9Oo+ZROUnuLppGk1Bcyv3rN1BRfWzJJIUYdAOR6Vo65NK8SxWYDOO+cVzcZ1K3uVVlwchjx+NfJV6l5Nn1dCnZGjYeH5UUeXF5rN1kYcD86nkstRt7gwwxBl9RzkVcPiK9ZDFGnmADHuDUo1lxHuJCLwD61xymztjAS3lW3udjAq6gcgV2AsJrm6E8EmY51AyeOvrWO+mRWJ+13VwpWbG0muqtYZrmA7mCeWAE29GzXDiKh1U4mRaeFo9MvtkCfariQkj2z6Vv2KeJLeUefH5CMxBQjrRYwatNeRTRt5dxan7p/iWvRdQsLrUTDNpysQwy6kco3fFcMq1lqdsImNpx1SOaRLh3W2kGGU5UHcOee4PTFdXrOuN/wjVn4fs5S0BcvNEy8KV5XB9DknHtXq95rGm2Xhwy66qXUbqV+ZQpbjjIx14PPtXywmu31u6t5QmtTJtYEdBk4wfWnSfMVY8VvNZM2tPd2kX2eJZSVHY4PH51LfWdpdXS30ShWbkr/AHW74NejXXhDSJ5rmS1Jt2mO9E6xL3GBjOPbOB2xXFXVjc6BeqLmPfBKQNy8ivRjVSVjj9i73NuwvYNZSLTtVYxTWufs9yM7k9AcEZ/z9a9y8J+KLpA+m+MYnDSDal/Eu8MB03hRn8cc8ZHevEo/DFtfW51PT7kq4O4Rnpge/Fei+EbrWLCP7fBMswhwskLruXH8/wAq8+pUR006bPXLDRtT0xr2bTLKHxFp9/GVk8gBpAeoKFNzgqeu3OR1weR4HqOmSC8F9YsXLH58cHI9q+n/AAndaNdTrLpwfQNVJ+Qbt1tIx7HIIx26DGehPFct4l8NXS6497cwJHJKxaXaR/rGJJbHAIbtj34rkqVOx30ad9zyzSJJdW0qTSGkHneYGjDfTJBrsdNt/wC0YY/MfN9p7eXKrdQVPH+frWf4i06Yaha6xpsAt5SQHKcKzL0J9OMAnvWQusyaRrkOsXCMttdZjmwOA/c/ng4+tctSsdtOidZ4x8FX1tpTawIwu1180A53K/8AFkdCCPp+mbmheNblfDtr4a1W2E0cAEcU+TvEYPAI53Y6ZBHGK9d8FeIrW2Md1J/pFu4O1s5x27duv0rB1ODRD4meKC2WKxuGDrCvCoW6hfbIzj3wOBXEqt9zu9j2OU1zQf7MWG8tj9r3FWaPPYc4H1FbPgddN8S3LWF7ahBjgnqmOcAnGPSvofQPh2JIUm1aSOG3uwwtbhuY2ZBwDnoeCKpWnhfTJdTNtY4W6t3MUoBBxIhw2PbINS2HKcpfa5rE+mR+FDqM93pkLr5cbkuFKZAA6njJHoPwFa2lWSafGxkx9ojGTC//AC0U/wB0nv7V6BfaBB4eePUbNVeQffwMHn/Z7j1rf1vwZF4m0iDVtEtzaTQDMkWS27ODwx/+sPpXNObudMIKKsj5Z1fQrF9VfULC3aKGVixQ9EduoxnGK3NL0xdZuYdP1QAxM6qJc4ZA/HbtXp9xo8TzR2KWhkduGQqSxPsOtbY8KW1ncxTKzJJEeRj9CMVPtS2jl/HP7PGoeFYop5islleZEc6Hf5TcEBhyCp+vFY/w/tPFHw31WO3vEK2tzwQrB0K9dy+/sa+j01/WL6y/sW6czafIAFVwGAIIPDHmrcFvpuo2L2NzbJFPjBfGSQDwwHGCPTPNHtB0Yv7Rz2r/AAll8dWkGoaDPCZlUusX3VkBGQFY4APGMYqj4S0G48P3wttUgzDGdksEi5AwcEYPQ5rrdMi1rw5cr/wjWoefsyzJ8uV98Nkcjr0r1XwtNb+LtLvIfFls0cwyE1FY8gEYAVgowMccHgj04q73IxKlSi5y1R85fEHwTZTzHVNGQR6fOu10Cnb5g9PqO3HTivPm8O2MllaaUSlxCy7YXIB2ZOCnqK+kNYg1Lw2kuhaxFtt5Dk91cY6o3p0ORg+vPFePeJPDFxp+nya9or7rZmy6ZByOufrn2qLmsFzR51seW6toeo+GmhjZ1lt5+kiZ2E/3SD0OPzHTuBch0Wy8R2c8UoEd6ilo+B8wHYHHBHb/APXj0Xw/bab4ytRaXdybWR2EThuV3HG0+uMkc54rCu/AviLwXrr6VqaHIPyOoJVkPQg0WLjbbqeEaEb7Q/ECaXegIJWXY+egY4BB/Dmva7XwpZ6/cS6VqZVnvVYJNt3gsBkZHQkYqDXPCUs8iPcR5TnDA/Muf6Va8L6NrUk0kBfckTZiIyePX1Fa+0M6tGXxRPK59P1n4e6mbaWLCxOWt7mMFlJB4BP81bkflXvvh7Trfx5ZrPeqllqSxhgwBxIPXcOn8/wzj07Q/h5B410W4iluIxdxlllWTJSbPOGxkoR2ODn9R53b+HNd+HcksN3tmswShUsPMjJIweg654I4NZMwpzbfK9zhT9jv45fD+vW5znaH6EsvHynswPA9Rx3weWg83w4BpNy7TJEfkcnnaTwPoO35V7xdeErfXNEfWAoaGQn5x95X/wAR+VcXL4Vvrqx+x6tGXtwcQXKryrY+6eeeByO/8kmd7pRtqemeD9e0XxN4Wk8OeJ0EkKxNHBIRkhhgqGPXGehzkEenTy+10/VvBurD7LN9osZTjPO3H91h06d+/wClbWkW0Gm2MenXUXlXsTDypkJKSL1wenT8/pXaXGmDUdLaYYP8LoD8yn1/wNJSFSw6juVWOq6RNb39sp2vgMo7KexHcEVv+IPBfhjxRbw3VtG0dq6hnVP+WEg649jk8frjgVfCZubeeHw34hcRxuQIJ3xjbjhWPt2/L0rrLy11vwveSJb5jRxhgVDKw6jr+h69R61E5sc6aTVmfLesaDqXhLU0068Je3zuglXoR0/z6/nXfeFddurG8ivNObLIR5qHHzITgg+mf0r0yX+x9dtP7P1GNXhYkbD1Q+qt1Bzz9RXlepeEZdA1GGW2cu0fO5Rw6HjNUmdLgpaS3PdvEuiRa7GgtIBK6cwuvUnqQO2SKxtA2aRqcV5YsB5ibWHocDcPwIruvhp4t06XTk0nUIdl1nMco+63ba2TwR09/wBK2fHvheG8kTxDoEAjkm4uEXjDHo+OmSeDjr165roUkldHlVJuNT2U1o+ozWJbbxJp6wuga6XgYHP4V4h4ksZrPUoJLj5RGwjY4yQM9vwzXsOkxTw2yPKpju4xhlI2ng1zHjXZqkaMAI3XGeeuO9TOtc3w1G2h8w+LNPl8J61beINEYrGlzHKRjI2Nw+Pz6ds8dK9D8ZeALq7vf7d8PN9ut7lY3IQfOH2jOF6npzj/APVB4z0O6v8AQViAwVxzjpjnFbXhHWr690u3srNjHdg9BwS4AyQe2cZqXUO50JNXRxmk2wE8Et9FsuLW5EbCRcYDYVs55GM16A1nJot3dx3ShTINuMjHI4wRn1pmq6fqF/NczX0SpdgAuygDcVGAcAenFXLmb/hIImSSbypsDGOeR/T1pSmTGieO2+hQW+kNeTElvtJQ/ioapdF0GC2g1SaKHH2h0dX+gOf513GjWBuba+sLtQGSQlgf72MGi6t10/T5bdW+RgD/AN81i6ljX2FzyXxFZ3mqLFLcN5ksK7OnXp/hVa58OnVRaadGDGnlDJPHzL1r1i2soLtUnVc7sj8cVpW+mmx12C5ugGgWMOFAzzz/AIVSxDMnhDyTwvpLArBL8skEuVJ6/J0r0y7tH1PWXWZPmiCkHHI7k1aj0SG7vLq7tfkBl3gdhzkCu5s7SS6vJZnQLIseDgcEVc6pMaB5RdaJcyalNcoPklCnAHGQMH8+prxvxF4fWbXLi/S38tkjALYIzX2do9pps1jNpuoDbNIwMU4B+Rh2I5yD3/yR53ruk2rW1zZSwAzB+SDk4+o6isfas2p0FJu5866z4WtBe6VfaKcvcR4fsMgKQcevJzXUJ4Witj5qs3muOWHr611cdhbJawWwG2S0bKED+HPSupez3ReZt6iplWZ0RwqPMfsFzexrFeHesROCRlQK0bDTLSwtpERR+8zwOlbmnvHeWEiJlG3Ec9ayGaS1S7jILOoIHep9uyvqi7HztoulPca1LPDGQVkY+24muu8ReFL6XZPswku0N6A+tem+GPC3l2i6koAadiD6Dmuq1XSWhEMUw759jV+2M/q62PN9C8OmQ273yeXFaACMN06V0WoS21ppU0lm/wDpMvyDHYZ5rav7C+WzL265+np2qCSCKO3SLZuGwbgf7x61oq3mR9TR594csLTxbrw8Oa3L5O9GK3BG4Rk4xkeh9cjFdB458JTeD/Aa6VpAWK9uJJY5hGQd8eDkluuDnr74rqvDFtpVvFqt7NBuubmJUhcHHlkE844zU6wx62bbSbyMMinEZ6lT159RWiq26mNXBp7HlXw50u58OW9vqJTZMNzsp5HzDH8sVzKeGF1zxFeapcplY5mDEjPyhvl/TFfQ+q6PNbRYjRTtOAAcZA4q1BoKS6lLGYBHFs3tgYB2jFUq/mcVbBo4/wAE+HfB2peK4p7q0DQaanmtkBvOcYCIQfVjk8dBjpXdfEbXrPV77SfCHhFBYJqm2OWFG5jAb5iQAMKc5wMZC+5rgRp7aNPcXMbeWkmdoHXGflH4VneH7T7L4hPivU5mkmUOYz33NwPyFdSxB5VTL2noZnxu8R2+la2lnpkDNHpdqlpFk5UsmeT9M/jXMfDe5m0rSp/GXiPfLb2ibopD87s7jG0A88ZAGemawfEEGqeL/E9vo0Iab598jjljzlj+A6e9ez/EzR9J8O/DfRfDNmQ0zKJTzhgN3OR7lz7ccV2Up3VzGphVa3U+RTHdjXU1JP31/qLtJkDOXl9B+NfSnhPwzP4X8L6nr8kmJZIg8iSDbkruPb1LU/wx4Gihuo9fiTzorVxGhborhecZ69c103iq71A3b+H4nRrfy0aUAAk7jkAk+nWoqSMIUTxtfOt9T/t+WFlaUHyiwOGz3GeoGcU+w8YeIPA8V7PaSA6t4gPkKxG5o4s7ndfTnbjHTg10fim81K5uIhelUtLKMCEKOFXA3E/kB7Y4FcHouoWeq6tqvja9gVoNMthbwQsOGJyFx6FuQccjd+JdNocqRyt3Nc+K9duZdOiE1posCK7OcBz8xwue5JOPZc57Ve8J2tr4eivtQW2e41KdHaAD5tkjAjcUBHHPPoOlXLWC7jsLTR7EGGOQ+fcBeOZMYBP0HT6VLfaxP8P4Ly+siPttyhghkYEooOCxxnnGBx3rdSRlyM+NNU8NNZ6w0WrZa487Em3kbi2SM+vNen3mnWzXU2qEO9vYouCiYQHBxng0lrYy6hrlraK26e9mQF3B4Zjyx6nHcmvWfH8vhbRNNbwzoEYld1H2ibPG44PUfebHX045zkBVqmxEqJ5JpUpvL6GdLdRub945xnbnoW9q6HS9btV8QT7LaDUZYwVja45iQg9h6is3S9Pa5C2e7y42UktjAUD1qhpWl2ur+IP7Pt2YWFvudnj/AOWjjt9KdORHIek6hrfibU9DmiuLq9luJcxWxRj5CseGwowBgZ24HXrXpPwZ+FWieHp4tT1q7trjXMGSO1JVvKyPlcc5d1x6YH61yGqa4dOeyt7M+TbzDZkDiNF44wPSuB8XeLNP8JeHpj4U1Iz6hdB/NuFXDRL3CNyNzeueME8EjCmnP3UJxSR6h8bfH/gfw/aPfw339teKZJPLMT/MsaoP48YUBcjABJzxxzj4b1bxX4qh1QXsF00Zlw4ZVX+IepB6VzV1LNJE80uZZZnJJPLEk8n869UsfB91e+Ho76+lSBLbar7j8+GIxtGOQOh5r08PRVNHHKd7o0D4o1LUNLgnhvrw6tHDjzWlYlZCuGZGB4ySemOOOlcRq+peLYtMW21PUroW7MWffMzhmJzk/N6gH8BXYPY6X4fcv5vnLj5HByCCOorlNYSTWTaadpEvnCfPmCUhUQrjB3dOea7IyT6HJONjk38QzWvlw2UplZRy5yeta/h/4f8AjPx7ci9iCWOlAuXu7l/LiXZ1PPJHbjjrzwcdRZnwD8PbeTUyg8QeIAQsaYzaRu3Uhv4sDvyewA5I4vx54j8ZXVraJruolEus3C2KMUjhUn5cxdAeT1zznknNbR12M2zWupdJ8C6wbOKcald2z7S8LDyTlecNg9AemK57X/G97qMaw6cVtI8ncIhhj9W5OfyzXGSvvjWRiS57/WoLYiCdZW6ZGa3jRtqZOZ00c8crIGkeVgRkseTyM5r2HxDNcadb6R9pIc3gAHsoA5H/AH1XkWkW327VQtqNyrztHfvWtf30t5qMJunMsFmBHGGbAXHHFdlKdtzkqxuem2qLdyw2ahQzkquTgHPrWjZ6ZOXmspJhaNbkkrn7wH92uA0/xHHDbypJEkqucKwbDAiu2gu9KluLe7gLvCECkH7xc9a+jwuIi0jwsVRnZno9raWSaHFrdjKzNGW89SRkKDggYHB6GuZgh1d7MeILJjCEmZY8AZI+nQjqDUs91BHnTdHd5bW6cNLEvJb26ZrtvDU0TTxaKkGyG3Z2IbHOevy19ThlGXw6Hzlfnh8Wv+R3fhLxHba1oiyHEc0LGOVM9HxnK552kHj3yO1bV7bxXtq0c2WXqOejY4NeN+G4p9M8QNZpGTaXM8kLKfukqx24PqO1eyxq6q/lt908K3Ix6V9NgoKdO01qfO46Hs5t03ozlja6p4bH2kwie0cAyeUTlQPX046np712mn37yWxk06dZ7eQZXPbHXtwfXNTr5pCmX9wEXBLfKMfjXI3cD6Bcf2jpICwS/wCvgHKHHO5QOn1GPyzXR7NQejOfndRXluXrr7XcRiO6gypJxtOfyFZEU0ErIlyj26x5VsDBI7Gte2jhuP8AS0kaRmOVOcbfYCqV2ssMTSI3nAN1I5AP866Y6q5xS92Vi/Bs8vZE4cLxwcGpidwMZAG7GBUhgRZWWWNcNgjbx/Kg2sDAgZXIwMmuqFOVrxZhKUG/eQ7zAyqGIIPHrUTExkAcxEY56Kap2z6ha3DW+yO4UrlCQdxBHrwMj6Vcjm8xQHjJyMsuela06ja1M6lJL4NiPyWgOUJKDsecH/CrCu4JMecfxKBxz6VEskcRMeSqdiR0z70rKybXhcY7gdTWpi0y6jq65Xmgxhk2vx6e1U0bY3mDjd1q+vzdTn0rohO+jOWrT5Xcrxtt/dOfmHf1qyDk7aY6B+e470K24b+nbFb7GcnpcfSgUY4p2KOpzpMZijNPAFLSsKwn60YJ7U49fWjGeoxVFWI8HNOIz0pxGOlPA4pWBRIdp6jim1ORmmFfUUNCaGjjnrTQvPpT+ccUvJGW5roGGCOv6UAAmgA0uPWmAh4PHNNIwelOo6e9ADQM9qXAoyfSnAH0oAZgfWjA+lS4z1/SjGOn60AMyMfSkOcelSYHWjH60ANx79KXAzj1pT7inZ7UAJt6U0g+lO7CkyBnjFADSMd803HepM++aaee1ADTg8Um2nZz0FG0mncBmCKTDHtU+3r2oK+ho5gK+KUj+VPAxR3p3AjxS08jAowtO4EeBRkU9tuBim/SgBvXrRwKd0pffp7UhWI9oGMc0nen4Hek6YoaE0M28c0mPen49sUmB35pCIwMcDmkYZ4xUhGOh4pv4VmyyEgCkxnkVNj0pnJ5WkB//9H82bnU4NOkaHbs284A9arLqMVwfNTh/wBak1E22ozG5kjAVvz4qtBb20D+ZDnucd64uU8F3uc1rFzOwaUZH1rjWkndwQ5zmu41iGaYlI1+961zK2PkH97w5Nbw5bFmxo188DhT971I610s2qzzc/dHTiuNgZkcDhRnFbtws0MAkK7geh9KznTTKSL8cjSOH+bgdcVnM8aSFueueaSPVnW1YSdR3HWudnuriaTfnr0qY0mirHo2jW7X6NNCwTae1dhaWt6kqlmVgvX0rynQ9d+zKY9uxh6dCa7/AEPXbucSeaoC+vqK469OVyWz023W3k2IhyT94H19qfcRQyfI6BsHv2xXnUM10bpXSRowGOMnqDXXLqCkeWDlgOvvXFKDvoc5elkgQKojA96r3C280D7lGR3NZFwZppskfKPfoary3YUbZJelaqmK5gzWp8x3jJIJ6elEtzKFEa5UjvVsSLvLJ0apgFc7W5A5Oat6aA5XKCwOypJMcv1FVpJJJw8ZTAU4+tXGuoo2OFzg+tJ5sE2UPysOuKIrULFS1W4G5XGAOlass0UMJ87PI9a5xdRjikdc5APBNR3Mhusgkrnmt1DW47GJNLJdXZa3OCTxXQQXOqQoY5QecVzlnbXH2nA6Bq9Htpgq7LoD5R2rSc0kFzmDcsoMbZ3Nz71GiqTwBmuiKwSSlwgyOnFV/s0CHeTjP86UagWI7PYtxHI64bOBXWSPcyPiFgOKx7WzAAZzuIrTS68l+nsKym+wmjRjWRQu7DOOtTtcooy3DVltqcEUbs64cDiueOpSSEFuTWTBHVTXEJXI+YitHSQJU8xeD3NclDcLIAGG0ng10OlzvGTFH0AqJrQmC1OwtRK7bVwF9ak/sNbmcMyBsdxWXaS3JkVWGFJ6iuzspXizJ3PGK82cmdcaZAkCacojt1+pqlNYrehnYAP61ty3MZbBAz3pn2qDAIHTrWKlJam6jYw5YVt7X7OvQ/rXAeINBlnhzax72avUrlo3TAUHHSq0PyH2rWliZQldGZ8vnSL2wut88TJLnjcOK988O31yuh7ZGyVGOlW9dsRerl4wd3A9altLVLe0S32jkc4NerPMOeOoGRBAbku2emefWuoispo7RNx2rj0rKUpDcKI0IBwTXTXWpeZ5dtCox35qFO4mULc4uEIH3DVvUHdYnKnJ6ms795FIZOhArL1W/uPs3mkYDDFMRyk9+ftDM5ye/FdxoYhfy5JiCOp4rgrPT2v5jIv3f4ua6Ro20wxuzkIeBzTuJGxq10xutsZ+9/Ksua8uY5U2jcvfHes97xprkzsuQtaAuY3jzjDD+VOwXOu069jntz5qFR05oS1lW4E1pgsCOCKpjU7FtPJi+WQAce4qfTtdWFVdhlj7UhH3R4G+Mtn4b8IxaZ/ZxtrsH5nUKAwwOSTyTjjkf4Dz7xR8R7vV79IUkAiZvMyvvkYNeRWWvC+s2WYfcAAqjbXO/UBNJ91SNorCvFXuj06WKko8p63f27X3h+61W+dxISVi44IA/rXgt5oesWoN9Md0J6Hbwc89a991Lxto9/Y2WnyQtCLRQGIGdzAY5H61Z8Qz6drHhq10awOyR3BLAA4HuP0qU2iaseY+aAWJUIvJ6ntXaafp91clBCC/cnsBVe40tYNTGlHAcnBPbJr3Twr4B1bSo9sgE0cgDZ64zRUqomlRfQ4i0gutHMFzbk/uXVztOW4OWx74r9MvhJ8UdC8TeFrOFryKO+C7DAXw/wAoCgbTznjp+VfnB4yvY9AkmhUbZJBgA9iR/Sqfw8e+vNRhitywff8ALjJJbnGKull3t4OTdjqp4v2UlGx+xkUySgYOCahkWRWyVOK43wet3b6Vaw6hITcIibiSTyFGRk16jayQyLgkdK+ZlTs2j6Tm0TMGHM0gToDxWncaY6R+Yh3EelbsVjbsQVqS5t2hiJi5rX2Puk85wkiJtJYdBXg3xp8Wnwb4Lvr2B8SSoUUdDk8dfqQPxr3fUjIrN+tfmt+1X44XUNVg8O2Tny7dT5uDnduZSP8Ax4cHrwfWuvKcPz1lHocmMrckG0fGGu3sklzMWbfIzFix7k1xE0rO+49BW3q0qLyxxmufkkQgFRX65haKjE+DxFS7ZnzhHyCoYMPyritS0AMrzwN05C13UnDEeveoGC4I27sda9GnUscMpdjy7S9MuL7U4bNFzI77QPWv2B+EHhGLwv4PsbIqPNdBKxxtOXGeRjrzj6AV+bnhkWtn4isdRliBigmR34ydoYZr9XPCPiDT/EWj219Zr5IljVvLOMgYr6rIWpXZ83xE3yRijp40A6HrVhVOMYpEHGRUhGK+jUz4e1mJRRRWoBj1FMIFSH6UlBDI6YRin0daZmmM2mkIPpUuD6U0g0WGpFZl9Kbj1qyeOKYVrWOxRCRTMetTEYpjfN+FUBCVpuKkoqmwISvFM28mpiODSY55qecnlRCVIpCDU/saYRiqjO4nAgOKaamKUzHpzQ2yEmR8dKXHanbT1ptSFxhXNNIqWmkZqlIorYppGfxqcj0pmOK2uQyArjmm4yKnIphXqaBFeQgHZ0J/Kqs0XmIVarrYI6c1XZGTlDuHcUG1IhjcnIc7SOCKmZMY5yPaoJFPE0QG5eoPcVZV1cBgPl/kaz5zaw5It5Cnvx+fFeDfDO7fSvEt/oE7bmlE0Z9N8LZGPwB/Ovf0IY+lfM3iS6Phj4p/2g5EcH2iGUnp+7fCuf8Avk189n75fZ1ezPrOFqXtfa0X1X4n0SwIJI6VHzjmnXE0YP3hn0qsZM/dUsa+gjUurny06Ti2mSk7e1MO49Rio8ytwFC5pMTDo4yfatHMy5R5OOf5VGxz7VG/mJyXB/Coh9qf72Avb1rP2rFZD2ZV5JqjNfxxoyx5Z34HHStARheoBrM1W6t7FEuJfkVTgk8Dn3pe2Y4RTZwOu6nPPcppVnE29V3SY6tk4IFUp9Cv7LTPOmXZI33RkNt57+9LbzrL4ouNVYjaeI/cDgZH0rp3ttW1BpbiG7j2DJAZen0I4zXAqnM2e86fLBJFPTdV8XIxs57GOVkwc525U9+4JrZOty5kjlg8uaIbiuecVltDqEkKNLuM1rghlIHTrx6Gs+KW31yQXVxIYZouNjcMfr60p1JIlUITd7G1DHqV1It1d4RH+6p7CnrAkEkiEA7iMMe2eoqC21C2D/Y5ZyX/AIcH+fPGKotYvqetJazSP5KpuIXocflWvtFYzWGlG9zoZLmeOHybNfMbHODgZx37flXEtYaprmryQ3Mx3RADCcAceveuk1B4bGP7La3DJxt4H3QB05rzyfxhH4StLiW2mM00jZwV4yR696xxNaEY3kb4LDz5/dON+J1pa6DaX2my3O+6vIP3Sgev04AyK+QdSuLiyl8ubJZgSCB1+hFfQepzarq1nP401ube0ZVVDdWUtjgdAMmvEvFuq2b3Mb20IJk654GK/Ps8rwkfomRxcIqO/c5Ww1BLlHiZsSDnH0rZD3FvbfaZh8pyAD3rEit47a7N1NGFLZ4HvXZNPZa3beTLILcJ6d8V8ZVep9nTiZlm0cpCxptaT71dPo3goXl1HdXQJt0bc6DoR6E+hrlbNXt75XjUOiHA5617+l7P4dmMFzEYxcRI6qwxlGHBHqD/AEx1rhxNRxWh20o3PMb2OHXJ/LXpCxVVHAGD/wDWrvbTy7HTV094RvQ5Bz0rkfstvYa4dVs0ASSUygY+UZOSuPTnFe7waHBr/hr+3NJg33Cpua3J+ZexCkdTx0/rxXnTqnVynK6K9m6lbsmIk4Q4zyex717v4W0VGkjvEYlxwysDx24rx3wvNBc6ilrd2Kr5eAykENuHVscc19q6Zpuk2lnZ6pZEfZ2wS2M44xgj0zXHVmbwWh4H8c0sV0/RYbGNYvNMhk2r3VQo6cfxZr5kKW+lzy2movmORPlz3z6e/FfY3xh0G5ttMcz+XKly4mgMZO5cHnK/3TnGQcH9K+NfFM66k8FukeZImKuwGT6YP0NVQk0PkbNK0udFh062t9SBEwmwJsH5om4KkjpjGc9qytes9S0O7bTXtze6ddnfAZAGDI3OM9Dg/wBD3qpHZ3Md1FplySEYcHOR/wDWru9Fgt9TZfB2rT7IGkDW05APlSdAB7MTjngZNbyrWLpYaRy2labDKFhz5HONnb6V7VpvgayfS5PMlFtOR8z43bT6kdxWPfeFovDEh0/xFB5guATFOp4bHcY5HbrXa+H7rUtI0+Oz12I3FjdD/R7jk/eGNhbvj06j+XDVqno0sPfQy9Bgvre5h0DU4YnMcimKX+Ebjj5W9M17fqPgvUreI6bqsiTpjdH5nLJ/uMM5ry6y0myt3dlnfYDlFfnac5AFesQ6+19Zw2ztIDAFAVhnGe6se1cbqHZ7DlOc1nwtPfaBHDIsTvASIpUOXB/u/SuD8NeENL1ESaP4stmNrcAndtwYZB/GMd69gfS7iYpPbv5bNyfTj2rptIkbTmMk8KPK3DEjIIPcVjUmdMKZ4H4Osj4bebSpYhMjNjB5z9DXXal4TGq+XqGiq+9DkRqCQ3qOec16O3hQ308uu28H7sEnKY4bucenrWhpeoXVsSdNVZNjYkhIJJz/ABDuPasjtpIi+Ht9O9hdaJqbloMg/Z3OPu8ZHfIq9qXhX+xSdW0RiUZs5By4PowrV0eysPEOqi8eQ2UpXDOoyce47g+tdXY3UMF6NPuwAynAY/desefzOj6t9o53Q7iea+h1O+iF1bblWQeo4zkDpivS9UvINEa31DQD5tjIwR7ds7o264Bycq2Cc9uPw5m48Jahp815r+ljfZvzNCvJQH+IjHOPXqB14zUmmXNrdf6PcD7xwOcEe4qZVF0I9hfY7iXTbbxPbrrWkIN1ipaQEBZIwwyRj2xx+NYlrp0H2oTX0YuID971B/Dmr8d3faBqMNxYy4kPQkfI4H8LqeCPX8xg4rob3VdMv5VvoLQWd1zuRW3Ic+gwMUk0Q6cilPaeH5Araex+zyKCEbqjdxnAJ9qtr4UFsxe+L2ly4GFcfK6HuCB+oNb+pN4dvrazn0SzW1unLefEOVPHqffnt15p39oXNzpcmiSS+XGY2VYnHAHfH06ipnZdTCCm0rK3qebXXh640ib7QnKDksp4I9RWvoXiTU9G89NMkCpP95HUOrYGOVI9Dg4xmrei3axXcelXknlxv8gJGVB7Z9qravpI0y+kg+6QSfUEHoRSlN2uj1OSM/3c0YeqG51OOQJ8xXLCLPT1K5rntNkMTmN3bysnKHsP8a1rkyQ3cd0hO5McgU26NldSG6tOHYbpEI6epFc3tmdaw6XurY57VbIWgF7aR/uujFB90fT0rpLzxdqWoaeIdaYXsFwgRZSArKRk4OMAkHkHr3ptgWM23Py+n1q5qixQwGGS13WxwH2ALtweD6VtGvcwqYaCd2jmb/S/PtFlt5PN+XI+lcFFNrGh363llmN4znOMjkYwQeoPevozw34IlZ4NV8PX0erWyMGZDhXUBgdrofXBGO9WvFPgu21G4uL3T4hbzNz5R+4T3wf4fyx9K1k3a5y08TBy5DhvDGsS67qEl74f22eoR8y2xb5JIyeSDgcH6ccc5rpdfh07WLafSdRXNyMbHJy0ZH8J/vKfQ9O2D08cu9Lv9A1Nb21DxywHIypBGe2O49a7zQtXtNSvrfUb7czghJ0X7wU8ZXPBx1H0wamNS+jHPBpS54mfEt14Uk8u2jCs+1pIjzHMnv8A0I5FeyeGtS8NpotxfaTbC6srgIt9p85BlhfoGQt94E8gjP4c7ZH0nS7tzYtIt5BcKDFKMblz6H+Fs9vzzmuC1Dwxd6TcC4iUuBkCROuDxyOo/lUym47HPOiqy5W7EnjDwNZtZ/2v4ek+12DjeCvMkOODuGAcD17d/WvP/D95deHtWgvtShaW1J8t8cgBuM856da9Js9UfSrtLvTsRzKoByOGPfI71Pe3ei6xB/olqLZ33CWHOV69V6DBHOBjFZRrdTtp0Kkfdnr5ia/pllNaLdQESWlzkxvj7pPIwa3rDxZDr1hBpetxBb+1HlrIPuzJ7gD5SABx36+w5jSUvbPfp0INxaygkxYyMjvj1A/lWdd25i2yxLhh932q1VuVLBxlbm6bEeqeErmO8e7s12CVvlHbNY8t+ghNrfrtnt87WI6g9RXsfhbVrXUbYWGsDAfjIGCCO4rnde8I28jznf5mGJjk9R2z9aLaXRKlafJJanD+Go1S+eBv9TPlsk8ofX6V7hoc0uoW8+lzuDJEAUYHO72/wr53ube/03BU7Z0GVI7jvXd6Bq0git9ZsyQEwJV64YdRn0pU6lma4nCucPdep6XcXX2qMuVxqlo4WRTwJYx6+4HT/wCvXJeIrH7dBFcqmx88+2a7C/ik1L7J4g05VPmDDDII4OMH61Zums5bRzNBtkH8PUV0vU87DTUdLf8AAPMrWK3msHsZwPMQZAxz7EV5HZaU1ndzG2fCmQyJjgpg9BivYdSsT5wvIVxHICvH8q4+CGfTNbjaXP2acMrjA/Cs+ZHuRg2tDr1mXUrNJJ0HmbQGYD7xxzmvNmh/s7XJmi+aFhx/sk16BHcy2FjcWjkPExJifABU/wD1/SsO3sftnzDDCsqk+wqdLuYLAfaWuIjk+g75rY8TaXYXemmOA7HcDBPY1jW4ltL0JLGdu8gj8frXcSaEutWMgt7jY8ABx68fSsbs2ceXU4y00tbOyhiPysg6joc02K3mutZgTGUKHP61px2l3FbLbS5dlzgnvT9NkZCrMp3oSPzpXZs43iakOkQWFldyht0rOpA9F6EVtWF/AUSGdduBtyO4poileIyBc55I9RVy3i0t7L95/rj+GDT5jncH2IrvRmhh+2QjfA/QiuGurR/OZ+fn6V3FrJfmFrdXzDnpWVPABIfMPek5o1o0H1OIGgpLN52PwxUv2eRP3LD5R0Nde0ZhbzI8Bl9eaj1HyryRZYoxDu5IHTPfFJyN1S1PNZ9MWAmMJ5YJzkelVU0wC2fZ82Wz+FeiCJN/lON+fWhtMCodo4PpWTkWoHHaTBFZ25hjG1F5wR61ralHBqFuixrmVcYzWq+mRzQryUkHX6VXktJLUL5nTsfWm5ESoq50up+Ab/w5oUWrXro8Thd6ryUL9B15/CvOIdMh8x3Y7ckkZ967Od7i7sVtTPIsSEFULkqMdgpOB+FTRJCFMm0NhfusMikpa6HLQpTjFqo7u/oeYRRQPaTAAI1uSDjvknFReHbS7OqfaIxlUGQK3X0KOW+M7N9nhduRztUE9R7Ct2y0W406SUodrIceoI9a15mauCMCS5I1LyblCo3YPsa6meJbBSchjMnLe1QSLEkxedd2/qayLgSQOpUl42PHtWkJmEsNc5vWbCS7YpGNqda8/wBfL2NkVDAHhV92NewM0qkkJuVq8/1zSotSLC+hOwHIByMHpnIraNYxlhYmL4Qs7bQp576WIPd3CbC3dVzkgE+vHT0pt7Hp+seKLabVg0kcWDtJyuEHyrj0zjj6+tdboehxfZ2nyW2VLDoq757k4YN3wPlruhXaVkeRVwfvXJ7a+itNLljUjyEcuYxjlm7/AFOOaxtC06fWL2WVYyZZd0jH+6qnn8K0U0SUWoii/e+a3Tuf85rtIbOHwTpFxqbAzTOhjAHfcMgfgRzR7Y5XhVE+XPG322+8+GxUoZ1MeF5OH42+3vXOQ6XFY2Nt4XUBTKRPcsOMsoJAP0xXrOm6bcTpNqt8nkRwFtu/jOAelc/p+iC+kvtXv3Npb5ZzKw4Eaf3R3JrpU0ZTwxlx6bDqOlTXdkuBb5Mjnj7vJ5+leGfEC5t73V7PRQzrHagSykdC79Bn2Xn8a+g11azbRL/RbJCguJF2L0PlqQxfHq2ORXBeL/CdqEt9EbSXXX9VljlFzIXUxW6YGdnAK4yefz4ArWMjkqUjl/B3g3XL2V/E0FoJYIVaKF3ON0nomcD159e/Wqd74FfWZBHeefZXSSFPnH+skY8EgjoPbFdzr+sShbTwD4bkNvY6eQgIbaXkXlmZgByCTnHU57YFUL3xa/2uz0yWRryS0lBLty+1T8y59/0p3OaUCjfaHp/hzS18P/629k2rOw5UrtOOSO/esq08MDR/DqaxYufM1Gd41TGFWOPPIPpnIrc8XXyJp0OWKz3z+cT95jFjhc+mcY5qhrcuq6T4PSC6mMMz/wCriAyEjJyeT0PerizHk908616/l1GddLZBbwWC7pMcsz4wWJ6Y54A7k5J4xkeNvAEyeB7DxdDdQ/Y7yUweQSVn74YA9Qdp6dPxrb8K3FzqzXej2UBnnusGaTaWKRJyzMQDhV5P1rkfHNjqGpa7HoujxyXPkBUG1TyWwS3f5R6+xrem/eTOeojl/BvgfSbyxlvZJGe4jlZI0BHIABLHjJAJxj2rvodOtpvCFxCZhEtk8ZZyMb0diACR05wM+9RaB4V8UWyyxWFjKLyNNuGGxcNjcdzYX9au2vg/xBpOl6pDqMMUX2yABFaQMAykkE4JAIIB612Va5hCmWvHtjoXi+wTxZomgDRdD0mCK1dUIPm3JJPYAfxHoOgyeTgeBahLbvoGpXMFn9mNyVghCjIJIwxXHfGfx4r6sg0aTwt8Lr4+Lb1Y4YP31vb7laKW6fIUtj72OMYPTnPFfPgsooXsW1LNxYMDLsVjgOR94Y+p/OtKNXuYzpM8dxa6dprXGo5SSzG6NSCWaQ9FI9zXCSy32s3b6jqMxkeQ5Zj3/wDre1exah8LfFPiCRr6FQolbIZi/Oe+Ah/pTpPg/rllstrma3R4l3uWkfnPPA2D9cV6FKvFJnK6MrnksEEkt3FEv+rY46dqbfQTvfSJEjNGi4+UE17tpXw+hQpHFfQzzy8DaANv1Jaujl+GOrRBGtvJPmHHz3MKZPtlqr64uxX1c8n8N6M+m2EN8xYXj/OQOAoboCPXHX3qte6RNKV2Db616pf+F9bskRd1mrk4A+0xseOowucGrn/CLahbQtKk1pOepIk3D9VApLGB9VTPIrXREMTs/G016t4ZsIp9PhgjBmMJ+YgcnPrirWjNfWjNvsbe4/i2su5GA7Mp6j6V1Q8eX9lE1jDoemW8z8F4YHRgD7q4GPqK6KeNmndETy+L3ZW0aGDS/FMNxet5VttI7naSvBwPy6V3OlwxNdXs9rN5kcjcOOCMnIxnkVfsfH9pH4XaCbwVY3khQia5ZZGY4JOepC4HHFVPDvjbwmpWK68LNBFj949vO5ZuvRCBnA969rCZ5iIdDxcRkuGm/ekYN1aala6bdW0gLXDyLJEVbLA92B6/1r0TQT4j1HT4b2e2MlzGNkmcKZB13YHf8gTniuktdY+C3iRre2s/P069AYlbqVkZsAHO8l0HfHzD8eMdDbQadawR6hDb3r2zhhvtZI5k3IcckY/An8O9fR4PiKs3qrM8fFZBRWi1RzMmpXV1A9xNbTbYz8wZfnb2FZKPOLhpxbSIjH7jjovvnpV5PEGn6jqlw6O7WqMNrSr8xPuAa6aC4ErmVXSWJSMqRw3tyeK+wwmZTnH3onx+Ny6FKfLCR5dHJdx6hts43tZmJCqWzHKBzjHqO1a8mrQ3lvJamCSC5IxJGwxj1I7kfhXb3Gl6NqNypuAbTy2BDADC46n6fjSav4D0+W9N7Y6xE5VcxhpER3HXBPc5rqjmSgtUcqyx1Hp0OS024EO1XYtAQRz/AAt/hW4xQqGPzYrI06LULG2+x6haujSEsJAQytnjqOARjpWku3yzEpwy17mBx0Jx0Z4mYZfOEnzqxSvhIt5a3NuNpXKtnnKnt/OtAxLJgn5cjqODVUjL72ycDir0DbhsbtyPpXdDc86cHyq3QryGeNAk6meMfxDqPTNNhwQY5QNr5AOeo71obDhsce9UpbQHLQN5U3QHqPy7Vq0Yc/cg8oQNsGREemeSp/wqeJpEk8k856Z7/SkjYOPKnAV+hH94+q+1NaMP+5YnenKn6dqTdjWUrxsy7kdG4NR42tnsaI2JXDj5l4P1pWUnryK6ab0OFoePSpDk81GnBFTcdq6DNjcE0oBp3tTwBSI5RvWk+vWn4x1pcg0FDNuetG0in/Sk4NADMCinAetOp2IaI9mOlJj1qWitkIjpdgp9FMCEgkj2pCp5qVh3oAoAhCjvyakAzTgoFOoATHQDpmg989M08DIwO9BHGPSgzIQCRTttOooNCOj5s8in4FLQAnUUEH60pH60nQ0ANKk54pAh21J2PNA6UAQ9OCKdkBcU45z0zTSDQAUuDQABTtooAZTSPSpCtNoAjoNSUUAQ9xxTj7U5lx0NJj0NO4DDjjvStz2zT1X14pSik+lAEGM8UYxUmMUmAadwIyKZ0qxtP1FIQpAyM4HWkxNEQHI4phB5xUtMP0qGhkXofwo9KXoeaQen41IH/9L85Lvw7qmkKI7uFwoG7ewyD+PSucW5CysCCF7V94R2kMkIguoo51/iV1DKfwNea+LPh3o96Gns4jASOEUgID6gY4+mcV8/HHO+qCrlkX70T53gSK6jzHHvx3NV5NDjupNrR/NXWN4M1nR9zwv58W4/KD835YH6ZrGOo3CagqIh3KQCPrXR9Z7Hk1aTi7NHFyeD7xJ3CKxUkbSa1dUtpYLNbQru2AZNeosweAkAAgVyN5bG5BTB+Y9faj60zLmPMV0a4lQzRru2+lPg0Sa4+8mFH55r1LTbWLTkZNo2twM0jPHES6IMD0o+vMpyPLv7HkhucAbd1dlZ2tzHGkYQ59R3rqoFgufmKjce+Kdc3CaZgsoINZuvJkpmPcRXVtZNOwJA4GOTUenX/kQv9pYjI78YrUudbtxGqkn5+TisG6e31Ag5wpxgHjNQr9TGx0Umoxm0XyHBbGfrXCXd9ex34LYwD+hrp5re0jiDISAMYFchqMwZ8A5cV0UkgSO6ha3nC+Uck84p01rOH85BwOnvXO6RDewQiZkb5unFdtFdxmMGYYOMYrOqrMajqc5dqGRdigP3rDaWSKRlB+bFLrs+oW90z2ynyuucdK55JrliZ5CRmtqUVY2SEkVnnAOcFugrsraGKUrESCMDmsfTZo5mxgMRjt61tSFLaCSYEAg4FVOXQxaNqLT9OilV2OSvXFWbq80+JGQKC7d68zku7mNiqOdp/GqlrLLNcCNmI59aj2FtWKx6XAqyqXQ5+napDYGZ9w+YL0p1no39nWomXLGTnOa0VuFCbXG1vaueVTWyKcWc9eXtxbNsZeelUWmkaRbnOQB2NXL+ODU5f3cvzdMCq9vpskE4WXLIvatYzVg5WWmlilQeaOvNZxto2mEiNzmtLVzEjqiEIFrBaRFkEe8Bj2zTjG5XLoakuqCwcR7Q+e9ddoN085+1FAM8VwcVn5soM/J9K9Q023hS2SLZjAzWGJVkKC1OwtwQqsCCG7elQNq8YkMajkHkisaa6eCLy48hW4rOs3RWbJ6nrXnRot6nTc6a71UTR7oxsPT60y0vxIoSUgZ9ax4prYvtlIUdiaZdhGIa1Bz2rR0WPmZ3W1iRtI2kdqtERohIHNZOlGRINspycdauC5RZCp5BrjmjQzxfx3c/ljjb/MVIgJOAMmmQ2UcV4ZAPlkOfzrRmIgRpCAAB1poyMe9uLewVpJWG8etZVlqn2i6DhgQaxdScXIKudzZ4psWl3cMLzxgqMV6NJoTO3nuoXdVjYknjFUfEFrcPp8YReM8Y61maRBceZG0rYI/Ou+ubqE2axuoDKeo61uNI4jTki0+ICVSu48k9c1NqYg1G33rJtjh5x6msDWb5ZpxHEzDae/epEhmeD9xzxyD600MxWu5Q+yM8irFrfXD3q2sq/wCswN3bmqUdvKtwUkX5jX0J4Q0Dw3p/h268Ta2vzWqME9S+OMDrknAH1rduyMbanHf2FHBGInb5m5/GrUXhXU40810JjPK464rLs9QnvLhJZm3EtXpmkeJJoLhTKQ0ca7QD0rjnUsaRRj2iS20bJMCgA6GtWKSGOMzSHhRwc1U8Ta1LqNwjW8QVMc4rhJrq5ZWgZiYxUfEbHu/hOCLWZktImDyS5HJ/u9ST9K+jI/hLJbaD/a1tKsvmLlQ3ylscEDtXwp4X1+70bUI5oJCAhyCByPYE8V9O3Xx51S50+G2jk2R2ygAAbc44yc8U62kBQ92dzIvPBU8uuW0FjGVuHlDFT/snJyfbFfYUuk2OkeFYBJIm9EVMg53HGP6V8FXXxNv7XU31a3mbzT0wMhc9T+NPsfipr+sXDpcXDMAw46LgcciuGdGTR6lPEQR9XW3wWs/iTdPc6nMQqjMZTHU+tdb4K+BNz4K8Q2upQzJdW1o25VcESA4IBGAQTk9zXLfC34sTafZ+VcKJJeSARjII5/I8/wD1q+1dHmfUbOK6mj8pnUEr3BPUfh0rmli6tJOKeh6NHDwm1Nojt9TtyNhHluvUGtuJ2l2lDis+80tJfnb5iR261SthqNkCsRDxr2PWvMv1PQO2tb24tnHO7P6Vp3WsSeR869fT1rlbXWrSTAmXY57Hsa1JfLuF3BuPXtVe1lsDOK8YeJLLQdCvNUun2mJGYf7wUkfyr8UfHPiObXdcu9UuDh7hywGc4XPyj+v419+/tV+MYtM0aPw5BMwnvTn5OVMefmB98dvevzP1Z0clEO7k19jw1hdednz+a19OQ43xDes6RxLySw5rmJtYjtZltXyWOK1r+JUlM0hLAcYrkrSxur++aWJd6xt1NfosWfJSjdnYA7lDdjSgGsO/1GSxAVFDY6gn0rTtLlZ4FmzjcM1smc9SlbVFm2fyL2Nj0YjP0719deE/in5ENszIMrkeYjbeMf3cf4V8jhoiC2QSKfaavNZyho8gDriunDYqdL4WcOIw0Kq5Zo/U7wr8RNC1q3hSS6jjndQSHYIc/Q16PlSoKHIPPFfnR4MkvNRWKRXIY4OVOOD2r7E8ExahaaT5TOxGeMkkZPXHtXvYDO5VHySR87mWSRpx54M9SA7mnVk6fc3DyGGcZGCc+9bCDC59a+np1lJHzFSjyvUQjFJTzjpSACtOczcCELS4xUpWmkZqrkezGe/rTCM1Jj3ptMzIyPWmlfSpTTCKZDepCQSabjtUpWmnFKxRAymoyvrVkjFMIFdAFdqTNSmOgKBU2AjI/Sm5qSm8U2gGHPamZ9AKlxSFBUAQkfrTcZ4HOKlKnt2pCMfjQBHUfSpKa1bpgQheuKRhUuKTHHFMXKiDbzTCuKsEVHincXKiBgO1M2r+NWPlPSoyFByKRRUkj24ZB81UGlELNJ0jJ+Yf3T7VpysB8xPPYVnzwSN++YZyentWMtzWG+pOJmdP9HGfftXz38dbB7V9K1Z/m374ZCPbDL/WvfLSQxttH+qbr7VyvxX0Jda8FXcaAmS2KTKQOyn5vwwcn6V5Ob0faYea7an0fD2K9li4PoSeAbq313wbpupDmZI/Jl5z88XGfxGD+NdUY/SvDPgNrHlxaj4ZumwSBPCv+0MK/wChWveyuO1HD+L9rhk3utC+LMC6OMnbZ6/eVdhPbpVdmEYy3WrzLgZzVPG+TjkCvcPmLFdVJ+cjrU2wdcVLtphOKSQJEecHkVk3dimqJJBcAGBhitB281vLXgdzU6oqxkdMdqysJLU8Shu7a2kFneqY5FkeLcR8rAHGQa7dbW6020SW3cFG+Yo3J/DpTbzSYtUttS0mYbZHcyRHjKswyD09eKzNA1C7u4f7CvnH27Tv3ckb43ny+AR/eGO/4+lee4crPf8AaKcFYuXF5hobhZFWOZwGwecDtU96lvcyCSNQoX0HXjrVPUreKa6S2nhCiMH5h3P9Ko/2jaWkf2CeUx3LMEXHKlfWuapVS3OiOG5leIt9aaPcwG3ZEyOfMU4ZfXp6VyNjqcEeoSwrfsbeNcKzdyO3PNa82raJol0r3NxG6A5cZG3ryOO9ch4p8X+Gp5objRIzdF8l9o2KoHQcjmuCvmEaavc9rDZdJ2Uomhq3iNNPspprbZPKylYw3GSeOM+leFvqVr5kUGpyyS3E7ljtIdVJ9ckV0l9q765CEuIWtHiyqupDYHXgYHWvPZfCq3Ub3NnqcM8gchg2UZTXyeYZ/wA0rXPrMBkKir2MjxHefaphJPcKAgwkSnIU1wklk0lwLi8b93GcgDuK7e+8FX7o3lODjuG5/lSXvhA3enR211ObeViMtt3f1r53FYxPc+joYFrZHAMqapMsNuPMkBwmTgGu3bQIYtKju3hO+FtsyjoMjgnFdn4A+Bt/4iu2j0XWbdJ7YCUeePKyA2MAs3r6V6Ve+Adb0i9utH8QW6bAuHMLh0YMAeGXp7V4FfMqblyxep7dLLqih7SWx8+XNrpKvu09PlwDuJPXHoScYr1aCT/hJfDWni5zJc6ePszSEY+QYZM/QHAPqDXM6x4Vi0GfyoyXRiWBYDkHpnHcV2PhZJdPDBgGhvdqsvUcZ/XmsKuITRUKZDb+FF1bSpIrNimqWDMzLglZIx1x6H0P59cja8NteaHqMHmeYbZSQybsfK3U46HHXB9K9X0Sz1fTNVVBH5WFzuA52kZwc9QeOn17VsXWhR3WswarPa/utrfaIWyhOQcOOnrnt0rz51Dsp022WNDsdH1OQTPtdmcukigBuT0z1r1+3tdPbTltLSYQXaA8E5DBfauF+Htjo1vrM2lwgtHOztGXxkDHTPQYr0/xZ4F1zTLdr+OLIXlXj+ZSM+orjlUO2nQR5H4oTVb+2k1a/t2gWxX7MArblYISefzr5zXR73Srs6qsO+zvGYE9Tk5JBr6M1O5vbzw5fWvmY88MxXOPmxw36V5FYQ3aIlu7LJFG+4g8gkf/AK6tVrGscKcavh/fc/a1JmhGSyAcqPWsuXQfNuRdQHKDGOeTz/OvaNO0+G51dVtcQG7bAAOQCfX2qDUPB+qWmpSxWkJaVM7kUZ3D1WsquJOyjhjZ8Fa7Y+JNPHhrxFia6gXagmG7zEUfL8395enqRjrzXV6Xpj6Ms1hcw/b9Nm/5Ynlk/wB3P6e4HOa8t0rw5PqlwL+zjyY2wyZ2k46n6j8K91srK4ktvsU7HfGnysev41zuvHqd8MH2Op0Dwb4C8W340i0v30p3x5RkUbT6g5AwR9efevTNc+AGt+FLSL7NP/bmnShSSgAkiJPRR1Yc9cDrXhlr9pikFnr1sGQcpcRf6wf72OvOOoGPevZPDHxA1jRYrbTtUWS/0qX93E4JUrg9D1Jx2GR/Wo9rHoOpg6vMnF6GXDpWnwMIIVYFQMq3OKk/4RA3++W2kMJwcKOQT7D/AArqr7ULLVrqOO6CsUxsdcrJ/wAC/wDr1tWsNzGqGBPPjBO4LjeB9DWM5+Z0QpWPPNEbUvDFxG0W2YI27BHyn1BHvU+q+HLXV9UbxB4ftmssYZkXnaT1B9j6YwO2BUHjfxTpfhS7tJNQjcw3e77oHylcbhivSfB1xpms2pn0e6RkYcr0b6FT3rmqVGtjrhTR58NACp5kaGK6BLEqNqn/AOv71tXTtqllBZ3tmouITxKo2seMc4rvpbdEkZZRgVZ0xdNt7+GW9txdQqcsnQkex9R1x3rnczqs0m0rnntnc65o0gtZLh3gK42E7k2njoemPami1VyzxcFq9W8QaFoWpWU99ocslvLuGYHGQFP93uPzI7fTg9NtZ7S6jaUB0RwWU/xDPzVk5Bhmpxvax1Hgv+ztWuv+Ef8AE2UjIzBJwNrjoCfpmtbUvDY0zVJraQFVjJx3Xaehz7j/AOvVvUdAs9bkS/8ACrjIALQltrxtjIxk5/Xr09suDW2a2NrdTsrrwd3/ANehtowhT9pU9pB201i+nmRR2kHn4VxtPYfzq7JH5lwkkjeZs4GeTj0qg9jBLb/abWbAVsH2JrJuLfVbWTzrSVZ1xyCcEUOTPQhhU9jsr3w7ZX8IcJh8d+CPoa85KX2nTG3umNzDGcDLZKj2z2r07TPElh4hhjsNYX+ztQVcCRVxHL7kY4b8Rn8gMiHR55tVXTpiBJNJs3H7vXGRVPyOOi5JyVRWa/LyOenNj5Eb7gfN4Az0+tYNzYKsnmwEA/pXp3ij4fJZwh3kJdeVZRgEDGfl7EfWuH07RPOuGS5uDEo6HGRz6jIqWrbnXhsRTqw54O6JrMRNEGlRUlX9a9AtNfsr+3Gn67axTRt8u/b8+PQ/pz7VmweAr7UY0eGVGBztKNkEg4wemKz7nwzrOlziG+j2ORuUghgRnHGKXM1sclWphqr9m5a/iVtc8Mav4XjPiHwsXFk3DGNssoJ4JBzke/brxzWpofijUw9rN4ptjJa3BH7112fKeMgqMHbnJ/I1t+F9dvNI32V2BNay53Rv059M/qO9Q6jby3UIslXfZk7owOChGeh/GuiNe2pwPCTUnCotOj8v0aPU28IeGvEVkjXKR3ts6t5bYwyhsA4Ycg8c+45FfOHiT4ZX3hPUP7RU77RZCEkXHzAj+Jexx1xxXofh+C7t/wDiX22oPGxJYLuKjgeg+nWuvTxF5MD6P4gj+2QSjG5+Twe/c88juPyxrUqxmkeXSo4rDVG4S51262PDbi0utHaDxNoJaW2YAzxtjMTAgc+oPrjj1r1S2v8ATtf02O9gXyZgoMkfpn07fStnQ0sdEvGu7LMlncDBXgkZ6EdK8+8Spb6Nq091pP7vT52BAUECMkAHg9ATn6dPSueT5Ud9Op7atyWa63/RjNR8MLeRLIg2PJyrD19DXOP4Y1e1u0hji/fAd/6V18GrNNaqgYEZ7VM1/cNPHNv3SRDCsax0PZtVOb067k0y/Mkse54SQyng+hHsav362qSiZ8SWsx+V8d/Rs4IP8x+NaFrY3Ot6k7FQ0zZY9s1eWxnBeyuLYlVOCCOOKrlfQzlOCer97qji7q2BIuNOkGUOcD2ruPDt1aX8XkagA8RGHX0PqKwn0+K0do4gYgckCucS2urO++1W5K5PIJwKhzlE3qUIVabUWd1rfh5LFQ7AXFs/+rfAP4N6Efkf0HLWllFZmaKCPy45mLFR0ya65Lq5EIEj7opecdRkUyWFVj8xRuNaNX1OfCuUI8s3fzMnSriTTpGt42KwyH5l7V2NyIoIBdFgyEc47Vybw5QyEYI5qvbajOA9uw3I3UGqg7aGlXBqp70Om50qrZtCYgAY35Fcj4i0uB7cSxv8y8Y9KnSRreZUyTCx/KtMQpdny2OVP61W5So+zd76Hl8V1MD9gu0LIzYz1roJtKOkoXtlO1sNjrnNaeraEYX5G1k5960rdjd2RtZhvKY2t3GKzt3OlyulOOxx7WcF3btKo2y5qtcabcEW+oWrkMn3h9K62OKOzYMyZU9RT18ucn7OvT+VOLNG769DNt2SWIPMnz4qumnqt3vjGQw6e9adwPLUELz6VcgaFYlbo4qGw6XMGO+eCRoiCSpxilZI5v3gOG/lWtqKwXcguFQCXGGI/ix0zVGK2Yscj5ai5vTacbvQhheWA4BJFZ94GmbL5FbLWk8PzEEpVOVAwIPU1FQ6aTi9jJjPlKwk5WtZ0tZI1EBx8tY7K4YqwyKRAwkBU4A7Vj7Q3nQvsaMFmjOS/HvTLovaqCw4PA96vQBnX2rTt3hDBLqMTxHhlPce3vTvc5Jy5U3Y5SOdLobVwGHUGrzxGeEwvyK6LUfDujyYvNGkaFiOY35GfY5J/nXPW7Tw5Ey7T71XLJbk0q8asbx09StBa/Z3/vL/ACp8lqblCLfAZu3r9KtyqSwYcL6VWd3iceT07+1LmH7O5lvArIbeXPAwcjFai3AWJVm5baAW7nHGTVOdjI29jknvTeXXHXFUqjY1SIbaFLq9aEYZG4Gaq6zppsriOzI++SRnkVsW9ukLGQdT0qrqjyyy2zk5CE571UGU6epnxQKSIpMAqPzrMe3tUmjF5bi4t1fLxEld49MjkVv/AGQTSech5XPBqvDbiaXzJfyFXGdmZSw6ehX1Hw/Dpi7NOLLBcZZM85U9P0xWbBar5RgI25616bpLRXCjTpxgdEc/w+n4Vk31jHBczQyKFmjJBA6H3B9D2rrjUtqebKj7ziczY2nlToE4CcisbxRLNd3cNrJlYjkj+tdVcMltGZC2NoP/ANauaVY7q4W5mO4qMAH3o9pYyeBuYWs2n2vS2sF/dx/Kc98Kc815F4skeVoPD+mj91Fh328L0woP0zmvV9cvGZobCx+drhghzxjt+prkzpRjvXQoGmZipPXkcf0rZV2YvCnn9tBBo8oGzzrmZMnj7grf8QSXaaE/iLU5/tOr3iCKIDGYoxnHTGCMk8Dv3Oa2bCzCvdeeivcFinHZR/8AXrV1bQov7OUzrliMKPRvf8K2jiGzhr4TsfPOj+HxcqZGzHIuXd+4I71raB4Pie31KdsyiYGVmxyqLyTn9a77VdKubDS0gtYt9xOMDZySD7Vw2s6/qdjokul2qiKef924/i29x+PQ11Kvfc4JYW55zYWH/CVeJLGzTfNCJlCqQXJhVshQo55HX061L49vV1jxLPY2e6aK2/c8A7Q0ZPmfqcfh6Yr0PwlFfeENFn1KxjV9YviEUSLuSOMemCDuB5znHtXOP4fbQrZYbcmZpvv7R3PWuhSj0OOrhmnY6bwN4t8P+BPh7f3Vhp1rb65czCK3mRc3D5Kb8sc5XAzjgZ46kY8d1XX/ABzrM816dSeK0BwiJiNwp9dgBOT6k16P4N8PW0PiyXVdTOy00y1kmCtniTgKTx0AJI75we1eYujJZahq2rSGC4viRbx4OEA+7kfQjH0zyTW9E4ZU7nK+IteutJ0Xz7a5ne+cNnc5IBB6464A+vNcl8KtD1bXNRv/ABHq0U89lbRyedIxO0Hr15/IV6DZ+E7O6tv7S1m4mKkAmQYCKD7Yyffmu2tPEHhvRNC/4R7QJy0U4JlcL8p4wS5wMkj0BrcwcWj5h8UavrnjTVYdPmmddOs2fykYbVUEdfyrcs7yCztorYxNdGNdqqvcD1xWlqK6VcXcYtFcIDhnbhmUd8Cs6bU3tbsR6VErzHg4Gepxgj1xTJsadzq+sTKtvZM0dzINsMUBJIB4A45z7V594qW60kLbahdySagw3Mr5JGTjHPO72r2zwNaW3h3xdaalCqidE3FnxII3KnBUexxzXLfEZkvPFF54uvb4CWxmjmDbcsX4Kkr78Y45ropMwqo8+8FR2+g63Lq2v741hgk2K5O5ZMhSCpx82MjB9favM1v7+7luWkCh5pCxOCMfTmui1zWNa8QXsmrXCGeafAZgoUHaAoyFG3OAB0qSzktoCtrLb/aLmbbgAdCfp1rrckjI5yy0LUdTudluflT7zSHaOf513clh4V0C3WSe7GqXgXBhjO2NW7ktkkj8PqPTotV0LU9N8KSajqMQsm3ZQP8AKfLI6Y67uc49K8G8SamljJaRbTHNMiyPu77iQP5VpRjzGcqtjvbzxneyllgP2S3P/LOMkfmeprZ8MapYTSfa71nddrk88E9uvevP/D2h3ev6W32a2ea4efYjZ2qQdo7kDGT9K9zl+H7fDnWLLTPFYimMyl5Ion80qhJAZ+AApPI9ga9LDximceIqy5SbTvEl3HpMkMMscYkcjB6gHoQe1aVhb3ZikuY7pWjixwed289KpfaPCcN40FpZCeCYA8H5UbPbvitG2n0q8vIY54mW2QlXEZ7Dptx3r2VSR4kpnTWNlpcT79XuRbXDggYQ7sE4+90Ga2JnvPDEdtBp98ZLaf8AeYimYJJjGcgYAJHsa8h1iW8sdX+1NcySQEhVkl+ciMHjPXnHsK7bSbK8uHOo2cMWoWa5QiBtrN0PRuhr3cNhle7PIr4udtD1W+8YW2q3stxbadbQeYoVPKU/L/vZ4asOS0vrjc/neW2CQPubj/smuKf+zdRZ5dLuZIdQtipMDEDaD6jr+tdRPoPiNVQz6lFMuAdnORnsMjn86+ipUJW/dnz1bFrmvUsaiW/i7aTPeL5W35fNGSw+u3J/Ouo02e4Ww8m7iVpV+VVTp+GTXKXOs6jp9qttIyT23AHJ3LjsPypula9ZXl3suJ/7NcH927sNjZ/hJP3T6Z4P1xmoVpQly1BVKanFTpHsiW1s+iC1aNt7fMGLHcpHoB7VhWtibzdbWiBpXO0MSAxz6ZIzSzw6t4fV9SllaeMjG4HOCeMYrP0vx1d2JtLGW0t9UtUlMrx3KnAzj5crj0znB98jiufExmlzUJWZ6GFxlN+5iI3Xc1j4Yu4EcuCyqnQ/K4P+6eawbZ0VIATtfbtYMOdwNdhc/FfTvEk9xDdacbFY2PlureaE65G4hWAJ9j79KimtEv7Rb2w2zDccg4ByOuOeRXflWdYmNlXVzy83yfDTu8O7GKUJwUHPuaacZO79KPkJIClW74p6b4yCjZ+o5r7eji4y2Z8PiMBKHxIrXFusyZI5ToehHtVXPmKIpWw56HpmtkndywIYngn7tU54S64xnB5x/St5yMeToVt5EgZuAeG+tXtvp26/Ws8jcuSc9zVq3cOgY8+ta0amtjHE0tLkija+AOH6/WplAB5H/wBao2U7cr1HIpRkjg811wZwEtNxTuwp2Oa0aAbz26UvTgHNO20be1IBnvTsCncDpzSUAKMAYxSYFLRWgEZ60GlPB5pKpEMKMYo70pGAKGxCUUUUrgFFFFIB3HWk4p20UYB5oAbxTgQaMZp4SmmBHtNOUYNK3HFMAp8wDyAaTrT8YPNIRgelUA3HGMUYxjBowaXgdqAGHg02pKTAoAZTzj1pdooIFADP1oIz1GKDnvzR+FADNtNqSlyRyDgDtjrQU42IqKKKCQzmmkVJtxTfagAOaMU7ae9DDvQBGCfu9qa2V+hqUY/A01vm49KAIaMmn4FGPagCLBzk9DUbYH1FTHaOBVaWQxoX64rCpLlVzWx//9Pz1o1Tq3zVDI6MMONwrc1TwT4t0ctM9sb2DBO6EFjgf7OM/pXFC7RpP3ytGe27ivl54eSeqOyFVPYrX2n21xgqmGHSuIfw5HvkM0KPvO4nvXpKlJiCcMBTWtI3YlD5Y9KalYJUk9zxPUPCwI/cEq2c4rlLiyuNPJSRSSM9elfRosYJAY3G4k4396Wfwpp91GVVFkYnBDelHtLnDVwMXsfKrXhP3vlzxVRy8rbFbivorWvhro93EI/KMMvTch/xzXmGqfCbxDYwvdafOl3tztjBw5A7DjGfxqVURwTwU09DjxKlttAc7gOw4/Ose+upbrESAsCeavxQ3/meTfW7Jt67gQfyro7bTrTyxsxx34raNRHPytbnmbpJHNGhUlc4r0aw0u2jiHmgZIy1WJtNs5AJFQFl5Fc/JqyxzyW4B9Kp1eb4TnZ0M2kWDfOkn0FZM3hGA3K3kfzL3HvXL6jq1zbR7z/wEZrodB8VpJEtrIuSf51oqU+Uv2Z0AxaoIcZB4Aqs0tmzEMACOmR3pL672xeauHftXDLqjbpEdBkGiNNsFTO9KQ3ERQ7XD8ECsLUNCt52VbchMDDKeKz4Y9UjUTxvtXGRgVsaZqkuD9sjLMTjOOarWI+TzINL8KNbgybxnPGKZrGlTeRtRSxPevR7Kze4AMC7R39K5jWrfU7NZJJYyyj06AVh7bXUuUDl9M8NNNGv2leD7806fwjaQXYELFDnnPJrV0zWljtn+0pmQDK1DZXUpuGnly24ggE8itJTm+o4o9Bls1tbSK2baeK4TWpPs8hgTGT39q6WWWaS1eck5QcCuee0OpIolGH61z0VaV2buBg6SFF8jIAxU5x610c88c0ryviLaelWNP8AD09kxvGX5ugq7qtvaSWAgRR5xO5jXROtG+hm4HBavZfbGEkLljXONo9yZFLNtK9O5r03T9ImmXJ4C857fSq8ltiYkp+NaU8StkYezOW0a01VrpmmTKDgepNemwrKmyPBVgO9YtjPIkgiPGDXToZbkgkkYrkxU2zopohvLkRxKjjLE965tzJEpctt31dvSftGHckKadus5dvmtx2+tFCXuibIYojNH8zYIHerdl5sjBI5CCoq+1qiWazK4ZycAD0qihNoyyYKnPOKtscuhvxzTQARAke9aMdwCwckHb3PrWO0kcm3BOeKs28MjtkjC5rjnAtysdD5hLKx5q4+J4SjY5HQ1hxXRkl8tgAuQAa37OGBpcFtzdMDvXJUXLqhy2MT+w7ZpBIyDgg5BrQa1aRMRr8gB7VbuAycY70kVy0WATuXuDTpzkwZz6wMsm/7pBqPUrlrSPDYJYd60ruRZHEkeAoJ4Fcrq1y8keSuCPbNenSbe5kc/KVklJxk9jWiNQ+yIu44z/OuZe5YO2fw7UHzLlkRTkehPeum9jJo6OOXfPGVOW3A5Neo+INatX0W30OyfG1EeT0LYrzqx0kpCrs3zj8a2m0+ZkEnHTIz1xQpGuhiWc13Zzb5RlQeMeldM2srIf3eEA61y927OjQIeTwaxPIvHfyUJIBwKnlXULHp9jfNMXVX3r/KrbQrLuOzgjqKTwQmlac2zVjkyHnPYV0muXWnJdMunMFhx8vvWMm1sBykwhsgPmBY4rdjVTpTXMhwledTw6jcXjzuCyg4GOmK2rzVGXTl00N8p6/WqtdE8zMp9ZzdkQDKr1rZsdReK5SRF8pj1rj9Osoklkk3nLHOK6a3kSWVA45X0FaygCkz6m+GMkl1eRzTy7UiZev6V9/6P41uLi3gjgbMaHDA98da/MDw7rAtIXjhYqSB7dK93+G3xBeGY2BYlkYMA/KnPWvDxdLU97BYu25+osHzWyN13iozbHmuQ8H+NLLxLpSTW48tlGCrEZBA5z9fSutguTJzuryWrHup3K0unw3HLrhh3HFZV/dXWh2klyB50CDJB6gex9a6WOQNnNeDfHfx0ng7wZey7WeS5RokC9mfgE54wP8A9VVTg5SSQpSsrn50fHbxlL4w8YXk8T5gtSY41zgAdzj1xwfpXzbcS4Jyea6PWrnzJmUtukkOSfUmuEuWdXYOc7a/Vstw6hTSR8Xi6vNJs57WrsR5hz97nPpXXeC9KxatMQSZucnqO1cnZPpU+tW0euB/sLyKsrRjLKpPXHevqRfDnhyytVu/D+px3dvs3hGZd/XtjH5YFexB6nlVIdUeGeJ/Acl3Os9lg7FDuhPFcTcxSWeIXQ/Lwcivpqzhysxb5y55z021y2teFbXVg2cKxPBBwRXQmckpNbnhkHm3BEMKlnJ4A/kK7rSvAl7ORNeqQWOQg6/nXfaP4RtdNhyUUyA/Uj3zW5feINK0mFIIpA8ydVznn3q1NjOk8K6UugunXyUAyg5JI+tey6H8T9NuLuLShFJAznarEDBYnAHBOPaqPwW0dfE9m2u6rHui3kRAjqCB+WDnPf8AOvarj4d+GL2+i1CexiE0RyHRdj5B4yy4J6d819HlmWy5faX3PmM2zGDlyJG9oayvaCSY/Mxzn27VuIMU1IkjUJGNqjt9KnAwMCvp6K5VZnyVWfNK4wD14ox6VJtHegKB0rfnMOQiCdiaRx0qYAGkbAxWfPqEUQFaQ8dRUhI603ANbxkZsiI98UwgdAamP0pMLjmq5jPUiOKjOM5GKnwe1Jj1o5g1Kx5yKYRipStNwaq4WGfSinkelJtHai4WICOwppGOlTkYptac4EFFFFK5QhHFNxT6KYrFcjkmmEdqslc0wgZrTnEVyKQjFT7aYyYFPnAhwMVG3B9qmJpvbmrE0QHHYYqtIcdOpHA96sSEKC3YVAoLneRgdqiQyJIed8nLHr7VPtBqWmY9a52TdtmROn2d/PPETHa4Hb3q2DEySWl3+8huAy5PTawxj8amkhR1weQfXv7VRtXUS/2ddL8p+aM98A9PwqZw5jvou2qPivStVvfh98R57a6JJ0+4w2TjzIeAew6r+or7fEiTRx3ETB45lDowOQysMgg9xivkz9oHwtdafNZeMraAywR7Yblsj5TuJjJHXnkZr1X4GeKk8R+D/wCyJMm50g+WC33miYZT/vnp9MV8rlk/quKnQltLY+6zmEsZgKeJXxQ3PVZGwSw7VAgwOeCealu0IwoPJNSAc8nhRivsD4C/ukXYEVVmby4yV6npV87DjPOKoSxB7nCfdX1pSqWHSpkccflrtPJqygJH+NV43RziFgSOtWTGfvN26+wrONWL3ZrOlJHFatcjStdhvpVLRyxmM46Ag5B+teeeNVvLa4i8VaPEY5Yz+9ycFl4KsPdQOT6deBXW+LdXgUGMBnJO2NUXczMPQVw09prvi63kj8RXX9jWtsNpgiT946AZJZieMjjv3yK4MXWVnys9zL8K1aUtjmr/AOKkUUafbmUyyDduGXLDnnaowv5ivJJNY+IHjLWZP7FgS3ty4AOUGV9Tnc3TnjvXcah4b8PWrGabZa6SDht75lZhnBy+evoMVx0fiia3v5f+EUmW1tv9XvZE/eKOhwwI5459K+LzDGpfFI+5wOCvfkjb1Oqtvhk8tw+peKL4wRAbmCuFBwODvkGB/wB81yfii70nSjHpmgCZlkBMk/VfQBTgA+vAx9e3kniLxBf6hqEr3d5LcuCQWaRmXrnCjOAvoBxU2keJ7+2hNoCblGyAkhzjP6187icwT0R9BhctaanN3Ni91zU7RgkVyyooAAz1+tNstTP7wzEFnHHNSxaPpestHDf3JsZpSAr4+TnGN3pz3qDxZ8OvE3hMQmeBjFccRTAh434z1UnBPUAgEjp3x41Wab1PbgklYs21sdSc75Xt8dCgz/hW9qng/wAbW8EN3pt2NRtVXIwX3Ln/AGCCT+HSszTbTxV4MvxZ+JbN7d5lBR/vRspAOVcZVhyAcE4717NpniRtNskkurV9kI3M8RDFR67eh/OvPqz1sdlJGF4U1Pxn4WeeBore6W4hKkkcqTzkMArAjHTBB69ea0dA8Qave308F6hQjg8ttBPQYYn+dd9puteF/Ec642yzEBQ5Vo3ORwNpwGP54pH8DzCVjYznDkeWynDA9gR149q8eqop36nr0Z6WZeh0LRddhOm+KLeZJEICSQ43Y+jfhjrXpGnfBPwvLaRroXiAzMNuftULRFCewJwp+pxXEaz4V8VDS7RNV3w3yFvkAwzqnUNjo3Qjv7ZpfDHjfWvD9q9hb6kzWkzDckirKAe2N4O38MfpXM9ep0UqV3dH1h4X+HketWC2kls9zLYoE+0J8wwoGW+UnGfrXFa54F1TRvFMFm0Ul7Y3CYVT8jxk4yDnGR3GPpzjn074OeKLJLU6hqNxLoplkMYuEBeKQAfxp6ZOPbGa9vuPH/hvUrldI16G11uCAhop4mEUoGP7vH0I3Dkd6zVSK3Ypuopu0T5H1rwynhzVrPVIotyOoxKqn7wGCHAyAcfgfzA9K8K+PIY7ZrPVoGntJVOABnaT1yO4Ir2bVbPwPrmnpLpsrzXKOVeKf5JFXHJO0AEdMHn69a4HWPAsdv5h0uOO3us8q7H5iRnPcfXFZSnHodtJqWrR89atoGjyS6itgry2J3+WvOURug+g6V5HpfgzVLW4lEkTGFnySQTgdMDjpX0fPq2swwS2T2SQXCfL0B5HTPPTtUlhr/iWDS3kVIxOnQOpAA9foKybPQV/5Twmw8IajfK4sYnW4tGDowBydpz6V61aeHdT1G2h+3QNb3wQFCVIDe3Tpz2rvvDHjvxEskV6yx+dbtyrKNrYOCPXBzXv2nfFfTNfnsdLvtDiErlV3SunlKT12k8is+aH2mOc68NacL/ofE2pfD/xDZ332zYdOvIxvLf89QenTGfet3RdL1K9n82+hOUADsq/e4xnHbNfefjyTSLXRoLa9sR5VyrRkAD5NoyBkY/CvHdFsdFjcuZfKz0ycn9a56tkzsyvGutDncbHkcvgsyIk6Ix6Ak96u6fY2+nzpFNGGQMCyPyPxHSvRtSMttN5VlL5yE+mB/hWTLoF/c3URugI0cck/wCPSuOVQ92nKL3KR8IWWpm41nRJdskYaSS3JO5QBnKdiMZwO36VzmlXOpNeK6ysGXn/AOt6V0t14c+xXPmQkqw5yD2P5da1tI07SXud8hZJu+CMfliuaTD2S1e5z3ibwjp3jTR5dM1SRY5JcNG+3JV15BHcehx2JrgtI8M6l4JeK5sZ2mlhbAYDHA7EA9K+im0vTlIdGZvqRUTJYNdJuiUYPcccUpXWzElHsYlxfrq8Md55XlSyKCy+/pWS8F5bYnVMr6d69A1PTVgIlMHk9CAOhFY8cvmLtZcKeOe9U0+o6Eote4WbDXNMeziSSAx3aZVsZIYep7fh/jUN5YwTMXg49vWrhsbCK3KlRvbkMD0rNS9eGZUaIsp74NJsdOCV3ErQWtxBL58GUcDGQcGoZrS3uW81xtfuR3rpWmjVcFQd3UVFDbwSnkfhQaptLmYtppEH2Bv3xOf4cf1rj5dNlguDJCxKg9M16rZ28pi+zxoCCOn/ANeuburfyJSkq4YHpiqaMMLirzlFs5mCGOeZftWUGRkgZIH04rr7uz0u3iC6fei6TaOCMFfbI4/DtWK6BnCgV1n9l6aNOWZHPnYHykd6VPqXj5qMoSbf9dzlLzXdWUbbq6kuF5wHO7A9KovcRzDdAOcZY+ladxZK5/eDiqgtvsp3Q/Ss5TszroxpcvLBWK9rd3tvMsltMyMvQg4P6Vv33iLVL1Ijdyeb5WQvAHXr0HtVSwnga8QzRgMp6j+tbd1ZWMhOxNuew6Zpp9jlxPIqkeeF/MxJdS+24DQqjKOo60xtTvLRsSLlT0zUselzxzGUL8ma3bqzjvbJUZd0kfIPf6UJNjnVpRskrp/gcVc655U6zRrhsjnpiuimumu7IXL/ADI5+9nPNYDaE883lSjA7Vr/ANk3WiW/2KfdsfDYPTBoTZrWlRfKotXNDTnnRP3bfJmtG5NpcwPBeRhtwrN0zTLueBxYtu9Fql9l1BpWjlBGzj8qptnnzhTlUd5JNESaati4i2kQk/Kc5rVNsCyiH5lbvVC7uH+xSwON29SvvyMVB4Sv/JA07UyFf/lm3ZvY+h9PX69ZpxNpqooOfY1Vln0+cSwkq8ZB/Kugg1yS5zNCVMxxuVvWs+9ti7/vF4J4+la+meHoWtWvI5hHMDgr9K1gpHk4yrRdNTqLUtB0v2US2gMo/u9/wxSS+F7t42eS1zEeRnGR/WpFtrljlDtbtWikXiuK0KwyboxkkfL0HuRmu2ELr3keNUxEoW9lJL1bOPm0z7NIqMTs9D0FRzRGM4Rtw9ucVe1DUriaH7PcJ+8H8VYEFtdo/mW7ls9RWc6a2R7uG55R5qjIdUvtkP7yPjpkcdKg0ibTLhT5rYb8iKv3djcXsYjePjuKoW2hRW78AluuDWLjK+x6UKtL2TjezJZoVLGNeRUcZkixg1ZkgZQfUU2OIkYc5qGUqi5RtzLczqDLl8d6xIdQu9NvFuICNq9QRkEehrqFne0YMih17g03ULK1nQSxYAccjGCDUyV9RUq8Y+5OPusrtq2nXxEhj8vPVe1SXFrp7jzdOfaccgdM1zZsltQRncKqf2g1hnyfmz1BrL2ltzrhgE7eybLt1dG34k+am2l7FdAgfKRTme01K2DplXx8ynsfr3rPWIQEsOtZym07nbCCceVrU2lIxVmCeCJSJTWDBfCVjCVwB3q00AcYOdrd6ftOxnUofZkdGlxDeL5cRzx0rLmtQuSRz6Vh2001lIVPY8VstcGdPMbqKq99zB4Z03eL0My6jSNTgckVyUAvxOxkBCE4B7V1U8yOdpP4Utw5FqINuU6jisqiPTp1HFJNbl61jRogQcVYW2O/OeKyLN5gBjp6Vqm5dlJH8NbU2rHFWhJSdjP1O8ks9oU96mGLhUcnBxmiaBbuP5juzUOJ7YbCOnpUST6lJK1uo64kVFCOMHsRVUxFRuHzKe9XFQTDzGHSonUj5Y2xRzGkdNDJuIQADEc+1Mj5QFOCK1CAFAI5A5NUTGUYMpzSTNug0Stja3y4qeKHzAVPzGoZNuMr17ioPNmg+ZD+FUT7MsSeXAAHO3PFQohgUPwcntSPOt0uZBgjpSRBiPLbtQVydy7LJtUTwHDDg+tZc94+oTM4ciZBjd3q6EVM981SS2cOZUAGP1q1IzlRTMW5E0i7JT0PQ1r2mnmTTsxjdI5P0p8tot7G7xHY0Q3FT3x1q7pLlI/K3Ha4G4U0zKcNNDgL7RIwqMzfv9xP0qvZ6Y1uslx95+2ex9a628s5BqJaJd6AdTUV2vlQbU6titoy6MwaT9ThV0dogzk+W0pznPU1LeQtfrFDE5YRDDfWtvUw80KQR/eQYH1NQ6aFt4RC64Zuue5qk7HHVo9TDXRvIxICWcZ/AV57rvh03t42oSxCCG2QkOe7V7JdzxQAI5w8nFcD4jbNolpFkmRvmzyD9K6IVDm+q3POdMFxPGI5XHnnsey1n67fR6OJJwu90GFz0Jr0H+xIryfzrZMSQIGJHHPpXD6jDH4it5rLyCkkrbXLcBAO9dVOR52Jw6TPOrm8c2/nrM0puQDLt6E/3fwrmn8PyW6tq3i68WVAwZoATjy16LuGAD6gD8Tk17CNAsIbP96FjtrVfkUEglh1OepNeUMH8QaneI7P5KDAjAz/AJ4rvjNHmVcNbU43X/E994ximj8oWWljiONRtYqhyNxyQT7DiuL05L7UtUtIraILbQsse0cDA7k+4r2WXwHdakUtbY+TuICjPCr7/h+NW77T9N0a7k0/R4hDFE3Tljn/AHjya6lVXU86vS2sef8AiXStJsbaCDUZRDqMgbywDuBXgZYccZ4B/nXPeGIktopvCtjFFLJqEolmunyGUR/NtBHb5eM56n1NbOseHri51Br/AFp2ebcSi4IAQfdGT6enrXGXF7Dp87xwqArn5j6mtFJHHKk2dPpV/o/hzxVJf6tuns7bzUkgjPzSFQQAp9dwB549a8v8SMniG7udZvwEE7kxwqc4UcKD64UAe9bken6jrdxJPZgi3j+XOMZ4rMtdFneaRbhGAHZQc/yrWE49WL2HmXNGtoNQ0+4mns1EdtH2X5Nq/wDs1cnL4jj0qWQaLbBCMAsqBSfTnFelWf8AbD6a2m6Lpr3Ub7lGFYqGPX5uBXBP4d8bRzSvfWnlxRn5yNgBz0A5wTVcxyuNjhNY1LxH421q00qFZZSOu8sUjU4DOSAQAO5x6D0r0jULL4PNdvc+J7e9udQjZVxasn2bYvTAypz2IqC4sPFulW5ubZzCZyoWLC5ZWHBJOBj6Vhx6Xrs92trrenp5EOGeTAOM9CSDg59s10J8ySM4rldz1vUH+F97Z2914Y17UtOeVfmW4tVHHbY0T9vTb+NcHLoNpNKx0zxDBcQz4XzrnfCGfH3SzljkY4rFnu7G6vzEZP3McZAzwM9K4dbGSJdkq717Ec813YVct9TLFNyS0PXG0qdLu0tYzHGgVUlljcSozAfez6GtHVby3WzAhtRbxQSgNIn8RHr9a8606CfTUa3k3RzTBSE54Hbj1rurXVG0/wAOx215bedd+axO49FxwMV7eGqSex87jVZF63vkuDHceXm3AJDN0yPUdK0NEsTPqSxQ6oNPiuWVHm3NGgDHHz7T90VyNvr/AIenuEkezu42XO5ItvlnnuM54+lW77Tb+5g8yzeWCIjcokGx+PoOlfSKc+U8r2dPqfRtt+zzrGt2U2paT4x0HUjGD5kS3apKODgBjgZIHHb8aguvC/iv4b29uuvx2er2xUBZILhZJIgCFAcqT/eGMg59eK+fLey8RS6H9qt2ciI7S5O0tzjj1HrXPy6Trl7MsVgxe4I6LkEEdeTXPSxGKhLmiy6+GwtSHLOx9JaprGnQIk2qaeEWc/udoJBb1yBXAXaaTP8ALqJwe2Bjn3rz+TVviboWnDTJ7+R7eVl/dvJ5+0ryB8+SACOg4roLbWtfvLRZtWtIbqNF2sApU5x975WBye+OPYV31cyq1NGtTkoZXSp6wloaCaxqujyG3S9l/s1XUmIOQpAPQ+1ba+N7fUQ+naftMpBZSc7uOwPGa8u0vxFYXGpnSb62eXIIUxtnb/vDj889ccc8V5odYs74HRBtnUHYGXKgHvzkVnCddbm7oUV0PT473xTa21xeGCP5/mLMM/pnNdN4D12a9utm5knGS5Q5jAGByD2Of1rxweJvE1tp8tjqzoJC2fMAycdx6Y9sV7p8LtDsLK7/AOJndJnU1DI1ud8bDA2gtj5SCST29cYrtwOJmqkVJ6HHmGGg6T5Fqekvljlvl3d6i2yI21ju5zk1Zu9Kv9KjZr5Dc6bK+0SqM+Wx+6H9B7+tQbPJXKymRD68kfjX6NRUJq6PzqvOpTk4vVC/ardW8qVthfuR8v50/wAgBxKOfcEYNMaOKXGQHx046GrMGElCuhaJuNykfK3qQa6JyqQ3V0c9KnRqu1+V/gZ88UsY89P3oXqoGDjvUNrKiSSRD5QeVz3z1ranXZgp83HUdfpisXdFK6mJ84PQjofSs5YtJpop4KTi4v7zRXOAcULwSBwBUaq3VWwSfwpxbDrvHtntXuQq8yUj5+VKzcScZ/CpBj61GNwOO1SDb2rs5jmGhewNSBT9BS4x1NKcDryaLAMyAaAARin9QDR0NIBgHHFKRmnd6MHuMU0wIG680YHWpmCntSAHuKshkIANOxkYz0qXGKOM80CIgOaQDBwelSMPm+ShQMYPWgBvH4Uoxml2mjb+VACAc0u2ncUUAIBgUoBxgdqMHP1p4HtjNAEZGaUDuKGXtSqM0AJgdTTW29ewqXYOuKQpkcnFVyjsQ4Bz2zRgDFS7FxjNO2KAB60coWImHYU0egqUj0poA7VQhnNFSUjD86AItp60oBp+0UvXrUMuwwj1ppUVLjFGBSK0IvLowB2qQD1NLj04p3FYjPPFMI9eDUxUGmHjg1ZoMpMccUudo4o+8OaDnIyKXGevGaeRjrzQwOMigCvtNGPepCDURB9KAIzlgcVlTloQfNzt7DrWywzyT24FZ14heMvkhl9Oc1w4yg60HBOx04OtGE7vVH//1O5i8Q6jbzeXexsVGMhhj+dLf6P4T8VkLewLDLyAynaa9l1Dwlpt6WZkD+przrW/Ba2q/aLOXbjJA7VnKg+h50MXFvseJa38KdY08y3OiXIu4AOE2tvx+GRXnVx/aGluttqttJDIOrOpAx9eBX0M0viDSssQ0sPVhncPy6/lWl/buiapH9l1W2GWGCroCM/jn9a4K+Fv0sd0K7R8xxypIMoc1YE4jXJ6169qfwv0TUpWu/Dtz9idv4PvR7vZRyAfTp6eleWav4a1/RHKalb7k6iROUIH+elcXsGdEcRfcoG9lkOT0pRMz8dB2rJEqF13fux23cV0lsuduzaw79656tI6Kb5jMm0Sw1OJhqFqsqDuRg/ga47Vvh5YzuX0uYWxwTsk5Un2PUfrXsdxPC9skCjBX9a5i4jd/l7e1czVtiquFjLc8JvfCmvafCS0BcHOcEYA+teO61bSabPlI2O887s8GvtdLcyAIZSM9mwf1rz7xX4RtdR/eXMIbHdP/rV0UKtpann1MoXxRPmG20qbWEK52hRxnJA+lWNL8NzxXDMT90YGDXvr+A9WtLWMaRCLlQMnDAEfnXPXGharbwH7TbtE45IK4P68V1fWux588PJbo8mv9QitHWCc5YHFYbPE7fucZc5ql4js72K7lcq7HOQQM1iW810G8uaN12+oxXfRhHluY8p6XZajdC4jiYHbjHXiumtriFpwDwep54ridAlubqZQqEr2OK6TUtEvLaMyoSTjdiuOrbmJsj0OC+mhiA3jyy3OPSsjUNfsruWSycFkPB5ryyXXtQtYfLJYbaNDiv72++1YLqRk5qPqis5F3OwTRhdSM0WFiQ4HPNdTYaCJY2lusKikBcdTTNOjl3omNqk8nFdJld20cbfwrhqVnsbwpmcLeMQMrnC5wOKpjTdtyrQsCvFaFzNbSr5W4qR0HvWdC00Em5cso5OazTdtR8x0/Cp5ZAI6H61AllbO2WjBIP51BbedffPH8rdcVJbzEblk+8nesZ6gXppba1tNiQjbjpjvXlt9f5ZwY8FT0r1MBZrdjJg54GaxrzS7S5VUZVVs/NxxVUKvI9TKUTzCzlv7i5Ato2ct2xnA9a7mzuhGB5owQMYNdxoWmWungvBGGLKRmub1u1jdx5ChCucgV0zrKTsOJzF8kU8g2EqSelV/7MvC2IwHAGfpU8en3nnGd+I0PX1rsbKFYtOkuCfmckYPpWtKVtDKxwtpc9PPflc8UyW9y6h+FOa0xpse55GOQc8Vm3OnOQ/TjhT2q1PUqXQ04ZxO3+jHgmumh81YCsrZx0rjbMtbgBCABxWp/agbChuRwRU1VfVDmXorhUcp1Oa04bu5t71ZlyAOa5+GAljOO461tWd4jRsspwwGBXLOGgk9Dor/AFS2KESSfOeR2rH/ALUzCyxYJPSlitIr8kzcEdD7VUfQpYd8nmfIvTiopxSNGM+3iKLZMMMTU+nyQS3cYkAKhhkEZ4qh9h86VRMeldBYafFDKu5sN+fFdOi1MzmNYs7a/vJ5YYhEC2AcdaybGxSO5USgOueBXplzHblmVwBjv61yupWCWgMtswAc4wfU1rzisdvdRabp/htr/YBI5CjHc9q89uNVmlhKygLgE1oTzyTWVpZyuZEi5C+/bNV73w/HcHIkI4BOO2afNYRl6JfWN1d+XJyTwc13U2n2Lxo9rhSOlcfpWiw2l0VGH28hq6go8YG1uAaqVRPYBDYSTTZACgDrViS3BlQSDIUYqX7fGFCH7wrG1nWhDD+75LdPasm30GWzK4m+zIfl9BWZf6e8bqxJcHkY/lXPWupXDX6XCfPxyK7SC9FxKCcLWy0ZFjJSwmgBnk+VQKv6cY5JNwPPtXR6hYLcRFFGGZR9KztM0whhAp2vnnmr59Asa/8AaCwR+WB05zUuj6zqVpeSTRuVTp+FI+niLduO71rMSSS1YnHyHkisHBPc0pux9c/B7xbqBmuZIJnVkK9fusTnGB9M192/DTUNf1CCS41BHMZb5Tg4HANfnt+za1p4l8VJYPmGMuOoHI6nj64r9X/C+nDRbY2y48th14xxk14OLpqLPpMv5uUnZhbQM83pX5tftLeLJ/E+v/2Hau32Szw2D3YgjsSCO4z+lfpPrMa3Fo8NvlpHVgv+9jivzN+IHwf+Iugaldajqli95HM5YyxfOoA6Zx049Mn+Z9DJsKnVU5bE5liJKDUT4w1PR72Mu7oTzkH2rgbvzEJ3oQTxzX0vrtv9mZElTaSOmK4PUdO0q/lETRhdv8XSv1PD0rw0PjZVu58/XEJYswOCtQQalfWDgW8pUZyRk4NevX3gKa4gnewdXA5w2Qcd+QMfyryGTTtQgneCWByFOAccfnRPDyQoVlI9f8J/EBCotdc+XACiVBwB0GQT+tezwW2ny2J1JLkNahd25emfSvjwW/73kbWXrXSf2pfJbpbI5CD0OP5U4XW5FSx6FrXjG4SZ4bKTaAfT/PNclosN1r2tRWMjYM7YBwWPHp6n0Fc00mWJJLE969X+Duo2Ol+LLfVNQTzIId+eASGYDBGe4PeuunJXSZz15Wi7I/SvwXoaeHvDtlpyqFYIC+P7xHNdfj2rzfTfif4Y1G4FrBLl9oPBGAOmP16GvSIXE0Syqchun0r77CYmnKCUGfm2KpTUnKS3FAzzTuvtR1z2p4HTvXUcVhlOA706igQ3bUZ+lSeuKbTQDAp9KaR7VKAeeajP1rWMzKUexHTSKdRWnMibMZg0mDUlHFP2gWZXop5WmUxEdIR6VIRmmVoBFjs1MIzU544FBHHTBoArkZqPHpVjBNMKnvQBWPJzQelTlaYVpkWIskUmc0/2qM8UXEJ0ppINS444qMqKakBEyflULHA47VazkYqF19O9aJgUZufl9eaeB0oxunJ/u8VKo70WKbGnpTQcVLtpjLTaBdiBqytQ85xtth+/XDKfQjt+NabttBY9ByaoxRSOS7cMxrHqbRqWEvdN0nxl4autM1AZhvImjcHqjlSAfYqe45r4a8Ca7q3w38cvaaiixtZzi1vI2YBWQkAnd024wwbHQCvttbn+xdRVJwBaagcF8fcmHc+zfzr5X/aH8KNpmu2/jGyQCK4VYLgjqxGdjkewwpP0r5vPcFeHto7x1PtOFswj7R4er8MlY+tSUnuElhcSROu9SOQQeQQe4I5p+Bgg968e+EPiKC6sYfD91Nm4ECSWm45zFtBaMe6dRz0+leuXN3HHlFHzivUy3MI1qSl1PEzfKp4eu4W06DHdVYcZI9DVeMlwWcYJb+VV5JooQTLIBIRnA5NV7PUHlQm3hZyDjJ4FdUnrqcKptFy906K9gMTIWLf3eD69a8O8V6p4m8MzG00WaWeBcZgdWmI7ADOSB34Ir0fxD4wm0eJo7cBrk8KuM81xMGm63rLtc+eVknDM0hA+TuTivLx8HJcsXY97LqypNSqLQ8tf4pahpt01tqaRWjkAlmjb8iCTxXL+MfEV1eTxazbX0UjY2Dyfu4HI65z1Pc11fijT1u7qTw5Hbm9u2baznBDADI46Dr1PSsHUfAltoujH7ajNcgcHcdqEjgbeAa+Er4fEXajJs/RqWYYRJc0EmzxXxPfy6lqq3pd2V0QEHlRjsKptc2jRGy2NlzjcOg9zWzrdncJpbWkTKkwbcjN1Yj+CuEih1yNYmljKAfN/sgV4lSnPaZ7dKtAsvp5sWL+UZUbI4Gc/gKyrC8UXDqsW10zwf4a6qS+uoJYX0+4LM6gsMABT6c13dhp+i3kL6jqsaCdQCzRgEj3YV59Vcp2rXY8rur7U5Yy9rExkAxlVOBj8K6rQdS8WPb/Zp9QkSAkPsYh0yBgcN0Neg2djb6hepHptqs1pDjPlkRttPBJzjmtqXwda+HnkuLW5NyJuPLlCkjPTsM4+tcNSqbxoXO+0L4lWMuhQWHifR7aU2yrC74DiZVHBMb5AIAA+UjJ9K6XTPD2jXtw2t+FHRraQn/R2ztXI5AzyPpjA+mK8itvDs146qlq1zuGQoQnP5CujsrTxBoYWyjtpLPzPuAoRn3wRXm16/U9KjRskjspvhrdai0lzZ24tlB+by0JbcerZXI6+pre0bwZf+G9QgubWaaOfKlSxAG4EEEYHY/Wu4+FS+PoJ5b2fUV8h1KtFcR5BAweMgYz7GrfiLxCbvxAsF20RjQBd0I24JPPPOa8qtO57FCiuqPojwDeaD4g1CO8+LWnW9xGVEcdyp8tGcDG+REYdsDOABxwB03vEXwD8N3l9da/8OUtriymfiGJ/MQOcbtuMjAycAbunavK9G0LxAytAY3ngH91d+PwHNbtjpfiXwjL9p06/uYFdgxQE4BHQkf8A1q5oVbKzOn6p7/tIOz7dC3p3hLWNKn+w6tp020Hc0Wxiu31wBVu2h0G012CS6tQbZsqQmQV9CcEHg+ldrovxH8XR3Kyz3YuPMGHBjXn8gMGup1rUtL1PS5bZNORZX2lZIhtMZX+8Bwf8+1Y1WaqMub3kc3cWVpb3zT6S7iJ1BTcclTgZGcDgHpVe7kuGAkmkLuDnJOT71s+D/E72Usum6pDFOj8Z2YfB44Ydx1HT69CLGr/2PeyNJaxtbqRnaW3Ln2br+B75rl5+qO2FC8rW07lX7VoGq2H2G7s0LqD5b8bgxHP4Z7HiuPk0KSzkVABFu6cCnXljHsbZMVX8K2tB0bUtadbJLpZliU7Vd8OFHYZ6/nUutc6ZYTki5XOc/wCEXeWQvAQJiDwowCaw2sprdvIu02SDPQ8g+teuReH7jT51DyKrqc7d2CParZ0+z1WXZcRozdN3fP1rCpI6MNKUVc4r/hI729s4tMnkaWJGBXcd2CAQOevQkdayltjLOyNJs212U3huytbpgCYWX7vOc/XNYtzol1FP9qtHWdD1GcH8jx+tQ5HoUYx6Ijm821hUE7o16HPU+tOttZeX9wcqAehPWtzUJ7CayiguUEFwFAO30qvZaFauwlacKmOw61l1Omm4/bRqwXdi4Avofl6BgelRy6dau3nWjkgHv2qe/sU0za05SaNhkMvNUrbURGrpGAxPPNKYU6fN78CK61F7OIxjlh7VVg1JrtdzKoPsayL+LVNQmMdvHwfeq1pZ6np1ykV4hVW9q53J9DuhRh8z12x1DUo9Ma0uFFxbMvy5ySvp+A7elc6J1G5NoApbDVp7KX92QVx0PSqc8iyuXUYJPIHStudvdnDh8HyVJaWTHNBOyMUPy9u9P07WL3TpVjZUli6MrjOR7VSjvTbuUY4pA32tmdSMrzisr6nfOhzRcZq6NHUmtZZjdWZKh+SnXBqjE80cqkE/T0q3YWrXEywr99uxNXJrcW0pSRSrrxyKDFTjD93ubdvfCCNDFKW4BPtVa5uPtUm77zNWLdMyqHhGM/rWcmqG0uEEpx0IB6VSqtHLTwKfvx3Or+wSKnmsuKgTVYrY7JV3KK0Li+a4iVY/kBHQ96564t1C4lXlj1FW5/ymNCDnpVOit3tbsqSAVNTz2tqPuLiuKjaW2cGE4x09q3oNRmm2rLww7+tKE49Sa+DlF80HoYl0rRTs0Q71o6RdyGfF0pZT2rvLDTbPULJpBEPNH865bVLcW0m0L5bL6Vr7JL3rmdPMo1r0GtUXptwH7o8elRJLInKnBqjDeAgRu2Aepq9MixbSHBB6UGTp8vuyLVvcwrJuuE57H3qTVd2pRrJG25UGAPQVl/e5zn2qxazMGIUcZ59KtPoYyoWl7RboZpkxtLhUU7TXZSXVpCweRfmfuK5q+tIZFW4g+VzyazPtxOIp+i8VpblMauH+se+t+pt6xZWM+ZiMSv3XpXEvp8f2jcy71U967/7ML+FWjcFsZ56msVY0WcRy/KwNZtGmAxLhFwvsXInWa2CDgr0p8RmXk8EUssAhbceM03zxsPerMbX1jszcttZSNAjAHHWtqHxHGsLwhMqwIGTjGfwrz4MHfcoqfdIgzWkK8uhw4jK6M90W5omnd2Rd+T0FC6ZdQoLlFIUdqv6TrA0+UO6b93UGus/4SSzaJt8Q2kcgGtqfK92c+JxGIpS5YQvE87e5l3/LxitabVoZ4kWa2Csq4LqOvv0rJuZYLq6ZrQbVzwK0U/0W2P2xCoccZBH4jIpc2p31oQtFyWvYx52jL7oRlTVUqC2QMU37RCAdrYHaq0lyAu/PSuapUR69KjIWQtGeehqGSaILjO0nmoZrxcBZPlDdDVaZXjAJwd3INc7qnbTo/wAxDN825lOaw5bfzXZydpFbgyy7s1QmillbcBgE4z2rGep6lCXKNtISEOO3cVRuL5Jbn7GBhwcV0VhGLSIlzvJPOaw9RitTMJo+GPP41E/diaUqnNVYQQrE5JwDWwJEMJG4cdBWOg3KCTiqskUxkIU8VMdNTWdHmerLc+JDuq2HVIsdRUFvGxj8qQc+tI0MwPBwBWkWiXb4TOls5mnEq/dPar63joAsqZWrikRriQ5NVWnikcR9aHpuUpue62NFDEygx8ZqwYUZSc4zVBWVFyOKpnVXicoyZHTNP2iOX2EpfCWUP2aTDHirkkiypuU8VRuZYJUWRDyRWc0vl8KcVM6jNoYdzSb3NZ/uYQkZqjPMI1ADfNTPNdU3k5BrNmLMCay5jelQ11Ne1l3nMgzT50Q4ZBisOCedBhBV5ZJDyR9atMudBqVxrMoYjHNWYntmGyXvULSI4wRgmoTsjwW6GtAlC+5JcWkYP7tt4P6Vk3MF4jLJbOSo6itaIooJBzTI58P83AzSZKi0ZsVzIHDSrxWqgDjcD8pqOSAOC0dRwfupBG/epCRMyKvzKOTVdJTDMOAFz2q+zW7QuSclT0rJdwW+XkUGLizoxJaPbsx/13b6Vz95bC5ZfJOSOpHoKjEjZ2dPQ1sWdhcrah05DZJNdCkc1Smo6nMfYpIZDIBkf0qhcCaRBfQR+YbYnKD+IV0t08lsoZ1wT/KsWxuhD5ifdD5P51alfQwcb6nJMsmpq13Gm1gT8pPIIrnr7TroSQBlMjSHAHZfeusu5Uiumu0GS/DL2JFQfanvmKIhVs4GR0zWyViGrGZZaHcJuiWXaJCdx9fSuW1fRb+IS3CRhBEcOTwGFekXF3HpcY84HccdKwdVmfUoRFtJic8j1zVRqWOKtS5jxfxBcXF9OkKqscMCjAUdSeuag02wW1k86KEIMcYXqa7uy8OG582MLuEWTk+h9PWt1tK0+xjgknGxTgct1rujI8+vRscVZ+F9SunW4DrDE5yWPOB+FZWqQ6RoM0tnaWkN5en5pHbDNH/dIJzgkc8Y7V0vi3VZNPt4otGuCJZyQFxknj0ryHVLfR4YI7fUkeGe4PMsX8JHqM9PwrZykefLDJ6njXi2+8Ya5fM6acwQnYpiRmHlg5GWHFUbP4cXWqQx3N/5lvGxJDAqA2zqMMM17daeDrmzs11C11gXEDuQAxMcg45wG/xqlr2v6/YwQs4t9Vt9uCtxGHVVPbgg5H1rop1Djq4Y8jvrfVYIo9G8ImGFEyrHcoPHcMe/vnNPt9L8X6M6313ewzXR+4fNXgDjqQK6xrPwQ9s2qvbTaQ+dkcSS+dvLZOdrAMAPUtXGSeBmvIftulXsWrM+cpuEbIfdTzW0dzinHSw3xPqnjM2SW+gXQCSfvJFSRMtJjBBY8kfpXn9rpvjTUraW0urq5jVn3PHtaRTtwQdwOOvYcV1Nj4Fa+vDea5ZNYRDhpG3DePpkAH3rpT4i0HQLq3h0aJ5LeNgJVG7DBSOPm6/UcV1xPPqIzPB+l23ifUQmuW91qT20flW1pFHJhtozuynzHAB4HYZ9q9Cb4T6lb+Hp9Z8UzN4fmubjy7OylXEio2TvkWQBioxgYxwMk81UXxzqFlrB13SG+wi3GY8cMCRg5PuMg1y/iX4nav4mubW61XUGluI8ouSX2oxzgBy2Bn0pqU0c7ieZaxZadoOr3dlq1tba3LAMKQfLBB5BDYzyK1NBuvh1JF9quxcaFKh42sZY2J7LlXbOOTkAe9ewWfxFvrK1tRaWFnfMpxIGhhO5QRgAspIJHfJNcRe/EbTdW1UWEvhvS7CKEs7reQCUBjjcRu2Bc/Tn1orV6ltEXThH7Rydr4AtfFt/LqPh7xJA8yNytyrw4PUcYboD6U+4+GnxPk1KG2tI4rm4csE8p1beF5JGcDHGeTXbX/xD0sWMdtpNlpVjHuyWtrZoC3/j2c4rf8N6veFF1rT9Uto3HWUThBHnjlj09Oa6MBmVeL8jHF4ClNcx50vw38f2M7ah/YDC4ABfAXoOQVAOc/qa6+HUrTw3aJceLfNt5TzJEUxIo4ABXA65H519C6DfeOdQto7Ce+07Uba1zKjLcxzNh+QAUOcZ6E469TwKu+JvA8+qyw65caTa3MMq/vFLQuXQDbzySOnftX2uD4ibfK0fLYrI+a8kfKd9fReIZrW00q4Atb9jJGDwflHGR2/KqF34X1m0n8+23CCPG+deiFuMk8EfhXtY0PTl1wz6d4OgklsuRHADjj+JkRtrfULmq8viDSLRruy1uwe3huiMxxoTt54LbsHHt+le0s1pvRnkPK6i2eh4dqPhZfttksNzPdT3DYbcwJbnkrwO3qTWroP2LwzqrQ6tAlwpfbi4+XaD3IOQce4r0nU9Q8DRmO/guLm3hgKZIhR0Uggbkw4cD6rn+VcfrunxeL4JpdMuPMiT5reQoUZiPu7t2Cc16mGrUtJnLXws7ct9DQ8UyaD4ssza6QsKXFuwfzo0UFFH3gpGMg9+3TivMxbDRYGijuDcM78O/L8+34VPara6Xp8x1As145wYydhQ854PXtXGzXjjUjfuDJFAN20nrxXXj8zpTWhw4DKZ027t2MXxRFqRuVaHcYH+YP6sOoNetfCme9nmaxt1InTbKD244Of8965CxYa3C0V83lrev5caAf6sk4B/PFd38MrfUPDviW4iMX2oGPynUHnYSDuB9sCvLwcoOtHmZ6eMjJUZSiuh9Hxa7cPCdJvy8EgwHXqjZ7jFQKixDCZ3Z4XGQw+vtVRtSsbpN1uRuGQyuArjHtn+VTWyM7oEm2xEnqN2Poa/TKWi02PzSrWct9CXBfdt/dt6NSqcjn5T6GnyCDaxadCw44ZSQffB4qq97bQyeVcBtwHysoyhH1zn9K7qWIS3OKphG9UPli+dXicxyL3B61nyKZCfMADBs7hxWgZEbBUMVbvVWVd4fCYA96K1CFXVBhcVUoO0tUKJfKOZRuQcZFWX+aLKsHUcgg/55qs28xoJsBXH3l5J/D1ql5BidghyR0boD+FcdKVajJ9Ud1WNGvq3ZmwrYUNE23261MG77cVl2l9bKwtboiJ+iv0Un0z6+lbTRFR+8G5exr3aGJ5loeBi8HKm9dhuQeTQB3NNXj3WpF656iuvmOANopdop/zUfNWgDAMn0NP2ueWPSjaSPm4peMgZ4pABWk29M9qlxmmnrigwbK+PvUHn8Kf/ABGgDhjWhZHTsHrSgZFSBaAIicck00damKAHmk288CgBCPkx3oIwOTjFALE4HQU4Lgc80AJkEUmTjAp2ATSheaAGYzRjFSYxRjPFAEOeeO9L34OakCMOfSk2AZIPNADCcHGOtJyKecjnrSHpmgCPNPAp2KefegqJHRTsUbaCiIqO3NNKnvU5x2puPWgTiV8HtRgnqKmK/wB3rSbT3FBNiI8dKB/tUdOlHWgRJ7Uex5o+vHtSAjtz7U7Ggm0Go9tTYqOrL5UNx60Y9KXHpRj1oGRtyKhx0q0Rniq7LQc5CcAnrxUbMAOcdMVHMjZyvOO3aqlx9oKsFwe4PRa8jE4mrGT5Y3O6hh6b3lY//9Xs9F+Iev6W4hmIkjP8Ldfzr0208f8Ah3VdsWoOLebptIyPzr41vPFjTHNoS5Pc1mDXNdJIiYgn2rzoYipF6nNUwUZn37c6fZ3cKvatGd3K4x/SuZvvBcGo75JUKOP4lFfHmg+KfG2mXoks7h1Q5LJzsJPfbnrX0t4X+K9zDFCmvwNKSuHdAORj7xBI59cV3xxUJaSRy1MFUjrFmdN4S1rSsy2Mhlxzz/8AWrmrrxtq+jXJsdTsN4K53EEZH1PH6GvpPTNd8Oa6Vjs7lHZ+3G5fYjPFRav4Q07VInWeBJQw2lto3bfQHqKp0IP4DJVZr4kfLk+keDfGG9pYPsty33dh27WPXAxjnvxXJ6j8MvE+nRNPo1x9siHttc/QHP8AOvf9Q+FcMas2nM6NkkBjlfpkDP8AOuZuI/EnhvbFKhaMdCPmXA/DiueeG6tHXSrtbM+bF1eaxkNrqMLrIvBJGK2ILq3uhugYOPXOOf517pdXWgeIoBb6xp6NubJbod3rkYP61xGp/CHT7iRrzw5fNasMlY2O4cnhQeCPTnNebWwqlsejHGa6nH+TgBmVSW4OPSq9xZiSMsshz/d//VVfU9I8ZeFv3upWbtC/AcDcPzWnWms2N2VEpEbd85FefUw0o6ndDERa0CzSa1fczlVfgj6Vrzxx6jbss6rJj171EfJZwAQVPTFWkjUDauVxWLQtzz/UPAGjXIMiZV3OSoAxXJah8JmRSLS2F2DyNoHymvZ53fPlp8zLz+FWLe+KZjUbeM/WhTl0ZjUwkX0PmS28JyaZNIJIGhZTyuMHPrWXq0kkLvHKcADqTX1PrJtr62CXMYcn0+8D614d4o8JSXcu63O4noMZOfSnCcuY82vl73ifPmq6bPqO5Ylwuc5FbPhO0u7FvKZ8luBntivWU8NalYQxW11bEY54Xd196yptKSC/DQAqepBGMV11MRpynOsNJFiJZQ64IBbr9aqSvL9r2njHFaP2aZWd8jKjdmqWxmYSDoea4bamnKyjfWxEonAJIGCelXrKeEW+JVwzHHNZsmobnaFl4HfNZ8lzcSr6dcEVtZNakKKR3tnNbplVG3NV50AyYjgnvXL6dcXEilWbG39a20eTcN33T1BrGVLsTIcZpY4SyHOPyqeG+SSMtdLgjpioL94/JVIwAw5rlUu5Wvhb7WIxnPahxTA9Js73zYGa16rn5TXKTzXPmsZeCxPArTsWEUTsp5xVOdRKC7cH2pKOoEdrIU4ZMjrg1eublrqMEH5F4FZIkl3hFU46VsNJFDZrb7AJTySK3LUTJcsB8oznrUTRLNGySfWka4EKyEDLHge1ZL3V0ijf91uKCGVpIpo5GVTwelMW1dMySdT3q4ZvMdOOnUmr9uYJWPncqPSuiTMeRiacLh0wrZUetOMLJLsBIJPWr0XkR7jEdvGQKz5ZsyI4yRnmsJSNUtDpLPELDMm8HrV64upJIjFGdw9K5qGdRnPBJ4qW9vfsMIlQ/N6VnyamVzY3eWBvADVmT3Vylx+8Ypjpiq2lai2qcyDaQck1aumZ5sAHgdcVahrYVhsl95kZ8yYlvc8msnVryM2qRxHMh/Squouo+bPzJ0461Sj2SOGwWHeuyFMdzWt2uDGpDfOvfNW1knR2aSQtxyawpLllmQR4C55rpPs14sYbymZGGSQMipmIv2rsgWZTnIrThuhOuHAT+prHSVRAIyPnBxx6UKpIAyfmPBNZqI79jE1J7uC4kuEY7CcDmsYvdT8yhmBOMYrt5bJHRUb5snJrUDWMUeEQfKP1q72M5HN6VoZiTz2faz9F9KrajJPp9zgNtHFaNxqIa8iWPKoB8wAo1WybU2jFux3HjHXNaRQF7SNfeZGjnYuU5B9vSrcWqLfXQW3Urn161kRaZ/ZiG1kO2XHOR0q5pUUVtMXkfBx1okgOiN1Jb/IWL11PhLRb3xRfLb29u0wJClVG7GT3HpXIWapqeqRWkTZaQ4+v4+/Sv1F+BfwYXQvI1e4GIvLwOdytu+Y/qeTz6cHmuTEV1BHdgaHtJXaJfgF8BIvCd+viCfhwNyoMEFmA7ADAGP6DPWvs5bKWC3X5sL0p+kWMNnAWjUYY9hTr2S4ZcR/drxKk+Z3PqYQUY2Q7S7dbm7UnlY+TXZS2sMylXUEH1AP86xNJhFrZmZ+GcbjXnmp/FiPSNXfT7ixea3jOPNiIJBOD0PYeua+lwMGqa0PDx1eKlZmf43+BXgLxj5kt7pyxXLdJ4hscEcDO3GeK+PPGH7G+pabcXF74UuzewPuYwOdrpk5HzkNnnjBx7k1+jWh+ItO8RWou9NYsncMCCD6EGtholbnoa9OnjqkNEzhqUYS3R+KHif4V+JPCOm3Vtc2kkE7KQDIhVemPvDI/HpXiE3h2406xIvYv30v3gMHH41/QfqGh6fqcXkX8Ec6MCCsigivAfF/7NvgfX/MlsoTYyv0Ef+rBzydvHP8AnFepQzh2tI4ZZf8Ays/EnUvB2nyDIV4JpD1GB+Ywa4rVvCl9aZe2zPGCQMfeAHcj/Cv0y8dfsreK9IkN5psf2+3i3EMgwxGeMrycj0UV8v3Xh+60a9uRqkDQPbswKOpBBXjvXr4fFwqHnV6UoOzPkUwTBjD/ABA960tOuLqwf5Qybj29673VNEgur17mBcBjn0rR0Hw9Dql0sci5AbBBp4qVoipR5i14P8U3Wk6jFPM7vzj5mJA9sH1r9Efh14o/4SfSVulUIEwufXgc18TXngOGG3Y2mXZTlST0rc+H/jrUPA93LpLz+XFtMhQ4IPA9fWqyXNPZz8jizrJ+aF1uffMt5aW52zSBTjNPt7u0uQGglV+3DA/yr4H8V/FfUdZu3eOVrWBuCFc/N6jgCrXhr4iTaZCu25YgdPmJH6819U+IqfNZHy0ciqct2fexUjioa8n+GvxFbxVb3Mc215YOSRgDHPTr255rWl8dW8viS10S1A3Snk5zgZr2qOYQnFSPKrYCcJOJ6D0P1pDnp2oldFQSlsDvTkAZd6tkMOK77nA0yOiiigRGRTPwqY9elRnoOKCGhMj0puRT8D0pdo9DWlyyHPekPtUpXtURB6VcZEyjciooorW5nysKRulOpKTRDQhFMp+RSHFRYmxCwNM2mpTTCCa0UmacrK7etNOMVNim7etXzBykOCenSmstSkEjApmMZFO4rEW3PAqCUYHNW1GOtQuOcmmmJxKCMCWPQ5xVjBA/Wo0jCmTHY1OQScD2FVziluMIP5VEw4yetWjycVXc9famEtzPuMsyxA9eT9Kn2gYxz6VBFukZpX78D6VdVVC5C5qLG9ylqFhHqNjLaS/xj5T/AHW7H8DzXEaxoVn418KXHhzxCTHJEpHmZwUeMfK2e/PJ7GvRQe9czrVtBbyC6lH7ifEcw6Zz0Y/yNY10nFp9TqwsrTTTsfAC32qaD4kNhNMYZ7BljWRWK8IcKV7gf0r7L8C6jB4y0zz72fZeWoXz4gdvJHDqf7jfp0+vBfGr4bWWteHl8SaEoi1LSEO9QAPPtlySCf7ydVPcZHpXjPw48U3un38V3BhZLcYKtwHToV/EflX53Oc8vxXNvFn63GnSzPC8trTifcUFhZhN8YQ443dfwya5K+1SWKWex08AFmyZBwAO5FcVpV/ba/I9xaRNbSQZZgj/ADY/2gOO1ZN94k1e0vFlubCWa2UlS8Sgkpk4+UADr3zX2NLMKdWPNDY/PKuWVKc3CotUdLZ6MNRvVPMgjOcnnPua0fFWtf2PZtoWhKJtUmU5A/5Zggjcfc9h+J7Zm07WZNShWDw9byRHIEs8kZVU6Zxn7x5z/T014dGttMgLofMuGOWkY5ZmPUn/AD/U1ctUYyl79mjhvDmlW/hWzk1fWCrXToCWck7T3xnua+cviP4xl8RX8lvbSNCkchYAcHnGM/rW78RPEWq+J9Vls7RxHY6cWJ2nG6Rc7icdcY6V4ppwS41oXkkgcM2fmx8zEcZzXyubYtRXs4H3eU4Fy/f1NWa01nJGYL7Wn82RwPk/uj3A610N3caTe2BjmwsJ64XGF9OBXLa7DJp1/vvmEzZyQDnOOg9qw72aTVYgbZTFCDjaW9Pw5r5StitD6WjhJyMHWZ7X7SbfR96gHAAJyfcmtXwxYalptwNVub02qg/wc7/Yip9N0GeKQ3srLsXgc5J/Culs9AfVCLjzSYlOCBgGvCxOIPpsPhNrnVaP4m0Z9R+zxQmASZ3zKNuT16D3r020SK/vYmgUSouCdzY6deK4OLQtLkhFrYWLvcnG0jc7Hv0BNeg6V4f12zso5JdKuEnlOMGN0PHtj0rxK2Ljsel9TXRnvuh/F3XdLsrK1i0SykuLBifOlUSb16jKkdR65wfQcY9gOoT+O7ixHih7TSi22MtGm1U3HnJHBPbPA45wOa8f8L/D6+bws2pNNtvVVibaRCAGChgA2evPpjNbWjX/AIlgZhrUaPFtGCwUHI/3cV49erqerhaNj0vxbo2keFoItOQRXgli3iaGRnUgkj0UZGMcCuK0XXPDrN5dlpyxXEf/AC0ZF7d+mR+ddfFe2lxao8igKB82PStHStT8JOPKs5Q8h6hlI5/EVhKqetRprsdDo2vxgBlj2kjoD1rr5/H9/bNG0NtHLhNjCYeaCM54BGB+tcsdV0G3gVVsg9znmRSen5YqrYvb3T75TtjzXO56nSsNGStJHaaZrfhC63Nq8TWN04LJNENyBj0UjGcZ/DHpxjr7C7vLfS7vUPJtNWgQ7SpH7zb0yCMEA59T0rzO6/souI4JVYgZG3GfxqnYXd/bXLfZmKoeDzwfqO9L2hpLLYy2Z1817pUt79rh002if88y27HGODgYFaOlNFd3skdvFtV+ik5qDUfEd3qOnW9pewxs8LBhIBg4C7cVWaS3kh2pHsm9umK5pyVzejQklZq34mhrPhi7eAhoVG47gykHHpXJSaNq1mFurZZEERx5iEgqSOxWujtp/EaDy0Es6/wqcyHB9M5OKsx6q1sGWUNG5O11Ofx4PSsJ+R10nNe7dM8/eG+eQ3DysZD1JJyfr61qWtzChCzO3ua7BU0m9h/cyAyMcFSMH/69c7qeiJZPu371PPIxisJpnZdS0asdl5Gl3VmWtrpmJHftXOzK0MJW1nDEcHNc6k17axsYJPkPao7eeSaXa3UmlGRVLDW1ubmm2DzOzX77j6GrbmCDMaE8VHCLlW+bJzWfcsLWQtMdwNOUkjopUrsa8iu4Tbw361OmiX1zm4gcqFHTFZcV7Zlldt6PnoRwBWuupXMYxbSnDccHtWakjrlTml7mhkML+GYFZiCp7dK6oNNeqrTjcaxlIcgtmrEl1dWZXYdoPI96hNFVIXtbcnmQRuAOMdacflXeOQKprctdSDd97uatmNwPlOR6U7BytJJmUSkrNg/MKdFHJFIHXv6VovYRMAYzsc9fSmKrRsExkjvWbWpftrqyLtqGedXf5fcVqTu7SFnJlx3NIb1J4498YR0XBIHDfhVT7WYZA0ZrV2PLfNN3tqVbjUo1Y4jK46g06G20/V08w8Tpzz6UXT/2hIzkAE9cCs2OzubSUSRZwai33HXGmuTe0jVZ5o3VS2QOK02k3wCOZcsOQawmukTDTH5mNXY75HAyOBxVRlYxrUZNJpCeW5+YLxWjZp83z8D1ojbEWAPlPPNamnzW3+qmICtW1OCWrOKvWag9BDfXlip+yn5Sc5FUGv5Llj9qGT1zWzqNo8DAW43xnkEd6524srlkZlUnHJ9qqdzmwkqUvedk2VbkNktEM454qOK4m+XzAcVTtLqSG5ZG57EGtC4njOAvVqzb6o9jkt7triy3bSOBGcYrb0q+XzDFcDGRx9a5vy2BXb1rTtrKdx5p4206cpXuc+KhTcLM6uO4RsqByK0F0e0u08xvv1y8LyRvvU1q/arqFluEO3Pau6Er7nzuIoSX8N2LYsJbH5UfBWubui8twSSQ/eula8+1kSu2CetVZbVC+8c5705QXQWGqSi71NyYWV1JZifdvCDnPaufMzLJ8xwDWxI8sMZKSEA9RWc1uZVRwcrnkVhOJvhXa7lszZ09LeTljjFW7qa0i+Zxx0FYEhWFPkHNYeo3UxAYAnHWtHVUYBDA+0ne+h14iS7zJb4+Wq7YAKE4I7ViaZdME3K+Ce1bLlSMycU4u65hVKEoTs9iBEaI5Qjmumn1RdQ06OxuYxujAxIODxXPRAuPpWlHExXOMCnHQ5sXShOzmtVscxe2XlsTGeKzZd5jKKua7OeESgqq1kw2BErAnArGdK56WGxqt73Q5UCRoNsq8g1GDJt2AH3FdqNPjP3sVfutIt7JAY2WTeucjtWaw2l7nS82pxfLbc4SBiqEEVbs7zUBG+nzqrWrHI45B/nUF60do5Ynirtpq1ndxqsv7vHfFSmloddZOUeZRuvyK7WrKdo5BPasu/0t2UMoPHpW5Le26MwhYOBUEGrRk7NuDnnPepnGLVh0qlWNpRRkWdssqeWThgO9VpopLeQlTuxW/cW8TnzYDjPJFZ2RnDdqh07HZSruTcvwM03UrJg/KRSR3TyjaW+aprghOoAFUigRjJH+IrNnbGMWtizIJJASOo71nRJItwGUZ9a14XEqZGBiq8l1bwOWYgYpT1HCUleKRblQsvBxVCNYXBVs7h3qRb1ZwWXkGmJHIvzlchqLWFGLirMjmBRcKOBVUAthic1akmAYgD86gDLg569alo6qd7ExlKxGMLkGqasIiUc5zUkd2vmDjPrU83lSZbGKdk1ca0drDIGjGQfzpxcck8AUWUMUpKs4Ur0FS3MJmXA+Ur6Vpa8TNyjzWKkT+a20Y4qyt0lu37xdyHqDWPKGt3BJ5PpVaa5JKiQ5FY+0sdDocxsXMqs5a2XajVVMchdQ3y+tFtMr4AGKvXki7TNJzx1+lUtTOzj7oW6PypbgfrWg8sLoEdP3i/dNY0F2siZXkVBOrmQPvIAoMJ0W5ai3TOjEIuN3UVU8xUIQ9TVmWRZUz1YVUKKGBnGMdDSLlDuSuJFTfg1u6BrNzYOkhzJHuyVPGR6VhzXsbxCIdu9WNPcSw+SOGWtVUsctbD80GpLQ1dc33Km4gjCW7sSqg7ioJ6Z9q5WS2KtwOK6KO6e1V7WQ7g3r/jVQbGJwd1aKojijTaVkcwbb5sPHketZ1wXsmMijgHjPavQ2it5IwcYFc5ci3ExW4Ubc4ArX2nQPZ8xyF1Kt4EaY5bOSKeJLUJuZyoXtW0IbaRHRIwCDw1YV7pLTKUB2j1qkQ4LZmY9+0Mc8lmMtIMA1yU0kSW5vtQDzPGeBk/yrqRpElnk+buXrjuazYrWeTz2niPl/wk1rF2OedNLRHFpb3OoXp1iePy404iX0FZPiOCwEbXjxgSBAqnGSce9ekwamrac1jKyqsGcdMnmuD16Jr5oobSMszMQfQCuqnWvozz69C2p5lpsV3e3LyzybEAwqnj86l1SGCybzWkAjXqpHX3+ldHdaa+kW++6Qhzk4XJJ/PHFZkPhDV9bX7dq0b29iRlFwwZvc57V3Jo8qscbHceF9RmfTtbiaON1O2eIbth/h+XI49cfp1GBN4Jhd3l0S5juockqIZglwqnozRucgfj6V6VfeH9O03Sm+2IUhjUn5FDSN7LnnJ/L1rytdAmuF+2Xoext8/JuQkkf3ua2SPLlElji8U2GNPuJvPswMtFdq2459MjPHYggVDqfhzR7SE6ra3I0+WTkRS/PHuPUKx5X15zW7f+Io2v4rHS9+oRRIoaW8Ocnvt6Yx74NQLBoOv6nBHqkx8tDh7VGwxz2ViQPrjNb0uY4pwOBsvBnjfxvcXFppNlJdGzXfIyyBYkRjgEuSF57DJJ5wOKwLfw7pOgXSC8ml1CQKwuAmNqv/AHUyB0PBJPQfUD3fVNR1rwXZNoPhC/Npp1yzSeVySQ/BDSD5s9O+PavMvIs4VNrHGZJT87SNwCT712wmcM4s5/SdE1LxHqG5TFpdrZAthR+8YZ6EZ/M8D61xdz4iv9X1V9OutN/tG28wxwnyyHAzgNkDjjB9R616FqfiKy0qwkitIWW/uzsaRQMqnUjPXnp+vYVHpfiYo9rpMeyCMsryN1YrnLc9sitLmNjkNZ+E145/tLTrmOB1O028p2kfQqGJ/L8axIfDOrW109oPMmlgUvtb5IyPbcRn2rqL/wAVapf+Ib+38N2iXEJIJmm3Z6YJHzLjLZwOelW7KDU2s5LjxjrMMMi7fJt0KvMRnGflwMfTdx1xTsI5uztLy1tnl+1jTZJeiBjG5x7AZNdPpviAW+mT2urahJMcKYyCWlLLnuTmuc1exExzFcmdHBZZHbLg4zz2zXCWi3lzcOYVa4dTzwQR0HPYV20Z8vvHJVoNrc+2/DHi7TGt4n0q9jtlkUgb5drn1ByQw59a4jxlr3iwata21pNHdebw8kxBVGPGNxPIx0r5zOhywys13cxLdSYIRG3YHUZ6E1LKdRt7Q2Uc8kluTx1wpPpz8v519VhMbTlTtJanz9fCzjL4j3O+v9TtGS31lbPzFH3njWNeeOuQWzjvXPP8R7XTVGnQ6ZAqoekZKIfYYzxx2Nedzxpe2AutcvZ7q5TKojM0jce7E8DNYOh395qksuhShYQi70JB3tzjB5OQc+ldvOpq0HoYKFvjPVbjx74av7xIrjQDJcSZw3mq6gn/AGWWrUMelvGbqSCGAdFQouCfTFeUXFkdNlAmPzI2G25PPtW5JbRwxbbZxcPOucA52+wA71zQoanR7RHZWpt7yczxxhFt2wCQBtOONuK3rKC5W/TULWTbK2FZs87SeSfyFYWh6cbK0W2i/wBKXcJJVPykMR0B/Ct7f/ZLNOI2+zMQfXaTx1r16GXNR50zysTj1KXs7aHqD28cqxm7Cz7snKk9/SoYl09JPs80b4flSCcqM/WpNA1LT542tZtoDKHjc4GV69T0roSrGNZIZFyp6BgQQfxr9Iy1e0pLlep+cZk/ZV3GUdDDhkt7Ta0kEktnL8u5Blgw9QcdfrV6fUUtpGDWVxJZuoJaOIkofft+tWZ4pEGC4ZGz909D9M9KSykE8JUzmN0OHwfXp6V2Tpu9mYqsraIyU8RaSreTEzuO29Suc/XmtQanZEBGjkR2GCGAwSfTBzioL6zaeQ7hHcKOPnUgn6NzzVWG5Ns5WWNSDwAwyVH1NS5TiE6dOpsjfjVigCoSuDyKgVXwVdDleh/xrLt7uyi3B3MTuTgE5B+npVqO4s3Yr9pGDw3zZwa2VfmW5yVcJKMtEWZYo7hfJmgZwewGeR61TE11pPzyJJNZDsPmaP8A+tU5kmjbMcpJHAPYg/1q2jXPEsKhj9evt9a0p1It2vqFbnhD3ldE8N9ZXCedbyh427+nsfep1ZWAKnOe2e1ZKxOjm4jQW0rZ3oV+VvfHr74qzZ3FrertX5LhOGjP3gc4yMdQfWvUp1XtM8irSha8TQDEHHf3qQNk7TVby2H3XKN6HmlDyoNsse73HNd6kcbpFoAbvmzilxhvlGaSIrJ3/CrAwcqBgiruczjIi/iABwfSkb06VLt7sMUnlck01Yz06jQoo2Z74zTtvcjNKFAwxPHpSEM29qZjHSrOOAw6ComG8Z6U0xpiHrn0ox+lKR7U7B69as0ZHtHXO2nc0uG9M0nJ7YoEIRk0oTBzTwKDn0oAaAtIFpxHpQVbHFADSPU0nQ8CnH34pQAaAGduaQr6VJgEcUw4+lACEe3FLhafnioznOcUF3E6YFJ6c0Fu4GKbk4BHSgLi4yeaXI6UgyTTsj0oC4mATxTScmnHBORxTSfagLkBA69fpTcDODz9KnwOuM1XcYPFBAuQ2Qe1P+TO4dKxrjU47eUrIDhetXFvIXjDq3yntXFLNKcZuDOiOGk48xeOM7gabn0FRAl1yMYqQFWXjqK7FVhL4WS1YPWmt1x6VJxtLU0jofSmSkQ5qFt/UCrW1c8CvNfEfiaTR9RaBmzEVBz3yT/9as69fki5WLpUXKVjud6FtpYbvTNBiV/vcVzWl3EeqhL0EH6V0qyRlNxPFebhca5tylojorYfl+E//9bjodCsYvvwhfwrcstPgD74vyr6D1XwTYXUhEK4zzxXCat4Ym0vLxjIrzsTQktUKlioPSRxD2K/fOFYfnVVmZuOw6Grd49wr5lQqOgJ71SVizfL+OK41dbnbo0Ij3MLLPayNG8ZyCpIOa3dP+NHivQLqKC7DXttEQP3nLkD1bHSs1AqjCiop9Nhm69WrSNeS2MZUkz6W8OfE/w9rsSNdk20rgMA/AH49K9Aa00vVIxLbsrL97I6c+tfGlnC1uRGFA7V1ema5q2lAtZ3BAJzhuf/AK9ddLMZLSRxVMsvrF2Z7prHw40zUQZokWORjuLIMEn1x0rzG/8AA2taTL5tozSqhyMZ3fTGK6zQ/ifcpEserQbv7zIB0+hNen6Z4j0LXRiKVJM9A2N35da7FVo1PJnFKFaHxK6PnR9auLeQ22qQFm6YZcH8QaydQ8BeEPFhLDFldkZDpjP/AHyOD+VfT+oeF7C/3M8aSZ7Mo/rXn9/8M8yvcafObdiPuEjaf909qh4SW61RosSkfI+s/CvxXokwm0d/7Qg65TiQc45Q9fwP5Vy76tqNg7WOqWksMyjo6FD+v9K+rLy113QosThpUR+Ty4x+PSqzr4c1+0S11i0Wf3YDIJ/uk8j8K4qmFT3R208U7any/YXb3LF0IyTggnkVuhNh+bk+1esa18FtONg+peG5vszZyY925SD7Hpj/AHq8cvtA8c+Gdsmp6fIbcH7yjeDxngjPHv2rz6+Cd7xO+jik9CZosksTnPY1E6I0okZAGHeq0es21xkyAxsByPStWPy53xC4ZVHTNcbhbc7LxfUpXE18ih7dFkQn5gelcvf2NjfPI80Igcjkjiu7ZlRfJA2g/lmqU1t5wEYQNnrScUc86dzxzUPDWpQr/wAS1vtSSDHo35d65XUrHU9NCxXETK3cen1r6HjtYbOUGJvLOOat3qQX8HlXkC3C+45/Cs7mEsFc+aNO0SK6jNxcxkHPr1qa5s7eICNMKoPQV7XL4YtZ0ZbMi3PXDCvJNe8K6tBNKEBkiHJZeacJNnLVwbRixxQE7FIyD1HWrJicPgk49a5lbae1u1STKhTzXRi5Rm2bsccd6uSaOGStuVrg7GJznArVttPD26z7QC36VkvGs0+5cnHUetdJp13GiGNxwMYqJ/DoIqrpt65KWkLyseyqTn8q3tO8BeML5sRaTcspIwfKfgn1yBXpPw4V312FFTdExySOgwCRn619+aBrOnlI42AQhQvHQdunas5TcY3Z9FlOWU6us3Y/Ne9+Ffj7SLI382jyPG3Icf3e3Bwf0x715/Pp1+ik3cRikPIDAjjmv2ytptLuIlQlCB1yM14V8Sfg/wCGPEgM0QW3kkYEOmCBgf3Tx39KiGIbPaxnD9NQvB6n5fw6PK0ZnusKi+hzWbfwRF0VOfQCvonx98L/ABB4ciOI/MtQceavK5PQE47/AEryJNMj3+W33k7nrnvWyrrqfI4nCSpytI5fTrOIszTKCW6CrsGkW8bbycbuorp7HTore43Y3qw4zTri2jDiJvfFT7e5xuJlNZQOMwoAQMGsubR1jQyFsd8VquJIZOD8tadx9nktsDnjmmpknmHCXe452549Kh1qdrkpCOEjHbrmotekEFyHTgIf0qGMpfpvhbJP513Qj1MGX9HuYrOHy3OS/euh+328CbsH5h3ri5PMt5VGA4zVy9uEMUcZIBbqK05dbgjPvpvPLCM/Kp/Wrumwm6QrE3zkY/GsKeRomwCAh/Wun0CSL7Ugd8JjJPvWrVtRtmNtlGpizeMgr1OOK9Okvtunx20BbdjDfSuov7Cwt9OhwitNOdxYDJArlZYjG52D5BXNKsnoBmwod438LVhkid9ikhO59KjeVCTk4AqNZ4nkCRty3b1pLUdy4sgt8u0m9FHGa5WPXlnnkV8Kcke2K1bmwmmIRASCeRVL/hGkcj5CHzmtkrGbL1vGsx3jr2re8NXFhFqjPez+U0I3KOoJHasK9jOj2LTvnI6V5/pl1JJqE0jttY8jnrW0VdaCuej69qElxete3B/1zcY9O1Mht57qENC3WsiSbzYsMQx7CtbRpvs8DGTOCOBmk1ZCud18PtEnPiG2lP75o5V+Uc8npx9a/djwNCtl4Y0+LAX90uV9yM/yxX4Y/CTxwnhzx5ZXmolFhL4bPAPIK5P1A+vSv0f8NftK2es65DoNjb4WVvLQ9QTkd/8AHFeJj4Tb1PdyirBaX3PuCO6ZOFPy1LbJJd3KIhyM5IrKjiuY7RJrhcbhkYrp/DluXVrkjGemfaufCUHKXkexXqWWg7xJfwaNpElxI4Xb8oydoyfesvwlb2EugvdzrHI9yzMcgHjoBzUPxI8G3njHQH02yuvs0pYNnkq2OxAwfyryPwT4T+IOhavBpeqSGXTo8gSBsoAeeM/N3NfX4WpGB8tjsPKc0z6A0PS7XT45TaRiNZWLYAxXNeN/E+oaMIE0iFbid2+4c9ByeAQT6V3mVtLUk8eWK+KPG/xht9I+I90LyIyWVl+54OMEDJI/P/PfWlR9pPQyr1HGNz3+w+MVgs4tPFFnLps2Blgm6P6jo2PwI969UsdSsNUhFxYSpcQsAQ6HIOa+RNO+IfhLx3rNtZxSo8Ua7nDfeAPbHX64FfTvhXTbXT7RhaxiOOQ5wOBkDFY16DpysxYXEOe500sUTKePwPSviH9sQaFaeBHQ28S6heSKsbYAfjq4PXPv6Zr7iZkjjdn5CqSfXAGa/In9rXxwdd8ZyaXE26LS1CHB4aQrgnj0B/Wt8BFyqIrFtKDPjG31z7MfKvUDZOM+n1r0zQbC1uLYXduykt3U5x9a8O1FvmznknvT9G8S6hod15kBzGfvJn5TX2VWjzQseDTnaXMfT419dOtjb3UasMcEnHbvXyXqWtS6x4nurq3bMYkIHbgcYFbXjHx9NqFstvbRvEZBgk9Oewrm9F0aX7J9vU/64++cV5UMI03oejWxClFanTvKuVx83PNUr68mhz9lfYvSmPJJF8sg+tZEsxx8/I6AVjazObRnb+EPGF54fZzbzMgYbTzyfxr2z4Z6zfa74nlv7idnMSb+eOnT6AV8rGGYsrR4KdzXWWWo3mmQiSwneGTGCVODmu/D4505J32OLE4WE15n078Q/jDcNq8eh6Y7okGEllT5W3nH3SDkcf8A6q+mvho17J4Utp7+RpZ5BuJYktg9Mk9eK/Lm3e4lkY3TFg2ck9cn3r7a8H/Fex0jwVBbvMrXqIFRM5ZiO+Txzxn9BX0eU5vz1XKq9D57NsuiqSUFqfVYFLg9ua5XwZrh13w7aalJy86BieRyevWugubuGxgae5fYi19hGvGUeaOx8rKjZ8r3Jee9FJbTJdQLcw8xvyp9RS4NaJmUlYO9Jn9KcRxxTDyM0yRvUZphz3p+ec00880AQ0U/HekIJNaANppHen4NGDQSREA0wgip8GkPoarmHcrFT+VJ2qyQMcVGQO9CkLmICM03BqYoRTMGrUgaIsCmsO461IR3pvXpVcxDRHjI5qNlqwR61HtzTix2KCj9649Rmp1XPFRvwwcduDUue9aANI25NZdy+2NlHU8fnWmy5GazX+e9Mfbbn8aAHxrtjVcdKlOMbaeq4UmgCgCEDtUFzDHdQtBIMhhj/wDV71c71A+ACxYADrnipmtAv2OEjmeLzLK9Pz27HB7MvY49xXyJ8SPDV54V1o6zpVsLbTdQk3xAfdhY/ejPoO6jpjgdK++PCd14Z1C61CLxDpfnfaUEVnc7iDFMD8rFM7SrE4ORkYHTJNcB8SU0n+yri1vLcTmYGGSLGMqwIznHBU4INfN5jhoYiEqcltsfa5NmE8NVjVjs9z4obxUTJDNDG4mj++V4DV7h4d8UeJfEVg93pWhyNaj9zK6fvcccjGAQe/evnPWNNvvCupR22tW7/Z3+6yeuPu8969H8A+LtQ8J3kl/ocn2ixl/11tJuCSAdwB0cDoR+vFfB0MXPA1lCfwn6TmOChj6PtKPxHvEfi3U9KsotNubaWBgflJjZSV6nG7HPNeT+N/iZe2eqCCL7UoVAm4EKMtzxg9Oeea9ofxhoHjHSDfWS7BAkjGN/vowGcYGOK+bdcjk8QSiIuUjYsz7lHAycD/Jr7GrjISpc9OV7nwODwb9parGzR51q+t2l2QIY3jYAjZ/eJ6ms+y1PS9LSQvpzzPjdu+76V09rpdoZLma5nCRWxK78dVHQ1ynijUtLtpksdKk86IxAu2c7ic18fi5ptykz7fDOyUYxOS1DV0vJNxDIOw7VFZzXEk6QQBmZzgKOTzVNgN+5AQhHHc5rodItvJYXDBluRyu39K+dr1j6TCU77He6NoGp3KGO8T7Mqru2y/KcfQ8/pXeeH7DQJTLBd38dg0I+RdpZpD7Ac1w9hcarcSD7bJvbbgOxyceldNo+lWup6jHH9yTGRnOD+NeRiKlz3aUGfUfwu8TeCfCLTefph1JmBLyttQgEAbckE7R1FdJd6/p+46nZ6lGoZy0UYdXZQxJC4B7fSvn+Pw7rEJe0kuFhgmGCFyc4r2Gy8IaSvh6BtNgkmu+CzSE/e7/L0x6V4WIkejh6STNzw/451O3up3kkWeNl2lW45B4xjitNNctL2Vpp5NxLcrz/AD6Vh2nww8SwvbvdRpapcgMuSeQwz0A4r3fw94N8IeF4YNR1WxS/lQgncSw3Y7LkA/jXBJ3PVpqK2Rwm9JYtsa7Y3Wtzwv4YDSGWG189zkgMcD+YH517J4w8YeHNT06Gx8LaaIpYwMt5aoMYwF2qO3XrXE+HPDPjTV5FkhaS1t93zSAlQBkZx64pVVZaG9CTceaSsJHd6hCj2b2yxr0ORkj2qvHp1/I2yyieR3/hVSf5V6jJ8MdY0oC8v2NzFLzn7p55+YEkgmtWDX7jRbH7LpemQwzxEBZSMtgHJzxk9sc8fy4U7P3jqpYhSjzUrP5nEaZ8OfGV3A2oCxMcaZIDttZsdcA/1xWxH4XurXTzqNxLGqr1XfllPTkdv84pt98RvHcmYEvEjQ9Qsa5/M5rkhHNeHaQST6mtKlSntA6MPRxO9a3lY20EcrbRJz29K1YTJZfvtwDdfWsm1s0UpHL8vNdBFpVtM3lm5Cds4z/Wuc7rPqXbS91i9XzbebbIp4CjB9utWNR0HxC0ovdaQx+eT87ADJ69F6cVnmO/0KRZbSQEqQQy9iOnWtWTx34jvrf7FdOrJ3wnJ7euKqCjZ89zlqKspxlRSt1vv8jkNRt7a1mC2c2/I5+tMgtb66XDsSgro003TWhNzKSshOfrTpbtLa3McDhl9O9YOCPVjUb06mJNp0MMWGfDHtUNvFbwYaYZx3FV5LiS7l+c4UVZGHXyjwK5+p18rSsSPeDJCvhOxrMdHm5lOeeKS6VYpFWM5I7Voafd2gRluI8v61M3c6YwcVdIyJreSTCHAI79Kvx6NqEcX2mNDs9q19RvtLmgTyY/KlUYJ9aqQ6td2sAUMWQ8fhS5QVSq43St6mfKbhFG9CGHtVKea6nHzk7V7V3NksOoqVYgseMZrO1LTUiYxAbTScHYdLGR5+WS1Ods3kVh2FbRuSj47VmxJ5UmDzirtzsG0jjNLm0Oiq05aouRzieTC9T0qO6E1u4Y8g/lTYZLVmQSHyznBNWdVsXtnV1k8yNhkGtGtLnHJpVFHuaa3lg1qI2j2SY6iufkaXzMKflNOimjICsMHFN2OWyDwe1RNjo0FBv9TYtbcshkVwDjkE1Yt9Rt4DsnXev8Q7/nVGE25ZY5yQp4yvaq+p6eof8A0OTzR13f/Wq1KyOZwjKXJU6kuq29ncyi5s2/dg/d70yKAsmUGarWVvLDIPNBI7121pBayMgjbZv65q4U+bUWIr+xjyp3RiK9wbdYnHC1DFCXfuSO1dfLaRxFrd8ZHQ+tZAjjtZ0cg9ea0dNnnUsapJ8qLkOsSQwx28mCIeF/CpE1l1m81FGG+8CMg1j3kKLKJEHytzxUcZ3fJjANaQbM1hKTje25buYLO4la4jQIzegrLmtolk44Parjxuv3e9bOmWbXZO6PcQPSna+hq6/sY819Dl45pobhSyZjXqa7y1ms5lwnpWRMsMZaMplT2qbT0xkqMLn9KunGzszjxk41Yc1rGsbKCM+YozmopY97CMjC+tRvdbZR5fIBrQBkucSdK6bLY8mTnHVlOex8pfNjPyU5Z4hGMdutWZZFVfLb5gazpY0bDIMU+SxUJOStIfdPbuFwMZ7VX4hJ28jFP2Fxkdqq3LMsZ2DFYVGdEF0RMGidcnms26tl2sIiDmmpLcps3R5U1vw/ZZELFcGpVpaM3lJ0rNHF28qWz5YciuhW8t5Yt61KNJtbufymbZvPWrtx4YNjHw4dfVamEZrQvEY+hJpSdmYv24RZ2jg1rW+oOEwG4asl7QoCEBaiIlpBG8ewDrTcpcwVYU5LQ6KGVWOapakdih16CkG2PhKdLIksZVxzitGrxOKNO0lJFCPUUKZJBxSvfeaPkbr61hXFifNZkOA3pV6wsH8r971HSsY82x6k6NJLmNS6sNKn0vzZGzcjgLzyK4WXT2RSsY2qeldcYiuQ34VGqZYADNRUpp9C8HVdK9nc42CykjI3A5H61Nd2crDMHFdm1msmSCFx2NVWMNvhQ2T6VPs0kd0czlJ3S1MKy85VEMvPvV6aO3UEjrU9xIj4dUwRVaVRIOnPfFVboLncnzPQx72FWiLk4A71QsJUdHRyMiteaIMhiY/LXPPaNBcZQ4B7VyT0Z62GalFxuWSAgYqcZrPaGK5BDt0q5IrMdrjaBWfLbOkcjRnntUHdSVuuo+2t5LOMrv3e3tV9Lw7QAeDXHpNdtdGV2YDpitps7A+MUuY2nRv8RsMY2GHHJqoYI0bKvnNMjnYxgsKZc3XlEI4xnmolIyUWnZDWuYIGKvirKtHcRgjpXM3ht5pg+fmrfsvK8sJnkCohK7sbVIWVyQBIfmDc0RXSucZNVry1aUboWww7GmWtq2QXzkdapSlexPLHluWrq1+0JhTz61jPYyH92x5HeupiVM4qGYRo1azodSIVrPlOctpVtX8p2yRWq80Rj+flSOayr+zaSXzYxkGpUUFAp/hrODOiUE/eLYa2RcxDA9KpzSSSAKoxTZIWQggkBqh8qWGTzA25T2p3CMFuSw28hk3k5HpV2WPdhJDjHSqiTnO7pjpVwFbhN0h2kdDmqSMaqdzOuoEiG6q+nvctKXj+VV4PvUtwrMQhbIzWnZoY1+QZzQZ1Z2iW5EW7hAfr0FZslvPYkgfODzmr7y7MgjFEdwsmEkPIqDz+TqZQv2AAB4HH41n3RE77guT61vXVnCRvjHDdayWglgOIvm9j3rpiwfkNjjH2YLtw+acQgOyUcn9Kz5L2ZJBG6Y55p93NNsDIm4+nrWkZ20ZnOlcvyWMEkZYEHjg1w/mCC5limO2Nux7mui0++n3ss0DLHkcgHAP1qtr9rHMA8C7j3xWvOcbXLucZbaRBf3ss8aghTgVjatousLfxx2UZHqeMCuxtNOIHnRSsncr0q1DqSR3IacbiBgcVrF2Makbo4u28PW+mXDajqDG5cHIL87SfQH/9VSX+spfx+Wr4jQcA9T9a6bV4p9WieSNAiH354ry2+traN8SzAGM5ZAfmbHtXbTmeDi6CM/xHcf2lNZjR4GMSKBct1JYHqKyNe/s+C2hbBfzsjbIMfKBzXR6FO0c1zJbQtHGwGN/bntRr02m6pGbXUJAuRtXYMkcdq6YTPNnBWPAtQ1HRdcby1V4WiJVXTHlnHZga5iXRJra9jNqRMzbSJYss6njnHavSLjwNoM9ndzQ6yNOFurOkUqqTKR2BBXn8DXBaZLJp12lvHL5KSYDyFS+Ae+PT8RXZGVjkdIfeX+oSwuk8DXEVsVZrjBLr25IGDWZMLPU7beGkNsjcsmBj03cV6bDpb6lb3EGh30d3LIMyRgFWZOhJ3gDqa5Cy0WPT0k0m5gm8wuWZg21fpwCD0rX2pz1UWbqxjvtMhs7xleFFXymKjKlRgHj+tc3caJZWsIW8uhHExxvRcsRn07fjWpd+NNPht10iG0J+zsAh3gM2O2cZ5qTVdU8A/wBmw3w82e/mT99aqGxvIGAWYAHH+zVU+Y4zhPFVj4c0CADQ9Q+0zzgMxZNgUeucCvF5bfUtWmAjkMr9h94/pXpfiyDV7zTUvNA0+O5t1BE4YbnjUf7OQSOe3SsubWNds4rW2iMNq0aKSqqCc46dx+VdtKdjmqI5TSiNE1YzawJQADhUxhiefmBxxXo9hZ2niHTrldGdbW7cgNBEBFKyn+NT/F9K52WYalEza4qSyTEBWj5k3HjkcdarPpWu6VPD9jimSdOUaAsCp6DlehrfYxsc1qGmDw+yyF2kmLlSCMbdpwc+9b1tMdbsmZJ/IRjsITsR3Ndlf6bdaukb30Qm1WVQXK42ygD+MnADAd+/SsabwKbCzN0+qRWjbgXtAuWQZwMNnB/L8a6YV7KxyTo3dzhms9ajvsWswDQnA38hx7Cu9u7qSXTLeNl+zXdp86kDr9TUdvBiUTIHeNTiOYjLO39a5bxZJd29yszyNMrnnHKKPQ+ld2HxjT0MKmGjJak0eoLe29yk8YlLfMxPUEdKr6XJLYyiCGMtJdAeWSey9SPpXOTm4t7kfZ5lCzKFyDkc9a7ua7xYW10F2XmmqhRlxg4+8D9a92hik9zy8Vh+VaHs+h22kRWcU2WA2glmxkyccEY9ar+J7ST7PFaWi5M2N4HXGeBj1qjb+IU1q0j1Wx00W9sY/mTeDmXruBx61vaTY69OgudQfzJBy7AAMnoB68Cv0HCThVpxij8/xSqUpObL/h+KKI/2XeRlLu2VSobByqgcV28CW13HIRAuAOex57Cs2fTbe7xcROSSqKXyNwI65+tQ6TK1hez28xKpI22Pfk7sngg17mFXsGkjycVUWITfU6aK1h2B9m3jpnr9aow2dtHc3ECoTHLh156cnNa57xyKQFPfvxULuEvAIx8mwHj6nNfQyjGSUj5qNSSbiKbaMjcgO4dsnmmNpdpc4E0QJHTP+NaacHPSnYB711uhBrY4PrM09zAj02C3mKLGFB5V8A8/3TnmrD2sD7lkiRcddihT+JFX2RZQySjKng44I9waII/JIV/mA+UHrke9c/sIrpodyxjlu9TL+wEOZI2LRsOFPY/WrtmRA5SYFUbkEckN/hW1ZxxBZ94JMeCv0NZkqbmaVO3asJ4JN80Tpp4/7NTZk52bcqN+eeORise9sbZpftMSiOVuCV4+lacLDaApx9ePqKkbYS4lGQRx3renqrHNVXI7ooW8rooiuWyVwN4HX61oHJXa34Vn/Zw6c5JB5IParOZlMaxuJIm67uCPxrppuUdHsc1WMZ67MeQgISQ7d3Q1OpaMhScgd6iEqNlHXBHQ1YTgbXOc10xmcEoMeGyPUmpSf4agXh8HoOhqY4Oa2TOWafUYCP4c8UoJzkd6MYwaeCowehNUIUHPc59KaQByadg8EmjLUAMwacABTgKdgUFS3GA/lTsA9KXg8YpccUEjGGAMUdDgdKc3OPWjbjIoAYopWGRT6dt45oAqkEHHSlCnvU20ZOaaVB6VTZTYzaKbs79KmC+ppQBSuK5BsHc5FNYc+1WdmR7U0rwVAxRcLkGwetNCEnrxUm1gcA0pwOKLhciMY60bPQ08dc07k0XC5B5fNGzHBp53A4NIKLhcrNxnFM7g+lSkZJoCirLMy5sY7ojeMY5ps1mViOwAYHetUj5sAUhAIwRwfWuethIVFaaN6VaUXdM4Sa4vLK7R2BZCOV9PxroYdUsnCrFJ879Af8adrdnby2u88MvAIrz5UitrlSHLBTXyuPpywUuek9GexSjHERtPc9SGShJwq+9MDo4yrhvQdKybrUF/s8G0O6QgH1PNeS22p6zY6l5pYsHY5DHp+FdOOz72dKM4K/cww2XObetrHtxy3yg7Sa5vxJ4XtNaEbzL80Y4YDn1qXTNXmvXCyY5HpWzLey2sD+Sgd8EgNyMjpXTSzqnWpOSV/IccHOnOzOAtfs/hhfs8v3CN3Xk1kL4nk1WZ0EXlqp6A56dDWjdaFf6lOJrghAB3HUemKqXekRaVkxJu3YzgdD9a+dxOExGJXuPkietCrSp76s//1+Q+Gvxl1/TbP7Trd2txbRIwYTHHOcghieOuPTHbPNeseGf2gPhx41Z7a9mXT5k6JLnD/T3z2GeK/IuDxfrsOmyaZ5p8t+/Q49PpXV+BPFFnaagI9RbYSBtbtuyMZ/8ArVk6FSOqOecISP2Ul8PaPqlv9qtDHcxMvGwg/wCfxrzvUPARiVpbN2TknHXg/wCe1fMmkfEfVPDlr9r0G/3SyFdrFiw9xwRx7dK9z8J/Ha7kQWvim1inaRgGkX93gsQM5PHHv09aylOD0mrEqjNaxehHdaTq2nAtNAfLH8QOfxxgVnW90HO419CWeoeEvEcbLYXqFyQNrMuMnsrA4b8DmsbVfBEE2digMcksMAk+/FTPBJr3WNY2z948oDbgJd2Kct0Q23nHbNb154P1SBdlmpk/2RXN3EFzYuYbqJkcY4YVxTw8o7npU8TTl8LNeOdn6jgVNGzBhJbSGMr/AHTisQEx4AJBapY5HQbR39Kw2OmEUz0/R/iFr+mzbJ5ftMShVw/UAdcEdyO5zXqel/EPRtTXbdAW0uehYYI9j3+lfMsEqRyfvSeamu7mFeY/mxXRSxVSOiZx4rAU5n1tPBp96FntnEiMM5GCP8+1cheeF9Kmkku0iEczd1GP5YrwTRPE+tafMfsc+2MNkpkhT7/WvdPD3jA31tJLqkYGwZZgfvfy5r1YYqM/iPKngpQ2PPPFmpapDf2nhvRQHZcNIy5LEenGO3NdP4d8QXAb7LqycRjBDrk47Vo+F7Xw7qmsXOtxussr5wSeQp9vpxXo1z4dtJIxKVVg44HGcfUVpGKfwsj2zj7tjxLxP4P+HvjmSSUj7JespAlUhXLY4yOdwH1FeGa/8GvF2gyGfw5Muq2/JJT5HAHPRjz06AmvpTVPh2yb5dLm8tiSdjdPbB9R/nFcqL3xF4fLLdxs0Y74LKT/ALw/xrgr0H9pHXRxFtLnxy2s6jbTvDqMLRyIxVlcYYFeCOeeK3bHVog6MGPz9jX0jqh8NeIozHrVhE8g43Mikj3yQef8815pqnwbt7xXvPDd8sZIysEmSuf94cjP0Ncc8J2OuGLS3OZaKG4HmSqD6A9aiW2WMlo3Kj+72+lYt9YeKPDUhh1i2eHH3WA3DHrkcVFDqkVxhmlJI7niuCeHmt0elSxEZGndzs74K4A7is2SOWRg1q+3HXIrWtiPMVkxID1BNbEs+nEiFkCFu4FctTQ6Y0oy3Z5Rq2i2N4kn2q23P/z0C4I/GuJvfBsqp59hc/aOPuEbStfQksVtjyoT5qsMEH1q3ZeC4dZISG1MbEYDIDkH606bcuhni8HSsfL8ej39srFxtOOef/rVcs9LvppI0gj3O5FfaGjfBlmhK6ncBo2bkOmD+hrprP4XaTotwt5bATbDwpHFd9LBy+0eJOhCOxxXw78GahZabHNcxIjyjcR3HavTYreS1OCSM9cc02/1FbRGRR5bBeAOMVz0fiKSWQLLwBjr+Vc2Jgk7HtYCTUdDtZddktodpcgL05r5Y8f/ALQet+D/ABh9gsp/OtoQrTQscKxfPGQCVI+teyeJdUit9PuLmSQKsaEkg89OnsSeK/L7xtri6xql9qEbF/Pc4J/2eBW2CwalK9joxWYOnHVn6heC/jx4D+JNnJpV9LFbXtwDGYWGUYkdQx4/Xt714X8RPBh0DUGubFzPbON6uB2J/ix3Hr3r874L++gnSVZmBQgjBxyK9/0D4ueIrnSjpN9cF4iMYbBI9SP97vnNdWMytJcyPGqZnCrDlmjuRfiNz3Arnr/Wbnzv3Y+761RttWWY7iuc0t3cK4LhRz6V5NOgjx2xkmuSZKyLzWlZaxA0TQtyWH5Vy5kLPuZeMVNbvFHlzyD+ldPIhGV4jCr8w5DVz2l3S2/mYONtdTrMsE8CiL5jXmV5czWU5Qpx3rvowXKYs7lLxp3C5AY+1alzod39mS/uF/dE4De/0rhrO4EksWz/AFg5FfWHhnwnqmv6Vp8U9t8kcXnGQ8J09cc59Bz+GSEo2EfK+oMyuI3XKKevTiur0m50sQFACr4+XHIzS+J7IG6nCxoo3NgA5FUvD+mI5O7IwflHairsCPUxeFIkCndhRVWSSedGWMdMGoYrcwR7GbmtG2jSNWmlfaoHNeW/iGcRqt6LFFjmQgse1FgImkjn3bdwyK4/XtQe51p4wWaIH5fpWvbStdsBEDsjFeglGwHoEGoC2y7ruz0rYN7azMHJ8vbya4SB5JVJk+VVHBPtWdc307JIGX2FZKLZnI0fE2trcRPa24DISRnrXC2dorThyeR6U+Uuls7jjHrVDTL1gdhAXPHPvXfSVjE6aFl8zkkhT1FdIilbaXbLgMvArEgsX8kYbazHNRyPPCWt5icAdR3pNXYrGVJcz2N1G5AdQc/l/Wvv79nHw54b8da0ltekwTqVbcpGCMnge/GB718CaiqpCUk+9wQa9H+FvxN1vwvqMb6cDHLAymN+uBn5h75OD2xissVh+eNkduCrKErn9Hel2C6fpkGll2kWJAq7jkge9dbHc2mmWIa4cRxxjLMeAB3NfH37Onxg1P4jWsH9swgTIoy3TJC5GOueCPzx2yforxjeLPappMR3PdEJgddp9B7nFceEopJpHpYjGxtc77T9W0zVYzLp9ylwgOMowbB9Dir/AJSg7gBn1xXgD/DiDSjBfaXdTW1zxna3Ge/OA3617taOyWyeaSWAGSTXdytbnNTxCqK6HzxCaF4W5VwwP4givif4h/st6nqM9xf+FtREpmYv5Uy8lj23Aj8yD/j9Zy+OPC0OqDRp79I7tuiNwPz6V1UcsM43QuJF9VOR+YrWFSUHeIOMZaSPzR+Hnwc8Y6L44t7bXLaS3jR1JdcMh2nqe5Hb9TxX6O2dutvBFDHwI1UHPJJAqy9tAX3FBu+nP51KoRDk1Vau5u7EqEYLQ84+Kni2Hwd4M1HWZv8AlnEQvODluB61+E/i3Vn1HULi8mb95O7O3pkkniv0R/bI8eshtfCVlIFl2sZ++wZH69u9fl3q10HIQ9f84r3smw32medjqmnKYF4+SWfp2rEaYE4UZAq5cSsc7ugrI3DJKjhq+ogeKPmAmjwR92ui8Na4+mXKQXID2ZzkYywJ7iuaB4pTnqpxRKmmOPY98k0vRfENn58fy+aMbkIDLjpxyB+VcxD8ML++vVtLa8jUHndLlT9PlBrz/TNbvtIlD28zYbAZc/KQPb+te6eHPFNlr04gceRM67sdVOPQ9a86tQS1sdNKxy/iX4Z+KPBdmt7qNvusyQBPEd8ZJ6Anqp/3gK4RJdx9q+hNWur3UNMOhvdH7GWDGMYKlhxk9/1rxfVtIXQRJPK+5AOc9Oa8SpKPNodM8K0uZmaso3hduQaubmRo1XqCMVl2wa6Q3MI3IATxSjUJFlEe3D9s1UZtbGEsNdan2T4C+L1t4Y8KWem3hWZoAEYtkMo9R2b6ZFUvGnxfh8VXWn6fpFwY7YunmuMrjLAHJIGMDrj/APX8uRTzCIAjBPWnQO1tEzrXt4bPZwjyNnlTyiEnzH6paBPaf2Vb29tMsnkoqnHUYGOfrWzX5yfD74m3fg5pWikMyyjDxHGDjoeeh+lfSvgL44w+ItQTSdRi8mSVsA8YAHfjjHv+nr9dl+e0qiUXoz5fH5NUg3NbH0JijHGKyNS1m1sLfzncAt90E4yadpd/51olxcMBuG7JOBj6nivbdaKPEjRk+hobajbjiuK8UfEfw74XYR3dwjTEAhN4BIPv0rs7O7g1Cxhv4iNs6qy4IPUZxkdx3pxrxbsmOdCS3QUUHAzk9KB8w3A5BrU5rBRRRTsIKjI7GpKQjNIBmM03aKdRWgDCBUR496kIIphzQAw4Ixim7ccZqRjkc00DuKAGMOKhI5xVk80wjNWgKZQbcHvTFGBtParJTj6VC6HGR1rRTAZjtWbbss89yVGDHIUz9KuSOQP9qqGjxKtvPKOskzMfxqucdjS2nGKjbip6jZaQjPmdw8UaHDOefoKq3SrcSC2B+Tq47fSnXlzFaGe5l4ECf+PHoPx6VR0WGSC1LSD5p3Mrk9WZv6Csp1L6G0I9SK4ilhuNvCq65BHHOaw9U1WLxPdq0sYDWOIXI43uvRs+9ani/UvsdkhsiGmJ2gY7MOWrBWxs7GFby3UCNEDynu5I5b8Oa4K0Fe57FBtQ0Zyfjvw74fv4Y7O/TzYtQUrKOrLIDlXB6jHb06V8f6jpuufDzUpNF1FmaCdmeCcjh0zwwPbp07da+7p7a1v7eKQ4K3DCNWH+10Ax9M15h4zi0zXNPm8Ai1W4vopAYrnj92R1wRzuHQivnc4yqNem779D6jIM4qUJJXuup82Xmps1tGbMbZCQSRnnilGpXRsZXWcpK4KsCcHGO1c/rel3HhnWTpeoyki3b7/OCM9q5DV9R+33JjsyfLXoScV+fzlVw79lc/Sp0qVeMZxRY1fUswJaPuLE/MQeK5d0kyGRTt7Hpipw0Sllf5nHY+tSvHdSQN83yA9Kwq1nLc6aWHjHYms5FRi9xzt6eldfbanbR+VLJDuJx071zlnpDiP7TqI3A/dXvXpPhjwl9seO9vU22oP3T3ry6tU9LC0rMsxSDULpLfTYHkaXhQAM/iK9F8N6J4rsdQjHli3jlO0lsHA9av2/2HTZVXR4hbkdXwCSK7Czi1C/nX7NJiPHzOwwAPXFeZWrnuYakbmlW2szXRtVtG1GVeQwIA478+nfFd0t/rvhidYNU0+SKZMMIWBHHY4Azj9K9c8Fal4D8L+Fln0a7ml8SuVEzSpt+U5yEIHyqpAPUZ788C9qHiLRtbJudcula5WMohcAtjk7Qccc+9eVWep6VOFzgYLzx14mtU1KUKlpA3lqu8IQAAemM8Z6nBNdilhfWekpe3V5HJ83MQfc4z04/wDr15lJrMjKbNGxETWrojxpKschyrHpXFKVj0adLQ9L0+e5mtmOlzLAzfKxcZAA9ciup0+fxNptviLUGKOd2EyfyDCjRNEgu7VBG6WyEZySMn8OtaE1s0ce1ZhJGvAbjn6VlKpodUad1ax0tl4h8U+I/L0q+1AqqkZZysY49WABNddqnhC2sLFbu/1dcjjCjOc+nOTXh6yymYpHgds9sV2Wg/2JAWfVGd25A2DNct+4Vsv5eVwdkuiW5S1zSdNh2SW90ZXc8D7vAqvpFjc3NyltbMFJ5yewrUl0y71m4b7IpMYJwxGOKk/sq70nE7MBjjIPNZHqU5+7a+pvXGhxRQt9ruE3quR7/wAq5WFngOYhwa6qyj8P3Ns8l9cMLntuyQfbPr9ajSXSoyqgBQtU4kUZyTaab+RjSXP7sHGPUGrmn61Y20g+0W5kXocdanvrvTNQmMUMilE4JUYrPhh03eR5wUj1PNZe0sd0YKUfeTIbi6FwztC2EJ4HpVKZ3ADDk02ZIknYRSbk7VqRyWjWpjkTMuOD6Vjc7bcq0Rim4jbGRg9xStMGTjPFLHEkc3myjpViWWFifKTrWbZ0XWmhnHl8k8n1pwx0Xg1VJYsRjLZqxlgmMVLZ1qLZEYEnJErlSucUqX09qvkr80fQ56U+KQTOsOBuPHNZ+rpNbKY4xvx3x0qW7alaX5ZGrbTrG3nKcEenFdAmp2s+BM+G9TXDaO0zDdONy+lbM1srnfCuPaiFQyrYeLep3DaKrwRzWsiy+Z+YqCawWAhLkciudsri5tGXaxXHSugNzd3X764+cDjPeuz3XHbU8mdGrCWsrokuNBjm0t9RgmA8ttrL3HHWuJa7nt5REzF1B/CupuFcwM4Q7QSM9vzrmDbNM24dawqLsd2Xt2l7R3/Q1ElFyi/IFYelNmM0Q+fvVKyt7qO43nkAjiuwaFJgilcZ65p04OQ8RWjTkraow7R97BX5Na6OgICnFWZLGyigZo3xJ6VlWrKWK96XLZnHKoql5I6qC3hlAbvioGs5GcmM7cd6WxdlOzOVqybhopSF5XvXbCx40+ZTaQtslwJd07ZVeM1amEUvfNVre7SctHKMDsaWQrG5RWyFpSbuc0ovn10ImeKNtsvTFRxyR3Gdgxt6VnXs8W8FuD0q3Zy2yuhb7pIop1Dt9laHMaVtB5su0ttzU2oXs2mARQfK/c1q6vpi2V0Bbtuj6g1h3wM0eX+ZgK35HueZQqRrOM949hIZftagyHFJJLLEwSPpVK3u1tgFcYFaAniuQDDzmqb6dTrqUuV7aF1IQyhsY9atwxyADa3A6UWymTEbcMK2ptNmt41fqH6YreEdDxMRiUnytmNOwh5b5iKzFuhNLsHFdfqGieRAJH5ZhWNdaPHHFHLCcvj5sUpwkhYXG0pL1GfJGoq7/ZscsKTQvu3Z3Lg8EGqNsCgMNwOc/Ka2QWRl8voBzThG+5niJyT91lP7DvURquKjutGkhZWwRmtu0vlWQlxxSXWprcHO37vSqdJHMsRXU7LYwfszRkZ7VYFwQgBpJrrPLCnq8MkfA5NVFI63dq8kVZFypkRcms1BuJZl5Na+SiNtHtVJYXG5z1qZU09TejO1yk7sz46Clbbis8TTSXRhYY5rbNgyAM561kl0O6bjC1zOmaNIsgbitTW8/nxqAvFai6dC8eWPOK0dPsYVHzMAKFSlc5KuNgoPTUwngBGDnisq7lFoBt5rr9UeJD5cePwrjL+2kkG6Nc+1RUTSsa4Ctz6z2Kn25pckcGq9vC0jmR6W0iMsvl7MVry2syxlIhgnisOS+p7NSrCGkdLmNPPCuUjOcUyJygJPf1qzFoc8bl5DnPNJJGA+1uoqbM1jUpvSLuZ9xG0qLLEckk5FYstvcO+7njvXQxqsYaPsSaRocoQDzWcqdzro1+Q5VlnX5SCcVZEZ2gt1NbX2U5Bc5zU5tI1GTgVn7I6pY5HLmwhJ3t3p0kETqAnAFa7wlXJAyvpU62ySxbG+SplSLeMtqYHkxbCveqU0QnOJBuwOK6CWx2fdINUZbZ4xu7Vi4HRRxCfU86ls5ReHBzg9a7OxAKAbcNVGbTi0pnV+varKOYyCPvVzxTjM76k+ZWNGVQvTj1qvHNgsFPI7VI5ZoSSOSOtckyXUE/nh+vatK07O5FGkpKzOwE6KMsOapzMZWz0FZ8Vx5zqSc1oS7NoKgg01O6BU+VjJGVQFXJxVURMW3jvToLiN5/KPU1rrDztxg04K5Up8ujKVxDJJbhB6VnPBcKFB5Ga2HikVs56dqiJZsbTtNO5nGXYoG1JK46+lPkhyCg7VIqyE4dsmrLRHAwaLsbl3MWVii4bipdPuntnDr86jsatXdgLlApOKyltJLIbHO9QaTkZ1FFqzLl3d+fMzKNoPahJFADDkiqM+4HdH900JIuDRzGTgrWRureII8MKp+aksgIPHpUGNycVPZRKJMnk1dORnUhErXVqZjkDGKY2JITEw+cdDir908oYqE4qq7hlDx/Kw7VZzM5lr2a3ZoWxk8c1FFezxMcYbcMc9KuXFoLiXzZclqzmhLcHIxxVEuMWMlneMebOcDpxWa0QkYyock9K1WiQII5Oe4qDyTsJiGHrpiYSiiikd7cBraC6FvIfUZz+FcDL4Mm0a5kuHZr535G4gjPf/ACa9Bm0iaeNridtpxwVrPs0uEtylwTXVSqHkV6NzyMz3FzPIhby2BwUIII/PmtO5v9KtrKI3Fonmp8ucAFvz5Na/iPT9IntmKIRdA/6xR8xP1ry64+1WkiveTm8VHwqsPmX8e9dsDxsRRsUL7SrvWpJZrySOK3j5WNQVwB+dYCaS1iRIY2lt8j5iP68V6IbixvbZxFciFj2YZwfp0/WuUk8Ia+glE9/MkEp3Bg2/r0+TcBXRCfc43E4ufxDc2TmTQ7V+cqOSp2+ny8n6Vyz65q9yfsygxwAlihPQnrnIz+Feq2Xw61IRNcW9y0qoOQ6hMY9OeawoNCk8OzsXu1mM+cowwSfQ10QqLojkqUjm5fBsWuwRX2nXcdzKhAmTBjMRPIyT94deQOvTPJrBfTYbC7MGqQ7Y42KuVYZ49K9s8L+MvBWgyGz8W+FRcruys1lK9vIRnPzKG2MOeOB7msnxlb/Djxdembw2L3S7YMP+P1UcqSBkbo2JIB5Gc1NOvK9mjglA5TSv7Mtbi21Dw3aSRXJJ2723xyAZz3OR+XtjFXNU8EaTqty2raNaJBdR5kltQwJjcDOEUdVz0GODwPQUNS8PazoTQS2BWbTkyIpYZAFbJzyCc5P+TUK3t+Zg1irQXEOXaYcfKODyeCPbvXXGRzSjfQ87FlNo1/LdxLiWZs8jCoCcnjFOfxXpEEs0GoXRu5ZPlby0yy+4PAr0uGHRdetzGJjuIxNlegPoTxj3rl4vh1DK11qfh9VvrVC2IiUbJA5wxIyfaupVf5jFxZmzGay0eCSGQyea/MisVypHyj/61ZI1uCzvoI5V+06iGHlLj5fQbjWLp+rPFHNp9xCzxyuRIkmR5Zzg8dQRWhfadNpViDMENm7+akwP7xMc8N2P1rQhmtqOuXuqWV6NKt1j1xAfkAA2qCNxj3d68dsdRLZjvk82JvlljY/MfxroVu7fX7mdLKXfPCuY3IKl8ds46j3qW1hstWs5ZPLT+24oyfn+WOYKehHTdjp0yevHT0aMbI4KjOX1TQlgcT2OTZn5kLHkexq5oSh/PiuHAjxxuP3vasax+2wSTtJNKiyHDwP93Pt6V0Ph/TY31X95iWBxgjpg+tdUJNGajc0vDbCwD2v2l0YuSg3fu1X/AGR9a9b0fxhf2ypYSMjyq2ASOqg9z3rynTJbNr6+sUjS8gi+XeDh8jrj15qtG00EzPaPvC5xg5K9/rXp4PNatF3TPNxuXU62k0fVVrLpXiCYyrMLa88s5jbgZBzwe9V9Oni1G+k024SSF7dS6kjBZlPUfhXiukazNDZ7LrEobuGxIvPXrXqXhrxJbwS2kN2ciIn5yC5YH369K+3yzieE2lUPjcw4bnTu6Z6dGzMFSRtzqPvHnIFR7OWKnac9fWqMet6Xc3KRQSDM77FOMYb0P1NakkZi/duPmr9DwOPhUVk9D4LHZfKn7zRJEXUZcbvcVY3RMP3TZx2p8SgKMCmSooU7ht+le2rpHzz1lqMQkKSf4qVVBB7io03JEAT5npTnkBAJIBHUd6fOktTTl190aJHXKEfM3T6etT8IoGM47+9Z37x5C8RBZefm6VoRHzEEgwS3XHasaMlzWN8RD3eZEaqu7Y4ASQ4z/dPqKQmSJ2ScbkHAYelW5UV42jPQ9D6GoAJW+XOWHBJ6VpUpWlzIyp1k1ysjULC/yjcknOfSnbVRyrHhu/amAOrDY2CDgr7U5WPzJjI689qaYpxtsTR/umZT931p4RCQw47jvmogcqkmBkHBFWAyJ8vQGt4rQ553IiOu8YPYCpo5NygEf/rpkgYfMnGB09aamPvKeOuDVx0M5JSWhb4P1pcE4JpisCMAc1KQSRWyOf2Q3HY9aUjj2p4Hc/QUg64PTpTIEFGafjFLjpQBGKKlIGOKQhfxoAZgmnAYpwGadgCgCMY9KMH1pxz6UAe9ADNvrQFFOGO9H0oAYVoGc8dKfRQA1vWmsPTrUlN5B3UAQlaTaanOMZptAEB9aQ5NPIz0pvSgBCCCOc00qfwp/BBA60u0djmgCsetJTyvNJt9K0NBh5/CkIYjg0/Bz0+tOAx1/CgCjdRI8RjfkGvK9c8iKV7WB/1r12SHehUHJNcJqHhpruZn3HNfP59gZ4ijyQWp7GV14QlzSZ5fFNfRXaxwTMdxxw1b6W7wqTcZJySQR0/Gl1LRjpVyHyQBzg9DUcVx9vn8uYemDnivzR5biMM3Tq9T6v29OXvwAXwsXNxE+NvTBxXRaf4oE8AmmXfu447EVzt/okIi3oeXPOT0FdBo+i2iaegBy6nv712ZfhcQp8tOVmcuKr0pR95HT21zbTqdmVYDJ+lRXm103FcKtU4r7TrGdRMMM2Bx0FYF34hW+upbFIyq9cgdvWvrXmTowtWd2eMsM6nw6H//0PzK1j4d6/pUrp5TSiMZOBux+XauHuLeS2fZPC0bjuRiv0bkigkgbz1TI9uTn1rzPW/AVjeGS4tWCFwflxuH0FcFLNNbSOqpgE9Ynx3a6rqlgyfZruRFByFDHB/DOK9X034mX5jFtqByyj769/qM4pNc+F96iSXNhCzkD7ijIH0rzOXQdStNzPEcKMMWHP0xXb7WlU3Ob2dWGyO+0zxzq41pru2vpbMu3ytG5Q9ehwe/vX3R8O/i74osIIIdWvWvYERSN+3dj0Jr8wZRLE+MFXPUc9PXiuqs/GWs2toYFuZGIXGd2ARRLCX1ps55Ti9Jo/X7wx8e/hx4qu2sRcCzuWwAJBgEnjAJx3//AFV6lP4e07V7QXcbRzx9QQQ1fif4C8SWFpqaHUgyo+QWGNoPYnJr6o13466noOkaZYeGdRla4kbdKSOijoDnrnP+elYzlODtJXJ+rQesWfZmpeDUbLwNsP8Ad7Vw1zpOoWEhZ422Dv2NcX4J/aO1i5hz4s09X7ebH8v59T+lfSPh/W/CfjKzW8068A8zhlcbSpPTINT7OnU8mP2tWk9dUeBXtw80oIjZdnT1/GnwxyyIH3ZHUg17zeeCdOnL71O4jAZeBXJ3ngO6t0H2Z/MAPOeD+FZPBtbGn9oxluclYRwtLGH4HoO5Nd5q92mk6Cttbr+/uMfgD1/Ss7StEuY7iISR8I2SxHp0rM1q9i1PVTFCd8VuuwH1I6/rQ48quW58zSRL4d0uS5eJI2ZCSMEE8Y713M3xD1jRLz7E5E8EXy/NnPHoR/hVbw6n9m6dPqMy4CKVH168fpXmt80t/NJMz4LMSfxrldeUVoONGMm3JH0dpHxI0DU9kd032WRyF/e4Ckn0YZGPrj6V2TWtheKfL2tkYIHIIr45jtChU7uprdsfEOraO/8AoM7AAY2nO324Hp9a2hmL2mjGeXdYM9t1r4eadqG+4t4vs8x/ij+XJ7ZXp/WvPbvwb4g0dfPtc3SDjKggg47g10uh/FpsKmuRbmHDGJRj64zx+teq6drvh7XYSLK5R35JQ8H/APX7V2QnTm9Djkpx3Pmp9eJjaz1i0DKeCGUEH6hq5DUfAXg7xHma0U6fcN1MTBFPGOVIIx64wa+s9Z8I2Gp24EluHOc8j/CvJL74cXEE7z6cSka/wMf6n+tXPD3REMQ0z5l1H4d+LdAmc6fEL23AzuiYnHXjBAP6Y96wbTUbj7SLa/ieBuAd6Mu3IzzkV9m6Fb/ZHEeox42Vuaj4e0HW7bydSt0miY7sEYII7gjnPNcksBFs76WLnHVHiPg3wFp+pRR6nI4nRuVGc4IPfFe92um2NkijygH65I9Pr0rzK58BXeiMbvwneNEU+YRuc/lxj86xNR8ceKdLKr4gtT+76Mo6/h/+qrjRjT2Ro60p/Gz3KWEzoxHCj+dYnzRy/veV7VyekfFLw7dWDfaboLPj/VhTu6dx2NeIfED9oHSrG4ks9CTzpY04b/aPrhsDA9z9K3ceZJoy9sk7Hq3jR9Pjia6Z1TyslieOK+Ztc+J+h6fDO1lcC4kQ4CqCR1656Ee/Q9jXg3iz4j694gR/tNzI3m5yCfU/QAfh1715ZdXsrx7WYkt1NZLKud80jT+1OVcsT0zxZ8W9X1e1nskcQxyEAhc9PQ+tfPF427cmeWOc1r3EhCEZ3E+tYL53ZbmvUw+HjBWijzKmKlN+8ygXWJxvzxXpPhfSrSaBrje25q80kC+aPMyFNezaVJYxaGhhbZL61x5ovd0EupLG/lyMqH7vH1q9vkABY9RkCucEhDnB96na7Ysqk5wOTXz7gFiys8/mfvB8oNSzhpIwUOM9qhXbMuY8nFTiN44wz/dqLCK6ruKoTnFcvrEEZvPMB47jqKnub4xzsi5ZOo9awb2/Eal8ctxiuylTkD2Ok8P2UVzqqMTtIxgdMntX1vc+INT8MeF1lsZykElv5ZL9lC8kGvkzwsk5ljuEQ+ZjjAyOa9q1bXrjVdFt9FlQGGMANxy/px6UVS4Hi7Xdzd3RJb5R2rudKVmhAVNp9azJvDsduVkhfaW7GuntmFnAkb9fU1yVZaE26mlbRsU8uR85Nb32UrD5bDcprBRWdwqNknmt+4laK2RQ33hiuBm5kPoOlysZJogzY4wKiOm6bp1o5CBD6086jKrhdmQO/rXLeIZ7u/b9z8qr121tCDbMSrqOowNCWhUccYrEF0rS7uNpGCKms7ZC0ZuBuUnkGqOtGBbrZYgKB1x0r0acURJajNQeJoTHGAQeue1cytlLAxkTJ78dq1ZoJ7pFEZAI6gVt29izRFS2ABzmuuGhhczLDxKi7YpvnI4+mK15dUt5z8hAJ/Sub1HQ7eJVkt2+fqcVQt5G3MrLypxmkldgdAxgnZhK2a37KSzSRI7dQrADBHeuVslE16sX8J64rsre0tLYtIpA2/pUVGVyH118Evi9rPw6mCxN5luwZipxlSR1VuSPpyK+1fhv8fLXxV4miv8AWFmEUC/KNqt84PG7b09elfklp+qpI4i38dM19I/CDxTLousxwmRTFfMkT7+uM9R/n37V58I2dzoi+b3WfttpepWmuSrPZOJoV5zjjNbutX0OmaVNezsFSFCxz7VzvgOygtPD9n5WP3kYc98k8/rmuS+N1j4k1PwXc2nhyEzyMRvA5bb04/8A1GvQXvbnRGn7OL5TwWbT7XxRNda7e5Mk8rsrZyRk8ZPTFcr4J8WeJbDxauhaLqkkcCyFY4ySUJXsAQQM8186TfEDxr4SabSPMePD7XV1XKHGMgngZq94M+KiaR4u0y81W2CLFMhkkByGUn5jjntmvSxlSl7Ncp4dJVvae8fsJb+a1tE0zAy7RvIGBu74qhrOpw6Rps9/MdqwIzkkdhzVLTvEOmXthb3cNwhjuEV0IYHcGGePWvkP9qH4wW+m+HZ/C2kTMZ7kbZtvGFJHQnqcHt65PGAfMp2bR7spq2p+e3xj8bSeLvGGo6rvJjuJDsJ4ATqCevJ744r5vvpmMzfMWOTXTa7dysx3yFm6flXCXU5YhMD3r7XBJRhoeDXldkU0hYHfxVDf83FW3jdxuAzuqjIpSQIxwa9BVUY3GsXz1xTZJfLj3N+lOYHr1zW5otnDqM4UgBepzT5wuYMUizYCHLEj8K6O2t5VUBmKMOh6H2qu1lFLq8slqNsUZKgjvt710Ok6ffatfx2FonnS5AAHPHrXkZhj4xVkdGFo3fMdvo+s3EFsLe5ffheCeeBXGePL+XUkNpFwOCfeukvfDmqWts9xAnmBTjJOMYrhpTcyXG2dCWHX0r5117u6PYndxsavg21WwdyH3J5Z3A+tcuuuQX+vSq6bWDYGPTJrUk1AWkTRxrhmyDXNaZopS9Goh+WJ4/E11Yeto+Y5HseiPKinJ7UhaQjIPyjk1WClvvd+lTRRPIdqng8VyuqRyeQxxGAHzu57HtXUeG9auNI1GO9tjiRQRkru4PWuN8i5t2bcPlyecdqvWplWKS5c7QAfrx7V20cQ0k0zCdFSi0z0bxF471XUp0kSQxRLgbR0BBznv14qSD4s+Io4/sgunVCMZwD+uM15eupW0nyzEn6CqUVyGumi4C+/Fdjx9W9+ZnD9QhayR2V/rdzqV4LieYnpwWLZx3Oa+kPCHxqt9J8KDS5rcJPbcR8gq5x19c+uT/hXyRO0MXz9/asS5vbpV4OF9u35V0YTNKsHdM555bGStY+vv+F0a20G1pgBIwLFRyB3AHb869f+HfxTs9fv5NP5jgRcpv4OV5zn/wCvX57WuoRyQIquzN0HPH4/jXT6ZdXenw4tpjGH5IHauyln1WEr81zGtk1KcbWsfpq3ibRWnjgW4TdIQo+YYyTitsr83FfnFpuvXyLEgd2bICsGO7JPFe7aB8RfEAubWyvbgzS7lVRwMKSAPf8AU19HgOJueVpo+dxmROKvE+pqa1QG8iCA+Yp2qCfXHqR2qC11OyvUEkEqOucZBB5/CvqFXi+p89LDyXQucmk5p5Tb3+90pyjPGelamNmR+9NZc81IRim454oEREdqTpUnSmMKAGUYFLijBquY0VMhIxUZGORU7VDmq9oO5nXqYtZJB/CrGqOmZTT4mfpJzkVe1dvK0m6k/wBhuPwpmnFDptmUHAiXr7io5jXl90nOCODQqu2Sikn86eyZIweD7Uxmnh+aNQfxxV+0ZmqR5bqM17rOrR6MkixkP58gPGETgc+9dbd6jJaWnlzLvZRhWHsOlcxpoXVZLzxLcQZaRmiVsn/VJznI45NWZdCvdXt5ZUvGSFclFIzyvPUVyymd1lZdgVIbopMPnzy27nk9jWpaxpaRLFKqtbuSDx0z2rzOw1DxNpc4nnSK7gYgH+Eg/Uf4V2A8QS3UMk+qW5s7dELNk7gcd8jn9KydaJ1xw83sefakskLXfhyxmE1tbz7xggnyz0we/visfXZtC8MWX9t3lysEvQE5ySfauC8X/EKzg1yzl8LoJra3yJZH+4csd2DwWGPX+deb+Lrqy8a6lFHp9w3k48yefBxkZBUAgY4xz0/Kvn8Zj0k0fTYDLJS5W9Ecl4r1p/Gevn+zImkiK8kLg9SScfjXM3GjX9onmwI0kSEBnC/KpPTcenPau2nvNI0qz8rw/GUduCx5OPqeTWY+uXR00aTbLgMwaQ9SSPw4Ga+MxtWMr825+hYOlOMVCmtDj4xyXeMF+laNtpEl64Mv7pR0Iq3FGqviQZfviu20vS2niXcpwOQPWvnq1U+ip0i/oumWFvPBMH+1SocGIjCgHv716ZGInuPsx2ICMkA4+mK5axt7b5bcypbg5GT2z05q1GwtZ9tr++kTgN1BPqK8yqz0aKPaPAeqaFpCXct3oy6jcDcsMkrsgjJXAO0ZDYPP+GBWtDJJrLnU7zCuCwVFACj049sU3w7oB/su3vr1cLINxOO+eeP0qpr+sW8d4trpgxAijc4/iJP6YrzKtVM9ejGyKc+vS2kkloH8qUNtOO/bHFXDdsYl87JIHQ8/rVjw54cSW5/t29Ajij5Uv09c4r0iw0jTru7E5QTw43Aj7oPriuOdU9HDpmF4b+H3i3xSIrmztnjtW5EjjYv4bq+nvA3w+8H2Bb/hL7nYYkxnJRNw6/MDism08Z3sMEOmx3CpBEMbSoyfqcZqnqesPPJ9m++oOe+PwrzZVrM9X6tKStex6NrOr+DZtJhsfD1iYJlbDSkgkqOuTnPOfSuKSELIAHLr6Vy5cg5Q4NbmnG5kkQKNxPb1NZ1KzludVHDqmrJv5mlcRhEAK7W7YFXrSG4SACNTnOcnrXfJYyG0iGowLAqjJPek1AaYLL/iTHzZF5fHNYMr2+tijZ6rPBbG1lTJwcEdaoG8inDQSk5yOtZFuboz7x83fBpLu8XztoUKw64pcx206K3OgtYbfcEYhVz1qHW9Pt7dN1vcrJnsD0rGFzN5JQHBPeszZIxMpfJ9KznURvGi+a9y3Y2lwDmI53dc1ffTJ9+88Vn2cro+58/hWlJeMqkxsWzXPznVdliHR5QPNDg4HIJwaxJpmilJAOAa0GunFsW5DVUtb6C53RzqFIpGtKMrtvUPtUci8njvVqAW83IbHpWXLCrOVh6H0pjxyQp8vU0mzsVGLRob7dnKBgG6c96mNuAMN1rHjgCursctW1BIf4jnHSkjSceXYgFvtO7bj3rdF1ayaebKWBS5ORIev41lTXoTIc1H9qVovLC55yD3p86MatJzS5kWYrWO3/1gwvano6RnJ4ArLhluWfbN93samupHWFto3EDtU+0iP2fcle+SScYHPauhhvIY7cSo6k907157aTAsXPLDjFdE0G1ROnBbqKUMQycRhotJGi2uSxQyWqj93LjcPp05pbNYmhZ2OD2z3rmmSVpwfWujtIwcK3FVCo5PUirQhCPuqxcs57eGYNcD5RT59QjkkYR5wScVRvISP9X0qK3t2i2u/UVopvY5lSpv33uSt9qR8sDyKt6apjZpJOSash5JjjHWoFiaByC2fahprUzlPmi4stW1wYpSrdDWusTFd/UGseKBXkDMcDvW7b3MBJtVbJU1tSueZiu8UXoYYlhMrrVFCpnHoxxVTWJru1WOJD8rnFRwrJJGrE/MozW6lqclKjeLm3uWdf0xA6ugK7uayY7e4kZEUYC4ruYopr2zQP8AMVHU1mSAWTohGcnGaaormujPD41qPsnq0bVvJutvLkO4+9YlxGxclORXQx2vnEiJsgelKmmgdetd3IeXTxMYSbOFv4TcKsUa4bua0LDZp8KxYy4711DadHG2WXDVag0uOXkr8ppRp63e5vVzaDhy9CTTI7e5RZywz6U+9vZLQEj5lU8UlxZrYDMNc7dvcysI9pIP61pNWR5VGiqs+e+hZn8SzXO2HnFaMayiESHO1q5620eWS9BkO1BXUqJgrWwOVHQ04t9TfFKlBKNIzJwZGXaRxWlACoPmc56VlXen3arvQ4A61WSW7RgrA4ptgoKcfdZpOVWQ81OIfPIK9Kr2sMk8hZwcVcsGCT7SOAaiKMKkrJ23RHdWbRrjHFZyxtDIo5wa6q8UXOATtApr6esqbjxjpWnszmpY60bTMolCuBjJqmGZCRtrSOmFSWB5FWha+YApXGB1q4wdjT61CPmci6BnLKuG9akaSWSPyv1reNnBGx3HBqjmOOTYRkVm4JHdHFKWy2OKvr7UoZDBDk471t2F3PcQqkgw/etO7tVkiZ4wN3asG3gu4ZQQcZ61zOMk9z0VXhUp8trNGgIJzL83I9ac24SeWBwK1fMHlgEcioIUJYsy9a0lqcXt3u0VRB8/mDjFT2xE8pjUZIq+0YAxjIpkCC0bzUGMc1SRjLEXT7lK7hnjJVR8x6VzDaPqSStLMjfN0zXfnUUuJvNKA4NbdxqEV3aKhiGR3qZ0YvqZwzKvRslG99zxWW3nRmDoQakihndMrGSTXYaiUDYdMj1qKJo1j2jC+lc/sV3PejmMnBPlOOliusEbcYqnPNcRrgpvFdfNPEWKsRxVRhC4OBuNYTh5nbSxb+1EwY5t8anGCasJ86spXgd6mIihJZx06U5LuNYnUIDuqLM3nNvWKKMiqcBeoqhLHIflxnNbZhUgORzVdlK84o9l1NaVZLYx2sVWLzH4rIktSx3KeRXQ307eSePasiEiQbs1hUij1MNOVnJlB2lMLID2rGjtXkJSR8k9K3WjdcqRkE1hSx3Mc4eIZVTXPKN9z1KMlqWUsGtmBPFbUKK6cDJNQxuZ4f3gw1SRSmBhjHFZ7aGFWo5K3Ud/ZsKN5jJhuualLbCHHarks6zRBhgYrOdmXAC5U1pzWOWEpP4ipJJMzscZVqSORQpVxg1ITtbcQR7Vj3d/Ha7nB6dalzO2Mb7F2Vc/Mjc1WhmuEkAY8Col1OFovNB4anR3MMjqA33qOYtxfVGosiyuUHB65pxh8z72KpTK0B3RjNV5byUIMr09KTkc0o32JntI0DKcEVly2yE4ToKui4LpvI+tVxcIZRgcDrT5iOWSY5FYADtU1q3lSMHOakEkbAlOoqBSVlBAzuqUFy9K5OXzRbSae9vKjHM3GKdeQRNGqwtkkDd9axYrGZJC8XIHWtYHL7PmTJ7mNMgoMYrKuI2LcjHf61tK5kITGGqzJBayxjI/er09DWxGxy0sKuA46gYrMurn7Ku8dAK6C8ha3coy4bAb86xru0+0QttrS5gxbO+jurfOcK3UVQvtMcW7Pat5n86557O6srnfG5C+n1rXtXcK3mPkt+ArWmzmrwMLTJkWSXzMR8Yz6ms7X/BsGtxyXliD9sK8qFyHx39j745qxriPb2zlEK5bhhyKq+HPGtrbf8SrXGWHzGxHP0XJ/hfJ4Hofzr0adS+h4+KhdHlJ8J6kglN3p8qR9CXUgH25Fc5dRaloUivIkstp1ECyMAF9hg4r3Pxjpt7FMl3a3reXMPuqx2keoArhmbzofLvJEcKflbv/AFrqizyWrHFaZ4lsbu4ktiZoLdlOQzkuM8Hac/59KyJ/BRvJTLpc1zdEZKlyG+UdASRx+Yrt9W06OSz2taQW7yfKbiIAbTnhiFx+Naui6d4q0i0juLYQaxaR9Uh5kwTyeFH8zW0ZW2MJnltno2o6bcpc+IXgCRtgJMwduD1G3I/XNN8U3Txu0+jJGytycRD065I9a7/xHaHVLtLjWdJkgZRkRSMykgn3K062svBt7dymxknt4ITh7SX5SQB0VwxPX3z7Vt7W+55dSmzw1Ib/AFCaN7m6KrnJUuVRT3AXoD74Fd1aeBbLUZRaXl9MUdC0gt4/OEaEfefjOM9SKq6reSxmWDTfDdh5BziRiWmT1JdmXPPTAq7BH4tCfadO1pLcvHtMVnL5XyY+6x3Ln3GTWn+E5bSOIsdRstDa4iZWl8hSkK4PLfwnHoRzXMm+tLbTbm5tXkCBlM8S8GPJ+Ukeg7elaN3pWsm6Yiy3rnHmI2/p3NVpdKm060XV1tC88+VkQjcGXPdc9D0PpXRTCxQSTRPEsoS9jksZZQqLfKu6IEH/AJbDgYxxnr0yQBXXtBoGg2h8N6qxvVuXXzHcBYsPwrocnAA6nJ5zziqupabpr6VCvhJnha4w88c4bCyEDManBI4zxz2561zslnq39lf2RcNb3ELNuRd+6WFj/dyARn05GfrW0apzypnF+LfBUfgi7RIrsG2ug8iOPQHlXx0IyOeh9OorlGsV1KITWU/7+A7mAGMg9CPevTb7w9rNzaSW99BMZlUND5gJEoHYsemB0rg7aa306SS4hRxMnbHygV30q9zz5wsatp4Yv723t7zXXSFpv9SF5c/7wxxVDU7qLQpUezgQFjiUHJ3f1FUPEd/ey2J1XSnlVl++pJLJnj5a4uy1c60hg1Q7ZYeVn7nP94V2Uv5jM6rStPAebU52eAocoYzwSeoI71py6bb6zA17BI1vPHkExnDNj1FR6bqyrYpa3Nq3mbiBIPuMPr2NaEWnW1xDJI85tpuDGUPGR2I6k1qkpPVmc5tdDiYLu80a5iunge4jThuuce+Olek6N4tt3jhngi2ICwXzGxhvfHWuYZ9b0q3XUEQSW8p2lmwd4HUMvUUy0sNPudKNw8nku0p/drwMH0rVrlsVBxluepadqElxq5uFdLRph8qtk27HP97qDnoa9jsvENtK0FreSut1CwEm/wCbO3qQ/fPbNfKmiave2CNYXDGSCQ/utw4B+v0/KvQbnxJdXFrb2jTESowCMAPu4wBnH6mvXy/Oq9D4WeTmOT0aqs0fVkJguYxLayB06gjpVC5dRkFuvFeAWvibVdJngumOYoNvmIOjL36nr6dq9c8Oa1aeLMtaHynTlkfG8e4Azleeo/Hmv17IuKaWISjN2kfkOd8MVMPJyjrE3luJiwECZK8A+nvQ8KMxLHc5PJqxPstj5UeGbvj+tNG2PO5gxIyCOlfV6M+YjovMhiQZIb7uetTI+xsYypOMDinRlgo+XzMjJ9qjdJlUvjgkcD+VE0kroKcuZ8rLx9GO4dcVWkRg6PHkL0arMCiSJXzlj/D6Usi5Xbzz1FaU53RzzpuE9NiBot7Ajkg8+tPe38xcIdhzwT2+tLHJGq5Lcr6VeeVZ0BCYPfPH41M1Z3RtSacbMwofODyW82EI5Vz0NXEbamZSMe9RajYzyQbpHAA5G3tmqdoAsSJMDIU/iNXGY6lJOOu5dNwkZIYlvShXlDbVj2Bu7elWwoZQCMA9DUZ3BSTksnrWzjc407Ib5bl/M3fd7CrEJ3IHHWnqqsqyY5IqN1ETK8fC55FWtDNu5LjFFOxu+bPy9qTp1qzmaH7h2p26mDPpS8/SncQ/d6Ck3UmDSd8UXAmUbjite00HUr2yn1GFFW3gzlnbbuwMnaMc4/8ArVlIcEVNPdTyjy5JCyDoCeB9BRK/Q0g0tyvtppHrTtw7U0nuaszYz1pSOTTqTNADKQnFLQUpMCLA60Y7U8gCjBFQOw3j6U3BPI5p+CeKNuOegoBK4xqb9akdlHXgVWkkCDd1FW3ZXBLWw8qP79HzZLA8e1RiUkA4AU1OFyVOcA15ks2oKXK5anasBUfQjY5xTSinpxU7BQSKhfjHavQp14y+FnNVouIgxijioz7d/Ws68vVtVDE8cZP1pzqKKbYqdJydkaPyngdaiURdW6r3qpHPFIVKMTuGabdT+TCw7VxQzOnNN03ex3wwUlL3jP1pdKuYDb3bozr8ww2SMdM+lclBJayKjRhflbAIxxUV/p09xE8kQMfzdR1Of515pNqEMV+tqLlvMgbLbeMY9T0r47O8Zirc/InE+jy+hTkuXmPZWtrSRGVj5m7j6VJHGsSRxLwR0rAsIWdTJ5mQec54q2+o/Z5sY8wHgEGuPLs2jFe0qqxeJwclpElXT4Lh2kVMgnBPWsG/git77ZEFJICnHWta8uC9uwtm255J6HNchY6fqdxO85bap7kYH5114vGQq+5Qjcyw1KUHeZ//0fD1vCqsbjIA7YqSG7t7ghVfGfwrtfiDf+ApYHuNKZ7dHACLkMc/xcgn9T1r5D1Px5Z22pSWVpueMNgsCOeeea+Twqc29D6zE4dQtY+lJofOTywBt7+9ZkvhLRb2J1kgRZG68V5roesLcxFrS5k3Nz85rrNM8UXMEz/a2Wftzxiuxxa0RxO3U5vXvghb3Qa7snQN1CInOPfNeLeJfhtqukbgltJgd9hC/QE8V9bweNIIpgxUovpnjPua0jqtnq00cc+GDdmIAq6WMrU99URLA05+R+c721zazBGVgwGfbn3qYXN5HIrq53L29K+6de+F/hXUW3xwIhBLKUIG0ntx1HtXifiv4MX9mz3Vgwnh6hkBU+mCOa9eGYwktTyq2XSjL3WczoXxLmtYY7O5TzDgZc8EEV02pfEqWVLe00yVrJmOCUONxPrXjt34b1LT5HhnjKyJzgjnBrEminX5mJAGR9MVr7CnPVM5p1KkNGj9NvAPxd8X6a1nZ6jdi7t1VRIsp3chex7c8f8A1+a9o8HftFfD/wAYajJpTSC1dcBWDBo3J7DB4PTjrzX5Daf4u1rT7QWsNxIFb5eGNe//AAK8PzavrNna5+eSUysx/hC/Mf04/Gqp4WcetzkqRjJ6o/Ubxhf2eleHG1W0ImMxVYlBwzbjjP0HU1x+gfD1xp0VzJL5dxJ87CQHgnnGetfHf7Qnxb1HSPE2n+HdCu/s8OjxgPtyd8hCnDc8gLt/HI9a9F+Ff7YljqMaaT4yto96cCZG2ll6DAPU57DnH0qW1ezRmoOOqZ9AeKrXVrLSobGBGMCnDsibt2MYz6DIzXnDvIh5BWvpLRvEXhvxTYw3+j3aMs6hhG5AcHHPyk549ehrN1fwrp14TO8G1z95lyMn1rhrYRSd4s6qOKlH40fPaX5STB+apmvEkPPDGuy1f4eTpMLnTSZl7qThl/lUmheGbV5BLqcWQOQpyPzxWawz6o744yLRwyW135hZVLBvQ811nh7wvcPN5gnlh5zkHFerW+l6VGwaOIJxnIGafei1gwIuGYdqt0lD3iLc5vadqd1pMQQSidTjdu656Z6966O18T6fdRtFfIIfcnj8680s7tY32T/cPrXVNd+GDCzSzrHgZI/iJ9AOp/Crp1n0Ma+BitWjo59KtbuPzbZgyt02muOubF4JWijLAjrmvI9d+Ktl4euZl0iYu8XKgHK57AkcfXBOKb4e/aC0++n+zeKbYIzthZo9u0g+zGutVObdHlVoSi9Geh3U99aRu6wtLt9K8i1v4hRQ3MlnqVmslt0bIyfpg8fnX0PpV94b8UwLNo2owyqxKhSQGJHbaSDmsvW/AGj6rui1Syjucfddex9en6Gny32I+sSW58lalovgzxe5/se7/s+6lB+XOFz2+X/A14p4j+CvijTFkuYcalEMjdDu3Af7h5/LNfVGufAt4mefQb7y2U5RJepx2LKAR+VcEZfFvg6V4r2B5ogduSGePPqGODW0DL2tz4i1bT72xDrdwPE6n7rgqfrg1xN60isGHT6V+jFxq/g7xdDJa+JrEW7SrtaaNV5HuwBP5givKvEn7PWn6gv23wbqcc8TjIifnBz2ZeP0612xYmfC95c84x81Io3ge9epeK/g74t0KRmvbKYFmKgiNtpI9GHyn6gkVw76DeadJ9nu1KSoAWQ9RnmtEkIw7mDERYjkdPatfQ71zH5DHjoKlmtw8ZVh/wDWrD0+3uUvfLgOCTge9cmNppxLizu7NDI3A47kitdNPeflcJjv61qaDoGpRRIbyLCnvXQTaQ6IShxXydWo7mxyTxtZgFVyqnkiotS1L/RyyoNoHQVrPNBgwOQQOpFRXWix3doTAOnOKz9QPNLmSR0LoBuJzj2rHa2lnkXzFwpNdDNp09pO3mA7ScZqndtNF9zkDk16lNks9j8AeII/DMJa4i8yF02jHbBrNbW5bzUXuJBt89mfA7FjmvONN8Qkp9jm+4x49u1dlaT2yvvfkDnPeufEQZcjoSZbiQB24XpVuZ2ZQp4A6etY73sUKfaEIYHpzzUSao0h2xp5ma4PZsz0OwsJUUeY7jPAH4VT1DX4DMI4juCnmsi6lC2DM6bWAJzXn1mJ7u42b22yNya0hQW7ND0i7v5pf9WQEYVPZq/lHzDndV210mGS3XY3zoMGrE8ItohGxzn07U3ZCOY1azlLI9twuPmrinJDMSO9eo6htOnSlCNwGAPevIpDKrMj5DA104eSuQi/DO6vmI4IpLm9uFgdFYq8g4oS6hSPbOhD46iqdy7zRrICdqe1dVhciK9nPPDKkczFvUVNfLGLwSQjCnrWRNcqDlTls9a00Mcqx45I6incORFxLlbaVZVG3HU1Yk1gTbo0xlzVa90m6aATRRtsb0p2l+Frph9pckHPAqLwtdmaZes76S2ugGOQ3869O0PWtWtzFeRsAEcFTnGMVx32C3hiDzqN69zUsLb7dygIx90A8VzvlkgjJpn9BnwN+I+j6p4StLLUL/8A023UIxkP3jjtzn0/DFfQNxd2n2Yzb1IA69gO5r8EfhX8SrjwroRQ+b9rljEQy2QoA4bnn8P1r3bw/wDHLxfp1s4v7yW4iZdojYkjB6EBycHj/wCtXPztHd9ZPcfipa6RrHjCS8eM/wBnTsEO1cAqcZ+vc186eK9BsIvEqaZoCgwzKghBbGWxgrz7ivUYPiN/bfhi7j1OyMdwikxPjcrnn1/KvnPxUt/bPBrKzGMowyFbDBs5yPXkGj2hmz6DXx74907TLHw3cq9s2nqDHIFOWRBgDcOCB6g896+f/ir8QX8QauZ79v3luPLdV6A9z9TgVrW/xkvpdJFlqBSW4VSgn/iA9cdCw9f0r56vwHuZpZJGlMrMxLHkknOT71tRUXLUitPoc9rV6byUNANqAd+tc59kuZiAo5auqNlG7bSeG7Us3+h5VBkKOp7V7n9qKEeWJ58o3MqO2ngiVHU7jVGa2MkpldeB+lah1WO4O0H5gOMVLHH5kJ3H5jyfasaWayjK7I9kctcQtktHkj0o0aW8tpJBgoTWzcX0VlKsKp8wHOanS9jaP/SNoaQ4XHrXW86bVkHshRMbaDCY3tnNepfCi1kj1CfUuCNhU/TNeYS2UaEyBsDn+RrpPCHisaLcS26KZFdSv48V5eIqc56WDVtD6u1q30S0ht41iWXeTI+Pundz9a4HxnNo1/a2thBErFMliAPlHpnrXT3PinQLbwVZwGEy3k8almJG4Z5+vSvBrvV2kvWaAlVJ6Ht+NcFNM9SrZoyZdD02W7aKTLd855qnJpghkHkjAB4z6Vtxkz3GXPI6H2pbpYxIo3fNnNdakczinsc4VlhA8xCSeKptdPFcKq16BB2SQdatDwvb6ohWPIZehXHWqUzN4Vs4+S7jEYG8EsOlc3cXxBeKMlU+vWut1DwPqunHei+ap5Jz8wrjLjSr21kZ7hCP6VvFWOepQnHoUIJFST97wDVGW5WSWSbGApwD0NWJYnZlzlamubKFoy4J3YwPTNbe2OblfYLa+3whW+970l0ryo4Q5JFUZIWj2eWcH9KsRSMV2sPmGa0577BYTToJo5CrjCjuK3XnmRlCtuU9cViQ3UkWRs3Z9atG7LyKQdqY5o5tDKx0Sa/cwvF5Q2mMgjv0ruNG8Qy2t2urKc3EZyGb1ry1gsgGGwOvrUqTzqMI+F9K1hXafusKtFSWp7zdeP8AWdVlWe+uTtGAdpIJH9088j2ruPDHxHht9Us4JsmCORW+Xu2RjJ9+lfLcNw6/605B9K0be/ERwT97oDXbDMqkWpXPPqZbTkrH2L4v+OaWF/bQaUBJEmRKpyCSOmMqMfka6bwN8XdM1DT7jUtelFs8su1VJ7ADgY/+tXxHJcCUhpAT25rTtJoBtQnGCDj3FezQ4mqqactUebPI4KNkj9O7a4hvbdLm2YPHIoZSOQQwyCD9Kkrgvhx4lsNc8KQXEGIvsse10Bzt2DAz+AzT7XxYuqeKF0iyw8EaFml9+uBX3dDHxnBT7nxuKwUozcbHcfjSHiuB8a/EPRvCwigmkBkmfbgYzx1x24+tdLo3iHTNb06HUbeTbFP90sMZ/WtliYN8tzneGmo81jYxSYzTiKjLYroMUNwKicEHgVKAaCR0NBdjB8RuE0S6J7oR+lO0cZ0exPrbxZ+uwZq7qC77KdOuUI/MVm6NMUsooW6AACp5jZPQ1gBkknGK53XPEltpVtcNDG91NEpOyIbjkDgfjVm/vHaddPg/1jDLH0qnqdpaaX4d1G5Uq0q20zMxGfmCE5om9DSFO7PONCn8TS+B7f7HYpHHLA7rMZPmKyZJIH41Npkfi+DR4El1CGGEruVVTc3zcgFmzyOnHpVvwNqunz/D3Qtz4U2aKQR944IIH9Kw3utV1ydtEtUNpbWxLrIfvNtyAOD0I54rjqTPQpU5SvGxmabpWuf6Y9xqIaP+BGQc/rXj3iJtZjsLvzb2SVkGTDvKwnbz8y9Dj6VseOfFkWlPFo1zqz2cgYmQou5WHI2kjncCOe1eZ6XBrfjC4udI8Pl5bP5lkkbhDGOCSSMjIPQc8+uK8XF4mysj6bL8E0+aTsjm9MtzrRlhlYRRxqWbPcVBaWEsUz2VllxIzAH1HWvZH8DeH/DlhFJqErT3A+bbF9wbe3ODx79fSuL1fxBA7rNYWxa5HyRlhlgPwPNfN1otn02HmpfDsc9quhQukf8AZqOWiBV9o6k+pqlp2gxH5buVbcnqc55rs75NTubSKOZvs6xfvHaPv7E14zqF42oXrSW8hMcOQR2PvXi4unqfSYGpod3Fc+HvDV7m3X7VK3DuTkqfbPH5VBd6rdaxdtK0hij/AIVBxx7mvODdReZskOSDx+PbFdRpdpPK6ZkEEZOGJ5P1IrwcQuU+iw7OoNxPcFLLTIyZXwuRk5buSa9v8G6HZaLamXV0SW5VA2ZG4Vh/OvLIXg0xAtvLucAkMB2Pv3rU0G11PW7nz7p5Db7sDeScke1ebWmenTge52/jGfX4jpZTZEnDOD1UdFPtVpdO061EU1w/LNgA1kQWttoUQvbgrHaxfM3ufT8a0dC+1fEnVIIzB9gsY+SVIZmAPO0YHJx36fpXjVdz06HYtW017qsy2MB/cxnnjAx/npXp+l2WoParaxIRDFwT0/8A14q5osHhnw/4ghstUTytPz8xHPJ45PXnvXU6xqVlJeta6IgSzU4GDnP+0DXm16h72Gw9jLh0Z3dVicljW9a2ggJMh+bvToVFsFkRyWPNatpDHJukl5rjPXJ9MsrFy89yCxzwO1dLYw2onQQfux61m2aRuyxHAye54rp/slnZug8wNn0NYu5ehf1pLsaUbxrpmWIhdhJ5B9PWue0jU7i2ZmDfK/UY61pX6SzrshG6M4rMhIsTtkg3ZHfilN6lUYRSasF3doW8y1dlJ61WhKyozMMv6mpI4numYonXoAKrLBNFJtkGO2KzOunbYQxTE5CkgdxTIroREB1+XPNay6lLaR+Sigg+tZT20848xVxnvWZvD+8dFBf2ToVEPBH41kzbGJ2NtUdqprBJCmWPPpURaOZhArfOalsuEU37poozuB3QVX/s6Wfc8IqY6dqFouXPynpU1tdT2/IbHFXc2j3iVoUe3GZc5qdUacEjoKJLgyfexlqSJ3QkLzurHmOiN7D4ky+COla2yOPlBwBVOMgDBGGqRpMqVPU0cxMrt2MLVGSQna2CKk06eLYyyjnsarT2WZNzHvTobVlcAH5c1hd3O20eS1zbVWYFuoqszzDhBkHqK0Fb7MhxyMU23uFaTDr96tFFHJd6tLQzrDTjLcGQptBrXZXik2P0q3HMgbYn5Uv2d5JN0nStPZHLKs+b3tih5TO3mLWjbbkPmMOgrSECOgES4KioJ22goRgirVM5niXP3RyosoJPrxU0lrsQMx4PSqNqsv3s8VfLvIApNaRZz1E1LRk0EJWHzc8JVSa3Mz+YTyO9ThpQvl5+U9RV0xDyifQcVT1OZzcXdkDp5UQQc1DbFVlWVR82ajuJGcYQ8ioYrpIsbl5WpizWNJuLOpSGXUXAkHHatSXRJbGSPzBtVv1rN0a5ad0nj5UdfatrxFqN1eNHHH8iIMZrvp2cbvc+bxMqqrKlHRdTUdBBahk7DtXOiQXYwF5U85q7azSCARyn5SBVmOKIS7Uxg810wRxQXs276j7US2kZwOG5zWlBKHIYfjWpY6eL21cSHCJxmp7Xw/5coKkmMiu2MLniYjMKd3zbmc0S3JHqKVRIknlIOlbgsWSQnbgrV2x0wbjcT9T0FaUqLcjglmEYxv0OantpNm1lzmki0tgwJXk9K6m58sSbKWOFyBJ0ArWVDWxisyko32Obk02VGSVl28VX2RxSn0JrtZ1N1alVXnFZdroSuC0xpvCSbtEmlmOjdQjmhtpbIsi/NXKvbjncMYrvmtBFlAOKYlhHI+XT5c03hZbWFQzBQTdzixM9vFt2ZyOtUIcmQNjqa7vV4YPLEaKAxptho8EMYmm574rN0WnyHXDNIqHO1qzKhjR1LMvOKRlZYm29uldDcNaRpuTGKitRb3KtjgChw6HF9abXO1oYtgwkLCUc1Zn2oMpir80NqiMYm5FYE43ApE24modRxdjWnP2k+a1kWX0r7UgfoTWZe6FCiEufmA4ro7K1u4oQ7N26Vm6uwJDM+Mdq1motXZrh8TN1OWMtBmj6dZPAiy9e+aytU0iFLsG3YBBTWucKArEY71XWQTkrvOa4pyWyR6NKjUjUdTm0H/Z7fZyQMd6otd2seUJ6VMYF8oxE9a5+fTZVlMgbI7VlNtdD08NThJvnkdRZ3tuSA33G61JcSWU8zJCcDHNYsNm6QiU857VbFkx+dDhjSjzNGM6VNT5kx7GztotsfJrKa/kjBUcqe1JNZztlkJyOoqm0RjZd/J9Kym2d9ClB7u4lxeK4CuOKyGvwr/MCFFa0+18NEMnvWXcWjuQ2MA1lJanq4ZQWjM+6lhkl3wvwetTaddRM2xui96a+lNKrNHwaz4bVrdio5NYTTuepBU5QcU9TdmFpK/zttX1rDnaKGY+W25e1OubNrpB5b4dTyKY1gYk+Y80OPYdGEY7yLttPLIuRyp7VU1A3DIWQFW9qfZq0DEE59KtT3a5G/gVpHWNirWqXijhLi9lH7ubt3qSBS0Y8o5zVnUIY7mVpgMZ7VHYr5XC8gV58lZ2Z9Eqi9ndKzI5TNCy7xkZ5qZlWQ7rfv1qzeyRyxiMfeHeqlorbwuKl72IjNuPM9GEcwRiki9KjZctux8vrV6faHClOtUpCUzB61Mo2HTlfVDsrtznApHuUi2q1Vyr+X14FV3RJ0wW571k5myprqSSy5OTxVCWzjmRjIAVPWpZogsIUHOKpJdpEGjkyMjindWOqEHbQz7m1iVPLhPy9hVKKC4SRGwcA0l5LcGQbfXirEVzcO6q6YYdq53NXNJJpanSbPMjVskN6moRCxbDGmCd2AUjpVmPDgs/GK3TucLTiHkKOAODVZrZIgCBnNW4ZllUhTzSMhwQRkii1jnd09SjIrI2U4BqSFioLEc0rHd8r9e1VvPMLlWHFWpDUb7G2kRKK46mqsu9GIQ4z1pkOoLKPLBqcsXUq33u1VGRjJcpAirE2XPLdKDE5bcORVeZZCQrfhVrTCTOsU5/dk81ujCp8NxdT/wBLeAYw8aAHHcCudlUxy/LkL3FdLq3yXqyWh+VCMf1zVW7ihE7zKpxJyQe1Qcjfuo5O+EAVg6knHHsa5ssYpdkowrdM13mpWMbQxFSHEi5z3Brnibe0guFmhEhKYXPY10Rdh2uc7f2rSx+W3CnqPb2ryrxLpEMEeVAkjc4UHqGr0o6o1s6wyxiQMPxFWYLLS9bJtQih1BZA3HzV005nBXwx5Ho8H9n2bRrJ5ySEkR5BMfqBxnFUZr8Wk6JeWySxSEgHJBQ+9dFrelyaZqnmxkwEYzC6n8OvNWE03w1rVzBLdQsjgjzlDf6xO+Dng12wqHjVKRzR1LS9hS5jBjK4+9kVqeGdbltnWCwH3iQQGyHB7H04pNc8M6TbXjp4eZrqyPO1l/eJnqB/erikQRqsunOY7iF+F6EEetddOaascdWkdL42vdVkjRrLTZZyo2+ZHl9gbJxtGSMH8P6Ydn4ul0HS3k8Q+HLbWYnUYlYtFPGD3Yrg5GepAx612Njq11c2xju5USUDJ3gD8BjFcnq9nrF9Y3FzBaifAwVhG5iPYdf0rVRPNqxsjBlj8LeILSKefWzaSffktZYWVflOMGVSRhu3SvJfFF/baOrNp9ghj5zIk3mhcd+/X3ruPDHjGx0M3Ok6hpcV7Z3uFcMg3ow4Ugnrz16VsHw7pctg+paFEqX8WQYdxDY9QjHBB9q1UrOxyTh1PmnUfG3iS409NK0sLbFiS0oyGKg8AHOBWrpd14gfTFjv9RlaYZ8tBIck+m7rz6ZroNRu/hpc20Zmkm07UFLI0Ih2pG+SDlVGMZGTg5xVfxPoUOn6LYy+Ho7rVbyX5sxEKmD0/dhCw4ODluP0HcpI52i7p3iLxT4ZgltluY57NzvmSc7mG4AZV87geBjnHH1zFrWpW9tZrqc//EwRx+4eMqqbu+9xnBHoAckY47Yuj+Gr3WdKnu5oY7a7j34s3kP2mQxrk4jIHbOOpyKyY7mW80xtGf8Ad25GVbGdjc4bH86cYJsiR2mg/EnULxYINXY3dnEogNuzBWCAYUo3B3DHU9eh7EQeNtOjsVXXPD1wJLMhVn8zG9WJwHx3HIBxjBx1yceT2Vmuha15t/IZZYz8y8hNrdGGev8AkV18WvAXU2n6ugvNNnAysZAIHXI5H9K6qdJRd0clRJnMtrc10728yrKQQMqOGH+NYGoztpEqqtlbyWc53DcoznuCfWuk8WaOvhq4jfTYTNYXmGhlTkfMOjHsw9+o59QKUK6bf232fVT5W84Vz0Ddsnt9a9KjLm0PNry5HYXR/GWnyyNo+p2sVskuPLYn92T6Ek8e3pXcaDeeHRftDq1sQD8obd8qk9CTkce/avHdf0NVkMUv7p0+6R0P4jr9a62z1LTn0m2t5JGivrYCMqeFcL90g/Trnvn8dZR5dURGaluerpaQWsZuZIYmt2yUwRIjg9PXrTr34fl9NXTDbi0vAS6xyNhXBzwpBJB9AePpXmEOk6lcSyXmjMClsvmTQ7zvIHVgvcD9Pxr6X0rUPB2s6PaCMyyMYkKcZeKVQMgsTkYOeB+HGK9nL6tKfuVUePmMasfepHyvqjnRriTS9Rt2hlt3GUfO7kdR6g9iM5qEa3CCsSglRX1B4p8J6N4thhsLiJ2ZASJhgSwtj+EkHKnuD/PBHzf4u8B6t4NMYaNp7N2KpcqPkbuAccq3s3XnBNd+LyNxi6tLVEYHO41H7KppJHVeHdajvXl0xgLiNwdoZSG3Drk/yqrbXuq6Zfj7HO1sobAYEqF9jXBaQZ0mTUreXyTbsCQBySPbvXbazCmrwf2lb3Ci2kI8xG42v3b3FeTQnKnK6Z61ajGpGzR9CeE/Fn9uy/2fOyLdhN2c483GM49x1x6fjjuWR/M8s5XH3uK+J4Dq9ncKbSZvPgIdGj4OexFfTXwv+Itv4ls10bXnEOrRkojvws+BwAcn5/Y9e1fqXC/Ebm1QrP0Z+W8T8M8kXWw69UelRgngXBwe2PSnOkuMmViB2wKvyW4Q4IDY71EbdAAVOM1+j2R+cOo4vUpw5RneMnc5GVzwT7VOscbhS4O5ASRnpmq8QeO4ZJCWBcbT6A+tdALf7RbuyMsckXOT1YVn8JvUqXiZAjVHGB9+ryqCMEZFVd3ygN94HBq6vCnHStoO5wVObcqTttglVidoXj/CqUQCRRSYO1lww9K0LkY2Jwd5qnC6o727HjJAz3ocbO50U5uUCwAYgF+8gwcjtTyMkv3P6imRIBuXOB2qTY6YKN8vfPaqU9LGLiLExOVxhRUhU4IbvxVUF45BlgQ9XgCF+YDirUhVI2dyKNSuUbn0qTr0HWkdGypLY288U4ZJDFuDVRkYuNxuAv8AFikBH1qUopOcZpMAHjitDFoYdx4PAp4QAcc+9KTk5pcDHrQFhMmk/WnEYpOPSi4hcnrSEmnbR6UYFO4DKaAc09h7VExAGccUkOwremO9Py5XdgVjX96I0PlcFRXGx+JmS4MbSYC14uY55ToO0j1MNl8p7HdTXKJJ5Z4J5qeJvMTPUE15fda4xnEwbcua7PRtZtr2AxnAZOa8rC8SU5VbSlozprZXaN0jovu8etRuQv3jwaJJFVVYfMCM1nzXEYUGLLZ5r1szzqjhqTqTZhg8BKpLlihbrUfsPMhHzfdz3rDPiaPzAPLBTdg4FSXSHUY/JmADDO0jtXIJZHzWViFCkjNfmOY+Isai5aB9RhuHUneR3KXlveh2QeXGDioba9aRniik3LEc564zXNWIEYZMkrnpSQSjTrmeONvln5I/pmvz6rxHP2vOz3/7Ni1yo7+HVIpikD4LngcdTS5kLtG64I/Gud0qP7TOk0LlCpOM1o3YnRzIJMSIeeck19NknF0+bVtHk4zKFyuyNPGVBHb1qleWyzIdwBOPSn2kxcjcM5q86gpn1r9zwOKjWpKXc+GnGUJuK3Rz0FsICGAY575qSXLDax4HUGtCR4xlQMBapSqW+Zetb0qFKF+RGjqTfxMYhsyjxyFFLAgDoa8u1P4e2jTSXkcwDzMzsQeRk10mp6Nc3colic9emcGuQ1G1vtPv1V52aMKG+Y9OvB/KvEzLEz5ZJwvFHpYCim/dlZiWWgy6TAxS582Pd+WaGtpHuFYScOeR70211yW8SaGHaQvUDnn1qFrmQXA+bA7/AFr8xzHMqEmqaR9hh8NUS5mak1tckomSMsOldhGba1tWSXBwMsW6Vzul3VvdBiHy0XXJpupTugGBlG/iHNfVYJQw9L2kFdnkSn7SXLLQ/9L8qIviVeNCUnjZyfcD8+K9T+Hmu/DzVpgmt2cazjqZsEHJ65B/U4rzK8+EvirTrR7u4jWNU9ZAcj2wP8K852TwztkNFLGcHtXnKUJfAz3E66alUR+t/h34M/DnxFpP2jQ52glkXIaOTO0+mw9Pz56jiuf1v9nnxDpUUstlMboRHJZAGLA/7IIYEegU/WvgDwh8X/GXg+5SSwvZdiHJUOcN9RnBNfbfw7/bDtJo4tP8T2jRuQcy7slgTznjrzx0rysTha0feiz6HCYzC1bRqxszgdZ8Ka5pokedWi8voHBQE/iOtc6ra7EBPLbu8PqvI/Tp/niv0J0rx38Lvidbiys7qK5lC85UKU/4EeK5XxB8FrWTN14cuBlgf3b4WMj8M8/5xXCsfOHu1EdNfKYS1pM+Lk1S6wqxyy2rk44JUH8K1rTxPrFiskF1MbiNucdSK9P1jwyvh6SSDWLeJNpzkgEj8a4aWw8P3277LJmQHs3ArrpVlP4Tgq4VQ0kyso0DVo2lvLfLyLjOOfzrktY+GWk39iDpri3bO7JPP610f9kXMO5kLBc4Bx2qpLF4jtrdhCizL7nJx9K3jWktmYPC0t3qeGt8NNZTUNruhhQjLhwR+lfcfwn0TTvA/hu+8TX7LthTETfxBc4I7/eYdvU57V83R3tzI+LlDBg4OAe31qr4+8e3SaJDoFrdSeTGQ7ISQN3OfTjmvXwmOm/dZ87mmXwj70WeO+N9d1DWtWudU1A7pruTe2a4K21WexlVocsN3zAcVZ1vV2mnU9Ag4x3rHtjDO7ZfBPTNelCld6nhbHuF98VtVjnsn0O6e1S2RMbSRll6EjJBxgdq+t/hX+1L4khtiNcuVvLW1jUyCY5Z85wAxPH4+3SvzeOVJXg4qe21G5sY5UikKCT+7WVXBa6G/P0aP3C8CftKfC/xswtbi5XTL528vypGDZOONpB5z2468DJr2g6VaahElzpcsdwjgEbGB4PTpX8+3hDXFsNQja7Zgo43Drj3FfVUf7RPiLwXBYW/hW+kURgb03Fg4HQH5lYDnPBrKSnHpcyVJPZn6mXem3ltHhV2kdjXC31xqqO263fA6Ng4/lXlXwp/a5tfFvk2Hi3TVaZ8K0qEt26sp5GTnscepr6h03xX4B8TytBoN/CJ0xuR2Ckbs9Aee3NZVFCbSkXGdSi7nyt4r8fXNk5t4kIljBGT0Gf614ZqHjfV9QunmluX642lz29s1+gvib4a+HteV5dQs0n3DHmRkKR+K183eLP2epkaa78OSi4ZsuITxJgdR93DH05yfTNaUsKosVbGOa10PnC41d5udwA9Kr/asjG7BrS1vwHrmh3LRXkDox6ZU/4AVxsqPCxV85HbNegoRRwb7s7XS/EuoaTcedZ3TwN0LRnaxH1617p4V/aS8R6UUs9WxfxKeHl+aQjsobj8zk+9fKMchJw3AqY/vMxhvlo9lEhw8z9NfDnxd8BeJVVbyU2E8n3RNtAB7jcDj8a759ItL2DzrYxXMUo6jDBl+vSvymsJZbZUKOflPH+TXpfhj4l+KfDd2s2m3bRDGCjFmjYdty7u3bn+tT7JrYyPqvxR8IvDd181pG2nzMS5dBlWJ/2ScflXkE/w28beHrn7XpBFwFJw8JbcQfVSP516V4X/AGidM1KKO18TWuJB8ryRqSp99oyR9D+de56HqPg/xPGLnQL6OTIyyg4ZT7qelCbHc8Z8HS3rwXK+JolxarmUyJtAAGfmBHBxz9K8i8QfBz4efFK+u9X0+7ls7sFipDYQAklQVPOBk/xetfR/xH0rUbnSm0m0il/0tgHki6iMckcZJDdDxjGQffmZfhdeaR4fubfw5deZdOmB5h2HPQgMB1x0OBzTc2M+AfFP7P8A4s0WW4NnGNQt0Jw0BySoHXYRnt0556V87XOhanoOsCS7t2ChsgOCucY4Ge4z+Ffole3Xj/wS6DWIpUjzyJVDggf7eD+hqpqd/wDD3xhEkXifTUgm6CZQBz0GWUZ/HH4inP3lYFM+XrHU4JNOVYi3rtPbinC8RSqycqe2etexal8DfMikvfBmpw3iNjbCzAH8GAxx79a8a8Q+G9f8PTxQ6zYyWk24hdyna+3rsbowr5yvg5ptmlO5mXen2U0xlt02dyvrVV51hjZIxz2z7UkNyzuVY4DdKW+g3wnYevX8a4XHua3OKv75bgSK/wArAenFcvelktizHnFdbcRkDyGG7ccZxzSW2kW80Li9T5Bz+NdtB2IbPN7CSHazMPnzxXWaVFc3n8XB7VQvdJ+xwGeMdCTitbw1PK8Z2J8wJJrprNcpaOjt9Ku5j9niQk/pWg+m6joTCO7tzG8wG0HB+U9D+Ne0eBtFXU41urtUFtAu+UZxggZxn0x19q5zxNqNvrmu3F+E22qKqR4xwqD0HHJyfxrzJOxFjzDUpnAWCRvl25b61XtWtEiLWo3MOag1eV725McQ27W4PqPep7CyS32rJz3IFWamg+vTW8aCMEZ61cGrRu6nfksO9c3KIpbzyl+UMfypl1bxwBdr98UKKe4rFq91eZpCBwCeawNYvzOS6LtEYHOOtWsBjg/U1FcSRKm0rwe9a04pMzRlWNykk8e8545zWjc3KyTC3YYjPcVloIw7NgHPTtWppVqlzcFXPHpXRKSJ5igunC4uvKRfkc9TXTWPhcwTb3m+TpxVi5vYLNNqqGKUyLVjeRhV+QA84rmnUYc51UURgjWFWLonc1qps3rhRg9QK50Xghg+XsMkmpodTiMW+I4euWXvbGLY/XeE2xqAnfFc7omuwl5LBojkc8VpXkkl9bF2O1hn8a4+wjmttULbCFK9T3rWEdBpHqulakVk8s9c17FpHi6ytpI0vIvMRcZrwzRin2sTzjCNwa9CkW3gCiMb+4oGe5WnxIF6z27Q4tlyFX+VUdQjv9bhCyx7ETJXB6j0rya2maPbMo2kHlfWu0bxAsdqkkcrxyIM9ehrI2TPIvEfnaXq88a/u2HJXPc1n6fqc0sn+ltu9DWn4gifUbxtQuZN7ykknHrXM3MCQohQYWuiEjBo3Lu7BmBVwBjt2rBnuL57jYzgxn0qhd3U6xp5K7h69zTbdpmibzhtY/pQo3M1Ed50VtMTHgMwq3b6oiMsZfLHrjmuV1K6jVQrEZTuKyob+O3ImjTLOcZNdKpLqM72SRL+5Z2GOMc96zb9lt5EZH+SPn8axV1GW4lBAI28cdDVK/F1es/mPshA5HrRCj2Eddp/iOG/nNuhJzwB9K6TRLWCO/M10+3JyPfNeQaBYzLqCtbk4LYB9q9nu7GO3s1u95MpPT0xTqrlOqlsekQ6de69dLb6cc4Ukj0A71lXOhXaZmZGUK5XJ+Xp3zXa/Ca7i0a8GoXJ3iWPYVboFNdz41v9K1cpBbRpEN247D69q5Pae8d1J6Hjmk25E6PcA+XH1x3oeMXup/KDHGjcH/Z969Bme3sLFbExLEW/jPUiuclijaTMLgZHOOua1i7s1TJrxYDCGi+YLxxV7wvqM1vcPAyqUkHXvmufsoBBG4mkyGbPNdfosFu7bo2G7qcHpXRGHU3izvo5LV1xOvJ79ahvdC0W9hEPlLIG5JIAP5jmq0cMq5dmzjp/+qpZLx1dSo5HWjVHVZNankviTwLB5sgssgehPA+hrzbUPDWuWSjzLZni/hZBu/PHT8a+qPtNtMmJUHXOKJIIHjIjXGe1aqZxzwieqPmm18C6vc6X/aMMYdyR+5yfMI74GMcfUVx15azWchSeJomB2kMpU5/ECvqQ6a0dx5sTGLHocfoK818feHdS1tYJbeVd8RYEHgkeprWE7nFiMJ7t0eQJ5bnGA2PSq8SCaUkDCqeRRd2Gsaauya3KZ4DCrNt+5gLSL87dc1cndHmOnIkeaFOF4+ldba+FNQurGPUYVLI43YzzjGelcXZaVdanqEMYQhHcA4HbPNfRUObawitMYCKAPwGP1rOLO/C4fnT5jxG4tLi3J3x9+tQiNmOcEGvaZbO1uSN0YC9xWfceEbWVN9v8rdxnirVVFVsue6PJDJPvVN+cVpG+VB+8OHFXL/w9e2cpMUfm+4rGmRlceauH9Ku551WhKJ6PpfjjUdJ0Wawsi0b3AKsvUEHuf6Y9K7j4e+MNN8KWl1q+t3RW4lG1EwcMQMhc8jmvA/NeBWc9AKZNei9t1L8c9K9XD46cLa7HnVcDGR0Xin4gXfiLWjdSM/lCYyKrHKgdsdsfhXq/hP4vJpi2en30Zmt7Q5CrkMSD8o7gAH86+c5rYTlfLOGWnWyywXEar97euT3xkV10Myqc/NcmeXU3DlaP1m8La2PEOg2mshdi3SBwvcA+tbvy1wnw4urI+E9PsraYTSQQp5hHQHaAR+BHPvW7a+I9Ku5LqOCVXFp/rGDAhcDJz6YxX6PhMRemnJn57i8I41Gkjcph61FDe209qt3E2UYZB7H6VzmneJrbVdWn0+2VilsDuk/hyCBgf57VvKqluZKm3sdS6h0KHoRWBaKjWrRIclGIyPWuh+8uU5zXMafIttqt7YSEDeFkUH6fN/P9KOYIwumZmlx3cl1eT3P73yyQMdcV0N1Z2mraTdWSAFbmGWLnqNyFR9OtV4oxp1/Ixb91c9c9mrUltYyHurc+XJg8jox9xUzLjpY+TPhDf3mo+GLbw7Gp+2aXJLabSMFNrdW+m4D8K73xRaS6NYu8t4Z75EYkKNowOeBXlHhDxtZ+Evixr+mXsIiOt3LKswIVI5i2SMHsxOBjvgd66rxxfjxDq6aRpF0fLZD9snGc9SCinjkcZ+uOxrzvrEWmup79PDuM4y6M+bdc0+fVVtb25aSWFpgJJByQS2SF44xzj0r6j0RtN0Lw8ieHLTyLZovkDDkIecsPU8k+teep4Yn0OeTVHdjo9uDjcM9RjrjoDyMda4C98Z6tFNcXFtesbK3yIkHCtGOzD+LI9eleRKfs9ZHvxgq/uRL/AIgudY1PW47eyiMcN3gEHGQM4JJ7cU3Svso8RjSoAXcfKXA645IFcHceM/EMztdpGLXzTtQqnCgjkDNWbfxSnhfT2ubcebeS5Ksw53N3J9q8Wtib6nvYTAyilBHMeM9av9P1PUNHt5pEPnujBjzjPGc+gri7bUpNKWQxxK4kXa2evPXFaMxu9a1WXVdQkM1xMxZ2I6k/pXPaojw3zBPmTivm8TiLybPrcLhrRUSzA8c1ysqrgZDYPau7iuEmIOcuMAAev0rnNG0x5XXYQXk4H413semWOizLwZ72XhS3QZ9q8XFVj3KFE29L0+4jgE97F84PGPSvWI7kWtlFMrCJI1BA9fauJsLW+06ET3bb1fPB/lWrcLcakkG35LfH5mvEq1T26NA6LTrHXvG19DNdBotNRsFmG1CoOMr03HtX0Pp2rJaLDoXhe3BlhG0MoDEKBjG4jt6nNcH4K0WW+0pY7u4MVhbkKFjxvPGSMHp+IP8AOvcNLtNC0plm0u1ESSKM5JJJ9ySTXk4iq9j2KFBLU5pdLuL67FxqbF3J+au60zRpIFaUQkx9jjNWY40mlMoUFDzxzXb6Tc3ci+RHgIBzxXnHsKfumPb6O7RCeZNocfKD3HrUkVqLdirnP8q6mWfypV+25bb0+lc/qV6k8mYlAA/MfWoNafNIk/0dgCp2sversZjmACOCfWsEI0y4HBNW7ONLRv3rbh6Cg6eQ6RLqaBBGsi+1QuxlZhM29uoArJ2m4djAp2j1qOKK+jmEsOTjnFc02axpHQ2GtXekn93GAD1DL1FQane/bSbgxCJn/u8D8KaLg3b+ZcuC/p0qS+1UTolsLdUCYGRUN6FQglK6WpgkMzbnbArSjJMJeN8qnXmqOoSQzxpHCpD9DVaGyljjIzwevNZ+8d24tzeQgZySawS7zTiSMkAVq38Rt9o2HkfhVMNMuB5e01D3OyiopHSpqFw8SRytuwO9K582P5eCaxbcTGTLLxXQEwwxfJywrR7A1bYhX92gVxkt3rZtLHzUMjttHSs3+0jNEsBiAIOd1XPto2iLoanlRM1JrQa4VJtitkDvUjxMWG3k0bYz8xODTGmKPkcYocR6vYjezlkkw5waQwSRny2GKHvGklADAEVrSzPdoFkwu1eoqLLoE5TVr7GauGbyzyRUiEQvuC85qOA4YNGN7CriJ5jgy/KTVKITlbctLZSv/pwXbGa1PMV4RGi59TWHeXl0IxYwN+7PYVoWcc8NsSTy3arT7Hm1abteXyOisLdSME4U9aZeWdtvUA7h3xUVnI4XZINueauouxtzfxGumOvQ8ebkp3uZwt4xlIlNVkRvM8s/xdK7+WCwttN3gfvifl+lc8tuwDXBUGqlSsY4fMOZPQpyWojh8xjyO1Rq4MWFPXjFabIzRkOAQRWFYWlwhM8ikop69qhRN6c04tyYqJG2VA+YGqF/ayEh4MkdGrr7Sy+0RNMUwCeoFEtl5YwmT610/V7kRzFRlZPUXRbVrOxHmkIo5/OpL27V1CxfN71aubWaa2JztUDpSWFpGF/eDJFdHsX8KPNlVTk6st7mcxlFtsfj0qit3dRXMcy5IUYxXajTBKBgcCj+xWMnC5Bq/q0kZLMqUb8xn23ii+htWt0Tqc12Ok+KJJIwksZPHFZ0ejx28QlkUFmOMVtxWsdogcIMsMCu2hCXc+ex9TCzTtDckbVZ5Cdnc10S3SpZh5Dg4rFjhSC3VkTcxpb2VzAAVwDXZTk4Hg1aUJtRitCF7pXkMqHpW9Z3kckQyK4WQhfk6c1upexC3CLwQKzp1XzXOjE4K8UkjXn1iCICOIc96WLV0wFZSc1hxwRunmE81sNYiK13g84zXZ7arzNrocVShRilFola+WVgR8tTNfwrGRnkCufJDAbOTVS4gnddygj1rm9vU1ZqsDTb10JpdQMkpkJ3HtTm1a4liMYwAKp22mSzZbpiqM8EkbFI2PXFYylJK/c9OOHot8q6Ecl/NnYThRVWTUriN18psK3aoLywvFHfB6GqF3peoxRxyEcNXHKU0evRpUGrXRvy3xSHh+WrIt57kOfLbJNM+x3Ukao6nd0FbdhpktlIGlHXtQrvUUpUqUWtLjo9S1FI9kjnjpVB4rq6+beSSa6w2Yb5vL59KwGuks2IK/MTxW7TtqcNDERbfIlcq3Gk3HkhY2JJ64otbR7dNpySOtaNlqebjLjbn1qxfRSgGeIZ71NPlepr9YqJ8lTqZ9wi5V16dxWfc7gvmIMCrL3qiFRIu0mreIb6JIUXGKmS5jSE5Q1exm2l2w2xycZPeuha1CIHVssRmq8mkxPtIP3a1LXTZ41DE7lPrVQpvqcmKxUH70XY5dre93NIBwTUF3YSoBIeCwr0EeSmImWsfXrBjGs9ucgdRVyp6XYqGavnSeh52WeFiNu6tW2aK6j+ZQrCporUH55hyazJZRHKQnGK5OWzPfdT2mi37lq4tFiG6Lv1Fc+bGeeQmGPitKC6uWuRhdy12sVopjEmNpPU0ezUnoTPGSw6s2eUNbXFm5eVSoJprO1y/wA3Su11iAhWzhh61zyoqoSRwa55w5XY9jDY72kOdrUyGj8o5XpWTKZJpWBHHvXUSWDTp8h4HNYssBiJHXtWTZ6WFrxfqZb2uUK9jSwi3t4th9affF1C7emKzFc+WxkG454NcjlrqetBOUbtj5LOKR2kjfGe1R+Z9nPPUVHAjTSYRuKnuIgU2H72az5L6o6UrNRbFecTLvQg1k4lkuSXPFQtK9u3lgfLmrjM2A+OKxlK51Rp8uxBLFMZPLTlag2GIEsOR1rR+0DAK81SusMhcnkVDijSk3ezMeR5WlIDfLUFxGZh6YpXuUi5I3U+O4jlT5OT6VKaO7XoC2RaFWPJXvTHtmMe5iQ1TrerGyRlDtP5VoSGKX5lxtqVBHPUm7nKpNdREn72D0robcvPECidetUJIY0cyL3pItUS1kCjoxwaadiZRbXum1aWv2bLMPvVeaNApbHFWUlSSIFcfNRsR0KE4NbrU8upJt6mPNDHjzYzz6ViXG9nww61uTQSIrAHAqhlXXJ6rUuJtT8ihDA8EvmAYBq39rc9O3erZeN1xjgdazLkhQWTpSKeu5oRXSSfK3UUNL5LcfgaybSQTBmHBWrxnB2xyDir5jlqUy4t+jMqkHNWJmSdCCeaz1t1J4+7Up2p8namclSC6FWKIyRyqekfJ9BVaeCK4iMYwc/nVxTIHkWJsF1I9qzLZbhFfEe7bxn1rrRjKVjgdZ0aSF1kjOSOntWbEshIZTiRT1716VfRPLFhlwPeuTns0hk3omQ1VGVhSldFHWZotXtkg1VvmjyUfgMOMYz6Hv615+1sbc9Pk7HtXpp0fSbiEo5ZZSezf45rj9U06XTyywhpYwOVxuIrqpTseRWiZFpc2KuYrp3iMnCOqltrHgZHcf54riPElpfaVdteSx71k58wdCB0OK7eO4S8ieGNPK2LzxjBPQkVv+HzLqlhJpevqjYB8q4BGSR0HTII9eMjjHUnqjKxxTR5ppl/aXdhuY7roOQykc7McEdsVtalcad/ben2+kXx0iO+kjjlJO6KJWIXftHJxnn19qz576z8G+I52vtMS9guI2idSuMK2CHRv4WOBz1HI68153evb35efc0UitwhPYnIrqp1rs4auHTR6P4/+CI8IX0E+keIrDXV1Jt6JFKqSFiedqknoTyCf14Hmvia1vvDl/FaXG6KdgMSqxAYY/hYYNRw3ptrtY5oGkLDAkGT+tehax4m1XxHpEumX8cDhlAO5Mb9vQk54YdmGK6L3dzzeWy5WeFPoujXV9ELy3imCsMmUAnb169cdeKqeJbTULO/36NcqFbBAVicdiB2Brc8QX8ljpxsI7KIfKGE5YlyO4Ax6+9cHo/iTXdLVk1zQEvNPnOwtuKh4z1Ct8wDY710QOKobXhzxRoAET6lG8Gp2rs8dw4+Rw5wVbB9D3H4568/4y1O08OXkdr/AGTHHDcbpVlt4xnDE/ITxgL2GemK6K/8E6Lrd1PeeCZngtGUM1tek+ajd9pG7Iz0yePU9sC8tWsLGbRtTeWYLhYySHERUYwPQc9K66UlfQ5qmxw2sCz8V28cEczWdyvEW4cOD1XPrXDJYTWMU0Usp863yODngdQR7Vu3Y+wXQ0+9kAWT/VTKcBW7MaW7tbjUJXmmjCzQgLMU7g/x/jXfCRynT/D24uI7CO3niS8tJZmDpL83B6gA8ZB5HvVnxj4HQRvqPhpZHg+9LA3zSRdemOSgHfkjqeMkeWm61TRp4Z4GZPs7bkYdMjplTwfoa9n8MatqmrWR1uR8zZMYIAADAZIIHGORSk+SXPEKtFTjZo8uXy9Ysl0t9wuLf/U92dv7lZb28iy+TdgpInBDDDAjsR1Feoan4ch1acXvh6D7PqUA8ySJCEUhf4k5GDnHArLTTjr4Fze5W+5DnGM46Ej1r0aNVTVzwcRTdNmJaJrUYR9pWVf9XKOrKex/Cuwuda1Pw7qOk6jZYVNwEpQHHPDbgO+K39G0P7Nam3mYTFgdpwcgnjNc1rNv9gnZJMxqqlpN2fukdQPWur2E/jgY0sZzPkZ73o+sxX1kuqXEgAkPzdggzwST1B4Oa17vQP7cs3F3K13aTYbyjgqVHIYY6ex/Gvkrwb4xfSL422tzvJYzkoG5ZI89GCjnHqB257YP1ZpN19hkis72QeQ6qY8HoOgOemzHWvq8kzeN1SrHi51lErOtRVmj5p8eeEtQ8HahHfxqZLC6OxZQCVDcnY/o2O/Qjkc5FYbwG98OzSrujkgk+bPAZCP8a+1dV0vS9f0e8CILu2nQxz2+co467lx0cdVPqB0PNfI2i3NvJZTaROjF7RjFIrdShzz9c8V155k1NNVqT0fQjJM1qTi6dXdHAxX99YrGJCQq8KwPIHoD6Vf07xFp8MjQyplZTncRyrDowxk8fnXJ3Rv9Lv2029YSQE7lb+8p4H0NQzReXtVFz1wfavApzlCSkt0e1Xhzxce592eAfiImuaOdN1aXOpWKgGTjE0QwFbI/iHQ+uM+tdqNctkhM+4Mq9ulfB/g3W7vTNUinViqpwfRlI6H+lezPrd1ex+VGzKCdx54P19q+7wHFFVU0nqz8wzvIYwqXXU+l4J1vLczxNkEZ47VtQEsitnkiuM8GwTwaGqzPvWZFbpyM84/DNdpC2FQLjAFfc5fiJVYXmfI4ymobDbyAMh/hOKgSRtgH4VfmLFeuQevtVBUPlAAdCcGvWpuyPNlqOYbnBIyV6exqvJHvlI7jkexqeMDlX55yacoJuBngMCa1s2KMrEaOGXLcEYzVzaMnABU03ZgHIzxilQ/IB3HarSsyXtcpTREKcAHnIq3GwkAYDrUrrkEY4bjNVLZShaNjkDiqaBu6LIAJ680u0Hp260FccY460Ajd8oxmqtYwUhwx1BpCO9O2nvRtNIkSjNJS9OtADTg0cfnT8enem+2cVoQ0AI6d6MjNGM0hGOKTkkCi2PJYD2qtJtSNncgCpywYYxWTq0bSWLBOtceKxcaUHOTOvD4d1JKJz2tT2whBDj5vvYNeNXLGS7bAKrITz/8Aqrd8Tz/YpooXJyUycjjBOODXluk6jsuZbJt6JuLLt5HJ756V+J8T8RKt8K2Pu8ty7lOula4RxbgklhhR9a6/wxZ31soeUkOM/L7VFplhFcX1u+3fuxg12uoSi0ucKm3Awa/PK2bTbTTPbhgk1Zo6DSk+22jx3bhCAQMnGRU1nbWoim8+T/VqSp+lcbBPLdiRQdhRc1Qu9Vls/Kc5lXdtdQe1LMeIcRXgqcndFYbLYUpXidctykckVyinGeTWXrGp2z3DJHGwIGc+tc2/iqKK2MWQSzEEHtXkV549nh1N4WK4yRjv7c14lGhJ6o75xtse86ZJbtpkhmTErFsHvWJdKsUkQZ/mbqvfFeT2njS6ulmj3+UOmRU1j4liXUYYbiTflvvMfWuqVKQrOWx6l/a39m4CTmLHIzxVuz8URTeZMrB3cdTzzXzX4z1++u9Wa0tcuinK454r0HwVHfTRr9qUqW5HofwrqoQaaaepNdaO59D6LfwXsCuzqrxjBUd/rXLeMPGSaMyrEN7Z74waqLav5qtCzLx24496yNf8Err0C/vSGU5x7+1fueUZjWngvZxep8PVwkFWc3sO0X4l6bfzm3nYrLnBDYx+HJr0gSRyxidPuEV4JZeAbnQrpNQZfMCHowzXob+JZLe0aBo9wI44xXZlGJxWHUninoZYrDQqNKmjRvNYit3d7aUDZnOenFeZ+Ktcl1a7itrRx5iDJ298/wCelYst5b3upm2eXYZjgZPAz616DB4Sic2t1bSB2bCs3bj/AD1rzsTjquNnKFN2OujRjh7Skjy7wza6rp1xLLcuBubp0JFdHfwy27ecQCDyO9dJ4m0C9tnVrdN+4Ywoyfl71zMK3usaUyIAJrYnI9RXi51kroQjJLU9rAY1Tumypomvx6ddSTXAG3d82OmK9BXxP4c1NdgmUZGenFeMTaVdljuTg8EDmuYFhe/aCtruUIf4a4sNmuLw6u1oTicvpzluf//TyvEGgxR2y23lRTw8hhtDDB68Yr511X4a6L4mvbh40C7RsXdGuRjsORha2rv4i+MdI3W2v2J2dNxjK4z6N0zXbeEPGHg3VbPy7uWKC6dsMGIDE5464I/lX59RU6d3Fn6ZU5J/Ej478TfALXbF/tVo6yw4PyxkllHrjH9fzrw660vUNOutqBhsPXGM47Gv1yvtOsRZvewTIwiXI+ZSCPY5rxvxtceF73Q5Y71ozuI3qoHzHOfz7ivWwmaVH7rVzy8ZllNe9F2Pz8svE+r6fc+fDIyPGMAlmxkflX0J4S/aa8daXbfZbu/afYAR87IQB/CCMivBfG0FlDqEiafIXiGdp4yRXCHIGQOTXuxwlOqryR85PHVKT9xn0/4y+O2ueKrSS1uSSJO7OXYevzcce1ePw+MNasZVNpdyRq3XYxXp9K86eWUcA4pFuZB8rGtqeAhBWSOWtmVSrLmbPobTPjVr1j+7vVW8iwAATtbP15H6V6jpPxh0Y2aGePyncgdQ2Ce1fF6XCM2GPFX7RXurhIbdvvHFTPBRLp5pOJ+jXhyfQ/Ffkxw7ZGm6N3Vvw6V86/GrR7bw/rosbeYyNJDvk9ASflx+Few/ArRjFaS61OxSK1ACA9/kycn6HP5fh4X8SmutTkn8SakQr3khEajso6AegAwKcMMoSTRxV8c5ux4JdsxO4c44qgkjKcg4xVqflivas9kLMNneu+5x2NOGd34Lc1pZLryMAd6yrWIs+D8u2thcEYANbJkSGAEOCmeKSR5w29XK4qzt2kkjpS+WZFAPamYXZ2HhLxveeH5jcofnKlCPYkHj34qfRfHGv2mqtdxXkiO8m8kMeTkn8Ovqa4f7IcZ54quYy756YqJ4eL1OiNXufpT4G/an8SeEdAW41S6XUISPLVZmwR6cnrgDHT3PPX6z8AftIfDn4g+TFeZ0y5cEHB3IH7DdgDn19e1fhVLf3TQ/ZNx2r716Z8OvHzeG70NeAuqIdiliASOnPP581zSozjrEf7uTsz97bnQdO1K0k5ivASR8yq5Geo714F4v+COi6yuzTn+wSc8Bf3bfkPl/Cvzc8N/tE+ONG8RNeafqckEDyErGXZlUegB9PbmvvnwJ+1bpdxpQv/HVrGiTusccqHC56EtkjDH8RUqs18ehlUwjXwvQ8q8TfBTxNoUb3ENsbmFOpj+cgep46V5Jd6ddWMpSWJkZSQQykc+g9a/TnQPG3w+8bWwudA1eFgTjbIQhz6cn9elUfF3wy0PWy8t/YAO64E0GFce+R/UYNdKku5zyjJbo/M61uN7MOy1qBgwzX0J4i/Z8vLOR7nw9N9qDH/VyHEpJ9wAp7+npXh2s6BrWgXJtdVs5bVh2kUqf1/nXRGZiVLeR0yYnwRX0B8Hftv8AasEfnOQmX65+RcZyfxArwLTLaWe7VAMAnv3r6k8NQyeEfB17r+1Tc3SCKFWH8Ld/Xnr6cd6HZBUdz0uD4j6pqHi+a3spFmtLT5VRgCGC4DYI568g/Sutt/ir4Lv764069uRZ3VuxVmkKiMsCAQGyMnJ6YzXg2gTQ+GPCt/4rvlw8i7Y2PYthU/N+a+WHv7nz5LkyESStuYjjJPtWDEj9TJ9Jt9QtiSYryCdRxhZEZW5HXg1414o+DPhjWJJJbQNpk5Az5QHlkjvtxx+BA4r5P8NfFHxJ4VZG027dYlPKMS6n8D0/DFfR/hj9o/T763S18T2mX6eZFjnjkkE8D2+tPmGoXOLbwL4p8Hy+bG4uIgfkeIlgT2BGBg/p71LF4pt3t2s9ftI7iEn5gyqwP1VuCRX0/o+oeFfFEC3Oi38Muf4Q4OD34rE8RfD/AEDVmZr+yUTspAmiG1wSOuBgHH+0DWEqNvhZKm0fJms/DH4f+LfMl8OSf2VqEuXHdDjsI+AB/u8/WvIfEXwl8WaBvljg/tC0Qf66IH07r1GPevp3xF8HNUty03h6cXW3J2sNr/1rhR4i8aeFmSz1SOSNF+Xy7iNlDY9GYA8eoNcdSipfEjSNS58aXmlqLncwMZz83PH5Vs3Vppb28UMcreYwBOeB+vNfYs//AAgHji3SHxHYJDcMCPNACMvusg56/wB4V5vrn7P00ryX3hPVY7tMgxwvjecfeBdeDx7VyTwjXwsux8+3Xg4yRiXzsx+g5rLXQ30pHuLciTb/AA46/gK7/VdJ8ReHlez1Wzltj0yVYLx/tGuZjeYFZEf5gc845xXI4zXxBYqX/wAQNVsPDs/h6yiNu16wErDg7cDIGOxxz7VD4cvXtbBkuk++vBb361k6vDJPfidhnf1x2xVa/wDtgt18huUI49qTQ0TyWTyzu8HPPX1Fc/cvPbyMJHOQc89q6rSboJAZ7klSeOOtc7eBr29PkHeM/iRVRLWxFoUU+p3zSSNhEGciug1Oyjt7dJC25iSfpW/pVhaWNhnZsc8nFYGvyyMhbbwBkelS53loTc5OGSVrhfTPPHGK0daeJ4U8sAAdqwINXeBHCYJbpntVc3l1cOqyLnn8DXTy63M+ZEdxdCDCbcse9bWj3U1p+9jIcOOa5bVlY3G1R9TWhZti3BR8EcVvKKaMzQ1hpLgM/wB0t2Fa2hyQw26ibLN61zNxqWJIrdhkdM1uQ27SEC0XAHJrCUPd1EdRdSbozHEoJP65rHScWd4kM3y+3YZrWtAIkBlYDHT2rO1a8s7nfhcyJ/F61yx02Ejca9twCYmAI7etSs63MaSSbfY15PaXd79pLMWKgkEV6NZRpLbqpbbnn8a0dO2oM7q2FoLVNyDn0rfsjHOeDjHY1wdtK1qFE5+RegrsbLSpp7f+0baYGM8be9ZJGkDpbmd5YPKhjCEYO6uX1bUWIURjPOGrrLXUhDaFZURP4cmvM76YyzSnOVJPSqSCY2S8uDER5mcVN9t82NQ6hgorCjddxHbpSSzpCyo+QfaqM+Y0J7dXxLF9wc4qtsdgdy9aX7SkdvuicsW4xWbLfyo+QcjpiphcGV5dI095xLczcD+A9KW9/sqKOJLJVf1B7VbaK3lTzXXLYqrb6baSSn7TwG6AV0RlqCZxF1qqWryQJgcnPr+FZR10ToyMTGD1z3rf8QeEpIDJfW7M6H9K4aHRby6nCtHwTjJrvpyRR6n4NliebcHxjgV6varNfTMsilo0GQe1fPmmTXGi3i20g47EDivoDwtrUN5ZNGF2v/e9a5cVqbUzop9QewhV4nyF4HtU2k6+0kpmn5CnJ3d8VgfY7rULo20Z3PnhT61D4q02bRYLaBn/AHkwywBrn5TrgjrNV8RpqbhQcFcKAOgAotbo28Z8s5Y9Sa8702C6kiRQhDMTk9q05Huovkc5I7dq1pwNtj27SrW3niQzhX3DjJqV9AijmV7Z3hfPReleOWN1qmUXzsEnj0Fe2aVfO5gMvzkAZIPeu2nV5VYEzeuJ5re23jI2DmudtvEdvcXIS4YQHoA3AJrqJbtJ28oAgDrxWLd6Rp92pM0IkJPXuKqlR5lc6VXtodBDslG9RuX1BzVvzB261Q06zWytBHFwAOMmpLmQxoXHynvXMzqT0uSqwkmOTtxWZdRwtcbmPXjiqNtqEd3KyJMG52ke9NldoXznr3q+RkmZd2UEqukiBwfWuX1DwnY3akwgI3b0rsCJX+bO4E1HMm5Ay5BFaKRzVKKe5yGk6M+mHLrvOOD6Gu9stHvNYhu3symbOLzGDkqSoBJ28H074rKR5VGCuQMe3Wp2RHT5xtJ96JsVOnbYopEytls/hVkySIpOcH0qP7Dcx5cSbl6he2KZM4jj33JEKn+JuBj61BsSqQfmbqapXmlWV4jytCrS44YjkVacJFAkocOjAFWByCD6GkdjtG04o1QuWMt0cJf+FZJYT5R69q4y/wBIubIiPyzge1eys4XkZ5qMqkwKyqDmrjUZzVcHB6xPC5CIAeSvGc+hrMGrS20jzyReaGGBk45r3C+8NWF5H5cYC7+uBXFeJ/AYsdJmurWUkxjIz3NdVCtqedWwUjv/AAF8ZoPDfhK90pI7h724JCHcAiZUAYJORzycD865fTviLrVjZCxtbk75Zd8xwRnHU565+tfP6SywuzsNr0+O6nJyO9fQQxlRKzZ4zy6Enc+6PFvxthsvDFh4e8O3BaSWOKR5lyCsZ6qe4YnqP/1Vj+GPilq9jdwwgBhfyRpJjOVUnrk88A18kRvelg8i4YdO9dlD4ok0p0fylkZlxhs8ZHGMUnm1WU1KT2OGWVKC5Yo/TLwr49tdf1Y6LZJue1h3yOT1PA6EdcmtXVo0s9Xgvh8pl4yTjO3OOc9StfI37PgewuLvxNf3OyHymVtxycEjnnqMg19KSa1J4r0F9TRdq2c++PHONgznjqNrdK+yy/GqpT5mz5fF4FxldLQ9FeCC6tiJPmR6808U+INV8LWTyxoby3cbBhsPHkdTwSw455rh/E/xos9P0xbXQ50a9kYRkjB8sfxFlb8h/P1w9Q8YQzaRFc6hKWaSPAA5LvjHA/zitauPp7JioZXK/NLY8U+JkXhjVtMYRKV1S4f7U0rIV+c8kE4GcnpgkCk+H1yGSPRHaWPXN2TBMCrSJgEFQcc4PIPOOcY5ru7zw9b6i2jSXilo5GWd1x8xiOCV/H9DWZ8SU8OeJpraDw8skutxFBbzxlkaIKc7Wx1+bp3XqCO/lNauaPqabXKoM6LxX8Qf7PhOjbDIDEUljxtAOMAN1Bx7fjXkF3oWo61HaQ2FqzLL86xBT9zrmsLxFc+IPBGr/wBm+O7JriSZVl+1K+/zExjIJA3MCCDkg/zP0b8PNUt/EWlTeJNOuI1srcbDG+BIoRRywydvfg/XpXM6vP8AEP2boq8NTw3xDfaVqOtafZ2FmtmLeEiVRhRuyfvADqARXknjS+N9q7wWpxa2n7vA9VOT+ten+JdTtpJbzXL9TFc6lMxt4cYIXjHI7gEV4lrV2bOOS0jiJmuWJdzzjPXHvXj5jVhGLij6fI3UnLmZXfVbpnVLdtiY59Ks2NtLfXCsORuySehqlpOmSXUohUnLcc9K766NppEAtrZg8wG1z/QV8dXqH3NKkXhJaaYqJaDzLlj25wfaui0zTpo7hdT1IjzWP3Tz/k1xOjS3UV19oijBYHOW6fWvTNB046zdme/lMdqpyzHofYV5dedz1qUbHQQ/b/Ed3HaQrhE+6B0Jr0XTdAuISttOQ+z5QoqPw9pTLO8mjx77WH5RI3QMemfevZNH8MzoI9QupA57KvXJ9a8itPlR7WF94ueH/D89nZpK6bQ3OK7DTxG8qpM2B6VXnLR24jDYJHrSaFYTTXe4ElB3968SpV1PfpUz0KIRwriE8GtuxuxG6eWOO9JpujeapklP7pKgvlQPttFKKO9Ztm6X2TqdXuPttss0duIVjGCQc8/WvO7oziUGMH3rpllYWJWWUvnsTVe3UXQ3MMYrE3oLkGWSyOo38GpHtog+6WQ81MXaCPp0rPf97neTUSkdcETXDTWwH2VywNUYbvUBu3SNz610um3FrYR+bNCsxHY8/oayb+8S7ujJFCIVI+6vQVztnVTl0sSW82wb5Opq4ZrZuWbFZiBJMCQ4WpxBDhgG4PTNCNOVXNy1+wgbuJC3T2qBiEYselY8cao37onj0rQfeYhuPSrTCyuVdS1a8vZIllI2W4KpgYOD6n+VVBq0ksqxOoOOhxzV7TrKW8uPKRC55/KtyHwss/mOjiN4skqTg1Nm2bKtTpqzKUMiSJlhg1H5Syk88VM0HlrtIzVeMshqpGsXf4QSAI5J6CtBBaGPfu+eqUqPIvB4pPsShPNLcisCmvMmluTGVC1fWEXhUJwT+tSaC9mbsNqMZaFeCRgkZqzqsVol4Ro8oeLOVIyP588V0KHu8xjKv+89ml036GFPZvDcFcYZadG9zM/2dB97itJYJy5ac7s96iUfZ5d+cEdKz5Df2mndj7e3ksmLsfmHHtU1uZrh2BHsKnIN1znirSQlUBtzytaqByVKvfcofNHOEZfmBrrI7djAsz9V5ArCkSSe5R3Xac811ks8ccSoDkd6dNb3PMx1Z2iluMjaS8kUOvK9K2jZR+RjPz9hWRbSqjmRa3VdGZJn+Va6qW+p4GLlKLSWiMcyyIwtpstg1Lf3SxRbIOSakheO41SQKNxxmrs2lzNOrqnHWnJPoRKtCMlzKwy1t2nttzD5iKablILZ7YYyetTn7UjFYuMdaitdJlaf7ZPyhPIz61rT1Odzjq5vQ1bDzYrBXKkoeTVK9mVFaZBha1764ki228TAREDis+4gSWAiT612nDh53lzy6mLHeSNk5yD2qS0a5lmIVSMVuaFpPnzOWXco6V6BpmkWtlA7SKMt3I6V0UqbkRmOcU6N4xV2craLKq5cYFaQjlHMZwDWhOYDG0cfXHFFmqGIGU4Ydq6VE8Cri21zNGFKl0zgP2PFdJFEZYBv6rTFmgQlnGfetGw2SIXH3aqlTvJnJisQ+W9tivp/MzK/QdK0biCBlIcZJqNDbmfI4pJAQ+c5Brqhbls0edUk5Tvsc/eWEO4Y9aDaIX2IK1RbmRy0nQU0RiMswORWLgrnfHEu1kyvp8SO7Rselad4riIIGwKoWIFvJ5kh5JrWuAjRM/XHNOMbqyOXEz/eJ9DE+zCMgofmqS2jm80iY/KaQM8zBk6Crsz7IuSCxrGcUnob1Kktu5LKY7VFQfx96z5NPgUFt24msHVriVoiof5u1O0KdiDFO+4n1rJ1U5cptHBSjT9opamhdzwfZ/I25x3oj3XUaqV+VO5pszRi6CgcGt+KKEoAhxnqK3ik9SKtRQitNxtrZWwAfbyKs3VnHcLwMEd6nbEUOVHSlhkaVA3SvWp4WPwNbnj1Ksn79zOSzlDDJ4pt/pFrdxAsnzJnBraqtLOi5iHLHtWjwlOMWmOGIqcykmcE+gyGQbBxkZrrpLWG3sxGwyQKtQRSQxsepPNNiDSMRPXn0sJGmnpqzrrY2dR6vYyZ9Bs7tUYLginWOmRabI5Zcr2roBtUBV70hTepDdDW8cHB6x+JHPLHVLct9Gc1b2RlUurYBPFatwpt7UhTnFVZhexSBIk+QmlMF/LMfObCjoK440nZ+7qdMpuVnJ6GKS7tuftUsszyQ+UgzWt/Zshbcamm00GI+ScPik8HUa2NpYyGhjQ6K04DuQMdRTLjwtZyAuRg1o2LzWspiuDnNOubqV5D5f3FqKlOmobag8TX5/dloZdvotokY2KCRUd2nkwlVBxWtaMrxMO4qASRGUxEbj6VglG2htGvPmfNrY5S7tQ1ttx94VgzaNceUSBkHvXqN1CktkSFwRWJHKfL+zjmsZ0E3qepgs0mleJ5bDHLDKULkbc9azJIpZJf3YzuNdtq+lMXLR8E9a5WSObTkLswIFeXWpuLPs8Di1U96O5halp98sHngZXO0jPNZy5jtDEV+bua6CCWW4JY8qTmmXKwyRSGNdpFc06V9T3aWJlH3JmDZKEUjAz+tQXqYBdTj1q/FFucMD92qupcLg9Khq0T0ISvU0MT5J19xUUrusYAq9ZGJ9y7eKgmt2LZH3a5JLTQ9WM0pcrII0ZYd7r1qtPIWTbjg1p78oIyelZ08QddqNg9qza0LhPW7MxLeNj8w6UzyI7ecMg4ParqwSRD5jSyw78OTgisoo6ucp3QUp8o5NZsH2hJAQRsrbkVUiyyhveqxiSRAR8uKbRlHQUoZlwOax5LUbsNxzW3bE7yvpUd1Ad2cdaJIXPZl2G7RIkQHpxWj5qkKwPNYSqnlFR1FM8ySGIkGqjKxx16V1ob1xkp5h5ArEuZ4kbI79qs2d/uhKzGs++jQyh4zkGm2RSTWjJI3VzxwDSy2+FBzlaitxltoPIqxceaqBc1KZbtsUookhkLoOD1FT3HluQyce1EYKA55Jp2zaQW71RjUZpWieZFw9LNFjOe1RQoEbcPu1vW9p5kQu5B+43bSfTjP9a1SOCq0mc6sMnled0X1pNJ1E2E7JMgls7gqJUPcA8Ee69ff9RqfI8htA3yZIFc69tNCxRwcVqpWOadpJpl7Wo7eO4dLbJhJymeu09K5HULaULkDgcjFdchNxCsTcyR8L7j/wDVVGeN7mMxgcxZOPUVRilZWPPVjkuHyvysvT3qDUbS4ut84B3p9704rbmhMF6pf5F6g1qxarqOiXgvbVwBcLtJIDBl4yMEEV002c1ZaHiU0LC6NxbgrdRnrwQ4PUEHrVa11ISxyoGaJkJ4PAJFegeIIbC0Qapp9vsuEJYqn3CvU5Xt7YrkdWsrbXoTruhbkmQD7ZbMB+5J5Dgjqpwc9x16Zx1wdzy6jaZzTa1FqFs+n3UIm35CmQcjHcGsDUNDtbyMRTx+XMCuJQ3OB61rT29r5QZIvKnQYZQcqx9qzrS4EzNC2dyHkda6KaOecjMFje2d0sWUuEXuGweeckGtu+GjXE9vHJeGBJdqySbS3l54LMOpxVq80RrtoplXEi43HOMAduaqav4ItZLQ3kV2FaNMlJcbif7oYHvXXDU8yozlfEXh3wy0Fz5erLqLwxk7DE0QcZwMEt1Geg5+lcbp9zpt1pUkWn3UNnDb4MlvdzLG7k8jyy+QTx6jtntXaL4WstQ0q5nsf3V1EM7JZExIe4UnH1615Dr/AIHksovJ11FEN0udhbIxnHBU+tdVOZxYhGePEuk21019NcpE4OYG6qvp8w4z0q/rHj6y8eazZJqSJaalt8uS7gG5LluiNIgOAwHBI7egAx5q3w+MCGG0u98MxJjLgEr+VYwaPwzJIkBDX8YJjkAyAeldkFHdHBJs9J8QRaT4duza+MLPz7SfiN/L3AsByQQRtOPQ5rH0y78NSu39ly/Zd4I2TZBdPQZLZrg9M8V+Ipmay1GT+1LSZgZIbs+YrD0DPnbg8jjqK0pNCsTL9o0S4YbWH7l+WUnqAeMgfSujUxOkvPDWrSIt5axpPYS5xIDxgdePUfyqvo0Gp+HLom3iV9PucGU54GOhB7EHivRbG60jUPBq6fbu0eoRSnzipz5ZOdjbc8gjivJ9VGraIx0i4WQ20nzKzLtDkYJKN7egqISk3ynYorlO70eVVluShCzXCOqsBkxZBxt+lJp2nLdQvdlyLuAtuY9H5PX61wVrc3tvb/atOnaG7tCSj4yCpHKkelen/DzW7fWLWTTdRjjea43eco+UkZ+9Gexrqg3T1PNxWF54jdNM01+rk7favSrfwpFfAXd+gcRDBVhgkNngEcj864+HQ59LuEnP74hgw56qDkj2r3CGeC7tIL22J8qXjnjHY5+h4r9Q4NhRxCfOfmfFXtcJFOJ8ifEv4Zx6FE+p+HjJLaxnfNGwG6HPRxgDKdj/AHfpkjqNE8VR6x4d0+DT1Ed3p5OfM5A46DnlT1r6PlsIpyyrg3EQO3d91lPVSPQ180+K/h5L4S1seJ9A3R6NfMYpoRk/ZJ29v+ebH7vp09K04k4Zcb16CsacNcT+1apVmd94Y8biHUBOykspCXMKH+E/xqD1x9c9uhrhPHum6ZoXj+PUdFIFhr8HngY+USFiHC+nzKDjtnHsOJn07xDZt/wkaLiWFysu3hsD27gjvS6zrdjr9xpN3byEiIOMH7yE4O3HOP8AJrxcJnN6DpVNz2cXllq3tqW3UzviBp2ltGl/ChAYHzSOuR0NeU2l7FK/kOcLjOa9h1mUvBbK6gq4YNnuteM6jZi0vpI9uxSMqPauCdfmkdtCSSsbVjOLW4Zh+8Qcf4GvovwLbLqBtZZBlJl6ey9a+V47pY7dNr4Jbn6V9Y/C2/s10KOe94ILbT6ADp+Nezk7jKpaTPnOJ6f7pzjuj6W05Yra3jUDG4flVpT5YKd+cH2rl4dc04T2saTD95j8KzNS8b2jRSBf3TRNgH+9X6S88pUbQufmMMvlUg5M7ueTykU9M8Gq/nKibDncTxXl8fj5ZpBakb0JHzZ712enXbXMDXezcqgkfhXdh89p1ZWgzjqZbKMbyOiG1k44xTlbEyZ6YI+tcvY6/wDaLlosBUHB4weehrp8o3lsPXFe5hMbGpflPMq0nB6ltVPTOaa3ytu654qUEZPtTWGV+ldtzkjP3g9Bg+tMwBK2ON3NOXJFI7co2M84oTNJLcf0xk54qFzt2knFWCMnBGKidQwKkZxWhn1HjP507HrTAoPPrUmARQJob7gZowe3PtT9poAP/wCqgQ0Dap3GoXZVHzHk96dMUKMC3SvNNc8QypIbG2PzdM14+c5zDC03OR24PBOtKyWh6FFdxHcF+Zl4A96yjqrmUxy439MdOlcLDJrcunGeP7yEkHo3FZdrqUkp3zNulBy1fjGbcfVJu8XY+zwmSQjGzVz2eyu4Hsj5xAcfoK4zUdaxKYh8qE4z14rmb7U7p7Lba/JI/BB6EVy1vqlyF23ChsfKfUGvk8w4qxWIjyqeh6+Hy2lB7HoPinRbXVLO0hEqhsZU/h7VwPhPwIqa5OdTXzbd0YbQeh9ane5u3RFRyBESy89M1a/tiewQXW7Y+PXqa+bniKm1z1o0YnVTNY6TdW1rbRgSJgY6fKOMVz+va3atdSQSOodvl5PQmuN8QeJZGntr/lbhSv4keteeeIr6e61F7wrkEAkgcetaU4dWbbHr1vfPbTzQu21tgwSeMetVNPuYL+3mnL/cJBOe+a8gufELSzpNIzH5QDVay8V3Fsl1aKo2zHOR29K1+r3Geg6tA1jILiEl0f5sDpVXXPA9pr+l2fiC1kMUjsN+OTx2xWPb+JIWsGS8YNJH1B7g89farmn+IGu7XyLeRURMkDOM/QVUKUr6CZz2r29p4fstspCs7Yy3Ue4qL/hF7nUYhdW0gOV3IM4zXEfEC4v7y6jt3JLRjdgehq9oXje60nTIYLgErGNoY9RntXX9Xla7NIo9T8PNo9lpy3GpKpnQkMzdeK62bxPbXUVvNZL5Xl8s3cjpXhllPf62jvbRs1uzY39iRXXWtld21sYGGQQOM8iuOaV7XJqpbI+gPDt99stpX8zMkfTHoarrq+p2t8I5LYtE7cEH+ded+EtUm0u9mhVN0cygEHsRXaeIvFCaXYJLDbh2Yde+a/S+EcRTVJxnLVHyOaYeTqq2x6Cl2t3bMfKwH4O4V5/4rtVttOcwSguAcDGDVTwX44fWUkhuAiMhGMDtXR6/BFc2jzBdzouSR6V9/hcdSxEHByvY8mrz0ZppHy7Y6bd3usYSRgfN4x6+tfU/hGyvLKxLTyFs5Xk8/WvNdE0+GDxIhcBIym7PQZr1KKVLES7Jvl64zmvCyyNGGJ5r7HXjpynTSsdDES0gLnBz+leca1APDl/c30CB4pcsR7k12Ed+ZbKS4j2krnp7CuT1e6g1Wyki3YZhjI7E19PmuZYeVK0mebl9Oqqp54+oysrvIm1GJ56daqeHtUs4L8tLHkZI3ZrT1KKKDTlsXUEs2d2fSsi0to4oCiKPmOfWvzTEY2NR+zkz656H/9TsfHHh/wAPahZztqEa7tjKGB2tyMcdj+Ir5fvvgXp39ny6lYXjw7QXIfkFR6Yr6b1q8tdZiEcieXj3rH8aQXv/AAi62Gjxh2KqpwRu2EfNnNfnlGE4LU+5q42Mlofm94s8U6t4UeTSLW4BKnaxHJAHp9e9eP3HizU9SkcTSMm7rg8Gu6+JOi6/BqrzX1lKm4YJKsPmBJPGOuDn6V5QNPuJPnET7V44U19ZgKNPkUup8xjMTUlLclnkgkkIlyzKOprFuHSRysS7celPu7aaJ9rAjcMgVnO0iAKRivapnk1ZsiZSxPPSmsQxGBjilxnJBpM7WxjORWpzkTAg8V3fgbSZb3UFdSFBYKM/3mIArhlRnkC+pr66+BPg5NT1u2uXBktrNfOcFflJ/hBznnPaqjG4VZWR79q0EXgv4daf4bBxe6gBHJgFWO7DSeh+XhPpxXyd8T9U33MWjQD5LRcs3qZMHGO2Bj86+h/iJ4lF34inmkfNnpcYVMHcN/V+M43EnafoPSvjPXdQmv7ma5mbLOcmsai1sZUd7nJPncSTmo+eijJpSDuO2pEQsRj1qjUvQx4jyv3j1q6uCRz061Fym0EAk9aVHYHAA296tEyLLEA4HPNattbcAEZFZkIDyhvQ11MQVUyecitoo59xUtRtORwRTWsIcngDmrqHjjgU1nXJAzXSc12YVxokmWkUAg9DXPywOj4dcN2z3r0BXyuxuB/OoZYoJ8+anTv3FAXZ58BIj7lbDLW3L4l1OSyisppGMUZJ25O0+hx6479at3Glxl9yN9M1lXNjKvLLn0xWEqae6OqNVrZnoPgbxzPoN7HNDdvbPuXD54Ur7V9jeE/20vEfhzWI9Lv5Bqmnxsg2ykE46khiVIJz3yBX5ztbyYGPl3H+VQlCJOAWb3NctTCJvmRtOo5JXP3n8GftIfC3xykIu5Tpt7O20qcEKcA5JOOO2QMZHGetes654U0rVoQ1zFBfRNyC6q+MehPT8CK/ArwB4yHh7UoluwRArBm7/wCea978H/HnxnD40MmhXs0MMrrEkKsSCu4YyT6kZ/T1rGHPF+8T9XUup+j958IPDSTvdWKPDuOdpOcE9eeB+lcb43uUk1mw8HWQleCwRfMIG4M2ABnHACjqTjBOO1fTHgDxBZXvw/1Txf4rTy7awhceYRjcyrzjoMk/kTxXifww13wH4hMmo6fqyfbZyN0MxG4bm4GW6knrye3rWntU5WON03c8j+L2pxR6fpnh2xZhbooklGf40G1V/DOeR6GvnCRyGYDpmv0Z8TfDjQNcQtqNiBIRxLE2GB9eMj8xXzz4j+AuqWyT3ehMt9EeQgys2B22/dJ+h59K6I2RNj5gYkt84qxHII+VPFauueF9U0Wfyr2F4Zx1WTjjtjqP1rkXSfcyOrBqdkwXkdHb+ItU0m5W40yaSCVOA0bFcZ6jgjj2r6L8HftH+KdPa3tdb2ajbooTaeJOO+4nOfqSPQdj8syrJgZHbNb3hyCK7uQrj5hnHNc9emlG6Lgr3ufo5oHxZ8C+KViS4kXTrqQD5ZSFXPpu4yc9sZrr7rw1ZalETIIb6CTqHVXHP1Br8+YbXy5BtGFX0rt9A8e+J/DE4Gm3bJAARsJJBz2I9PavPhi7fEDwt9j2rxH8FNFny+lvLps7tuVB88Z+gPzAfjXml34S8Z+D5DPbo8tunPyMWOPUL/hmvXPDPx3W9lh0/WdOLSsPmdCBu99vT+Vbni3Vr7UIYJ9Ds2jjlyELoVU/QjjP0NfQYDKo4la6eZxV6zp6HhFr4702eMWOvWX2mJzzuQEY6ZINcxqvws8AeJ5Xk8PXf9m3LDdsByuf9w8jPsTX0Zp/w3sPE+nNfalZ7JHBAlhbDAjuR3/EV5P4h+DniCwEkuhXBuwMkoMpKAPRe/4H8K4cdlsqM3F6pGuHxKmfLHib4V+LfDs00jWbahaxkYlt1ZgVPfGM/UdvpXnG2Pc0bRFT3DAgj8K+s4PEPjLwlOLLV4XcA8pcZ3AezHnnrz+FX54vhp4wRRrumLYXUhI82JFTk+rLzyenH415UqKZ06Hwlqt03npaxrsUHNavhvSzJdNcyyYCkdq+kvFH7OdwR/aXg69j1WKUswjYgSKM9FbO045zkj8a8Y1DQde8J3DadrNjLaTEZAdThh6hvun86xr4WcVoNSuauoSWj4zwB6d64LxFMqWcvkfPuGMegqX7TNNKIWBAJ7VU1iL7P8k44I5rgjGz1JPMBo11IftSfc/iBre0iye4lClTtStcLEsDR25Ko471b0lxbQuzD5jxXVOd1oZXOYvtIme5Z8EqDgikurKzs7cNC/PdRzXTPqUFvNibBB5INXls7O8QTwJt3elSqzW4JnnkGiveyCZMxKOcGt+C5Gj8sQwbtXVySQRoUePOBjjrWFcR6fKjxFCzdRntWXt+YVzGvdUmkkUIpVW7Vr2toJV3ODhx1pYDBbwMsyghecmlbWbd3EdsMRDHJpy12GPjtoLaXGODUdxfsl0lrBhOck+1b0VrFcQBics3NYz6LPb3X2pwXjPQ1n7RLRhY9MgsrK605Wlf97wSCcVradcw2Sr5Xy4HNcNN9rmVPLGzbg8elXk1mO3/ANEnjIcjhsetcntFcpF7XriXWLozWy+WNuME4GfWuThlnspXtr3PPII5FdGswLnP8XTHNR3It7hAshCkdD3zW8K6CWpydzNIshWPoeapxPC02+6kIJ6elXtTi8giYsME7RWLfWzqiPwykZrtpuLJR2cMFpPZmWN/mXjFZclqEIMZ3Zrkbe8uLWbbG2FPGCeKkn1W4tLgEt8hp+wdxNHSXbLbW/mStszXP2GqoLs5JbHIPpXP6/rr3MKQ54zxWfbO0dsbokc8Yrpp4fTUdj0PVNXnd0hhl/1nBXtVaKL7IGuZiMntXLQ3wkQy8BlGRTLjxCjQlbhQZB6VcaOpVjttI0+21y8kkmbB/h29M16DosOmRXi6du8sR+nc1xfgB4nYyynYuCw9zXQWSGfVZbllKhT8oFY4nQ0p2PUtLtpre5bUOvkE49zVHWvJ1u7824YkKPyNW7vVmtNJFqcAOQSR1zXNQ3E0o+X5u/HXmuRyZ100d1pdlb29mwTlY+MkVzt9JazEhBtOT2q1pMs8nmQM5AxjB9a46/1K7S+kt2jyqnHFdFGV3Y2nsdJa2aurtFLkDt6V23ha4MSlHUkDODXm+kSkMcowR+c9q9h0q7sLiweS0QZiwu31NXO97DpHVQfvAH/vVaEMskwigXdIR09a5XTvE+mumy43WzA4PmDA/CvVvB1ol1LNqLANFbIZSx5G1RnOK9GE0o2RDTWrHy6RPbKFkjLvgfKvP8q4bxHHd2lrJLIpQbcgfXpT5viDqX9sXE1mxCLM2wFRgxhjtBHpity98Y6XrgEd7AhQjDJ160PBvRoh5ko6M+aPHl1H4R8P2kkJaPVtQlLghjxEOW46dSB9TXWeBLjXNT0eK81T5vOGVyOQPfFVPiP4ITxv4otLjS71YysSRLE6kDCsTjcM9c+nFejReH9Y0LTVtY4jsQKpkUZXOME/jUVk1Y1w1eMne44Zg++uQKiedbnKqOR6GrLSCSMRSrk4wT0NYtx4ek837Rp87QMRjGcqazjTbOypUSL6QlsgtSvZBV+dzzWN9t1TTQTd2hmRDzInb3OP61o2+u6Zfx7VcxSjnY/Dfh2NZVKUkXTqRZo2cGW8stu9M15Z8a9YTSNCttPik/fXcgO0cHy1Dbv14r1Kzbc3moflHOa+NfjD4jfXPFkqIxMdiDbqcYzsYlj+ZP4YrfBU7z1McVL3bHPw+NNZjsk0yS/k+zRsGRScgH8eTX074M8R2uvaTG7XHmzx/K+cbs9fx47818QyZb5a1tI1zUNGuEuLKd4njOflbGR3Fe1XwyktDho4hx0Z94kAjmhVwa8c8I/FOw1URWWpR/Zrg7UDfwMTgZJ7En2wM16+bhSitjGa8GpRlHc9KnWUti3FnNcZ401Rvs8engYGcn1xiuytnjCsz9gTXietXzXOp3EjtuG8gZ7KDgfpXVl9Hmqa9Dmx9Xlhbuc5fabb3IYqNrY4Ncm9vNbHy3H4127FQCQKrtGlwuDzX0c6Nz56FTl3Kun4I3OSwC/rT7i2inlEkhJx0rv/AAp4Ygazee7UHzDx64qbUPBjOm2zcdz85xXzsqlmemsFJw5jL0rxffW+nf2Su02yNkDHOOuM/WvYYPjI2l+Fzo2neY0kykMOAIwRt4PXPv269q8MfSLnTgVmiKnr6jHrkVjS3W7MacE966aOZzgrRZ508sUtGaU2rXL3MkoP+sbJAPArtdM1iKRRf3E/NtGRtY+leVxSKG2g4D8kY5GakuLokiJP9WBgn1qoY+Xc744OmlsesaD401XV9TdbAb53jNum3JZVbk4Ge3XpxXunhWyj0FLaO0dJdTlQF0JUMW642k5+Xpxxnmvm/wCHmpWnhu9n1RwA2whMnjJ5IP14ro9H8aSWviCPxM2TLDIXdCcbl6HHOBx0Ne5gswSh755uLwav7iPSvES3/iHxVN4au4EvbjUdsUsZGWVWyT6AbQSeDxxjGK8q+O3w90D4cS6Q/h28msbu6QiSFZSwwc4dW4ZRlcEHI546GvTvBnxB8KjV9X8cav8A6PPH5zhH5bEnIxjjPavn3xv4sX4i+JpfEGrK6wINlvHwNiL93t/nNXja0PZuS3ZlgMFVdb3vhRzUs2rxQW76tO05AxG7MWODyOaYFk1ORlC+Y/dgMgD1NT3JGptFEPktoOAxOOnGavI33rHSI8Flw0i557EZr42vXcj9CwlBRgVri5i0+JdP0/MlywwzD19vatbQ/DcyP598NqEbmznGaSKDS/D5E92VmvCMhAecVJN4km1OMpCNqNxgZ4/KvOqSuelTep0sN3YLKI41G30xXvvhfwVdXNpDqusr9lscgxRHhpOO4/hB/M/Tr5h4H8JNpX2fWvEFvkkh44pB+IJH/wBavWtX1bVNQuInkYRjhlROgB6GvPqs9Kk7nqWnXEAt10+ziCRx4IHQV3Ol2l2Ivtci/ux8ua4Lw7ZSTeVc3nAIBI6HNelSX00sX2O2ysZxxXgYmep9JhI2JhGlw6oRzXb6RGtlAVCYY1zOnWzK2+RMstdZAhlG9m2ivLkz2qcS4t1du3ysdgqWScyKFXisu4uZI/3UOGB9KZGJV4c9azdSx2RjqaaxeYpLvnFTCZYEPl8mqcbKoIJ4qxiNwpQDj1qZM2USIyXDgyscj0qg0pdhtbGO1XLi3fcWVvlPals4IRKrzJuA61yu5tFDW82NRI/Pt2q4JzcqqmMDA7VNcXduTsVAijtS2QjkkzHxSNo3SIlhIO1uKfDp9zcyEQ/MByc1dmKOxBIUiqlvLceaTExB6cd6bRUZ6EqRm0PzcGpY7q3IYuc1VlE8jMr/AHqrJZzxlmqWzWPK1uaP9rGwmW4sfkcc5xn8Kjn1m7u53uJGzJISzY4yT7VQKO3GKi8t/MAxUubN1She7WpopqMrEBjV1Z2ncRBQM96yfLQYJxTo7mS3mDx/kaOcvk/lNvPlMUY0skowPmyKbBL9tLGRdpp62wkyvatA9SzC5WM+TjDVXUmJ9xqa2g+zuFc5U1oTJasD5Y5FMn2mtrEtpL5iYc1UvkClSO9QKzR5IHBqzIPPCkCtE7onktLm6F/S7KeaNgrhQP1rTgg8pSufmrKt1vEJhGQAK0Iorg/vB/DVRR52Jbcm7qxM8DpD53U5rPFz+/WKXoTipH1dLWbZLzntTYLQ3VyLgnABziqUdDOKcU3M9Oi0SG3tIrmUj5hnFOlSG4EdpCMcVifbZ5UEIOVUY69KltrhrcNIGy69K7rK58jLD1Hdzld9C9bWJ0u8aVhuOMA114NxdW4ITbwecVylndS3AkaX5m7fjWjBr16kQstgCjviuinyo8vHUak33kiSztGbzVd8NiqW6W3XyZm4JzXR2Mlg8MjvMBIozgnmuciT+0r1l6qnzfgK2922hnRqNuXOtEWvKe425+6OlTeQZpBAPpVi4UW0LOhxsFZWlXVxd3IZRwOpqkUm5Rc47I7nR7NdNyG53d62n+a1kDnGQeaLZY1gDMckCoPNjmheMnmvQjA+MrzlObkzkiXWYlDnFa6Sh4sSJg4q5Y2kKylpF9uataiiRx/uwM1rCjaLbO2tiouShY5W8m2skaDOTzXVxtDHbJHFxvHNZ0VmiqHkG5m6VsLYpsDHrV043baMsbXg0o9hyWcIw/XFTlFPPYUgwsRCdqVSqJhj1rdQi1qeTJt9QKIUJ7VisDE5HVTWwWQr5Y71QkQr8rVhWlHZHRhnYddiOW3/AHQ+btUtuGazIn4IBqxFFHEuB3rAm1FBPJAxwKh1FGSky6cHP3FsQ+c8cZWPnJ61Y01GuGJl5xRZwxlDu6NVq3t2trgbT8prng7yVzsqzjZxW5j65pqxzpOv3CDxXO2xcSFouimvRdUiE9tj0rlv7PEEDSR/eP8AWnjqKjU9w6suxq9lyz3Io3MkiSA8967iGKPy1Yc5rkNL08yuXmO3FdpEqxIEHQV1ZbFXfMcOazTtGLHlkz5ZPJoVQowOlZku+Cfz5Oc9BUbahOPmEWRXpSxiTtJao81UG1oaUkpVgoGc1XhCmdiw+anQ3HntjGCKlc7CGArOpV53z9Cbcvussj3qu8RaQsOKk3ZGRShxnHWu1zjUST2M9mZplMchEnPpVuGQyDjinMscjZYdKRiI/mXpXnqHLLmT0NZSTRYOO9Rylwp2daUfOoNODLnbmvR+LToZlC3nmk3I/DCo4ZJYZG88/KelW5VEbeYv40kyK0eW5rzqqkpWT1Rtzrtoyne25mTzYeTWJaRTSSnzSQneupjKmMBe1LHDGoIXv1rP6r7SSknua08U4RcbGNa2io8hiYkN61X0zT2iuJp7jkk/LW1cq0EDGAfNWLp5v5JJGfBUetc1fC8kkrG9OrKUJSvZFDU573cwtQdgPIqrbTWRUfaTsl711Vv5is4kj+Q964rxKltLKZrc4YDBHTmuOsre9c9HAVFNqlb5o3t1jJn7rDB/lXjWuwRvu82TnfwB6dq6GFLlwse4qG75pbnQJoZpZ5GEqxKSMDPavNxMuY+ny6nDDVLud7nJWUcSFoN3HbNWbq0jjXYpzu9ajhtRIu4A7lbPFVtWuJRl4+GWuGUtD6mN5VFysdZWtusbuXxjvXF60suZPK+dR0xW3bySS25VumTk1XjliaF7dkyT0PesWuZHsYWEqc3O9zldKnDAoT8y9a1WbLhB3qFbVLZiqrtJPWmy53AAZNc1raM9ptSlcfsMUh4BqtII3OfusK0LWAykqTjPc1QeAh23c4J5qHDS4otXt1KFyJSwINQRPLMSmenWtF1cJyayiJEkEykjB5rJHVF6WKl3HebT5Wdi9ahtbvdKFPauhkkLx/KPvCuKihuoL8sw4JoZVOXMmmdXGfnDkYq/uiYYfBFZ6REoXbOazLzcU3xkg9xWbkYSjzF3ySkhKn5SalaDI45BqnDex7VSX5TWzaeXIh2mrhqjKpdaMo2/lRu0bjqKlaBccYIqpeYhnBqz5y5Ax8ppMyd9ylIyQyF0H3etJ9uSfgjmpLlFYEoeDVKO2QPjNTHc00tdmmsQdcBsEcimTQSGDG7LDmlHyjH4U25dUCKhye9dJxPcitJZM+W56V1Vlczxwy2zN+5lAyvuOQa5CHhz71uLO4SqicmJV7EkkLRuJF498U2QvKpLtwfatQ38U1okT4BTv3rNlnicFAw9sVRgjLlAhYSjnb6VdFu0yLe2wzngrUDMkTBJe9XUuGijIgGQvNaGdXbQ5nWre2voHypju4sjGeGHofcVwO+a3UW17uwOVBPC59K9H1zUJ9UuEuDbpA6rtYL3P978a47XbKM2iX8c2Sgwy44//XW9M5E+5x95dyxZV0LI/GQK561e90zUW1nTjtl6SRn5Q6ZyQQOoP6HnrW7dXUgVVjwyHrmoEu1iieS/heaAA8qDkY9On866Yu2xx1o3MjxD4SlubZ9a8MSSSxnLGBx9wdSoP+z6c8d+OfNYNYkti7TwCC5UDYT6+9el6b4wjMjQRLutXYh7cH5gPVcnr+h9qfr9tAJWZD9otG+7kYOG6gg8g11U53RwVYWKZ8bQ6gV1K60+OFzGqusIOwkDrjoM1xuueJD9nWO50wBOoeNzjGfu4x3q5c6P/Yim6hJNtN9PkPYE9hU+tJb29mqahbE/aoNyyxEbQD03DGPxroizhqUjldE8TaTo2pJd3aw3NrOGQwSFGLEjghTnGD3rzbV9X8J33iWfUte0428MpykaOzbMAAANkH3rF1DTtDdHmtZnldCzMHOMY9DgVnanrt3qGjQaLPpP2iOFiYp8sZELHkcZ/wA49BXajzpo6O/1CyT7NLpGiy3NnAcxsn77knOGA6/jXmPiWbRLDVhJNbQ2s10CViOML247DntVKS28aaPqv2PTTc/ON4iUMflzydoz+ZFVfHdpqFwkP2hYbm4hH3HIEqE9cH6jpmuqkjmmtDiry2uLe82mFVic5DBuKyDJc2FyZbN9uxs5DdazU1ESxNazSmEdMMfumr1lZPAjXt6pnRRtUod3frXqU9jhk9T02w1C6sri21fIDzqG46SL3Vh0x29jyORXqusXllrOhi5uYPtFkuCwHWNhxnIwQVz1HY+hrxLwzrmn6rLaaTLMUZHKBZBtPPQA+56e9ei6fcazpFwyWscUtqz/ADqeVcdx6ZrjnTTd2aRqN6HmA1JtL1qRbEfabRMK2OQQRzk+orsBoMWl2x1jTrlZ4pgDgH5wDzgj26Vl694Tg0uX7fpk8gtLv5h/dUg8qeOorc8G3UEl2dOulMsDjJAHfP3vbFdE5XRnK66m/p3jp9EvI7TUAzWZjG9+WK5PPHXp6flXtXh3xHo0ZW2FwHt7/BjbI2K59/8Aa6fXHvXhWteFtt28ltdCUkltuOi+hx6fSsKwvNQ8PRvaJslsnbcAwJaM/wCyQRjPccj8c578qx88NU9pB2OLM8HSxVF06iPs2VCgEy/w9fpWL4h+z2umyTvtuIpVKSwnDB1I6/UY4PvXmnh7xpf3WliyuD5rBdsbr94gfwtnr9c1zuo3WqgmXDqmSNpY4/EV+oV+Mo1MM+Vavufki4aqYbEJvY4Hx7H/AMI3r2n6xDcvPpmrqVIzhv3eA6sowDtDA1wF1pSaRqYurSUeRK5KKGzwR+XevWPF8MeqeGSkrKH08m4RR2IUhv0/XFeBPdPtRpVO1Twa/OalRyfMfpuFlzU0memTW4l0yCQje0bMSff0rz/xnCLi2jvIF2SI21v9012c2oxaTaRrNIBFI3644ryzxFr7atHNaWYyFYHj9a6KDuzjlRcZspKkTTR28X7xjgD2r23wnqc+n6S9i3rkn0NfNtpPci8hWIFJCQAfevoLRV8izjhclyF+ZvVj1rpr1JU/hPMzJKceRnoWgatcNrNmZG/dliDk57dqpa3dXCKwRid7tjn3zWAl4YJxsyWHOKtavqTm3sV8rBXdx1JzXL9ZqSdmzx/YRhHTYdpz3D3CSuTlTnPrXq+k+L7rTLSSEZYSDGDzjtXG6RYkmOSf5VlHArZvYrSG0YRjdITjPpivcwVSdJcyep5laip3T2Nqz1K6klWWMhd/Yd69d0i4maJEkO4nHNeE6VfeVHGxQ7lODkV7Dod5LcIu1e4wfX2r7bh7EVXNO+58pnFCNrdj0BM455qXp/8AXpCAo56+1KPmIyciv1KnsfFS3I+hzjHr9KJPuhlHfNB67eopD8qMGOSOg9qcnY3XvEoPSnOMVDGdyBqeW9apVBFeIswKg8pmrS5OR1C1TlkWH5z8qmuW1rxH9jTEZwwrlxWOhRg6k9jalhZVJWidwVz8z8DHrWBqGr/ZmMUQ3EHk5zivKZvHUtzBJGH2OOc92HpWbaeJ8zDcQN3B5zk+tfmeP49XPyw0PpMPw9/Mb3iPX7yWXylk2bRmsbw28Wsag6yShnjGenXn/wCvVm7tU1iGZUHz4+8Pf0ritEs9V0TxA0kS5hKFWOe+c/0r5HiLP4VqLSndnv5fgFDSx7Tq8UtnB5TtsjYDmuRjt7WPBiG/dyTn1rd13UpdS0VY3QCUYO76V51ZaxFYs1vdkhx7V+VOs57n0KgiLxlrdxpsccVn8zHklRnA9DXByeKp2AuPLwzDGMccd6659bs7hpZHQbxn5D6GnxGy1HRPmgCMHIXaK6KUlFalKCtqc3pGv6jeSGJCwCc4roPIbVWmuGn2rF94d19cVJp+jiz1K3W1wpnA/nXS6lpX9lmVgeLkbSwGPmIqqlZXGoaas8Z8RtIXYpISV6H1wK0LeGS6s4pljJ3ABge5qaWCEalLb6jgpHjn0BropWsrPTQti24h9wI9McVvGqlG4zz7xRei1tYYEiUSRkg4HNY/h23WeJdWuIspuIYHgcHvXQa34dupbUapfgpGWBAzyc81vaJ4Zk1eyisbCY4uCSFA7jrXZRxK5bjPLtdMv22WW2i/dt1I4AB9K1/DFmNV01zHJ5M1q+MDrj/69e13Hw1iTTZbJ2LziE4HQl8cfrXhdjouqaFPNdS7oXQgSKeOh6Gtade+wDfEelSyX0dyBulICsPUDpWDqlobeGGS7t2jVgcFgcGvWFu9DOrRXjzB/JVGK44z15rm/iX4psNRtY9Ms2UDcrCRex9AK2jVk3ZmiQz4a+L9I02G60e+BQM3mRuRwO2K6q88Q2rXn2aGMOr42nvmvn/RrBDcxs0hZg34ECvSdVMVuySwg9Bt9Qa5a9OHN5ik4pnfS6rFZxtLuG/OeBxkVPbXkniO3UqcLzkEckmvM7e4lu1JkRto/Imul8PXk1jcBMFk64Pqa0oV5U2pRexyV6Kat1PSdA8GvYSJdxTqqyHoOPwrc1htT07z41lLJImfX8KxJPF32LTWEqDzOdp+lYsnjwXyCKWIZAwc9ea+twWdUorm6nl1MDOTs1oYVteazezebEpYMcA/dwB7mu0iu7tGSK7k+V/vE81lWetWRs2jjTJBPHpmmT6rb/Z3keI5VOB71NPFUubm59y6mFbjax0J1OCMNbJLkgfdzXNT3c9s7SRnA6nNYum3ovbxXcCPb613uo6PBeWnlQSBnIzn610U19YbSmZcrp9DjRfRX0j+ZIQwXC5NGjybr37MXz1GKsP4Quop41LZZ8AVrW+irp8/yoBKDjcfWuLGZbVguW2p2Uq0Op//1cY6rLuKkZq0mtzoQo6HiudXPHfJxT/Lck7R0NfHtHsKp5mlfaZpmthl1K3SdZBghh1+tcJP8H/DW97myt44CRnhep9x0/nXe2zMnLt+FakNwWOwfdq1VcdhVIXPk/xh8JoZruKZYV/djJCqBx9OnPtXzB4+8Iz2WoPc2kAFtu24xghh1BGPyr9T9Qe1liEciK7c4OM4rnZPD/hfUQI9X0+C4HTLopb88ZrsoZi4/Ecrw1z8eri1nikIZSuOcVUYNnPev1Y8V/sq+CfEVs9z4Yc2t0+GKlyyn2AwRj2x1xz1B+TfGf7OXi/wrNKsmnSXESZZXTBG0H+8Pl3H+6CT2r28Pj4T30OCrh5RPBvCunJeXiPOmUDBfXk9MV+oXhLSNN8BeCklaDybloVkkUnBMhHCkkZGT1z3NfKnwT8CSS+IbeW7QwRWOZn3jawZSAgII/vEZr3j4u38xls9Jtmysrb2w38KdM/Un9K9J1YJaM8yrGUpHz98S5IdI0xIGfzftvmSM2fmyCD+PJr5hup2mdlDfKfWvVviTrcmpaklmjq0dkDGpXnk43Z+hGPwryF/9YQetYx1VzaCsrEZB4GcAVoW6bUJ6+9Ucbvl9a14dvlKVGCOpPeqLEkfIFRhMngmnSnocflSRDJK88mtDM2rJcbs962VbAweRWbbjAXHatBSAK1gjnZcSVQuDxQrDJz3PFQE4GTjBoDAHjrWpzlwOAeTkdhSTSKoJz1FVNzYypqvNOWwD2qrj5WWN2R1qeEMTnqKwHuATsJrTtZyqLg7s0ospRJbq2t3ALEqetczm3NwRKxCZ61tahd+VCz9W6VyUkhdgcdetZ1GbHQT6Ykg86ykyfTpXt/wG8KXmseIku3i8wRny14ORK+ArfQZ69q+dFvZIiAGwFr7e/Zc+Jnhrw9r8UWqoYlB84OxGwyKp6n6fqB61k2Vdn2Z+1D4zX4a/BTR/hlp8givNVTNxtIDbQMuTzn5nPPrj8K/NPw742+w6nHGtwYiXG187NuP9rIxmuy/aO+K3/CzfGtzrlq7RWkSrBDGScbIycEcn73U4/8Ar18vyPM8pl6Ejj61yww6lJtlqq47H6CeGv2wPE3h3VIdLkZdSsYBt2kA8EcEtncR2OMfX1+0/Avx68GePYQ00babdeX5jAj5MZ/MdeO9fg79uubW4WdW+depr2Pwn8WX0fSr21liC3Mke2KRf4cjnIJ59RWk6Eo/CZ2Uj9yryw8O+KrN43S21S2TIDALIRnrg9R+deIeKPgJoWqSm50a4FpMV4WQb1Htu+8P1r80fCXxc8R6Jsk0nV7iH5923exAI65yf8a+0fCf7U89hpaXXjSKKYSEBSBtbHrlT/Sp9o4/EiXhpfZOW8VfCjxT4c3G7sne2XkzQgyx4z3YDj3zXm2niTT9UG5cYPGD1GcV9++Dviz4K8cRIulX8cc8yqfs8zoGIfI2rzhj2IGetXNe+F3g3xC5lu7P7NMQfnt2CDd2JUZU4+lVXXOrRZkrx3R8gRXYCFn9arpeNJdtEik5xjjpivbvEXwP1i1DyaHKL2IAkK3yyfkOD+FeJwvr3hPWXmltBHLEcMkoyeM9uvfrW2R5TTqV7Yh2Rz4vEzjF+z3PoL4X/CbU9cuhqmpgwQI3DDO7GCCF4/U8elfpBY6TYReGP7Lt4xIn2ZlBZV3MWTAzx9B9OK+Qvh/8d/CF3ZJYX8J0yQ7Vx96Pgdd2Fx/kV9TaN4n027sV+wTpOhAJKHOM9MjqOlfT43DVnUVOjH3F2Ouh7BYd1Ju8j8/3+LPiD4aeIL/QJokuraCdhscHd1I4II4P0r2bQPjF4D8V/u7pxp90/aXhSc9A/f3zXzl8fbO2sfH98VUATMHz67ixrw+WcQqfKYoSexIP5ivK4hjOlVjLujycBKMotxZ+lOpeFNN1S3HmwwX0JAKiRVfGfQkGvEvFHwN0i4d5dM36bI2GVG+aLPJOOCw/A8V4D4T+IfivwzmSw1GVQ3VZGaRMemGJHavofw5+0Xp+oRLZ+J7Exu3yiWAApj3BOR+Ga8L6zCXxncqUnqeQXuh+J/BMhfa5WPhHQ5GPTufzqI+Pra/gNh4m02O8jxjOz5xnqTn+mK+q7UeGfFEH2vSNQSXK/cyNw9ipwRXA+Ivhlp1+khktTG5z+8j4AJ6HAHNYyhf4GWnY+eP+FMfDvxwxn8GamNJucbmt5TlSx6gKTuGPYtXm/jD9m/x7YqzW1uuoQRAs0kDbm2j/AGWwc/nXsl58G9csrtbrSLpbkMc4J8sqR6jn9Ca9xfxPN4A8EA6pi4v9uzy+z89s9lB//UaSw8X8SK5uh+UR0dVDJ82V4O7g1y+ppdWQO0fLX6J6td/Dn4gQhdYsE068YHa8IEZ55OSAQcnP3gcevNeT6/8AAK/ltvtHhm7i1KLk+WzBXxngbvuk478ZPauSrhVvB3M7HyDZaWdW4kbEnXjGcV0Edo+knFu5cDnBrtb/AMNXfh69a1v7F7O4Qd0I4rHuYhcSFsDao6g85rz60JozZki6Fw2ZlCsetRS2djJIHdtp7YqGRdspjHNVXnWAB3J4PeuVRDlZanht5ITbhdxNVI/DgEJKgBuoq/aXVvcMJBU76nGrmIggilKchE9hYyW0G0vlj2PSt+OZCPs0uCF6Vz0uqRrGGVScdabDqFpORl/maseSUh2Z0BljXJHOPSsq83XbhgM7aezIg3I25R61A92sS7k4PpUqnYLMnh2b1Zmwy+lNvo/PCNC4XJ5FZk11JOQVATnr7VWaafuM46cVQWZ0D2MV7aeUxBKc81jT2DtC9soye3tVvSZ5pDueMkKa25SXbzEG0rUrFOD0NDxTVraa3cW8zFOevSqS2d0XWGI7wemTxXpGv+H7vWpo3gdVA/vVzJtZref7DKMyJwSvNe1QxikrjOc1Tw/dwFJZcNCT970p11YzXOnx2+nDLq3PrXpun22mTgxXW6RVHKt61WS0tbKWSeL5UXpWrxd9BXMLSdKaCw2XUQV2/iPWuZ1DQHllLW+NpPOetekRg3RMjN+7AzXK3V/bG5dLftxkUU6rBG34UsbmyhWJ2Dk8kr2Fe1eGdIlnnklYbYwm4k14no0N3PcRJZuxkcgdOMV7xFftb2a2co2mNNpKnk/Wsq89S4Ij1m1hWAi1cSMQSQe1Yek3iadcmOTDvIv5Zqq007TFQS2en0pl3aJDMLiT5DjjNc1nex0RO3S3mVTcqCxcjGKzrnSZxdLJcIFz82R3zU+i6+kkAgfL46D8a9v1HR7OTw3Y6rAAFaEbmxn5+a68L1b3QVat7I8607SLea2MaPt7/j9a56b7bpV15FhIFcHJyeDj1r0fRNMnKJK+AoOffFMu/h7e3XnapaT7wzbtjL1z7114ODqz1NMViI04bGVoN8NZnXT9VsomKgsXTkZHTrk19TfDHXfC2lJd6b4is/Piu0Ee7AwqdCCpPcE14T4T0G504v8Aak2yNke9dh9nFgkt6xx5KswHrgdKeKko1bR2R6OFXPSvNHsWp/Bn4ceL5Z5vA+sraXCrgw7ldQQeTsIDDPscV84+LPgl8RPDN0b6a3a7slBczW53jAPQqOeetfG6+PfEsHip7vSL2UPLMXARzt3ZJBx908+oNfWfhH9rH4l+DooofF8B1m0U4ZpVHmBfQnAJ64yTwO3r6tCbaueJiKUbmf4Uukg1Ey6grRyxMQA6kFe3Q817FbeII5LmCGN/3RbBU9Oa6TRfir+z18WwP7YWDSNRmTaCxWJ1JHVXXoAem4DJ7YNaeo/Ama2jbVPB+rpqEbJuSN8AnuMMMjn1OKzmru5zcso/CcbfWui3t6QkYjY9SndvoKr3GhTD5oXDD8j6dO9eaX2m+M/Ct+T4hsbi225cvtOzr/eHynmuk0bxnNqDFdoDxjJIPbpmtYJdSvrcye5geLEcw2j3rldT0awuGSUxgsT1HFdtJ4otbhxDOquGPcZqeLTdO1WcG2cJ7VnUheJ14fFXep5p401iDwb4VvNWUhGWIRwgDOZWHy8c9OTz6V+fl/cyXcsk8jEu7FiT1JJyTX1Z+0eNWsLzTdEuFKW3lmQYPEjMQM+vA45r5LRJpb3yxH99goH1NPBR5VqdeIrqVkU2bkVBLvGHx8vrXrcPgSWIJduVkT0Gfyrqr/wnZalYx4tEjK+gCkn1PrWdTNaUZcpwto+fY5ZEw69fWvWPBvxGvNHeO21CQzWQwuw/eXtwecj2x/Spl+Hw8toUJBPr/D+Vc7H4C1OO8KSqEiB/1nOCPbjrUyxtGW7NqdTld0fT83inT9Q0g3GmzhhIMfL1/EV5szMztI2D9e9Z2heG4dJzKtw0u7qp4H5Vr3gQyF41wv6VvgMZTuc2Mq+0kmUnORuyBzjFWLBDcXSxKCdx6AVAPmIGMEetdHoC7N8wTNevVq2jdGdGhzzPS7WWGO1jhZPKZVxgVcjYPyCCo5zVO3jE0CtIOvelNliORoWK9sV8jOep9ZBaWM651W1uJ3tAu9lBznpXJatpOk2tpLchdkpGBj1rprfR59Jje4njy0xPI5ODXGa3exatdQadbnkHDA/3jSuZ+zRxmmaDfSwS6iVIt03Ek+g68E5qK2ntrjOz7q123jrUotD8KLp8XzNcYibbweQSf0GDXzzpl9cx3WdzbV6iumnC5xVKdj0ie/yGgRiqqe3FQi4vJI3iicEHueKxYLzzHLlcsexrVFvcOBtUg1up8qJhRuaqwTQ2fn3UqsMY2rU2lI9yXLr8icKpHX61jXN3pmmW7i6ZpLo/dQdAay7XWL6NvMgfymYcjrUV610d+HoWO21Ozs7aFH1ScW8ZJ2RIRlsdjWCfFkxiS10mBbOKLIJHLN757Vy08st45edjJz95jk1dsdNKHe5PlnkLXnzPapLQ21iuNVukuZMvI/Bb1xwK9q8MafpuhRQytEs9w2Dk9u/HpXm2n30MWxYEzKSFAA6Zr1Xw/pl1qUyPct5K8Zb0/wAa4K8+x2UYHpOn3d9r83lXSiOONcIevTpXoXhrw9b2dwst7IJ5c/KoPAx0/GuDhltNKu1sLL/SWYclf4fxr1jQx9jRJUxJJKO/avLry909fDUdTubePG2JE+Zj+VdRZWMsJEj9ayrAfZVWaUZkcZFdJazySHc/SvBq1T6fCUTZguI4l+cZzU63iuQEHymsmeRSh2in2qkgY6CuRo9eELHQRSIh3ItSSzSXEm+U5wMD6VVhuIMeV/F3NTZVDksMVnJmkEWIbYXDbN2zFQTsYmKJ0XjIqCSU58wH5R6Vmm/ld2VR171jOZvCBs2dxGchm5P41cjupbUnySMHsRXOwkx/vGP4VNI090mxTway5zp5ETzTeXJulG7d6VZtZNzAxEqTUEempAqtI+9iKuR3UUa+WkeSe9YuRrctxxjzc3D8GukivLXS2juLLbM0ZDYbkZ964iRZXG8ZOKu2pwn73rWsWZygnub+paxHqV212tuIC/VVOQP0FVBqcsH3VBz69KrjDuNq4FWtiM23FE3fUIRjFWsZhv5POJ2DDHNPa58xvlHNXbq2MOFkTY2M4qkseDwOD0qDsjNMsWVozEu4qeeOEyqgGMU6KRolK4qWVVliEy/eHBoLhfmI7feJ9sXftWp8yHJOCKyLctGwlBw1XWmldsnnNaXsVJXehca+XJB4NPtMOHkY54rNaCXduI4PWrkeYVBTqarmuOVNW0IHvTvMBHzCtFWaFA2eRzVeeGN189l2uKyLnUZBKIv4ajmLjDn0R3WnSXF0r3BACqOcVJq+pfZ7VPsuPnPNZOj3jxQSDOA4rJvpRI20dM9K2dXQ8yOC5qz5tkWbbdLfxXEg3jPSvVrPTVniby1w5HArz7SfIhRJZBwK9R0zU0j2vFggrXTgbNtSPH4gqz2prYzRaiCN/M4K1AgEqloBkDrVXVbyZd7I2Sx5rO06/MSujHAP862lOKdjhpYacoc/U7TTblIWMbpyRitAANA7OuMmvPW1W5gkWWIZIPpxWgfEx8spIu4v6V0U8RFKzOOvldRy5odTahs94f5iWPSr2kOdOcrJy7cH6Vm6drlo9sZHBR+mKj+1S3N1+6H0q7q3us56lCpLmhNaHYzhbqAojfMRin6CbfTpGjuBkmufVru1y/er1ukt0nmkHea2g7M8irhlyOLl7rOxS5VZnYNlGqW3ltY2M8knA7ViS21xb2+SOD3rOjsbmSJsg7TXa6jieR9VptfFody+oWcnMDA0hlVl55B6Vwwtbq2QeTWztvBbK4PIo+tSb1RjUwEI25ZG4k22VA/3Qa0p7khMRc1xZa7cYI5qmLq/hl8pieTU/W5JaE/2Yp63R0KXzxzujVce7ATc9YAtJo2+0TN96oGujJJ5QqVXkbfUoyehuy6skADAZzQdU+0sNowBVGRbYRqZCMjrVOOeF5SsTDBpOqxQwsGrqOxckv53JKN0FUoitzIWlHzCrKhY5NmM5qoS0VyxVcBqxk31OiFOOyVhP7VeNmhjH3TWyb65miVkUgjvWNFp04JuGAwTmuoNxbwWIRuCRWtK6OfGezTXIrsge+KwqJeneqN1dltvkfd71FcyoWUDkdalu57cQDaPmrSU29WRCik0+Uq3l3IISISVarOl6jfC4Q3JzHjHNV3icwLNjGa27WE3VuOADWlNyTTRVeUFTs0jYmZJkLY4Xmq8V7bmPDfKVpbDEZa3c5PvUk9hDIwccCvR9nKUXUvqeBLlT5HsU/OaMNNEMg1Ibtvs4YjljV7yIzH5SHGaqakqQ2oIHSsfYVOVu+hcZxk0rDrC7M5ZGGNtaDbVUuevSsTT4ZCROBgGttgWXaK7MHVfs2n8jLEwSnoMUc5NOUo5IBzimDzFBDfhTflhzJ2A5pQl7P4lp1MeVbFrgDJ4Aqhbqv2l3V9wbtUct5HLAdh5aqumRpEzSl8sfetKmPg5xUdkdEKDUJNmvKhdSp6Gsx7nbiFgQBWn58eSuenNZF5qlpGNg+YmssXOm25xkGHpybUUrl2GeLIQcMavRoVB5ya5pJsqJzxzXRxypIgdecijLa0HK0mGKouLuPlXchHrWd5kNjCc85PSrzSDaT6VjyAXsjKOMCtMdiry5osnDwvvsQLq8cjPnha466aGW8Yhs7j0roU0WRp3DnC+vrXGX9nNb6htjy2D1FfOVZykfT5XCjzPkfQ6/wCy2jmEFMLjk1X1hLfTogLZ/wDWcjJzVmeG4u7WPyPlyuK4HUBc26A3DEqpxzQ7JWsa4Ch7Sory26GZbXjWMs2U3jnmuc1BZJ5DJHkK59K66ymiktnhaPIJznHNVLsxRKF2gj0rz6kFsfaYatyVHpqcNLE8cRMbZx1rLsxLA5llJJP3R9a1L8Sws7r9xugpbW2W6jeV22bBnFcVrM+rp1VGDb2Yr2b35DIccZrDkY21wEfntW7LdG3ARDxWFeBJplkPU1lUsbYRSvrsIjyPdJEnzBj261RvbnbMYIySwODn1rRjUxndEcMOh9Kq3FvHIDKfvk5JrKXwnYrcxAzlIfm61mT30cJC7d279K02lUrtYdKzZbaByWI5rmkbx8x7XG8ALwKjJ3ckdKjtkUPgngHoa1JYYR8yHg9qIjlJLYg8weTsJ5rJfmXax4JrUkSNsbe1UZPKQ/N371EohASOK3uGKHgrV6DMC4ArJIEcm9OhqdLnBAfoaSViaiuT3ZEqkYy3aobZmClJR9KmuJoU+ZOlVkuRLkEVRz20Lk0KeUSjYrPhViu4HODUskoRQD0NPgIHCdGoMk2kWWliaP8Ae8YFY3nb2weMdKu3CEsF6iszawPFNtmcVfc1bYRs24tgVrOkJtyQf3iniuchcqVTtmteXzJBsiINaU2ceIWqFgMa+Ysow2ARVR0IIOODWhqEkbGLyh8ygA1VeYuAhHStWyKepqtIk9ikMg/eR9D7HtVWPdDExxkdPzqKO5VE+foKtWV5BcStYynas3G70PaqgYzp7k+maDLqsV1LBEZRGFJwcsCc4+XqR646VwOr2U0Ms+nNx16/qMeoPFd61pqekOk0bkL1WWInH0PQj6Hj3PNZPiaK81SzGsMu2a3wJSB1VuNxroseXd3dzwadGikaGdThScY6+w9qdpur3OnzNbs2+KYFSsg4ye/tW74phit5IbiA/wCtAL5/hbv9ahltYdRsoZSNoQ4LY/zmuiJlNnifiNtV0nxGNRsYxDNu3rlco2D39QR7V0//AAkVte7JJ4hFJMuJY85TOP4T/LjivRtZ0K31nSWtZiJZVTET9BgdMHtjtzXzhLJfaPctZ6xGw8t9okAzkA9c9/pXV0OSbO7nje5t59PhOYZezHBH09a9f+H138M4tCHhrxiX0+/tJGe01BVyQHGSjqSEKg9uv0614Ity0KC/jm82PjLKcqM1c1IXEkMElwyukyB1Kn+Fv61c7tWOGaPQ/ih8BNB0nXvtemXMMst9Cl7HGoMSujkgsEJypyPukH2x90fOXiLwR4h03UbaGGASxXgYIIiOWTqoJx83Tjv2J5x02v8AibxJcRWxi1B5ZdOj2W5dySidQoPXjtmrNn8VpPEtqugeNkS2lkUrHqMabV35GwyoOmD/ABKQPUAZYd1KdlZnlVqck7N3PIPGPxF1t9Rs7XLC6tA0csdwu1weMg5AwTjnOea8p1mfw6Flvda0yVmL7g8UjKFLn5iDxyD0yDX1R8SNE0Px1YW/h7xOBY+MoMQ22pRlfIuVYgJ5zDk5B4bHvxkivnDxH4Q8X+C7ubwh428i5jVNzxBy7GM/ddJCq5z2IJI9jXq0ZxaSOGpdE8GgfAnxZpV1PrHieXSp4Ygbd5oMs7HIZd8eASp2nDKOCeepHCwfD3XbGwB8P6la6vY7sF7edd4PXlCQPT+KqB+F96syXOg3a6jYTBi25ljljI6KwJAJ6cjH06VTtdIvtFvneXUI9LkjO1jHMTuHUr8v3unI5rrgknozlnK+5iSx6hYXCjVdPkUZwZCjDnt82MV6d4T1CCH95NI3lRg7FPKhj0ODzWNfeINJuGhhbURbsTtJAyh7ZwabJYvoCBrlXuIZuRJGeD39aqSciDvdO1+YQJH4gtVawv5CodGKlDnBIHP8hSa3ozaOTf2EnyTgeWR8px65Hen6X4h8JT2lvZX0LOHTY/nxKQm7jMbBi2c+wqHVTLapHZQASwRqSgzlmXsPXNZGlNXHaTqt09tFZsjzXL8CQYJz6epq9/Zenx2t2Jb1fO/55Tr5bq3cDJ5PXGBXl1yJ4gt/YGSIoQxaIlCpHfK9DXpOmeKU8bWa2l4qS6taBixYKhuUGBuyoADDpj8fXGiZLRz015r2hlLi3kXylfepIBUH3x/Suwl8Tza/apM3y3J67M7PyOcfrWNe+OtAvo4dMbSrSzjI8pgyM2R6nOOfc1TbTZrSNrrTJbeRH4UI2f0//XWqqnLVoRn8RzlzrkthNJb3nGPlYdflrzzVorqJ1IbdFIxZcZwBXdapo9/FdjUZLRp4CPmK5Iz71yguDeO6xx/KhOB2AroVUxWFUdirrf2i70u2jeTdIHB9eQK5zTbdI1uYiAXZSSe+V6V0Pjq/fR7i2tIFG5FDFV/vMOK89sb28udWhjJAMvBHfmu+g/dOTEL3jf8AB1i2oeJlt7pA0UaNNn3UjaPzP6V7LGDDvjT+CsD4Z6Tdebf3923yJiNc9O5P5cV1Fy0C3BMBzmorVm9D5/ES96xf0a2W6kM0o6ZB9cZrrtRsLCOe3lZdwhAyPXIJ/rUfgfTYr6K+uZJMeSI8D1LMQf5VQ8T3MsWoXMUCExAlD7bTisqFe0rM4MRTvG6NaKYb0eFtyp0XPSobvUYYVzORwePrXG6RHqFnayzXByWO5eegpXhbU123Em05yTXp+0lKW55rR2Vjfm/uYoLfaVY4z3B9a+jPCtg66fb7yMjqfcV8o2CxaXepJYHcU4Hc17x4K8SX8sy2txHmFiefcivvuGcyjTmoTVz5jOsJeLkmesXN8bRXLfNtHXtXB3fjSa3vTGE+QDr25r0F7e3niKSpu39RjtWLqPhu1uLfy0RQykYwB0r9Fx2Hr1FejKx8ZRqUou00ZWh+Lbe6l8q8IBJyMDqDW3rGoIlsbiI7snbge9edt4Vv0Z5kIAiy3oSPaqf9pX0iGyg2Nt5wx5zXymMzXFYaDjiFofQ4LAUpyUqZ3mm6v9mzDcNgt0HetubUGjlQEfL1zXJanIr6ZY620P76RBFJjoJUHzc9Bnkj2rz248dT3MxtkTYFOADjnHvmvHwvGTjTfOd+J4d97mij2rVtRgTTy7MqgjtyQfTHpXzn4n8STA7oSHCkgjP8qua5r0wsG3SbB3wck+3tXiuoa6Q7kAFT2PX/APXXi53xZPFQ5YPRHZgcpVOSbRp3XiF0Zc8H0Iqxbam13fW8aDGXXnP8Vc9baXqGoRxXcSgRMT97rmu0tdEOmmK8CGQBuOOM1+dYqufSexR9JWWi+VpEElvIFEqBiT64rm7u2k09mnwZvMX8q4qz8aX155elEiEQ9Mn1r2ZXb+woIZ0DzxqCzDndn39q8KvUmndlKNjzaTXILqAW8cm0ocEdDn0pPEH2KKxt7trcM0TYJxjCkc5rzXxJb3mi31zM0pyzntwM816B4ZvI/ENq325dw24Jx95q09mlHmRomcDpiprer3E9qgSKMYYegrqxZrZWwhjk+XPr70mkWNnpU92kCFTOxX8jXStZWTWBic7ZX4U/SipUuSca+uCwv7fe4JQgnPaupv7qbU1SZOVJB4GeleLeNLHULLUSRONoAIz3FepeEdV+16HFcOASq4yPUda0qU7R5wscV41uVsbmCZkwX4c+vHGaraZqccRjc4ePOeD2966HX7SPXtRPnw/IADz0z3rTsdM8M2+nTo+xXCnByN3A6VUKiasTBDta1iz17wymmWg8uR5BuUdMCuX8Hw6l4a1eKR7knyjyM8YYYrj5J/ssjpG+1EfqDzW3e64Lfyrsp5p46VoqclojVI93u9WuI9RhkmkwZT37ccV85/FvVjBeX6QT4E2GHpyORVzxH4z1S+ntpbZfLjjHOOSxrybxHfy3clxFfwHL4Zc5/GuzBUeWd2TGOpgeHbu81C+exhf5ypIPrjvWJrEt4b3ypH2lDg9uldH4BsZp9beZEKGGNy3GMLmuX1ss2pTs55MjE47g5xXuSS5tDphE9Q+HkMKapbDWmzC7dR0+le861p/h+cFbJsY5weetfKemXExtEUMSqt17+1ek+HtXnGoRi7Y+QPvg8/Q15WLp3lzIzlSud5qOnRWexI3DBlB68YPb61z2n3mNRiK5JDHIPfFS69ftezwWumx+Zu5VgeOfX6VRh8uwniuZlLOpOfYj1rOk/dEdRrcy3aBdoAHGRWBDBDASxyW4xzVqG8huUedyEVjkVSu57UsHjf5T1pRZfKjailggt2dBhiRnNMm1LfC0QUYbv3qnZT2sp8ssWXPSukl0e1ARnbAcU5SDlOVjbyiJ1P3TXpXhqa6vzgPgIma4Z7UwQyyvgmME+2M1c0HX5LCYNEBnn8Riu/A4lRqJvY48ZScloevRyBbi3lMgUqR9DVy5ntcTXK4IX735dq8L1jxs89xvVFjUH7oOSDXVaZ4gDWUUlwqhe7HjP1r7b/WKEZaK6PO/s6XKf//W55rEhS8J3e9LGCi4f73U18ueCv2j/OhSz1e380s2Mlgh257HkE+xAz2r6E0jx/4M8QTpDaXoSVwAFcgEk9uvB9jzXzVXCTj0O9ST2N4yHPXFOe5VVIjPz96L9l2qIFyPWsqV9pA5yetcnszoTJpbpx83rT45Xcb8ZqgsTuT6nmuy8M/2Qjxxawu+Dd83ODjt+VVyjM608RyaQRK8hDDnbnGfau2tPGGja/E2nXzoxmXhJMDPp361s6n8NPCfi6xa78OXbJOgxndlGx2IxxXk1/8ABrxvZiSaK2+1xKOWjdePw9BVcgtGb0Pw4MF3Ldac4Pn9gBu/EjrXBeOvhJ4gufN1O3OWjh2hifu9TkrjdgE8kU/Ste8f+Gbl7e7t5Yth+7cKxx6ED+vcV7V4c+KwMYXWbYKWYBinAAPsc/l+tXHFTWhrRjRv7yPxv8ZaBquhapc2OoRlZ0lbccHBOeeen5f/AF64WWGTdvr9r/FHg34WfEhppLm1jE9w2WOBliBjPOcY7EYI6dK+T/GX7IcoS5m8K6i9yi52RKAXQDuST8wz2AyPXqa9bCZhZWmedi8NFyfs9j890b58DqDWwhxHj1rqfEPw38TeFb5rTVLKSI7uHdDHlfXB7dsg4965sQvExjkQgrXs0q8JL3WeVOlJbkLLtGc5qa2DFiw5FRhCz7WrRt1CYAHWt7GLNCAbatq3FQKDmnAHmtTnZLuIOaXeCDkc0zkjANJwgOKoiMerHtKoXB6VTLjLf1qOWUgjvmq8kiqPrTTLsV8StIXI/GrsLFEZs8VCgYLyeDTpGCL/ALK1EnYTK15KH2luhrEl5Zj0HarE0+5iFH0qByPlGPqKybN4bDI0wwLDcDXc6MHhw0R2KBXJWoLShyPlFdragIgJ71pTRNQkvx5xDtyT1zUCwR8HGadIzE8cEVahCgAnqa35DkZhT6YTOTtyj9qhvtI+zwB0NdZGN8mc4xV8xRXCFdvBptdBxlY8tikurcs0RYDHJra/4SbUJEhimYskY4ySa7NNLhjjYsoI7iuU1fTY45P3a7QRxXP7I39sd74V8bW1pOrM7oyDIIO059q908G/tNePPDl6TbXhurXOFiuBuUD3r4z/ALLuUiEq9B1561XW8u4MLE+Chziuf2HVGjkmft14N/aQ8N67pgvfEMD6avygyIN6MxAPI4IyT2yPevb7Z/B/jLT5DbC11WJgNxVVaQbhkZYc/TnFfgt/wsC6udKttHnfyoUfcwAzk9R16Y/+tXuHhn4gX/h2zt73w5rMtu6YwschA9/lzx19KhzlFmTw66H6Ua78HbCY+b4dmNoQP9XKS6k9vmAyM/jj3rzaWz+IPw/neWJJIbdsDzYiGjyOnOOMe4Ga898Cfthz20seleL7MXsUaqguASZGI4OcZJbpycD1r678KfEzwZ44to20q6USyZVoZQMqw7AjIJ78Hoa9DCZxUpvSRzVsM3GzR8eeMfEOp+I9QFzqjmScBU3HB4GT2A7muMklHAkbOK+7/E/wy8La+JJ5Lb7NcyjiWL5cY4yV6E186eKfgRr1osl3oUiahEuSI0ysuMdSp4OMdiSfSnnWPq4vllLoYYPDRpJo8khuYxDh5MgetZ/29jMgVefY9RV4aHf6bKIr6GSNs4IZGGD+NOkijgQyBAWzjPvXzNRW3O6Jr2WrXujXCX1lcSQTJ90qSf55r2Pwv+0J4l0+RYvEAXUoOAS5w4AOeD0PHbjPrXzdc6uB+7kGKjspBczhc5Boi2thySe6P0u8K+LPDPjy3WSKH7LcSDOD056HI+vIxx61lXvgJ9e10zXiRXlhCAu0MecZ6dq89+FtkfDHhO41q/UBI0aRSf8Ankq7s/ieMe1eEaX8WPFmjatc6hYX0iLNISYy5K4ycA/TNd0sQoJOXUw1ex7z4h+A2mSTO+iXMtlNlm8ub5o+v3QQAQB64NeVXng7x94HnkuRFKsAHM0QLxOvY/h9OK9n8IftKaXegWnimxWIADdNH8yk45JU/wAxnFfQOlah4Z8UWIuPDl9FOq4JRWDbSfVc5A/DmlajPWLsZXaPiFfGNlfwLp3irTo76HgMGjBwf7xDHGa5bVPgt4T1iGW78JXzWLEErE53p9MH5vbO7FfZ/ij4W+HNYjeS808W8hPE0CquMf8AAcV4fq3wr1/Smkn8PyLfQpkgIT5wUf7OAPwB5rOpRmul0XGdz4f8SfDPxV4ZmM+pWLPb7gqzQ/vFbPTp0+hry3WLZjKo2ZX0xX6AW/i7XNEZrLVLZ8rkFJ0ZTjp0IzXN6zpHwt8VIzajZLo99KQFljUdcEcgAqOTnoD7iuGWHg9tBnwzaRsMiNCNtXpUEozIMMte/az8Dtf09PtvhmdNdtyuf3fyye4VRkMfoe1eE6/aanpl2bO6tmtZVOHSZSjfgDiuaeCaFYxr+2xamRXwTxgHtWLZRxrL5jSHODgdRSSXSyO0TgqpOOOmRWpYxR2294l80OOc8ijWK5Rj5Low7AxZi3HFdCqbYVdjuJ55PaubbUbOF1Bi56YpNOn1K91IwouID6jtXNOmTex0EwVV82Mgg+lUjcYGZHJHYUuvxXWiw7RkluRkdq4h9ZnY7SoUkdazjRuJu56PFqKCNUU4was22oJIkjs3K9a8whu5pcneFA7VrW90beI3GQ5Y4xmpqYVdSTv7W7juc7RgVm3MFtZTtdhcF+c96z7O4ziRTgN2q1PdW92fIZufes403HYNSynk3NuZOF4zkday54G2bpegHT1qeCzWMMVfC+nrU09lsiEsT+YrdfaumlPuaMybZGuwVi4VRzzipl060tvlMAJcfe7g1Rnsrjdutn2sTnI4rq7C1X7MDKd0oGTnvXUqlhmp4FlsdG1qI6gQ0Mh6Hmuu8Ya7ZC/3QwBEJGCvcV5zZxF79JpyB5ZHT2rU1dzcurRJlT61jUnqCmWrTU4Wm8wgKueueat6lL/aZdidqovQdwK5SLT2BbB+U9vStGBvIdPm34PT2oT1NY1CzYRFVQ2nG31r3pvG1vJ4Z0/RoY9n2bG4sfvMoxnp0Oa8Yt72FZfLCCMGs+/uGgd3Q4QmlOo1sKcj6Z0TXLXVb+30tcR+ayqM9Pm9jivreafw/bWB0sYxFF9wgZwBjoOetfkza+KLq0ugQ5SSIhlPT5uoOc17F4T8e6tcTS31/dFpXGN+T0z0OSTW1DHzpK5hWi6skpdD64uYLXT9NvvEDRKQkbhAezY+UfUnAryvVPE1l4h0a90mVGt7iRMJJFhtr9QxzjoQD9KzfGXim7v/AA9p8Fs4+zkqZMNncwBAbI6j+teZ6TrdppdxNJvWWX+61dCxUXqzqdeS0ucLoHwk1S38RrexzJdwQZYBBhie2QeBz15Pp71W+Kc403RTatG0c07FCp4KAA5OOteueGfFG7VJI48I1wCPl/Ou08Q+CF8T2jzavaQ3kez5QwKycc4DDBHfvX0WAxkHTscE5NzTZ+bMd9d20ilZGyOnOK9c8CfHf4heBpkXRtTkiGRhRucEg8AqTj9Pwr0nXPgdDe+ZNpTPp7qGby7lSyYHPDYDAfg31rzjwr8K9fHim3a/tfMsbVxM0sR3xtsOVX1GT2IH5VcaalKyO1ySR90+E/2yUvbUad8SNBSSKQYaSMDnI5yj8EE9v1r1jS9B+A/xPikvfCWsRaXqc4OQjhDuHYxvx+R96+NNZ0PTLjT3N7bRlVHDbcNnsAe1cPF4FliCXujXZgkU5UFiAPoQM5rqq4Rx2PL+uRZ9f+KPgD4t0Am706T+14Issxi+WX8I8Zb/AICa4Tw7qt3pmtAX0LwpH9+ORSrjHscVxPhn46/FfwLKNK1DUFvrT7pWdfOAXoCpJBH5Z9a9y1j43aVq3gW8huraKfVp0KRyxoAUDd888DJwQfwrw62Ywhozro6O58+fEXVY/GHiibVLqMLbRqsdsjAEoi5PJ45JJJ/LoBXnV14RsLy+j1cJHmIL8jZAOO/HGa62e5h1SEtcnFY13fwwusUXMQGGZOcGvnamLqSe5TbvcPtQD/2esWI0G7I7GlguhFdZcZQDgVlOwR/NjkLA9c8VWvZxDZ/bZWKgHBNc78xF64umF6zxgsuc8mrn9qwJbGCaLBY4zjNed3essBHqETF4l+9nvilufFMeq2yTWatGQemMjitraFanR3Ds7EKCE6Z6VMbtZFFjGnKcn1NcTcalqmqR/ZVj2N2K8A/WtPQ3uNPympYLHqxNdNKpytMpwsrnRyR4AYA4FdtpHkywpBBhtgyx965y2tEvywjYhMDtVvTLS50uWSRW43cMO4969LE5neFjpwkuV3PVIlKqFbv0q2IldvLBwDXCTazJNtVDtGOvpXZ6ZMs1srE/Njk+leb7a57dPExkZPinURYW7Ip+bGF+tef+GdIiu55dUlGWDME+pwS31FaHjK/M83lQrnadn1963rQW+i6FJdOQq2sLSc8ZYLk89skV10JXdjab91s8S+JV3arrUOny5cW6Bz3+Z+v8q88S/sLYlhFwx6nt9ai1HVZdYv59RuFw8zsx9snOPwqmAskozXu04WgkeY5HU2F2rTkxjP4cCt464yRtFtzJjAbtXMMI1hXyF2twD70+QPFCd2CMVyVjoonPyRXdzdtcy/Nkk7a6KzRWjDMuSMZzUeiWM9yu2bgDOWP9K0tSubSyxb2h8wgYJPY1yTmehSYqwFANoGw9vWtOK1ubt1giGc8Dvn61zUZu7vhDt56etex+HZLTQtP+2zxrJdFeP8K5Zu56FNEelaXYaIguJ/3lyei5zyfb1r0aW+vbWKJQnzSAfIOoz/WuR8PTWqNJ4j1NlmuGf91Hx8p6k4+vT2+tevaDq03iB47j7EiCAjoOSB6/WvOxEraHpYeOh1XhjRZEtbYPHidgC475PNeu6NZorbHGMVy+nXBEmUXazCu107eZATya8XETdj6XA0ludVbpG4z3Fb8TptIHU1jQFRhMc1qLKqAccivHnufQ0VYieSRpljIwK2YjIIyyrgetZW8uxkIoF/PjyOoNY1DuWpoAsMsOtWFZ2UbzwazIhKwJwcVoKJCgFcrkdMIIiur5oEEI6UyG5Q/cGagltZLiTjp3q3FZR2i/M3NYyu2ddo2LEUbSEB2xWjG0K/ug341kB93CnitGG3UrknmqYi2ZI0bD8iq7SAvuj4q60FsIsMfm61SComSDxXO9xxNKCfCYboaeXCngZFYjXCs2B0FaVsomXlulVCoPkNeG7j2bCMVAs53tjnniiKBQ248gUoWIMdvBFatgkJdT3VzJ5kzFuMVowRq0SgjpWVI5ABXnJqVLpivXG2pOhxuXZJFyUY4qFJQoIzxWVdTu5BXr60WnnTnaOCKLmyguU6ezijugdpwRUr28yncD8q1jxxTwybVOO5roosmIIenc09zNyaehSM0nQngVI8mVXafamXESrExQ9Kr2sc5Kybfk96exspJosu88pEJbAFZVzbs0w28+tdCkKuxJIU+tUZQYZ85z70+UqlOz0LEbrboFI4A7VjyzS5YqMituRXkCEjJ44FWjalrd4gmCe+KXI2QsRGL1MW2vZZYDCTjaa9T0aNmsYmUnNefWdgkeVxlia9F0qYRhYW444ruwkLPU8fO5pw9wzr3ebnyxks1bMfh52WFMgM5BNXY0iluFWRM5PWugvCbd4/KHBxzXoU8OrtyPlcTmE0lTjoQarocOnaeDEobI59a4mXSAIhOBwa7G/vJp8Ru3tVNrW4EIZh8nWrnSg3sc+CxFWnD35atnPxwRxpscdOn1r0nwxo1obZryVvn7V5zPKFcpjJNd5o8yJYbEchsYxRh4XlaxOdupKj7rtc3LmK1SM78E+1It7ZCKNYBjHWs2zjke62zj5K1JLKzncpCQpFdsY6Hy04xjaMm2bNve2NwBGzAkdqff31paxbABzXELAsLuVb5gallS4uId7c7a153bYz/syHMpc2hqPcxxJvPIapTcl4wVOFNcRLPebgpHyLWlJPLLbCOE4bvWTqM9F5erJ3OjmmWNElhfc3cVVeXzAZSMsDxXKWs81vMRMasrfyefhOhqC/7Na21Nq4vJ3VFIJFVZF+fk4J6VeMsYhDtwaRLZbuAzhuRVMyjJRW1kZMyyCJstk4rC077bFcM5bK5roAyEtC/UVmQRyRXBTG5WNRys9ShL3GjpoFklnSXPHermr3McQRkXkVUtb7ym8p0x70XTrIrCXHHQ0SlY8X2bdRNrQ27LVLa8gEL/ACEetOuIYpAQuGrk7KITs0kbfdroLK7hFvJuPzjitac77nNicIqcnKmVo41z5bcnNMv0jheNM1HLdpFJ8vJ61UkMk04c5JpSlbRHVCk7qT2NxN1ztTPyCrg82IBbQ5xWLJc+TH8owa0NM1uCMeVInzeta06kdOY4q9CfK5RV12Nmyt5GZpJjhqYl6634tc7kbvV62nS6gZ0OM061to413EfN613ct7WPFnV1bmi0IwpLCqN4BcRbPeoru8w3lqeM4rS8pZI1z1xxW9uaVomHK4JSYRRCGFUHYVGlxvuPKA4FR3crQxhVPJ4qtYO6ztHKeQM051ffjFaII0m05s1ZGAGCcVlaj50kXlQjlutZfiDWFspEiVvmPQVDbazlk3cs9YY3FKc2jsw2X1FBVEiZbSWC3/e9RXPtHePM00chVQa6G61NpZBbrGemTWdBcNNKbeNOCea8+pDoj0cNOavKQsE8scbNO3NRQGO/JUKcg9as6hEsc0dtGc7xya2fssGn2e1ceYwqqdCUk/IU66ST6vYyNRkWBY7ZDk4p1jdm2cFnJGP1rSt7CLy2nuh8xHGaxLiAFGeMjCmpnTcbSRNGUZr2bJG1aQFmZsAn9KVdYih/eR/MDWGLYTnJbpWFemaBvLj6ZrOdR2PWpZfSk+Q9JFzc6hH5kHyIvJ9wKx7ciXVSZBlMYwa5y28S3en2b2xj3mTgNngcenf8609ClmvC8pHCDJP1/wD1U1NXSRjPLp0ozk1aPQ7p7iCNxApGB1Fcvr0mn3UDQIAWGK43VdTmF4RAT1xmoh57s0m7dgZNROrubYPJeTlquRoQSWsNvgqFYGqN1BFJAbuRRtbpVCSaOeRFkYJzzUmq3MkFuIY2DRkcEV58p3ep9BCg1ONt2clqIW7LpCoCL3rDuWmtk2LkDpmtmSKcqrnhWPX1qHWNSjktvsawjnHzVz1krH12Gk7xjFXRzzTZ2AcnvUs0KbFcnmo44xGn95jTGlUr5a/eFcbZ7Nv5R2FUZU1FIhdcKajVwG9DUbXqocYyBzVSkrGkYMybqN4HJJ5FVC5c7gat3dykzFl79qyZJTHwvGa4pnarpalmKN/M+fv6VqfZ5FG4GqFqCcOxqQ3jifZSiZTu9hkpkVht7dqqTzJMvlt1q1cSlBuI5NYUkLO/mp60mxosR3iJJ5T9BUpkRztTqayrkRxJvfrWQt48cgdW4zWM5GlrnRyiRDh+BVm0QA7j0qqLv7XCBIcHFQWUx84puyRWiZhJOxsyRmUkKOlV40mLfJxtq2JjGwYjrV2IpM/PHHamcMpNGVI0txjg5BqJUYPtPatLJgkzjPWufnmn84spwM1VxR1L3R+DxVra4ZXjOT3rNt5A4IJ61oRuE43DA7GtKbMK0LEm8uxLdV9K1tLgtL2f7PdzC2Dg4cjIz6Vl+cjphBzUBfawb0rVxscUn0NuPS/PPlu4QZwG6jNZ01r9iucH78Z6injUGEW3PAqlLdpM4CHmpuOLfU2LnVBLbnedtUrzWJrvTDawArKAyOcjDxtnjnvjj+tZU4BQiSsyWaWHb9l+6OtddKZzToRZyOsT/atNMEsJWRDkP049PrzXn9pr9zp7S6S5PlSHI7jP+PFerajfrdyBJowqgYbHc+v15rzfVNNjmujFGoLnpjjI9frxXYedJWZrWmsTWG3ennQvgspOOPY9jVPxToOnajZf2lp8jtA3+sXHzIzf3h/n/DKgmmji+yyDeI+ORyB6Z9q6DR9Ri0+c5jFxE4IeF8YYEEY5yO/pW0EYVqelzzyw0uLS4migiLQXH3zjhqWy+GOv+JXlbw5maCEAsu8gruHAwfcdq9G1kw+H7m31DSx9q0uV/OWJsklSeY26nI9cHI/GpbrXtMmvLPWfB0ps50HzRqgj8p+uNowCDznsa6Ejy2fMl1pq6TJOJkbfDnzC2dw29cqcciuKv9YiR11K1iSVo+NjruTB4yQCP519f+MvDeqeMgmtX6wWVxdL8t1Go2Ps4O/aScnHfnrjvXyVrnhu78MzQzX8QEc5cLsYOrbCAe+R1HUA12U7GFWJy2l+OLVtRaz8U6fGLGcYSW13q8D9nCszBh6j8eeleneIfI8ReF7XQvE14s6MSmkayj7kiBxiOZ87gmRhgeBzz8mR5LcaZFp13Dc3UDeRdglUPAK/zHUVUnvbnSleCGWRtOeTe1qJDsJ6ZI5GQOhxXTTh2PPnFHm/jHwr42+HOufYNWjmtLzG5JY2PlypnhkccMp98EdCAciua1XWLbW9PWPUbfddx4L3CAK2enzAAA8V9cxalp/iDwodH1ST+0tDg+WznnCNdadIchUlC/8ALJv4e3QdMbfmTxHpNnpGpPasn2a7ziSJjmJh2KseoI6eortw05S+I86tS0ueWT6dJAyTly8R+9jp/wDWrq9K1rVrddsdy0kPaJvmDY7HNY04MUrMo8xCcsvOCPTiuks4dMv4XutPDwSW8RJj44b2B7V6aPPjLud54P1XTfGVxPaXEBsJrRd42jcp5AJ56cmsrUZNSjlj1OfzE2sR5mMh+OQT71y/hjVP+EXMl6ctLfOFH0HJ59yK9R0XUtHka8tLmTyVnAIEh3Kp5zjPSuKrT96/Q3gzitV167sVS9tIt1nMdrIRkZPX6UzT9Rs4fK13REaKSFtzow5HrjFdbLY2c1o8cs0QifiLYyncfXFef3GnS6Zdq0NxslyeAuEOfUdqqCNajO68TxaNrFlDr1k+17g54PG4dQ3oa82vp7ywOxnZNvO7PDZ6fXFdDppsSs2nSExtc/dVfulvVfc1i3NxFb2sllqUZkwxRFf72B/KrjHU55yfQztP8YeI/DjC7sL2b7K5IKFi6EnjOGytbFt8R/Ed7qlvDc2ttf21xIqmSWIllUnB+aMris7TtP0y836fcYeGUcgH5hnkEGqumaLP4fmup2MhtAcKzj5SSeMZAro91HJ7WZ3HxF1fwd/bIgvdLmRnhQrcW8ihnXkD5WwpwQR1zivM9M8PeG7vVre5jv5og7jaksYDKc8ZKnFXvF0y6sn9nsMXGn4ljbruRl5A/HB/Cm+AbWe81GO7vApWAh1Dda6KfwN3OXEs93b7JZQf2dZnbH/EfX3rnp0s4iSrEkdPrUmsyok/mxP1H+RWZDcCbggb+tclz56rueo/Dy7h0/w5rc970WSHYcdAilj/AOhCuci1lbuWZogD5jsRnuCcjFbmjxQt4A1LzUZHlucE9MoFi/wNcLZ21vb3ZNizqo6buOooRhPY6R7kzQeTIcZ61Xe0VbWSSM5zxxQYv3i+Wc561binS3EiXP3NuR6Zrrpe0exxz5UZ/hfT7mXVkLD9yAScV9EeGTp1tcMgIVid2M55rxbQb9p5WS3jPzdSo/TNdO8Wo2t1Dd2645GT2z6GvveHnO3NCO258tmsYylZn03BcJKqFO9Udc1VtItvPWIyYI//AF1Q0C8jayimmcDeoJHUA1rX0+nywlJsODkfWv1qninKlrKx8LKjyz2OBj+IFncQPFJE6s2Rg8YrzdL2Mam8v3F3Egf410Gtw6XZyNcqDGR1T1+lczH5U9q0y4OWODjJH418FjsbDEOWHlO7Pq8FTdNKVrXPXdGvjqGl3mjhxGLsKQxG4q6dCvavl3UBdaZ4keG8DIFlbcD2IJ/yK9T0zVru05D4VOg9CPSrviHR7HU7+HWGk81btFb/AHXAwR9RX5RjsR7OUoH2lGXMrnnd5plxqdvuQMy+361xet+C7yL96uFAHOR+VfXtro+nW2jxNCNpAyTnvXOf2L/a1vcrJtcp3J7dq+dlmMovTY15UefeFPBUkvhq0mabemSNo9c/NXrOh+FH+wPBHsMS5Pze/PFcnpNxPpelS6ZkJGkhdW/ug9QK7PSvECpax2pZd0mce461wVasp9Q5Tw/xJ4ansdXe9WMKpPBzjkGuq8K6tqt/II5T/o8ZCdfzruvEf9n3tl58xVXhz3/DmvNbSKO2nMdlKF8zkhec+prRXlG0iXEg+J/hy5ub+CaGQjzhygHHHfPvUumTWOg+H0JUrPDksT3/AMir+sDULmJDAxldOx5PHSvBr/WtVR5YLxGwzEYbtjrW9KLkrESdj24ahZakkV9Z/KSPmHqe9aExgTbMzAAjuemOteL6fqM8tgy2pGUH05rOtJr+/cxtLJge5x71q6NhnVfEWCAadBqMc2GdtpB6EY4qH4datHDp8lm4DHeQMnjmr2oppr+HxHqQ3mAYUseM4rxfTPFdtp08iJGASc57e1dahzU+UpH1To0sVx5kM6qzvnG7qBXmmpaBcDxFJbwuDC7ZyPftU/hTxQ889q8xB3ttZQPU8YNeiXlqHvIprePcGOM+leU7w3CJ47450K00vSpZPN2SYBx9a4rwxLcXsTaRckusmWjbuDXsXjrwhq+pXKiTaLaUAgjkA9wa85i8L3+iTxhZQkiP8r54IB5r0aFdctnuaxPQPDukWlpNa3GoRCfyZMFT3X/61YXj7SV1TxCP7JtQYc5GR0yea9O0bT7EaX5k0heUN970PcfrW7p8FhMGjKgyHkHOOnGK4amMlGbIjueQ6P4TGiaRq2q3hQBoiA3YAckV8oay7Pq5itF81Xkwrdua+8PH9pBJ4Zh0a2/dpeTYcDrjrXCx/CKyiso53eNGOGGBkj3rswma2i+Y6YPQ5ODwVYrpkEgyqyopYjrnHNdudG8HWOhTLbKhuY4uGb77EDJrsrXQLeLw3LE7nciYX1IXpXBSeH5pFaeUMsZGD6YxkGsXirvcJK548NaistSjFvyqsQMGpJP7R1VpngcqM5Kg1LYeEpptWd3ibyEc4OO9bN1CdHkcRRZI611qr/KZchmWVvdxweTcZUepqW9WO2twwG4mpJddt7i1YNhWTqDXPQ6kt2V3jGTjHrVwkJMkg1h47keWcAdsV63pWt2epaWI5tplQ8E8GvIrm2W3fz4l69Qaj0y5mFw0sII8vn2onIdz0fxCl8lqVh5jkHIrg45r2zl2OpHHeuoGvzXLRB8HB5FQeLBcq9vJCoHmj5q9LC8vJ73yLt7xz1nBLLqMJiIUOw3cds816v4lso9Ot0tiQAVDkn/P1rx2z1DZcrFK5TDAfL+te2eMYbe/0zTLyByyzp5bH3xkfyNEviQj/9f8O0urmJ1MLlDxyDzXYWvjTVbVlk8w5AwCe+PWuIePDYwetLyeBnA4z/hVtIx5mtj6d8I/HnxLpHlR3F4WQsNySYKDPcFgxHvzX054X+OXhfXrmKy1Nfsc0gwH+9G7eikcgn3x9a/MuJpFbOc4rVtL26gmDwOUbORycZFc88JCWtjWniJLc/YjTLrRdUh+3aZexzQjuGxhvRgeR+VUbiWO4u0t4WyP4sV8ffBfQ/Ffie+WPT7n/VjEhb+EEdsdSfyxmvsq08G69pOZrslwB948fpXiYulyux6lKpzRuddpGoz6TCUtnZSyjpxXovhv4gataQvFdMHQnJGAd2fWvHrC01e8uiEBz0HYcd/xr1rwT4D1XXdbjt7yPZbr80mBklR2rkIZ9BQaf4futFg1TXLOI+agdTKoYLvAPQg4P+cVxutfCf4f+KSbrRriK1lb7xjbcmRnjaCMH/OK1fiJDPDpE2mRoUxDtQAfdRVwOnavhix8ReJ9E1UXFleSR7WGctknB5Hfj/OKmnPmkzVRsen+LPgt4s8H+bd2L/bIVG4bD8xHf0riNH8V6/pxeJ2kiPAw4/8ArV9CeGfiXf39rF9uladsfxAHA6egr0Pf4Y1xDHqenICR1PqfQ44xVMj2h8vvrFvrMP2bWbJJgc5ZlB//AFH6V4p4t+A/gnxLJ5umSfYJyDjai7QfcKFLD0ycj9K+/dQ+HHhhbF002AK0nqxYfr0rwjUfh/rWnXUjKcQxklWPQrk/lWUKs4v3WOUIy3Pzy1z9m7xlp8xbTokvUU8tG6rx7byCfyFeQ6n4cv8ARmMV5C0LDIIdSpBH1r9Pb7VxpbywTgl4lJOOhGM8V8LeLvF9l4p8QyxXgCRFiB0xnpx9eK97L8bUluefjKEVE8WUhV5yKUHPSvW7rwBFPppuNPuPMYAlQ3GfbI6V5nfaZeabJ5N7H5be1fQxmmeJyvqUhnvTJHwrcdKARk89KpzsckZ69atbAVSS5DHAK1C/zyBSOnentiMbhyKQoYo/M6s/asmVcWKXcxRuQtJcyeZiNeBUrMsaZOCay/PjZ2GcGkP2RG8YZ8DHy96puJFcORV3cI1YjndUQVpDtUEmg1Rr6VCLhlQ/d6muzkjVEAUY9M1maNafdDnYWO3iurudOMUyxZaRcZzjpVOqomFTUwIrd3YSbcgdferjLhd23aT2NdMlukagxHA+lY2qAtcAHnIArSnW5pWMosrQAbCeh96vojAgKMCoYlKMA/IrQjOVwBium2pzykICATyc1mapB59uznkkda1Tkg1BdqPszpu+8O1EkEZHEhmbERbCjsaVNOsnf/SEyD6daSRf3pyvTsa0A/mDG3I9utc6Wh0zehzGoaciTE2oJWoI0vYtpR2TZ0NdgkBkHHT9ameGTyigi3ovrU1ErXZcZOxytlr9xYXYZxvdT19RXs/hjx5bWaTTxEpOybUIbbg15BJoVy8++JQQ3OB2qlcaXdWchlf5VauScKU9txqqfoN8M/2hfHmj2ixvOuo2hfPkzYkYAcYVjjA4r6v0H9oLwNrVzDY6yx0y6kXLEg+Vux0z1GeccEds1+Kel+IdW0WdHtJ2RQckZ4r0bRPiaiX3narGZj/fPOPw71xypV6esHcLJ7n7fzab4b8VWfnh7fUY1Azhh5iA9sjDLmvHdY+CdpfNLJo92YE+8kcgBA9QX64+uK+GtA+Jd5ZMLvwzqbwuSCpjcgHHTI9vQ19E+DP2lvEVufsvim1S8jwFaRRtYf7WFxz+NEMTzfxURKj/ACs5PxZ8MPEGjyM1zZuUbkOvzJx/tj5R+dQ+AfC8+pa/DaNH94468LjncfYV9j6P4x8NeIbpbGO+hguJ13CKVwCRj361szeG9M0BX1+W3W38qNm3pnaSoyOOlONKLehDb2PLPjLrEOgeFrPwpYEBrxF3hf7kZ9Pr/SvlJYJTyVznnrXvXiTwp4q8b3beKFRHjcbQiH5lVO+04z09a8j1uzvNLcQSwurjqCpBH4dayxNOTlcUGupiEqkfzfKW7A4rU0bW9V0m4EtjPJEV6bWwa4mSeWaV/kJAPU8Vt6bcbnJlUbQO5rl2NbJn1N4Q/aF8RaSIrbW8ajbjH3wRIB3wwyOntivfdB+K/wAP/FW2EXC2N9IcGOQBCSfQ9DX5w3t4nRJAB6Cm2l0/nCSMlh0PNaxxc4eZhOimfp54g8GabrlsWuIodRR14faGYA9MMOePY183eK/gTFcmSTR7l7edcFIp1ODjsG469uK828MfE7xd4WkjWx1B/KOD5bncGAOSDnn8QcivpPwv8c9J1a28jxXYtBhQzSR/OpJ77WIIwPrXRHFU56T0JUXHzPk2XSfHfgHUP3iTWscnXjMTfjyjcehz9K6ceKfDniSD7D4y0mK5A6MFBPbOOcjOP72K+1BpegeJbI3fh/UI50bIKkq657qQM9j71414m+DNhMXmeD7A7HO+2RRGSe5AX/Ch0P5JXKufMGr/AAM8JeJJJdQ8IamluTnFvKh2KfT+8v8A3zivDPFXgDxJ4NBj1XTmiiz8k0Y3xMBnkMOM9eDg19Wat8MPF+hub3SAt8kZJVomPmYHQlG/pkD1rM8PeMPFTXbafrVst3bKCrpMmGCnghifUdiDXPVh/OhHx1ofhy21vVFjnJRyOA2Rn869Q0/QtF0EmO/jDznO1gucAfy+tfRms/D34ceKYRJpUf8AY1+D9+EKq5PXK9D+GK8w8TfCLxrpg/tC0Zdatrdcr5ZYyFR/sdfwBNeZicNJ6weg0ux5x4iZvEUcUYt8iE5BI5/WvONdSH7F9huYFTBJPGCa9Di1iCNSZ90Lg8qV/wAaz71tI1lSl1GJBjA7fqK46cJw3Ej5/wBUsGeLzdOG4DqM88elNsrO5mtiZxtbHGe+O1eg3fhqW2mY6Wd0bdm7H2rjGF5BM48l/kbn5SRmu1VLmTKWjT3lkzi7Vtucd8VsMizfvY3AcnucdK1Lh4pdJaFUInc/xDArHt9PuN37yEyDHGMmjQLMk/tZoJhHI+eOfSuphaN7b5DkkevY1xhsS+JdvGSMH0roY57XYuHCMoHB9awnHrECIzi1lEUin94e9XYrpo5DE7kKOBnpSxTW+oP5TASMOOe1T/2POkeOH6kZpwqL7RcTJtpNQkvmS3bcinkmu3RhHDsuSF96oWbW9ujKybAOScVRu7hpJRcW53IOx6UOzehRfd/If9zmRW9alhtHeQXHILdR2rO/t62ZBE6iNloivXlZo45sp61Ti0Bo3WyCUFiDxniuc1XV96+VgkMe1SXl5HaSBZZRIWHTPOKozNbXqD7JICV6j0pRjqD3MmNHlkLjkryfpW5p+tiCEhTufPQHpWPJNHbdR94YNczasYNWDFv3DnqBWrpXQluemyeKpoUYDKDuawk8QTyXDzq5OO9UL9I7iCRIXySetYsS3Vsnkn94D6VFOkS9z6j+ASWniT4iWFvfyKkUZZmViAGHA28kYz/SvrL4lPcaE0kOk5P2bDOcZwuP6Z/Svyx0S/u9O1UTxcEEdfTP+ea+krX4ja5PaD7TdySIFw6szMpHpgmmq0qashWPoGbxbpkWiwQa9MqS3Ue47fT0P1r50g8VnQNQuLjTWY207uNhPG0nIP4CuS1zW5bmU3Yb73TsFA9KqWS2evolqtyI5BycnljjmtqOPqRV0zRJNWPVpPF1nrtt9mESpg5LjrxV7TdTtzEIUAJRufwry/RdNOnXzR3OdyHHsc11c9tIblZLSVY164HfNTVzutzaM5/qsCbVks7iaQXj4WXhcYyKrafJZafA1khaRX6GrE9nFNGTcgZXp7fjWJeX0ekiLagkVq8qdSVRnQJeXRhDWrrlW+6QK4ibWJ9ERopIQ5DZHuDWrrF8+pL/AKJkMmCpxjFedT32qC5awuYTJJnO4gkkV1UIdwR2SeIP7Rcyx25iVeqA5/EVpm7W7hNhfRZgk7jqCehrjtIeRsRpm3nJw+4YFaq3u+8ayALsg5Pr9KKsLMcVqX9T0/TbSBdLlywkXII6jPQ1yXhzRb+389JSPL3Erzyfes2Oe+v9Ylsd7KQcAt2A7V0sdpr+n3cMhkEkOOQv9a6E0kam1ZTyW1+unxoXlPPTtVO9tNRn1PDoRDnoDwMVJqN8bKJJ432TtgZ702/8RxiLy4oGEzAYbP3jWd3a6A61bi5tosW3LMO3tUa+IVS3+zXTZIOTgc1Vs7tItNEt2SuFO8d8muU5dmmtAXT7wapim3qBtt4lknkFqpEZQ8Y4PPqa7i01y906HLSELKu3BPU14ZLa3t7dEKcHgqR1z712EMtzCiR3x3eWMjJ4rbkNaTakd7YAXeoQwBwxd8DnPX/61VvixrEWn6TFokZ2tdhvMCj/AJZ9P1NUfC17El3JeNywTEY6Dea4jxwl1rGs/bL5woUBVA6AD0ruwNvaK57FSp7tjzks38K8dq0LeEyuGA2456VbjisoMsSSF9e9S/2iZ5ookjAXpgda+hnL+U4kbFpptzLH52z5PU0x1Ut5fXtSX97eLBHZ2zEBe1Wnt47W3tsqzyuNzEVwz3PQoCyyfZohkfLiuaMqzuWAwTnrVnUtRXkKd2OOazLWUlTK42knIArjkjspxN6CUwpx37V08F2YNOae6IXH3VrgPPlVxMe3aur8KaDqfjHUPnYi0hZQ7E8Dvt56nGa5Kj6s9Ck3sjvfCFjc6yEuJf3dsGz06n0FfUOhWR0uzAiAUyD06AVyng/wvDpoX7UY1gt+Uj67ifX0x6c16daNBNMgA+QdfpXi153Z7eHhsjd0WESFXY9Otek2ZSMjZyzVzUFqGhUW64U9TW/piEMFI6dDXi4uZ9PhKVjo7dHQl3571e3rjcRx1qhPM0MYHcio7Z/MXMjYrzZM9mCNAOpBZuPQVAgfzN4qKaRIuB83oakt5QeXqKh20jShuHU4PPtVkXTjoPwrDll3uVj4I71o6dvfgjcfWuRnV9ktq7DcQdpNSRqZZBvNSTwtGylhgVBvHJAxigXOa19ZwWyRtA2S3WmW6zDB7dqzZ7hViVy2cdq1bK5uLyNYo0rI1T0J5EYfOxpoVXHPAr0J/h9qq+HZNdnkVY0XeU/i24znPTpXnh2Fdm7GKwqJrcjD4iFS/I720Zj3f7qQLEdwzV61uXTgAnNNWBRJlxkdqWJkE7DoB2pRj3O66aNqC7ZckjOfWommzJk9/SqSTozYVcVcZFKZzg1vzEKyLLSqkYIFVmct04qzDb74iSaoShossO1Js0iizAWV9rjIq4rSeb8nHvWdZSGSYmTp0qxJdrDcbI+R05pQN1AuyXFwG+Y9Kt6ffyeYwlOVrLDCR2LHFSwPG77FOPetBShodELmJ8qx4NaSmOG2wD8uK5xQoOzOcVeuZQbbapznitEzOUNgt7qJrkqxq9PZyTMJIxlB1NcqtrKjCRScnmuts7ucWbxjk460QfQdZNWcS5bSxQzIHAfFdhaC0vNwChWrxsXNy84AO0jrXR22p3CMGzhehNb4eST1OXGZe5K8XqdzdaYlqv2hcYq9pNmbnMpbGO9Yi363FhsV9zehqezuLmIBc8HtXZzJPQ8SrRquDi3qdghVHGw8il1C8mQxxnv3qvp09tNEyz/K46e9T33kvBG0Y3MOtdtNto+fcWqlpIZLv8kSjljU39pNLAI+hXjFZgvjEFEnRaxby5nMoe2GA5qJT5djqp4NzdpI3J4o1JlbGal07UI43wWx6VmRi4YbrgcYotdP+1S4Bx9KqLaldGlSnHkcZs9OillmtPtMQznoRWTJLdxq0jAqTTdNv5LCL7Exyg6VbutQFwDkADFdr16nyioShUfu3RmadcOHIkBYZrpo5vs8flYyJKx4L+zgiGQARWhDeWtwu8MN3pSi0LFxcnfl0L8kMD2TnZ8x71x8FysE7I/WtiW/l8mRF5ArjVfzLvzG9ampY6MuwrtLm2NC6YyyGRajDgMuPzqQsjo6p1pI41EIbqwNZ3bPSTSVmafmbogjt1ro7G3jMOA4ArlNQhmto42C8NWhYtI1sA5xmtYs8rFUuaneL6jZrRBecN0q7YiGW88sjkd6ddWiRQqwJ3HvSRWLxbbpHHI6VUXqc7qpwtfyLl1DHLcAR8Y71mahaubWUlsbf5U2C4cXDB/lzReSTTxSRgfJ61nUStYKVKUJJXMzTbiG0UhXy78EVsWYBBPQMa4SG3Y3hjjJZ17e1d5FHJb26u/GaiF7noZhTjF6PVjrqOFbhCh5HWpYyZJdwHJrJZ2eXzFHSr1mTuad2wF7VrZN6nDOm1Gz3Ld1az7N+3NZ9pE3nOm3nFddDfQTREvgbRWQSpikuEPNb1IRt7px0sROzjJGloySrmOQ7BW9dXQt0C4zmvOkvrtpVIbGK7RHae0VpxgjpV0KunKebmGDlGSnIzr61urs/uvlB6EVu6clykSLK2dtRveNbxKUTcBUDaxHEu5hjNdNOSi73OaSqTjypaEuqW88hDI3HTFYMy3dq6NnBzVh9dhuDsjyxzWbrF5KGTHOMVjVmr3OzB4aomoNEp0pNWvopLgnCcmtxtDt45BOh4XtXMtqdxaQ+bEcMaSy8SStvjuTnPSlCUL2OmtgsTJXg9EdLDeWsl65ZRgjHNbUFpaQgvAgG7nNcH/o7K1yrct2otdUvA4VCdoropYnkbvG5yV8sco3g7WNjU4nS73irFuodlMmSafa3Md7I0LjLL3qnNdNazlWGAO9YwrWuybSaVJrVEWs6gX/ANGibb2Ncv8AbCoMO7gVUlvmfUJJf+WYPeqDMpd5M/Kea8+rU6n02Cy9Qio2NCxu0N0EZyAT0qfxBc2qSpFHyevFci10I7gPCMkVWvbzfN5p5IHNYe30sevHLb1VM37qSH7KGzg4p2la7HHavZW7BZZK5tr0TQMoBwRVfQtKmS7F1L0/hrJylzaHXUwMPZSVQ6WCJ5pGRxl8066tbu1iKgbd1bVn5aSPJJ8pTpWTf6pcTykAcL0rflTiedCpOdS0VojkLhJw5U5yKryyyyeWmSc8V0gmE+57hQWGeazrEWsLPcXDhTyVFcdRWPfpV2o6x1RQmLfJGDnHasTUHAfY67TjrVz+1bQ7pQ+GVsEd6oXcsV1IHU844rlqNWPYwlOSkroxEuZTujPRTmmRFmkypyx61K6bZNoHLVGMRSZxgiuU9lNdCV0IO5zxVaCAzO0eM5rRfb5Adjy/aoLTAdyOKma0JU2o6GTcWP2cswHSsmfBjMgHTtXVSOshYE9K5K/cLJsjxXNNm1KbejJIJ/3Q8w7SKfCBJIZCfu1hwStJLtIrW05yrsJTxUwZpUjpqaM6efF8hwRWeo8hCr881oM3lHg8GqU4R1LE4zWzOXmMTV8S24aEZ55rnYLeZ5FyPlBrqVhLRtGOnWqkMMqOQ65FYyp3OmFRGh9ni8kY4qkYY4G8yNuTWlIr+QCB1rLNs7tlTVSRMJm7DJHLFtbrSo7QnHpWdbg26lpOcVRuL9XmwrfhTctDCcLmwZ2ZjuqpJgg4HWkiJkQNmpIYHdmGam5yvQgtsoxJHSrUsKT8kfN2xUts0EeY5epNXo0iW5TAzG3pWlI56lQqWsIh4Ynir0iRSLhOxpb8xplkHHas6wkYSsbgkJjOa3k7aHFbm1LF/Zi2wA2cjNc/Cf3u88YrpJLpJuSM1V+zxgs23g1JcJ23NGx02PVAsZmWJm4G7OD+IrnbywuNPuJbK4A3qeoOQR2Iq1BPLagxMeM8U3WL0zjz2PzCtoTMpK7OXliZZP3i8g8CuV8QCIlb6JSApG4jgqR/SvQIIm1RGQEedj5R/e9qxJ7R9MSaRovOwD5sbjIC+tddOVzzcRTszhfMt2kUxDfuGfrVw29sJlO0xseSp61Vglht5BdRnOxtwHeujtn0/XmnhZWhunTMbnPDL7A4Poc/hXXFnJVeh1umanY+GNOk1IRpqVnd4t57KYDgY3BlfqpB6EDue4BHmOs2VhLqX9q6CjJBcZLQP9+Jh23dCD2I59ao2rt84cFHDFXRv7ynByPzrQ1PV4IXjezhEDYAdAeM/wB5fQH0reM7nmzhbY5W31u5tENq0slraSyZMchITfjGSvT2zXIePNAtNVtm1nTjGlouRLF5uSrZySo5PzVb8QXWqXVx5VzEFjySh45B4yCPz5rgdR0e7hja9vYibeZsZI+XK844z9ea6Kb1OeqtDzm/ttZtpIW1hzPZoSsUnVQB2z1DfX04ziuZ1TSjLLLcAkM3P+wfcV6Drt1BrFi2m2C/ZrZeZMknkZ579q8qn1uTRrZrJUWQZ+84LEL7cjFehQep5tYjtU8QeFGXUdKv4XFydrQu+VkHUq6EcgjjsR2Nd3q3hjSfi54fkTR4kg1nS1yYC4MqAZwqsdpeNu3o3Hfnx7xRqum6hdWws5sukYZ+o2ueo9+nauVXUtR0K+h1nR7t7W6Q58xGwf8A9VdcFrocM6ttzFe6utJuptJvkBETFWWQYIIOD16H1FW9HsY7/UC+mSKsg6xtxkdwPWu71G8uPjDfwkwW8XiOOMghAIlvQi5JyTjzQB04GOnH3eBGnzeFyboExTh9mG4ZW5BGD0I6V6UJ33POnGxra5YjXLYJpK+Xe6eWDQhcCQKcHb7g9K5iw1RiSbiTLFduD2rqLLXbqK4e6KJJIR/EP8KvX9hY6/5ms6Tp4LRpm6VOqHk7yPT3A7H3rTTqQY9rfQ2F21o+JUkQOhc8Ak5/MVe1K7gvrdbmNg00Iw+3v6Gqd1pFpc+G4LtMebaybJQvUKwyCfx4rN0a80/Tr0w36sbeRShbH3T2P9Kwf8xrYQyxyxxJE7C6Rg44445BrovF9kuqaTZ60iCN3+SUqf4x7Vx1xo2oWmqsbKZ57fG6Ik/wnmu28Mz2cs82iath/tmAMHgMoyPp/wDWpOXUmEtWjzzSNOmtLv8A0t/kYjyju+bdXsXirN7o1jp9pKUjjdXlAHBfacE155caba6LeXN9qH37J/3W48Hn5SB3rmtL1vXLzUpbKZ3kS5bA9Ae2K2cefU5GnC50Gr6xZ2+vG1lg+a1RRvHJcEA4/DNdbommfZI7zUo/mgnA8k9ODknI9uK4fWLNJ7yVopMXiYAjIznp0/Ku58N38kugi1kJIt5G4PBHfGPqTWlR2hZHHXldCuFnl3ucNWhZiKK4WRRuI4wKyrm4O49CPapdDMiXPngZ9jWK2PCqHo1xdXNt4ditS2EmkYgeg9K5WZZRCkijAY4zWzeXMd1Z20b/AClHJI+tQ3F1ZhUs5B90g5pQepnUd0QWN86IImGZAefcV0N3ZC/iBQ9ucdc1lzfZUEZhGBnnHWugsb2CT93GAD+tezgq3J7r6nlYmPUi8EreaPfz/wBo8xSDC4/ma6XVtVuUja0iOAWyTjggU+1tftSr5f3gTntzXpmn+BG1CyR7pwHPOQfWvucmw1eUHTo6JnzGY14KXNM870nxBfWdiuzcyluQSepq/rPjDUvsaQRRGNzgE5yc+1ey6d4Q0y1QI0RBP5HHfBrSufCulP5cjRhtuDyNxyK+0wuQVfZ+/M+enmNNzvY8JvdOuZLCG5vg2/bllUetczayXaQvBDGUjlb5eK+pdQ0GLUINkX7tgmOnXArwKT9xPJabvusR9K/MuKss+o1eeErn12W4mGIhZo5jTrfUYbqRLhC8ZOT9a9FvbFodEKNHsB+dT6HFecXviVNIuhGV3MSD83TIrYtPHF14kmGnsiwxqMkdiK/NcVOc3zH0FKCJtL8XTrGNLkYlkY9eldC3iCPS7F5Ek5kHzfnXnerae0V4ZrcZzyGHesTXGvntUWME5HOK5ZQTepfOehaXrkOvaiNNix+9BGPp1rY1JI9IZAoBki569vSuA+Flgtu8uu34xLE22LnoD14rtb7T5dT1P7VAzM0/AU9PrWNSCU0HOeeajJqepM8qKxboMZ5FM0yw1mz1G1+1mS3RzwzA5x610d7K+mvJHdMsZgYcEjGex/Gti+8Y6V9khe5dUOMckcV0KLZkamgo7S3kPnK7BWClu+a+ebu31nWtZjt5hwJCrEdAN3NejxeLtOSe5uGlESqvGzkmvKPD/iu2svE4luXJtpHOWPJG446fWt6NGSuPlN270O40aadLPfIMZAPp+FeeWXiO/sr1xKjKpztAznNe2atrml29t9rhIuN3TBr5yv8AUZ5rieQxGEq5YA89eldFOKe4JHYazrrajYbPNIAGceme1ctYeG76XT5bp4T5cgzGfU+pr0fwxoWg3nhiS7vZttxyTg5IP05rs/Demf2vpltpSSeTiQqrEc7T3rX28YI3ijyLQdVS0ghhhz58ZPQ88c19VeAtQbVNHkvLlfmQ8DPX3rjtK+DEel61LNqDC4RjlHUYzntXt9no2naBYpb28apCB0H65rxcfilJ6ENkkV5HOiiaNQF4UmuM8R6MLhtwQcHgjrmu/wDD2oaPqFvcRShTLDnaPUD0qaytLWX7QLkZRRkEnmvPhNxd0FzxvRNMvI7ucOhMQ5zVu+vYYyr2qYZD274rtrPUrWC2uYBEWkckAn3rhl0i+ULc9I1c7vpW6nzO7LOnkt7bWNHAnwGXEgzwQ2K4yy1nUtKnu4r1SRIuwbxwVr1DXbHTtP0+3uYjtBVST65FeaeIvEmkw6YJXG6VQRgjJNTBK9kA7Tb25vrcsykc8AZORVzUop7hfsUQILjHK4H51meGvF2nCKK5fKRp94cD9K39M8W2WuXdzPGAohY4x6CqqRnFjM2LQxpmmr5oy4fc2PQ1g3vh61ntpZEjLPKfxr00zxXBEjoHjYAcf4VymsyhbYpB+72PkZ9DRDEyuJnzRd+HZ11N45IvLTcVwB82azZ9NFvfJFGRhW/EV9BCzSbV4r918wHBYdSTjuKqav4OiuGF3aRqGZiSOmK9GGYRWgzi9Ms7O2Jnv4w4YDaDz+dMuRp8t04sIkjicDOBg5PWusufDF7fRLGW8jYMEjoRivKpA+mXMke9mK5Xd0relXVR3RXMuxWZPs104YZCsduPStHxBrT6hFBFHjMS8j1OKRbqCRdsygk8ZPaqLxR2rfazg7RmvToT0sY8+pxcmDJ5j8V9IeBFi1zwlf2902+azYNGrdQCoxj1714pfQLdLFLEgwRuwB61Jofi++8PakIQxjjZdrhe4b1/KtazfxLoan//0Px1udBVt4Xp1xiuYk024j3LsIA7V627HHzdKzZQsmd4xWaqPqW6Z5O6PCPnGDXTeFtOF9eosi7l3Dr06961bvSbWeTzP4jwQK9p+EOhQrr8D3tkZIYCGYOuBjacA59T2rR1kkzOFK71PuP4VeGrHwFoEUzqn2s8SMOM9wAPQZr2iLxXpc/yXoysnHHIr5+u9YgdfKQFMdqqxXl1M6mNjtj7A185WqOUmz1IpWsj7G0zV/AtpbRecREZMZ7jmvdfAU+ix2kt9psqssvpy2F9RX5zaXPd3l6FlGV57/0r2XRPFM3hd0Mcvlc4PPB+tZC9me+fEbxDHC9xvhZwY9ucZB4r4Wt7SW6v7iaWNkjeRyM9RzX0ZqnxTsdRBS9ZGxx0rzxkTxDevFo8RIJ7DHXFc9FWdypSWweFJFt72MIo2K2CDz+le63ciSwpcR/JtGflHH5V5NYeDfE+m3BMthLtHIYLz+Veh6AZXV7e9Rk4wdwxj8K0ZkjgbjxzqthqchhmdUTjGcgg+xyP0rtdN+Kdm8Ij1WIShxgnAzXD+PtMtLFwYB+8l+b6147eTNaI0kzfKiljj061io3ZreyuP/aV8Y+GIPDLJoaNBd3W1VwQG27huGM52lcgn6A9a/M3V5BvzbtyTnNej/ETxc+va3dzJM0sMTFEB6YHBwPrmvIJ52dgQOlfUZdQ5Ianl4ypdm9p3ijV9NmRopiMdc9xXq+j+JtC8TXapq1gm3btJ3EHgdjXz08jtu5xWtoEsyalCVPcd+td+pwXP0G/4Zo8GatbR3dheS28rxhyqMGRiRnI3AnFeD+MP2e/G2jXD/YYBqNsFLBoQdxUd9uOCf7uT7Zr6w+F+r3d54Q065kOZkUqT6bWK4/TFekfa7iddgwc+v8A9evBr5hUpVLI9ing4ShsfkZqOiXllP8AZLqMpIMfQ/Ss+a0uEkCkcCv0z8afDPSvEafbWijtrhRjeqjB3HPIx6+mK+cfFvwO1yK5d9DhNzEi5JyAOByc/wBOtdtDNlL4jjq5fJbHyHeebuYDIxWXz0PU16vrXhHUdPcpcwMhTq2DjPua46fS5wGZCGPcCvRVeLORxkt0cyssoIXrg4NdlpEUDxO0ijcDiqNrpiLKJLkbV4yK9Q0/RNF+zFbdjvlx+FRUrJGM5akOnRxxFHdNyAZr0GGWzl09BEuXkBGcU3TNN0yyhzI/mHbtw3rV2WC1CKYI8FBxt6V5tfENnOmzlr60ltlLAcP0x61zDpMXUyjkkda7x2M0QSXA28j1rndRSQPzjHqK9LA1L6ENGYkXJ3flUy5A44oIA25ajd0PWvYjuZSiLtB+bpiql1NsADfdqy7he/NY15KcbdwNOTCKMu4h8yZm7H0pQgj+RT/jSq5YHnHvTioPRunX1rOx1TjoX7NPvc4HvXfafaWcth+8UE9yOtcDaEPIImOAa6eedrOHyUPbrmvKzKo7cqGlobUUNpbj7o29K5jVrW1nn8nAKnnNaVtM09uNzZJq3DbQOQHxkda8KnVcWaWOPk8PafNEyRqDL1BIrkLjQrpbgrHGFboOcV63d3lhbTBbdMMPQ5prNbXSJJtBYdyK9KnjWZnj8a6hpM24Epzzg8g/hXa6B8TtVsLlJLkLcRo2GDjkj6it6bwnBrUb3Ym2svAXHB/GuBvPD8Vu0kMR5B5xyM1t7anU+Is+mfh3rt3498dWjuWUySLwpxtTcAQuM4AB/wAc81+nnx68VH4b/CPQtKdUfUL94kCOOqRDL5Ude3fivj/9iH4Wre6muqahCSsEkMrlh0UKx2g/Uj8Caz/22viUNa8fJo+nyGS10KMwAjoZH5c47dMflSVJRvykvse1+Bf2ivAt8kWjatGdGkQBRLgGNmHUEnG369D3xXuNzZeHPF9qJc2+oRnkMpBfH8+Ox/KvxKtvFag4mTNewfDn4mat4d8y90a/KSLlUTcSFx1z+PalzzjvqjOVC70PufxN8DrNw8+gzYfJbypuMg8n5wOefavFNc8Faxokbtd2zRHkLlSUY/7/AENezfDj45XerWoXxlaRygKrNcRZzjvuGOePSvY9J174e+OVkj0LVbaUvlWhmHLH6NyePTNTKNKp5MnknE+AF0q8eNflBZqu2Fu9uhab5e+K+zfEXwe0mZDLaxtayknbJF80fvlfT05rxLxL8Kde06JmsEGoAEkmEEtgeqkZ/LNc1XDS6FtnmsMsVwSrdR3q9Lq/ljySCpUYPOeK5C5jvrCVlmikiIYqQylSCODkHkfjTtNSe7vF3IWA61wyp9wXkei+H9d1ayu0n0u8ktJM8FG2/TI6GvqHw78W/EOn2aLr7JqMWANznDgjrhh1+hz+FfOUWkSpGk8USgYB3cZFVhcXbXa2zy5QHOK46deSfusbj3PuLSfFvgPxMQsM62F0wyY5AISSewP3WP0NM1vwBY6g5luIEuCekq/LIf8AgY6/Tn6V8ojUooYvs8ZAJXk9DW14d+JHiDw6PItLljCh4ST50568Hnn2Ir0KWaN6VVcydK+x12r/AAwurSSR9Nm3DIIjn+STPpuAA/lXHS6lrvhWc29xbvAjHC+YhCtj+6Twf+A5r3DSvjD4b1QInii2NscDMqEMuR3x8rD9a9HTTNC1u1+0aTdQ30Tg/upArgg+gIPNdsadKfwuxPvRPkO+fwl4yYQeLNJidv8AnvhQwx0w2Nw/OuB1P9nuG/drzwPqgdyOLecgrg9BvUZ/MV9Y+IfhDpV5mW1jk02Zh1QBoTjuV6j8D+Fef+GvAviLwz4nhmvGMttnl4TuRgR/FxkY/wB0fWnPCS6q6KPj/Xfhx418J2kk/iXTHtoE48xSHTJ6ZK5xn3rzmeWz2eTCo39yetfpV8T/ABpZeH4INDurRL9dQB8yN8Y8scYIIOc544rwLUfh98K/GZ/4lzf2LqMykAL3OOPlzt49j+Fc9XCw2iZNHxbPKA5WZcqOmaxb/V2EqRWQVNvXFe8eMfgz4u0C2mkEI1S1jJ2yW6kvgdCUPPI9M4r56l0x4mfarJJnBVxgqfxrm+pvqKxdmglmTdCymQjua87mttXhnkjflixxzW3NPNpMizks4zz6ZrQOu2Oo7Ay4kT2ohDk2ANCWfTFN1cA7m685rek8RYLGRPkXoe1cfda0izeUqjpxmnQapbZZLwKqkce9Y1aPM7suOx299qaPY+dCwA6HFNtrxobdchWU8jPpWHpvk34NrafNEetdO8dvY2/71BkDAzWei90bOe1ex89FubYYZu1blhYW8dsn2gGNmGDu6VkT6hIYzHbAFwO/aqkWqXk9sftbZZOAD0roSurAO8Sy6ZbzGNAJLgrgMO1ZektLatunQFGx07iorq3W6fz3PzHvVW1NwuoRwlj5R7mtvZ2jqU0WdbvLVA7SEoW+6B6VT0i5s5PkdunSp9c0CK+HmBm3fpXCwabfQTFxKFEZ6+ta02uWwWO31LVraCNkBwy9RjqKzNI1BrqVsnBHOK2I9Ih1ex85eZYRlyemKw9I0p0vXdGHHI5pe7ygdbLLbwRiZ1BI5IrUstdk1VmiiAiVAAB61kw6ZdyyeVKokjOc7TnFTSaXcacrOkbKmeCe9cM0mFje1PSdQSASEloSOCoJwfQ1leGtC1Jrxrj5lRThsZyB6itrw9qt1cf6DczFYn4wMn8TXeQWzW/FtIWHXGCK5XV5dCEhu27utoZmDAcF+tc7fG90fUYLq5nLBGyEzwa6Oa7mOVY5YAVzmtwyNEk2BKwbpWMNdQRoHx2Ji9h5YUz5xu7fjXH6jH4jnk3Wo3Qx9Bnn8KneztUnS4uo9obAGexrrp5IEhjdDtkGAoT+tbRkkBxtreXqadJDfAxu5+Ujgg1Tv7XWo4E1W2YTuvX+8FFdNqcVvfKGZsN3A61mreXNpOtmkZaIpjJroi+qGZVzb6rcWC38TAXQ++nt6/WqVre29rbLeSSs12SNwPy8V1UUlwsmxI/mPUD3rAuNNtYtU+0XJ3xrktGRxmrjqtTWK0Okh0SDW4P7VspEWZRlwDySB6Vy0PiDUYdQm0m5bDY+TP8AKoIvHUOjec2jQqIySCGGAT0rzvWdaee9S9jfbNI24gdBn3rWjg23djSPUWvILvSZJyQ9zA+3YaggvfLm33ybdoBQd81xfhzT7zWL5jJL5MSjcT616Hcx2dpAtwP9K8v5Szeop1IqDsMqT65A0qRtlps/Mh6MK19Pklnie8SAWqKcBfUVl/2YdfaPUEjW3kg6Y/iArbtr62iR7W9DeYBhcDvWM5K2giGO0liM1y2BvztI5Iqst5/oTm4Pz5GPpVz7Y9rA1yuHVuMGsS5/fOJETAxnAoizswkb6m7pjsMNFJjjOB6VmeI5naIyRjc4HJJq/puDtkK4bpW3fadpsrwpdDAl6kdK2o1VGSbNarPEllkYEyEMD2966PTbF5FEm35lPH1Ndzf+DLFjGbJCqqc5HerWmWyyXiWyJwrAHPb1Ne3Tx8amiHE5g2DrKJJG571f1jVIdHtI0t7kNLdIUZMAlY2ByfYcY/l0rc8ZCHRnjgtxtknUkE845x/SvIb+3E7m6vGO8+hyTSq6HbhndXKkbPe3RjRcRn1rtrXw6ZLYXEcy7emCe9cjapuYJF8qrzzXVadJZ3k4srl2jiXncvrXFM9CmtTY0vwxG8y3OpTAQrw0Y5Jr3bw5bW0dkLbSkENuGHPRq8x0eysLiTy4mLIvTPcV6noLvcXa6PYqpV/vYGSBXmYqoevQpHoGn28upFFt2xCjDe59q9MsYreS5it7ZPkGOfXHeue0/TI7SGPS9NPnOfvEDqTXpum6ZaaLCrSndMR6dM9q8erM9rD0zcgVkQRrwMVft544OW/Csm2maeQs3CgVPt8+dAv3RXk19z6bDdDcWU3LE44HSnIjZA7VGZRGqxqMY6mpvOQR7U6muB7npUzRCQeVlzgDrWNe6tZWSAOcA9MVGyls73Ncpq9rNcSps+6O9c02enQpncWMyThZ15R+5rctrmOEEIc5Nc1p4jWzjhzlh2FbUDW1r8xG4+lZmzL8tzK4ySSKiR5nBUDNTq4bDqvBpPtphYxhBg0GaiT/AGIvCSzYxzWvo97HaIY8cnvWL5jOxJ+6atQbCw2npWdQ6Oh1765etbSQNdSmJxzGZG2Eem3OK5aYn74/iq4Nh+QmrEq2kUHzHJxXK7silFR2KdiWc7JDxW/b6HLLN8nO4VzglTIK8e9bltezRgeVIcgdc1r0LnfoPl0kQMVUEsKcLGQgN61PFezd+SfWr1nqNvbTK88e/HUVqlchOS3Ma7kNjEQelU7WaKfmbpXR6rBaavJ5kH7sE/drj7//AEX92hyQcUM6KE+b1PUtB0fwhcWskuoaisEoB2qWCnOMjJOa8+ufsyTM0b7x2NZ0BaVMnjFVbg4KonajQ3oYdwlKTle/4GxG0zsWjGRVu0MYBDjD5ptmz2yKw7jJzUS3Ec10Xcbato3T3NaMhTnrVkOCoDA4zVeGSPYT3PSrUDbo9jVBm9i9KA6gw8ZHSpbYOsTq3fvSW0QYZDc1ejiMmFbvWsYESnZWOdW3eOVmbLJWrDG00eY1+StJ4I4I8PzntUYl2wFIqtKw3WcldGrFa+VbrIDzWk0oMI2H5hWDEbgxKXJCntWnbx9H39e1dkXc8vEQ6ydySaS4TbIGw1dXpd4rQqtxzkVymoXOIxgdKuafeQ+QBK2GHStoTscGLw7nSvY0tVh2XPByp5psCrtDd16VTu7wSFd/PbNaFtalovMEn4U29bnG4uNNKY3UNQnMYiC4FWNOnKHcF6jFRTTW8qoMDcvBNSLgDEfIqqV73Zi4r2fLaxsQxmZy2cYpCzLIRnjvVSIyfwHmmQs+/Eh4JrrckjhdJ3uT3MX2kYjPQdqqWKSQyASkgCtq1e2hlZ4zu9RWNfahDJIRB948VjJpajouUm4JaGnd3ghHlwtneKXTdPMu+Rjy3SuZt0neYSyDIB713FrcJuRcYNaQd9TLGUvZQtDqZJQ28jhuua1dOMcrbZRjmqmsmOK4RwevNUPtbiePy/uk9armszHklUppna6tJAWjRW3Liora3YkCIZUVnXNq6SJNJxx0ra07UUt0xtyWreK1PGnBwpL2epDerOXKkHaBUOlJcXcxgBO0VsXN1Ew3uMCq+nalbWc0jKAd1VGPvHOpzdJqMdQ1jTkt2EsXPrTLeWBbBw+Nzce9SyXT3wbPfpWPGjRyHeCaiq10HRhKVPlm9UZFreW1pqJkZMdia6M3trcqIs5B6Vh32kRGIz7sN1rJs5AiBsc54NZOTR7EsPTrR54vVHVExQKwWqqrLJbuF+Uk1i+fIznuKvQ3fG1T0q4yTJlhJRVzatLaRoipPIFPSGUBkHK9xVWG5mZCsdTwzPBGzMxLGnsedUjJNkB8qHluoNdDLrMZto0jXtisedEukCgcmrdlpMylEbp71vSeuiMcT7JxUqm6Nu2ufPh8scN71Sksma4XePlHNdGLCFBuHBA5rCvr7GY4RyO9ddSnypXPGw9Xmm1TRnXEVtbkvCvQ9RQmnPqw3K20DvVSWVhZHHUnJFW9GvpIeCDsNc9k3qem6dSNNuO6KmoWEsASHO7nFRDSQjL3PWtC6uWlmXPNLHPIJgKLRvsa061RQSTKsUKeb5G3r0roG06Gzt95PzEVUgdDdebKOnSmX96ksmxmqpWV9DkqupOaitupzkNzcQzvJCSDnqKytX1DUQonGWHeuqUW9vG69255qjcok8W1x8vrXHJPqexQrxU1JwOUs5lnhaWYFc+tST+X9nxGDzW0LSDyCFGaq3ihIEVByKiSTR6axEZT0RhWNnxJKw47ZpP7PW4id2GG7VYP2hpBGvIbtWlK4tYAgGTjmsI0rnXPETT0epzy2H2aEsec1eRZFVfK4OKiklmukMe3AB61IYJoIN7HrWkFZmrquXxvUrpcXIlYTPkGqMl41tLvUb1HWpoQ8m92/hrCnZmU5PesajfQ78PRjJvQtC8d1klC4WuVkuHaRmY9+B2rUv0kSJFgf5e+O9ZYtpPI8yTk5zXFUke7gqcI3ZhXiFZGdR981owFfKA6H1qGWYM4G3p1okmDOqgYB7Vxyi73PVburCzuUZX38g1Vaczyb15zV+a3ie3I3YZulPs9OWOAnO5qTTJ9rFDHI8pD/dzms5HO2Qg4BzVy52LHgHHaufkmk2Sop+lRUWg4aofJKyq208nvXOzMZGJIJPSr9nLI8hhnPHrVi4gijfCjIrlnsdCVjCtIZklDgYGa3xDkeYByOaqphcgHvVqK7TDJjJIxTjZEVG2NkQyANmlWFWwj01pU246EVnPJMsgZTwapGKgzRaNYpNueKefLU/JzWcI5WcPng1KrqsmG5o5glGxNcAmPC1nKGWP5m5rUk5AI6HtWNcKyncD+FKZUCjNeyFDGRwKxPNVSZGHetqSNlTeRisK+wcIvGaykzRNG7aXiYBTJFbUVwWG9ARWBp1tmDD8e9dJbMIIfLwCvrTpxOLEcvQoNIryEg4Iq1HdXEDRyphinIzyOOeayLza0+5eMVZ8x1T5uRitYuxi4JrU67WvEUGuGGaW1S2uUXbI0fCyeh29AR+tYaybmCYzmseNXkkDL09K0oeZMN8vOOa0lK7uzl9lGmrIsMNr4A4qSSRtmOhqpKfLkwGyO1O8xurjNCkYtE4jjuYdp/wBaDx71VZLa4heKQ4kXgg0ydJInS4tG6np6VEd80rNL8rnuO9WSY8eIHO19uOn9KZqWoyrdRTTDa8alWcfxA9Mir9xbxNFIkistwvKejCsiK9FncQyTRBwDkq4yDj1BrqobHDXOF1KFYpPOiX925PyjsDUphIRLvTZzHJCyng8g1NrMsbzzlV8pDkoq9K5jShNLdJGZNu773PFdx5rN26uoZpmv3CxTH5p1zgbu7c+tcpqC3dsj6pbhbpLch9rcjHXkV0uroZIZJ0gWRUASQKOGz05HesDREa4D2I/fRspyjHkA8VqjnZhanqVrq9lJcwWjgBfmiPIHHIDda8ifxT4g03Tp9KO6506VtxRl3MuDn7/XAr02y+1WcxiI2Nu+b6g459RUOqpGsj3luBE8qFJWABGCOeK7ab1McSuU8VGqaeQb+J1jjkHlzRHrz3xXn2uaW0GJ3TfFLnbJ1G09M+la3iLR7LzUgQBMjD4P647VzLXGoLC+gxzu8SrwWGcen5V6FDc8avseW6rYsG+2QfOucHHQVBbvHPF9nlXH9PetJ7ybTm8m6iyHOCp/nXOOrRyNhiQxPXrivSgeVU3LtvH5N0hsnaKeBgyyIdrKwOQQRyCK7/X7u18bad5HmK+o2xBeQ8ZbHJ4HIP6VwtoYYg11I2GXge+alsG+w3vnwHKyj5h7VoZNXM2QX2kXEttcqC23aPr9aj0TWtR0KWPVYn/fqSjbejIeqkdxx09cHqBXQ3Vwl4hGooqqudkg6/j9K5y4s/JAjY+Wi5bLcde9dEZ3MJwsdJeasYYpWiQCxv0GxoxkBl6g+4rG1K2huIVuLe5wY8bkY/MQT1xTrO/tdP06fTY5Y5jO3mBs5VSR2HY1Su7WVoormVCBGDvcDA49T71nb3rC5zoVEi6c1gpYyyJmJx94E9j+Fcf4fmvrTVQtyogkt3LtI3QBe1a9g73bs0MpjWEAmU9h/WtbxLe2WoWO/Sh5kUIIlbHzODxmhRu2iJae8S/E8QeJLO11bSMPGDkHoeB3Hsc15BY/bYLuJlkOVZe+OOn54r1HQLGz1DT5dMa4eBnBYFhxyAMfyrz0aCYfFNuq3JdVuFDDt8rdPxPFbYaVtDGrK+p3culWy6qLmRi/2jbgnqpx2NdBYX9s2qyWrNhyuCD0bHcepqiLTdqL2jzhFicjc3Yeo/Cs2FTBq63ayKY0dlUnv24q6hxSOluUWNiFQgDPWptOumUFpF2rnitO7uVnhiuXTanCk1Sult4kEzNx2xXNuzxsUveNsypKqYzk9arF9zEH5myKmt41AjLNnvxVK5mhivcw9FPfoa1qU+WPMcbd3Y033BGlIIxxgVJotyIb9Hlb5QazdSllWFZo3wrHJArOsbpp3k38bRkGtaNTVNHPUjdWPpPSbuwgjjjQruclseua9Y0PWLiSJMEhFbbjvxXxbbHUQ8U9sWba3BHt2r6bg8QxW1jb3GDGHVSdvQHHOa/RcizdwjeWlj43MsDzO0T2+3l8wDY/P55zVPW7+PT9PeYfMTjC+9eb6F45N2rJDEGAOAwOeldYLptVt2inwdpzgDn9a++w3EdKrTtHdnzM8snB6ooN4tyNi/IQAMD71eOam8Npqc11IM7/AJsE9M1p6jrq2t08d0oARic+orMh1PRNfadn5UfLg8E9uK/EeKcVKWIkpPY+8yrDOML2PL/Ees6ZfZMIBYnBb0rH0W9Ww1u3laXKSAofTB4rpF8KQSXtwlshjUORtb09q07zwJYtpH2m2V2u4n9cDAr5D61BKzPZdloLr2uRRWo8uQEoQcisD/hLLSSJQxGUAyR0I71Wv/C+pvavJICYyuQR14riNJNvo0pj1NfMgfcrDHOD6UowUldFch6lZXHkzNc6fdAwnkqTwM+1ek6N4iHlmeIA+QMk18vm/hiaVIWItskpjrj3r1rQIHk8OLeWRP79ecnrWNaCi7sOQ8q+I3iG41PXJJQxJkdjgHpXDfanBG+Vsbc8ntXU6v4S1tZkuDBIyuz/ADY4NYM2i34AVIst0weoFezQcOQBtrqaxF1kZmLgqR6iotP06bXdQTTtN2ozkgBiQOOeSAT+lQXFi1ohebg9/wDCvRvhLaWEl1Nqdyn7+NiI89Bnqfr2+maKjSi2JI1vCXgy4/tSKx1Ygx5IOGyPwrrLvwXpX/CTpIo3QbdpB6bh7c10drYS3GrfZ9Pwskj4BboPyrqJvB+qW9zmS4j83d95eeK8R4q+xpy2POrLw/DaXr6VHbj5iWYAY49c1p3mg6pYatbtYkwxugxg9xXQ6leJYa5uJ3ybAMDmtT+2IpLUPJw6cqaxnVk1qTc2ZtWu9sX2t/mhUZwccirTatLrdpL5ahSuOh4AryO88Xw3/mwh1iKg43dwBWd4J8YzJqcllkS28w2EA8j3rKOEk48zEdpb3zabqMQ3bQCQSO+a3n8YRNdC1ikALEZB6tWfr/h6eFVuShEcmCCOvPIrh5rKKS5j8hMXD4GM85zURpp7gkepvMtv8xw3mdB74qxZrd3kX2dUO1uvpXHRadr1stsLxlJEgJxzgV6o2tW9jBGcKu/9feolpsWYv9n3N7KunXMmyNjsHOR7V5B8SvAuo2nmf2dJ5ogUv8n3iR2xXvNvcWl++5fmZG3DnpVrW9MN7YteQDJjUsx9h1opy5ZXA+DrW9utos0XcxJz1/nXv/hi1g0/T452G15vvDtk1h+F/h9PbarJqdxsaAM4VWOTz7V1viNbO0tC3nbFjwwVen5V31K/O7IDprG5iVHiYEtxjP8ASua1vLzIrRsoPXPp2rmI/GUS3dqsTFVTG84zmtvxl4rhdIpLJGPl4Zzt7GsPYu4z0rwzpFudMhuJFBMhfBxzweKt2kUk0+xYFKq7KPbFeNWnjTVjZxW2nz/uid+O4J7V6JoPiGeCzDX43OW3j1z3zWNWhKOpq0dHrdvHZadKqxfvTnAC9c9K+RfEunalb6hIXt2VJDuXjsa+uYNVg1fUfncR5AG0n0rzjx3FZrqBMT7xCuGAwfetsHWlF2YnE+V7i4uLe4WGZGTecDI5rpLWAT2EkN1wCcA+1aGuy22qXiBUChfzzUstnaC28kkqSuMj1r3qTZkonbeCvDWk3dxBBP8AvUMZAyehriPiPomm6TqLbLRd6nJOcgA1oaBrdzoNzDGkoKZwQR2Peuw8ZaTH4i0F9ShXNymFYLySoqqda07S6nQf/9H86Ne+HPibTPMkurYeUvR0IYH6d/zFefPZSRAq6kEdiMV9sReIYby28i9iWVH+8Mf0rl9Q+H+geIJHnth9nfP8I6k+teTTxLv7x2yopI+WNJtLhLuOeJOVdcfnX6AfCPVrHTtEuF1EKk8qr8zL83yjAH0/xrwCb4ctos8ZikJjDqSByCAc16vYPDBEkb/JtGT9amviE1ZCpxSZ65/wjHh3xHKZYZjCzHGCcc+oFaV18KNQ07T5LvT7hbjgHDcFvoa8eGsxwPxJtx3B7e2K9J0nx/e2cUVlBN5kL4B3ncB+BrgNn/dOcguZtGYx3IKSg849frVxr6C/t2e6kK7jnLHNeu6T4LsfHSyTuwh2jLHP3j6V5n46+Huq6QCNNj86IHBCHp70iKhwrvA7lYnzg4yO9e3fD2G406UXiOY2deQwryLwzolzFfGS/hwI8EZ716pq3iWGC3WO0YeYFxgDB4oFTPp3Q/G6tepbXMYZAMbgeMjtXRXkvh7UZXG5IpTwMsBXyz4X8RGxtRLfkNv+YEkcfWs7VfFSX15JLFIABlfvenoRWDgzR0z2zxD8NZ9dnD2F6ibBkbgevpxmvlX45+C/EHgvwhd60ssTiNf4CTzkDowHTOfwrqrL4kahoWY1uPlJOBuIOTxjk4/SsP4n+K7jxl4EudGvXw0gBAwCMA9j7DNEE+ZFz+E/LHUpd0rhOMnoawzkBiTuJ/Suq8XrbQX80dv0VyM+tckAowGr7XDr3EeBWepHHGXbA645q7A32SVZweUPQVDEFVyR+FSFWkkUJy2elbo5Zn6FfAzXrrU/C0di5UyWb7Sc8kH2r363kYoysoB9K+XP2bInSLUE8hizhMsRwCa+uVtUGVAIJ718fm/u1GfTYF/ujjtbupLSzY5wDyAaTw1r1tHbsZPvE4JFYXjK9VItofCkkYql4YsbW7t3aKTB6nBry6dSzMp1bSOi13w5oXi65xewRSSvhQzDB49T3rhPGP7KaT6BPrOgu8coYAoi7kx3ICqSa9P0zwOuq3Sn7Q8JQbmJyRj6cV6lpfjK48P2q6NCvmwwMVCvzwOpFdscW1sEaSqbn5Ma14QvNAmMGqWcqFTguyMo49+lVLd413GPjFfsOIPAvjC2uJNf06CRpjlmeNd3t8wGePqa8k8QfsneDPEtk0nhS9NrOOcsQ+BnOCoAH0+79e1dEMe5aSOPE5Y1dxPzxtpreXYk+dh9K623urOwVtrE/LwK7Xxl+z78RPBEpmksDc2W/ak0bK2R2yqkkE/z4614TNfPGztcHAzgZ45roTUnoeVOjJbnSSTJfXbrFhM9qr6jZZVpJX2snAB71lR3NstuZoW/ejHzVJdag94FL9VAzXr4SFmcsqbM0hW603gdOKkJzTdq9zXtmJBMjDlRkEVz9w+XIUcmty6lKgKpxzXOtl5XZjig2pjVIClCOaaBJnrz3obBPqelWbSCSeTylXk+tTUnyrU6WXLNmWcLsznvWrfzbLeQtzgVnvHLZkK3y+4pLa6WQssgyGOCOteFipXdyWaekXYeMSN8oUdqvm9GSBxms6CzCljHwp5xUbTRLMUc7T6GvOlFXC5Uu5RHdGVse1b+mSow3SMGWuRvIZZpcpls1JCZIYiOQe+K15NAO4ju2WRo4JME9AKwJpFttQFxODsyCx9fapdGiMNwLiQ4C4PPGQa9z8HeE9D8c/aEvIT5NuOSgwQ/YVtSpXA+gvgF+0v4W8G+DtVspY0ttQghxAnC+cQuF5Oecgcc/jXxZ481bUfFer3mq3oD3V5I8hC8DLHOBnPA6Cua8XWVloXim40zSWJFowDH/a7j+VdNbwG5SCcHDdT3xmqrT5EFjyWXQdRkRmSMls/dasaWO+09lc7oXJ6V9MW1sJ5CrKGVBnnua8z8R6fayidjlpEYnb2/Oijj76NDE8PfFrxFpGmz6X5g8qRdoyOxrstE+IEZuLdIrg2c4K4cNjn614m2jtJb+bFGQT1rL+w38cJlWNiqn8se1dEqFOWtw57H6nWvx88U+BrGwso7hNTUxqZBKc4Ax0z3Ne4+Dfjv4L8cGKDU7ZtJunOzA5jJPvxg+xH0zX4n2vibWbMx7ZT8vPPP869j8D/Fu20zzhqcRMki7UZPUjGCCenfNQ4VYP3dUFovc/Y3UfBvhbxPCJ2ig1CPp5kfyyAAYwWXByPevNLv4OHTS8+kT/aI88RzDY646kMBg/jivhrwT8R9Q028W98NazJbSl+iOQN3XBU8EfhX2dpf7R/9jWFmvjWzS8aU5aaJljYL67TkfyqViYS0qRIdK3wsytW0q/0B3W9tpFGCSGUgDtwe4P415pKssl6JLRc56g/5619laB41+HfxDswdH1KJ3f5Tb3W3OfQKeo/Oue1v4U6QXklsYjYyHn9380Tf8A7H6YrD+yov3qbDna+I+X5S8TkScN9c01JGP3DXaa58PPEWmiR1iN2keSWiBYbfU9x71x6QyW2TNERxivOqYKcHqHMiGWbeyruwy1ZsdY1TRpkn064dCpzlWOc/4e3SqN4bVY1lLbWPQVXjkjFtvY/NnpSpU7Az6P8AD/x412yhSHV4k1JFwpD/ACuBwOMcGvftK1rSPEtms1nEbR5BuCygLxxzwf8AIr4G8D6Td+IPEkdqyCeDcHcdRtUjg/Xp+NfT3xF1uLwz4RmFsyxz3AEMYOMgYwTj2FexhK0uVuRjUkR3PwuuvE2tanrGtQfao5MrAI3OUUE7SAO4GOOfpXmuv/BW9tXefTrsMx5CSAo4Pp6en+FcT4b+LnjDws+2DUXkjU4Mcx8xCD2+Y5GPrX0RoXx58L69FDb+LLRbOQADzkAKlu+DnK+v6e9Uq1Ob9457s+X7nUPGfgZ1hv1kjQngODsb6HOPxFOebwP8QgY/FOkrb3GCBPCdj/i6gE/Rs19q3FnoGu2XmaXNb6rYz/eVwHyMdf8AIFeN+IvhJpFzL/xK1OlucnaB5kRPsM5H51s6L/5ds0PkTxB+ztFeJPP4W1SO+QEslrONsmOuN4GCfTIUe9fO3iX4X+J/C87C902a2B4yVJjPuHXIr7Z1XwR4y8JTnUPLcopGJrcl1HHPI5HHYgUsfxMmjtTYeIbJNQs3G1wyjcfc5yDj6D61HInpJWC/kfnVdaXPFNulTLegGcVnLaPNeDzY8R9Bmv0K1H4f/Crx9+80S7/sa+JGdwChv9na/BH+6eK8N8b/AAD8a6HbPNaxpqNqjfK0BLSFeTkrtHTHNYzox2TNOVnh1jrkGgkxwbR3we9bk2qXOoqDPBsVuQR0rlE8OK7+bMrO3Qqeq4q8+rTWkbQv/qo+APpXDVwupJqyxpAyMjfM7AVY1uylGm+coHyckqetYdveW2oOIXkKO33abfpexq1kZCVPQ561nThqb2MbSL9pLoiT5lHrXZyS2H2UywxnzF5Arh9Khh+3fZpdykNhq9ZtdN0qS02bmLA4IrWpYwZ55balPePJbEbCO1Z0luYmeMnO7pXoOvaXodhamVWMMvZl71wFzqdjGAwYSFenqaX+EZf0t1sp0SRiM8P/ALS8cV0M+hLprm5jysM4DoQezDIH4VyUupWHkCVjtLdj1zXe6VMuv+EJSJR5ulSBGUn5jG4GD+BNQ1JbgcfZvrCTvHAxEbkljmu8h1axlt1t7tmeRQM59qx7O3jtiHkbzAwxjpzXWReGbCaNbnO2cjOAa5+cRDa3Whrl7VMFTjHvXTWU0zWrSRjYBzWfB4ZtSxuwhDgc46cVJd6k9jav5MZK454rCcOYB07AAnPzt6UtqpYqZufLORXB2utSwJI87Fmc5GewrrtJmu7qSRyFaJ1G3B5zTVKwGpfJY3g2bRleQcd65i5vBZuqNGc9M44rZltpFwWyiqcke1Zd/ex+VKT8yHGCamnDULGdFeRQq0yDJdslTUtxOhha4VgxUcKDzWXJbx7N0bZ3deOgrmvtUUM3lCQyNnjiutUugHSx6tLMGS0JjkQZGe9SeS8tjLe3suxmB3Z6U8JbRBJJDtLKCxHaq2qi0vrdUSTfG/BC9aSaRcDxa4vY4/PtEXeCTtYcCqOMRZd8MOR7V6+3grQ0UvC5lyOAeMGqNr4Stre6VL4ZQ889K9CnjYxRomcz4Y1yzM5iv5GiO3AZOcmvZfDcOm3FrPBO3nwyHIVuua5/TfAWh2uordvuaEHcFHeuivUtYruP7Ivk4OAPUV5+IqxlsYNmr5FrbL5aLtRfu1mXMEMpErLkn04pGu55AQ0QbBwB61Zukmmsv9GjHmeh7VwrTdhuU4liuItu3ao7Gsi1275g/CjOKVhIsDKGO8d6dDpzi3afzPmbgV1RVj1aTsXlkURo8fzDPPatiHy9SBUNjaPr0rk7H5XZLgnBPGa760ht7WyY2BAkfqaipJLUJrU2LSQw2aQltxXj3rIsblLDUrmUtmRV3KvYmpI2mtjiYh2YZyOgrifE6NZSQzwMd0/JwelXhal3odFDsYPizWr3U7oSTACTkD2rk3aSGLfMdzGrkl21xJhzmQt1qrJbu103mZIHAr2VLQ9GjTsrDJLiWCPcoG9uOPSt/ToYd0UzZJGD+NZf9nNNMDM22NeQK29JPm3v2dF3gYAxWdTY7KG9j2rS3tn02C1tYiJp25I6kmvUtAs4vDyJ5Klruccv1PPGK5jwrYxQxxSXKhJE529cYr3Dwt4ehvJRrOov+5XhE7E9c14teVz3KMTq/DccWl6e1/MT9pmBPPXB6VdsJrm4dpbuXIPzDNZuqrcXE6i2ACEYH0rRS3S1jWJWyRjP1ry6h7mGN2B8uFRuK20dYmUJ1rDsVZjvHTFbKxmZwAMV5lY9rDGosiSjb3qKS5ht2G/qe1VlKwdeoqrn7RMM8gV58z2cPG6NyBluMsVwPeop41AOVq3HCDFkcbaGtml+d+grLqdiGWQH93AFXpAONgzmqsYCISOlTh2cYjOKylubU2bMQdEGelXIYLctvY1TiZjGF6mp4oXwcjGamWxMmW2aPDKlRw4jG4d6bDDsJLmryqrYXGayNCxaAOCHpl6vIB6VoW1tWTfblm2+hpJDpv3hYjbgeUwwexqzBII29hWcY+ck8DoatnaFB3ZqzWULsuyXpVwqjNSy7pAHQZPes4OnBX86lLsmGz1oKaSGFLnzCVYrWRO8yyBn5wa6kYIUk9apXMcJk+YcUrG9OVmVbS4aVSwGAO1aemSpb3QlIBNSrDZIiiDqRzWfOoSQFTgUWRad2dTeTx3U3mBQoIrBa3eWb93wKqm7dHCg9a6C3jDBG9RWilfYr4FoUZFliiVgSSKu291mPcevvVqdFKiMjFUZLZNmFJq7W3HGfMtTrrW4sjaDDYepDdLEgK1zkFuscSkHrV14JGjQq3BPNCehzumkXmu3mI3c1oWUAaRue1Z/lJFFu53VdspSDlQcmrhvqE17vumvJazOmegSk3Ktv8h+amveyopTpS2/ltEWkGK6jzrSteRTEhliaJ+pqvGromwHOO9T311ZQqpgGWPWq1vdK+QRgHvQdkF7raVi+J2WMK3NdBbylohk5GKxlt/Mh3NxVmMbIuDWtzz8RGMkTqshmAUZDHFdOY0hhGPvDFYenvhSOpJrRDOZ1MnQEHFdFLY8nFau3YkguX87DrgVDJMftBXoCeK0LuZTgom0Y5rnXkuJbn5V+Ud6KsbGNCClq1Y0Z5/swIxWPbXESzFmGS3IrbuLeSa23MnPrWnpuk2L2gaXh1pqm5FfWqdOm77+RhG/bzBEq8GtmK8hjKAucjrWdJ9nDsx+8DgGoI7YyN5jHgc1PO0yalOE46qx1Gp2vmvFKzcEU0QbYwV4K9Khub1prdFPVKq2145JR+fSuhOJ5lOlPk9DZN4biNo7iTkDrS2bu0Q28kHrWQyh5OmBWrbzJFCNvatYMxqUko+6jVZpHhMbjn1rNhRo3O85q8l6pizWHd3hZvk4FTN2OahTk21Y6mHcoBjNLLLiQd89az7dpdg3Hk0juY8lunrVHI6OpX1S7Y/6N0BFZVqypi33ZB5rT1CPzIBOi54xWTaW7oRJMvzdq55/EephuVUzSFqjMMHGaZewLbMFU/NUq5TDn1qW4AvNv94VpEz52pJt6F7TZobe2DSH5jW9LbRtYicDOeawXsU+zq4P3e1aS6hL9lWBY8gV1pqx42LXM+aD66iwhGVWTqp6VsfaZwwYjgVgWrkTFmXb7V0K3aspDDGRxVQfVHFi4O6urk15rcMdsWOc1yZvJZ8Squ1Sa1XgOGeZcp71XvDbrEoi4HtWk22tWPCQpw0gr3FNuwUCQcNVhQF+RelTWt6l60cbDG3ii+RYpCiHg00rahKcnLknuPt7aKYZY/MKrgxLcshPNTR/6Miyk8Vi3UbS3H2lDgZzSlLqTRhzSavob/nQJu8wYK9K528lhe4Dp909afG8eotsY8JwSKvzWcQgKRDJHU0lO6NoRjSl725g3cUkjo6Nkdq0y5js/LdASadHFhMcYHSnk7smVgVWsZx6nVOpdJdjHUSLHzwD2rJu7oofLIz6Vr3OZeIm6GsS5gImBds+tc7T6Hq4VJvU39I8lo2nlX7oqcRQOjzMMk9KqWKIy+WrYTvVXUZ/JTy4DWj0WxxypuVV2Zl3DYnMcfAzzVq5k3JFB61AkQkiMzjDCqW5pHyeq1kj11BO3kW5Yobe0kjX7z81w9+rQqOeWPFdjcBmXLA8Csa8WKXyww+6awq2PSy+bg7vU5hUbG52IA7GhpF2mMdCDWvq8SxoGQYOO1ZEEKOglcdO1efUWtj6GlUUo85jw2sakyt9MUww75gwwFAqS4kCTbI+h5xVRpfMk2LwO9c3kegm3qSP+8TCsAUOa0bGUurKf4RWNaWkr+dIOQvNSWl2yA4HzN1o2FON1ZFHUZJJDtTpmse5/wBHmHmnitS8kdG24xuOaxdSieZlaI5x1rKodMNinJKGlMkZpi30sp2sOnHNXlQQLG+ASOtNPky3ZkI+U+lcyhc2dRWHFCqeawwDT7e02t5g5Bq1NcRShYZBhRWJc+KLKO5a0twSFGCfenKCRhq1ZGhOg34BqJ0JxtAyarQ3AnbKtmrM00du6qec1UWNxaXmWhujwrCopUUSAgVTupnZ1lQcLUv2lZl64YdRUtmag9y1cyr5YC/Ka5+Yyqu5mzz0qxeNIFUg5xTICkw/e4qajLjHlQ6GTzo8Efgamv7O0uIIvKX51607ERO2Mfd9KftJTcBgCimjjnNp3Q23s2EO1R0FXBCWsTKD04IpltcsDsxjj86lfekZMf3W5xWyiYyl3OdiZJZCuct0rZW3BTYe/eoJYbdW8yNMM/X61ai3qqpjPeko6ilJ20KX2eWyl38kHoe1V5tRAuAJMbjWxN57Js7H1rD1HSWiljmm+Y9Rj0rUxTv8RK++faYzyDyKuglTskHSkS1CQC5iOfX2p81yHjzIPmHegzIstHll/WpJ5YbmFG27J1ODjoRUMU1qULT5XI4I9aQDKb/vA9DSpmcypPNdeWiOQRCSVbuM064NpqZCzqIjJjaQOA309DUgHmgxscA9/SmahPpo0+Gzt932qJv3qnoCBwynHQ9x2Nd1NHn1jy7XFktL77NMPunaccj2IrBsraRtUFvDy0mSAfYZrvtbtYdRg81v9evG76dK4jxD9otZLS4mja2urcKQy8bwv3WHY/UfSuo89o7ewsNT03TLq4tII7qGf93PByXA7OB2wTwefXHGRwn/AAjTawZhpV8tprsJLRW8o8tZduD8sucBjzgY5+nI7K31lr6GC9hXyJMfMV4z2INZ3iLTxeWq3nCMflLDg/Wt4SsZuFzg9MtZZvtdh4lt2i1O3Yqw6E+pyPTt1B4IOK5a60nU7Z5obEtJbgnIbnp710V1fat4ftm1aS2S9AOwtIC6vngbiDuB7Bs1d0DxJYeKFFnaTjRtUHIE+GRsd0b+I+oxn2Iya6mcOJlZI+ePFXhmK8KanasLeRU/eqnG7bzwOn8q8g1HUZLaaRYmysuFDEfMa9u8f6L4olvJpdXdZDE53PCQyt2GAMfyGPQV4Vc6gljrVmfsxn8iRT8wxjB616WG+E8qtsZ1/pCXMKLqULRTkZjboDXGf2ZbCRreSU7gcYP3hXeeIdYbVbs5Y70OVA/hrHkty8X2poszgY3HvXdHQ8yephNaae9o8UTFjb4De9c/CBHKckrg8D1FadxIlvIYySjSEbvelXTZb+TERCyLwBW3Mc7ZGWaeGeCRQY5APmHXNSXIt7+3WxuGCXWAsbNxj0oeCfT5RbTqQ3c1TvJ4b8DzEKSwDhh35q0+xDRxmpaTdWV0YGO/BHzL0J967bUZr260KHayREf64DoQBxVa3t/7RzJkrNCM7uzCmJLHIv2a6QGNsg5qpMhROd/tq5eL7BFB5UDDkr/H70yx1VNLvI0z+7n+WT6etXLg26XKrajES9ARWeTaLcs84bC8jA6ZrZHM2d2L620nUreeZf3bENuXoV6EVna/ti8T288UICySRsWxjLZ5I/Gse3nl1vTri2BzcWwLQk8EAHp71ry3c+qaTp2oScvA4jfjnKcZPpmol7pg2Z+sagF1yaPIDlsYzz0zU3h+K41LVQZwI4kPAJrK1e1W41p9QiXcwZSfwA/pV8ma0feiMytzx2ro5vdOSrLQ9witoJo5bFEDqoyR+ma5PVGSzjjQ854C+gFN8JXskV2ly2SDlWBJwQa1b+2iN9mRcJnOO3rXFBqMzz5pNHJ6jfXUaxPbsw6cD2qT7c1yFZlxketVtbvVspNqKAB696rWbzXUCvjcuefatas7nLKnFG1HBeXKHyAzRe1dJ4W8PXl/qElpnazjgMKqWusfZYRZbNoHzHA6V0fh7UbgTefDlDzhu9TTxMabTlscUk3F2O4e0h0m0a1uVCyqcocdawrjURPG0Tt1HSpr24urxjFO5kUHgnqKyb3T5bdPMc8/0rsq55fSGxw0sIr6nofwyu1+1NZOyx7Tnce9er3Wu2+n3DrENyjgc/er5bi1G60rbLavgk5ziuhuPFMl9CjPzIgyccVFLiKpHSJlVy28rntkGm6frVrPqkqLhC24P69cfSvn7xFfJoOupJYxqkW/LAdCPevavCE+/Q5kZ/lkfcRnIIIA/pXEfEHSbC6tkuNPsjLNkqzLnvzXk4nMPaTcpHfTjZWLWiX8mp2sWpW4DZOQc+h7169aXllc2bQlVVmXgd+vJr5P8L65qujM+kzW2Fl+6T1Bz0r3LTJ5AsKy5UkDHGcZFeVjKWzQnG7LllpV1q0pgt1yASCc8AetcB8QvhiIIPtBkUux6L1+teoWd7faROLmIFUYgEnoR6Vo6tbvrjfaASvGc9sVhCvOEtNjU+GhZDTojaSOcAkcflX0T8O7v7V4fVIVBjiby8Y5JXnmuY8UeBft80jQqyMrbgVBwTWB4d1q88EStZzRbwzZdGPc969duNWOm4H0Vq4F/axWvlYcKQQOOD0ryH+xYreeYSqu+Mjj0roz4/F3bLdQW/lSJ8uT1NYMepm9eea4OGc8g96xhGSuiFE5TWfCkl5FLLHatKnBwozWTps1roNuYreDyX6sPund719G6RrUEejMghDlN2eMA4HHNfL+uXc17rVzNLja7fdHTFa0pyleBZ7f8KNet7jxIz6mMqULDjgGvaNQlt7i+ea2bByce2e9fL/hG5a31CG1WLar4wcdvrX0JDDCw/ekjHfoCK83EK09AcjyTxRpuoQ+ImuPM3Rs2QB0rWklgubVIQcSHgqPWu01WzilQPbnJ9T/ACrmLXRpYrgyXBUKzZXJwaUpXQNnjfjbw8unrHcB9nmhgQOma818L3kllq8KSEmIupbZ1wDxX1v4x0XRdWtkiiQtJGN2F4wcYxzXg0fgG6t7y4+zhgqjfnr7iu2jiv3bjIizPqLXIpnsobdp9qBAVI5zxxXgF5qV5Z67GkpCGJwMng8c/rXV+F9dvNShj068YtJZfJ65FJ488NzSXEd7p8JlaRRu2npt71xU42lZl3Ok1LXDd20DxuC5AB29OK4O51e7nvIbMS+ZtYgjPWvOJtW1TSJCLlWVASTk/pUeheMrS316G6uBlc9D05r0IYQcD6F8N64YJjaSfKw598CvQdP8Xrb3a2yAvFcfKxUdC1eJ6Lqen3+tzOHVEzuUfWutu73TtKtmnabnkrjqSK5p0HzBI37yBrGBoXk2gZOW4OK8Y1vVU8yWKWVWUYPXk4pvif4gT3NrmLbvc7CxBya4q+8JahqWlQ6xC/zvlWDHAralRs7isXbe4hmZVVQGcZWvWZZ9M02xjW5YCS4iHbJPFeGWPhDxDdRxmyUuUONyNyor1e98Ga02kiSS5RpLaMMAfvH2recQuTWWnq2L4fcGOB0rqtY8TaBZXVrEnzMUxIVGCuOxry621S/tYns2JYsoHHQVjPp15eTPJKTI57+9ZSp31YM7TVtduNQdI9NiKhTw47iupsPCcup6HNPd3nkyOCCx6KB61wUE19olpA1zb7kbuOuBVJPGmsX9xLpzELbTZCx4wce9PkUtEanKosVndyrPKsjKcB/arE9xbS7E8zLKexxxWb4h0ye0ke5UhBwSCOKxtIsNTuZp7sqPLCjGPQV6cKbsNnps1jay29vJGSs6/MwUZyBV3T/EptnSNcAOfmyKxPCeo2NjdSNqTHaysDnmuA8T6vbyXMv9nS7EViVA+UkGuaNBymRM/9L4vivXiAbcc10dlqZR1lyRjnOaw2gsL1lNrMCrccEVP/Zk9rH5e/eM8V4Mos9FVLo9Cs9XgvIit2F5OM96vSQW0qBIZF2EZry1Uurc7lG0A1asNSngnbzDnI49Kz9mQmdBd2skT5i+YdqtaLdXNpd7ZI96Hp9adpurwzSrDcnqeMV7Ho+g6Vqq+buBCjjb61I7s6zw74lutC8L3WqJHsYsNvsayl+Jl5dzKt0yTBuWA461ieMBPb6amk2Iwhbc3uK8uW2EJ3O23JzxUC3PZdavoNQs3/szKSvg4zyPpXltxJqFvMGuldcHknOD+NJpEOoT6pEsDsVJ6k13uvazDYW8drMizSHG4H0pBaxwd/4haW1cQZRwNoz0rmtNuNQiuGnRg4xkgnjNdyms6FOp+02iMo/vKDWx9l8L30Df2cwhJTJHC81oUeSFr291E3FwcjJyO5/Kud+I/iq40jRJU8wozARpjjJ9P0rvLrw3qVncl7OZXQEtwckHtxXyv8XtQvJ9Xj0mVmb7N8xz2LDr+X863pQTkkZVJe6eM6hNNK4aVt2Oc9azvMbOc81LPFLu+cdai2MCBivpEtDyXuWBK4AyKhN28Th0OaVsHg/KarucnbnFMyZ96fsp/Ey4tNbg0LVII7i1uX2OScMpIyT7g+ntX6b/ANheH9Ttt9o6oSu5QowoBHp/Svwq+FXiqXw9rttNtDIkqsc9Dz1I9utfuN8JbuHVrezkkA23AVgOmFxmvns7o6qR7GCn7jifFXxh06XRdel0pXJEfII6EMMg1zXw6mkbV0tZLgqr5BXOO2cj8q++fjv4E8L6ne2M08C7zGyM3Rgc5GD+Zx069ya+NtR+FMem3QudHuWkfdkJngD2P9K+ZitxPDTeqPeLbxBY6Posl5EwldAwUAgAkDpmvJ7bVrhmaSUlz6moNK8P65fwPYMvlMG6k8EHoQa9Js/g34wNs1wipLEvJKNuI/DANaxR24eHKtTF0/UmEOQdtaC6zqETiSGeRCpyCrFSPxGKyV8LalpbubkNgMeCOlWzp0rx/KWDNRex2Wuej2niu81yxe21gCYMpQlhncPcV8yePfgn4f15WuLOD7NKrHa6HjPPVTwQPbFe520EsMKQg/dHJ7k96fcSOIXDrk44xWtOtKLumZzw0ZKzR8IXfwX17TPlsx9oQnHcNn6Bcfkc1wupeGdX0iYwX1pJCT2dSp/H0/Gv0RsIbp7qEoQfmzg8V9fWHgjw3rngeS28R6ZbNJNC28ogPUcAsRzx1/wr2sNmMlqeVisFHZI/Bd7aaMA7c5OPpUDowbDAg/Svr3xb8F47e/k/4R9GKbmzC/8ACQTgAnr6Z/8Ar15nrPww8RRW0ks2nPHHGpLug3KoUZ5YDFevRziD3PGrZfUWyPnK+mUDaTyT3FZYRefU962dVsriC7aGRGwnTIrMMRB9vavXjUUtjDbcYsfzHrntW7pajOd4NVLK0N1KoDHBODxV25hh06SSOIc+tefi699EaSM7Ub0yO8IAKDoay7WUx3CsVyM0TYG5kG4tTrK4SO4V5gfQ159iTvzdWy2gfPzY6VxV26vKZlbJqS/vhg7M4bisiMs67k+YGs40gRt2yzuGkf7oHFWFVRE+84GM0kThbcCTgAd6zGle7k8pCFA966Y0wsXNPEt9eRWkBwu4ZI9M/wCFfcnhS0g8K/DqXUujOGcEj5jkBUH4n+dfKHw48LXeqeIYkiGQxHzH35498V9VfES4+xWel+GoW3BQsjkf3UyuPxPP4VrSlpcmZ8ia/o14l813L+9upz5jnJPJ9TXSadJL9mVZMKwGMAcnFdpqV3YmCaeOQGT7qjjtXGRzGRjNJ1HpXk4ibkxt2HT619jWSADMjDqOoFcVb6iFmcyMHEhO4Gp5c3c00gclckHPrXKzeWrsZDk1rRgTzXOnnuI43/dAIhAwByK7LS/D9tfWu6QglhnivFLu5uJYzFCdhHf2r1fwnf3yWQSToMAEdTWdZWd0xnM+Ivh/PHdF7d9yHngYbH0rhdV0CbTGEg6Hj5uDX0LJqBeVYrptwHrW1c6FouuWCrKqkdfm9auOYyj8QnI+SLXUb+1lE9vNJE0ZyGViCD7Gu4HxF1u6EI1GQzrEeCzc49/WvUNV8C6ZsCaXAC5PRjxnvXleoeB9Rt7wRwAMjnBAHC+oz3rshi6VXclTPSPCXjq0PiSyjjm+yCSRAWLBVUOwUknsMH6V9mXP7SviPwLq0dnbXMeoWHylkm+YnsdrZBBI/D2r80r3wtrelsJJIW2g/fXp7cjpVVtb1JVWFpm2R9AzFsH2yTW31e+sHY6OfyP258FftDeAfHUiW+rwS6VeMq7dqkpknBzjpj3zXpuoeEfDXiqCS8gSC7BB/fW5XzQO5JX/ANmzX47/AA6+L9hp7LDrFuEk8rYJ1XK59So55x2r0Oz+Kuo+HtQGoeFdZa3eY5zG5xgnONvQflUSxNWOlSN0S8Op6p2PtjxD8G3Z2n0Wfdk58qfCsPUh1GDz7CvItU8Ha5p1wYLyF4C2dvmKVyOmQehGfSvW9L/aAu9I0awbxrZC+ku4wS0e0SJx07ZwOvfPc8V6/wCHPG/w68exiw0nVIjLKPntbpcEHGcEMCMds+tRyUZdbGU4SieafB3wn/Y1pc6rM5eachEz0VRgtj6nH5V5T8Z/F0F54ibSopC0VhujIAwvmgkOTkc46Z9jj3+uPEmn/wDCG6LNdxIEKrtjXOR5jDA4/WvjnWPhF4vvbT+3Yrc3puv3zGLLuDJliWUdB+dXKjpyxMbXPHPNd2EyMCCTxzkYrQGoztB5CkgHjjrVG70vUdFXdfQkeacDHY96pNNc+WFVDtPqCvH1rgqU7dBnc6D4p1bw05mtLuWEtjBjcg8eo6H8a958H/tDXCKlt4ht1vIs4ab/AJaAHuf4Tivk/wC1bBgmsya8S3b90+PWrpuUdYsD9RNG8X/D7xOqtpWqx2kxIAjm2xnd9CeRz7Vk+LvhHouvB5dR01JHGf39sNj89ztGSB9CK/OWx1iRAPs8hSXsQSDXq/hL4/eOvB7xWBuf7QswRujly/THQscD8q7qeJ/5+ITXY7vWvgNqNiZJtCuVv4v4Y5CVmHH+7tNcdbav4z8Eu+nXXmqkZ5gmQkEHjjeAQOOxFfUvhf44eBvGLhdWt20udlIDMAVOOvzLn+RrvNT8J6P4p00z27Q6raTJkK2HYKwzw4+6ee+2tnRpz+CRHtZHxJcal8NPHReDxjpIsLhjgXEI2t9S6jI+hBrzvxZ+zUb+2a88FX8WpRuCRHK4SQDthwNrZ98fjX1l4j+BmiEMdFU2dxj7kxLRnk5IYLkfrXiuseC/Gfgq6GorFJFFbnKTRMXjGCQCGX19GAPtWFRTWlrmh8Oav8N/FHhO+MWo20lnKPul1bbn2JAB/DisG8s9aiUS3h3g8DbyR6Z9K/Rmw+Iwubb+zvFVgmo278MzKvI91b5T9eKxtT+Fvwr8ZQSW3ha9Gk6hIpZYjwhY8gBWzxn+4ePSsJxi9tGUpWPzssInjvWu7t2VkBPHf2ya7TRrwXU7rG3ljbuAY9TXs3i74F+MtBBin0pb61Bz9otN0n5rt3fnXlFxYLo+Git9sqcbSu1t3oR/jXPUoz7EMapiumktL7DKeOnavJ9W0O2i1VraOQjJyox2r1C3unuD9qe2KMv3sirFxpVtrbCXylimQcN6isYScRXPGdS8MatBcRwwRtMj4O5eVAr0fwT4Qv8ATr+O6u5VaGf5WUH+E0+WS9sJGs23MV6DsRTjrF1EY4njZQxC8E8ZoqVnIZ39xpkdrfPYGNEeLnBbkhu4rQs0EOTM4OM7RnkH1rK1zTdR1C3sPEskjLlRCWAxlo/WrFrbExGSSUuxGd3p7VwNGxoX0tyynypdm7qB0rh7jVp1D2lxJwTg/QV3wsriDQ557rAfqn0rzNbcQub69AlU9q2pQAhF1ZSOYrqI7G4yKuWmqxafKfsb8dAlcxrOrKz77dNijoKyrOeSeeORFJZeSRXZ7HQZ6Nc+ILlWaYnIYYKntVO1ke/tJYZMFWPyY+8K52/FxchRHGxK8nFdloMgWyAEGZVBJJ61lOFhNI4jVtQ1rS0ZI42EScZIx+tSaLbahM6Xb252HqxHc969bsnsdYsZbe8jwcfxDIJFVb9jBaKiH5BgAAYGBWXtraD5Tn5bf7QklqyBkdeucGr1lp1rbxBYkBKYFY5WQS5QnOcAGrxu3ijxjYR6dzWctTG5b+wwqrsp2MeT6VYg2ooaRBKjcetQxn7VZky/KzDGO9Fn/olkbUHdNu+UdzXPK5UNjbn8sRK0Z+6OntUECwyPHLOobZ8wOO5rAvb2+gw8425xkY7VcfWLdLQi2AeQryMdKqSZBt+ZDEPNIG9icelVEncyMqruPqO1c7p0jXUZN02AuSCPepdPkvLSW5jdTJnJTPHBrF0k/iYEUheNmDDBZvSraXLSwrbjAIPAxyazR5k91uuDg5HArofsi4S5j+Vl6e9Xdno3sNXTmEqC/AjQ/wAVb2keSZ2iZw8KcqR3rKnu5ZUa2lGAeeazMywRhIyV9BUtc2h0JXOy1iSzt4Tco2wdh2NeYaxeS6lYvdRpuSI/Ow7CqOp6vPcCS1kYgqQKzo9Ray8ywtiDFcR4kB9a9DB0uRXPQoUepgrLGZ1lXJA5wOhFdvoOnx3qPeXo8qJD8meprntLsbSzkH2gl8ZKg/yqbU7q/upI4rYbVHYcAV6Ep3Z6MIWVzN1SZ5LiSSAkIpKqPUDvXa+ArCS6vBDDzO+Nx/uL61zMsMjYRB+86H37V6f4Q059FDzRsXuZAqn/AArmrVDpo0/fPorw/p9na4/tCTO0cH++a9D0qW61qf8A0dfIsouB23Y9P61574T0CSa6a/8AE84trdACIN3LE9MnsOPr9K7yfxBZxbNI0zanBUKvpnrXkVWe3TR1F1fW8exIhuC/L75q5D88at3b1rkrK2kMymRizLXb20XyheOK82pM9XDw1NiyYRptOK1459o28ZrlhIVk2cYrSiuN0gXggV5dSR9HShoawR5GO7hanggUP8hzSxsAjEHk063nEeBt5NcM2d9GXRGxCD0HJpLveYtsZwaZGJWyR0FVViuHZuCRU9TqTtqXIot0Sx7vmPWrtvB5BG7msqNZonGRW6siBRnrispGnMX1KIckY3dKf9uWJ/KbnNZ0juQCOaasTlhIx5FRIm5ulC/K1Taaa3J/Sp1mdItyjrWNfSTtIoHes7G1N3NezvrpnOW4Na8cSz7nlNYOm5Bw3et5ZMYUCq6FMoXcO0FV6CsdPMDjB4PrXUmJZuM9O1ULu0xETEKDeFa2jJIoFmClGxitBrXaBzmuctftEeFJwa6CBXDje2c9qCakepIFI4ApLi2byDL0rVNnkB84qpcwzSxmOMU+VihJ33MiF8MMHNac8AVVdmBzWIYLmOXG3GDW38vljecnFHKdcnZ7lL7N5jhgMYrbjuTDt2jhazFnjztB5qGMlGc5JBPFK1tjTc22vkmcgjmrdrEbjjPFcxGQ7lznitW0vnT5YhjJq+buaOFkdCLeRGA/h9Kvw2tw6h1XKDvVeJZHQF25xV+01CW2Tys/L6Gt4tdTjnKVtBxUuNsvAq9YxRhs54rMnvVkU/Lg+tV4LuVX8pRketaNpaoJU5ONjoJLizku47ZvkycFqqaxbmC6KW8geKqcUMfnh5Dk+9WWj3N6ine5CpKMk0yOGC2lUeZzzXRRpp6KFQZxWHHZ7ZAXb5c9KurH5cg2dKV+5z4h8z3NgiGRNqHAq99jga02I37yued3Q8Hip/7VWBAD9+tqdU4KmGm0uRnTWcMNrtEuDu6Vdums1dX3AACuPiuzcx+Z3qRLa5vCFyTzXR9Z0skcNXB+9zVJWOkjvI9rbk3KehpkM1sX2kba52+vLi0ZbCOIlmwAcc0+40zU1smnAKFcE5FJ1JdiVh6aV5StfY6aa7SKIrvyKZHfQeXjP5VT0/w/qV1pH9oEFhzWpoPhefUkYyHaV6it+eo+hw1quGhFtz2OQudQgjmYH7pNWF1mFY1Rea2dT8FyC88gn5VPJFWrjwBaR2kU0VwRIPvg85qPY1NWdazPBckbvc55tVDR4TinQaku3cVyVrWsfB8gja4b5uavPoVow2L8rjrVKjMU8fhfhjqUbW8N0pZRjFSS3BhjznArpNL8Nx7dyNkr1qveaWrSlGHGa6FSajqeX/aFF1XFbHJjWRgoxOPanG/s5BkyYK9q6O48JQXDqqcFqwrv4dytNsE+wN361xzp1Omp2U8fg5PWVi1Bq2SAZNw7Zp91qsiKEPO7vV5/h7JYRArd+b9RULeHJzBukOQvfvVNVDnjisHNqUHdEj6yn2NF9OtRnXY/KXcv3e9RnRCY9u786D4dBhwTnHpQ+cX+yjE1lZ5NgGB2rQguPLOSeTVODw9IBuQdKnjsrlZGR15qVOZNapQ2gzbs58tiV/lPatKO8jjfanKmucWwulfeoJApkrXcZ2KhBFdcZytseXVoU5y0kdeLeOedZC+1T1rSuY7eExCNw2a8ra41IsQ2cVPFeX0UfAJcdM1cK/LrYznk8tHz6Ho3iG+22620I4PWuUj3PgE8CuVh1vUrqcrOpbbWul27MGOVHcVbxHMzbD5W6MOXRnV2W1EbP3qZMJ2+YNnNYVxqKRQh1b5qzrPVrqW62k4WnOtrYiOAm71DsJLh2hWPOdtQSmQ4VDgYojiaCEXM38fSlNwFPC9RVOTtY5IWv7qG6XaeSzspyDVy91J9OyhXfvpLW62KyeXw3euU1e5ZZiJD8vahz5Yl0qDrVffOpsbuO6Tym4Y1Lf2Li3ZYTye1ec2F+xvFIYgdq3LvVrveFRjis1V01OutlU4VVyMtQW13BxMME9KnksHk+fOaLe93hWuG6CnJq8ELkBw1HNG2pEvbXdlqU7OKaOUk5C5qe9hjcqV6imNrVs4ZY+T3qGO9i/1jDdis1Uj0NlCo3zyWpFcsRAFVetM8tI4wzjGe9UdQ1qFpAsYyPasu61WSSHYPums510ejRwdSSWhfvL4Wr9QwI71x+oX26XCnA9qqX0tz5oJb71JLbyiLeB97vXDUrXPpMJgoUrOXUme7+0ReWPmaq0c0kcZ3DB9Kz43kgk3k4q0LlZAeORXNzX1PT9go7bFYMGmyq59aVYIhvkk4J6VagjzmUEAkUw7WZfMPHeiMb6lOeuhmyTyRDbAMA9aqRXtpbcOu5m61oXLWkrlI+AvH41ygtJGmkaT14rKotTpopPc1pFNywlXAQ1gPI291PBU4FbMG6KLYxztrPMSSMzjhhWfKaRaRmQyPNOySDgdK0beGNc54Y1Lawx534yxqzLEF+YjBqFCxnUqXdkUZ7feu31rjrzQWhLzoMs1eh2YSQN5nGO9Q3hiYGMHJ7UpRuVSqOLscnpNs8akSL1/So7+OVJVJ5ANa4k8h8N3qrqEgkUsg3NjgVizZyfNcdHN56iMjAFV2tX8zcnGao2jXayLvUqGrbkfygHYcjmojuRP3ZaFHlWKydvWka1LIXHBNVJmeeUydz2qwly6rtIzRfUUhIRLEwY5x61pxyv5bqOTTYZFeMo/Oaj+VGxW0ThqavUlhZtu9xhh2p0F0/wAyOPpTBIGbDHGKrLOGcgdqpSM7E7TLuIPUVZt5YhJ+9bCHr7VVCqxO7g1nljBIRJyP50lLUTV9EdFebEmZbWQyRfwtgjPHoaw3aVgVfnniozfeT/DnNWC3mIJAuAatSuZyg1uRW0k0RMTDjP4VYuBGIt6nnuKp7p5GwBgDoaryxTecDIcLnk1RjuXIJ7a3GblPMhfgirNt5XKwEvE33QfT0qndQQyxFIzhfWn2EogQW7DcR93PWtIGdT4fM6W4jtrOye1kUGTIeJsdVbqP0rkbPRzqMswWUQzKrMgfo5GPlz2zXRn/AEwxQSsVGQuW7VdfT9X0AzvcWRu9PKB3K8rgchw4GVI757Z+tdKPPk9LM87aGSTdCBtkBIxXE6073LHRtQIMa58qQj54m7r/ALpr07VIrnUZV1jT49keMEL2I6Z9zXC61ci+k3XyBJF6uByceuK3gc8jhfC+rrEj6XqUbRXEJPJX5SPwrsSV1OM6fFOFDZIBPGfoa57Vni0ue21K1Rri1lbbIwAzTLqx07UNk4gAfqHBKsM/Q10HMctqN08lhNYPJsL5T8uM49q8P8TaHqcEqDw/qDSytjckZwF75Br33xF4WnSD+3LZC4jXMygHAA/iGP1ripXjXTDdxRxr2LYwQBXTTZyV0fO2pzeNrK5gtru/uZHQbowhZlOfUAfN0/izXZaDcxlZrjXLS3vYCAWhuVO5ie6suCuKvXJmutUgkUkxchj2HcYqrfhIY5GgXzN2eDXrQqHkVKV0cFqUXg3W9VeDT7KfSWlbCqjrNGCPducH07fTpja/4avNKML2V211DIrMQU27MY46nPWuk0+zuLDUXvhapK4ibyxnozDGfyyKwTruqw+UCNzo74Zlyc+n4V1Qlc8ypCxxj+Gr7WoGkS3UeV0dht/I1VCf2eo3He5wuM9GFdZ4r8Uy/Y7eIDEjOxbaMDHtWJp8FjqmnSs0e6dzlWzyMe9bnI2c7e3NzPMJB8237xIrC1NUW8jljP7txk+gPeu8aBYPD95NKAqq4XrzzXn2qxYtFWLJxnj61rFGcmZ+q3klgYjYSbkc84/lVn7fFdWKXIGcMQQOoNcbCLk+ZaHjadyk/Xmtm1ljtLSeK6PlKDlTj1reUVY55THXDFpPPI+TpntWXerL99SMOvGOtaef9EaJm8yBmz9PeqWoadeW5gltHWSPHJJ5x6VVM5qpX8PXN1Y63bTyMI4gfmLdOe1euR6bpQurqztHw12nnJt+7u+8a8hea9hJWW3R0l5+avSfCd7NqUYhSJUlsX4I7o3GKqrHQgemmhpJZCAhBAIPrWvYW9vdXq21yNkWOWx6cCpvEWLDUJomflAuDjruGc1QGoRi3SRiQCcA/SueT00OCr8Wp10Fnb6dI0Cn3AOKff7FjUuRljnn1rk0uJbu9S4OWA/lXQ3Vob203F9vlHI561yyXK9Tm5dGchrlp9tcANkgfXik0uKWzt/s5jOA2c+tXftFlajLvukyBj0pU1HB3hcp6e1NzZwzd2bFt5RuC8yEowxjFdfFBcQWCzQRdzx04rjILxrnH2VSwB5HXFeyaNcQRaesd0AXK8AiuTETskyYReqOMsLzNwhuDgKMf/rq5rE0kiqytlT/ACrrbrwrp19bfbbA7JSMlc9TXAXEV6Lg2k6YMXvwBXE6ilojnlpIyphIymKQ43dMVki6S1uvs7fdP3s+ldVcQ7UYsAvoe9JZ+FzrVu14kg/ujPc100pRSszSUj1HRYxFpSskmUddw2+gFdP4et5LiCe2m/eb3x9K+fJLjVtEjOnRTlShwQD+GB7V6L4f1PWNOmS4aTkhXI7EGsq0FZuJm11KHjLTL3R9XM0NsXQHIwOQfeu38Fap/a6ywXEB8yAAn8a7+716x1Ce3lkiV4plAy3XJODXneoy2/hPX5HtDgXQwQfQ8isedzhZkwWp02ttKbX7OrEJktz6+lN8P60pgazu3CNFkhvUelVNS1gXFpGWKguc9fauHiuDdXDqrbNucj6d6yVLQb3PV4/F2iyWTQKAWVtnIFfJ3xAuN/i66SB/MRdp+mexr0vU9AnuIbqexmKEKW47Hrmvm/UL+4i1KTznMjyc5PfBxXp5bSjcEewPcxafow80/My7ua5nwp4ljvb97e6GV3cAdxXMXDajqmmxBpDtbIBPoKgtZLbQRG7EF/Xvmu6VBWdjZwPqeG60+w0+axeVQXDEYPHIrxDRhpmu6stjFIsr+bhieOAfWuL1XVpdZhEcdwV3cHBxUGhhfD11LJKGLunyEdM+tRQw3KmZWPpq50pbOXzLYbjEuFIrgNW8TapJMtm0zDyznhsZxVXwn44urnWY7bUSTE4wWx046102seFrCWb+0YSGB5BB6ZrzeTll7wnEt2Pi++GmeXIcbT1Jyc1h3njfUIbqEXTb494O7HIFcvf2t5gwwHb/ALpzxXI6vNeW9kyzI0jx5+bbkV0Qw0W7lqB9R6Vewa3IktvKDEw6jnB9KXxFMNGdc4cvHn+lfOHgn4gTaDDLaXWGLt8pxyvevol7qx1rTrfXnOYgoByO56iuSvhnGRFjzXw7qUWnXstxfSbVlB59yc16nYakt7bPKh3KAe3GB3rzeOPw9qd/NbwDcsTZIbj5TX0P4XtPD66UiRx5Zl2svUCpqPS7BXPlXxlosuqXzRwNhcDGT1J6mvOdf8JzaPBGGYSMQCGB719ea1o2mW87mRVj25ADehrzvxh8MNU1TT01iyuFaDH3c8hR3FduHxVy5RPINGvHgkRoQckDP1xVq81SY3UUFw7LkkjceMmp9P0pdLJt9+989Ca5PxYzhFuVUgq3GBnrXTa7FCJrasl08CLEqsu7cG966jRNXuZfDxsbk73Vzyp6CvIB4hvZbZLbkFOvrW54JGo6t4hFhaqX8wEkAdKdWFlcuSPZvCviZ9FuQpi3RycGrWpeJ7yaSVJJljRmOAOOK5TWdJ1DSZCs4G7PG3px61yMdvLqd3tuJGC9AB61z03dHPI7z7RDu3xy7uN2RzkU7TteSyvAZQPLY+lcba276bdNEzn5uAPan3txEs6rggNnnHrXTyK2pVz18+ILXW7m100EAO4GT6Gu41DwZ4a0qZLoRktjknn618uxC5gnjuInIEZB/KvarbxHPqmlq85O/GAvWuN0ZX902MHx1p8Jn8m2BEDcr3yK4+2v49Lhe1jA+fjGOQK7m61W2uI/Lm+XHBJPSvLpphd63JbxcjBIJHavVo05uKRTWhqWFhbak7ZbKkkcdQa5vxb4Wjs3Ahy8pGSRzge9acc7adI0drlJVOWK9M1yWv6xrBnZpXySOoHUV0rDOMrkSR//0/ym0fWbqG5DqxUqR7GvoLwzql5qEck13IZNoAXNfOug2MuouPLO9mPy+tfVujeELzR9HgluQd8ijPB71w4mOhvSdy+l0ikJLGNrcYqjcWlq0jCM7gD07VPdWs0cW9iAMY965z/Sbdt7c5PGO4rgpspI6m10OSVkeFiCDmvafCL6noNg0sqKTJkZ7la8b0PUrzbtjXLEhRmvUdW1mTT9PtI3ALuMEZ4rmqq50RZY8VeI7ZLVZpNqkkZ555rzO412C5YeWm9R1xnOah1aVryEhh3zWXoLyw6ksRQbZDhiRWijyoaseweF9sMK6hIDHv6BunFYutvJf35uCBg5wPauh1C/tPLhs9+MDt61xdxqsP277KincemaxV2x8q7mVcIUJDYB649KYheM5R8Y7DvXQxxwy5e5i5zjNDW1oHJiGQa15xchW0m7uIpwGJKOc/Sp/Fvwn0PxJZy61IWWcID8hA3EcYJIPGOnvTGxEyEcVH4q8f23hvw5cSXDlHZNsYXliT3APHT171LcrrlG6cVFtnwJ4nt4LDW7uwt2DJbOyAj/AGWIz+IFc1I3TFX9QuZry6lurlwZJXZ2PqWOT+tZbtjJzX1NG/Ikzwaj10HA7jhhzURhkIJ7VEX43EkGnC5YFVC5zWtjOxv+Gp1t9SVpCVJ4GOnvX7Nfs++N0n0bQpZPmfy1QEcZKjbk+hzwRX45+GbC01LUoILiTytzqufQMcE/gDmv25/Zt+HXhuy8OW9x9vXUJbPmHdxsBJbds7k5yCQfUYPTxs5jeJ6WB6nTfEa6uNUvFkd8kL0B7k15tZ6RKh8yZRlST1z1r3X4geGQD/aNpmUqwUhRkdK8ruEuo1IKYYYyDXx0ly6nvUPhMe6zBiSI7WFem+CPiRc6QiW2p/vLcdyeR77vT2rya58+ZtvpVNBco4AJ2jtSjVa2ZfKnuj6f8bHSvEWnwXdh5ZAOSV+8QfWvDNSthC5VkC7RgccVTtNY1G0far7E7jscVsxeJrTUrgWmoQqMH73bPvWqfNuVblRzwIbHZaqzkkkRsK9Xi8KaTqNr9rimMZJI2jtWTL8NdZuGP9nlJQegJwahx6GfMchpFrHeXcYKjAxznpjpX1ddatZ+FfBvnXDJIIkGMnGS3TH0rzHwt8J9Z0+RLi9Q7fvFeprz/wCL+o301ymn26t5NkDuA6E/T2rrpKUYnPWfMc5PqltrOoT3oO9pXJ6Vowrbxo2YgS/XivMNKvZrdvlXdk11Vtqkkpww2qTipY0jivEfwd8Ja/IZksUgY8/uSVGT3IHGR2yK+aPEf7N2u6fNPcaIwuouCqrwwPcY5AHbk1912+oRw/KW3Un2qDzG+ZeeorroY6rHRMitgKc9bH5g3fhLV/CsedSsZbdyMhpEZAfpnriuMvybqMui/N+tfrfdaTpeuRCG5gSVemHUMOfrXE+J/wBnDwTcae93LaiGe5XOYjjYT0KqeAf0rqWZae8tTzJ5Z/Kz8ro41A/eDDDrT79Ejji8tTlvbjFfVHij9nHV7JRPo10l0q5LRsPLJHqOD+pryqx0O2sr+K012PywrEMDnHBx1HbI611U8UpnnVcHOD1PJV069vCqxQyHvgIWyPwqVLEaeC9wef7vvX3Dqd3oun6YmkeDYEYzxgbwAduf4s8ZJ/DFec6/8DZf7AutWZzPfurSLEDhVPXGcjPv6e9erGCtc4pO3Q+T7q4ed/QYrOTCuHxnsDW0un3I3K6/MD09K0fDejT6pq8UEMfmEuF2eozyaXtCz6v+BGieXYtrlx8wjTjI+UFe+foTXO+OPFr6hf3+p2rfu93lQn/YHAbHvyfxr6Ke203wb4NGh25EMjJ5Qc/ednGST+ZP4V8T/Esx6Jqq6bZyFhEoyR3JG7J/Aiqm7RsjKWrOdvtWMMixowQP1zXTaRMXiLDDEDtXiF3f+e/zjJHQ12fhy7vI5UWJ2wewFefXoe6O1yaa7jt5JbXlWY5PbFZga2csOG5712mtWFnJavdSDdOeSR1rzm1Rjd5xhRzU0n7pTOji0KOdg0y4JGQPStjQtSbRr02Vwu7nO/PAFRWs0hXG7K1qHQrXVkEsU5ifAyB3xXNOV9zKZ2Tmwvo/tHyhxznoaXTr6Fma1R84/CsfT9CRU8lpzu7Val0Oe0lEsTAq/Gc85rjqOJR1saXAxLHyBxk1IoiRzuQb/X3qppcdysf75twHUVfCgnhSa5JPWyBMyruwstQZ0uEzv4+U46V5Tq3w6hN5I0CHyjyD35r2iMJFOJG+UD8P0NbYvdJlmAcAt7963oYupB6M0umfIOseEbrS42a3diqnLKylcfSudtru7tiJIiyhD69a+3dViheZneNJoCoGxgDXmMfgK2v5ZgBHErsSExxzXu0c2VvfQ9TjdH+L3iCBETVv9NEaBFMmcgDuSOp9+vrXpfwr8U3HiT4l6asb+Uski5CZHAIyPXnv7cdK8l8XfDXUfD8ongIFrLyjduMAg/T+Ve2/s4+BZo/ELeJb8hobHJQqeDKQCpP0HP8Ak11tU6qTiFz7n+M3xnTw4NC06O0TUYYdksyyMRvWPC7QMfmf9rpXpHw3+Ofwy+IKm2tpTot+oGYnXbGvbhx8uAeOcdvUCvyM+K/xF1XUPGeoX9tOXt3laKLI4ESHC4B6Z6n3qX4YfF238KyamNQgLy3yiOOZQPkyehBPTPP+RScakfeiCpx6n7ZeIfBWh+J4hdz21vqIxxcQ7PMGR13DPb1zXhHib4Om4tZrXRWQvJkKkh2ScjjBAwTn6V8GaV+0Fr/gnU4rjwrq0kju+WTczREkYO5WPNfauhftT6RDp9g/jyyiF1cqgMlumGB7k5zgfSk66lpNWHGh1R89+LPAGv6FIY9Ut5bYqxAMibQxHp9fbNeeT6eLZC0m5tw7jA471+oNlqngT4j2iDw/qNtqUUg+aGVl3AkcY5zn6c1534u+AegahbskMMmnSc/MuZYiexOcn+dP2K3iznlTaPz5t1XeHU4IraSOK5O0/eNewa38FNZ8Oq8rQNdwgkCaIbhgdyo5H5V4nqOm3tldEoG8sd+1ZSg+pNjYW7ayZFgYhY+49fauw0D4l634ek+0WGoSwSAhuDgFlJIJA4b8c149NI5ON1QFmIC575q4UuwuQ++fCX7TUM0aQ+MIFdSMGRcFj7kdMe3Wvd9A1bwL46hY+HtUiEroG8piu7B4I2HBP+FflPPcqtunlsAwAAwc1c0jXrrT7yOdWYSR/wASsVI/KtFUmtyHDsfpH4m+D+g6hveTTzFNJ1ms+D067MEfjt/GvnjXvg5r+iobvR3GpxKM7VykynryhHP1Un6VT8J/H/xh4eMFvdyjUbNCG8qXJY54xv5I/Cvo3w58aPhx4wYRapnSLog48zbg4HBDj+RFLnpy30YlzI+YdN8XeKvDLx6dNuQI2TDMhAx3GDgjNampXPww+Id59k8W6Qun3uBtu4iFw2P4mXBwP9oH696+tdX8Iaf4j09Jbf7Nq1rIC0ZZVfAPdXweT7YrwnW/giqTNdWbtZy5JWOcHYR/dWQDOB2zu+tJ05L4XcqMrngvib9m7XLaFtR8DXses2rfMsbEJIFOOhyVevANd8M+MNBtmOoaZLZhSUDSIQu4dt2MHOPWvvwHxDoGnWejwQSQOZQC67nBZuMb14xmtb4k+KPDwgsfB3iOxGqQSor3BOCV6rkZ78HvUzoRlurFWPzE0fxKFZra4tS7t8u4d66q20tLnN3BD8wPcV9C6n8DPAviW5bUfAupf2bMM/6LN91iecJ/EMd8bh/XznVvC3irwSGXWLBjZjgTxfPGfqwHH415+Kwz3gXFGLDENX8LX2juxR7WdLlCo6HG0j6EV54JbuF2tF4XH3vWu08P6nc/2vcQ2abhdROmwjGW6qRn0NcO0uoi9nt7teIN3GMbea5IQfUo5/XfEupfZP7PaVtkfXHeua0rULm6DxXLFocHluwq9HZNqdzKiZY7jn2qTxSlhb2KWmnkBo1G7sSfSvSpcq90Zzep3sLO+VzEMBcdcU7RjNbTLdAZiJAI7YrK0u2m1Q7COUyT9K9G8M2MZilTVl+RTiPHStp2QHbaY9rYQPNIgwRkse1blu+lXKLLZshMgydvXNeeeIZo9G0VrdAXedgELdAKZ4TSXYZpWEUfqK4qtLS6NVT7npajZC1osCl3bO/HzU6WBI4jZtD5zsO/ap4pACZs5wPlHrVRb+NJXaVx5h561x8hryaHMXVsY95uF2kd+9UU8iIB3O4e4p1/4iim1Q2TRh4V6uOmawri8SRpYYMll+4exojDU4asdTX86MFnU8L39qns0kkuE1A8gcc1yeiG4uJ5Zb3IiHy8jABrtI5PNjKRcbeBngcVlVWolLoBuBql7LHIxSJRwMdTWRbabJZak8rPvjYfKB2+tdBbsIYczsvJ6+9PnEbgSghSvUj0pPUlK5WY28UQx8mW5AFWPtaBACu4DvWNKxjUvhpB2KjJrLOpSSQ5VWSQEg7l5pexNUjaD2/nqwHzE5wRW602IAHwB1rio7kL++f5mjHOO9aCXr3ds0iEcdj1pSgdjWpt3Tw3USSRnEgGDTprOSSxDxsu9Rxk1ytnqiSsIQh3DP4Vp3UqzxQrE+0jlqcKep00UcbdxM12XuDg4yaLnTovJSeFsO/Q+lZ2uXFwJXWINkHDe4pl3NJcWFscGMDgZ9q9SK909ejsW7KCVroi4O8LnnNbEVhclTOuE5PftXM2K3C2z3JchQxUH1qfT9XEfmW5DSAg4OeFptHYeh6RZaFZxNdatdgu+AAOv4Dk13Gk+PNO04fYdH08M4IC3DkbvrjB/mPpXheDLKIoSXdzjj1NeveH/CN9YXUcOqQiKWRA65OeD0wRXNVslqdtD4rnqdtqOpallBmRzwzdga9K0LS7XTmW4kbzZyuMjoCa5bRbA2UHlAYYck9cmvQNHt5biATCMoASAW7149aZ7dI66xtlEXmA7pHHT0rRSOZD83FULV2jYe9aLzP1615tWVj2MPT0RJJGFA9TU9mrZ2gZqgQ7DJPWtOyPlJwctXnTPbp9DdKPwANoq1AIwwL8msdrmVyq9q1IwxKntjmueR1xOmtgrpnNNe4RD5S8etUba4SNWyah8zz5S7cVg1qbIuu6ycg8ioAxM6Z6VEQysCRxmrjGMqHTrUM3L7yugGOcVZVi6humaz7cvPMqNgCth4ViwobP0rFxJJUljKhKZKqySKB2pyW5kICGpVgMU2xzTLpysC7EIHSrygryOcc1XlhQsParrSpbopHO6hHQBnUDJ+VjVi0UXDCNyAp71mt+9bcBinhDtOGq4DtoWryGGG52RNlV71YjdCoZRz61lKrDg85qWKUxgBvuiqK5NDdW4JG0PV5JgqjdzWTHGkqlhTVl2ZXrVXJSNEyW0khwMkVrWh0YQmG6iLSN0I6VywcplzxUouUxvzz+lTzmrpXK9/bxQzkxHipIFBAPXNWmAuUPHJFUxm3UqRzUuJ1RvYtrHGc5GPenQQrFl1OajV/NgwvU1Ztoyse0nFJRNb6GrFMGRTnaRUiSKZNpOTWRLbsE3o/5Uy38xmC7vmzVc9h8sWjqsKB14psTKjDHOalW3Jt13dRV2OyRQjdK6ErnLKok7FCcuX3KDUyeeQGbIz0rooo45SF2DNabWsKxL5i9DWqonJVx6jpY5YW94WGSTnFan2G7x0yBV+aZFl+TgVLZXhuS4z92lyK5yVcTNrmSIdPsBOHExxjpWZe6Owuly3ymtaWS4t8zKMD0rOlvXlffJ17VpJRsRQnVcnOL0OrstKgEC4GPWuqtLa1hRTGo3VxumXc0qbDXXWkBdgzHGB0r0MOopXPmc0U02pyEvLWCWeO5KDMXNdnpN3p+sWTWLx7Vbg1wmr3PkqIourVe8N3SxoWc7SM+1dK+I8XG4R1MPza6bHZ31zbaVCmmWiARhcD27fjWHbXwtEIg+Vm9Kpzzm7ud0hqncYh5BpnJhcClHklu9y3eXEsL75PmLCsRr15Jge2aa/2q6JKZYKPrWeyXBA8pcnPNKTZ7eHw8Iqzep6K12kOmfIACwrk45CZdzN1qG4e4a2WJnwwqnBbzKwEpIz3qatZsww2EjBSbe51tpqUVsSgPWqlzexs4OeM9aw7u2MSM6t82OKdpk8XlEXfUU/aX0YLBQSdRanYW1/E+APlKjrVoXKz8OenSuLknhkG2N8VLHeGAg7twqUzknlt9UdVPqJMRyc7e1UXuvOiKLxmuc88lyxPBqe2d2lOw8U5Giy+MFcu/KOC3NDl0yA/FZd2zi4XJolQrtkLmsGjoVC6TbOn0q6EEmZfmz0rQvZYmhZ1T5yeK4y2aRZfNY5WtiOcyN14rSEnaxwYjBLn50b2j3aQ7muE5Pert7qFpPlNnbvXMSyuMY6VXu72PjA5rojP3bHF/Z6nU5+ptWGlrdTH5Rt610MOj2iyjhSR2rCt9Xt7aDEfDYqtDqF3NOZI5cE8Yral7NW0uc9WjiJt62R11zothICwjVWPesSTwxC9xheFIqsdUuklEVxL05q3/AGlJI6GCQFumK2qVISlblOWnSxNNaTHL4N04HLsxqnF4RWO/Z1AEPanPqN7FcjzH4PbtW7HrALKhAJNaRVGVroJ1MZBXU73HXunwvax2qqDzgGq8Ph6JZA0h3AVaur8K6BBk9ary6jes4ihTBNbxVK70OGm8Qo6OxS1W0gswphGM9q5AaRDq19tYlRXcz6feXbbpazTbyWJY7fmrkq003rHQ9TBYxxjyqXvFBvBlhbRh4DlxWDPZLDKI3j6nrXdaReO7YmHNbtxbWkuDMo4rP6rGaumS83rUp8tR3PPV0FXQurY4zg1zNx4Wv1El2o2xjOMc16vf2e6FpLX5SBxXJpcXn2SRSxbBIIrlr0UtGd2BzWq7yi/vPNrO3ktd7zAuCeta3nRrFhV4IrqI7BJ1VXXlj0rX1fw1afZRJGNmBzWFOi+V2PYr53T50qnU8duUjQl+BmsSS+iLbSeB6V3M3h1pgwDfLXLyeF2imCnnce1cVShLdH1mCx1Br3mYs8nnbWHQU+a8YIkTHgVsXmiXNvh4l+UVkG1mZj5i9a55Ra3PTo4ilNJplKSFZ0+U5OelSRrb2+TKM+w9auywLaW4lTJ659q5aPUxLcsHB29Qa5zshJzT5XodXbvZyQMjpyfTrWHdMwnESL8opkN7HHPnOc9quzSQnNxkcjpmq5zOMHGXqY8sKE7mO36VnyTpESByatC9S4crKuxT0NUtQiiiLGFt4xxUyZ1w03JISsynPykVi3krRSBFHBqOOd43y3INX1VLiISEc54rJu45O2pLAxj8vyxlj1FTX7Iki5O5iKz55hE6hTggVXXeSXlOafNoOEPtGlaujpJvyCaheFVXzVPPc1bthGIMuMH0qA27zfIn3TWEtiXPUyryFvKEick1Ha2sko3fxCuhmhaGIRkCqKfupAVOB3rKCGqjasiKVVZVUrt2d6rXKh4sE5Part3cBwVXB9qy/KaUYdsH0q2wgmtzLtm8mU7huya0fLQknHWoJbcRqzg80sN5CyhXGGFQosKj7Eiqoc5q021xgrj3pkciSElVxStJs6jNawZxVJu4Nboi5Y1U8qMHKdKuLcq4IlqjNnB2jiqFHYjuWZSMNUTLI65NV5FbcrNyprqrj+y2EZs1aIbRuDHIz7Gsip6bHPmOJ0ww+YVtaW9lhob7OCPl+tQSiKLDZDKaqSyIpEnQZ6VrEwlPmLFwUhcCM5BP6VBcsCoI5Bqt9rh8wK3Ck4JqR0SL5WO5e2K0MXGxC74XMQ7U22ukwCxwwNSxSyW0gnjIOKtSWUF9+9t4zG7ElgPu5Pp6fStIBJ2NfUdbfWhE0sKRtCuzci7S4HTcc9u1TaLq2p2hMFtOSjZGxiSv4Dt+Fc7bSGylKXKbk6MO4qndSSQXG61cjklfpW0WcMoJqxPFdSadeT6em2KCZssB69sGs/UtLTULWdGCqc5im9+4JqzdQWuoW/2nzAJx8rL3b0auR1Fr5EMSSkInOB09+K2gcdRWPPdSlutMtpdOuU8y2mbIz0DUulaghtHg24li/hPf6Vc1qVbu18p1xIp5B7+4rnbK2SYqgOJk/i9q6CDpE8UXGn27I+fJ5yM8ZPBrgdVTSPsJe3AdmJYJn5cHk1a15pIIzbPhXYfpXB2sL38rRQjcei59avDMwlSKs0NxPCzWQUlTynQ/lXO3l7BahjfxBzjiNSVxXQ6noN3E6rJGVKHJw2KvXcG3SJJbq3juUAxhxyPofvflXsU2eTiUeIXUkt9dTtb5iVRu65I9q4vVNQ1HZDYxMx3Pl8r+ua9lsIdIm1KW1gtJI2lUZw25QB79eafrsml2NpKGK2qN8sfyZfI/XtXZRPDxSPnjXbWdr+C1EP3xjd+Gea6LRNEu7PUrW0tiNqEPOxB2KvHGf8/zIt6lFONSS4AVwMYX1561oeM/E2kaf4et7RZdur3cm2WCM5ZIufvem75ceuTXaedJnMePLLMiW9mnmW7sNxXkBiOCcfWuX8dXkFhJpOj2MIUW1mgmfu7t972wMZz7n2r0nw5A1jZNd6xMIVZf9Sw+Y5+7kGvOdYk0O9uzFrUEguF6TJyAueAOefyqo7kHlslwkjefDnKE84xWhqdmLjRrmfH3QuPqT61LrOjGymeXRplngYbsMdrflW1YlZfDV/M6fNC0YdWHTccD9a6ZHMcNZhkge1mJYEbgPWpYQFjFuQQRlh7c0ouoP7SEEhMUirwD0wfetdbRLojG1nH3Sp61UXZmNZOxiX63CRLcRkgKeTXUeFJVs9SivXdkEg2EDuDirMdrALdobwBWf+HOaSIIJozGucMOnTFbTldHNzWO/wDiL9laS1uITuARVcj1FczqMscWh2lwoG055re1azbUbSQ2w34TcB0ORXFX1vez2VtY7WVNwGAM8+lefGoonPiI82p2uh2ks3h6TVlyzKfkHqAaZLezrpEs6fKVI4/rXU6ZDDbaNDp8TbUiXntyetYL6SG0e8hWXeznAPYAmsKtX3jOEvdseeOwj3TP8zZz9euan0vVDfNJAU24Hyj14NTX2kJaQOzyAuozz9KyPCiPd60yQLnau7A9K35VyNnFPc9++Etxb6U93BfwGWS72hDjhcZ713+7TbjWEinby1MgBPfrTvB+nWQtmaRQSEznoQ1VdX0+W3LXsUB2LyrEdTmvAxFdvQiodnq+iizV5bMkxLgjJzmsBU0qSxaK4A+0OR839Kk0XxI9xYy6desPkOScdFqHWNDS4SO4sGx5w49yOtccG09TlktTxXxrfyaZcmzgfaCcZXtUPg7xT/ZqPFcSF4ZOQCcBT3PWue8aaHrf24z+U8qSNjoTyPTiuJW11FIts0bjBx0I4717dBxa1JkfSlpp8fiQXFxaxxyEL/EeealuJLzRikVw+A6bBjp06V5BoPiXUdLtJBaTbCww3eq1tq2u+IWMckjzeUcgdMCtPYrqyErn0V4W8UWDSLbXwEk0Lg47MKi+I01zqs5nsYhE0aDDE8H2rjPB+hwLGt/eXG2d+qHqvtXsM2mWmoWPlxzJuZSOe3HWuV8sXoaJWR8i6nrWsafcfZy8nXOcZHPWuu0fxOkflz3EhM0pGFYelbniYW9kDYS7N5+XdkH5vauChsZIGImALZ4NdsYxlHYFHQ+lrfxFpiW+6F/M3jBBHGSORXGat8K4PEEK6rpbeTOGJ2n7rA9q5Pw7a3091slGIRyM8V9EaNa3Ok2lvJ5m9AdwUHgivMnzU5XREdzxWfwHq+nQC2lQERqcYGABXgWvaXeDVZtOcZmOAoz1z3FffmrS3dxF9rwDCw2lfr2rzePwp4dvdVXU7mIGeE5U+/arjj5RZrc+XNL+Hutyahb6fIjQq3Vz0HvWxc+EdXj1H7G8yyurbMnqR619RPp0b3IkKbjFzuPXHsK888QSw2+tJJDD+9DA8jtWkMfKUjI7jR/A2n2Fvp8M6K7wxgMSBnleea4zxOvzzaZpr52kggnsD616XFc3lxLaTSMEEqKBnpwK8T8daNf6N4ikukuAyXILqFPIBPcVnSnzS941PN/7QvbW8KqvLnB56D1r1jwpplv4ksL21LDzUUgBhkEY4weteZf2bIYVvGlDNIcY7jFL4b1nUfDGtyX87sySDBA449hXdKOnugT33wy1mWR7jy1iKk8Rj5cCpbHUNc0vT5vDyz+aWA+Vuce/4Vu/8LVWIvncvmNg55x+FVLOSDVdRGpoCElyTxj61MVJ6MmJ50+p33hy8luCvzupXnoQeldf4U+LGo6XCLJpeA4cMDwA3UVzHjaGXecRnc5OPTFeXLDcW0heVSDjkgcGu6FCMo+8bI+mdf8AHd5qgg1GZwIg2DjuD1ruV+KI1TwY2iWn7xogqlzkAKvIAHc18lS6rv0r7MFysR3fj7VY0C/vrS2eOPcd3JHXpzWNTCRSuiWj3DRtNutV1SOG4DQmUZMhX5Qv+NT634V2X62cUxlj3rwRg816N4Fll1CK1umgO8RKXJHGcehrV12502DVI5Wj/e8E8AcDjFeVLEcrsSeK6t4N0+fUjbRWzB40AO0c11+geHoPBRj1kAI7jDZOCR713kl/YoZL15AoYfKARn8uteJ+Pte1DU4VggLG3XjGMZP4VpGbkrMiUuh2Xi3VI7uGK9uCFD8DHevPSZJJYhaggORgrwSant5mvvDcFvOBJdROOo6LW7oKeRcwNKATGwI9q0glAzaPM9Q/tj+1PnhdWVsHPY11MejXdxptxcBS0iYJBrpfE975d/JckLsf+frS6Z4ms47CQSMpLEgrnmt+aTV0D1OMk07VNsexeM/N64Nd1LpFxYxQywS7g6gkdCDiuhik066gS4Xpt7VtXXh65u7mHyfmheMYGeMkVKqyvcrXoeFS297veORjtY5OD7122paHpuiWsOoRMXnnjH3h61N4g0O8tjieMxBsqeP5V5nr3ix9Ojjsbhy2w7Ru5OK+ywNako8z6mUpSvYi1CXyMXu/LOSpHatPwreRfb2fUYsgjAJFZNtpk/iC1ie0fBL559q1bnTza2qSvIUdW2k9/wAK66Do1LxkRUqSSsj/1PzI+E2l3Go6ojp90AuT1AC8fzIr7Nvtc81I7dR8oUA59hjivI/gp4dax0WfUzCP35Kpu7BeuPqa7K4idJSFz8pP515mMrXaS6HTTVjrrCytL9l3KAR69PxqrruhWSSI0Khc8HHSs2xv5oVKN8oYfiatT3LTorlsgjgCuNaG1jq/D3hDzRLc8BYlDjPUmuF8ZPPLdRqw2qv3QPWu/wBK8Qm1sAn3mIw3Nc5eXdtqdzuGNyn8KztclHnStIqEP16j610vh21hvLhjIp3Iu7d2zUt/ptup3Dh87sVr6ajadpk068lxirUWNI5y5ujNdtskztJA/CsqZJ4rhbqKQ78YA9Kpl5Ekd2O0gnAp0d/J5gMgwxHBosFz0e11K0a1AuMAnmtM2FjJEJ7eXBIzjpXm6mOUcN2p093fW0eIJMgDGDUWKOivYZrO2kurg5Regz29a+SviFqWr+JtVmSxX9xbABRnsvWvb/F3iHUV8PS7sD5dhGfXvXhNsZoLU3EzhfNJU+nNdmCoXnd9DDEVbLlR41IXYsrfw1Ud1QZNdlrmiIiG4gI55wO9L4O8B3fjDVoNPWdYEmYLlzgc++D/AC617taXJHmkceDw069RU4LVnCO5kPyrwKkWJwQw4xX6haV+xZ4Lg0JZrzUbiS9KZOHQANjoPlHH4V8b/Fj4Vz/D3UPsm7zLeUkRyEjJwM8ge36/mfn8NxNh6tX2Udz9DzHwzxuGwv1qeqR4/pbyR3aSKeT196/Tf4TfEfULTSrG6y0b7Qj7WIH7v5VII78frX5f28yQSqsitwa/Qn4N/YNQ8LEbwWikCgjngqrY/Bia78wXNTZ8NRjbQ+1PDfxwvF32WqwC4RjlH7gdwx5/lzXtVh4h8H+IrRfMZVLAZDjYefevg66tXt/+Pf5q0tP8T3enxeS8uIyeOehr5d0juU30PtiX4YaFrTGXTbgrlTxkFc/z/HP4V5trnw41rSTK6IZokXduA9OvI/8ArV4Z4T+K+t6dqTQ2N9s3vkKSWXPqRkKfrzX1Po3xms71Vh1pQrAD51HGe5IJArOWHv5G8akj5/1Jry3QCVChJ6Ec4qhp0WZlkIYhj9TX1ZqGheDvF0DTKqt5g4eL5GzXHXXw5i0kG605y4A+6Rx+VYuPKaOoY93fLoWkW8JbEk5GR6Zp2meM0hIDXJG3qAa5DxLI1xOLWUkmLHPpmvP7yyMa70PXvmk2OmfZOjfGfTYnitbmXzQeBuG1vzzzXcvL8PPG0K/b1heWY7eyyZBz1xnr6jFfnWFk81F7ivefh0Hlu0feV8vJwfpWsKr2M50lc9b8T/A7w5a2pfQ7gI5YtsJBxntkdAP8ivCtW8A63pW5zGZY1/jQblz79x+IFdV4g8baidXuEtruSNbdiq7Tt6fTr+NS6X8Tb0SD7WBcKAAdxIb6hs/pROV+gqcLdTyx7ea3jzOOnWsK/wCCJYm+9xX0TqMnhPxdbC2t5I7C5bA2kKvXp6Dn61w118JtauJPKspkmCk9Tt47H/61KD1NuY5rwla3d06QQqXYnjv19q9M1l5fOWycgC3AH4mvQPCvgP8A4RTR31G7Tdc+WTkdj7V49d3txeXMl1KcNIc066stDGlrIp3toqI07Dn1rz/UdN8Ka9HJbeI7KO5Unhig3ZHo4w3616Bqlxm0IP3cduteX3I8yYRx08PN2dzSpTUtzzvUvgNbXM7XnhjUpLZTysTcjnr84OR26iuc8Saf8T/DVqUvtMku7cw7DIqGTggjJK8fzr6t8PyLbxiDuvrXRvd3d0wtIIhJvYLgjOa66ePqR0OWvl1OSPyJh8LzrBNeSq3LtksMEEnpjr+Ney/BTwI0+uHUpos2sC7mbrvbPygH26197/FL4G2epac95dt5cixsHaJQPl64OR0XqMY79K+KtV0Lxt8L7nztAmlu7OUHJVCwGCcgqCSMAD5uM5r08HiW3dng4ugoaI6H4m6hFc61BYQuT9jBeTsB0x/KvhvxLqs+s6pc6nIGZpnLAHnavQL+Ar3HxV46vNYtbpWtvLnuUKGTuQRg4rwD7NeeewdcL716dWujzeUwbaxkmnBIyT616xpyxWVkMqocD6V5+7SW8m5Dgj0qxJezsgLOTu/CueoudDR11z5k0buucHt2rl9pjm2NGNxOOKsadqk8Z8mQ7kJGAe1btxf6GLsCVf3gAOfeuazjoOTMUWmpNMq2n+rHJzXaaZBDn7M8/lyDnnitHSLu0j5eMOh+7iqHiSewgK3MMe3cMgjtXPJ8z5TGZo3d5FosYllYydwa29H8RaZfzJBJy0ozk9jXgNxql1dSnzpS8YPAPpXa28zw2SSWwG4DI9c0quGVi0j2qYCKTMSsFH5Vlz3Vyko2qQnauK0nXbudA2oSkAd60bnX0TiA+Z6+ori+rMLHTeXNdRsHyOOO9czELlblfmPyk8HviqQ8TTiRU8s7WPUV1MLL8kpwpc/xHFDp8u4Gr/aUs5VMY2YB4rUjtZ/OiePCk8g1z8caNIQrhmOcBTXZw2SJok+oy3LB4kJVfcU4tLcrmOF8aXcmqQy6e3KwqVVu+7vWZ4K8eav4N0K90WxhUm6JKuwO5SQAeOh6cdMe9cUNTuWupfNckFiOfeumtbDTLhESW88ud/4a9CnUcVoFzy3XtE1O6D6g3zjOcd68+vLK5tyHGQc5wete8a05sZfsMEglH94da8/19GaKOV48knG8da9TDYprcDz+Oa4WQSBiG7YrrIvG2rOEjuHyIgFGfQUaLa2mozi3kXBPAY+tU9T8O3FhMXjG9ckZFeg503uhqTWx694S+Kl14YsprvSbmS2v3Yjcpx8hwf5ivqX4Z/tqeO9ItxbeI1TWrVRsxMxL49ecjpkYPGMcZHP5yX1pd2LDzlIB7imW2q3dpIjxPtUMM+4rnlheZ+47GkZX3P6DNH+Lfwx8UWtvJeP/AGBd3QVkWTCI2/sD909au+IPhhoHiSJbqSCC6BUhZrVgsoHUE7eD17g1+OB+N39s20UGo2q2z20QjQx8phR1API/M1t+Bf2j/HPgXW4bfRNTkksnlG6FsYOTgjnp+FZwdSOklcidNPY+zfFv7O9y9zJeeGrkTAhm8iT903HGFIyCfXJFfOes+DvEegXLW+p2M0TJz8ykDA/DkHtzX3PH+0T4a02w0q0+IdssVzeQLI00QBUE9cAc8d8Yr1zTx4G8e6cZPCt7Z6tA65eCfY+3HOMHJH5Vt7SMvIwcZI/I7cw6irGnTI90Em+Vc4z61+g/jT9nnw1q2+6t0bSboAsBky27N2znlcn349K+ZvFXwO8ZeHXa5tbQXtunzGS2JkAAGSSNqlQO+QKJ0Jct0Up3M77NZyQxnneoznGKaY9gLnORzjH+FZdjJdFzBeKUZRjkEfzrciuZYkERGVJxkivFrX5gdjo/DXxC8ReH5Yzpd/Nb9QF35Tk84DcCvrPwl8XrjXrSW01/To7jyUMjTIP4FxkspyBjPUYr4jvLcNiSEZII6V79oU0vhj4ezXFyAt3rAaJAfvCN1wBjtxk468jPNdOHqyRlKNj6h0y68K+IbJr/AEC7Vlj+/Geo9sHnPpzXiB+Fmsa3d6j4g8TxTQXM0p8sRmMhUH3SQA2QBgdunU1h3t9e+Bfh1GbZhHf6owKsx+dFkXcce4UAZ7Z45xWP4M+OfibTYxbX7rf20Xy4lOSB7P1/PNdv1iL0ZDhKxT1r4Z69YM1xp2NQgUbh5QIkB7jy+SfwJrAtvFev+H2NvPE8qxDDQzqwZR6c/NjHbp6V9UaN8Vfh54sEdtfyf2ZeOdv7xgEB4/5aDI+m6t3XfAWm6zbf6uDU0fBVyoDqnX5JVyefw+lZuin/AA2OnNrc+O7Zfh7rmorq09iNK1FTneuBEx98YB98gfWvMPE3wx1s6le6no0a6jazlpAIWBdVOSVC8Zx2AzxjvX094i+CywFptFmZG6mO5zj6qyJ9OCPxrx7xDaeK/C11BeIJYIztXMZLIW5ODj5T06Gs+SV/eR0cx8ZP4bv/AA5rU0v7yMSkl4p1Mbrk5xg9frgVyXiWO1mlhFvE2S/P4198614y8L6wkem+M9GguVcAvLEv7zJGM84YY9Q34Vw2pfA/wz4kxc+ANUVQpyYLls47/Kdu4HPYg59eOb+rq97k8x8SWU8ukXbNjKsuGH1rXg1y4EMrsf8AWcZHbPtXdeOfhl4s8N3j/wBpWMkaLyJEXdE69A24etcRPpUltp0PlfPJM+GU/dXHfNP2ZtoaGoy3WsG2ikRvLXAyeRgd6dZQ6hI7LpmWVGGQBwVXrT/tjiZbOA7jGuNq9wBzXd+GLG7sNDuZAvl3F3ujjHUhWHWueqbmRqPij7NPBY2iB5pfvY+6gqvI0k00kUcwLyD5iOxqDUPCt5bkW1qRLcS/fY/wD61p2FjBpNmYbj57p+MnqTXNU5bAyB9HhWzRIU3XGeX7/WlTSV09BJuMzYy2OtaWk3lx9o+z3iHzMc8cBa2pN8SMsK7/AENcU52Zw1HdnI3M1vcqrRZRV5K4xz71WfzLm3E5byjGeh7itC8w0LkoqHrx3rjdQ1lVj+ywwsXAz9aUVzMShc6q2limZVk+TPQ/w1z8mtxQ3jW08hCg4z2NYV5JqNxYCRoipIOAvWs630TUru2Sec5Qdu9b8iRqonoTagLaaJoJgY2+8M9qhvrwyyqYxkDrXDWiXJ1DyWiISPqPau50+yR5CRITnnB5pOyL5bEFsI5WKSKVPepLi2MKieFchDyB6VsutoY3DABxUN1dw6fDvT5lkGDWTR1pGFNqK+VG1tHhgckj+VWp7pZYEniwrDJYVZsEsL5fNSIxnoa5rXmht1eOEsMnFa046o3oLUoTSedI88j8ZqS4mCrDEQHBHFc8lyARBIuVPU+9SRy+bqKRo37sV22PUR3lpo8t3YpaR8F2yPcmlXwwNJvT9sUMEGcHux6ela+lebGY5d/EeCtds+p2PiixXTNSCxP5mIphhZEz1HI5U9SP/rVyuo09D04rQ4Dw54Tk1bVkuGuFtIo5Aw7liDkAD+dfXmi2en3OmxwXZWZ7NQEdz820dBnrgenT2r5O1zT9V8L6hFYSy534ZJEJwyngEGvc/CsD3OlpEzO427mc965cRUdjtoanp9h4g0g3Zx+8cDG0DC59M1rx63dX16FKmGPPCDnP415NZx+XdAwxnzQcBT619BeHtDW0jj1O7C+dtHHXBrycQexhoGtYWhcLPICq471A7l7ohG+UHFXrl5rmNtvA7YrOggMcgPJrzKkj38NCyNSOMsAWNXEUBto49aqLIVXaBkk8VPArk/N1Ncsj047m1AsCrlua0h84+Xis61RSdhHJrSSMhcHgCueR0xHIhOAfxq6kSiPcazwzclO1OMzBcE1kzdRZdD7yE6CrahNmwHJrPidZRhTVqNCv3TzWRq7DZUljkUjIz6VYDzADcSMURMxZXc5xV2aSKT5G44osDZo2V9GANp3Yqw92jsGbgmsiCK3jA2/LmrEkQJVQc1lUFFq5rSMjIHB4pjyCZQo6jpVEttXy27dKq2jzLMQe9Fjogbscbxoecms4yzrKQ3StVHdV4Gc1RlB38jrQaQZbjlduV54qzbATSYdelQ2fyYVl4at8pFHGGjHJrVRGyrdKYoD5QxmubtZ52lO9uhrrpD50e3pisl7VYjvC8mirHQ3okzMsse09aaLZtmB0pFtpD+8Har0b5Xb3FZlsrs0sSjYSSKRmmIxKuNwqdpVB2leamd2k2IVziiLEmxbOEAYGc1qR2skv+rGcCooflOduK0reaS3+ZOPWtrg5MzGRlJRgRj1qpbwzR3gdGyproJilwN7AAnrVa2j8qQsRuxU8l2b03psdHExk2JtJ9qtNHKGCtkY7Vmw6m0LLIi421O+vLOjPIuJPWui9kc1SM76LQ3ILiKJl9q2Z7uB4Rnqe1cFaSvdbjnBFWlknD4fkCqjVZyVcDFy32OglETRknrjNM0oRLvkY4NYkt1JIpRVxirFnHMEDZ+92qlPXYU8N+7d2dk81s9oRwSa5dYVll+fgZ4rRgjcgL3qpMBFMqE9TWt7nFh4KDcUzp9It/JlAYfLXXLICwZeg7VxUkslsUjibJI61pWNxcNGQ/LV20paWPBxtB1PfbNHUJomXzFILDiqkLlQrKeD1qS0025u5HIBYDk1EoWC48thtxWiephT5EnTi72NWaUsnmRjGKynvvN+RzmtX7ZarA6YyxFc3ZxrMzSjqD0rSUl3Fhqa1clax2WmXEVmpLEfMMUkslrHE0xwMnNcDqjXZuoxExCr2FaN1JPJaoh6kcihzFLLE2puW5fku0mbcpz6VPNNJcCMKuNg7VkWkIjUI3etpme2iBIzms46outTimlEzL6V0RQ5rNkuQAKnv4Z7pgV4qQaUkqJHu+bGaiSudsJU4xXMVIm81sJ2rbhgbaoBzSLZrbEKfvYqaKWKJjnqe1VB2OavW5vhJZLOUABec1Wgkltpwj8A10dpLFNaln+/nisy/gO4SDtW7R5lPEtycJoWTypZlJ5FNuo43Xahxio0dBFuHVatQvamBpJPvGsZIcrx2I4ZY1tSh6jvUSTEZ7elQrMhBA7nir0aI4C7cmm7ltKOrRWjvtrsrtkUySSJ2L1XvYhAS2Ovas6K7hjQq65LdKhyOqnQUlzROlsdsr81uQiG2O+uQtHlhjMinO7miTUJBnrzV0521scVfBucmk9Dsrm2FzEbleWI4rl7SW4tr5c5Bz3rZ8NXU01xtkyUqfXbMDUFlRdqkcV1cvMuY86E/ZVXQns0XtQnVIVM6/MehpLCLz5FkTgVWup3ltUSZST0BrUsI5EsuuOetaJXexw1HyUtN7nSR2cU2HJ5FSRLtusZBAFQrcQW9uMONx6U+0hQESu2XNelTeisfOTUrNvY0RIGbrUU1rHM25qyLrU9s4hCEH1rcikDxhvaumNWM24s5ZUZQSl3K0VtBG3yryKhkkj8za3c04XkasQ5wabOqNGJo8tiuGaj06GkIu953LYQ8L1U1z2tSQWVuyIoy3JxWj/aKoPmPbpWRLbJqgkklcggHArDEyjyWW52YSk4z557Ibogt7mMzk8rVa71cNO9qw3R9DXNWkGpqxEDkLnp6irzWRYyHkuBzXl05t6HuvB01VcpO/wCg65EAiZ42wtZEMtuZA3Qr61FLa3ssTJDlwnJrnhJKkgRxgk4pVKnKe7g8KmnFSNu+uV28AYFc7danaPHsACEVHqmpLFILdvmA7is23itpZDJKeDXnVZuT0PewmCUYKUi6tp59g0jMAGzwa5S58PIkP2iI5HNdBMkTQy+TJgDgCoVu4xYm23fMo71zOB6dCVSLvF9Thv7KkkDGI85xmqxtpkBjkPT1rtIZooYVJ++PyrEll813Yp8oqGj1VWkznPLf7uOnQVUmhn3dOK2x5aSlwMhv0p6ywPJ5TN9KybNud9DnkijQkTcZ6VYa7tIkRF4I61t3WktMolHCVwWvxy2sWUOdtS9C6dpE5mjudQzGflPStmYJG69x3rH8O2cktv8AapQeelbMyHIRgahN2LqSs7FhJIXyG6Yqkt1MNwj4UfnUog8tPN5AWmxup3M4xn0oktDNx1uNW9ZwUkOajOHGehqd4YkAkT8ax7u62nK8VlJ2GoNvQRceacDLVGRKJA7LwTUVtfwySFHOHFa3mrgE8gVcGVNNblY27NKd5+Wsl7JklMinNbNyzSDMXAqhHIA5R+D600jPm7EHmyKhC/jSm7CKN/NXJIsruBBWoHjEkX3eRWUmYX11InIlw6U6ElztPNNVSqBelQxu8TYIxVE2LU8T5AXkUrQny8D8akS43EButSOzbuTgUMm8imsavxuIx61YeKLZtc8VG6jI8s7iaqSbyp3nHrSiYzE+y28kLgNiQc/WmJiSHYOq8GrUEEEtu0kL/vI+1ZbbkueMrnrWoouxLBIqsYZMg1etbm4glKjtUNzBBcBDBkSj71Kha3CmTlh1qo7mdRXNW4vI5T5syBjj5h6+9ZN6kGxbqJwT0wO3tVSecPIWHAqvwpMhHyjkgV1KRyezH2yu1wJYYt+zB2+tVbsxykOFClicj0roLyAWCC+0y4E1vMgyRwcH27fzFbmv6joPi3wzb31paraazpwRLuQYUTAjG4heMjHB7/ljph1OTE3VrK54frWnwbhOvyv0z2rm72zXCT2Lgtj5k78V2+pQNHGrTLujB7VyeqW7CP7VZna8Xcf1q7HO0ZcltHrNk0bgSbf++hWNpug2tncKP9XuP3j0NSrdzQ5voABMx+fPRv6V0Wmv9uiaRgHVuo7g1HO4u6HJXRauLS3ufLilRZAgxk84z6EVw/jPTYZETTrG5jQzkEpuycjnp1ro9V0wBlezmKnH3Cx28fpXk/ja0EMCtPAUkJOCD17cc16+Hrcx5FelqY/h+CWxv9UaZDuiVEwRjv1x+VQ6hZRXLrdXFtGPK3Eytj5V6nOe38q5O01u9N2Y4pWy6hXGeoX1zVP4ja5FYaT9m065WSWbKS4bOCRjbkfmfoPWvVw+9jw8wjZnmXiH+09T1qY6PewW0Uj4XexBKjgEAKeO9V30Hw34YlGt6jdSa1qIYSRqU8tAeu5txbOD05/CuRvr6K2UTmTbID8oH8s0/W9XfVrS3n88B9uzAHI216XKeM0Udf17WNVuY7i+lJNxIPlztRV9h7Vq6zpVxd6Ir6cGa7tW8zKnnZg/L/WqUGnxXYtmvXZ0i5JA59sjvXqHhOxknj1TUbGV41WJA6kcEANzg9fSrSJlLofO51E3Ue+aINKo25712Hh2GO78J+IZZGw0RtiAT1JfB/Lg1S13QUtopbmykBLYITHTv/jVa2l8jwxq4KFfMEOX9CHGD+tWZmQ0el6witGpFxZkpIQOq9jWZPttfksnXAPBHXiq9jf29nqkJuHO25+UkDA+bpmsrxPDJp9yHtB5ccjkjBzmt6a1VzCpK+h1jMb5RIep4J6dK7/T9Oim0lryz+aW2G51Pb3rw3R9VuvtiwXMhaOUYA7AmvdNNu3soUk3HZKmwk9CKWJemhwTg29DtrTy5dKtpHASTJ3Y64xir+nwGBlRYw5gO4bh1NYUV8sVoLZFxIMt68V1N5e+RbQX/A+RS/btXi1E72KcdNTmdRieSVx5ewk5IFZy3MdpaeRG+TKx4PoKoeI/FUUTiS3Xe7cYBrltav5JbK1kRjHOTuI/pV+wbOLZDdQWXUXMZ4wcHHauv8A6ba2eqMzkDcgVmbsOKzbawe9WK7+6ZR831rbtNLkW4W3aUkOQowcE1dSTs0cctzvdTvpraeWHTJwFUAjB4Jqw/je8vrSHSpGwI+Mjucetefa9EdObFs53AfNmuP0nVLpNatUuIt0ZkG457Vx+xUkKZ9C+F1+16p5UozHOCGJGOBXrdt9n024SzmQ+QGADY5GeuK8NGphZh9j2qH6Hvmuitb7XLolb2RmCEbea8zEU2nY5mejaxYaXJcC2GCMhgW//AFVFaeDPBs0U5uVjlL9dz4APfHI5rnZL9o4Tc3ADeUueuDx6V5La+MJJdRkhB8xS5YYOMA1pSg7EtHc6v8LfCdxcG80ZdmOGCMdgPrUmg+B20OW4eEIxmUYY84xVXTdfu7a2ugYQqtg4Bz2qvD49m2+bcqpSPIwD1rdc3cSVjBknmtbwmZMKrENgZ5BrG8TfEFdGh2W8chLDg9ATWnfeLrKCyluvLRkmJGGPX2rwjxNr9tr900MUXlpH8oA5Fd+EoX1ZpFXMjVfEOoapcm5LlDuyM9M11uk6pqerSxmD948YG4H+dcTqK2sCR+SwJc8j2r6C+C2ladfyXrXGA4UKobjjvXdW0hobctkdQGisrUK74JUMcetT6d4pv3txbecXERO3A9fWsb4jeRYXqw2jABQM7T19K57wnr9vHdiwvBtMrjDMOMDqK8WpC6uzie57/o+qXep2n2e5c7Uz270/Q7WE3hV5QNoOMn3rodG0iDS9UkQjzPlJBxxjvXjXxL1eDTZ7O30piJJGfcg4I/GuKMXJ2BM9rNp5Uu5fmA4BHPFebeL9F8wtOo3MmT6NWV4O8T3waJ739zEhAkBbPHrXd3uq22pvcC0bcFw2RyMVSg4SNUjwtNZ1OKeJJS+2IkgZIAx61leIvEUviDUElmO3yo/K68cHNe3eJLDR9d8gQWojLptYoOp7k4rze9+Ed7cyrFpkr5djkbeAPwrto1431A5e10W4mVWtd0+0hsAevsKvyeHLu4uws8GN4JG4HH/1q9Ei0e78GaaUmGZgoVz3/Ctyx1Owk0YS3syif5gcjkjtT+tPWwz5U8VaHLo7rKQEV2II963dC8S29hoHlROrzROcr9fevc/EnhTw74m8GT3DSATwNvHOGGOxr5Jk0iWAyLaPvt16ZPPWu7C1XONhQZ0uo+Jjqao08ZUqckHofpVrxJJpr6TbS220M6hTgjOR14rIstMl1YbLeMBo0ycnBBFYN/oOolBcfMyKSOBnB9q7uWyuarYo2KqC0YH3sjB9v619P+C/hla6p4ahv4ZUWeYbycZIHTH1rnPC/wAIE1Lw3b6nc3ISeYfMnZWHBGa9xtvDuraDpEMOlSlhGpDKOOD/AFry8fjL+7EzbOy00aXoOm/Y4iriKPAORliP60h0Sw1qCS48tW3pnJxkH+nNfPGr3HiG2k8hj5KB8sP4s55H/wBevW9K1z7PprGOTcWTBHGcjmvIVCW7Ezi/iD4SvNI+y3tmHeFkCnaOM+9crBBbi3jFwASRjHv+Ndn4g8fNJYw6ddRbA0mATyxNcVe/vYUONoPOe5rqg2lYxuY+pRDSwswKjceAD/QVJoc0usRyPEQvlHB9awdZS7ZxFH8ydQOtXPDmk6y1mxsso0z4btkZruTioalxiYurxXupzPB5m3axHtisG28L6lK7ySHC88j29a9AHh3XbDVhBLCwyck9a9Ch0kWWn3glX50Utjod1dOHXO7LYjmUdDl/DOj6l/Zs8kal4oyBgHJ6V6Hp2tSQvHGUKCIDJY1d8EpONKaFkBWb5vRs13N5pPh+3sVncFZTj73rXpfUoyVgU+XU8K8ceItU1Gd7S1RykS7umRz714FqMP2vfLdxky9PmFfXOuxacsRltwFUrtJHvXmup+G7K+hl8sgnYfm78CuKtP2Pupkyk5O54NoWuXdlIItPJAibkE8V7P4asZtY+fVSGjZs8j1NeFLIbCWRYYzIxYjP0r2vwvqkr2qo53OqAn2oxOJfIpI19lpc/9Xw34ctDbaEbGaPY0OWXHPJNb0+n/aJBlQWY9awdFtzEzCKTaF6qO4rutKUMd8nTdwTXhVF7x2o4nUdFeRlitz82Rz35rUufDt3a2SnapKgc969h0TwdHr9+HjfbHEpLn6+1XfEmkJprCDh4lGAawYj5hvop4AWyQfWo9BWW4uvLxgjJJra1SVZ5miThVJ4q94atvLuWdRjcMVqW0ZGuRvFIjMSGH6is97qSOD5mYx+hr0DWNImvLmJYRgdDXO+JNOW1tipXLKM9PSiEidzjikF6SqjkjgVRutJlt4hIrbz3z2FZ9rdPHMZnBUA8giuhlvPtUTeXgcevWqepMkc4smx/kO1h1xW5Zw3V5GW7npxXPXOo2unxlphyOwrpbLxfoCab5/mKhxyCcGlyspSVjwr4xaq9g9vpUb7GcB2I9RwB/WvCZ9UuJ4khlmciL7ozxXXfEDxB/wkXiC4uYwNgOAfZQBx2rzxxzn0r2MJC0Thryuy+mo3Ei+Tk8+tfUXwF8LLca1FdX4ZktmSXC8Dg9/avlC2mWK4EhP3a/Rn9mXxZ4e/sy50y8nheaVlcZYbiAMBSOuRnivNzytVVCTifY8D0KU8bDndj2DxV8VJvDV2LeItJDtBI9CRXxh8ePGMHi2C1SMgPG5Y475X/wCvX0f8ZbvQYVmuZXVZnxsA/iwK/P8A1eS51fU2LLsjLHBH5V8dw7gOearSWx+zcc548NhXhozT5jz0IVbdjOGycdT+FfR3wt8RTabZSxHIikkBwDjH4VP4M+D6aijXN+7AHBAH+Nd1feBl0sGOwh2jHOe9fe1a3u2P51VKzPQLT4g3EimOSRZF24BbsBWlPP8A2wiL54iXGWweteByWE9tcAlSVUYxyKjvdWvLdNitsGOmcfpXnVKSeqNOazO4uLmLTdUK29yHMZxwcYNen6J42vLSILLclwD0z618ueGXvLzUWW8QbNxIPXIr01TbCUIWAYdR/jUVYJDhM+qvC3xR1VbyG3tQTlwMA4P1Br6u0b4kaZ5MdtqUjea3f0NfEPw/03TNOtP7SuclwSVJ6Z9q6+XWIWkeXoAeme9cU6C3KlI+2n8K+EvEf+mynMjqCJFYA8evWsa9+Evn25Gn3auGz8rKAOfpmvkvSfHM+muqRXGTzgElhXs3hj4mXdqiukhGRnnJ59s1xukjqh6l+/8AhZrNlKrNbHavIdSCD7etW2M3hPTnuGzHI/yrjqT6V6ZpXxXs7qNFvI13bsE8ZPv6VY8Q6f4d8WxqiTgA84BA5qU0hyPmJj56yOuWZz35OaqRW90F82VCuO2K90n+H8mmtG8I82InnHUVra1punQ6V8kSLIFwazqVB8p4NYW11cXIkVSFX16Gu50zxRrmm3UcdnKyhTjYelWItOmsrXzeDuHGD2rEtLaeOWSZ1wCe/Ws/am0YWPpLw58ULSZRY+JEVVK7MopJbPqCa7Sfwj4L8VwGWyZPNC4BiwGz7givlq0sxf3ibD9w545//VXqKasnhiz+1s7NKeFUHBZvwrop1W99jOvBP4DF8TfDDVIbow2REsRHy7jgke/FeT6n8PNc0iRru7gdUzxtBPT6V9G+H/FlxrMDNqJCyDPzZ4P60t14ha3hZQBMo/vDPT1zWVSXLsKkmtz530SwuGuArpnPc17d4bvvDmhyxPqNuskwbKMx5Ujuo9R2/PrVjTvG3gnWL9bLXIUtJyQobCqmfdv8ab4u+FF5rMzX3hy7jljlUFInbCgH0IGP1pcz3FUm3odVrt5Y+LNOe10qRGkkUptyQRn1GOK+f9c+Enii2g+2XtoJLf7zMh3kD1OBxXYaN4E8V+Fpxd6vE0MAIfdG2Rke9danxx0PRbptO1wful485mAH0KnrXbQxLUjhr4e58l694B8FahabdRtg0keQM4HPfkDNfCXxm8I6N4Rlj/shmEV1u2qedu0jn1Gc+uPSv08+MnxA8B6r4dvtc0Yp9tSN3+7s+4uQCRwfY9se9fjt488Z6r4mvy+oOrkDqBgY9AK9fDzc5XZ5uIjFRtbU4uWZBDg4Lms0xXEyD5whHvVBrgpL1BxV0XMJ6nmvRPKsTNI8G1R8xHU1BEr3N0SW3NVO5u33YXoe9Vre5eB/NVuQeaLGR7BoV9MEFpNEqRofvdsUniC4XUd9hbYbjjHY1xUPiQy2jW4wGPXNVrfUk0+6W8Lcnrz1rmdDW47G9pmgNEJJJxuZex9K2Y9RtYka0h2hsd+1c3d+I1miaWAlS4wRXDx3s016djfOTgZodKTA9ngs1ltTJLJtT1qe30+3P7yC5BB4+prlbW/uFt/sdywO4du1VIbO+jZfKc7c5BrOdKwM9VtdKSGNWaQFnPX0qtqEdzAxSeQFcfLiuLfWNRsbcpMC6ZzuHaqcviS9ulUzJlR/F7Vh7GTM3TNqO9u7eZJUlMbDp9K9K03WZtRsfIkYZxya4/Q4rXV4t8ZUuo4ro7DTU04yOA3zDnPQVzV5W0YcoX3hdp4d1vjzJOh7A1g3HhR/KUTuQ688c8iuti1hRKLcEL+NWL03RYPCA6H061HtmkWmeYDSroF32F0UduTWdNpkl/pzwRqUkD5AI56V6daafdQO0kDssbnJB966fTtDtrn55MiVsgAdD71tDFu4XPnGHRzZEwE5kjBYnHNX9HMmrXD2O8DC7vmPcdqm8ZRSaN4kuYUkOCcLn2rnNJsmvr5E88W7u2Q2cda9aL5oBzHfvYafcRGz1OBXYnAPUVyut+AmihWWwUyEngKOcV0JW40SbyppFuCwzuzmrq+JGtlEsihkHOc81zRq1IfAxniNxot9bOVeJ0292UgfnVFXntZFlQkODkEcFfxr0TxNr0+uxmKNztVsgYFcfawm6LKRlx1GOa9nD1rxvIdzUvfH/iLVykurXb3EyKIwScYVegwMV1vw/wDHeu6fr9qbTUJrFXljy6SFNuD94EdwP515Cy+ZOyoNuDjnip1hnhw6t930OaudGLWxakfqJon7ZuveEdUhsNZnXWrHCo/mLudRj+AhgMt3/P2P1x4P+NXwu8eWsWotKdDurhR8sxCRkkZyDnBHPXA+tfgGl1IJBJIS31NekN8RrmXSbXSpFwtqqohB7KMDI7Go5akdIu6BqL8j90vEnwt0HXgL2S3huy//AC8W21Jc+vy5U8nvn6V4j4i+CF6kTvos/wBofOUjceXL16c/KcDHcH2r5A+D3xw13wN4VuLm31VzcrIVjgPzpswpPBwOep5zxX0t4J/bb8PaiV0v4g6aqtgbZ4FO4kcfdJGM+xrFqMvjQlh2tTkrbwdrdl4ostK1KKS2BlQsXUp8gILEZ4OBnoea9P1i0l8VeMtM0SzQrY2GEfZzwpy7Y7DAC5P9a9403XfA/jSxiuNC1K3uIZiFjjuVwC2Oqk8Z54I+maydZ0fTfA2j6hr8FsReSJ5UYLbk3v8AdxnJwDyee1SqSWxhK58wfGXWZ9Q8UtpysRa6eiwoM/xdXP58fhXkNpcSW8rwp86lifzr2nXvh34klKavf2zSxSqGaSI+ZtyP4yOnTk8j3ryXUNNFlLviBUmuacZJ6ouLVi55slmiykfK3XHX9a6jw38WfFXhO48rSLt4YHOGUgspH+6flrhTqDPF5brnHGT0rBkSQT7geO4zUxfZktdz7w8M/tBabqkItPFunbQQMyQoHU+hKM3T3FegfYvDviSO5Hh+6iuVZPMVAwcAejKfmr86rJ7tgZIywCNj0BNd9a6nf2AS+sJmtruIbg6MVI9MEd66oYpx31KhQvsfSviH4R+GvEFmsk1kLK4Ax5tsBt3epUjB57jB968b1n4QeLdBikk8Pv8AbkXO02xZZhzxlMA/XBOK2/C3x28R6Mxi8QQf2rbgj/Wn94o74bHP/AgfrXt+kfE/4f8Aii0Z7N2tbs5zE67W49xkZrtozjUdjOcXHc+Pbfxh4m0VzpniGAXaDAlgu0y+3uDu5z6bgfXFLqfhD4Y+M9NF+Y20K+l/igH7sHHQqPlIB68L9a+h/iP8LPHN9oVh461jT1bRmukiXK7Z2R8gMQRwD0Ge5FZV18HNOvoGl8O3LRqv3Y7sgc88B0AA7cEfjXXXwbjHmjqYQru9mfHX/Ck/F3hC8uNQ06OPXLeVcCS3PzBCc52HnsOhIrnhdzi9P2yN4JY22sjqVII4PBr6w1DR/GXgVEWVZreM5bcfmhYZ9eV/rXNz674Z8X3CWPirSlWQqV+0Jw6nHBBxnA6jJI9q8irTutdDqjWZ83TlLO4cKdzTfMH/ALu49KpO0EVzFPIPNKj+de8eI/gda3KG78FaqJ5Bybe4bIwfR1HH4jmvE/EHhjxH4azDr1hJbOxISTaTE5z/AAv0NebUoSL9pcyNR1FLNSY18yRj0HYVTjOqs8dwZCIjyVHpVSG2ujeI5OVPUVdlujHcNbtlOOAe4rmce5g2U78iWY4bHc8Z61gRW6tK08AMkqAgnHRfauvs57a+wgQAjgk9cVWl0j7JLLLp0xRpF2leobNTz2NUjOt4WguMXHzxkdKsXs0b26f2dFhg2CD3Fej+BPgJ8VvijpU9/wCGdJlube3yTIMgEDkgdz+GaXwJ8LvF2varqHhqxsS1/p6s00ch2MhRgjLyPvZ5x6A1Eq6R34fLa05JRjueVxWl5a2xubsLHGcll7hR3zTbZoZoN9nkRk//AFuvvXs/xj+E+o+DtN0wzTxzLfA7ljb50kVcspFebJpGqf8ACGNDY2he5mdSQo+cqDngU6U4y3OqrgZ0/cluZQ0ea53IzFUI5Oe1ZuoaZduFtY/mUDqfbvTodfmtLYI0Iyw5yeeO1dO1zbzW0cqDO8Z+maTUomNrHJWNrNYXQgV97uM7a5/xgLiApC8eWY5JHWvRbhbK0ljvojidgF9a8x8U3d9LeyIp35GRkV2YdXd2dNBanKSywffY9/1rQ0uxMrtOGIUc/jXMokg3GUEHJzmuu0NricBCmyLIHucV2yeh6ENXY9a0y4SPToUIBI459aw7jVGgmBZNmxsj60t/NGttFDBlWTrxXJ3sxkuQC27I7+teao63PU2Vj1vw5e2Xi5pNF1GM+ftMkMg5KuvTPQ4Oa6/QdS8UQ3Y8N6bHvlVyOQM4B5yT0Hv2rz34Y+FNU13XEksN0SxPiSUj5EXGRz3JxX2WsOj6ATbabF5t7MAk0pA+Zv5kA9hzWFVRRvSdrGHYeHksC1/eP5s4A4B4BHpXoujajPPbCS6Uoi5ABHBFVdL08Qzpc3xMhbqD0FaGo6tEzCNFwqjgdBXlYhnv4ZbGqlyJT5UXIqcxrHGT0IrL05+kgXJarVw0jHg5Ga8iqtT6PD09NSxC3R2PU1tW8ahBIOtYFu4eQR4xtrpUA2DFYSOoI5jHMG9KuG9Z2xnrVGRec077NKF8wdRXPPY6omjExBJ9anaEOpUHBaqFrIcgScVelG6RdhrOJtEmtoDEu0HJrTWPy0JP3jVe3iBPzHFW7iWKJlHXisnE1a10BgIyD1zVO5LPOuzipoma4bC9K1IoUV1DjJFAttya3iEkShxyKnZMYA5xU0aAZIPFVbibBCpye9D2JjO7JnRdylh1rVs4bQglvvVgmUsQCauLOsA+Y1LN0mb+YxGVIrPlkViGUdKrhy6bweDSoA1ZufQ6KVMtw5MiZNbTo5GV5FZFtaktuBrZQtGm0960iaON9CeNB5W89ailGVzirFrMPM8uUfLV4LAST1HpWj1FH3TEL7IjxVREZnLVtXUa4yq8VkyyLCo45rKaNabuKYWkcY7da1YLWRiGUGsu2uQHyea6GG/jSMovDHpSpqwVLvYtNCBD8/WooZE8tkI5pCzXAG481C1v84wcVvIUFbcrEy8kHGDU1tcOh8v7xNWI7XzyYgdp9az47K4tZyWfcRUKR1QlfQ25UAQH1qKOHzcgDpVuzaOUZuOQKtGNUQyRDg1pa6IdRxdi/pMUMQIcCtDbF5+OMdq5uOZ2IUcZq2XdQPm74q4ysjnqUG5Xvub3kxIGUAENTkRYCquOKpQW7MFkZunNa8oMwUkYwMVvBX3POquzs2Me8RM7BmsuIm4utzHI9KkmjeN8IDhqntbYxzLIRnmrjFt2HHlhFtG3Y2zSTDzfuiukt4sZCDIrKkuUhVcjg1VstbUzFFOADXZFcuh4FalUqJySOytbqWw3ydARWLPJHceZMxwfWtL7ZaX0awpjc3XFVdWsvs9oWiGcVvJNo8mglGp7ys2Y8Bjx5srcdKsW3kpvZDgGsrRbN712WUcZ6Vuy2OG8jG3Fc8YSauj1MS4RnyORnwyxSXZBO7FTht0uDyKdFpZR22j5qmhtJImZnU1okzOVaHRk6LGXVe4NW5YWmnjUn5Aa579+LneucA1pi5lluBFH171okznq0ne6Yl6RFdYT7tW4mi2hh96mTW7Fsj52qNLaeWQQxoQ54oszNyi4q72Ki3w+2Zm5Aq05hmYsnFcvNpWpy6o1tggjv2rTayntYsSPlh2rBuSO6VKk+VxlqdJp1xbwXiLcH901dXdWEFzE7wj92ehrziS2mkhBibkVvWt/e21osEjZWuqnUvueLjsG3JTpy1Ej09lkaF2wD0qjc2lxv8pR8vrV8zMT5jGny3QAUL1qrIunKafcy47GSIhn5xWrFJgjA5FUzds58tulPVXyGXnNJ26GlS8vjGX8PnK0rnFEOjPPbrKF4HetoQF7fa6ZzWnbj7LbiPPHpQ6CWrOGpjpRhyw3Muw02KNhFIfvVnarpQjmZYj0rcnRd4n3YPYU+OBJY2lkO4jpS5E1Yxhipxl7RsyNGaSHJA+Ze1bGqahDcRx7jhh94VjzyvA4aHgdKqyRfa5MIcuewrWM2lY2lQjUqe1kdAl/HqFvHb4GVNdFBA32baxwK57SdHubWWPzUwK6G61qKzk+ysua64eZ4eNcXPkoarc5W+nMd+sK5KgiuutHxcxhjgAVia3cWv2eK5gQFhweKrS3txFHE5GCRyKFLlbLdJ1acVa253kltHOQ7gcd6lKCOLapwK87bWbxVJR+Pet2KS/vIFnT7orSFaNmrank1ssnTV5S0LzW5aORycHqKj0+SZwYTyKybt7+1iZnJHpUeh6u8rSwFfnHOa5HU1sdf1WTpNrVGne6IXL3AlOQM4rg9Ru5I0MZblTXoEWokeYJ3Ax2rz3UEWe6d1HyE1NSS7Ho5NGak1U2RPomsTxwsx5OcZqnc6leJI8obG40wTRQYiQYpt/dWbqkIXDk81hKOl0e/HDx9pzKG4601K42tLHlc8NWTc20t3MojzjPUVq3am3gHy4D81l2+p/Z5CuawnbqdlCDd501qY93osxfBBJ7EVQuLKa2Ty8EGuuu79ol35yD0rJn1GN5PMfqB3rimoo9TC4qs0rrQxI4wsXzHpWPjzLh+wro4QkyMq/XNUzbKSz45zzWM9j1aVdJu+5DFDG6bMZPrTXhjtQY5Oj9asZSJfl4NZ8oaRixOQB3rJOyLi235FKWK1kjkeEjKcYrmbKBZZnkHG2t46RdlWvogWQehrFgjlhvBE/BJyRWEtzrouNmkzVubtzFgHCCsB0iuyyhd3sa6G8tVI2LwDyaoRxLAhO0cnrQ9iqUraofYottB5TLjJzU7zxSMo2cqMZqOWNTAZAcEURhRCDjmkEmJP5TxeURyazZ7QwgR4zmtS9it9kbQ8P3BqpMHba4PA61ExRMuePahBOK5K6jlbco5A712F+UwCvOKz0ZZCQVwDWEkup209DhYrOU3O/PSus27bfk9e9XhZwo4wKjubZmXbGOPShRtsTVq3epkiedRtB+WpoCssu6QZA9K1rTS2nHlYG81TntXsXKOuDnpVOOlzD2kdkTyIJIyqdqpxq6ud3K1ehKuCQMUm63Vtkn3jTcVe5zJvVFWfYE3oPmFZriWXAC4J71qSghs44oTDjBHIqLhdojW3MSgt8xxQ8kYX950NKtxJC2wjcPeobqTzVGU/KkxJszXmeCb5WG008Xcb7g4pJ0hkj2um0jpS21mjx7mbBFTFajqpWM+0imjvjMmSprYG15fMcZwearJci3bZjcParbwM8X2mMfJ3roRySuaBszOXn01CVQZbPasu8ke5lBdcN/F6E1HbXdxZSsYJCokG04J6HtVyaE8McEN3BzWpBhvboZfNVsjoVNSXVrJAFKPvRxkEdqne0mjkHHD8g0yRZrVjE3G4fzpoTRH5U5i8tX3A9qyxpF5dyPHp0bzyqCxSMFmwOpwOcCtBmdVOOnrS6fqF5pV7FqGnyGG4iJ2sADwQQRz6g1rSnbc5qkXZnJRvJPILSYt83AU9/bHaqF1dG0hktxaqWjLBt2eR7jpXX+Jzpmr3SahbRm2nkJMiKSMPnqD05rmb+zvZ4f9KPmqP4h98f410pnHM5izv7OGZXYDa5IkUdMVFqOm31ldR32gSJ9mY52beB9a5+/C6ZctHqG6OKUnYzLgsa7XRNVs5LYQhhtRQDnmtTGrI3LlNL1LRd9zbPb6ggA3IQVPr7kH0I4968J8Z28ax2894TuWQoFGOVIJJ+nA/OvWdQ1O1tcsH2gjhR1P0FeF+M9aE8sfnk8N8ldWG0kctaN0cFNBBHfXSW+IVmjGDjJBJ5rzbxFpSSI8cTK7DLDJ4yB616hdWkl4tzfiPLCMKpBwPyrLbRdJ1rTQNNma3vDFhopBkNIPRq+ho6HzmNhc+UvEG+S1UpF/q2O72qreWL20No0bgvMqtj0DcivWPEXw+1qwiuF1VVtFOPmZhg56bcdf8jrmk0618J6NFpuo6hbNrUyfu1RiEhPlDGTjJyMjHUZ7V6MJ6HjSjqcdZWOragfsGlwNLKR94cBfqxwB+Jr2XRBa+EdBaLW7mG/ldXUNbNuNu54w5BBYZxnI454NcJ4u1ewv2utR0ZTYfaMDyYf3cZUDGCFwPc8dSa2PBPhs+JdOsdNsb2IaixeSS3myu6PggqwBByOMcEdatGVQ5DxVp09qMSsqhhvR4zlXUjIINcn8l74R1BXOCzIv12sDXpmu2A0/W30C9heKJAGEb5+XcP4fbOfx4rzvxJBDpGiw7CdlxO2047CpS1M7Hh+ps8SRKxIZGAyfStbWLx/sUeDuWUbdx67sVtX+mw6hZspx5ykEHtWFqdoxs3s5Bh4V3r9cV2pnIzEtbOa4jExXHltxX0LBH9q0tGj58oivOvCtlbav4WuktlP2+w/1y9SVOSrj2GMEdeM9xXe/DZvtUN9puoP+9hGQO5B4z+BrnxD0uSonWWr2p1Wzt5T94YJ+grD8a67cvEYbOQCNDjj+70rttF0lU1M3lym6OFTtOP4jXmWo2Et3qV7bopbacenU56V56kr3Mq8tDntAs7m7u1uYmVl3D8hW74xaNZU+UKoUAADke9WdGt0sJnLjy9uTkGtHUYbG+t3mmYNtDHr8xrX2t2eZUJvANxa3uNLnuhCG5Rn6Zr0ay8GSafOb23vYrrYcqA2Dk/WvBBblQotlPmKcjHUV6tabJ/s1xDIchfnX0YDmsK8LmT2KXiWDUEu3kuRu5+8CDnNSW3hq5+zJeKyh88DnOKy5NYs5NRS1uCWUsQcEEDmu3bU7ZZEW0YMijoTjFYzTirI5pNpm1pfh63iKXd1KS3GF9DXQ3OpRwyFSc+9cPF4gaORlOT9ap6jdxX8y+QxGRz9a4JUm3qYybud/cX1tfxLaggqwwx+teVz6G+m3ckEHz7mLbh2FdBE8diqxZIcAEk1JFeR3EwRpAHbPPtWkY2Whk02VrS8CWzQPIVb7pPbFU9Pi0+xa7W9BkV+VJ4xmtmfSYmXzISSWOPb61W1PTJJLPoHkHHHfimpK5qjz3U7exv1MMQIQcCs2x8KaSouJZHcEKSBwBkVkv8A2hp1w8cyuhBJGc1a0bWZby8+x3T/AH8/Meh9q9airK6LiUbbwPeazdtJp8bSpEQGUcmu4tpNR0DVUgeHypF2qF6H8a9H8NT6XpUMjK6RyOMcN/IVueKrGxudPt9UMYFxBhi3GT6ZrKeJd2hNkWneGI/ELeZqqFSnO7oeeeKoXHwwt016M2s223JDbiRx9asad45tpUkS4bbIqjBHH61fg1aOYqVuCXX5l+bP4Zrjd9TOSPadRE8GnG+im8ySEdh1rwLUrOxv5TeSjzWhYtzxtJ612enXtzfWxtFuNm8nO49Qa4bWbiXRjNBwyZ5zXLCFmOKMyPSdX1bUF0/TY22XBGSBlcfWvWo/DN3oOmNcvN8yKQQRjjpVnwfq9ppVvZy3QEQkCuSPvfN0wK9OW60LXbO485vPReCpOCR61NSbM09Txzwlrfmi6WWJvMz8ncYrvdO1e4gvViA+9XE3sen+GNba4sG8yGVCuwjoTWS3imRJUkRRvwcAHkVk1dCud9r0tlqDPLchRzhlPAr578WW3kSSSQSBYgd0QU9PpV/WtbuGtXubs7M5bknORT/CWq6JrFlDbXwEs5kIHGSAa66FPTUEecXPivUrXSHtINwLcMxGWwfQ9q893Sx6e+H+/wDnX3Vb+BfDWuaBcJc2ikSK4BAw4OOCCOhz/nFeR/8ACmzrNpczaPjbbAjEh+Y/TC/zxXZh8RGGhvBnG/Czw5/wkGn3F/I/lLa7lbjnkZwK9r8O6NoFppEluFDyozFi+N2DWJ4J8Ial4W0S8tZ2EjSsSyqOV4xzXEazdXFjcyJbyFY5wFbPQ+1RUrOrLlT0NqvwHrTXCW9k6RNtWPkAc5xWFF4p1GKUySTskf8ACuOpqDw1qVjqNnbwXM4Dx/KxPcdq1L+200S7ivmJ0Hse9cc4cu5gtjm9S1Bb22muJslyQST6mvPdQ1u50243WpLqnPWvQ9UubeK2e0iTCZxnGetc5YeDrnWUkZV3Lg8itaDa3A8j1LWbzU7mKWVyqoelei6Zdi7g2zMF+XcCe9XIvhrLG7SyHy1QZwehqu2iQNEILOcbgcEZ612TSlsJROr8Pw6feahFdTsm2AEbTzuPvXb6ba29nc4to12qxYHtn0r5s1rUX8OyJ5bEs5xgN+tdJ4b8dTnCTyAZ6KTzmsK2FfKNU0z2vUNfhOvSuIyBHGAfrXCweNEt9QvrXUtq+YDs68g1ZtNZ0me5keU/O4znrXMajo1jq99I8ZAyeuaMLVlS0RjOKPVfCPjPS1uBEF+ZUOP7tZ3xD8RyTxp5GdqAsCTgA+grj9F0GWwSS9VceWcHuMDvVLxHdpcwSQFg7BeB6Gumlj582hLicHpPivVNaS5jdmEUXABPOK9E8PXTbQrNuO0jnpg8Vxtt4cS2sDfJJ5QmGDjvV3wjqQt1kiuWV23EL64FRib1HzIo0Z9AtrW48oxLsYl8Y9ea3rKLTbWN5igjzgHA4GfWsjxH4isioMBwY15PevNbTW5715U80hG5xnrUxpTlGzNz/9bxSMxhPMiIXd0xWtYXFxwrMRg9vSvJdI1Wa6KIGLFeOewr2bTLLdcW1vNwHIJI9K8ScXe50yqaWPpn4faW1j4f/tU8SXPQ/wCwACK848d66hWWCU5B/iB9Riu5vfENrp2lQabE3lmNNu1emABivmnxSlxcXAeOXepPzAHngd65HeUjRHMmISXTOuWy2a7zQIFOH2cKM1yNnFKAiuhr1HSYglooYDcRitmV0LVpaA7pZBgjkf4VzviC3guYiCMCu6JjS03qoYniuB1yCWZgy/dBOPY1kpEHnGoaEEhcxAHcT+FcG8b6Zu89wAvODXouo6mYgYWUqV9fWvn3xf4hdp5zx8hwPwrppK5MzgvH/i64ef7NZ4G372K8xl8UXssXkFiw7DtUupTx3dxLPIQjN2rmSpVto6V69Gl7pwTmyw00rMWbAyOvSqr5xnB/CrBBC5Iz7VUnbGWAwPyrqSIG7kXoef1rX0rUL/TrgS2kjRkeh4/KsqG0muHBiTqOteg6F4F1DUpIUVGLSnt1pVHHaRvRnKE1KJ0lhrWseKJlsWkaYpgAnPGa+nvBnwRu00yPUmgMty/JBwAo9MetXPhd8H5rONb24hKuGQKh4zj1PTNfftl/ZmnaFBa3A2+WpLYxn68V87isRCPu09D154ypU+Ntnw8LB9DjFsY9o7gA4zQ86zjLruOME+lfT93oOiazes6MDj8BkVz+q/DSNYZZ7Mq7MOg4Oa4frT2YSWh8p61BbWAjmfkEntxzXjPi2GOd0Nsp+ZucHivpjxP4I1tkNvLbFZEbIHfb7CvKLnwncsgMkZbDYywxj8K6qFXqzGUTzzQIZbLdOhyrduleieFBaXutQreoH3sA2RkED3rJvtElsoVkQHaTyD2+ld58PdEN9qDXP/PFc47Zrackx04Homva1aWUUVnaL5axZ5HArnIdai8wJM24HB/H3rH1m2u7i4meT5QrEbR0PNULaCaK6juHTcsfJFYp30NJUzuYY0nkVgNo3Z613WnXghR8ndtHQ1wpuLQ4eNgjMPzq7ZW+p3LYtA0oPYCuWrp8R00aE56Q1PSLfWRsVUzz3zXU6f4o1S2uElt5DhOgGDXmhsJdPZHnidDIPcVcTUIbSPiXJz90kZrDSRpXw9Sl/EjZn1f4a8f3jxrBqHzKerHtT/EurQanG0dq6hiPXg1896Nrd3dlYgpVG/Wu6htZUG5SRkc1yVKWpnSnc6jTorp4fKYcAdzn8q6BdKu7i1OYSAehNcTp91c2dwoBJA556V6rp/jOygUQ3kYAPfvms/ZG8pFfTLGLSbcy4y5647VnCFtbvxLc7lhQ8AcgfnXpVhdeFfEqGJZ0WTuo+TFaI8Nw20XlWo4Pbr+ta+yOX2h5/e3OmWlwlvagIoGMGrj2c9zaNLFyrDNc54s0C7t98hQjHftXKaD4m1DRt0M8pmiU42t0rnrK50U/hPLPGun6hZ6zvdiu8jkHr9a77w9461fw3Cv2a/ZMgDaDxWN4yvzrr7lTAHoOa8zvBJbFDIS23oPSuqlT5omZ9vaD8W4bq0ji12TzUJyznAUKR1Kj/JrF8WfDLwT8Q7V9S8N30S3IywTOUDsM4wMf/Wr5hTWornTVTyxFkYO0+g9P84rh7DxR4i8P309zZ3skAUMTh2A29QTtI7fnW9Kic9WqebftA2uqeCNMk0fUlaFpnKIP+eiqeTxng9xk18OXy/aWZs4r6Y+PHxPufHEmn22pSm4ltA7GVsD72AAfcYP518w/brbzNpyd3HHSvfwtHlifPY2d5HLsjGRkzgg8EVHLIYBubkVu3lkS3m2Q3MOSK527EjArKu04zg13JHEVxdO54Py1SFy43Kx4NNl3bNo4qnMDGN2eDXRYaRsW0qLhi3PSr/mGT5ThgK5eOTrg5zVqOQr91uelQ6Y+U6SFvkKAH2rBlkZJyV42HjFXra6ZchjnisiZ1MzP/Ex6VMEKJuQXl0xDmQ/J3r07w5enUx5UxztHFeaWgjnjRYxzW3Y2N5azh7ViN3JxWGJsI6vVr+6slktUXcmeRjOaxbK11HUh5MEeGbop4xXcxapbWenhb+MM/rjqayNL1uLzy0UQUknA7muFScVZE2Os8NeHL7TY4zNIElT5iFPb0rvLzUoxYOhOBjnHWvNJ9fnTy2B2uD0PeuksYZ7pA8vG8ZI6giuKrTv70g5TE8/7Qxjhb/SD90Gun06PX4kDTYynXnqK4m+i8jURIh27Dxg12cGqlbfyYW3EDJJpV6StoHKaDane3MiIF8vB9eOK39P8RvYXMYlXcARgjnqelYFrc2DxZklVc9SeKqeG/st14rtLVZRIjTx4B7gtXNGlqLlMTxdqNhe6hLLLaiWQszFn4289a4W6sYbhRPbKUY42jHBx6V3PxZsLyDx/dWkS+XBPFCUH8O0jaT+YrT8N6RdQwwyTqGVOcEdP8g16SnyQJdM85itL6eSO3ZfmPX1rZu9Kt7SABmLk9Qa9b/sazkn+0yJsmJ4wOKh1eCzht3SSEZI4YisPrRLkzxifR2sblLm3Tcsgye/NY4lsLbUWkn2o+MnFd1eNeQqqxwecPReeK8W8QW19/bEpEbJvIO0j1rvw1Tmdhxl3KeqFftskwI2NUEsMkCiaIgow7c1C9jqG1XeMlSe/FMaW6tofKdSUP416nMl1NWEckRbbMcgnrTjHGp8uJj7VQDGQ5weK6LS9IlvU+0Kwyp6Vv9YSRCiVree7tm+8ybTnrVv+0bh5Fmkfd2JJ7V3j+EVmsFuJmIdxhQK5TUtGi09FjdyH9D3pe3hM29pY+mNK+Jd94lXw14N8HiW0aAwq6A7S0zbVOznHXJBJGSewr7f+Lfxr/wCEYsvDXhrUYkuLqygjnuy7E+cVXywOOckhuua+Lv2R/CmPFlz4ovUSa20pN6M2CA5+4Rn05OR0xXmXxw+INz428eaprFnMwtWcwxDPHlxnAI6cHtS9n2GrSP1D8IftJ/CnxMv2bUbk+HbzOAjjETnPG1hxj69K9J1nwV4W8Z2q6jNDBfI6hkurRgJfn78cNn3Br8DpNSvJpFlklYsBjrjI96+qPh78a9X+HXgv+1dN1dzqDyFPIL7/AN22DyCTjkE59frUSlJaNXFLDxeqdj7W1f4G3UKyNoMq3pyT5Un7mX6DOVOPqD7V5Lq3hK80+X7HqdvLaSjON6Fc464yOfwrtPhL+2BD41ktvDfirTAbyQhVniHzMe7Feg9Tz+XFfUek6x4T8Zi40vTb621B0/1lnMVLKV6hkOeVPp3rKpRhLbQ5pQlHc+Exp8lorBW3omT/AJFakdnJe6ZdiM4eJQwb0PuP8K+pfEPwg0a4t5RZiTTJLgn5R88I+ndfzNeWw/D7XfCst6siLdWciBVliO9T9V6jHvWE8LKO2pVKseNaXb6jf3kdikbXFzKQqooJJP4ZNfop8CfgDo/gSex8XfEeNJby6cGCzc8KW+7uB6t7Cvhjwvq+oeCPE1t4j0+UNcWkqyJ5i5GBwR+IOK+tj+09pHjHVdMn8VWzaQNOk3b4syo4LqTwoyDhe/4V7FGnGNO9Pdno5d7GVZKu7I+9/jFa2vin4R68LNPmtITKqj+F4MOMewFfnP4a+MmkSqukeJbFlSNAqzwjfuwAMMpOc+4P5d/0M0f4h+DPFnhm5s9C1OC+ivreVSgYKx3oR908kY/DrX4x620OlanfaWww1tcSxtj1RyK1xFGrDDuXY83HTg63u7H3LazaHrls8nhzUIbtQPmhYhwR6FG+YfiDXnviD4UeHNSjN6bR9NunOd9vzESeeU/wxXyQms3llcRyQTGJ0PyupIYYPqDXsvh748+I9JKw6ps1iAD7snEnJ/v/AE9a8aOLX20T7L+UyNf+GPijRGe80phewpuI8hm8xVHdlwD/AN87v8cvwr4m1g6vDouuWa3sU7LFtmXkBjjnIHH1FfQ3h74l/DrxexjivBpt+5x5UxCMG6/KQSprqtR8IxTyJfTWcF+6ciUfJKAR2ZeWGD6n6V1ezhJXiyuZrc+S/HXw0+GV7qJttFY6JqGd0vlkGEFvmHyNx0OeCMcfSvGvG37PPifSdH/4SmWZLyMHYq225n2EElipAyAOuM+tfW+rfCq1ur6S+0y+ZWL73huVIfk5IDKMH8RWX8QvE02lyWui6EuyHSoVQggsu7GMZJzwMdT1rmq4fVuSJjPXU/OWCA2SfYypc+4216P8M/CB8aeItN8PWz+XJd3CoxJwu3POeD6e9fQt7qngvxuVg8V6PF5oxmeNcOCBgHcMPgdh81eqfCD9mjVdX1C58X/DjWfsv9lp9ojE5xvYZKp8qDjjqe/bFePicPKUWonrZbShKqnJXSPvXwl4d1Pw34d074Y/DAxWbxJvu7wjhFPU85yxJ4rxz43+E7H9n3TE8U6LY/bG1BmNxPnbLPcM2W3AZ4O7PSua8G/tUy+Cb+5tvFuhi21CNza3FyN3kbo2x68EkZPOK6zxB8fPhv8AGHVNG0/U72GG30eUXcwZ1Ky7SBtxk/KRye9TRw0YUOWrufXvFS9rzUrJH5ceJdW1D4jeNbzVTZGyUpvMZyFVVP3mLdzuyavRzWukwxtqIdF8supUcHGOMenWv0h8Qv8ACvxf4O8V+MtBtLazuZozYwphVDIgAMqgAAZHPSvkPxF8FYdZsLKVNTCrKE2yqA8KI5/jOAR1HevP62WxTwzk+eW7Pz71KC3hsBdXm5pGlYD/AIFls1c0TUbdrdLPlnP3B6+lfoj8b/2X/CXgT9mzS/Fk2G8RlhMZQMLKj4JUjjIwflJ5H51+fsGj2cJjmgGHjIIx2Ir06kGlqfMV4rnsU7iNGuWJBDDnmuavi0gckDd2Jr07UNOS4sluY8NLj5vWvGdce7Rf3WU2vyfat8PG5pTdjOvUE8iW6LtnHPPANb+i2tzbalarfptjYjJHQVn/AG2GUL5y7pgMZ9Kvrc6nI6uAWVf5Ct6qtodtLe51t3ETezJnMTcA+1Z1no081/Ha20DTMxGTjOBXS6bpza1pv2qycG5j4dD6Vq6f4hvPD+bQ2bqZDt8wDJH0rz72PRi7o9Cgj1fRbeOG1uBpdogBdx1bPUkd69R8P6/o8kKC1f7ZMg5kOR1781434f0e08Q6mz6k91OoAc+Zlc+xJz+le5aN4RsNGX7RDsgTGdrEl/1rlrnXQO/i1CKew89Sd68EVXtobadvMnzgdqz7jXbGG2GnWgUySHJaprCYSDaDkg8mvFxE7H0uEWx0tn+8kCxDaoraaFUUo/NVtPURICP4u9WpTvJI71597nt056FOJVhYlR1q/A8g5bpVAEO5UNytaMWGXA6+tc82dVLfUvQt5jfN2rbRdynnisO1U+aPSugiKAAYrmT6HUmil5QLE+lWlU5HbFOKr5g96uD0AzUtGqLA3cHGaxNXuJMqEGK6a3T9xuIyDWbJapNMEccHmsqvkb0lZ3INGZvKDNyc10xUn5uneqMFstupVBgUtzIWiI3YrKKZVSPM9C8biIREbskVRS8ReoyTWCWO7apO7vWpaxAEGQ80c1yoUzRiBZz71YMBkzwTiktlQTAk1sQSxpMOOKs2KMUTooByKtw28x4HQ1ryLFO67RirM0YtkGaFTBVLFBEntxuHNUReXD3ADDgVauLpguB3qKOIuRj7xqmrHVT2ubEE5Zhlatebt4LYqnDFIABtqC7DxSKWHFUmRuzXaQTLndwKxbna/CnOKIZt04XkIa1W06EqzxvilLU2hZGRabQCOrCrUYZ5QTkAdKgjhEMh2ncTVyKQZ5FTsaya6G7aN8uT1FXo1aQ5IwBWFBIcgit4ZaLhsZp3OaRHJsRtwOCKr26vPIyDk0qxZkw3SuhsdHYRNeQtj2pRjqFSooK7IrbT5FUuw4qcR7UKt92tNrtYITB1J71mCRZfunHqK6ItIxhUlLVjI7SMESdTWdqN1FbyKffkVrxusEbOzYx0rz7UGkuL1pHOAT0pVkktDtwq5pXlseiw6nbGOMRnOetdhCFltg7cEDivPtFs4XdTOcRj+ddabmOKPaG4XgVtQk7ank5jRXNywLEUbPKAw4regt7byyzcFfWqNgiSwiU9RVfUDOsQEZ612Qdlc8Wpec+ROxNKouAyL+FZ8WhTIpnbgE0+xuUQZk+9Vl9W2fuicg9qcZJrU2ftYPlplnT7aS3mUockmu3ugs9rsz8w65rjYZggEynk10NnC1xCZiTn3ragnqeHmMXJqcnsQWMsFmfMYAMDVrVL6O8ZGhG0j0qrfaccB4+QaaQkahiM7etbapWZz8sJSVRasntrwRrvm6iqNx4jw7IiAhuKtKIZ13VmjToJrxFA+8aSTN6VOlduoidpxJEHAw1X9Pmt4XNxIBkDmrt1o4ZFjh+8vpVptFjS3X+8w5q0mcVXGUnG3chi1C2cF4V/GtC0u42l8xBuZaqWWmQwRlHPLVQt420+7fa+5DTUmcsoU5XjAtXV1507bU2yeorkrrzfNZZPvV2mI5WMhIB68V55qclzLfSMDwprKtseplMU5cq0saVrKyOEzmtsKzpz0rioPN84Bjj3rqYLxIoD5hzUQZ247DtaxLckgjSqscyvKqk5zTDKLmLcnNUlhkB3k4xTbOanSVnfc2ru1aFkkA4NT2k5MiRetQG+Z7by5BnHANLp0ReUMOcc1pGyONxlyP2h2jxFbfcnzEdaybiVXjBDYK9qdFqQtywkOQawN73MxCH5WNdVSomjy8NhJXblsJe6p5cW3HSqth4g+0uLZOAOpqS6sA4MbnGaoCygsoGI+961zWe57lOnQcLW1OvxDcWzRd+oNc3pTvZ6k8kpJC9Kp6bqckcuxvmB4ranlh81eMFqfNcwlhnScqb1TOhn1q6k8sk4C1YVobxGkkOZMVShtILmH5n2lRTQq2wOG3VtTm/tHiOnTvywVmjbt7ixjgME4DE+tUomtXulQ8rnGK5+aK4L7yCA3IpbfVrK2ukWY8jrVe1VzRYDRyg22zu5NJsZI9yjHfFWrGSO1t3RjhVNYcGswTSEodykdqlbfLGWXO1q3hUT+Hc8Oph525KrMrVL+a/3qnAHAqLTrOe1h82QYY1I1jKrFycL1qeBLy4mURnMactXN7K8m5Hqc0Y0+WD0Of1E3MsxKjC1ZtpbcKsb4JHWtLVHVYnXb8w71yMcSo3myNgk9axq+6z0cN+8pFy5jtUuxK/3RzXOy+VdX5ZPuqa3NTsGu1R7ds5FNttJtrS2RnbMhPNc7b5j0sPXhCN29di3qbPLbLlcDFclBp0ks7SSEInUCvR4PsN6BA0mMVmXNtYQysrSjb2NE482pzYTHOF6aWpz00cFzEYCdpXvXOXViERxvBbtzXUTW1sY3kV8sOBXI6koyCPvDiuGqe/l8m3oyfS1EeFlHymku3hUsq8UlvI6/KR8uKjuTEELE5NLSx6HLepdmXdOFKup/CsyS538dCe1JLKGd0Y4NUjsVAT19a5ZuyPap0bR1Fn1W8tU+zxE+W3UVgx3Mkl95hUkinSzXLXI2fMD0qayVo5WY9T+lZPU6404xT0Nb7U7kiZcCocRyIcN0PAqhcTlt8Q+9U2nbWTEn3zQ9jn5LK5qxCOOANKMjvUdv5Du7YPl9qsLBJPbGReEBwaSKJYwVPahIzvcSYwcHH3az5PmIwMI1TzzQ42buW9KinjOFRGDDtWcmNGfd2WQCOFNZr23lNsxkVulHVRHIcigIqEO/wB01Dima87Rlw2sgmQSLhD3q/eWsUeGXirdxeLs4AA7Vkvegg7uaasjnndshV5oP3icHsazLy9a4lxKNx7mrd1djYFQ896yQyGQbz1qZVU1Y0hT6kySqF+70rOEL3Nx5u75FPFashiZcJzVHcYVyo4Hak10JSaND5jtX71VnWRJSB8tMF07bGjGMGrLzCRv3nJqWZ8ruVpUwNxOWqxCymLaUy3rVd2JOGpkcyhxF1JpWBxbI7u3cuHUAjuKhbJhxGuMCrU8jxvj1pjFlUMgzx0osZSTsYKDLkZ+Y1oQSzJG0TElPSqMySvIXRMc84q7b3CxKVlU59aqV7hN3RF+8R94UFT69qsJvGQPlDetOi1ERTbGiDJJ69qnnjjbqcVRkQxLc3A2rlyhJ/CrvmPOEhuACV4APWse2muI7hihIVehrUuZ1vIycfvAOo45rcqcDKnDQTSQHlDVWeBrZVc/cbo3amCSRjzyw9astcGWIQdV7g9KDCqhtvbaXeotu5MNzn5JByG9jT42UyPpOo7UkU/K/wD9est7cQlpIW2t1ArMujLOv2hgd69a76Z5lczNWsbkwSxuVlXcU6ZTj+leZ3+mGCFmtBsuF59Bx2HpXp66xc2sgVgsicZDDIIA5zVWOztdauEiTbE8jEKvbJ7D3rpsYf4jy3S7ppNj3ttuXorgnj86yfF2m2N+YFjgB29WAw2PqK7PX9AudLL2KkwoT937vzfjXC2l7LbXRh1CRWKthTxgj0reh8RwVGrGfo/h+6+wv5EiXEOcbWOGXHYj0xXCX/hvVtPna4hMbwEnLK2SuexFe/6l4ehjhS8sMwyS8tzwc+30rzW/urjTI7iOSNHDDJR/mBx3+te3TZ4GJ6nl+r6zrZtZLPVI7fUbGUBds4y6nsUPHP1zXN+K1s9A0S1e1iiSRRvRcDPz9emK6NtO8DY/tC6spjIZDmHzT5fqTnhsf8Crx/4i3dlq8BfQv9FtbVhtjLEknp1JPX3rvhseNPc59bSbUrKaaOItKoZlVB6DoBWx4E/tC3t5tZjt2u4raMiRlODCCRhvXHH4VFJLf2MUU8CeVM0Kk8fLuKjP61o/DXXrnR4p0tSBMGw6tyrL6cY6fWuqJnVWjOssPEaajp88eqSxzSdF8xv3nHTGeTXkXjyKV9EtXX5oYpmbHfkHt/nrXoOteH9Pvrq51HS1Nqjjf9nx8ofuEPZSeg6DtgcDnPEFlKPD+nzTjzIXZ4pN33gD0/Dg8/SnMypI8XtTMQGGDGeCO4rRmWC4lit1wSePfNNaGKzlmto23JuyATyBWLNLCl55kjbAp6j71VT1Mauxr6Mkvh/xTaarZ4mhc7JoclQ8bfeU4P4j0IHWvVJtMsfDPi6TxDaMz2F0hNvnglXUZBHqvQ15BM8r3SfZvmZRv3f419CeEtZ8M694dn8Ma/bu13G3nWNwp/1bHl4jjnB685H0IBrHEXsaU7M9C8OGK50O8u5wqCMBgSeSGrz3Vmje8a8t4ghb5ScV1+lGxm0y7t5ZvJgjC7jj+7XEaj4gtILyW1gjzbMgbew5ye4rg9m7XPMxjdzz29hubWZo3JJclvwqsjiVNz8jJy3T8KteINYSdGdG2suACBya5nRpZJbl7eRsL972rrpLTU8+aVjrNGIinYz4K9mHXFdJNPa2VnPc7uJkKr7Z71wNxcW5IjhkO/OOvesnXbpzGun+c24ds+tS4XZhN2KzWt9FdtMgMkYHDdeK6Xw9JdyXhlDuAuAR2IP1qn4duJgn2O5O5HwBkcgeua+kdG8B6Dd6ehhZy7pyc96yxdRRWpjUZyslrbSwRlZQN3YVWl0qW3je4ikyFPA9a6S98OWumObaOQ4XoaxdSfa6BMsq/rXIqikZKVzznUr/AFR5miLEbTyRTNLu2gvAs8mJOSCT1rqZbK3v5GlHyMOWpL7RIbuUSwploQMGtI2W5orHWWWoxyoEL54/M1Jfao0MYRQMqw/CudsJIYdMEbH9+rc1mW13HczzPcZCB8Z9QKmNNPUyZvzxf2/eQW00SkP1IHatBfg/BNcPLpxKrgtnsDXUeF7jw/NcSXDHasa5BI/OrOt/FbQPDltMlq3mStlV6baqEZt2QHzzrEF9ol8beSRXeJuoPUV3uheL7e5lSDV2zEyhWz2rwXUfEt1reqSzkAGRskLk4+pre0qw1S8u42lhkWGU4Vipwfoa7ZwSWoHd3epae+oyLpKFodxGcZXFbGm6pbW2qRrNxDkA8Z/KvSvh34A0WxMr6viSSQfIj52g9ea6fxd4C8MLpcmq2kKQyLwWVsL+VeZUxCUuVDe5zGteJrOzlt00+JWdcEkcDFUrS3uPFNtcrGi5Uhm3Hj6CuX0DRP7Yu5EW52+UMZ7j8K9c8KW2m6GZre9ulQIcs2cFj6GoZJwniWw1uwezF4BDb7RGoU5Bx/Kuw8HRFpizTiNJeuOW4rk/GfibS/EmpR6dpcm5bYnJHQ/Wtwae9jDFNau33FJ21NSJkdTqWhLdahJOkzOCOh/lVGPQLO0mS8aIE5wc9qyEvtakaL7OWZs9SvWtEXet3tm0c6fdJBwMYrPl0A19Y8B6Ld2gFzMf3jZ46YbtXjsnhk+FNTa5sEKpE2V565711t9qd/PBEJJSBAxC9uR61Y0u0l1oi4vZd4DbWHXNaKpaIGjoOs639lFz+8MKk5UDO7Pf1pdD+IjaVe3unrFvic79xO1gT2A716foGnaNYxDTo5NoAOMnkA/3T/jXnt78PdNGozXdvqMZbcR5cr8j6Y61he5qJ/wtLQ4re7e5BR5FOOxZiMH+dfNWveMY9ahRbOMxSB2PXII7dK9x8T/DfSV0lJw6+YZMZLfLz24r55v/AAsNE1jypGVUIBCqc8Zxmu/CxitQkztvCcPn6ZLIW3SRNhsHkZ6V6NJr2mW2kj7Q+1l+U5xktXIW0cGgqYoyoF1GGY+vpXlHiW9aW/W3hm3Fm5UHua6vq6m7sLHolxq0+oTSpYgvlcjHNdZ4c8Qajos1tbXSEQu4EhIwcGuF8IaTqehA3typDfeBP908169LPp+uKGmO7YB7H3rnrxtoNlLxzrrzWb6fpTnc3QgY6+hFeNat4c8ZaLbRaiyyKko6rz1+le83GoeHdPjjhdA8oA4xkj3qfUNVmvrA2kMReMrxkdfeslV5TPnPjy2tdYv5yL0MWLEAsP5ZrotF8PO+oskzYULnI6k/jXqv2Dyx58wwBwPrTdKtrJdbiM2Ckp2kntXesSnAFJjvCPhhNS1T7PuICff54wasXen3GmarcWsbh1gdgfde1eo+GbTT7e8mfSg0slw21iOin3qr428G6poYe93xyyXas3U8cdK4Y1ov3epTicrb6nKlq0anHmAgjORiuPvtPjhvWQsWEgDZ/pWLpV/LC3kysU3N0J7n0rv7S5SQbJYgSehPNS/cF7NnnutarBDY/Y4XbdkDHpWHp+kyvMl5bfLt9e5NdfqmmWf9ojCs7PyAOgqnevLZxYhU8HOO9dlOfu6EMw7HwvrWq3U8M0Y3EnAzwaoT6Dd6QJFuQIjG3ODXeaD4iihmaWfKMqYOfWsPxDqdvqCSyRSKxA5HfNOFSSlY2P/X+PfBM63F557DKp8xz0wOgr3nTNTEmoiRduIV3bieVx0GK8u8HQ6db+GzqF0mwSq3OOm0msea8e3jN9bS/eOCfX8K8+pG47+8eta74rRZmMLhvSuKTW2aYkNkyHJzXm8+tSyyoGZQe+etaG9gu6M5rD2dmdKketafqAlulVj8o969m0c6dMqo7HDDHAzXyxpNzNGwyoz65zXpmi6/JGdrv5efQ1nOJopHuN9HDHGEhbco55PNcjcWomJIY5zkA9K56TWA8RCy+2c1X/taSCMAneT3zXLbUk89+I040e2eaaQMzkAEnkGvjLxdqi+aYw+5pCSDnsa9o+M/jKC/1A6fC2Y4eGHr7180XD/aF6ZK9M9hXsYOj1OTEzMaTcWILbiP5U5I2eQLtz/SpxD8wcj5R6V02g29tNODcIdo6DtXpy0OJMhsNGkmVGk4HoK7mLwjaXSr56AJ2NdNb+GzPEjWjDj14rodN025tTGk8Bdc8ntXHUq2NowvqXPC3gPw5KqW88IKtyT6mvrDwT4E06G5int9oKKApAzgH2ryvw7YW5YSINu0cDFeveGdRlsZl6xnP3h1x9K8TF4m52RjZH0PqNnpWhaEuCA6Dg46k14pP4luJrgxyPuXOCMcYrL8VeL7y9dYOTEh5wetcpZ3i3V0PlIXjA75rzmzroOzPT0v0jYnBU9Qa6aw8VbTGMiQdCDXnJudwCpkgDFZBE6OXQlec1m0d9lY+poLfR9XtFuiVO8fh9K4nV/BWmsjTxRBsnOa8u0rX7+zXY7kgHIHQV0v/CcGJMSH73Y/yrSErGEqZ59r/wAPIZpHWFMK397vVDRPCtxoMUpi2jd3AxXrtv4gs9TaPzFCM3GBzWleC2kttpA4PpW/tDDl1sfMl/p1w8zqV3lsk1yUjutx5O05zgjHFfU58Lx3as/d6wbj4czNOskOJB1xjml7dmsV0PCRaPKglcYC5wB04r6D+DfibQ9Ldra92R3Bf7zHqp7fnWI3gyeS9jslgKlyc+maf4i+D93ZWT6rZOvyLyOM5rxM4xa9lyt2P0TgjL5Tr+16I9V+LuuaHqGlsEkjLJHwFIyW7Hivj6DUDv2MMZPDDJxU0A1BLs2d4DK6k8nkVfttNLXGJE+Vvx/lWWTYeUY3ve538e4+jKUacVZo9X8J6vbW8K78Fl5APaumHi2P7RtB+Xdyc9K8svNOmt7PMDeW23jFecJJqNvO6vIxdvQ17bhc/L07O59r2l5Bd2yzROvI69fzqQIJ8Pu3EflXzV4c1jV40EizHaRyo6Gu6tfFV4ihLglSPuk8A+1ZulY3hO56/Ak0c26I7MHt7V09t4s1e2DILhhjpzXh1v4uDNhZO3au50u9S9hWbIOfWoqGVlzHqcHjxp4fI1RBKG4OeP8A61X/APhGPDOrxme2nS3kkHQsBj8CRXl/2UXE4y+ATgYP/wBepdT0ubTrTzY5/lfr7fzrGxqzotQ+HGqxN5lmY5kxxtb09d239K8c8R+G76zn23cTIXOANuBx61tr8RtV8OWEkEU/mOmdhOfy60+w+Nljq8UWn+JdNDI7APOGBwD/ABbAo/IfrW8KcuhlOWh5slvNEpQoQF/KvIviFr6aRYTyuodQrFieuAM4Hua+zptI8J6ykl1oF7GFdeQTxj0xwR+Nfm7+0jdPpOuHQIpAdv7wkEYwBj1/iyce1d2GjeaR51eVo3PlfW9TkvbmWXojknH+9XKSXM2/bkgEVau3YSbvwxWazDIZ+vWvpacTwqruXbXUL7zgsJY+tXp/OmOJlIY+tY8VykLh0JHrW4mrW0se2X7wqqi6oyMVbOdTtOKgubGR0xkHFb8NxDcMQeBWRf7otxjb5TShJjuYhgaMcDkdcVKuBhiOTQk2OW696ts8Dx5Yc9q1uU2whbLqXGF71LPHE7FkTB9arrFuG1e9SSxSxJ83ANRsyEX9LnjtbhEY/e9q9QtzDJ5ciPjHPArx2Jwrq+ORXY6Rq0kPzoNwHXNYYmF0Ej1Fo7BrZxfJu/wrg21Gx0zUvMtY9yR9AfSrD6nc6o++QeVH2Ud6p3UCCJwYyZSPlOOK4YKy1IZs6lqtlf2vmwLsc81v+HPFcVrbm3dd7gd+9eJedNDIwOfl61bsRLNL5sD7CpyK1dKNrsD2ue8t7jUUmlUqjHlataq1pZzrJaMWjccj0rzm7uJTBGoY7/X0qxp9zJcptlUyFP4vWuZwSC5b1TXlQm2VD65q98Or6QeJLa8kXd5UquP+2Z3VZ0rT9OumkS8iY7v4l/hr0rwS2meE5ZpprGO7Lg+W7ABgW4PPJGRxWMqiSaLOv8Rw2XiXWIdYuwcW8YjXjA4y3P8A31WA2p2+ifu4m89c9M9MDt+VZ9vHJOxtWmYCQ55ON1aUnh1JPLkRyXXk+n4Vw3/mA0IfEf21RcInlsnDA96fJJDqSsZkMm/+HoKzBplwvmSYGxeOtRS3jWMQhRDIX5J6YrMzqIrDT57ZZS42x5+U9vzrw3x3e3MGqJOgAVMA+p+te8aVe31xGyP/AMe8gOFcdD9K898T+CzreqSPPdpbYAwncgeldmDqcsrsiS1OO0PxPpVxOtnqcISJ+jgZGfevREtfD1nbPHdW8ZgnOA2Mgg981x/9h+E7bUorCXer8KxY8dPWqvim6OkxNpcDb7faCjA5xXZVipyXK7FS2Ga14M0tGM9jOIoyu4DOQB6VymhShLoIMk7tqsPX1rFg1J5h5M7nBGM5rvPBmn2OoyNtkKSxnIHXNdnK4R1dyoHp/wBk1Z7dVhdWwuRk85rxjxRdXWo3ws3TM0JKN25HWvatQuZdH015FyWA4Pv2rqvhV8NNC1bw/q3jzxggeNS7xGQHjYu4t6EE8YI7VlhpXbL0Nb4afETRfBHw2l0VZETUGDsYmHLK/wAo6+gr548WWiaju1fTlVN7EuAOpJ5wOa6+z8PxeI729uYm+x2xkbYoX7qE5AXtjFMXwTqERkjiuY3jUHaGOGbHsMiuiWLtpfYjmPFn0+4kG7BDddvSqUjTRAR5KheCPWvemW20zbBe26kyDBIG4ivJtTFvfag6W0ZCIc88V10MXz9C1MueCvGd34K1CTU9PTfO8bxqT/DuIOR+VX9P+IfibT9VbWrG+khvZH3tIrGNsnqBjHX3z71l3mkbLFbiCN1PYdmrnUsbyaMyxwswBOdoJ5Fbe5PY35l1P008B/tS+K/C/gaz1HxNIusW0jlAJz+8Cjgc5HHHfNe+eDP2gfhZ8RA8VpKdHvUXc0TYVTyBw2cHk9OK/FAahfeQLQ3D+WvRdxx+WcV6J8HNcttJ+IOkXGoyP5CTjceoJbhQfbdj+tKpRajoQ6UHrY/azxX4O0LxDo6X8lrC5Y+YlxABHJk5zuGBuz+NeTav8ILqTT0v9BlS5T+KNm2T4OegwEIHtzXw94j/AGlPF+hePLlvDV7JFp8beSYNwKOFOCccjnrnHevrj4VftOaX4h0iWx8Z2aW32FN/2uHkOSSQuzHBC5OQccdK5Y1WviVjOVBM4u+i1zw7L9kiM9pOh2gjdGcZ/CoVjQzkXkzSzSfOd3XJ5NfYfhrxH8PviDpzQ+HdTs9WilXElrdbS2R/snnPofxzXO+I/hVol3IJ9OaTS51XCow325YdMH7y+/XHYdq65Yio6XInocfJZ3PjzWJmifZF822sxb14dsm07q9V8RfC7xdo81xfNZm4sw7ZlhPmKBn2+YfiBXAtpExDOclRgZx0ryJUn9pHUpIyRNK8qyJlC5HA75NfS11rviL4XaLoraXfSpd3SCWeFyTGAy5wY84z/Dk5yQTXl3w38Jzar4ghgu0DW9u3nt6lIznGPc4H41s+NdefWvEF26MrQQsYIsHIKISMg99xyfx70r26jqJdD6K8G/FJfG+lXV7q9qto2nKGllUkh9q5OFxkcc4rd8L6N4e1Ozu7nRdRg1U3sjzSI5STBk5wydR+IzXzhrbDwv4ITRLJit3rBEjEcfuyoJzjt90Y9zXl1lPr2lMlxZTNbzIwYNG7A5XoeK6FinFWZnydz651z4VaFOWuFhbTZ2JJa3AaJie5Vhx+BA9q9M0rWr3wD4PitvCyyx39nGV8y3HmpKD97cpOctxkYPP4Y8A8HfE/xLdxwaTrt2rxnH+kyAl0GcjLE4/MV6z4I1SDxtq1/o1pNFcfYY2k+1I/l7l3YUN2BP8A+sdTSjiac3yvQ+iwNKtSh7amj5q1jV/E/iLQdWtB5UM148k8yTARhySWZVJHyk9OcAeo6jynwt4S8P8AiDS5J31FrC/jc7lKqY9vbGccn/e/OvuO/wBA8P8AieC7tLiKO/KOUkKkJOp5GCy/ng8H0NePar8Go7aWZ/Dd2UXj9zdHY34OowfxAp1cM5LucM8deb6HW+G/hf8AFPwd4DttVudP/tXw1fp5qLA3mt+9A5eMAkdOwI6+lfTn/C1Phfp/wVuvB7+VYalZ6biS2nh8uZZgmVYBgCWyM5GfavFLr4k+JPD3hnTNHtrmexawjSMBgPLyoALKWyCMjgivIPjDqWheIdRsdb8QopnuoEgmaHCk7M5l47gN7jA9OK4Fhor7J3fXZtJNmR8Zv2nZ/ih8NtH8APZBLfTQivO42u/lqEUABj1A5/lXwzqIe38ySJ/L9BX01L8J1ktl1Dw/dLrFnJ8/lcCQL1AGOCcdsA9sV5x4s0fQNN0+TTH0ue21MMCSwkBQZBAKk9CDxkVLpTZxTq8zueb6RqbZFpKu7zQRn3Neeawssk1xZIPusRmupuFjs3QLuwen4Vz2oA24a8jOdx5z6104aLR0RZ5LdXNxYzNFLlXHr6e1d/4XmuJrCRnbcH6Z64rPu2t71gL6IMV6Z610Wg3elWG1LoFIz6dcVrVR6FBli31KfTEbyCwLdSO/1rd0vxhq8DpcMVmAOQJFyOPoRVAWME92JbSXz7V2+jAdwRXc2XhDQ761kSK8aKU5CA9iPX1/A151TRnpRR1GmeKdR1FVS0UrM65/dZ4r0XQdN1fcJNUZgCuecnOenJrD8G+HrXw1AGuJUknYBi2Pmb29q6jUvEdzq+oxafpsJAXg47151aZ62Eiupq6fpBkvXu5JCUjyF9ea9J0LS+fM3EIeeaNI0aSy09J73754P41qi9jt8KgwOa8euj3qMv5TolWNFCL0FQTyxqpUDrVFLoypvWrCRrICzN92vMnI9iitCGBMElfvf0rQRGU8MMH0rC1GRlhk8jIOO1L4dd3t8ysSQe9YVdjv9mtztLZDGF71vWqlwA3ArBt97MvPFdPBtVA2awLjYrSxkSArzik+07X2EY9qlLjzN4qjK+6bzO9T1N4x7GtDd4Gwg9asQo0swZeNtZi7mAcVpQyOnPtUM7Ka0NYNbLExlb5xWPOVfJQ9KerecPcmm/LDvVsZpMIRszNgQGRmrSiikZtxOKpwlA/PAreWNGw0ZyDWaRcnYRASQgPNakSNnJ7VQVCkhyMVsWI847TVCjGxateXPODV2YE4jHzGqDOLabkbhV2KUOxfpWkZBJX1ImgWQBD8tO8iKAYRskUlyzKoZeapKwc7W6mpnI6KeiubtvK4XccVnt9pv5TEi7mJwMVoW2mSXUeI3xjrVRobjS5vMiYhgcipNKb+8rmGWym8u5Uow9elWhdiXISnXdy16ge6O4/rVS32BvL27a0NV/e3LdsgEhd+QavJGjSjAzQURU/d4JNPtSIQSwyaTJT1HLblpSqjArZhUooTPNVYJCzEqOTW1Z6dPIwkYdagyq1LEUcQZuegq20s8f7tCdhqWWB4SeOBT7e3eZTvO09q0jLoc3MmriG2mnC89etOutOktZVwchhxite2ttifvX21YjuLeMsrfOe3eumNNbsx9s0/d1MttJnuoQMY9axbjwplvMVsn0rqZ727jXMHC1nrdXDqWfNaOMXoa0atbdPQksrNYbcROeVFUrpGD+WPwq158oTIzT7ZGuWLSHJp2srIack3NnTaQ6JZBX+8a2JY4Zrcqo5FYESpDEI/4s0ye9a3O0NjPWuqlUsrHgVcO5z5okkllsYMDwarJbxvdr3q3ZstzkFj0qEtHDdKN2KppWubxlJNxe50qWJYL2HWtjzfJtwkY56Vm/ayIAFOeKLa4Mg2yduldlNq2h8/VjOXxdDpYHiMI80jkVlzWbyzk5+Q9qhRTdyBI22kGtxITHlpjnaKp2ep5kr03dPUq2+nRwo7feyOlZEVxFHeBCPumtWa4kLkKeCK5+1smbUWZm5NB04fVSlUZ3sM0eRKBwavXSx/ZxMDzisDTHQXLW8p+UdKXUNWjs2aAjI7VrzHiVMNJ1VGJm3E8pfAOKyr37QkYlXJq7HKtypccEmuzsPsXkLDOob1rG1z0q2J9gk1G559bXEioHl4JHSsidleR2x1ra8U39rbXxhtV+WuWa7AQu3WsJu2h72ApucFVta5LgKpcjG2prcb1O4/K1VxPG6HNV3u0SPyR1PeobTPR9nKWljcsnWMMinIGaddPmIlG4rlI7yQOyocD1q7DeIImRzzSjUWwqmBalzGzbTPIhjzwKl07XIrGWWCcZLcKa5+3vQjnHGKrpmWcu3FawlpoTLARkpRnsdYlw0ztk53dKia6mtxmLqDVaxcIcE81M/zls8GpdzjdGMZWtoaFley35JkGCOtak9sk1sSRk1x2mSkytHG3eupimMLhZDkZzV06iehx4yg4y9wyGgjt54olX5mIq3q37ieNlHCgfnT9QkVpBND1HSqVxL5yKJT94jJ9KXPZF0+aTjJnS6ddNJbtKB2rKbVthdmHQ5xQ1/FBEI4D8o4qJbCWaAyleHzR7Vs5I0YRk5zVkyBPGpuXaBo+BwB3JpsVk0z+a6kFuSKi0PQIY9YSS5G1FOc9uK9cubXT5Q0sWOR2q4QctWZY/MKGHmoYeOj3Z57olsV1EK7FUPrXrttBD5GOorz37PmUiIDjoa67Trr7LbqtwfzrqwSUZNnzmdSlVtKO/Ygvv3i7IR90mseynuYFcgbTyK2p7yFZC8Y+U1S1K8tXtgbdcP3roqtXuc+H5rKDjuZ9wGulLNxXGXcbeaIs8CtW1ub6Z3C/cFVr+1uSplReveuCouY+mwkPZy5WzT0mWKG3ZywbZ2rn7i/M0zEjCEmqkIkELAEhs8ioJJfLjwRzWLhZHo0cHH2jk9bl9UITzEbk9Kry2c1xExnYrjpVu3EckKuDjFX7m4t5YUQtg1ixyqyjO0Ucy7rbxLD1NZr4muE3DcoPNb/ANmgmmzL07Gs2Sxa3d5EPyk8Vz1I3PUoVorTqUtauI0RjbLtJ7CuVSd5VKtW9deWMmYdsViv9niAKck9RXJP4j28FFRhaxn3UawuJGOd1ZtyzMm1c85rbvMSnDR/JjOaxryQFNsXBHFZVT06Ur2MG3lniuw7Z2jge9b0EiyIztgZOapR3EMSIsq8+9FzNGgDR8A1mnqdNSLk0X4LOO4vhs6Hlqs3Fj5NxugPyjnmn6ONymdT7GtK7jtPmm8zbgVpa5wTm1LlK0b3EduF6DOamtw9y4ifqx5+lY1nqkV3K1tGcqOQa0JTOi+ZbsQR3FF9CZxsZd+1tHctHAwyhx+NJZ3CSkhzkg1mTWbb2kc/MWzn1qS2jeH7oyT3rk1udUYLlNC6jdpg6Hio5iZIxF3FXHMZg3FgGA6ViNcFZN3p2q2Z2uOWY5CzDIWoJRGSSo4q/JCpCyDqeSKrS+R1JK9qgyvqYVwHP+rFUmXJG8gGr95cRxDnkdqx8NK3ynrWKjqdCLvlvH8wPHWkivBcS+W64wODTUinZdpPSpY4UI+Yc1vEmT3LixwrEdtU0+dyOmKspATkDpUcqqsvloMHvUNXOcgusRqQrHOOK5+J7oSgrzg107xRowD85qAeSG/d4p3NIVLEEErTnM4zjtWlcT2QVTbk7scqe1NjgDgmEbmPpUTW6ROs0y7lz8wHetDCo0yKOZZDgDGe1OmEap8yAk1Yu301gk1jlWYZKnsar/amnQRPgn2pWOVmYYw0gDjbjoatvGxwHPTpRIruREw+hpGj2Da7ZpAUYvMWf+8B2q88v2dxLGMg9VrOkaSObERyKv8AmplTKvWtymUZVDXDToMK/amtsIJYYx6VPdvbo4ETdakQ2/kgq2W75oOeeplHZcERcDH8VULnz7SX5DuH8WO9b1yLS52NEgikXhsdDWVqMckUJKHP0rooz1OStC5zNzBZXB/dN5frXG6zpN/FmXT7oKy8kEda68xxecpc4U8VBeWrRsYkbcrdDXoUzhqbHFap4lvdYtI4Nds2nWD/AJaoCZB+fX6E1yWtWVjaQwTbDMk5wjqpx0yQT2b2PP5GvQJYxaShpl+Ug81zyWeoWlzLcadKJY5jl4pOVPtjj+ea9GmrI8qva+hDofiC7kiGlXtusabCFklbO7HAxz+tQeKX8IHQ5oL+3i/tGMERTxSfMSeR5ignj3xUesSQXyyabFD9nkAyEY52HqcN1x74rzK7tJttw80KyiH5Wxxux169R7110jysQeTXusacZ5II/nzkD8uorzSz8NTXlzPdX0bm2ib73RDzkc1215LoNxeXeqwqbVoUyqKRhm78HNUv+Evup9NWzNmiQBhwMgvj+92r16a0PEqxNj7LHpWg6jNKDLBLGPL3DIVs46+xIz9K8s0MXdjFLe2ib0XO444HuRXvviZNH1TwUJtCn+zyQIq3Fm4IaNumQ/3WB68fz4Hi3hu11KC7kXT5RGpyGdhuT2HQ10pWOaU76HV6Trtzc2rNcIuwDBXPGD6VzPixl1LwcTpk+/ymZwufnGDyBUmp6VrVvB5mnJ5d1Ed5jP3ZPUBuhrm7K8t7i1mCWz2txExEsRXkE+nrSmyaR5vaSw6hMl6TiaH5X7buO9UdTihW7ZgAzBcgir2n22HuJ36YKHtyK5K6kuLWWTzCQASOPSro/EzGqa6zh3VkfyzjnPU16V4RdEaO4+6Y88j+L615VpmoWciM8kAlBGBjOQa9q8N6TCLUXN2Xjt8Ats+/z6UsVPljYzoXueqaVaNf6H/oq75Xd2Iz2z0+nFUPE+jWT3iwu6iaSFN20dcZGfrV2S9i0dYrawxb2c0SMjZ+ds8/N+Vc7rAuJ/EUp8wnaqD5uwwDxXkSqTUeU5cdKxzUnhexeOSO5y6r0Pesu38MW0M/7suobuegrronmMx8zDDsDWoSg2xyDhuvtXOsTNHlHN6P4Ahz9tc+cFJIUVT1TwpE11ujh8xycHjkV6hBe2MMJgs2GUHUnnNVY7pbdjOx3M36VLxUrmNQ8Tntb7SLopJAfl9RzivbPBPiucwvbvCIsAKCOtGq2Ca1Es2394vBI71l32mpZW5MB2llwSDzmtfrCmtTCJgeMNVvxfNELgkg5BX1rLk1md4IVCtI+BnPrXPpBqEd5J5xMqE5G6u90yK3MSmdA2eBXT7OKRQ24vrVYYpYR94YYDs1XPDmoefcTRSqNsi7VJ7Gs/UxFCBDGnyscj14pNJtZZG88KdobHHYetQ0rCPSfCngvT9U1WaC9kXG35Rzkmuv1b4c6Otm1jZxqZXYjcPbvmuGtfE+l6Vdw3MErG4QYbuATxXf2HjSzW0+33Y3GPJB6dq5J86+Eho+V/G1lrHhR305jyjNg5xla800XRr3xXPNaeb++iG/nJ6nGK7D4r+LIdW1qd4IiVkbqx7nOcVxvgzVJdG1gagrYDqUwT3ODXvYeFqfM9xnRad4Ru9InOV3lmGewweuK+2fD2raZb6VJBFGDLwWbblgQMDNfJrapfXbSSbWeNfmyq54OOtbHhrUNbvdSWO3maNWdI8nsWIxkVxYq8kJn0DrEN5Ptu9P3ZbJYrxyfU1y2oeHvEWs2psLq62QMPp+deqaXpus29rJpy3CyLwQSOxqtLZXtq+bhgz5wMV4XPqI870Xw/aeFkk+2y/MFyG7H0rgtTuodc182djP+8mYJjOBk9a9r8RadbLEkmoviNh0zmvKtF8Dx3epS6zp7SAWsuU44PPSuui7q7AzY/h7quj6uJix2y8ALyDXtyeF9YtLBMuCGjA2k8g1q6JLNDaSNqsYJDMVY8H8K5TxX48v9HeJrdCsUvY/MRisZVOZ2A9KtraCw8MwQ+XunibLMvJ5PrVDQNXs7q5msXIWR1YgnHOO1eEaZ8Y75GexaA3YkfKkjAH4CuZuPGF62o3N5DCYiCckcbQfSuulh3KJfsbnvereB7m8V7q1mCW+4g5HGfUVjeda+EbeKO4k3OT0zknnk4ry+++L2qWHh1NK0y4f7QWZmwA2M9st0rxy98TarcXJuryRmcjk7iefxrangnLSQexsfZJ8S6dYWf8AaV3NGhIOz5uSK8n07xXDqHiBppyPs4JckN2618/JrV5rk8en3rnan+rTtmu+t/D81jpY1VpAC/BGcY7VccLFAonud3rVtrWiPbtIzojs4HoQMA18f69r13f6u0w3b/uHPXCnbn8q9lsvECabpzwPKMYJwO5PavCrq5W5vZZc53sfoOeldeFoasqxcfxNcXM7G8Z9yrtBz0AqLTZzc6il6zHCMDk98Vlapbx2kyLGwcsgzjvmpLCK4DMBwG7eldvso2I1PdtY8c3GqJDFbr5IVQrBehx3rc0HUZ2RY2dWkxk5OMivE7+9ktEVUUBUA+tC+J2g2TRKS4Ugjpya46uGvsFj3PVZYoVS6m+ZuA3PP516z4W8Q6beRxQiIiRsAN2Jx0Ir4xTxBcPZtFMPMJkz16D0xXWeHtYvtPuUeLMYXDgr7e9cdTBtxJitT6d8U6DKyTfYxsReSBXkRhks7KfzAXk9cdT9a2bL4lahdqVugsvmcDI/ef4VCLmWZ3W4Q4B4VlwefWsIp01ZiqrU7/4K67CttqFtOD5ofzR6kYAx+lcd8VviRrGpzxWm7yYEZiu375Vj3P4VW00arpc1zLp+IUfj5R2zWNrGkwzwwSzHfJjPI9c9aypRiqnMwW5yGm/aru+twsRcucg5/nXePcEzGCRfLZV5HSpdFtRZNCypghgeR2NYPxIstV07V11OwkLQXSKduOA3NdakpTsaRJtFR/7YW4mbfCAfvdMj0rbtltLnVmScBIlJJz3BqleLAmiW94reXMoUsFGOSOeK8jvtTuvtsrW87Hdjgk13vDL2e5zns3ii20hRm0VFcr8xUjPsa+b5X1CO7kgTLAkgnHHXivUPCljJNFcPqE5+fpu6AfjXbR2GgXFiWMaS+WDkg/1FcMHyXTKUu5//0PkzxLqqaRpkeiwcLL3Hb2rwjWPFjWt4tqkm3HWut8Wa4JRc3igOtvnb7+lfOGqXclzcNLI3ztk5HbNZQpnNBnr1v4nguG+eT5ga6y116EYY3BX2PIr5khupbcg54zzXX2d5OFDKpbPoc0nSOjnsfU1hcRtCsizKQ3PB5rpDexPCrLywGOtfMFtrMwWNtxQjt0rrrHxTcRoELBlb14rCVItTPZZdVmh5cnbjgVlaz4pltbYXkjEbBtUCuVGss0alnO706159411syxQ20LsJEOW9KUcMglVOA1a/m1C8nuZSW852JJOTyfWsJwwO3nA/WtA+hqHyXLk9RxXqxjZWOKTu7lbKE7Rnrke1dRo8DBvkb5m55rGtUR5tjjG09u9eqaVp1hPbgxuBIO/fFTOY4xuy3pyXYKCFyXHf0/CvVdEvbpFi87DsDjBrj9LjSBsBdwHT1rr7S/tQBFLH3yW749q8uvI64aHqthdQtCSE2seuO1dtBPGun+cWIHTPpXg51+O0DC23MTwARwalj8RX2wJKxZGGduflFeVUo3N5HpEk6tKQzFixz061tRRi2tTcFcSHtXCaDdm7lj84bSTxznNekatgLFswcKMgGuapTsbwY+yupWBQDOea6/TY4LiEJJEc5xXIaNfQ286iYcda9Cj1SyEW6HAPT8awOuOxiX9lDFI3ln5FHT0rm9QVnVREBgdfeumup0lLc/f61j7VZtrdqCmW/DtpM86sVG09cdqv67q13DN5VudoQ49avafttoWYEMegqjcWr3LFkAG7vVc5CiP0zxi9ooM43g16To3izTbg/vUEZb3rxPUdHuogPLjJ/lVC0iu0uEiKlSOQRzSQ0fXNpBp2oL50EgPQ8nGKqauk11aSWFuCwIxkcnivLLO9vtG0OfUATuIKqDxz261V0HxnfW5MszCRmGSG5IJ61jisLGorTPRy7Oa2Gk1TZj3Xge8tr+a5aMqsxODjJzWF/ZAs7lTKoDZ6jp1719KaRrUd9YCaeNGIJ4NeW+JRBNeuLcAKTnA7elKnUdP3YjxWLniG51Gcm9pDcx7T0HXFZsnhPTJlaRPkbu3et/7HMse6NTjOPxq99nlhhYsmeMZ962VW556geTXWg3lpMwsDhayLi7urceXcg5FeyYTbl1wa53UdIW53MIwa6LgcLbXcIw0Zwc16NoeuS21tsjfv3rmYPCrAiUNgZ6VXu7We2YxBTgdxUySZCZ6xY63cfaozO+Fz2rV1vxItxMlkGPyivGLS5vbSNrgPuRB0PWuefxlIt2zFN0gPU1MKYpzO91TRZbomTcST0zWEnhm5UlySVWtGLx9aXciQSxLET1xXotndafJZo4BINdqhoc3M2eRyzX+jxyXKPtjiUscnoAMmvgf4m+Jn8VeJbq8dsqjbck84HAH0XoPYV9ufHjVbPR/Cs66c37+c4QdDjpkj0BOc47V+bWoyyzSNIfl3MSa3wdH3mzkxkrKxk3hJkO08dqyJN5Bz1q9KSDhz9Krt2Ne6eMtykHfG3oKeCSMjiluCoQkiqv2gcYHFI6EWTLJHhgxA9BUxvhJGY39OtUizMBxVeUcgqtWrGfKSSuFYYOQRVlHYx7SetZLNwKnimJYqeaTQ7GgkrpJlTnFXvtjyIVm5PvVGGSAcAZY1F5TqxfHHvUsSgPdxuz78VpaTcSM5iTJBPTFYzZX5e9WrK+ksp0nj4wcmk1dDlDQ9Tg0qaaJNhII5wK6Kxvrmxhkt5bYTg9yOleaaZ4ovYtTF0x3Rn+EV1q+LUuXfy02g9Qa4KsJrY5WrGFrV5ZzGSNIAjv1I7VT0azjzuiJZzT9Vig3mdX3bz09Ca2vBt3aW9y8VwoLpyue5rVP3QO506108JHbajDtduQT6mu2sfCkKusZxHEBkn1BrgtevLC6ZLhJcNx8o7EVu6b4reeOOAHJXCkn0FeXiYzCx3J0nTrEExBQvt3q9qb2k1hFb20PlsvqMVzJuHLFl/eZ6YGalj1OVZSlwd31H3a4ORlmhpv2Q3HlX6sVZeMDp9KvnVrewuBGpLhTkA9ce9W9GvrN7NvtESmXnk9fwrm4tJvZb4tMoEMjE7geQtNU2Fhy+L7a5uJrZovLYn8KXVNdtLa2TyIxJKR1xxWJrGm2cFy32blR1bFczcwTRPHNuzE3bNbrDoDsIrm4vE8+PKBPmKjjFLZPa6vcl58F0+UZ4NZy61HbQtKyrHtXGB3rkbPUbmW5lKqYWY7lx1571UaV9ETJHd6h4T0ppDNKArufv55/KuT17w9ocsK2+4gHKq2cnNclqeua9BK6yzNIuT17AVjJqGoajceTHyD0Gehrop4aS15gcdCk3hZrfUEsVkDGUgK3bk4zXt2geGbbRoVaEKs6Ab2HJY4xmvKlt9TtJlvJsl0PXrmvUfDOvmWzl+2yZcAAA9DxWlaUmDKmrzXmu6paeG7BSZLmVEAAB+82OMkDivqTx3pkej+C9N+Gmjy7VaJWlfb/yzBOPflwSfp71538EPDkOseKrrxfeKFtNLRljLDgyuOo/3VyfxrT8X6zJdvqOvW8oRpn8qEtyQgyAQD049uprqw9Llp8zIqPQ850oJo7SafeMNsTY3L0JrH1+/VbqOaBtqx8hlPrxWfrWsLbwrbSKN7oDnOevGa5v7fDNb/Z3cY6dK4nSv7xki8LefUL9fnLbucmrEfhawgv3iMmGkOSQKsaRe2UO6Jzsfb8rVesXEV75suZt38VEqrWxokX5fDULRQhJ2ZIzyO1aN5baRDaJaw4jdhtDKMGtWGa0AKI3ytkkHoDWALmDVL8W1uNwi53AfKK51Vne7KZ5trvgsm4FzFJv3fezwTis6DwnLZz29/bysiLIjYfrxXtFxpZuAE37SOp/rWlDols0Cw3j+awxg9Dx2rtjmj+0WkfMnigGPxBcqv3SVYH/AHlB/nWgvijWrDRZtItJ9kNyPn45PGDg9cEdRnB/OvVPEmmWFhrTyQwh/OjTcG5BAGP6V5Z4ltbVjE1lAY23kFV5GD/LFehQrQqLU3joaHgbxDqdl4htHS9azBZQ0gfywB05II4wTX2Lo37Y/iXwzqJ0jUBHrOmW4EQaXhgF43ZHJGOPU8H6/Bk2lX0MIuAoZMdVPT61nE55J+tdX1b+Vle7LdH7jeAfjl8PPiJZ/wBo2k7aNOo+aORgIyeMjd0wCe+DjnGOa9B1Xwx4b8TQreNBHdI67lurLCyHd64G0/jmvw8j+Ictt4Pi8LWluImSQu0wbBcHJwQBkduc9q9A+FPxr+Inh7WrHTdI1WaOF5kxGXLJyeeGyOe/FS+ZfEjCeGT+Fn6rw+CrrRbDUU8LzR3NxeIYiJcRSqBnjb0PXHXrXz9H4P12x8Q2lnq1nLbq0gLiVCuUDDJGRg8dMV0el/tU6H/bcXhzxdpim5VUU3EGS3mHGQFOMcHPUc19K+LxEnw7XxXYzealwFiiEyjcryg4bJzgL396z5KcjF0ZxPj7x1qcN3rchRtqWkYtlxxgRk5x7ZJFebf25Mk5gPzxt0J9q+rLv4P6ZdaTBHfNcaZqZjBkmYCW3Z2GQAR93nHc8dq8i1n4HeKdKk8yCMXsJOPNhIdcYzk8gqB0+YCuWpQd7ounG71NXwv4n8O6R4WuWeJbvWZnISORSVSPACtnpjgng5Pt1rhrr+17Sxk1OwuZbVbgNGxR2TzFPLK2DyOOnStDxB4JXwp4jsLL7d9pgnijkkm27dm47XG0emCfpXp3j/XvBkmjaZ4c8O7Z4LAeYZhnOWBBXkZJJOSfoMenlzhyzPqqGLXseW+x5L4S+IXxB8FymW0l3pOw3RygurgfrXT63+0tqx1OBHsLdQAElh+ZhnOdwIKsD7cj2riNZnWGxKQsd0o6/wB1cV5lpWh2+qao0kCbYkOCfVvWupYiaWh4fJzu7Pry8+LHhTxHo0aPOtrM4Ba3n+ZEPfB4zyOoArtNd+Fnh/xVpdrOzm0kMYeGaJ/MiIdQcEZ6Z9K+QNastPs0WKBMso+cjue1dl4F+M+veD7IeH7mNZtNEm9C+fMTONyg8jnryPWuyjilJWmiq2H5UuVnYXvwt8ZeD5XvNJkeaJeTLZuxAQAnLKArDAHOQQPWqt34me60wN4mso77yxyzoCx98EHk/QV9AeC/iL4T8XQwxx3i2d7IGyjkJhs8AMTtPGPStrxH4I0nXTJ/a8EcqIpJmixHNhQerjO7A5Gcj2rXki1dHnuck7H5h+NrLTLm6m1HQo/slsSW8g/wE+mOMGvJJrlZLaaGTknp9a+pviL8OhH/AGreeGbgXGn27t8sh2y4HpwFIH1Ge1fIVvDdPy4DL7GokkloexhHczBLKGPnRg4qSVTMFcHbnoB2rWey8xNoHzVdbSkNupUhGHWsec9JUzmNNnu4NTRBKURiF5New3MOoaf5DRfvXYAgjJ5rhrKDTYbiMXOSwr6F8K6rpYRYZiMyDCswzg1xYjc9HD7I6Xwd4d1DUzHcarK1pGMcH7zep+levrL4b0FgNNj86cYyRyMeufWuItWuvLaNFMiIBjHAGO1VZdQnS5WNYs8ivHq9T18Pue8wTTX9qs7geWBkVjXEiPKFIwP61V06/upbGONBtLjJHtV+2sCJ/NuBnHOK8isj6LDxNS3UrABUybgD1qdVAj46U5gAPavNmj1qZQmgdxhTw1aWjWIi++2AKYWYhQq1raXAXciTpWMkdKbOggW36ICSa1UjC/KDgGqsESoflHQVLvaWXD/KBWJvDzLDogAx371WMUfTrmh3Vj5QPTvUqLGvXmptdnbHYaHKHywOO1RtdGMkAckVM5GQVGKh/c4y/aho6KaHJdBYy2Oe1Z8Uk08zyOSoq6vlM4RRU72zKCUGPWsZs0khkaiRT610NuiJCPmwRXPRZVc1uQJlQxqYkSVyeG4LTFSM1o2krJIQKpWqhWZgvFXohht/rTFF3Lu8vIPMHFWwEiGccGo7fy2kzLwtJNLE0oRfu5q7Fta2H3G4r8gziprOFZdvy4anSZ2gJzVqwBVwXGMVNinorGzHC8EZZeKyrmRp2+btW47Zjxjg1hzRFXI61oFLe5mBi0uMcVfdE2AKOaiNuQDNmqxu13hWPeszt3LKOUOCaV77e4hQYqwsEbMJCeKI7SF5/MU9KCLo3NFKrJmYZx0Br0bQZrK7n+zXUogLdCxHNec21vJ5mRWm0BLDnAHJrWGiODF0faJpOx1+t/Zre5MMbCVF/iFYhncANEOBTYl85wOuK11i8qMovQ1okmZU4qnFRerMrfczktnj0rT0+1wwMpqkTLEPl6d60bWZWUZ61tEurJ8tom2iW/JbkYrIub+yhBtyApzWhHOuwgDJFec6xFcS6h5hyEzSq1GldHLgaCnNqbOhe9hchY+lIL1YCXj6mqmlW0bHD84q/eWKkfux19KyVaTWh6E+SMuRjE1RWlDOcGnTXUEnzE5p2n6KLjd5hKYGas22hLKWQvgDoa3hTm0Z1KtCL06GRDqrRTMVbjpUU988rh1OcVrr4bjEz73LelaFx4SitNLS78wls8irhQmxSx2FjJd2U9O15vu3APHSrs3iO3txsHLN39Ku6XpNpNbeZIArj1qBvCSajIZYeYx1NXJTUdDzp1sLzvnVki9Y64EZXzkH0rrbq9knt1mgzjHPvXNaX4biSTyI8ue1ejnQylh5CcMBXVhoya1Pms2xOGjOLjucrpt49y7bl5XNc41/fQ61IFjJQcD05rpLMC0vjbgZc+3rU/7uO6YypjPqOa3nBytqEa0Yzfu3TRl215PFfB5M5PaqetXzz3Q2oRzj61uLcQpfrK6ZFS6kllNIrIv3eRVcmm4RqpVYy5Ohl2rSWxUMCQw4reS+AOFOWUcimxRLhZZV6DiuZjnc68x2/u+abdkZuKrOTtsVNZlieVp3GGJrm5rxPLz6dqveLpNsvmRZ2k9q437WCqq/U151WerufX5VhFKjGRtJfhXGOlW/PV5Fz/FXKyOwdWPCsavJJlwN3ArJVOh6k8ItzZnYQNwOCKhhZ3OSMCo5i7RBxyB3qvHdSDIA/Cm9DGFF8vmWJXKzZPANahuEg2P1JrAdpJXBNSySAqEbqK3jexVTDXsmdNDcFyJQMZNbEbkRl3HHWuStbjYiqTXSfaRNbgkgAcVtGemp4mMoWeiHeH4Ek1EbzhWNdDq6xwXggjbdurNsvKtFEpOSeRiqEl+kl3vkPQ5FEYWPKnTlUrc62SNe5dYIwzdqxf7QX7O4ZMljxVm9nEwCk8dq5TUppUCLHwc1NSZ2YHCqStLc7rSbCG7g85268Y966G4vDbQraoAVFcDpV/JAB5hwAP1rq9Of7VL656ZranWieTmWFkpuU9UjZ3LLAu8bWNbyQR22nGTflnFeeX93dxXZijGecV0VrqF4ln+/QsgrVTvseNi8FJwi4vd3J4bvyJAcZwa0La4OsT+UPl28V57qGpSPJiHKnNb1jNd6f5N2o4fFTCtaVjbE5daCmviex0kltJBceQzZwf0pZYMqcd6jvbqYS/bCvLgVnS6hK+G+7iuhzTujzKVKpKzK+ZrQsgGATUk+qusCQFRhjStqVu4EY5YnmsDWLpYHSQc4rmnUseph8O5yUZx1Ld0qWzK0fzb+tV5hbyqI+AzVkXGpwvHvyRWXFqMTOXBO4dK55Vbo9uhl8+W/VHYW+ksImZXxgcCsK4Dq+CM81sWU88kQZGyKz7uRHk24xg8moexlh3NVGpamTLcyqpUNtFVjft5YWRiRVa7OZ22t8tUp26KnINckqmtj6Glh4tbF6YC5Gw8CsoWgSRTJyhPWrEjNDA8m7lRWAb95NqlsAVjKx3UKb2T0OgvXgKbFXgcVybQxyyMknr2rWW6jdfLyGzVKWPyz5o96T1OijDl0Rn3McAUI4+50qubSaaFpQmUHf0qxu+0kq4wa0QWtrN4mY7T1rJxOqVRxsTaK6Cya2x949akayNyGh6gd6oI0cUa+WeDzV7TbzcCmMVCmclWDu5IyLSCKzklREyRxn0q39obaEUYB61cuY2hbfJj5zkn1pomimCwnChe4FaJjb5kU5UzCWJ5FUrBZGlJk5UetaDnA8sD5j0qmguUdtwx61FQE3sQXm37RuQfJ6VmSxF5Cy8Crhd1dkYcHoagbPK5zmsmaJ2QRPKoAY5pt86yqFIwAKstGIcMD2rNSUM7K4yKgi1tTDu0A4PIFIERod8I5FWruDMu4dOtEKpExMg4NOxrJlW0ErkjdwO1LEWSZkBJWr8Codyr39KijgkWY4XI9akyvrqSCR1O1Rg9qjmwOXyHNXPkZwCNpFVrxHYAAc+tCQmU5VlbDHOKcI4kQ4JLdaot9qE3lZ+U1chSRRvHUUkxzihUujbjKHDVMlwLkbZOPeqkm1jvZc+wp0JD/ACxjn0rYzqR0HSQpbsSDuFRKA53jjNUbwzrIAOWHUVKszqANmBSJ5UaSvNC6Sp1Q5B9xVu71Jr1/PvUDyEfMQMZwMfyqvE6GFieazmmKMgcZWkc/L3KKHbeb1GUz0NXZpUl6rt2/rVu4ubHAaKLyyKol0cl+1DJKsyBtsmzIHFMAAGUFXWllgYLGAQeeaqM7Nl5Op9K2HLYY+AMjjPWjYZ1wrZzTJELRnbyTUDyvbbCBjNXDc4qqOcvAlpKyycKDxWZb3aGTyJ2BfOV9xXS39st8Nz4z6+lee6pp9xYSNLEdzRncR32+1ejTOGexsak6LGYCu5WPI68Vzc+j3MNu17a7ngTl8clR7irces2V0AxkwOh3dfxFXxq9taENvba42sV9K9OOx5FV6nl2rapYacVkksn+3HJSQsdp9vSvOPEnizzbh7Qlba+27zH0XYR2PrXuOoW9vewvJozrcrkrJE5AZPcA14R4m8FaVq05ubnUI9Pxjc7MAzEfwivQoHkYg848M+EZvEGtwpfRvFYymXe6EBhtUkdQccgdRXNy2MT3EMc8Zitt2Mj0r34a7p2lR3d5oFn+9aNlJZjh8Dgrz8p98fUV84XDMlkqO7rM5PynPavUpO54tZ2Zq6rdW6pcWsx38fKR1IHGDirvhQm406NbLb58krARngt6YJ9a80uLhbkyhm8uQJtyP/rda7DwvcPoU1nceWt/aOAZY+hKkYOCejCtTmlG56N4kfRLe0eyl+WZsZiZiGJx1Q+3tXgM+yG/edJ/M8zCOTw2B0z6gV6jrj6V4nibUdL1EO0TEGGZgtyi9ht/iHuK8rm08XyuqTrDeIC3lS/JuC/3T61ncVOkc/4ssH0m6/0aMm3vfnVl56gZBHY5/SuMbT472N5nf7n3l9q9U8UxajaWGmXkYLwShkkZuhdQDgfka84t7lJbwDyvKSQ7G2Z5GeauEzKtAqaOILOYRWsSlUb5yBz9a940OGQaLJqVwNtmzYySB06VwNhp2g6Zcq1+W8liNw7+3B7Zrq/FWqWjRWek2cwiRcOIl4XJ6ZA9qyrVOZq4orlidEbv7ZrFpDP88OYkAbsCam1aWOPVJJIMMnAOPbisNpIJbqJ4SXEahvxAxUDXLSoZGwpHH1rmmlc8evO7ZsvqEb7EEagg9vU0ycTMhkAwCeP8iqWiyaJateXfiIOVWJvISI/elPTdXDzeLXmw0Wdufu+noBipjh7nCdzG0cIaR2OeKnku1uCq28g6+tcnBe+daSX118qHt6GuTtNZSS/Bib7pOM9Kp4PQxmj6M0y6NnB5V0QzMcgj0rC8SXG0b0CjnjBqPT9G1nUbGO8jySRnAGcir58JT3cH+kOykA8AZJrhk1F2MIo4eSCaZ0eFQS45yeKnkm+wxASg7mBxjpmum1bR1hgiFm21lTacHncO9SaVoaXUDSaooZo1IX/GumNZS0KPLo9c/tO8WDdv2HA9vavRbbVv7ItJNqLlxgZ7GvOI9FlsNQnkVURUY/d9PWvUPB1vomp2V7LrM6qIjwrHsO9dNZJRCx4tc6hqFzcSyuN5Un7o98jius8HPqfiS/OkSMY1PfHQGsySaxbVp30ws0W7qehIyM4r1TwJoE11dpewyCONgWL4w1E5qMQOZ134GXP2u2Z5WMLsWL7cce4zXmvjDwJP4XvQWkDx/eG0jGBX1hq/j/8Asvfa3YE8kC7RkDnggV47HpWs/ECZLyQx/u3KEHrjrwKmlWlH3nsBV+Fs7S6RcWE8OTPMxQnjgKuKqavZanp+oyrBGQC4che5r3+w8G2elomm2sqxvGPlAHQkgUviDSl8PAX8+15dvUrnOMVyyxPPIzZneEfFOvI8d9qKu5A24cYDY61S17xLrd9c7bcsfMchVUZ6noK6DQvE+japbb7xtssXYDgj0rqIFsIhDqFpEphDbgSOBzXnyvz7CPLNbtvEdrprTavbSiOIDkjpnpmtDwh4s+wQ/ZhDgb8/XPWvVPEniSHUIbmxkC+UYgVLcZyOK+edC1CytLq8mu8gxLleM5NdcYOWwHul9qkEvyBfl4Prj3rn7zT9M1u5t7e5U+WvXjGSa8y0LXNZ168ljtMyKmNwx8oGa7pHvYIlmdAWRs5B5wPWsZw5GB2x+G/gbw/btfWsH7/sRztJ+ua8c8R+D9RvJXuNLhKwTHBK46/jXumn67Ya9ZSQtgMhAPzZycVo6/a22jaAxRhuYAoByPzpwrzT0NfaNHyvZ/Cu9FvI0reZM2Sw9PTJ9a57xB8NdY0jSF1C7RliYlRnGM9uK+rfh+j6nfTvIytgAhSepPQ4NdX4n8Nx6vp72upuBEjg4PPSto4+cXqHtWz83rG3TSdWFzJEzKABgDOGPcn0rV8R+JLmfOmwEhMLx2Oe2PWvtPUvh94S1SGC2tbcRBiFDp2NfO/j7wDHoviRBDEpRUUsc4HBxxXXh8bGQe2LPw9+FN/4w8M3dzeTi1lfiMEFjjAO48jg1T1D4Aahp7DyLn7ZIw3ZQ7V68jBAOfrx717j4J1vTrDSYhC5UKNrKo7gY/Hiur/t6SRkZYw6ep96zjjpK5DmfFE/wX8WXF2xkUxkZIyQFwvpWHceFr3Rw5dckdccnNfavizxlp8PkWZGJtvIUDjtXi9toNxr2syQbj9ncdSORjk9K6qOLnbUSPmHUdSubu4WDyyrJxyD1z71teHtEuLvURFcIdq4YjHv7mvRL/4d6svipbaOEyQRyAlgMqQh59a9mutZ8PaRHGjaVbl2H3wgDE/ka1xGKbXuAc5cfDzSLnSo7jTrHMxjDZVep7+1eRa5K1irQeX5exdpGOeK+p0+J9lpnh77HbQqZ0J2hR8u09BXyh4oub/UbmS8lVQJ2LHbxwfT6VhhKk38RcVqdZ4Pm06G3tLnVIQQZFOcZIArofG/ii0XWnGnSDywE+bqSfb6VmW0+nT+CNNiCKbuLIkJ4YEVyk1pZvGZrgeZIxO3HatJQvKzCotT2Gx1yDUbWM9SeDtPtU2qRLHpxvWTCBsLk81wvguS3tBc7l/1qgL9etdHr2qGWzgtWYCFTuYDrn3rknQTnZGSWrNCw161urRkHDQjOa43U/Fkes+TbzHmFzg5544FIk2kxo6r94g9eOMYryeWRm1ryoc4L7QMc9auFJK7NYnpvji7itore3hkYNOmTg8AVwlg1qtzG04BCnnJ5q54yuZTHZxsM71Ce4x9KxE0/FoGQEyYxk9a76VpRvcHSPbLa0i1CyZrIjjsPQiuQiuYvDyzQzklZGJw3StTwNqklsiwzp5pOB0w2a6LUfC8OuXPmPGQp6D05rxZycZtSMeQ/9H8nvEOpXUI+zsxKvz9TXn9xI7EL0J7+9aV1czSPskYtj1NY7uxbdjPbiixyPcVV4wzZzW3p97cWaM0fT0NYKqpJ3DB6itNSpUEcY4rZAdpba/Zuq/aYQW9amae1nIEL7cciuHUog2/e3VNEXVwFJxT9mh8x6Za388EIG7jGM1zF65mujIefSoUnfbtzle1KNpI5yO9P2Rm5NFXbuBz96lRdjbjyMUHHmHHH+FPbHGOlaqmjJ1GdDoUMMlyS6DJFeh20FtCwaPHIry6xvEtpQ8nrXTxavbTDIfAB6Vz1oHTF2O7V4gQGI/Kr73UKQAlvxFecSatIwzAeF4PFJ/bifdPyFfSuF02zZ1jt/tEjqTDNjJrasNYkBSGdFOzv3NeZQ69bD75BHYdDW7YXtpeTA+YEI5GeKwlQCM+59JeGrrShH9snTZjp9avw6isly4ZhtY5GPSvJI59QTTAIZg+/opp2nS615wIjYA9wMiuaph9DqpTaPoVbaN4VbHXvVd7mS2wsTZGckVxula/e26GKcdPXmt19UtbiMsCysRjp3ry5UGmdfttDpLe7knmLs2V9MVoCVN4V88965yzu4YoOMZOOTWrHPEVJDDj3rJqx0U56HQieM4VDnC5we1bujwy3E5XqhxgCuQtUEz4Vjvbpz2r2DwPos6ESzElQepHFJRLnJKI7VrGC0t40k+8w6Hqah0zSbaV42ZRgnIxTvHfmtqKRwNlIxhsc1R0S5lsAZd24IOAelaxVjOm7ov+OliWKCwtXwqn5hXm5sSsgEYx9K6e91gX87tOmSD1qK3QPMWEgXA4BqJbglqbVnqH2LTRb9Wx1NZ8IjkR7iY/MDnmoZZwGEMwGT3FLcH9yIl/i9KwqUtToUtDY0yOOZMbsrnvXcWlppt5A0BXcR1Necw7oYQsZ5Irp9CeSNHkIP1FZQ0FN6Grc+B7SdGNpJhq5e88K6jYqxzvXHQV1Gla48180Ab5R0zW1danEH8mXGK64yMEtTxmPKAI46H8qT+z1vm3ABl/pXX6ha21wQIgCM9utUrmFbG3EgbBWojKxrO3Q8+8Q6fFb2/kRfL3Irh18OabdRNJnEjdcV22u3Mk1vLdYzjivME1iaOTyk+TP8q6qMrnJNO5HD4B1W+uBFZyA8456hfUZ4r6s8EfCC9sdKQ6nqJLbMgKAVyfXJzkd68T0vWL22iMtp8zBee+a2z8bNY0qzjt7gkeWMblwTj0OR0Havn89xdRWjQZ+k8D5PQqNyxEbnzt+1BpmtaJfwpLh7KUbVKncGO1j7ehr4Qvvlds/wAVfdPxp8cjxlbx6bIQ4hcTDHX7u3qT15NfIGv6RCWxbnB6kV7fDVaq6K9rufN+IWBw9HE2w+x55cYYrx04qkwycCtm5s5IkPGe1Yjq+7B4NfWQZ+cCtB5kZVeoOaovE8LKrCryymJtynoaq3M3mN83JrVERuXleAJkjmqVwY5EDRrgComcMoGOlQk44zxVWNIQ6kbBV5NMyokGO4ofaV5pigFgwpm5ZyQP8K0IgZAFHWszO0gj1rRtHQsTnrSZjVQ25Ro3GPmArPl3E70PPpWxcRBhlOSfSsw7lyCMGoFTJbaWVOvX0rqdFt5L64Dj5VXqT3ri38xAWj/E1v6Zqptodh+VvapnFtaClSPfbPwp4euLT7x8xxyw6VyDeHbW3vykUvypnBJ4rn/DfiqdblbaVvkz1Neh+Kp7NLOCa0CgvjJHWvNkpRkYtHnd8yF28skjOK2tBkUMTGvHc+lczcSF9qRDIJz+lbeki6jtzaQRuZJzgY9TW3Q2O3tPGH2O7FvuPlk4yBnntW7rZlubBNTspShDfMOhHvXIW+n2OgIt3rTg3A5VM5+gqn4m1oXFnHJaXAUP1QdvauaWGV00Zm9Y+O4rOQfak81lGN9bq+M02gWZ3xtyR6ZrwN5XlgMLHDDqR3rWsdelsbdbUwDd2JrT6qg0PYLzWWltHl80Yzyp61U0sxahcBp2zEo6CvJ5/FM06rDLEqHuwrQtfENxp1uxiGRIORS+qvoO59ByeH9MvofLsiPM25BPTNeUeINN1Wxv2k3NEIlxlfu4qx4a+JFiR9nuojGVB5z3rY1Xxtp9rqG8EXNrcIFdH5xmsJU5ReiIqM8T1e8u7a7L3D+YpAPPIwaw4NRuYrpZbdiuG3cdK7LxPJoeoXLS6e+FVTlR0rz8qw5XO0dq9SjG61Li9LHpM/jSe9gEDRrGQMcdDVOwvr2S8jVCSWIAHY5NcOiuRn7tfQ/wL8NP4r8WWMU0ZWDTibiVvTZgoPxbHFDoK+hElY+udL0lfBfwssdI2tHdans8xsYYvONzZHQfIu3HtXgXxChBaKK3mzFApGB13555/KvSvir4mI1G7uNwNno8TQRgngz5IJI46thevIXNfIsviq7uHaO5kLfMWIHTmtK38pFifUdUjaMW8nDL3NZ1jf8A2VmUhZA/rWBf3TXkzSHpWc0pt3UHv0rFU9LDsewWUUhKXLRZQngfyrommM1mTBEfOQ8KP1qn4Uu47/S0ieQbkO0j+Vb1p5VjI0yHzIm4J9D3ryaq1JZFZNdXFqiTIyLOSpLDHNavhewn0y6uUulG1R8vOQQa6KC9025SONQGGeFHQGsfV5LnTLXej4kZuQem2sVUvoaqKNq8lS13zr0K8D1rzC5+IEsUq2k8W1gxw1UJvFUlxfrb/fjX0PesU6Hca3qgUIwhJyZMcCtadBR1Yci7nowv31G+tNQEYKMgB79OvWo00mzk1OWa5RRFKCfxp72UGk6bDGlxvMT4PrhqcyuIRdJtAzxu/WlzW+EfOeR6w72GogElI5GOQOm3NUYtNt5rk+WGkhl4UhTgGvbPE1jYeJtEWBY0huLbDRsMDB6MOnRv54NefMsmgwrbY/ey8e2f616lHGy5dSOe5wmqaLe6cw3REo3Q1nwvfWUsdxCzwSKQyOh2lSpyCCOcg17Vp17fw2/nanbrJAy7RuHSvO7y21eSSZ47fNvuO0KpbAJ44GTXXTxPN8QczOg+FVzeX3xH0h3DXlw91Ef3jFmdt45JJ+pr9Pf2x/iLceB/AXhXwlYSmG5lf7Q/lNsf5VI4YcjDHnHWvi/9j/wja6t8Tl1PUsodHUXQUjAbbkYJOMetQ/tceMLvxb8UZWcp9l0tRawheeQAWz75/KqlGN7otVG0onuvw+/aQ8Y+DPB1rquu3H9r2UrBY4ZzvfYeT85yc8MMdMe9fTPgT9of4VePJnhSSXQL042Kw+WTd3AGVwCec81+KV1qmotZDTpJ5PspJIi3HaCcZwO2cc+tegfCrxvpvgzVp9X1SFp5I4mFsF42yHHU9gRkE8/So5akTadNH7bap4P8P+LLBrxoINRTBIuLYqk+efTr+v0rw7WPg1cLbPNpNyJHBJ+zzAxSkZ4AJ+Un67a/Nzw5+0B488M6/LrGn6rMPOleV4y7+UWc5Pyg8fh6V97eBf2trPV/Da6l8RdMRAziJLhAo5HUjcdxz1G3vkduZnTUtZKxmqbWx5n4u0LX9Jl+x3lnLbM/AMileOmQecj36VyomOj2m1CFfrkV+gXh/XPh58SbAP4Z1q11EMoL2d2FfaT/ALJGQBnhsHPY1594v+COh6pAUt420qdweQpktjgfL0+Zecc5zjtWMsKre6wp4jleqPknS9Ue4ty92oV2fGT6DnP41j+KrSG5hQRNjY2Tg/L+nWvRNY+G/iHw/cfZ9SiElmmNstv86EZwCe6596858TW15ZymK3Q+VMMr/fI7g9hXM6EuY6lPnDQrmXTbUtbviRxguScj8sV3WjfELXNPCw2928sPVonkcxOfcZrzaxe6l0w2BhO7PzMFJbn1NaWl6YXjkRxtECb/AM/wrS5PuHS6n8RjdWmo2F55Sm5RlBA+VSQcFeegPrmvkz7VDB5wRgVViAc46e1et6taI7PEo5FfPt3uW6uWQ5QO+PoCa2i9DfCrUlGr3K3YiH3WOAa62FZ3ALtgmuDso2urhZE5OeBXqFvaCONTOeoFYTR61Mzv7He+uotkgXJBbNeu2OkxwxNAx2yxqCvYGvOhFbvcJ8xVVwOK9kt5NLvYIGuZHWSNQuF4yBXHW2PQw+5reE9d1pb1bSOPdCvDFs4xX05oMGkmGOcwI07jJKgZzXztpVvaoy3NuGWMdSx5r1Lw3qySjbbSFuce1eTXZ7VKGp6JI9ks5jC7XJwMVfaDagXrxXGX14lswlU7pu3tV2w1iW6kIJyxwD715NU9/DLQ6qFAF25z7VZkQIVLcCqlvEd4c8e1aEsX2kgZ24rhkenTGwoZG+QZPNa1khyQ3BFU7SB7ZGPXnrVm3Yu+a5mdlJ6WNyOYR8dxUy7pWLAY4rI8w7irc4NaEdwccLgAVnUNKQ0x7WLbqu2oEgOWAx61UwH5pscb789BWS3PRLnJfg9KjEO+TA5zUkGXkxjpV1HWNidvNEmXESOzLfMo5Wpgsibs9DxTjdlPapFEsiE44auc0GJEnccVKIpSMoeKZICkWccU/T5JLgvHjG0U1EiMeppxLsi55xUYumZvLxg9qljCLAXkPIrNtLgSXHmFeFNNSNYLqdJFkxYJ+aoUDK/zVG8qEgpxUbOw5PNSy4xuzXFw4AFbMUilAQRurkFmYDmrttMyncTQqhr7E7KW9/dhYxz3rN35bvk0sUokT3NIYn5KVfMQoqOhDcOBF5anmubksbh5hJG2fauneBvK81+M1La2YVgS2Waloa8ySJbaJxCEcVahgEPzVKp8t8MeKtOsUn3Tx3q+QxZoWuSqnHDVbuQFQbTy1Nju4o7YRKvSqLXHnyAAcA1XQjqamns61reaRw3SsuF0iGc4FSPKWUkGriiJRvItyzRomAN2abYMssoX7pzWAJXWTaTWpp6OZDJjpWiNJUkoM9IgtbO12u5BBGeap6pHp08JVVXca5iW5unZVOcDpWfd3VwjqGyAa0qVLK1jxaOXS51Jz1IGhNszNG2AeK1dNuQAHb5ip71kJGbkFmOMdqtRqYBgDANYUtHc9mrTUo2e501xcIG8yM43CkinVIi2eTWPvWRAM8ilkk8pBiu1VLnnfVV8J01jOvmK7V0d3ewSQLGeRXnNlemM5bnNa1vfxSuRI4+WtqdWx5uLy68ubsS6i32SMuhwpHSrnhrUZZYpbcHCsOlUNSlhu7Nlj6iqfh+WK2maSZ9pApSn7xpOgp4aSa1O60+eS0vAp5Ld67KTVnC4UZJFecfb45blZEb5a6+KZDHujIPFdmF1PlMxwesZSRli4RNVS8lX7p5qTVb61uboSW+BnrWZfmZA0zL8lchLfGR2aPjFFWSi7M9PC5cqslUXRWOpvwfLDQd6zjdTgbRyy1FbXSvATM2MCq0FwjzOQalyjY9ClhWk0+h1tvdvPCiucECopZLOzV5ZOG9ao28NzdQFoeo4zWBqhuQ4gm5xwaftbK5yUMHGVRxTMTXNUhmQ84BNcNcS5KurcCtLxDEFkWOPkDtWaLPdbHdwMda8qtJt3P0HA0YQpKw2W9zbAg5Iq0LlBbLJnDEVyttmTKIdwBraWaIKImXpXNHc7VTVzqLS6drUr1BpsLjzMnpWXDMU+UHFaNnNEeHFb3u7HJOmldmjuByVqEN8xLc0+eVFHy8VVEgJ24611KWljCEdC2zEfMDgVfjuD5AXPNZDSnbsxVu22lcY5o5jGrTTRr/bJVChjxSsfOIkrPuOFUCrNoxWIk8+lP2rOGVFJcyLtzM8aA96wNSvWWWH360ahfv/AKsDBFYF2Lm6KMOAKwq1Tow+FsuZnfwhPLVicg967TSV8plePrXnNnKEtUjLZOK67TrqRUB3dK1oSTep4eaYeTi0dvbRWL3QkuD905Na11cWhheG3xjtXnd68hUyRv8Ae9KuRXQWxRmb94K7fapM+Wq5W21PmIrXS57+5lkPAXpU13dS2cXlSEjb0FOttZWxQv371g3utm/cs6CsZTj03PSp4etOp7y91GzaayspEUjGrF9MEI2nANcbHiM+YvzEVJPqLTgK+RisvaM7Xlkee8NuptQXsMVwpb5snmq+ryrdyfu+lcxM5idXU5JrQS/iG0P+NDk9jr/s/lkqkdTVt7SH7MxuV+8OKzxDbRx7Y0wfWrN7qLXCRqmAq8cVUjZjKq5wD2qLk04Ts5SNWC/azh2KNwPestp5rmUnO0GpLjzt/kp0qCXMUixNw1OWqsOlTinfqyq4VCcmpIkhk+Yngc0lzGSm3H41kgPBE53dO1cs42Z6EIc0dyHU7pJ7loYeFAxXK6hD5WOcA1KJ5/tLSPwAeKo6k5uJF5+7zWEtT16VJRskU0vntrkANkdOav3l68oBjOAazpLNXZJCeaklgnIVYlyaixu1Fam/pgXKNMpNbOoxooAHRh09qZYROlrH9oXDelF1bO9wpUE5Fbpe6edUneRgNFcghIfutWhDvgRjJ/DV2ZXjVAq9OtZlzI7vs28Vg4amvtObQljuhdARs24ClUqgd+y0tpZ2ywPIDhx2psxcwtGn8VDZEmr2QRTrKC2eV6VTn1N1d4gPvCrdtpkioGckE1HJYxht2Mk1DTHomZcOoXVvHJBw0cowcj8qhlPlxgkHc3Sr91bqGUR8cVDeSLa26M+HZjj6VLHbsZ/mzMgV+SKzJp5InAcbQanW6JmDKvymtCVba5TDLlgKz3NLcu5Ahhlg3HOe1UJhn5fWpVm2KYQuTVhbbzgG6U0S3ZFG1haJ8k4Brct43wZMZrKvYZ4kBQ5xU+nahIYjE3JqkiZx5kWpYV37jxVWVw3I6CrL/O2DV22tbJ4JFuZvKyM5xmoMtjBj2pKsxGdvODUFxMjymTO3d2FMKSlPMRsjpgVWmiKoJP0NI29mPzsBZfm74qKC4yxITafWqkE0gkwpBFTTXKRpvwM9K0uRKDRI4MjGRjUbNsXJGaht5nuchTTmkRf3bjmmTYdCzk8cZqWUQbNzHGKpGdQ20KR6Gn3SK1tuOc9hSM57FiCSBJA0qb19KhlKPNJ5IwhJ2+uO1QRP50IcDHFKsu3qKaiczZqQW8d0jK52ug4qgbKXdtc/Q1Zt90xIU4p3nBW8tzk5xitbaGLmzOMbp8i8kVSvSzsqPxVu5cpITGfwrIaV5p9pHPYGqgtTGcjPlkls5d5bdG5GR2qjrFsLnFxEcNjBHYjFXb+CVfmb7o7dqopNuTypCT2rtpnLPY87vtDEbG5Y7YnzuwM459aw4nnh+0Ql/tEEPzEqOQB3x1Nel3l5FFm1lj82Jgd3Y49q8S1i5/sjUzqWmt5lvuKEE4dQ388V7FDZHiYrcs6hfQRQtd2EwHncKVb5s+61xeqW2h22lv4huYi1xacyITxIe3BrSWzhvT5wlCT7sqqkFufrXEa+k2ol9PuJPKiJwWY4U46ZNetRgeBi6h53qPieXxDHNbww/ZYUOQEyenTnGOKxdYuLnUNKhgaINPAPlkAwxHua9Ij8BaiLdp9NKzf7KupSQezZ7VVu9HOnRJ/a0PlCP5iq4YsD2BzivRpqx5k3c8E2rcIxgP75Scg9DntW9pKtp80SOMCQE5zgCreuWUTSS6hoqhZEOZI8fwnocVysmrS3MSgoEbHT0x3q7Ixb0Og1GWxhvZLnUIjiUAqQdvTvXJaxqqWyxy3B8yLGVOOVFNvZ57+JFvkJ28A44rgrrUr6yMkV2BJHkhcjoO1PkOecjsdR8XzXfhiz09AJIVndl/3sH/GuX0+RHkaJc+Y/IFN02BDojGQbiZGdR78VY8LNDZG613U/kjwYoe/zZz0+lHs0iXLY6GGxt9V1KJHkP7rmQdiB61NaJY3XiLzmUD5tik9OBgfyrL8JTSI17qbfOGyhz6E5/lV6x0a81Ocx2gO4EnI7Z5rmrJXMK89Du49Ss9OkmiiQSMRgtnj6Vx0t8XdsHcCfXge1bF5pF3b2BZQZCOpAyfrXLLpdxEokJAD9Nx2ke9Y0+U8itI2LiI38eN5wvHvXKPYrA5EnBOcDoK7CxtFkYRJcxPK/AVXyciuU1Sw1Nsy4V3UsMK2W49q6qe5jNGPNqc80ZtIWIiBxg8VipDdW8yzx8nr0qNPNkuREQULtjLdBXRxRT267JcOy9MGutxRB7Z4M8a3FnpYWUspRfmA/wrbv/HjOEFurZAOS4xmvJvCwurm7YGEqgHzH1rpPE17ZxxBLNCZAu08V5M6CczKYs/iiSaaR7Q845JPQ0mm+JtavEuIUnxEow2PSvOdPk2GSNDukl456ivSvDXhPUr7T544EK7xucniupUIroZnM6vrVzHbyRM/71jgn2rltP8SS2ZmiADeYO56VYvtMvbrW/sSLvZyo65612Vl8K7q5vIkmYopKk4HUelVOrCK1AoeFdNGpSsBIYy3zFuoxX17o/hPTNG0C0hW6LSTKN2cZOR2ry1/hwdIvFSxLLAqjntz1969Hi8PXUWnRxG4YuF+QDrx0rx8RXi9gPO9X8AS6XqjQSTrNb3WJQcf3uxrsoNBsdJ0yGawPlzI2WVejYryjx3pniKKSG+S7kEiHbjJyvpius0HxHq1zpEP2mBZGgQLKWHXHf6mk9UrMDW1vxKz6jBcWbhSigHt+dYlzq2seMr5tNuZT++XbHjHb2rxbVbnUDqwE6mNEYkcnHXpT08YX2japBd2cZEkOMN1GTW8MOrXQ5QPpfRvBGlaTYubmdvPIw2Oo+oqpqbz2Wgy2enTE4YseRyMV5BH8RNZkW5vrtSWuBleSBXNReLL8XG25k/dMu44+tYxw0m7mUoE914x1qVbi2mcvJuwMjHArk9V1jUJiIxujYgZAHNSrqMZvjP5YYGTP4V9AaHY+GdSVneNfNwpGQM59q7p+7HQCt8FYp9Osr+fVB81wF8te+BzzXot2BqsqWFl+7ac4z0wazrKH7PdqIgFizg5/u+td0lpozzxzaZLmXoPQN615Vapd6iPnPV/7a8E6zc2xlUqGBVlOTg9CB6dqS7+I+p65PjUpiIoU2Ko6D3/Gt34keCdb/wCEpj1Cd2kgvmUBicgAdRj261xOtaFaaTcwxIFbOGYjr+H8q6KTgansXwqtdRP2fVLNmA80tkHOADhvzrp/Gvia6m1drFwYlbAb+6wqnp87afo0NxoxEMMkKlRGem4c/jmqd7pMt5p02oXswa5hy+7Odo68+1cjXNMyZ03g7xDYT6e9ks/+kQyccZFLqfhJtb15r3U0/d+X8u05yc1836ZrDeGdfSePld5JGTzXrdt8W453kyCrKhZR/CxHb1reWHcfhRHs2dNfeHrPSJLSDToPLh5Dt6t71z2peJLHSHmjuCVWNscAHP0rE1T4yab/AGO0Uce26V8kD5j+FeEa94pl1FftKkrLKx2g88eprWjgpT+IPZM2NV12e81mW83F0J+XI6L6V6j4T8aWKR/avKO5fkOB0PrXz1b3V7IytMuVUHnHWrNv4gXTkeAHaMkkAdTXdUw11aJryn1na6rpBt5tSdwkkxfI7565r5j8V+Jnv7wskjeWrEBT9a17ifUptNjmhyUnXII9CK8tv5WDKLhSHGV59TU0KPLoxpHVaDq9ubm4iuG2RsmeepNaGoanYX2lMIzlojgEjpivMpI3S4badxYdK9J8NWOjvYTyanNsCIdqr3NdkqaWxSMe0sdZbS5bm1Y+UMtjpVOH7TbjzLiTIC8gY4J960zr7z28ukaeSkffsSPrS3FhbWtkod90k+AFJoVwLNjrOLJUjBBGTnoce9ZN94illYQkjeK6bw34Vm1OONmzH5jhSG44ru9Z+FmkwhrqGT9/EvKjuawnUihnK6Boq6zoMt5v2uAQPXNYZ0mOweCdgTKGwGxzmvT9L0KTQNCKTSbBLllBPPNcre3EUkL25O5uCp9K5pVb7CG+IdLs9SuLF7aRQybevv61X1jwxf6dqkVpblHJCuQPRvSr+i6fHe6rAt0SgWRGJPA25rvNYl06PXZJQ4by1CofpWcq1tEaORyV/aLo8sU8A2yFQeOoNd3pM0UstvG84ZnAJBOOa8Y1PUNWvNYxcgCIsFQ11OgwXEGoJfXrAJF09+KxxVO8bmLkf//S/GV5Cfmbv2qr5Sqce+a7HVfBGvWk7zm2d4VXOV+b9Otcu8MiHbIjL6gjFbnLJEYjHJzxU6jjGfrUgRU4AytJ87MqBQB3pkjQcA1agf2pAgzt9D+lX40jXqOaALEZH3s9BxU+WJIHTFV40Vc4Jwan3MvIzk1fKjGbQSRYGR6c4qMq3UfdAyKd55+/zg8U8scAYxVGVym2f4uSKiLtj5Dg1LKwJyKqkGQYHBqXFFORJDeXlvkeYQG/Wty11eB1xcR8/wA6wFiCEBjkCklfy044pOzBSaOhmNndHNu2xh2psQ1C12zQAyDP1rk2nYL5m45J6VLb6nc2rKYpmUE9BWLhZnRznqdp4uuIEMd8jQbBgbef0r0zwr40uIVQeeHjPY9fyrwi01qKdhHexBmP8Xeu50q2sbpQYJgkg4APH61z1aStoaQq2Pok6/aXMRby9pPf3rJfVmHEchAz0Jrza21DU9PzAHWZFOcdasalrgnjDMohfH8Irz3htSpVj1eDW0RVSZiCTiukgv0ZMxsGPfmvmj+3blWVySQpyOc5rYHidRKsrMYxwPlPek8E+xrTxjSPrDQXuJ54RChcE84B4r6Wj8QJoujO918uEB5HcV8a/DDxy63oEc0cyKANrnD5r1Hxz8RIb+wa0VNr9G7YrklhGdLxHNE3IPFVtrN3czswLZ7HHFXX1m2SERMOoPOa+dtOvY8NNbsPMJy3PGK3bjUbnygPM+cjg9RisJYZo1pVbI9QjvInZjE3BNXHughDFs15ZZ6hLwwcgp1zWw2tygqZF3KDzWTos60zvo7gTMSWPHet3TLaXUbhY4ZMYHeuBtNThucI2Y9x/SvVvDUa2trLensPk4rGcbF82gjWE0c6wY3Ed67K2tntrNsnHy9KxLNzNL538TVtz3r20BibHzVy7XKlsjA0MH7bLLjnmotRN08zsnAFbVrLaKpCfIx5JqtMo3F25BFVzBDc41TqFrKbg/OAfwrXtdf0+83Wl+Blj1ArJ1jxFbWsTROuGc4FeUvfS+c0284z2rWhHmHUsezanpmkSWxt7KVUDZJBryjUvB4lJWEBtoySOtYs+uXDynEhO0cYroNH8QXa7jL1IwM+ldcY2OSVz1L4b2GmWQ+y3sYLsMKT65/wrz74xeEdGsRNfWhSFWDHYCMZ46fiar6v49sdItHuceVIqnbyPvY/pXyNr3j7W9fuXe+lLvKfvE5I/HivAxWTzqVedOx93k/GNPDYd05xuzk9Yug0sgbKgGuCvd8j5B6nv6V2V6vnW7g8tnrXLSxgt5TdhX1WDp8kUj83zXHSxFR1H1OfvIVlQkjoaoR6FBfPgDDDjNb0oXcUK+1amnW+My9OK6JVWjyJSOA1LwNcRZmgf5RyRXB3llPbnDoxOetfRlwx8hicniuCuYkml2SplG71th8S+pMZtHkKoSTsOOOhpBlc7u9enaj4ZtAhIBR8ZyK4e40G9jI2ZkJP6V2xxCZqqyMvCtyKh3GLjGeatNEyZ8xcEVGVVjk1umjZMWMBipPftVsWbIGeInn8qpKMNgHNblneblKMDgdamRjVbLFrZ3Ag83G4D86x7qMoSTk55rs9PuYRlD3HArL1O3iZSYgM989KhMzpy1uY9jbJPE2WGQOB61Rmj2EoDg0HzIWJT061XzKRhs7vWqOlI07d7ZEG8kOOcitRdcupENsxJjJ6965jnGckcVuaNYC8k+bOE5NOUV1FKK3PUfCukHVXHlx+aFGW5xgDGTW5q91ZaHI9nFuFygyCvOCa4yz1a70PzF0+QohGGx1xWHeam0sgcx43VxtamRHqN3qF3I0txuIY9Tk5rKJmG3ksOw9K1LqO6+yLPktGT+AqSC2tjb72fDD2q1JGJBayx4KYyzD8adPG85y+V28DNS2lpYGR5JpjGByMUyXUYmnMcWXjPc0+ZATWvh+e+mMRdU43A1jTpewSNZg7znGMVf8AtF1GQ8UvlnoKs21/5BeWVN7MMbj1zU8zEmclNBNaHLgrzmtS1huNVmREZsgdRyMV3l3Hpl7YLNdrkOMrjrmofAzBNWktkQeUUJGe2KTqtRegSnoVLbwZNdqwMu10BPPGa5iW1ls3NvIoBU4INfRgOiWVu899GVkHOR0PpXinijUbPUL7zrSLy84B965sLiJykZU5Nuxk28Sag8dnGoRwevqK+/PhN4Yb4f8Aw9u/Et5GBe30RaMNn7mP3IIz/Exz+PtXxz8NPC03ifxbp+mJ8qzyAP8A7meTX3p8R72O1lsNAiIjstPh8+X0wgZUB+ignHfI9K9iK6sqc7HzN8Sr3y9Ii01VG1z50nrnsK+bdrSMXLcsTwB6V3PizxI2p3dzOoYGZydvonauKtrmJGVm4bdxXI3d3KRJEu+QxkENjv61Xu7ItJ5rdF7fStzWpYbS6QwAOJEXgf3u9dLpmiwXunJqV9+5hGTz1OKiVSwzh9Hv9QsLv7RZhyOh28ivXfD2sT+Vvu02xMSWGOn1rmtY1OJLeK10OBYUQfM4HzGregQXMtvEbqTiRvmbODXPiVePMB6SkNu7i7gyAzZ2jgCtLUNOOt27QPKYiBwRzUEdvBaQ+W0hIwNpNQXOq39nHi2i3IDyfSvGjG7vEfs2cjaeEbWz3zSy5mGdpBxWhojanPIYYmK2qZDH3qj5kjXayXJyHJJBPGKkttZt9J+2yREsD91Oxrt5W1Zh7Nnb6ZZ6dqcl5ZFtzopfdjjIOP8ACvNL7xFLaX76ZffMqNhSo/L+laOh+KPsFyLhF+W6BVsD1rz+aG/1nWJ7hDlvMYoMds5FXSpL7QrGjrGt3lxItkmYo05UqcH866Gx1KDxJDBa3ybbq1OAyjhgOjH39fzrzG91CWG43P8AM33cV3Pgk7r6SbyvnZMbT7//AKqqpCyujM7O7lvrdLiwaJJIpR8jc5X6Vg6PcyWZzFh8HnOefrVrWJtTtLlJrzCRynClT1+tUNP0y6urqSSBW8tRuyTx+FSpe6Vc6e7utZ0q6/tbw7cPZyyJjzIXKMM84O3HFVLHSrjxDZS3Wvtvl3k7n5YueS2T1PNdRp9qkdlm4JMo4K9VP+c1NLZTSoPKby4/7o9f8isXimtmTc8y1zwJGQstjPux1D9fwxXCar4fvLJPM2EKR1Yf1r3f7DfOxSZjt/hxVi+SM2kVvcouc4JYf41tQzKcdHqaKq0fMGx+mK2ptf1J9LttEEuLO1beijqCevPpya9L8S+E7a1Qahp6p5OPnQfwnrkD0rzSbTLp3aSCAle+B/SvWp4iE1c1jVud98MfEo0fUBe3F4baS3VmiwxTMiYKjI9s4z3r6B8Eftk+OfD0zQaww1SxMm4rOWLBM9FbJ59+ntXxJLHJGSpVlwfSmRhd6LL0Jp+xX2WaxmpaNH7M6R8bPBHixLK9vFk0drsKoOAYsvjHzZAIPr0r1bxV4L0bxBbWMaWcFwQm37RbYWYLjhsjGepODnJ7Gvyd1rWpYPh7ocaOYXEcQLA4zGsZC5xzg8EjNdv4P+LXivSdN0+5stauIntSY2VpGZNgGcAZxjnP1qISb3NKmHjpZ2PsnVfgvfWiH+xLpbrIO5Jh5Uo9h/C34la8l1Hw7rOiPLZywNDI33hIpUsAccZ6jjqMineD/wBs+3uZvsHjKxWdAdgnQ7WbHAbA4JPU9B6D1+htI8V+DvHkCS6ZqcR+1HaLW6KqR3ACv19iM1m1F+RzuEkfF+v6VcJpNxqqREeUQobsTnHHrXzTNE0M08ITiQEZPv8Ayr9K/ib4KkNgNKtR5KgCbao+QnkEe1fDHirRTouoKJ1AjcnB7Z7/AFrSNPlWh24Wp3PMPDthIl2GkJUBumO9e66tJHFpltAFHUE5HPSvJml+w6mgJG1SGHpnNegG/j1Xy+TJIozgDCg1wV1I9qnUiNtbex3NNeZRIxnA6n+ddlp3i7w8I1Nnbt5sRAPmAY/rXGNHPLIZLlTtHHatHTdBhkufMkzBHLjBx1rlnsdtDc7q2vdS8SzNmQR26Hog2gCvWdC8rTbdIIjlR0OcknvXLaJ4bi0+1At5N8ZHB/xrpdMtITJtZ9xY9B2ry69me/hNzrFInYsxya3NHRYSZOKykhjg5Yde1aNoWLYU4B7V5NU9mjud3aSvMcN07EVdYbAGJ61n2zKqqynj0qaadSMdCK4GelA0jcfuz6GltCzMHHANUoiGhJ6+1X7NHwGbjHasGjpi9DWZRJIAlXG+SMLiqkBbfkVpYONzdKxmdNEEU7MnipFxwpPJqJUYnzM/LV9IlljBH3qy6nokS/uWzjrV2HYWy3zGqBSRXG/kCpldVcGM81mdBen2OwASr0BPCADFZlx5rRB4xkjtV2ASxW4aVfmaiBzjrjEg8r0rNiSSKfC8ZrXigOPMx1qBmjEmTwRSbN6WuhalTK7AOCKWxtkjU5HFPiKyrk9OlPRWCFV6UKJokXPs8RQup5FU1yxPtViDO3BNTbI0B9aT1Ki9SAIVAzUylsgYpQCevQVoxLGRz1pRgbOoQrcvEoC1uWs4mAFR2mnNcyBdvDVrNo1xZN90bfWt+QznOI9kWWLyx2rPJ8o7VOMVuadFC4YzNjFZF5GglOOnajkMoy1KRnkMgA5BqwJHjYBRjdSW9s07/KuQKmKLvA7rUm/um1bRM6Df0roU0exjtBdCceZ/d4//AF1k26JJbAZohibJQHitoxOKpFt72HshzsU5q/tVYgCRnFUWfa4VeSKZGd8js5/CqRqtieCGOSY+Z26VsxfunCCsSBhllU5Oavwzt5g3jOK0ihTTaOnlMKIsjDoOaxtRvILuNVjTlKZLqkbf6O3U9KyZZAp2DgmrqVE1oc+GwtneRahMcagHrUD3SM7bTwKznkIwC3U1nec4ucLjGea5lfoelGldtm+l2wQ4HFXIZ42j/enpWaJEaPG2s25lKkCM/Wqi2L2NzrDLCY9grFeRlmLA4rNkvAiKVOCKYl0Z+2cVTnYqFDkOjjuJWBweMVnx7p3ZGkI+lUkkmhyc8EVYsmyDI4x3qlK+4Rha7Ost4nhthGTyO9dHpWprEPJmfkdK4RNQmBwBnionu5lyVGSa64YjkZ5eIy/2qcZ9T3oappVzpBtZQPM9a4Q2FmLluflIOK53T9Rjjg2Sdeuaq3moiWdWhbGK3nJT1Z4+EySVGclBvU1ZdPkUN82F7VQSK6jJ2+lUZtWnmUKX4Wq1vqMpkDM3AOKiclax7lLC1VHU7PTNTu7GEoxqpdXRupmmJzmsK61Ly1J7VmRa0iRtnr2qfaWVmZQy73nUS1ZV1OfzZty/MM4rPuXllsWjQ4FRNcbt3qTmrdrbs6AHpXHKd3Y92EOVWZg2sItbYrGuXNUMSvL87bTXTLAqSEn7prFlaKO4bPIrDZnVCpdg7SlfvdK07Gb5BuPNY0U6MXGcCoYJz5hQdKOpUo7nYSTAgZOcVJHITg1Rs8MmCcmrhKRkHNdCmzjmXCcjA/OpkJjwQc4qqGUpkdTTY3J+UnpVxZgzSM7TN0wKvrKsVuc9T0rHj2jvRNNyoznFVzGM6N9EJcZkYMw5rLnuXWTYOAK0XmB4Y4Nc+8pa7KHpXNUZ0UYt7lwavFbMN5OM112m6gCBIW+Rq881BLd1IXqK2bI408DOCKSlroKvh4yVmd7Jd+Z/q3yo96fGZpF3mTAXoK8yj1aaCQxEZUGuqgv3eMbScEVrGum7HBVy/lWh1BPmxYY/rVQREHHaq8V0VUFuhq0biMrvyMCt7xON0pRYjP5SkA1mtMytuFVrm4ZicHrVHzs/KxrGUzuo4fuaCyeZISxxT2jLsoVuTWBJPsc4OTTI7qbcGDVPtWdLotaxOrNxHG2zd060sd8BNvHOOlcYssss5JJGa6GDGwc5PrQppmM8MktTqLHUBPdqJemeat6hJaS3G9Dz0FcfDc+SznHXpSSXRdgUbFaOpZWPPlgVz8yNu4uTFHkdBWOboXcmDhQ1QXt1uh2Zya4+e9eBmQnBHNYTn0O6jhvvNTUVW1QtGd2DWG80bMCvXHI96qzamGjIfnPese1vFkuDGM5HSsHqelTotJ3OjHzAEHmu78K6OZ3E9yw+hrzxd7MqAEtmvQ9Iup7MxhxyO1aU1Z6nJjrum1Dc7zUvD9vbzoBJlTyCParGraVa2calGDEjtXP3Wp3FzIgIKrV271aytbFY7l8uRgE12rlsz5T2NdcnNK/c5a9u4UXYq/MDiubjuIzKXc9OKtXDLcuZlbCkmuI1Oa4g/wBW3Vq4amx9Xh6C2OwGMF9uA1JDK6sAQCM1HZRTyWqea2Aw71daz2JuR8tXOrmcmk7MsXN0V5jPtisy5lkEa443HrUwtLkvubovJpLpWeHYOnrVpMmKSMGYz7lLN1qe4s3ltwD35qvLbXC7SeRmtpGP2b5+qjiszWctjnreARjbjNPZVT5+lPuG2jcvy5qKEtONrDrSaNPMrLGsspwdvvV6DfH8v3lqnLbyLnyweKk08ytkOOhrKD1FNXRtXTxNbBAgJ71z7IIX82IY9q2/KIfrkelZ8hXzgpHy1pIwgT+WZIllYYzVe53CNm6qAa05Zi9ssSYIrJlBNvJGM85xUBBGJC3mFlVtoqfCMjK53DFctFdPb3HlyDgnFdFhljMi8g0mdEoHPPG6s4izVezlczmCcEitWWOQEPjgmqtw6xFZNvOeay6mltC1Gojk/c/KOeK3pZ9HksgskUiXQ6SKRtPsVI/UGse3khlAZe9XDASOeVNdKPNrLWxUljUR+YgyBWY1yHOxyRV+YSR5ReRWOfnJ3DBoSMieOZoAQPu9qlG5lyOcnNUYp2hJWdN4zUm/cCYWwCfyrZGUy5HeLC3TDLSvMJJBI3DdaxmZvm38sD1q3DMzALty9KUjNpE8m5i0jHr0rNM6TtgDa6dDVy4MuDvG0Yrnh5iMW6mtEYysabzrPmNua5ydHt5WVuh6GtParKWwVY1l3zOYjJ1Cdfwrsgc1amY8z4udr9PU+9eb+LbG1N6s8i5izuGOx9a7S9vF1S3VIRtkUk/UDtXLaqyXNgYCwVl6k+3avUo7HjYrqctc2mnWUyvYZH2jHG7hTWB4ks5dTiE0p2sihDj7rYqS+nhktfLB3NH6DpXOxXtxb7rRjlJDxngfhXp0GzwMRTuhlr4e1PS5DdwTPHE6ru525IPQY7V1F9dxalpckt7bRiNB0bHzY/u57151qviDWrK5jj81pIVJzH2K9M1zmqXcGoxgxXTtKhBRDng9SMV6qPEe5wY1KX+0rm/VNm5sGI/yPtVLxBokGpwJqGihopcbmQdM9xXY6lpsVxGL2SLyrp1wwHRiKyLbUmskngOwrKu07uq+4qomLe55dazandubCNiChzIp9BXN6/f6fPfMGiJ2Hbg8c98V2etD+yI5L2PAurj7hzncK8Wvbwzu5mOXyTj3PYV1Rg2jlqs7KyISFI7Ntys+ME8gGo/ECwQwpFExKR/OQPXHPFReH3RNPmluI9hX+MfTj+dUrUXWqX0flAYQk5PdQef0NDp6mfNsdTa3LWfh+1iSPa1wxd89cEHbXsHg7xJDp+iPaJaqLqZWBcj1JAP5V45fyxX145tjgRKqFewwO1d9oxgOh+Zc/LPwMHrwawrWsc9aR7XY6eb/AEpYkIE7LuL49a4u98LWV/eLDcYXZlSc9cV3Gl3UcVlGFG1Co79MVmavAMJL5m3zc14jk1M8qo/fPM9N8Hpo2tfagofymJGaZ4v8KpoWoTT291Hcw3gEqNEdygycspx0KtnA/u4PtXSz3kFuAqyFpOmOtZOqaj9qgEMgzsrtw+JcHd6kyb6HCafpS3cxFxhwo9O9WJvDMm5hApKjtmums4EKDB2FucjgivRdAm0wQm3dRJIOuR1qKuNbkCOT8PaTb2loGkbYWzlfeuR1KVLi6Koo2Lnp3r13VLOCO0ykaAMc8dQK8K1q1mtJpLqD5VBJOeDWtKXMzKZXutHvYpUuYoAjP0+vavdbrUdT8L+E7WwJU3t3AWcjnazKOM+3TPrXhdl4qvboxwbC2z2z0pfE3j2+1i9TIO23GwL0Hv8AnXfFNmTNbw1DqFlrX9sXK7yox6rX0TB4t0pAsjMEmZR1HQ+1fJ1r4pvEyyKqKeo9a7C1162uBAXBDnqewrzcdSIZ9Vaf4kj1hX2RgGJQM45PvzViWW8kuYZLXJGQWHsK2fhtpmnXeiR3MhRpZIucHdjnitIW1vFebGb5Qck+grxW9dhWI/EuhWWuaHABEBcykHaOnH615tJ8OteUOttEUt8ADDdSPSvY57nT7T/SJJhmMAgZ5/AVzz+PfDvmTFrofumAIHIH19KunOVth2PDPGvhhbLQUu2tG82NtpZh82fpXU+EvAnhHWtBtluIg966KXJXHP5dq9D1zxD4Z1fSrmxjcSbwHDEd8+ua8ibxBe+H7iCXTXTaOSD6V0QqSasjVyPYJvgNoGvW0Y3tBHGvybQBk47V5td/s56f/p0DXkwkiUspAX8O1dn4f8d609wqXd2UhX5lwe59KXWfH1xbXMs8NwzicYZs+n1rGM6kZWZi5nx5qHg3+x7sWKzb9z4+uDU0Os3nhvWlhdMomMqfcda9CtLm31jxZCjx5iMysAOnXNUviN4fm1bxUYdLiXzXKbR7dK9WNW+47mnp/iqe4tLgkA+aAAR1Wuy8L3VxJFFsb59wO7PQ1w0fgTXdBtD9txsbnOe+K7b4eEza1HbdV+Y4PT5RmuOqm0xHqzWdzr93FHeDKRk7ARxn1rz7xt8K7yOQXVv8zk7uTwfbNe8WYWyU3sqfIpwOelST+JbHVNljI3zKeB1/WvMTmncDxfWNJl8PaTavaoZbaOEZ2joxGTnnjmvBde8f3Nvpb2IRd1wGRmwQRn8e2eK+wtd06O40i5to5djyKVDemRXlniH4D2Gv+H7S5tLvZqCfNuP3WyOQ2OQCQOeSPSu/CV4c3vgeHaZpWn3GkQ6jqjku465/yK4S9ubYXyrGSIo2OTjqM98V9B6f8LPEF9aTW8uyK0tgV3qTgMB2yK8o/wCFba1LqJspQEJXO45AI98ivZliqS2Y7nB3GkST+fqNkjNbhsdO/rV7wx4XvfEcVybqUQJbDgnHIr6r+F3gd7CC70q5CSER8HqAxPpiquofDa9i1M20FqIoJwTK8fyg/Xis/rUe47ngtn4YeTyLdJN4fjcOcEdvwrj/ABL4d/s+3N2TlTJt47+5/AV9rfA34eut7qtxrCealkpFvv8A7zEjp34Fc54o8AXviKK4sjZ+QwkJVtuMc9q5njnGegrnzR4Evpmsp0umJSxiXYAecHIA/AV11n4Butf0i71i6tnhhXDK7J1U8gr9KqjRP+EOGpWUwBym0t15UnvXv3gzxzYal4MjsrxTCLaPynxyCAOw+mK2q1PtRHzo+NtT8MalG7PaQtLECVZlGQB7+lRw6Tf3llM0C7Bbrzwa9q1jxro2kQ3el6ahaR2HUdvesGO5k1d0sNOiw9ydvA4ya0p4p9SrniFtLNYyB5lJ3Hb0/nU1zdNdTB5ONv3QM/pXu8HwwvHWX7ZEGuIAx2qMggetef6d4aC3avMvyszAgjGMV1RrxkMs3nj+eMWsFkuGCgFh1DDvXU6b4muGb7VfuWEg5Oea43VbTR4L6QwxhRGnOOmax7zU4khigtzuJB4PXBqZUYyA9H1/xbZTyW8LgskQzx6Vy+s6hZz3VoYiUWU5LA4wK56w23RAmGDgcZro7m1sruONIFAaI/yrlnRSA9r1ldNWWz+xbQHRef8AGvNda1a3GoNHGQWiU/iat6dDqOppHHGfMaIAYHoK4vxDH9lvjHNHsc8fia5qUEpaibIhqMt1dqz5ABLD2xXZWepmTKXTbht+U44rjdJaMSHzwSNvSty+ss2UNzBJsTJG361rUhzOxjJn/9P80m8b6po0zQ3ypco3HK889emP5Vz2v6vY6rbhljEb84UccGvdNR+F2m+IFc2t6IXABGVzj9RXlmtfB/xLZu81uBcxqeNpOceuMf1q1LucjPHHBGcdF7VH5u05xWzqGj6lpkjRXkDxMxwNykZ/OszySc7xjitRXHI6P0OCa0o0R1C5yRWQkPAPUU+JpImznANBLZtop5A6jpUvRhnr3qGK4URju4qzC/nP5QTLN0NbNEzhfYjdRnC96hld9m04/CrTgwsUJ5HrVVmRhtwAR3qTBEDqCMD05pY4t2SOMU4RAnBOQfSrUcWFwvGKUmUikyMDkjFZ118h3M5OBxWzKSi5frzXN3RzLjcSOvNZtlpFZjghx6dPamnlc5/+tSucsPep7e3L9e5/MVLKNixjVmjH3jXT27tEduMisC2ifI8nqK6FYLhhvdMCnJEtm7p2olFK5247Vau9RV1JChu1c8mCMMuCetHBO0H5h2rJRRFjUjYsAc4Jq9bx4m3tHvFZUMpUBZBkGtvTbmCacJI/lqD3rZIZuXF3p8duklunk3HQgcfrVUeK9QhPkM/mxKM4J71W1a3BIMTBl9q5iVJUyNvHXNWqaYlOVz1nS9fjnVdziLPUV2thryySrHLJlOmelfMEt/c22DH/ADrqNG8Usnyz9cjr/jXNXwiZ2U8TbRn1IlyoXfC27H8qninBy2ck9q8asvEiSfLBLtGehNegWGqholGQScc15GIpcp6MayPSNH8+5uAGwV7ZPNesyajJp8EdujsEIHBryDQ7u1x5xbDpyPSumHiP7S5M+JVXAGzqK8mqrmqkes6RrMRQFj061euNbinl8uPG1Rk+9ePz6vDbxB4HIDVXj1p8LIrk57msPZXN3O2h7QswdPMHJFa1oLq7VEVd2fWvN9H1gTjDnBbpXrGiXioVc4Ce3JrHk1sa7anFeJPC6Mqq6bGGST3FcDd+D7lowlk4kzzhjg19A61Mlxtk4bjFZNlpMcq+fHH83XNVGbiJtHzvPoD2SlroFSOPWuauL8KXVWwOVz6V774nhAidJkHPX1r578Qw28NvNIBtzwMetdlJNnPVmeO+MtRubjMQkOEPOe9eTSyMsgYcEdK6bxFqbPMybSo6E1w0srIw+Yla7YwuePiKprNO6RmRjxjnNc+0vnzM4OG7e9Pnux5RRG4f1qrFgyDuB6V0RjY5PaF4Quykt3rRhhZFUk8CkH3FwK0IQsg2gdK55yIkVJixiOwZzWbHYo7BpBmumNl+7L7+fSnW1gUG9gc1l7Wwjnrq0E6EYziqCaSiKWYciu7ks42jJX5WrHmtXKkmqhWbGef3ej2tyzZjUH19axJ/BoePzo3HFeli0jPyuPxNLJZgQsIufX2rohXaY1UZ4JfaPPZsd6jA7qarRh0k4Hzeleo3lspYwjjn0r6+/Zo/Zi8OfFO9lv8AxW2y2tiCUjPzsDkAZ7HKnOPUfiY3No0Ic9Q9LKctq4yqqNLc+AFS5jbd5TA4yfaop7hyhHT61+7HxD/Y3+DNp4Su/wCx7YafeLGBHOGy+4EY5OQCe5A/AivxW8Z+FrrQ7+50+QfvIJXTOMBgpxkH0Nc+VZ/TxTaSse9nPCVXBQVSeqOFt8FsOOtac9oZI8wfOzDAArNSMxNg8kV2Xh+eCFg8aeZICCBXvVJWPlZe6cVJYXVvGGmQrnsauWU5tfmiyC3BzXS+JrtbqbbIBG47CuUSEp1OQ3PNEJ8yG3c2xqKSFkhXk8d60rXTZrmza+YAxr2PUYrGspLZDulGCOh9a2F1GdUMcLYD9u1YyTT0JCHUo44fsbwgjOc1jXt8sA8ofKGOcVpCEhWn25c1y13OLiTEy7PYdqdON2NIpzXrST/KcKeK1rIo6bn55xmsaSJNwKcipopm+WNDnBraUeg5wVtDdl4YRghgRx9a6WLQLl7AGYgbuTg8gVn6NplvfuDK4BTnBOK6OfVLTTRIsg3krgCuWpdaI5WdDpvhQ3GnqiYkTbwQckn2ri9SgfRdRMlqrRunB+tbmg/EmfSrjbPAr25X7uSOfY16K+j6F43t01a3vPJf+JBgkH3H9a4pTnGV5bCaZ5autXWuQGykJJC9D7CuKlSS2nKPGxCNjnoOa9Knt7TQNVUeapKnBIOQa67wx4Av/HPiEWmkup85WdmzlVxXTTq/y9RbHsX7N3h6PTLO/wDG2oERwxoYwT0VQBI7k+oHauZ+Jnj2S5027uZlVLjVJCEHUiJfvDP+7gZ4r3vWdJtvB3gjTvBNjjNwoE5X+IDmRs+jNgfTivivxzd/2jrtxb2rq1vajyox6Efe5+ua9Gd400mK3NZnl9xqKtcNKRlm7VQhzJcqWXCHPH0qZ4Nt55bDac5rTihKzCbbuUcH2rOJobuk+FWvdRhSZ98eVJ9Nte0X+k28+nnS2QqnVGHRa81stUtdKQmU8TKCpA/Su/i1CfUbOMW42qFzkeleTiJSuB59F4U1S3upYpeYFziT1ro9EitElNuzCTA4HckelaNpdi/Z7GzkLyYOR9Kl8KeGnttbSO9hYyO5O7n5Qazq1m42YFbV9fezlWJ4cjjGRgU5/EBk0+QtESrDnb1rvPEOm2WoxfZ5CNycAkDNc7HpH9lWPl2x3ye44xXLSmtidTziykuryd9yMqL3YY4/Gqs88M8jWe4APlcg16tbMZ1aG4hRezHjke1UT4W0CGIskAaRySGPY10xqJbhqcXqRsbbTLC2t4NslsDvYfxe/wCdXNLHl+IYZ9o2OnmH3yK5zxE1zo05tb2LEeCVP8JHqDXV+D7yx1HTL++mOXsoH2r3J28Yrpb93mOhHnN/Z3Wq6xI0KBt8zsMHgbmzXt+mrpEKLKsKxXIUA44JxXN6Fa6dM/mIgjYMDwetdteLokEZuZwR5Y47VyV611Y5pHG+JdL1HVLqEhwIjgKPT612mj2H2K0+yuwZ0GCfWo7F7a+WOSA70ByKtTO7sywgqR1I9RXNKT2YitJcYl8lRtC8E96d5hto9zS8ueMnoKgtl82V5pznPHPqKpaskNsFyvn+Z6fw1KgnoI6Zbq0ktyEuFNwOOOxrC1+RLxVsmYiXAyR3qKGx0yCNJFmO5jyMYp9/qMNuGuoUErRjir22GZNhbS7RKMOU+Qg9ce9acq2mnhW+zg+Z78ZrDQapePJcwoI1Zd4UGrmlK8yu1+jsY+gI7+1PmtuGpZ1vStN1VftM1oiMifMVGMivGLvwvLJdbLAFy74UHjAr6E1K9MaJc/ZjGpXBUjA5FNs77TpWiiG1pOpwMYrXD4ucb2NY1Dyvxr/aFjoWj2NwCqxIE45G5UA61yCCQ+H7h1kYPESSF7CvpHxd4fh1i2hjhkCmP94FI4PGDz+FeZLpNtcLc6ewEPmLhitehhcemndG6meSeH45Li4ye+DXo/iPxreWVza2ulStB9mw3BwVI6YI5GPrUth4Ym8P6hHMypdwocnbwSPQiuC8USfa9auLiKPYrscAe56V3e5N3N4y1Pqr4d/tBeL3MI1a5+3RW6spSfLZHGCW+9xn15/Os74r+K/DPiG0e/0mEWoiJKRE4LOx+YgcgDtgE/hXzvpTy6bAfKJEsq1VbzXGJJNw9Cc0R00OlQV7o6by5dT01LmNgZozyB6V0en3lw1ssMXAHp1zXEaLctZXBMrfunODjpXotnZKQs+nHzEY5IFc9dHbDc7rSYpruwVZV3H3rt/D8Ub6hDZzQCZgeFI7AckZ9OtcdpXim20ZoQsHnOjZwa9ps/iNYoiyQ6Ykc0q4MjYzz9Of1ryaux69B2ZrmLyYgroQvQcUmn3FrZymVgQ2eBRqvi032npDKqmXqNorl7Jj54kn5DHv2rzZpHt4eWx6gt2ZgJD1btWvaSIjZc5LdMVzlquSgirSgV/tgLL0rzKi0Pao7o7+xY+WSatyL5gyKzLa6CR7Mc1YjmbJUcVxHpxZdstwnCHkHrXUn5QBjGK5OMvGd46+tb8V4JIwHPJrFo3gzVWeNeFHNW45sxfPWQjfPkVoEdAOfpXNVR20di1FKxbZ1FXoXdGIDcYrPhcK+MdavoUBAbqax6natycsXO1u9Xba0EY3PyTSbo1K7VrURfMHHGKzSNJSuNiQbipHAqeTe2EHIpqRFQXqeN2jUydTSkRa5KFKxBKxJ9NlmZpFbGa1PtW8byMGmJI2Qrd6g6KScdQtIBDEIz1qZh5fJ6VZUJjJOKzNSfFuxjOKLG0b3CC4L3GAeK0gN8wxyBXJaVdBJfLcZLGunDlHJQZJo3NXTsy+yfOR2FVY5iZinpUkRkdTu4zWVGzR3B7809ilqjrUvZY1xH19RT2vrxsB5GIPYk1RiZ+OM4q2hVmwRmulRM7LsaNu8m3JbBNLcyMeo6d6ZtYKCvGKswQPcyBPWjkMrItaRK/JUc81UaGQ3Du3Umugsvs9gJFyGbFc79q8y6cN0Bo5RRb5rovRLNG+7PGK1rO4Z2CN1NZseGBC5wK1re1+Xduwa2hoKc9Gmbdxo5t7Q3ryqSTjANcnLdFXCg/lU8k8oLRlyQexNVBAsjq2QKVR9gw8eVXmy5bzmOQSMODWib2HeShxULRJ5Q4rNMJYselSa3TLE8qPN5o5xSyThgZOQQKhtZbeJmik6GtNRbOhQsAKjkDmObWaSST2zUhG0lsc5qR4kQsY+1UvPfBXvmqijqi09jdt7lNmG5NUZlBbcW69qrK+wgtVlWRyH6LW/KLZkd5BiEMnrUNtIq8r1xVqeeIqY0OaphNoL5rCUActNTQiYyg5PHpWpFErR5Bxiuft5wCT2qdLpuVU1opWIfkdHAqbSCaI50G+MCsW2mkZiCacnmeYQp4NPnE4dzTO7dgdDUYs3ZjID0pizlfkYc08SyIOOhrVINSnOChCDOT1pRMsYEbDBp/2gGXBGaj1EQSoHHBq0je/RkklxB5WJBnNZN0IXj/djbipUieaLI521AMENkdKmexUVZlFVDvtJxmupgKRxADniuRhfddKo4Ga6cMAma5obl4jVEcjoMhq4y9Ja5IXpXVSMp5J61y98FjlLA8UTLw61GyoqJletOs4j97qTVTzN/I6VPDN5bDFTFm0ldHS2rGPqMCoJ5HZyckCoFv0C7WGfep7eaObk9K1kzn5TRs51cBScYqd5FiJII5rCmxG4IbAzSXdxE1tuRuRUc1iXT1NRZ3Z8A8+lSncTxxXK2N5ul8wtkjtXXWxMw5FVB3FWhZFRtxYq3Ws9xskYdDW1NGRLnGMVjTNmY7h3oqaGdOZntHNJLtJwM10sQMVuUXsKzmjDjK8GrnnnygijpUpjqSuZLNmVifWtmC7AiwOMVh3Mqr82NrVTF62cjjFc0pam7hdHbLdPIoOaDdPwCa5y0viQO9agl3njmtFUMOSzL8tyuMs1VmnjlG1DzVG4lTYR3qjbPj5geBT5hKNkarDnDdKsxiLZlec1z11eSkYFSWlw+0k9+lXAk2SAD8g+aiVpouUYc9artOFgbk7xWelzNMQp65p21Ekb5vAE+bJqm2orGPmUipVgdsBOTVe7sndRvGAK05CPdGG9ViCOc96q6gvmKJR3piQKjbV6CmvvRSTkqKPZj66GBdWF2Y/kGc9hWLbWd3bz+ZtPBrrTdlCrR85ruvDvhq38SrKsNwIruNSxjIzux0wcj/61KNC70KxGOVGDlPY5Kyu3SENcR85yM8GupS5lZ1ljBBABrNutLuILtYbpCgRsHjHeu1vbewhVTZtkbR1+lWqRxVsTB25epQt9RaRXafBYdKguLL7dDvlc4HSo47Uu5cnFPDzFlhwVUVLRj6Gc1r5EGyM5xWDPG5wzp9011zW6yOcNVTyUkDRsayqxN4V7O5yx1VwpiyQE6AVeh1oOEcAjHUU+OzjLSIdpx3qhDYr9qCFwF96yUZGznTe50C6qsjBemakkkG4LjKrWcf7KSTEtxGhT+8wBqK88ReH7WPbNfxRj1LiuiFGb2icdTE0Y/aNbfFL8ooWNcYbpXJw+JtEuEeawnN2keSWhUuMDJJ47DBye2K4y5+OXw/08SRX9+YnTII2E4Iq/wCz638rOVZpQX20ek3vkN+7UZqmiNGcJXh1z+0p8MbWQhLmSc+gWsSb9qfwTGS8drNKB/CFOauOU4l7QFPiDCR0dRH07HkRsrj7x4qcWzIu5RjPWvka8/a50IoRZ6HNIR0z/wDtViyftXa/OgOneF53A9FY/wAs10f6u4n+U4/9aMJ0mfY+CJNuck+lVLmFtrMgyw9q+FL39rDxhay+e3h3ysf3gy/zFYtz+2R4vkyq6Kqk98Zqo8MYl9DOfFeEj9s+/wCwFxJC2f4TSeYxYgV+d0X7XfxAZzFaaQhbvtyv54qB/wBqT4mGUytYojMckgHH6g/zrT/VTEmP+uOC6SPvy602O5nV9oJB5IrYltkWDI+6or85ov2mvitdzM0EERA6gD/61OP7T/xOExtfs8e49Q3/AOqj/VOv2L/1zwf8x943ErqCo6ChbFZow0x618CH9qTxmTsurCGRo/qP6VIn7XXi23BX+yomUdAO/wCeMULhPF9iZcZYT+Y/QOWztoIg1oc46g9azmmaR8rJgjqBivh62/bH1CM5uPDnJ67Wz/M1ah/a904z77rQ5IgeuxsmlLhnEroKPFmDf2j7fWC4CFypO7oa0NIh0cXIGtkxw4PKnHOOP1r5HtP2xPCk8ax3lrdQxrjOVGD78Zrctf2pPhTfyCP7eYS3XzBjFYTybEL7LNJZ9hWrKaPobUoYvtMnlNuiHCk+lc/MFhQ44b29K4u0+Mvwx1JQkGuQ7jwATj+tSDxZoF1My2mowSBu28Zx+dc1TLq0fiiyqeYUpbSR1MJcje3zqf0qWyYRzswO4e9T6OsU0HmPICh7Cp5raBWJicY+uK5vZPqjo9tAlvM3YCx8ViPbTwNiT5hWrbE5Zd2cVBdbi3JrZIwvqYV7NsU+WuSK5m6e5Fu+DwwORXV7SrkkZrIvLdpFfaMGnSHNnBQKU3BTtkzlfr6Vh6nbmdHgkXZLJkYHrXS3FoTNlWxInP5VkaoFv4porf8AdXdtgn8a9fDrQ8TE7M8z/s6eOd7G6G2RPmU9yvrVLWtNVGeZztGOCeBk1292ft1tC+QJoQN23jr3+lcZq15BqUA0ybIVj95PvAj0r26MT5vFVDzO5mLIyTne8ZK59RWLYWi2mp/2rKALJAWcMcncfSukmg0q1uJLJ5naZDko64J+lcxf+bqbMmnyhYQMGE8HIruPIZRt9UmvtUeGSUC0BJyw+6T6Vna9pVxDqy3UMH2jzFwUQ8sPVcVBYXNtpszf2kiKkx8t1b76E9xmqGp3/wBkuEk0u7M8SZ2yBvmX2rVIls881eY6w7aYUMMtsWMat191ryuSxLyh/vgPg+oI4x+de263/ZzwQa3by+Xd7suGPO4c/rXFXdhC+7W7E/6M+WZc/wAff9a6oVOVHHVepGqqNK+zjhUySfUVFo3k2EVzqjn5UGxR2JPWsa8uruS3SK3yfMJ4x1NaGsoLDSrewncGTbvkUdia0h72xg31ZraDb7tZ+03C+WnXHrmvTvsLXsXlxKI9o7d68j0i/uNXARPla2UYI6sBXvGnTWtpYxMz5OByeu49RXBjtEYYh6XRN9tNjbrHM5TeMc1fju01C2CtKSE+7msfWdTsrhUt1IcDlWbtU7XFmttA0HzMmMjp0ry5Qujy5vUtweGJIphdtuKtyCRkVZvPCyXcLXxnaIDqQM8VYi8W3eqGPT4ojEucZX0Fb1xqtvp2nNBIm9nBGOtYybiiU0cnZabp9qmZZ3kBHUDFJp13BGzvHEcjIyfemWtwdQkMUSbBjuOKWxtTavIk7LhmLYBzxS9ncJzia6ve3VnO8CbmHOPavHPEpv5rZt0bJsPzZHavc9K1a3Sfy7nESLwD7VY1JtGvoXIVJY+mQK3pScDKWq0PJvhF4es7q21nXNQXdBZoEQn++wy35DFeMao0EOrOsvQH5gP89zX1jp6WXhzwdc6bZ4H2hy7e5YAfyAr5m1Eabd386hgZSSCfevTpVbxMmjqtK8CXmradDqdiu+KblRkA9cd/euhufhJ4ktrNb5Ym6HhAS2T0GAM/j0rnvCnjDWNPtodItE+0CNyyptyAM89Oetfc3grxDZeIdA+0TReRKrGMowByVHUfnXk4zETUrmbPl7whf+NPCURWfzYYmGAMFePr2r1+z1PULu0GpXDuy43YPX3rs7ieEzy2skIdGGDlc/pXU2q6P/Yi2piU5U4AAyue1cDr8zvYcXY+VfHviG7eM3EEz/Mu1eefbAryazt9YheGZXYByC5Jxj619q6v4V8I3OltCbZRMh3Bh1z25ry3UvB6S6Rd3FtEH8vKooHO6uuliUlaxozgtU8R6Zplmz2rszEYxu4J968o1TxPq92Ua2/dgAYwMnPt2ru7/wCDviZo4NQLERTPxE/Dpn+LB4I+leqW3wv0jw7otql8BPdMp3MO7HpnPT8K6FiacfNiPMvD2vajeXliZGYHcvmc/nX00+jabdwrFbRiVZOpIzya8Zt/DthDqBnhYQ+WQcdBXrtr4ntbHTLdh5Y8s4LE9a468ru6M2aWjeALCy1aLdB5Z+8XxjOa4Dx54b1LTPFrS6WWmaXGzaOnsa91u/F8H2OymRBiXCnd/CO+K5nxFq9lazrqwI+QAk/ToaxjUkI8b8ZXmvm3sLW+VopSSz57rjHNUvBzalp2qQ6jbAMqORhh1yOldP8AEDxpompQaaYmBeMMJPXJ96wJobjS9Kj1WxdXR+QCeQOoIrup35feA6jxf4l1+W3khsi9sMk/KeQeldr4JSwMGl/brjdIgVpC/UkjvXzjP4k1K7lWSRduT0z7V1FvrpsLSK7dv3iYGM9fwpOhdWRpCmfTGv6xpMM3kgbwBkbeF+grnvDHih7+aSOxHEGdwHUduleOxeLG1dlhl4RiVVielbfhsS6VqU11BJuR15GeevX3rirYRxWoTpn0PewRW1pFp0xCC4+ZsdRmsHXtIsZBay2cQDRjDMvU46VjW/iZNV1JU8vIVQMt1z6V1z27jSZRbMXlkIYL3HtXKjM+fNd8V33g/WZJrUlpc4K9BjHf1qXw98RdV1CeJ7/btlJG4DHy1r+LPAtxqE1xqN2C2+MFVXkgjrXn+j6DearG8FgNz244A44Hc19DhYUnFc3YhRZ9X+DPE0GlyM0q7Y50w2MHOD3ruU8T+H7/ADBbKgJySCB+NfEVxqnjHSb60ttXSTyWKrjGQVJx1Wjx94puPC+qRLZMVZLdXAHXnOf0rzK2Cnz+6zXlPWviX8P7LxDdTTWRVJLoA4JwFx/dx61meFfhbbafYtp94uwoQ+R/Fkc07wJq+reIdFttZaUyq5xtfooHYetekXnizTrSzupZ8mWEcIp69vwrKrUnFWFy+R4NrfwX0rUNcleyDAOi8Nh48+3evQoPDGneG7HT9MtLdWmgABIXBJPoKt6B4kvL61e9MRxvK89Mfyre8u8juU1OX544iGAJGc/SpVaewW8jIj0ee1nuNQn+VnVvl+g/+tXxn410PxbpJlv7aFpbNejR/MR9VHP5Zr7p1O6jvo43jfaufnryf4gNaRWcenacoZ2YOznkjrkfjmu/CVLPUcZXPmjT/BEt94VGpXpMc85MihuGry7VPD19ZTRsEZkzjIOefevqCbRtXu9PVYwyIvOOnHtXB+J7e40ZEjkg3SOuS56HHpXpxrK+4Nnlug6XLcaj/Z6ORKx7jkV3cmkHT4TFv3TZyxx2rHs9Tij1JL2NQs6DK8cHPrVu7vLu6je4R/mOc7egzSqyuxM6TwprcWk3+6cgLIcEk1y3jbUbe51d7teIs5//AFVh28sLQt9obLFufY1J4mmtLi3RlUZVQo+vrUQoR5rstlP+2YGjZIxtY8KRWxp9w8tj5RbA+8SfWvPLK1nlzKoJKHgCuk0ybahtp22uSTgnFdTglsZvY//U+Pn0Se3JutPuWidecdqrnXvFGnqWlInjU5OR2+tdlHJsYxToyr7ip10y2nzIhIJGMdR+VKLOTqcXF4m0y/JXV7RkXGOBkc1my+AfA3iTdLY3CQyjjqFPPtXbTeHJJotvlJKPyNcpdeDDK4ktsxMT2Bx+fFae0M+U4XU/gnf+ZnSZUnU+vGCPqMfrXC6l8JvFOnbnuLWTLZ2kDcOO3GQK9E1PxR4u8K6h5T+ZJDCflBTC4+vWuo0n42woEttUs9wcYc5zj3IIH86PaAfMr6RfWPyzoSSOwyaZBJLAQdmMevNfVs+ufD/xL5jxqizBcZICVwF/4R0y/wCNPm2A8Z4xmtBHhV88ks3mg4yKrxuAu1+CPXrXsF18KNZuUP2TZIPUnH61xOr+BNU0uTy7kYKjopyPzpiaMG2tZrokwDpV2SOeA4kQ5qjb/b9KmGwFBnoec1vNrzTR7LmEEg9aBJHNXkwKjJwDWBN/fJ4HXNdNqD2s7fu8ISc4NYV5GIwoA3ButQyigCrJn1PFbduCgDLzxVDTrS4vZ44LWFpWOcKqknjnOBXTRRCNeQDVwiRKVhDIViDFsH2q7Y6tewsM/MvoR1qk5BHbFEWByMmtXEzudH/aVrKxa4j25/u09bW2lAlglAJ9etc8zcYxjNSQS4YFvujisOUs23t5Y+SCwHcVXYndllYA9MCte31C3hQqrFm6jNXLbxLYIuy5hHPcCnysDC+3zKrEPgA9+lD6oeN4BGKuX0dheOHtjtVu1Y02m3EeC211PTb2rRSuXbsWmNjdbix2sOT6VFLYsse+EjYRxWMysjHC4PQ1eh8/AcMcZ6VLlYmye5NZLdWbeYhJUnoa9U0zUVkt0ilkxLxgg4xXn2nfPdBZRuX3qe8mVp2VCdo4GK4MRaSNIto+hdOvHhgHmvuY8BgetbFrq1xA/ULn06mvnux1+7tFWKNztXsea7Oy8T7sNdYYsBgjjH4V49TDanZDFWPZF1I3mEOQwPfpTWvZo7jyHYlDjGK4bTtcFyrsmQV/pW7Y6gJLlblm+7jgiojSsjp+sJ6ntNjdKsUWzg4zk8V6T4U1KeR/Kd+SOlfPt14jgdMY2k8ArXT6HdatFbi+tXWbI6E4Nc1WlZ3NvrCasfQWo6tNZTJEyqykckHIrvPD15pV7aFWlEcnQjOD+VfJY8ZyeeY9YZoiODgcCuvsdeWQ7rW5SdAvODzj3FR9WbM3WR6j4y0G9kbzYJ43icY+98wI9q+K/iLqawz/AGGKQlmJ3c9xXvWva3cWdt5plZBKuBhunvivjjxRfyT6zczTPu24x35NdFKDRzVqpxGoytJKysd23rXMT/MxbvnpWrNM7Sv8uA54xWTO2Op4FddNnmVHdlJ1DDGSDWraQjhjz6VRjUSsAvRutb9tGqEDsOlOpIlxsXLeBWcb+o7VqQ2/lMzDoapRlgSc4xWlC+/G3r6VyVGZtGhDp11cI0sKblXmpEDAZcfd7U+O5uYB+4kaPOAdpxV1pwyBXH5VySdyjOcI/CDFU5IwA6nvVyQAbjuxnpVWbkAnoaFKwGFJbYfLNx6UjooUhQQO9bAiC/MfmNI67hllArqVTQdjmLfSGv7kRr8zE8E9vrX6G/CTw147+FugnVBG5iYeZtTkOScnevUY6e31r418JxCy1y1vWwuyVHUnplWBr9eNA8ZeGdX8Kxq774xHsKkc7VHG4Hp+P1zXzXEdSpJRSWh+n+HHso1pzk7SPkT4j/tAeJp7eLTHkRUnDCRCTuAHHHTGPfP6V8ZeJPJ1vzHuAHLnOepzXoHxbk0o+Kbx7HD5cgMpG3kljjnGMk9PavIjLHB2+979K7crw8YRU4KzM+Ms4qVJOhzXRyN98PYLxjJbEQ+pBrlZPDl/okuyLL8/eAr2GK4DISh6evrVu3YTZEuDng178cRPqfndz5h12CVZRKcsxPze1Zcc7P8AL/dr6D1Pw5a39yysvyk9cYrlNW8AWNtabre6ZrgnIUqApHp659676OLVrMpM87jjO1WU5z26129hoq6pbqFPlSR9wPWucl8Oa3ZFrh1KovQg5BrvPDGpWf2drecbJWH3vf0qq9W6vFmUpFO/e20G2+zGBZCw+8eua8ymtGYtMw+VjkkV3fiGRJr7Y4y314rMjjx+6C4HTBp0allcnnZw8kEg+4MjtjrQiiPHmj5hXo1z4dkt7I39uCXHIXFefztLJMzzRlCe1dEKnMawlciTUHt5xIh4FTalqn23YQCCo9e9WRo/2mPdE67yOhNZc2l31u5jkiz3zWrh1NUk9SASSOuG4A6c1t6Pqs9iGMTspHUA9RWAYnDhSOavxRSgGQLkL1zScUwcVY9BSK317yVRykoYLt78+tfoT+zr4ct/Cnhq41S8iCyX8pUM3/PNMYP57q/OTwjp97rWv2Wn2iENcSpH8vON3f8AAc1+lnjiHUvDfgqzgtTtiWBIIz3LbNoP5c/WsI4e8ro4qrtGx5l8TvGsMk+sa5azK8cW+0tRnqASoYZx1OX+lfGci3Gx7nfyv3q6vxzrM1tdHSnJxFtdl/2mH+FcPDqqm1eFFDswxk1rWldglZWI53LRCRost3aqkF8YJSoJKN1FaKXRFsQyZx1rmbqVP4BtJrKw0j0e3gg1O3SPJDr93Fei+HNLvLfzPOcLAiFtx6/SvKfB2pSpm3gAlZ+Oeg/GvbElddOZJipdl2FQa4MUmgLPhm00bSpbq+jzI04KqfQnvW6+tRWcBuZiVMYPzr/WsnS7CytYUL7iep54BNM17TngjfyZg0Uozj0zXCxGRB4isr66Lxlwo67ulcT428W3cM62Ol3GIiBnbXOvqFxaSvbOikbuo9K1brTNLmt1uplIfAxiu2lRjECnaeI5baJSJd0nXJOa6bRfGFzcSrb3EYYn+Newrzi+sorZP3TfezjPpVnQsiXzFbY68HPTFa1qcWtA0PYNe0pfEGm7ByyMHDn+GrPhbwzpOjRt9uTMk6BRk4Dc1XHiJ9IihRYVnimABJ6Cuovm/tiOGdCqhFBwBkCvNnOSVipSI420W3Y21nEkYJIDDHNN1azFxpU0Ma+ZIAfl781Un8PRKiSLMSODge9W1uPImjjj3FTjcSeBXLdmRzvhyXy7VkVWSQNhvYVrW82pwXBmIEkGeSOtacq2cnmLEQjyjDEdzXO6g40xFgaTy1k6E+tby94GdVdxW0yRsi7C3JH1rzzxFcXenSKtsDycnIzxVtL+9hmRt/m1oRSG+lV513ODjBFXCnbUDz19ZmlkSGRthbOMmt/R7DUJbtYLgnyJR98c1rX/AIb0yaJ5twFyGyuB2rHhutRsAIreUgDPJrZu+xodqLi0guxp6PudFxn1q8+rKrbTDsK9h3rzCPULa3uY7q5kYyo24/7VdFea8JLlbpYWCP0GO1c0qSb1YHe6tOt/GoZsqiglcj0rFijtY1LwIsbHpzkmuWvLt3cSbCodfvVzaa/cpciFowyxthWzTpUOxSgdJrutX1pqYjuGIjMQO0dcEnFYnhvUY7zUQl1Kditxk44NVvGt3NLq0EwAO6JFb6LmsLSpbeBrhjEdyqAD75rup00o6GyievWtlE13f3txOCgjbapPBryxLBb6+feRGsjYUnpSxavNdW8sUnyuwIXmreh6NeavbOpcBIW538UJ8hZTvNGNjMJln346iq1xYWi7ZVl4PJFburabewyCM4eMfeYGshLGaZcxr8h6GuyhUuddIyHlQSbUHy5xXTaFrd7a3UdvBhEJ+Y+1Y1zpz2o3Y3Z/nT9L0+/vpQbYY2nDCuipsbwXvHs0Op6fdsFZNkozjAGOleq6R4L1G4tobiOdZd4BCnsOteYaFoOnpbo15Kv2gsfkB5IxXqieJ2t7WG2tgYjF8u3nkYx1rxa6PdpvY6FdPlssW8ihm7muhs9Ffes85URkdO9cr4fuGupJJrtyT1Ga6mCUvcrJNJhFPA9a8monY9fDPY7qyW3t7fd3qewmDySOxB54rnJr1WxGvI61c09Hkc7B2ryqidj36G6OzgKtlietW4xjBXrVG3jYAMwwBWxAUyCBxXIemi3tOwCrKYCZUc1ADtOWqdGAbaOhqJI0izTtWLJk9ati6MEuCN3FZS7oXUryDU88gLZHWsKsex6NHY6G3vFR8suc1ql1lVWVa5y3AZQ/Wry3ZQhB0rk6nXF6nTWkZuDgdRWwkcsZEZGKyrC4SECRu9bMmpRSMHVelJRHzakmRuw3T0qZogV2+tUlkM/zLwRVqN/MGM9KUkdFJDBbxkelK0Xl4btRLIVIVetSn5kGetS1c2t0IJGwMHoaoXsXnweXG2Aa0rookPAyaNPhDrmfpQhq+5z9laiBsnlh610MdyhXceopJIgsrbOc1HNbyxBTtwDVcli5Nvcq32oCMEhsVR025M8xcHNXr6xiuIg+7DelRabZBASg5o5Lm0JpR1OrtWIQsegq3bMHbPSskzCCLy271NZyGZtiVvAwbOwaOE2+FPzYqpHd+UNiHDYxUEkU0UPHJxVS00i5uWMm8IBzya15WZQiurLkc8kjMrHk96iET+dlRkVSikeKfa7ZAOK2zdQIQ23jvUqJU3bYtxK5UrnaakiuJ4cqc1SiuI55lEXStZYi75PWm0YSlbcYrrKSXHWrn2YKu/OFqnJKlsfn5NU5bt5MnPy0cg1dm5LqEK24QDla583bzOwU4zUKK04I7VPDbhVLMee1HIa3USDyXJJHJqSN3HDHnOMVMSF+cDp3qxGdOsQl3cNvJPSsw5iPaxXO3isy5AR12d+tXtV8RS6i5MMYiT04yRWFPMyxhm60WNqLla7NPGVBJyaN+Ew3NYkWpPH8uMg1YF4SoDDrW9zV6DfMfzeuBmtZHBjweprHR1Mm5ulTvMGB2Gi3cqVmX42QkItI0R3Eq1YbTyRnKHmrsF67D5his+Uvk7HQRJKI8r1qJLySOQKRz3qAXbgDnFNhmWSTdmjlF6nWRyxSKrnr6UXFyqkDbgVnJLtG4dB3qN7gOuGFaqZhGOppeTEw83vWU4LuVNXo5UjhBJ4rLubtBN8nANWpG0OYlRnjDKOKwrq5MBbnrXRSPGLUs5wxrjNTljC4xzU1NjakryHW8jyXCyA966h7oLEC44rk9M2tgsMDNdDcbBHtzxXPDcdbRka3Ec5wvGKxtRdH+WrjeUifIcGsaWRfMz1pM2p6MhTcOF71KxKHnrTZHEa+YOhqk9yXbaOtJGyWhrKxddueasQl0YqOBWJBK6vzxWqs0ijJIIFW2ZOJLfSyKgbNZDztIhUVeurlZQCTnFZhwpyOhrGY4oLGQwPyOc13ljdsMbuM1w0X3+BW8l00UakjmqpuxjXdzprm4wrPnJArnoLkSvzxUgd3RmPes6FW8446CnN3OWmrG6ZkQZzk4p8Vyr/eqmojyCeaduCjKjimJrUytUWRpQQaySHMmzNa8k6mQA81WleLzcoK5prU7Iy0L9qrRFVrSkufK+7WRFPgAt0FMFwJmOKtRMJO7ua6xPcxs5OKqwkxIy06G5KjYO/FMOGYqWwTWygYOp0Klxdxxo2/t0pNMvRJIEbpmql5Zu4Kdql0exeJju5B6U4UpcxfNHlOinGRvWoIkdSHII+tdvb6Hf2FjDrflh4C2Ovf0rqLXQ4NeiF06mBQOBjGa7PqzZ5U8zhBN9EeWfb5IyMNjFP+3NcRbc5J4qLxHp72uoSRQEEJxV7Q7CDyJXuSQ4HFYODO6VSDhzmZHa3Mkw8vlepzV5UZo3U9CKsW0T72OfauX1PxXoXh6Ypqd7HEGzglgQcdcYzzWyg2YVMRGKu2XbSw3Ovmnoa9a8MRaNp9+ZJSY5DHhWzwPXP1r478RftMfDvQlMccxmm56EY4/wB0k/nivDPEH7Z88sbW2g2pJTOHAxu9M7jXo4XKq89VE8HMs5oODhOdj9PdRv7CWZre5QSJnIf0+lc1rUnh/SbMah/aEYiH3/mAI/PFfjzrf7S/xI1sO8N0bNH6Lu5x7mvJNR+Jfi/U96alqszpIeQHPX8MV6tPh2pL43Y8CXE1Cn8F3Y/Z7Vvil4K06MNJq0QPtjNef6h+1B8ONJPlSXLS7eSQMj9K/ICfxJZp/wAfNy8rdSCxP9azpfGOmxB/3AkK8jdXfT4Xpr4pHm1+OJbQgfqFq37YvhtXYaRp73OD1B4/p/OuEvP2rfFWpysNH0MqOxOCB781+dH/AAsRIQRBZLjsRwf1qVPiz4jgzDaMsSsOu35vpkf4V208iw0elzyq3FmKltofcN18d/ipciRoCLdHJ55yB6YzWXa+L/ih4kZpJdZWFIyBy7KefT73pXwvc/EDxLd5826k/wCAsVH6Gsk+IdYcMTNKd3/TRv8AGuhZdQW0TzKudYqf22fqx4C+H9t4vWW68WfEH7G0ZIeGKTMgPPJPTHTqPyruPhv4R+Dlv4ovdL8f+KJbuOF8RLHMDuC5JLE84YY+n61+Odrr2rpu23Ei/wDAz/jXS6f4r1SIZe7mLLyP3jdR+NbRoUk9InmyxGIk23UZ/WP4Jg8GweG7VfAn2b+xwuIja7Shxwc4/i45zz61+eP7XXi/9mHwlcTaXqGjWVx4jc7pmtlCFWBHD7Orevp068D8p/Bvx48YeFbeay07Up4YZ+W2Od+fUM27H4Y6A14t4q1uXX9Tm1CSaaWWRjlpm3MQPfpzXRyRtczjTe7kfQMvxf8AhpZao9xaeHkeEfcMioxX2OeT+Zov/jPoWoSCTSNItLZscoyqM+4xivkiXfI3znHpn/OKrlC33jzn/P0p86WyM3TR9TXnxzv4oRZ2dvawr6JGp/Mkj9KxP+F1+JoQWtp4ofonJ/M184mKPOd2aPbea1dZvoEaaWx7Xq3xM1zWvLkvJ1coMHvnP0xj9a5STxjdRtwR6jGQR/OvOmGDkNj3qPcv981PtH2Lseg/8JpqKuXikKN6g0ybxrqsiFJbhjn1auG8xMAb+aaxQndJyaftX2J5UdnD4xv7U74rh1PfDHmpJPGt9KBK90+71yciuBfYTxyB0qNgmTkCn7WRlynoMHi64BLvMST708+JQ4LmTmvM2RcjB4qbyxnGeKXtQ5T0tdfkCht3DdM1GfECSrtYr7muJn1COS1S3CgGPv61lSSNkbGx60e18g5T1Ma0JbZoXjRgOhNQ/b7UoQ8C5PcGvMFllT5g2aHlux828gt6GhT8hc0jvpdStF+UKVb1BpsOozxtuiuJUPqHIrz37TeR9TkfWpV1G66EcVT5Xui41ZrZntNh8QvGOkf8gvWLmLsf3hII7A5zx7V3mk/tFfFPRkWJNSW4jH8Mgz1+mBXy+NUmHWpl1U45GDXPVwlKfxRR0U8xrx+GR9w6F+174t0xy2r6fBdoTltgKn9Ca9esP2xfCF+uNQ0+W2btty31xkV+Yq6pGrEMQc/hzU5mtyAz7SccDOa4auQ4aW6O+nxDiY/aufrho/7Qfwy15lWHVktXbI2zDB/MZFehx+JNB1iJTpWoQTDHO2Rc/lnOP51+IxkTGEPHqDirljqWpWRDWd3NCy8grIwIPtXDPhOje8JWPSpcY1LWnG5+yWoRtayLLIR854I71zuo2zzu99bkiZVwQOrD/PSvzI0v4z/EfR0jtrbWJ5IYm3bXffn/AL6Br0zRP2q/Gdg4XWLSLUExg4XYfqMHGa55cN1oaxdzdcT0pqzVj6v8/wAiRZH+5IcV5741sZxBFPojFbvf9wdz7H+neuFsP2jvCl+HTU7OayLnKtxIqn3wR/X8atTfFXQ764tk0+5t7hMqWY5QjBHHJA5GelXDB1Y7xOKtmFKezNjTNbbxLCsep2YuLq25ZwCrxE/ewepz6VgXuiySTTXmiz+dcW5JMYGG29D1712fiu1a+V/EXha5SK44MixkKZV9Rjjp2ry6G7vb15PIl8m+UEhSceYV5wp9Sa1dNnMqiJNRu/D+t6c9p4gtxFfAkLIRtZWHHUc/nxXgmtafeac80MMxl2H5WQckev5V7Td+LdLvLKS08RW6S3C5G7BV8jjOR05/CvMg9jckmK/Nu6f3wMbe+W/x4ralEiszh7XUFu5vsty2TLx8x6H3NbBj3qvheBQHky4ccjcfr9Krt4fvDdXOpsn21ISWDxDcpI5zgVXjvntUF9EuLjcCzEdB6DP1rZmJpSrHYalaWEibpIBvlbsFFeb61qA1TVJ7tsqjMVUewrvPFF0kaPfRErLqACgeoHXFcTounCa5WW+zsz8ijue1b4f3feZy4h62R2fg+1kW5S5tjgDAYegr0vW74SJmA+XHGOnqfWuRhmttJuI9OshuklXzJD6DsK6yK03QKt3grKCTn+VeZidZcxyydlZjhYvqenQRwgPPJjYM85rH1K11XR5hBeBlccZHIFdv4cV7K4jukQKtt0Y961Ne1m01OVpJI8STHhV55HeudyV7nBM4nSrrVNwuY0bC88jHFdHqWrM+nPcuoUA4rFm1G7swymEmHBHI6Vx9xrs17BJbqm7YeAOtS4qUrmZqjxDcABRmNehINV/+EkumPk28hMvQHGa4TVbvUIbcKIWjBGcmqPh/VTb3izTYLIe9dMcMmiZRuej6rrF+9r5lxIRMgwOa634bPNrUEttJMzPIRt9q801i7h1choeMcgDrnHNdx8ENO1C/8V/ZrTISCN5ZCOwGKTpLl13HSPTfiA9lp1xaabFl2ESNkd3bI6dsYzXkmk/C/Vde8QW9sw8qK4cs02NwC4JHHr2rq/Hcs+n+N4ZNSm3rDMjEHAHlhumP92vSrLx/oM+pTQ6YyRpaIpDKwIPrx2xXLyyj8JnJamn4Y+Dlt4fNwq3QkeZdpkdfX2rBiu9Z8G+IYoHZTDE/zj+Ag9/yr3Ea7Y3+jx6xBOkgaLgp1yOMECvlPx1qWqpqEl5cS7A43Zz0A7c0fVuaPvHO5e8fRWh+JLPxBrEkK4iLrkc8c+571uXFvqFm7+TJvUHjHTntXxr4Q8a3mmNO8R8yVsgb+SPevpjwN8T9Nlt/K1dlS4HTPIY+xrz62E5dkW1bUsf2htungmY7nb8s/Wu9W3ttPtkjtXWXd8xHufWvA/GXjUfbmvLaFQozuwevvx0rM8J/FB7fWLKfUDiHevmKeV2d+KzeEdrji7n0lBNDJu+1qF2cgdKxPGDpcWM93EqokUeQM/3Rk1lXvxB8K6lcXSWZP3SQQpA4+vNfPOo6x4u8bXj6L4faWYPu4GRhR3JGMKPr+tRToa3bNVApal42ghupLYrvYnHXmul0W01fxHCLazgby3PBxlQB3J7CvG9d+EnxE06e4m1CwlREwWkLAgA+nOT78cV778OPGl3oGgRaSkQJgOxXbgkMcnPryeK9DExgoXizOcLHvGjeGLi40S1sNRdkeJQpI5PHpXE/F6GLQ9EDo++NAELsP4j0FW9W+IV5azx2Ea+Qu1SW78jr+NeZfEnxlaXWgLpEjLNM5VyAc4IrDC0eZ3ZCR4GuoyXshixknoPSu7s9Xv5EttNmmJhXAUZ5GeKk8JeE4tfgk1AZh5IGBySBWTq2hXmk3ZfBaIHhh0rulKMnygz2zXvDdnpGnw3CyJKyY4HJOR1NfOGq6xLqczJFu4YgKMnH4CvXrex1fVrq1t13uLgBVByODXqEPwft9ItH1CVSsqnGQnUmsfrSpuzNoSPnCWz8TQ2dgsEG6WUbkC5/UV7n4M8OanBpX9t61deTPyGjfgIv1rIOoXs95Gyw8WeVBUcnPAp1/pvi7VLZl8wxwP8AwseCPeuapiOd+Q5yPZNUGl+HdEgvZbxDcSnfwcNtx/CO9c74Y8f308UgabcNx255IHrXzpqdtrEcqx6hK0vkDYuTnCg9j2r17wb4Yjj8PQX8t0EkndtwbqorKpTio6GFj6Fh1Rb+2hkRg7ONpOKtv4atPDmlXmvgqA6FnI4OBzgCud8H2CPDujnV0RuNvINXviu2o3ng86dp0Pns0qBgv3tmD0GfXANcdOtJSQWPnXx749bVNTs7LTf3cMakt0LFs8YNcL4/1F/E99p/2bLSLCsRcjBwOucV0+nfDfxZcxyXs+mSERAnLdce2eTiu18J+FbKa0fUb3hotwUdABjrg+9e19ej0DmYngjWb3QdBtNHX/Vpuwx/2jnBqomtwprN6l1J5jXLH5Rk4JP9K5nWdS+V7XT3wdxBx+mK5Pwpo1zqPiGCSR3JEq5ZuARnn9K5nDRykLmZ9QPb31vYpbWsYRYuQE6Z6msvxD4k1fStCjJK5ZsHcMnA6ge+K7C1+zwXMc11N8saYKg9c9uK8L8eW3i2/sJZbe3dLJnbDrg7PrjnpXPRS5zaxBafEmC1ivYtUkbCozooHAb2+tc1oXiuLVtatre+clbh/vP/AHe35V4xLaahFbySXLnP3SAc8DjmvefC/gyxu4dGgtHzcPDHM7HkgMuTj616NTljHmFax9NaLFodto9w2qSR7VHy+oU+1eG/EfRfD90nmWlwpZeVBz0aupvfDV+tysN2zFHGzOecdq3JfhlZ31l5n2iUMgBAPf2ryKeJjzaMzZ8uaJ4IS71Jic7dp4PQ/St+58Jf2bFJE0aqhyVYdxXo+reGL3Rg0+n/AHQxXJPzCuRl1d5QthfMHaPIOetdvt5X0Cx5OPBt1d3UhhJweSF6U9vBT7MXBxjs1ekpfWltOv2YDDjAwaZrkf2m2jMD/vT8zc9q19rI0ex5SYLG0uks0TljggVX1vStPaUFI8N096gt49XbxAHePBL4XI4xXrtraW86tJcR5bpkDPSt5YlxaMpH/9WmnhcTkKYkAP8AE3Jx6VhXXgjSbS5Jy0Q/uoQOfWodF1m7iVi8rENgDv8Azq1qF3clXm5bIzn/APXWlSk90eTTrJnC32g31vdCKzlEqsTwRtwPwqWKeXRrYzXcJdkOcgbiPTrXX6a8N4ym4ysg4ya37W0t4rjFwiybwR8x4zWFmdR5ff6r4J121WLVbQdOjDaT+IINeR+I/AXgq+LHS2WBm6Hlzn9D+tfVlz4Q8PX+JLyzVsD7w4Yf8C615X4q+HOmST7tFuGtOOVJLgfjnNCMz5M1n4a6nZuZdLkWTBx8pzx/OuUa08T6JM0apIAecjIU/Wvoi48NeJ9I8x4G+1Igz8oJNZya0ka+Rq0Gc9RtJOPf0rcnnPLdN+I2tWJMVyuQB/Fn9Ko6l8S7jUJAJoVZBweP517F9k8D61EYTCAy+2D+FcJrPw10mV/N0mXb7Mf64oKUjjYvEmg6ioW4gEMi8HK/yNRS+H9MvsNayeWW5G1s/pVS++H+s2Qd0TzI+uQQDXLTW2sadKHaKWHHTAYCtANW68F3ylnDbtvQ8Zplr4ejjVluGzIBwOQKW08Y6nb/ALi4V5R6sea9K8M+IbHVJzDLp6SsR1ZQRUWI5zR+HF5Bpq3kl2qLHHEVG0ck5yM8f5zXz/NIySzyRKQjSsdvoM5GBX2h428L6Tp2k6dNHItib7siqvVQcdK8S1T4cxAGW3uvO3nGDjJz34+lUnYGeJJKHbPfOa0YCS4Cnk9q37vwbe2TMFj3hR261ifY7m1k6EFeo71opIhItBfmIbqKQ5x6VA7T79+CRioWvkXAcEe9MViyJSDjPNBlxwRgVnvIkhLRnrT0YgZ6H3o5rDsX1HmH92QG6j0xWnDHfxIWU57kdsVzLS4I+nGK1rTUbiBAU69x2xWcpXNImv56ysBLHtb6VKsW8YQdPwqGHUTMczR7M85FbUJtJn3REfKM4PWuWrKxQQRwpGNuQ696zCF3sR1zXVSW+bYKi5Y/3awzavDncnOa43ICoAy8qOtaVnGzkKB371R81GYp3FXIT0CNhj1rNyA9Bs5baztWWQHp27mobLWrMt5Uk3kMDwT0/Gs1UmniG85CjjHNZWpm2SIQ3Cspz94Dr9aiM76FRdj0ez1SRbhLdgt0rnAMZ7V7Rp91bfY4hZ74ZAMEHhga+MrZbuGcXFjOYmU8AMe30r6O+H13qep3CSalPuMa5wfQUvZ3ZUpnoGp+U1sn2naXPIPciswPawKCowM5x6YqTxDe6LPdLaC5CSRqWJPAFcTPb6lAxu7S5S4gZc5BzgUVEFzV8QeJltrZkF2zyPwoJ3AD8a8K1BzNMT1B5J6mjX9QSe4KE/Ocg81kodpGGOP51zMznMpzAmTPOBWfOgdmwelasr7X5Geaz5MMzbF4NVBmTQWsQUgr2rWUbV3EE8VnIUUDGV4q6kyuRhjletSxNGoV2oM8cVqWQ2ZZhk4rD3eYwUc10Ns6qBG3U96yqEl6Jt+cjFWQAy7V5OaR9pBAH41OQFQZODXGBUlVemMEd6pFR64FX5snp6VXEZkGwjj1oARYR1PFZbB5Z/LC5B4x71rXBMUe4HJ6U7TYBLcK+M89a1pnQTkGztl80bOOPSn6X458S6RC9vaX8vk8/J5jBf0NUfE82Clso4THTpXKOwRcgYIrSVJS+I1pVpU5Xjoy1dX91eSNNcku5OTn3rNncbtx6ntTpHwuV6mqBmZ1wx5Gea0hSS2Jq1nJ3kx0lywO0fLWpYagVBMwBA/OsEENw/JqfaYxjODWj7GLkzRk1d/MkZBkHjmuegnmlvT9pYkk8Z6AVO82wEnkjrU0QWUbwOT7U0rIOZnbQ20LwhPLyCMHPSqL+CrG8jaSJBGychlqnDcyIixq5AHUV1sGowNAEVthx3rmlKS2Mzy/V/Ct0yGVIt7Jn5hXnAe5tJWWVCx56179ca3HCGhDE7uM9q5qUaXP/rolZj3NdNDEStqgPMpPFU2FR8AKMYqul7p9zbSx3cfz9QQO9a2qeGLOeR5rP5ST93tXMvp13buElX/9devTrQtroXAq/ZY5ZFe3b5+3+TWnbvqVmjGeJp077gTVOG0n8zuu3p2rt7TXJ7W38m+tfNjA+8orfnVtDrjB2ucxEmgTRsXiaGc/dQfdrPuNMnaMiBMqT0r13wL4a8O+M/E0cM26KFQZXHPKqRkHuM/pXtev/Djwajf6DEYHJ58p8L+AORXFVxSia0sNKWxm/sqfB7UPF/iI63dWzPa2RGB8w54LHI46cAE889OM/UHxrjzdvphPkW+hwNPNk/8ALQjjPsM4+pr3X9l/x18MPCHhGTQby6EOoov/AC3AQSHrjeOOT69/XNcF+01c6HceD/7GF2Bc+IbkXEs8ZXZ5bEnBcHbyM4HPTnHGd6GLja5w4zBTUtT8iNf1GXVtRnv7hQJLhy2B2HYfgK5+eNYId69Sa908TfBTxLEpvNDkXUY1AO1ciU59AMgjpyD+FeNa1pupaUzWuo2slvIpwVdGX+YpKqnsJUmQPK32NWXkng1z10WzkHOKv7XWD0DdM1mzAMuBxz2rWJdONjsvC0bTJKyJ14JHY13Mct9YLb8O678DNeVWGr3mlMqwkopI3DH3hXu/hvXNP1mFEnKgRkfKev1rhxplI7AO0duGjZS5ALAe/WsPVNXa1jP2hc7hxnsK0I9PjtriW5Z/MD8gqeAD0rntbePUNOlLTKzxkgL3xXnRXvEo4y8ltEDZ2s2MgdTUd/fvJZRrbRksq8j3rkbmB4LlXx0we/Irdt7iZT58SbVA6CvSUUK5y5j1S8m/0jKED+LgCt/T/DWpR3UFyZldTx8rZxXTW97aT6ZNLcoDO3A7mqem3FzZ77ryiYh8pX1+lTUqJIq52OmabJZaoI76PzrdgM55Fd1LDHFLG2nMEiyAU7AVQ8MSXt7ZedfWpiT+HdxkfjW4dPimieeFsPGOVH8QrxatdNkOJJiG5BiD7QBkEGsqOAC4a1RvMXrn0rajsoZ4lVB5JGCMcGsd8adNJG4/dnncOTms41Luwco8WPkyfaTIHQH7pPNUPE0NnqUAxkSxDKgcfhkVFcWd9cDzslIzzycHFcnq13NbSJJbyZYdcmuqjdhymdHPe2M226XamMgnqK6iC8aRUaBjtf8AixxWdp+qx6tm11C1BOeXHTFasxsrPFrbDEUY4zya2mmh2Lmr2t3FJFJZnejJlj3z3rgLiW4mufs4clj2HUfhXR6jqI8tFhmYOpBA9jXRaRoqJcJf3YTzZFBBHHFJS5UaS2IrPSdDhtku5UMroF3bx8uT14rVbXdNggaRwixJwAMZP4Vd1We1tdPmRY1ctjA7nNeS3en3AEd5cRMsJbjPb8K54xU2ZM9UnaLU9MkNmuTKODjkfWuBl8PI6xR7mE6v82B1q9ZePdN0+L7CLdy44yldSjW9yqX8TjEo68ZBPargpR3HHQxJ/Bv265F3JcbY1UZG3J4rak+G+ky6RJe2t1IkjMByPkA78U7VZ7xY0W0fanRyKcuuSW2npYb9xkHOCM/iKzc6jXus2lUPNpvCS6ZfIkcvnANzk8EZrp9UtjYaQ40uIrG8m6TJ6fT2qDU7uaLZO0JZM56f54rK1/X3MNvaQkhZ0y4x0H+FdS5pWNftkNrbzXsu65k2RY5PrSp+6Zo4vlRDhR0z74rd0X7DFp+9x50z4ESnpn1JrBvIjbTPHu3Ek5PXJ9q7qSsepTRR1WVEQADLkc89KqaJeXSzYicqM9F6mi4t7ib/AFeOepIxmtDT57PRsvtWa49j92uqRS3PYdA0MLsmJVrl+QWPIzXpukabpbtIt64WQDoOp+lfNOlapez3fzyNudsgg9BXtVndW9na+b5nnXbL1z9yvJxEZHqUGjqvk0xyZgPlOVweDUlheTXd2Zj0bgL2FczpqXWpzrHctkMa7q0hg0+4EYwWxxmvPqJ2PWwztY6W0WSQBWGMetdFp9z9lmT5dw6HnFYC3tvEN1xOqjpycD9aybnxt4XsJCtxqMAK9vMUn8gTXA8HN7I9qGNpxerPZJLwMgJG0VJBc5wijr3rwnUfjn4F09ArXXnyAcIowfphuf6VxN7+0/4ftwRaWLzN7MMD6n/Cpjk9V9DeWdUIrc+wvOQYHUirtvmQg1+fd5+1LqO8mxsxGPrgn6H5sfpXPXH7THjCZSlp+7Q5zvYyH88D+Vb/ANhVWcv+stFH6beWSQxbAWkaa2RvnkUe5IAr8n5vjp4+mJX7a3ljpyQQfUf/AKqyZfi346uc+dqkpU9s1vHhyT3kL/WuC2R+w9vqWnJD+8mROcfMwH86ik13QoXIku0Uj1PFfjefiJ4rlG17+Vh6FgwH0yDiqTeKtfmO6TUJ+P8Ab4q1wtDrIcuNrfDE/aqLxf4XjRd2oxcf7VXV8eeD0bB1KP8ACvxCPiXWsEfb7g4/6at/jTR4h1ckZvJ/+/rf40/9VYfzEf68y/kP3IHxK8FwxnGoxAnis+3+KXhASlBqUfPHJr8VofE2qBDE9xKwHPMjf41XfW75m3LeTp3/ANY/+NH+qcH9ov8A18l/IfugnxH8DOPn1OMn8KkX4j+Ch11Fcf59cV+Fi6ndOf8Aj7l/77J/rUqapOGwbmTH1P8A9as/9U4fzGv+vsv5T9y5fiL4HlI2ajGPr1qxY/EDwfJLg6pCE92xX4ajW7wDbHcuFH+1k/nyadF4i1Nc7LuYEf8ATRj+maf+qcP5jT/X1/yH7qy+OPCXmDZfwkdR84ps/jjQJxhb+LHoGGPzr8PLDxDrjybY9RnBPrI38s1ov4l16wk2NfXCg85Erf40f6pL+Yr/AF8/uH7Wx+ItDlGftkZX13jFdVZ61orW4WK4gOPRgc/lmvw0g8ea7EpxqUwZuhL1u2vxK8WW0G1NUlGeuGzn881nLhV9JG0OOYdYn7MTXqXs+yCZGUHqpB/ka3LNGtGyGBJ61+MVj8YvHlm+6PUmJ7ZFdbB8d/iODvW8D7fUEH9DUPheotpHZDjag90fsrFctc/ugRuxyaZNbXCA7pMHHAzgflX5QaT+078QtKXKusxbg5BBrsdK/a08YxyefqUDSID9wAH9S1Z/6u1zVcXYXufojNbXmDIqk469ant4LiZcP618b2f7ZRdRHc6XsGOuBk/qK9A0L9qzwlN8moQPCWIySMD+Zrhq5HXj0O6jxNh5bSPr7RNNtIWM11J26U6+1KKKUGBcAcV4tY/Hn4c6oirbagA57cGtyPxp4a1WPfZ3ySHPQHNcc8HVjujpp42lN/En8ztrq5E7bs1nE+c+xGxiuPl1rE4WJgQfeujs2L4LYy1Y+zPVi1bQ62CKONF+bJI5qGW9htwUI+lVLVvLfDc5pL1FlAIwCKrkMrLmKzX6lTjpXP3Uslwco3yg1ryW6eVwfmPvVFokjXHf6Vm6RvCcdi/aPD5IaTkjrUNy0My5Vjx0rEaWQy+WvQ1rwWlw67I0Ld+BShEupJR6lPZ3qUNkc9qJmuLYtHLEyHvuGD+tVhMDyv5Va0KjUuMkuAGO1qj+2Ed+tUXtbi4uMxjj2r0zTvDnh5NNM+plxcAZ+9jH0HehxbCpioxscEkxbknNX/NQRh/Wse5kWOTZEuKkXa8f0qeQ6KczT+1tKBEvX1q1DI8KkdayEjZBkdBWnayiUBXrnZpobVrdNsz2qZ7sFTgVWiMbKUWpFaFBtatSEUXvLhwRnAXNXdAmtbm6f7Y33Rnn1qK4ihETNG3JrmfLlidsfxVPwnXTtOLWx2t3KkshjRsgdK5y/jHJY8dqfayBAGc81XvpRN8o7Vc5e6EFysfDKsMfFOa9aU5JzVdoyse5ulYT3flviPIzWDlYu13c6WSTaB2rIu7kZwOcmqZuZZBkniiHa7/OarmL2NBgZFGTxio3gCjcvU088AE8VQluTFnJzRzEc12WYzhsmrnm7lKgVnWz+YN1WnLBcjikT7SwjI6ZPaoZZQF4602S5bAANWfISRAznrUOLDna1EtZgTk1qbxIwQViT7IE3JVeHVo4XUucmpvZhbmPQo1Cw4IrmxcstzJjjBrQTVI5rcFeK5NrkyXboOhNazloefGOrR0AvlMwRuCatqZDkFvlPSudZNjhyee1bdtJggORilDUh1CjcQSLJu5Iot4HkYZPOa17iRTGY1IJrNtXEchyKJUxrEWILhnicpyRT7aRuoXAqVpFM/71cCrUcsCsAOhqVETrD7dc/OTyD0q6Yw7+YPyq9Alg8Oc/MKqSKyMzxcrXTGByTrplG4kGCh4NbdjZPJGHRvwrm5stuI6nrW1pV3MqFVbCr2PtXXBE1J+7odhY+IdR061fSbhzJbsSyg/wk9alTxJewxlI5CkQ7DpXk3iv4o+EfD0Ly6vexJLH2LAZPpmvibx9+11JOZLXwvB5cWTh9zKQfc4wcV6NDCVKjtFHhYzMKFBXnb/gn3t4j8W6No6+fql3HEDxlmH88184+K/2q/CugwvbaV/pcp6AEFh+AJP51+aPin4peJPELySanfSOGJIjVuADXmv9uTeYzby7N/E5LH8zmvdwuQxTvV1Pk8fxdO1qKsfZXi39qrx7qzOtg32GMk4KcHHbA5/WvnPW/iD4g1qWSTVNQlmkc/NluCPTFeY3Wqzzffkz9OKyJbpWIHJ/GvapYWlD4Yny+JzfEVfikzs5/EDYORub2rIl1yZ2zGMcY9Oa51bnD8U3zmLZHSui55rbe5uSaneyFcyYAqo1zO0hbJJ9azWbow4qQOV75zRcRc812JyfrUbOSctUPnHOAPrTDPluaQE3OaUcEE96rtL8p2VGHIAOaBXNDA596A6r71S84DGeSaTzsE88UWFdGmZUXmp0u4lOAOtYe84POM0nm46nNAXOgM5zxmq7SnJAPBqgbngBT0pPNQEZPWtDJyY9pgMgnNQ+c3IAyKhZ88dhUBlJOFNBOpJgltrnjsKXcFyo6+tQiZc9aN4OWB4ouVqSM+FwKrEoG9aV3UDk8moPMwCM0rlWRM5GQV/CmlsnnmolcY+am+Zz8tVYi4vnBXwOtO87B68VETHndjHqaephAyOcUguSiVW+91pTcNyn97ijdCuCw+9zUTunJzxQAjPjg9qUyYHHFVGuFA29SaiMq45PT0oAsF2+oqHznkblsYqt5h/hOBRlSCTxQZk5kkYYJFPE6496phlHzL3pnmBck96AL+9cZ70odcc1TVwVwKQMxFO4E8mHOfyqAlhxnFO3EEDFAAbJJwaLgL5sigFH/Cpk1CdTk81WDAc1X8wZJNWpsz0NNtVBIB+U96u/2mpUbXDDvXNFY2yTjmmLboM7Wxmtfasy5UdSJIHTAIJ61KrgDamVPXINcXm5i6Eipvt00eCDz0o9r3E4tbHeWPiPWNGZX067kg2n+FiP8/jXSw/EfVZLkXGoItw6nO8HYxx6nkfoK8iTU23fOufrWimp2mOQcnrRaMt0RF1I7s9TuvFmnaxJ57R+RLnJz0NTPBZamPPLrFHjDKp5NeVx3EMh2hgo7Zqx5jEl0lIPQbelJ4OD2NljZdT0l/EdtocbW+lSSRbVypH8RrF0/wARXmuX7xajFDOvGWKkP+JB/pXKxX96g2ykOPRhWnpms2thK8ktsMv3XoKiWCVtC4413Or8Sana3NsLK0sUa5tcbSvPB7Vz0t1/Y9tE1y+LyUgqg6qPU+lb2lazoKCa5DA3cmVBcYAz0Oa4dtN1S41Sa9vMPn3zn0AFc6wk9jWWLhc9K0CNruZ766cMzMoU5+b3rt5BO0TdflIwfb6VneEpNOj8LC3MOb0OxLbfmwenNbZ1KBtCVI+Lgy7Cfb614eLTUmjGpNMtyX2oW8QtmiIYDIXGNx7V0On6HdB4r3UU8phyAOePcVkat8Q9NFjbRXVsJr63XiQcZ+oqY69d67bwIH8sSAHA4P51xSpy6nJKXY6bxBPotxp5giQeeUOO2DXn2ieCb20ik1ZY96FSx57V6XFpenPOqXco3LGOvfNUJfF+maJLLah1kVE2hRyOayhNpcqM99zzXXbRb3SnAjDOxwpYdK8D1GzutLlKTp8xOMV9IG4GtxmO2bgHNT3nwtTXrVbiOVVmXruPWu2lieX4gPBdIu4LW1ae6zuZcDvz/Svpr4ByizsfEOveWR5aBd3U4VS5+ueKxrL4W6R/ZktrcRCS5xlWDYG7n869I8B+GLiy8G6to9kwW6lDsQD32bVHtkitVioSA+WfiH4k/tzWZJ03cdN3T9K82S8u0nE0L7TwTj2rc8YW9zp2qPFMCrbuuP0NUNK0+61O6W3iQAN1btXoU4JxukVdM9F0f4m6npFobRfmVjk85/lTvFvxJi1qyjgFsDIerAnj8KwJPD39lXogndZVKndzxmq9z4et9m4qyjPHBGc1PuvRmbpLcn8MtfSSYt4/MaTAwTnrgcV7J4p8PXfh+xgvJY2V2RXO0YwTisX4QRQ6J4tsGuUWeB2zhsZBxkHFe9/FrXJdTso7YWYMavkN6gDtXl42rapyozm+h846Vc397aXFtcqzySMdnfPfFbfhrw1qk+rra3lu6Ke/TCmun+HJkvPFlrYSwAiTJA4PK8/yr6s1qLSNNhWfaqn7uNvU+lctbF8vuJGajc5fRvhLok9g/leYzycZY/Mv0xxRoPh7T/AWoTW9oo81yGZsckj1qeX4qWOgWkMFuwknViWAB6HpjtmvI/E/xNuLnWftagt5qD5SB1/wrz7TkWe1eINZjlv42ucLFMoA443Y6D3qjovg3w7NqUBvLcR26OJDjofr7VwA8YSaxpVpHcQBXVt7HHQD0roYfEcksZmQH5OoHTA6Vk6UhHYfGS48GxfZ4rR4A5Xh16jjpXwBrcc93dzX0LE5Yjr6eld1458aHVtYMUMRijjzyepz6CsexitL+FLdQQxbqD/nvXs4Km4x1KOu+G+q3kTwaSZCqOx5PYnp+teo6n4D8Vmy/tKCL7RAzcEHOBn0Nc38IotI/wCEijjv9rpE/RxjLHgfrX11f6zYtZGwSAxrBwOMBvy9q4MVUlGo2hHCeCdRfR9NtJNQhCSxNnGB0Feqal450/VrZ4lgIGBg445ryDU9e0y2Zhd27CNAOVX5RXl3iD4v6BZxLBZKG2MVYOdvT9a5/qsqpmz2xprKMvcmNCCc5A6n1PFbmmXmkay5sgEOxdzArnj1r56l+Jmjatpi2+nygOi5POMH0GaZok2rQ3ay6bI6yXa4LhiMg9uKTw3II93134Z+G7+ITQyGOYncVONuPpXm+teHG0+2+y20uIoTwBwOa6pLfUtNtBcXMxaQrlQ2f515b418ZQiWG0aYI7JlwvXNaU1I1KUGv+KNNhGj6K7ZlfcMZ38jsa+itEOoHQLZtXVnnVcsWByTnp+Fea/CrSReXba3cOHi2FYgepY4+b8BXo2o/EHRtNDaOSGnlcpjuB03EVniPel7qFc73Q72G8k+xABmcDIOK8/8fWMGhtcRWwOJlbAHQZq14TuLVtQN3JcqVVhjYc4B7HuK7jxbJ4VhjE+pXka7kGAxBLfRepqKVJ85mz4R0W9isdXSW+GACeD/AJ96+lNN8PaRc+Hn12O4CSbzkcY4OOa+bPGOmfaLq5vNLmE1ukpGR1wGPf6Yq5o3ijVNN0poWBdASTxyDivWr0Lq4RVj2PXNVjt0iYscg8gd6g1fXLi+8OSaVpwIa4Ay5OPwryOx8TS6xqNva3a5jVizEKeBXstkujSqq+dGjEEhS2CPwrzqseTVHQ5aHm2h/Ca/uLGW81A8SMBgc/L612OkaI3h3XontZGASPA3DAFeiwa5a6fAkEswOTgBRwa57xjrtuiR3aRkhhtBUdvU1McVUmrMyaPZfC8Om6tYLdXbqJQx3bu5HTFb17p4No6WRw0iEAe/qK+DoPiXd6R9rtbWdpPPbAUnoR6ele0+Efi5LJpQg1RWM0C4AXkEevNZPA8rugSK2t6rfxpcaRdxjcG4f0IrgdO8FXWtXMtzO4QLk7h0Jp/iC61TxNetqMLeQPMOAvTHvXW+HLm4tEngEhdtvIx0x36VspW0ZrF9zzm58KmznBZ9qoSMjoaw7WCRb5opJPlXIxkV6L4g1MHSfsrRs08r5yo6CuX0vwtcwp9tuePNzj15+tdcaqsU0kVxFCvEQLnOSSKwLvVprWItjaAxGMYGa7HU4ks7YRwnDgZJ715he6w7I9rEm5i2QWq1JSMnZn//1vID4c8X6a2+NXdFHJ4qS5v9St0DTRkcc8V6Hb+KXjTZJHgjruFDahbX8mRGoY+wr35UsO/4cj5GM60X70TxubVrpk3K23BzzxXQ6P44NvMItVHmgnhvQVu6zoUVxBJIqryM9MGvDNSu47W8kgdyuzoD0rx60eU9ejW5kfVtnr1pq0Bjt5RyOAOtc7d6Vcx3LyRSlyRzur580vxNcWT+dFLjb0wa9TsPiTM5RriISLjnkVypxudDKGtXl/osnmGAyKeTg9D9MVkrr2i6vF5V/Gkbn+GTAx9T1rvbnxp4Y1JQl2NuR1IGAfqK4zU9I0bVvMlgdFaQduR7HFdSOdswbnwV4fvh5llOYt/Tbhhn2Nczd+AtZt9zaY/2n+7uPJrel0jWtKiVbadSy8/LxxSW3iDV7ZQ2oI0nb7uKVgucTJY+IdJz9ttmde6gFvzxnFW7bUvDtyFXV4zC542lTz/SvUbXxZo88IhkAhZuokHf6in6hoPh7VgrtDExUcMp5I+oPNUJyPJrr4c+DPEO6WxmSCZ8YdCCB/wGrmnfAhNLKXNjrEkgc5Cxxgc+ud1bV18NRLI7aVdGBj0Xr+RzXTXX/CReCNDi8qRrp5EKByOVb260rBfseYfEzw/411C1ggljkkisVPlHjBB6kEd+K8EW/wBZ0qTyAzBhkZySRj+vFfVVx481+ys401yzLnHphmzxk5HNc7d634P8QxRrqsaRMCdocLnkc896kvnfU8OsfHE6ALexrKBxk8GtqPX/AA/qkYhlhELE9SB/OvQf+FXeENbha4025aN89NwIrmtV+C15aI0mn3Im7jnFA/dObfw/Y3szLbOORxk54+tYeofD28eMPEvmMOmeuPapLvwz4m0CYNJE6lP4lbIx9elInjPXtPZBMxdB/C47fzouI4K50G9s5SssbJj1HH59Kga3uAp4z/OvV4vGFldBIr6zDRycnvgn1GKuJonh7VnZrWUW8h6KCAPyPX8K0SGeMR27sT5i4469xWjaKD8rHn1rt73wReQ5e3mEit3HrWZaaDdWpD3CnK+grObsVFkKxDAIXOBVxLKZ1Mqrj61uo1uTtkiAPHSrjWkDoximC98VxTlco5L7VdwMFR9pU9M1ri6kmGZQOnbrWfdWgik2Fsq3eqggZGUqxG2seUDSlgj3hkU+5PApUtZwwlIG0+lJHNKV2zfOK3LaO2lXbEwXis3EAs7+W1XKMeOefSo5/EenXYaLUYxsPOR2ovNOlkTbBJuZcnFcDqEFwHWOVSrenY1cKQHqOj6P4Y1obtKvisw6oxxnPpmvbrGyj8LaE00Q8yZRyzHsa+bvAel3MmqLtTGGDfhXvPjS5lto7O0ik+UjLEcZPoa2UDKcjgtYv0uDKJxh5jkkdK5meR4F3WM5Xjnn0qpqOpfap2icACPj5T3FYU0h83BPPt6VxVBczFdpprgyyjJbvVyNiBnHApISSuD36VaMQXhTye1czKKjBmfJzigLGvIzz61JtkU/NwKY+0oAAcikTEY0kRwGIFKixgFwck+lYt3vOHXqDWhYszLsB5Xk1c0F9DVtcCTLHjHT3rrbKFJUDKcFetcjFs81VcH5u9dLCPIOyMkAisKhJq+adxApxmJ4PU1TjlAb5hvWrgjVhvHHpXGBFl2PHFSDcBj9KTaMgn86VjsBOelAGZdyGabYDj1ArctmSxtpJtuQy45rBgtkknM75BznjpT9WvVSP7OjZ3dhXTGJvTMK7vJJpGJYtzVQkyfxDrVZw3Qc1W8yQFjsxitBlm4kZCB2FZuVJ5OMmiSTeQucGpmiVYiq4yRWqMwVAWG05oup1jX5uSKr2sLB97HC1SvAXmIXkULchyHEljvPftW9ASIwvfFc1bM6S4Yb8GtwzEMODinIFItLK8Tbx3qvPeF5tpGMVHcXlsUVUJzWSJ2eZmyGzxS5CLmjLcEjCqOO9c1ql2W2tG5XHXFWJbiKIlN5BNZUzksMgFe3vW9OmWb+hziYqZGyAc4Ndjb+HE1O4E6hPmPI6e9eZrtSMlCUzye1es/CzQtT8T6l/Ztq7BUXcX9PmA/rWGO92NzrwOEdaooxPs7wD+y58Pr/AMNx3vimAXl5Kqu2xtpTcAQoKnt/nNfMnxO8GaP8PtSNrYst3Yzlgiv96IDovfjHQ+1ew+NPiN4z8DT6bpds7IEVcswA8xUJG0ttDdBk4PevnPxX4juvF+q+be/NuIJOc4PQcn2rwMHOtGtfmumftWJw2F/s7llTtNdRPCVtpkM8txp8bwXEo2kheNvXrXrsNpLMv73OBjPOc1yljFZwafEYMK7j5j0NdTa3xjhLSMRj05r3Jzuz86w9PlOL8datNpGmmK2bbJIdo/8A1V5hp/iTXtREeiXF/KbadlXYzbkUk4BAPTk54xU3jnXZNX1doc5jtxtGP72Tn8q0/hboOm+JPEkdjqVy1rDtPzqVBLDoMsCPfpXUoJQucmJkpyZ6gPh18VvBtul54Vujf27L5jxKcgY5IMbE5J/2efetGHxDLq0Q0jx54fDCT5W3REMMjGSr8jIP3gRivXX0Hx14biX+yNWTVLMHJWTBkHY5LZ4GOzD6Vrw+JDfaXImq6eNw/dsMEbuOSKyVRo5nSR8q6/8ABPwbr0Tt4R1gWdwm5jbzOsqj0GOHUe53f4/PfiP4ZeLdAdt9i9zD2kgHmL19un06+tfeNz8KdB8UJNd+GNRexuMNuDEMFdhwOMFRn6143e6R8WvAzvJq1nJqGno2N+fPTGeCGB3Ln3GK6KNZnPVpq+h8fxK4uY3uE3YwCDx+YNdMYLiBkurRREjsFwvY+9fSVzD8OPE536/pr6ZeuNpm2iI5bGSWXPUnOXX3yKq33weUw+d4Zv0u4W+ZVcgnb22suQ2ffH1rSVS5xSpeZ59pl5qMf/EtmJbzlzkjpWHPby2chlcFCxI9RXrx02XS7Q2l5AftKqASw5H415ZqM+dQUXUeYlbovWuYwZzuriMQRSrKGlLY24rq9LgtPs8YkxtYHJHPNPNrpW8XgTKKPuEd61I7O0ukH2UCAnkVUqwrnL6TCI9UVDAfLZzjI4Ir3zSrSzaIhbSMlcEEqDXH6DazmJkukRkQ5Vu9dPLqMVuuIH27uDxjFedXrsEdJFFFe+Yk527Oi9BWImlXFpctMzhox6d6g0iYRSTPMxdGHBz3q1LdJhgj8Ht1xXn2dzblRI7bpGXv1BqvJob6nKu1sc9B1rNlkaP5lOCe9atvqUtuI5ou3BPers0w5SnqWgapZQ75kZ4hx8vofUV4brCXFnqM6PBIsXO3cD0/GvoO4u7kp9qe4MkRPzKG5H4Cs3UfE9pZ4DWq3iSDkMN2Pzrtw9WwciPmBdb1FJCsRMYzg9MkV1umW+pTuOsqthgT0Htmu11Wx8FaxJ9qtYpNPnYYYRgbCfdaxpU1K3i2WB82FPvNGDnHriu2VVMORGProu4Wj8tCNwwT2z9a7PTJtYm0uCSdeY8Lz6VsaNDbX+lgalFl0foR0/GuhWCzlTy4AfofasJ17aCmcNcXReVfOA3Kc4HSo77xdpEkJsrmNrlcYYDAxj0rqzo9g8u1xsZs8+teZXfht31K5trYCSRDlAOM1MJQe5jIzXTdPHd21pm3U5DY5I966Jr4XA8nTxsWPDfjXbaRoH2fSktLiTMxGSpHCk0ll4St9JgnuJ5vNkc9R0C1UqsX1BysYl5ebtPRMmR5sAgcEVk2em3ttfJMQrLnvziu7h0/SmhadcybRuBPTIrNGo2sLEGLaxPSoi/5SoRuR6wj39lLHFH+8gORxn61gahFJqFul/dxbSkSwjA5KpXU23ivSre5ihmO0SSYk4z8p61l+Lb9XvGt9N/49k5XjqDXTR5/hsdVL+IczbalFbukboQE4AxT9S1GJ3WRgFUdKym82WQNgDPQVe8i2I3Xcqx7OeTXo06Mj1p1IpamX9oubpTGg2knA9KlXT0syAP3lw5GWHIH1pdT8W+HLOyNnZOJJ+7YxiuKfxxKQ0dpFtxxn1NdkaPc554jsetGW0sETyyBIfvHNalv4y0nToX+0ygsw7DJ/Gvmu41zVrsbWfbz1FU2WWUmR3Yk8EZqZ0IdS4YiR9NR/Giw0yMvbwG5kY4BDbduPU4/pXC6l8ZvEt9IzBmCt05BA/TmvIFgx0FThSO1R7KPYv6zPudVd+N/EmobxcXUhRhtwDtwP+A4FYbX97L8skzso7Fif51WpVA9KpRS2FKbe7Bo95DGpBEuME8U4HOBSnnOKom4AKo+lPWSMfeNU5N23pVUiTGX70AbD3MQGFNRm8QHjisor0xyaAFyKAuaYvCuSKPt8nas0blyW5FNBJ9qANkX0h7Cl+1SHnpWWPSpBJjjrQaF0XMvP7w80gmkbktmqnmcgU4LgH2oAvi6lBABxUq3MgyWOazeuCKUMSTzigDVS8c561Mbxxjk1kiXOccU7eeOKQGrHqFzC3mQybSasHULmc77iQuQPWsJnGM46CmiUjoeDTA3o74gfLz9auR3Mueo/GuaR8cirHm7Rzmg0OmW7CNuJ5HpzXX6V4rjs7eVAoLupAyO5rywSs/ercYzyTQM7mPVZCud/Pep49WvUBy+4GuKjZhkg4q3FMQoBOfSncR2S61PlTIuMdhXXab46gtSEuLUso7qcV5OLtxwT0qbzmkA54HWkO59A23i/wAN30kYuGa3BIzkDH5gk/pX0x8L/D/hHxZI6R635T/dUI64z2zuU8HOPr9RX52B1XkdD1rpNH1GbTJBPbSGMnkEHBUjuKKyU42aJ5Z/Zm0f0d+F/wBjzwvbeGEkPiTUW1K7iWSOePy1ijZlBX90Uyw9QWGQexxj5F1nWviN8O/GGp+ELvT21ubSWbc8G+RTEpwH+UHAI5wcEd68C8A/8FAfjH4G8KJ4UjmtdWW3QJbz3aFpIl9Ac/NjtuyAOMdK8u0j9sHxjpeqalqfia2Gq3WpyGVp02q+5vvAhjjHTA7V42Jy+nK3LE9nB5ziqN7VL+R9seGvj/4V1u5WC5JtbhiFCHnk8du2a9ftfENhqUfmW0odeRweM1+P2pfEbwv4inlvIFktbq7kZyHUAKSckbgSv610Wk/EPxLoBVtG1B3THKli369vwzXJUyC65oM+owHGd9KyP1oinJdj1qtcSgKzGviTwb+0zKIha67EYgAB5mQV6cljgEf56V9D6R470vX4PPtLkTI2OV6ZP8v6187i8vqU3qj7XL81oV1eMtTu0n2PvBBOa63T9VuoVWbaNnvXmaXAEoqZtTuJcxq5AX0rzZLlZ6tSSkjuNX1pr3eHx81cVdXM0cmIm2itW2sr+5gEmw7R3PQ1lyWRWcCVsAnk9cVZFGaR1Oi3pgYTthj71uXerSzsWQY46DvXAXUL2LRusu9COMVPZa2izhJOg9aOawTV/eL1xJlslcVMIj5auy/eruo5vB2q6EzygR30WQGGFOTyMk8EdscmvPrm/WH5OqjoayvcuGJb0sW3YfdzxUsPyr8tYf8AaEbr8vBqpJqRt8MW4rlqnXSOvW7MDdc0PdCVsk4rk01RLgZFWBcN25pw1OynTOoWQMMbs0jqSuQMmsG1nYkkmt6zcTISeasbXKVk81AS44qiJ5POwBxmtu4mjRCh5NYmQ8wbtVcoKobNyT9mBPeudkh8xuMVpX9y3khF6Csu2BIJJyaxqx1CnKyuI8K7V5xUYQxtle1XcbgQ1ULufyRip50U6l9Bkl6XdUJqOaIzDrWFNvaQMDWpBMfKO85Ipc5rayNSBhEnHOKdJeCQbR1rNWchfUUW7+Y+Mc1ZO5ZeXjDVNbXQztJ4FVJkw26qaEmUdqtRC99DpJTFMuwCsVrCNpN/XbV3f5KE+tJC2cgnrUTh1I5mnoTRzhEwOKoAhLgv6mpHiYHIPes1spPh2qEr6GE7W0NtpvMwuelTwzPuy/OOKyUuY1YFuOaV7pfMGw8E1bTicMkbzXi571MXRAk/rXOfahv2tV6a4Q2caq2Du5rSErmMmjpLaxfV50hgYKX9aratYNpchtWf517isez1P7G6TodzA8Y9qv3F+usXQklYKWODmtYwOZyl8irZXciyGORiyn1rqbNppT5MR3b+gNcDrFxaaPHJdTzrHGgySWHT1xXyx8Qv2mLXw55ttos5e5UHBVgRwccHBA59e3PoK7MNhZTehxYzFwpx5mz668WeLtA8GxtLr1wsJAY7c8/KM/0r4b+J/wC1OVlm0/wo6Rwtg5DE56dSO/Udff6/InxA+L3i34hXrXWr3TuhzhcgKR05wBXlL3G4/vCWNfVYHKIrWpqfD43iiesaZ6B4i8baz4gnee/unm5ycsR+nSuMn1PepKEqRWJPe5XCfLis43an5m7V70IKKtFHyeJxcqjvJ3NSS8bnJ3E1TM5we1Z/2iQsQvQ03cxHNbWMJMtPI3UHrUaljUWcDmoxKD0pmBaLEOTUTXAUn2qLepP1qmZCW68mgC/5pI4PWrkc+QAe9Ye8g8VbTIXB61mWbDMCBtb8qjUcnJzVFHIGehoaUnAJoAvlwOKjLgiqXmEN9aerfNgmgXKTiTJ5HFMMufvcYqF5Ap680Bun9aA5Sx5mevemhlOPUVXMgbgHpTGcjkHigXKaDOQpbHIphbKjdzVLzGA6Z4zRuzjnBouLlLDSMrYB4FNMhJz0NV90jNwM460pM55CE0XKUGKyjdnpimiZSSB2pcXTDAjI/Comtr0HasJwe+KLo0jSk+hKzMenIqNkwCwPzVbXStQIUrGcn2qRtG1Mn5Iyc0vaGiwc30KcMG4M8r49veq5JHy7iV/rW3/Y9/HFtMRDVVOk6iWAMeaftkH9n1DLctt+9wKjXOcA4PetKTSr9SVMJOajGmaioz5JOOtPmMXg6nYo4bPJzS7jjBqWW0u0JLxEbar/AL3+6SfpVJroZOlJboZyPWgcGnEEjkHioxtJ60xWfYcSSabICpwRmnfKB81R8NyO1BixDgDnvTcAfI3TrQeT8vamP5i/e60CHK3UdqkE21cAVXrZ0Kytr7VILW8cxwyHBYfT39+KAMnz36nk/wAqUS7uGWtHWbO3s7+eG1l8yNGIU8HI/CsVaALbHK56VDtB6HOKiIAGeTmnABV9N1aGVhSS3APIpoyec4ANNA75OM0rHjGeaAsPBJcHPyiidYd4MXTFRHIGD0pg+QcDgVPMOwwxZpmwjpU27PQ8VGS34VRExhJ+6DkilS6uIxiNyAKYTngcUBwDk4qeZk8peGpyjazjce5rQTVYP+Wnf0rCIVhlx+FQvEdwEZxnsa0jWaIdNHS+ZBOd6tgZq5DNcwN+5lPHPWuMCyxjG7GPSrMV1KvyyMTj1ro+tGTpHqej+MtS0iQ+dGk0b8YY8/mK7Ow8V+H72dLe+JswxzlRkfmOa8EkvvMTbkj2x/WmpcmMZBZWI/zzWco0p/ErkODPqB/BFpeK+pWuorcRSZKBRyAPWt7R9Oghs44jKTJF3zk/TFfPHhjxLdaa6tbytkkblJyMfSvq7woNO8U6Y91Ciw3dv95ehYHpXn5jl8VDmgZqVtzE1vRdWvLiKSxuCu5ApHQVh3Hgm9tbXzwzSy5Jb0INeuWMEqXUVvJgKe3fmuouNNSIJaxMWedsAt0Ar5apXUOhe+x4h4fS8sEZ57c8nb0yBXexfakX7T5myAfex6V3VhJbadHLY3kIYt0wO9U/HesaVoXh6Jre1SR5VJZO5qIvnGeSaj4kg0iSWQXG9myUUHqferPw/wDHFzp11eXOoSAC5U5XNeW2OnXOp6z5tyBMpy+R/Sn6teW+nSA2ybyCflI7V2/VeUDlfHt8dW8SPdXKBYmkz8o7VR1PxDZWSouljZsxyBjH5Vp3s8N3E00sAL9Se49q851G2mLGQKcZyPpXt4ataNmQoMvjVrm7u2mlnJDEH8R25r3iTxlo1/b2emxRDz3VY8Y53Y9q+Zk3KdsiEHqM+tbtrfS2U8N3ApMkJyD71nXV1dGiTPr/AMPaRo/h27t9Xv2QtGCRu6DivZ9M17QNWEaw26TjBDA88EHse1fFl74zk8Q6JFC37u5j4cLxu9MV3Xw81O5t4vPR+T8hLcV4GIw32mzGcT0x007wp40s9WtAsMYJLKPujOQf516Hd+LdK8QaZexRlWkiQ89GBxxj3r5t8b31xa7d8gJY7mwdxGas+CNXtbfw9c6rdMD87AAn+EVP1R25jK9jn9Qnng1GS4fLLuIG7jvXT2I0vU3LsuZV6c4Nc7q9/aX/AJkxxtGSDmsnwzKkeuQSFjIhyDjpzxXSqHulnoFv4stNPd9PmjzhsA54rqv+Eqt9N05HiUMz5B+lee+JksZroJZxYO35uO9ee6nrV8sv2YR4WIbf/wBdVToRZmzptflstZiv9QugqPGf3ZQ9v61l+HtVs9MgHnnJyTnvjvXN/bTcIcLsVsbsHir62MdzYme3kDNH1B/z2rpjC2jNCdvE16moedZttzJuBHHfjmvrPwr8RDdwwtdQGR+BIAOf9o18e2NmVuFE6B1yDX2XZXPw/wDD9hDf3kscczxAnByMleQR7V5+ZUkrNDRB47+K+j/2dJpdnZjz5fl5GMD8K+LfEOnatf3ktzHGREDuAGa9R1XWtE1HVZrm1ctulO0Nxu9xTVv/ALLHLNMgmHOAa1w9LlRkYukR6bCltvGJNqb1/CvrbRrjR7aytZBIgDx59wcV8H3OpXEsjMieXyQCK3bbxPqscRXzH2qMDBp4jDcwWPqPWvi00t1GlniSztVZMOv3u3XqAO3614DrN8uu3qyRhlKZJx/FXCP4ueKBg69+uea7T4L+JbOPx9ZTawA1qxbAcDbvA/d5/Hp71DwjjG43qfYOlx3GgeGNLtEzHLFbpu45yVBOR9TXgOv3+pjxFJfXI2o33CeuPU19EeN/iZ4RsNL+bbNdvkJFGOWI/wBroAOp/QV836p4oh8RSFpLcxqvAHXH48Vy4ahq2yYxZ6D4Z8VItuLjfllOHPuPWvN/HPivXLy/bFyQj8hQO3tXI/2j/ZDyRox2SHOPf3rEkuzf32UYs5U5yegHpXoQwyTuWok9pr+uvBJpKSs4uH3HueOcA9a+mfB9lp03h0JqI2yjIc5w3A6ivGfA/htotVN9e/LGYmEWeDuYjkfQCvoCz0GJdKit1uQeSzEEbvm9uvFcOY1ElZE1NivoOh6UHuLhF3bsjP0rElsC1wtztMYJwDjtmq954rstFuW0azk3SrnvnmtaC6u5NK8yaPLgjr6HvXlRvb3hxfQ6fVLCOW0jMJCNGODnviuevJpb3SnsgxdiuMryQals9ZicfY5CqtjkdzTtAVgshKnBYkZOeAacPdZtGJ4/qPgp9Nu4tRlDbTzzySfUjtWbqGqXILLYhlkPygryPpXqus3Z13dBE3llCQM+3tU3hHTLRtZxeQq21Dg4/jrvVS6HKPU5nwndXclmIL+Q+YnLFuDn2rv7W/h09gwj812U5CnOQa5vxHpV9HqsuoWX+p27XI46elef3upXGnpvEpjdzjg881zulzsxbPT59atpLqCK4QRLKefQAfWrfiLxZpjxw6XaSBhF3BHNfN/iXV9QmvEdZmcCMZA7Z71zejyzwa9bz3rkq7hSc+tdUMA7BZs+mbxvtGnuUOcKTjvmvnbVJNR0tRI8TOXc4JHTNe/JeQRwqYmBBOCfWuV8QaTc6iiPAh2g9DwDWMfclYycXE//185tJ065UunJPfdVGXTHsZVnjBcCsyT7dbvItwrRFTkg5UirUfiW1ttsUsw8zHIPXFfSVHFr34WZ8nFtt8krki6jas4WdxFnP3iAOa4jxN4U07U2WdAjsDj5WAHP0rX8SaK2uWZjsJUDkZyTx+YryldA8c6dlbRmYf7LZXj614mI021O+luaR8I6ZEXjuVKFem08ZrKm0OW3L/ZZsJ1weKlk17XLRfJ1aEkr6irNhrNjct5bkjdxg8VwJrqrHQzEk0u4kj5G4x/3a2NC0aeRJBv8snmuktbK2mVjCSufSrS6Te2iNJFICBzW/IbJGc9tc22DI24L702bXbeFQLuASJ2GM/pWqJopY9k5wx644rIk0yCclhMCB2P+NXAzqnL3sWkajFvgDRSE5yoxWI+n6jbIfsjkhscLwa6F9PS0V9pyTzV7T9TtLeYRzqWBAzkdKrlRh7Uo6Bq+uxXJW4R2O0Akrxg9cmu+8ceINMgu9LtZZA0X32Ktx2XFdcLDSNR8KapNZzFJYbcyqR6qDxivmy5tZb6P7TMm7yuhHTvR/dHc9H8Ta/ot9LHaGJHjjH8Vef3nhzQtSkMgjC55G3iuYk0a6lke6Fzg+hqgJNb01i0fzqDkYOTWTILOpeEdesGNxo7MyjkBW2kVztx4w8a6E5+0PIwX7yyA/wA66u38Z38YCXKluecir8+vWOoR7JFVg3HzAMKQHHWvxUmuiV1m1yjdWB4x71qRX3gXXd6SpHCZF4bAQ5+vetM+FNE8QW7xRIEZupXA/SuV1j4O3FpGJrS5ZgecD+Xaq5jcyb7wlZtKx02QiMDHPJP0rFn8I65HGZIImeL+90qlqkHiPw7MqQiQKvGSDjP41rad8Q9dtz5M8YmXHRxgD8qfKBiRvr9lMYo2kDJ1BOR+XpXQw63qEHy6hEJlI6jg81et/iRptzdYv9OBcADfEq7voc8/rW1L/ZmpNiA+Wkgzg/KR+daTopq6kLmadmjLtZNEv3wz/Z36YPT9Ku3nhkzgnT7lWHUZPX8qpTaJNErGGMMCe3XHqc1QMV9ZkcNGBnpkA1wybW6NFLojFuNL1eElpIi2wc9xWW90Wb5k2sK6p9f1GybdKPNiIwVPI/xqnJd2d2/mzR+WrjgLwBWRRzwuplHXgir2m3QiLs64I6Vlz+Qs7GNsp2qZruNIvk5JAFTbUDan1x1n3IQEI6Vn/bEv5/LkbrWBKVIrZ8HaauoaxbwzF9rMBhFLM3PQAVuomEtD6P8Ah/4XsLbwze68txJJMiuNuAAAihsYxk9fWvNNc1WeeRnEvy9V3V7X48v4/B3hSy0bSw0bXaMpJHKg43fTOa+Vb68d28sngGqnCxMZXKnmP5zShsE85FKbiSRgzcnuaphnIUR8HpVmEL9x+TnrXNLY6TXthvwRxz2rYji2qSxyc1m2iYBQDgc1p9gecGuKogEdV7rjNVJjFGcN1qd2bn0rPnAf5j1FZEMbJCpw3XNNW32qSnDe1SwgtHhhk1Y8ohCOhp3JuJp8U/mA9ee9dZcSxzbdw2464rm7YSRpgjODnPetSNtxxk561jMlF9Fh8xPJdmLHkGt5oNsQCjBznmsWz2JIHPBHrW+ZfOAZeO2a5ZsGUsNyMfWq9wimPGavTbUOMfNismUlyM8CrpoCWERwpvJ4Fc3qssUs+9Bj0revWVLQKB9TXGyumdh5Oa647CIiQXxxSOC3bjpV50iCDbgmqJOFJAwRTBFJ8F+R7VA28cA9KtcNlj1qFzlw+atDbFdiEPbisQMwYknJrQupW2Er0FZHnE/IevatGzJmpYMqFpZec8DNaBPzEqRzzWcA4QK1NZ2VQo4J4oAq3c8W1ux6Zqjsbh1wPQ0lzkMVJ3A1B5wX5CDjFaxjqXcoXOoTI5jZA31qa3ufMTey7Ce1ZbkzTHcMgGrw+XCgdO9bvYLlkAynZkHJzX0l8A/ENp4b1Z7u4KL5nHzHHSvmiKR4XBTkHrmtix1DyWy6YL8cHFcWKwvtKfKenlWYywtdVUfcfxX8b6Prli6AL5mzAI6da+R7f9zMRjq2d1MjvZ7mARs7NH6E81PMdkYO3ORx+VedhsAqR9Bn3FNTFuK2SPRtBuJNRmh063BeRyFGAeMnGT7c8mum8VaH4j8JaXJd6tC0ayD92VIIb8v5Gui/Zu8HSa54njvpuLe3ILueMeq/qK+kPilcaS8+oeaiNZ6PA2CSMLOoJJz+IX6ivXo0Lq9jw3j7Kx+VksroW845diSSe9dVpKPawCVWKSNz8px05zU2r6el1eSTBURC5YBRjk84qOFzGuyXPy9KdRp6HJVxPMek+HPilquk3XkTzSSiU7WOck+mSx5/E17wnxO8OfZI5iPMAT51ZTnf3AOMV8UXbeTN5w6Hmut0fVUuIfskq/erlnQ6lQxcktT60iNpqH/Ey8NSm3eYZ2g8ZP0q0niDxbpuRq0KXcXfbktgeuK+cNOurmyl8y2kKFBgDPHFej2PxKSBli1JW54Zhz+dcc42OqGJhLc6jUpPBHi29NrqVr9iebqTtUEkY+8Of0rlbv4Ma7pd7/aXgnWP3O3IR5CrtznHyjaR9a9CE/hjxIFnu1jSRRkP/F16CpR4W1PTZBP4e1B2WTnYWK4GOOc4/lS9s0bpLoebxav4r0SCS18c6Li2AP79kI3nPTn5Gz7Y+lcdfWXgTxTL5GmTf2feS87QNqlv91uD/wABIPtX01e3stjYA66ovYIEDy/JuVs+xz/IfSvO7/4efDLxywuPDU66ZfTnOxSNgbHQxH+n5Vsqt90ZzgeLX/w31Wzs3ltVS+VOcKSGK+u08Z9gTXK2VvJHcHTriF7d0yRuUqwzzgg819FS/DL4h+HLTz9DvF1WKP70JyTtHGFB5P0B+lclLrFkt29t4lsGsJk4O5TlT7g8j9aOdPY5JYVs5mzjSCyxgnGSSeuKpx2cmpTCWZ9sanqO+O1er2Xg+y1+yMmiXMcmVBwH9ezd1Psa5LWPB2r6GMXEJ8hSMuvK5PqR3rlcZIyeHaMqJIYYpI4uQOhNYF08+wvETvH8q0buU2vzP+A9axY7gmRmY4U8/jRAkpyXk4ASRmQnn61Zi1SVQQo4x3qWW3jvXDOeneoPsEUan99+BrbQDoNC1MRSSG4CiOX5CB6Gq97o8EV7ut5MJNyq/WuYmRyyFWwIzkEV0Ol6rZGd4dRz0/dt71MlZ3QNFqLwfp0e68d2iLDBJ+6foMZzWFcXEfhqZpNHja4kUY3zAkH6KCOK6bU9WfyT5sihE+5zx/hWKut2bWX2q6ZXmQ5CHBP68U+eZPKiSDWLnXbKRbmBbW73Aq0alA31zTgtzYzpFOMs4wSOcflVCPVXvWDWiEO3OAB0/Cumjt5ZI2W73xyEEKRyc0nIzZg3MUrPnzCXTnP+zV23trWVYb9jl4xhW7kelQzvNptuZIAszZIbd97B71nQtdQW7vbqoeVSQHGQCe9C97QXQ6SPWLeGd5ZgjCNc7c9apW+vW+tMsdo6lTkSr3FeQXNpILjcsjhiTnB4Y1e0tl0N5tTM6KVXkbscGvQp5VzakOLex6WsEsm+DeIwx4AxzXOXVnfXF6RbZAhG0luOfY1xutfFSz3hrCI+dGMDAO3dXn2qeNfEWpKyeYFjbrgY/Wu2lgFDc6KMJnpN6lnYTedeSIhj65YCs/WPHej/ACvZj7QyALgcD8zXk0qXVyfNnlLluTkk/wA6YtsVbngYHHNehyRR0JM6K+8W6hdllt1ESHoByfzrnppL28ctPKzZ9zirARR7Um5eeuRQ5s1giotrnhj14qaO3A4PFSrIBk0ocEE9Kg1H7UC9OaepULVb95nrxSgdyaALQKBsE08GIK3PPaqW1SeKeIyemOKAJhKKkDhqq7R2qQHFAFkk7eKUNngCqqv82DS72Q/Wg0JXYnrUJGetSbsjmkABOKAK7p61XYYOAOK0OmQetVmTIzQkBWyB1HIpdwJyval8tj8xFNw6cY600wJN3NOBDYwKhCZpQD0PFICcSMO1TJNjIK5qiqc/KdxqwFIfFAE6y89OtOJBGKhYN1A4pw3McY6UFcxKqhc804M2Qc8UwI3frSqDTHzD/MweRS5GcHvSCIufYVY2cHJqbFXI15PAqccHDUwIQSKmwM4PWiw7kiHYcgVZWXJOOlVVB6npUm9FT+dTygpl5GGKlV8sM9qpLKgQGpRICMjoaEzTcueaAcDvU6SjHcGswMCMin+YwIzSJ5DUEjsODinxXDK3JrM3lcEHrT/NPbr7UDudHb3JYbG4olOG2OeKwo7hs81Za53ptb7xrTnHylshPvKas2esX+nc28rAeh5FYquQMZqQNuWpcrjSPSdO8aKIBFfoC/TP/wBauo0bxjqtndR3Gk3ZgWM5xnivDGA4wRnvUsc08DFo2PPv3pTjGSszSlN03zQdj9CvCXx9v1hjttZUOAwDSEnIX17n9TX0/wCEfHWh62ySW8yTBRlgCMj6+3uK/H7T/E8qgQ3IUDHXvXe6P4zvtHdLrS7gqw6AHGPbn17142LyGFS7jufUYDiqrD3ajufsRP4xvLqIw2e1YgOAOo/GubbWLuWEpJnk5z3FfGPw/wDjyLaZLbXBiMdWzzg+1fVOi+J9G8SiOSxlG5+zHa24+1fNYrLKlPofa4DOac1zJm5Fq8sKlbqQuozjPOPzqGHVIZJTIvzA546Zrbk8LxSK0l7cBRjqOMce9cKt7Y6YGVf3oU4B655rgVI96liYy+E7mDW4mIhjXBHrVe51OTztuPlPeuLS6E8v2iI7d3atX7UuzbK2TWfsmawmdTbXCNyDzWZqrG4UrEckVipdeUC+eWqSO8G3rknvXPUpm9N2dzV00ywqWfNdbAxdVcd65u2kEqgYroYlYRrisaUbHZGuadtGXm29K0tzwgkN0rIgmQTctzUz3OzKnkGrZbmmJe3DGMFOtVIZJHAHSmmcM+B0qzG6RjJGazUR30IL+SRY1TdUdtcOic8mmTyJMx+WrlvArqCRtqw50lYuWzmWMl6xtRjViD0Oa1IjsyVGRWRdMGkJf14qEJVNdB0ESSD5uCKxNRuPJkEaHgV0II2jaOtY17aB28wjirOinU97UhgnQoAD1rRjYhgydRXOS/ujhegrVtbgbP3px6VLQ6/dGpK7MQ4ODUazRht3cVVkvIwCSckVWSQSHIHWm5HPzu1zoUIlxzipt6ow2npWVBLn5QeRVwMGcZ6UzOpULSy73+XpXI310be/ZW5roMn7QBHwDXJ+JWSK6DnjdWigcvOXxdRyLlmwTxXT/Y4E0yG8SZWJONua8e+2uMrnvmtGLxG9qvlEfKfXtWqgceJ/us9AupIyV2gLVWdmihzIcKegrzu48SzFiEYYPT1rIk8WvbLuv5B5a89cH86UaN3occ58qvJnpEOqKvyMdlcX43+J3h/wbZyS3FyHdVyQD39Pw7/h618vfEv9oSyso5LDw+580HaGRvm759QBxg5B618aa94t1rxDIW1Cd5EZtzAnqfX/APVXv4HKak9XofKZjxBCGkD3X4jftA634rYWdqDb26hlBR2+YHj8PfH546/Ocly0jF55S3fk1TnvYIV+X5mNY0l4WJz3r63D4eNNWij4fG5hUqu8masl6gztPtVE3jbTH2NZrSjOScg1CW3HcBxXTY865cZs1CzJ3qPcxGCajYUrASebwaj81s8VHuXBpmelAE5lJBBNRiQgDHpUBOTxTxkY+laGYFz1pQdwx0pdjZB9acu0HaTurM0FWMseT0qyCx+Vh8o71HKrRg5HHWs57lgBg4FIdjT3H7qnil3g4BzkVlmZmIINNE5LdTxTNVA1N56E4pQxwQe/es5ZixyeMU/zizBccUi1TNKJCxx2rQSzz0bNYyyFcAHFX4Ltk4HWsnNmsILqbNvpKdX4z29asrocGcqcEetZov2GMnIHati31GJwEkwM+prOzO6nTp9h40q2UcYJPWrkOi2gTLIME1JFNCG+8CK0lmiRxJnIzwM1UUaLk7FiPw9ZiMExjDDpVmLRrWIfdHtUv9vQMdiqAcYp/wDaCngkEtXRGkKU4IQafbqwJQMfeppLS3kj2GMIRUDXAIBc4YdD2pyzKxyeafKVGaYxbXauODirMbMhx29KRSxUkD86fgnCgZzRynQk2SsbSVCsg+fNN+xRMOBnAzUcarE588cdqlilbBWLmocTSnVtuOXTPNBITOBk0gs4gxDr83tVqG5miBzzngg015lI3KQD6Csmjr9ouhny2UBPMYxWS2jWiuT5eVbvW4zljzxTlD5HoKSOdpHKS+HrEgyCLluOmKw7jwlZld0fyH1FehsX3EMeKqsiA5Zc59KuKRlKMex5XceFzyYpSMVizaHexDIXcPWvZJLeMjO3Gaz3iAXkAinG5y1cFTe6PHHS6s23+VnFQ3F0J33OuCa9blsYZ1JaPHtXM3ehQTMQsZXHcVtGb6nnVcBH7LOEJU4KmmqCnzKcY9a35/DkwOYj+dZE1ldwfKykihSTOKWBnHzInc4yx61CNnQCmlwTgjbimkbjnNVc4J0n1FLGg/MB7U3bzn0oICgD1rQyuh284xUYJzg0jDAGKaThgaBkgoL7RzUPmKPrUTsScngdqzY7Eol5IxgUnmkiozjHBzQTzkCgy5QPzfLjn1pqoNzEjApz4K/KOakXKjhevXNAEZThmpArEZc/lUjhhyOQaFUEUANwc8jikP8AKpNwwAO9RsowAOtaEMGRSMA4NVvNOArfSpARnBOTTHjVm4HAoBmhaT/Z5R0OeOD1Fe6+DdTnspkvIwT8hU4OMg187FW4Abk9817f4TQtaDbn5ANw68VFap+7Zy1kfROl+JBcOtzjDx9OxBHpXYWuoXOoSreXkm1YW+Tscnn65ryS517SPD1okOmR/brqRcNNKu2Nc8cL1zWVpd1rEsi3Mz5KnKgHj8q+XnhU5cz2KufQfiLVreJY/shLOB8xxx09a861PxLBqsxtbxAoC4APPPesF9a1i0PkX0Xmp6kEHFbEENpfql5cwcdFI4/OtMPRipaHPUbO9+HfhBodbllli2wiIknptHbHvVbxJ4C0jxHeXdrYR4nBaQMAN3pgn611mm6/PFps08C48wbd2OOO4rY+HepwG+ubeUDfPyHOOueRz60sxxcb2iRGTPBbv4UazoOjSzXcUe1WBDFsnHcV4frtotldRoq7dxPQdjmvuf4w3UZ8OEWxcvDIAVXuGU4NfEt1pur6lZy3UgZ5EbCKR2FbYCs5R1OujVXUzNQ0jSZI47mQ7WwCB157k1qeGdGiui8Wm4uZcZ2quSAKw9HsNU1iZ9MjtWkkwc4HSu38F/2j8O9fLanZ+UJPkdW67D3Fdc0+V2NJ4iCJND+FHiDWbqSeKL7NA7EMzDbgn2PP6V7p4S+DlvawG21PUmSQsfuABPxz/jWnfeKJH0xLvS1YecfvdOvcf/rrz248V6nBq0VxLcOEjwWJJ5HfI6fpXkNVJHI63MU/iv8ADdNP1OOW0umljCgnOAcdPxrwi7stTtc2odltyc5BOPxr3Hxt49tNXu1jD8KgUADPNclc6fc3mjG8jiJjDbSTke9b06ijHUlsxtCtNP8A7IkW4kL3G4rk+nbr1r0Twf4D1WaD+1bOArby/wCrYjIznnntXmlt4V8UXCmSG2kW3XDbl5wOvPf9K9asfH+reHPD9votlMIWhJBBHYnng/4UOo38LFy8x0lloJuLw2EqEXExIHf5q6rRfg5pmpyTjWzsIHJQhXJPo3SvO/Avim4vtczcbppOXWT3PvX0M3iP+y7m3FzjbckLx0yTXn16k4vRkuDR5+/wB8OmfyIZ5fLx3wSceh6fpXiHjzwhbeB5XsLW4EqMxIzjIPof/wBVfYvj/wASReGtHZLG5Vb24Q7AeSp9Qevevz58beKNa1a8c3TM4zyT2PrzXZgpyl8bNKXMN043crpDAOrZz3xXcWul3GvxNpUW77TN8qEckYry7Rtbe2mBMeUXuODzX0F4KnFrapq9vFmQFhk9Qa6sU7DZ49feDNc8NaxjUIyIo2GAOd3oeK6zWbO6n0lYpYSkpw6leMegr6QsJIvFOnfatQiSNhuA4zgjpXkGr362Rnl1NDGLYsvIxwOlcdLE8zsI+eLlGtpSJB93JPqK9Q0rw4muaCt9FgAgjJ65ryjVpHnaaRMhHJIPfFdroOvXFnpkOm277YuW969ZREeaax4e1azuJIiPOTc2CBzwTWXZXeoWUguIkdWhPcdM5r2S6vTHcrcthucsO+etSeJdLuhZWmqx2ykXCAkr2BGeaHOS92wzhtMmvJpY9SuwwjJ5Hfj2rvNCvobvVEhKHY7gc+h9q5xNStxGIZLcqR6dK6bTP+JbLFqbRMIj8wbHpz1rJxfYZo+M9OeBt0YypJIx1FReC10jEt1fgB9u1cn9Md6r+KfF8OplDHGdwBGeg/Ks/wAL+HtZ8V21xJpaMTbHnsMntms+W8WmB1uveJ0Lm204YMSYyMZ+mK1PC/j2d7cQS/fAO4ng8+npXkd3omqaLetbX6lXJCtn1J9RXTzWSaTLCqD5mUbyOmBWE6EWknqI6RL22v8AxAfO+TD53due9fUXk+G306OZrlRCFA68HHrXxrqGq2ouY1th+9OAx7YJr3aaW10/wVBNe4MjgDGcDmuTEYVXWhTplvUJ/D4umeK4DPvwMHiul0vU4hGIo5Qijk4r57a902G2muJ2wc5UA8CrMHiuAzJawcySLkEdPxrOWWtq6MZU7HrwgtfMmeO62tvJPP8AEaWzmXTb1bcuGmk6Ee9eOW017BciWV8qkgZuetdraX0l5qUd25K7B8o9frR9X5Va5pFnqut6rBHokmnx582cEEntXyrrQnudUaBX+WMAYHUEV65qN3f6iGRVyV54rzi/sDZXY1K5OwlTkjuK6MOrM2TucvePLCQhAMjf54rIW7iFzHCW2uz5Oe1dHqWrWd04+zRbzGv3q88tTcahdfZtpWVmOPavRs+pkz0l9fvFi8q1c9QAa97062ul060Sd/llUMxHUZryPSPCZg097m9JJjQMPQmuoXxfdW1nGiBWwoUZ7CvGxNpXUTJn/9DRluNNuolk1BBKrDPXJryzxX/wis8pFsXhkJxuxjFegz6Kfs4EDeYy8HsTXmfi2E6dA0l5a5ROehzX2WY/WLLmij4HASp3fLI81urfVNNLXOn3rqpzjk4qna/EfU9NkMWox+auMblyOfU1pw+L/DIxbzAg5zhlHX603UbHwvrqeZayAMRg465r5bEabH0FJ6k7eOtFv1xNG25hgblGP1qvBJoEs27AVuxQ8ZPtXOyeDfMH+jT5UcAYGax73w1q9ltkibeg6hev5CuKLk3qdNz2LTXtbfksSO1bc13A4bLbmI4FeV6JaX8rLHIWx3Br0KKxVAN/61o2bo5G/Fym4x9j09qzINY+xyMJ1JyMCu3urNkJZumOK4W4n0q6kMcjBSDtznvTptGVRHQRTaTrAC+cEc9exFaGleC1vJ9kM3mFicE815uulRPcbIZs4P3hXrXhHTtTs5ENrceY7AlSegrc42js4tGGiaNd6TZgtJdIVLMe7ViaH4bsm06eLWAquche2MVzN54r8T6TrO/UbU4xtKMNuR0yKz/+E2N/eKGXYJOoPQfWkIbfeGbKdWS2ujEScAY4ribzQL60LFNsu09u9d3c3C3h2wNyTjgY/WsWZru3GOSM45GawuanmGpB4dpnhO5jjlc1mJp9tdqSmYuevSvZY9Qt32Wtyin6j/Gnt4R0bWJN0ExgZuynjP0p2YWPFvsF5bgC0uMYOck4I+mK2bHxhrdjL5d+hulXoW7D2rufEPw31TRdOe+tZxdIDwMbTXk1xNc2wP2qIk+o5OahM0Os1Xxvp17Gqy2Plknlq594fBusHDtHby9nPy/pTra6t72MQXMYG7sy8f0rWj8KaHqKiORvJJ4G3ArpgrjuRad8GI7xfteh3sb5zgE55/Af0qfVPhjrelWnn6lYtJGn3niw2M+w5/Sut0H4VavbFrrw7rDo4HQFk/EspP8AKuomvPiToUHkahjU7VeMqN5+hIAb8675Q5tWrEK2yZ83ajZ6lokL3VpM7oo+6T0HoRVJPHE7QKuoQCRRx8nX8ia92fW9N1JZLfUtM8gtww2AH+QNcxefDXwrqyb9LuFjlHO0Yz9MZzXnV6S6Gia2Z51FdaDqgLebsY8BTxg+hzTLvw3NLAWtNv4HrVm/+EviOyUzWy/aVz0TqB6mucnh8S6HeLbxq3A5U5P4jNcrQJWMm40G7gfa6kcdcHisS40+5VsxPux26V7Dp+s3JshNqsGSvJG2ui0SLwfr8yw3WyB2Oc7guKzjFle0PnNILpmwVNfSfwR8PrNqsV298IPLBlaNRliVPC5PGDnnjpwPUdLf/BjT9VBuNL1HzJZT8oKjZ/30MV32jeEj8LNNje/Mc91cqcsoOWHYAkcAcdK6HFx1ZnJ3PC/it4iW98RTW0cx8uy3QbM5G9WO4/jx/LtXikrea2/3zXTeJYbi81C7u2X55pndkx93cxNcUYXQ5UlR6HIrKUriirE7MRwp5PNOh8w5JOc81Wt5GycgNW5GkYjAA5NYNHQTW1zMh3IevrWrDf5X5jk1kKoOAO1K0ixZA6HvWEooDaaQOSRUXlHhl4B61mxzIWXLZzWxGcDaehrnlAzb1GbQpwDU8al0+amGP5sYoVymV7VmQy+ikEEjJqQHYxkAIzTbe6SQ7HHsKsDY+F/u1m0CNC0A2ln5J9a0YwUGQenNQ278Dcu3FS4468muF6sQ2eZyST1NVIJ1yyyDOelPkWRQdxyKgDRLA2/jPSt6YGdf35bdCF4HesNoo5Bk53CrMxwSUO4CoY3Vhxx611ICJ0KREL17VSG7IDnJrQYPI2AQcVSbO85PNMTLJSEqSvUiseQHBc9R2qy8jxAnrWbdSo+CPlP6VaQnKxVmkZjsxgEfnVXy2aQcYxVozKBulwMU0yqfmC9a0ZJOr8Dd1x3qvdZ288AVI5G35eh9ahkkGwLjNNAYbuyscNmopXKAuw6ipZoyHJK4X0qpOm6M85PaupWK5StCEdwTkD271t+ajqN65ArBhWaJS2Ac9a2LIeYhDcCqk9B2LEUCySBF6NWpFafvBGFzUUcL8Y4Hat+0QYLAcjpXPUqCJIUESc8VYtjLc3UcAG4Ejgdce1JIgcehrufhZpRvfE8c75eO1y7EdOuAD9fSsILmY0fX3gWS18B+EZphiK5jiklYM3Bcj5VDe5xgep49K8V+ImvXI0H+zLiYtJqLfaJWznIJJwT3yeepq18RPEczGDSETCIwlZjwSACBj868G1fVGvbgsCSowAO1elUfJGxTMG7Lsu0Hr3qgVm2HdyCKu3Db5BgY461X5zgnNcAjFuLeaVkAYlR2rX09JrSNbl4z5ZbG4etBQsduPxrSQbokt9x8vOce9XzAdTZSI6NcMcbRxVa1DXVy0kp+Qc0y5a3S1WCL5WJ/SoIC6IFVsMxzXJKJVjqY72UMqo5XAGMetdTY/ETXNJuovtEwuLdGGY343DPI3DkEjjPP0NcPEvQnrxV7Sbe3utfsLW/P+jTXESSk8ARlgGJ9sdTXnzVrnRhpyc1BPc+otD1rXPFFmuraVo1xLZyud4WJ5FVR1AZVx/8AWqteeCvC2oSCbTHfS7k8nysKFb3XGcg+4PvX6B+CfFnw7s/Dg0vTbmCAxRbY41ZcFiM/eBPJ6kk5zzXwT+0RqMdj4nt9Q0acQXEkRaYwttYt2LY7n17/AIV5FLM5ynyWP0/EcKRp4Z11O9ja0m08ZeHXf7FINRtxnqdxbHcg85x2BNXNX1Lwjr8Ig8WWCJMB84lQAg98Hr+dfP2g/G7VtKVLe/hedEIDyIdrEe6/dJ9eRXrmmfEPwz4u3RzGO68tN2Co3AH2bkH16V7MVY+GujlL34T6az/2r4C1trYrkoA/3f8AZDIVYHHrmqUuueNfC1tnXtObWoEBSSUI2CMdGdVZenqK9Fg8NaNcS/2hpd5JFHCd5jbBxjnHQYB9K331HVfChguDB9s0+dN8n8QVj6joOPXiq9oFjwqa9+FXiyNDOp0m8fjDYhUHGeG5Q/iAfasbXvhBq8Ua3Hh+SO/tnG8Df85B5yDjaa981fwx8MfH376WFbK9UFt0W2FmJ67sDDfWuBufhP468LxteeB9ca4RSzfZnbYpBGMYJMbNjjkCmkc3sbnzBqVlrGjXJtr+zmtnUHiRSMj1FYLTm4bbIMqa+ol+JuI00P4leGSzp/y0SFdxxxu2ScZznJVsegqC5+H/AMOPF8DS+DtSW3uthKws/ORkndG37wemRkfUVqlcwqYdrY+U70XMEqmF2YehrodKH2uBnf5ZVrt/EHwm8WaPD9oWEXkK53SREsF+vAOPcgCvItSubrTHMAJifuOn86uNMx5WehxxW7W/2XUPusflzWNf6FYSh4Y3KzSjajL0Fefr4i1G5nit5ZN6IOrV6B4XF3cXMb3JBgRslm7VsqLewnodN4bs38Lwquo4Z0yEfGR+NTQeLruO5lFzbrNydu3hSPx/piub8Z+NvDtlM1styLm4iHCJz/303QfhXjWr+P7q9j8vTYvs+3qc7iT7GtqOXOWs+pjyuZ7rdeItKR3OpDyAeSyjdz+Fef8AiL4laRFiDSnMwHG7GDn6GvFJrjUbyQtdTu5PvTPsqIc/dx785r0aeBpw2NFh11N288YarqLHy02bj/k1z0oubhi0zs575JNTq4UHHU0wuTXTzm8YKOxHHAi84zUxKIM4xUI3nr160jA5+Y0c5pYf5vqKY0xP0qLfg460m49xUDsTE715NAz90UdOopSw3AgUFRGmNh9808YxkHpQWxlzTwEODigsdk7PWngbhnpTDzwvAp28fdFADwhGDxSYxwai8wdDT964zmgBwQGpMAJgnms6W7ZDgciq/nsQSDg0GkTWBBprMo71jCUnq2ad5g9Mmi4+Q0xdQ5xnNM+28/Kv4mqWyRxkJircNnPOOAcVLkjaOHkyQznALDmjz/m2nvV+PQL1wHx8tX7fwxcTZYDJqHVR0xwMmc8zknGTikJBPSuuTw1yA/brVuPw7FypqHiEdMMrkzhztHXpTGIPyqCa9Di8P2yjA5NWBocEQOcY+lL6wV/ZT6s80iDLzipufvc128un2yHbtqL7Hb/d20fWB/2d5nHByflAPNKHZedtdn9ktVAKryKbJZQv91Ril7cP7O8zjfNf73en+cycYzXWpYW2fmHNMNva8/L3p+3F/Z/mcuJ2AyBjNL9o+brW/JawE8KAfamDTrdc5bk0e2Zn9QZji5Pc09bsg5rTaxt1Jz0qF7a2Y4TtR7Zg8EysLtMncTk0q3Klsn7tONtGPbFVPK2EqDxVqpc53g2jTFxEcFelSrMuMA9KxDGeoNODTnnjFNMh0Gje4/hYAmnBgTkk1g+c46dRVhLwnAIphy2NTO0YU5zUilgPmqglyjfNjBqzHMG4NArlgEjGKeXOR3qDcf4fmFBfPTrQMtLJwc9KcspUEHpVcMoGT0pQ2Tz0oAsiXBNWEnQ4XFUeO9GccVehJPLw+VqeHUZLchMkY5qgzFRkc4qHKs24/wAXFNMR3+n6+hJEvJx1FejeGPiPq+h3yXWnznCY4JODjpnGM+2elfPjrhcqcYq9p968bZLYAomoyVpI2pYidN3iz9E9B+Ow1l4YtbuXidcAEk4568Z46c44r223NnrVuJbCYSLjPrkdsYr8r7TWUknRg+woc/LgHn61694Z+JeseHmxYzOU7qCR+Xv614uLyaMtYH1mW8UOFo1T9BpLObT1RmcdMkCoPthkbcteLeFvitY+IYY7eeUid8Bt20c+2OM167aGC5t/NtW34FfOV8FOm7NH3GFzOFRXizfhIljJJ6VSnnZH2xtkjtXLHUbuMNEVKDOMVt6fPHI4EuGOOtcFWjc9aNZ21O80i6aPaJO9dnFdKBtz16V5z9ojSNfm24robW9jkUMvOB1rmnSsWqti7NcyidivStO2uhKmJetYFzKF+fPWiK6TbvVvwrKcdDsp1UzoxLGcgVHPfLCgyazop0ZSehrMuw8gYjpU8p0xlqdXpjJeSgoc12NxaJDEpWvOvDUjWkm9xkGvRYry1uB++bAqLGFaWuhhtJ9nBI5rFllV33P1rRvr6AymOIcVltsLZI61ktzSmrblkToUwOtUpJlIPfmobiRYgAKybm8SHOMVoXfqh1xbSO+5TkHtTvJKKNw5FZ0GsqZNtbryLJAHbg1cXcmVZrRmNNOIm56VoQzRSINtZF4ouEIXjFUbZpYztPSkoj9rdWO0t3QE4PWtUA5yOhrhReCBiS2M1p2eqmWdYw3WqMakzq/mjYHoG4rmPGFi7wJOvBQ5rrFkV0DN/DVHV1S80+VBx8prohG54dTF2Z4w7713p/DUOPP4PeoJpxbhw+FCZHJxXzv4/wDjbZ6HD9n0OZLieQN0BAUDgE9Ccntx0r08PhJT0RwYvM4U1dnq/jXxVpHhK0E95KBgE4ByW/2QOpOa+I/HXxk1XxNLJFpgMEH3FwcYA/iAH8R9SeOwrzXXvFut+Irs3N7LlcYXHGB3+tcyZEgGa+mweVwhq1qfBZpn1Sq3GL0LbSMAZLhizEk88nJrMnvGb7pwKqz3nmnFZ8pO772a9eEbHzTmTtMxOM5FIzKBlulU/frQZM8dBWhm2Wd4PbgUzzQB8tVy2eO9ReYy/IRn3oEWjKWpxlPAPSq64IzT8c0gH/KxG7jnmra2sk5xAMgfyqnwOc5x1pE1Ga2Y+S2AetQWPPysVPGKHmCrxhqy5bhmZn/vdaYUlkHIIA6UDRckumOB0qASyE5BwRzUH3DtPWkZwFyDQBrPqTyrtbHHFUCx6MazWk2n1p3m5+8cUF85olu4NNEgzycmqBmwducj1FL5wQ8d6ClUNAOgHHXNPMoVgTmsvzAh46mjziR81BSqmytwvU8kVYSc5B7EVz3nEdSasJMdv3qzsHtDf84HhTmn5PViRWEkn8S9amS6fPWtOU19qdAtw64AchR71bhnnyGExPoCa543CnBx14qxFJ5ZDE5x2rJI0jNdzpjcXDOrZwR1rWivSuCTzXIR3zAbjjitC1u0dgWIB9K3hNhJJncRPPOuSen5VPDLOhwSDj8qzrS6iVMHOT+VWFePzMKf8K6FEIyS6m0LiTaGJzjtUiXzY64rHeRwvy80kLtj5sZo5TeNZ9DoYrxJW+c4wP1qWNSvMRG8c1RtpbJkZbv5DjjHrVYXRjclOcdz6Vg0zphV7nRyN9oTcPlfHPvWb5jo5GM1W+3LJtwdrCpg+4bj36k1Fjf2vYmaY4BbIB9KI7kg8Hj3puVxjPFRGIMd2OB2pcpSuW3bewZSMelRFsYxyaoRl1c4PyipTJkk9M01EpNdSe4k3gDOMVmsOijkmpXkYNhuRVV+CGBqVHUmTGyNjjOCKgefjb61IFd8s3H1qqd65JxitUjlnIV41Yg56daqzWcTgk85qyrAHp1pwPUkdOlQRc5S90CN1DIuTXK3GjzRMzKeB2r1LcSpAPXtWfLBHKQrDBrHmFVoqR5M6PCSkgx/WmOAWAB6dq7u+sEkBE64x0rlbjR2BcxHcw5FaQrdzy62XNbGRIxOSO3aoGRgSdxqYmWNds6lfem/K3CtWqdzzp03FkON1OYAkA9qeEwM03kMD6UzMB6U/jO3vSFgxyRzTSH3ZXpQDH7WIAz+Jp/JG4HpUQBIycHFO3Yzirsc92TDpjqKaQAMDv2oVhj5jn6UrcsMHpTsK4rxnALcelRHIz7VO3Qd6YXAXP8Ae4oEVwCMuMDNVZC2/GevWrZAHBqlIhDqx6NxQPqN3gkJ717R4RknjhD5+VuK8VGBIF969j8PEx6YjA9GrGv8JhX2OzvbW8uoy8IJWLkjqKdp/ixbC4RLlB+7xx1Br1Xwf4XvNR0y4ayKs8kYbDfLn/Zrwrxnp15pepyJJH5T7tpGMge1W8tXsFOT3PPhjE5crPWY/HMGrZgktAMA7QoycfWu70KS0msWhud0UuflyMcGvJvh3ptnaRvf3wLs4B5zgZ64/KvSLWWPVfEdpZRTBYpZApJ618/UhyysjsTTZ6r4jT+ydBs7axXdvAUn0JHX86840mPxLot0dQuoGMLHOT056D8a7jxTc22j6lDBe3amOPBwx6n6fWqk/iA3reREdyHAOOQc9OPrXBXS3Im0UG12fWIZxeDBc/d5IrlppobGCaRVEu3nAHIrtHFkilDtR2POO9c62nRuZTFkgHBI96mnUaWhjc4u01MW10LxAFIbODxWV4u1HUvFt7HHp8BlnZQqxxrluOSeMnqa77+zLFPnMa/L95sc/wAqx/ATWaePGWM4REccjAAI6/mB+dddCvNK19DOzKngPTPGmuTR+FZLeS3WzDZdlZVHfDE8Z57V9AQfCe3utMe1vUVmf5WYHn8Dio5PiLoug3ISNFkCnbI54I/AZJ6da7XRvG9n4gPm2IXyFbaSDknHPPA4qMXGo480VZCPni1+CS6dqdxNczeZEhxErr8xB/vHpxx06+1e/eF/DmnWOkCzlRWZH3jGODjtxXU63rGhS/6JbPmdeCAMYPp3rHsE+x3yTzt+5YHK/hXkTrzlozVol1HS4dRt5UjURZG3hQPzxjNeT+KPgBcavaNfaVcD7Q+NoHo316fnX0/p2nRTxLPCPNWX39enXpWdLrVt4e3S3VwsQtWzhuec9MDrWMZyjL3WVzcp8Lf8K/8AGvwl1FdR1O3MsLLgMvMZZvUVBqHibUtQvodSulG23+dU5CrX29e+MND8TGO1uYo5oZCeNuVJPsa+dvjB4b0WB4/7Bijhlkj5EZ298DjpXqUK3P8AEg5mzhvCuqXHjDxWXvV88rEzgSHcAEIAAB+td/4h8JaR4jsPssNnFHOTgvGoRwfqK47wj4F8T6bp0+s2FvI0jKUJ+620kcDPXpVvwxD4z/tWZgkifZRl1kGzvxn1rGVr2i9i0Zt/+zzPY6XLf70jeNdygnhzg8Z/Wrfwn0JL+yu9C1Nnjcz/ACcdFKgcn2617BpmtajeX8VjqbkwFiZFzx8o9P0rl/E3iI2/iCCx8O2YjlZgGlA++WOOAPSo9rKXusD23wd4M0u0v/7OlXzrZOpJz3HcYrhfjt4Q8N262mlaXZxtJf5Z8nBVVPHzdecH8q0vDHiC8jS7S4BDkAcdPqDXP+MpYTLaNfTMoQnDex7ZriUpRq3TJPjbxDoGn6ZJNZpH5bxHBH0rioUCTIkRO48CvaPHGiXWt6jNdaFm5iLBQARkcAZycDqK9Y8K/s8W1vY2N7rUnmXbkPKSSNmedoA7Dp719FHHQjC7Yz5tstKZZ92qKfLddwUjBPFde19bX1kdOWQ+XEuMdMBRgCvoH436DolrHZQWkAVfKYhl4IOcAV49oPw51fUrNJbZMecBgMeTmlh8am+Zgeappem3Wo28Nw4CMD0OOn5irPia/htLWHT9L3hIQcqehwOx46V9FL+ztdCD+1lvQkkCF2jaMjecdDk4FaHgn4URa1BcLrNvuYSlACTtAx1G0jrXZVzaly2sTY+H7RLq+ck4ZycfLyBx0r6A+E8l3od7LpPks01+MLgcgj2rW8YfCu28I+IfKtgPssrZTaMbh/jX0n4GTw3d2yywW6NeKmEkKjzAQMcGvLxeMjyqUCj5X+KXhHXNP1P+058zQuy8Hja45wR/WvIdc1S8kQ4O1+FbqcCv0u8VeDdK1DQru71eUjbFlsdTjt9a/PLxroliNXubTS5xLtUYOcYyOAcdxXRgq7qK7QHC6Gv2zX7T7QwECyAyZPYc133xJ1iC7is7e3mYRoeFHQntmvOBZXGnt++zvHUg8Vrf2lZ3kkMUoLkN36DtXfKN7NG1ORVtdPvp7Ka8wWC4wD0J9q3vCFgX1X54iCeCTk4rvNNtrOW3+z28eY1656ZPWvQPCmhadDcSy79jMABn7oHrThJt2ZlXmkeeSy28N20DPuZTk47YPStU+a37+FtpxnrV3XvBiy65PPaNtBJYEdDmsOTQtSstyzyY46dsGuLF04KWjMl3N/SfESLFJb8F1zk96lubXT9YsDHcHKZ79cn0rP0vwpbskl1LKY5XQ7cfzNWZdHW2hCrJvcd81wykoy2NEzgrbwnJHftCjb4i3B6ECtg+A7xYnvbfA2n+H7xArX854j5m3LJnPPNQ6b4rvXb7JN8kTMRhRzj3q6mIk35AZt14hu9Ngkt3iLBk2g4yB9a3PDGp6PqdsFu4Qsq9R9O9d0dIsr7SlRUDFSSxPcGvE9ba30u4kt7c+WQ3Uen1pUnGastzNn//0ePs/i/o5G24iePI5Zhj+Wakvvih4Ou4GglxMxHO0cj86drXwu0m9QCBRCBzxnJr518ZeC77RJjshYgHORz8tffYupjaS96zR+Z4aOHqPR2ZteLrDwvrZF7pGxWOS20gE/hXlgju9JmYxNmMj8RVF7u4tztyYz6dDWpayLdfuZ23buMk18Zj6yn9mzPo8JSknqy1D4pv4SAj7+cjcMV1lp48Xa3nxgMoz8p71y0/h7MAngdmXpwMjNY9rpnlXi+Z8uThs8V5keeJ66UXoe5WV9bagourRuT1I4rTjaeYHLkjqM1b8LaEv2QKNuwD7xGN1WL61v7aYrDDtToCOc0/bJnYsO0rxKtxBM1t8pAZ+BXg/jPwzrckhksyDtPb1r1y/vr+KEnBUoeOK5y5vbuSNQ53knJPvXTRjFnDUc07M+fLfU/FemzgzSybVOAMkqT/APWr2Pw58UNd0iBLuSy4JIRyrBGHfg4/Q11Wi+INLspgupxFFDckINxI6j/9dd14hl8K+I9K/s2FRlQroxwpB9cj1rWVujOd1b9DlYPiNo+sXCXF+hDDjDAYx+FElr4fupWurVlCsxOWPH4c4q3d/DfRPsAksJyk2BhsqQ3t6/rWNdfDHU4rJ7mxkQyRqWCbuWP48frWM5SBKJptpMEMbOlwfUE4xWFeXrwsArbyB06iuVeXxJp6eXfQS+X/ALQIAqPT/EFnBclrnkE855/Cub2hVzUyszh8gAnn0ret9MzmSK98tlHToKdHrPhm8XhAM+wHNQm202YfupTEc5HpWkZdh8poJqerJEbGaYSwknk81yNxFCWLSpyCc8da23iZFPlzeYc4x/hUkNlcDM0y/LkcHn86rkuwRztnp1ldSeTsAbqMjkV3GkfDm1u1Mqag9vL1CgbgandrHaCkQSQjGRVy0uJ44xKjuhX0P869rLpQgveVzGpG7MJ5/Ffg27kSBTPCOpIzn8q1oPifclvKvdN3EgfdOOfoau3uuuP+PhBNuXBLHBH5VjR39j5nmSQIr9vf863qVY302E4G3Fr3gnVd51VEicnPzjv9RWVqPgvw/c2zahol4sbZyArg8fQ81jatpmmajFJNHGBKfugcc1w6+H9Qt38y3dkYHkA4FeRXmm9DWlHU6o2/ifSpl+yXDXKk8DBOfYg1Zn8QXXkiLVbILzglUIx9a5ka14j0val2GlUnj+Lj8K6pfEWn3UCPOfLYcEMOK4za5z+oWnh/UzmMeW59eOfauSvPh6b2TzNLlUvjp/SvaV8PaJqkC3AGxnH3lPWuJ1DSr/Sb9ItKuGcnp2J+tHIZsy/CXhvx74cvEulhZIj8rDepQkd8Z5716p8YvGGp3ceiXVraos1vEY7hXB2luDwM/XpXbaBb3uneHo9S8RuksXXdHlsdvm7d+1ecax4v8Ka5M1rrETRojEKCD2yM5HStGSkeZ2/ifStcU22o20ayDOFwME/jzVHUvB2n38SyQx+UB0x+uBXbSfD7wxrUxn8O32GHzAB1fHr0wRVWTwD4x021/wBFnS4jB6K/Ud8hsVgzWx5hbfCjUbwr/Y7CfdkFf4h+eM1T1P4eeKdCRG1HT5VD8Z2nH5jNeqWq+KPDsgmure4syTlGKshJ74zXRyfFrUbSExavaR6jCxAZWUKx/kP0rFo2Pl/7JvST92y+X1rIaHzv3YOK+0Brvwi8RQpNrNmdLkcYbC7Bn0LR9fxFY2u/A/wnrkb6h4Q1RPnUEKsgkAz0yRk4+opWM3JnyG1v5a/u3yfWrNtJft8gIKrXoGu/CbxZo8m2BDeRf89Iwdv4e/tWDp+j3tvMVuwYQvXepU/kaicdCCp9ra3CiQbiaalyZmIfCk9MVp3aW0U6x3B3oehFaA8P2lyvn2khGezdq5vZAZ2wKVMfzcfrQJgrYbg+tZbt9lvGgZvmXt7VuwBcb5UDgispxJZpW115ic8mntIHIU8Yqn5tspDL8gHak3+YwK4OPQ1hyFGg0/ybT+tUL67edQCBhOOKbLOqrtbOTWfcEAfK3WiEbAVGjO3IJHc1FHgZHc9KlZmPyninLDnlunrWxJGdrIQrAMOtZpwH5JNWp/3QboTVUHgHHWhANlcKMnnNY8rZk3MOKvXTEDcBxVBAzHc33TWqQmx2xJVyRioCGGfNHA6GpZiyYx09BTWkDrtcVRI0fOAV59arSHDHg8c1fUrGoCLkmqjtwV6ZoAy3k3v8ufpUTFXwpGCTzWiqrySMe9Z09vKjeZGc10RYyRYFVgF+YehrQS1JOPuE+lVbWOSU7SPxro4LKZcMVymOtRNgTW8C+UqNya1I4gibV4NQJEoKkVabcORya5pyGkUZyU71798JtOe00+a/cYQkMD6gda+fyRNN5X8Xp619NXMcnhvwhbaS7hbq7UKFXPCkfN06Y6V2YOOt30KR574k1D7dcXurHKvcSNHGG5wgPGPbFeZygxxs2cmup1+dp5o4onLJEMEehNc1JyCmKVed5DZlKzvwW6c09zvG0cEd60PLjJBxjIxxTRapuBOSCaxENteWZD1xnmtO0hWSRiQFA7+tVxA2flOFFW/NNvBxyalq7GmQXjK0/BxitZEjCqTXO28hklYnqec1qG4MeF68VNQEaOWDbt30r6Z+BHwktfiNaXupXDASWrCJVxn5iASSMjjnHWvldbgMQSdtfTnwL+LjfDe7MN1E32K5IZ5U6gqcjIPBBJOfbntXmZjGTpvk3PouH6lKGJUq2xd+Jfgfx/4Jni0d4TDBBKrCZWBV4eQCjdR246jjPv4D4r8RatrDoLlzI8ZGWZizMFG0ZJyTxX1J8XvjnD4ohmitNskTDG4kFgMg8YOAMgYOB9K+INU1TfcvMvyhq5cuw0m+aaPreJs6oxoqnQnuZ97rJH7mJzknBxx+lNi1G4t0V4ZGRgcgqSp/Ss1xCz+ac7uualgtZpmUxEgA8819C6aPzX27PbPCHxE1XRIvMvZWvIpAAyzMWcgdgx5ANd54e+OdxLrVwl0S1k5xFA5B8vngBsAnj86+cLqQQ2pQ8tjArOt7TafMQfe65rndJMuOIl3P0Xt9S8EeKIYpZHjhuZMZMZVWz3w2Pmq+fDXifS42bw3qont3ydkzNgY6cAMufy+lfBWnapKsYjJKhOmOv8/0r0/w/wDEzXdHuI5Ibpp4lwNkzO6jHoM8fT9K5XSkjqp4y+57Fqmu3YuI7fxlpO2ANn5oyUbHXBYlWP0rGXwX8P8AxOXl0KV7KWA73VQdmM9lPAwT2P4Vst8WNGu4o1vVWczriSMgsFz1UnBBB+h+ldho+l+GXs49Q0NRZDUH/ff3Qo5JA7dsDpVRmztjOMtjzy90n4teDIRd6aBrOnAAmIM1wFHY7flccf3cj17Vy914n+HfjWdrfxxoLafdcjzAPunB+867ZOT2IPqa9yt77xDoglW2C6lZbyVMRy2P/rjsO9TTTfDzxkjQeKdOiS9Py5mjEc+R6PgH/wAeraMxToLofEPjnw58O/Cqm4sdSW+DHKKJEk2j3KAeteA+I/E7aiv2HS2McCdSOCx/DtWr8ZUg03x9qWjabIzWtu6gE8nkDgn2rzyOTy1Cqma9zDQ5Yps89w1uyFLQ7t7t+tWmEKrjHPrSFi+c8UnlY5J4rcq4B8gU0x5bO7r2p+SB8vOKiMg3YNFxAVJyPSk6guo4qDzTuKBeT3NREPJ8ocgD0pFWLfAIYmomPYc5qMblyCeKkU4GQMmgdiJQSOO9SAHv2pQj4O3tQu8D5u9Ax3JHNKu7K8ZpNxPQU5GwTk0FpDj85xjFC5Hy0xiMbwaYXOc0DJgeduaTeFyTzis+SUhuvWqplLbuetA7F+ScZz0FU2uDng5qGK3mkJ3kkVq2+n+U2+QU3I2jTbKOJ5CBxVuLT5n5PAroYIIiwyuBWgPu4HSsJVTupYVHOJpZBHGRWzbabEg3MtWlI3e9XIwWHpWLqHbChFFcW8YOQnFThHQAKMZqfYMdeacIxnJJqWzpSiXrfUJII/KmXINdhYX2nxWhIwWPUVxAU/dYg+lWYmEXAqOY6lT0N65uRM25F2rVAyoFIGd1V3nJxkce1I0sSRFgdrVnLc06FpZURC2fmqpLcSk56CqBlL5bOKaZCOBzVtEe0LCFSfn5JqXCZbAyKzlctlT1q7DcIsRVx8wqTOUhhgUjO7Ge1I4kjj3DJ4pizDdtOKrXN2QhRT1ppDsig0rg7s5NN80n6U6BTNxj61oJZxkZ7CqsQVImmKllTIPrTXlMfDDJ960X3wwnaPlFc3NMXzv61ViJTLE8hf7vFNRl57VRaUADPFVpJyT1xVqPc55VDUmfOAOMVUJGcjmqJkJHB6VGZmHTkd61UTCVU0GdFqIz/MAvSqBmBJ2npSGXgMOtPlMXULhkBJzSlhjjk1RWYdxVrzYx35qiUxwcp/FUyzKF+9VSQo65BzUacHFBizYiu2TjtV0TB1H8Irny2OemOtKLkhM9PSqbJsdOj78genanhgQNwxiueju84DHFX4rrPB+7Ujuam8EUBiegqkZR2pnmv2oC5oSHAOOM1niZkcHqBUTzM3XtUe7AzjOasg0vP38dKA204zWasgPtTyx7UwLwuNsmUyK6Cy1howEkbAzXIoTgljipEk6jOaAPUbDV5EfMMp45HPGa9/8AAfxp1vRA0N+BcRsR82fmA/Hg8V8cR3DxMNpwRXTWWsyZCNgVFanGpG0kdWGxlSk7xZ+ktp490jxBD9qhmDP/ABDp/Lj8jW9a6oikPnP0r89tG8QXNhKstvIyEEHj+te7eHviKtxsjugV5659a+bxuTTS5oH3WV8URk+WofVltfzXwdUYgIR1756VvWWsSWx8lzWF4J8faZZabNCkSyvOFySQOgOP51zZ1F2u3kkbj2r5mtTknqfYUMRGoro9nh1OO5TGcn0qFbgRHluCelcVp91giRW+U1NLcyyTZjOQK5nA7YTselW9wAm7PBpJLk42rWFowllTa7ZrdbCDbjJFVyHT7Y6W0UrbBuASKkklcx7TkZFZtvcStCoUHirEkrH5zjCisZA6oyFys43DIrTkMWMg59Ky3mjKhhyakE4ZcMc1moW6FzquwzUXUQl8ciuOkb7UxLHArcvZWztHQ1l/ZNoOcc1En5F0qumpBbW8KfOOSK2vtK7NrHtWaqLCjenWsqO8VnJznnFaQRFSoaL3ALkc1ayiIGPeuenl2t5i9qaL8EZY1qc/1hlrUrlIipxkVBYXiC5EobIHas252ygOSfpWO90tpKzs2xRVezZjUxB6/wD29FgRr/OsjxF460Xw1YvdahOCoXhUIYn8ia+VvH/xu0bw2DZ2Eglu2BC5PGfX3Ge/ftXxV4y+IOv+MLnfeTFY8nCAnbz3OSST9T9MV72Aymc9Xoj4zNs5pUnZas9h+K3xwuNfu5rXQv3cLHg9+Dyccjnsef6n5qubi4vZmmvZS7Mc8nNVJcRgsTlh1NZMty7d6+soYWMFZHw2Mx86rvLY0bi5Cfu0bFZcs7k7d2arO56k5JqLnhs9K6lE85yZLuxk0hIzyetQs4DemaaTuHXFUST7wBUZYMetRg4OM5pAAzYArMolDHj2pwQnqaRUCgbjileZE4HNW2KxKNqjr0qF7gL90ZJqD5mlG3oauraHOX4+tS2CRnNMytx361LJaHy/P3DFaUsFuF6A1muG/wBWh4PakaFQgphhyKVryUjg1HcRSwkHsfSqBZs5AxQIstMzHJHNMLkcmqzNx160Z46UC5iRzuXcOM1EwGOtIWGOe1IXRuVoJuSpngDmlzk9Ki3GgNjpzQNMnOGJzwaaDjr2qIuCcdDQTxyc0BzErEtlj0FLuI4zUIJwVPQ0oOTzxQHMWlkIGRTy7Egr3qtvYDApQcnBoKL3ngHDdKVpvQnJqgWI4POaA+B0zQFzahkbjJ+pNaEM8YKsTnB7VgI/y7jyPStrTEiuGwg/CtYIp1GdlavmMMSeavC4IG1WPPpWUoMaYzjHrSo7dd3Susx9qzajnlUfe496n+3sAAy5HqKxRMy8npUb32xsAcetBrTqSOpjlE3CjJp7288g822G4DgisqyupAPOhGOxq7FeXMRYIeGrOzOtVmTxtjAlGGBrTjkIG1mDR479ahN/HNYiCa3Xf13gc1mxCSMFySwPbNZm0KpvrLAQuHzjsOtWJyrAG3cqe4J4rnvMhADbijHtViWVdoEfHrWZ2KsWZJjHnPFUHuGYgq1VnJbJJzUe7oDxQT7RmrHN5iYPDCnAsp+bj61k8g7gdpzwauBmf7x3MKCo1WXWBCc8j2rPdhgkdfSpw7Jxk81CVGMjkk0CnqV+exwacsh5QDJFIxA4P40GQR/vAMYqZMUESyxkIHOBWY8pHJPSmy3RlcliQpqmxBOc59645M3jESRzPzJ0Has9o8OHTtV5nAGSMGqjOedo5qS5lC6topoyj8GuWutPe3bfGMj2rtX8p4svw/bFZktvcXC7IRlqqEzgxGHUkccHyMP8ppCCegrQu7PJZJPlkTrmsuOZYn2Tcg9661I8KtR5R205GacmSGB5qVkAO4HIqMYxkVZzsFHy/KMUbeh4waZ3z2FNZsnK9u1AmTqMdOBTXJyMcCk8zHJ5pd7EYI4zWiOdj1RicVKqqMAfMagLk8Dg9qtWzrlgeQaBDJIwMj1rNlX/AMdrUlcbvl696ozBSeB0oGmUXhkLZA7jPtXqOj3LQ2I2gYJH415e0sgOB3/pXoejK01rFAjfeI/DNZVVeJlWR9A6L4v1vT7SGLRpggmUA7vvVg3vhjxB4hu5bm3BuGBJY/7RrAj0m7tXiaTIMZGGBzX1P8OtQ05dOnfq6rzkZya83GYyUaXLc5ZUo3vynkHhdltIH0C6j/eoGKsepb0q94U0HWfEviBbDRY2FzCDJnHTZ1rq7KGztdYa6vXUMzFm4GAeTXtnwbFkut6nrNois5Hl7gc4zzxivJVfudtOirHyf8Rp9UidG1IsJY3O4nIOU4x+dcbB4z1iK1XyZjhcKAvBwO5+lfXHjfRYvEV9e6ZqVsrrcyGUHowyT0I6dK840j4R6PYayYJle4jmHyLnoT2HrR9bgt0YygrniOl+Lrq1u83jHa5yfmy2TXuPhDXXvIriW3hMwxnGKu638GvCYtZL5ZZLWVWAwT8ufpUGhrZ+DUmgtJBMhHJ7VlUrxcdEYNGNqmt6paJPG1p5bsrEEg9/Wvn+PxBe2F/LsmZJZc8A469Rwa+pfDuu2+t388N3CrhztG4cHdXI+Mfgs11qX2vTHSDeCSR/Kt8LiYRfvBoeU+DbyHU/E5bXZS1s6ESHPBIHHc16dN4yttJnk03QpWiUsSdpxhuxBxXkd54S1DRLk27vvaPgsOAf/wBdZ1jeWui6nPPcx+Y2DgHBAPrX0tHEQdPlS3IlT6nqPg7xzd6R4pW6v52mgeXMgY5PJ68mvtGfxN4Wm06yvpLjy5Jcsq7cnA55xmvy9uNSa8kaWFPKw3O0+/WvZvA/xAtNM0W5XWd0txuxCDzkY9a8fH5ZGb54GyWlz7PuPi+ljp8dhoyeYqscuwxhT2xXM3GoJ4gS5vL/AIZsAL04r5km8fQXdtIYE8mU4x+FdBoHjF7+KONn3GIkEt1/KuCGX2WpLilsdfqniBPDrlLZtjRnj2968w0GbxB468ZQR3N2fJZgHdjwi5610evx2uq2kczt5bAld7Vx3h3VI/CRvGQ+c03RiOOtdVChGOhN30P0atLizsNETTISCqBY1x14wBXg+v6hqXh24umkCgSKzdMseeDXldr8T5rWS11S8lKopDbM/exxUGt+MtR8cNLeRN5cWMIgHOBXjTwj5mwOj03xS8lxFLEdvmH5uO9e36Xp+ifZY9Yu4gtwpJDYANfKPhy1u11ORAOFBY/h6CvojRLq61jTZbGOMZgwTxUYmKivdHc3dWmsdPuVutPY+WBvZW5GfaqR8jxnpt2BCU8lD85GAT22/SreswabbacHncrJjYR68VzOh+LNKtbG60+aby4raNmyeNzHrXPTg9zGSuN8O6loXgPSmXU4RcS+Y0oDcjkcfjVnTviY2u3UsMCFI2YlVXtk9B9K+c/G+s/2tfBNOuS8HU+mfSus+GEcseoLdyYaK0cMwb+L1Fdzwt6d2bU42Pp2Dwhb+LmKa8m9IgCgZsc9uRWpZWWm+HrbEePLtwfcgDkD3Oa8X8YfFi5hnjOlKVgjIDsnPTscetcZc/F21u4JDdOxkOAELAdPauWOHqMhpnoviXx94luZ/JtwY7K4cK4II2gnoMe1e3G3n8N+FXmtV82WZUyR/ET/ADxnmvlm++Illc21hp9pErFyGmZhtKnH9K9ot/Fh8RLbWum3ceyMAAbs4b3raVOVrsXKyxqFsviiyls3hBmhAbnk5PpXlEXiVfAGssLqMThIztAbB3Mf519HmTQdH026vpfL+0GMkkHGWwcHj0r80vEetxal4mV3meSDcQSTnnJz+tdeFoKrutBWPYfH/wAXdR8VwSpCxit1A/cEgDjoT+NeY+HdFmndr28cFJMkknoM81mas2kRMscB3naCST3rSMskWgwBfkYndwedp6ZrvjT5Y2ijQPFOg2E8cQ0+Z1JJVi3IHpiuAuvCWp2svnwL5qx43bTng8dK7P7TNaxGcjhQPfmr+haklxumlVt+8D149xWkJu1ilAtWN7N4f0tjMBvdOc9c4xV2z8VmRYYYeJLh1UEHjnjBpniy80i/c2kahJMBVxxk/SudGmw2xheGTBQr94Z561cI9zKpSl0PZrz+09PljbH2oH72D/OvLfH3jmaO78mFRGdikhRXXWk+pzWvn3chCAgbgeteH+NbWK71Vo7WThODx1ron7B7GcISXxE1n4uvrye33TMi+YoPPbNev2mu2h1JIJhkADoepxxXz1o9sjapZwsgEQlUSHJA25r6z8O+FPCcsgnvZUSRiAo8wDjHFeRmMIrVIubsefeI7ubz0kij3JLnAUcD611Xg3R4b2GS6ntyrgZB7+9ezQaHol3ZSW9tt2IMDjoRXHWimygvIklEJVW6dcCvLpV76NDjK55xrvjz+xc2kcSAKxB3d68O1S9n1CSSe4k+eVt3HTHtWh4shuLm9MsswkweAvB5Nd94c+H0eoeHHvL5h5mcIO+BXs0uSCujdU7n/9LM8Za5reklZbSAMgXJXG7p79K8bl+Kmn6m5h1aDyWPyjfjFfT1y1hcxbJuc8cj+lfPvxD+FGkah5l7pxZZG+cKuMbu4r9MzajV+OnL5H5Hl9WEXyyXzPOtQ03wf4guDNZTATY6L/hXnWraX/ZVwUhl3qDwxFVbjw/rWjT/ACh1iXjcDg1BK1xMpjmcsFI4/wDr18Hjqj+1GzPsMHFbpk9jqV7ZsUeRnQ9VJ4Fd3oDWl3eLNeRrg4wWGRXm8P7q4G87gPyr1vw3daHcKsE7rE6jkcVwxeh6+GSb1PZtOhRrVBasAoHSo9Qv9S0ptsyrJERx7VlaSsENwzWVwWQjApdWM8kTc+d9a5HTVz2Od20OW8QeJLJrFo3QK7cge9fOGp+LLx7wi0fYEbGD0r17W47CdHgmc70PQda8uv8Awkt1IWtz8h6EetdlGloeZWqNP3jNl8R3yWq3TIJAp+bHT6Ull4t+03eCWj3LjAPH0rAm0bV9ML29wp8kn1yPrVmz0xhiRhsbtxx9aVZxOZnpVt4h1G2jzHJ8h44roNH+Juu6b/o80vmRA5AIX+teawI0aHLdTUwEUj5V8Hoe1cPNILHvEXj3StUj3awNu84xjIxUU/gzwhrlu91pcoV35ABAwfpXh11aSEAwnd+PNQLPqFrKrQhlK9xmrUxo7DUPA+r6bg2r/aADkkZyK19MnurYbL+2YjuzA8Vzln4t122ByxfP94GuhPjpDGq38Sgng9xir5l1KN2Ke0lkEkEmM9mGBXU6RcSSExTKpUd68/8A7e8Oaopt418qTbnjtT7YXVuxNldZIxgev1rXntsJnpE+lxzSFSxUHnpXeaX4Riu4AbO4xgfx8V5Ppmv67FdBZ7T7QnQ7V5r1nSPF2iTxCO7tpLR14yB3969KNW1rhGNzD8QeDriGL98ivn+JO9eTalo9zYne4ZQOc4P869y1DW7cqr2s/mqOuc1RXW7e6AtrqIOp4IxSr2Mb6nzzcXF5bAjJ2sc471Na+IzbnMuQB0969f1jwxpjy/aLeM7HGcf/AK65K/8ACOmSAJCxRm6qR0rzJwbemxUZDtN1zT7uB1bYQR82Dg/QVjalpmkXFs4RWjxyCD81Yl3oUtorfZ4mKLzkfzrEuJdQgRnhkZSV4GMms2am7a6Te2oNzp9wZFGAATWpoNtrd7rqQzxNIx/uqScVw+la7f25AmTcM5YnIH/66+h/AviK3v4n05IXs5ZwEWfryf7zdhVjO/8AiA76H8L1s44VhN0yRKd33SRub88EV8eXUVzfMDgPn71fTmvQ208f9heIr2SVF+dEL7l3f3q8d1rwgtlcK2mXW9ZOiH+H8R/hUuRqonASaa9uiNbuY/YnPP0rp9G8SeLNMkVEP2iHADIwzj3Aqjd6dqtqN04DpxhlOTj6VreGDYz3iJqEjwdM8ZwPUipA9Vsvjf4YtbWO08VafNAW+WQ7VaPj+IZOT64xke9dJbJ8FviSvl2xiEznhk/dOPp2z3wRx3FcJ4n+D+n+LLESaRrEEksR+ULhhk8/MVY/yry3/hnLxtZTLc6dOk2TjdGW+Uj14z+QNOzA+gtd/ZdtdUgabwvqrHAyI5uRz0G5emPfivEdY+CfxJ8HXSTpaSukfzK0bYJC85A3ZNanhvxz8X/hxdfZLj7S8MRwVmVpBk9snp/KvrbwX+014f1K2Fj4ssZNOJXBYfv0ftyuMjPuDWbt6BdHwePH/jbQ7gwX4e4jHBWZcj8GXGK6iDxx4W1u3VNd03kdWUZJ+nIr7l8SXXww8XWu6JYLyJuhVdv4kjGa+ctf+CnhTVbiQaBcGykHJ6FT7YGKyMbnDD4beAvE6o/hzWBFIcYRmVnz/unB/Sud1XwLrXhG2+ZUvYASGaMk4PuOoHv0qLWvgn4u0ffLaOtymfldWwuO2c8g/wCQa8/u/FHjPTt+l389wUj4aNySCR/vU1F9US2uhUv9Jsru5Z5YPKfAycY/Wo20O9ijH2J1xxkE8kVq2Xjbavk3tkrqAAT0ap5PFmgTygJEbY8A1TpJkpHEX7TWrbLiHHsP8azoliYidCyODxXe6lYWmvjdY3YLJXJzaNqdqshCCTb3HOBXPKgxqZXknlwQSGBqJEd1Mo4xVNpto/epyatRyrsJHGeMGueULF6EgywB9abK7hQEoY+WpOc45FV1mRxk8E1KVzMp3Dt5gc8Z4qR0IXCdQM0N5cvBIJU9adMEiQSFjmrsNMwJpZ/MwQdtXbdQyZcYpGuTMwyoA7Gh2ZBmL5vUVZBUnzI+E4Ap8IQnb1PekgDc+ZwTzzVuNAMkL174oAjkhj+6p6dKzmt5snbhq1GQgdetRxQspJU5oAz3UkKvQjtT2gRo8jhquSKwbcyioQ5J+bua1LK8aSQd+DXQ2txIYNrfKKy/JWZ1UnH0rVWBlVQvNRJiZdjAC5/KkYlRz3p/RQpFVLs+VCXK9elc61YzpvA+jjXPFNvEwysPzyccFEIyPx6V6r4v1RbrVZAhzFZpsU+rDO7H48fhWf8ADnSl8O+F5vEt0g867TMe/g7D0H/AuD71xuu3Uj7IZHw8xLkivZSUKSMtWzCndt5fGNxquY1YbmBBqfGwY5IHrSsgC7lbqK8dvW5sZkowfk4xU0Tg4JOMUEZOehNWDFtj5OBVe0JSGFy7EDHJ6is7Uppo/kj5z1NWrcbHc9RWTPKJJ8yZCg4rRIo0bBDIm8Y+WrTDec45qtAqLEdnGelXYXGQjjjuaxky7EXlgMO4HNdvperiCxa1kIkiIPytXJSIuSUJA4pI48ApJk89aThdGsZ2ZavikhYr8qnsOlcZeRybsr90HvXSztsBRTWTKQw4G4nvWifKZVHzGTkKVBzz6Vs2cex9gzis8jH4ela8U2I13dWq3LqRYhvwpm68DFDPshD0skRkkHR/6VWvZDtSI4P0rITZDbSXDz7Y247110ePLB7jrXM6efnIPGK3REGDA8ZonuWnZE9ubqO43RsRn+VdlH4z1nTtKl00TF7eUMoU5OwN97bzgZyc1zVqNkIH4Vi6ldZm8lW+Tv8AWseRGka0keueDvijceHv9Cky9s2Ttb+HnPB/pXrNt8RPCviO0lF1EkcoGAzLl+OeGA4+lfG6CUv97ctbdndTwviOnyI6I4qezPFfiFJHceNNVeFg0ZuJGUjptLHFcv0rV8UFBrs5QYBY8DtzWRuNfQ0/gRbJFxjg5FN8zHTioSxJx/KpF2FSMcmmFiMzEYA4ApMg5IHNSMgxjFMVcAZFAyHGQSODUipgZBzVj5fSoySGO0cUBcbtBzu6+1OXCk1GM8mgklqB2JCQrHac5qIlgeRTiwxk1E3JyOBQCQ9mIINNLjGSKhZkA3EniqLTAscHFBsW5LhVQ88VUa5cgoDkVAElmOB3NXRa+XJtb0pllVUeUcdPWtCC0AX95jmpFjReFBFW0CkYbqKyNoQJo4wFAHFXdu5cVDGucVdCbTgc1nKR2wgLCGUANzVsso6c1W78GpweMMMGsGdcFYCwWriOOADiqXDYGatDikasuRj3qwvPFVI5PmwauoBtBotYumhyqM88CpxECpYdKiUHkHtTt4UYzx6UHUNaRlOMZ96qTpv5ZuKfLKDwvFQouFLHn0pWExoilIIbhfal2ooABNSq0hG0tikaNsZJ5pktEWx3XEePrUZSYZyelWNoALAms++uGSL5VNBEpWJxL5fzMRmoFQyN0zzWMtx5uCc9a62ExJEOOcc0Ml1CmxER44NSfaxGBu71HcEM2FFZl0q7SxbpTjqR7Qv3d6phILYzXNtIGfbnOe9U7iVm75A96khljGGI5rSMTlnXNFoomjwck1RuLZsZjO761ZW4jc9cfyp29HXg9KqxzuomYwhkVsuMUkzBRtUda1XyV9cVRmjR1GwYJrRMxbM7GMikBx9Ktm2dcsTmqbHHNUmSxaXNJUZyelIRMJSBjsKlWXPPpVXDUdDmgLl0zhwB/Oo2DFfUDpVcNhueaeJSOKpSESB2Azmp45iRg9RVcPk4PApMgdD9KoRqpdNtwasLOSvPBrE3MeOnvUyT7eOooA2fmKFhTGY4zUa3S+SQOtN8wkYPOaAHbxn605pD27VEMdRTc+negnmLKue5zUofHQYNUg2enFSKwHXmgOYt+ZzzViKfa4IPSs4OCeRTt4/hFA7nYWmoMvIPHrXR2urHZ94gjvXm8E+36mtFbh8Zzmncd10PefDfjHU9NYtHPlCOM8j869r8PfEC0vAIrkMkuOSTlTXxrZanJCQM5U9Qa6qx15YzuUgMBwK5sRg6dVe8j18DnFehondH6Dadr8MoijjcHKg8dDXYQ3ayjcvy18CaB48vrGYMj71HZjkfnXuWh/FmKQRxX4EXAAIOQSOn+ea+bxeTSjrDU+4wPE9Ga5ZaH1Zp97NAhZD0rr9OiuLrMjEhcZrxjSvFen3cUKRsGMh7eletr4rsxaw6db/6z+Ij0rxKtKS6H0McfGfwnX2k8SK0ZIPpSzqPLOCOa5uCYyoGQYxU0mpbVMQw1c84KxusRcixJDNiRvlNWWOMKTjPSqNxKjJndyKypdSyQuOV71MqfkWqrsa12WKA5+7VUagqDg7qzP7RIHzHINZnmATk/wAJqFRZaqqx1Fzdq8OW4BrmIzi4K5wD36VNcXG6HYTtX8qyri6trYBpZFUerHFbww6ZjUxSW5pXm7ZtU9KyHlCDczbcVxniH4n+HvD29Lm5jLqMABuST0wOd3XoOa+WvGPx61K/MlvpWY4jjlPkYYGDg8nB716FDKpy9DxcXndOne7PqbxP8RNB8KwPLe3CsyqWCkj8vc/TvxXx54++Nms67LJa6e32WBz/AAnO7/D9ea8T1LXdT1e5a51C4eVm9egH0rEnuwmCBkivocHlUIPXU+MzDP6lXSDsXriSeZzNO5Z25yxyT+dZkt6qHEfNZ8t7PISGPB9Kps5Iyte1GKWiPmp1W3csSTuSS5PNVSxPHrURdsc80bicdqoyJcg8Uxmwp9aiYnpnpUYYuN1ADiS33uooDnG3FN3EtgelTxqwPI4xWZAKm4gipvkiGSeaheZI+n3qhjAmYFm5oCxYaVmUgDj3qCOF2H1qzKnlwnbyaorPKoCAbiPSg1saUQFud5PNE12zsT1FSWiSTx7pBj2p8+nNMMpxQOxV88kDJzSMVkODwaiexmhxnkCq7eZG2G4HrQMsuh+6TkCqzxoTyvBpwkAAJNKJYyM5+lAGfLbkH5ecVVZXXG6tfvnOaSQBuHFBLRlqoyMioipUkVfeHaSEqs6tjcV9qAsV1DngjilAK1YWXCFMVXYLkMe1Ahjc8sOfan5AOKiMnPHQU4nkD1oEOPPHSlzn3xTGBY89B2oLgDjg+lAD856Ub9x+nFRkYOfWhs4+WgCQn5uDk0u4nAz0qPnjaOvrQWHegC3G5yQecit2y1CO1wwQZArmwwAyD1pcmncpPudwmu28rfMDVz+1LTaDFk81wO9QQD1pNxBzV+1YuRHZS6okjZDHntVSW9JHJwo7VzKTNmphK2fmPBpSm2a05WO80W9lZxEBhDXV8j3xXmmmajDA370HA711P9vQvHsi5atY1LRNnqzpROAQjN06CrMV0q7eOfSuHa+d2VlypFNOoSI28sSal4hHXGJ6LIYJ1yABVYxsrYB4NcjHqcq9Oc+tdFYagl5Htk+Vl9ahVUaKBZ5zg81C/p6d6kaQZ65xTGI6EZpjsOV1xsYU5WaM+Yp6VCCPpRtJ5JzVJGfMy8k4f5pO9OLITw2M1nsrJhl59qRpM4D8fSnZGiqE07BQWDVkG+YnYR9KtS4lYKuQBWdLGyuBnk1x1pG1LUsEBxgU1kAO2m706A89KikJHyk9a5U9Ts5SIsT1qAg4LLUmeTu6VFuwCB0qkzAh+830qzbzCGTLGoC2BwKryt+73dKZnVJdTsTcN9oGCHri7q3wxGOR2rrZLgi2CZ/+tVCS1EpAUZJ71rTkeXXhd3OSSWSFtkgyD69qsq2T8o60ahbTQMRKMDtmqVvLtYL2PSus8qrDUsk7W+71600oB83p2qweACTxTWK5we9Bi9iEYx05pwBU4boab918UEfNkc1ojFlhxGhxE+4YpucYH8qifnBPFC9jnpQIuBc/MDn2qtLHnkHB9KnYnA7E+lNkAdcn7xoEjKAJYYGcV654Et47m4jiuVCrlea8jmYKenQ16p4LgW/zbxyGN2AGfTNZ1/hYVdj3a8U26PsXeGHAx0+lb/g++jtJYLUqfMnJyetR+G9Jkk02aGeXzTagYY8/nXY+GdPa4dms7ctNEeqjNfLVqmtjnNTVvAdrfQy6hLev53ZTjgn6fWtv4dPeeEdK1SzhKySSkFWx7EVJ4nim0XT47i9byZJgFxuGMn0rUXRDZ+CH1JJi7zBXG30PbNZxp3OmD0OGu9V8T3l/JcbGbZkfdOBj/arvfD+ryxKlxcQ+ZMgLDPr/AErntB8WRNor2LAruYqzkdmPWtm+v9M+yxLptwi3G0qecNn196xr4Sp0RwVG7nj/AMQvGmo6rqH2SzHkIsuG3jDFuhOK6y10/wAPCwWC4lE0m0F2B7/hXgmpSSvqlxPfSNKVZsMx3MxHeux8F4e3ubuZzjeE9OnWuh4fliZ8rPoDwn4V8OTXP2iwSRHTCjaeCT9a6i98P6hDqJFvG7oFJyemO9cj4M8b6ZpesQ20So4jGWZmC/zr6D0PVRr+ovNNGsUEqnyznqPrXl4i9w5WfHvjjRbnTrG8vbm0ZmALZC8DJ4JxXy55D6lcCJIvmZtpJ46nrzX6hfETSLO+0cWbLzOWTI4IyM/jivBk/Z9vpbY6iNQASNN33QW49R6V6mBxyhGzNISt7rPmi9+GZtlWS1lTaQGZc8kms5fCNxYWrSSDfzuA9B9B6V6l4hiudAv1jaVJkhwMg8Ee/pXBaz4ueMSQxhRI2QWH8OelepSxFSXw7DjLocr9mtzZGeZzGSSuB3Fa2hazpujiZnyXZBg+/vXn2qalN5wjVz64B9abBcWptXa5yJifXNepypoTi+p7Jp2vp4ggksZGwzHjA7V3M/h7wzpGkLJLITNKBgE5z+FeOfDmXTIdYFxqEmIYg3HQnNdj4zubWQrPp7GWEEqoPbI615FaKUtCos5LxpYRtbQT2U2Il42HggdzUuga1JZW9taL0zgHPPvms3V9J1LVdNW+tY2WK3JJIBOT9K7X4V+A9U8QzzXF9BKkMeADs5JJ61E5pQdyWe3+BpdJvNGkLjN4pYA4+bJ6V6j8JtKu7j+1c8GJ1VixwT1NefTaRafD+FCH3OfmG4e2eay9L8c6vpxuGs5zHFctlhjJrxKlFzV0I+ttc8O2V/oi2l0oYswIIxkEe9eA/Ej4Vw6VZy6xo0wlRlG+Nj3I5Ir2HT/t174UsZpZCXliDkg8kMOM1weu3sKeHpdImuCbiRs4bsucVxYdSUrsdOJ8JXWpSRXDW7xkFGwfU17V4EtNS1OG5MDNHAyhW9DWH4x0DTp5VNl8koABIHcdzXvPwH0dRpGoLdYkSDy1G7liTya9qtVShc2eh86eJdSXQtLnsEbM8shBVup55znoPSvMLeKbVZ4pAm5iwzgcD2FfX/xa8CnVtQh1G2sFART5pU4YjrnHcVhfC/4aHUNSluZoDHbWpJKbThiw4ye1ZxxEVC6MHWIJ7LwyI4tJs0DXTrknqwyM/ergtN/tPw34hMkDyCFiyfL0INeq+I/Bw8L6o9zZSGUJ1A4f5uwBrgNL1D7TrH2W+QAbyTuGMg9qujJyQvbo7KfxjDb20tvfuxDJ9Mn3FfLmpLHd6jPcQjavmEqB3ya+kdd8MaVqMizfccsu3DcHHUVymueBYo5/tO5FjiAYgcEn3Fehh7QehF0cHp/gnVdRdjFyqAMeOPoK7LTtMKJLbX0edi7SD1Hoa0fDXiK4tdyRxb42yASODj3rc8rUtWVJ1y7zvgBB79vWuStiJ3d9jQym8IPeWylUCf7PTitCy+HF8t1am2AWJmAfPYZr6Q/4R3TrzT7OPaYLjy0DAdQwHzA1V1nxBo+gqbJ2TdbgqCO7kcZrjp4uVzVVEfKmtabp1142ttOjgBCOu5hnB5xziub8YldN1FxaD92jYzgkDivZYrjR9KW6vwyPK+XJU5JPXv0rx/X9Ts9TspriOQb5nKjHPOea9GlXkyrljQ9ZfUYE0qE5LMCSRnrXSTeCNHudSaUzlXcbGDdM+tcR4UuV0qMkRjc/U4r0K3SW7RtYlYLEvJHOcCoqgcV4v8I/2UGk0pN5CfKB3f8ApXhv/CRa5pt++9pQw4ZCSMN7DtX0g3j3Sbi6Sz2ZGecg4Jrlp9H0XWr64vZFTeXzgEZAHeu/CUHL4znnOxzOifEfxZoMDos7kT/NhhnH0JrQ0TxZq+qW1/fX0jszMR8vAwKseItOLRJZ26IYhgkn73FQ6ZPp2h6TcJs3ySZ+lb18HTjsghAu6d4TufEQXULRysqjcyH0zXtWnaeLfQFgnfayZDbTg15/8N/E8MaTQ3gQPK21cn+EdMVY8VX95bxukORHJk4B614talJys9jtgf/TXxDNPb2m+2GXwa8Qf4jyQXQstVQw8k7hkgZ7Y6175NqFoTslIJfhQa4LxH4C0bXC8rQ7JuoZSVOfcDg/jz71+tZnhZztKjL5H5HhakI35zl/7V8Pa3EYSyv5gIJxxXkmueFbKFWmsW3EZODWz4h+H+raaC1lkxdQQcVwElzrOnoIrqNmHv8A1r4fMPabVIn0WDnF/wAORh3dsYjsfILDkjvVW106c3CtAWOG6GtW41ZJVYEYkHUGr+iX03BK7UB9Oa8SME5a7HtKqemeFpL6zP79d6Y5BrX1DxTBbxvE4xkn3Fc02pTxorRZw/Ws4+TcZFwODXXiaMJKyJhiaqfkcT4p+1alKk2nyFM53AHGfSucsk1e13rdTMoOODyK9FuLGKPIhXgms++i2xbSuec89a85RlDfY6XW5viMXWtStEt4ms0LtjD5rHgvklZT5e1a0JrGC6I35Gc5AqF9OW1A2tz2xXJXndkpke1ZhmPjnvUbW3kgkgHJ7dalt8pnA3EnvWossRjKlQTWKu2XK5kxTOhwnyk9q0Rey7AxRWPTjtXP3j4Z2iJ49KpW19Kh2nOTyfenexaiz1HTNW0OVfIvrfDdDtFaWo+G9B1hEGnSCJx05FeSPIwbzYzt3dc019XNuwaJ8P25xVqr3QWPSLf4Xzi4+0LeABeuO9dFL4M1SxgWWOQsh547ivJtP8V6pC+y2uHBY8jOc16XpvjnVUh8qbLKnI3c5rphVj1QnFnU6TrviDRJYnmtTOqnOWQsWH1r0OP4l+H3idNR0SO3mcEB9qk5+uA1Hgf4paDaXCrq9mrMY/myqlenUZyfwxXbeItT+Gvi3TpZbdYFuQuyNh8jqw54zjB/DBr0YRjJLlmZtSW54TJe2NzcP5U5Cs2VBpklvfov2i3nGBj3P4VZ1LwvDBGJLKU5wcqen51Uh0+5twkaDr1GciuPE1pbEwjpc6zStZkkCwXYLBe+Oprd1Ozmu7fzrYZKjp3rzCXU7vTpiwQNt6jvXaWXxG0mC1SDUIjGO7AcisadZdRtO2xmwSCOYwXSAqMAg1fvPDlnfReZDEqA9COcCnXOo+GtaJmsLvDN1yNprEttQutNum2yFo93I6hhWc9y7Mk0vQdLsr8q8O5Rjr617dqQ0zTtJtpUhWFpcAYGOR3ritEt7bWJJJ5wIdo3EdSav61q9pqVjb29vGWe2fbntinLYrUp638MoPFMbXsd80FxtG0dV+nrXh+q+EfH3h2eRbVg9svQqwIP/ATzXsF34gubBjtLtheAQRjFc1F4weZ/9Oicg8ZA5H1rnakdHNoeWy6j4igQR6nYlWQDLIDtI/lVzT9T012LzsI3PUOcY/KvU2e31dDBG+3J5GOPxrMl8JWXlt9stI5QSdxUc/n1q4RZk5EljpsKGOe3nyrZKmNsj65Fdtpuq+KtNZTp9wZVX+GT5h+Z5/WvMf8AhALB5/O0q9lspOwY9/qMEV01n4e+JlscxtHqMa4wAdzEfT5a2iJqx7dB8VPLgSPxDo+5ejNCgI+u18f+hVgyS/CjxFcSC7ghtZpc46Qtn13dM/iarWXivVdChFn4u8PSQxSjliPlP4MNv61DcW/w+8XXIWBBaTnoUURt+QBH6VDRFiu/wksL8mXQ9TMP90hg/wCGVIJrjb3wt8Q/Dl072cRvkUY3JhuPoSDmt+/8Ja34eZrrQNXlQIfl6ruHoSOD+VZ1p4w8d284WVY79F5JdSXA9ihH8jUGRn2HxIvdIZbPXNPlTbw3ykbfqrD+tGpar4N8V7xL5SuenmgIT+NdLc+PtJ1OKSz17TTGHGDkbgv1yN35V5vqGieCb479Kn8lz1w/J/4C3P6V1U0+jDQpX/w38MXuFTMDjoc5H1715xqnwnhkuHNrKoZOu09fQ5PFdrN4d1ARFdNvC7DPOCBj864WRfE2kSuYLl8nn1B9uaidzSPqcDfeD9R0qRlQyB1OO4H1z0NUo9e1zTN3mRCXoCW5wPWvWZ/Hk1naJHqVkJi3ys2ME+tX9BufAXiiT7JcymxlcEYJCEk+mRg1EY3M5HEaBqml6zKBfacoJGS+MkEjr0rAurHS5LyaK1mCmOQgA8AjPGK9Z8VfD+x8OLDNpF1JMk+QfMA7dMYxXiM/hi/EzyYKqWJOP51Lpdyo+Y/VbCaC2MhA2k4GDXLO6nKsckCuilT7Qq20jlFztJJ6Go73wRqCxmSzmF0B26cVz+yFMwUOxDg9vWqc1xMMCQdR0zV5NN1OEFZoijJ1DDkVmXRMYZ3Qgjj61fshlm0w5WMjHf8Aya2GggdcKVH061zUNyrECNsH0ar4uHQk8Z9Kl0gsh9xb4fah5HtSqsiIN3apIbgSfeBJrVNihjDZ5I6VnKmhoxmIYjAxQ4Y8RHmrMmnSqGYcg9qriN4xgj/Gpi0JMcCdm2UfNVJgBJg1bdsLjFV1XIDE1pYY+0DCUsxwvvWrEBLIPn2gelVbeWOLhgDu7GpkZVTfHwGP5VLBl25cJGpTt1qPTra41zUrbSUyPOdVJ64BPJ/AZrLlkIJYfNivVfhNo8c8914n1FwsFiCqDGcuAGLf8BH8/aro0eaSJloegeL7mFGs9LtyBDaRqSo6AgYGfwFeMzyG5u3uc5zwB6AeldR4s1i1uZri4RjFJdMNq+2P8BXGojom6M7j6GtMdV+yggtC8r7gwZeaqzuq7VPFTI5288NUMo3deTXBHcoiiXzpCqjgDPWnTcEndkgVNbbUcsQelVmZWuAobIb1pJagVrkvDECCAWGaxVjEsmXYjNWdRuUmYxLyV6YqCBzGm6SM9K60tBl07to8s4UcVoRy7V3+2Me9Ytnc7nKjn2PauglaFYwVG1jWQAtwGwH4Iqyoym4dDVBIxM2M4zV+cmBPLXgd6wNDOu8o3rmsyQlemavSEsdzDPpVSRCYvlO7HammQ9yGMEOpIyDyfar28SDgcVBB8ql+hxjFWgiDkcZFDZLIx8km5e1UriEyTF+lXGZVI3HrTCQxODkmhCRBFG6bsfnXQWCqFLO2azCCFAA5NaNtjyz2aiYLsdFHGpXYTtGM81yd2gLuUwecVrXFy4jUntxmsRnCEjrWcRxFtsFikn6VpW8R875ckCobeJTF5gJ5rovDNpEbxGkG4GQZz6ZolPU2hqz518bxpH4jkWMAYVScep5rmC/bFd58VLe3tvG9/HagrHiI4PqVya4TgjpXvUJXgjtGggcipOB0qLIHUU5dvc1oDRIGC9aao35wcfWkY47g0K2Ac0CsDDA25of5AM8j2qPfj3Bprlm+6MAUDsSEgZAqFiSc9KYpZhu70pI2570FJDc4JJ4xVea44wOKYzBie2apvINxGc0GqQ5nMq5zwKnt7UyklhgUsEB272rUj4AA4FJs1irk9tbRxj1NLIqq2epNPd9qADqaRMMPlHSoLWxGUC49uackfOfSpipVSOpap7aznmiMka529azZcB0Kv3IHpVsDGR3ogTKc8kVbEPHzfWolI9GlEqgHB9qmUMfmPQ007V6A1OgG3ngVkdMUV25PuKsIJP4hTGA3Ek5qxEdwwBQUIwO0FTgirKzMuBULKfXFRLJltvpQBdN0VBGai+0c7jxmqoBGd+DUfmZIGadiuZll5AV4705JGC8dqg3oPwpPO7etIOdl9GDEE9KlZxkbazln2HoMVZjlSRMtwaDT2pOrscgisrUplQbRhia0HuFgXcwHArkbi7FzMZAMAU0jGUrmzYRQEGRzyOQK0XZim5K5SO68t8tWpFfwnKufpzVcrM3NGjI0rrhTjisa4iaJC8jcGtSG4h8vg9T3rn9UvhM/kxjhe9XGLMqk0VIvLeU7j8vpVprXzOV4UVBBYTzBWBwp6muhSELEIx82KtyOVs5dhIhI60JcMmcdTXWS28Cxfc+Y1ky2McgGOCKOYz5SibsbQD1pUdXPpTZrJ0Bw2TVR1kjxk8irJaLrEDr0phSI4yAM1T80nluCKPtAbPy89qAHvb5YhWzVF0kDBTxVkyEjdnmkaZioGKBOxEC8Y5+bNRucAmpTISB2NBAPA5oEQbt2D0pSM4J7U/y8n3qRLaRicZzQFiHeBjPSlyc47VYaznx8q1BsKn5hhhTYh4PenZ5zTO1Ju496sRP5jE5HH0qzHPxh/wBKqAk+g9qUjFA7Gis0ecdKlYqeBWSrAHJGatxSjBwMUEWLZGKTNMWVMfN1qT0PXNAco5QCaO3B4FNJyPQ0g96BWLKOMe9WA+RgHBFUcgj0xQD0NAGmspA4p63DKc9aoJI54xmnBmOcDBoNDZh1G5hYOpIU9RXSWXiVozmQcDpmuFEhAIPenCTGMnOKDO59K6B4vRTHcJcGNkAxg7Sp79K9n0Xx5qqzoGm84DG0Hjr29xXwal08K4jJ+b3rY03xJqumSLNBKVK8g56fh0/SidCnL4kddDH1qb0kfqzofj7XDZrM2nNdIcgmIFunJPA649a7W20z4g6zoDeLtM8KalLowDM12ICU2g4JGOSB3IyPyr85vCX7RXiHQwLa6ghuIO4CFSRtxg885+o/pX7mfB79v74C3Xwz07/hILptD1HTrZIXsvJPzsigfu9vy/N/ia8XGZNQeqPXpcR4mGqPhL/hNLTLJLIRg4wc9utKvjTSkf8A16dOm4Z/KvMviv8AH/4ZeIfFGtapplgLf7RcSsnlRjGdx6YPv7/hXy/q/wAT9KlLPZxOqk9OB9PWuanksZdT158VT/lPtw+OtEiLTy3KKo9x+tZeo/FjwzbJ+5mEzEHhSDg9uMivgG6+IBmkHl5UL1zz/KubvPE8lzIXUlff/OK6lk0VuznnxVNrRH3Br/x+tYv9Hs4ATjq2c7j7gYwPrXhviP40a9eI8P2gqQcKY/lwO+D1Ge/NfO1xq1w7jDk/Ws+S8mdi+cba6qWW0o7I8jEZ3XqPc6+/8QXWoM0lxMzHvk1gPdksSBjFY4lIbce9RNOxPHANdfLFbI8ypXlJ3bLslwWbJJ/Cq7zMfvVXDYHOTTSQeehNaIy5iUuDzUIYrSbj0qMkdfSgkk3noaRnyMZqrnLcHNIykk+9BbZJvUHaTzUiKW+6elRJDucEDgCruBEvJwahiuBRV+Y8YqvLd84Sq9zPkAIearop3ZPIpFRj3JmWWTkf/XpyOI8ANgikE8YBU8Y9KpuU3ZXvQXcu3V4ZPlU8d6tWN5EDiQAN61jDHrSjHXvQJHawXMBO1T+NXVdCcZzXCJK6nEZ5rWtb2UFDKmcdxQUb02GOG6VWliRlDFdw9Ks5Ehzt4pQeoHpWS3LMOW0fblBgVlSoYuWOcmty4n8pgrdqoyvbyfMSOeorUhma0pGMGpluht5HSo5kiODG2SapYKk560EssGZ2YtmmtKzDBNQ0dqBXFzzQRkDNMUlgSRipMA80CIzE7Z2DjuajCFfvDJq3GsjnaoyKdGoL7ZPloHYiWCTbx1NQNhXIYdq6eN4VjAbB9KyLpbeVtw+U9xQNxMtmOTg5zRuUE85FPlhMZyvINQkEAnFAr2HB2zn0pueh9aQHpSMRjmgRICM89KmMijGKpKSFp+MkUAWOCxfNN8w59qYxC8Z4oO3+GgCwjbhn0pyybs8VV3MgyO9SB2PAFAGgj5b5ODViB2D8Hms9GbuMZ61IGIGR2pM2hI34rpgobtnFXlIkPynNcyspGMHIU5q7FdYOehNTbQ7IVdTdMhDD2qzb3UkRYhqpx4cb85JFPSNiwGOKw2OyDNeO9dgXZue1a0eoghd47VipCqL93rTZV2NkHINVGbRo4nULchlOcEfWpVkTna2a5LzZBxyMVNDezRtyeK39uZeyOo3e/FMZgevSspNRDD5hTftCyHh/wqXUI5S89yqkjGAKy2uEMm4gk019xJbkg1XZeep5rGbudNPQ0Yp43PAw3fNOZ1J55OazgD0PHoaFcKR3PesDb2pYxkYJwTVaUgEAnIHpViOUN2xiqcjtvPQg0JjnK44KDkMeKjkjDAJnrUylivzCopc52Y5FXczkjNeFskdvShJsOoPybetaKxjaSx5FY9wpV/lB9c1pHU4ay0DULcXkeZD06GuNuIxDhQeh7V1pkIQhm+lYl2kbFiVrq2PHqK7KtvcDAVjnmrhUnnFYkDrHOQwyBzW+hWSLcveqRxzRXyM5IzSLkNTmAJ69e9IPk68471cTIXA6nmmcAjb0pcAjI6mm/SqJJw+4YPGKew2rz0quo7kcVISoG31oEZkg3t1xXfeG5pLdEaA4Y8HFcPIqbhgcj1rsfDzpHGGfjFTNe6wqbH0X4V1mWK0uIvvLOBnr2rf0v4l3nhmSSG0VW3cc5715l4TnWcNtPykle9al14W1OScPCjYJzwCa8CpTjzGT+E7rxb4q1HxXDBJdEBlGRz0HtXq+n+LIbf4Wwaa86faIdy7W+9gknv8AWvn67+02Vskjpl0zkH26da37OWxuLWB9UyItu6QLw3TtThFuS0IprQ128YQQ2ItYoV4yxZuhHNeX3ninW7m7knGCrMduAQMZ45FUfE2q6LKzwaa80duSAu8Df0GelYNjr1rY2v2U7WA53PjOMeld0ovYzhFXJbq7uJrl53Y7y2SPWtmPxO1jYm35UO2c+n4V53qOs77tXgUrG3ORWjALjU2jijTLHkAdTWNSlZe8JrU7fSdeuFv2lZyik8EHHf8AXIr2vT/jVfaXNBFHGZI402oAxXHGDx0ruPCn7Pugy2Nn/bMhc7FadgSpJPOB1Ax04FdNpfwV8J6Ze3k0aC7jkbESSZYoAcg59+nWvBxGKpy6E3R2OmeII/EOlWl7M5YSAEI33gaXVviFZeE9OeyywlkDBcjAAxjNc5aWkfh/Uma2h3QxHCIeRXnvxVh1q+jOotbFY0UEEdAK4KUFz3HHc+ZfHnieS7vpTHNvAPDDgH6154jNcbpCSWPJ9cjp+FddfeEb6+LSWQaQkksDweakHgjUdLiExiLYAyenX+dfX0K1Llsi+pyH2B5XMwySB3Fd74L8HRa3I4nXKggEkdPpVDS75bSeVr21LJ90A9K908GtafY2uEHlK5yAMVjjMRKKtEyqyOfvfhjHaR+dp0jbOhTGf1rb0D4cS6rGbO5n8pUXcG+8cn2rpbzxVa6R8lwoMLc8dazdF+I1kmpDygF8wgYry5SqNXFSl3PRPD3hOy0+1/s+5CskS4xjBPvWnpzyaMZ7bSJRC5JPJ7+hrPvPFVnY3am4P7uReTjP4V5Xq/is3OorJpxJSTcPTnPNcqjKUrMtnJ/E7xl4k1rWmt76UGGIBAifxYHJqt4b1C7ntljvS0UMRwWI5/CsXSNJmuvETLO28yseSc8/j0r2zW/CH2zwzcXGnSIktrwBuwTt5OPrXp6RjYEek+FPipbWdpb2JcTuqCERucDCjANcnrfiWbVNdmmS1cGQ4AGSFC8da8J0C3Njfw3l+NyxPucE9cV6bZ+OYLi/CWsO1ec8YBHrXI8Oua6OuCNLWFs4ENxMfKkYdBx9c13ngDx9puh2s9s6MYmwzEdBgY/WvGtYuk1e7lmtwTH1Y9ensK0vCcE080tnbw+a8vGCDgD19Kc4rl1CVmelw/GXSPEOo3p5t7eEMiK64Dkdx1PPqaf4R+ImoLb3NrYwC3C8793ykfp+leeP8JNY/wCEkhsI4hGLpw3ByACe/five/8AhUxtvDssNvdL56ZBI4Oa5ZuBx1IIxYtb0fUdSFzrco8xgFAJH3j9ax/GvguzihOv6cAgjcccDk968lvvh54h02f7ZJBM0Cy/KyjcNy84yK0de+IutarYHRJI/JijKliVIOVp02lJcrMlA0da1mw022t5ZXBl4O0cgmuX/t1NfeWMybSFHA6n2FeV3IuJrmUySs3Jz3q1DPbWAhniGJImJP0969m/ul+yO6Uz6FZAIDJuc8keo7/hXbeHdXbw5Nba3eBltUIKr798fia63w14a03xRp8Fwx/dXMQfI6IT1x7jNegeIPCWiweHI081fstsNrK5G5+O/wDtGvOdXm90o5Bfi59ujkurW3ARGIHHzAdecVxlxfQ+JdRXzSFBLMcHsa4y3u9IO620ziNmIBzxzx3qmum6mLwyWpywIAx9ec+1JUknZIdkkdsfh5NrkIlspz+73kjp9DXnHhzwT5AmGpkS4kJG05GBX174fsYrPwJGZjtv3QhiOByeOPpXny/D3+04bz7FcmObyyU4+UtSjVSXLcL2R5abXRUJt5IEAhPQHt6/WtfUWiuNJuhZRq6FNqj3NedeI/CeveF4ZjczPKHZjvwePbvzVPwD4oZWksb4gwqpwepJ7D616dPAqSUuYzVTUk/4RnQzaAOjiY8FgenrxWFLop0ZGvAxdF6Y+8T2r17SvD660J7qHrF82BzupJ7aJ9OabyWP2QtvwvAC+te/Qy6srStoc7xcFofM9zrV5c3hUguhOM969ft/DdvPpypPxJLGDjHrXC3oDak19BaiISsGxjgYr163DzWMM4cDK4BzXHmC1O+jtc8qXSNS0+RHgiJig+8wHp9K6lta+3QCSRdxA5B9vrW1dandWui3lukayOBjI+9R4O8IPqlmLm7lNuZeV45ryKlVJe8bn//UxNd0S6vNzWTlGQZUA4zjtXll3rvirw9KftqsUX7uTx+frXtC6rGr7cgY4J9addRadfRGOdVmWTggjPXv9a/W8VhYVNYTs/U/H6VTldrXR43afFSxlXyNUhKn1HzD8a0JL7wjrkbI7L8w4B+U1c1r4X6bcyk2rLCTxjGc1w+o/DPVLSJ2ik8wL90DjFeFVo4mN01zI9SgqF7xdihfeFNKnvCbRAyY6mr0Hg5PLC5AXtj+VcwPDHi2xdXt0dweoGQf1rorS98QafAIbuBxtPIbk15MKNpt1IHpN22kbB8NzmL7PCu4KODXJ3+k3tlE5mjOB0ro7bxu1m5SWPII6Z71HqfieLUbI7VVWxx3oxCoTi0ty6Uqkdzy+S7lj68iopNTVkPmDOBwcVqrBvSVQmQw47Yz3rGS12IyDEiDhu9fOVsPNapnpQqK2u5RN6CMR4PHWoZ7mQYTbkt61aRbWKbMgwDwKsX1ray25dH+YcjFcTpXVzeNQxYoGkzhvw9Kr3INvnjcWOMjtRvER2pziopZpZDl/wAscVCRrKoUuAS3r1psm3IJG4DpirwQEYxy3pVeSMKpUc4rOcC+e+hTIDqcqaybvTywR89fxroHsZ7hVC8bhWZJY3kLpGp3YpQNipZWEiFrhQcpXe2j4CeeCNw61hafFcqxRxx1Nbs9xHKiqBgjik6hgaAjLAiBsM3506ODU7U7o3bK81kRMU74HrV+LU7mBSpYup96yVVGup1mj63rQfypZiy4OQ/NdLeasYChmTarKMsp715jH4ms1uvJmjKHtj2rvrS60LWtP+W6EcuMlX4/KteZ/ZZnKPVI3tLv9Fu/MSdhu24ywqOTw9pl7tXepVs96w38MXDW3n2jod2QoJrmHttbsJxyyDGT1I/CrU5faQQhd3N5/DU1pcedaSBlBORnHSnQabq010gmnKhT9Rg0uli9vVYyuqbSAN5xnPevRl8MNZxwXcsqmNyAQjZJzWcqp1Kkz0fSYbPTdPWe1G9igDE8nPeq8GmxGKS6hTAVt2fc1X07Ube0Jt7SF5yV5UDOay7fxH4i0i9fz7U+VnISRMcHoBVSq6B7KRLeTo7FXjDjpgjn8zVW4htp4DM1qrHHYYPFZF/rEuq3RuBGLZieQOB+VTSz6w9sq28a7fUdTWadxShYxnvYIbgrJaOpA/hyPzqK5vIZrdTbTMjKSSrcE1dTXmSYWuoWrAuOWVc9K0ZdG03WRnZtZvusnynH0rrpxMnFHL2v9uNua1TzQfTGfrxW74e8ZXOjX4t9VW4t+cblyw+p71m3Gg6roMok0+eXYfXnH1wMVXk1rxCpd5bdLyNPvAoM/hjFXFGXNY+odO8XeGtbskikv4blmGDHJjP1Kn/CoLvwlbBDc6PbQA/e/dgKP04r5ek1jSLpRDcWD2EvQbFAX+lbGk6lr+nKZfDuqyRgc7WkIX/vk5H6VqoEyqHtGorqljFm5gLJ2wMj8aoaXfQLLmZBHn71c3Y/F3xNoysmsabFqEZ6spKv+YBH4Y/Gush8cfDfXwrzP9gnfqsqbCPT5hlPyNZ8g7mD40+yRxeZHDHciTqpAzXi2qWOiX5wLVrSRuNynHP0r27xDYadPCs+mXAmQ8ggg5X61yLC1jjX7db+ao7EDk1qqaJbfY8pbSNasITLpV6kq9Qrtls+nNVI73WoZFOq2YkToSik/rXd6jF4buCSu6zJJPynp+FSwaVNb2hu9PvUuUQbsOdp/wDr0Omt7lROCto/CGszmHUWMDyEgAkKAe9aw+A9nqcSalot+pVCSAVBzj3HWoL7T9N1KVRc2eGLE741ORnvxx+dew+EtOl8NaJLd2kryRbCSkpyFHrWkILqRNM8D8SWnjiysYNPuYPPitSQsqAsNqjqfTA9QPxrzOw8R6jYzNb6tbh0focc/wA8V9AW3xDZ5p0niKSFzy3zZGevTjNP1F/D+roDqlhGVLZLBR949/lrZ0IS6mF5J6o8w0268DalIsWoQqSwzkfKc/XI/SulvfCulW8XnaO7IrfMFY7sfjwaZL8MvDmuM1xoGpCO5ixmKRsqf0zn6VlXfhrxr4fjbG6aBDwY2Mgx/un5v0rGWHa6XNY1jFv4rlI2jVVuAfX73+NePa1pWpxztK0BEXXGMGvZJvEVvO4XUIDBKOMqvA+vepvsdnqMqra3kbM44V2AFYOJdz528pCQJYth/vY5pHtyHIjft0r6Fu/BVtcIZb+zG48CSI/r6Vwt54ESGRjYzt9JOv6cVFkNo86gS4Qgg5x2rUXUJIfllGM+1asnhvVrVw8iB0XupoEUb4EwwAawkiUVI7+CTjjJ7mi6RJk/d9R1NSNZWcrHGBjoax7qCa1JML7h7VEYFFCRyrHLZ28Ugl2qDj/69VjK4YmWPr+tOSUOeuDWnILUvbP48fWpZSyou08daoDeMkHJ9akafgY/HNZuBWo3dK0yQRjO8gfia+no9OtfBXhWPRxiS4uQXkYcBmbhuPYYX3xmvnzwPodz4h8UQwqf3URLvnOAAOvHXBP517F4z1RhqLWrPuW2QJ/uk9a7KFNKLZnI8412S21S6SFTgw/3TxThlAFQdOOtYuIN7sp2tknipopix2P27151V3Y09DYGQPm7VXLbm2jvUm3zUAzgihbZkkD7vrWSKZHcOYYsqRurPW6jjXc65I6mq+qlROAj8t1qpLOyRGJBnPeto0x2M+WZXnd0OM84qXzZRtxznrVIFWblcGr8UUpIaIAketa8pRYtZIpGbenPrWhITIoXsOmKgAMeN0YJNPgi+0TKqttYdhWLiSb9jbKkSuec9adOjkEdfT3qwhWKJYm5YVMdqkE9a5WjQwVj8wlXyuP0qupVGK4wO1bN3cIy+Wi7T6+tZf7o/fPPakZy3BMBSpXNI+FUMBz6U9VCEknIFVZnOcjpQIpyyF+CuMVJa7PMOTzioCGZyO5rRESwoOMt3q2MlUsSCp708uVI5ySaSMIR83FP+WNc/ezUCGvMxXa3TNK0YPzEVXbLDHQEZqxkhR3oGh5do9qoePStizvJLcqY/vA5rMjRJQGbgipbWGQyM7H5VOaBp2dzyH4kXjX/AIjkuHAVgiLx3Azz+uPwrhwO9dj4+YNrzOB8vlqB+GT/AFrjUJ5r2sP8CO+MroQ+9PwMVGMsetPIAGDWxbFyF7ZzUfPPel+foo6UwhuvQ0Ah2ORmopC5xt+WpMZxk8009yOMUWGQ+ZtG1u9U2lYD5jxQ5JY5PSqcjbz8vbrQapCyuT8sZqzBb/MGcVHBEA+cZ9K1Q2Gx3pNljsj7p4xUsSbm4/KoN3GSM+1WY5SqkjvwKgBryBnK9AtWYSdmexqltXdnPXrVyP7uAMgUGq2JPMUfWti0v2t4HhiGC4rHUB8HpipRzhW45rNmlPc1rVV3fOetXJEU9yKitGIXaBnir5jyOawZ6tJFNEO0E0rLn3qVhhQT1p2H2/KB+NQzRlEoOcipoyMHaOaUjOSxxT0XAyOatlEbM0nyqMGkcBUIGM0GUZ2oOarSZXoM5pAQsz+YMdMUh5OQakBAJ+lR8cEHigCJ92RzUjEgU3AzmkbgUAIHJ5oaUqMjPrUTPt4qMvu4qkBSlu55VKyHOKqDPC1akQKT6GqEjbR8pzWhzzJyQAWFVGnYHA4qFpSB1571VZz1bmtLnJUqmiLh8YLUeauCeprKMm0gU7eTyQatGHtGdFa6q6rsboKvwajE77S20muTBXBNSxKu7dzzUyiCmzuTIZB149aUcj5arafbhoN7PkenpV0AICq8+9ZOJqUpCqtz1qjNGHP9a1ZbfzPmHFVzaNnC9PU1qiWjnprdlztOapj5R83Wt+eBkbC81QlhyfmFMlozWZs8c0EMxBzgCpZLX5sg8GomhCpnJ4oJsLxQV3YOcYquuZGwTU8fyD3oESqrFuuK1LaRYwWkbNZisM/PUszRtjbQUtjR+2D7qUAJMMEcmsgk4GB0pwmcEEcU5CTOottBguB88oT/AD0qSPSrBDgsOD3Nc8LuRR8rGoGklc7i386x9m31Ov2sVtE9CvYtDt9LMcG1piQeAM9K87YkHFSeazD5jUTsNprWnT5epjWrc9tBpPalDbePWo0J24JqdDF/GuSa0MBUkwQDzitCMoTx0qiYos5QmmglF+9QM2XCbRtPNQdfxqCKXcOanVl6dcUENCNgYJp/07UmAajdsYxmgRKGYHI4p+9ietQqfWl60AW1fIywpQcngVWBx1NSK3cGgC7KqxqpDAkiofOcAKRxUZPGDQW5/CgCz5m3DA/UVcF/JHgIuRnpWSrEHIqZypC4OTQO5NNP83PANV94K5Ddar7jk560hA65xntQXzXJNzc85pfNbGM01cCmMyg8UCaJd+R7U1pDjFR5waQnNBA8v8nPauh0rwtqesWM+oWyqIrbqWO3PGSB64FcuzED5a6ez8WapY6O2lWp2o2cg9Pm6+9S0M55w0bFe4qES45x19aiaZ9xMnLHk4qJck5xgCqEWPMJ7Ed6iL4PX3ppTPSomyvHHpQBI0o2jAwSasxgt1GKhgi3/eHAqzNKsWAoyfSgCQusY4FZssm+QrTJZ3dwRxURbnpUM0ihxGMU0v6U0vnpTKRVxTSUUUEhkDqcUK2eexphAzkk1GWIY460AXIo2kkCp1NW1nmsZ1RwGUHkVWtGAl3A5IpbyUl9zdc0FLY7dL2NlDLjBHAqF5wqPN/dFcdaXbRzAZyD2rYmnJgY461mlqacxkXN1JcTF2NV+p5NJuy2elNJ5x071oZMkz6cUh5waiWRQSTSmROueKBD6Mgdaj8xDSbYzzn9aAJ8jbx3pMevFM3DHX8aaZExgjNAFiOVo23IcVDJI5feTgGhWAGQcCkf5kOOaAJxcM2OMgcUzktnvVaPevJBI9qt7cDdjNAxjbh1FVnY7sleK27H7M0p+1D5ccVnXEKvMxjGF7CgdiqroxORxQ0StwGqPyyhIxg03nHSgkeYXUEgZxUQ5x1FTRvIoww4PSpBJGSVZdpoAq7gOPWlQdxVlollGV4pnkuooAjxkYJqTI2jHWmn73vSYwaALAkORnrjinGRuvQd6gGVBNDNu47UDUixvGQAeamjk6DpVMZ2gLxTkGPmxQUpM37W6aMgfw101pIkmGzXCQuxJx2resrp0+TOQOa55I9GjU6M7BdxbnkUMgADdarQTu67h93vT3kIJGOvaskd6dxCp67s5qB+CRt61IHAUE/So2Ycj3pjIWYouBUkLHIahV3nFNHXaKAsXI5yzMDTJWYgNTApAyKAcqe9BdhfMZxg0jDnNAZzxipOnWgYicJz2oYxvHx26UpGEODmo1Zgo4yO9ZJgSRLuBLdqcU3ru5B7VIq4jLHqelKxcKMccUwaIIYX3EnGO9OuYA+51GBUpnAwQPY02SZ3QqnAxmtUcdWOhydzHJu8srgjkVUxG0f74YNXrpZkkL5zgdKyZ2Ypmurc8motTImASbjpmtO3YFBHngnIrMnw2MjmrEH3lT8q0Wxw1FoabYBwBUTqCVA/OkckEgjJ9ajDkptPQd6uJzWJCuwDIqI4ySOlG4sOtJ14JwKoSHLgHHUUpU8npTQBye9O3EjaaAZTkYA9a7DQFV1xtzx17VyE2A/Ix0rrPD8kgjyo2jnp3pT2Jq7Hq/hSe1hl2Y2qrjvX0G2vW1tp/wBoUpKmMjnGfY181WcyHT57qGF2miIO3FdN4d8Rw6pbf2ddQCJUzk9CTXk1afMc5rX3jy01SSW1ghRXZjux1/WuJ1LXL2VxaNtWINzgnOOmKZq2nWuk6gdStFynPDVg3qPewC6GADzz16100KUFG6IcGepWPhDR9S06EySlWkHGMcVT1n4XWjIkNldb5cZG4DH49687ifxGbJLlILgxRj5ZBGxQfj0r1T4e2XiDxNe/NIUjh4eRicdq4cTLlvKMhcjOMt/hr4jtJ0QISD0zj5v519efC/4daD4Vsxq2rxiS5mHzZHO4/qAO2PrXsK2VhqNlD5aRiREAyADzjnn69K5+e3urTYL/AOWFmOz/AHc14dfGVJrlbIaPQLidb6BmiAijUdh+ntXJr/aM4kbTn3mMfwnP4CuZvtRvS8yWUhEJQ5XJ2k+pr5/PxD8V6C99a2DMDcEoX67fcelc9OhfYbpns+l6hqeo6kfMBMQJGTx09q9qfTLW80d4NUgWWF1GM9T6V82fD3xBcmKS88QKMEkhgOcD1Fe2a98XPCdrpNva/aVM20NheQSOOTSrYaV7oUNzz690TTdDikaOyVYwTyee/rXD68YtQ0e5ktYAvlYx7fhXu18bLxJ4TW8tSsmCXJ9MDPIr59tb6GA3dtfK3ktncPat8LOzszqUTwC9BvNSSGcbERvm9MV1UmrxaciwWAyuMA54/Ks/SIH1fxA1rAm77Q5xuGNq5r2HUPhtDFpU148QdNuEIBHzd+a9SpXu9TJwuzy3ULq41eyBiiZgFI4Ga5LTYWsbkebF8wbdyPSvozQ10bRNLW1WIvNsOcDcCT715/qmnS3CTNDakc5J284+tEZvoL2Z6Jp95YeINNh1FYgjcq69cMBg1wVxaWVrdC1s+ZA5PXJz6CoPCWqvBNcaMx2pOMoQORIO341reGfB9/qPi6K6kGI4SXOflDHpisqitqRYrtY3NjLLq8sRQRLglht7dazrXxHfXMU9vHIXtzk9fWve/Gvhe41XTP7OJEYAByvX6VmeCfgrPdxrKZ1SEjHH8RHY1zSxcVqxHn9l4O1DVoo5rhTEJMbQerKetegf8Ky1mC5tYrXS/JhnACtxjJ6liOnrXquo+FrjQbCNrdklweB124HTFMu/ijdxWMFvexK0gODt4XjjOK8+piZNvlJk7F2L4EQ6Hoj3FrdpPM6lvnOCTjpxxiuP8K6XJ4ZutQu9Vg8tlGwEc5zzgZ9a9ltfHdlc2cK3cieWQoOOcD0IrYkPhTxJB5EckchbGRnGSBWHtZtahF3POdEvZJH/ALXcZYg84zgH8K5XVviTpyXVzbCYxxwnDFiME89Oc17hfw6ZHpLx6XCsf2VCDtAAAAweepr4t8S/DnVdSZpo5vLErthhzkE9SK6KVPmJZ9LD4geErbTNP08XCTvIqs7Kdy5YAHke9dvqPhDQNVtHjvbOCaKVQWLICW49epr88dGtb/wtqFxBrGGxIFUjJBUdCDX3lc+NIYtC0+FIWRri3iYMODygOSD9adXD8svdEcxY/s9eEL2O/FhGY1mkbKOwcKp7LlcjHYkk8V8T/ETwdfeC9dvdHZla2hdlVkB4AYggg9CCCO9fe+n+I7rw5aS6qkplgccr/tV574N8O2PxF1ica/bi63755WfG7JbJI47s1dOHryi/eOhyscT8E/EenReE7WxuwBOHKISfv7mOOOvFVPi34U8XalpqxaNE5iLsQinh8+/bj1r0HVtD+GnhDxOixSfZ47SdWEa5ZNyHIBIHqMn349q6Txp8XvC9noFx/ZiG9bGf7gIUEnGQefStYqUqt0iLnwhpFnq2mWUk17E8citwGUjp617V4bSbUrOC6gVWlm4OeMcD2rDg8QSeJLW8vbuHyxcOQi8V6Tv0Hw3Yabcu627NEMJ6kAEk19hhcpc4c7OCde7SR6Lp9zd3P2WwlRCzYjGc4z0rvtD07+wtSQXaqFUE5Xpz9a+WvDPxBW7v3laQi5iuCYs9Mg8Y9q77VLzxF4gtnk+1NCW6lDtDdfSvjcVg+WbO2b1R3nxPbSXtJrywCSTy5TyyR83vgV8hv4TS1uXuVt0Tdg46E/UV2trq+rabeKNZYPGhKg9QPStO8vP+Em1lYLKMRRIm4uRjcT6CuzAYlxmo3MqlNq7RmWOvWvh20Mlwdhfg45HHTisrw/8AFDTJLW/sHh8u4ldmWUj5WVvUetaOt+F7ZreWW6n2bQQB0P5etfPGqPFoN408EbOGxyBjJXrz61+jxzGrCCs9Dy6VGM2zs/EG4+deyYXexbgYGWOa81bX9Qt0Kxu2zkbSTt/Cu91a8tp9AimnBd2UOFA56VwsFg1zNBFbwsWlPChSTzXzmZTjKXO+p7uGXu27HTeD7+/1Gd4JO/PPUe9dxqPiGTTGW3yQI+y/zrH0Hw/faBdNdX6eW5+UKe4NdDqOi2+pTxSt+7b+LHQg9q+aryi5abGp/9XLvrJJI2kAwR0Irza8vL+wm8vcQM9a9ayAMH5vb3rPu9Ltb6NhKMZ546g1+wZjlvtVem7M/GcLjfZu00eeWutX8m5hIcr0rV/4SS6ji/fLvwO9Fz4LVJWmtpjnGQM8VgPYarATFPAZAvQ9sV8+qWIpL3rnq89Co7nYQ+KLKVQswAYgCteW40PUYwkgD/TANecx2E8mG8sgDrx0rKuLS8im82IsQhz3Bq446ol78bo1dKL+GVjc17wTp0oNxZ5xknb3ryKTTms7loJTgKeMV6M2tXtspa4lIB7H0NcFrl79puhPGBhvT0FeHjZ05S5oxsehh4zSs3cz1kKTNtyRmqizIpcSA4Y1eVhFsn68dPUVFO0ExZidhHQdua4pw0udqbXQx5bRJm3fhiqQhkikMZOF9KuTLIjB4myM9PSmjzXY+YcsO9eXVhdnXSZhTwxjDA4bOaqlsr1496t3ACybHOOajRYD8vJLfpWCgb86RFHjHXPpWewJmIzwTWytiEP387qrDS5xOARheTzXNVTLpksQOeSeBUG4s2w9M4/CpSl1Dj5fbgdqgUgyHap3jtXI0zqNO22q7cjgd6jkUD5h0pkEbkkspH1pTnJUfrWYEIfcOcgHpUqMBwxwoqEg/wAVTwW6St8/Oe1SgL6aZpN4jNk7x371TS0kR9iN9w5BJ5rpdP0y2jU9UZh0zWdNEbW5wD9M8iiAFaLW76xLLb3D/NWpbeKdVuJNjRmdcdSM4rONuVlEwCsueQTXQ2Ed3Gh+zxAK/tXTEC/a3rs6s0JOSMnnGK9K8O2s8x2TOwjJBAfoKt+AJbKLT3gvlXz92V3qCPzNasOn3uqasoubhobbfj93g4WsJTt0OimrnqHhm80zwzM93cwpMjAKcckfzr0Ya/8ADrxMmJ7NYnB5MiDP4Ef1rt9O+Engv+y41lgedmHzM0hzn6dP0rltT+FOhxKf7NmaJskjgEEfzrirzjI7KVFnK6v4c8ASQGeJYozjlkxXz3revaLomoiFTI8APBUAnH516/4k0FNBsi1zcqykdGO39MmvGo7TSdbu0juIhwcA57H6GuzAUfM58WtDrtB1DwprTEQ6hF5nYSfLz/wLFdBJo0UEnmwmNh13IQf5VR0z4FaLcqbi2vZY+f4CpX+Vbi/BPUSfLttQKKOhOR+ozXr+ykeXqa2kafDctslXcH+mB/OrF78NEvVla1TaxBwBxn/P0rCg8MfETw27/ZdtzFGckAlgy+vI/rXf+HvFWtXl1HBdWmyRcBuCFx+NID5h17wfrWn3LRPAxKHnP+I4rmLnTNUtgGmt3CnpgZ/lX6G3nhefU7dpi0a7xlgfmNcHc+ELazdZYWXrzgcfl0pe0F7NHwvdf2nGn+jSPEc/dfIH5EVUt9O1rULhYrnZHGx5I5P17V9/S+GvDmsWxg1KCGZ8dSFDfgTXz/8AEzwrYeH2SLQ5HQsM4BB/AcCtqVQWxxkfgPUrGBbnSb5pJQOVJxn+hrm9QufE2mKEv7d5IhkFiMgZ9COBVnT9Q8Y2Y32+Si5BB5PHpmtf/hOWZNmoW53qMEsOM+4Ne1OlSlDVWZxwnUv3OMj1rRZGaO9UqGweRwa6OHRtD1mAfYL+OJj02uM/gOorD1OG21MvMsAw5BwgAP5Cp9N8DWF+qtDMbKYHIAPT8K4o0L6I3nJJXZ12meDNdspj9muo3AAJLkjgeg71oeMZpB4XntlJ8yQqpEeefU+tXdH0PX9CHnzX4uoFwAGJyB6Cqmt6w8bxjTIFnLkht4yB7VNSlKOhkqya0PGLPw5eXBGxN7EfMO9WNU0HWrPLwxnycc98Y/Wuw/4SqztpnW5ia0mRsHC8cVK+sWeoQma0vAeeQT8wz7VHKbc7PEJRrEkoNmzQyqfleMlTx6GrD/EjxboDoupJ9sgX5SXU7sj/AG89a9D1WC5KCW0VXdQeOhP4VDpPiW4vYzp2t6K8eOBII+v1DCldr4SnBM5ofEPwhrcYh1qwaDfg/vEUnP8AvAk1sw+CvBHiZBceG9TWKQ8lFIZh7bDhh+Oaoa34f8BTs63iNaTMeWTK4/A5UfiK86uvhtfeaLnwzqf2gLkrsba49ASCF/UU/ad0S6b6HfXnhLxvocggsbgXcH91Wzge4bp+BP1qiNckiItNe0raw4Z9hVh784/P9a5CDxV8SPCcyx6okjovQOgdT9WA/r+Nei2fxV0zWkWHWtOEUjY5K70P0z0/HP1rGSgxe8UjH4Y1SJ44L82u7ja4A5989fzrgdY+G2vwh59FuI9RiJ3BUOGP07frXuCaP8N/EMRitytveNziMlHH4dD+tYtx8OdS0xvtWg6pub+7zGTn3yc/pWbolRPlvVrHVNMzFqlrNaHP8SsoP4nj9ayDfkgRq3yjp719Takvi3T7cw6zpi6jbkfMdu/8wvT6kV5rdaL4K1FmM0Uun3DcfK3A+oPT8KTprqaxPJjOiqfO5H0rLcwuC0J4J/Gu71bwedORZba9iuYXOMHhx+FV38CtLGXsrpJZCu7bnoaXIS2ctFCXThyoXkD1+tUprtoW8uVRz/WtS40bV9PQvcROqDg5WspoReahFbADeSAM1EKYHtPwpNvpNrc6vdIULqViJGMr1Y/TIGK5bxFqsk93NNIQfOdmOOepr0PxNoMej+HrGB7pQZ0UAA+ijJHtmvEZo5BMyRnzQD25OOldFWNo2RT3sbFkFlb5uvb6VvwWMasZD8wI4Fc9ZExMGIBOO9dFaXEe75yR6A9K8esmJljyVQA+nOKS+KQWbSg5cjgVeDxMN6/Ng1ha5JuOM4LcYrOmhJnMjLuzSfgap3t1/AgwOmavMMDOc1gTgtckk9e1dkQkWrQFl3Abj79a0Ld7mGQkr8p5qpbJJGwwMk1vqsywMXXcQKqUiyFb4zZyowK1rBLZp4inEnv3rFgyVKN8v866OwtBFiWXooyDWUpCL1yNsmQMUiSKwJY9aQzrKCVbNViBsJesGAkwHzbeeKx5VR8EZBA61oB2Uk9Qe1R5zzgCsBDEUxwnJySOpqv1HJ61PIWI25wKpFG6GhARMkpc7TyKs7myAckGnxBAu7tTYwzOSTxTAtbsoQBzTHICqEyW708hcgKeahZ2ztFSIeuGAyeRUxjcqCp61EpKAEnBqXzmyMDNAyfayKOangmIyoHWqmWd/TiprZWCFjzzQM8d8cL/AMTgtng1xnJ+ldl42X/iYqc5Brjl25Ydq97D/AjupiDNSHcRgVH8mRmpVwOK05TVjWYqM54pjdN2cil6HpxTTnPAo5QGkcByelRzOAMZqRyRkniqcnJB7CqEijcPtXHQmoYwzuCOaiuJQZNo5ArQt4/KXzMdahnREmV9oGBzSFyWyetSfITkd6a6jOO9S0USB++asK2QFrLJZT9KkWXDbqXKBp5wcHpVhNxHynAFZpnBIA6DrWjbfMMyHjtUjjuWEbIz6VOilwGzyO1VvNTJ2DAFSxA/w9c1mdK6G5aOy4NayPkc1lWoO4D1rWHy8Y6VlI9jDbDWUEelJyB1xUgJYHIxUbr61BpLcqOBuyTmmGRtgCjmpSNrYPSgrnB6U2SZwEqsW6UF2J5NWJUU8Z6VVIGcdcUgFJz0qPoacTzkUuQ/A603uBHkY/rVeWXJ2L271K67R1qIRgfN3oQEK7i3NDlETI69xT5GiRSx61i3NyzdOBWkUZzkkSTXBOfSsiW4ydoqJ5trY7HrUJIx8p61qkefVq30RIc/nURPGM5phbdxQRg/WqOcfnPBpdx+7mmDjpxSEHO/NAEoK/StFbeL7Nvz06Vm7Vfrwa0mO2AAHaAOhosMs6fqRtf3bklT610KXO5FZTXA7jneTk54ro9Nk85drcEUNFRZ0IuRjryKUzKQQarSiGJMg/NVbzMdT1rPlLuXmljAyepqrKsb5IIFRs3y+/apAIvuP1PehRIkyhgHgjiq19nyQARVuWOMAsDWZd4EeT1rQGZ6kDBPbrVjzF/hIqgWytRjPWrUTLmNMygcE5pvnLnis/OetLnAwO9PkDmNJbhQpHemmcCqQb5OaA+eD0oFcu/aVJwvSm/aB2qqxAAxQG7AZoC5a+0MelPSRm+9VQE4O786fGxHAoC5pQx+YDt61dhs0YDJ+aqFvvZiQKvjzMjNZmqRZW2QHn1p/wBkgHNNjbB+brU+5RQMhaNShCjGOlVv9W1XSy54NVJVwdxPWgCRWWlPFRRsA2M8VOQTxjrWiMpIi6nml2ioyCDjFOLbSAB1oJH5/CjcPWmZGcDk0H5eW5oAm3A04knBHaogcfdFAPFADi4al3nGM1GOOKOM0APz3pM1EpzyaloAXPrTOnAoJOCRzUJcdO4oAezFTyeKXfj3pqjdgtxTTjcQvNAETMykn1pNzFeD0pjkZ4pD14oAUsfvE805ZTtww4qMgdKBwcUALuwMA9aWJWkbnmkfbxtq/Ag8sMKAFP7uMhT0rOkkLMDU1zOpHlp171THNZmqHn1PWkJx2yTUyR+Yvy9RVV9ynAGaCmGe1MLY4x1pfr3ozQQQ7trEZ4FGWLcHNNZSM+gpuQB9aAF3HpnFODcZ7ioxTgMn1FAGnbPHGN5wSaozTbpCw7npVyGykOG3Ko96r3VsYnOWB78UDK27kHHPbFbysXtiT1ArDhTLBj0rbCqIzz26UDiYxIIPY1WLMAVz1qwfvMB17VWPXntQQ1qNDHpinEkDnoabkdaR9wO3rmgZKAc7VpG4bb0NMHUc8inBwTk0AOGcEZ6UE8cdaXO405Y9xFBfKRcnjPNTIuBgE1YEK468inRAAbj1oLjAfbIQSByferwhUY39T1qKAqsgzWvmIjLD2FS2dMaSMsWrM25TkdhUbI4fBU8VubApABoYAcdfepTL9ijnnjBySCDUa26nk966NgHXYVGD371CbaPHynGKd2ZvDGSLPI+U9OmaU2ifx9avNb4PyMTSBJ8gHkUXZLpFcWK+WXUkVHJYPJGMEj3q+S65XOPapl3ADPGasjlRjHTWTp8x/rUP2RcEN1HH41sSGToDjFVWVipyOSaDGcTMNu44qHbITgrjFayqzDBHSnHaP4RkUC5TF5JwDg0se48Z+tXnVWOcUzyEOcHFArEUco67vwq9HKxI28MaoPbSKeBwacN0fTOaTRcZNHWWN0+CoODnmtppSQM1wkMzb1Kk4HJrpra58xcHk1hJHp0KxqEg/L2NJkbth/Oo88Y6GnxDZyxyax5TsJwoXrShR14x+tLvaQ4PQU7C4+bqBinzG0PMQN27VE2QcVKTxhePWo+GPXkVAhm5vWrEMnOJBkUwLjr0qdULDPSgEI/yrtPANKikKFXmpJCgCg84pYmGwsO9B0EuPlG3jFRSEsu5vvCpdyY681BMnGQeehoAgPKjBHrTSD5WAeTTXYAcfSlG7HydjWlzjmm0YN4x3fJzng1hSM+GGODXT3cRWQ8Y4zWBNbll3A556V0QloePiFZmNOCycDGOtWbYBsPnAFPuduwAL81ECLs65x1raGx5lYe+Sxwai5wRU7qSCAelRY2A56YzVHMKuduMfjQWAHI61GTtVWB69qcx3YxxmrTFYdTxIFQ8c1H16GnGNjHuHSmBVk5Bx1/xrrPDkilWRht9Metckwx1rp9AVQu8nnJyfTFKpsRU2PZ/B9hqt8buXT4TPFAqiTaA20NnBI69u1QXUTWYaWNdsowcYx+let/s0aXdapqut3Nsci1hQbP7xkbI9uMH8663x/4cspPEkVo1uqSzBQxUAEs7EHp71NHCRmvM4ZVkm0fK1/eza0yQ3b+REDzgVR+y7j5FvLuSM8diRXoHxD8B33hm/XzWbyGHy7lwQKoeEdGsponuJJPu+pxkUq+HdL3TSjV51zHsXgvQfHHiDw9G+j6fG1nGDGzFlQkDrjOK97sPB2l2+kRW1un2a4QHcYwAWb1PFed/DL4j2nhSSPSdXYRacxZ2fGQpb1/GofFvx38Lx3zpoLtcmORgNoAzg8EZ6j05z6gV8ni8PVlPyM5S1PcfBFlL4dvg+r/6mUkAkghQxHPavQPE9no3iqKGPS3BW3B+YDoTjmvjjWvHOt69HZ3P2r7Nb7VbYg2Fu+WxXV/8Lpk8P+H5Es7YNdkEBwQMcYyDgmuT6pUI5uh1d/oV5CWt4rgI0ny5z/QVz+j/AA+t4RdPqMX2xVBdS2RjuSBXivh74mB9UbUNbuSjR4Kk5C478V6Frnxxs7fTZ4LEJO8yFQMFWw3GQa6IYSoaPzOA8Xand6Zujt5j5OSNi9MVwejaxaI0h1IFiWGF7Yqz4p1aG+sYLpcB2yx3HnFedNriohIiBYYwe9eth6CcfeMrtbH3h4c1m3Xw39i0qE4Cln/ugEc81yXhtdK8Sa1/Zl8/lPcMQOMZHXH1xWb8FfiXpF9bWngea0aa7u2JkYDGVPUk/wC7Xp/jDw14fsb8anoQa1uEVWkXoM+o+tZY7B04xTg9WKlXal7x5d8QfBS+AJRqOlyIIWTcpzhhg9DXJRfFPV9T0eDSDHvR35HU5HOa8y+JHjXUvEWrtbNct5Fu2I+chl75/GpfBwdQl2w/do3fg5zzRDD2j7+53J3PTJ9TutHkSaWE4ccFhw3413ei6rDqXh+aeSLbz34zUwurPWNN3XsaGNhtRT1J9hU0Is9O0oWs+Fj6cD+lc9tRni+mi2n8TRwE+Usbs5foBj3r620/+ybUQ6pZlWixgEHdknrXgV/4e09YZr2zO7c+0AcHB9qg1LXb+zt49LsnG+BB8ucYb3qp07oSR9BtfQ6jdvJdz7UTC8nBC5yOter+B9KtBaTfY5zKG4ALA9ea/Oa61vxVc6nFAXLCYopVTu3Fjg9fSvebKLxr4U8vUbSV/LTAZTk7vwrxcVhuhz1j6/v/AA/bPEI7mcCQgZBxhc9DmvKfEPh3QPD0Mmo61iVmb5MKfrgHHSvm3Xvip4lm1CNn1aVIVP3A3QdTk4GePWvefBniaTxf4cn1PV3+2Q24MQ4DA7Rk4HTpUrDyhZtGNz5t8U+LryI+dZRNbjzCNqkke34AV3Hws8Y3M1xcNeTAxRIXL85DEjHOayvE2seEWaaA2csEY39VGN3YA8+vpXIeDGsxLJa2Z81ZC2/jgAHIH4V6fslOFmPmPrnR9alv9HvYbdi6shZsHggg9ea+WvEHxP8AENncrZ27KIonKgDq3Pc+nFe4eCpf7J0nVnxgzRNhm6Jha+TtX0XW9X1dRZwBjITjb025ow9BK7Yb7lnStTutcuL2+1i43YO4BeDu9h7V6rq3xgS4sY5WlG61RYgn8RwOtcba+Ej4fsVTV18uWZsgtxnFa9j8H4tT1CK9lkAspPmcLyOT2q3FS95g7LYx7r4reJdV01bC3k2W7Ng4UZOD619I+DvF0fg+0S5YoXuoQMsSG5APJryDxV8PdH8OEfZbgLDDCZsDv25rybVfFMtxprkszGEbUJPpitVgue1ir8x6/qkKeIBdajNc5aNpGOeMnvivJbbxFBe6nNbxsZIogFVR0OOuBXn+p+JdVNkluLpoVkJB24GQfeud0nUW0e8+1Id+V53c5969jB4ZU2uYmdNuJ9W6LdR3NvHatCqKp+UEcVzfi/RXm1SBnZmXfgDPQHt9K4/wN4pvNW8SWaTO0NjHICwHRsDPPtXqOt3kd1c3M0bKFUkrk+vpXdjM0bj7KBzYXC8jued3NlBo9/bahaSEPG2NpORXtHhrxLeXjwWtxKBCxy3PTjNeXf8ACL6ze2onk2sMllOfmOe1VtI8Ha9qt3NHaSSQeTz8pOCT1/OvnsRJVFqd0afR7n0tdafptxpQht8PNLIWx/s//rrkrDSltZ22N87Ej6U7wbrll4WjmGrt5hRCijqA3frXKXfjVLp7u6songRCS2cYye9eQqU09GaNW0LXjO7EUTRuRIYup9DjmuIhsdLvbfN3sywYhXIPb3rltXm1vUDELZvOM7gyjOCENZfjHRNVsfIHVAOnfketfY4KcY00r6nFKnrc5LxH4ijiuorOwIEUBOSB8uK9C8LeK9BsUt727kVGRsg4615FYeHJryGd1O0IT8hzlqpfZYH1CLT5JCi5+bjG2ufERjPc7Y7H0Zq/jvR74LOZMRA5yAcCuE1zx5NNt/s4r5I+UHuD612C+FfDVtosVveTjDAMQGBOK5e/0zwmmntcWCkKrY5wT+VeY6UY7DP/1s552VA7DaO/rVV9VtogS557Y6GtCSMOCX59azptNtZQA6nHtX7ZUpVbe4z8SUoX95AmpW8pXEoXPUE9K1I3s5BgEOVrm5PD1tg7Hwx6etUzol3CQ9tOD7Z5ridXER3hc2VOk3udWxh6Og78CqF1aw3PzquWUY6VhSwatCCWPmZ9aim1q/tAvmxdF6jpUTxEWv3kLF08O1K8JXOG8TaVdxxeSyFgTxivNZYJoZDDINhXHFe2X/iuE26rNGN6Zye/NeS384uZpJTwHOcGvkcbCHPzQPp8G5Je8WV0+KFV8xw+7B9hVa80+3ILRPjufTArT0qymuYyFO5UGSO31qLUbOfy2xjaB1+tc1aDdPYpSfPqzzqae2t5/J8zILflTrm9TZ+4YMSOorA1Swk89lTnZyMd6yrEXBJwTt6Y9K8Kaa3PVpxW6NzIkGH5J59xUhgZpAkfFZ7vKOEXnH51u6VFPKRMRt2jpWdrmz7orTrdW6YY8GtG0u5JDskXHHBxV6VA7DJ47ity1TS57TynULIO/euSrFm9NlS2ubDYqysDg7TiiKPT4rsTwgHc2Dmrc+mWBjDQsc45B45rBu9PkhZZI2JUckHpXK0zpE1S7RZ3hhTHPWssRlgcdR1NLeSnyw2fm71TSUg5ByKwAXZKzFVXJHOe1dDp+jTXCJcREsR1UDpWXDdIrFWGAeMntXonha9MUqAgY/Ss5mkDj72K6tbkeerDd0zxWXfan5oCzLsWPjI716L43uVeRHcKQOm2vJb/AHRw/Ovyt+dNGdUhW/jkl2sdoXp716BoH22eLzVnwi9BmvMEsJLiTdCSH9xXUWWi+LrK0S7sIzMHzwp/pXRFpCpHq0OqyWjK8oHl9yOD716BoniKzluRbxMZXkHy44A9Oa8csP8AhIUsfL1ew4bkseoB9q9U+HNhYzagglGxoyBjPBJ6cVy1a1jvpUz13SvEXj/RVeCynlW3JJCldwBPpnp74rtLPx14j8vfqDCX1GcV6Xpl3o2z7LJOhkjTPJGP1ryH4lPPa2zXmg20UrYbzFU4OAMllA4Y+uDmuFVVKVmjf2co7M8y+Kqz+JLBZoWIuVywC9wR65r5YlPjPw7J9oieWFui43HPtjpXb6l8Tb+0uXt720cyR8AEADIPTHWiz+I+iagwi1NJI+3ABUHPXJOa+jwlLljoefiJSY3w98fvHPh2NILhWuEjPKP8n5YwR+O6vcPDn7U7XqeXqWlFQCMssgY/kwGf0rkLG98A6iY7d/s7l8fe25/EGvRNJ+DvgXW4/tMOYwecRvhT9F/wrqtI4j2bRviz4Q8QRqba62zkEGFsB+OuASMj3Fd7pEmma5E8lrIAyH2/z+XSvmm//Z9szpjrpd9ILsHcjSkbf/HVyv15rhdP0/4qeAp3hjZniRvuMwlRhnJ9xnvgj61nyjsfYuoWmowsVto5JfdQzfl1q5avdG28q5tihPUuMfnmvAdB/aO1/R1e213RA5QcupZR+AOf51u2f7S/ha+ugt/FJahvVdyj+v6Vk48pR6BrnhP+07GW38w2+8cOpwRXyjq/g3V9I1B45rxblEkbgkngHFe0+PfiroFzoDz+G9UEs7KcImQ+Se6nGPxFfMVlrd7ql15l5eSed33sfm/Emu/CUXJ3OWtOx3bNsRY2Kqe571xHiBjpim8EYmTuoIya6JoLwlWkclSfqKl1Dwk2qJiC6TkfdckDNemlKXunL7Xl2PM9L8STajqMdhZWTuJcbtvOw/h2r0eDRtWsp0YFlDdscD6VzkPhjXfDkv2iG1YsCSGjBcMB716FpXjMTSC11a0dcgAnAyCPauzD4GK/iaHNica38Ludfqd7Fa+FpI2k/f7ABxnk15dZ6fd3ISWGPLnqDxXd3niLRLGICXP7zsw/IVXsNS0a7KCwdopH6gjv6cZq6+DptWhIwpYprWaPO7rT7e6univLct67gMj6ZrJ1HwfpUwVbPda+6nmvStX8L6pc3TXNq4Zscc8kVzEL3dp5kWoJuKHoBywryquEnHZHdSxUJdTz6XQvFWlOptJVvoU6bjyB6YPr7Vo2vibUraUf2rYNbjoGVSB9ea9Etdt2Ge26e/P+fyqYQ3UCkXVmXV/bIA9T9a43Fo6ziruTw94gPl6jJG5Izzw4PuazE8ANzdeH78xluihuDitXUNF0V5DOE8t+vyjAOPWkLtZ2ZgtRjPIZecZpG9zmbuTxjpEJTVbAXESnBcjcxB75BxWZp9pouvt5M0Agdm6kbD+YFdrB4g1JwLeSVpY04+YdK6WG30e9gP26JORztHzc981g1qSeb6n8M7V0RtK1IRuB91sMCfYjkfrXP2+lePPDb+fbb5kXrhjKhH+6Of5V3+p6WIiyafO6A9Cx5H49ao2cnjbSmVz/AMTC3PIRyWbj0zg/rWnImKETFi+Irqfsmv2vkOBycEf+Onn9ans4/CHiIhpljLyHBIPlv/n61buPFfhjXnWy8Raf9ndTtLumQD9cbhRJ4A8M6snn6Fei3OcAK28D6jOcfjVcjNYlW/8AhLocqu0c9xErA7TlSP8A0Gvl/wARWUui6vLZtKXlt2IEiAjjsfY4r6x/sXxzo0Wywuft8A5x1OF/2W5H/ATWFca1aXbm28SaICr/ACuxiBJ9zuwR9QaXKiWj5rsfGGr6eWzILlMY2yjcO3cYP612HhHUfDPiHxJE+p6WLIsp/ewcru9xg4z68/1r0+f4V/DLxBIsWnak1jPJkIDJld56ZVxuI9gwJqbSvg7e+GjPDHex3QYErsVgy46HmhRQWPK/G2ki5v5YdOnEkNuCQucHb/jXjcTPHcMiMYJO3XrXofivTPEenajN56OkmfvEEbx61xUum3ly6y3EZBxkHvzSmEjYtmk8oA4dh371ZinRztdSrZx0rlHt7vTvuyNtPPNFrrNyZ9jNuXNctSncEjvoLh7ZSo+cdcGqklyt27SSLk+mKwby8M2G5VvaqVreTwAhWLg+vpWPshezOhmWN0+XCkdqxTCzSZIHFakMU0y+aoyKa8fP3cUrCsT6fCHztOdvYVsTBBblJDsDfnWbYIRMHQlT7Vs3KmYgOBx1qJSLKUGlI6jaS3vW3OrW9oVK5BFSWe2PHQVYv5N8KpkYBqOYDnrVkIyy4PappHJHK59qJPMIxnjtTEeQYRfm9TWVV9gHou8dNtRMmD0wKnlVWXaMhu5qKTcsfXiuYDOnY7tvXmoGGX6YAqSRRnzc4I6CnQiKbKtkMOapCHKybfKc7c0qx7Fwpz70rQxSMG6kdqTBHyAUgGgneQeAKVVMrYHPvSXR2Ko3U+3wEPGD6iiwWH+RImdwyKYMohJ61ZdywGcjFMYArwtIBgYlcr1q2jkR5PWpbC1Mk6gH72BSX1s8FwYc8pmgZ4541G27Qn7x5riEHXPeu58a4M6OevSuIAIBB6172H+BHdR+EX5SMrUvylcjg1GFO3OOaU5xnvWxQxuHwDSkHPWjOeelNLlWyeaAExwd1U5yEHHetFVDjcehrKuiwbZ3oKiZjwPlWdcBzwfetUcqB+Fb2taVqdtY2V3c2zR28oG18cE4z19SMmsP+7ms2dKQ0EDjFIcvjAp2DtAHU1MpADAigZF5Svx0NRPEV69Ks7gBk09cMMYqeYCgq5PvVqJpRjGSM0hiAbNTxShQFI4qSo7kqzfMFcYzWlC679vQAcVVXZJ8wx061LDbs7gqcetZs6EdHbHDA5GDWuvzA5IzWHbo6DB/CtJJDjaRzWDPXo6RLeOpNQscH5ulPEirwetROQ/XikaMhlbuoyDTAcrzyRUuOc+lRHByTTYiIqGHPWomhDNjGM9xVzy8j5e9OEJ3Ej0pAUGt8A7TTI1Kkll6VqGJVzg5Jpk0RWI45zTe4GNOQT8tU5bjC7QOnenTfKcGs6adVLAVSRMpWKdxcEg81lyHHJOQadKzli/pVcktgZ69q3SPOq1ddBshOeOc1GcfTFKwHX0pjH8KtI5WxoHfoak5xzTVJFKzZqrE3FDdsZzSc9KQZ/KkJGfrRYLksZUMCeoNSXEvmH5elUywGAKcmeT3osWPwFXPc9BW9YqyDkdutY8EXmNnt6VuxkgBV5AoaGi1vx940NIoGB36VH8vIahVbgnGBUFjvNO8D+E1Kfvbe3rVaTl+D+VBkdsAGgViwyY6nIrLv/lXJFXw2OG6iqF84kTcO1AMxWBAD9qbk5zTmcsoXsKbWhgJRRRQA/PBFJjsaXHBNIDgZHNADwQRgdaeORz1qHABye9OXOMd6B8pLtY8dhUgPy/SouSBzUvHAWgOU0bJiFx3zV8E5yetZlqCgA75zWh5p7VmbIn78UEkjHSmg8ZNB5OBQMA205I4puGfgdqdnHysKkXAJVOtAFRwc5NWYZCRjPIqQiNhudelUt6mfGMA1aM2W3ORmqxk4yM5q0AfrVW44GKZmwyQNz9vSmhy68nANQgnoD1qUmPgEfd70ASqTkLzgVIMk4FQKPMbGcVYT5WHpQAu08HpioX64DVfO0jI4zVKT5SOaAFHJ+lLwAQec1XYjfsPanbmBCnmgBPm5CcYo34cZ/GnnBYHpiqzZ3ZHegCV5QRhODTo3ZTlhnNMbGAe9QknOKAHOTuJIxUbHJHapCR97OTUZOTmgAz83zUjYz8p4oABzmm4oAfGu9wp71pSssCYA57VUtlXfuJqW9ztBU9aAKcKiWQ55p8iGNiDz6VLZI20sPxFPuMgBsdKzNolQSFFIHBNQbt3WlclhkUw5I57UA2Ic4z3FRlsj5j1p7YZcetR4wp79qCRhbu3NI33sgcGlBwDxnNJQAY4JpFYq3FJkjO6lzkEYzQZk7XLEDBx2pVJfO8ZNQBAy1oW9u+dx61oaFiCP5QAMZqzjHXnFLjABzzSlc8VmapGDcArOeMZqu2MDPWrd2CZMjoaotgOAaDNilRjJFIysfmft0oJJyDQc9z0oEOzkjjk0BT35oBDECn7GZuDigBq/fxUwdQcA5OKiaM896sWqpu2yLgetBtEVX43UqNgEnvTnRUYqp47U4ADBx0oNIj7ZlEoL8VpmRM9ePSsqIFp8kdOlahRM/KuCazlY0Ui2Jt4AxgCpmmwAD2qhgKMfrSMCr5HINQjRTZf85T81OyrjcBz61mnj8acsrEFC2AKdxe1Ze24Pr3pWk9Rj6VQWVwME8U4SA5zximmP2g5myc9fQ04SDgHtTCyZx1zTCFA3Lx6imYkzkN8w6VCZRyMVG7EKTmqcquQMGtDGe5cbYQSD92qpK53A8VCSygZBANKxB6UEXJGC9QeKk+UYYYJ9qrnApOVGe9AE2/uRwaZgsOn41D+84LcDNTbuSKaGx0cQ6d62LBCoPvWRHKw5PbpWnBM+Qc9aiaR00JWZr7nB65NXVZs8rwB0qO1kLLllB/nV4zI/wAo4Y1yNnqQGAhsHoaRyccnjNMIOcnpUZkDcZpNG4rM/T1pVYrg9xTckfhS5wOaglMeCWIGavoWyAfumspHYtgCtSLeFwaClqSSINp54pQq7Pl6U9l+X5RnNKo+XgcVhY1sIrAj7uKjmcCMjNOy/ORioXBf5fWgRQVWJ571ZAOwKOPekAaMg9fSpG3yKDjgV0ohLRmbdjcGI5bGK56RRhV3Bea6W6hwrshxXJXCgSZxkA1vTPIxi1I2jeZ3BXIA4NQQfIMt0FbVohkaQD+FCTiseNdp29ck10w2PJrIkmfoVwPSqxBcDLc1ZIU8EdKPlA5x3xVnOtiEx/KCf4abhgcjGO1T72UY4INNfgqQODQQRsXXPy8etOb7gPpUjMMAfpTRtYdOBVpktFKXn/61dHpDInJOOelc/LHsYEjrXR+HLTzplDLu3sAB61M9mTJaH0t8N/FOs/Dywn1TTYxm+wGJztIXIGR+JretPH9xrGvx6l4kuUIgUsuwBduMkcZ55rzm+t75tNt9O3+XEc/ga85tNTltr5klBeNfkPuB3FYUKri9CauGjyXZ9K+NvGukeLrKREug86qAPlIPByK+bru8NlciOKTv26jnBruLPWfC7wpahcXUpx0IJycCuf1XSbKCZnzllY9Tyecmu3EVJVPeZy0aXJsc9qHiS9Maxec+5vlYg889sV614T+BPjfX7Cz1x4ktrG5Kt5kj/PsHVtuOtcBpPhlLm+jvL0D7OGyDnqQeCa+5NM8eQ2+mx6MtzFJshAQcdMdeteDj5yTXKKS5SDV/hzpNrZrskBhCBQASGHuN2Sa8z8U/Cl5fD6ajpGpb1Gd0cmAxHoDxzXAeP/HWt3FybZW3Kj7uHOB/UVxCfEnxNqGltp8l7JFFbvlV6cn1PUivVyuNFU/3sbs86tCfMnA5TVtFvLEOvLY+8a5u382SRIt5Azg122reJpLiwS1uId7uMGTpzVoaHp0GlRXU848+UbwnTj605UV9k71N29467T9B8PX1mlpeXPzKgyVIAGR61xGq+F7fTLgpZ3PnxPnAYglR+FdDo8+jLarAHAkbO7JwCPqaoW+jf2rq/l2M2yFWG/JyNtcL90Ru/Bu4udC+Imm6m8YMULGMknAAl+XIr9M5NO8O+LrW9S4uE8qJP9YjDcrY4571+ebWFpIuLMjzIgB1wR2waXTPG1xo9u2nS3DiMvwBnBbOMZ71w4im52lDoQ11KXiL4T3UfiS4kspZZLEMWVjGQCuTxnp/npWuPDjWNosSvsK9eOo7V7wfi14c0bT7eK6VX3Z6ct/OvnrW/F0XiCYnTAbeSQn90G3Yx2zxmppSm78x0Qlclu9QvLKGBLf5drdSODitm81a81LT4XnDRjqBnk4rAh117bT/AC9Thw0fHI/nVK18RJfXi2sihABhAPX3rVUzTmPT/B96tvpeoTamPMS1TKEeuP8ADFc1c6bLNK2qIzbpfnx65FRalrL6N4blZD8jNtIx970rD8D+NorzW3XWpBHYLAxHswK4/TNVOm+XQlyPV/g5aWNz4kupdaVSIoS0IPTOQCT6HHAr67nu7DRPDU1zNGs0KhsKQCG3cY+nrXxdpPxA8K6TqN3d2Tbw67VOCDjOfwNHiD416td6C2m28UagszYBOWAzjPseprinlznOMmc09TyT4i3eh/27M+ibo1V2DIMhdy5zj27V7X+z/wCIbuDSL7TdUTyLXrC6jBfceQc14BommyeJdfsbOaM7r65Rd3PV2/8Ar1+h2o+HfDXgTRGubu2UpYxZ3BMsxHH6mt81jFRSSCx86/EVtNR0jiKhwrsRjOScYxVfRNI8P+F/CUmu383lz3yErgg4LfdGOPqa8m8b+OrfVdWlubG2KqpwoJwcL6jtXC6v4s1LWIoYJJsQQcKo64PsKUcL7iYcvkejXvji4lvRaRXshtnG3Yp+XHfPrXrXwl8RaXpTXWq60MkDZENuRgc5x+leT3Hwu1i70CDxBpsEzoyCQjjGxhuBHfiuLtJNY05mtb4PE0YxtYHdtx6fTmqSjJOJTjfQ+jvij4u0/Xriye3QQQruIzzyevTpWp4Eur/V9O863lAhg3LuB7qBx9cV883+oi60uKwXkrlmJHJ9ACa3/h3r2sWMcmk2AJW5k6DqWIxkUq9GPIrBy23PWZtH1Hxfri2C42fdJLcgZ5Neb/ETRdG0K5uNC08hWQoucjksA2TXsnw+03W18VzJcq0KJHlncYAJIGPyJryL4teGoE8YTfZL5ZnZFLgnd8+WyPyIrTAy9/l8hRZ4JdWtxPvWXA8rOBkEH8aQWKBUyeR2HNdqmgTWkpW9KsGAOATjDVB/wj1w8sc9orCJjgDnBK+9e27W5mQ5sv6VHc6Dbw380G1XP3vb2qvq/iS41O+WGyjdVYALjIJJ6V6zc30Gq6HbaebQOkJVXJAzwMHH1raNtp1r9litLRGYkDlR6etcGLgvjiaxnfQzPC9tq6eEzPqEjJJuZVGfmwK9r8D6ZPpvh2acfNLNncWPI44Fcn9lvPsW9oDHBGcHjgVqa14j/srTIbKABzN2z0wK+Wk23ZM3TPJvE91eS339mRgCQSfOBz3qx4rtbTR9PEVswk82Mbt2Ov4VJoHhy61m8vNS1GQKFyy45PJpvjTSrSW1tYLWUllOW9TXfBWaRM5anK6DckRb/lZsYAPUYq5rEmpa26WxACEY3DjFV/DMQgu7qS+A8hEKjjkEHrWQfFUU2qSx2R2xIflJxk7unFesoxRXs9LnOrb3umNJauwOG+U4qlLpcM1w10xRWzg8YOa9A121ht4jvky2M++a5Cx0m+uoZZ52xGGyGPFRNllu4tUdEikJkOByDWfN4f1dgqRx7o25zntV9rhbbDOQ204AJ64qzZ+NLVFM0xXKDG0/drlA/9d0kYVT+FVHB6HtU5mBBBqo6qQdh6V+66rY/D5uNxOG5704ICOlVJIp92RKMDB4OB9DV+LPO6nCbe6HKCWzIWVo8d81kXkcLq+4ZB68V0eFOA1czrV1b6fu80jb9a5cY4qm7mlDm5vdPJtfVQvEW0ITkj0riUZJRuHI9DXcavq1vexSeQVI6GvNLiGdmYW6kjr1r4DFcvNeJ9Xhb2uzsbfU0s49kXIYYIHpWfdX7Tx7cbR3rAt0uY/9b24xWssJmVgvBUVKm+WzNrK90c7cSwwS5ePJxWLfMks263TyyPat+9gWR84yRis83NtG3kuA2PUV5den3OyjI58K/wB5uD6VNbahNAWU8KeK0JSknzRDaQcYApsaJsO5MKDzkVxyprudSbIoNSYygspYdCa3IZGYiSIdT0rLsZbH7R5aqSDXdW2nI0ACNyeQay+rzlflNYzjbUigieZCf4utZ17cR/ZHSUgN+VaEwurNijnAx174rMvTp7Wcm5t7uPyNefUpSjujs5jmJFWUKF5AHrVLyCr4X8qsQlB8jZAI61rW9vFIDsP7wdB6iuJrUPtE2n6bDcHEgBJ6eorY1GwexZRbzHIXI9jVays73zR5akH09K6vxAIYrKOW4G2WNRgjvUHStjzqe4upBsuScg8k1l6hKvlJ5p4HArQu7pZQJyuFHNQMI50WQx7gecVqjFhpes6QGT7apCocEhcg4r3uy1LR9UhjsdJlVBtUYxt614CujQMkjGMrv5A+tTw6XNHtniuGiKEfLzkgVFWHMaQPXdUsdbtr9LckywuQBt5FfV3wu+FVlBbw6vqGSJRuUKcfSvjmw1jWRNAjP55wAAfQe9fXPgb4l6zpulRwXlj9ohUdRwVA6fWuOrTfKejhz1bxH8MNM1WFmtbmW1k2kZyGGCOuMDke34147eeC9U8HxtcTXQuLf+KQsRj6g4/qK9Dg+MekySCO6ikhkPGGHGfwzXkXxp1e817QhDpspUlg2wE4IGfTqfrXBRpyc0dNeokrniHiaLwnrWpXD3E6yPJj50wOfXPSs7Q/gjpOuTFLfVdm/JAwGAHuc814Nqcuo72cExMD97HUelJpHi/xP4duft2nXjpIoz1yvHqp4r6+hRkup8/UqXPo+4/Zh1iEGXT9WEoT7u1dh+mD/jXOz/D/AOLHhGbzrGCWPH8SSE7/AKAY/nS6H+0j40s4kOpW0N1GT83y7WPoR0H6V7x4b/aZ8P3lqE1XTXgm+63lsGBPY4NdbRkmee+G/iV8S7CQxavfyYUHdHIAcH/631rvU8V6tqm57rEhY544Ofoa67UPGHgfxhEqWUtu7s2BkBXz+IB5+lc5b6Ho0BZsMpY4OGJB/DHb6124dw+1E4anN3HRtbXkYW7iV1bqrgMP1q3Z+BPBt4HkNjCrHuv+HSuh0zwTPqsDDTJh8vZuP1rLvPCXi7RXknks/Mij5LRtkfpzVyVKfkSnNHE3Hw5stHuxcWx+02/Vg+Dtx7YqwLfwnfwmKWEW5HAaP5CT+WP0rd07Uo9VY2kp2S85BPJ+nerdx4UtJDviYqSPmUY5+tfQYDBzUfcszysViY3952Ofj8KQRoWsL4tGvRZGDfyA/lWfd6LrFr8yoZR1HlZOfwFaVz4Z1O1w1m24q3RT8341DBcavbyATyFShOc8U6mHtK84fcYKs2vdmVLXXNaikT7Tbs0ScYdSK7/TmtLuFLmWBUbrjAosNWW4Xy7lQxPqM1tx/YJkJlKRr6EhRXbh6a/m+85Ks0t0cLqWi+GvECyQl1jCn+Ejdn1FcnN4D1Sx2yaJfCQDoDnJ9s9K9CvfDWnyRmTTbiNWc/KN2SPp3rOXTtc08CFMEjpg/wCNZSoK95R+4I1ukX955rNf+PtDctcWxmQH+HLYA9cdBVmy+JFjKdmr6fnJ5K8gHv8Ae7V10+vapYO0OoWm9QclgP8AHtThceHdZQRXVoq7jyrKMc/59ay9hF/BK3qdMan8y+4ZpcnhK/QS6dci3mfJ2kj9cZ/nW/Jplw6MYplkyDwDya5S4+GXhqQebpN01q4wf3Z3KD9Dk/rWdN4c8YaNsfTLn7VGmO5B+hBrmq0Wvjjc2hVv8MjL1Dw1rkL+bJGfLYdAciucWaKzn8i9t5I1xwQMj8a9Sstc1KGNhqkRjZTwGGTippNV0PUQUnj8kng5AANcFTBUm/d0OmOIqLfU53S5vDlygyqNK/y4PWtcaNYRNvwAjcYXg1BLoGmWz/abOWNgTnKnJH9ao6haXt3+9tJ9jIOmeDUSoKC1SZ106vMaU2kWrKDGvmLnv2/QVZg0H7T8kEqRlV/iOM1zEF94ksBGtxGssQPbqRWgPGmmxSKbtJbctwcJkCufkps3VSWxna1o1kFMeuQIyIeS5B/EEV51dfDzT9Qf7RouoSW7k5wMOuPYjB/WvU9Q1/RdStmjR0uFK8qcZ/75NchDBBBOLjTrhrZkGdp5TH05/lXFWOmk+5x91afFHw1GnkySXsGe37047BlPzAfQ1o6f4n+2II/EulFcnHyrx75Dcj866nU/EmrwWxF7YrcIBx5R7+p6/wAqTw3rWgazdBbuB4JiMN5uFAPc5znH1rJFsv8A/CN/DzXxC9qWtZZcEeSQpJPYgqRxVy90LWorVYdJuFU24C4kY5Kr07HrRp2iwXXiI3mmMqWdswkL8DGPQDrn3rmNd8T6/oniKbUbe3a90ycAbkyMEDnPUDHvWnKzBnO33ijWtKke01zTlnCdSAV4985X9Kwlb4daxcZ1C1+xu+Tu5QAn3Q4r0Sfx/wCEnty8s5ErcbJYun4jcv61z0g0HxGuLdbaWWQ5/dsu4fXH9RUM3OJ1X4WeHdShDaVqpuEY99r49uMH864O++B9+Cz6aRJ0xgYOfpx/OvWbrwNfRsJbKbyWBODuI/Lb/hXP6g3xC0FHmLyyRJ8wZf3i4HcgZ/WspIHI+e9U8Ha5o8my9SVRu2glCMn8a1LXQtPmhCPK0c56kjivSk+JOrA+VrllFdI3Xcu0ke2cio7zU/AWsJuLvp0h+X5sKMn8xx9RUxiQ5Hls+g6npzM1tcCWM8kRvnP4cVhTXt1F94bh39a9CfwfdtbvqGg6hBf+TyUQ7XI9uoOe3PNefXMMsk7C7jkgYdQylf0NOVLsWpGtp2qW5UNKrIR+VdBazi9JMRB29u9cYkLqh2neg7YqOByJd6l4WPdRXPOhcaVz0czvCVNxEQvrj+dVDeQTZ2th/Q/0rCF9qgIJnE0I6huppVuUlB3R4YHqDyK5/ZCLct3JGxBG5akS+Vhg4XiqcPMmSSV96S+kjEYIQZqZU7gy+jvK+CTj271PMF2HOaxbK7lBG4n0we1aTu+7Y3B9PWsJ0xGa5VnCk9qN/k4YLndxUrxtvJYYqGcYChaCC7HjO8cVLkswfgYrJSRozzzVpbggZxmsWi7FW6cySknoOhFaUDqyccYFZZzJIeOOuK1oY125PHFaS2JW4EeZnaenbvRFvEgBOR6VGjEMdvFTxhtygY46msSjY0+VVvImHGHX8qk8TPCNVkkgBMbD9apRMqTozDOGGMVLr+BKkjDAYCgZ4x4zXcElHXNcKpycnrXpnjS3/wBEjlXpmvMSec17mFfuI7aPwkhJBoz1pw4WmgbgPeug0YzB5HrRtGMHpUrLj5e9RMSoz1oESou0Y7Vj3bMJ1YH5s1pAsw3d6zLvh1zQNHZ+KvEeo39hp9pdKEiUAhR0LquM5+h4HvXJKGOC1aOtXRuLW0QLxER/LFVFOUGetQzqTGqccgZp4AJ54xTB3PpU0C+awB4xWRUVdkc0eACKYj4HSrtxGFBJ/CqPyDlTzQOSSYvLDK1PHDv4xiogdnJq/Cu5aAjuOVNo2mtLT888VAqq5A7VetlbdhPuis3sdtDc04huJB6Vfijz071TjBjySMk1oRH7rCsGevCBHLbEDeOWqm5ZA27rWm7Hgiqsq+bHhutJFTRlLOQ20twanZlxwcgUiRqDhhSmEHJHfpQZkkD5O4Hr2q224ndjArHaKRGBQ81cWaTAUjjvQBdAAamt8wwOlV/OweOaRplxwfmNAHPX6MrHFcxLK5Y7ulddeyJIPL7nvXL3VsUyyHPtW1M4q5l/M5bB4qHjqe1SmQx5yMVAzBsY4rqOCQbhTTg0EYpKDMMdqTgD0oxjpS0AFJj04pelIBigBBtI45HepEGeB1qMfJgDkGrttFuO89KTGkXbWPACkjJq6qgfh6U0QhcdqlClV38c1m2bRVg70m44xTscZo256UxkYcKemaaXy3A2+9BVs7R0p4G07R1oAMkZJOaz71sJgcZq6w+X0rNvmJRcYNApbGaeFpoZcdaeRxUWCF68VoYEnbmlqIN/eqUe1ABmnrTKcDigBegNKNzHAFJnjOakjkwaADG3ipADhfrUO8FsmrKsMqMfWgtGjCpA39hU6Jk5FQpjaAO9TBigOOhrM0RY2sB+tNXrk9qcJlC4eq7yqPc0DJppsqex7GqyTEkHPNMeVn+XA5qLafpigm5oLNkHIqKVQWVulJCQGCsKfOFU56gUDLETHd6DFRz7RgntT4Bnaeopt4oyccYq4mLKe1j8y8DtVzyT5W4feNVVY446Crvm4UY5zTERxHYQCuTUp67u1RF9q72GD2pglf8AA0AW9/FU5GAY87j6VKvGFPXvSNtY8DDUARqyZDN1peoyelOKpjpQEJyvagBvmLjmo3QFd/vU6xqRt9KcFRiVzwKAKmRjNM4JPPNWyoyQvOKZGi+YAw4NBmVgMnCgmrklhewoHkhZdwzyCOK9G8DaNpQ1m31DWm22cZZsDqWA+UfQnrivoK91rw3ZwQ6mY0lefKDKgjGM++OBzWFWtZ2RvGJ8XshRQT1Paos88Vv+IxB/bE4tR+6LErjoASTxWCAQQcZrdaq5BYtfvljUt7jKjoB1qO3bMhyMZqxPgrucZxQBvWENk+jrInEoY7qzp4RIvGMCorFwIWQcA81aCMXwvesepukc7LC6McjAqkxJwAcV180CsCjcGsCfTynTnNUDiUHOAPWoSWOcDNWJIHBwc1D5bZwBQQR9eKcUYHkZq5a2xZyz8CtY20W3KigaRzjBieF61MId3titYwxgcikFqD3xQHIVIbdV5PP1q8MYHNRtBtPWnMSgGDx6UFlhUJPJ4qT7+dvUVQYlQG6E0BpFO5WxmgCG8tXnkXZwQcmsyWEq/wA3StKeUoOpzVEtu+Y80AQdeAKeqqeNtBKghRQ5G0BTjFBNgKqBkDml3DgnpUG85zTSSPvc0FJmkyFQJOxqJ5U3bR0qsryEEE8HpSbGIwTQWpFkOpJA5NSb9ozmqyROGGD161YeEyEKTQNIlt5kMorbHz+xNZsEUcbhiu411CxReV5mOQM1EmdVOk2YjAqduKQsGH0rX2IyDcKrvDG3tis07mkqLWxmEblBzzSghRhxUnkMCQnemneoIbk0NHPKLQ3G7OzoKYVbPJ5704Fk6GkL578igkbz1HBzUhOOByKFwwyOCKVlAJA5BqwIgCRgikDAcMPpUm0quSORVcnJyRWhDJw8ZG1hnFW1SDZ0C4rJYgcg81GzkkANz3oMm9S1O0QbCgEVW3kncRilIBOCaQDb8uc4oJbF354NP2g8559KTaCCSabtx079qBjyvzehqeIuuSegqvkqanViAd9TIuDszodPnxyelaJMcjApXMW1xJnywMCtVblhGSBXNNHpU6mhqNcKcoecVGivJnaKzoCXPmHvWpCzYKr+NZNanXCeoojKEBuBUhCKmOvpmpljWQbX4PrTTbyKQF5oZo43CKJiN64JPatWOPYh3Dmm2KlGUSL9a0mKsxI4X1qHI6KcbFH5gQMcUctwF25oc5cg9aMFj0OVqTUjIYt5feopAqOUByRUrEq4c8Z9aJQHIY8H2pNESiRbdw54I6U1eBx3qwnlodz9qrIMOwzkHkU4y7kepUu1Xy2weTXMTQK6lTw1dhKAVI45FctKGic7up6V2UGebjIlay/0a3uWY/MEwMHOTzxWVHgEfzreGnXY0W71AxDyQ+0kduQAfzNYMeC4X0Arqh3PArjXY5wo70pOSM8A0smCwweQaRuTgjI9aswGlBnHUU7axXax6VIucY6CmOSSCvOaBDm5GduT0pRgcY5xTydvXrSxKSCzjFAFCZmdgvpXqfgK2db23lCF5FJ2jHtXm8Cq0+9vm5r9BPgH8DLrxNpdvqk12lkXQTSBkLsuTgKBwORznJ+lefmOLVKF2d2AwMq8+SB5N4rS+0nwgNaubdXie5WEMDhgWB5x6cGvAP7UQtJAV9SDX6K/tWeCrHwv8H9MsdMy/k3qFmb77llck8YHBPpX5v3tvGY4NQXhHULgeq8GscvrKpHmLzvAvDtU2LapNJOGLhSvQg1ZDzS3fzS5IPXNc7JcsJht+UD0NWYZJMM6c5z3r1jwrHtcGhTXdnEi34jXGSDwAPWqQ0PVdHuZNQsLpDsG1cNgnPrXiEuqXTyBZZGIXgcnGPQV1tlrU0dj9mRunfPNc7otu5hUjIvzf2lJOTekuW6n1rqYvBd15dvdiRGjlILDPzBa5yC68+Fg8mD3I5OPpWdqGqX5Q20UzBAMYUkZH51pYzsdbqt/pd5cCO1t1VIgUGB97FXR4E1vV9OS708ZSRvuk4ZR7Vwtg1wlsiIoMgP4819FeC77ULPw/Hd3UoVgxAB9q5sTUkvhJkjxjUfA3iTSQECF15BBGMfzqLwvrh8PSSW8yrmXhmPJBr6Sg16ykuHW+ZXd19BXlPiDwFPrmpGWyZIUnbIbpXPQnz6SKjLoytp3izTJZ2lh+ZSCGx1rkJdYim1TduxEjk4OM1buvBd94Qu/NuSk8Pdk6VlXVpaXyNcWqDzDXdTpwjoTI37u7t74NeRnK4wB14Fd/wDBmHTbvWriK4hB3KEDOOASecGvKVkisdJ+zzx7bmQn2xxnFenadoGvaP4ai12yARZQHznG3d0JrWeBvG6RKrpaG58bLFbG8Uae6KqhWYKe9eC291cRr9rfO4AgZHtTdcutU1C+ea4nZ2HysM+lGk2mo6nexwQEkKORiueNM3c+x3UN1cv4IuIbwfaC8xIz2GBVHwjo+n31tf3l5KIhCmFUnqcHpWlqNiukeHpbSSb5924g9BmvOoNUmtXkSPmOTjJ6AGtVEzOl8P6bbJqlwWc7NhI3dzxnFVL+W5+2bFBIbAUZ7ZNdSkEMWkwGB1eZhliTzg1x0V9Fc6hI0x2FBhPwNaJWGeraR4jXwpfWF3BCrG1dJfM9CD1rq/H3x41zxfHLaW2IraRBGDnLE9zxXlosPtOkzTTyBVlX5c/xcZ4zXARFrS8EMX705CgHrjuBWFWlGWorG5Z6Leai8wlJ3feLE5z6c11/gbwVb63c3U12xMNoQMA4DeozWTc63NpH7mJAZJl5LDOPfFVNM1vV7GJra0DQ+Ycts4zmp9kbn3n4Q+IujtqCabqhjtrC0hGW6nIAHI9683+K2tfD/wAa62R4dZLk20ID3EfTjJ/rXztqWmpLp1tNdTyJczkA87sj3/KqeoCDRVS00y4JkkTD5OSf/wBdZYfLl707mNT4hNUt5YXEUAJUf14rsPB2pW/g/ULXUZ/3jQsHwfevM0e8vblIt5JLAsc+hrodRFvMBJJIEdAMDPXFEqKejNZW6nsHiX4zzbbv+zo1jN0p2ODyn4VzfgDTr7xPqs+q3jGYqBlmHX1rxdZ47u78oLkAf55r2fwjq82miDTrcmPKnc+eOeldGDoQ9ok1oceKk+T3C14p0ZTfxHcykEqQp7Dviu1hGn2Fnp1qiboygP45zn2qlo2l6e/iN2vrn7SqrnaeTkmvf18F+FNW0q0eL91c79ikNtbPXGO9es8BGTlyy22PL+sz0R5J4ju7SwiiijiTzJ+RgDpjqRXn8N3cnVYLlpcLGQcDoMVrfEXSLzR9Yup/mmiU7BjsB6Vz/hzS75oW1AcktwG7DHavAxFRxvE9ikkz3LxZ4ygtvDKJFGoeUcEcMOPSvnJde1RpPMux5gXIyBwaseM7q+NkHmmYlTwCOg/Ci11nSpdGijYZmwAyqM4I7n6152FwllzW3OiaSY6fxrf2sQtvLaKKTksgIBx2JrjrbxFq+q37tF8gjOCQe2eBXaajrGjPax2Z2tvUDgetdP4c+F9ubf7bFKbfzMO+eRgDjFVWjyK7KSOMvLbxBYKkzqAtyMFc9Qe9Zn/CL2tmlvqEb43ybmTHOa+gNa0Sz1Kyht5iS8S4Ru+B3r528a6bq+gyRGecy2pPykfeB/u1OFxMajt1NYVOjLvii+lvNQjktFY7lHyqMjPvXKPr2ri1ks4ZNpJ28dCfStnwR4vsJL+Yap+5XbtXPt3qn4o17w1YrHNYFTIXLAAcZ967JJ3ENSxim0aZNQObh/XrXnF5DdaUXUwtInUEdMV0KeNPPUPLEDk4yD2rsNP8UaJqS/Yb2NUVhntkAdqz9m4u4j//0MXcygc9PSpBI3IyaveQhyQM4oMDHAbmv3xH4W9yvHtUE9alWVduB970pWgYEBRkDqaaUYgnjisxkUt3syCOMde9chrlpZXkatORuGeprobhzv2nrjrXO3Wl3GoyMsY2kZ615OZT93lO3CP3jyDUrG0tQ5iJAJzgHvUmjTwxPiRMkjrjjmptVgQSSxs2DH6+ted3Gr3ltvQNjB4AHWvh6slB3PqqEXJWPRZ5LHcyZC+oPWuLutch0+6fysk1m2eoy3cm9hub+tXtSsYRH9okAyRkip96qnKJqlyuzIv7Vt7xfNGUJ65FZlzHbyufLJyO/Y1VVFlU+SvGOgpTZ3IUj7uOc5rgxDlfVHTBRWqL1rBJEv2guGIPQVJcznaYzzu645pkWyG0MJbLN6mp7W2DoRIduOnvUckbBKZDbrbK2xFCsQMn1rq4tUiWNVIKlcDnvXI20Mc915bN8xNemReHYPscU6EZxhq0w9Gpq4mkqlOy5jnrstfOzxtj29q5acFHKqOnpW7qUjabdlIs7O+a5q4kdZ+mVY/zrysVGV7SOiE09iKG0aeQjPfkV09tbwxyKRxtGCR6Vl2L+W7+VFuLD8qsfa1XNu45YZziuJ0rI6oy10PQ7XVNCtIMiTE5Hcda4fXNVk1KbyYziMdKyhp8tw+6EFmA4qAB0G2b768GuT2ep3J6Ezxx+R5RXcQKls4ZLePYyggnI4q39kAtfOUhj1IzTWvGCBSucdKTHdHU6bpF7q80Yto12M2CTwB/9eu+1r4ZNY6X/aIuQJQMhSMA+2fWvHrTxRe6d+7gYkE5wOg966j/AITTWdct47aeUyBeAB/h61zSuUnEXw1Zpd6lHHNLsYOAx67R0JxX1X/wqrxvotobrTblJ4O4DN09TkfyJrkPhp8INNvQur6lO5WTkKpxkDqGOOMn9MV9uaGLS3s1t4phiNQME5Nclau9j0cPSVtT8+PEU/iPQnP9tWHlmQ5DZwR+NcTeeJtTuEWLKsqfwk5r798b+EtP8SWzwlI5CctjgZ4r82fih4cm8Ka+sVhMx85Q20chfavUympTnLlnE4cwpNK8WW5dT0OaYrr9kiwtjcwAOAO+K7HSvBHwY8RWqz2uoIjSH+Ofy+f9xsfzryibwj421SwaX7MZ0PPyYd8emBkn8q8n1bw74m0Ocu8EsEifwMvzL7kdvyr6OrSivhPDhJ31PsZ/2YIdQcNoWtoQ+CquNyj8RnIri9e/Zv8AF3h8NcII76MAk+WT2+ua+efDXxG+Ifh6587S9QlgEZ5UjjP4Y/Svo7wb8e/iPrrDTtVCXgPygupDnPcc4qKaT0NJSOc0TwzJpq5v7OYbzgjByB688V6pYwxxlRpWpSQ5X7knJz6CvS7fxPLaWqQ6hp+/cPm4yCPxzU1ivw91OZ2uoPs8jD+P5QPoRXr04zhH34HlTqwfwM53w/4j8YaJM32S7WQNw24bs4/KvR3+KmtNaNbvp26Rh98HI/LH9apy/DzRLiJbvStUMYAyBlXz+KkfyrA1jSbrwzaPdXd2s8CcknitqEKM5e9GxjUnWivdPDvEeh+KJ76fWLHejSEsdnB/Dp+lcFH468Y6NO+ZpEZOMPkjj1zX01pHjLw/dBVeVV4538Y/z71cvNF8J6+rpLbRSB+rLhSfxU5r3aeXw/5dTseRUxVRP95E8M0b46aih2anaeawON3IB/A816voHxL8P+I5BaTxi3lboJAMH6HNcnrPwT0mdzLplybQnlR99R/I/wA65b/hTWtWcwnt547gAdVyBn9D+ldNOliYb6ozqOhNaaH0uml6ZcKs0DAZ5BXjNVLvQJ7yIxWr/UNXmminxD4Yg23qsXVflVuQK7XTPiVYPsTU4nt3A+Z/4TXTOpTl8cLHCoyT92Vzg/E/hjX7K386MlCpyu045HQ9q82HjrxbpUxhmlBZe7jdkdupxX1G/jDQbo7kdZY2HX/PNc5qek+DfFMaxvJDvf5VMZXfx26V5eKy9PWlUsd9HEtfHG54pB8YNSDhL+zjuBwPkG0H8yf5V2tn4y0HVkR5rRrKUpkMuCM/UY6fSuf1j4H6lCxm0K48+MkkRscEeg56/p9K5oeEPGOkSKj6dK656Bd//oOa8h4fEwdpK53+1pTWjsentCCv2uzvlnUDcBk5x6GpbXxakDC1luNjKeEY8fhk1zOnrFKiWl/BJbSHqTnr/SqWoeCZr52lsbtGI/56bhj6YHNOopx2HRcOp7bbXVvqNsTN5cu3rjHFULrRdC1EFGISQjivKNI8FeKrbBtpBNIO24gGvTLLRfEMMKrfW2Xxxt5qqU68tJQuOoqS+B2K3/CBX1sjmxnV4jzgVDHpGpWEWJ0JYd8dqvSXeu6R80kMgQn0oXxHduoWZAy9945rWtSpJe9FoVN1HszES/tBJ5V2nWqeoaJa3h32rbmPRT0rqm/snUAFuoVXvxwalOlR4DWDjaOx615MsHd3gz1YYi2ktDx7UvD15aJ5/wBlwDxmM5P6Vm2dpfpI0diMyH+GRf8AGvdFS52FDCxC9xz/ACqq9nbNIJim1h2I5rJ4OS+JGvt4vY8VutW1LSyF1rTXhjPV4xkZ9ef8a1tO1Dw9ejcbpY2bBZWUofpz1/AmvYrSGKWTbKNynsaoan4d0K7v13WMckz4AO0c/XFKWGj0J+sPaxj3K2VhYv8A2VDtS4TBlB3CsnTvtNvF5CxCcY6Ec1Zvnf8Ae6LCDbeW2OAcDH1qTTbfxPpQkmtPLvt68FwQRj6VzNHSjhNZtdJ1SdxrmjGNj8plRTgke4A/ma5Y/DbRbhhNo2ofZ5VGdsjAj8xgj9a9Ij1u51GRjqtl5GMnODj9c/zqBodEvkZLaRUkJyShCtj61hI3RxdvY+NtDiwQL+2iPX74wfTOD+laEPjrTxsh1uyeE7tpZV4I+jYrumsLmwsViSR5UPPJ3f8A1q427ScLIt9ZpexHnaAGP5YpDItUi8B+JoH2NAzgn7wCyA469mrxPxH8Kln/AH2mTFcjhXO5SfYjp+Vdde2Phm93xQxyaZKOMsO+eh3Zx+lU38N+MrVxJo94t3CuCELksfYA8c/71EEr6mUmeax/Crx9BbjUNMsbmeFAdzW4ZsfkMn8PyrmJJ9aVvJu4kukPUtyQPX1z9a+7/DPx58V+DNMXSdd8MxPCuAGWN4SB0PzHIJ/GqXiPxv8ADPxgfO1KxhgmkXbi5hj5JyTtkAOP0reaj9kcY2Pi2ws9Le6heGcW845IkI8s12bWMVxkXES8HG+HkV2Wo/DXwpqu+bw/emLPRVkWSMf1rGHgvxDpCFYJmmXGdq5IP4GuST6I0ueQ69GukzhAnmI54boavwaO7WP9ox8xsN3HJFdhd3KBzZ6lZBmHqMYP41FNbWlxA1ra3BtwVwVHSudod0eWNcymRhaurk8YY4/lWXJd3Zk2TrgLydvNdlN8N9YQtqVgVuFHzbUOSfzxWDayuLp4L2Iwy524Ixip5UOxpadI8g3H/VoAQSOaS4mad97NtZOmK9Mh8CXTeDrzxNplzA62qkzW4JEwUDJbBGCMdPXn0NeTCe0lk2pJ844waw5DO5MLhwOTu9c8UCYOQQf61mX0rIOACB3FVLaUBM7mz6Gm6YzcYByDjp3FWXCwxbmPJ7Vn2868kruNSG58x2Qn5R61h7IVie3IdmJ61cnm2RfLznrVK3Xq2Rg96bLFISQOtZSiKxdVpBzVqLk7z0zVCH7mDwelaVvEV+VunWsnEol3ksrA4wcYra1iJb6zSWNvmTGf61juQoIHatfSJY5cwTnCHipsawPMfGEEg0na3HcZ9q8gTJ4Q59a+gvGNl5llNFFltgwua+e0BU7TwQcflXsYKV4HRQe6LKjaCD1o2g4x2pu7kGnAHcT2NdZoIxzz0puMjPpUoGDzQV5wKAIgPUYzWPfNh8gcCtfd2PaqF/GGQletA0bV1Hp50MFgfPBG05rGXeVU46VGreZahW5284FTwu3kj/aPaomdVJaAMDJxVu1ZV+bHJqp1INTggk4rI2jGzH3UodsVQESn3NSFBncTQu0yZ9KAkrsmRcfeFXIeUwBVTerOFUVpWyqSCRjFBcSxBCcbm49q0LceWQTyPSqw+dwewq9EFfLelYtnbTgaMStKCVq9FGcEtwRUFuv7v5eK1EY7BvGKxZ61Je6Vni4BPFVJFODV6Q8E9qpsNxz3p9S6kdDOJ4GRQSSBxTmiKvljmmMQG5PFI5RGHODTlXIIPIqCeQHBXtUkcmMMDnNAXJHhYfMvFV5EzGT39a0wwK+/pWbO+AccCgznIxJAQCc9KzXkA4atPcC+SOPSq08aAbiK3gckjnLtVP3eATWcVwMVr3UBkBIGBWQ0LDgZ4rpgzimNopec0ZwKDMaxAHNN3jIo3EtgcVNHbvIpzQBEPm5pyqzHgZq3FZNj5jVqO2ZTxzQOxXgtDI/zjArVSNFUAdqhaCRBkVYWOQgKO1Q2bRRNGSeM805h83PGKZHExIGeae8R+6Tz3rNs25B4Knp0pCAenAFRiFh8oPWnJEYjl/mGam5XKiMpg8nrTSuD8xxirxhB5zgVGYkPU80x+zKh2scdc1Qv0WNQK0pPLhBIPzCsK5l845btWiMJxKmM03AANSEdMVH0yTWhzER6UuDkYp5ye1Jt5qLF2JKKKKsgUdelKRjGKbRkA80ALgB6sRAu4WoFOXPFXIBmQHpQzRGkPkXml3rjDVMoRsK/epRHHgjGMVmaFAMPTkUBZJDkd6u+SDlgOKRSUIC9qBWGCEquCOTSNGakad93K/WhZCck9KBjEznnqakdtylcfjTt5GCR+NDADOOhoAsW8fyg+lNugu7BPBq1CMIMVSvM8fWriYMqLhXIFTLjKheR3quoXzNucirIUDpwfamIawLtjsKFUdHHHWnoCMlj1oCNyQcg0AOwjYYdqCvIJ7VZhQsM7auxWYkxxnHWi40jORMk7jnNL5EmSUrfjsDkKV4/lV8WaLw2Aax9qjphhZM5IwSEfKDmoTC6DDKRnuK7RrMHHQD2qFrBmBVcNS9sh/VJnIeSei00xncMjkVuT2xjbpgrWcch81snc5pU3F2PSPDD6THp0g1kqcrlM9RXEy6pcyYiiJEakkDOevWqQuH2bfyqaB0ijd2xuPQUuRXuGpkyuzux9Kq7sjmrEnAYgdetVsAjGKokltyPNAPerVyMphe1VoMq4J7VckAdDx1oATSXj87bM21c4yelbU6lJcqflHQio5NPW2jiuZU3JKgYVQlvN77VG0dMVjPc6ofCXpWLjf3qDcDnetNEi7cN2rKmuZFY4PHpUlz2L7RoxO4cGqMliu7KdaVLiRhnGR3q4k8b8ZwadzGwyOLZhWHIFPYHPy8Cn8feJzS/KTjFFxkGPbNbmkaNHqqXIa5WCSKPeisPvEe/Qf8A16xj8oz6mpVcr0/i4obKVio6nIPpUfU81abJb6VDIFJwOM0h+6QyYU888VBNLH5WAdrHtUsx8teDk1jTOSeTWgpETyu5w1QlmVcD8qMup5NJzt78dqDOQ0Fid2KXLFsNRngkdafHg89fWgVhq7i2AOKXy23DHNSBNx+XgCp+vtQUoDfKAGd3NSBVJBHNQqRubNPWVFOBxQaKxPtAyTSow3H2quZB1Y8UvmgcjpQNTRoGVQ4Ucmt9Zg0YyeMVxXnAuO2TXTWz74F296iSN4Yg0hL0yOKaWBbpxWe0oBKkEEUCbgKDzUJWNniC9Ig2goM1WkhB+bHzGlQ8lgfrUh3Y3E4xTJbTKTKVjO4YqIHK8jitRwsn+7jrVHackD7tJoykuxXK4G7PFR+a3KgYAqRwSTjIAqCTaQOCaohjizsu5ug6Ux5ApGB1oYu6BQcAU5kZVyeasgg25YlunanAUZGcdKRmCHJNMxY7rUZJ3A9fWl3AruB6UnDHNAiQ4pSecioiDmnDg80DuTgqRyMmpQO56VV3EnLcZ6VMXXgDoKUii3EVUhh0q/lW5B4rIWXkYrWttrAMRkGsZo7KLLkIyAqcA9a1YwI/mZsk+lZ2VUbSMHtUiSNuCkZJ9KyZ6FJG3GoyrE7ge1aUVtuAlYfKDVTT7ff+8fO0etdTEsfleWMVhKR2wiVU8op8gxVaWNnBx930q6ybOOn0qspZWP8AWsrm9iilo+/d0WnrGoYgNknvV8MxO0rgUx40wcADvmp5mBSMa5oFuTkL+tTqm498VMB5Z253ZpczHYznQDjGTVWSNgpKDI/lWl5G5uTUJ43KOK0MpjtOsDfxTPIwXyVyM964TU0Af3HeuulQ7SqsVyO3euZ1JPl2/wBzrXTQPNxexWmurmLQWt1lKxyScgnhsc4rCj5bJxuxWtqgY6baQEfebd+n/wBesyNVyR3r0qa0PnMQ/eIijc5A4pc7fmwTmpmUkhlOKRozt570GIwEvzjmmjJ46EU5QfuDinZXOAeaBiYPJ61ZMR8vKnhhUQ78d8VcwQoycgdqBHQ+AvDTeJ/EtjoUUTSPcOBgegIzX7dfDzTbPSlt7G1j2DyY4R9EXivy+/Zc0yFvHCavfJiC1ViG9GYFR+AzX6x+GLIR3KSKdwQZ/Mf4V8ZxFXvJQR+q8F5bFUZVmtTwn9sLTJbj4Vu0WA9vMr5JwAP8T0Hua/JWSFpNI+zOCjwSF+R2Nfq1+2nqU9l8MkETEB7hAR69wPzGfwr8x7MfaFmaSMM1wuM+ld+RP90j5bjKNsRbyPNb9402BY8Hvita1Mf9llgBvY8etQ6rYTlwF+TacY70tsj+SbZVy3619HdHxD2OWmyWLN0zzzXSaXbI0OWYDH8qsP4Rv3tXuemOQCa3tE0uytrCX+1JGjkb7mOapMJzuhtxBY22niS3n2yEcg+vtXEvevGcltx9as6rPAGeGCQvg9xWO9xuARB2/WgmmtNToLXWGQ/LwT616Zo+vT6vFBpRk74A6YNeK2h3SneBn3r1H4f+HtT1vWhb6VHucdSTjArOrR5rGdVJI9z0rwNcLai7uXLE8gE/pXTwX7aTbLZGPcT3rM1bSPiVoNvmJDf2tuoG6IeaAfdeH47nGPevPdP8ZSyXJj1cbZGOAW4H5HkVxzwdam/eR56rKXwnXazFfakqRlSseclsZB4rgYvCM0mu2tqZB5BmTeRgEJnmvSV8TQz2bWth98cluo59K53UEeKF70SYm7N7d6iM3zGq8zZ8Yw+ArrxVZ21hAiQ2bxeaB9wsrAsMDrx1znNes/FDxbouraTaaRpIGGUSuQMY4ICnjk5Ofwr5JtU8vV1ublzs4OSeOK6vWPEWnjcttJ5jBOGHUtX0NPFtLQ45YdOSb6Hn82iapNcXMxTeFOSy5xitnQLmTTluLppArYAX1JrprbxAdK0USTW4dr0Hbu7iuV+S7uFWaMBGI3BccGuFpnoKxplZvEFrO91lhu/DHauX1nSRazLHnKMATjtX0Ld+H7Sx8O2stoAVkCyM3TORXI2GjWGo3bPKPNIXoOlYuQ2chd6FNcaNFeaVKWzhce/euavvDc+l3USltzFQzHOSM167L9n0iNLQL5abyVHbJrstI0zRNShH2tVaQ9/4qzlUsC1Z4vdfaXsbSK2iK7V59+B/hWf4Z0+W21ZdU1O3/d2wZ+enXj+dfQM/gqS+nRbJdibtuR2B4o8V+GLLw/4RaMv9onvJ1Bz1C8kj9K68BCNW77GGKrcnu9z5o17VIdSu2uXQKd7Ef0/Ci0v5UX7QPmr13RfhBF4j8Oz6wsrwTeYyxIQNpUd8EZIJzyCOn58DH4Jv01H+xgNzByjMnzKApxnNaYjB1KcedrQ1oV1PRGFHrl5c3iyOMxxn7gPX3rOEOpazfO8EbMy9RnoBXpNz4as7G4FhE+4llXdjnJ71P/YN/wCGZJPszLP5ik59Kxp6l1VymJp8EWlws9xIBLJwVPWtHQNMttb1KRbmT90oycda871K+u72cySNtCnOe/NO0/UNRgYR2khBlOMjrU1V/KJM9H1LSPD+kyG3tLjzJ+p6VzEV1dQXylJ8qTgjipbmxSCBHnJ+0sck1QhshJcS3DtgAYWpWhVU9c8Fa5Y2VxJfTbhNI+MZGK9QuvG6faYREGWIH72c8181+Go9mu20N0+YGODnoa9q1m68P2mizpBInnp91VPzVr7Pm6nl1o8sz2S2bRtesjc3Di4DDbzzzXnpjlguZrWMEW6Ejcvf3ry3w7qN7bTeU0+2GVt23OAK9n0zVdPkzAWUhgQB9fWvm8VTcJ3OyCaVzwLxPfNc6pJZRyDy0JB9ak8MxQ6NbT3MrCVpjld1en6x4E0C8vZL+LKs3JVTxn1pk3g3TdQsw0fCw8Lzg8CuyhjFBLQ2lqzyTUbc3jSTwpsZzwFHFeoWPjwaJ4ctNLnf96g53HknHemw+Fhp1u882Xwvyr29ua801uw+0b5psKwJAU96zq1Y1HZmrdj3jwVrEHimVlLFSvzMB02+oq3458G2+saXdLHkPGNy/hXJ/BWFreCUzttV/uk+n+Fe3a/qVifKggkT7Qwxgd+1eFWj7Op7o7dT82/Eug6toVz5FyhRSB0JrGtrCTUbaeV5dqxDjPTPpmvpn4s2KvC0l+mZGACnoR9a+crjS9VjsjBGpWOQ7vY19JhMQpq7NUzER2hxGzcL2/rXf21lZrpizMVZ35zwTXmkkM8MgS4TZnCnnmugSeS2EYb/AFZPT2FddWKaG0f/0c/7Tjn1qVb1W6r0rAwQxKk0/Jbg9RX74j8IludKs24dOtROybW7Viq7LjOfanGckEGlOBqZOqaq9o42w+Yo681z8niZ0cMXC/7P1rdvrU3YbJ4YdvavOtT8MXxfz1DnHOQM183mNKqpe7qj1cJUp6X3OL8RzyS6lOpfG9txxz1rHbQm1GIlBudemePete5s5bacvNGzFeCD3qL+1HgZlEW3cOnoBxXzdbDN/Gj3qVZP4Wc1HbT2DqdmGzVnU7oyWpYA7lU8YrXS6iuJAG2nIyM1mara3jReZBCzZ4+UZqqVLlVo7FVqlviMTR5WlXYVwWIGa1ZrS6tJhE5+Rhlff6VQ07TLyzbzLqEhXOMd67PWb+Ge0ghG1Wt1/EVy4mnGzu7MKNRt6bHB3k4VtmMHj6iqtxqX2fywNzF+M10kVvbXMyyzYDMOtc7fpD/aTW8YwI+a8yNF6NHoKavqjrPC9hZXsjS3T/MB0PvXfLItnbBY5Mqp4FZvgfw3bXmJg+POQ7gOcEVp6h4fXSrd3klMgU9e1fSUsE1Tuzyq1dOpypHn+uXM+oXTSRxABRj8KwVVy6+YnHuM1vveQ3Vw4iGBjGPpSwrG456j24r5utR5qjZ3Upu1jrNAsoms2uHQbs49q5HxFKLO4YxxA+mTzzTrm91+zs/L052A57A1yL3d7fMzagxeRDzu46VxYyfKuWx24dX2Lttr13BBsMgQA5GAc5+tRf2gtw5ZGJkY5JPFc7dQtIcKe/Y+tX9PspVb5RnnrXm8qtoj0Y8z0NSP7cjbw24NgHmuv0/Rpry0YiRfMHUZ7Vx8X2jzB5hKgHkYrbhnuYzmAsCxH5Vk6BrTj3Ib7Trq1kZpAuFIxiptHka2lV1O0A5HpU8hZx++bPIGa1rLw9FLEf8ASgG6jPUVlOjc0ij7d+Dmu2OsaItjBMpuoRl1zzlsdB+tS/Fmz8WWOhzan4euHSe2BbbFlWZT1w3bGO3Pp6H5q+HzQaVqgkkvvLkjwVO7YTjrg5/+vX3DZeI9I1bSVElwjM6ZdeMn9a8rFYWUZKS1PYpVdD8yL/46/EzT3ktXv5HD5BWctJj6EkGvN9V8Y694huRd39wxkXp9T1r6X/aB8GeGdNU6vpki+ZKzHZwOCRg4/H6V8iPGkeHSvqsppxcOZrU8jFVLs9P0H4p+LvDijEglh7q4HT68V6rpP7RmjMYI/EWjb1Y4ZkcP/wCOMAP1r5NuLu6CFPMJRj3/AMKy1WZ327AVr2PZRZ5vU/R+DWf2evH9sY7owQPKAxV1FuQfQEgDP0po+A/hC4l+3eA9ZVNnzBTIsi59NyjIP1FfHvw20bRp70RarcSIXy2EbGPzBr6r0nw9YWij+y7qRTjIZWO7P1GOfyr0MNk/PrGWp5uKzJQ+ydLeaD400aQRXMKXkI4zGS2R+h/SofPRHMN7ZNCyjuhHX6ita0u/EunqDBfNPt/56kvj88muy0/xnejdHq9jHdB1wSV4P516f1bF0tJanmSq0J7aHJ2cNjJCVtpipIxktjBP1NVpvD8NySt5dSXIxgBmyoB64zXc33/CHXVi88Np9lnK/wAI2gH14IzXkbeIb7TJJIDF5yRHcpA5I+lb4StG9qtOxhief/l3Mmm+F+hS/Nb5Unt1ANZ6+A9Y01C+n3JfB+UKSpFdDaeO7CRV+0QtExPIHY10lvrenTktFdKfYnn8q9VRwsttGedN149bnApe+JdPAW8WSQ5/i5A/EV0Fl4gvpSPOiCLnHyg8/nXXb4ZuRiVT9Ka0UG3DwqRnrxWv1SX/AC7mck8W7+/EjbULTyx9oHyH+L3rHudO0LUGG6JZSed2cGtW5tY7uA2x+VD2HauYm8KToc2tyVPXBPSpq0q0elyo1KUtnYik8E6TLMz2skkA9AQcmqcvw4aEebZ3g3jnaRg1KBrumk+UPO2nJPXipP8AhLbsDbNZsCvUnKiuKrUpvSpCxs1V+xK420PivRHyQZYh1BO/itX/AIWPa2426lA4Hqg5/I0608U2V+AkymBh/eIOTWm1roerALdrHIfQqM/pUwcLWpz+8Oaov4kTAHjjw3qkiwtA65/iZRWkumaZfDzbJwpbqc8j8KmTwL4VOHgtxE2cgqxyKc3htYVxbzsBno1XOhVtdpMuniaS2diFdDu7cloZ+B0//XV+XUNaskRZf3gTv7fWs6L+2LBisY8wdT34+lPXxGhbbdwYxwTjp+FYcsVvdM6Y1L6x1LUWvvOxW4Uc9ATT5G0m7HlXCpu+lKDo97GJBgD1qCTQrW4/eW8nzDoQajlqP4ZJ+pcWr+9oUZfD0EmWtJivP1qodK1W2/1bF1HcGrB0vUrY+ZC7HaecZwamXV72NhHLGNvfIrkqUYX9+FvQ6ueVtJJ+olvLqIysvydvxpJb4o3k3cUblR98Lg1oC+Ujc64x6dMVWR9NvW3E7G9KmdKElaM/vFDEyT96IsCQ8SwfIW9TRc6gmmIbyWJpe2R296tG0GP3J+WsHWrrfALAROmCCXx8p46Zrgr4aUUdFLE8zsVGurLUZGm84SOw+Yd6vwXv2VCin5GHINcBFpMtpfrdWE+Fx8y9q64JJKAJtofHY15zpvsepGZsR2Wm38ZJUEsDuJrlrrwnpUILKuw5zuHpTNS1A6XFu5fPGB2qnb6ydVxEil2xgKe1clWHvG/MULzSNVhTzNFvAyjqh/irDtY9bWeT7fGEz3Bzmu6itr5ZMSDygo4yOtc7qGpGS6+zykQjpkjFZ1KbFzozNRstEuVEl1EJJAMNn5sn/wCtVfw74Sg1LWYotHuWs1GOHb5WPuKklS7EwIjDop4I7j1rrLCy0nUFFuZjYXrEY3fIp9AD704RKjI9DT4WfEaFml0sWOpx4BaLzMMenHzKoP4k14d4/wBE0RJpLTX9DfSrqP5C8KhVL85Py4GR9K9Chj8WeHp9kV3LEWUYa3kYBvrjbkjHcVznim41DU7VptTJnkPPTls9Scd62UTfET0Vj57/AOEXa0ZLnSb4OvYFsOD+H9K0YdU8VRELMklyE/i2swH/AALj9a6L+yLPyzMYGgJOQy5H/wBatTRYUkV1W7WMjgb2xn8xXJKBlGozDtvFOgXMYtPEdjg55fZnj3PBrM1TwzoGoo1x4YuwVPJTcMr7D/69Gu2M0zzIWikCNyEwTj1rmbHwvq15J5ujxtKy8fLkDPvWLutzRO5e1PwR4j8PaempmbCSYzsZtwzz8w/wrkbfV/s9yv8AaljBqSHqs0YyvuCelepTa/4x0GGG01qE3FuqjbGRuAA4+8nT8a1NF8T+G7tJJLi2WyuQP+WqgA/j0/OoUQ5zk/iR4v8AB154ZtE8J266fdSfu7m3WMINpXk5XAYcEfj2r5Z1L7AmZbdij96+ltb+HOm+IWludIvYjI7ZUIRsX2wuSPwry7XvhB4ntAdtubvgnEOXPHqMDihRRstVoeO+fcMylTvFaIu2C4b9av23hXUOQqtEwzw4K/zq9o3h5NSna0u7hLObOAZfuEn3rSUUwsypC4SLzGBGe4qISlz8pDfWup1HwhqOlJskjLJjPmIC8Z/EdPxxXJwQzmQeYMoDg1zuIWNy1nRVIkymRweoq7aXQnlaFhuU8humKkttPmubdZbdAedpXOCKqNbTwSFXQxsOp6VjOAmi68awP13Z5rTt5I35D4NYVrexeZmRsAdzWtNHFMo2ENnkFa5ZUibExnjDMW7cZIpttKgmwr/hWY+YB5UhOOuab5idQRwc+9JxGbWpr9st38s7eDx618539vJb30scowA3GK+lbJ0kjDsflB5x6V49470uO11IyxSb45ORgdM11YOdnY2ovU4lQD3zTvlxjNVYSCrDJzUmNo9a9A6icqMjBzTgvIbOcVAZAuMd6euTz60AKwUtk9qq3kRK5H8QqzkltpwKhuPufSgaDTlMtlOkQBZQcn0qhasWTay9M9K09AkjimmhfLIy/nmsy3z5jp2DN/OpkjppS6F+OIyDAH409NqLtYcipUY7fpUU25juBxWcjri7lFz8xPY1IpXA29qawOeOTSo67SpXr3oiZDiCCpB69a1bVg/y44xWQMsRGnWtmMeUgVBzioqFwLaAs2F6VrwIsa8Hk1l2mVwO5rbRCQcDpXIenQ3LMLbeV61pKpYDPWsdG2H5uK2rZtwp30PSpPQbIMIAeKokYODWvOzbAQucVlStufP3aRpNFaRc5xWccbsHqK1zwpas64TlmHFOxy1KZTmVRznNNjYhBtFQtkHa/ekSRc4FKxhYne4KHriqckpccmiRg3QYqswA6jrWyRzyYRhsMT1pGbkcZx1p6kAgg4x1pSwJJA4NUQVHG7sMegrKurcncYxye1bDgY4PWq7DHPXHSqTOdo5EpJzxg1GEIrrngjl2nHuaqvYJ95eQaq5DiYMMLu+COOtbcSJjHSpYbMKdzHIq75KDOV96psIw7lFYiTweK0bfT7m5/d2kbSydcKCTx9KEjX6VsabqDac7tC2CRiobsaxjcxypUeWRyOtMCgYJHWppXUnd/ETmq5Y8DH0qDYVjg5U4IqMtzycmn/hUZHPyjmgV0ShwMGjzBkZPeoDwCfSo9w5B5zRYTnY0HbIypzVZ275zUCb3yw4HSqdwSx+Q4PSjlJdUZcTGQNg96zj83Ge9EodWGTyRUGSM5OBWljGczVWxJUOHBJqN7F920MDmqf2mThFbilF3KOuKGZIsvYzRpvbB+lUR941Z+0u+VByar7SGJJ/CtBC0UnrS46UAFAwRz1p/y4PPNNwcZoAF3E/SrtluLsTVMEYwBV6wQgk4pM0RqIMmpFZQNpOSaiGVyF6mnx9Dkc1BoSiQp8oFSRxgkYOKrHHGfWpeSCFHSgDSubOBIVKPlz1rOERyQRwKl+dhk0HO4fMcGgVyDo2D0qTZk9KlABGPSpEiY/N2NAXLUePLB9Kz5kEhIJrTUFUrM3kseO9VEwK21UOMcmpB2AOcU+THUnFCLtxxVAG3J6VZRASARxRGuSMCtS2hMsgAHShl8pasrUOOF4rTSJYjsUAmraQFUEcPU1s2WjPIylkJJrza2JPoMBlvOc+1vdt8qqCDUyWM7YB5x2r1Kw8KvLg7SxHqK6mDwFeyYZYGfP8AdG6vOqYxH0sMnijwY2c460qWzj7+RXvJ8A6kZAv9nz8/9M2/wrJu/B0ylo5YjHIDjawKn8jWaxnmbRydPqjxOe33gqw49RXPXthIn7xBkCvZLzwvcIWBXAX865CaykidkK5Qetd1DGpaHnZhkTaucQulzPafbFxtHUViTFmbDDA9a7DUFltofLjBCN1Fcw8bDnqua9SnLmPjMTRlCXKQhQo9aewUqFA6d6UAdBTT1rU5WVpFQYI421ZGSue1Vpk/iqzDv2bSOaANpp5LjTFZnUeQduz2rLtYopJGWc7QOmOtVWJjyB071YiddoY8571izppFTzjHMV67TxVS62fej5J5I96kucPK2z8KgZX2hgCQOuKIms9h0Fy1u477hyDUkjEkyAdfTpVBvvZI68Vesp0gUpJyDSsYEkN4Y2CyDcKuLcrKxK9vWmtFYzjKna1ZMwkt32BuBRYuG5v/ACsDjGfSm8hs9qxI55G5j6r1q7a3YY7JOtDuKxdGep6UO+3Hy5zS4BPtWQ87mQ8YXNTqaco+66ZNZDRq3A61usqTRYTlhWKwfkHjtWpM4FXb6nPvTlIAKkZ96kCn7rHio8oMg8kVSZAnygZNMC7SzIOK0IxG1oxIwRWcWboe9SxEsc4jUjGSagMxJJPaoSSvAPFNyAKCOYmEmct3oLqwB71DnFB9RQSTZOMml3bgPamkMAAehppX0q1cQ/oVOeldDa3TQ4Zea5vcQwBHBrZhZWQEdqUhplqSYuzE9+abkrx3PNNxk/WlIOBUWHzkqTSA7ak+0swye1VmzgEUKeCG7UWKVRl5Z22EE4pBKQNrdKqlsDANMDNjNHKjX2rNNHypXaD9ageMZPNQLL3yQRxU6u0gw2Bn1qWi4zuQoPmwwqTluAOAKnVEXlj0qsUOTtPy01IfKBhDgEACqckDY3ZBAqxkgeppquACpHWqMporooWnLhm296ndFK84FVmjIfcGoM2hxGDik+tLzRx1oEHfBpVx3NGMDJ604Kcbs1HUBwwp3dR6VuWLBjsA7VhZz710+l2wlCgHGRyamrsduHWppQWctxJsA6V2Vjo0UO0zruJ71b0u0itYF+Xc3cmtl5YmXah6CuCcz3KULEtsbO0wXiDr6Y61Vnkgkk3QxbFz0FQM4JAHb1oHOfY/nXOdY12D9uBUEkQxnqashCeQMn0p2xpO2AKDUqLFvOOlOZVAIq3IvlAL/C1QqNxPHA6e9JsEiS2hDR4HFJNaqvbmr9nFvJY8e1PliI+YnikkOxgtEu09iKrsoB3MM5rSkRTkg9agIKhvStkc1QpSQrsyq5A71yeuRCWAmFdrniu5ba6bdlctq8fmXEUaDl2VQe2ScVvB6nBi/gOS1siM21uM/Knf1rJTJXcRjNdN410yXS9eexmIZ4lTO05HKgjH4GsJUJXpivTpP3T5ev8AFYpk5yvcUpLBQT0HanlSCc0FckA1RiJsDqG6HrimqCMMRTghL/SpfK3YBbbg9B3oGPiiJbcDkHtVsxZKp3JFESoJFFdN4S8P3PiXxJY6JajfJPKMDn7q/Mc47YHJrKtPli2b4Wi6k1FH3z+zz4OTRvCdpfXMOy9uMvLkc43ED9Oa/QbwdoUTWcd5O5LypkAcY9BXjXgjQ0GiJqcsXlxzSeXGuMfcJU/rX0xoMUMWmoiKARj8MV+bZhXc5uTP6AwGXujhYRR8UftiWdo/gmz024kxvucgn/ZVj+tfmZeJHp85KMCkfTH5/pX6JfttXTvo2jWVl+8l893KD2B/lmvzW1mC9eNY3BV+SVPqa+hyOX7o/KOM5f7T8itdPaNKyuu5mOeOeTSapol3o1qtzs2NIMqe/NXba5is7SCUQ7rhDtYntWZ4i1++1G5VJVwij8OK+jps+HqFK11u5mZLVWBx1zRqM800wjcgKncVz+4RzeZCfm71NdXskKb25NbGdifVNBXyPtSMG3DOM85rnodPnaRfLAJHt+daEeoNJxJnaa63TrVfs63KuMEnilKTKsanh3wrol1mTVZfKIUnk45+ldHo0y+HjIdKuTvLfIw+X9a5YXKmQx56DgjvW288FtaoJId743A+1XHEtHJUp3PddS8c6/4a0eByPtXnqN28knGMdc/qc14BqEPibxtcvfW1o8hyQfLQnBJJG4qO56VPe6pqmtWqXEly2yM7FU9dtdToXjq58KW0kNpAHV/mxjjPTP5Cu6pj1USUnocv1aUVeKPJo9U1jw87WNyjwuvBG3g44NWF8XXmqX1rb3MxMURGRzxmm69rN14iv5Lu4CjJZjgAYJJNaHgDwzF4o12aG4kWC3gj3kjAJbIArjjBN+6bx+G8kenz+HdH1XTb3VLa5aBYV2puIClgPTHfOBXkzQIlxHAT1bGa63xVpV1oyGxtbzdb5J2g7c/UA4OKqfDXTrLV/G1jF4hk26dE2+UtyvykEZHf/IrdJJqJzvZs9D8TWOqa5BFcabpMslpAqkOIm2tj0OMcVx82o6XZ6ctjdwhLncTkKS278fX0r9XPBcnhq28LltLSB4GZlBYDgAepryfxF8K/BfxC1dbvULXyRE2WeIhMnPc7W6V9HXyWCo+0hK77HzuHzdupy1FZHzXfQXEHgPSZp8r+5B2kYJBXI4rmNLtobGyfVyxR2YogHbjPSvZPj1Fptpq+m6BpDL9ntYkjKqf4i3r/ALuK4dAh09bS6g2pbn7xHJ7V8vRwzcvePpHU0PNtXt9Sv4BdfLtV8AEdRW14Itby0voxcL+7mlAznIA9xXRa9c6NpekRz2rh2uBnHp+FeewazdS2q/Z5Nkwl4K8Ej2rPGUjek+p7v4219PC9rbi2t2ZZsMXA6E549q80u/Ef/CVT2tpczMXZgAGPAz1qv4m8cyvaPZzQrJPJtyzcgAe1dl8FdD0LxMNTu7+EG4iKLEueUGMlgB+FZ4PDurJQg7GWLqKmnUep7ctrZ2WiW2wI9jb26jcv3gQOcj8K5bw9Y+H9C0u81kFZHn3MAwyQAcgY/Gvnr4nTeItE1RtJsr2ZLZXLMpJU99o9wa5XVvHGrf2WLcTMqBcgKeScY5r2c5rySVB9Dly2lC/terLXivWZItVM0aqhJzheQOa5u2bVPEepTKJmBnXnnggGslND1PX7IXtuTNMwxgdSRVrTrLXdBsjfGN4XyUJPBFeSlaJ3yd2dnrPgFbfQ1lWcSSjse+fSvO9M0e6huxOY2CxnaCfulh/9etmHxBqr24abc6Fsbj0zX09deF7dLHQNObYPJCPO3qSuW+vzVmtwSPljUrLUH1CeNVYygcIDlST6HvV3SfDHiXWN8dvFiGIgOWIHPtmvrJdD8I2WoLcajcxLBCSxRzgY54JFeHeOvGmh6b9o0/wXejd5xcjaSAD6HvXt0sHCEPaVWeZLGzk+WMTE8R/DS80G2g1CC9Wbdjch/dsvH1IP865CznlJ3uwcAjO49q+hvhn8PLn4oaQ2q+KL+TyImKja3zE5+YZ7AAdh3615r8VvCfhzwvrq2Xh7UDOqBQ6BtxWT5ieR2A28ds9etXVy/mh7enojOliHKfJMt3WjobWO5icZ69faoLK6giu1a5faV4GD05rzePVb+a/s7IyMybguAeorQ8UWrfa2jsw4YKDwe9fM4qlzHr0onsum6g+om5mt7gvFE3ltg856g1mXi6rp90lyJGNorhiM5x3IrgfB+piwsnhlkCvI/wA7k9B0Ga+idGGi3NupaVZm2gtzkNXmVYuLsy/Z9zEXWpdTRR5QAyOemfce9cL4i0U3l/b/AGaQs277g53buwrqdX1ixgufIt4ViEZO1V+vU/UV6T4b0Oy0LTf+Ek1TDXcoDxxkZ2g9P0rCcuVm8aKk9CzoHgjVdK0kNcxhZQpcgc8YzivmPWfGNzY+LRd24Jhik+VexPv75r7T1HxBeXnha5ngj2NKh2gZ4z2r4B8RappcWqSpc5V88jHc9x71vgaanfmNMTTUY6HoWpa/c+K723g1JAIweWHXHvWh4mi8PT2kFnZFY5I+ORjIrw4eKJraOSa1lIAGPWsy38TXl7KY0G6eTuT0rq+qpbGa2NXV/D8F9du8eQIxztNYknh+S7uFitJA5PAz1+hrrNMuLnTY2N6FLHJ3Z9e1YOla9DBrv2ybAhViSO1b84H/0sdgN2UXB9O1PKRjqMZ61iG8IAYtj2qU3+7hjk+tf0Aj8IZpGHPKHcM1HJEFLMBxUP2okqoGSRnrTDckH7vXqM0CI5JRCpfafoKwLzxLpVrL5czlJEGSG6D9a0rvWWgB8uHcv05rxTxPBNd6qt5J8u7qAOo6ivIx9WUFeJ6WDpQnK0z0yHxPo00bi4Kr/UGqMljoGoyJPaMu8jacH1rzmZLFrTy0X94ePrWRa2s0COA5XB42noK8WeMf2kj2nhox+FnrVv4F0m3mNwuHA5IzxXeW+l2qW/lFVKAcBRt5rwC38b3elXQgY7kU/c9frXq+keObG9tiGAQj8Sa68Pi8Py2aszixNGp0dxuvadDFIUhhALLyx6YrwPxFbtbahKhGYiMA9819A6hqC38flIwK5GDjFcN4o0e0aPzmlIYjgLzXg51QjU96mehl85QVpHgM9zPCpIznP5e9VovtkzmWLLMOuOTXRXGj3Ym8uKIyhumBnIrpvDulx6ZcifUYzGSCMDrXz+Gwk5M9epiIqJU0HxLqenDyrZSG/wBk4rsr3WdZvrX/AEmIqjDkDkmodQsdJeJ5rNjFM33QBWOmu6namO1kbfH/ALuOnvXswnKC5Zs44pOfMkZE1lNauXEbjcODjuaksbWdXJk3djzx1rq/+ElQy7riASYwfw+ldzYeKPDt1H+/txu29CnT8a5KGGpTk7ysdEpSSukcdcazaDTxEE2yDjoBXj2swyXEpmTIDHOK+lfM8GahujYQxyZA25waH8J+Gr35Is5bgbSDzWtXJFVfuzRjTzJ0/iifKkCuJQpJTBxjPWuz06wvrmVIbYcvjvxXuC/CbRDmV33yA5yBn6U5/hw8R82zmCMnTGQa5KnC9eOsdTqp57TZ5EdKvbK9a3ulUgjjnpUVyWtgIwMEH8a9V1DwJqd1jafNkxknPNc9P4F1u5DeZbv8pxlhg/hnrXBPJMV1iehSzmhL7RxsTtNwe3SugsNB1i9ha5s7aQx9dwVsHjsQMfnUaeHNR005eNzt9Rg4+hr6K+EfxGs/D1wLHVrJJLd8/vCoOwHjGPT1rz6mArQbTidlLHU2/iR8va8uraXbNJ5EnycZ2ng9fy469KyfD3i2cTC2v7oxRscEEkBc/Sv1Z1BPA3iW2I3wFSBgcA4Pp3Ue4r5A+MvwP8L2tlceJtCnSzuVJcrncshPTjIwR3POevJzXLg8Ryy/eQPRrxU46M8r1XwUPFFv9ottRCmQDbg7l47HGa8u8QfCvxTpn+lWcZvEHZASc+uBmuNtL/XNClk+wXskWGLFUdhz9BxXf6X8YfEVlAI9RVLz1LDn8+pNfc4WWFnH3o2fkfJOlXi/iueKXU13C7R3ULI4OCCCMH8aZFexRFWc+9ey+IPH2h+J4gl/pmJscvxwfY9a8os9Gs7vUIhK5MOeVJ61hUoRUkoO6OiFaVm5LY7Pwpc288vyxs+7uOuK+pvA1rpz2zGa8a0ZiNqspIH8q6TwT4X0HTNJtktIUZSgO7aOfxxXZyaRpO/z5rdXJ9Rn/CvpcNw+7c3NZnzuLziN/hLsOgai0AbTb2K5Huev86u/2PrlsFa5tGPf5QWH6Vlx2iwZktXeIk/wngD1GK0YtX8UWfMWomZR2k5+g55rGeDxlN3i7kxxWGmtdClPOEcpcxmPf03LjH4GopbS3dhKYVY4xnaATWT4pbxb4jtQs/lxshyrISrVyptfHtnbgwztL5f3Ryxx9CK78LOo1etE4K9ODfuSOom0XTXbLR7GPcYP86qHwtHkPaz7m7BhwPxrm08Z61YZGq2QZvXaV/LNbVn8QPD1yY0lZrVj94EE4P4USdCT1jY5l7WOzLFto2pWcqur5Gf4Tmultbm7txiT5lz0NPsprO/j+0WVyjoewPP5Vc8pxyRuz6np+Faxy+O8JWE8VP7SuZY8UR+aYpbYLsOMj0/GtEatpE7blufK4/i45qH7LbTHMluD+PNZd74atZ12xExE85FX7LEw+GVwc6Mt0dJGFdMpKr7u4weKiuIY5jieHco/I159P4S1UFjZXhyv4fyqKBfFemLvcl1T1+bNYvG1VpVpm9KhB/DM6+Xw3p9425N0Rxx04PtT00NoFG2XcR68Z/KuPh+IlzZSbNVsyFBwCg6fXNdnYeMdA1UAJcCGQ8bX+Ums19VqPawmqsSbztRs0BT5ivTvxWVdePJ9PYJcWTEd9g/xrso1jky0M0cuOMBwTT2tbGX5biDzexyAf503hNf3cwjW/njc5SH4geHbsASF7d2/vJj/ANBzWtDfaZfDdDJFOrcdv/11NceEPDFzl3slB/2eCKyj4K0+Bs2TvCRyADkUpUa68w56HoXn0C2df3JMKj+EDg1ntouoQt/o0u4DkKpNRTr4g01QVczIv94E5FVIvHljBKF1KFkPQmPoPwrnk6S0qQszoXOtacrlxbjW7J83UJ8tvYmrUetW0x2yw7T3OM0sPjHwtePsiv1Qk9JcLitF7fS74gQTROW6GNgc/lUexjvSqfeXTrT/AOXlMgVLK4HyTAMexOP0qtLoS+b50E2AwyRT7jw0kzb4pWCnjDc4/Ko4dNv7AmBJmcYyCM8fnWVSMnpOCfoaKav7srD/ALLfW4w43L6r6VVu9VMZEZQFDxhq1EubmGI/aGyV5GeDWfNNpuqRFLhfKcdWXrXPUw8OX3W0+xpTk3vqjDlbS4Ee5ltTHkceUOuPaqFpNbTOGgm2O3RZeMU690W/tQJ9JuftiNwEbluapLazvKE1G3a3cdyOK8avCot0evhpxW7+82LiO3l3W9zCylh94DKn8a5m2hht5yyMAyHjscV00EZtz+5mLj0boKxdZhjuFeWVNr84KnFctWnodkKmtjVXV5kA3RCVOckj096zbqPw5q4Ed4zI5J4OB19K88jvdWtiVhuHVcnhuc5+tdCseo3dobyOJbhlzwh+bj2NRGs9rXKq0Y9GUJ/CV5aXCXuj6gGUNlFDE4Pv2Ofxrbu18WxKsn9jRXygZJUHzMew3ZyfYGs3w5qmmNqbW+rRS2rDlc5ADf7QxkfjXv8Ao2ja3qiqdKt45oZBwwkX8+v9a1UactHoFKhUfvHzLLrOoWRxNDdaU787ZN4XPoMgVNb+Ir1z8tyku055659+Qa978WaHLpI+x+ILYxrOv3sgj6/KTmvAtd8E2lxKLnQ5/JPTaCQfqBU4rCcusXcmnXV+WRq6hc3NxAsiouXPIHA/KuDv4izGMxYY9cgnn8OlYl8fE+jzNFFeOzoeUuAwyKbH441IhYdW0wsF/wCWsQ4H1rg5F1NNFsUIPCkd9JLHJNPaS5+Uryp+tdVoPh74leG3kuNJhW8tHXDZOOPXGRWtpPijw/cghJBBMT/GcA/Tmu4mvNWuNP8A+JVcbJSPlHBGfSj2C6Fe17nldp8Q5rfUZbPxBpTRq+VcBSzfiGxW7JN4VuImlSO3jWT+9CEPPqcf1rsPD1prupXP2bW7VEZgR5rgYOfWs6/0nSru5uNJltwxjYrujwCcehGKylTH7Q85vPBKp/xMNC1TylbJVRyM+m5ea0LJfiDo9v8AbJ7cXdrgEOQzDn0PBP5VPcfD+6jmY6VfyxMOiytgH6lRV+bX/H+lxR6Tdp9shQADam5io7AqBn8q5mj0sKZcvjHQNRtXtfEmjgT5OHZcqAe4ONwP0/OuMbwX4N1qRrrS7owyD+B3G0fTcN3612t14g0vUEEGqWwhdPlZJ4x19sjIP4Cs6TwlpGpWjXWjzeTMoJCh8jPpjk0i6x5XqEWuaPJtspwyZxsOcY+hq9Y+ItIlj+z+KfDVvMTw0qxKHP44z/48KnWz1xLz7AjCaZTgJJ6+mTVjWdXS0xDrWmtaTqOBxtOO/OP60GJwnjG68LxKLrwpJdRHktDcbduevyEEnA6fMfxrif8AhKpJrQxXMZ+fjdivbZLbwh4kgjMsUcM6cnyVETEEcg4FeY+K/CUmnlY7OJ7i1bnzEG4rz0YD+dKcUjOTOKhIkbKyLIvoRyBV1ZJkbMLFMeh4NVrbRZrZztLAdw42kChraSCQs0jAHseR+dZSiEWtjY/tKXZ5cwD+9Z7zxO23gH9amlWWO38xYi2eM44qp5lmAHuVGemTxzWTgUbmmahJahoR8yuMHNcv4qhLoGboORmpvOtnfZaXW2Qno3StDUFkvNP8qZU8xRjKng1dGnaSZUNzx5VwWxzSqByTxVi4iNvMY2G2mFcAn0r0GjsuQqF9OlKT6U4c9R70wgtx0pWKTEznk8mo5FOwj7wNTAFfvd6bknIqAKemhvtoQHaG4zT5kWLUZYIzwCc1XhZYr1WJK5NP1Tb/AGh50Z+8uCap7G0DQjYHjqKdLHlsCspJcHrg1pRklNzNzXPI66TE/doCCMNVc7Qu0dRUkm1wW3U1XBXBGRREcy1aiNcsRk1pQDf83UVmIAwA6CtFdyqAOtRNmsFqacRG3AHIrRgkPzZ6YrAiZw2c9620bsOhHNc8z0aI9l3ENWtbvsGKzHwQpHartu4bk8VmztpGt8+3c3Q1nXC55A4rUBJXHXiqM8Mh4XgYqbnVPYy1mGdp5OaeQGPTNQyRPG+3tUqSIgA3VZzMzL2Po23p3rFbaCMEhjXUSyjO09DXPy27yyllbaKqG5w1SoS2DzTNwAO85p7q6Z3Gq8jjYe1dRzMpX18IEHl9TVFNTYOFPfqKvyWJmQS8YNSLpdukqluvpU3MdblqMiRA4OKRgFXcepqjcX0Qm8iIbUTg0Nchw0Y6Yo5SQN1EvTOSeatRTxPjJ68YrnzEHcBmq5mERADqKfKBtEKAcc/SkG7njAI71jw3Xl5HarIvGcg9BTA0cHHNVwdx47U2S7QqAfxxTUnEi/JwtAEmPnyaG5bIqIE5wRUhXHPSgCOTcp64xUQmZQQO9NkjJbdnNOMeAD1zQA0cg8/nQy4G5u1OwQRjjNRTOyIVbBoBgj/K204zVbcqOJG5HpTFlG4KOc0twgMeV+9/Kgi5R1C5E0pdazicnBqWTGee1RDGcmtUYSE3elOB700r6U4DtVakli2kWKTL0txIrvuWoDyaeoyeaxNUh2SB60tBGDRViFAJpOaFbsKd7kUAhyjqa1YAfJHrWcFJHFbUCsIgGFKRqhy889Kd1HXmm7c8inJtDEN3qCwKk8k9KlzjkdaUjCknmoVkx9aALYkG3ng1HvGeTVZ3UNuBJpAhkIOOaBWLIZiT1Ga0Yt2BlckVSVdmMcn2rShjYAF87qAY65crDnuKzAx71oXJwu081mJ8x2kcmriQ0h4+bqPpVhQpAB4qNVJ7cCrES5bpwKYrE0C/N0z6V2enWYSAPjLPxXP2EDvOFC9eler6PphnZERc1yYyvyRPUyvBOtUS6DtD0P7RICFyTXu/hr4fXN80SxQFsckhScj8K6T4Z/DubVZo5GiJiBBO309jjr7Yr9AfB3g6zsokKwLGyr2HzH6tXyGJxyUtT9EpU401yxR4j4J+BiiKKWSNmVsM2eA3+zwTX0h4d+Eeh6f+9FsgZgBjGPz7/rXd6cIrXESrjHpXUwSsfmCnArgeLbNnhZS3HeFfhtod/qiXF7bRrFCpyNoy2RjHtVH4x/s2eF/E9rbXVnZrHKqEZAADgAkBsda6u1vrhQstsrZOMhf/AK1drP4l1U2McNxCZAgAJIPOOOM1UcTLqcNbBVI1FKEj8iPHX7Oer2KyGxRpE/uEcqD/AHcD9M18keKPAWoaWxS4tyvLAMOhwcGv3j17y70MJIdua+X/AIlfDGx16zmW1tEkdumTgK3rwOnrXTDFxPTpVZvSotD8X9V0aR0aEqOBn3ry+5tJYJCj/Q19ofEHwJf+HdRngkiIRTlWxjPY/wCfxr5j8Vac8U3nR5w/XI9K+hy3GJvlZ8vxJlit7SJ52QAcelRsgHNW5AwbOM+tRFc8EV7p8EyqRninxO4ODxinEYzmo1+9jtQJhtXzMuOD1qR3TgJwB0qSRd0e0D6VTADdfoBWTN6L1K0iHPqamtB5jNA3Aanbe2OKpuxVtycVMToZBdRGOZlzwvSqyswGDyO1TyMXO4nBFIkRKbwCcVZg0Q7mHKc0795KTvbJFADZxt5qRoyG+XnNBUUxI2McmQvTt608ygP56jbinLujBJGcUJD5r4XPPWk2aJM1/OMkCle/es11dj6mtJYfLQD09qZllOcdahs05WMgidgccGqd/bSoQzd+9a0d0sfGBVXUr/zIwkeCBTTLklymATsbDVCcFs4wfWnsSck96gPy9c/hVnCLk4YA9ah3MKvCzujbi6EZEJJAY+3FVGWglsgbn5h1qPkjPSrHGabtBb2oIGA4HIp2c49qlQDdhulRnjJ7UAhSWdeePSoeQMjrVnY6xh379KgKnv1qk0IUkMBzzWzZgbOeKxmXAyK29PQSxooPzHp6USYFlS2TxTenXirJUj5OtQBc8EYqQE2A8ZppQgEmpAvzcdqHJHbii4JlfdjinZ9DQ2c8ClJ6EjrQMbzTwxBwx+lJlfTmlPOMDFBZcWcZ+cdqAQ+VPbmqhbt3pQzrnHfrS5S7kzoB90596rMcsBVxcFQBUUsTL+87UwkQHORjk0H7xBNNyw47VMnk7CZDgjpQQNAHXHAoC7gApxTeAdvY0kYGT82AOlAIm+zkAnOcGmsg5w2PSno3GR070mwM3NBVhsaSHr19q6fTJDDjt0rBQEDdjABrViYZA6jHNY1NUdVF2PTrG+EkWN/NPN1t4jOTnmuKtp3jQbCcDtWzYzOzhiDntXHKB69Ktd2OlhDScg5FacaKDtLcGotNsru6RvLGPrW/BpMZXMjkuO2K5WenSjcriKNh+7Xk04WHzBnbj0rTNqkWAnWmb2DbQKV0dHIZ0ttFI21hjb2ppsIk4BJrVaBCd+2ojEucn5cc80rj9mU40CNiiRQ+feppWXd8v8VU3DgjB6VQMzLtPLIx170wgMMHv0q3OhZwR3qHYMn1FWjhq7mcUdDweMYNYGoFYbuCVxv2NuP0BrrlIXhh9a4rxJOBcOu3AVR0rop7nn4t+4cRq17/AGhqk14pPl9F/CnQygHEnOelY8RbLbeQWq+xZTk9RXqLY+UqayZpXK+cA8SYYcGqRgkbgDJH5VMj/KBnr1p8cnJGetMgh8hgDvOPenbI8grwDU5wFYsMn0ohgeTl+3agBQB5iIK+yv2R/BsGr+J9U8S3sZ8jSIvKBxw0k6sMZ9QvOPSvj7ygvPftX69fskeD30n4XDUNTjBjvZJJI1IGGO4jJ7nAAFeRm2I5KTZ9hwdl/tsUn0Wp7zpluTpGn29pGRHEwIX/AGs816zolnceUWlGVY/d+o5rltOtfKEUATbsZjj2r1PQ5BHZtuT5Oefavzqtrc/esUuWmkfA37XM0FjfeHXeEIZVnXGPTvXwv4j8JR3Fs2r2rKrgA7SeCfWvs79r69j1fxjpmnxOuLVGbGcgbx1r49YtLeLp7yKUZtvXjHrX0WV3jBSP5141l/th4hYiOZru0uVJkXkHtmuSvpUaYjaSASB+FfU9/wCGtDjha6ht0DxjG9enHXpwc14J4i8LmxkMltKJIXYlDnlQeea+lw+JUnZnyftFLQ4BoVaTK5OfSoTayzTCIZNXVuQk2xF+Yce9dVaaJqpQ3scOQv3cdTXaO5gSeFLqK2+1yH5fT2pdPjjtwwuSfLXoPrWtJdX11G0UpOBxz0Fc9eyyWcfP334yBRuN3Na6urYujwHHcYr0nQrW18RWw+0zLEyjBHtXgfmSk7idx7cVr2mpX0af6I7Ky9cc5onSViGj1LxN4Ym0KFJLCZprfBJz1DZ5rr/DNjoP/CIS6jq20zliq7uTnaMAD65ryifxfrFzAsU64QgZHIBx7VUm1S7vLTZnCIfuiopxKM2+VFu5RDwhORUtnLdWkTGFWjV+CRkZqqs8ZYButdlpEZu7y1j2CRA65Q/xn0/GtZTsRyXObe5mmOZiXI9TmrVlPJDIHicx5OCV4OPrX2J41+CehW/heHXdK2xXCxFypyRllz77ce3v7Cvkg6Nd6fKDM27LYA+prKNe6uTKikfQdjf/ABC0jQYGhuplgb5SqFmC99pI749K+qfBfi2FfDSJsluLpkJkYnJweRnPfnHPpWP8FdJPiTwhp+izJ+98oGZ25Jzjc3rnnt6V9Dp4J0XwvpN/JEiExwSMWA5BAJ+ueO9cVXiOpTbjD0PHeAhKfvdz5d8beE4Ne1LTdchidgzfv/T5cYNN1KbwvaaTLBesAB1Yj5h6Y616X4OvU1u4db0hbCJGIAOAzZHGa0/Fvw40DxVBA9oq2xQ8soyCoHQjvWeH4gnSl7yudtSjFq1z4U8Sx6TNqTjTyzQsFbOcjgDnHHBrS8H/AA21PxHavqVpG22FyEBwF+UA98d69w1f4f6L4ce6/wBIWSQkRqrgD34Nb3hnx5onhKyt9ISBZFR2Zyv3iWJJIBxyBXXj8VOrDngtxRi4e6j56m+G+q6rqN9ptxZsk9sm55DwABwBu6E11HgifRvh2s4mkMUjoPMOfm7dB+FfQlx8QrDWbySNLYQ26Rg7mwGYnnkCvgfxVesPEV1GjNMksrhSSSMbjjFZ5HjJU6lmFbDOpG0jtviL4x0jxXcy3NpudUCqG27SQB3/ADrxSZXeEq7YTjrwc9MVoXmE6DOev04HWvQofDWn3fgv7YWMt7PlioxhAucY79q9qvVnWqNy3NIxjCKija+G6aYYlVm2oF+UgcbuOtT+OPEdqNOj8PWZWWQSksQMnuNtcjp8iaPoSyKSsikjb69jVfwjNYjxFa39+d0UUnmEE+p6/hXPaStGRb/mMTS7lk1AQXkI2QNko4ODj1B9a7TUvF82s+Xbq7wlSR8jEcDp9KufEbxVoF1K1jp0aTsSCZkI4I6DIrjdE0f+0NOOpR3AjyxA3DHT1NFWmlU5Yu5k6nu9is9zPNeG2mYlXb5nL5yPemX3hvS7nUYobefCt94k5wa2dI8Jf2zaykzusjFgrKOCa4fVvDmuaHqEPntujPIZW549apPmdjFHo1rNr2i50yyuT9gyB8vQM2PyrhPFuh3+j6gkt4znzvnHXv3HrXunw207UptNJt7FryeV96ptJLBcc1yHjjWdU1DxKsGq2ptbS0IQRsMMG7/QV7MqD9jz2djkp1/33ImvM7fwH8JbVbO08UazLlxF5ipgAKMfxHnOOvb0rxDXdYgutWL2/MbEgEdvavf/ABp4yjtvCUGnabJj7TAqnb95VAHHPrnmvkG1mYXu+Zs5YkivmKfNK7Z9A+W1om1Mgu78xW+BuPAHZvSvTYJbnwdZlJZBLIVzx2z0FYvw90SDW/EQ1ApmCzXe5Pr2/Wp/Hep2hVkhbLlyAD6Dv+VDopvUnkOw+GtlceKtaM+sNm2jdS8nfk/4V95t4f0LxJp8DQsvl2/A2nJwowM1+f8A8MPEi2cLwTERQE7iQPmx0Oa+xPC/xF8N6R4Xu5tykrufpjPFePj8PKUlynpYPlS1PLfih8SLbwtIfD2nx+cVBVmHC8cY+uK+HdRmPiLVwxTyt0p6Ht2Fet+KfEGm+IrljBJ57mR5GyM7VJ+X8cV4TqyXFpcYjby9rMVx6D+tephKPJHXc5cRJOR6drPhPw1Y6ew/tSJJdgIRnUMSQe2Qetea2E1nbEBpc4PDCuWvbi6nk8ycl93PJpiCUx7wM4rq5DKx313qwurmOGJsjoDk4qYeENXuY/Mjh/dE5JBHNcVbvPDicrwD0xXcW3jHXJVjtrd8IOAigZrF0hNH/9Pzsx59aORnjOa1F8o/40NGnGK/oBI/D7GZvfrnBA4qg7yo5YsQx6VrXCIGwFxVSSKMkF849jVNAVknMhPzfMp5qwfIk4kjVwB6U6O3iUtt5z71KYQMbO3Ws5Ukwu+hiN4b0e4G/wAoRbuTt65PWmf8IbpEj8ZjJ98k/hxXRpDjnpUyK2TjrXK8HDsU8TNdTz+9+G2nyyefaz/vf4ientWDc+Er7Ty8cTFiP7tewBAi88knmpGcOvzruJ4/DtXNXyijPpY2pZhOO582Xp1zToNgL7CenIIrJ/ty9aJvPlbK9QTX09e6bp9/D5cyhv8AGvP9V+HFleb3tW2MeoxxivmcVw3XUr05aHvYfOKbVpnk2leK40nWORd5HbtXeWur6VeTxGUDD8HI6Vl33w6m04GeEeYF5Bx+lczdWN9a7fMjMfPBxXJGlWouzVzRzpVPgZ7sfD+j3YVoAdzDIwflFUbrwDZ3EZaD92y8jJySfrwK8ftPFPiHSJChfzYzxtcZAHr2r0HTfiZFPtiu1CbBjcD8rfQda9VZnhZe5WVjjlha8X7kjP1H4eajFI0sRZgF6AdaqQaZc2ZbfBnjBDLyK9h0TXdO1ZA8M25vTOcVuSJC8eRCrlv4sZroeTYarrTZl/aFem7SR8qaxHKrHajLjnGOOKy7fXdcs8GGcqo9eMCvrNtG0e+V2uIFVn4yB1FcxefDvw/dPgKBjt7GvMr8LVY605nfQz2EtKiOD8J+M9Ym8tJGBQnBzxzXotx4yjtZo4bqLg9SDWaPh1Y23y2UxXA6Vlan4N1by96gSY5684rn+q5jR+F3N3icFU02Ooh8YaEZvLM5Qkd62bfxHpvlkCUFX9TXhF/4e1SGXypUyG53Lms+UXKSFFJQoMVl/buLp/HE6IZJh6nwyPpFdS0m4+80YYdvapUstIugzuFk9MDAr5khe4RmZJmBPvXV6JdTSSrHc3xjQ9ct/SuhcURt78ETU4c5fhmz3yOGFGEVtIUA4A3cfUdqwNd8OT6vC2b8wkgDnnI7DjmsS48Pahc2udL1vGQW68Y7dDXhOofFXxj4d1WTTLwC5MONzHB3Y7dKVPN8FW+OmZf2bi6e0zpdY+CupQu1zayLKGb7gbnnuD3rzfU/hh4m0+YL9kkkRug2/ez2AHJ/KvU7D4+W+1Ib61k2EnLAgkZ9R/8AXNdlp/xf8GuAZrhoi3XzB6+vb9RXoewwE9nY4va46G6ufJWoeHtWs/mubKSEZ6spz+IqGGBoVWYxFCoyOMH/ABr7kh1/wpraCSC6iuNzfK2B97vgHmobjwX4X1UeZLapICcgjg5/Cj+xoS/hSH/bFT/l5A8D8JfEzWtHtvs0gMsMYG3I59+o717bo3xZ0C82x3gaN3HA4OPXrjpVl/h74daHyhbhQeuM8Vz198HrSctLp8pgAHGTkD9DXZToYmns7nHVxWHq7qx6zaeI9FvgPslyjhuBggZ9vrW3GI5PutXzFc/DLxJaKq2c+5UO7G4qfwxmtmwtPiLpSZtDMq8AjOc/gev4Vs8fWXxwMfqlP7Mz6O+6MfepN3pXn/hLUdeuBLDrKmJ1zjcME/Uf56V6BbIS3zc16dGpzxu0ebiY8rsmEkVvMmLiFZFb+8oNc1feB/DV/L50lsIm/wBkY5/D+ors/s5NIYGHSnKlCW6MI1pLqeeT+AreJc6beSRH3xx+QFOt9I8W6aMQXH2uLH8ZJI+gNd/5T/WnsXwE7Vn9Wj0NFiZdTkodSvo5Fiv7Ur2JAzWtDfWMuE3MCTgZXFXSHY4HAqFreJj80Yb0IGKfspr4WJVV9pDmnsVITzVEh6KSAceuKfIpAGY81j6p4cs74I+5kfGMg/oRVWPStQsY/Ls58f7LHIrO9W9mi/aQezN57Oxu/wDX26Meh3KD/MVk3HhHw/ccx26wSHuqgfyFa1s1zkC5jHTGR61NJPDEMu+1enIpujB7ofPNbM5N/AtvG+63unibtkZH6Yp8Oj+KNOGbK7W4UdRITj8jmuoS4hlwYp1cnoARmra+ZHjIOD155rD6rSezsae1qLc5yLxDqVvKsGp2rLngFeRW/HeW0mWEmw45qYyL8yYDZPBIqpLb202FkjHHccVoqM18LuZOsn8SNWORZB8hDg9v84rD1LQtI1EkXVqAT3AwR+Iqlc+H7ksX027MJPqeB+I5rnbmXx1pknykXqD23Z/Hg1jWrNaVIHRRgn8MrFmf4Z6DIvmQM8TnoQc/zFYN58P9QtR/okwm9OcGtmHxxJB8mqWpgPcjgVtW3ifRrplKz7T6HiuBfVp6PQ7OXEw1TujhYo/FmjFUSaRF9CcqfzretvH1xars1S1DsOrRf4E13nnW0qbgyS7ugHI/SsK+0PTb9si38l+5Xv8AhUvLJL3qMxyx6elWJTh8d+ENTbY8whlbgLIOfy5FaSWOkX6hreUOjdfLYHP5VwF/8KGkZp9OvDHnnbIPm59xgVmR/DrxLp0ge3uwcf3WYZ/AZrnmsRH4oKRpCrRltKx6HcaJd2o32bYHoeP8/pVcXN3bnybtAfXcvT8axINU8TaQBDfo0iJ/z0GR+B//AF1vReJbG8UJdwmLPqcgfSuaUYN6rlZ3Qk7aPmQzzdMkXbLAQexHFRvoun3MIjiuCxfs3OK0pdNsLsLNZS/P1wOlcfrGk+IoZgLVBPGepQ81MqckvhUkUqq6Nofc+DZlUyWrpIB/DiuTu4df05CFsXQE9VHBrf8A7S12xiLGOTCcHcrEA/Wr1t4pkYeXcR7zjoPX6GuWdChLdOJp7apHZ3MC20463GTOdsm3kd61NMvfE3g+Uy2DPNAv8EZO4V1rNp9ztlkiMb4HKAAn8qc0VirFobrYT135FZ1sBH7MtTto45295MzbnXm8WFLq/uJvNUdJucfjXP6hpN1EjS2/7zHI2DOal1TS9YWRprMLNH1Jj5/SsNb/AFC0O67uCg6BW+XH4VyzTWlRfMG09YnAeI7O+lb/AEpXUr2IOcfTr+dcbYobe5MczZg/u/xfnX0EPFOncRX1tHcIxwWjAOPqTVW6sPAGvSGMj7JcHplhG34Z4NSsHTlrGSE6380TirfwjomsqptSglAB+Y7WqnqfhLxbo7K2hSTrHjO2Q7kJ9uw/KtxvAOvaVcNceH79ZkU5Cv8AKcencVbHirxn4dP/ABOdNMtqOroGZR/wIZH510SwllaUdO6Idf8AlZreFb7XRYz2viQRwygEiTcOfYjmuDXxdo9tqbSWuPORirZ43Y78GvQLrxB4Y1iNX1G3a3ZukiYU/Q9jUM/gLwRqyrcRXahzySzrg57sAARXJVwalpFnRRxLj8SM+1v18Q3WbYiOVuQD09+uTU2qSXVncQ5dUeE4Dg8/jnFbs3wB8Z+F9PXxbpNyLmFf3ipExb5G9jzXKz6/Nblhr1gvAwSRzn6HnNeFNan0dHRXMHWbPTNenE93CpmUBWbA+b0J9/esHW/CNtZWEmqaJcyw3EILbEclSOpBHU+1RaxZQ6u0cmmu9swBLBWIHbGADxWnptt4z0FlntEg1iBhgxzgN+GNyn9SPas+UJJtnj0Wpah9tWedDP5TA55BJHrj+dd9c+LdC1u0NjrKmI/c2TD5Tn/aByPqcVcN9pEck6axpLaYxJOETC5Pp0z9eazX03wneh3S4Sdz/C+FcfQcH8anlZlVKUvw+03ULdbvw/dGGROqMQ4x7HqKgt9G8U6KGljiNyiHqwL5/LB/KpH8MXEDGfSZpI1PQbsD9K29L1vxnojDz9twqfwsoYY+q4P5mt1Tj9owbT2Mi58VWc8b2Wr2AGRyCm4A/RuRXKLoPhzWI5mE6QFOQi4B/BTXoGoeNbC6d5NSsUh8wbWAQFSfxrnrnQ/DmqKl3p0v2fecEKeh+h6flWc4r7IKJysPhvUYgg0xBdwr1TA6fSsy9s9GuJjFrFgbYrx8qYx+B/pXbW/h/wAUaTIZ9Cu/OK/wuwyR9PumsXVfEmvQSmHxLp+4N1ym3P58H8K5y7nAXvw60/VYmfQbuIkZIWV9jn26V5xe6VrXh+cR3EMkcSnG4DKE+zDI/WvqDwynw78QLLYarINNuTgxsrrAzZOMDIKk/hXlvxD8M33hx2S31CW7sDIdqzA5CkZAyOCR9Bnk47VvBKxrex41rsfnvHPtC4GD7mufXG7npxXe6hpEkugHUoiWVThuMkf/AFua8++ZW2VvE2pTuTPtOdg4qq0m3tkirDYxk9ajwpJZugqZmkRFcOACMUYI6Dp3pCB9Kc7YAwOlTI2ZjXatvVsd/wBKLxlCowOc8VLfFAFIzWe5JjAGeKLDiyZlJAKnOKsQzSCMow4psADwgkYpVRlOT0rNm8NCYOAMdqjaXaOuKn8vAyeQaqzIGbC9qhs2exq2fzrvfoOlaRkwpPrWVAwijVXFWYSZZWZvu9hUPY2pHQ2iJtDHkmrq5B4HFZkTkYC/lVsTMz7sYxXNI9SjsWpQpA55oh3EYzjFRhmfAbgUP8oJXk1LNlNmkLplI3Nke1X0n8wf1rnIvmXIGGNaUchVlQHHvSN4yZclhjfBPUd6xJozG+eorol2SL8zc1nzRiTIz0qYkzVzBYkcN17VSkmKn5B9a1Lq1bAOSaxGIAKk8A1rHc4qishkzKyAMetZV46xdavs6gcciszUUaVNycn0roTOOrIdY36BirdKW+u2S4WSJuccVzw3JyCQe4pnmMWBJ/GqSOa50On2NlcRzzXZKsASMetZHm+SxTsOlbNtcW32UrzuPWuclkWSUrjApAyyr7iWXg+9JG3z/Pz71AYHC7hzSScAAH8KBG15CucZxkVXurZ7ZPMR8is1Z5U75pjzPKApY4BoKbLlvJuPzN1qcTPFNt7GsxSyHIoaSRvrQSdjG25UIPGKC2SSOQazrCcvHsbnHpWuAu0buDUSKTIDhccdaR1AGc4Ip5UMDzUXDfKORjrREZETuG5uMVny9cDkGtBwFXA5JqieDnrWjJepHHAC2R1q/FaGbIJAFVU4b0qcXQRSFOD3qNbgjIv7MWz5znNZxXJxyPwrRuZjMxDNkiqZ681sjNpEQUHoelJjJz/WpsAdKFAz0p3JsCqoHpUgwR8vWmFAWpyjGc8VNy+UOW5p6Q5zk1Iqg4NTFMDPGKOYTiQrEgIFSGMHJoDLn5ugpd+7AUcGk5DUbDQAGAHetdGIA3ZqlBGgJd/wq5vRkx3qTREqfKcgZBpjBc/N1qIOQcdMVGSxbnvQNkzuc4z0pEUk8inxxFmHH4VbCBOOo7UDIFiUNkDPse1dAUsjp4wP32arrFCYCxPz4qsqsuTkAVmMYpKMCela0bbl3dTWcoB6DDVoIoROfzrQiZQu2LPtqvCvXI6U+V2EmSKcm4gDHU1oSPGcYFXIgFIB5zUUUXzYNadrbsWyB0oHY6nQbL7RchwOAB+tfUvwh8A3HiLUt7x7oIsMwOcE9gSD0zycZ6DPWvDvBukmeZEj4aQgc9Mniv0y+EGk22laTDEq4Zl6kYypJKjHoD0PevlM5xerS6H6Bw7gXGHM+p7J4J8K2mlxRwwxBdoALY59v/rV7VaQwW8YXb+NcTp1wIox9a6tLxCi5r5GdTmep9tQy26vY3LK0RpBIecV2VhaeY6pt+U1y2kuHHPSuysrpIWyD0qPM6q2GaWh3+madp9tsLKN1dZOlmtttZQRXB2txDOUcvgmuskurYxBCR05rtpVLI+Ox9CfOr3PM/EFrBJuaJcc15dqEKxMRgD1r1fXXiVmKHvxXmmrRPcREKMHPNcFeraR9NhMJzQ1Pl74teC7LxHYSrHGBcRKzR4HBIHy59R1H4mvy78f+GJbEzW38cYySR2/xNftbd6R58RZzz7Hjp29a+Bf2g/h+lu51O2j2qS2/rgH0/Hr+Br0cvxjU0YY7AKdN02fmDdQBHITpn+VZzJt613/AIksVtpigTHP864h4yPlr9GoVOaHMfj2Pwvs5uJQZMgD3quVCua0CmD9KpSqdpPcGrOJbDl5jK96iVAcKuMg1NHjaM9SKTy8OKjmHS0Y2a2mjb5lIB6VluhXOe9dtcXAnSJGTG1cVjSWsb8jvS5z0IxujmygIq5aP5ZMY5BrZj0ZJVZ1bGB0rMa3MbkDtRzMqNArSRI+WTigxgpkdRVryjjC8ClELE7AeTRzM1VAzwpdguOlaUKLEM4wakSBYRvcfNUO1nLAnHepuUsO0Nmnzzk4FUnmyTtNOkRg20DimGMincylBlZpWqsSWzx1rQMCsPSnCBSc9MVXMZewkZnlE8EYpywt0bkGtJY1AwRmneXg9qOcPq40XkqWRsj9zPArIa3YnJNazLjhqjBU9R9KfMKVBGOYG/iHFJ5WMMBwDW1tJ4I4pDGoBAo5jGWGMd1DAEcZpvklwFUZrSeBWXApUgUYKnPaq50YvDSKbqzR7X4IquYjxtNajQEEMTwOtRuAq5HOfSi6MnTa3MpoyFPt3rZsQRGCV6dDVIpKw4X8q07RfKjwwIz605vQn2ZOGYHOKQMGJ7VJuUAnOaYG384rG5XKNKHBKnpUG47eTn61PPsH3CeR0IqIRHvxWlx8ogTcMg9ajI5qyAVIxj0prAA5xk96dyuUh56d6Xk8elOZizA4xTgwVTkZJoFYaSOppSfXmkABznioGc8MOaAJ1kKNkdPerU16hi2nrWSWZ+BUqQnGDzQGo4PuHtQQPSpFAUbcdaABnk0BYiUMW55+tOAyKeRkk9TTWDLgetAhpDKcZqVdwBGetMIK9eKMgMVPU0WGXlJxsPbk1ciYKpz1NZsRO75jmri/KNxPJ4rGSNae50FlGsuxk5z616TpFlbeahkOMV5Xp1wttIrMNwPH0r0jTr4BgjZw1c9TY9jCtXR6layRQLsjYFGqXClt5YKfeuajvPK2gCrYuhNgvnIrzXE96k0aksoMgC4OO9JJcc4aJfqKi86LBbGMCqYvWGQoBHvUNWNuYcbjBIxgVCZd4wyHmmPIrn0Ganjy5GAWx0rZITYzywvJ5U1GwwStX2DdGHJ5qIxh2GaZLRnPGcAY+9+lZzRMj4BBHc1u3UMsIEmQVPSsRn+YjHPcetVE5a5UfaASe1eaa/cb5p5kO9WOAPYV9IfDTwxpnjDxfY6FqzmG1umYM6kAqQpI5PbivG/jN4Jk+HnjG98LC4+0QxSboZQ27zI3+YZI7jOD7iurDu87Hk5hpT0PKrYK7bwuzHOKndcPnOc0kCHblTkjih85Ixz2r1D5dyJFQmMhuD60nK/KRyaaQzJg9vSpck8nnjrQQTwFQAvvWkgx84HFZ0QyC2MZrWi3MgUjKrSqM2pGzoGktrGu6fp2MC4nQEk9t3PWv3Y+G/h5fD3g7RPDm7Kwbgze2f64r8lP2ctJjn+JunarcgyWenEySnggF1ZVyD2zmv2h0GFbHSIcD7RPJ93YC2EPI5+lfH8QYjTkP13w/wAIotze7Na1tydWwG42jbju3/6q6u5Se0tiMEA5OB3pmjaJe74L8RhpBICVPYZxVb4qa5Lo+j3F3Cuw20e5ieB9K+U5eZXZ+g46teXKj8av2l/F41L4rXFtGQERI4mI5HDNz+HT8K8UbV9PtLuPY7SSp/Cwqh4v1L+3vGN1qlxIzvJMT1zxkkD8+lW9A0lNZ1xLLavnSn5N3Tjrk9hX29Cio04pdj+aeJKyqYyb8zs7O6uru0kiRgyzngdK5PW/C13d2UswkEU0Q4XBOa9HbSG0Rnt7kqkqd1ORz6GqMF1dQyM8qq6PzzzTT5eh4XKfNI0ibS7phfxsJDyM9OfSukfWNV0+z/dPtTk5HvXs+tS6dd2My36IMrhc/wBDXifiR7GBRa6bcZwvK9cZ7V30a/NuOxxx1Kb7Rvk538mrQu7O5lLfwDj61iSLM6NKU+5wD6VmLPLG+CenJ/Gu6KT2NNzbezFzMUt/k3HjHave/hro1nY2MrXQDy3HBHsK8BtrgEbiNrL0ro7HxVf2VuQJjhQcAdaVRNqyMmuh6j46TQ7KOWNLVEc9CB1968QjMwm8uDLLIeB6+1bLC41iFrqaRn3N0Zs1Si8yzukB+XHf0oprlLNC18PX8iN5qBTjr3r0Hw/p9lZ6e1xdSbZ7dgVxXANqep22Z1kLqxOM1t2eqzSWsc84+UctjpUVGNHp0vxT1FLSXT7rdhxgE/NwfrXSfBvwhq3iDX4vGTQY0qykdSzH5mdgRgKMkgZzzgV856hrNtc3YfyzhCOlfVXwi+LY8MeEpNOW0E0hndznG1gQMEdxjp/XtXn41NU2ohPmloj7e8JzQaIJZILdFkl79GFcV8XPEer2+lta2V/5TzoXdV5yvTB715x4Y+McWptqMk+nOJtv7pc/KSeO/Ix+Oa4D4jtrVjafa70tuvvvOTkjjgeo44FeHhsI3K7MJYaUdZIk8PeKLvS4FjBYWqkkt2JPqa+kPB3iq21O0lDBlWNCykck56YFfMnhu4OrR2fhiC2O4LuLEY346kmvpfTtLj8HaMmvXgLxqnzIuCCD0Fd2NpU1FNbnLOfvWPn34naNqOoWRllllWYuSW6nkYHH0ryTwtpWqz61btNukhjYhmYkgYNfY5kfxnALu3sxHE24YP8AjXkev6r/AMIcYdFsbFpJtxkJIzwc4rGliZW5U9Cox947DV/DltceHobWyIWQnc7Edu+SK+eNa+H1/rN4W03Tmkjt+DIuRn1x3r3fSfEcl5p6Wc8RW4chic4+U9iO2K9s0vw/aSW0a2L+ZK4DEBhkk+w54qI1nTd0dZ8OfEv4N6t4d8K2WuKWDTYLxlcMOM8k/wAvx7GvNPDfiGbQtMuIJl3mUbFJ/g+n519FftFfEjV7eS18JuA1pAm1wBy0h3DGeoCqvbGc+lfIkNrJqUsjxucenQD6CvocHiH7NTk9TCtsdDPrtvrd1baaU8mNXwxJznPeu0b4d7Y/7S0yUvEy5IPTA7iuBm+HfiGCAataqHj4bP8AEfwruNM8aanZ6RbaPDabpIwVctkEk1zYzEznZxexn7R2PNJdMuJrphCCWkYrz2rtdP8ADup/YBZK7Pn+HsD612ml+CNZ1G+hdojFG+JGPfHXFdD4huXsEc2cBeRV2gD2+lZLHSm+WBk6mhx2hzpolz5BG0kkN9fao9XvLe/1jdclVt4gCQec1peE7P8AtTU4l1BMo77jn5SQfX0q94u8I2MN9PLYyhoiQAOpH09a7cNSqKXtDkc48x9tfA0+DYvDq6/58ULzqY4w+NoVTyR2r4N+PniYnX7mDS5oZo1lcK0YHCh2YYwO24j8BXTaB4g07w14ZW2v5XYpK4WNDzggep6E/wA6+adfuV1LU5r0q379hhc9ug9s4H86+0ecpYX2NtWedhcNfEuZp2d7NqlgRfy5wNoweRntVSLRY45WtYmDserHk7f/AK1euaR4O0S68N/2xNMkXlqrA54bHGPwrnNG0+wl8VxWkp2wKdzyDkcc14sqCjDmex7sMRebSOsh0iLwT4R8tCBeaicu38QBHyg/Qfqa8MvJpNS1IQcMxbbn8a9g+JXijT9Uuo7e0fENvlA2cZYd8en+favFLWB4NSjd3+Rm3EjuPSvOnHqejFnsuheC7q0UiSUZkX5QBxziqfxAM2haNDp8bbZJshlH93nH6100fii5EkEkaD7O2FUn2wDXj3xA8YDxBrsjRqBHDiMeny5z+tYQXvG1Q89gmnsppfIdvmHr09qhvpmeIO5YupJYn0rp7LQRqo8yNiAeTx0OeldlqmgaXaacqzxmRiOCKp1lc5HVPJdJtobg7pznd0z2ro59Htk4RvkHPHWrOgeHIjM93I6mNW+5nrXaWGirIsyEYUnIH90VblzOyJq1ddDlvDuiQa3qX2T/AJYDGS2M5r02/wDhVaafYySabK004+YByBkHqB2os/B9nDAlxbz+VIWyQCMYrpPDNlrl/qrWc0he3wQM9FHavKxFad9DKdXQ/9TzhbjccDirC3DAE9fas5flwDU3mZ59K/oRH4ey07q+COc9qgdWAITqKYXP3l603kkEnGBk1MogCs0WWPzk1ZjuC7KAmM9SaiJXAGOKkSRemCAD61MVYDVC/wB35qUHb95cVXSUdj0qXzAOCelaASYXecdKRgBwOKaZATu3UxpAF5GfQ0GFhwdRwxxu7U8ypE3ysMjrmua1S2v5lElq5Rx0xXIRXWtrdqkjksD82RXm4jFOnK3Lc6qVKLR6sZM43AcnoRximyW9pdD99CjKPUZrDOpyJHmQb1I9KLTXIZW8jGAf84rRVYS1ZLoyi7xZW1Pwhouort8oIxPUcVwOpfDGVH3WTs4HOK9mTB5A24/CrKkDDHnPPWuXFZRQrayib0MXVp9T5xbwh4l0g/aoS0RTunU1o2virxJpZNteqzonPzDg5r6B80sNu0MM9Kq3OlWN6rrPGpJG3pXBLInDWhOx2xzFPSaPM9N+IVsTtu12g+g4H413lnrGnaiVeCTaW79q5668BaOxLQqFYe2MVHa+D5rKQG3nyBz6frXVh6OJj/E1MalWjLoegj5Ofve9SCVV5PeuPmfXLMbVQ7RUEfil4T5V5ER7iuz63y6TRz/Vk9YM7f8A0WYFGQEd+OawrvwxpN7HIrxBCemKhXxNp8jqofA9TxWkmoWcwBilU7jjrz+VZudCpo0jSCr0tTiL34ewuv8AozbCOmD1rPsPhtJDK0s7ljnoDXrZAQDLAj2pXcJhByaweUYXdxRcs2r7cxxNz4AhZFWO7ePcOeciuC1z4MJqcj3cV2Xk29CK93BAPzkH2qdZVCDbwBxTWVYZ7RRDzKv/ADHxzd/BPxJa5eBhMDyFXk4/T9K4K/8ACWu2bOJ7SRRj+6QePav0BL8YY5HpUTwW8wwwAB7GuOtw/Rn8OhvSz+tHR6n5zGG4twsnzxleCQSCD6HpXr/gb4m3Ogh7fUvNu7ZgNnzBthX/AHjnnPb8q+kL7wT4Z1BXNxZoSeMoNh4/3cVhQfDPwpAf3dkFB6ksScfXtWVHJatKXNCR0VM4pVI2ki/pPxE8L6oGZ7lYCo+6zc/yrtLW6t7oebbSh425Bzx+leaXfws0F5DLaM0G4YAPzfzrDm+HOvWmH0jUGYxjhfmX+Vepz147q55l6M+tj3lI15YDdTt/95K8Vsj450sJFdlpdp5DYPyj3BNek+H7/Ur0SG/QIBwMDqaujXcnZxsZVMOorSRvlSzbtvWrsExjHSnxW4YBmbqKV7bABU10nKWI71c5JPPrV1LlW4PANYRjbp6UDzB3wKfKZs6ESp/Dj60Fh3HSsUStjDdB6VKJiBu7ntS5QL5jRvmP6UeUvUHiqizkcN+lSfaFPFOzAnaAlRgcfWq7QsDyP1q5HKGHPKin7t3NU0BnfP2yKaxBHzoGNaOQQQ/elMUTAkCpQ7s5m4022njO3dC2c/JxWbLZ6tGwa0uGkA7Oa69rbPTiofsUqgbGB/Gs5YeLOiOKktzFh1PUoE2ajbgqOrL1qaPVdPm5VmjI676tTQypw+fr2rPeCGVsyIM965amGkvhkX7aD+JGrFcIyAw3KuvoKttKWjIbBNchPo9nIS0LMrexxiohaatagfY7suPRxxS5qq+JXNPZU38LN65tdPvjsvIVcAcblBrBu/Bmn3J3wSeST0VcEGpZNW1q2XM0EbgDnAIJqKLxPp0n/H4Htm9e1Y1KlF6TibUXVjqmY0ng/wAQWIb+zLsL3+8yH+oqil94/wBJkDzRCZUPUruz+PWvS7O9sp9r2c4kz/dYEfpWjjLneMknv0/lWawFJ605WHLFTfxo4rTPHkU7/Z9YtHglBxlBkfiOo5r0S0nSdFlUHaRxmqjWdrJxJEpHsBVpNqKEXgLxXVTptaNnJUnF7KxXuprc5W4UbP8AaGa5u68OaZqJZrVvKYj+Dp+VdPIkc2UkUEHv1rJm0Uwu01pMw/2amrhlLRq5VCtKOqZwV74T1XTB5tlKZgeW2ZRv0rDufEmu6IQ1xEzrjlJVbp3wfWvabN5vL2T/AHh3q4IonJWVQVYYIOMEfjXmVMpW8G0dtPM2tJq55TpPji0uYP30BiyfmIO4Y/GtWU+GtZKnekcg6HARv1xU2t6Ro9u7u2nBIwMs0Khfx4rlj4e0nVY92lahsbskhy36YrlqQqw3tI9ChUoy95XR2MOjXUCqLO5Eq9gwzj8eanF59jTyNRtYZsnuP6mvPNO0PxZpFwxEpeHqGikbj8DWrqWr3kKeRqkLybhksV6fiawnFSXM42Ov2kr6SuUbweINPnkuLQSCFuoUZUfhyKyrnXtM1CHbrlkjxr1dfvj8+R+FZI8ZNboYLa82+X0SQ8fhmpBrD6xbPC1jFMT97ylw31PXNeZKp2OpO3xHM6l4a02aRrvwzqTncM+VIf0BGP1qho+ljWWa1u72KK7Q48snDY9hVfU7i90mU5sp4Izx86kKfxwAfzNRaZN4b1W4LXpe2n6bgQoH5/8A1q5Z8sXdxK9q5fCztE07xD4dt2NjcTbVORnJQ/hW5pHi/VFk26xaptI/1kXB/FTnNXtDuksIwttqS3dsowEZg5H6k1oXv/CP6vHtu4jC7cLLHxg+4/xFdlOsmvclYwqRf2lcNWk8K6gn2XVzFHI3zKSyocnuD3rnJPhvp166yaHqjwkdTkSDnvlcGrR8G2E8YlWf7ZFnaMcMMfTIrd8P/B7xDfym/wBDumtU6qzkrkjtkGqqV2lecUy6WHUp2hKxXk1b4s6BYixEx1W1hXA2O7kLgDGMqT06ba4LxX8UdG1/Sm0zxDpUlpeqdqyKAMHoeCcgexzXplzL8RNBmJ1axa4jXgs0fp6MvHbvXLXHjPQNSna117SRtbIaRo0kxn6jdj868mpRo1JaaHv0a1ePxanKeH7Pws8MUi6p9pV3CsgIEqkjPCnBIHrjH612ep/C/UY3W70DV5rdyN6pIxKNnpkrx09VNYMvgLwLq8aS6NdixIbokp3H2Kvkj8qli8NfEHQkU6Hqsl7ChChPNIO32V/lwOmAa462XyXwu51UsfD7asOafxZoSTP4h8OxeILGNSjyxxtIg9SxCkKw90FeZXo+H2sXBVLZtIndskK3yjceg6jr7Cu/tviL4w8Pu8OpieGOYktEUXJPfhuQT7YrN1DxF4R8US41uxjilbrKUCSZHbeOf/Hq2w+Gt8aOfG4jm+E5RPDN/a4k0bVY7tv7jnkD8M/0qaXVtX0gZ1bTZHiQcsi7h9dwyP1o1bT9NtSG0kMY243LklfxqkLnxVBtSJjeW4GCrfOce2eRSrUovY5qb7jZNd8P6ooik2gS9pVH6Z/pWCPCVjeSObGUwheQAdwzSCwtNQuJEltTHMxxyOQasxeHZLYkW2qfZpRx5U7bd30wM158o9jdu2xQk0zxRo482zkW4iU8oGIbHryP61PYeMU+2RWniO0xbOwWQSLvXaT1xg5x16VtW+tappEbx6tp4u4v7yHn8+Qf0rpNK1DwLrCCPUYYogT8wukQEZ64JJH6040k32F7Qy9T8CfDXxg8MfhyVLa4kBJe3kC4btmIg47dAKw4/hn410ORYTPHrlgRtaNiXwDwQUkH8ia7bWfhHouvRJc+EdU+xlG3DYwdM9QMpyPwra8PaB4+8MXAS9dtQtkHDozSYJ/2Ww36V3UsA35nHVxdup5F4v8AD3h2x8O3tjNYLZXEsJJ8tPLUE8ZAGACD7V8P3ttJZ3MkM2N6MVOOQdpxkex7V+nfiDxhpd7JNonibS/MtuR8yDOT3+Y8Dngjmvg74q6DpeleI3OiOXsp1Ei5OShyRt9cAAdeaVWiktDpy7F3lZnluSMEilPTI6mmqyg7WFPxkgLXHynssYB03Ux+cL2oXPzAHvRn161MkaFO42spHtmqkQxE3ers55IA6UywYB2jYdQcUmhpkVtuaMIOnoastCSeBiorZVWd0J5zV8pInI5BrKRvcbhygXPSmpCmS2MY9auIBx5gxU1xCqRjac5rFnTFXRmAFmwRwe9acUaouxfvHvUdvakuHboKshT5pK8UPY1pl6C2cuOcGpz+7k8tulSQ5KhquiNGGcZJrlkepR2KLyhANvNT7wQD606WASKABhh6UxIZR0OAKTOhQE6HKg1KWcc4w3vUsSNkbjkjsK0RaGUEkDmkbRgZ6zgY9qQ3I3Hb3q4+i3bDciELjNZE9hfIcBTwetRBj5WmPln3gKBg1zlzwxFaEi3KHDqazJiXPIJxW8dzjrrQog4JGetRuO5p5JAYjtxUGd2GbpitInnSVzNvUTA28Y61lYAGTV+7zz81VQrY+YZrdHM1qIsjL9KaMcP3JprIwAzTsKAAaYjWkkhFqAp+Y8VkStxwOfWnZ4GR0NWESMr8x61mBTByAc008dKsy2oRd6nIpAqiMsOTQMh3GjJJ4pKVWCkGmkItW8ktuS44rooZo5l3E8461z3nhlIdc5rR04MwPGAKzkVFXNYZ6r2oJ2A7RxS4xzniq88h28n8KEbOA15Cwwfl96pSOqg8gmoJrjHA71nFiX+lUjGRca4BGAuR61XZ93HSmHrjFStGuwHvWiRKIsEnHr3pZI2jwTyKYB3HarG2SQ/LnmhlctyJQCfY0hGDnsK1PsRWHnJaoorGRssRUXKWHkzPy30zShXc88CtT7EMEMMU9YWA6ZxUXNI4aXUSCzGBtPzVaNmgU5696sW8fQH86sSbc7aLnVDDKxleTGp6UhAA6VdKfNwKkFk0jAAdaFIzlhm9jILMv3RnFPiLkkkVrLpjplsdKj8sq2NvJqrmTw8luQBN33uM0/ygvI5qURs5we1ShMHGOtMz5WMT5SB681ODx60uwA5HGOKeqgjpQIMkDGKdkAg4pAgJPNSqpIIrMB8aKBk9+lTuVSMk+lRoBwO4pt1kLsHetBMpbQee9TddoHUVCgwPm4NWVAyu3rWhBahQlix4Fbmnws0g75qhDFnAz710ulwB3QcZzzWE3ZNnbhqfNNI9/wDhRor6trEEXl5itz5jEcDCYOB9SQK/RPw7p0mnwRAk9se2ea+V/gNpccVt9qMQzI3BYZIA4yPqea+zrAICoI49K+BzivebP1rKcPaKj2OxsXJhAY101mplKjNczaIZQEAxXTWCvDMMDOK8BM+0pr3TqLV2hUCIkVu21xI8oQZxWVCoZdx6VfjvIrdC6jJFRzMv2eh32kQM8qgt0rtINNadcFua8s0LUp528/O3mu6OuXCDMB5WvQpTVtT5jNcNVc/cYzUdIcSGNhu7g1wOqwGAMq8Eda6Obxa7TETIc+tcdqupC4kMmCVrirtNnfl1CstJnLecCxDrj1ry7x74dh1mwnhkUHzFOVx9/wBAa9Gvp1C7l7/zrEuHW4jKkZ9f/rUqE2mmjuxeF0ufjL8XvB8uhaxPG0fyu5AYjuMlv/1dq+brqFopSD74NfrN8evAZ13TJ9QtGVntvl2sM/KSeRj3r8vNZsH8w5+XaTxX6RlGJUoH5JxRl7jP2i6nHNyPWoWVTyauyR49sVUOO9e5c+HasVc7TxxU0vyASDkmmOAcEDJzVnP7vaRUOInIWO68whW5NTupPC9qqRGNBtA5B61cAYD5RnNYTiephXdE4JVetV/KjcknvUzNtTJHNPCkjI+tZHpRiZ8lkrNwcU4WgOMnaan+ZTk9KhuLgKdo6U7m6iitdqD8qndiqSjDDNTl1bJHWohuQ5PGfWgiSVydwjIWIyelUGjVMEitRWR0O7qKou4ABHGKaHVimiECMHJ4x2qMspB45zT2YNzjOai25PWnc5GN78dPSjJAwKU+oPNNAJOetBIYzTvLIGSMVdgTy8sy5q7+7bBYdqGxqBzx4bGKkQLjmtoxRE46VWktRj5D+FFzJohh+zsQsgH1q+2nWrfcTj1rMW3kLYAwPWtq2JEWyTqKTNOZdUUJNOhyOSPaqzWCCT5Tx6VqzSLjrTYnQDMhyfandkOMexSjsUXDZ5FPktFAO41ZSRCx6VHLPGy5U5NXzMmcIGcIVBO4cVKixoPl5qu8xPOenamNOoTrxVHG0jRSKJnBkORUdxbBD+6wwB71SS4IAI5Bq6DLIjbV5NAmZrykE4UZFSfM4Mg646VA6EtkjpSBnUlUB5oMuUaxwPrUZLE4xirflcDJ4NGz5uarmD2ZBGjEhD+dL5Q6+tW0Qn7p4qdomUKSOGo5h+zKIjUDAGeaeuFGO9WCgAyBQY1YZHBo5g9mUyuW5NBTPI4xVoxEDikMfGRxRzGbRCi4yxHApMZ/Cp3XCjFRgE9KXOK40rubGM1GIGwSeT2q4V4UHipeo2A9Ki5BQCEDcp5qZ0cbGyc4qfYwGeM1G6SNH16VRtHctWrpuAY/N2rpbK8aPDu/IPFcpDGUKs3U1oK23nqKyn2OmnVsz0i08QMp2zcgnjNdlpupWdw374bQe9eLRXShQGGT2rct9RZAFArgnHU9ehibnusFrbyE7TuT3qZtGtShOcMOfavNtO1kphPMIavRLXVILmFQx5xg1kz1ITuRpp0YkbeOG6VoxwxxoFC8ihZUThRkgdarzXLg7O/XFZczNUyG4UmTJGKhjh3hiTyKnaVLjBVSCKMlADjGaOZlJGNeGRY9o+ZfesKRlZ9xGOK6e7cNC47iuZZV/vc10ROOuUpdYvNIQ3FhI0Ei/ddThgexB7H3ryLxBdT3twtzdytNM7ZZ3Yux7cscmvSdcmRLcQOu53I2n0ry/VIDFemA/wAAB/E16OGSvc+fzCbSsyOEFSSOB6UDjryV7/WnKTtAxnjk1II12b0PNdp8/YAm0fJyaWNHcEBaI2C5JOTWhDKFICigpIZDExIz2ragtuM9c+lUYiC47BjXeeHtFu9a1K00ixj3XF7KkMY9WkOK5qztFs6cNS55cp+l37DngPTZ/DlxPd2aS3+vM6xeYu5Y4ImO4k44J/nivv2PR7bw3t0ZFCxp/qmA4YehPqPesD4K/COy+FHhGzNpL9oljjIXf8xVXHzbTgEc/wCfXttSBvWZJWyex7qfUV+e5xiOaTZ+8cJYJ0oK5v6TIFtC7Hbng8+lfLH7Rfie3sfBeqQ7sz337qPnjcQT+PGc175cXQsLFIruQBjwDn73+RX5g/tsfEO40u80jw/p8gwXMrgHnKqwH0yp5rjwSdScYHpZvUVChVrt9D8+NRspdB1R0lwwWVtpHcbiQTXUWniKe2iN9BCIpE4Vh1/CuQ1XxFLflZZYkd/Ud+4rOi8QyRYEgyF6AevrX6MqKsj+Za8vaVJTN6XWvE1/5r3E8km4kjdnvWpb+JdRh0uS3kYq5x85HIHeq9jqZudstzGdjc574rjNcvgZZIoBhST+VP2S7GFjq9c1w6hYrAp+UAZbv715HJdSRysJcPzgc9vStWG8cJJbt8xI4J6isO7AkYH+JfwraFNIaR2NrfWC6ftuQDIwztHvXF3kEIdpI+noOahI4HOMd6lWWRF2qcgnnjnFaRjYEVQ88J+Ykr2+tOWbc2xgMk9e9LM7ZIA4qv5io25l5FUnqOxoxXNzDIAj/KD0rRe8kuHyxBA/SsdZUfn1/KtOzWIjluT2oYNHU+HtNn8RTR2ccvlKvOT0r6A0Dw94cjs/7E1AoJCPXqc15L8NYbC31ia5v5VWGNOFPdiRXpfiKw024xcWkjI8mSMdq83Ev3jnlOxYv/hFoyF3sbjZG3O0YPP1rb8CeHNM0HVNniCVfscX8ROM+1eO3kmuaIRdPcyCNTlfmPI+lc7rPjTUtRh8lnLK3XJ5FZSoSmty8PVlGXNufoHrMHhqw0ltT0kQqo+bKkZwPUV8y+PPHV14n1WKK3lP2e3OMA8EnqTXlFp4v1vULZ7K5uWwy7QT95gB3bqf51a0RHXVUkum3ruB+vPSphhXDc9OvjFVjax9ifC2Ke+15dSmCpapDsIHXjGMA19Uv4Xh8WaKmlRzGJN/VMYP1r8//wDhNLzwmYI4olcPhvmzn86+pPhx4w1iwlspJnHlXarKQzcBWGen415eNcoJtHiVqPv3R6zqAufAfk2hsy9qFEYwOM9yT6mjW/CS+MfKvLeGJH8kYl4BXPQEe1en6pead4g8OqwwzswJVgOCD1H1rlbaDWdNuhb2i4Rxye30B9q+ceKcdinGyufPmt+BfEOlwyMYd0gcrvH3ePU4H5V4pr3xD8U/Di6/tVUM7PGURTnYpXnIxjmv0YGoW8dtLBeQoYtpLFxkcDvXgnj/AMDeBvFdvHoiAtJIMN5TEFQ4xjP9K9XB4u/xofOj8uvFHjfVvFusT6nqrebLK5duwUt2AOeg4rZ8N6lp1pau86h5HIC8d69m+In7M0nhtReaRfm5Q8ujLh1XOARjg+/GQOa+ff7NbTbloCSSjfdPb6V9HTxMJxtEznO57LpHie81Fjp8S7WbCoBWzpOh28WrxS60BGEbLAjGTWJ4M0u8iuYtWijRkiXcBnmtLU73WtU1FnmtxDE544PQfWvNqSbk1FmDkejXHiK2LyW+nSAbU25HGPoa8ivry+tr8+Y26JyNxY5H510DaXHAnnrOchs7eNtXl0ywuLdDqEO4Pzg/0qMPUjTlzIhq+hi/27aWrSpvQGVfLTb1yeh+tdLpGjaxeFUFq8wA3knkhc8ZrCsPB9nJrRu4uLaIeYkb85YHp9B2r9A/hF4K0280W31dpA32hQWXvuPY/TtX2eRzWLnyI8bMp+yjdHwl44+Hoh8OJrMcZ3yMMbM8ZB6g/SvI/DvgTVvH9xJpnh61MstpE0rlfTIHt3NfZH7UlnaWlzb6fpN0qSWUcu+NW7yMAucd/l79iK7v9jHw1p1h4N1LxVewqLnUbgxK7DnZEAMcjpnp9TXu18pX1uFAzo4108O6stz4T8R+D/E/g7Rlt9UtpYEz12MYy3YbsYzT/CXhTVbrw/qHiCJCoQsiDGWYqAT+Az/Ov0K+Nlkmu281nZbCsreW6/ebucV4Vquoab4H8LQ6FEBvaAgnjG5wQxOeeuaM+wEaElCL0PRybFOtDmkj5B/4RqDVrB0lQfalJJk6fTNbnhD4SazrtwfLixFApdnLfw9OB3r1/wCFnh2z8U3s8k0e2JG+cKPlKH0r7L0Gx8K6VazaVZ26HKMrNjLMMYOT/hXxOLxvLLkifT4XC/bPzP8AFV8llaLbW8OyKP5RxjGB1rxbT9OGoapNGQChYsST3Jzk17R8Zo47fXr23tZQTFK6SLn5QylhgV4NaXFxDcqY2JYkA46dehrqhe1zGvP3j2fTbHTtJiCebtTGXGO49KzfEWqaXc2MQSQ5DkLj096zNQ+S0MjszHaOPc155cXsBAATbgnOc9q5IUby5jj5bvQ7LwZpKXmrrBI/lo5x9R64r0LUov7DuDbCYNHgnI6n6ivGdN1S5t5GltyQ4+UE9B9K2rhtZaJLu8cyjk59K6no7omcT0jRZobwSNNNs4+Taw/UVduPEOr+HJd+nxh/PIG7BOMewryLQtQmiupJFXjcMg9x7V3j+LSDIzxBQMDB3Z49K4q2HbZnUjof/9XystjHek3HnFQsSOnanK59K/oRH4ey0rc/McinKxwRndmqwcc7qf5jY5OKDQk5xzQGJ+9xUe4Z5NBkyOlBmWUkPY81L5nPJzVFZjjLdPSmFyxJHSiwGj9oI4xR5xb6VURs8GpwucCiwEpmbsOKjLM33wCaeIsUvlk1LSYFZo48fdGfYcUsUNshykSq3qFxU2wA5607Yw6ilyLsBehlwuD1qbeScsRWYScYFPMu0KQpJpBc2I5k2c/hVgS5OPWsNWztI/GpRIdxAzRYDX3nOM8UZ7VlpO4JUdvWrCTgrluooOcv72xjsfWq8lnbz8PEgLDGcDpS+cGAHtnqOlSJIjYI5rNwvuUm1sYNz4X0+QfugVbp2x+WKyB4JeE7kvCmOmBn867oHnigd/WsZYKm3douOOqpWTObGn6nDB5cdx5iqvU8HNc/qcPjGCDzNPlLMR0PI/lXpKxpj5xwanJOwxhsY/lUVcHGWzNaVeS1aPlK/wDHvxA0a7eG5hDtGcEeWf1rQs/j1dWy7dV08s2MboiFx/wFj/WvoyaytZlKXCLIr9iM1xmq/DbwrqREjWaBueAAo/ICuD6lWj8Eztjj6T+KBxVl8ePC1xDuvPMgZfVQc/ka6nS/i34K1BVjjvUVicYkIRvwB5NcBqnwF0i7eWfT5jay8bVPKAenrXnWofA7xPZENbMLn/rmw/L5tuaxqTxsHtcuksPPrY+t9M8R6PqgK2V1G5zjarBj+nStwJk8V8f+FPA/xD0nU4ZbmGS0tgQwc4JG3nG0HPPSvseCZZ4I2ZNrY5B9a9bCYmdSN5qxwY/D04NKDuRtExx3/lTV3hs559BV5UHWpgpHGRj0710HBYzDhgdwyTxUaYRsINuOtabRDnHUVH9mUkZ6kUGnOSR3rdGHSr0U6uo6E1lPAeQRgDpUQXA4GMDkUcpm2dDvVuMDnjrSNEGbkj2ANYauwAx8oqZbiQAY+UDj3o5TM0TGpO0cY607yYyOvP8AOs9bnB2459+9TC7zjf8ALijlAsmNgQq96QqVODUiXCMMhw2KlyCCAO3NBoV1cnHY9qljmbjJxnvSFFJAU4Hb2pPJyODjHemgJfOOcbs1OlyF7dKzwpzgtnHensCxxzSA0vtD5GcEGpRNEvbkVkBWBzk0jZAytAF+4cyrheD6GsCR7ldx8kMo9OtaJbcu1gc9sVEcjL5Jx+dTOncpNdTAGqWoOHVoG9HrSt5YLgAwzqy+xqxKsc+UnjV892ANUk0+zjYm3j2D2FYWmttjT2kexoquRkplc9ap3emWF6uJYVY9ckDP50nkSA7oZWHHQnj8qQNqMZydkienSoqK+6KU+zOcl8FRbw9jey23XgHn2HGK7bSLe9tLYRX1ybggBQSOfl75rKbUjDKq3Fs5GOq8gfyrWtbqGbpJ16A9axhSgndIpzvuzVeVgCVGcdq54eJrdJTFdQND6Mw61uAZGc81BNa290u24QP7GqqQk/hKp1IL4lcmtLuK8TzIXDj2qwGasi3023tZlkttyY42g/Lz7VrDFaQ5ramdTlT90jkZE+aRgo9TUykNtIbP0qG5gS4jKyjI9BWSLKW0x9mmIz2PShyYQjF9TflRJkKMuc8HNcvqfhPTLotIuYmb+JP8K2Vnn8va2C/tXJ3niTV7F2Z7IvAvUgEH696wqWSvJG2Hck/dZzWpWWveHIPOFw0lvEOFUkjGfQ1BZeNNQli/0yySaI5y21s/rxXQN410K8bZft5B6YlAKn9cVrR2mk3lul1YFTE4ypjwQR+FePKhGcv3creR6scXJRtOPzPOL2XwJrbv/alqbG4b+Nf3ZyfccfmKoQ/DeGSX+0fDetsAuNvz5zjtuTj8NtemnR7W7jNrf2scy5PzFefz61zk/wAP0Fz5ui382nt02o2V/TB/DNVLLm9bXIeOtsynEfGGnRmHVbOPU7fGDtXL/mB/MGs2OL4catJi8thYTk4YNiHn6jj8+a0ZtP8AH2m5+z6kl+mejHL49MMP5HNZ82pQzbYfFeivExbAmjj2n67jg/kTWMqdtJRL9pzbM3W+HehunmaZdN833fmVx+gGfzq4ngp0RYPtRZPWsLT9BhnmeTwxrjIeWEDsePXIBH/oNaLyfEfT9uxLa8jHUjr+oU/lU+zpPeAOtVWzC58H63A5ksrgOB05K113hnXvHnheB47yJbizY/dJDEE9xg5/QiuNn+I+raOqjWdCnAGAWjDAZ/EAEe+a9d0OX+2tNtdUkjNrb3ThQZD90HHJ6cfp7152MoUmrbHqZXWr899yhqnxGsJ9P+yPpssF233mk2mMj8cHNeOf2Bo/iN2u4bv7PI7FSnUZ9cV7n44s9N0KS0hu54bmC4xiZHAAJ/2j0ryu78H+G7xHktJWiOSQ8cqk59T1zXmQw9noz6WviXtaxg6N8Mra5nlt7y9ljkGWilgIHPbqM/lVy+07xV4EtCWZ72EMSJR+9z/vDkiq3/CN+JtIk+0aPqK3CIcgTFuSO3OQP++hXSW3xI1XSHNr4j02VG2gB0GUz7buP1NDwj5r3sctTEvls7M4mP4kLeR+RqdlGY3BV9i4J/BuM/jVSbwj4F8RoJ4GkspmGVJ+7n3GSP1rqtVm8DeJ5/tN3ENOuG5LDbHuY8ZJAI/PFYqeDdQs3kfSNRSeBxwp5AHsRkflXdCnN6N3R5k6sGuqORPwx8UaY00mjX63seSVjLZBHtngU618R3nhgnTPEOj7HHImVQOD78g/mKuzN410iYlYnKIeQods/Q4wRWc3xLgnH9m+JNO3YOCtxHgD3Gc/yFZ1aVNr4bDp1ZLZ3KmuXej63Gmo6NKomB5Una9ce9mdWlSGcvJKhAG4HPHauxGmeDNYbOiz/Y5n5Ck4QH2xx+tUNQ8OeJtMU3ljJ5hhIIZcMPrnBOPwrx6mBbfuu53xxKtqic6JcWzBo5CjLjAIPXt9Pyrpz4c0WXTi+uWMU1zJ0ZBtfn/aGP1rlLL4h6tYxvBr2kxXqE8mLOR7jr/Ou4h8W+DdUjSJbsWMpxlJ8IAPx4/Wh4Rpah7W+x5e3gDWra4fUPDV/NZ7OdkjkD8GXA/SvQLHWvF+kWC/2wDdugyWLEkn2YH+ldLcPJDGkttcR3MDfdKOGBH1GazdebyrY3N0Sloq5k28lT/OpjOUdi5QTWqME/FXw9fu1j4l06KCMZG6VBKoPuCCR9QK+dPjb4Y8Mahpg8T+E5F+WRQ8MfC7SDyARx0Fe03Vh4f1dP8ARr2G+44SQKXA+nUfkK4LXPhxfXem3H2KX7OSG2ockHHb/CtJYiTTTM6dCEJqS0Ph7A3EHPB6mgrt6nitPU7KSyu5rR1w8UjI31U4zWcW+bca4Wj6KMrq5C+QdyVEXIIPr2FWnAOCOar7WHOAKRaYx/mOc4z2qhlo7lQK0JAoGBy1UJlcyKQPxoGSurR3IZjw3NbhXhcdMVzkryEpK/3RXT2xiuIwWO044rnmjeA1Ud2AHQVPKuVA9DT1iZO+c09lA+XvWbOymRKWVTmmwsxJL9zgVLsZiAOnepIUEkm4fw8GsjexrW6YQZ9KvRR5brVO3XGO9WyOfSueR6dDYsCMZJBzUiRKSd3eo4GLNszwa1YgCSCeahs9CESG3tkfJ+6R0rZhhjHzEZx2pkSKhyenpV5XXAOa5pM6ootRyjGwjIHQU5orZ+SnBqEPxuAzVlIZpI9+3A61mpFN9zHvdLs5AHKYNcvqOiwLEzxnaxrt5YyWLH5cetYuoGCJB57Z3VvCbuctamjyh9KfcwL8HmlbRlIKyTbR1IFb1+8YBaP+dcxPIxbJJ+b0rsjI8KskivPY2yElefrVGSCE5CJjHcVZLMpG7kCmorEHBwTWxy2Ml4ip6ZFV3QYXC1utEcgNTPs6tjvQTynPupboKUZAHNbxtkAyvQ1Rks+PlXk0D5TP81jlfWnrGdmBznrVlLGTO6r6WpxtVelPnQ/ZsyJYEWIHvVI47iumltDtGe3asuWzcknHA5o50UqbRSAyQa6OEiOIbe4rHWJkZQw/CtOMHjPAFTIqEbFzzSqN3zVRsMCaWQZ+6aiYkDd19qiKNUypLbMwGKiS33NwKs+bvbFWVVU5BrW7BwTKwtwgO7kmmtCe/errHCg9RUZfIxikmxuESmlsd+1q27G2TPmPjFVIoxL8o610VraIkHznpUykbUaSJkigZvm5z0qylnEdwUDNUhFzlT0qzE7plmJya57npU7FO4tU+6vXuKiFmSAOgq8zg5J6mgP/AAjpVXE0iH7NHGu0/nULQIfwq43zfKO1Q7GJOOKnmZLSIlVFPzDp0qZX+YNGMYPNPjh3EM/brUjgbuBj0rW5JKXLKeOvWq/lIecfSnqhbk8U/ZkYxWLY2rlZrdQeO9NEAyfarAQjBPapMe/WrjLuZzoJmWYyHySTzTwGBYYznpV54+AVbvzUTIVJxzmtLnFOgVApB+bg1IqEScnHenquSC/QVOSD0pNmU46EePmZvWoJjubB4FTsQvsarsoJNanM2RMCTjFWbaL58tUS5DccgVq2kY4JHNJjjG7NC3ixz3NdPo0ay3UUIHJbJ/CsKMcjFekfDXS21LX4YhGJFB3PnoFHUn2yRXJialos97LaF6ia6H378MdPFrp0MMQxsUbvcjjNe9WIkLDkYHWvOPBqQwWUa4AKgfjgV6Ra3USsoUjI61+c5hO82z9Xyqm3qd5aMI1T6V01nIGUFTzXAW90JGVR0rqbHd0Q15sD62nT907VbgY2r6U1MMQG5BqGC3zsBNPmjZX+T5RVKOpaijtdNEEUKyb8DP3a6oSRNDviI4HNeXWf2iUlVBKr3ro7W4nWMxtyMV2xWh5+KwvM73FukR2fnmsK4McS+Wa1poXEbSuME1zdyfM/d9zXPWidlCBj3YU/dOcVjyjA45z2rVcNGSrjpWfOFYYTrWdNWNqsLo8/1/Rl1C3miKKVkBUhuhBr8pfjL4Nu/D/iCc/ZWggnZnQ44688/r+Nfr7dqoTaxr5c/aA8Dw+I/DDXUCD7RZbmQnOSMcqAAc5649QK+iynGck7dD4viLLlUpvufk3dwskpJ6YrHYYJFd1q1oI2df4gcVx0wwzKByK+8ou6PxjFUuSbRTYc4pF6460/HOab0bNbHA0NYbc+9X7TLoRVWUb+Qa6GPS1GmrqMcnU421lUjY7MHLWxUZTtwBmmKGHsBVpAd2D0PSmTA546VzNnvU4FG4nRflz1rJd2JzjIq5cFTlQOapYAJA7UXCQwjnHQUxiX6nIWplQnJNO2DG0jg0ibMrDPTNJhuc9KuiKNCcc1DIpz8vT3oBopMMegFRtx9auNHzyOKa0QxzV3MXBlHHfNXrWDd+9foKbHbbmHPFbPkkKMdPSk2ZWsVV5OccU8x5HPApXjkHSm7WHAGcUiSJ0ZidvNRujD1yPSroYDAxg0hjbn9aLgUHeZcDBx1pUlfHPFWx14B9KTaCS2M807isV33SKSF5IqBI2OAwrZS4jQAFeh5qoWVmZu2aLhYz5I2BO3ofSqhgaMA7q2uDyKicAjBrUwkrmOIQxAYZzTvs6lcEd+Kt7AvDc49KjUsxwR3pXM4qz1IIoVQ89ucGtJ5iBlcKAKhKbd7n2xmr13p8kAQuQVcA8UXJsZMhL5PemKC3J4NSyRMjDB3E8U9EdOSMVRJB5W0Hnp+tSpEWX3q7HGj/KOppuSg27enWpsVYropUkN06CrDOxGCM4obDfepoI2sg69jVCaGHuajO44pwHXPNHBxQIXDZwelPEaMCOwpoUIc5yTUgZOMjBoE0iJYju2nvSyRlTgDGKs5x+NQZGMmgXIiLAXBIzmnBUI44JoAyDkcUu3kEYNBLpgVIAam7SwyDzTi7DgU8AnLD6UWJjuNi24wTU33OQc+1KiKqlWGTTHDp83Y1k43Zo0KspQhscHg1pxSFX3A53VlAEkE8qasI4UAjqKmUUbqfLqdJBM6MrHg12GkX5EojkOBjINebrLJuJJ5NdBa3BGxj26e9YTpnrUMUrHu9lLDJbq65Y+taMVksp858givOdE1vGEcfd7V6pY3KXUS7OCR2rgmz0VWvsZXkeVkZyB61DIBIoGc7e4rYuYldHK9aySgU7hgH0FTGRspGRfRJtLIenUVzYiIfcw/Cumv9yISB1PNYMjhI97HpXTA4q55t4umXzoIlO1lO4gcVxcswuXeR2JPTPXpW94kuGn1mWbjaqjGK5m3zsCgHqa9ehG0T5jH1LysTqvIBJGasICF571Eo3SB84C9qn4ySD17VueaGwY5OKsogHI5qNMEfMM1YTbgYGKANC0iLurP0z+tfY37IvgZvFvxh0y4nR5bHSGSeYoM+WOQGI9PevkKzic42fMvpX6xfsA6LbWVprervAzXWpIUV8Yyqt05A42jPHqPWvKzKuoUz6PhzCe1rryP1Yc2kmnILdQImUqoHociuU03SVvJlaQZXPP4Vpg/ZII1jXMQGCvcHHb8a3rTybTw/c3TDa+4lW9iP8AGvhq0VI/W41p0KdodXY8d+JEWlm3uLUMUEK7lbIGyRcjPXoc1+D3x6uNd8dePNQ1GBBcJauIVA4+WIFcKTjIJr9cfj542/4RrwnqVwHUzz203lDk/cUtnrx071+Ltz43SG/vN5DtJIzlsnADHJGa7MkwsnNzPmvEHH+ywtPCp77nlot7qCU2lzbtE49RWU9v5cx+Ut6CvTdc1Zb2WO4ePcoHUdTVbTpNP1GaOzlg8rJ5bHNfY85+LiiOex0hbqXajMnygnk15hL5k90z9Wb8s16p4y029aIG1R3tox1znbXlsava5d+revBFawtvcdrGUVuopQEBOScg/wA61ILFZyZD93pj3rRs7FbiXM5JDD5fx71uyxWWmIITh5CMnNNzfQmVTocT5EGDhScdKpS2lwg3mPAJ4xW7fXMU1xujTYAOg45q4NRjSERSplscVfOQjgpA0bfODz60xkz8wrtJdCvNRtmvI7Z2jXjcqkgEfSuWkhEQMIyD7inGaZsmVom+U5P4VoQkEb04202LS3uEBjBA9qsG0ljlEffjmruHMjZ0a4WPUIzcHCbhnPTFez3WvWE0/lWbBxEoJrwzaoHzDn+tMtdSubS4MyZAORmuetQ5jJwud3rviaXVJjC0ZSEcCvPZEHnMR2rRub97pAGwpHpVEsoU7eSetOEOUaVtC5YXTRFVPIQ8E131it5EF1UL+7hwV9688toZJ5oYYVLSSuqKqjJLMcAADk5J7V634u0nVPDel2Vk3yKy7pPb5eRSqMtD9Q8UprKpJcR+W6cAZ/rXXaD4r1uD/TJJZGjiXYh3ZKj2NeG2MjSCUh923mtmLWr4IltHhVA5weK5Z0Iy0Zm0fc3w9+M0FvPCPEMzMkQ+U9ee2a+kIfjNY3Fok9nEJoZASPw9Qa/Jm11IxsWmchgexxXV2PjLULOQtbTFo/u4HpXiYnJYt3iTY/T2f4gaf4i0e4Fq4jk2kYz69fwqPQ7DTNEtbe+upRJNN8y9wB7V8CWniy6s9NSRp3YSHoDz+Nep6N40v/sNs43mLdzuJPH0rz54SVPQyWh9l39jaeI7G5nZRIQGADdScY/Wvgzxl8NYUMkqj7NO8hOG7jPQE+lfQE/jCU20QsJmSFQGkBOM45x+FfLXi74h3Ws61ceSGlVGIyTkYHXHtWmEpzRlULHhbU7/AEnUXhnQRwWq4UY+9irt1r194p1UBU8kRqccelcXN4sjRlaRefUjFa6eIbNA0ljnzCMDZ7iuqVNpmXKY2tXR0/UXeSQsIwDgHgmt6y8XyarDE8EaokR2kY5ry2UX+qXvlrl3lcj5q7+y8K61Y6PIYoMtyV28kmtKkYu1xm4t/qF/JKtgShPBHXH0r6G+FvxG1rRNLfR71yjW4yCBlW+vvXzb4UuZ7eK4urqNo3gOMkYJ+grto3urrTZpbRyks44A4J/+vW2FxrozvTZy16XPpIf4ovIfEWp3t9dLvmmkZicnHJ4A+nAr6F0rxfZeDvA+keF7G4KXssa7h0UseuT69AM/nXzt4Bs86rbaHqUfmT39wsYyd2zc3Jr6p+In7P2qy6YdQ0aSNXgj27XPLBehDDOOfUcepr7PIK1apOVZatHLmMYQhGnLqR6Npr65dtcz3aFtoLLnlD9BxXyJ8Z75rfW7q1LiSOLEcbqeHAJzXd614f8AFXw20xtViuhFcyo0SlXLYZ+g5A9M/hXzmZjMA2rv5r9cHnBrkxuZTqTfMtj1cvwkacPdPof4KeKrfS/Cl/LeHyYoQzK38R79PXNdzoPjW3stI1DW2nMfmq5UseV4zmvi2/8AGk0drNpNmDCrAY2/xHpyPpWRqOt64mjpp0sskcFxjKt2GO/tXiPDXlznre193lOd8b63JqOrSuiqElkYgL0wa5e1jL3CfKQfT0qxfeYXQSj5ixGeOlez+CdN8PahbPDc+WzIvDMcYPeuupW925xS0PKb+/aDarvuJ4PPQVU0TSBqt+I3OEOcmvZ/EHwysb6GafS7gFolyoAGCRz1rzLRkutCvCZV2sOCDzyaz9snHTcm99jsdW8C2djYCaBido5OMHmuPupb20iWDcJVHBHtXrUOrmdI7S5iP7wYHBIxiq+v+Arq8gfUdLhJOOV9eKwhibfHsZM848KafHeM4lfD5+XB5/GrmpWE9tKwcgoCcbTk8VlaBpestq08Gk27Sywg7l6Y9avKlzBqAF9G0e1vnBPvW06kZNWYz//W8jJ9simlvQYqQrngGkCgng1/QsWfh0kM5Kk07kjNKOuyl28gVZAfjSn2NKOnTvQRk1maEfGeOtKDk8il2E9D+NJtx0/OnoLUlU+nFWVmx1qlj0ozknBp6C1NRJg2R1FTCVTx1xWNkAAA5NSrMT975cdxU8o7muMYOBSFQSOtZxn6Yc/QVOrk/Tp71FhljbkntUqx471XSXPtT/Nxg5zRYwsWljDHAODTvKxwODUKSkYIHNS+eDywyfarEN8sg9c0mGAOBUvmrgMo5PWl3dh0NZsCEjoSegp6SeXx0xTyox0phTPfrQBMLo5Ofu+tW4Z1fBHQ9zWUYF5ByeO1TRkrhQOBQ4sdkbQf6GpEkySDxisgMx/D0qdJMHjjPrUcojTHIOfwpme/pVdZjjB61Ijh247VYBIrnkUikLxIuafvXucGnAhuhzQBC3LDjgdKkjdlduDzU5RTgnpS+Xtwy9TQBILgkKBnj1qX7RjLZwen41VC8knp/WmFMHg+9ZkM0/teO4HrUiToccA56GsUg8E84p5LFgC34CqSIcjaLqTzzijavpk+tZKu68A9amE7DqeBVDuX2jBx0GKBEvOR1qoLok8qalFyvfPNZjFNsCDjv61G1s3YjI9anE4x7U9JYicHvQBSWNk5I59qmWV1JLZ+tWH8rqtJsDZHBpsLD1nYgZ6+1P8AtXqOe4qLb/npQUI54x60rATpcK5A24qTz1U7fXvVAo2RtAINN2sMKTQBqeZHkYOaXCn5l61mMzDpxSiV8n2oA0sDIweaCik8HpWcJW7daeLg5GO3WgC35fOD+FAgbuce1Qi8BPIqYTggZ4HpUWAjMQ/GmmAjB3fhVrepGcjAp2c88EelKwFNo3C4zkfSiKNOCyjIq+GjIHH60x41YYYY+hqeQCeOdQNoFS5Qcr3qmY8DhqAccdfSkBYDkng81IM5rMZ5Q3Td9Kl849SpBoRoaBftmo2iJqt9pQferJ1eOa/QNaTvCydgcZqJOyHFa2Nv7hzSlo5BtkGc1w4vfElh/wAfEAu4hzuyd35//WrpLC9a9i3vA9uw/hfg1kp30sdE1bZlbVfDOhapF/pFqm8c7lAVvwIGa89n8AXdm7z6Hqc1vjJVCSOT/tIR16dK9b6dTRvTGNu6orYSnLoaLESR4YdS+KOgAieD7ZEDw23zjt9fl7fUVqWXxUBkEOtWRi45aAdT/usf5H8K9aMQc84YHoDg4/CmPptjdRNHPBHKCOVkVWB/76Fcv1KUfgmS8ZF6Sgchb634Z1uRore9VHPYt5ZPpwa1302UbRuWaP0cbgfxrn9R+HGh3DGW0jNo3rEeM9uDWSugeOfD25dJvlv43P3JSScegDZA/A1ElU+0rlUnFfAzZufBGm3km9IzaPkndC2B/wB8ngfhip4NM8VWT7U1FZ4QMfvc8Y+oJ/Wufk+IGt6KBHrmjMBkjem5QcdQN24E/iK2rP4k+GdQjRJHe2kc7Skq4wfqMjH1IrB+xb97Q6oTqPzNnRG1c6m8OqCJ7cj5Zo+BnI+8CcgYzXcSasZ/+JRNMoSH7oLDBx6GuUtdLQSC/siRHMOn8DA85xW4LZGjJeNWHesJ4JN3TuenSxHs1rc5vxJo2k+JY1tZbkI0P/PNxmvN28BanoF/Ff6XfNNscNsK7cgHO1yD8wPQ8ciuxn8GFNQkvbW+kiL/AHSOSvtkYre0awvYpxbapcmWJgdr4yR9c815lfAN/FD7juhjLO9Of3m5HpC3ltFdWksNvKUBeJmIIPoB1/lXLXGsW8MUlnqNsqSKSCr8K3vg9fyrrdQls9IEU2DMDnJRehHrWfruoaF4vt1t53iuii4DKVMif1H5VnSwE4u8ZW9SsRmEGv3kTy66tfCNyHhuoWhKgYaIgA/ln+QrJtfChSdrrw1rbW5HzCN2O0n0I/xU027+GGrQu8ukamDGxJ8uTch46DIyD+OK5C7bxjok5OoabMUj43pEzKw9mX/GnNV4SvON15HPS9nP4J/eeiQa74y0BXj1ezTUIh0lQZJ9/l5/Nazr/UPDXiUD+29LB3j/AGSR+I5FcdZfES6GRubA6LJlgCPryPzrUh8U6Pqu77bYHco+aSHA/Hk9aSxkfT1LlhJdiJvhz4Yu1Y+Hb77O7A7Y95JU+uODVGLwx4+8NSf6JN/aEW7+HLE/UH+matzf8I3ezxpY6wba5ONqzHYcnt25+hNbsUXjbR1VraYaki/w8yfpw2fxrL3ZPb7jRqaW/wB43T/Hs1qWsvEmn+WY/vME5B7hgTS3zfC3xUWe9jiWZO7N5MnPTkEEiuhXW0vLIR63ZJ8wIZSvBx14OcH8a5i90HwDqiH7IVsriUgAqSAv4HitmnFb/ecvMn5ehi2nwwMrm/8ADWvSQxD/AFakknjtuBAP4itHXbfxnZwLFJYPfKo2uY0Lbh9B1zWvovhXVfDrTyWeptewlTtQH5cn0JJrk9W8b+LtOk8i7inhRCSrhd24fUgj8q4a1OL95o7aDktpX9Tk4rjwXqu6PUtPutHvBjcUURYPqBgjHfO3NX30LxIunr/wj+sQ6lbICRHPlX9gCN2fqSPpW9Z65pGt26w6zbxTZP35F2tz6nt+FSX3hnT4wL/QHMDKp/d7iRwM/Lj19+tcDjHozvjNvofB/wATNNvLLxBLNd2jW0h+WQHoXXrj2xjp1615bMpDkg5FfYHxc0qTWNC/tHyn821YtIWGNwCn9fSvkgpksP7vauaorntYaWhnliRgVXLnPzc1e27T8461B5aFiucGsWjrIy24ZAxVOQEqBnHNXypUcHrVd1yOe9IBVhe4sWVedhrV0+H7Rb4U4ZaqaevmI8WcAjtTtLkeG6MPQCs6htRe5tLvj+XPK1Y2qzLu60wSR+aQw5PNPhuEaXDL7Vg9zqgTSypEDtAJFVreXMpG3Gaklt40kLg5BoSNAxYdTWJ1GvCR8oB7VeSIPyCSao2oYlWZQK1lGcKT+Vc8j06GwJCEPHLVqx4yCehqlFHtfrmtBF39TisZM9CEi9BGrnJbGK0IrZT1OVrNUBVwKkF4kI2t1HeudnTGR0ESRqxUKAopupajDbQgQtz7VyNzre0ttOABXMXmrOyBieGNWqJFSsjQ1DxFIQVz06muRu9UlnLbjVe5kSRmx1qg7DOe1dNOCR5uIr9hfMY8k7qhfaevWomkIPydKBIByRjNbnnMYQPu+v6UqgkYA6UMF+8vWpogc/L0P6VoYW1I/myQFycVGAR1FXzGWbrj3p7W+0gDkd6ls6I07mcEOC3OKkCs3TFXH4wo4+lCBTwO/rUl+yZUReu4ZzUqR7Tn9atGLHHBFRqpJwO1I09gxjIWJJFR7EJ6Vb2Nj5hTQvzbsfSmS6bKLW6sQcYqvP5cYx3Hars8gTkdaxpG8wnmm2TKNiCQ/KCDjmoDvPA5FTtjHzc0wDHGapETIUGCc/eqYFiCyikILHgYqUFokAHJNMSQ3ee/FCkNwopqqzsW61ahgZ88YWkNK5fsIiWz6da2C7KCAOKrW0PlLVvaGAJFZyZ2QjYYhOcVJKcetSpECc0rehFYHWVNuRkkipUQMM5xVhEyDkVbhg3DgZp2CxAqLjpzSlB16GrfllDyAaicMASR0pmiTIoxkkGrjWQVQ5PNVF4Bela4kcdaEAEDNBwcYqPf60gYZ68GhsRIcHg0wgA9KQkFgM8VJGASBnIpCZE2V6UucjIHNTyRKG4OPakOFHyjFIxdMpyRjaSOp7VDjoB0FaotmnH93Azms5lZffnFbJnDiFYhm2sOe9QJ3H609yxYgc47VZhg+Ubu/atjzlqyOGL5snpWrbj5uOlQpHtOCOKvRrtwR0qXsdFPdEzEgjZ96von4J2B+0zXMi/MRs/Bsf4V89RqWmVQM5Ir7Q+FOkrZ6dA7qEeQknjvnv8AyrzMfVtA+syWg5S5j6m0iB4dPjOcPitOyllWct1dqoWBAtQCc7a1tKt2eUSk4Ffn2P3P1fKloj0qys7hLdJn/jGa63TpTGBkZNc7YtI0ARm3KBxWtYyHfj0rhgj6Kj8J3ME/IkU1rxL9pIU8ZrnInSPY0vAz0rdivIp50EXHpiuhR1HKm7G/Ev2aMxRj8q0re0uY0LOmD1wagt08sqzZYnFdORJeYw2DgV2xjoeTiK7jp0OK1LVFRPKfAx2rjXvMybxzzxXS+IdFmhl3Nkqe9cdLbCPAyeK5alM9fBODh7ppyslwM4xxXKX8ps5fXmrVxLLERGpzWHqE5k5YHNYc1jd07soz3PnMeMZrC1W2jurWS1m5SQY6VakudjgIOc1clOYvnXqKujUfMedmGFXKfk18bfA7+GfEzrAoEFwxZeuck55z6nI/Cvni/tlWVpE/Gv1N+PPg2PxH4emkjQPcw5MTnjbu6jOPWvzN1C0kgkkSUYKMyn8Div0LJ8Xzw16H4hxNgOSfMjkZEwMY61TI5HvWrKmSazZV2n6V79z4+oiSPBBJ+laulySSxtYZ65Kj3rEjPIOPerlpM9teQ3SH7jZP0pSWgozs0zS+ZFZWHzjiq8zkMQelbmrxoXS8h+5MvzfWuckyzlq4pLU+kw8+aNynKg3ZFVmBHLdDVtv5UwgFOecUrG1iHaQvynNLyoz3pQRnjijAzk8ikIjL8bjwaaBnluaew5wnSo/fpVEscw8zCirQtC+FPSo4U3Lx1zWqkJJO49qljUSiYhEAFGBTkd9taUkWEXaM+9ViMe9BhUpEPFIkIwexJp+0MTzSbWGFIyD3oOZxZXlhZDuHzKaaCQeuAauA8YAyPSo5FyMKvOaBWGbgG24460EErwOtQZkj3Fh1qaNs4zxQIiETGle3diAuMdamV/mI6VMgBB2npTuBUEbk4YAUzylY4YdKupyc4OaGGzoMk0gKfk4j2gd+tVTCEYE84NaLghQM1VI5Hy8U7kyIyFwTjPepJZHmVAzFsfpTXbIK4xQNoGV9KCSFhtJHXNR9WwQasmNiNxA/Coxnea3MuVCjGRsGKhYsQd3JFWMDJ21E4IwxoE4kYyAd3c0/7o2jv0pPmJwRkUucjbjB9aCCNgeDQAAcLTXDZGelKVUr8vWgkdtH3qf5BA3NyCafGo27fTmpt3yhT9aCuQou204HGKcoLHI6VKyITuYcGkUDJPpQJxIySDTBjHzHpU7qAN3c1HIrpgquRQS4iBADuI4NKD820U/BIDNUJ3HlaaRklZk+0csx5qUkYCEZFMVSU5BzT0AYbSMHtSNRyxFjk8DFR7eeOasjeDg8gCleNTyvFZOLE0VhvJOeAK1rOUgcfhmqJ5wOuaEkaPnGMUnA0p6M6+zmMS+ZnBz+Vd/oGvSQyBlcEdK8jtpTI3zDmtmG9MLDzD8vqK56tFM9HD4g+h4pvOjMinO7kiqTTRsdjACuQ0fxDbvAI1dix4x2q3JqX+mAIOPQ1yOhY9NVi9qTfu9vXn865W/by4Sw6cmuiky37zrn9K5PxhOtjo0rdNwIH1IrWmrs5sRU0Z4fdTTPJPIX3NI2cmiFWVAGOWxTnhRRBtcfMMke9Sxnc+DxXto+TqO8iVF2/e5apgGPzKOKFwRipRkjaBxTMQVSWAPQ+lWAu3gjApI+oUirfLZ46UBY1tFt57qRbe3BaSVgiKOSWY4AA6kmv20/ZM0H+wtM02OJyhuEMIB5BOdxyOxyT9Rivyx/Zx8NJrnxHtrq+RXs9MikuJEbu2NqY6jIY5H0r9ffhkkGg+J9JtIWPlXDFjk/8tXXjH8q+Vzyr9g/TuDMtl7OVY+yLSK61C8jtDFlc4+X+tYnjx18PyvbxOwi8sPJGoPYDnFet+Fba3tka6uQI2RTknqce9fPfxV8RwCW81O4lCLFASSemATx/Svm6nuwPosBiZVsY4xXuQWvqfk1+1h8QX1rxTF4csywtbdQZQGyGJB+X8BjPv7dfjOf4eX+stJe6aQjqeFPCsf6V65491qw8XeI9REYH9pRzSBXTpMA5Hrjoc151Y+Lb7R9WGn3JMcW4K3bb7mvocBF06asflPF2YPEYuTvotjFtdGu9LSSLUYGZ16j735VFay3UOpC7js/kHTIr2S7u9PdZbu2njlfYccjH415JJ4okjlaKWFAxz8wyRXfTnOR8qdVJp2uaxF9nsIgYpWycH9K5S98A39reLJqK7Iy3I4J4ra0b4mw6LCInjMsnI7cVHL44/tmVmvDtSQnkHkfhQ41Opm+Y6BdI8K3lqhSJIpLcYQ5xg/1rw7xHDHHfusLBkDHDdzXpVhp91q+5dPJkhOQzYxj3rntc8LXlhBJfbDJDGQCQMkH1NVTlbdhzDvCvg3T9Y05r6Ri8qn5R24rA8XeH4bARSIoVgcfKMHIrW0TxBqGmRBYE3Kpz+dS3WrLq9wTcn5j2Hqa1vLmvfQWpn+HPEt/p+nLp9vH5m7cBnqCa4TVreea7Y3YCS/xED8q9Uk0g26pc7fLAGevWsd47O+uipUM+OTnnitOewzF0OG6trKTyrZpl6FgpPIrSj0nz4muLm2Yc5ztwPzrttF8XQ6GnkJbLJhsc102veO9Ke0aO3hxNtyAVAGT7ioc5X2Mnc8W0zwydY1f7GCI4uu4nHHpXSaz4K0nSQkPnCdhyecjntWBaXk73b3EZKsfQ9zVa+sNemD3Qy8PX3rZSe1zU53VbJIJRHDtIxnI9Khsk+Yoy54yBjrWol5C2wSwneODxW14WsYr/Wo7YsBHI+CT/CKpmhb8DWcMniW1up14t5VlJIwF25Ix+IFezeLNW8M+ItMFu8gdt+3cwwV256fkK4/xLZWnhe0M9kQQx28c5z/9es3wReaFqM7x60UWNPm+Y9c9KkChbeHNJt5ntrZsxMCSxOP51wepKLS4eOB9wHGfSvSPE2oaHZPK+mSebF90ADkevJry68vo5rhsKF6fXFFMD0PwF4Rl8VR3NxJd+T9nHAxwx9zVrxP4cl8PCCGFkkkfljGeg96wLG6uLO3xp1y0eRk7DgZ96ltddvbtTHqTCYocKz8HFQ6et7gdZ4cmsJ3jtNQkIC8qMdW9M19J6XJpNtp1rpruRIo3dOMHpmvka11CC0n8/wCWQjBAPIGK7TwP46uNV8RSpqTLHEV27j0wOwrjxWDk1c5Zo9V8SXM8qy2NnKWyGVdpwAfQmvAb1b7S7wW+wl58Bs96+htOvPDN+tzd29wqCJj3wCR6e9cVc6dBf6k2qxLuSMkqSc8j2riw0ZRdiIK5yuox2/2AQSbTIVHPesKyvRprr+7Eqng9sVNqNzaT6g8qOB1BrEmeWLdPMQIVI6ciu2NO71Rp7I73RtUtYLhbraCyuTjHFeixeOG1QmyhjWLbx8pwfrXz39tRwt1E2xR17cU208Sy2+ptJGgCnGTngipqYFz2E6R9KXNtcXqxW0TA7h83vz3rtoLBLKSy88YVf4exzXlekeObK8SKGxiAkIGd3UV3l14t0wCK1uwS6AEle2fWvHrUZp8tjla1K0wms9aj8QaZKYprRyVAA255A6/WvfvDnxw8Q+ITB4edUfaq+btUBdq4DHqTxn6e1eC6dJaXpcPLtikyMetepeFPBlv4Y8O6r4ph+YpE74zklVG44/p616eAxtWm+WDsb+yjUfvLY86+M/i4654k/s6BAYNMXYzLkhpW5YnHHHQenP0ryKG48NFDNqyKrKCN2K0LSOd766QfvFmZyc9tx4FcJ4kt4LaLyA43vztPtXoOTbvLc6oJLQo2kGh6rryvaKUi35Unr8tZPjPVLVb54bb58HAx0wOtZmmXRsboTxckEgEfrVTU1tZbjzrl8F+/1rYpmNGrXcqCRDsQ8nnkn0rfk0HWY4BPoXzeacsv8Qrcmfw9Z6clvG6vMcEk9au6H4ws9EcqyCQ8YHWuapKVtEc7dnocva3/AI40ixeF0nCDO/Ktgj2NUrC+uNTuUMyE4bksK+oovEOn6toixsmzzeScDgV55N4U+1X2NMICdcY65rz/AK292hN33Kd54hhtEgEdtjYACV78dq9H0DxppcVtHDc7k80cZGccdK4G/wBGl0pxFfxcAZz2z2roYvCEF7YwXdtNi5c5CdR9AK56lWMldmTNdNZs476dLKEbWzkkcE15jqlg66ib+7VWtV+YnoBk9D612tt4V1ZtR/fTJCm4Ag8DPuK1PE/h2Cy0a4RJ/PkIBIzkfQVgqyT0Ef/X8f8ANQcknNO3wngHI96yROwP3QKmWYniv6ER+IM1g65xjjFGVOPpVFJmPGOafvJzz07UCLeeg9aUEdDVIyrnAOcdqcsp3cDt3oAtHABGeM03kZ+tQb8A55zzThL6nrQBYLdfamSHnd2NRCUdCME8ZpfMUZUnJoAgkmETAHkntigXSNzIrANxwKldY25zj+dARc8jI+tPUXukykZyozjmlSTcDxyPeowiZ4Xr70JGiKccE0jFloScZ7ipVY5yRnFVRUqttbKnr2oNy0GJHUjNSqxxwetVwwIwamBGM+tQ0YMlyw4FKshzgmoTtzkZPtSAjG717UWEXRIT1brThKwGBg4qlkgDijPTHGOtFgL4dSc9CeKkBOCp7HrWcDg1IruoOTuz0pAaAPXnH0qTvtwD3Jqmki49M9KsBgepGB0oAnUYPtikVyFIHWmLJjjFLuUjoARQBIXOQB1PWl3MGG3p3quvbHJqQE52saALizMpB6j3qws+cZOKofjRmgSRorJgEFse9OMinjOSfSs1WwMdaXee1JEct2aWV54NGB7VniU89qk85umaZHKy/wA5XI5NIyZI9KqpcbeCTU3npxvYYag3H7CB1pec4DZxQHRvu9vWpBsz97rUWAYcj5s5xS7mGNoqQAAeppcZ6cGiwDTK4xxThMqtjODQRnrzSeTvX5Rz2pATLecZc5A6VMt0pOO1Z5gYDkYIqN1ZQd/ANBDNZLmJxtU4I5xUhKHGMZrnwSrccVaDMoA6kUCNUhWABxik8tQ2D3rPE5IAY4PpThcMDjNAGgY1AwtM8rHK9+uarLdHAO4dasR3MbHD9+9AEezPfrRh15J6dquefbsMA57U0rHu3KMnpQBUG/q2fanF2B5Jq1tU4J7U3ahGSOKAGrcOM8fSpRc7cCq5jbPHTtTPLYZyuT61LYF4XKHrxUqzIw64rPAYc4oGe1SBqo4IIzikIDKDnr2rNDuvP5UCRs5JpNFJl/yl7immEjBWoRPJVhZ843CpsUQEMjcjJNSoxzzxUpdM7u1RBV5Yd6QEgPJOM1WliEhJclD7VZX5W5Jp5QZNAFKASKefmA9etaigY3EgVV8vB3Ee2aehKgkjNAFsMVJOaTYGORUJk7ChZCpxQAjW6u+GGQeornNR8FeG7uQXEtiglBzvjHlnP/AcD8663zM8H+VU7sTvC32QqZR0DdKxnBS3RpSryT0L1rcRRaLFoq4SKEAK2MuAOgznNRajqk1lYGOztUufl6nO+uVivtageOK+sxlzjMZzx6nk/wA6vXOs6bBcfZZ7hI5shQrMBknHT1rzpYWmtm0e9DFVX0TOMX4gXVrMIdY06RPMbajRrjP1DEGvS7bzLmBbpYWMR4yD09eKp/uZ8FlDkcA1ainltVxCxVe4zwfwrjeGrr4Z3Rs8TS/5eQsW4pVmLJGSy9D2P5V5r4h8I+H2uDPLcPYPMeMEKpJ7kMP6iuhvrS+xLd6bdm3uW6BiTGc+oANcPe69rsUJh8T6QLiIcGSDkEDvtyf5rXQoNfEjjqVY7xZiazN448Khb2xuTqtjFlnJXzCF/wBrOWx9G/Kk0v4uaZcMF1G2aCZhg+XhkP4Mc122l6loZRI7ScBJAB5TA7gG7EGsbU/BvgO+1BjIBZ3UpACxyLCGc8DClSMn2xmuSrTmlenIunUgv4iKstt4F8SqXnhWzkY534WEk+vy5B/OsB/hZZTO8+gas4JGMNiRS3+8mMfrU2o+CNVsrdo9HmFyAeI5DtYD2PQ/pWBZ6R4o0SZ3uradRL914csQeufkrhqKcvjp39Dtpyj9idvUxNS+F/iq3RmWOO8J53RNz+IcKT+FYukyeMfDd0iObmyjY4G7cFP1yMH6GvVIvFOu2jKJyZNp5EykEj68HP1rsLLxRaaoHhubXCYyQQHUn/dI6e9YRw9Dm1vE2niavLrZnI2njmGVfI8RWi3EeOZIEG7PA+ZWbB/Aj6VcksPDGq3L3GjyCRFQblGUOee3BroToXhHVnJFrBFKeMR/uif+ApgfkKwdK8FQ6XfXNzpl0xjKmNklwTyQeoA5GOK1lRd9HdHIqt/s2Kl9b3lskdppp2tGQ+ATu+lXYtW1EH7LqECSBRwHXJBI6g0lx/bNiN01u1xHEevf61y2seJZjJDNDtlUnEiSAhl9lNcmKo8u+h24SsrdzRl0fwvqReO5ikspgeWjHBH6k/iKbbeEL60Qy6FrSXWP+WU3GF/DOPyre0u48P6qw+zXAt52XmOdgGz7Z4P4GludKu4uHiDqhyGiyf5dPyrjcfd1VzpVVp6Ox5/4xt55NNbStasxGkqnnGVZsdj61+c2sWj6TqE1oQPkkI/4D2/Sv1NvhLJbeW7icwEMBJ838/rXwz8c9ChtNZOq2sC26yYSRV6GRizbgB224rjmo9D18DVlze91PApDubO3ikCRA5Yc09xg4JpmG3cmuSZ7JTYZJC81UcEd84rRYOGyOPbtUBGeMYrMpFOzl8i4VicKeoqyJgmoGROFJqncBUkA6CrksYWKO47ZAqJGkEdOsaMoYjnrmpBBE7b0ODUNuwkg5647VNbINxDcj0rJo66criyROBycgd6dbjnHX3qw8O1flPB7VAgCd8YrGUTpjI24RggDtWlCnVyKo26rtXB5Na0cXzAMeK5Kx62E2GLy2fU1cUgdqcI4wRhaneNccjFYPex6EXYglm2j0Fc7dXyhiGOF7Vb1O9VI9oPArj5ZBKcKetVCncyq1rFi5nMhJ3YBqg+4qATkD1phwhPPNQtNjjrXTGJxVKtyKRiFyRjPaq5OcbeRUshyQe59aaq45Y1aicjZG0eDnpmoDGS2SeBVh2OOlMXljuPNUQ0mKqKx5NWo02cDmqyEhsgVdTOVYiobLjAlUYbJFS4AOCcikLAjaBzUgO5drcGpOxbFXy8njvTXjKcCrYjHJxSeaqZyKlbnZhqN3chSIhKjaKQN8tT+Z37Ujz+X1HNWdsorqV2WZiM5AFM80L8mRxTXuWlbHIFRMiqWOcii5w1OX7JSuXLOe2elZ4X5sZ+tXG5OetGBz70rnE4lTGM7uR2oCjBcdKsBONvX0pAhAwOaZk4FVE3c9KnCkk56dqkEbEegqxFCzOoXnNO440xlvbMWPYVrRRJEigetWFtwi47mpooQWy/QdKVzqp00iRIty/LTVj5wau7cLkHrTSAWzjGKxaOnlIlBAz0xUqIpUknmrCPtU5G7PaoPoKLD5QztXb1FTxyMPl6CqzZ6Cnxyon3+ai40y8D2I5zTHGOT3pguEBBHNNaTcd3rTHciZck45BqNo8MKs7TkMDxT8qx2jmm2VymeyKSc9KBAWHHJ7VfMaMQoFXIYfLcEjigcaVzE8r+8MGpF+XGK3JII5DknFUZLModydKDR0QVEZdzdaSOEM3zdDSqjDg0bipAFNGU1YfqFvNYIvOVkHBBrDMnrV++vpbjETfw/pWSPvKDzmt4xPDxM7y0J448tvrR2jO4VDGmwCpVGeaXOYWJ0Abk1YCHrjIFQqhOFWteKzkkKx/TNTKel2deDoucrI67wN4ek1vXrSBBiOSQZYdQByeD9Pwr7iTSFtZEFmNoXsK8d+DPhSWyB1iSMAONqjqSD1yfy/KvoWeB0kXt0r5jMcQ27H3+WYS1rHa6RtezHmDheortdGjSeRdowBXH6eubVFUda9M0KGO3iVsZJr5etqz9Dy+NkdDEBFGU6Vv6TbMw3sMDrWTHs3Bm711FjNCV2qa5+p71PRDbi3nmbAzt9q2NNscXNvFE37xjyTViLdxERgNXT6Nowa5W4D428jPc1Si29Ca9dRg7mvJC1myRsd+e9dNaPGllu3Dfnp3pklmkgG/lh0PpUCWRjfLtlT616dNW0PmatWM42bOY1vVfOk8iVcEV51qE4X7gPWvQtZhD3Jfr9BXA65bhcCLrnmuOrI+ky1QUYpGOl1EpJk5OKzpY/tO4KO9LNbEAMTXS6Tap5JkkHJrhkjvq2iro4KayFtIrMeWNaUcML2zFhyK2tQtLeZzjqOlYcq/Z4zEOSaunoefWfMedazax3G+Bk3IcqQemOK/Mf43+Ej4e8U3PkR4trjMq47EnkZ6E5r9TdZiEELXLdh2r5h+M3h2DxH4Mu7i3GbqHDAEZ4B3E+ucDH0r6HKsU4VF2PheJ8v9pB2PzOmiMcnJyprMuIG37uoNdTcxGZiFXkVkiPqucsK+8ps/Hq9FxkYGCjcinjDKQOtXLiJhlsVTUAHOaq5xSibdhcNd2z2Tf8seRUfkeamVGMcGsgStExdG2544710Om3QSMxOMrJ3rKrE9PLq9vcZiyRtG3Tk1Cw6qRXST2gkJAHXpWbNbuBsC8isT6BQ0Mdoz1qFiRwBir5BTgVAwU8nimYSj2ISNqg+tMznFSE5IFIicge9ImxIFkT5vyqzHPIBknk1ZEW8AMOAKcLNdhGOaBocLh9m3bmo1Yn7ydKnihKsuTx3qWVSWwDxQKTIFi4LU18kAA1YZzyF4AFRFNuDQjFxK+PTimjCjrxTjyCemKYVwBuGM0jCV+gkpaRQUWo22DC55qQNg+lQlRnOKDEa3DdKau4cZ4qRh05xmkKnHXrQBKrBfm3VO2C25emKzipQ9N1SCZ8bcYoAtqAxOaYyg59SKasuBzzmpjKp5HXFAFF4wenXpVYZAZQa0HKgbs81UKoW3djTMyvmQdG4oB75p8ygDjpVfBzx1rczLOMDI6UhYdH5FQAuvHUelLwfmP5UEyYglYE47UwyuwD9ADUmAR8vBNQuMHAGRmkQDSMWyehqRAD8w4xUTqoIyCPelJc8L8wpktE6thiakPzZbpUKAZyTirChTyPmFBrFBuBAHpSBQThTQdgJxwaVMvyeKCg2AdWzipcbxt6Y5pWjVQOM09VZl3JwelAchC0e5OKaI+mB0qxGJB8riptgGAV5pNlOminkgZUcUgwed1W3g7HgVWaF1G7sKLmMoMVGJGM5xU+fWoIg3Papz0zSZmyePY3TrUkoCxncOnSqcLMHHGaus3zL3x2q5DRWhypLA1d++vznBNCxoyBoxj2FKzHPK4HrWUkOMzXsHWFxIzHA9K2zqMbMJFOSK5u3ZgCMAr60K/z/ujgg1HKdMK7R6TaXpmRVIINcP8AEW8eK3tbUAZnYls+i1fgu2hZJN+TjJrgPFGojUtU3beYwAPSlSpe8Ria14s5yJNz7lA981pRgAggc+lVIcBfTd3rQjGwgdSOlegeGPCZYHOBUykqeeQKYmeeOtSggt0waAJ4Vy5YdP8AGrkSs4GzjtzUMOHG0e351s6PpN3rWrWmk6epMl3MkY9cu2P0rGtKybOnC03OSiurP0J/ZN+HduvhaTxReKRcamwwSM4jQnaFP15PWvu/wtY2R8baLZTjegnUMe4yD09/SuX8KeE7DwF4V07RbMDy7SFQoH3QT8xAHYZJrV0i/mg8R6ZeouJ0uFOOxBP+Ga/OcZinOo2z+hMrwKo4RU472Ps/xDrP2GL+zg+G2g56bl7e/wBa/Pn9qn4nQ+FvDF5bW7q1xcwmNMkghn4z6cdRX1D4/wBV1C7t1vI5PLEONxGVJXuD+PNfkx+1aItY8UWthbTsRbwjesZyS7n5c/hTw8PaVUnsePjJ/U8DOf2j47mupLQi/j5ZPmB985/rWvLeWPirSJdRmXy9RtgFdU4DLj5X/pXT6r8H/HAgRJrVrGJVZma7Pk8L14Iz9a85uIdC8NxlbXUGvLxsq21cRgenf9Ca+xik/hPwTEy5nzHKS3V9aBvKZsA9emaw3u7qQkvIfpXrWpzaVL4ciubaEbm+8Rzh8V444lLsi5xnr17V00fQ5iSdi4V2bkfrVWB3dmxnANW44HdCvpzUkcE9ugLrlGPX2rRiPTvBvjiXQNPOnmITNKTtb0z7VrT67q19DJbTTgRzfeHSvP8AT7LT2D3Ly+Wwxt5wKoahdTW7giXdg9elckqV2Qzs5rhLVRbWih3YgFhWIY3t78tckDJ4xxzWVZa4IBll3Mo6+9ZZu7y8nZt2cnPJz1rSNJ2BNHaa3r0y2+12LrjHHtXLpq8NtukBZZJMDj09zVK4026YK1yx2LznPFc9cOwl8sHk9BW9OOprGx00WrxG+jkjO5FbLA9DWjqmqyagxaMhVUgDFchCpA8s/KTVszLEI1AyR29aGiWjtra6tbGOCKXBc8n3zXoMcd/d2qNZws0RHbpXmLaMn2C3vxIXeQZ255Fd1oHja90qKO28vKxrgZ6GsmuwFbU7WFImjubYeeBw20ZA7iqvhXwzf6hHPq1nG6x2pywxwSO1epaGmn6/HNd3p+d+Qo6DPqa62Z4vDHhK7hso8hkLKFGfmYd6Sn3HY+b9cnutR8xZCQAeB247VzVpoOpXLiOJGD56dyPUUy/nvUv5XQsyLzjBxk//AF609M16/sJRcsDuPAJGQa0vfYm5S17TbvS3FvdMRKcZBPaq9po4urXz/NAf0I7VNrGrXutXDXF6wYMcYxyMeldR4d8LajrsUkelqSkQyT3zQ2ktQk0ZluIrO3WMOfMHU9eRVj7HPLYvfCI+Xnlsdc12aeAZbHTzc3subhWJ257VmavNqtnoJito8wnOWAyAanniyUeZXF0YY2GCCfSqunXM0UjiLkN2JqO7uZJF5XJ7ml0zfM+7bwproWqC2h7v4Z8J3OsaSlz5ph81jgN0471v+JtD1Pwr4dS1guQ7MTIQD2P0rymXx1qlvbQWltIY44hjaAMY+tY03inWNQleS8uHKNwqkkjiuWOH9+5nBFCWaR5HwSgY9vU1t22oTiIW28bSMYPWuda9DyMGAUcf99Vrx+HtYntYdUt4y1u525HX61pONtzqjFvYdeWjSgMsgwD24HNYj3MlouVTOMgmvUdZ8D38Wjx3Fmm4xrucDknjNeUKl3I/2do9pzzRB9hypPqep+CL2xs44Z7hvnJJ6dAe1dhf+JLCK4NyyFweMqccjnmvHLGGfAQbgFB6Cvqf4IeDvDviHw3ql34itlmktyOHJGcr1rixbiveMlQvI5LRtbk1ueK10yAhpXChFO5iSewxX0p8TPEL+FPB8XhbeqyvEu/PO6NRzn3LAHFVPgVoGiaNfX+oTWwhaMAgsOR2OM+teKfGjxlYaz4tv7idi1rD+5tUxtLKpOT0HU5PPPbtgc1OK5+Y09ly7HEeE7ia51K4u5wwVgAnORnNVPHNnFG4khbLOM8/SvUvBFnBqVrHNbxKsOwENjB+ted/Eezhs3kYNvU7ghHpiuilNyqsqdL3VI+e9Qupo2kijONvetC0sWu7MTmXa5HQnpWLMonkYFwN4x9KsKZYwsJcqgOM16TOapsX4oDGyyN8xx255+tdp4X8PJr+oLEjbpTj5eOKraf4cMmkC/llyjMQOece1eg/DuysPD95/ajAnfwA3A+teZjcTyxdtzmaPQ4fh1qmk6c053EICVxz+lYmj6sdI1IXF4sgAwArjg17kPGlqLJUyrrN15wRWfq9r4c1CCK6uArIg47YzXzarTfxGUlc4XxxcWmpC0ZT+8I5B5AU15taeI7rRLhBE3nRKxAB5IrutbXS74y2ts+CqkIVPQCvBtXtdRs5PNWTzoxnGDXoYSmmrMo9dttcm1zUBmXy1fHAGeldk8UMcipG3mKeueOa8E0vUVSNNrmNz1x1zXqWj3ZEMCXb7m3Hcx4O2jEUORXiM//Q+fdxJzUqZz6U5UXripUQYr+h0fij3JVbA3Z7U8SkAH170gUA8fnSEgH+tQZD9zYzxzSKaZx1604c9DmgCZVp+QeSc4qJSAQfepcggjg89qAGfNgE5BFOGc7geaCATkdMUDGNuOnpQAd8+tK2RxmnD5fxpCpzQY1ESbj0H6U7LcjGRTAMnI4pwU8HaR70E2HA4GKcsmO1MxR+FA7Evnnuv0qQTcDGRn8siqtOQfLsHAzuP1oCxcWUnjPNLvOAOnvVUZBxnNOBUnJODQIssSwyGzUiYyMNnd1qoGPBI5FSoxHOMEUAXeCCSMY4pASeWqLdnBc09Dkk9cdKhoCYZxyOD0p4Yg49qTcGHXn096cE3YGee9FgF8xsYzinpKSMk81GUbPTFIqNj3pAWvOBIJOMUvmgjNVsHaN3Wl24+lAFxZEJ56+9Sh1HJ+as7dwT1pwYjlTigcUaSHrin84Gf0rKEmGJz1qZJSNvPFCEaA9aX6cVArjdjoDTw6n5V5NAEnuTSdeoFAcHoRS8GgBAXBOG4qwsuBxy3vUHWjrwBQBfW5IIUgc96UXCjrmqGPwoBKjpnNAGiJuflNTiTnk5x6VjkcDP86VXIPy5BqLAbolVuSOKUhW6jgVj+efL285FSrcNxuNFiGaLRAjdjkVGU3HIODVX7SQSSOtSG53cjBNFhXJDEM5YZNNMZU8dKeJ0IBOA1AnVgMDp3osFys0YzyORSqrE9eBV0SZwRgUpwcblBPtSArB2Vdx/SpUuXHygnHU/WnNGDyo2+lIYSR1z34oAd9qk9ckVJ9oy1VygXqTzTfLKkD170AXVlVs4bpUquhGQ2azNrxnjPNAL470mBotwfrSfL19qqCRyMdhTs0mgLy9OPSmFNwB71W3nP4VIsgyM9KkCUjngYp2e4pNwyAOaWgaHbieCMU4SyKuAM1Fkcg96UDaMk4z0pNFknmMepOaUSkcZqLPPFKeOQOlSBbWdRgkdakLg/NvAFZ5bJ4yMflTlU53EZFAGgGB+70/rS5HpmqW8j7oyKcZW9OKQFwhhzkgim73HJxzUMcoPysSc9qmOG4UjigAc7iCe1Zd9o+n6pIkl3ArNF91gAGH41p7T9aTtxxUygpKzNIVZRd0zltW0nWY1E+g3nkOo+6/IP44P8qr6PqHimN1s9bsl+9/rk4yPUjJ/p9K6l/M/CgNg9cGsHhY9DaWKlLcuuERSzfKAMms8S2s6b7aSOVPVSDU7ShlKy/MCMH6GuSfwbpkivLaXU9vKeQyMMhvXpn9ah8y+FDjyv4jbfTLNJPP+zLvbkvtGcfXisvxB4Y03xDa+TIDDIo+SVeoPqfUVy01p8QtGnVbG7XU7Y8lZWyT9dxBB9txouPiNf6SRHq+jNFjgkKw/EEnH86wnXiv4kDqjRb+B3OdOi+P/AAu4XRp/t9rn7qksPp5bY/Q1atfiXHbytB4i02S2kU4JjGOR6q5yPwNblt8SPCl+ypNcNav/ALa4GfYg4/Oumin8P67aMtu9tfoThh8kjc+oOSK4404N/uqljaTnH44lCx8UeFNVMkNteRZzgJNhCc9gH6/hWvNoumYdYbdU3L96LC/y4rm3+HXheZy4tTCzc5jbaPyxgflVaLwHfaXIZNB1WW33c7JG+Q/XaP5itZRn9pJmSnB7MS78HwZElg7RyAk4c5B/HtWbb29zpzTNdxTSqmd3lAuRj+LI7Vpy6l4x0v8Ad3ttHeqpwZVB792xjj6gU1vGOlWl6bS/jaJ5AG3oNyDqOQPm7ehrz61KjzarlOmm6q2d0V7XxBIrN5zHy2+6HADAe9JNP4c1MiK+td/PLAAc/wC8vNdfbT6HraIqSW10MfdYKXA+jDd+lZN94L0x5S8BltXPI2sNufYEH+dS8NJ/w5p+prGvBfxItHNT+D9MlbOn3jxljkZAbH8qdDomuaU5ZLiSVCMAKx2/keKnv9E8RadAz6ey6gmOQAfN/Ba4QePtW065NnqlpJEsZxgody/7wOK46tOMP4sLeh10qzl8EjoTqVxIWtdUiCt2KDa23368/SvJviT4PPijSbl9PlDzwRkoj8btoJUZ6ZPTmvbdO8T2msxfvbZWG7ggZ4x1+bOKwn0HStXvLiNJ2toZ0PlgdmH1/OuX6vCfvRZ2U8ROL1R+YEsXzMW+9VY9fwFelfE7wheeD/FFxp8qZgbDwyDhXQ8ZH4g150cfjXg4im4ysz6uhWU43RVzubntTCOCTxU23n0qNhnpnisLGxlXCFj831FdJZWMd1oUjN99TkVjTruQY4qfSbqWMtbH7pz1rNmsWWdIuD5RhIB2ntW5bfNu3A5rl7Uta3jwsuM5IxXX2LEqxlOMipaOmG42VnRAy81AzO7EEc1Zc7pQoHC0k3DqV4xWEzrRdskYAMWOQa6GBy7hWrHs+RgkVu2sLE5Fc1Y9fCbIugjqy4ANZWpajHGhCnNaN7MsFuVxkGuBupNzFh0rnitTqrVLIjmujKrbhmss9cgYqwZCQMcZqnuZRzyc1vHQ89z5hsnIJI6UwlXQAcEVYaUGPGBzVfjkGmmZyKxwud34Gnrzjd0FSLFvY571JHasrEZyKvmCMSv5e/oakjhAJI5q95KkYPGakjh2pxScjSFAqhW4OMVPwcdzTiQDg0oXJPOMVLdjZQsRshXL0LMxbAFIzckE5FRgYbaOKEUtyyzMUx3qtk7cdanK7V3k8VDDjfknFStz16fuof8AKNuarXNxCDsA3HHWpLvg/L3qbTfsiRySzRiV8EDcOlUZ1Z9EUA0ewALzVeV1A9TTpZtxIxgVTY7se1DOCTGUox3opScikYiYzzT1ByCOKC3r0pwcAbeopgSjAOSMg1dtot0iv0Aqkpx8q85ras4iAGqWzaK6FhUydzdCasFUOcDinAHpSDJ6DismzVOwwAL1OaVmVQAOc0hwtQHPWncq5KkrEnjAHSn+cqjI70xVJG6goc4FCYXAMG+bGKeFBGQOKaFYNzj6UpJxgVABjmg4HAp4HqDTtuQAKdikhEfjBNSx9eCMe1SLGgB4oCkcgAVRqWY0UnIq4WHAPFZqbhwDjNXV+UKW5xSOiApyG6VNwRjGKjOHb5TVlYzgbzQaFfyAxzUN3atbW5uWB2ZwD2zW3bWjzzJDGMl2AH4mtL4gGws4bTS7T7sOd/1x3q4I4sZUUYnlshVSS3GetMjCn5xz6VDIfMfA5q5FDg4PGOtbPRHzjd3cmjcsMGrsK5YLUSIDwelaFvH/AAr2rMqEbsu28AU5r0/wL4dfXtas7bblDIN3GRgYJz7Vx2nWRmw2eV5x9K+3vgh4I+w251m7hAn2rsG04TdnI+vrXm4/FKCsfYZTgbR57bnsq6DBp+nQLCMCNRWDqMiPtZB83evTJ44/sfl9TjFedyQiFyGOevFfKyrc7PtMvo2Rt6BJPKUVhhRXrFqdqL7V5lpEy70iUcGvXbCxMixyHuK8+qtT6zAxNWGB5IRuPA710Gkw4fcRlRVZI9sGxenSuw0O3SJA0g69q4pvU9aUjqtF01bmNppFDKBgZrVtnc3aW8GFVahkmW2sgIeCeTWz4Zti0ZuphkluK7aUdbHkYqraMpvbodT9lKW4Zvv45rm54LlmDk/KOua763tHZ2lc/u+9ZGp6ebm4VYspGfTvXXO6R8thcclNps81v7yFGwSOOtcdeBLifK8mt3xPp01nqDQurKV7EVkpHtwxPNefVep93gnFwUogujx3EPziub1Rp7BPJhzz0rspLp44AyDIrn7uA3aecw5rKWx00rtu5yUN0fOCzHJP86muYQJPMPOahubYpPuHrUd3dhQqtUF1orocj4mid4xFGDtbqK8k17SDPYyWu0srqVYY9a9m1K8R5FCc5FZl/pTLbiVuc8k/WuulNrVHgY6ipJpo/KD4s+Ev+ET1l5Lc74Lxs9MbW7g/WvF5Iudy9DX6QfGXwR/b+nTQqq+Yq+YjHgBh6kA9K/PK7sp7WV7W5XayMcj+n4V9xk+Nc4cr3Px3iLL3CpzJGO4DjBFZk0AVjheta7qVJxVRwWYCvcSPkZmU8YC8/hVyxOSYWPI6Ujwgn5gcCqvmNBMJR6/pVSV0KldSudVbSCSMoT8y1pyrAY12LyBzWClyGcTxjarDBrdX5sOD2rgm7M+rwVb2keU5e6t2jyOxOaoFFYAccd67G5gE24k8461y80BjOSDwcdKo1lEpNEF4JBHtToUUSZxuB9KmW2klDOOq9qfDHIkgzximyOQt/umUAZFHO0jNS7RyxIpONoOaQnEjK87vSoiX3c8VZxgHHOaimJIBFBk4sQg9hnPWmuhGW9KFXAJHU0Nu47mmiXEiChjljye1Qthhj0qxgA5bn2pxC5yFp2MnAoBctzSHPIzVx1ZjkimmI8cUmjF0ygRzgjk0ojAIwDV10UtxyaaVZTjFIl0iqBjOTipPLGCRzmnOgIPFIqMvzdqDN0ym6PF96nEspwTxirygEfP3pZII3Gf4qA5SjjKg9qXarfd4qV4Sg9MUzp1oGQtH5i9cYpDGN3TtVhACc4zmmNvboOhrZzI5SuYsYIpghbJ9DVtMZz3qUxnjHU/pR7UagZyR4YqTUwiAJU9OtWhEofcRzjFBUAbSKdw9kVmKbMYyKgUICQBke1XigIwvQVEkSo24dT2qXMfsSIQKSNo496sC2UA7T+VTYxwR0q1HGRye/Sp52bwoIpGzbYZl6Co1VkJ+Xk+la5kOwxqvynrVcfMcr1FHOX9XRUVD99s/Sp1XauM1YcOwwMUibgdpXPvUl+zRXYZA65zRjsfwq0OvA7010ORxTsZOCIvmAUEnIoDZJyKmG8H+9UoUYywzSsZuDKLRAneTioNvpzWqYcYYd+1QNEC3PAq7nJOmUVKk4XqKmXG3cO1I0eCWWkV4yenNOxzkyvtIZe/rVtXDBlcbiapgEH5RkdqsqeDu4zTsZk8ZCAgZGe3pTSjKR0K5pBnHan+3Q+lU4FwZJLP5MbHvjg1wzyCZ2mx8xOK6PV7gwWTREfM/SuWtT+9Veyc1UImNaZbhjB+RjytXFDICw5BqKNAGLcDNWlDBdoOa2OIVQwOc1ZOTxj7tRoBgZJq/HtY9+aB2G27HqnrX1d+yb4In8U/EZdbe0Nzb6SNxOPkEjhgpyeAR718v28IyoUElmCgAZOc4AA7knoBX7BfsqfDy38JfD+0urotFf6l++m3Da3LHavIHA/nnB5rxM5xfJSaXU+y4Qyp1sQm9lqe5R2OrywvBNL5SxrgF/mPHH8q5rTFuP+Ex01JJt+LgLkDsM16JqUKeZKiPj5c9cdq8/wBDfPjXSYIuWExLfQKT/KvhL8zP3yFPkps9n8SWJvdOlWa9aKPB3YOMjBP5cV+ZXivx9pmg+J31vw9psd9fWx2iS8TzEZkb5GVQyspGOCCP5199fFfVTpvhrU7gTGE+Sw4yTuIO3AHvivzPk8Nz313PdSHEcjNjHJHPFdNB8srn5Jx7mKp0ow7nG+O/jd4k8bXLHxZOJpVXYdg2Dae23OPx6mvmDVBazXTGLITOAPpX0p408EafFZfaJwUdAcMoAZv97g5FfMF3pt/YSGaaNhGxO0kEZH419Zl1aEo2R+PKpzbGjoN3HY3LwscwOMSKRkH0OPatGXTLZtSjgwFguCNr44Off2rk7e7jhufNkXIJG4Z5x7V6p4c1zw/eX8FjqAVYsjyi3ChuwPpmuyfN0G0YWs+F47WaL7FKrRN1B7fjXM61bNbQrDFKXYdQOBX1THY+D9Tdre5gVNpwB0DfX1rM1z4OWGsyf8SGYQkDLI3Kj6HtXCsws7M4vrSvqj5XtZdwWM8Hue9djLoWnXFoHt5GZ9nIHNdhqXwc1HTXkkSZXEXJIPB9h3qXw4LLSbiSDUlXkbR35q5YpNXiV7SL2PHn09LNSu0sxP8AFwageRLUlEAQnrivpbUvhrY660d7pUqI7cuhO4V51ffCnXra/dWVXU/dwd1VHMINWYe3iji4GW8tDbyvgnjJ9K5O805LW5aPzFde2Oa+h7P4SSrozT3ke25cn+KvDdR8L6jDqosYUO4E9a3o4qDe5rGvFmN8qn0HStHStGOp3aQA439+9O1HS7nS1X7QOQec1zdnrV1p+oC4gf5kOfzrufvbFrU73V7S+0u5jgj+aEAAH6VkTyTC3yrZYc9ao3Piy+vnfzxvz0GK1Y9H1R4YGVN7TgcDtWTVtwsetfCVrvXr9tOmykKrvZs+h71634/uDp6rpdoB5ewbjntivMLy0n8E+HrOTTXZZZE3vIOpyO3tXDaj4wvtSieeUmSVRyWOWbnFc81cTR0Fs2mRec14gkUrjAwTzUc3h+11NQ1ogVGXdntXnem3klzNJ9pwuR9M+1fSOk3mgQ6daQS3USIqY5cDn0rPncDmm2eE6zoFtZRRwwSiSdj0Hb6V694Sk/4RLS4baZwbm5AY5PK57Vna7p2mLqovrVw0S4IUHOa425k1HV9biJJOWUBRxjmsKlRtako9K1LSNW166xpuZDKcfO2BWna6BcaNYz2WrLvOCdgGRk1plLzT4oxppMjrwSOo45rGs/EV019LJrE5fy8ctz9Qa4rvoJyPGdd0O2lle2tYsP1HauQubWfRcw3cJjyMjA3Bvave9cm0i8nW4sFACHk4/SuJ8YPbmG2S3X5l5IPUV6OFr9DZVThtP09tQkhXZ8sv3R61NrFpDHtgRQPLb5ulejeCdMa5iuNT1AKlnaRsCwPKvgEj6Ada8d1aWa51OQwsXDtgDGOSelehGpfYpFi2hFzdeSse455bjtX1P4TvLKTQINLkiAW1UgkjlqwNL+GlnoeixapdyebOIgzIMfeNeUax4n1HRZDFbHCAk4zjBz0rCd5bHVRko7n1EPDs2p6TJPA3kCRcDPpXzVqmjR6DfXSM/nsmcgDufSun8N/EjX7+CCxLmNJTjpwK9V8D+BtJ8S609zrs4NupyRkgszcAVyvmgdTtM+frC4trtVt4l8u4kOCCMcV6T4d8Vah4It5rc58qY5YHoeMV694l+E3h3RNal16wnCQ2seTF1AbGMhjz+B79+1fNesWVzqGqJZ28/wBoa4kASMerN8opTldGCjZn1V4D1q71Xwdq2ulRbxrvVCf7wGRivl/4gWrSbZhMs5RsncfnOTn/ABr6o8R6U3gz4Pjw8gHnEAMRwAHYyM34Divge+1J7u4lLEgbiBk54yen0GK1w9K/vDnI7aD4pa3plnNY6aoh24wcZOP7uDxXN6l4pn1CAy3DYkwfl5AGetc35SupKkrtx36/WtjS9Cvb9JhbQ+YQD/8Ar4rr92OpzOqcLHOGnMjDGDjGavTXTFTgcehqXVNCvdLutlxGQx56YwKp7TyBz9a3TUldMxunqdzoOuXE1ultIMKmFA6jFe462lsdFga1+TCruxx+VfOWiwXHkuUG7PXHQV3NlqepzeVZzlyExjv9K8zFU4tszqxPpbwz4Si8QaFHNNK0bIMBsflmuE1GS6gvU0kTEosm30zg1LqGvav4X0ZLWO4O+4TIHtjmuU8K6vc6vqwguE3yn5lz1yO9eEqLd5swUT1MeFrEW7TFmjmcZDD7ufevFPFjLouyORBKzkgFemTXu0dtrQVzdDFsRjHoK4XxrptnqNrEFg/1PJOM9KeGqWeuwzzG33zxQOtvhyNxA5xVCfxHfXVx5aYQoeOecDivafBVtpttFvu5Fj9d5C4A7Yrz3xVp+mXGs3E2iKCdxzsGQAa9GNTmdugz/9Hwp2CmhCpxzj61mtKzHOaFlOPmr+hEfiktzVDDkDkU7O7A4xVBZgTtYcdqmLhcYPWgyLXAPIwKZnPTtUe/JwDyKNwHT7poAmIPA7H9KcsmOO1RAkj6UDPSgCwHx1p4buOlVN2Dx1pwf86ALe8E561KCACTVFZMHnIqTeOD1oJktC6vQH1pO/JqASEAELkUjMcgE9qCifPAp+Rkc4qoHbgdal3kZwRV3IsyX15zmlwcccmot/Gc07cO9Fx2ZKP/ANdBGTUQbj+VSK2DUGTFPAxTwSTSZ3UoGKBDw2PQfWnCYDkDNQYLds4poBGQOlAF1ZlHWrK3ByAeKyegyOadvYH+tAG+s4+6eTS+YueeKwVkPrU/2hhwRkUAbPOflH0pzKMjnJ7is5Zy3VtoxwKcLliR2X1qWgLxQAY9aYY89DioRKCf71PWRSeO3rUgO2ce9N345xQZFyTmjKkZHagB+88EnB7U/fgn19KhH3jwDjgU9gcZNAEglxwOPenid+fU9apjglCDRuyAwPXg5oA0VuBnHWplmHIA/OswHAyOaDIRgDn1oA3A4KjNLnAwOfesZLgg+oHerKXSn7woAvgZbb0pFUHkmq4mXgng07zx6YFAEuOcZpcZ5z0qISg85FIs2XK5oE1ctZ6A9PejaMZ6VH5g9eKer5J5oMuVhtPXrSZYcZxU4GACSOaQhMkNgk0ByshMjKMufl7fWlW4cfKv51MqLwRz9aVoFJxjjvQIat4xP7w4IqVb5WP3wtVvspkB5x6VC+nsAG6H2oHoaouY2bbuzU4mjYgjseawEV1YHGNv5mpfMKAknpWZRvqQzsQQR70YHc1z6SuoIPG7uaupdMo+Xk9DmgC9tz14oKe9VRPUwlHekwHiPAwDTcHvzSiVexp+agBN7L0p4mbHvSDnp1pMHqaBjjJzmpBMuMHtUTL6U0oeWWgC4JEOMNinbhz81Z/PGRS7znFA+YvAejcGnBgTtHIFU1lOMAcU4MBx60DuXASv40oY8VUV+57U/cw4qBlkdcg08OQTiq24jBY09ZhRcCfOPY08EjvimLJk+1OwPTFICTd6jNRbY2I3DntTSd2MVEwdRnqaGCMbV9fs9GdRfI6hiQGAyOMe49e1S6fqml6lEZ7W6j24yRuAI+oPIqa7tre6Gy9iWdPRlz/Osyfw5oc0LRi3EOehiwp/lj9K53Ga2NXJLc3wQvRg30qndW9rdgpd26XCNxhwGH4ggiuV/wCEU+zxEafqd3Djopkyo+gG3FcneRfEbR+beb7bEvbmXj/gQDflXPVqSj8Ubo2pKD2ep0mofD3wxfOZPsptzn/li2wf984Kj8AK5p/hZBFIH0zU54JFyQGAKn8VCkVHafEvU9PkFv4l0uWEno6RsnT/AGXx+hrtdP8AGfhzUWUR3iQysPuTfuzknpk/KT7AmsEqEt42NnUrR6mNZ23xB0VliE0eqW+c/vGLMB6AnB/U11sPiAZddUtpLIj+I8x/99cY/l71t/LtBHNN/dTo0MiB0fhgwBBB7c11ww3L8DMpyb3RHZ6np1/mO1uYbrb1COrH8RXLa74T0XVrlWu4dkr9HjOxx+QIP45p134J0eVn+yIbWRjkPExUr9Oo/LFZl7pnizR7RW0+++3CE7gJvmcD6kHNYV4P7cbmtCdtmc9ffDzUbWJ5tKvBOwPyxSrtJHpvBxn6gVQsbnx3ohWO4huGt0/h2maMD8M4H0NdnZ+J7+HbFr2mTQOf+WsSHyyPX5j/ACJrrLXU7C6XNtcRyH+7kBx9VOCPyrzJZdCbvF8rOxY2UdGro5Oz8a7+LiJcg9Qdpx3yKs3t94Z1uPydWgH+yWXDfg6nNbt3Zaddjdc2sbn+8VBPvg4rDuvCGk3UeEkkgIPyhWJGe2Q2auWFrRXxXXmTHE0b/C0Yy+E7e0zc+HbrY3ZJCJEP4qMiuV1T+3bdUlvtPYhWwXtQTx74/wABXTHwfqtu7NZ3KNgbsAsrH8gR+opPP8QaaGiv4yyyrgFxvH4EV5tak+sLeh6FGqukrnxt8atN1C5eKeeOZfK3FDMrK2wjkDcB9a+a12V+m3iXX9J8T6BLo+q6WJcrj58AhwMbs9RX5wa1Yf2Zql1Yk7vJkZQc8HBxXiY2il7yZ9PltV25bGO6gKSeh6VVDEZVh16VcbpgcioHAb7vJWvLPZRCy4XnnFZUrNBLvU5rdCxkYzWPexsuStZ2LiRzuxmWdW5biurjleWKFFGPU1x67ZEA7rXTaZcq1tsXqKUjZbm46tFtDd6aY2cgkEAd6EGVR35Aq8JS8ZAxgVzyO1bDrcbWHtXXWw2w+Y3pXHwktIqqPrWxd3MsNusamuSselhpWRn6pcl5D83ArCfO0ZPWn3B3PnNVioJ561EYGk53ZVc7ScdKgZSTzV6SLv6iqTg5AHWtLGUiMNjqM05Qsr8DAqzHEpI3jmrLIgIKLt9am5cKdyJIVAA71IIcMWzgU7bn2AoKE0c7OyFIUDAJxkUBQCOetPii7NkZqQRBSSRnFZuTOlUSk0Dck8VE0T59q0/vjnr6UhTcDgYNHMxuiZRiIbFUpvkP3ua3hAO/JqlJYb5NzdK0uEcI90VYJnKGNjuFPBX7vSpRbLFnHJrOlMjShUGaDR3joyeTbIMg9OKYYykfmbuKlRMDYwxzUUpVcp260E1NjPc/NnqKjyD2pZPvcDAqHJ3deKZ5rkSA45oAyaZuPI/WlzxSsLmHnPpgUjdqTcW4z0pO+M0BzEqsQ4rpIG2j6Cuetk3OCexrdHA4rJs1iW/tJ5ytNa5cAcUzBYHNGOgY0cvmMUvkbyeacTlM9qh5JIxn0qxHGFGT+VI3sKmdvpTkV2OVOakwAAe9WUTig1giCONwfMYZ5xU82yGAN1NRSSsYtoHINNhhkuMBj3pXNVRJ4Cs8e7HNSLACNzVomMW8aqF474FVuv0ouX7NEC4zz0p5UBiB0p5XOFFTqo5JoH7Mijj6MelXETcfamxqauoAg3VjJ2RvCJGtszfdGPerkFoz/PIcAdqvwqpTOc04HYNi/wAVNM6eRFzSxHbGS9lIHkr8nua8k1rUpb+7llJ+csc11niC9kgb7LG3AGCB61wkuC5Cd+/vXbQR8tmVbmlYls4yTuftWmq//XqKCPagBHWryJ29aczzkPRP4vyrZ0+1eeUKo/GqKgCLjtXqPgzQ2vbqCNV3GVwOeOtctaryq56uW4X2k0kd58MvCM2q67bqsJlhQhnPYAd/z4+ma/Q/w7pkOmaQLdAAoB49D7VjfCn4dW2h6UsktuI53UEnoeM/j9Px9a9H/s8Bmj+7jtXx2PxXM9D9LwdBJcttjjZcsGPoK4S6jfz2lIr0/V7ZbaH5eM1wFzljgdq5aOh7FCFi34dhaa6Bx0r3bTm2xKrdhXkugwhCrIOTXqtqCYlQ9TXLiNz38Odxp1mLlcoMgcmujhVYxgjpVjw1BDZ6WzTD536VLaFGnJYfKpzXFY6actZE1wZovLjkHyt0rv8ATi8GmApwvtXDapummjC9c4Fdnb6rCloLUgcJt/8Ar12UU1dnnZhCUoRsrnSxazbJpaJv3SjO4Uyz1R7meJl+VUPX6VweBE2VOQx4zXc2qWkelebnZKv8q6Y3kzwcVgqdJXSvd/mcJ4z1q3udRkRiGZDgke3Fchbst78sZ5Y8Vf1fTY7q8L7uGPJqtpUR07VlVR5iKCRnpXBWjJyPrsJSjToKMeiL01mY4grDnHSseeBvLZOnpXTaldq77gNvtXHXGpLnCnkdaixvh3KUbswJ4CZMMelcVqgYz4Xsa7XU7iTbvQcmuKaKa7uCO3es59kdMu7MqxhE95iQdDXZ6iiNb+XtyMAVy8g/s+YEcmusUiaJXXncORWtN20PKxKu7nlGuaUjI0mPlIr87fjl4FOh6n/bFlCTby5WRlXADDJyfTPTj0r9QNUt/MhcJ8uM14Z8QvCUHiTQLvTZIg0kqfKSOhHf8K9bLsW6dRM+VzzLlVi+5+T8qHdnGMdazpVw/HbkV2HiDSbjRNQmsLtCkkLmNh9O/wCPb2rnZoR1FffUqqlFNH4/jsK4TasZkjZ4rPmUZ6VpkbeCKgcZyMVsefsVLSdlJQCuvs2ym1+CK4ySNojvU981o22olZlLH2rKrDqell2J5JHWYOKpzWwkG5vWrMTbwrjlWrXs9LuNVkFrZrvlP3R0z6+grnlJI+phHm1OcvLWK1x5b5DDpTpb4XES+bCB5S7Qcc16Ze+BZdNskn1phHIynaqkE59G9/oa82ktpBHvZCVzjPaoVRN6D9mc/wDLk7WpyfLx3rRewjPzI2D6VRuraWHDKMj1rS5hKmOyAm7P4UxSHBCiqgY5O7tUsJy3ycY7VSRlKOhMVwaMD1qVs78uv1p3lCTlODSMJQ7FSVFK5B+YVAJGPFTOGBZW601VXAIHNBjIeBuwCQKOmeOe1Hytz6U4hlUlRmgfKEm3dGAAN3U0F1hmKNhgKrSS52joR1qw1pJMd0YzmncagUZHbzsquVJq1cwBUVhwW7VpRabLHGHK5PeoLnDbcckdaSFKmZyg4AYYAqTjgg1K4Yr0pixU7mfINYFlOBkVBsViARirSqR9TTdpyT2FAuVEHlKDwcVC6MF+prS8skK3YUsiBiHHQ0BymPwPmq2M7Q1XPIjfrxSGJVGAaZXsymQT1HNAj4yTkg1bWMnac5OealMQyTgiloONIoeXg8jFRyIAAVH41daIk9aVIsHmi5o6JAIA2DnPHIqwoIUDqRUpiVSMdTT9p4FK5cabGAkcEdaUR88jbTmQt06VMFxjvTua8hS2shPGQaCJQMheDVx1yMU3aD0o1E6RSCN+dO2NnkGrRhJOOmKnMYYZU0WMvYlFY15A5IqVUGCOvvU/kBxg8EfrT1YImwrhhSIlSKQRkfHU0rqoTkc+1WRGHJYjBFNeMNnbTRhOJnvGu3KjiquxEfceh7VsfZ1J+99arvb4O5OcCt4s8utSfQooQucnmpQdx449akWEO4AAz71ZaFVwScMegFaHJYrcqpGKUbmx7VM4AAHXFRSv5a7/AEpFvY5nVbk3U4ic5CdBVW2QbM/dOamIS4V7h12ljhfwp0SfwryBzWpxy3HKNpLtziraEYBPBNRBckDoDUw/PFBkTqNxAHetGJSDgHgVSg2sQq9RW1bQSE8LkHrWMnZHTCN2es/BXwN/wnPxJ0XQblMWhlE07nICpH83VQeScAds1+6aWkTWy20YCrGqqoAwMAYr4o/Yl+FyReGdQ8fajGVm1HaltuHBhUsMgEdc5+o/X7wtrMQwMzfMa+Fz3E89RRWyP3HgnLVRw3tJbs831bRrtpwIZ9ny9DnFchorXFh4thee33PBu+ZfmwSpGcdx6+3rXrV5JGJvMk4AGK4KGOaTxCJ92xWBGfqpFeVB6n3FedoM4D46a1D/AGAGJJ+0OVPYY256/XFfIGna3ZywzGE/OuOO2M17n+1h4isPDnhnTrGAB7q5kb5TxkYJ3Z9jivhzSL1ZJItzsjXJAJXvkjNepQw3NHmP5449qc+JUOyPa/ENjbeINOwj5aMfjXh/iTSYzpslndorKoBU45BHvXoGp69pen3MdnG7EJGN7DkE15vqur6d4k82wtZWRFGSzfKOK6sHTlF6H5/TTR59oXw+0/WnljMqq6cjHauQ8Q+BtY8NajFHPE4ikbCMR8pHqMV6lONN0F0Ol3hupicvtIO3HpipLzxve6xdrH5XmLEv3SCQcV6ntqnN5Gl2UrHVWvbBLZkZby1CjOMCQfWvXPDl9caVZrLPJIXK8Hqc+hrhdHubIh7/AFLbbGI5weBx7Vc8TfEPTbOxxpy+YrjHmgZH5VzVKTnLSJhVomdqfxClutZc3bL9iDHKL7fzrh9cmt9VuDNp58qLr715Ld6y0t20uPvHPFeheF202aynuL6fyR0GWAyfxNd31dRWiCNGx6z4M8S2mjWXnXl4GfJIUmvS4tXttWMd7DKpL4IANfGmsXdkjyx28xYPypzmvVvh3oOtX1sbuSf7PCoGwk9a4cVg0lziq0Uz6I1zUpbC2huJBuB4C9sGuVsbC1une9WCN5DyCQC1cbqGneNmuluJma5tYc45JUj6Vc0rWNT0xWuJIHWMnlSMED2zXnSVtIvU44w5Web/ABPllKCE2DJlt3mlMZ9s18+vYMyyXGzAHYc/jiv0Yv7DS/GWkwQzhozPz8v8/wBa+YPiN8M73wRerLnfYSnPmD5cH0Ne3gcdb3Hud9GseJ2unyNB520sc9/SvUvCGoXl5f2+kIoDOcFvRB1rmYrea8Zo4FAjTksPT/8AXXtPwr8OW9otzqtzGGOMIx9B96vRnUudCZ1niu0shoUUMpJYLsiY8YGO1eV+G9D0ew1yCW5PmAnCq3PJ9aj8ZeNLi61VdNWP9zCcID3z3Neez6lPFKz+d+9znjt9KIQNHI9e+LUXgOKSKx0aNbK+hUNK8CqI2z0U46t3JxwO+c48sh8Oaxqp/wCJeAzINy843fSuZurmWZ1e4cyb+S3fiu70fW7mOIpp5aGKNQCwHU49a0lFrUmcblPSr2/0S6MWqKzAH7pJIJx617BpM+mzLFPINjnBPqOePpXMaX4l00aVJpl1afariSRiS4HJbpz616jF8OdVt/DkWrxW5iEh6OeQvXp2FclanDq9zJwLM97JbWgMkwWPPBHpXAK9veSzQWzGQOc4964nXtavrSY6a7ERqcYPY1q+GPFFvpkii6hDqT8zVzfVLbHLKFzrvD3g7U9W1CFTiO2jkUudxyVDdK2fFvh7TRqk7lgojUKBj5eOla+heL7PVGlSxmEBGBkYAIzXFeJm1GO62zTLKHJJYcAjPFcqjOM9dBKJvQaTaxeFn0OzuPIe5dmmb1B68/QCvALyxlstXAil3hXxkd8dea+irPTdKl0Zrl523Y3AgdMDOK+dby2nGru6BvLckBiPTjOPxrsw9TV3NqbPb11m5i0hru9uiY40CjHIHFeKXdkde1N3g+6HO4Z6gnqKv6vPdQWK6eGKRS9Qe59aXRdMu7PSLnUEl2hug7lh2FdaSSN2yxrevadYm3s9Mi8l7dApI6k96j8MeMNVGs2lrp8jq/nBlwc5PpivNtXtr6NmvJchG5DdeT1rR8J6rHo+rW2qkK88LhgD047fjVzheLNqbsffvirRrzTvCn9oapLuknUNgHpxnHHHavnX4UJJqXxa0qFVMgRpZPULsBIJ+hIrS8TfFLUvF0UENyPIjjTYiKxI/pz716V+zn4YRNa1XxQVybWIwKT6vhmx+GK4FGxpKVzF/aM8W6xFff8ACP2PKxxIXxzglskfiMV8iPJ8wkkiMRfHTjk819VTaDfeI9f1LxDqefILylFbnODwP+AjFeS6tYwXGotFBACwYgAcDiurD1NLdiJpnCXNnNYWqXcnzJKcdOneuh8EeLE0tpFuEIikYZOORg/yrrfFOn2/9mWFnuBbAYjOO1cvHaWtvaLbzBVbk5HXr606lRNWaOKq0tDY8S6npOtXyMp2kLjOOoFce+h2U0vmwgr3OO9aNnp63Wpw2iNzIeG74967Ww0OXT55llzIkY4PH54rFVOVWiYx0MGway0y2UNhdq88D5vrWbDqouNSVbUbVJyTnIUV1kelweIL4WhG2JieR944rL1X4fXmmNJNaTsY9vO7qPyrCdRPSQHcXEN9rMcLg+bAPlya6Twt4YsdC1WPWZSXkA+WPG3HvWP4Vk+zWEPmAt5Hcj75r1i20uxvo/t8pIkxkAdB7V5lWbTt0Afd6nc6pJJFYgMijoBXKz3NtH/o9ywRm4INYeqeMIvDt3ItqgzKCtcZZ3cmsNI9x/ezuHaqpURKIeK7RULCybcpID4PP4UulPo9lbNCT5lxOADuHOBWF4gvFgiRhJ0JHHXI9a4eynvbu8Dq+4ZIBB5r0o0vd0Gf/9L5s3c8Uu/HWoRxSnmv6DR+KS3JvNyeOBTlk7dOKrkA8E8il3DGDxTMi2JSBmpfN6AjPGazwCOcdKk34PUnNAGmJvwxUgkB68ZrMD4685qXf6HGPWgDRVgMljwOKe5BKhRgetZ6ykYyAfWpRKxPBAHpQBaLYJA70qtzn0qur5HHWpFbH9aAJd7f3sA0/c2Arc4qvkcDk59KlDdqAJF9+PxpwJX8aiAJ6YpwPbk0AP3EDjmnbzkZNRYI45pfwwKAJlmQEjNSrKCM46mqAXBY+tLnjFIwaNITL16YqQSdj35FZKtg9evWrCP69OlAWNDcjcClLY6HGKz9/HtThJg5IouItjnv1qRQp6jIFUhJ0Y8kVYWfGVIxupgT/TFHJHFQ+Zj0pDIx6UATYAOKdlh1bioVPrUvyn3oAlErBtwp4lJJPrVXGeaBlfmDZFFgLivx6VIrEZKnH1qirFQSvOKfvLLg96LDsX0dkPJz34qcFZByeOtZwYk8804S4brwaiwjS8zpsGaQKv8Ad681SSY4Bz8tS+dgYosBYxnOOB6UpU4yDk+1VhMeRkCp1mAHBGQO1FgGlHIHy59aemeewFL5xBUHv6UvmLuOTwKLAP6nd69KfkZyTj2pokQYOevb0pwZGyRzjrRYdiPGTkdTTgQD09qnXaSBng1I0ab9vZRSEVQeTzip1lfHWjywOQMZ70ogwfvdfyoL5Bwn/vc4pwugcMOfrTPJc9MVH5UhHQUC5C6Ls5G44xz7U9b1UJ3ketZjo45xnFV2HZwT70GLidOlxFIMsdo65qYupxzkevtXLb36bjgdqtJdPHgH6UC5TeKISG7jpTTGh+8M1mi+DkRt0HerAud20isyrDmhU/6xsg9BTVgOM54p3nFjgjGKeJAy/KehoCxCI8dD+FL8o7mp9yn2pOvoBQIhOR1zU6yEYzkio2UjGMYNLjDADkUATiU4OKkWZh97GKrY645poU89aVikXvOBAI6VNHL7jFZTAgg9KQsRj0osC3N3g8np2qJ0U896zFusfKxz6VYS5/A1A2WCvGM8U4gA9c1D5pYZODSeYCeQfpQKxYIOCKTnOM0xZlwAeKkEqcjFAwKk9KTcaeGU84xTv3R5Y4qWhkW8/wAXaniZh1OaQhP4aaYwPfNSLUm85jjsPWrQnDkLx9RWcEI4FNHHT8hTuBoNsc844prQgjKt0qmGPTFPEmeSKQDzFnqwHrUOBu2Id/0p5cdMVzt7oK3EzXdreS2UuMZjbGfw/wDr1Er9Bwik7m03zEpIPlPY8j8qybjw7oNy3mT2MLMe+wA/piobYa7ayxRSPHd24wpZuJMHv1xXShM9qw5Iy3R0e0ZhQ6MLGXdp17LFH/zzY5T6fSrd3d6hZWrzwQC6dBnYuST9K0jET04poUocirULbDjU7nFWnj3TJiIdRjksZM4JYEoD7ngj8RXX21/a3kZeznS4ToSjBhz9CcVHfWltqEfk3sKTp/tqGxxjjPQ+9cfeeBrGRlk0yeXT5V6GNj/TB/WueaqLrc3Tg9zvIpVA8hjkpnGRkVRudF0e8c3ElsFlbnchKEH8MVzQsPFViqPFeR3yphT5ud/5/wD16kl8TXVhzqWm3EajrLCvmJgfXH86x9ovtoTSfwmsLC5t0KWt8d2OPN+cZ7elc3qet+LtGXdeadHqVv1MlruJHfoQDxjuMe9akPinwxqMjQLqEMT44EjCNie2N2DXQKHS3MUZ3OORu9qmaUl7rNYwXVHE2HxC8OXH+u822Y9PNAC/TIJx+Nch8TfHklnYW8elSxCW4wA6MGOz+Ir256f4Guy1DTINQDjWtNjkY/8ALWMYb/vofN+tee618N9M1QbbKbaB91ZGyV9gQOlefiY1XGyZ6GEdGMk5Hmlh4h8ORzLc61NdXBdPmVQOG9s14D8VbHw/Jfxaj4aR44ZSSyucnPXPU+v6V9LTfDDWdJUz+R/aCgciL52A7fLjP5ZrjPF2lxz6G1h/ZP2e4ThHePy9pB+YAkA5x1FfP4jDVEveR9Zh8XRv7rPj8xkDJIHtUQA7VoX9nLZ3cttKMMhx6896o/d3V4tSNnY9qMrq5UYnscVBcZaMgnJq0SCMmmPg4HrUFmNa4WRg4yPStKwkWO9aHbhW6VlyI8c5JXjNOkeQMk0Z284qZRNYs9FtoCygHlc1d8qJdwXg1PoMiXVqrOOoq79mG4nHFZ+zNFVMe2BWYluKW/kyx54qdwFYgnpWRP8AO5z09a4q0T0qMtCIBSDxyaYyAHNPbA+boAKZ8zr61KR1RI2JIx6VEI2DfMOtW4lzk+lToqudh4x3qJyNYRuRpBgZAyfWoyMnFWiQD5ff1poj3NtU4AqEdtCJVBJJU9AatrtxwOlDxonY1GZEQMqA5xUs9OlRJz220yRSOgzmoY3kZhmrpwMHOTS5TqjRRVEbD74xTmhZRlTwalkdnIDdqYJUDBWPIo5RyoFeRWTk9PSq5ZjVxpVc5HbiqzRu/UjiixootaIoyyk5AqWCCCNRITljV23tFXO8Amj7ON2H/ShoxnQvqyjMBtZyOc1mTKCSOprZmBG4D7tZpHXikmcFeJlyQk8ioTE2ea1GT5ck1CBW5w1KKuUfKY+9BjYduK0fLIGSeacYyAPU0C9gZgjYckcUqxEjJ4q8VOD3PpTxCwANIPYEVtDluDyOcVuwqGHpgVSiiZTuC8+tX43ONp4rJnZSw49IuTzS+R7dKeiksMGrUKkbtxzUj+rEK22V4pQm3J4OKs4PWqb5D5A6UF+yJBHkbs8ntUrIUG7rmlHIB7iteCKKQA0GsaZm2dpI4GehPeuqt7GKODkDI6GiygAznk9eK0GRwp+XtmsXO7OqFMx5iOAw6VRitfPfanJY9BVq6cquQMlq2vDdzaWUkl1c8kj5QfWjnsRUic7NaG3k2dxyc0wAZ2kYzV25n8+4kk5IJ71LFGrfwjIHeqchxhcqC2dee1Wlh3D5ulXVTAy3WkVQ544rNyudEYWCMEEKAcCp3nt7WNpJRk4OKkRBbplzwa43Xb/7S4ijJG3r9K1pxuzmx1dQhpuc9qF558zuCeTVWCIO4yfeqxJMh2rkZrWgjHBxXelZHxcpuUrlxACQBV5FAfFVgAMAVbjUlwVFZzehrTRradaiW4Xj5cj9a+5v2ffBDXV/DqtxFiOMnZk55A9PQZyK+Xfh94XuvEGrW9nDHkOw3E9AP88n2r9TfAXhiy8MWEdvbjAVRyexr5jNsXa8UfomQZfaN7anoaRLahEjXYh9OtRzyKisw5NU9RvWXbs5BqksxuCeenavluds+wp4bliZesjzod3WvOTGGuNh45r0jVflg444rgY4jNeKBzzXQmdFKlqdhpFqECkAivRtNhknZOwWsDR7LEY3Z4r0nRYYdwj4ya56jPepw9w7WaSOGwtoAeVGCfXNR2zIgJzkHvWbfPuYQjotUY2fO3dyawN8PR0Nk3Lz3DBOQvQ/Sut0ixEli95cvyxOF9AKwdJsllnWFRl2IHFdrrei3WjxxWuTiUAgV0U6TldnBj8TFTjRTs2Q6fFHLvlm/h4X0zV2/LfZSEfgdQO9W5NAu4NPhlDgucFl+tdgdOt/7LGceYFxxXbCm1ofNYrMYKaknfWx41crH5abT8/cVb0pbaFHeUAuTjmsG8uC+qSWyDBU4Irp47FUtDKefWuWOsr9j6itZU0m9ylqUEMq+YuBivPbyMmU7B1NdrdT5OwHiucn2+dwKxr6s7cJBxjY5y4jO7kZFQC2hjBlVMZrWuWUybccVXkVCjDNZ2Nq8vdscNqtqLg5Xg+1aVpKtvAI2bJx+NNbakp3e+KoztukG0Y5607I4XroyhdM/n42kgnNZOsaavlfaU4IGa7FIVkTeecVVkjSVHjk6U6crM4sTBSR+fXx9+HH2nT5fFlhAWliH73YcDaDncR147dq+KLmMo21hg1+0mu+GrXUtMurCcK0VxGyHgcAjrzmvyy+K3gKfwdrr2X3oWJZGHI27ip/Ijn/ACT9fk+MuuWR+bcQ5W/jR41JGpUlhn6Vnzw4UMp5rYljKDP8qoSDjI/Kvokfn1VGS4yAjmqjbVl4HNa0iKyE4+bpWXImCSDzWpKOq0u8WRVhbt/Ouu068ubK4W4tmKsmDxXl1nKYf4uSa9EsLgSxjaOQvNclamfUZTiuZcpuaprWoatIrXkxcj8j+FQrceXpn2PG5QScVSYcg4qUjA6Vx21PdkkzDeFjtZuDTDDlMOcjPStkow5XnPaqzQux2ge9aqZjKmc/dWCeZmJcjjIqhJatG+/btwa6lUYE/LzT2tknAPHHarVU55UzlyxcjdSnETZU1oXtkYpPl71BJGdn3MkVqheyuVXQTEMpwRUB+RsHjFSJvV9yp1OKv+WszquMZ4zQc88NcywNzfL0FSKrjjsasSxeQ2AM1JaBWYhz9BRcj2RHDYZk3HkGuhtLZUGF4p1pEMBu9abx+XEXbjPSuaUnc0jSMu5cLuC9q5i4Hzc1v3LEKxPNc3I298ntWlMxqIkTG3FMKEHIpVJX6VOmGNamViERe9KCI8g8VoDbnkZxUUkaS4PQilzGipFEsMgAZzUig9B37VZ8peR0Jp6Qoi+po5h+xI1jQFd1I8KksanGR26U/BK5IqbleyK0UDFhtGfrUrR844BFTIuMYyauxwRsoY/ez3ptm9OiY/lFjwOBUptuMqPpWx5UPQde9KE+YDsKnmOhUTAaCRSDjFTJGjRFiCG7VstFvGM9KaY1ZQAMbeKLkypmGickCnjhyrDNaBgYHkYJqNrfJD/dNFyPZldQMjK8CkPPyqMCpDGy9QTzQB8xzRcXKIFB46igAY2rxTgM8ZxTiCCATWhjJDGiO3I60hRJE+b7w71bCk4LZ57U3y+Tjj2oMplTyDuyDxTBGc9OnU1af5cFeaTy93KfLnqDVI5pxKpQZz1HWnMfTlT29anxlcHotVkkV32EYAoucVSJnlfLkz2z1qTzTjA6jvVqeEYX+VVTH5KB27npW5wVIcoq/Pkkcnp9DWdqkbqggPyl8flVtpggD9x0Fc7rGoyXE8Y7xgDNUjmmLeWslptt1dWQAMMVXTeDuxiooz5gDknHerMe4kAcelanIWVA4Zh+FTAbuMU3bnGTVmNOymkFiWzh+bd0NekeBfC994v8T6b4Z09DJLqMyxfKMkKeWOOegya4e2iPy56V9/fsTfD/AM/xhF471WPdaWz7bdj93IDBjz7nGfauDG1eSDZ7mSYJ168YdD9PdF8OaZ4H8KWWiaMnl2trEqAcYDEfNyPf8atwanbi3Pnnbnoa19YLtYeTG24SdRXFX0UdpaRiXkEj86/PcZK8nI/orKMNH2agjF1e7Bv7V1HyfMfrWYGSXV0MQypAJx681Svo5pboBHyi8j2FVrK4ktNVgQjcDkn34NctHVnr5hhkqLPk79q17C61uztr1RiCJwi+vOc/jXyANQs4pYUsARtwB619F/tQ3P2zxzFIx/49o1Ur2wwzXw7r2pyyXbNbobZozgYz2z/Ovs8DQ/dH8tcU+9ipM96fV4P7DnhtdOF3qMnfbv2r/OvG4PCviTVHkmt7Q28KZPzEp07c+lel/BHUFmmu4Lk5DDKux67fvD8a9XayWWafyZwSN21AQR+nNcFbFSo1Gkj411OWR8o6bqD6HqFzZ3UAmLfLk5+XHWtKO7TTNQE9vabvM+bkEKc1leN5prfxBI+07gRkBeK1bjxmL2yjsIrbY5Ay23HSvVhJTSn3Nua+pgeMtYl1BjbPDtRsF8dBXM6PPE8c+lOzCOUHbz0auo1a8tLqH7KAPMbG71BriTZy2uW2gvuyuDXVRtyjZh3tn5M7RgkuvGO+BUCrOu2I5wea6y5txc+XqCxfPgLIPcVlSs4nZ9gBbjHautTZNmWdH0dL+VRI+1UJzx0r0vSPEuoaTP8AYNOnVg5CgEZGPavL4rmSKN0DY8zrioLK8axuo5uJAGrOtT51ZoiUWz7B0v4gLbWwtdRhAWDksD1/CuX1T4kx67P9htrbywzYVyOcfSvOLTxPp95a/ZGtyzSDBPaqSzWEGoxi3wCmDwcmvL+pJEOhc9f+3a5p3kR3E5hA+ZcdM4qr8RvHL6zpKaLIiSuVXcx6jB7VlX/i3Tb3TQLs/OnHzDBPHauI0S1tdc1VbczhYw3zEnt7VFLDWlzy6EUqdmYPhzSdVv8AUrbTrGMr9skSLLghF3HGWIBwB1OBX174u8M2nw58IeZE/msYfKUgYLORjdjnHc+1ctp8dpZ6rAulhXgtQob6it/xp41stRdIdRuEjSEbVi3d8EZwT17V3R1lc707I+Fr4Xs99LIciUkkk9Tk1W0qFLrUIY7w7V3HeT2xXe68LDT557yJwXkOR7V5r9pJdnVss56n3rvgZmzqa2pu2SF8ohA+X06V6x8JNKs9RsdbuL4ZSFVRNw5OVJrw/wA1VYBiSRzXuXww1uwsLe5guukqqR6ZU1Vb4Damj2f4L/Bi18Q+Mo72+mc2dm3nY2jJKk7R6V+hfj2PSl8EyWqyxWwCbV3FRnCkHn1NfFngP4nado7izgixcT8Eg4PBJXHeuD+NPxQ8TSEO21Y1UgYOSSuSM+pryoUZyneWx0ScD5r8fW1yniW7IO9TIWAXkZJqpb3PmWZt5IwxbjPpis/T9bU3M1xelpnYZyeeakvNUM8o+zxhEI7fWvQUTzZLU6Tw7YX7zeZbErFGMsa9Fu7G6u7YXe3ESZHyjuPWvI7C/wBViLRQZRT1Oe1em6N4may0CTSUjMjM5Z5GPr6V5+LfvCY7w3L4gn82G14t4/XoT/WvQtPtZdVA0y6shNLGPMIAznHeuM8N6H4t1G7gn02CRLS4fsPlx/n1r7k8FaDoOg2bq0Sy306BXlb7xPoPT6CvHxGL5JHNzH556rYF9enluIvKihbCxt2I6Vy+u6neROkCbUiT5tq+pr6K+MeiTw67JfWluHE52gr1z3JFeE3fh65EAvLtDGSD1+706V62FxkZxR005XMjUIZptPSIyjAXIziuBijCOSMZHXHavWdD0OzmaWS8kM4H8HpnvXC69YpZ3TtGgjjOcDPOK9OnVi7o3vY09FvbeWRFuVL7WGO9fWEvipPBPhW1sdCjMUmqL+9devQbjk5OT29O1fGGjRi8v7SwhlCfaJY4txHTewXP4ZzX2F4wGhwafp2mwfv5bdVHJHZR1Nclde/Y6EbEeoTp4cFlFzcyYz9SfWmr8OoLCxi1XUVAMxySDnrzzXA299qAmiKxs0ac/KMium8d+PJF8O2mmqfJdg28g846Vx2k3ywOlTgou5yXi7RdLnvS1pNtkCgEDkDHORXkmoaFqsUpuMb4j0IPP5VcsvEVoL+V5nyuCSd2M4rqND8Q2OuX0lrEAmB90kZ9OlbSjUieJV11R53pN0dMuTcS5DKfXGK6e512e2tjJFOX80cjrwa6DW/h5cHUg1o4aGZQT7NXA6vaS+Hp2tLmIyKp+8ORQ2mc8WbuiaheQSLeyh0CsMEjAOa9T03VYL52gmZW83gg15Je+L4b60jsbK1CK4GcZOMe1O0G7RiSZds275QOorCtDmRoe3tYqjJFp42wg5YHp+ArrtBlExaAHHl9VP8AOuP8NzSXqLDM+1lOC2K76+sNMsbH5HAu5SACGGT+FeZO/wALA4bWvDei319JHMQ07ZxgjgHtiuP1PR2sYzbW0YgA4+XqT6ir2paZfWl8+pafJ5l0QQAc4HrisWw1bWLgrLLbM53AEkZz2NdMQPONesL+GOQzI7qRuBPcD0/CqXhjcdv7p1BbAwOSa911/VdIkkhjmAUMAhjxwef8K2fBen6FdeLbC2VVYIDIVXsFX+L8a61iXGOwz//T+Z6KKK/oE/FGLz+FBo4oz7cVQh+PU07HXBqPI707I5xTMyTB2jjPvRjnikDAAAdaeOeMcigtoUZC4p4LEelN+U+qmkwOrcYoJRLuKn0HXNOEnUBuvrUXQ59Rmmjj3oKaRbDlgcHAAqUSDhuh/SqW4KMAU9WJIx07g0CsjQSQbsVKpBJINZpkYcggVZBOeOmKCSyWbtUmc8NzVTceNtLvOCQaAJwMtkHincdPSq+5SvJOaXd2A5NAEw24JxyakHAHTNQo7EhQBUhPPbIoAlIJIz0PpTcfMxHY9KVH+cE+lODgnI4pGLixFDA5x+VSBWwQDTh0znFOAXpnOe9MOVkJ4HrTx0wePalwBx6d6UjJ65pWDlYAn1xUwBPtUIxn1qYEYx1pkjweKUAflSAilH1oAPX3o+lHuKO5HpQb8yH8nocUYPGKj3Hjj60u80GBIR+dPO7A5qMEfiKkHvQAICfl7iphwB61GCA2N3Jp/A+Y0AHmMDnnFG8hsjJpSQfummKvUnqKBrckBJIJqRZeSQcE1FjPU+9M2+Z1oN2WxcHAA5qU3T4+QVQUHp1ApSmOeTUyOZo047tuN3bqKl+2FlLKOM8Vk/xDa2cDNIGlU7uvtUjOgWaI8rID7VJvRsjOK5tCF4X5akScsu4MCV4xQB0YK54qNkVh/Iisf7XKAACNvcGrKXbZ+YfL6CgC2YRgYOCOtQm3IY4bg+1MF2Rn5R+Jqf7T90evWgCFVwD6ipVduPQUuTknjBNKNu3A5JpMBFZuS3NTIwGfTrimYGeBinlUzxxUAHnOgx196eL1lIG0N70jx+YAFOAKqmBwTt/i70FcpfW6DjJ6ipRMpHGCax2WRFJTBIGDTSzxsBtLHrQKx0AfPA5IqQe/GawDclDuJIBPpT11DB3AkgH0oM2bpGT0proD2qmNQib7xqVbmFuhoKsPMIBzjFCxndk9qcsi5xTxId+T3pMY4KOo59qNnUnj0p4fjnqOtLkVAiLnjipB6mlOKaT3FAEoY9qC2aaGOeuKkyuCGOT2oJYwMQc04SkHoM0oRMdeTSGL3osNFhbpFB3r19Kf50RHAArO2vnrxSY7EUFGixU9O9IQTjFUAzDHPFOWZuai45blvaaYVJ6CoxO3U1KsobqcUiSPDZqVXKj2zSgxnvxS7RjI5qWhxWpP5ynjGCaQSKcHFVyoBznNHpUmhYbYe+KrSPArrG8gVn4XPc/Wnn3qGRVddrqGGc8juKhsA5HGfy71WaT7Pnecxv3H8NTbRnI+XHpSkBhsYAg+veolG5cZWOX1Twh4f1p/NubVRNyfOi/dud3ckcMf94Gsr/hGdY0gBtA1aWNY8BUmbcmPQ4G3HoNuK6yW4ltZTGLdmg45UZC1dMS3IDrkqOlc8qEWdca0oLQ87bXfGWmDdq+lrd24HMttxjHduTj8gKgt/EvhzUD5l5IbKRvlAlwi5/3hlfzr0iKBpCzEFQhwO2aq6loun6rAYb+1jmB5yyDPp97Gc475rOWGktmbRxEHuilapH5CS6dciaMj5WRldfzFQ3A+0JJa6lbRzwzDDKyhg34HI965u5+Hz2MpuvDGoS2EpydhY7SeoBIwdvTru/GqUeo/ETSwYtW0sanCDgSW/DdeuVHp/sD61k4zWkkV7u8WfHnx48Ax+GNZj1DR7eRLG8LcEfKjkk4H1HvzivnrG5WNfqT468MxfEHwdd2Jt3huwmYhIu11dQWHXPPOPfpkV+Ymo2Fzpl5PYXSGOa3dkdWGDkfX1r5rOcEk1UXU+vyPG88OR9DJ5/xo2n/CrATuaaxwcV85yH0hlXUZcHnAWq8EQk+Rm4PStaZQUJxz/OsNgVb5Ths0ikzr/DcpEj2yN713ZnniXyXGQfavINPuJLS8SeT7meRntXrNvcfaPKuovmAwRkZ/CqiaFachkzsKmsJxjKrXXarcSTW24x7FAycVyhCkg5561yYpanfgpe6V1+YFXHNCh8/KOBUp8xjwPxqykYxz1FcDl2PTp022QohGRjip8cAr3p5TcmM1CXKHCrnFZM76NPUVVO/btyamIEeSRkioRcMGyop4l7HrSSPYoYeKQ1t0i7BxnmpIrRfMDEmrcMaFM9WNWfLReT1p7Ho06KsZ10sSMu3r71mOTHyDmrV7IPMHHApEjBTfjINSynHsU/O64Oc+tQbSzYrTFpk8CntGkIGetIp0mZYjZTmr6RrjNPIVulSQoCdppXCMLB5JYHHeoSmOD0FaITaMZqCVMpuI5ouROJkTr+7A461QljHQVsmNGBDdapPGN3HBFO5wVKRmPGyjkZqPy3wDitF4zkgd6i2Hj3q1JnN7EqhSrFielK6Nwc1ZMagHd2pCu5duOalMl0SvHHk76sLDubjnFLGgGRir9vHuk29eKJMcaZoxW6GHbu7VA9sVHFXYbdWJA7e9WF252belY+1OnlOdDvG/zDFXZEDJ02960XhhfkryO9EduXOAwIFU6pSTKUI+XaTmpPKDsSO9XTbEc561KsLdhnim5GvIjHlidTx2Na9ozbvmFNaJ3wCu4k4ro7XTGG0uMGolPQpUzR0qJB87KKv6jPEq7BxxTQiwxAfdrHuZd5AzmsTVRMmfk4I460kUY2461oDYV245NEaKOAMmgj2KKixgNyOBVkY7DFThfbBpyLlshelBpyWEKl1BHUUsYCnnoasBCuSeCaR8IBvGFoFcp6jci0tDO+dr8D615bPcH5/7zn1rt/FGr289uttboAIhjAOckdTXn6nzWHfNd9CNkfI5tiOadlsT2se4hmPFa+AANvao4Y9qhTVlV3EAY963PLCNSfxroLCHzWCKOcisuFGLbVOM8V9BfBzwFJ4k1lZ5V228A4Yjgy8Ee+AM81yYqsoxcme1leEdSaR9OfAzwM2l2sepXQxJKgJJXqDjHXp0r6ihvAj+Uv41iaZZLaW0cac8dfp/hVuS2k89XjH1r4DGVnOTP13LcIoxQuoaoqzCFBk1dtpNsQfpxVVrAPKsjDkVoNb4i+U4NccY9z2JJWOa1O6lfGehrO0qE+eZX6g8Va1IN5oROa0NHs5MgOOSa61IqnBHoWnJIbcPjgiur0oOHUKcNVDTrbbCobkYrRs28q54rkq9z1KOp0bxM03zHp1qulozS7+2alWQyuQOprStRhlU80uW50U1yo1tLuP7PvVuhj90c4PtXU3/AIqfXbiOYIAIxgCuTkhUK0j9P8a0LHTntrc3irgGuqnzpHlYqhRk1WmveWiO6tr+/kgCEAAjj1pmo3d7ZRAAkFqqeG3vNQvWjwPLQctR44M1myEKQpHWuiony8x81CEPrUaNlqcCsQbUPtGPmY816LNFELFY4/4gCRXn2mss2WPTNdIt6yAITwOB9K5sO9z6DMKMpSio9Dn7iEKTjnBrmL4FTxwa7e8eLdzxmuQ1R035ByBUVEepg5Noy3t8DfJ6Vj3kvlxll6VpzXiypt9Kwb1/3ezOc1m0dMoN7nMyXyGU+varikOu89a5u5tpIrnzAeK3raVSqg0RiZVqStoDSOgJHHtS27q0mJeQar3lzEGI3CoLdsncDnND+I4XC+hr3dvGRkdCOK+bfjb8Nj4x0KT7MD9rtsyxYHJP8S9DwR+OR+FfS1svmJz+tZmpRZBVgDng13Yeo4NSR4eZYeLi4s/DzV9NutLvp7S4BDwsVZT6g1gyKuN46V9s/H34WyW903iWxjK2r/60KM7XJyxOPfn059evxvcQiF2jx0r7TBYrnR+RZxgPZzuYJU5J6g1SkUYPHNbEkZxwKotFk16KZ4LRjsAnK10ej3z71T8Dn0rFnj9RwKrozxSbhWk4XRWHrOlK6PX/ACyVDDBTHBqSTlAx5rl9I1IsiW8hJH8q6+GB7jGB8ua82pT1PucJXVSKkiokZ6jgVI0e8fKegrSmsvKUBDnNVxbyJzjoKwlI9JxuZPlupORSRoy5DLwa2GRGjAPBpDb7wCDgCszP2dzn5osk7+R61Sjh3kqB1ro3tSoOTuFV0tXB+UZzV87IVJmI+nyKw8tQx7iozCVYrsxjuK6VIWzjHPepW08uc7Me9aKqV7JnHyRsxz0qW0s9zb9uBXZR6Or4duAO9WhbQoDtxis3NmcqOpi29qqYcklRTL25Qrg8AdquXku2MJGenpWBeYYD1ppXOedK2pmSyO4Ix1rPlh3MAEwRWqV3YGeaVhg461tCb2OOUGzK8h+OgqQxFMEitEQ+Y3yipvscjYHWr5hww0jNVh9DT1CnpyKvLaAHpk1bjtVA+7gVNzoWFkZQjVjnPHentFtIAPUV0klpAio4XlhzSm0iKbtvNZe0NlhZHOLD03Z5p4tNq7QxNaH2deoJP1p/lAHYRgj0p+1D2DKUcAQf3i3T2q55OD8o3CpViJOMfdHFW4El4JOM02zSFEqeXFjG3aaPJJ5Xkd61RCpUhh81V8hMjHB64qWjaUexnTRInCDOetV8FeOgJrTA5xwVPpUEqAfd5+tCkZNEAVcjaM1J5atkNTBnOO9WQV4FaSkYtGe0ZJx1pBbpyMcmtFYx2XmkEXP1pORLRnJag8VXa3dZM4zW8IwvQYNVZ4+dw5zR7VmVSNzPI6bmwfShvu46mrioccjNN8nndR7U5nEpFeMZ/OolRuc9DV54gWAFQ7WUkZzg1ujGoQGMqCGHFReUn8K4rRVS4OKj8k/dJxTOWaKWxWxu4rMusP8AKO1bLrgiqk8Kckd62gebiKZzV2wiiGOpH44rlHIklAXkvxW1qlxvk8schePesmFAnzHnnj1rU8icizGu0EHhQcVajY7uOSOKYqEqQfrVhMAdMVoczJRu4qaFSTyDimRKS3ynFW4QwDLjJ9qyNzodHtrjUZYLC2ja4mnYKqLkknn8enX6V+3HwL8JWmjaZoXhrSuFhhDNGxzuLctk++elfl18BvCEmqa4uqToyx2zIIG6AysDkA+3AP1r9hfhXpf9m6nFeyOWkgtyCo4BwVXjv0PWvms5xF2oo/W+Dcv5KDryW6PV9VtIdMiEcRJUcDcefzrk9SgkuEx5YO31r0DXHtdREEMZOXYBg38LE4FP8SaHPo9tFAyAyA4Zl5BG3IYexr5jEQvdn6Hl+MjT5IPdnhk9u7XHmlCgAAIrFvrWcX9vPGABzk13Vw4kYsOQc1yGvNujRI85U54rloKzPezCX7qR+f8A+03ZMfG6yWcvmySwq06k8oxZsAfgP1rwK38I2OuaWF1IGPc3DKQHUr9cj8xXp3jwalc+ONZtyxuJDcOu5mySNxx69sVSTSbuwg+zMu+VvSvflUlGC5WfyJxDWbxU231PGpdFvPDF1jRZ3ZM9j82a9h8ALpzw7rq4xevkFWPQGotKsLiG4lmu7ZCg7sM1zcUVvd+IhLD+6UPgsOBXLWlKpGz3PnKs+Y77xXoWiRI+oPCpeRdquRkn1r52u5tO0tz5MOW3Hr/Wvd/GGrIUVMA29uP4ec+pr5/to7G+1t5bgFlkONp4OPYV0ZepxXvjpRsck6i+ma4hiBd2zxyBXX+H9AsNSuPsuqwu+QSQOMe+etfT3hv4eeCLCKLUo23XJXcCTlQT2C9BXYeHvDenSXEt2IY95PB/i+la4nNbK0RyrrZHgdt8NfCgsfNSRtoG3ym4H1BHNcJ4s+CWsW8Yu9AiNzFJlmDMAUX1JFe7eMdWs9D1WZ9QAhDYxt6H04Fcl/wtVrUJEsiujcYJ52+xowtas/fHByb1PkbV9Mv9LuRbzQMrkYYMMY/+tWCBcO+AhznBAHQ/Svp3xDd2fjBpbi1hUtEM7iMYrzzw7Jaafb3MNxah7m4Ygk84HtX0MMW2tTe5l2OnxJapEpAfAbnqCa3tAGh6NrcVzqsnmKudwxnOf6VWvbAtbs0SMAwOTngf/Wrm9M0KW7mR5s/Kck881fPEOY634kax4T1bamiwGF9uG2qFjP4Doa4fwwlxB588CkIgyTg8Y7iu9uvBWm3kAnWYpOOdmeCAOlRWTwQwPp6AREtgYI59qlTT0CLPWfhV4s0XT7G5hv4GeaTcWkIyCOxyfqa888e266vdPfaZNkSOSsfUgk+o+lega9pWj6D4Wd7QDz5IwoOME7gOlfNkHiO9Fx5LLtKknk8YHrVQproORg60JzK0U5O5Rhs+tZCW/wAheIggYrpdZB1CZZCMk/e56mucmWSF/JA2A812w2KpjMhHV8Zf616J4esY7FI7+V+p5TNec7em05K85xXZaL50zKjEk8AD61m2atHqWg3McmoxzNnezbIz0rm/iTqz3eotYJlzAwAPbpzmvdL7whqWiaNp97eWgS3tIw7sB9wkflXzLrupWNzqcs6/xszY9Oe9ZwkpbBUiYltp0yXKxbC4kHb72TXW6R4M1y8hur8W0nk2q5zjBYj0FdJ4VTTozFqV3h9rAqlerW/xLSSxuLKyst1vbt1zg5P6VlVqSWiJlDQwvhD4b0rVr68OvJiWNVESnuTnJKnrXf8Ain4MJBOdW0G4/dtkywAjIx3X2NeI6f46/s/XJtWRCWT7qgYAcE8+4r1CL42Tx6RPJcKslw/3Ubjrz1FebXpTbuJ0j1rw74si0zTLfSprf95CoAOMEYHWp73xXfQjzDuhU/Nx7V8+aX461PWNWj1aW3C2cfyhFywOOvPeu21XxrFdyRyXcAS3HOfTHf3+lebWy2cpHNLDXOy1LX7C8WOW9/eNwR3/ADqPxGdK1HRJorK3jR3TGcdWPfNfPMvxG0Vbq4ktmaVdxCK64UgdxXqP/CU+F5PCkV1JlLtwDszkD3zWn9nzg4hGhY5TTfCV1pdnLql+AA4KD2HrVLxH8NJNb0dL6ykC3LjKq33Sv196hvPGmsa75dlbRhYUOeerYqLUvGus6JprW94m5SQq46r75rvg5p6HScrofhKLRNUt49R2rJAQ5IGckdOa918F+Fx4n1+P7QA9vGN3PIY9v5V4hocmq+JUa6cB2LkAE8kdua+o/DOk61ouifaoIvmiU8A55Iya0r1bLXc7MKk5Hp+reGdF8N6BdalBaIqQxk7CBtJx9K/OXx34n/tzWHEI8uGLKqq8c55I9q+o/GfxP1RdJGlXQLG4wpxnGVOen86+abvTYLmV7wR8k7vpRgYct5MWNxEGuRHnE6RlBlc96s6Tq8ukXsd/bOQ8RBAPTg1Yvbd/NkFuhfJ6DoKqi3jd1il+Qr978a9dNNHmu2x6tpPj3xHq0yyySZUt84JAwPwr0ptO0jV7dmvYvNLDBY5GBXinh62SyiZUxuL55IHH4V6OnidbSD+zbmAPI4+UrkcV5uJpNe9E55w6o39K8M+CbKOchhPcOuwDdlYx7CtaD4UQPHBPpV2geT154NSaP4asbi0S/CBZHGcZ7+9dPa3EumoirKkbjkAHA47YryqtSTdkZakumeFbvTj5DqpePqQeCK4jxJNDps/mXTeWzHAyfSuug8YXDSymZVVG4BJ5JFea+PiuvafLOuInh5GDwc1FGm3LUuKZy9746awhMMcu5B75bHpSab47Gw74gwYjnoQPWvFdRhltpwkjZI65ORirthdAQ4jB8zJySOBXt/VYKB1W0PVtbuotZ1CCaFSFj+8Rzk11ngfUI7DxF5iYildSmWOB+Nc14QurGJ/O1I+WpBOMdT61LqUuni786y+XzCScHt6+1ZSguWyEf//U+Y96+tPyMZzVESnqOBUiyJ1DfWv6BPxaxaJozUG7PINAI7NxQh8pIT6mn7qrHcRjNSjdnNIixNnPFPV/TvUVIT0pplNFgPydx6dKPMGMkcmou9Az9DVXIaLDMFA5oDc/N0qEnHB60ZBPoCOaYmmWA+Mg9DSEhjkHnFQDtjj604nvjrQKzJ1wBgipxIDx04qmG+YZ6UocEEgdKCi4JCCPQUpmHGKp78HOecU7zGOM4yaALpk9eBTg+AM81ULDHBzSqff8KAL3GfXjNODA/dGapoeRzjPFTBsgAnGaDMsFzn+7TBLhsg9KiLEkAdBTCD2GaAL3n5I2nBI5zSJcY68n1FVDuOccU0kA0AabTvjgDFL5ykY5yKz9x6LT1bn60AXxIetSCXHDd+9Ueex6dqblu44NBMo3NLzQBhuntThKDwprOA+XHSjLYwetBHIam/b1PXtRvxyetUQx6j8aN7HoOKB+zLu/PU4o85ecdsfnVQPuozVKJmXN4z1qTzu+elUd/vUmeOv41IE/nqTkcNUn2gAZbrVEMM807cB3xQBf+1Nke1SqwYk7gAaywxyWLcYpvmAn5SCBQBriTOSCCAcYqUSgnbjBFY+eRt4HpUwk9+lVylykzU3qMZ781ICCueg71mrL0GelP3DHXmolElK5eARuQDz39qf97OO38qzxMwzjtUomI5Bxx0pcoiSRWyMDIpMRjooB68etNDnH9acsqgcHnvxSsBJgHnGaUHBx3pN+Pc0uS3fNFgHZYnmnKxHvTFU9etPQErnpSAeWwOM5NOWY4AJ/GoiOcGom7AjpSYGpHOFkCsc5qbz4w20nrWOCQ2B+dIC2DkjOagDbWZQSB0FSZXHIzzWKJHXjrxTxdZ2llIHfmgDSIQ5xzmlwScNVH7UCx447e1PWcHjO3NAE5iiOQwJ9Kja3QYcjOakSUHqRx3p5mGQlAFbyNhxjOTUwR1J2jntUm/sTxUiFWOGoAjLScZ4IpyTOG3E5FJuU8EYNSIAxySMelJgSGXue4zTxOAc9qQonOTyeKayck8Y7VAEou3OBjg9KmEzA9OlZ6r0yKmCgdOtXYC2Z2Gfam/aWwOOlR7DnntTdhPPNFgLiz5AcdKm89W5znNZZU9+BTlyMA8gVAWNMzLke1LvUnDMBmqGdwOKXac9MkUCsX+OnYUgX8qoK7Jz2qXzSOc9e1A5LUkbjBJzS+neoluQDhl4qQSoR8vWswF6Hjip1kOCM1T3A8d6fwAc0rDW5b8wemaXzNpzmqox1zz2FLtGTRZFlrzM8Z4NPDqTgnOKpc4x0NI0jAjA6VPIZ+0LmOpFIU3YPSoFlB68VIZM8UjQY6ykH5sgVA7TQjMRI9u1XUbAx/OnsEcHPeszRTKcWqQ4EU4ZX657Vc3o6hlbOagNpC67SN2e57VCbR0INu3yrxzQVeJdB3fKKMgcHn2rLLzpzg59uanjvFfhgQe+eOam5aLj7SCyjGByPWvg79pLwF/ZmqR+LNPhIt7sbJdp4Rh047HJP1r7vWUVk+KvA2leOfC2p6ZeSLHOYi0QIySyg4A54PvXHjcMqtPkZ24DFulVT6H49OjbmYfdqM9OOtbuvaTc6Hqdzpd19+ByMjOGGeCM9qw89fXFfnlem4uzP06nNSXMnoRfMR61k3EanJVelag6j1qGZcqcniuVo1RSto45I2MmCR0/CvS/CE8NxAbTIBU8V5Wp2NhTXS2Au9KeO9Q/K5FLZmz2PT9RaNLWSCUEHoK40R/MDXTXuopqNjHOqbGIwecnNYQXge1YYt7HdlsHZ3GgdQeBQVJ4UVIF5ywyKsuqKodW69q8to92nFplAhwpY8U2CQPkHgip3y42jiqbxmKTBPJ5qZHoUk0zTWNFHI61XmijPPSrCjzAueoHapRao3MjYB7UHtqaSKaTjb5a8YqdZCFIzmnSWkBOY+o70QxMA2/kUblQrRK8kanlhzQsZdht7UTB+UjGcU1TNGCSOtSzWOIimWGkC46E1VKtId78g9qfHBJIfMYH8atFMjHUCkdi99aFMw916VJHCwJz0q+icYA4pHO1cd6zJqUyuEBzk8ionz93NOYc59aQIrcseBQc3KUZFyR3Pc1WkTPWthlB4T7tQSW/mHOMelVoRKkZbIp+6OnWmCFGOznitIxBSRjGOtMCELmrVjNUiiYgpwowBUJj+c81p7D+dHkZPmEZqLhKiVIIgzHccA1qWNrALj72eKhWEbjhcDFdNpOnRshkk5JqZysRGhqVjBGj7ojnNQNDJ5m5RXRCxCt8q8GpDYA8dDXK5M29kzlDE5JFW442UboxjNdALJQDvGPSpFsFOM8AU3IpUGznckjLJk9K0rW3mkx8mBW7Hp8IjMhGTmtC2j2qOMVNy1h2jOtLKNVV25fPStpgCMnFI+5VyorPedwDu6ms+YpRsV7yY524HFYI2sxOelSai7vEQgIbHWsuztbqeQhTwo5ropkPc0gy5OKlAeNQ+MVJFAUGxhyK00gWRRuHAps0VIzY90gLDr71pGAptJ4GKkaEKOBj6VIyNgJgmky3SKhHIBPXvXL69qAVlto2+XHNdzcWKiykulbmJN2K8P1C8aa4LLyc10UYXPBzTEqEeVbsr3HL7A3WnW0eZMgYxUaRqTg9+prUjUKMV3JW0PkHcsKuAWbsKmjQkiQ8D0qJN7PsA+prVtYRPKqryew9qmcrI0o03KVkdD4b0S41u+itbRd7O3AHU/Sv0i+GXg238OaLDHFDsmlALexP15P4mvEvgH8PEeNfEE0OG6plfug55yepb6cAe9faVraqQoQbdo6dK+VzfF8y5Uz9M4ey5RV2izCPJCDHArZAQ4Ydx1rIIDPtb+GrscgAw1fMH3igrFoqOvpUF0wWHI60xrlB8ueaz9Qu1VBGvWnYmKZk7A8pdq6fRI98g3VzkRHU9TXWaMuX9K05jtpUj0SCJREoHNTpEsa7+/aobdT5AbHC1cVN8QA+tZVFc76SsQ2VzIZwW9cV2kQUFSRyRXJWkAS4Rm9cmuyMol+6OMYpUo6nTW6F2WMyrHAh5YgV1cz/ZbWOyxuOADXHWocTxbTzuFdBd3flXkUkxxjGa7qb5bnhYyk5OMV6nc6dANHt0V8I8nLD3rnfGOsW93GIfvtGvFael2F74qvmWOXyYIk3Fmz0HAH1NcTLol1NfSrKdoRsEnqfwoquTVonz+Ap0ViHKrL346mn4N0H7TZzXVwu0SMdg+nf+lQXFiq3MkUnDIeld7ZwpY6cjrJjatec3F88l5JM3Qmk6fs4o68HiKlavOV9Ohlak3l7stwtcDfznGBzk10urSvIWA6VzPk79yt17Vxy1Pt8FTUYXZgtKxb6mm3Abbz1q+tuIpGMg6VRu5kfOKuxtUlcx7hFdCWHzDpWYpwpAPIrQlBK5qkFEbAsM5NXCJy1F3Oaut/nEnNPttSEb+TnmtWe3EkhYcCsGSBUnII57VzVYe8cHU7GC/CIpLgeorQDQ3MOU5z3rzy6imdo1hYjHWuqsJPLgWMnB71rGVjHE4ZONzL8S6HBqunS2cgyJRgrnGR39e1flT8UvB8vhzXrm2FuYot25GIxlW5HHt0r9cpnE/wAi9s183/GXwAviXT3ZIi80QJBUe+cnrzmvXwWLcZI+IzXLY1FKJ+XkoKnFU2XOa7DXNJn0+dlmTaQxUj0Oa5uWMIfavtKVRSimfluMwkqc2mZMse5SvSsuaMgkdcVvvHjlTx3qlOme3BrfnOGSuU7S6e3cbT971r1vQrwzIsePmxzXkMkOBuFdboWsG3RVk5YcfhWNWN0ell2NdKVnsesPHuAJOCKI0BYA8jpRBcW11DHJA+4OB16/jV2OPFeZONj7WjVTV0NNvbSxMrKFb1qpHbLGjK3fvVwpLu2qNwNSMpB29h2qDqRjyW4IIUZFQLaBDgnrXQSRJgFfxqE26Dkjp0oKRSSGDbuCgk09AuQWG3HapRGvB+6KkMW3LJzSZSfkUJSATgYrJnlLDZjGe/arN1IfMI7GqO4YwwPvV8o3C5lzAKDyD9Kquqtb7WOGPQ1aliXO5BgUgRCBkfjTi2jCdMyIoT5nzHp0960Y7Z3y23IHephAAxKjNWo1YLtyRT5kY06KM1IWLHcMDNXGXGwx8nvQZWAKqOp5NRoz8gjJpcx0qCRLGm05birrMiRKT3NUlJ3nPTFWY1EhAYfL6UjSEBwPnDCAcCosSqTnnArTSJASVG04qpuZ5PJ24PrUj9kV4og/zOCD1+taBgiZN4XB6U7yI0HJzUhicqHj5C9quwchp+FdH0vUNQli1O5aGMRMwIIU7wQAMsD6k+tY0sKW8hjDhwD2NTxkxnKgoW9KekUczYX73emZ8pSGCSR196rNbgHk9eTWlJZyRuXjIxjHNMCAHa/U0lOxMoFJ7bykDLyDVSUB2C4561uFQww/QelVmtwG3jtxTumYyh1Ml4doBHJpywhWDk/hV94RtyO9ReVhuRVtnM0VlOflXrT8Y4/OniPY2QKaGQkgdfSoIlEjOSTVZgUPrVllIOcZphQH5jQTYgAA465qYLgdMVNGgHTjNKU28g5oOerEz3jOarkMQVJwK1Rk8GojCCT2+taqVjlqrUoRKUYqcjPepHjJwVNaAiYLnpiqz469TW5hOJjSlgxHb1rK1G6WCzYggE8D1zW7K0UKeZKRgDnNeb6xei6mPlcIOlaU0eVjKlrmD5hmlwD1Oc1oxBc7epFUIz824LwTxWpEu1QOprsR4DlclwON/FEYyTg5xQQQuOuPWnQn5vlHWszMtxDBra0mym1C5js7YHzZGCjHvWKFkJAweTXvPw18Ly2kX9tXihnc4jBHzBfX8azqS5UejhaTnNJH1l8J9HttEtdMi2qyQsXwe7gnO4e5r9Gfh7N5muRyrGzW4idZCATtVxkE+nIr8+/AUD3DQhAQRJu5/OvvL4YXkyTXEKENK8Kgj/Z3dfw4H418RmVW1U/fcpw1sFFR7HpeoyRnUzFb/dGGU5755H6Umpa1cTQolw7N5Y2KT055xmtDRLxLTUZ3kQOCpRweuc1U1WeeaxOnxgGAt5hwOQV4HNeY3uenSupRjKO1tThb23Uxl4zsOe3cZ6V5j4gnmjvY7aNvmCs5HfrxXompTNaW5WRhleOevSvmLxn4ndG1TUkYwMI3jiYH0GFI/nTw9O8kdmdYvkw8nc+EfH2vm58aXmoabKIjcXDyhc55J6f8BPSu38G3Y1iYNfybZcbcdRXz5rlzKuq+YIxvzjOevzcfr1rrNE1680raYG5YY45PPavarU7o/kzOpc9WUvM+gdVsYbW3mEUmeuc814TqkEVqXltJ1E3VlJ/lUur+OLy1sysZCyMvXqc15lDFf+LvNmWRrd4u46N6ZrOhhbPmex5tOHc9i8NCPUYXs5Tl5BjkZB9aSb4dwrqYmBELtj5uwrC8D6rpnhZ3ttYDG4GAjHJ59RXpGp3kWuwtLbTYQDnBxn2rOu2pWjsFWVjq4LDTIoUtUuhwox6nHf0rzrxX/wAJFpmoG80qdhDCuVKsQM+/vXHNeX9tPhWYqhwB1zj1rtk1garpMlnNCVLYAI9T6VzQo2lzIyi0j54vr7WvFWr+VqE5M7E75HbgAVut4JEtlG32ve+8KcDqvse9SeK/DP8AY0T6hDK0jyH7rD196ueBNXjeL7DcDzPLbPzdRn3717ik2rx0N1UbO58K+A1t9PaaWY5Y4wOpA9a0dU+H/h9rR5If3V03IbPUjqKoajrF5aRPNZPsWMEhc5zXLaX8SITPJFrMJVBggjn61kqVST5kzPlZ2Fn4bsbuCNroBLeMbeB97Hqar+J9J8N6X4dnaLbHI2FXacsB7Vw/in4j2d1ZJaaOrhVOcrx+BFZWkXlt4igMV/MqKOu445rohQmvebDlZxCRamLgt57MvOAOcjmu48GeGL/xBrlmip+7WVGctwAFIJB/CuxtfBlpLaSXlhdK8ycKo6Y7Vkx3+veHiYvKKzZ++gbA9OldMZ3djeLPXvjRoNhomlWStiYswGF4wu0nn8hXwrdLb/aJZoTsyxIU+59fyr1nW9V8V+LLloEmkulTj5mIAOawX8C6hHaNLdRbJj0Gc5x0x71188YoUpHnrs+3IJz6+hrHkMhk3S5JPGetdDqOkahpcnl3MZQkZ/CqukpHcXnlXJ2of0rpT6lxfUpQaddTSIsC7i7BQPUk4xX3F8JfgvcR+Gl8R6/bGB5/3lvuYg7BwSR79RntzXBfAL4fW3jHx7aQyostnaMJZd2dowQU4xgsT2PHWv028dXun6H4YYyIFVFIGfVBwMnp7+1eZicTeSgjtw65tWfCPxW8fpo+if8ACPRz7pzgOpGcqO3pXwTfTiWeWdQNzsTx069K9n+KXiK28Q+IZ3tWEkaysi7eyr71xmgeDZvEks0VpgGAEksemTxXdQiokV6iTOGt9RugdiSMoz90HgGvWrDxDbadoUWkrAskzEs7k5J3Hqa5A+CNU0rXEsdQhzvO7IPy46VPNa29vqCx54B4PXn0reoluZqd0RGWS7vSkYCh2wcen9K37fwlf6xIzWuX8sDPYe1eujQ/Bmo2MQ0xUilhQfMOdzkc7m9zXVeHNFGjtGGZXmkIyo6c8DHrXFVnbU3g7nkthcy6XpqaDtJcEnI5Jb2rqo7l9YtzpkEYUwpl3fjLdMZr6Q8EfBa01fxAutXsYENmPMbGdrFhgL9R1rk9a+FcsWralNqM6WFuZHConWTDEA9u1cDxSW51Qhc+Lv7Da7vngt4ZBMXIEaAvx24A6V7lovwc15tOi1DVlktrfaCqY2k556HtjuK+zfgd8A9MUHW9Wm87zWD7SvGxc7cd8+p79Mdz7V420HRridNNLpbQR/fIAG4+7eo9a4Kuac8lCBt9Rurtnxn8Lfgxp3iPxHBofntE2C25BuYZUk9vugDn8Oa2Pip8GtE0jxA2gT3qSxQRIzE8Euc54/n/APrr0/w1rPhn4ZfEKfXbq7H2C3glUOOrMw6L6nrivNrzxCvxN1bUfESRlEkkdyN2du45AyPaumEmefypM8s+H/ghE8TRabZNut7aTLnGRt3en/16+s9YntdO0qQRoIxGp5xjAxgk9q848G6BJpdjc3yMPtcrNt9Sq9PxryP4i+N9fDy6I80iDoy4HIPPJ61m17SVux3UqkYR0OB8ea/aag7W+nW+8KCS2O/tXl9lqhtAY5oSAe5HP411iTzJGJTgOSck9K57xTPbz26JgKx+8RXfRXQ8TEPmk33H6dfaYkrPcRphecZ4Nc5rVvaX8kl7bBYTnOz1rzW6lmDeQsh2g+veta3a6dWZsuUXGPavSVOwuSyNGC7uopQc7o4uPpWnDqEtw7XSg8cc1zcc2whJG4PLetdlFd2gt08tPMVeeOtE9US0bcPj7VbG28u3PlFf4uvPsK5N/HOsyPIZ7p5ZGO4HpiszVdQtbz92sfl4rGGnTpE8y4Kr+BojShazRUYrqdR/wnOobAsnPOB71148Wwx6GsDDzZJmy4PavHE3zFQwyx7f1rcZZPLUKpZhwR61M6cOiKlZHs+leD9E8X2TyAFXGcMo59s15xcaMdB8QHTZw2yJgBuHWuj+HetX+iXzTojmOTgqc4wK75tDu/iBcXt5bQGMQ9ZDwCfSvPdXkk1Ihs529tJbizTULe2KQKoXeORkVzMslmELSNgHgeua+mvFGnab4d8AWXhmy2vdLCJJG64buK+NNVluDIbVgEaM9MHODWtGSqJ2FdH/1fk0fdoHSgfdoHSv325+LkiSbRkDOO1TKc5PQE1WCHtx79qccZ5O76VYFrfk4yAalDgNjOcVTDN6Z+lKH2Z96AL4cde1OySR0qmrnqTmnbhkEigC4TknFLxxUO/JxnFPDdMVVyGiVjzTaCaMEU0DAHFP7dcio6KYh5yPpTc8UEqOVOc8Uhx+HrQTzC8VIp7k1F/Fg0Dg4IOaA5iXOOlODetRkZ4puDQHMW99S7xgVSqQMw5z+FBJd8zp0xUi8sO4qkHOMZJNSxScUAXTtOMk4oO0g4H51XWRExjJPvUgJPJ70DsOAGfkwKeozkjgg9aZuYjaeR6044bavUUCHkjvSAnvUZHfqKcHx15NAE4AOOeTS5xuA5qv5zDOB0qZZPvY9KAFI6HPWn9R1xULSHgdhQWIHyjmgCdSR0FOAxweajyp+bOKeJDyBTTIlEftWn4HrUYcetP3DHJ4qzKwEkn+7igtkjJFNO084PFLwDnrSuQ7i464oCnOQAKcOuQBTicfjRcNRpU9D2pduMmnkZ49Kcv96mWMBPHtUnPtzRtx+NBOPwqGAvPXFKXOc+nFRqw/iJp3yknJ20+UCTf/AA+gpwNR8EDcacR6HFHKBL5mM9qQSFfmU4zUQUgc85ppiJ+4M4qQLonbruxVj7SgOOc/pWRzwfTtUitkZ6H0qJAa/mqRnrQxUjJPOazlcEDIxipfMB564/PmkBcWRAeOhpVAI3LyM1QDyA53cDtTxLkYBI+lRYC0VLZ7YoKHIA5A5FQrITk5yKesvdsY7UWHYk55pvHrTg+Se1KMkHtSECPk46U77QUVuRRjkHr+FRNECSOmaLAWYpWYZz1q0pbr6VRQKoAx0qUP1oAslssSeeKPNUAe1Q5zjvSHgkKOlAF0XSHkcH0p4myASf8A9dZ7ZAyRmly2cCgDRErA844qZZ+cEAYrLBycU9HJ56c0mBtJN1PHNTB1PTmsYNg9akWQ/wB7rUAabAHjNRgDcfaqXmKfmJ6UecwB2+vegDQA5yOBUg5xg1nLMysPSj7Txk9M9KANBVX16daPLGMnBxVVLhiSVwKkW5GcN34oHLcjaNjz79KTaGPOQe1P8wE9eKfvGMGsxDPmGD3zThIQdpGTVj5e3NNKIQQ3BpG6ZAJxyW49KnWQHnNRtAn1xUZjYZ54oDcu+YrNjIFJ35NZpLJz604St3pnNy6msVB47iogN0uRnC1ALoDGR+PemW90sjvxtwazNi+EOSR3pCCc57elNW4APzfSphJGTwcCk0BBFMwHzcip/OBFNKgfLnOaRo2VsjtUAL5hyPmprxo5O8ZzUYyCA3UdqcSBWZaIRbsv+rc8etQst8GO01bL/NhuM1IkkYPPIqGhnx3+0F8NprvyfEelIu4N5cqgHlmJO7jtxj2r4pbdwV61+y2rafp2r2E1jeASRSqQy9j6H6g8j3r8v/iv4Gk8FeJZrOHH2Wf97HgFcBuxB6fmRXzOc4Jte0R9jkWa3/dTfoeTk8471GSuCCODU207veo2TLbR2r5Q+zpmRPEBkxjGK2bXUVlsDbTDcy/dOarSxBlK1lJ8jFRxUMs7HSNXVdtpN3NdQ9q3MkY4xXmO10CzBsMDXe6RqLXcG13+6Oa568Nj1sFVsuUc7bFw3WqfnOSN3AFa7xB13AdKpyRptAA5rgme7TqkHmMcsO9RyuztuOMAUmTnb0pdp6HmocDujMtwbiMqcGr8YSRwXOcdazoA4TkYqyqsrgdSayO5O8TcaKBodiYB9aywUiZlY5NXlAKgnpWbtM8jKvGDSRnS3L0ESv8AMRUotQcl1wB0p1tC6pt3Z+tXRuVQX6UM6OSzKDxHywVPJ7U3yXC9MD1qZ8tkn8MVOGDIFBz9aymz2KPwlTCgc8VXlAA4Ga0nUEYqBlGOBUcxrKBikM7AYxipRFhcVfKhe2CaiMJ5Io5zGVJkAj4zShOM1KcgbcUnIGMUcxXs2VXiyS3rUQiBGM9Kusp29OtM8o4zijmM+RlZEwduODUnlbjwM+tW1hLkY44qTylUBRT59Co00U1iZnEacs3AruNP0y4t0XzPrmuctI18+N2H3TXZJfFkGONvY1hUkzWNNDpYGB5x7VATtO7uOtW45w4LP1NMkBP3azuacqKjEHGTg1JGpcdcinxxtLk7ckdKuQQlCQwwKLjURkUJYbScEGp/LEZ3E8DtU6lQMEVA7EHPX0oauFgmfAyw4rJuSGHTB61feQbeeaybjJbcD1ppESjqZksbOCBUsKm3+7xu61YUrH15qFDl/qeKdjL2ZeiQuM4q/Go2/SoYMAYHOOtWsNjpmrNRixB2DE8DtUjyCBBLJ90VoRwiKPzW545rgfEWtxxy/ZoGyM81pFXODG4mNOLMTxD4juJ5HtYpCsQOCASM49fWuE2lmLZxmrd4yyXDOD96o41ywAr0IRsj4bE13UldliCIDDdavgZ5Ix6UCMcDtVqOPPHf3ps5whjI7fM/8q9d+GXgxvEWuQQSLuiYgsB1KAjdz9Oa4LQ9MkvNQhhwWLuigY/vHHFfo/8AC/4c2fhy1UXCK1ycksvHB7Y7c5ry8fi1GLPp8jy2752ez+FdFh0jToLeDhVQAZxn8cY/StoMYZzxT7f5UWNe1RsrtI3rXxNes5M/TMBQ5ESHA3OR1qON97lD+FBfaMMKihYiTcRx2rFHqhKv7zDcYrGuFdj16Gtm5mJOeKzXbad3Wt0tBwkEPzEIeK7bRYiuN3QmuWsolaRWbgV3kOxEj8sVmejRO7gVDaeXToQoOxaohzHAvY4q3ZuuQz9q0UTppQdyxxGckYrrNDXbbyTsN1crO3m/d4rrdLjZrUxg4wK0SKxfwamnolmbpzMucxc1W1si6vlG7b0FdJpEaWdmyphnOc+tZMdi97fGT0GTWtSDaVjxI4he2lN7LY7qw1P+z41WzGARzisS+1Iu8krDBPP41q6fAltbGWbnHrWFqcSSxM8bAZPas3TkeDh4U/bN2+Zf0e6OoWzBn+VeMVzPiLy7PKw/nWRaX8mkXboD8jfpVXVtRW6vAvVB+tYTq6WZ9FhcslGvzr4WZr3Vu6Dd96qKxKVMimq1/EisSnc5rPhvZIAY379K5Od3sfURo3h7o+7TexFcxfWrQIfSujedv9YRmsPVbotFvb7prd7ERjbc5KO9YXHkuMirzlc/MOK5u9mED+aOlX4L0TRBgc1pRnYjFx0ui7IVOdvAFYczK0meuK1XYvG2TgnpWARhiCcmlUdzyr6l2OJmbcKnkaSJTgc+tS26/uuetXhCsiYbqKcKZnOdyKwkLEMav3WnR3kTqVBBFVrOFUOB0Nb0X7sY6g04z5WeRj6dz4E+O/wtaCe41qxiZlIMkmCDleg4POR0OD6cda+Jb+y8ppEI6Hg+or9mvGeiR6tYy2sy7g68fUHI/XrX5rfE7wK2g6vPbwweVGzHAAO3Ge3p9OnpX0GX4/Xlex8dmOVKpDzPnCRcAbvXFRypuAA6Ctq7spIJCD8y55rLeIpwf8ivqISTWh+dYnDyhJpmc8WFJzz6VTO6Lnp9K1GQAk561Tkh4OTgVaOU29C16SCVY5WIJ4Ga9i0m7WeI5IIPQ184mMxuGQliK7bw/wCIWtZPLdvl9KxrUubVHsZdmTg+WZ7vH5SruHJFVBGXc+YCM+lVtK1W0uo1JIw3ettYlfO08GvLnBpn2WHqqSuiM2i+Qzngj0qgxITDD6VoTyOkfkoeDWfhzIEHXtQbqZW+UHBHbvUUkvykg4ArSurQRKrH7xrPlTEeOhPSmkb3MW4jVxvHfmqRUH5VOfbtW2FAB3Dmq72MgfcnbnFWgMB4mQguOM0MsbZwNvtW1Las6kN9cCo47OQReaqAgdSasdjG8rAPVRVuEhEBYZxx71ZaANnrnqajFow4XkP2rFkqmUPIAJAUndz9KeYikYwMmtNbcjKnqamW3VAy8nNNGipGKYwMMe9WILQ7yFOc/wBattCANoX8atwMYMI2cHnNDuZ6orx20ync3Iq1Dpy7t6nBatGN4WBK4q1BHgY7VLL9q0YxsJDnjOPatIWrLbhQmGGK344khBRjncODSlTGQc7vWlzAtWcW1ncM7jGSOajtY5BLuGR712E9uChZB161QS0LQ8clapMr2aMq5ARC4GT3qnEqT/M5wRWncvkbWHAHNZspAZWTj6UGUoAQhYGPOPSoDgHD/lVkK+Rj5c1EUBYbuvcUIxlAiEeBuzxURiyxbpV9V3YyeKUwHls8VZyNGVMuWCgYFM+yoAW71aeJvMznIFKFwNpWgzcSkEHQ1PBDblmMp4x0qTyye1KEGfu0GTRQESgnHOKYyMe3FaojQ54waplWB9QKDGoVlUfexjFRn5mwO1XCoboMVEY/wzWhx2IADtOT161TbagLOcbe1WLiWG0XzJjhF6n3rj9R1Zbv5bY8CtFqzjxVdRMTxLqrMDDD0HWuDaZy2Rz6itG83ifY7bqrJbZbJ6etehTjY+VxFdyZahDbd5XHcCrQyBvHB9KReVwD0p209uhrSWhz3sOBbjvmplfZjC4akUelbGlaTdanewW0ADtM4Uf4n2FZNhFXeh1Hg7w5LrepRrID9lXl/qO1fTVups9oB2rGoA7dOgrn9B0W30C1S1jOSOS3TcfWuntQLm6WN+QxHHWuKtU5j6fLaf3n0R8OreczQXDruIQkk9uOK+yPhJsaPVb6XJkiKRrj0Iyf5V8p+EJfsOkBAM5wC3fAGK+mPhebqL94gIjmfLj14/8ArV8ZmC/ecx+05Q/9n5ex7NawgyPJG/zMCxz1zVO71Q2wabOVb5fxNdFeJbwWLX4X5wQD9DXj/ivWobe1eBTsXGcnt/8ArryXUPVwc1Pc83+IPipZ5Rp8Eu2djyVPJ3cfgK+c/iJa31v4Q1KYAZijPJPAyR1ruLS5i1HW7jVbpd5LERg/7PAP5V4l8ePFd3Y6RHpiKfs08mZMf8tODhT6CvWwXQ+a4wx/JQl22PmlrOyu7UtMu6VuhHtWDYJPb3EhS2aRU4zjPWvRfBFzpessbY7Uk9CPWvSZtCt9I2mFA6yfe4Hatq+KcPdsfzRXrXZ8065p2p6gyMsPlhzxWt4Y0O9srZlvv3bMflGc5zXvtz4W0a/ljkS+EBIyQAOtclrOgy2GYBOrFvuMvJxRDFtx5WiFUOeXwL/aV3G17cBVTsvJx711A8G3ZukTSpi9ugwQTgg1ya3mr6ZGLaXJaU/fBzn/AAq3F4j1vRWOJDGh5PU/nUe9sVyp6lPUNA8UQK88VqjckEsckD6Vu6FqP9mQpFfIN+MnI6fSsq6+JH24mwWUPcyddpwKox3FzqE6QGLeznBNaKnpqTyWOM+IGu3PiC4+y2sLIi9FU53H1rmPBWnas10YzA6qMglgQPzr6j8O+BNKsZGu7y3Bc92FWdcu9BRcBFiZm2qAAD+Qp/XHbkiieex8/wCszSJC1naDdKoIfPQDtivLtGitbjU3TVn8qInGB6d69x+KWnW+laOL3STgsCGlXrjtmvkJ7+7WQgSsR6t39a9zK6fNA2oo+iLhvBulW7vKU8voo6s1eS6hcWERd9LkKxSHI9BXCz3dzKwLP35zyMVcd08sdgK9WGHOhxPdfhr4tkguVs9SnxEOdzHJznkfWvtrXNC8K3XhlntQrzXEWF5+fcRwfrX5u+CrCbVNXWyiODgSEk4yoP8AOvtLUtX/AOEe0YSwuJ2ijAPOR0/nXn4mgufQXIebaXoceg6g5U7Gdtzg85qLxN4niW+CpCJoYlViR614/rnj/W9TkuVJ8hyx+YcECsdtRv1t+W3FuTnkEUlhJfFJnE6TPdoxaeObJkcCFI+Omea8v8T/AA5udGmS5085Sb5cEcVzumeIrjT8RqHZHIJVeQK9vsNc1XWbWOSS3Ag2gLkcih80eoruJ9F/s6zaN8P/AAdJqGslbO6vZfPlLISQoG1F4BOABnB4BJpfi58W9I8Yp/ZGl3ay20XzEhh8z4IByD0wSfXPXGK8a1G+1saQLOMed8oG309q+d75rqC4khuwyvuO5cbduaw9hd81zpWIaVrF/wAT+Br7T3bUNP8A9Iil5KqPmXPUmsTwnq2s2LyWelRlZnO5m284HUc13s+urY6bHFDcea4QA7iScCtnwLJo+q3TGZlti3zORhQAfXNdim+Uy5yhr+j+ModHHirULSRYHRQr4wu1iAv8814ddTMbkKPmdm4+tfefivWk8S2EWgqVFoqgFwfvEDHT6Vwmn/Cjw7a38OqxkM8YyEYDaT6jpz9c0LEO2o/rCjufP3huG+hu40YMDnJUDkivVoNRkdUktJNssbd+q81p3djaaZ4gmv7JRIVUoqjoDXG3SXb3RyBAz5LY781k6iYU8RbU+ifAHxc1jRrk6feSgo7A7gMD05Ne/wDibRbfxtZWUom23G7ekgxyORtb881+fllbg6rbwyz/AHWBZieOD0J/SvtL4dajNqErSRqWVTsUjoOBzXmZlG2sT2Mvq859I+HrS40fS7azgkA8pFjBxjIUVqWnhwahevJq9obxWyQuN3J65x615R4y8eJ4Y02HzsRyBsLj+M+v/wCqu1+Fvx2sLg/YHjEjn/WMGGAAOOD835V5OGh7x24uvyrc8I/aL8DxWejJrCaNJb2kLMgKcEM3Tg87e/6elfKvhvxLJoGltFYxkieQsxB6445r9Df2hfHMOs+HbWG0uYsPIG8rzFcOiZyGx1+YgkV8neE/BWk600OlyII4S+9sd+c4zX0E2lG7PPprnehY8EahrGo6iLy9HkWIi3fNwcnBrx/4qarpkOqXF7DIrSPhfXPXH1r6L+MZtPC2iINJjwVgIYD244r8+tQvk1WZ5JScxthd3H5VnhEpXY8R7isWWvZZ4SyynHtWHNE9wfJDcufWt3RrWFkklnXkHCjtjiuhTTrMrldoIJI9hXbz9DypM81uPCcoTzwVZf4t3FS2UH2e3eNlBZjgkc4FevWdlpzWjGVxl845715hqF0mm37KF2K/qOSK0jVbdmXcqW+l2Xm3El0MmNflPQZrE3eT5kcDEA9VzXr/AIefQ9ctDaQIXcn5yQAce1ct4w8NRaJIs1mjeTISQeprRVNbMR5/HBub5h1/Oqt1K8LGDeSQOAa6vStNu7h1ufKbyfWruv6Tpot0uSmyVRyatVVcaZxOnSKlzGz845Irqrm4gSeMlBng4Fcmx2AiNTngZq825sM+WZQPrWw2enL4otbC18hbdd79/b6V9geHdIg0PwZaSTRCK4vUVgAepkXdXy58G/Al18SfHFhpMK4t0w8zsuQoGSOMj0JPPAB74B+4fiOsFl4ltdJysUFsEjDHgEtx+gGK8bE0VOdkP2dz588SWqWEixXeXlm5AP8AdJrxfxp4NmlsLjxHZrlUHIzznIGMfjXovx38SrH4i+z6bIIjaW8cLH1YktkfgwrxG7+KWrReGDoMAR2ckyTEZYjOcAfhW1PDVIW5SPZH/9b5NH3aB0NH8NIDkYFfvh+LjsdMdTSnKrtC5NPCnaOOvegnBw3WncBoYj5icDHSlPzHIOajIwMnvxzSfMvSi4Eu4Dg8Gnhj1J/Cq4bP3+aM+nGKsC4HGelSb0GCT+VUxtzkA5qRcCgC2rr0Xk571L5nPbNZofdnPABxyKkUgZGcAUAXS2QcHGKeDkemapq5AGTUnmDHpTIaJ8jGKUkEAfpUSsTT92OcZqrmRJgZ+YZpcKB0INRhwMdRT/M55OaYDsDPfpRgED1p4Zc+9IpU+tAAB2p9Oxx7U3vjtQAgB4xUnTC9h1pCu7GOR7U484I4FAD1PPtUitg85qFRnml59Oaho0LCMRkE4z0pySHGNwOOtV920AscZpAQTwM+9WBY3ZzlsA0p/IDuKqlgvahZcnGOKALIb3zmjcc8VW8zaDxnFOL5ztPWgzLO79aVWHrioAwz8v40ZA680AWvMz9404OAvA/Wqm44OOKbvIHIz+FAF4O2eAOlAlUnk81SMrAZAxmpSwBB9RQBcWT+AmnK2eQeKoqxz0FSqRt460rE8iLpkHXoRS+djr0qpkgYLZzTQ7AetMORF3zsMoHK96lEqlQFOQDWXk8/NyacZCeAMc9qHIxNXzMnC8465pNy4GOtUd/SpN/H+1U3AtlyCcLmjzOmeM1VMh9KDIeB2o5gLyycdelPVxnlsZqkrjjHenhl6gdKOYC6HDD296XjPymqZYN16DtTzNuwOg6VQFrA2nJyaf17ZFVklIPSpA68knn0FRIBdi5+UmgKwNO8wkcGkzkcmkAvOTkU3JAOB1pMYHBqNi2eTQBKJGzwKcJOMtUasOmKa0gHy0AWBJ75qQSn1qlnPelzjquafKjexorO38XFSecCelZyt71Ln05oaGWzKSDxS+ZiqW4Z7mjcMAdKloiUTQSXHOMc1OjdSTWQrSKTtbj3q0kowMipsZ2NDcMbjS5Oc4qkJg3vzUgkfPtRYRZHcninofSqu8de+akRs5yOKlgWgxBHNSqRzuPequ9QRyOtKGJGSKgC6Njg5HNAO8YP5VTDYOQetPDndtPb0oAtAEcjjBpWjBBYDmofMI4POacsmT1yTQAqo5AIp2PrmkWQE/N2pysM7ugoHLch4HtQXK8dc1N+7Y8U3YGGVwazESibooaphckfe5FVSmR83SmBMEYOPWoudCNETnHTBqTzVbqeDWWPlzjntS7iMZFFwNGQDAYHNR+WpG4ZyKqCTHAJAp6SE9Cce9WYPckdSB8p5z1qEfJI3GO/FTNIpOD0PakdsgHPPbFQbWAZIJB6UoPG0nmmKUbALbWH61IMZ6Zz1NITRMkzRjafzqaK5z8rnk1VDD7oFJ8vNJoVjTZ4x15ppZSAoPWs7cowAKUO3UAms2iolzbngHFRMuM/xVXa7CgljkjsOtIJXlUZOwH86yZVgadgdiDJP44rz74meC7Txr4fntJ1AnVQUfAJBXJHX3P9PevSgI14RRVhPLZSCBz61EqKaszWm+WSkj8gda0q80XULjTr5PLntnKMPXHcfWscnnNfefx7+Ey6zbDxDoMK/akGJAvAbA+UY9wOvsB718HMkiMySoUZSQQexHBB+lfDZpgJU53Wx+mZPmCr0/MrnAPAyapzwlxvXr3q+4xkCowo2Fs+1eKz2EilFuUcjcDVi1uprGYSKcKTyPagoByOQajaMMAp6UpK6sXCTi7o9Fsr2O8RG4HrVm5iXbxwfavN7a9kspAIjhQea7u01CO4i3FgTXBVp2Pbw2JuUJImUdQeasLCrrg8mppQJScLiiNChyeK5pSPformJVjKhe4qZE+fBOM1KvJC9KlVN7gDmsrHpRp+6XIQuwJjOPWqCosd1zxmtuOFRg9O9Z97CFcNnORU8xNBe8WofK38DOasTOnAIxms+3UDbx05rUaPzVyOWpcx3VYlBolkQlTtINCoBz1qcROmRjmk5PB4xXPNnbQ+EgdADk0zG78amZNx9qmwSMLxinzmxQ8oH7/aoyh3cdK0DGwHSkSInj0o5wM4xAnPNAiKcseK0GhO7PamiDLZyQBV3Ap7CevA6ijZwDjNW8ZyHHHY08KnG36ViwKyqEx700xyY3L3NXvs+SO/pVoRjHlk80dRqBTgt327tucVcTJrp9FsFaKQyAYPQGprnR0O6aPA46VlUqq5soMwIic49KvKdzBaoNDJGx9qVDKuGPY0GLR0trEpXjg1eNruHA5Pesq0uQRljz6VvRTIwAIrJyZ0UkZksDQjPWse5kYHCdK7Ex+Yh44rCuLJnYsOBVRkKpGxysrzZwehpql24PJrTuYMttb5WPFRGFIsAnnpmtLHM27lXZ5mQRzT1hIYYGKtKqZwDxViNE8w57Vdh3EiRUHQFu9aEaqo3E8+lVZmitlDv8tcfrXiiOOJoLTmT+8KUYOT0OTFYyFNXmaGv+J4rVWs7fmQjJ9s15LPM88jSSHJJpZpjKWlc5duTmoAxkr06dPlR8NjswdWTS2GbAT9a0IoQgHvUcaZ/CtBB046dq1OOBZiA4zWhbQtPKqIhbPZRkk1Z0fTlvZtsxKqOoFfQ3gHwampzJaabbqgOA8mOnqfr7d/zrzcXiVBHv5bljqNSaN34NfC++utVtde1KILawHcEJG4sORxzxmvvGwsgqx4G1hya5/wpoltoWnJaxRBI15B79O/rXWw3CEs0Z3gCvksZjXK5+iYHAqJOY/LlDBsgU8sqncvU1lxXMm85qwZWY88AV5Z7qhYLhgGwT1qrO+EXYQKrzXEbyAZ5FQE4yPxrqow7luRbVWkGM094ArAk5pbXBGTxmrTQM78U6ptSJ7dQ2NvUV19guNue1Yun2yxjDr81dDbRMWz0qIQPbow906AqZY12jIFW4Y2VwAaZZgIp3GtS1h8yUsR14puR0RdncekTNIFrvbLba2+D/EM1yLQlDleCK0rO5kmwmSSeKn2hliqfPHTY6bR7hjKd3zA1Ynuxa3gjj43da0/DOlrNcbTyFGTVLWNOEWosw6Dla7IfCfMyxFKWIcPIuXF6y2ZBPB6Vixuzrl3+StOSBpYIxMpVTyMjGRWloPgy41eR2eVYYo+eeS2Ow9OKqKbOeWJo0KcpzdkcFrFoWVZIV57muTi3GcrLkkV7xq2n6fYx+Uo5TjmvOdW0tJJRPbcE9QK5auHu20ezk+cKcUraHJXdsPI3bcknrXPTwkzc9B0r1UaaE0/e65zXCXaRq5yOc1z1KR7mExim2o9DFkMcMbFjzWG8AvInTrWldjfuWs6wLxyMOx4pKN3Y7Kkfducne6bgFccVDaWe18dq6/UbfK7u9Y1vGPOyTjFaRhqedUqu1mU7hNoIIwBWCg/f4PQ12l5Gjr1rjpkIudiGnynm1JWNUSBcAdBVjzS5CqetZMm5FwaW3dk+c07mEZ9zYQPC4z0ro7b96BjmuWjuskCTpXTWEkSqDF1rmmznrK5ZvLKOWHkdK+ePih4Eh1vT5WMf75QSpxX0zAyzEq/FZ+q6XDdJ5eAQeta0a/Kzza1LQ/FzxFo0lrJJDOm0qeSB+X4+tecXFs6Mc81+lfxp+F5Pmajp8IbIZ3Cjlj1IGOp7/njnivhDVtNaJ3jkjMe3gA19dl+NbWp8zmuSe2g5x3PLmCqcMOlQTJkcVu3No8THcOPWqDRgHnpXvwq3Pzqvh5QdmYUkZHQYquI2U7gMVutFlsiqk0fzAsMVqcjNTStYksgqMeK9Z0bxBHPGPmBx614Uc4PFaVncywKDGx4qKuHUtUelgcznRdnqj6I3xS/vFbPsahEvlTK79M15jpvidoiqznjoa7WPUre92orj5uledOg1uj6vD5lSqbM6i7u4bhCR2FYrGMsu4dfSggqOmcelWEiYfORxWag0empdiu4y+MZGKc8UkqmUDjGOKttMduAM9s1bs5I0hKzjHf60mi+cxzbfuySwDdhSGIhfLkGFNae1riVSiYDdKsXK8IpUcdahs1izkmhZJCo79vatCWyCIrBsE9q1rSzivJzC/H+16U1tP8A3zwRsXCdDRc60YccJd1VR+dSywyRS7HX5ev41tx2EkZz121cltJHgLMv3uh96LmiRgywRSorlcYrPaxb75HyngGtU28gPl4zitJYhJ5cTLhetK4+RdjFj01nVdowTxUrpJbny2Gcd66SaF1YCLjFLdafOIBK3IPersu5PskVLWSC4x5jbSo4qWTzUOGXKt0bFU49KeQk7jkY4FdJcsRstzyiqBWTsQ4HOyRyruOMqOhqALsTHc9xWxMyq3lgAgDmqcojACjjHNK5lKLMO5i3IeMH1rIeHHJHI6Yrr5VRotrnrWYbfZkIMr2ouZzZjwr84VuAPWk8gmTcVzk1pmMYwRk56VIsIxn07U7mMmVVtTGO2GpBAOuCc1f8uRSpOQCanaM5/dnP1qrMwcjHe1UgnnFVHhAHTGK6JbW6lyFjyDSHR5trO7AY7UjNs5nGV4p2zaCQK1pLaGMYB61UZFV9mRzTSMqljOZDjearNEz/ADAcd6uzzQRBkklVce9YN54j0uBSlu5kIHPYZraNNvY8yviIRWrLRXDbVOT/ACrL1HVLWxRvMbkDgVxl94puSxW3UKB0bvWUtxBeWc/2pma5Y/uz2FdscJJ7ngYnNUtIlm61xNTuVTzNsK5zWFeXUMIaCJsuOhHeqkkKgjYNuBjFVvs535btya1jBI8OriZyd2U0V5G3v361fCqF46VJsEYK4zTDnGFGK6G7nM0NHqeBUiumdp5pwUn2A7VNa2xmfAQnPTFSCRPY2txd3EcUKFt5CgfX/CvfvBfhpdJb7TIodyuAf7v0rn/BWkR28qTTr84HyivWYOPkFcmIqdEd1Kj1ZoiTc64HPfNdBoduGuWmHbgVz0RIuEA5B4Oa67TdtuxCdc1wVnaNz6jJ6DlO57R4X1GVQYZF3Rvx/unPWvtn4Ym3t/DrNOcyySlhn0A4FfKXw801by2aJE3c5Ynrz0r6JsI2tkWCEtsiBP196+Xx2p99SxTiuQ77xb4ka0to1LKIOrA8Z+vrXzd438T2t1HHGlxvaVjwORgep/WsT4j+ODHeS2UTNI8WAq9do6cn1715XodvqWpXDTLmV+WOOgHt7V50aHc+ipVeSkegwxweUs+75cHp1B9TXyr4/wDFUmteI7rw+z+ZBZyHbuXkEblP55r6g1Vv7J8P3OpXGY1WJj83A3AcCvivWtOSTUZdcW4PnSuXYZ4IJOfyr0aN1sflniDmfLRVO+5nafbz6Hf77GAMGOT7V39744gh0aZ52AkVSp5yQah0qTT9UiWF5AGA5INcn4g0WwtrxzbxG4jY5I7Gir73xH4+tjP8E2Gu+ItTW6kL29kWyCOv0Ga9U8RaZPEI3tN80ucAEVxHmanBBGtsrQgdFwcV0Fv4s1WztwL5AzDgA8flWTk29BWB9D1NLf7VdJ++xwuelc/dxahHYMb2284y5G1OcD3rqR4hv7pSZRvRuFBxkE1vpGIrD7TKu3j5t3UfhV6rUPaWPkcwol4wiiImV+mOa9c0K5XSVhvtUT5iQQo6/jXQw+GNJ1i9kuoWEEobg4B5qjq9hFYRuuogTBM7SOnFdnNzRsy+e56lP41sntkjChAQMnvg+tczrej6RqFol1bzZnHPykYGfWvljxP4j1XTZfMi3bJTlQDxgV0vgHUNW1uJrcXLxA4YnPJ9hTWBSXOmPkO68UaF4ll0s2llG1xaBfm2jLcV8i+IdK1DRrww3cTRMxJCsOcH6198x6v/AMI28S38xeEj5ua8Q+NX9l6wi6vZSB5nACZ6469q6Msx3JP2fcVKdmfKSFgwRxktyM101hpRumCuR0HU8ZNY1tFIX2kZIIzn616Z8PbL+1fF+l6bIAVnuYUPHG3dzX0s6tjvPZPh/wCA5NCQ6hqHEsyAoMfwHsfwrnvFGsy3GoPpFtMywRP8xbqzDg59hX2/408LwW3h2TUbBctax72H+yBkn6ivzW1WeebV5LotyPmbJ4LZ5/OuWCu+ZlzfQ0L/AEqG5nMKSjJzk1gXaS28AhxuydoI9BUNtqFx9pkkABCDgVSvtVkdihOAOTW3Kzl5TqPDWu6fo8cgntTJLL8u7GcCvVbnVYrbSor21k8txyq+v4V83RyzPc+ZEC2eOma6SQ6peBPO3NHEMD2/Cpnh1LcmVO57bZfF9bMCO4iEi/xZ4P51xnijxAPFETaqtoYFGQp65H1ryeQf6RtmBKg/U49xXSL4oijhiso0/drxtPAI+lY/VuX4R+xKtuqs3mPlQcY962LR5LWZHYlQ2TjpxV20tYL+7ieVxGMg4HTFel3HheK7tPt0KxlY+QG4yBSOfqc2PE+rI37h8DA2hhn9K6jRvE2pZ/05t4HCj29T9PSqvhjTJ9X1IadFp7TzscBFUk++PpXqPjP4QeIPDVpDq5iJhP3l3AsjHpn/AArjq1FzcppDDznfQ801TW7W1jE0cwaZiSVHc15uNd1nVLxVdS25j26D29q6bQdBl1/VnbUm8pEbGB3/APrV6X/wry1tryGW0nKITgjHAx6+1W5qPQwvbQ8puZ54WjiY7ZQRk/y/XFfXXgrxf/whng1bmONbmcIx59Sc/wCFfOviPw3Il0s8ZLMDjAGQcf5NelW9pc6b8OrrVtUOPPR0iHX5sEfzqKqjUSR6GDr8pX8TePtS8YE6jcINkeEjVSSI/XGa3/As6WsOoazfzeWtvF8p6cnqf0r5evNcvbW4S2gbYu/LDPU9hXpmla3bXFkulXc4E90dm1f4g3QVl9VUZcyFWfOzFvbnXtU8QtdNcvcqzNg7sKAPQdB+Ar7j+FnhyeDR7fULmL55FUqT1xgc/TPT1614x4Y+GpvdRt7W1O4PhpBjjbwT/hX1w9yfDun+d5YMUC9Om0D0xxiufH1rpRR6+WUJauR8/fGnUL6S2kjS14A8pMj7zHJya+Dr3TrhdUZLlM7m7dCxNfVPxU+KcGqXf2eF1IBPA7GvmuTUZvtJu3IO0k89OeldWDp8sTizCd52KEklzptwEljOw/MD2p13fyQxZjG13Gc+nFPk8Rh32OieWRjd1xzUtxbjVbES25CuBwBwD/8AXroUepwOOpzdrq7xTKs/7yAHPX+L2roLq70LUNPke4iLTLwpUcio5fBV0NOVoSZpUUtjHWrPhSzOmQSvqFu4OTkMtVKzd0BT8D6XfXl/JHZTeQEGdx4/WvTNV0aOSeC18w3BU/Nu9+uK5nQrK51HUnWzP2eAj5zita68RWHhYyRX2JpSdyk8HioabegGpHoxsIVitsJuPQ46VzmveB9ZuIJ7uWQSRjlQuScfSuX1L4nQ3t0LhYjGFPyoOePrXTN8RtSh0f7ZJCj+Zwik4OPzqPY1Iu5jaZ5PFpot5Nlw5Mn93pTHjHn4T5ttOn1d9VvBczKFeTlj712Xw98HX/jjxxY+HbJCRcnLtkAIi/eYn2z/APr6V6V7LU6kj7Q/ZMsLbwt4b1fxVqhMTTINoYfMY8nZtHYsc9+hFY/iPSfE3jPxVcavbhpkRTM5JGEO44+uBirvxU0e6+Geiw2sMokjlj3MiNtA8rGQOOnPHFdd8M5b/Sfgvr/ju8y01/DNJGrdRGqFVwfckn06V56g43m+rN01Y/Ofxg97f67ey3zl2ed1yO4Q4B/IVytxZ+QmepGOn866XVrlp9TYdQmGB9Sf/r1zVzMXldgeASf/AK1est7HPfU//9f5BEp5zTsg461SB6dTUisQTjNfvCPx8vq7KOpI96fuUnnrVHcSAS2ad5m2gC5k87zwO1NyMcdDVcSZORz9aUPweK0OcnLDtTuxycVXyRx1FOXAPTNaATjI5BzT89wagDnPSnBgO/WgCQstPBzVcsD3oBx7UAT7sfhTlc45qNWwxHXIzSK/GQai4FoSDjHNPDzZOMD0x1qsMZGTUmVPQHinzMzsycNuP7w8/TipC3PQ8VAJOMCkZiSM8Y96fMwsyz5mTSrJjNUy2Tzzmlyy54GBVXAvibjjPFSeavTtWYpzhhS7iM44o5gNNZtrE0vmA5BrN3HsetPErAmncDRSQYwalBBFZQm7ZqZZeeOKfMBfLZ+TFNYt/ewKq+Zu59KUSAY70XAsZz3pCW9c1BvB5xipS3JwaYA3K4PemgEEDOKXIIwOtL8gzmgzJQ2MHPJpC3UelMOOBSYGT2xQWh+cDqaeOwPNQ59OKUt82M4zQQTg8AEdKfgjHPHpUBbtS7sdvrQBaAwelSZIOMcGoVkH4VICPujrQBJx6c96OBxijk8AH3pM56A4qGAEFjhaFHJPQjtTu+COKeArnPYUjKURBu25PejIHsfWnDaOelGD97g0ENCLnnjNKzGnhSMEdTTcZ+Y9RQAqk/KQc47VJvPIxkk03tnGDSDJOelADzu4GcYpFfGe9APUg0YPHegB/mkHPSnib5gFNQYPOR1pCCWGR14oAumQbjzjinLKFAJ7VTUY7cCnDByDzmgC6XAIHWlWRQG3fSqo9cY4oBxj3FAExYds9KTd0yM7qgyep5zSk5GCcDPFZgSnchK9RiojLMoJGWIpWBJPzk4pRnPy9aLgQwaiGDrPC0bfTrWgs4AXPT1PoarHdggn6CpkJA3MBVJs1a6otbh2oJB61GDjoaMiqHF3JcnPtTskHmodwHTk085zhTmgocrYYjNP3nGeh9qizgnkZNGcEcYFAExmYEBenc1OtwMcnBNZs1x5SjKkgn+Goy/mEHy8ehqWiJG4kuR0zUyy9M1jwPIoIYHg1eXJGfu59ahoyLYOOtSbsHI5qnzQGIPPSk0Bb3nr0pVfnI5quGbjj86duPXpn0qTWUb6lnzB371IJQAT1qlvHXOadvA/i5NBnYurK3GMCphOdxz+VZnmAnBOKTcByD+NAWNcOCq5xTyRn5axvMdeSSaeJcEAEjNYtG5p9D81OJBP1qis42/MxOKkWbP41NgLBQMMUu3oepqISL0HNKJuBxxQBIVAbcefamhmI4GPrR5qcYPWnbgTgHNAERCs2O4puZUHDe9T5UDgcnikaLI7HHvTC5AJLjO7AzUpuJVfaEDFqZtHYc/WgKxzmqUguSCac5G1VH1zTwGfH7zAHYcVXIxxjJ7VKnOc4yKzaAtLGgOVUFietBBHHU1W3noBSiZuMjpUAWehyF5p4cAYzVcTd260LIh4Iye1Zmti0zCSJopRuVhgg9CDwc18N/HL4UPp9zP4q0RWaKZi0sQGSBySwI689sZx1PFfcATdxnio77TbTUbRrW5QMrevrWGJoKpHlZ3YPHTozU4n46OTkqwwR1FHygYXivo74x/Bm/8ADV5Nqmjxma0fL/KpwBnqcdMd/wA6+cUZg2x1+YV8DmGAlSm+x+mZbmUMRBWeov8AsnvTcDdg0hzuzSle9eYei0K9qGHt6+9TQRzQ8wkkDrTrOQByJfumulsbdGA8o5yeRRLUxhUlFlaDVC2FmQJnv0roLLZK2SQV+tdLoHgzTfEl59mupWsy3AcDP6elehfE34K2/wAOtL0e78PXc2pz3cbNc7tvlhhgrsAGQME5yT68V5takr2PocvzNR0keXTxQsV8r7w60QJtcE1jR6mytsuE2sOtXY7xZGxCeK5nBrdH1NPGQlHRm0ZF7HNMYI5w1QAhlyDmkHDAc1k2VSl7wRjDcdBWgkyjj7oxVEDJORkipgp6Ec4rBnp7j5HB53daYy5welNfzGwoXpUyxOOG70nE6qMQjXOAeacVGOcg+lTxKApbnPuKkXJ75rLlOrUp+W2Mc/WnLHjIJOTVkKSeOacR7fmaGLlKjKVHQmkjDksSCF9avqnOXqTyiR8o/Cp1NOUynh3IApqWO3CrjGT61cNtKXC9MVIkOYzk8igOUqrA2eKkW3dnBX86uxwjv1q5BAXkXHAHaqYGzYRPFD855IqycHg96RflUCmNIorjlqzVGdeWy7f3YGaxWgcNhq6bcp+Y1VmiVjvAFWiXEyBCYzkd61LWVmIDcVC6ZOTxUiKFxjtWjehjFHSwsmAvap2gUg9yaoWQY4IbPHStpMBAHYLnvXMUznbqx81xtAJrmLi0lVmDnmuum1GxtWYSSruzxXDa74lsIWADbnaummpdjkxGKpR3Zbgt/LUEkCqN1rFrYq8jOpI7Vwd74puHQpDwDxgVycl3c3QYSetd8MPJ/EfOYzPIrSmdNrPiae/wsOdoNcu5dgXc7s/pUQwnOc4pxDNyDkGuuFNR2PmK+JnVd5MQD05q1BGB8xHNPhi2rk1djXHzEfSrJhAVVwdzCtC1gaWUFUotrSS4cArXoOiaBJPIEVK4MViOQ9vLsslVltodV8OfB76xfSSTDcsahQMdWY4H6Zr7y+G/gO10bTUYRYZuWPvXK/DD4ZpolrFJeHMpHKjt9T3NfS0EMUFmkEA24AFfKZhjrn6JgcCoJGdJb5j8pRT7KyW3iwRya047crH5jHkVSuZNozntXh35j36cDKvVjty2w/Maw5Lx8bN2Ca0bhmuG4PArLuLcO3ydR1rppQNXISFBuJZsmrTOFHHJqCOIheDyKmMDOwVeprsscVR3katlksDjiuthtl2hupNYOnWRVR613un2S7AW6VnVPSw+xQhiIwMV0CW4CLt61XuLUCQFK2bSElRuPSoie/SfukO1okDN3rqNFeNoxI341h3arIVjHA4ra0+MRoUXpWU1Zm01eJpyMssh2dO1aOhaXLPeKvTcaybVVEuT61vwaqlnOGQ8rThq7s4sTz8jhT3O+gnj0QSqT82OxrnbbUlvtTDzN8o9axLnUpbyRpGOQa1NCtogZJWIP1rshqeA8CqcJVKnxM6q4m+3TR26D5Y+M46CprvVJtKkHkP8pGMCsmG9iiLPG2c0l1Z3N9CJ1B8v+9Wp5P1eKkoz+HzK95dHU5N7SY6cdqwLqWSGTGc7a14dOEbbXf8AKsbU4janLHcppSZ7mDUFLkjsaj6xbppb27gBmHU9j7V5lfIsshk7VqTyCcAA4A/Ws64jkMJIGSBXHWqX0PoMDhI0btdTnp0UvgcZqCOHyZPmHFTwo0k435xV+aEYx1NTFHp1JaGRMquprmbj5JNw6V1E8bBcgcViXkQ4PrRI86ojIupHCZB4rnEkzcZbrW5dAkbSePSuffAkDg/dNQ0ebiFc0WRZWUtUl20YUKOCBTbVGkOe1U79S0m0dqtRPOjL3iSJxuCkZz3rfsHaOVQO9Ydrbu+CBkLV2OV1lCIMYrKrG5q0dxFK2cjvWiGRo+eormoLp3AjxzXQ26b4cEciuNaaESgmjnda0w6hbyK4BUj/APUa+Gfi78J3tUfV9PUtG7EvgfdzyenHX26Y96/RGC18/OTgCqWu+G7S/sZYDEr71weOoPavTwuJcTzqn7uWi0PxC1LRp7aSSGZSMd+xrjrrTZI+QMrX6O/Ez4EzWW690eJvLlTcYsdCDt+UkAYPocYr461jw1LbPICmWX+FuMfhXvYPMWnZnhZnkkMQvaU9zxGRCOlQMpbkjPua67UdHljJkXj1FYDRdYyMetfQUqyeqPznG5dOk7SRhvE6kkc5pgbZ14raNuQuRyR2qs8SOvzfersjU7nkuLRWBilwHJBHpWhHLco6tbyEbazZInRgecU5ZHzleMVTSYlOS+E77TfE+o2Tg3kfmp2z1/Cuoj8V6ddRkHMDH+8Rj8MV5tDqcYRUlHmHvmnTW1ncyeZERE3pkD8qmVGLPSoZzVhoz2O0uLN7fzGkVkNTCaCUDym3KDkY9K8o0e3nF9AlxIfs4YFgD1FXtX1Ca11iVdKLC1X7prlq4N9D2aXEcX8SPZNP2SP+74+tT3NsnHmYDHpivGbXxbfWb5kUMPWuitfiFbzOizRHcvWsXh5roevSzug+p7FaabY2sLec37wrngc1jQWsju7x5ABzyMZHtXPSePtIJUtvA9CMGtyLxnoIQeZJsPXp2rB0pdj0I5tQ6SND7DKBuOSp7YqfYBEI3PTjmo7fxj4ZKFprsIRyAR1rIufEOiuwkju1O4564wKl032OmOOp9JGlbae1y7RQ/wCsGSBVfAEixy8FGxWu93Z28dvqNtqMXzrwN6jr9TVaxvtFluM3F1GXByTkc59TTjB9jT65B7SNTUNPAgjeJcb8ZPX9KokSSFbPPD8D2rYe5sZZFkW6ieFcgDepH86zbi80SOUSreRK4JP+sXj9abg+wLEw6yIzbDT7hUUFy/Bq5eWjiMzFC2Bziuc/4SfSBdFprpDs7hhWpJ4w0lbYl7qMh+24VPspFfW6fcw5hlgUBGfWpfLTZ8+Dn3rDu/FWi7jtnA3dMc1Uk8TaSF/15OPamqMjF5jQX2i9cQliVU9O1KkT4wO1Zn/CUacVLxqx98VWHihAx8uEnPfBp/V5HJLNsOvtG00W0ZI+b6VCVDdsVz114munceVbn/vk1XkvdZupR5MLKPZTTWFkzy6+e4dbM6zc25dxGFGADxVlHj3ZJVSo4rn9M0jW7y8AlmWNMcZ7/gM11Np4GuLiMyX995J3cBBnI+pxW9PASkeZiOI6aRbsrhGXYOinmqt7NKz+XbQvIW7Ipb+VfUvwV+DNv4zuvsljpsmoXZYLzHvQc4y+QQABz+tfpH4Z/Yl8IaZcJqOo3EaXUbZUW8ZIHBBwXPGc9AuP6dSy5L4meJLinmk1GJ+BOqRa7A/2f+zZo5ZOUEqMhIHdcgZrkNSTXrRlF7H9n352gn5sCv2c+Pf7IiQarea3feKvs2nxwK9q7xorqVO1w+NoOAM9s5Jz1A/M/wAQ6R8NdKvpIvEXiP7TLas0QIdeT1+UKD8px1zj3rppYSCOLE55Wl0Pl+8aSSYmZiT3wapXFg/yPDlfXNehaz4v8I2O+PRbBZskgOw5wP5/hx6V5zqHiW8vQyRosMRPQCt/ZwSOGWIqSd2Ujb2sblp2+b2qjPMuSIV+X1qsSzsSzc0EADJ59hWbmVchZyTx1NIxwQSetDAAAqOaawY89qwbMGKWTaNpPPWmjqDyAatKm75Y03HpxXT6Z4ZuLhlluFHlkdDQ5JG9OEpaWOftraW5cRxIWz1OK9J0jSEtFVpV+c1pWFhHYw/Z/LAK85FWyN4P+z0rCVW+x6FPDKOrOj0ZTHd5AyccV1qna2SOeOa5bQPnkLMcFRxXWwhTku3HpWT3N07MvRECQM/8Nb1gWnJjj6kiucyHUOvAPeur0dCGV07nH415+Mfus+0yGNtT63+CpkjeSB4yVLBgx9do4HsK9v8AElyunafJcLIIXcMQT7DpXCfC6wiGmJeN8ruoAHoBn9a2vGMMepW/lluY8gg9DXzcqmp7T/iHzjdabe61LNdCLDTMeoIBJ9K9j8NeF4tM0nzJcRXUowyKTwo9enJPUD/9W/oOhowQIvyW43Y/lXTXtqlrYveOvIpSdz1XUbVj5Y/aI8QQWnhW28O2SsXvW2n0+Qbq+D5GukuRbPL8jNtKk8V7J+038RJk8cr4fs4vl05Rk/7bZP8AWvlQX82oO7yybcEnr3/yK9bDYW8Efi3GVX2uJcVsj3rTryy0+UiCPdIxAODwPevQYtR0KzKTXJwy/M2RlQa+WLbxRe6fNtK+cCBgHoKs6h4tvriJ4b5duRjg9AaipgG9LnyDifTmvfEXw/JaAROh8oHacfLXg/8Awmk+uap9nl27Wb5dvoK4iFZNSXybXJyO47V0PhPwwba4a9u2VJRnG84wK1jhKdM1SR69pvivSYMRR4Zk9R3rC1r4has16bOUfJwVwONpridbFvp1w00MoG7oFOeTXHTXd3dsZJ2LlM4PoKUaEX0D2aZ7Dd+LNLsLDzYZwbpsAKp6H3rU0/XLfUtLea4KhkBJXOc18jyNdz37JATy3OeuBXrfgSf7Rey2U6sMrliey+1FbCRjHRkTpWN/WtEXxNBItkmyYcr6VQ8FaVceH7mUasCJI24UcCtNtTl0/WhFpkh8kHaARyTXsnhfw5L4jf7bc2zPGB8xYd/SuWpW5YWZj7a2hasNa8G6lb/ZNbRGVQOJMYB9j1FeS/FnT/B1zp6HRD5ckb4BRjtK98g5Fe7614L0Ceyzb26RSQ/xKO/vXEP8PbnUrbypYg0JOFLDhvoec15mHxMFU5zOK1ufK2k+F7Oe0YSud/bHHFfRf7P/AIS0Rtfd7kbrqzHmQk9C2MHP0yCPfntVqf4StEkrWjskipwmAEJ9+Cf1ru/h14N1Xw3v1OdFE8vvnancV9BSx6noj1aUrrQ6H4peK9S8H+ErrTrqbbNqzGGJxyVTq/XHBXI/Gvgi633d1M28MDX0R8dfFZ8ValHpO0iCwyqk9C5BDMP5fhXzTeaNdkhbFt7DnAOK9ShO6sOW5jS6fetKUt8nccAjjNSTeEdbdmluFKrxkjnrUOmXV/FdM7Bj5Z/i7EV6LH42hj0k2U0byTuTlsY4+tdWpnqTeFB4d066hgvoNpY9ewP9K9rvG+G8emTfYYoTMoyxC7m3eu6vl6a8u79mkjU7TwP8aYLu8s7d4QCd/H1rndL3r3F7Im8TGzvdRaW1URJu/h71n2dhb3EgXI3scZ9K0E0i4m086jMuApxxXLNdyw3J8vqOnrW4WZ6QmmXFuxIUlW/iGefxroNKg1VF3qZBCmeNx5IrirXxbe2whhI3Rjsx/OvS/CviK+8VarZ+HtOtxE8r8svOQPvVy1vdjczdK59d/AOazttKvtWvLbZLgCMsvIUDJIPUZNeH/HL4yeMLm6fRrWVLewl4243FsHpnqK+jb9rLw14eWy0gBJQmw7uDyMHP418O/EHTrwaiZbvDQ8YyP4s815GBipVPaM9TFT9lSVJbnmmn+J9d06Qy2suznn0YV6joPjvV72NFu58MDxjuK89jgtoFZ5UyX6A9MVq6Dp8TX8Yh+RN2T6AV6s0meI9z6F0vVIpkEcgBechQT16/1JxXpHxH02G28P6bokMqqhBlZV7EZ6j3LGvPPAttZzeJLC5uWDQQTK/l44bYSSB/Ol+Lviq1m8QTpYT5jt9qse3Tlf51yNC1PlzWrK40O5eOZhInmMAynOfTNenfBjTk1rxbFPMjNHYjzWyOh4C8/Xn8Ku6zo2n+ItLS6tIgsgHrwSa91/Za8GTpdas9/GGSHYVY/wAXoPfH9aqVX3PM6sP7zVz6f+H2k21ldTXzxg/L8ue4Na3xN1XTrDQHhutqtdK0YUY3HPGRiuW8T+M9K8HMIEuFWct8ynGFU9P5V4N8QPGum+ILMasNQVpUVliUMOo6cV5aw85T5j6b20Yw0Pk3xxDE2v3C2mQMk7j3zXLxX8TW4iuONvUnuak1u/uri8MUkwL5ySOeO1VHsHFg1+5UqueOvSvdhS0Pm68rzuZtzPbuhVVwCDjikh1S6toUWB9mwjHNY91OEUyMcj0rOe58xVkHAFdUKJFj3Hw58QYNM2R6iplR+D6rXYy+LdM8RFbexCrJnCju1fLnnM+NueOcirmjand6LeJcWy7nVtwJ61NTCLoHKe2al4rn8LTmAQB3X+E+p968U8SeIdU1+7ln1IgbmJVUG0Aencn8TWtrGvXWsTtLfkszcqO4/GuSnR7lwfTj86dCHKOCKan96hXCjtXrjw39xoHmpbhdqhVPTNcRp2ilLhZMAqvzEmu+XUm8r7JcHKY78AUVZCk7nO6dpQdgznaVyMetfRHwMd/DPiGfXRtV7eFlVnH99hXz09w63sVvDJuUuOnUbsV7zY3i2+mMkxKptO4gcnFZpX3Ei18U/iBd+MdfcTu1wHYW6IpzkA4OBngE/nX0V8Vteh8H/A7w74UdNzTpbIf4SBDHlsj03ADr1r458I/2fq3xC0xCfKignVj/ANszuH5kV1Xx18SrrGsbdPvWe2so/J2ZOzzSzFiB0zjAJ68U6lK812iNTsfO8t3Gt5NcIN27IUE9B2rJJZ2baMlj27Go7m0u1KsVIDk4auu0HTrab/R23NIw6gfnW0pLcLo//9D4zB/u04Hj3qAZ2/L0NSD371+8I/HyUelOyxJ4xUPOMc5p5fPvQA/5wfm4JpwYevIqHeMg46U9WOMimmRKJaHPSnjPAI59qrgkZJPFBYg5DYFWZFnjHFJuwOuKiWTP3Tg08EZHGPegBykcg9+lPyM5Haou2O46U8Y/OgCT5iMDvQpCjp3pFOOc8inMxArQBS/8Rpwc5ypwajVsnJ/KmE/NznFRYC1vOM8fQ0oySDx+FQpgZxzTzkYNFgJgx/Gk75HX0qPcOg6mnIQe/SquZ3H479DRnHXvU3ygD365oAXkflRcVyOipSFz1oAHp2pjI8NnJAp4/Gn+WvY80u00wGhip5OacsmM9KAmOnHrQu0ryvei4EgOeetP3Z4pnHNKOOaLgSBhxip+vWqoPTPSpN/JK8VZmT9Tj0puRgD1pNwKgepp/U4H4UFoQ8kjIzSEgnDHJFIo4OTTSS2AaVyB/Tg0FjTM/KB600t+FHMBY8wgYp4lIYGqhIwRQBgjPSnzgXjcHPBxnrUySpg4P4VmhiM85BpQ7qD60WA1RJ2J/CneYpHXafSsgSsDjjPrS+ZuPzNRYDV81Rxgg/pT9+0fWsfzWGR2NKspXASlYylE2VkG4c5pwZcVkrPgjNTCchqmwuVmkGHfpS/yqmJxtB65pfPxg4osHKyyoUipgTnriqIkJ5pxn7ZosHKy6AG5zSdDzVZZuMj/AOtUqyljhjRYOVj+nenA9KiLDDbe1IHxjPNIVi0cHpkUoIycnOKr78YXNPSTHtQFiTbuwV4GaXG4kYPWoy/vkGk3gDHOT3qLBYkz94c5ppH50hc5y1JkY5NILEnUgfxUoYqSO9HOACaNhwaAsODEHnvT1k7VCTxz2pQR270Fk4cbiKcGUZz2qoepHpT9zY5PWnclyZZ3qozigSuAdoyD61EWwCf0qMytnii4czLRdgowM1AZZd4ESg+uacWBwMGnjA4xVmxLG8gXMigHPWrSSEjGR9ap5XFJnBOORUtGMjXR16ZDYpwIYdR9Ky1bBz0qVZQOMDnvUlGix4ppziq/m9KcJegoAmAx7UuPbFMLDHrQCDWZoSA9jSg9qjJpMmgCztCjHc03Yud2elQGR2684pTMB1HNAFnaTyOBQCc8A1EswI6hfpUiyA992PWswHHIOcZzTlZsBc4oyBntTgVI96TYCHNIHb0p5+Yg54pdo6ipAQTHpjpT/OIHAwfeo2QkYXvSeW/c0wLAnGMmhZh0A/Wq4Qn5cfjTfLK8ZyaaAvbweQeKMqeecVn9OcYIqQSup5J4pgXDwD703IPWofNJbB71IrK2OetZgO5xSZI6daM8CjGT61mFjkdW1fxHpQaaztzdIT0UbiPwGTiuWs/jHb2six6/ZTwsScOqfJgd+cH8gf1r1oor/eWqt5o+majbtbXsKTRt/C6hxn1wwPNcVehJy5os74TSik0YP/CbeB/EVp5U19AobOUmIUnPbDYr5V+KnwUj859e8GSJPFJlpLdSCQTzlG6Eeo7dfp9Cax8JPD13a+Xpge0dRgFXJ5Ps2a8/vfhz460LB0G6N4oGCFYocf7rcH868rG0qslaSuj08BUhTlz05WZ8K3NrcWsrQXMbRSIcFWBBH4GoK+uta+HuqeI9ya9pkkF0qkLMEIx6E8civmTX/Dl5oGpXNhLlzA5XdtwDjvXyuLwfJrax93l+YqsuV7nPjrg8VNFqM9m+9G+7UMke4Lu6iocFclhkV5kos9RQufr/AP8ABOHxH8CdW1DULT4mC1/4SBSBbi6AMbIeBkNkcdP51P8At5Wfw90P4jW0Hw6eG2ieDdNDbsvkK7d41XhQfQcenFfjxA91aXSXlhM9vNGco6Eqyn1BGCD71oz65r91N599ey3TYALSu0jED3YmuT2T5rtm3LFR91anqq6Ra6jceTcEDJ6r8v61v3fw3tiUOjalsQRhnExDHd7FAOD9K8Yi8R3cIAPNaNt4pvA25DtPTI610yjclTmtmdNc6brOnT+RhZ+Mq0RLA/oDn8KqS6hf2rhbqJ4if7ykfzqpF4nljIcuSfrmuv0v4hR2xHnoJBjnnGPwrCeGiztpZhVi7mHb65DuP2hQucDIrei1bS2AKNgjjNYmqatpmtas980QjjbGRgDJ7k4711NrpfgG40olmxeFhyzlQvtjOOR7VhLDeR6UM+nFDEvdPk5WUc+tTxvbsdolHPSsLVdE0u3lxp1y5RuxYPj6YArNfSLyPabe73E9iNv9TWbwx2UeJHfVHZMsYU7WDdqasTjtXGPZ66q7fNGOv3jVJ9R1uBvL8w8e9YTwj7npQ4mj1R6R5ZHVfxpHhJCla4e21zVpWEBiLu3pV1rzXlfAt5BnpwawlhpHbHiGi9zrY0I6fN7elXxECg+UivNY9evkdi67GFXm8V3EUY3HINH1aZ0f29Q7nZSbjJwDgVLHBhOeK85k8a3CsFaP5exqJ/G1yeVUZFH1aYf2/Q7nqUUSk7x81aUMQLbhxXjg8d3WMKu0fSrI8e3Qj+Xk/Ssnhqgv7dw/c9o2fKRkfWqZgOCc8dq8afxvqLtkZFVpPGepOCFyG9fWmsAyJcQ0Vsz2ZQudryDA7UPLbKeJAR9a8MbxBqMg378MfeqMmoag3zCVufetVgDCXEkeiPcLnVLCEYaUEj0rIfxNZR/LuzXjz3VweWkzuqozM5y7HArSOAXU4KnEknsj2B/HtvAhWNOR0JFcze+PNTuSQGwO2K4Ng+Mr096aOV+YDNXHCwR5lfOq0+po3Or6hOxM7lg3px/Ks5zLMf3jbsdKUOFGCM5pVBIJBrZRS2R5k6s5bsRDsOG5NSEgAgDk00REHd1yauJCzdBzTZCTKqpkg9e9aEUKNnjA61YS0VMFucdqnVHZtsS9e1TKZ0UqLewz93EPUntWhZ2M1024rhRWlYaAZmR5OWPavS9C8PSyShFjLsTwAK8/E4uMEfTZZkkqjuzM0bw3c3LRrBGXeQgADjqcV9tfC/4Umwtxf3sIM5UMpIyV+g6DHarHw3+F0OmpBqmqxGR3x5aMMCM4647/ANK+r9I06GKHaF+Rf1r5nHYuUj7jDYKNNKMTG0zSI7O2RyuM9K2BHHGQ+eD61tX/AJKwIQcY6CuZluAsbRtgkdK8R67nt4ejZFuYqYyBzmuSu5yCUxVmXUfLBC8msaWQMd7dDV06Z0SjYjkyrfJxUYYjOf4qv7UcBxyKd9ljkHHFd8I2MHIqLCQML1q/ZKN/zDB9627KwjWPMlVTbiOUqnOa0scsNZmzZpulC5zXcWqhAFauV0+2MIVj1NdSp5XHNYVD6HC0tB0jFZdo5FWFnZSOKpujO+QOakjik8wBlODWF2e7Spq2pqiPewk7itmAfuc96qwW7kDI4q0H2LtNS9ETPXRFq3ByMjrWfJKZ7lmUcKcVvWSqU3txTmt4ojtVcZ5NVHVGCrqMmhzSxQ2/I5FPstQdI2CHaGqpclGYLjG6us8OeHDqjGIELnpmuqlzSkcGKrUqVJzqnPwTS79g5611Carfw6c4giJjXGTtJAJq2/hmPS9QMN64wh5IJwfpmrt5rVlZxyWkHIIxyM9a6NjwcRi41nH2MObqc67MyLKT8x6+1Xta0qF9Kinjk3SYBYdufSqyxB7UyAfe6YrJubq5iCRS7tgOADUNm8acpTjyO1mc1cQtEMgdKy7q6aKPaxxur0TVNMdLSO7XlJRnHp9a82vrYsx3HIFc1WnbU+my/FRrLToVNwILr0FTRylx61CiDZtAwKmii2/dFETumrlac7sjFctdAliecCunnY7itYV7sjBbsaJI45HJ6izKoZawEXzG6cmty+XcAc1klfLZWU9aLHn4lWujXtkZE5HTNRyWpnDuOorVsI/NAPpW+tnGy4jXkitFA8baRxelyFZWgfrV24QQljj3rQXRWhuzMeCe1XLrTzMd3oOlc9VWOpGVp12okDSV29tcwvEWSuI+ypGSzfLVq3mZAQD8tcMkXY7OGVxwOM1qW1w6HbKAQ1czptyQcyZ+prrIfInG4YY1nGdmZVqZq6v4ej1jToluYwykccZ4OP0NfLnxd+A9nqd9FcaTHFA8qFuAcFgNu1gOnbB5xk8V9kW07fZYQeg4xV3VdPjubVbl127Rxx2r0qFZdT56rz0580Wfhb4u8A6jpN7LBLEVZM5U8EYJB69ehryXVNC2kbk2n1Xmv2g+JPwtsfFWni6kgBaMsFYjoW9xgiviLxx8Etb03TZdWtrQPbRqSXTPGPUGvUw+MlDqbzo0MVD96tT4QuLG5tpPkXeB3NUZwjn94Nrj2r23UfDcqMCy7tvXFcVe+H42UtsKtmvcoZjF6SPjsy4QqRvKlqjz54jjruqr5XzcrXS3uh3Ma7oicdawLiK4g4kQ16VPERlsz4/E5fUp/FFlR4M855FOA9e1PVw3AqVRu4xW92cFhkd9PCw2MRit3TPE0doxM8Al3+tYuxCxyM1D5CjdurSNWRjUopno0GqeHryMy3CBJM/dxnj2qwqeFbqUSCRYyOnOOfevLfJUksOvammKVQrKcf571ftvIh4VdGevXGhabICkFzuDY5BBqGbw21mUVZkkDd88ivLo5rmLJibkD1qdNU1AYJfn2zT5ovoRGlJfaPTI9Dt8r5qB8HnnqKkvPDnHmQRbcnjvgV50fEOqIoRZm+Wrq+Mdd+z+SzAx9uPmpe6aJVV9o9NPhzTTogkZpRcJ2BBH5Y/rXLp4fIDOVkOf8+lc/wD8JzrSKsPysg65Xt+dWYfiFfoFWVAcewGf5URjEfta/Rno+l+F9FntyuoXFxDKoyu3AU/XNVx4U00yj97MyDuSvP5rXFy/E66kJhjtQoxjtwaiPxL1BAI1jVV9xn+tOUIh9ZxHVnpD+DvDuf3T3Tf98/0Wung8C+FLvRbuQw3PnQISrE857YAAzzXkEfxg12FNi2lu6+6uP/Zq15PjprQsvJgs4EPQhtzD8MYP60OMGZOviupu6d4LCzIVsZpcnGCh6fl/WtjUfBFuJC6aO4bHJwcfma80T45+LYYjGsUGBwCqnP5k/wBarH42eNGLGWVWVhjhAoH49a25KaRm/rLPTbfQxGy2UWnqivxg9fzrb/4Ri/GILaCCJumXPP6A187TfEjxZK3mC6dG6gqay7nxr4quXE7X0wk/vK7A/oRVqVNdBexqveR9USfDbVVCSyXtqqP975mBH4bcfrXR23w+8O6eQ+peJIlhI+ba8UZGRxnczY59q+Kb3xP4j1DP2rULiQnuZXJ/PNZJu72YFZJ3JHcsT/PNKU49ES8JN7yP0BsJfgtoTM+ra/8AbZoc8JKrZB5B+UKOn+1+FdVoHxz+AGhOBJb/ANoFAQN8Qfr0+9mvzTDurbnO761IJZAcrwa0+u8qSUQWB7ts/aX4Tft5eDfBN4sdroYj0pziZkVYwRzyCMAEf7vIFfTfir/gp1+zzoOjvc6e95faiV/d24jUAt3+dWY4Hsv5V/OEb2d4yBIw/Gs9oV3bgMk9TXPUxCk7tGlLDRjsj6j+Of7V3xR+OOv3OqapdvZaYxdYbaNiNsTE4DFcAkg89u31+WWlldmZixB7nk/rV1QNmKqyKFPpWbqmrguhW2bzluo9amUgHaxyDTcgc5qVIpZsCJWY+wqfaDVJ9AFuh+YnHtSNAvGZMfyrp9L8F67qA+S2dA/ALqVH5mvRdM+EhVUlv5uV6xggj88VzyrxR00cvrS+yeLQ6dNcsEh3OxOMY45rsdL+Ht/dsWu90KAZBr6I0zwtpGmwDyIQG9x6VpFIoxt242/1rlqYk9SnlFvjPF4vC9lpMSllDMPXqak3KqlEXArf17zBcK4+6ewHFY4GASVAqU22aTowh8KKxjI5yCfrSbsMfbrTpmKptUde9QovJweetO1tjlnFbnY6F5TxGRT04/GuniyE+bgk4Nc3ozMtosgUYPp610kB3ryOTVdTBlqIDyto4wTXU6DFcrOqxYYZBGa5VCELL19K6jww7NqMSucAkAfWuDG7H3GRbJH6FeAo0Hhm1nT5RIuST14GKynne7v3t92d7Y+nP9Kv6FqNnaeHLSFHCuIUz7MV/oazfC9rPeX3ngfIky7ie67s/wAq+bZ78aXvs9L0/SjaWkQTPmtjd/8AW9q5z4ka5DpegXEkowsUZdz/ALv/AOqvV8JDavdMBgDA+lfIv7RGuH/hHLqxWURveJ5SY9vnI/SppxuztryVOhOq+iPza+NF5FfavPr9mpD3ZXfnkhlzn8MV5FomnNq92LYyiNiRnJAPb9a9XsNDvvFOsf2WVcqXO7J4CqeTn6V6ZD8ItA8Pzx39/K7N/AnP5k160sbTprk6n89Zhi3Oq5S6mZ4c+FujPaK91J5kp/i4zXKeOvAsNpbyXqzq4gwFUcM2K3tfF/pepST2UzJCQBgE8e+Kz7i6h1uxDT3OWX7oJxkjtisqdWTnzM8tcx5VoepWuk3TSXbEZwPwrsLl7LW4RLFIAFOV57e9eea34b1KRzOFI3sQo7GpdD0q9KPAY3OWwpUcD1r05uny3udS5TRv9LnIa4kcNFHwB9Kr2d5HYFmaHzS3HzHAxXW2ultpG211jzJIpjldy8Vi69/Y1pNGpbegPzqeMKazp1Lu0R3RUsdEi1O6e4SLbk5yPSut00ppsnkLDvkb5d47e1dRoGteGLuGKx0/CSFcEY64HrXXW2j6MzLMXU7DuAH8TCuLEVZdjGpUZy0OjWkbxX0sSrKeSD1+tfTXgqeO30YQqFBlG418+3qyPcmYklRjCjsK7HQNdeO5htBKRF615OLpylHQ5OS7O1udasPtUliIXOWO/wBa6DSJHs03SHdE3IDdMVwWq/adPumvgnmeZxke1btn4u0e+tRFPiMRrgn0IrzlRv8ACOxrarrNraq8u0ba6TR9f06bRnncAADAGMkmvnLxFeSa5d+Vpkwa1jA3AHjNbCeK7PTNOTTV/ducKu7nLCvZweFcY8x62Do8sTznxr4au7vV7rVIo9sUrbgp52jvXBW8NtbFnK9M9fWvZbq+1fWbsWoXyYhwW9ani8L6HawzTX0bTMwPHbmvWhiGmKVU+ZpXabzY4olYhizMw7VhR3UV7dbHiVHXgYHU12uttDo0dwYEzGSQSw5rzCD55PNGSQc8DjNezQlzq5O51F2Us4drRgEnqK5lrvzZUjVc4bvWjc30DW7LMxZiOPrXLxTiK4WZl3Iv862A9murRX8MNdZ8qHhQOmSK8ctNOe/1HKEAZPXgV0sniq61G0/s9sIq8qg6EU6z02S0snv3jOJM7B3NZ7DMmTRriaVkiI+X3zyPwr7m/Zt+F8mh+HZvGOrQMt1qOPKMqBSkSZ5TPzYfOcngjGPU+Wfs6+BrDxb4j3a1IFtrZRIyd5HPQHPHGM47+/Sv0H1a+0XRofsMbrbRwx4Cn2GPxrzsVWU37JHbhqdveaPzo+LfxP1OfxDdQaTIY44CShxzwxGf0rzXTvEF5r94k+sSF448EgnGSOprQ+ItjCPEuoNDIFVpHIB7DcTj9a4hZlchUz1wcdOBWqpRgvdPPxj55nYeJNYsbmcKtqCVAVXUgD8q5SO8niBdQYxnnr0qFXEUofG/HatrQLOPVrvy5pNisVA28kZ9qs5FHU+nPg/4VVdHm8V6vL5aQoI4Q3QEqDn8RxXknxB0q+nFzfW+NrZcqDyWznNfV974ZGg+D9J8NxTFmWFA+D/FjkH6HivIvG3w21ODTbjULS584eXnyQPm4ySR+FcLrJT1ZVSXKfP3gi+1C8uRps9z5EOcDPQnvX198M/E8nhhLu3iutysDwemT97+Qr4uuNAudLthfTBoJC+F6jNdd4Bvzaw3M9xOWU52nOck/WuuNOM9Ua03s0Z3xN8V6pq/iOe5mlY+dMxILd+eB7AdK5C3v7m7g8t3yAflHcH/ADxUfiuSO+m+0IMFWJ9Tn1/OsvSr1bSVWkUOoPI6ZJrunSWliqlSWuppXFj9mRZ5gWdmyc571h32pXX2ZoIjgc4/GulvtUW8Z5JIwm44ABzXOappWoLax3EKFkYnt2qI/EZRkjnHkeXC5wcZIqsZAsZyOKtRq65Yn5unPWqUwZUPPfJzXUaxHpMXB2naDWlbTpE6yFN+0fkax41VpNiDhu5q8v7kFFO4DvTYGndz20iIx4fOTx0Fa2i6T9tlUKfkJyWPauQmJfBChjnOfarcVzeQtst5WiJHIFKwmj0a602SzPlxyBj7H9K5W6uJEYkkv+NYEF29szeZI2T6n9a6Sw2XZicHIY881jNEtWOo8IaPcXt014sJk2Kfqo9a9Xls52tFsokZmY9SMZ4PavZPhXYeE/Dfg1zqkazX16SV2cncOF/ADt71yGtXUdpqgKRfMz/dX+HdXDUnZXEanwl/Z91XX9M1Xxfqcj2VvZAvnZ94AEnBzlhgZ4H+J8o8YeDJbXUWjgiadmbhQCQ39a/VyA6Z4U+D1vYajL5dvJHk92fzvmx+Ir5NFrp96019aQ+dMm9k3/xHsDXmyxUlT9pczqo8G8F/B7UdeYNd2Ygt48EmQbQc/wB016FB4A8PeEpZtTjQT3AXC7v4foO9WJvGN5bxPps8r2pJwUHAP65rjPE3iqS20p55JQZIwBEpPUt6DrWKxMpnG6jP/9H4pDA9DxSq/BC9qp+YmcEH2p6txkjFfuiPx6S1L2//AGuKAcc4qsWx1PNG9egODWgy2CV6jFJvI4HBqEvkZzSHIGQOKALW7j+dKHznI7VVDdMdCOaeHyMc0AWcjbgVIW6c5qjuJPNPDc8UAXvMOfcVKG9+T6VnBsdDk1KJx34PtV3MeVl/dzS7xnp7c1T8xSM5pRL/AJNO5Ni2pOdq96ep29fmxwarBzjLHFOVzyQOtAFkHAIFJuOPpUCuB1OfWkyMcnHPSgCcNnnvTvMA7c1XyuflNN3KOQKLsmxoCTjmpBKvrzWaWYHJ708SMpJHWmg5EaX170qsR057VSW4IwSOtC3IIJxg+9WHKaodV7YNOyOBnmswTN6dKmE2SBjmmKxcJwCaTO1cmoC+7JBpSxPOc0hWJVYnnHBp+cnHpVUk+uaUyEke1AWLBPbv70oYA4HWqwl3Z55FKWBO4HpQFi2p6H0pd2TnODVPeeuc04SE4JHFA7FwHPTmjnv+dVA+wccGnrJk8g5oJ5SwpYL0pGz60zfxTt2aBco4c8mlyeopm73oBxQJokU+3FNOT2xSgknA4p3NaCIc54NIR6VKADyTnNLsB/CgCHB70gOKmwMZJppTnAFADQyjk5z6U/dnncKbs7Pil2g5AH4UAO3Y4z+VP3kgZamgdMmmlc5yc46UASiVsdcUvmnPSq+D1NO56HFAFoTHGRjjtU4l5AH3qo88Feop2cdOc0AaCynkY605ZSB2xVIMePely2SvaoYF0vz9aUNk4yarqSeval3ENmkBbzg8cH0p+485qrvXjPJNPDjjbyDQBYDHsc8Uebj3GKgJYnk4AP50uR24FQyGWw5IBHpTkkPHeqoJIGDUmc8UhE5POaAcHFR5yMc0Z/SgCUFuccg0qEA5PaoN+CSe9SZG4EcUEtExBbcc4FAGDzxTEKcknmpmPIyaBpDQCeM/SgEjqaTcu7IpRjuelXc0uShgOMUZ42+tIvIyMc0EEDii4XH5NGTQMccUcen0qCGPBI75p289qgz7YpN3bGaALQmYZyKeJg2CDiqO/ORTt4GM0AaqyjAzzUmQcE8VlK7AfK2an85geazNC9jkdh601+57VB9o3HHU1LubOF79abEiv5TgkpxSK8g6Hk1OzjJLCkBQ9RUPYYRzSNyx6cc1N5uMhe/vUexW+bmnbMEKMDvUhclE5UbfSpo7rnGMZqqYyTknrURBByR0oA10k35ORx709mAGeePesXdj5umasLJkYLHmgdzSypHGR+NIXXpiqG8sMdMU7eAOTQIvYVvmB6Uwp0DHr3qus+PmUfnQJ8nB/OgB5U7uSaAWHBHFKJQw5wTUjDPB5qGOxH5j8Y5A61HLdSKhMQyRSOg5GeaoXF/aWyMZW+5WdT3Tal72hFNr15Z4eW2MsX8RXt+daljrunamm6zlDMvVCcOv1XrXiGteO9J1dXsLSeSzlV+GYZjbt1Unj6jFcXPf3KMFucSbOVniypyP9oHr7185ic15W2tj2aWB5kfWRneMF88CuZXx/wCGWunsrm7W3mRtpEnyqT7N0r5ktviBremXT77yV4gABuYsOPVWyM8dcZ966XRrbRPiFdyFZ0tL4DLLGMbh/ewevvj/AArijn7m+WG51xyvl1nsfTlzNZfZ/MjZD0w319K+NvGVna3us3+5VbzXY9OmSSMfSvZLHwn4h8KKPslxFfW7n5kckEfTPH6/hXlnjAhfEc6Im0SKrYHQE9cVx57VlKleS1PouEqUY4hx3TPDNT8Gl33WZG70NcNf6HqNk7edGcD0r31fNW45+5V6aC2uflkQe/FfD/XWtGfpdTKYS1jofK7JIoIcU3kZ55r6Ev8Awfpd3lxHh+xHFcNqPgG6jPmRtlO3FaxxcJdThllVaPS55kBnkAmpU+XOK27nQr+2J/cMQO4rLkjkjx5iFfrWynHuYSw8luiBg3XOKaVJOSamCqx2jjHpTmjDuNp/OruRyhHJKnQ8ipVvrpM7GOKiaEqeuKNmBgHNL2jEqa7F6PUrhQHLEY9KtDXL1mD7uB61kbWIwOKQoep7VHMJwR0ya9PhtzH5veoDqjMcs1YaheuODTWjXsRSDkR11n4gNrKJRWyvi1yT8+N1ed57dqXnHAqGL2aOon1CKYnaeSetUJLlJDt44rFPTBoAI4zTHyGs9wj/ACsBUTG3HTB+lZ+MHBppbaOKBchoEwEc5oD24H3azt7HgDJoJfOen4UBymgZYzwOBTTLGvaqOccGnhe2M0CJ/OBORTWl3cjNRbSOKesRPY0G+obvagtzVoWrP3xU0doi8ueazH7IpqJH4PSnC3c/StmNIEHI59qk8yH7oGT61k5HRGkZi2bP83OKvpp7NggDmtSOTfFtC4Yd6v2tnJOQuMHPWsp1EtzrpYOUtkZEeniMruGRV9LZS2I15reTR5t3B3CtW30eTcu1Oa5KmMij2sJw9WnujmIdIllJLAg11GmaGGZV8vNd1o/hqa5Uswr3TwP8LLzWJo3aMxxbQS23JxjPA9TXmV8c3sfX4Th6nTtKaseQ+HvBd7qdwkVpbs+euASQMZ/yK+vvh18Ho7LyL6+3sQFOGAGD9MdfrXr3h74d2OhWMK20IUsOWxlj7kjivUtPtFih8jHArwcTjddNT34ULq1NaBb6PYiCCLYoWPpV+QW0C+Wq4OMcU+T93GuOcHiqFxk4J5Jrzp1rm9PDWMLUY5pMMvQVzMrgOwYc11Ul0F3K3OOlYPlebIzv36U46natEcXdSbJi2ec81JbRm6kKR9O9aF1peL3I+ZW5rpdN0qNXLBccV6FKNkZVXdWMSKwdRtFblnp/mbAFyB3rpINPjVgSKnJS3V/LXpXTE4Zt7GBfILYbV6mk06ASMHk5qnJIbi4LP1HatuxiCDI71EmdGBw95XZoEDI9K27SJSu496ywoX5iM10ljCZI8DqKwnI+lpwshkFqxuFZeRWtMgjlXAqrBN5c+2pvtaPc7H6isuY643NeJ18vJGKjba7YC0owy1aRFCgjmgxfulmK3YKo7GrVwUPlqB0oWRcIvfpXcaVoFrdbTO2A3JI6gfjXXSpNrQ8THY6NJc8zmo9GlvwssK8KO9dnpel3mnRm7jfasa5P1qO5ktdOma2tcsvbPvVHVvEk0Fh9mg4yPmJra3KeBWqV8RaMdn37HM63e6hqV8SHztzSaZp814xilceYenfFVbPzrgNMwwzdPU1r6Lb6hDqqyyoyoP7w4opq7PaqfuqThGysjo9G8MGHU7P+0ZP9HLqWXJx16fT6fpW/8X9H061hs9S05FhkclGCcA4GQcdM4Hb8a1/Edk02lR3toCjIAce2PavOdZu7ufSooroE7DkFu+OP616NRckHFo+Lwc6mJxVLFc9uVtNGCbu7FgEmJK4/CuDuplcsB616rPo1+3hY6rs3RdGI7DOM/nXkk6qCyjqK8ytFq1z9GyWtTqOfJbR2dilnFKbkR8daNgdMHvWFcb4SeawjE9/kuXLqZHO8cGsq5HmLtHNVZLjKlW602MnZuB4FVymVSnYxbmM8oR0rPjhDPg9Aa3roHaXXvWVtZPmXuaGrHlYlJG7YMiNtrtdMEZcbhziuBt5QrAt1rtbSXEYkHpTbPFrUmXtZtcRi4i4x1xWWkbOgKr1FbP2lZ4zC55NEcaIgx1HFc0tTSEWlY4S+h8ubLjhqqhMgBOldZfWJljZsZPauXRJY5dnPBrCcNTWCNK2yBtOc1v2NzHblA56msZJUWMhuWNZLXUv2hf7oNcVWnym0YX3PofSDFeyRJHggEV6BqFss1sbQAHArwfwzqxDoYpNpHWvVxrLi2LZ3MRTpVkj5/MsHNzTRrax/Z3/CFtpAiEk3B4AzkNnr3ripvC2mJ4Ie5lj3A8yqcEEbiOOMg46V1GmXCXEEhmHzHpkUuoM0+jSW6j5GODXdCtfc8b6o4vkT63+8+M/ij8C9G8V2iavoUKwSxRciMHDkEkqxzzkHjGDnvXxB4s+EOu6CjXMtozQ5YZA7Dr69O/Sv2B0yzW0066sVw7MQRntiqOoeBLbVvD0+ouqs6tho2AwRxkn8+P8AJrrp1U9D3I4yVD3ZvQ/Cu98O3EI5jLI3/jtcpdaI43iRN3vjtX683H7N2h+IBcIHNv5mSqjhBkYAIHUfiD796+X/ABV+zx4p0O8lt5LB5rdfuSZ+8M44zjPPp/8AXrqp4iUdmbT+rV1aaPgW68MwHaUBUjnr1rDbw1ccuG59PQV9Xa78N9U0RHj1GyaEtyoPVh7Vwdx4cKS4WI7hyTg9K9SnmU+U8jEcH4ep/DZ8/tpl5ExVE3AVnSRTrJhkK+xFe7vox3kqMD1IrLm0hRLl4wzepHFdlPMkeHX4El9lnizCVDjbikMkij5hXrlxo0UvJiA+lUX8OQOMACumOPi+p5dbguutjy4OVJbHWn7mRq9Gk8KxlCQMYrPk8MA55xWv1yPc8+pwvXj9k4NmTqOTTkLnqOK7NPCqYJL5NQnwxNk4ORWixMO5ySyKuvsnJNs7nNR+X5nTGPeupPhm4P3cLSf8I7dg4xup+3j3M/7Gr/ys5dYgCc4J9qc0SnnGfrXSHw5cglggH0pg8P3fltJwMetHt4dzL+ya/wDKcyVA4HWofKJBKjJzXTjRrgDcgBb0po0O9PzYwfSn7eHcP7Kr/wArOZ8ls420LGxIIHA9q6ZtBvAevJ7VGvh+/AIQ8mj28O4f2VX/AJWc4Y+SRzmkEfODxXSHw7fYwWyfpUqeHJz97v69aPrMF1NFktd7ROUMZP8ADmkMY5G3ArsY/DEgGCdv1q8nhZiuC7En0rN42HctcPYl/ZPPumNw4pUfDZTt2r0VvDFvFswp54JJ5rSsPDmll9zoGZDyT1NKWNj0NafC2Ie55dh5QQIyT6qKkttN1G6Oy3tpWPsua94tNL0qNx+4HFeg6DqWm2Z3xwIrL+tc1TMvI7lwm/5j5vsPhx4wv3CiyeJWGcuCvX1zx+tdbbfBPW/kbUJFgBOcbtzEexAIr6ktddsrrPAUgAkD3q1czRTxFoyPzrllmE3sbU+Hacfj1PDNA+DmgI/+nTNOQf4gp/D7v9K9ItvCHhzRiPsdpEuP4ti5/lWxaIEPPJPen3ceV5rmliqj6npUcFSh8MSpJbwqpkQfhWPOVJCqMVaNy8LbHXIrOkIMpdQfXFaQkx1oj44w5PINZ1zGFdtvar8XGWj4z1rP1KYQRmUnpW6Z5mIWh57rAKy7RnGaxTuA5xj3rXu7j7S5c4yKy3UPk85BrsgeLXKE8ZEfB5qrv8sAdScCr8oyORg1QYEyogGTkVfU45npWnRpHpsce3BHJ+hrTUhQM9BVBjJFBAGPKgBselakIBI/u9aJO2pjR96Y187htIHfB9K6bw9NGLxC+V2EHI7D1Fc7LCC28DLEDrXQ6JbSJIk+8Kc9+grz8TUufb5Y+Wx9Rabr0tzHFY2/zORwB19c19QaPaGw0zTrPygxZg0p+vPP4V8k/DWzb+3bW+uASqEAD1B4J/Kvs5cRxqV5AP8ALgV89XPqaFO/vEmu6isFkEVgC3Y9K+BfjXP/AGpeLalyI7ZnZh23NwP0r628S3zvIZpMiGLKsR6nNfnR438dyaheSXlmyySNIxMb9ev/ANeuOnzOTR4vGmYexwXsobyNjwdZWNldtIyZ3ckkdveqvjnxXayTRW7p5Xl5wxHr2FcLa/EG5jk33cccGMYwOpq/4p1PStT01LsOstyPvFhjFVDDPmTaufg04tmnpUMWuOlrdkCNgNrHjn61hTfC5LDXjcvcI2nj59oODuHY1i22uSaNYbrhd6RZJK8nHtXDax8SLu6cQw72iJztJPQ+uK9CjSnKXujirbnZ+IPFOlxzCBbdTFE3Hqfesv8A4TeArmGAqARt4ry1roz3C3VyCSTnB4A9qLvUIvtEbjKRKRkAZr0Fhk1Yo+jdAtZ/FdsJLnCx54J6ZFedePfAF3bI9xHb+d5jEAA5LH2r0jwZq9qmhJIrmJoQW29Misib4h/2jfyLeoEjjzsA6DHc1xx54z90DwVvBOsaPbxajGpicDPl+g75qzZ+JbyyiJweDxjsT6VueI/GV/qbTQ2wDhsrhew9q5e1tHWWNLtPmPOD3r0JSuveG2d/os2pMGvLq4Kxv8wB6mnWmpakmq74SNsp2/N/OtjU9Dkm0COazuArIuRH0J9q4LRNRb+0Vjn/AHMVtguSOTXLNJ3siT6ml1L/AIlP2WxjM0xXksMgE9ce9ecN4b8QWdrKbiNo3ud2AfQ9xWhpXjW0sEeaziMyFSoD8c+tdZH4hvtXVWnQGQkEBT2x2FeaoOMrIukjR+GXg2KG0lXUhskYlj23cdq8N+K969hr8sOnuPItJdqOBznuK+h9d1dtI8Bahewv9nuo4jsPfPoM96+Kr3U7zVyyzjcrMXyeuT6n1r38NT01O9M07H4iXMl0ILi4aNRyW/h969G0Px2t9d/2ZbymRDypZa+XLrSbu41I2VohLOfTjFdn4T8PeI7fWbdQrhVb5n5CgelVXo0t72OSokd18RbVr2VUUNjJ3kDAwO9eUvafZ0ZznaRjJr6iTw/PPG8k7M0Z4PGa8s8a6NpqWbvDOIpk5CA9fwrXA4hJ8jJ57bHhd0S5VI85Y9uanutMuraMPIMZ6CooZPIuhOT8yH/Oa3r7VTqCBEAj9hzmvSZDqG/8MPCf/CT680LxhhGu5mJ6DpwPU9q6jX9Gv/7d/wCEcso3lkWVYokT5izM20AY/KvQvgTFaeEdC1vxVqyGYsAlup+UkgZBGexLYz6ZxXrfwa8GarqOtr4/ucvHDLMyFl+87g7m9CBk4/zngq19WdtGHNZnsPg/wL4T+C3gk6r4rlD6pLueRzw27HyooBI4x78k18jah8ZptW8V3cigXEspyu45GP7q47L2rrv2h/jDLqrTeFmhhaO148xW3HcCVPHYjkHr/SvjDSrl4dXhvM4Ktkew9PyrPC0LRu9zXEVXF2R2Pi2SS51RprpG3yyNIQP9s81XnCLbKqqMtwwx+de9+C/CFl4xtbrU7orJ9ljxj6815Lpttplhc3X9oqS29gB174NU6hwzOPisZniKqSOSCTwQD2r0P4Z6El94itWnkaMwMWI/vY6V0mheFU8SW99qFnEUjgGAe3Tiun+Ekej6ZLfXWqTbLkMVQEZAweTUe0TuONOyOw8W/EiDRtRMBkEk8JCFT0AI4NaGneL7O4txdane74HDH5xwtfN3xGSNNeubyE53yFlYjgqa5k6nfSW6QSPmFRjaOmK5nQT1MK1O7Z674ukTxrqpTTlBsoWCKQvXP3mFVX8GQWtibHT2JkYgDIxknqaw/D+trp0KsmFDDB+bB+mK9U0kf2vbrqpjZUtz1HrWqcoPQyppo+f/ABf4M1HQrYOfnDAsx6bSK8mjl2zAO2W9uRj1r6d8c+Jk1WKbTVRiY0bDnjJ7CvmcRQR3JklG31J6fSvUpyb3Nz07T7vwZBpscN5IZbjGXyOQfQe1dULrS5dL2owNuBlQa+e7u7tzJvijKkd/pTbWe+lddrnys/MuePrVOj1uQ6Ro3u9ruQlNvmElR3qsTGYTvUEqeBjmuitYbadw5Odvc1afR9OuGRQwLtnIBo5ivaWOIVkdxEmc+grWtbeGJS8vzbfWvR9N8FWFraNf3DosoU7RnJFYw8PSXFykMZ3LJ0x3qJV1sL2pyzvbCRZY41UBcZHrTZSQPOj5bbjpx9K7rW/BKaZb+YshIHLZ9TXm1y7Rgw7sLk4rSm7lxlczZUkPzSAMW612fg3RbvWtRgtrLdISwDLj5Qo681ysUYbDyHBPAP8APivtb4CRaLHp8du9sGmuXYb8fMAeKxxuK9nAJ1LHKQ3P9kXfmxvhIOuT/d616F8JvsnjP4lWb3GWigfznz0xH0BHTrivYPE/wr8Jalp8hBMUsinLbjkdzjPFfNvhybVfh7q1zcWjK+4bElIK8D05614rxftado7mMJ3Pr343eKX1S5g0G0cBbIHJH8UjDGB9BXlGg2+qaC4F4SbSQ7yAehPfn2r548SfEHV7vWra5+0cxuNxB79TnHHFad/8QvELQCJLvf5g3AcEqTzjjnmuSeDqOKXQU4zZ7z44k8G3unlPtMa3si/u3ThgR13V8vS2KzXRX7UZIw2MdeB1xWHd3l1czi4upTvcHpxirun3MUMJnbLO3TuBXVTwvJEToaH/0vhlhg/1pQT3bIphK54GRS4Pbp6V+6I/IZLUn3ZPoKduHpUIIHJznpil3mtCSVSAQM1IChGOhqAFeCevtUisc8c+9AEuT144p4OOfWmHrjHWne3HFAC54zS46mowTyak6cmgAGAPrQcgZHajG8ZyeKMqo6mgBRjPTqKcGzyRTOMHJ5NGeOetAFgSYPJqVXznH0/CqiEqcjB9aeCMAn5cU+YnlRa3dV6U/cCxB796phhjJPWpN4yMNRzByon3DG3PQ07PUEDmq27Jz60oZtuzGDmq5jEn5XGOppCxXpTN2TlfpTyCPlHWhgIXPGPl96cZMk/xGo8MRgnntSkZ6n8qpMCcPk4YkU5ZQAO5zVPkE7Tt+tOXIGT+dWBdWYqT71MJSo55Ws8NzmpFPUE8GgC+rhjkGje2ORjiqe7J6A5p4cenQ0AT7+wHWjzO47VGCcnH8Jp4PBx1xQA4SEgNjDZxShyBtzxTNrDHIJqLBPscZrMC2JcmpRIRVOlBPagjkRd3nt3qTzDtFUQxyMUgds4zSuZ2Lu87t1P8wZ56VT8ztjpS7+OucVqWXRIM96lVyScckVQzklic08OQQcmgVjQ3GnA55ql5g9etOEoHAquYLFtmGNtITnGGxiohID3pdwp3CxJ0IZqcGzUe7I5pKLg0SZxmjJHamZYYxxS5yeaZNh3H50YPT0pgbvS5Hr1oESYPUmnAc4HaouAcZ7VIDjn1oAmA4PPWlVcADvUORjBHWpAR0zzWbAsKCtMYYzg0Bs8FulKpDE5anYBwxwenFPB4AzUOf4s5pSegxRYCye2D0o3jqTUW8DgUZH3SKzaIaJwcLkd6Awzg1GCF6U3zOOlFgsW1Y5xQW4NVg2PmzSluaLBYnz0p27GahzTs9aQWJg3HFOVsYPYVArbTyaUvwFPegLE24E7fWn7yenFQ55zt6U4Ng8DFAWJ8gn6U8HHTpVcMCfmpd3vQFi0HTpk1IDxwKqbyfQdqdu46+1AickBgTwDVaV5FdVUcLnP0qTcDhc8ClBAzg9azNCEsWAK84/WpgxbjgH0NMIyAe/f3pqRLuMgyM8YoAsHHbimkt165p2D1IzimnA4PFaGZIruw4AGKUSHkEnNQjg7l5b1qUMu3DHDd6hloFlIB5yPWn/aY02iRtpqNlQDA6VXa3hkYPJkntUPYZaa9iVhGz/MRnb3qVb6IEBjz0+lUJLaGY+Yy4dejDrQ8bE/KB0/WpDlRtrKCeWpd6MSOaxUE4cYAYf54rQVuP7poGWsDp1xT9yk88VV8w46c0oZtuCelAiwCFPtUgIbjFVN5xwelAkJ6mgCyTngUlQh/egyqgG/ndwMcnNTzGvsx4YDjBzU/nupBJzmqwYZ3DjFKVH31yKksmN0kKgy4+asLVNR0xo9l3HgHqwXgfiOauXlobtdiSbGHSvF/E+meNdMlZLOOWW3fJLxDfnrwRz/KvMx9aUFpqd+FhHqdtpXhz4f3Vw/2NYppWGGG/c+PbcSwq7ffDzw5cxlLUyWoI4AbcM++4GvB7OfWZy2bKeZgMbo0YH8wKzLrx1r2k3Hl2t1cw7eNkjscfUE8V83VzOnGPv0z11gJT+GR03iH4Wa5p0zNYp9sh/vAHPPYjn8+BXlslreaNf5kD2roQQQSrqw546EV3sXxf8WmHYXR/wDgJJ/PNVpPG9lqqldf0qG5kb/lquFkA+pB/mK8LESw9WXNC8T1qMKkFyy1Oj8M/FvUoZYrLVSb+0XClnx5oHTO4dfxzS+Nb2w1PWlvLJsq8Sg+oIJrZ0A/DO+tooYHiiuhyRcHY+Sc4yeDgccE1keNNOsbDU4jp2DDLHuADZAp4zm9g/fuexkCX1lWjY5HaCQF78U9lKHaeKWNBu3HmnMm/OfrXxlQ/VqfwllEQlSenTFPuEDIePlPanWycAtzxVuUKqdOprjqOx6eGijPjtYAF3gAnsRTZfCmkaiv+lWiuCeoGDVxN0kq+1dLbYMYZQeDzWUqk1szvVCnJWkjzG8+GGl3B/dEr79CK5m7+ENxAGltJg4PY17+WbcSOcflVJtQiglzIw+lXHH1EYVMmoS6Hzdc/CzxIiF4ws2ASMNg/jnA/WuYuPB/iG1BNxaOg9cHH9K+s5/EKDgYFYF1qcVwP3oUr6VtDNZdUc0uFaT6nyt/ZWpRqzPC2B1qA2t0OsZ/KvpG6Fq+cRBFPUetY0thpsx3PCuR0wK2jmfdGNThBfZkeAssv3dh4qMsw5KkGveH0bTid4Sqj6FYMSPKBBq/7TXY55cIz6SPEUY5wTxUwweMfpXrjeGtPZtyxgYqv/wj1pvOBjNH9ox7GMuFa3Q8oyc9fw4p2Tnr+HFerf8ACNWf90fXFPHhqz7KPrir/tKJK4VxB5IGc/dWoisob7tezJ4ctWGFUHHtUreGbZQCUGfpQ8xiVHhKu+h4psbjAJc1N5M+QAhJr2xPDtr1MY6dacmhwcq0ePfFZPM4nTDgqt1PFxZXD87CMdsVZisLp+dpBHavYhosCkYXj6VdTSIRMNkeRSeZI6I8GS7nkcWnznrFzVyLT71sqsYH1r1s6VtOVQU46WmNxAWoeYM7IcG+Z5WNHuiQZFwParI0CRyACefWvUI9LOOnSrkelyMu5Uzj1rH+0JdzvpcGw+0eY2/hgpkTncDWxH4etEwu3n1xXpdvoLvh2TOe1bEXhlnB2AqPpXNPHvuelS4Yow3R5Zb+Hwr8x7vSt630UIQ0q7F9hXsOmeC7q5KRLG2SQM4yOT17V6t4f+D15dSq9yp8o8DP8wP/AK9cU8Y2etSyyjBWsfOmn+GZpiBDEWLnAUcmvR/Dfw1vtWvhaCJoSq5ZipOPbtzX2B4X+DNnZwm5WNhIDz/dHpj3PevYdF8GWtpFukBDdvSuOpiTqlyxXuo8M8JfB+w0rbdeUHc4AYg8fgSete8aP4dtNJtkihjVV5bp3PU111vYxRAIeQKffW24p5fQV5dbEtpoyp03LWRjXTEIiKMYquco4YDmtma2MoQDGVqhNGYmIbFeYzvp0kkVbmYADcMCsi4u0RSVOTitG6AMRUnkjiuKukn8/bnINa043NORETzM8hJ5Ga1re3LJuA6+tU7SCQHay4rpIbfbF85xXq0qZx1nZmGbYefvPOK1LcLlgRzVkQRY/wBo0+OEK+T0Ndexlcn3hIsn0rKuEmkiLrwDWjM4ZggPSs68vjAu3saZhUeuhgwp+9NbqblAVO9Y9szzTdMZNdZa2y5Qnmokelgo6kUYk3qWP4V0ltcGGIkHBNVWgUHeuMUnllmxjArmm9T6KjHQtQb5Zck496kW3LXgYGrVrFsTDDGas20f7+sk9TaUrFzynEYxViBypwTUcsyK4iJxiqt9cxwqqJw1dKRioOWnc7bQrJL6R5JT8qDP4jpXQx3TxnyYn6cGua0Ccpp7SE8nj8K6Hw9a/a78PP8A6sHJrvpLQ+SzJWlUlPZHY+GfDFtdXMt3qknyBT8p9R3rk9XsrWeeVVwUjJANdn4uv4rS3VLN9hk7j0rhlNvHaNvYszfzreVOyPnctlWm3iZN67LsL4U0O71LWYLeNf3SurMfRQwz9a9K+IFsdLngmt0wkgIGPUda0fhjp6SLLqLryoCL+PWvQtc0O21mJFnOPL3Y/H/9VenSwf7rmW58jnnEUo5lFSfux0fzOF0V5da0do41y0QCsPfGa4rxFo01xCYm+Vo8kccZA6V7ZoltZaXZtDCQoByT64FeX+MdYe91E22ljzGx/CM54zUV4R9n7z1Mcnx85YySpK0d7nnieNP7P0GTQpE+8uwk+3f614wpLXT7jwTWzqZln1Fg42sp5HuOtc7fTeROU27SOa8WpJvc/dcmy6lSTlTWs9X6liXapOK5zUWDHNaE07BN1U1McrfP1rnPctYxWTcN2OlPwBEV6ZrQnREOFFYt5IVHydRRcU43Gyxgx1T2K3Boa8UAB+9RLITKCp+U1adzysTRFVGLHArp9MldY9r81mKFJ4q3bP1WolY81robqybG3Dg1OLkiVQ3Q1Tg+b5R2qV4lBBY1h1JcNTTlnEgIjrI8hTLkjG7vTrVn83rlTxWpJAGUbTzTnEqUTk7+0a2PmDJzVRHiaBiwwy11uoqrWuxWy61xF8koQ7ThhWVSnzImnJqWpq6Ve+Q+VOM16TZ6srqqFs8V4nDdGJFErAEV2ul3UJjEm7mvKq0rM7KlNS1PVoNVKsEVsAV2VlqcN7ANPjUlj+teMW1yGlBBznjNd9olw9hdJfoQ2znFFF9zyswwMXC6WvT1O0sdJkl1DaV4I5zxxTb2+itE+xL0yQe4Jps+vmV2mBALjmqGnxDUWL3C4AJ5Ndt/5TwFRnf2lfZdCWS2lEitar99cr+HWpLjT213SI47qPLxlgMjqcf1rtL+1iaa1ksMBIU+bnqT/TFVb7UIrcQxWaZZS2/FejThaNzy/rrqW5Y/8A8T8MeCdJ1PWpNK163EkU24jIxtI6c9jWNrP7Nnw7i1WS0urECGY7YztC43cA56n36V9D6bDp8d8upH/lsPnz2b1H4V1+syaddpFHGRnHB/z6130JpxuzkxWZ1Y1oqN7Nan5j/FD9kC68NR3Or6AC9kcGNcFiAe5IPAH0r5z1D9n3xeIo7qG2FzE+B+6+Y598kD+tftrcarbXATT5ishUFCpAII6dOc1xlzo0OnyyfZUXy5ucY4GOgxVz5X8LPVy7iLEqPLV3PxD1f4S+J9Nile60yZY4cliFBxj6GuHbwzPG2JYHiP91lIP15r967vTtMktS0tmjRzfLKpGc/TPSvIvF3wY8Ka9HBPBap5kTkqSoOEJ+6cYyP84qOW2zPYoZ+m7TifjHPoUqybdvBqpL4eI+8PzFftR8Rf2e/BHiTQ7P8Asa3S31G1UZZPk8wHrnGO3rXnMn7LHhO/0ayEcZivtoEpiLDdjPbruzjmh37m0M+w8ldxPyLfQbgHhQR7VGuiXYbhM1+id9+zUbLxDLpUkjw2u87JcZIU9AxweQeMf5Mmr/sheMrAeZb4ljcAoxXAYdjx0/Kqcaq1OyOYYJW5mtT845tHuY85jODTIdKlYbgMDvxX3Nffs2eL7dJY5oFaVOMLn/DP6Vxl78DPGWmMkM2kykSnEbAfePsKj6zI6HXwj6o+SptJaIjPINRf2X5g+5x9K+jNZ+FPifTwwvdOlieL7y8Er7kdqx7bwBqtwu1LN5CB0Tk9M9s0PFSNvqtBq8bM8Dl0hhxt/KmppDEnZuyOxr3STwXcRL+8t2ix61CfDIQFVQn3xVfW2T9VgeIGwuANzR5/CmfYDv3LkV69ceHJh0yF9MVmPorg7SvA9qPrTH9Tj2PNltJFY7hgfSke0YgkdRXo7aO7DgYqhPo2zPyk/wAq2jiTGpl9tkee+S+eAWNIbeTsNprr301lJJ6Cojp+4blA59a1VZM86rgprY5Joi+FPDDvUXlvExI5zXSNpxZuBxVRrOQOQdoAropziedUpSRVhlIBGKtROM8cf1pr27EZxjHX3qELtb0NPl1OCouU3be9eBWPTtWhBq0m0gP05rm0Y4FSoRz61bppnHUmdvYeImEwSQ5A75rpI9RSfLlvl9q8sil8lTjGT3xVm21OSFDH1zU+xRjznoCFXkO7mnXcCxosoIOe3euCXXLiB+H4bjFacersRuI3lqtUzirzNgPgMy/lXM63dh4SuMN3xSy6rIwaNuK5i7nI3knO7pW0YHmV6mhhM2x93r1pokIJ/Slf5+ahIO76VoeOOnOcVUth/p8YOeSKs9TzUmkF11dXK7toyK36nNUO9mG/bGeuK1bdQUAJxis2V906tjOa0UZcccUVPhDBQ98upGGbAb6V3mjrZLvS4G59v3f61wKS7GzntXV+GA+o6isZ5Z2CL+Jxya8LGSsrn3mUYNy1Z9VfBjRr7V5Zr65TZFabVQcENn3HcY6e+a+idTumt7OG2i4eRic1yvha4i8KeFLXSEhVZItxLnAZyxySQPyqp/aIumSeY43E4X09hXhzqXPraFG3yOI+LXiJvD3g6+uIn/fSDYi92Zu/f7vWvzevNEvFka7VCZtueeAfQV9e/HS7ubzWbW1iDeRAHYkfdZiAGX04x/KvJbC/styfbIQ4zj8aUW1eR+M8f5nz4lUo7I+YdY0zUplJuImjklJI64/OuUltdescR3M7iInkBs8elfU3jnw/bX1zbyWVx5KNyw6qgPcV5X4vt9GsNOWyExuHxnf0OfWvRw2K05bHw0JpnYaDdeHdQs0t54vl8sK24Zycc5xXi3jO002w8RSJoy4iyvCjj8K5tNc1TTEIsZm29OuTg1qaH4ki8+NL+1a5ctg8djXZGly3mmE6Vz0228GadqekpGlwPtGMk47ms3TPAsiaoIXZZdnQ54JrttOmE8qQaZb7VJ2jHc+9dVqXhbV9LRL+1UsSRnnGDXnTxb6BYpH4ffYtML/aSWl6gfyryS/8NzafLIgbcoJO709vevpjRLDVtX0tZ7pl2pkFc8kivHPHXiDTbW4l0pIW3R5+fGBn2pYTENzsFjxyK80yxmaRIw+T82Opb2rqoLaXxbi5WL7PDa4wfX8a82vL6NpCYlDjJ6dzXp3hvxFaRabDYyyGNOd3pn8K9aorInU0rbQdVuo8APsUkLgnbXVaZ8NJbiw810HmuQTng11uk+KLfTLdYYwkyuowfaursfGkKYmnjRI48H2rx62IqJ+6h2ZwP/Cv5pmW1RvsogGRxwSe1bvw+8L3J1zGoFZLaL73PPPTbVrVPiNp95cm0sMXEsgG/BwAPr610mjRT25+0QZVyN2D/COtVRc27yNqa1OJ+Ols1vZRW1qw8gZYqTjjHHPrXivhbwjDrML3BmWIocEeo6/ia67x94qk1m6nsbyPcqcH5s5zxwKxvDujXkRkED7Y8ZUZPPHpXrqouU2m7EWh6VcaDqU11cRRzshK7+OnrXsmh+I9H1FFEsSQsMqQQB+NeIx3+p22oXCTW5eME7jtwMD0re8KavpfiG8dIonhMY2nIHOK4MU7s5aquewa3c/ZLN7jTYFmRRuweO3WvkTxVdafeStjBmY5Y9h7V9ZXmjajfWH2bT3ZYOx6nPoa86i+Blw95F9pm25Yu77c4HXGKMHi4w1mRColufHUVt5l/wCRn/WNXvHhb4XM95aX2qR7tMdQ+R/EeDg9xjvV+++Gd5oXiRLqwthcpDMCoXlSQecg9q+k4LgtDDBPCEXCjy1612Y7M04JU+pD3MnRfhhb+Mb9LXTZnis4TulYcgD0A6ZPYV6V8XfG9v8ACzwomg6RbpFJIBBENx+QYHXGD0Jyc9a77RLLT/DekM2mEwTTjecsTliOvOa+CfjfrOs614mnt7wFI7RsRg5JcAH58nruyT+lY4GV2udnrU5qMLLc+dtc1G51S8mu7lzJIzfMT3x6DoBUWm2dxdXcUNuheR3VQB1yTgfjVJt6S55GSa9V8DazpGkXKX11B5k8JJB+oxn8M171WfKro49z134Xte+H9K1y1uCYnAAG/wBQDnHtXhE+rz6hqTTXTjmQg4HAUGvqm9m0rUfAV9rFsN1zehkQdCTxivnvw94XTU9Y2Xcn2WFcGRyM8g4rzKdXeUhSPrXwl4l0PT/h8NJ0+wBmmj2llHDNjqTXlVl4XMGpSag42iQH5R2yc9K9DeDSvDWiC3tthhwDHk87iO1Y2k69Y6gzx3uIyBtQtxuPoMVgm7s6JfCjwfxJDBLfyW7uGUEY/wD1Vg6voirBCYd+G6kDJx716drfh3RbvUWvRP5bgZJJwp7ms63e2vJjoSnI5+f+HH1raM2rHDzXbOAs/B2q3EkYjjYrJtIzx1719beEbS207w7/AGRtywzz6lutcjb6ja6bHFbOY5BaoAQDyB61q+GNUW91ddjBYi2fas51m9hPQ818YeBNfUSPp8Jnzkhe/Jr5k8TaNfaVOftkUiBmOQVxyPSv0gvdW3Xz2xX5YwCM9zXmnjzw1o+uWh+2RmMvnBXghuxFaYXGtStIzdWzPz6LhiV78ce9eh+H7Sxu5LbR7WPfcXLY3DtxWN4n8LXGg6gY1IdM8MPQ962fAbQ6LrKai6n93nnGcbule1WmvZ3Rq5qUTV17RBp88ltaKZGjPPPP496NG8L6vd25vbGMvJzhemK+jdK8a+Bzp/8ApzR5/icIXJJ9Rg1y1x8U/BtjqD2Wk2hCZwXEYVSO52jn9K8qFartYyVQ8a0+21K/mlEgfKfeHIHHaq/n6tY3IEYOIT75AFdpq/jixmupLjR4QjH7ysAA/vxXCal4mluA4lRVcnccds12QUn0BI29S8USXEJS8G5nHP0rzS/MEkrTW6/K3T1zWu1/aTxbpQc965+YoX3I33jwAO1dkI2N6cbDrKwluriPGQMgHvjn+VfpN4Ql8JeD9DjuQVNyIVKt3Y47HtXxH4Z0WWBIp5UJR+T3/wD1V7Pc3cZ0CWLzGed12xp6H3PpXBivf9Ak7n0lpXiO38Tx+XbuoQ7hwQa4X4j/AA01q/0ZbzTsrESSB0Gep59K8i+GMOrxeJ4Xv5CunQEytntjtxyc19ReJvH2mpp893dzmHTYIyuQpJbPA+XrmvnpKUK3unny92Z+cOsWd1p+8zK6NHn8x275q14V16y00vcX4aSR/uKRlcn1z0r6f1XX/h3rXh97a4uYG83IXeNjKfXnBr5H1WHT4ryX+zWEkSdCO+D1B6V7uHm5rlaO6i+Y7WbULG+1Bbp1EER5KjoBViLWNLd3NkwccrjNeW3F7K2EU7RgA+5rQ0HyhIvncLk7sda6Z4b3TWS0P//T+GeQxyKXBx6VAGAHy/NTt4B6Gv3ZPQ/KGS7scN603PUg01mXORz+FDPkgd/pVXOdkikqxI7+tP3ljk8EDtVbcQPY08ZHzE0XEWUfccEcd6kV1PI6CqRYEAnPJxily6jGNq1FwNAMpBwMn607J6EZqgsmCT74qdZNpOTkelFwLWD26fzpuOmKaG5G3pThjGR/+urAX5T+FHXpRkdcYowvTPWgBSDzxzQfTnGOaQn5falOfXNQzMOx447Uu7A570hHOKTBwKQE+7p3pdxXrzUSsR05zTs+nNAEqtwen4VMCh+7znrmqagZ+b61KXOegIPFNMaZPkc+3Q0gxxn60zcMf7valBA46GrTCT0HDnlhup3PPcUwHuOop3c+lb8xkOCjdjpT8YOOvFRhu/tTw3GenFMBFzg8VOuMmoQ4ztzxQpIGKALHJNSYAGeoNQB89qmXA+7SYD1Gee1SKMHgUwHPbinqwPGcCoACgIyD0oKN26VKpUAA9aXAxjrQYXKn3ec5UfnTgoznPTpUpQ9FxmkK9M9aLBcbjPXjtQoI6j2p5XHPbvThyBjgigLiDnjtSjpS4xyKXFaFhweRmpApPTGKjyQwBPFSDpgcDNRci4o2knHGKcN2ACaaTxjpikPUnuOlFwuS8jjOMUoJxjq1RsRn1pV243CjmHzEuTSZP403dk+1BHJzT5guKSx4HBpQScVEeAO+abgjIHAo5g5icuVbnoacH6Y7VWpgfFHMHMXhJgEdKkEpxxVHdnntSq3GKXMFy7vVsgnk0BuPSqgO6l3Y4NPmDmLfmHAAOM04SY6nrVMEk07NHMNMvrL8uQMnNS7wTuJ/Csvftzg4pwbGCT070cwXNIuBwKcr54xWf5rAZzmnibJJPFUMs78daeHz0Oaqb1bqaXfjpzQZl7fwMdaczAgYzjvVDzOcVOrZQZPSp5TWxPu9OVFL5hHP86gyfrmjcfwFHKFizvJ5zT1kJHzdap7ueOppxJHLHJpNCLJmGQAakWTB5NUvmbryKTLjr0qWhXLwk9eamEikVmrkHg8VMCcZxTMWi4HG75e9LvUnGeaqKTnINPJB9qAsW1l5welSLJkdKohz0FKHbvxQFjQLt0zimlsdRnNVQc9DTt/Hy0CLAORzxQSMjvioAw9c08Pjt0qZIqLHgtjK9fegTMDtZM0gbPQYFIMdFrGxY/7RH9D6VZV1AGMVUwO/X1pNyknbyaANAYByDgUdT/OqSsBwOlO83P3Rkd6BF/OB60mDVdZhjgYp4mFTygT8+mKYeDyc0nmD0oDqe1HKAu4+lGc9qbuFGRUnQTA4AFK02BtqE52lqhkODzQBQvp7RZhI0vlMvfJx+Nc/earrMTk6eE1JeoVTnFdRcxQvGzSKJM84IyMV5D4l16LRy8VnH9l55MfBP414OaVHFXPXwVOMtzQu/G2o+S9vcaf9juBnLg4I/CvDddeG5vXmuSWJ6EcZNbcnibUNTDoXw/QEjJ/OuXmsbqaQ7m3nPzYr4PHYmVTTofSYSnGOxzH2x7eQxgce9dJpPh7X/EX7zSIFmVCNxLgcnt9aj+wI0h85QVXseKdpur33hq/W60iQoQcsmSVcdwwzzXBSnFSXPsdzUre7uLqOk63o9xtvbKW3lT1QkfgRwfzra0y5uJoB5wIb3r0zTfixp+sRLba5p6xsBteRAGB99p+b8jXGX81jLeM+nJshYkgenNa42NPl5qUvkepkc6jrJVFbzHRZYbV/OrKqZHCE1Xg6bAeK17KJQGkGfxr52s9D9Jw47KoQO49KmlU/KWGQaiij3SEjmtdYxIAo4zXBNHsUt0YyxSGXKnArpImjhgwT061k3CrCS2cAdax7i/LLsToM1EzvplzVNWZZClt91e/rXN3t+8uSh5PWhgXOByW/SmPCoUIOtZtHckUgzyYyc0xn429xVryzjggHpTTakHOc5qFA7aS0KhMrHMh5pohkbA7mtpLMFf3vDVJFYluU7GkdkaDZkLGwG3uKPK5J710CWbqxypzU39nkMpKk5rJtG8MNc5fyGPU4pfsbnkNn612H9mkchaU6fJ02Gj2qOpYNnILA33Gx+VWUss8Yz+NddFpLEZeM5NaMXh6Vjv8AL4rJ1zeGCOKisGUZUYA61dSyB6ge+c16Fa+H5pTlIufbJro7TwZe3ZAht3PuEzUyxB0xwqW549/Z7Z4X5aG02TPC5r3uL4da1PJ5UNozD1AxW3ZfCTWXdfMtCr575HHuTisvrDL5Kfc+aV0t2I3KRWtDoshUMinAr60i+Bly8se+TIblgvQexJ5/Ku8034D6eChuQXKdM42j8+T+Ypyr9zOUqUdj4di0eRzjadw+n61q23he8n5W3faB3UjP0zivvuy+CuirLlrSPb+OT+FdnYfDzSrM/LFwOByMD8qxeIj3M/rC6RPz+0/4aavfSAR27gH0Ax+ecfrXeaf8FdXvAqCNUXPLMeRj/ZXr+FfdFp4cs4+Ag49q2bWxitTiNQMfnWTxKIlVnLZHx9pnwFa2ZTdSMd5GNqHH4k/yr0vS/g5peUgAIxyTkHOPbH8ya92uEaTdjpVjTIGD7VHzN0FJ4zQ09hK3vHlc/gvSNNXyLeBVCcdBg49hxW3pmlxJDvC/d4z6V2ur6XKGIZcMaWxsojbmInBArzqmIbZrSoRSC1u4re2EQGalbUQ44X8qzE2rKUPIFPMaCUFehrndU3+rQ6o2LeZHbaRyas3MbZUp0rOig3kOjVaNwY8q3as3M5atKz90rzq8RBxxWHf3eVJxyK1rm7eTr0Fclq0xlQ+UDmnGOpcNdDJvr6XcoH41VVzLhh1rLn85CMknPrVqxaUoSRk16dGGhVV2ib8RR0+bginI7ykqvIFQW6O+5qbHcLCzZ+U16FjzUrmjCN0m1+AKsy3MatjrWRA3mBmZutSFQGGOaLIzqOxbfGSw4rBvlDkZardzKw6nArEeUsS3XFNEYeN2a1tsgKbsZNdMknQqeK5K3bzdpPaujt3UJ16VnKJ9FhKKNjzMKCeKkimUtmspi0nQ8VNArbhk1yyTZ61OCRvrM7CrFvMyZbqap48tRk8VYgkiIOTVRginFMTS7e41fVxCqkgAscDOAP8A6/FW7yyK3Z3j5QcCtvwzKlpeNMBncCOO/tT9RDXF8zRjgnNdcafuo45YqSr8v2bEunOfKECdK9A0ORIPkJ5riNNgYygceldxa6LeJP5oU7Ntd9BHzGd1admpO1yvdRT6jeeTnPYU+10O5mv105urH9KvpeJYXe2RfmBzXqujaUJYE1gj5uo+ldlOlc+SzLN5YemraJrT1O20HSbbRtNitLcAAAFj/eYjkn61DepfRKURiyueD3Ga0Fnc2PmwJvYDgetMtmublQ06bMfUfzr2HLmgkfkHtJe0lVnq763PNvE08+m6U8mcP6e2a4XRNcht7Ce9nPzsDn1x1r0DxrF9pl+y7gwAHHuc8V4p4g0+bTLdoD9xxkemPSvDxLs2fqHDdGlXoKFTRyd/keYavqMkmoNcoo5Yknsaf/ZT6nZvqJkw6ngdAR/9aleBGjOWBasGbU5IGNjG58vv6Zryj9phS9xRp6W/IoyAlvLPQVTb90c5rXjiGC8lZVyvzEp3qGjtTKM9xwWFY0k3m8kgVfn3BWzXOsGyRnFc85PoVJIbdLvYYOcVctFGzJ6rTUhZkz1NXI4mVCWHFaUzhxElYsWz5fnAzWhGp3ACsVidoZTtxV7SrrzNzSn7tUzx6kN2dHZsA5BNPu8vEAvUGqaZ/wBalaRKnBI7VgZU3qQ2jErj0qeS7ZHCE4zVUypH93iopXWQgseaDaTuzQgjEs22Q8Gs/W9MEcUkytxitK2TjzGJ4ovp457aSEda0pnDXTep5K8DFt7fdFSpd3EPMRJArWOmznczn93ms+88m2fYpyK5q0DtoVk7I39I1iTeA5xXqFjqbPEqq2fWvDLSVWlBA4r0TTL8QBcjNebOFjtrU7pHoaSTLKshyVBruLe5kkiRYuN1ed22qwyxhAOTVi31OeOdWVtoBohUseZicK6qt2PZILyWxspBMcsQKt+HILe8M092eMHHavNptWmvQA/OfSrFtqNxbL5G4qM9K7YYuKPmq2TT9nJJ2kz0eAiaRoIlyOcfSqmqLIqxGNiGBNO0jVLPTx5kxy7DjPvVe9u3vGQRLyx4/Gu1TvE8SNKcau2i6kZbb5FxJwSce9XbmZxPlctE5xn61DqGm3C6UZ8bSnIHvWx4StLm8tftF1FviRsH8OadPmvYjE4iEabrJ7Ed1avZ25huhjzPmXNbWjaJpcujyPI+2YbipP6Uniu5XVJ1igAAiGFrBtrxX09oDJ5csYPf0rolVs7HnRjVrUIyvytu+hkWN/G999nlbZuO0E9Oa7PUdOm8Ppb6vbsspjOTjOMnp+deWz3VuZwQ37zPP510h8R3KwnT5T5kTgABjkDHpXIsWexjsuqzcJU9uq7o9UN5oeraO16bWM3GPmBUb1Y8ckc1SOpWd3pK2coAmgwq544H/wBauJ8OXp/f21wQm7BX0wP61PqirK+Ijh4/7p613vHSlFM+a/siMKjp673XkZ2u+H7ma5ivbQ792Pl9PpWpq19pojtrLULePfb4K/KMqcdqkNxeW2k/bVfds6rjtXBXrPqTNdytlye/esalZHuYHC+2l+8ekfzLiaTp+p6hPLcwLJDOpBVhkHjGT7151rPgzRtAuvJtraNN46qiglSeM4616WGeKyjaFsv0JHBFZd8sd0m+6bzGHGSef15pSq2jY9fDwkp6PQ85k8IaDqtuLe5tIyGA5CqMEdD0qXxF4C8Enw/FoMFjHhMMWAG5j3y3fOTwen4Cu5jFk1qYAuHXoRXN3lvKzAKcj6VyvE6bHoU8O5S3aseFat8EfDN4iLpgMKn7wwGyfrgVzWsfADw5HYGS3nfzx1JJIJ+lfVNvJFawjeo3AY6d6xnge53I6jaTkVqqy7nWnVWzPiHUvgwsOTaP5rHHzMAp+lc5qHwe1T7M0kEQkI6qOoH1xj9RX3vPplqq7CgxSNYWAgZFTk+vrVyq9jf61VWp+YN34A1KDfHLZlMH+7nOP8+9cfqHh3ymSPy8b/7gr9PLvw2LxyGQEfSsa8+G2g3zeZfWyy4H3SPlOPUdKUMQmN5hfdH5h3Hh1oI9se4jPJP8qxbvSDGBuXHHI7iv0H8SfCfS7qeWXTwIF/55Y+Un2Pb6V43rHwh1KEM+wtGD29fTHb610U8Q0c9StFnyG9nzwCAfwrImtXRuea911jwfPaEiUFT7iuEvNGZeOtd9LFXOOvhebY4PZsCk9+1SHb91RzWw9mEk8txnHQVBNbNjcq7dtehSrI8XE4blMmYHgc0xW24wAeKuyDEbE84FU1jJQORjNdCdzzamiK0wZjv7ntU0M0iIFzzUmzGQBk1DKoHIODVxPLqSI5GfeSGzmqcxbOTxTyxzmopHAXnkmq5dDgqyKu0EZqNhl9wqWMbwQO1RlWUkelQecRmrGj/NqKbl4BqPI61oaTD/AKQZj90dq2b1OWep2RRS5bGMU9iI4iy84qtEXZjznNSz7liKpxmorT907MtheaQLILgqBkds+9e4/DvSZorpJEXeMqf8a8p8OaRJd3C5JJJH4V9mfDPwxJp0CyNh/M6E9h3r5vF1L6H6zl1ONOlc9DsoZbmLfMDtA4zXIeKNbh8P26TyPt3MQMnvjNeo3E0NvAEHG0c18E/tE/ECGxW20mznzcNK7Ywc4xjHf1B/CvNpU3KVkZZnmCoUZVGeQ+Pfil4hkv5oJVMaGRz83fLHke/rTvD3iuLWYAluNxiA3Htu/wAK8w1aDVtTWKS8lEsknT1Ge/0PavQPAvhHUbaBQgCSXByxbjcBn9a9arRjCGp/OuZYz205VZ7s2NQvNWeB2kcGM9F75rgdGt7a61GdNShZgDnkfLj0r3iLw6lm7TXb5AA+Ujj61x+rLay3af2WyE9GA9a8yFRc2h5tKUTirfwrpB1eX7TbiS0BziursdF8INqsDw2Zt4kYbnQcivQ7Lw9Bb2qyTnLuRya0otKsd5W2wvGTx1q6mIdndnWqiO4XWvAt9awWeiWvkXFqoUZTDPt7s3evNdb8R3aXDadd/uoicbiflH496ivrm08PkTQhTcMThe+D7U+7ifxDo7vIiqz5PPXI71xcybuV7Q7zwpB51my27CSJ/vMDnr6V5Z8ZIPC+m2slvdJm8aMbMD5l92PpXUeEJ5tA0hhDNiQZzk5P0FeFePtevNZmll1Bf3z5Vcr1x25rswVP95cOc8eiit4cjycqSMDHet670nULa0Fx5DIHwVxyaxFa8S58zy9xixhcZH411GkeLtWvNUhtb2JZIoyBgKRivcq6kbGr4asNVvLtLXBViu4FuBXaXkjWU7aXOwO0AH2JrpftCWai9YBG24XGKkj8MWd5pzatdyeZPIxc85yOwryZ6yuaIzdC8K2zSi9RgeQeefyr6HtP7PstGlurs7FRPmI7+1eYeELKO3dfJ/dwJzjOevUVxHjXxBqb6x/Z0FyPscTZIBwST2Naxg2rmtOnfU8k8c31xFrNxPZIFVjuyf7pPavSfhbc3GoW26Zcu/yqcYJH/wBesK+06Kcf2pqVuWjXoSOtQaD4xuLG8SO0QJGzbVGOgrStNSp8qM68b6H1Kvg6ymtC9yd5dfmIAwPbHenaF4B8M6JK19aWyoPvNnBJ+pPb2q14c1I39rGlxMTuHOe3407xhPb2vhuXZOFcYBwe3evmPaVOblucK+Kx0yG0ihNxFGiwKDgDgfgBXhPjn4lWuip5luGDyyFOuML34715d4j+IWsR2DaJpUjMjcOwJJVc9sVU0zwbe+JtFi1i4mKgqQpc5Pua9OjhOT3ps3WHSdz0Hw58QNNvdiykN5nWQr09q+hvBehWV066w7qAyHbkZ6+lfM/gLwPFrE8VjEpW1gciSQf3vr7173448QweBfD8ei2IZp5UITHGxT3LV20oxnLmWxsqavzPYpeJPFllJ4jGjxTApCCMggLnvzXyV8aLua71EwWNwJlBG1V546Hmt66tL+7d9VH7sbecdR3zXlstjqOpan9qiRjbI+HcjIGD0rrpqPNzIycry5jkdM8G6vrV5FEiFVz85PAUe1et6N8Hk1OVBb3KRhOH3dWAPUe9WJfGsdkDBbxjeoAxgZ47/nXV/CrU59X1u4LSBFjQtgnpnqa7a05yV7gh/jx9K8I6fbaXasuEQAJnnIGM14Ynjho08hIQhBySOd2ePzrR+Lz6pJ4uvHfLwo4CnP8AD2rgbDw7qGpwvPbxMVXkkdPrzWlGhHlXMaxPoD4c6Vr/AMSdXTThOY7aGPczNzsVSOFz3Oa7nxrottpXiW00W3wY7dI90g67ufTvxzXinw+8b6x4N0+7uNKdIrhh5fz5J/QjOK2PC+paz4r8W2o1CVpzI25mxgDaCecdM1E8O07miqdCv42kGn3jwpncyc89BXJeHr5ft++4L7Dxxxmu3+I9rHB4guYrogABVHfOK5iy0K5eAyWCF2B3DHOBTa0Mqm7NPV7G5uwllpasxumCcdBn1r0/wp4X1zw6lsNRffIRltvICnjrWf8AD6dLbVYLfVomGWyWIz9PwzXr+teIoZ9VjtbW3LRKQD8vPvj2xXlYjFWlyxOdHTatpNhbaANVCfvAgbJOeDya8Ov/ABfBcEWUVwjysc7Sc5/wr7kv9L0PW/h49q4SC5mtyEC/eUuvAr855PA66Pq8zXM32l0kIQDjoeK0pRUlzM5qsTi/H3hO/RkvowHtm5IB5XNM8KafoZ0O7OpKq4zgkAEcdq9juJNQWwMphMsYO3JXIAxzXkv2BfEUkmn6IgXYGDMRjn3ruVVqPKyY7HjlxZwz3/2S1mIt5WADe2e4r0WfwZoyW3nQzqzhQNx9fcVxV3omoaJrq6ffp5cgKneDkEZ6ivV9X/siCz+cFnIB+U/eJrunUvZxNTxSaF4LgxDLZbAOM5qXVNPkhgXCndjofeumabS4GMrM5k9MZxWXqOrwTPkk5VcAnjNb05alw3OEaAhP3paM10ng3SP7a1+ysXG5JJVVv93qTj2AqhO6TPhea+hPhJ4XkXS21OCDzbm4kKxf3gAdv55z+Fb1ZtROlH0lqXws0C08CDVY3Q3TLv3Z4wRyOD+ea+V9Q8U2+k3fkxqLhYu2eM5xX038QfFFt4T+Hg8OSRypLMjRvIV6Ag7lA9xxnsK+DLm733T+WvBPGfrXH7O8Qme2L441QWkzQWYhU4JbBI/OuL1r4salq1sNL+zr5CjYWznJ9MV0l14gSTw5HZRWo27eTjqR3r56aXa8m2PYcscZqcLh4u7aMuRN3ZsahI2xHV/mc525rOMr+SyHg+tJZxvczohOGf8AHFNuYTDhC2SDya9DktodCVisJWUDJB+tatq8sTKzAjcew7VQjsri5JdI98ada3US4C4CERgcelTORMmf/9T4RXcARjrTkbGSecVCWbJB4zSp06V+4H5QyUHeCc4NNBKkA/e6Umd4x0xmkIAH96r5ieVEuYxgvnHtTgyEbucHpn2qEccAYA9aUYDZxRzIOVEnzY46UwFQD82M+tN3MSQOABSAjgKPXqKZHISAn16d6lV8NyN31qurEfOMDjoalDYXLdCKdg9mWQ55OMZp6OwGARVQHKjnp6+lDMMc4P407Gli6rKSqn6cUqkqOemSKpg8A9MU5ZMZ3/L7+tKxnKHYucY56Gn8cDvVAS9c8YNTiTnrSMGi0eSeRScZHUiowwJxgZFO3c56fSgLD+e3Ap+RjA4qPnHY0cdsUCJMin7gBgVBkUucdDQBPnjrn1pA3oeTUfv1o6cng1SQNEobrnmpA3J4/GqoPrTgxHsKuxmWA5JxS7zn9MVX4I4PPWlBIGSMGrAnDjJ7UBwBhv0qDcSOeh9aZvx25NPnAuiUY4qVZPwrPD8ZI5pNzD6VT2A1PNwfWnecD1FZPmc4HIp/mHHFQBrifPyd6nEo5J6dKxVmOADyRxT/ADT3JzU8w/YmxvUACmiQ52jnFZYmOOR1qRZBjIH50cwexNN3A6EENTVK4wWziqSuR170b8YIHBo5g9iX94GfQ0olBGM8+lUPMzgg0u7A3AjNURKNzQzgcinAjpWf5nfOSRTxJkDJ5o5iLMu+xoPHJNVfMHOKQzDgY4xT5hal7efwqRSQOcE1nJInfg1IJB6UhcrL+8HvjFLzg4NVBIOgp5k/OgLE/pkcmjHXvTA/ofxNG73/ACoCwoXmmlRzntUgORn1obFAWI9pOcCm5IIJ4qTvSEZP40CFUryMYPWn4JPJ4qNc5JPXpUuecGiwxQAOlLQMdKUYwc0WKI8d/XtS5xjNO4FGON3aiwg6dKU9KcAcHApuPwosOwlKCQaSnYHerSIFDGplLCosDaTTxwCM0wJQ5Xgc08HPNRouOtKwNBoSqT7Cn885qENwBinZ9T+FAEgXsKftxz096jVh3GKmBBzxxUNAOAYLTj25qLzB0IxQHBbg0gJFzmlzxzyai3AscnFKp5xmgCbIAGeppc5564qPJByORQD36UAWMg98cULnnnpVfeOw/GnKxPHXHegxcWSgnNO3nNQhu1JkZ60CsT5PqQf0qUPjh+PpVQsO2aVZFHXmlYNS9nI49KY3TPFQiVV55obDHOcVm0b2JwRwM5HpQDtJI4z2quCAcdfQ1INpG0nrRYLEoZgOcCkJzTVRO+TTsDoBioIYu+Qd6UTkZytRMr9Q2KbiTud2KALQu1ztx+hp32nI+UA8+9VNsnB3Y9qArLyTyT1FQ0bmgsqsep+gpJZkMZz83YY61QPBwRk55xUJcDJBwR2NIDivEWvX+mRGSwhkLAfxLkHFeW3vii41SIvqVoq5GMBSOfevd7uJdRjy+Yzzg+v4VxupeB5LuQhZxEoxkkZzXymbYOpNe4z28JVjB6o8KaeG0ZplTAHOMcc1GCbuVXhmMBPXBxXp198NrlMkP5yjoADzXnV5o0+jyE3MTxDJxuBB/Cvj8XgalP4j6HB4iEth19C4t9yMHPcjvXESW18+945cMOgNdNJeRGHy4nLM/QDtXNSXclpK3nDIPT3ry6kZdD0oJmXJaX1swuI2y4OSK7bwzcXMwKXLc9RWBOwaHfByHGT7V0Hhr7p8374OR71zyPZwP8WJ38YK4K8mtS3YpHtJxWZaq7sM4ANa6hcbRyRXm19j7/DbFuJQBgdTTZL2K3baT8wqtPJ5ERPVsVzzEv8AMxy1c0kevSepaubqS4lYsSFPaqLD5cDrUgGTSiIlutc8j0qTuNVAOejUxoyvJPPatFYf3RcjOKtJaeciyMMHtWbketh8O2Zdtb+dncD1rSj03JLEl810Nho0soVVGd1egaZ4E1WcKFtnO88YU1zzqnqU8KurPLINPboyZJPHHStiHTOP9X5bA888V9H6L8H76QBrghcH5sAkivRbf4K2axq+9mYngEAVySq+Z6NJUlsfI1v4enlO4KWPb0rp7PwZfXIGbZ8n/Z4r7M0r4Y2FttVoFATr3ru4vDdlFEEhjAA9a5ZYiC6j9v8AyxPhiL4bapN8qQAYGeeK3rL4P6vcRCSRVhL8fN0r7Cm0cRDcqAFR9Kv6RZtettCfKv5VyVMd/KXOU7XPm+z+AsjRxtLchwByNhOPxr0TRvgZptrbt9odpGf07fhivo60sRGmzoPwrUS2QMFJPvVQxKOKVSo92eGaZ8MtI09/3MCKU4BAFby+FdPhbY0YYmvWhYRuSFxz61kS2SrdEPyOlY18Q+hdJNvVnH2/hyyj5jhArUTQoRyEArpRAF5Aqwka5ySMVh7ZnT7A5saZGpBKjAqQWa5yo6e1bcjxLweajSe3CtmrdU2WHKiIThcZNOKpGCCuDUTzxq2FNLIjOC3UVl7Q29gNtljZ2JIBNX47VTuZcE4rIgTDE9cVq27MGIHGaz9oy/YoopGFdlYDmtK1MUMoYjBqncQzK5fPBqA3AwOelHtDXkurGxqbxuhbGTiuJupp4eUHDV0rSpLAeenrXNXjjAC84NJs0wtLlZmJLO8mW4q+JSq5HOKiLQlCTwafE2EORmsjpm1c0reZxGXHHtUEsr/ePOaoLK/KjiiS6EaZbrVo4KqVyWSQhSMda524eQSZAp9xqUh+VRkioDeLtBlHat6UdTF07akd1bR/Z/MYgk1Hp4iaNu2Kyby4MygRk8npV4qtragZ5PWvYowsjkxEtLGhJKscREZxmsWQBmyzVVa4LgDPAprFgQ5rdoxgrGsrqFGzrUzy7IxjrWMZlRd1RPdMxVe1KxzYhj7m7Z2IqiJcHbirEkeVLEGsO5leM5XOKuRvg2jrbKRQuOlagm8teTXLWTu8fPBq8zttwTUS2PqcLDQ6y1uFdCe9Xo3JYGuSsZiPlPT1rciuMcVg9Tu9lY6SaQ+XzWH/AGgbeQg1d3tLCRWZ9gMr/NWE4M2opLc6jQtWEk21xwa9W0r7KVkuJcHKkCvHbOz+zRh1+9XR2urOkPlbjjpXbg218R52ZYN1V7mh3GgRy3urx20CFmLZC+vNfT0VnbWmkFrkbZQOQf5V4d8JZraPXVe425kUgZ7dCOfwr1X4lPd28UMluxEbg7gOgK9697DRtScj8b4uqzq5jTwWy79zynxD5c+qI0YByQCRX0B4c2yaKlrEd2Ewa+bdKD3M+ZDuOc16lpfihNB/dzfMG7UUJpSu+pPE2VznRjQp6uJ6npMNzC0izAgDgZrbwO9cjo/i2z1QsikZFa41BI5W352GvThXjH0PzDG4GsqjU42Z53rOk6neeJjHEMQFsqT0xjmuD+KBhhjW2h++nyvj17Cvb7zWreGNrqPkpwAetfJ3jPXZtT1CeZuFLHAH5Zrysa4pO3U/R+CqFevXg5K0YL8TgLt/KG0Gubcqzls85rSYyXErKx4rDvdsDkV4rP3+hT6Ft7kqBHmo2J2EE81lyTqBljjFUTqTZ46Glc0dAviNmJ96hlskJDEU+Gcn5s8VTuL2RAVFZswnBjyI4yE9auzQ7ogR2rAM2+RXc8Gtg3O1QoIIxWkUefiYWKfABBOCaghUoSEqW5bIEh6VY054GJZhyOmalnn1J2Rr2b4tiCTmrqzAptHNUHkyCI+lPjTIznBrNwOGLGGRS+w9aeeR8nJqpco+8FOoqW3wGDSfjRY6o7G7Cshg5OABWTJceXNsznNSS3RVWCnC1iSyguH5JFS9CPZrUfqtw8UBCnhq4m4hkkX5xk5rrrw/aYBjovJrDbMvCDAWnJXRwU5uLMGCSaGTA4x2rtLG+AKEnOetclcPHDKdxz70qM3BR9ua8+sj36VS6PXrO7jLfI3IrXS7O3DDrXk+m3s0dyBkkGu9hvw5C46VwNENHU2stzH86t8vpXYaY6XI3St81cFb3JcBV6VqRzyxYC8NURlYwrUuZWPQZZrfKbTkLXTaVqVsJldux4zXlSSXDFZHHBrXErKRtbDdq7qNZxZ5OKyqM48rZ77Jq+nGIxuAwcc5qW18RWOkWL20eB5mTj614bLqFwkalyfpTC17eL56kgD1ru+stu58rLhKm1actDtNb1OQnzYmwT3rhzdzRync5yTyfbNSiS4kGyQnaPWktdPuL64dUBJUFifYVz1Xd3PoMLhadCFmLeWLp5dwMneRj8a7GzsnubdblojtA4yMflWT/aASCOCVQ3lEdeeldMnieGaFbQRhAoranCB52Oq13Fckfn5GRDP5btG3Y1FDeypeEK29aryXVm07FX+bPSufvtRMN3/o3HrWVWpbRHRQwbm7W3XU7htdSG2e1bndng1zK3LGUAD5TVeNTekOwJJFReWyP5KnGKxVSRtQwVOndLc6i4kFnbhs8HB/Gudu7iKSMTKTkn5hSXMzMghlb7veseWZER13DkdK39qjfB4Lq9zT07y5HcscADirUcRkJkQcKelcqlyIUEiPk+lXbfVkgZiW5ao5kd1bBTu3Eu3FrNJIQB705XMEZUjmq41cM+5Rk1DeX394daj2qQRo1HaMkOcLMMCovsu7gU+0eORGJ61U+3SRS7e2azdTzKeHbbijRlEMMKkLyvWsiZ1dcKKtS3HnqQOprHuJPIXGcE1MqttjCGCv6lU2EErkyDJqrqOkQyRYjUE+hFbFm8Mi7jwRUjSh2IHIFUsVI5sRgnzHluoeEdKuoWt57dZFfO5egOfavGvEnwWtrpXksgqYyFBzwO3H/wBevqeWKMyVVuooiMHnFdVLHtbnHOjNfCz82vFXwy1bR5GkNq+1OBIoyM15pd6XcxruIzX6f6pptpcxGJ41dTkFSMgg9iK8A8X/AAvtLh2uNMJhJDELxtJ9OenpXpUMxRjON/j3Ph2W2wcOnBPNZktuUPKkAnivZPEPg+8sgVkQru6HtXn11p80HD84HBr2KOKvscGJwia0OVePKkHj3rKmQr8p6V0FxGVIHGaoT24IUjrXownc+cxVGyMMAFTnr6VRuM7B3Oa0p4yvPfNUZFKEY5zW6noeFUuiKM/Jgmoyd+cnAqyU2qCoqEkYwRjOKUTkqjAV5DdB0Nb/AIdYOJz/ABDpmsJ8gbQOCOtdPo9ukFiZUJ5IzmtYbnLPY3YwNrY7d6lC+bIkYX7xwc1XUhfwOK1tKiE12jsC4U5wPasMW7QZ6eTe9VSPfPAHguQ+XfwoG3YGMdT3/Kvq7TrFbG0CooCgZ4H8qo/CvwpDZ+GI9WucBJIx5UZPzA92P1qPxHrAgtJUB8otkdcH6/SvlKmp+jRxNvd7HBfEnxrpfhzTbie5kIjiQsxGSx29gPU/nX5Fa/4r1Pxjr1/rOo4BnZtqjogBIAHXjFfV/jT4g6Z4j1qbw/ay/arZBtU8hWcjngjtnGOvFfPHizwinh6GeS1aN/tCk4TrHz3r0sug4atH5xxhn/tH7Ck9OpyUd3fWckLRsWwRgZyPyr1Gz8S+LLeW3nCuyryFK/LXjImuI4lkjc+YBnH+Ir1/wP4ovJ02arELhQMDs34124qN4OR+dTimevQ6trup6K1xNGZbvBwgGABXH2b6fpsbT6rP9nnbnYRXr+ga7pb2UrQIihQARXz78VbmzvbqCSIFJl3DrhcV4lGDc9jnSS6F+XxJqN5eL9kunaGHJ6/KBXO3XxM1G1keDTZtzj5Wdh39qyPDUV9PDPHZt05PvntXJX3h7WIbxiYThySPrXesPTb95Gysev8Ah7xQNcnM2rSAys22MnqSOxJ6V1Pivxrd+GNKAtgHkl+9jBULXknhvwzqV7bNeIBmIkbOjMR/KqWua281sdLntnDBtpZh2HYVlKhT5tNh2Pcvh1r7+J4nvL4FYY8MVzyfpVv4xWNncWltq1moT7KGB4wSCPSvG/hu+o6ddlDK0aTEZ9NnpXs3xP8AEulyaGuhkA3EsYBwM9e2ax9lapeOw+U+eo9Uup7QvtAwMAgcn61d0m11m2mF3BblzIPlwM1kKJbmdLWBNqp8oGD2r6K8ILovhmwtptZuA0+MrF/FXfXlaN0OaOP/ALQ1u6hjjurIhkA3FwRVa9l1VGhS1Z1G8DC5wfY11HjXxVdaiVOlrtQ87VXsK5tNVmukVN+yRiPbBrz4RRdFn0p4V8N3h00SRYkcpuz0ya8MvtIutN8QXE97bNMRJuwwyozXv3gnUNRtLa20y7YM2wAN3xWrrFxCxuCsccnl9d3XNZ1cRy+6jeU+XQ8dbXLC6UWl3Gm11IA9DjsK4610rSLHVRc3EI8pecngDPrWx4hawa+iuEhKyjJZV4A9MVy3iS6XU9MkS3Pluw2AZxuNTTV9UZN9T1az8RaLczQi1lAVsYMZ4+nFanjORpvDcsNpC0nnYAP3j+NcH8J/D2m2y7dYB+0R/OFz8g/LrXeXvjHRE1b+yd4MQOBtPy7vc1zV6Npc0TmnDW55n4Z8O6Lpmnyf2zhZblurnBCnsK9Bn8JzXdlFB4VcLbBcBFJA5z/OuM8dWi3t/YrpwypGZfReeK+nfhfbx21j5l0UU4CqGPBGBzzScubRnZh6Lm7C6H4dsvBPgzNwAojXfJK/BklYev6D/wDXXhPi2R/EzG5hmU+V97d7Ck+OXxEiudffTop1W1tQ0Y5yoOWBCjpzgEnvwOgry3TfE/hq30N7ea/Iu5t25fQdu/Q168MNKMVZE4mr9mKIX1J7C3mhu9ynoHxxivQLXXvDUmhwaPZygXE4/eEjB/CvLLDULPX7mSylkUoB1HORT7vwxqscMsumMWVM7WXnYPc1lUpd9Dg1H+IfD+il5JLSNVVVA3d/r+dcp4Ce3stalEN0FdgVUE4zz0/Ss++8RXDQGzvVAZMqW6dOK4q0haTWIDZbmLSDGDg8nj+denh4tRszoidp8U4Y4NZ+3GQkTMC3pkDpSWXj/Sbbwu1jawgSHMbHHTI6iuk+K/hCa1jsJUYzpIhLDPKyY/8Ar186zWUsL7WAKg+v867qKhNGkWa0twt3K4jBwSM8cV7V8O9U+zTIlqCkshVC2Opz1rxC2aZVCRx/KMZru/DmuyrqMASPyxAygHt161dYVzW+J0lyfEFzLcvlmVcc9eKj+H/ib+x9REGouBbsB949q734haTYXsX9oxLmSTCZPTj0rymbwmt1Z3NxcXG1gMADrwO1YOKa1CbPdrv4x+B7SaR4bYO8XC5Xnn0NbOkfGDw7qaRxx23l3ExAUkA7cH1+lfKg+GviW1jW8uYD5DjeAvzfKO9Q+FkA1VJOVSGTkepXnpXBUy+i/ejuZ2P0/g1kHwzPMX8y7aE+UmM/w4WvkXxNoniKG2m1VkYLCxcgE9Ce1dx4N8ZajYSCG7Q3KSDam48IvQEfhXtNnqWnazZtbXgRoeQ6uBgg9a8ipN0nsY1UfNmk/F208OaOg1uxMoZdq4HJ98nrXJaX428MNqVzPpLeXNdku6suMBu2ele7fFrwx4WuNLt4pLeJSU+TaR8vp0r5StPBTPctPbAxwk7S+OAa9XD1FOHMzBbEfjyMtfo9hcLcO3LcjK57ZrnbHSr652NzPjlgDzivWPB3gfS9T8RSQ6hcrJDCu5xnAPtVnWtT0fSLuWw0m1URDcqyf4V0QrWfKi4mJomg+HLnENxEsjjJ2v8AezXCeN/Cthp1vJcwsHlLYVAOQK7iG2ntgmpRwkSEkg465rz/AFu+vppJZ7ttzsSD7ZrenL3zWO55fCHLKE+9X2B8OfGsXgzSLbzbZLg7CqKeMFjnIIyQc14z8Kvh0fHvjS00aIssBbfKQNxCjtjjqcD26ngV936/8K9A0/xRo0UcWYtNjSRlI+UlemR/nNdlWsn7qOqPc8X+N/iGVYdK07WLVUkuozcbd2SMjbj8Mmvnuy8NWupXcdjpiCa4nYKirySWOAPrXd/F7Xk8UeNbtbb5obNvJhB6gKMN+bAkZ/TpXs/7L3w4ttd8bw3t2N66YvnNgZXcCODj+LGMemc1w46o6ULlct9Dvfir8GfDfw/+D51AwI2qJHHCsicZZ8Lk9c7c56/pX5tz6dFNczKpHBIP4Gv1P/bJ1q/vobDwppkLOsERllCrkhyCqcj2P6CvzYPhDxBApuXt2RWYnJ7jvg9D+Brro1lClHndmzmnNRdjjmtWs2V4x0/E1dmtoUs43nIEsmT1B61pXGnXflb2Rzzg5QjiuUkS4lYxQAuIzjng/SuunUjLqXGVzrtHdY40tVTzGY4+UDnPvXeXJtNJ8Pypc2zLKx9OufeuD8HQyWmqRvKpdpWAAJ4BHtX1XqPh601LQjbX+1POUYUY4I715WPxPLUjEwrVGf/V+BQdv/16kVsjAHX161XLdutHzMcg5xX7gj8oe5b3gYyO1KPmZgDwOarZYDKnmnrklmGOaBFgZIVS3P0obGSoPFNLcAninHkDnP0oAaQV4NIozgdzSkmgY3KcdK0GLjPG3IanMcEHOCvFR9jxUgK5wOelMABOfejtxgjjmlwcnpnjikB+XjA9RQINwBJbn0o3E4Lc47UmAQvv3pdpVsD86AFLHJz9aUNjkdc5o5O4kc0jK2Vx1pGRYDgn0JqQMcdc1XDYzgZAp+7POMA0EFncpPTpUhwWyO1U8kL9afvx+IoIaLQO7r+lOHvVVC38TfL2+tP3N370BYsZOKXOMHrioc8kUA8HPFAiUkZApQOvembutKCSPSrjITQ4YAy3X2qQt1we1RbiPvDI9qMkn2rS5PKxQeQOST1pwG0HIDA00ZL+lKOSdv8AD1piDHQZxRkjoM0cdelHFACHPYcUzPA3HFS4HemlAeR0NAB0/CnAtjJ6mkwf/r0DH3iPpXOaDgc8d6cCaQAHAzgnvR14A6UATBsjBpQSRjPSowABt7GlXlRntQA9WYLn0pzSeuKbgFcZpCrZ4OTTYkPVznB6VLvzg1BtOcMMGnHPcYrcgn3Dp+NLu6c8E1X/AK8U7cwwDwKALBcg7QOBU3mdMDiqoDZwaecjjqKALAcFiD0xSBjnrkCoVByQTipV9M5xSYicSEjFWFfByTjjpVIAg+3tUgIP3vzp3C5eDAY460/IBIqiXAUEHpTzISS3agdy11JpM8/L2qFXHXvTg2OvQ0GLiyQZLZHBqXcc57VADlRxzTgcZJoDlZISDTh0qvuyM0EkLQSWNwAANPyMYPSqRcgYNG89OtBfsy/ux04pSeMEZPrVRZMHrx6U8Pkn0FArk+5fpTiMjniog/HqDRkZoHclBXpT8gkjpmoPNHT0pRLkAA8Cq5guWh/DnqKXP41VD9SKl83t2NPmGSADBJP0pcnHT8ag8wU8MM9Nwo5gJc9u/rThJzUJfHuRTS/Pue1QBY3Cl3fhiq+4/lRu9O9AE4f1oLe9QZPcUnWgC0H7buKQyYyOvFQZBBA60dOCOooAmWTAFKJGqt04wakDHjA6UAWw+QD0pfOB4FVjzz3owCMDpQaFkSccUqt371W6c9qXdj6UEyRZy2aeHGCeuPWq6uDyeKN2RtA61mSWN/P0p5cjpUWcr8w60cH3oAnRu7McVKJMe4NVPlPJHSlBbPTg1mHKXA65+bpR5q4461TL7aUSFunAoFylwSocKM5p+flA/GqIY5yeRTtw64zQalw54yACaryKDzxSF2IyfSomkcAdMVDYHO+INQmsLFrqPjZ/n+VcFbfEC9a9SzRQS5AAYcEnp0xXqOoafBqMDRXKb06+nT6V5xfeBUtpxqGnyFni+ZQ/XIOR096+dzOhWvzU9j1sJVprSZa1LxlfWL77yABD25B4+ua8x8Y+KLHVrUCNmWWPnBA5z7isvxlql/eTIlwvlmLg4GAf515hdyyM2CRz718Xj8dUcnA+mwNCL95Ek83lEzRu24dhxUEt9NKuJckNyCaWDariSUDA/Guzm/s3VtCLW6xK8TZHGD9K8yjBNPU9b0POxqE0EwSNuP7p7ivRvCt39rnMeBwOcV5hcRNA2SBlTjI616R4JjkRhcCM/vON3YisJ0tGejhH76PVoSpAT0q5nYSRVJECkv61M0qgc14tbc/Q8NsU55t7lc4Heqyr83XGafPhmGz8amFsMZLZrGR6uH3RJGgGABWlDalpBuXFTWFqshzjpjqK9V8MeCb/AF7b5cZSEMqlyODk9jXmV69j6DD0dbs4Sz0zcRGFLFjxgEk59AK9i8LfCLVtaTzLiP7MqgMAwzknoM8fiB0r3nwn8KrTTjBJcDeE5A7H8OuK950vR7e3ZXRAoUYA7V5ksWj11UaXuHjHhX4K6dp8avdu7txkj5Tn29v5jrXrumeELOyceTEFUe3Wu32AIuBmrsCgKM1x1MSu5dKnOTvJnJzafHyAMY7U6GADHPAro5raNmJAz9Ky/JaMnjiuKtW7HtYWhFCgJsJFSw7EUkDNNiQHKnqKtWwUZDCuK7Z3qgjJnRZt2V4rU0uOO3iOwYpxiJk244NaawRrHhRg1LgxVIK1hI5w5LL1WtOEsVDnvVOKFIRkd6mS4TdtzjFawdjL2d1sahZQc5wa5W+u2iuvVa2Z5YzEWBzjvXGSSG6uTHmnN3OrBYNNuTOg/tWLy+ODSW15HITubGKzP7PKAN1p4tcr8vFZJs6pUqeyJ5LmN5GwapXLlVyjdagMJjlJ71YMBnXA4q+ZmkacVZo5+fVlhkCYLHv6V1el6jHdReS/yuRxXP3Nmi8Moz6+tOtN0cgxxinzms6UZI7CKy2lgh3Mc1QRX37ixyKfbat9lk3P1qdZUuSZB8oPag890pR3Br1SNjGsi5iKruDZFS3lmYXEgOc1mzXe2MxSd6g1px7D5gNgVX6is0qc4zmoI5C3uKZLdLFIAB9alotvlL7WwZdx4qNp44Vx1qGfUFKhFrKuZUEXBzVWOdSbepdF/Fuw3ArLvdRWZvLi7Vk3MpfjOAarRIysdveixUlHqbMM6lT8uTVK5UykhjjNSwzCAfvOpqtPIpZZFOc16GHgefXq6WRDbWyiba/bmpruQEEDkCq7T7Y2kbgkcVDa30MTb5wGU+teseVUnqZ3nbW2hck1LNN+4w/Xpz6Vk3WoxxyyTqBkt0HpVB9SbG9+hzTNOcsXF44XCtnFUk1WYzhSenSsu51CNPlXlj+tYn9qCKTfIOT+gq1A56sz2611SzOmsshUswwSexrli8bMSp3Y/WuUivjLHhc7TzxVu2mdARjOevrSdNl4WNtTq7aYlgi1rucKM1zenyjdluK3yd6hl5xUM+rwdTQnhZweK14JWzjGTWOhCsMcHFdFY7AAzdazPS59DThkdQAe9TNJsIbNQblySKcdr8d6TRrTmmrF2G6JG2rBJ2bxWfbptNbscamPDCto7BUdjpvC2ttaXcUxOPKINey698QbbWNP+yufmxivnDaVlCxnBraigL4BPJreOIko8p8zmeR4evVhXmtY7HZ6ZrKW12sueAa764urPV4xN0YDqK8SMDwgsT0rRh1q6tbcrH1x0NKFdnPjsjjUaqU3qj1DT2m0icXCyYjz1Fdld+NVaALHyxFfP8PiW7mTy3zg+tbFhfCR9zngc10qseNjOGFNqpWV2jsdQ17UFhLk8NXlWoytNIXY/erpdW1hZQIE6CuTussoYGsa0rnu5PgVRjflsc/dXK2/TrXJXMrSyZc1v6tD8ynNc1ONzjHQVyrc+ww6SRFIoeqMkRUgntWrEVQneajmUyjKipZ0c1imJmVQFqC4csM1ZNu2MnimeQXGBVcpx1qhmhiw29MVowEsMGqc0Xltn0p1pKN5BNM8rEz90vTSFrcoOoqlbytFIB61LPKI4yFrH+0ky5apauePOWh2CTkAE9DSyXJCAqawLjUFS3VB8tVIL0v8vXmnc5Yyszs7aUSYU9ferM7RrwME46Vx/wBs+zuHPXvUq3u5iwOQ1RLY6E76o1LiQmFvLOCKz7e6EgMRPNI13GylTxWEsqpehQcK1ZNanRF6HZWaCSNkPNZczRRAqo4PepLS6YXZhH3cdaz76VdzRHk5rWx5M/jOeu/LDuHOV7VlC+RWC7uRWjqMTMuBwTXn15NJFORJ8uO9cmIpHsYNpnoNnqbzMNvGDXo2lXQZQJOCa8AtNQEQ/dvz6V6DoWsrIFWZug61wTpndOlpoe1RSgfdbGBWlFdnjPI6VxFlewkgq2c1txXO9cg4xXLynG7naR6kTGI/eo4bq4W9EgfKisOCbzF9xV0M4AK8VoioxXU6Ce/kll56Veg1WRCsGcIa51SrYJPJ7Vow20csiKzbSelHtGtgnSp8tmjq57pFRQpzmtK01AWlsTCcOetc4lv5Yw77gKq3dwYoyiHk1p7Zo8mWDjNch0ZkDxs3dqpkmOBnPB7Gsq21BjAQy8iobjUTJD5bLgCrdVWNIYKSly2Ml5biWdmVqv2V4hnHn8npWBBdt55CjirknyyhwOa4lWV7nuSw6a5bHpyXNvavHLCOMc1l31ws03mxLjPYVh296zIiP0rR8+IEZPIrs9rGS0PnfqPs5X3ZRuppWyuK5q5EzORnFdnd3KXGNg27euKwZIGkfNYVk76HqYGqoq8lY5ZpJI2C5OM81rQtEYzK5waWe0V2yO3rWjb6ajW29z+FZqp0PVrYiHKmzPsLwST7FFdFd26iPe/WsKNIYJS0YHHpVua7llULmiEzirQ5ppxGpPsGEpqurt81UvNKybSKrXErIwYflSnI0dHU3/MRfu1jXR3NubrSxO7ctxmnXEZMYPUikpGPs+VmeZdgAU1JFe7W+aqzJu57mqbBxkY5q7GsqcXozdR/Obcalnt90ZHc1RsTn7xxWhJcxr8pak5WPFxNKztE5K4gljLbhnHSse7t1dQJF6jj2NdbcyAkODkA1hXIeTG3qW/Srps46tG/xHmuuaDZarbm3uYg3BAbHI/GvnXxr8OpbCF7ixHmLkkqOTg88euPSvsuWxzywrnNV02KZWVV56e3416NDHOOh49eHK9D84tQ0B4ImkdcSDnBGOPWuMngdCD2/wAPrX3l4l+GlteRPKR5R2EjBPBP9K+R/Evh250y4kSZMKP1FfRYTFpqyPKxEFLc8xmhJYk9BWVwWZW6da6ScICcdTxWFLEysWNexFnzeLpWZX2MBjPaoXUHnvVr5gCB1xVVs7hGD8xrRbni1FoRICWya7GxyLJMDg9q5byymC33q6e2+W1jxxxXVA4K2xa81cAEADiu48D2pu9at4GYKsrgE+xFeb3bgxcEAkivSfBNxFFdRzt1h61yY9e6z1MmXvKR+i8+vWljpcayzKAqZyWAB/E18JfF/wCKUcl1LpllLxNkO2cEDpx+ec+tR/Ez4t2Gi6ckVhJm5mX90r84bGM46AA9z1xwDXwDrusardXks007OZCCWJ/l6D2FedhME56s687zv2cXCm9Wenat4Ve+YXOhAyOSSyZx69K56FNQsre+k1SN3WHashc5xk4/rW94D8WSaTeW4uJA0L53Z7nFekeLdJfXND1C70uMeZPsO1By21ga2qOVKXK9j8ylN3948NspNGMzI74JGRgZyavJJf6VIZLQEF+x7rXoXgPwnpunq95rFp5l1/DuGdoroNYXRA7swAlIyoIHy9azniFeyMZS10PLmuNZ0ZEvLotGGO8A9CDVbxjrlnqdlAEVllwMsR1z71NrGr3N3cvaXq+dCOnoBWPqlzHeWAgWNQsX3cDtW9KHUtM5vSPFV3ojOkPVuA3YV2MPjrUJ4fNmKMx4yRzXkFyjmQ7h1PBrQMTiEQoOcc966vZQlo0aKKPc/D/jixtyI2OZJSd+MY4ruhqGn+NLqLTUtcLEM5GDkdzXyXDDdfaYhGrFmPQDk5r1nSPE194WhdLaPZcMDlj157Vx1cFFfDuQ6dj1XxVok2mwLc6fGVSLGdpweK8ovNWvdYvIhMP3cJ4GcHPvXd+C/Gd74jvpNPvVZ2bJYt91QO9c/r/hO+0XUjhWeKZiyt2GTXHCPI+WW5cBmnS/ZZDc3KhQi5Oe+KwL3WrvVrsyTS7AmQMdAtO8RyvDst4ycEZI965m1iOQzDHPbmu+EE1qU0mz6Q+HSaHe2Rs75ix3E5IwSD1rV8Q+GdK0pnvdNn8xY8uQxBHsK5r4cX2m/ZXS+IR1yefSuq0+H+2Zbl0QmAEqq/wkdq8OpTcar7GEacue5leH/EmrahMqRsYxyuR2r02xtzFKGu7zK9GXd6/WuI8J6bFZ+IJYJsRrjI3cAY9O3NbHjLTDPZyzaa2Ztv3QTz9KKyTOqod5rnh/QLjSze2w2zgAA9z6143pWly2l7m6G+HcSpxx/kVm6FJ4kSEWSTuQeqtzz6Zr0KP7V5caXiBH7qDx9axWhlLYparpd1qlq1tpbeQ27ezD5SR/dBFcZoFl/Z+sQ2l/E6yxvja4yTnnv2r3qy8N6lAIpoyoR8Ernkg+vpT77w9D58dxIyyXIbLD+6O3PrXHVxOvKYmZZSWTXhSe3yw7kdDWlf38rwyWVmcgg4wegroBBbQaY6zRhZGJ+fviuNs7uGK88mUDypOCxrpoxtHmPXor2dLnfU+IfHtrqcGsTafcPvwdwbONwbvXI2EbxSSWozI54BJOD7V9B/FTTItS8SxW9ioCQ5UPjG/P+FedNoYsdUhjYFwvOccV9Hh8XzRPLbuyXwNY6oLuRbWIh5Ttyue1d1da54/0a4ntoYvOt2T5gR610XhC2vjextabUjTlsnnj0rtfFmsxQGC1iiBn5Z325UDsCa8zEVv3hnM8D0zwH4p8SzCU2LRwyEszv8oy3oDz+VWtM+Gvi/QtYNy9qVRCfLlZwV49MZP517No3jG5vbmOztAsaoCS+MHj0/8ArV2C+NYbmKa2nt1EcSkgsQC7Drjrisvb1ObyGc14yj+2eG0tDDukjXIZRlt2MHH1r5E8S6TeWF3tWEmNuQQD/L1r7ls2t4fCk3iHVl5WQlFHQp0X9a4K38TeEr6f7TerDF5LEo3ACdB+PrXVSrzhqloByOnfCSbT/Bb3urNHa3Eq58sjLAEcc9zXkt9pUOi3ZtYJVlO0NuPavcfiL4r07V1trfRr8kRsSwU4XcB1z3rxu68LXk8bX1tL57TZBGeV9812UKjceaQHVazeSSeDIL2UkyoDjHQkV5Lb6X4hu7A6wkrOqtu2dx6+1es2ukSJ4VOk37fvOSADnaSO9S+CtGvIESwuChtixDsx6A8ZNa1K3LG4M4q4+K+rRWn9lPa4McQRX+bIIGM8+1avw88PReL7+OTDK7yqjbVyy5OTgHjmvbde+Ddh4is0vPD8DGSAEHlcSZ9SeOle4fD/AOH1v8KfCtrqV5afvxm4mkcZ5PQZHoK4f7RpS92G7NKZznxL8KWenJbQ6XA0bwwKGdR2Hv615BYa4dPtWh85sRlvvHJxXovib4ojX4dQuYI2jEQK7Tx8g6j6e9fLz6ti5mmvj5cLHIHbGematYW/uyRE1cueNNVv9VvreO1kdi38IGFJr0bwPZqdKlh1OQJz82T0P1NeYahqC2WnjWIvmMf+qBOOa8guvGer6hOfNkeFGbLKDwT+FbfUZSjyx0MfYn1ToXwz1O/1y5eCYQ2bMzswyQUzwB6t9aj1TwTpD+IV06W9It4D820rk4684wKzvhn4+uLPQf7Pt2JkZerc8jjIBPFTabJZ22q3N9fFpiwbC54BJ5Pua4KsZwk12FY7qe00+YRWGjRb+NqYOck9CTXj3jX4da5bXmyVRKZDvGCAFJ7GvXNNu7Q2S6jZboNxIUdDuHpUqRX+q6rb3t4zSOWAGe4HTiub6w4O6Cy6ntX7KHwu/wCEW0mbW9StyL3UCsjO3ZIyQgX/AGSCSOAee/Brl/j/AOLNV8PR63qq5Q3BktbUqcELkopHfOMuf6V9Jw+LdK8C+CEnmYNOUG1CQPmIzz3wMelfmv8AHv4yN42uYtKht1ENvuYleju4Iz7gD9TXt5XFzXtJM74uPKkmfNr6peyXMk5f96STv7k5Nfq5+xboz6R4N1HxDeMP+JhOzqWBG1Y12HOfXGR2xg1+Xnhfw5Jrur29jNmNJXjU9iA7Afpya/Zq+sLP4X/BKS1s1EZht1RVJ7yKFIBPJwMmjMKsak1TXVmtPS8mfM3xE+Kej3XiS91rV2jCBzHGmclgjEBTjrzzXAHxlo3iE+XEIUKDIAPIA7c5xXyfrcmoavrU1lE7TEOzRLt5OSeR17c1kPJqWhmTcWhlOAyk4J7kc1WIy+EpWvqjynTuz66EvhPWY5dIESSyuGVgAcj3BPHWvLr74XS2t0FtrfzklbOQuWH1NeLaZ401C0vllJKoxx8nBUE19qeC/G2m67ptuIdzzIoWQspDEepNcOIoVKD5ovQidNw1R8kXmn6hpOszxRwsslu2/bg547g1D/wmWuIXumlmlKHa2Scj0xivvOfRtHvkkHlqGcfMWA+7jrmuGn8E+CDol5ABH9olPJQgEbTwR3zXJTzqMmouOpKqN7n/1vz+B9TTs9m5z04qHI/ipwJH9Oa/bEflDJc9v/10uRwT60wdeeWajdjIGOK0EWACBtBJzzTlccBc475qssmGBB2n2px3HGTkGgCznnmn7TtJ/KqwbaQMc1MHI+8eMU7gPIGOGzTztx0xUfHC1ICo5HOKLgAJ3Eg9BjmgCMkmgvG3zdT6U0uWUg9jWgEzqNue/ajBUL7daQE7QBzmnFwORyehqgGnrnPWjjOKOM5zRkgEVBgxDuB29qVck5ByKMAEdiaVepXOaAYoNOIBFNJxmmgtQIepxz6VICcYzUTN7Y96FAPfFAE4OSOc09X7VAOBweRTmY54ouFiUMSKeG4B6+1Vxz07U4kA9OBRcLE+SOtLk9MYqLOOD9aTzMH5Tj+tBmywDgndTlGASDndVcMd1LuJOAaAJxxz1p455xjvUO4g89qcHBroIZLlv4qBz07Um4HpR15oEP8AUn8KM9Dj8KTAGDnJJpQfzFc5oJndntT85wOmKTk4PQmk+X64oAkKnHUc05R02jp1qIclcH6U8McnJA5oAmXNOGfTqaiD4+bPFPLAnBbGelNiRJheR0IpNvpQsmeMg9qdnjI5rcgaMDv0ppIGRzzRmjg9TnFADlPTNSY+UA1GnDcdKdzigB3IPGBUh744qHdyDTyepzQA4M3Qc+9PVucVXyAAxp2ccg0AWQwxgHNLnk4FV87cds0/caXMUoMl8w9QOlSB2znqDVQHBzThIwbnp6Ucw+RlsPngdfWpN2TgmqQYgcDipBJ3YUcwODLny9qYxP1qv5jHqMVKrcdcU7nNJDjgkEdKa2CSRkUbjgE8Um4nOaBDPkyeD9c0u5eNo/WjjGTyO1MYj7oHNLQ25SdZZAeuB6U/zMn5s57VUG7GcHHrUm58YPNFw5UWg+OcYzQHH0qr8yjLc57VKDjjGSaggsFjjrQJCDjvUBPOKQcfWncViwJTznjFSLMCAfWqR39vzo3MTtNHMFjSEpxShs5rOVu5NTCQdAetWTcuA8U4ZwAOlVRJzgipAwzjPNBSZOPajPXFRKRT8g4oGSYxR+NNz75o3UAO9wcfWn59OPeo89yacPQkfhQA/pThxwabjPFNz3rM1JcelLng4GaZk9uaUN1x6UCshpGTwKcCQCT2pBycnrTtuB65oCyHByDgVLvAIz1qpjPSnZIA70BZFrcOhNO3A/xZqpup3SswLPO4U7gEiodxwc04MMD1oAlHGD1pw9SMVESByflzxTtwznsOKhsBxfPtionJByxyDTSxOcHPtUDkBCxz6VLYFhmwOc8jPsKy7++ktImKAHHr0qd7hI0y5Knpz0qrdraTQyLcsDE6kE/WuTEy9x8rOmkveR4d4y1qK+EkLxfvXOSRwOa8Puba4ikLRJuU/jXuXibwnsge/s7nz0U5IPXFeeQMq55Df4V+V5nSmqnNI+3wDjyaHP232Z0EcqYbuKs/Y43V/s4EeegzVi+tB54ZhsU8kisS41KCxBjgwxHAPU5rjp0+bXoeki20Wn6epa6IlmbgLjgH+tfTvwk+Bnxg+JOh3Pi3Q9BlbQNOikmkuZP3UZWNS3ykg5+6Rnge+MkaXwJ+DngLS0/4Wp+0RfpYaRbYkttMZgJ7lhyAyZBAP904P9Pqf4p/8FAV8V6Cfh58IdFj8P8Ah94fJYhAuB/srtX9RjIyQaqpXSdraHXhE3NRifEJZGZljPyxkqfqDg1TmO/hegqaMDYWHckn6nk/rVc8k14WId2fouDjaKTJLdVLDGAa24bV3/d4BPfb3rKt1CkHqx6CvZPAvhK41e9haZGEAIJAHJrzsRVsj6HA09bs0fAvg2TVriMToREWwTivtPw54atdLgijjQKqLwPT/wCvWDoug2uleWIowpQZx/X616PZ5ljXZ/8Aqr53FVrn0dGHOb0FvGI1K1fhPzbV6Cs6Eny9oPIqW2LpNkng15VSR7FHDWN+GQ7tjVdiPOOtZyOucjrUqyLE+01zzO6nAu5AY80koVx15qsWzl0PFRo25sk1kdtOHURYDuyKjuQ8YG3rWqgBHHakeINtZulPQ6YTtuU9Pfe2H5NdAQgXd3rJKrDloxWXLqMpcrnAqk0ilRlUehsySkOQOlVJMHJHWsd7hi3zGrsblwNvNTc6fY8qGXTyrEyoeSKx9NtpvO86UnFbsm1jgmpvJ/c/LT2N1U5Y2Rf82MwH1rnmu3jcgHvWpb2pkT72RVeXTApLnmpqXtoZUuSL1MWS8Zp+uRS/abiEl85FF1prhg6dKkhtnliKnqKiDktz0Izp2v0Ks2oo6Zb71LFcb2VkGfWpRoRklV3HHc10EGgIF3xHFbE1sTRijOaDdh/0pklyYOB2rTltnh+U/NjvWLcHrxj3pnJCfMQT6jcT4DH7tZdw8rNnNLOyoc96id1wD1zUGnNFLQ17ONBCN3JNQTLaknceazhfKq7d23FYc2oAbgvzHNOx51SEm7mvK0aA1mSyq3X7tUnui6fN1NVvNU/erWyM3ctEKze1S7SpXYOtUZJ44toU8mtGEliCOtOxz1JGRqSyGReccUWgJljDHK962pLUSSEy85FZdwgs5gF4BrvoQ1OetP3S34lkt/s6mFNoPH1rzK81ARMiZzuPTNdTrl+Gsm3/ACgdOa8qvblbdTclt7DgD1r04HjQevvGzfLPBLG833XOfwqhqmpwxrtR+MZrlNR168uDG0x+ROlYuo6kl3sEPpz9a6VTLlULE2tqkjzE8rwK0LK7ivGXzOjd/rXn0wxMcA4rRsb91dU6Y/pV8ljlnUPYVkht0CwkKDUsN4u/KHJrgYrt9rTs/wAoHeorHVvPm+VuCe1TyFUKtup67b3G7Oa6ixu4412P0A4rzm3u9yDYeB1roreUGIDPNcslqfU4GpsdQt2huNxb5a24dUVjtjHyiuAyd+ScV0FkNqE5rE+ghJNHZ/ahIoC1owMcY71y1tKVHJ5robW5BUetBpzJI04pCDg1qwXCtgE8isvCsuc1TMrxvlaLlNcyOt3op39TimjUmjb5eorJtrtCu1+DioJ7iNWwOTUzqWMXTOj+2SyjLHkVZjkyo3c5rio7w+YrbuK24b5HXFEJjnRaOtRISFxikuZja/dPUVxTalPG2VPFRvq8lwcHt61t7QhYV3OgaSSZtxPOarzXLQnGc4rJi1CQyAYwKZd3AZs55ocro2VLUS/vA4BI5rD8wYLdzVi5dHTrWWc8c9Kjpc7adNWBss5buKcJyhA7d6ryy+UhY9az0udwOe9Ic9jbkuVb5V6VXe8WE5PeslrgoPl6ms+S43r8/UVTZ5ddmjfXaqvmetYkOoornsaw9Wv5VTCHisC21D5XkkPK1SPKrz0O8n1FD3rFe/ZpCV5xXNNqSMnmluDSNdDIMLdea0jC540pnStfu2Q7Y4qSC9aMedk7Qa5CbVkVyG6+1XLfVrZoWsxwzc5NHIiFI7mLVbebdvYHjvVV9S8tQVOBXm7XjwXRBOQD2p11rJChAcd6fszWMrHpEOtNNuQdu9ULi/8ALYfNz1rgbbXWhDFTx3FVpNXa4XcrcsaxcTouet6BqJubxoGfJI4rr/sEiyfN8ynvXlvgYTtemVRvNe2CCVlXe2GPanY46j945q8tLdkLZwy9K8y8R6TcbTLFHvX+I+le0XOjSAiVzu77ax7+FhA0ezJes6sbo0oVXGR83C4e3lKyjHHaugstQMbCQNgHsau+INGVnLqMEdhXGB3icIw5964pRue9RrcyPa9C1pX/ANZ246138GrRhAEPWvnOykktmV0kOCc4rrrTU2ZeGINcU6ZpyJn0BY6hGT94ZPat5L0hCB2rwfTL+VZPvk16Xpd/KwyxzkZrlkmYzpHZWjXE0gJOcVvxMVIJ4IrkLXUGibK1rpNLckBOC1CjYn5G6bx3+UHrTolYgiTqa5xTcW8uW5Aq+l87v6U7WLlT00OiFzBDFsxkmsHUZj5JMfBNWJInZN9Rx24nG1jmlrsTSUY6mXpskUSlp+tW5r6KSUBRRd2scLeUOTVqz0N7nEoPyjmsZ0XsdNSpTS55EcEjO4x+Va3lMT8xIzUiW6QOGwPlps94ZJAwGMelWqfKjjnU5pe6i2oKRc9e1QpKWzxg1XnlkeMdgKWykXPz8gmr5mzD2douTIp9u7j8aqySyqNgJ21q38cAYNCc561jPvAyBmsqkXc6sPK6uMHHPSn7xjNZrmUnkVaj5j5q4w0udkoKwKdzlmqN4/4s5FCsAx9DUpGVI605RIejGxygjI6irbyAoc96yT+6Y7ad54YcmlGJE6d2LK0fXPIqKNo3OBWPcahEHKdxV+zkRl3rWrRpOnZXLcmEGV61iTzMXbmtafcwyvXFYMiN5688E81kzjgk3cvWhJQiTnNMlO35gPu1oGFEQEdqzp93lNx1qr2PNrpSkSG5jkTB9KyAm6Qk9M0CTgL+FSwp/E1Sp62PKq0o6lLU438gqozkEdOgrwfxj4QXVbCdJFHzc5x2FfQtzOiRMteeaj+9VogOuePavWw1RwseFXo9T85tZ0WXSr+W3uEClfSuRuW5ZiMAV9q/EPwUt9Z/bYI1WVDg56MD2P8ASvlLV9K8mZo9vQV9bhcUpq6Pn8VC9zjGKvGHB6iqAVd4PXA61pTQkDZH0ArCzNE20nivQPnaq1NZlztCjmtw5Fuof5SBWNESHjY98V08pjER3pkgV1UzyMVucbqF3CJ8LKMLjg4ArsJr9tP0+3u7NxmdBuYdBivm/wAY3U0Wq7Y35+8PzrqtD8Zw/wBiNpuqrvDZAOCc5HtV1sPzWRlHG8kexQ8c68+rX0QEolKjBJ4ANcWYopThvnYdu2a6G/0Sx1SP7To7FJEHzRsc7vp71xDSTwXJh2srp1VutazwjgkeNUre0k3uemeGtKs5J1utQk8m3i52nox4xXvNh418NDTWuVl2RRHygRwCcelfNd14imns1tzFtKAYAPpWBqQYeH4rguVeSVgAOOBnmuSphFN6mDpa6nq+v+P79rp5rOULBnaoUcYz1pLxrqTR21p3Z2K8k/pXhFjBd3u0mQsFOev5V7E/iC9k0NdJMCC2VAHOMliK56mDSehlKkr6HJDxClkJhcrvZ1xg/wBKZby/bnVLLc+8jAHX6Vz9xp0siPeXLnk8KRggVraLqD6QVuLcDcOgPaun2SSshyhY9Ni8AmSzSa9I8wnKxgdPrWJc6CY7toHhAeMcnHam23j29lufMuyBt5AXuK9X0XXPC+swvJMypcKo4PU151epOGxi52PH7axuLW4N9sKmIHAHPHr0pNXsZ7u0OpLltnLnGfwr6vsNA8Ja1pn2tJFjZR8x3cAVXudLtRaDTrJUaAkcj+tePLNpKRLqngHw+sJ7BrnVHRllkUCMDuO+RXtd9/al14bNxqqqgZj5RcENitnSdCigvEedVQDHI7815d8VvHOs398+luoitbZisYQYzjvW1Os61RSZrA4q40C58QagIEZUDYAJP512V58MG06xUpcrLLjGyuJ8A3c95rogudqjcpDMcADuRX2CvgSTUtEaa1uA9y/3QehHY5p4/FOnNJPQ0lUXNY+TdM8JeIxM25GhTGT3GM89K+svBlpaWmgqscRBAxkjkmtDQvBk+lQqdVmEznGQOVHtXR3t2tmgjhgHlr944wAK4Z4/nexo5a6Hj9v4Un8R6vObyY2sEbE56Fq6vXdJ02xa3s7R23MAApbJIA5NWtXa8ETmwwny5DZx9c9q5ywhigMl/qt4A8akksc4+lFOXMTJXOa8X+INJ8PRR6bYnddcF2Xqp9M1yGheMrm81iGG5jaZX657Yqjf6Wut6vIbP54cljKehDe9cfLPBpd0/wBkmYy5I4GcDpiu9Ya5k0fUx8bvdcRKAy8YXtipdKvb7V7qW8u0MUFsCSSPvNXlvg8WrwRySXKtcPgMnuelfQFlp1+umRQMgCEEs2K8ivh1Gdx4an75yGreNDbWLSauubYYACqMknnGK8sf4i2Wr3apbQfZ7eEhSGwD654rufG+kx61dWmi6fIELktKwxgHp/kVxGp/DjTvC1k1vc3Jnu7wr5bBcAbv9nqPrXXFx5Toxfve4c38RfEGg3kNvFoJ33MJyzrxj25rkNJ8SWyW00epD55eAf8ADNdxpvw0l+1f8TPDQZGSOrA1veJvg/Z6jZtPpWAYlyi85X1rSOLpxskcC7HE6FqV1pVwDbSb4ZOvcivZdMl0/VU4jyJBhsj8+a8T8JeGbyK9c35bybcEKGz8xFdyNPvdIspriJ2XcxYLz8tLESg2mmZVRvi7wJPpO7VdEuBGrZURDqD7VxC6F4iSy/tK68xo8jnv+ApsvxC1NJPs1wu9I2OA4P51eh+ImrxPFFdRrPFIcgYOVH0oipWJPS7t57j4Pz2u0+dyQGGNoDhh/KvkyWNUV4mfbv6Af59q+39N1Sw13wte+RBiZUI2t0LEV8TeINPvxrcyW8OUZsRKoz3I6V6eG+E2JY/CGq3ulm7hYqACVVjg8V718O/h5rMmgRanqU3kAsSkZHJQd8+9c3oHhbxw+ki+kGIYxt2nqcdeOtfQPhzVhb6FbtqchBj4KHgACvLx2MlqkwPnXxNqMdrqt4kS7BGPlDDnI/xrmvD/AIlvdW1AaHa23mNMQPlycHPPvivUNSm0jXPEs9xdWocMxVCflwM1oaD4a07wL4iTxJaEypyFXjqT0zXV7ZOnyyQM+j/B9zbaJbW8V3GYoLcDYpPTHatX4reO7u90eO30y3ymCWUjd5hI4HsK4O31O68QR/aJIhEpbcVHUr3rJ8b/ABS0/TrB7cadmeFSsQHG8jpg9q8jB0pRqKS1A+QdZ8UXOlOyNaGXzDludua851/xUL+NIY7XylB7HJFdP4p1rUPEIN5JZLGCe3auBN1blFt5Il3Zx7mvsaP8zGZ134g1S9hS0YloouAvbFZpkBTYFB2966620kynJjwuMCsb+x3uL1LRBtYnH513KoNSRb07XL6wVGs2wQCOvFdhbeNZ47Ty5cSSZBI781o23w1hG2F79HJTkKR8pNLonwzvV1BXuh9ohVztZe4FefiK9LW5k6iO98E+J2vrqBb/ACtvGflRuBnFfYfw+s9Lvo59QMySyqpCx9SPpXzfpXg3R5dzzK8c8Qxxwp9q9j+GOizaXqTalCjvaxDBduR/u18rjpRfvRM785a+KGjyzWSRalK0ZmOUXb0GCM/pXxxZ+D7bVNbkk1GUBYXx2+YAnGK/QzxpZWvi9Yp7tvIFumBg4yBk85+tfDep6Jd6n4xtbLQd0s0k4iRY13E4YjgDrXZgsS1Rsi4StI+q/g78GtAv9aTxRJCrwWABAYDDtyMdMcY59j713PxU1yy1hvsd5gafbbo8DqzHhs+mBwMV6BBbWnwo+G9rFfM1rPKVWYs4Lec6lnyw4AAU/gK8wsNT8JeOo5SsySxWpBJzjcfX/DNcNacoR9oVWxL2Plfwzo3h7w740l1ON/NWb5FEhyUBPT39q5b4/eANMh8jxBodxvkm/wBbDlSo46pjHpyOev5+9+Mvhto2pKbmyma0uHk+/kYIHcj8q5ZvhZYfYbpb68+07lYmRiNynGc9fx5Nb4HHNtTvqYw3vc+AbWHbLGXzsVgW59DXpWl/EbUtBuFl06PEeNoGMc9Dmr9p4Bs7PUmGoXAfYzZRGymB0681T13w/Zi8WK0ULGrAhO2PrX1LrwqKzR1SmnufTvwy8aPr2mTtrM0aPI3yksFOMYI+gqDxB4Kubm4a70a6BH90n5Tk9QRmvJfDfw81mZY7u2mMcDndtGDkegr6S8HWzhYNPZHI+70yMD6cV8hj6cKVRuJyVLdD/9f88hIcnjOOKlDLkLVRcg5zipFPRcZJ5zX7VDY/MZ7k+T16jpS7sLg8VGWYnA5pOMZFUSSFwOFP1pA5LZx14prNuIYY4FNwxxgYxQBYDnow4qdXxwpOKo9PXOakOVO0EgGpuc5cDKOGGfenh/7rYqoM4weMdaN6kdDxVKQF4O397j+dBduh59KqRuckA8U7zM55zirjIdmWxJu+fG3tUu4hsjpVMMpGOT6UAsM7cjNacwWLQk5J6Zp6MQeevrVUyEYIxk0gcbuuKOcLFvd1B4J70u4YHv0qoXJB5pQzBcfw0nIycS2SrZUmgFcEg1VLnqKkDEcHHSlzi5SXOckY/Gm+YRxjp601CG4YUh3MTu/CkVYsbgcE03oeKjBzkVISc49u9aEWHFmDDHpTgSFyOT3pgBKgjmlGQCQfvdhQIlZmC+tOJBPHAIqsDt+bv6U/ce/APagCQcsOeKfkHOBwDUAIXggUpPbuKBFgsBz3PagN0z1Haq6uf4jx0oJ2j5jx+tBPKXge3405WJ53Yx2qmHO4ncOlODDGaA5S/wCYoHDYoZkztHXFUy+Rt704OCfu80CsWA3Y9B0pBJ1OOai3dRQDyCeOwoEShzkHOM04Nj5ck1BuJyDzS7jg54qGaFoORSmTNVASPxp+4+tICcPnqae0mCCvPaqpbPQ49fen544oIlEm4ydwyfajew+UdKhLKME9TRlQcjmgSh3LG7PX8alD5HJxmqYbI64pNx3fN1rVTBxRcB7E/Snb8Y75qn5mcAZoDY471amLlRbaQkgZzgUvmgZOOaqqQQAeSTSbsZIPAo9oTYub+9ODd81T3npmnh8DrUcxtqW8/wAOffijfnt19arBjnPTNG9sc84qxlrI4HTNKMkDHNV1cg8A1KrAHFAEoc5x6Gpg/B9Kqhs8DtTgSMZpxInsWg+cDpThyPQnpVQH5ueRUwY8Z5zVmRZ9B6VUuo7h4H+ykLJ/tdKsqwPfBFLUTV1YCpax3MUYW4YM3cj1q4Ix3qRdvpx61J8pqIxSVkNsiUdgcH1oX168dakZexH401lA5HHNUIZyaftJp2wZpQOlAEe0Zz0ppUf/AFqsBSCec0pTPrVRJc0VenA7U7kDk1Z8s89qPLz0NOQKaKy9R3qQOBnsad5eDknJFBiYZJHNMcthwYDt1qUMMcdKrhT3pwDDgnjrQYE4YdKcDjpUOSelJknv0oGmWMn1pwc9+ap7mNSbwKTZdmXR7U3dVQS+tPEgOfapbHYsbvSnhz61UD/hT9w9aQi4HweDyaUtgZqnvzSmQYpcyNLljgnp1oDDgVX3UqtzRzATZ9RS5x0NQ5OeTRvx0qC4yJCacHI7ZqEMT3pT9aDUk8xuc8U8StxwCKrEnjPNN75qGBe8wHpxTJJOmagySOTTHPoM1nMljrm4sUjdrohwB0NeZ6j4z0sl7ZNyeXkAjG3NdfqNioRpMZXHI9a8N1W30lvOkgVo3UnjPGa+YzmpOKvE9vAU4t+8XtW8Wpc2n2G1OA/UnHNefE/ZWYs42k9ewNZL3R+07WOUHesHUtULyGFR+7U/rXwdScpv3tT6nC4ZR2Rp3utNcyi2hHyj5frmus8NrpHg7PiPVwLzVEINnakZRX7SP64/Q9OeRwtqlvbWy3Dcysc9egpGlmvpjNMcn+g6VUvhPTSN3W/Ees+Kbk32t3D3Eh45+VUXsqqOAPYVDp9+IbyCK0AJDDP0rAurgRDyk79cVZ8OxSzahGY+mQea8uSsdeGl7x9BxNuhRsYJApyhmk2ikAAVAOAoFTRx/vPMz14rgqbn2+FV7G1olg15fxx8khhgD3r7n8B6fa2FhFDsKttAOfWvlz4eaEXdNRc8q/H4ivqTQGyED5bHH4dK+azKr9k+vwFI9Yhi+ZWHOa2LdhbSAZ61hW8wZRzgitaJHYFutfOV5X0Pq8JTOqhkVlyOtOjIWY4rKsXAGGOMVc85d1cp6lOlc3BJ8oz3rNE7m4xuxipHYmIMp61hEtNeKBxig7qFM7SI4XDU8DGGBqgj4ChqtGTeoKniiSLaLkMnzFasSSBBmoLcLgHvT5fmOBWdiovUlikMh29qoXdqA+5RVhZRBkjtVeS/VyBTsb0k73RTaENg9KtwERqVqEyDlgc1UefjAOCaZ2JORdfbuzmp/NBC7uayFdgMNyauQklST3qXImpA2LedASAKW5ZnQnHFU8lIsjmqV5qDpHgc0JnPCleROHLoVZsVWjlCFiOorEGoyxEu65BqOO/Zpsnoas9FUTsbbUFKFZMZFSnV4IgUFc5HJFICQeaha2ZgXRuadznqYaHU3JNUjHzZwKw72+WU/J92qzWspXLNWRLC4fCk470wp0orYZfyA7WU4rOW7aMENyabeJIx2iqk8Iji3F/mNCRpJkN/cFwWQ445rDhuYxkMQealu5QIGjJ+Y1grIdyoq81Sic05G+07OpMfApA5I296WPZ5ar/Ea2rSK3GCy5JrpscM5JFG2tHZlLA/NXUJGVwi9qvW9vHIQqrj0q2mnSl2ydq1vCKPOq1G2U0tWZQ3Uiuf1fTJ3MkgbIUZr0iKyiitwVOT0Ncpqs0cRdGYFWzk11U2YQk3c+e9fvLgxGN+F5UfWvKNT1OTzRBuPy9TXqvieSJpJLcN1ORXhmrb7W8KnlWrrgjjqzauTapqiiIeWMADBrLsdRSNFdufSuZ1e5fICnArPhvhGuGOW9K9CELo4uc9KN1FJ8rt8zVhTatFptyYpPm3d/WuJvdUZSDE5HvXJX2qT3E6u0mdp4zWkKOpzVWe+2upRSmMsQIZOT61uzXNssqSWrKka88etfP0mqSC18+ObaV4ArovDmvpfw+QTh8nJPStHSsc1Gtadme6Wut7kKKQqjv6muv8PXxvYpZs5CcV4It1JbMqFsZr0CDVorGJI7SQgMAWx61x1KVz63C1ketw3K+ZtPA710NpI65aM/JXjVjrPnMMvk12tpq5ChAxxXJUpdj36FbQ9OspgzYzg1tRytHwvNebW+rorqAcmustdSjmPytyOtYNHdGXY7OC6V19CalkcScDtXLJfpnaOo71aS+SNgXb5j2rA2jJo3fmIGKXa4ye9VkuEmQYODV1SuQoOc9aBSrMqqqhs5q4smFJFROkcMuc9arvPHkhOlU0bOdwe8DZQdqYk4HBFU3Pz5Axmklz94dqm50QskbkVwvB70+fBOQeK5N78xgflT1vpgMk5BoVQbgtzYnkWOMisxHZmwOKgkvBIPm4Iqsl1hyvetlqK9ia8cE4Dcis2SXauF4qG6uQshJaqD3ihBn5hVRgc1SroX3kZEDZwcc1gS3h3kcYPSqmo6zgbYhu9a5U6uHLbsVtGlc8TFYg0b+V9zHpj+tc5dROsRlDcfpSTaxFNLsc4A4qWw1nTFE1tdH9wc+53etW6bR89isRLZEGneTcI0c0mxgPl+tMuZBbFVPJHWuUk1O1s55JVlymTgH9K5HUfHdrHK028njB9OK2p0pdDz44lR3Z6K0i3VxuQ5IFUri+dH3q2MHGRXgtr8SLxJ5ZFARX4AHaups/FQm04mcAyMxpzw0jSnjUeoJeglX35PpUNzepuLOST6V5/ba2HA+bHvVyS9dhlW3Go9kdqr3O0idHUlT9asQhlYMoz61zWmSuYi5PNdTpMb3bj0zzXM46myme7eB7cJALmJeQP1r1DSkmuLgLL8o7V574AS52PCB8n9K9z0zSRJ5cjHATrWcmYuepXk02ZQpDbgn8qyNRtBIxkRckD0r0J1ji3BRkEYrIuVOzYEzn2rm52matJq6PnXxDpV0ZWMSFh1ryfU9MuJAJmX/Ukk19V31nKjOrLuVs/hmvMNa8NsYpDEPvgnFY8zua0MRys8AeeQgtGTlea2LPUvLjRSfmbqawDFNaSvFMm05I5qzBJDGCH/lRc9mFZ2PQrLVyixqeRnrXoema44ZcDcK8ft7hUGCARwRXY6ZdxqoCkMCM1zVqd9Tqp1Ez1GHWJJJfmBArrdN1d1YEDGK83067t2QN0+tdCt/GWBi4rlaNdHuj0tNRSQkyNwasw3UHRa86W5eQqB0NalvM4YjNYudiXTid9DdvI+wnCip28xSdny1y1tPjBD4rXN0zgKrdKq5k6eugshk37s5NaNrf3CxFFNZTXKCVYyeTV5ZYlOKfMOpG61RpKzMuWOakt5o45MSDIqCMqY9wNUribB+Tk1m6hhyXujXnmSX7gwBVdQapW8ykZkyDUktyB9wHNZtlRp20Qkr7GPOcVagCyqTVGAedy3WkkvorRgjHmqhJLcuSv7q3NCSPCE4ziqgUMMmiDUlnVlReDTF3A+1a+0XQztJbkBYKSBUkcit9aiuI14YcVFCP3gUdKzNlG6uWbpP3W4VnCLf361rXDrGm3tWU8qqhZTWisTTuc7d6X5dx5oPWtWzBSPAPIqGR9zFnORVi3lSNcetDkdFaT5RZWZVJrOYsXUMec1sB1OQelZs5QyDaelRc4ovSzL4Z9q5qtgPkU0zHZjNVmdlywNVznm4iJUucQzDBpzybQGY8VBMrSNvZs4qhqKyywbYeopnnVIhqPADjnI4rmZIizlm7c10UJf7Gq3HLqMGsSfDIAp68Guimzy6kL3OM1mdbyP7JGNyn8q+d/GvhK7aZp0Vc9sda+n5NKXeNh+WuN1/T4rmJhGAHU4Jr08NieU8HF0j4K1G2kikdD0Hp/ntXMyxBn4bAXufWvorxt4RWKUXNon3uXH90+o+teGXVmLeWTcuPTHTNfVUK10fN4uBXtE3zqj9sVuXkQa3k3ZwATWTpaFrpSw6tiu6eJGspFbGcEV6lKqfMY5anzWnhi71/T77VkXMdjKicnBHmbsfotcnqlmbRAhJAHev3q/Yr/Z++GPjr4S3F34lhWe8e4lzGJPu4JAdkPHbj6ZPJr88v20vhZ4f8DePZNP8ADUqPBIXZ9owu7cxOMcDpjj09c17dDVXPnnP3mj4Ntb6WBxLGxXb0rpDBba20V2MCWP77Y5NcxdWixSbUPyfqK0tLna1lwD+7brXVZSXKznm+ptS6J50jvDJlFUcHoK5XWX8uKOyA+6cn6Vq3Er+ayQykRyHpT7HR7TVbqVtQuDFFbqCBnlj6V41eHJKxsmYlnqNrBbC3iX5j6f5zWnJHqdtpxulLRwseo4Uk+9RRWOn22qRzxqDFvyEJ4+X1r029udc8U2flLbR+VDyoQdceuSa5Kk7amLPKohd3Ns0rqx2gsM1lxiRTukJ29cGtqaXUIHe2dWQhiCP6U2S1nNqxbG484PaqEYk1xtyIxk+me1dtoMkcdmLiThuu0muX0a3sGui2qZEY7D1rc1K605mCadlIx2NROCasy5QueqadrofTC8Uw83PyR981k2HjvxDE8sKEqS5XB/HNWvA1lp5L6jqEYVVUhCx/i7msTWNU0RddWWJQEU4OO/XmvOp4WLm42uZKmd/YfF2XSUNprMJujjhs7W+lcV408Zab4rlE9rA0JjXgHqfbg10KWPg/UjFdlC87/KEyMfXFWbyLwJ4ckQT2olkk+9tAYqPxIro+qxiaexPCLbULhrpRGzKAR64Ir7L8A/FW7lgt7O7Ih2hVC4wGGAAcc814xbWWg+I7kWPhzT3Z3BbIUABR1J54Hue/HXFWLKwl0vUVWWPa0BxgnPI+ledj4QqR5X0JPr298SN5eLcmVmPpVyHVLj7F+9jAdh361yfgXWbPVsi98tWQcsOgPpT/ABJr1vpzObNVnkY468L7mvm3Raly2A6OzEtyCjLkseQegz3qhrPg2FLIyErJHjJUHrj1Nc3o19JdKLu8kKyD+HnAP0rtNRvlNqHklARhjFdNK6e4Hkc9svltbaRbGOGNSWODzjrz615aNKv9ZF2ml2Zd4c5z3z3z617T/wAJfBZXEsAg8xDxnoT74qve6jGkQ/s23SKeUZxjAHvxXesVJIDzv4d+C5hqSapqLujwtlYs8lh0/AV9TN4onh02a4vbTzNqHhenFed6NoV4GiuFlU3LDkscAZ65r0W2uYmJs1cMAfmOM7vXGa8vE4luV2TGpynzdc6j4hu9Va7toSqsfl4JIBPb6V09/eXSwobwFplxsB9R7dq9xddFjLT3UaxxpxkgLzWPNouj6nNJqLKAnqeh9MGs/r2uqCdbmPKPC3irWdQL2V5a7I4c4crj+de1Nf2o0nZuAaQEEY7V51rNv/ZtsXsyWjwS5P6Vx8XiQNLGoYyJ7nHWlWoqtqkcUty7fxSx6m8quqW3QDGDn1q9dyO+l/6FieTaT0zTdXmt722WGE4lYdR2Fc/pN/PaXH2JmYxj5ckcCumMNFbdAeYWccmseI0tNTiAWJjkkY2gdBXoMvw5N4xu4GPyrgYB6emTW/qmm+GJd11bTRpdA4LhgOfeu28OXjvbLbeYJwvJ29M960liZC52QfDPw3JZQah54Z4uNo5+/wBORXnXxG0NbO7+1pbFAuWV1Ug5PbivpewvE0PSpb9VzDnLNjofSuc1DWtP8UouIiqREFiR94+tcqxc77C52eGeCde8RpCn9qJiy3BAxGMA969K8V2PhnWNPWw0XVUNywPmd8cdak8QwINPZoSu0HOxcc15TpGl3M88s1qVj7fNwT7VaUW+axrGWhzV3pTaFCNsjTyRttUkdfevbfgxpNl48uf7M1INttMszHuRgYBrzfxBp2sWVjNe7VlbbwpPOc13v7NmoXFp4gmhaMKSvmOAeM11qTki6LPXvinY6F8NbQPauVedN6g5IABxjJNfBmu+Ok13VL64ljTyV+SJUJwCOpzz1r7V+OFq3iG6mnvWYRRQiMJnI2k5OM+9fJlz4N8Iw6fKbSbbKoJLH+H2PHTNdtDlVh1JrmPNrfWtOntX+3MoZiVUdvauAvtKaS8eS1IIPOV6CpdVhtrF5Iy/mAElMdDVPTru785YIsBJMAg19BTp9QLX2zULVFjDPleAQaLqRI7JJWkYzSNnPcetWtSuobOHBwW9jmsSW7gXTvNkILOcDnoDWqQrHO2uqaraXUrwTFWnzux3Gc17R4A+JOp6VL9nvf8AS2LbcNyPwrxhWgLZcHHtXr3ws0C4vfEtvq8LqILQiUbuCXGcAZ9+TWGZqCottFVNT9B9D8OabqSQ2NwCtxNh5OD8qnB/Ovpzwh4c8N2FhDp1mFaGIElpACTnkk+mK8f+G+jXlvEsmrSB7u7XaE6Y/LvXXfE3VNL8D+EpoJb0W1/ewuyKeCfUA18Hh4yqT0ZrTaSPkn9orxtcQ6/LYeGpmh0mJvJmC/KWYbtx47Gtf9nPW9F/tmzvbgA3kCSM/wAo3Ft3yjd9K+fvGPhDxLe2xvhMZrOYiQ5Pc5xk12Pw2fUvCdi9xBb+bPLlt4yVVV7EivoJ4ZStCOgO1z2H9rHx/YarZ22lWd2PNQuVt8DGGUjJPrXxP8O9T1HT9ah0tblotPnnWSZQ2AW4GaZ4xuvFvjfxJcXHkszyPkMVIAXoAvavSPh94H0ixWebXpikyhc72wPwB611Ym0aXsnqzCtLQ+ivFczeINPtLLSJ/JKod0mQATgYJxXzfdeFPiVCbi3tXluLKVsO6P8AL1Oc5OT+Fe1XlravoJtdHc5YgLt9OmCa53RvinNoMo8Pajp5mEOQzdGPbqeK+eoynGLcTGmz558ZeCfEXhywi8RSysxDA4Pqe34V5GNd1K7uN744II7V+l9/beH/ABzogjuE/cSRlkUqAwJHBNfDfxJ+F134WuF1LT2EySAlkH3lUdDj3r28rx8Z3hPc2hNPQn0Txrr0Ais479oo2b5jkYJ9MGvoLTfiXp+nSw28OpRxO6jfuZU+Y9ec18LJLNGx3Ehh2OQa0L+CSGL5GEjyYYHO7g+td2IyuFazHOkmf//Q/OoYx6UuQT15pmRjGaUt0zX7Qpn5k07j1JUlgcGpQWx+vNQD5s5NSq2eGOTWhApyR04pwJJKs30qPBHI4FPHyjkdaAHkZPBoGBgg4NNHzHJ4A7VJ/DwQKbic4ZUDepOaUE9AeTSBs/xDApBjJB5B71DQEox0HJA5NKCSMY5FIvC4Ax/WkPJJDURNojgxBwDik3c7WJNGcjml2hTlGx9aooeOvrThweeKZnnPrT/p0NAD88Hv701X55qMY5UHHtS8549KDnJckHANPyx+90qAZA54p4I6A81oBMecDNSbznDDDDtVcDjApd2AQ3LetAEuRuO9uvSpCcHn86rqRk544oHA4oDlLfOOec+9NBX+EcH3qFm5zjFAKkZ5HvQFiyv3mGOlLvPLdfaq+SMlTkmnAsCG29etVzGbiTD7mWGc0uSPqajyoz+tSdTjvRzC5QU8kDmkBycD5qOQCKZ1IA4zT1Cw84JJ249qk3AYO3GKjJIIAOcUckbqNQsSKc8k9Kk35wB3qHG3Ge1GMc7sZpi5WWFLEFQcD9c04tkYB6fnmoFZgcg4pSwByDmk2Ryk6nHsxp2T3GaiRievX3p6nb93gn0qBi5BOecelP6jpn2pBu9cmlANAAoHOKVWY9uaQL7fjSgHn2oATrmn/T8abxx6U7PX1oATcAeBlfWlPIGe1NJPYcUcZOM59KdwsO3E4HT3pUJxwfrTccc5p3XsRmmpC5Bc5z2pdyjrzTKKogk98YHvS7ie2aZyO+T708EeuPpQA4HOB6etOB7nge1RqCOB+Zp+AfwoAk+baST1pQ+eD1pMrnPWgcYOaAJVNPzUfTrSg0ASA46cU9T3zUdFa8xmTgnPWpSxwOaq+9Jv65qfajsXQ56dvephMMDp0qgH9BxSeZ1wD+FMLGorjbjOc8jNODEdxg9qyxJkYYEnrmnLNlQKAsanJOfSjdnA9aoi4UY9qcJwMGi4WZo8cYHSgMrZBrP88d+9Ks/XHGKqLIcDTDIoo3D6Vmic5PzEVMku49zQwUUXh81BwecVXE2BjPSl34AJPtxUjZIwx75ppwBjHJqMyDufak8z1NBNhxIGBTKXIBxjJNJQIU47UgyaBxRz2oNBpPagEnmgj9aFHb1oAfk9qXJpoDetBOKAJAxJweMU4PTcZwc4oIOPU1gzMduPJpQ4YcdaQewpMGkBNn05o3etQ5GcCl3N+FO47kwNLk1HuNOB9aaY0yTdgcUbsGo8/lSZ7GpOpE4wRt75rF1a/bTommk+VFPatYMeQe1UL21S8haGUZyO9Y1r8rtuEHqcynjPSHlMd1MUwPfFcRqdt4V1H7RLDcFS2TgHq1N13wRqCSvPZHzI8ZweoryfxCbjQLU/aQYnlBCDnJNfn+Y4zEw92oj6fBYWnNpwZyWt3y2ty9tbsHIOC3pWXGCcSydWrPgV7mUySHPOTmtLeAQMZI6V4Ta3Pr4U4xSRZXLcPzmpXuBEhjAwwpxRYIGll+8elUbeGW+uAkY+994+grlqMofaQTXk2yMFw3U16HoenrYMNvLd8dqo2dnBAixwgA+vrXpXhbRIUVrvUW2r2z3rzcVieh1YZXZtxqxjRW5wuM+tT28TvOuR8h6/WoW2tkxHCjgHNa+jwi5vIoWbCsygt6VjU+G59pgVflPpjwPpIh022LfKrIG/E8g/jXs2hxKgYDgDPNeWaTcGC1jt4xgKBj2xxj8K9F0a7xGyA8kce2P8a+Lx2smz7/AU9Dt7eUq5DcKO9dxpknmQEjkEda81tbkSEqR06129rcCC2XZxmvIqH0tCBfllW3YFeakgmFwSappKsqEMMk1qWdsIkDAYzWUz16U0omnEJDGFzmoVtmjnMlTQEb8E1pPtK461lylQZEWITk8ULLxtRqpzSbQUFR2wKZz1NatXO2lE3Ybkx9TV5LpWTcOtc+yknJqZXKDrxWTiyZQ7DL24lDnB61nhpOGJ4ParMrK+cVFDEXbLfdFLlOynJRjqaNvIJBg8VfEMTDIFZwHlDgVcjzJEdp5oM3V/lGtEB92p7cMGCGolDg81ZBKsGFZCcy9gINrjg1l3cCBcrzmrEkrSlRnFJJIpXb1NXYxi2mZDQbk27cis2S3hQ4Bwa6QLtBGKw7xcSbtvApo66OIbdh9usEEZctljVeW7YAheM81UWRWfaO1TyzWs8ghJCmrUTZtdSFdSljTkbxWTLqMk5PlritK4t4Y0by23VlRLHH97vWqgYyqpbIrySS5BkHBrLnjaZ+Sdtal7KpAVTWBNqCwnZJ3quU5ZVijdWgZw2TgUSQqCphH1ps+oxA7cZFQQ3ayMQDgGrSOeVQ1bNVDfvB0rpYIYiwc8CsO0SMuAPmNdXa2b7QXGBWqkclSXMW459h+XqtalvObgbT1NVYNPUt1+9VllWwkUnkUNk+zTJ5fPSFkX1rhNchnhPmSKdjA/nXfNcxSR+YB8vesjV/KvbRkPOBmuqkzCyiz49+IF89rcpJGdrE44rz5mOqEySEbgvaup+KsbQ3xgB+VDuzXlFrrcdoSoPLV6VJHLiI3TZmX8jJM8cg+6eKxHIUsw5PWtnUGFw5mT+P8ASudui0eQOuK9Gkzx5Ix7+5KeynrXJXk7ZO08npXQ3+XTg9P1rmbhZMHcPu8iuykeXiKtihLe3KjaSSpHrWt4Z1OWG8QBjhj61gzoCu/OGqukrQEGPgg9a2lC55kqj3PqVT9vt1mi+YLU8E86ypEMkngCvPPButzQ2iWk/Ak4Ge+a9XlSOzjBQAORkHvmuWcUexg8Y0lqdhYpYwQeY8m2XuK3LO+Qn92c148l7JJLliSwrdsL8hy27GPeuOrSPqMNjmz2SG5UkBT83euisrwRggNivI7TUizAr1FdRZ6guM55rgq0uqPco4tHoP8AbHlfKvNW7W+MkquWzmuG80ffJ5NX7e8BACnBFc9j0oYi56xHfoMbTgitCC/cDeTXmcd++zBPNaFvqM8xWJOopDlO53DahLI3zU2OVt249DWBFcq0m3d81WvtC58vNJo0hOx0ImBXJHAp4dSu41kQTKsZEhyKEu1kQop6UuVGjqlS8cecMcqavW+JMZHFZygMxRj0qx9pFuAo7UKKWxcsR0G3YaJzI3ygVSW6jEZmbtVPWNWjlUBTjFcRc60EypbCnitkjCVY09X1Iu3yHANZsd3Jj52wDWJdahE/AbvWJfawluhAfORXRTiefXxViTVdSmhdlib1zWLYXEFxHKbiQqw6VlNexywsS25mzWFbrJHcN5jfKeldMEfN4zGlw3sgmALEkfyrI1zxLa2Nk7q+6U8KorA8Vaz9hLRwZJx1HavG7m+kkjaa4Yu2T+VdlGhzHz+Lx/RG5rXjO8XKJwZBz7Vyk2rz3RRw2AOoqlezrfFNq7Cgx9RUqQlQMjPFdyppdDyOeT1ZbiKSE7c5rpLeaYIFrGtYEz81b9pCMgc4rnqHfQZ01hISE9q7O3kU4z2FcTbRjbXYadFhAfbvXDUPZw8+h01kru4VeAetdpp1zBb2UsYba5PH1rgzeLbREpgNjFXtDWa+uY0JYbnDH6Vxta3PZwtLm3PtT4U2b32lx+QN0rryf619M6fonmKkFuC20DcT/npXnHwY8Nm00wRNjagG5h3PpX0LZG2tHlSAcsOT3x6VzzseXjqvJJ8hxN/pKrGAAA69a42RWico3OOld1qcsrNIw5zXLx6Y8s6yNznr9K4ZzVzvwyahdmFdWqsgkK5HU1gXGnx30TLs2gdeO1e1Sw2EEARkHFc/dLarGwVcKw61E5amHNfU+KfH/g/LPdWindFycV4sUG4xs20r+dffOraRbXltIkaZLAg18meN/CxsrhpbaPGeeKk7sJivss4q1vMukJO7tzXV2VzGmEV8MPWvNFIguBgkMDyTXVxgkhwNwxVNHrRqpM9JsbkyLyeldZazNhGjGfWvKdLvHDqG4HSvSdPvo0Xa/wDF0rlqROr2zOvtpi2MnkVZeS5Ew8s9ap2ggZVdW56106RwlVdeprinAX1hroLHDOIlbJLe1asXnoACeTTkdEj2qcmo/PyfcVPKzSFdy6E0imMiRuoqaG4Eh+c1WHmXHy1ajtQn3uCKORmvP3NjzQkHynHFV7XdLMGLYFVZSPKODyKrRTnITOKysTBXTN+4Gxxg5xSBw+3NR2h3nD8itOaOCNBtIAqlEw5rOwomghUY6tWVeQGc+YoyaZNIuQByDWtBs8oY545pSS6lP3PeRlW9tNCwccA9RWtGuTz0qCSZB8o6iokuG78URt0IfNLcbfKcYTtWXFMUOTwRWozeaeay50C9KbTOilorD7m582PrWcsy42g1XZXeUonSlhtZIySeanU3jZDLmZsYA6VTFw24AHGKt3rYQcdawJiyt8vQU1IuEebc6WK5XGG61UuHHLL1qhaK875bIxW0IEK/MKo5MRGMSnbSOc55FWHYlTnpTdiRn5OQaazqiHd3pHkVyBQd2OtE7JCMntUtuyFhjmqWo9Wz0rU8yo+hi3lyScKcBqwWZ923PAqxJOocqR0rLllc3aY+7XRT2OOvDQvSXEkYCr3rmzbh5WcnGea6CUOAX7VjugmG1Tg10QPErrU4XxHaRsuGUYUEfhXzbrvhkSi4nt8DbkivqHVsRBxN8xfP515hc6EixtNnO/JIr2sHV1PncVRPmuysLiK6ACgjPXPANdtNazWvh+8vLhBuR4guOOGcA/pWz/YNw2oogQEPIOF7rn+ldV8ZrK30bwPpLRy4jkuEEoAwThHP6HFfUUD4vNdzzb4ffGXWPAPiK/0nSrs24YZ8svsRt2PTGDjmuG+Mfjd/FTNdXbBiWZl+YsRnORuPUV5B8RIUtfEsl3/BdRwyQuGyGUoF7d8qf0rzbU9S1GdDHIxKgYFe9SqWR89JX1JXZHOexzVJZ44nESuHPTFVbKYW8bS3ZIyDtBrKiuhDP5vlhiGyOar29ncTjodxaGKW7UTcBefxqO7sN8juzYRzkYpuhSfaLgyAfLjBX0rsryG1u7MwWiDco+8exrzsZUvK5L2OCm02eNVkjcOB0J6Cun8P+KbrSrKW3gZWLnPzDOCfSuBvJNRid7aVjhWI4NNhkaFg+N2O3vWLV9znOuutRuJJGnmi+aQ8HHU1VW4KAmU8N61DHf3V6wRo+B02jOKhl06/nJmeP9yv3QT1NRYDtbXwrba5bf8AErfEwHBHTP0qtrHw+vNAsEnu3JuGPQjt61veDNduvCRSd7USpINoBODzXqnjSebxBp1vd7EgVV3EA54PvXDUr1YzSWxT3Pm2bWLm2thaiTEeMke9cdJfbpGDcse9W9dlWW5eRRtLHaB2rFe1kEaP3Y9a9ijGNrmklodBomsT6XexXYGWQkoPTPWuib/if3cRkZow7Atj0NcdpkLITJKN6noT2NdTYo07fuWZCMDIrKvsM+qvBC6PpGlmHT0EHI3t/E5A4yayfENtc2/mTWsfmhiXJHJ9TVbwn4cuBp82o3M7GGFcrjkE9yc12Gi6ja3Ejf2jmO3TI56nPQAD1r5hu82YM4GwsXm02ebzGh80Y2rkE+ua6PwN5sd5K1+6iBEwgkOCSOnWt3WZI7SSNtMTdB33DkD2rF06z/tnU0tVAw7Z5wMjvSA9dvdQ0qKw8+aNVmckKqDGR25rH03R7jXbrzZZxDGoyQD0XtXN+Lp10VobeQ5P8A61g6T4in0+2uPLkOJeWwMnjtUfV0gOptNE06TxWXe4BsopF35ABIHUfSut8R3fgpNbifQnDQMACP7sg6/hXjdtZS68GFu7RzyEj0Azz+ddx4I+F+oWt/Nca4+bdOR82Sc9z6Vz1LLqB6TG8aqLqB1x6Ag4q3bapaW2bpgWcDOMc8V5H47D+HLuB9Gm3RKSWU8lT9B1qTwj4+ivJTFqESpM/wAmSMA/TNcdbDNrnMKiudPqvirTvEckkLyGPYcBAOM/Wql9rU2m6emnyzHa2CD3FJ4j0ey0+2/ta0jRWbLkKfyNZngiXQ/FVvc3HiO4jtlt8hd77M/QmlTp3jexzbG7p1//AGvYfYyEZW+UhjztrznxZokWgSLdWT/JkZU9hWzbQ41jyNDmWaEvtR+xH4VW+J9lK2lx2TAtNLnDA46f/XrXDqSn5DZzPh3xbY6rqK6Wu6GZcnceAQPevVbK10a9unjhuPMIGG7gGvj2+0640mCLybg/aTyxU8geleveC9L1y40WW/W4MMobaq5+8Mda9HE4SKjzJgdbrfhLRo5FMd8hleQjajgjOewp1jfXXh25htEfY0zKq49DXi19pHiiz1fzefmbhwSRk9fpXW6doHibVnt4PPZ5Aw+YscgZ61j7H3dzblR9Q+PvFun6T4WtdOhyxkILAfxNjnpXk0WvanNprW9nhVfIPHOCO2Ky/Gbx213Z6Mm6ZoIkLse7cjNJpNyxMdrCAZF5xn8654UkJxQmlapqNzbzQ7mXY2GJzkY9jXV2Wi6i1t9ttnAHOfr9PWsvVbyzsI2N5tjLgZ/H3qK18b2lhDEsUuUH6++K1qUZSXumJq+JrS+g0yKVJmaVsblIzwe1eu/CHSLPw3YLqGpYS4kG9jjqG5AzXl9p/aPjeeJNOYmJnAAHHfqa+gYtGtbLS/Ju22TQjbt7EDHNY0q/I+WRVHc+ZvjF48vZLm/m0+4OZ2winkBR7V8hX+r6rcQi3aQlHYs5Xgkeh74r74Hwg0bUJFna5dlViSHIIIHp6V574i+G+i2N/IkFmAmOd4wcdznH6134XNabnZIUXdnwxc3EwOShAHTvVETTopLkru7DjH0r6wm+F/hq4YwWjvG79CGJGfYGvOvEfwhm0UG7lvA6LyBtxj8RX0FLMISOlM8L8uR2/dhpA2MjrUUqyxHa2cHoCf0r0q0gtdHWSdQZXHAHvXJatLaXZDxDD5yw9DXbCrf0NFIxYpF84BlJ4OR7jmvYPha/2zxVYWF47RWkdxE74HO1CSf5V5fo6WsM6TXqMYiRuHfGa+tPhHJoUxvfEUlsoZGEEZI7KAxx781y49rkasDsfefh29vppoddMZgRQBCv94r/ABEV5l8era+8T6XuncBrUFzz1z1C1NL4tl1G0hEFz868AKdpHHoKwbzTr+6RFvLppVY8ZPGD/hXw8q/spOysc1WqkzxHwtp2v6pZNpV/esPPASKMtlce/vX0zq/guDwJ8OmijybkxFd2MlpHBP6V0Xhn4caP9stNTmQK6gOF5UAjByfWr3j2/wDtU6aWFMscA3E9Aznj+Vb4HMnUbkWqsbHw7ouuTafdXFi1r9/A3NxtB6kVzPimzt9e1i2s7aYokZ5Oe/pXuHjDwncy2k09iAkp+6ozn3GBzXxrfTeIfC2vFr2OWGZHLAMDgg89+teth/30n0Zyc1z708KafZ6Z4dhErb1iQhnYe+c11U2l/DMWcFzePaPqMx3R5KlnPXGO/wCNfDNz8avEep2sWkWYW1t0wJCq/Mx9mJ4+lYgvNShmGqThp3B4IGfcY9645ZJK95SK5D7ml8i0uGuEVY4FXHAAAFeE+NHsfE+sRmG5/dJ8hPA3Yrz7xN8W9WvdINgjtFJKu0qQOPUk15BpWraxfXRtluGJz+A9q6sJlXs25scabPQdR+Htpf63/oM2ImO0scY+tc34x+Heq6PGlzpo+125xucELtx/Sr+r3mp6bFBFFI2JGyR9e+a9n0zxBYRaPbwzSpLJIg3c7sD3Ga71OcbNBOTR/9H85BjOSMD3pwPUMM1Dnoc7qdn3r9oR+YyWpKGxz6VKASc4xnvUIbqM4/rSs6gA5IJ/Km1YRPg9Ccn0oz27iot5z1yaaGPc9afMRdk2e5pd57moh9c0bwOoqiifI+7681IGxkNxn0qt34+vNSBxjKkDNAEm4gENzmnEkEkfdNQk7jgHNHJzzUolFjcCBkdKX5jgMOlQh+QB1FSqAGJPP40rCsTDOcdqOmOuBTCe3QGjPJAOQKsslIUHKqR9TQAucdMjrUfmH1p+V6mmiZK4oUk7Sc+9SY/iI7UzJ9jTty9jjjpVmIo7ewowWFHaigB44GSMZpT6lTxSDFLk4K+lRfUBDj7u0gVKfvBeo7UzOPelBHRvyq7gOGFORjjjFOMrg5wPSm8YwPypOg4FSmBKcY29S1G4gbiPamB2Az61JkMMON2OlUAucEkHimZBB/nQCc845pByQOuKCWiQNnIxnHekbJweRUan5d3PPWkLc8H8KCGic8Zzx9aiYjHr6UjbR9KYSe+QR04oKsShzkNnGBQDjA9aj+bHTk0bj164oCxZUnswpySBQWxzVRWcggcU4lvQ80WEXxKOqcjvTt/AyckVnrvAAHINSqQMjkfWnYC55uRgcfjTup4OfWqgLU4MeccGiwFwkNkYxilz3qsGxyOtO5J5PJpWMyVh3HFPxg5IqLKnNLu4oAl43DJ4pAQTzSZ7YpRgkA9aAF6e1P8ApTBt9e9OAAPJzWhDAjgGn8LTc5Oe1KBgEGgQopQTnFIATS8HjvQA4YBzTw9QkDrtNLu7Dg0AWA/XnPenbsYz0NVd+TknoMUqtjg5oCxaU8EilJ6Gq6uTxmlLngZoHYmLjkHkmlz2I4NVwx+mKdkAZJzjtUMseSf4elG8E/KenFRFueOKQsSAOppAS726CgOV6dqj5X8aaNwNAE/mHGRzU3YHpmqgOCewNPw3Y59KALO/8xTi45ycZ9KqgA8HrUiDJIPAoAsK5yOc04TNy3YVDjjOOKUqB04ouKxMsjHOMc07ewGCcYqtt5OeaMD1q+YXKWvOOMYyR70/zgRwM5qrnBBNN3kHuKOYXKXvNyc88U5XYAgHrVMZGVOeakDNgc5q+YjlLgcj3zUhcnoKobsAg9an3kDgU+YOUmDDkN2oU9cc1BuI74zUuewpkkoPA96X8Kh3egNKCePagCyOlLjBzTEcY5oDjPpWDIsTUfSo9/vRvHrSCxKR7c0hA4FRlwR7in7gTwaYWDHNLikLcZpC2KQh+SOKOO1MBNBcAUHVcdn3pMkHJ/Osa58S6NZFlu5ljZBlt3GB9elUdW1A6jpBbQrhWaXlGB647Z5rgqY2mr2Z0xwVR62K3ixdQjs3urO4MXlqxIHQgDP9K+MfFWsX2t6vi4nM8cQ2pk5xzz+teq+JfFHiKx0+6tLqd0YgqN5LHJ69T/8ArrxDTYzPOZpOB1Ar4LNscqstEfaZPg/ZwuzbtYBDbjK4kbvSwqrSjP3V6mr0x8q1OT8zdPpWZI4iiyx4rwmz2mT3chuJVhU/KDxXR6fbpZxbFPzP1NYWlQGaQ3Lt8q9K27hwiFh1FclWXQuxtW/loRI7gBOQO9R33iq5ubiKCOQxxIRkHuK1/Avg288Yi5vbiY29lbfJuUZZpCOAMjGF6nPsB1yMbV/DEmm6k1gsq3BVsBgOeD3HatY5ROUVVlsTDHwU/ZdT1nTnWSyR1OcgH867Tw5AXvokTtlvyritCiZNOQSNnaMflXofhVxHemU8BVxz715OJVro+6yp3jFnvOgzebCF+8y9Sa7rTJHLfXFebaDMMbzjkGvRNGuFZyW528Adq+RxcdWfoeAqbHY2snlSjfwDXYW1wZIioPArirkkW+9ep6e1behu32b5jkmvGrQufUYaZ2FjIVGa6+BvMjBJxxXF24ZUB7V0NvdKkYZm/Cuf2Z3JvoayRkMSDwKguLxo3Cg02O+i5z0rndQvD5hZDgUKJ3YaN3qdA12GYZGDUqSOxDLzXIQ3ju2JDmuxsZgluQF+Y1tHc9CdOxP5pyN1WNxkU9sVlTXLAFtucVVtLieVyW4WonEl2epsLGQcmrsLqCdwwBUKMFHqKe44HYGsbEOXQlnlDDC1VS5MLfeqKSUoeKzJbhHl2r1pHRRhc6yB3lAIq40bgbutY1hN5cXJqzLqGDtHNZs5qsHzWROQzAnPSogxDZNRq/8AHnk9qnYqyBuKrlC6vYbJIy/MTVPcjEl+Qah1C5Zk2RD8awHnuVzwcDvS5S6cNTVf7JE7M3Fc/I0T3DSA4Aq3h5wCxzUUptFiYHqKuCNXOxn3F+T8qmsua9l3DPAFSzyQhR5S5rNkHmZV+BWqMJyuaH2yEoHLZaua1O4hmY+WPqaLp4oYyiHk1kgeaggYkKep71SRyyj1K7EM2F5Nalhp1xcSrkFc9K1dG0OCcqNx25616xaaTa24Vv4VHFUmcVSt0OTs9Ke0QOwJcdq6SGSWRcum0VpwqN54zitbdDJD5QAFK4QZz2548MnWrkQW+IWTrVwWqJweasQLFGwEYGTSaNr6EqaOhhKJ1NZL6ekSyRysBj1rq2uRDGG9KwdU8q7t2ZWwxrqpzPOalc+FPjN5a3khj5w2D+tfL12WEgZe9fT/AMYlS31Bw/3WyPx5r5evUk+8OBkflXtYLVFYhfujQs7393skHSqt0yyEstZCuYsndxTEvA7bTwa9NQPmKlUrzqGLCsOWIndzW65UseazJF5OBXTHQ83ESuc5Ja55qv8AYwWGema25IsZYVAqDHPWtTy5Gnp14lpcRSHJERH517FpurjVpgN2di5IPavCFT5gG+b8a67T9UawCiDILDDH1qJxNqE7Hp9w0cUuVO1iaeZDGA2cA85rnY7p78BicN1q80waMx7uQOaxauevQxDizqLPU/LdSW4Neg6d4ito7ZkQLhx196+e5rmWNgAcA8EelaNtqzooRCR69656tE9yjjVY9zGrq+fmyBWhbatHDgs3uPevIItRIhATn1q+uo5jBds1xuke1hscme82WqRXBUscA1tx3KwPvibNeJ6Xqj4UN93+ddbZa7F9p+zknkVhKmzseLXQ9ChvTHJ5hY5961F1JPMBXkmvNZb9nuCqNznGB6Ven1BLfAZuaXszWOKuekDU94WPOMnmqbXqxT8SfXBrzhtXwPv59KzW1md5dwPSp5DohWR62+qrv2o2Se9QvqgWbbI/avMBqjklycVTudcYxNvOSO9KFMipOx1ur6hncEbANcXcXkfzFmzisG61xnGQePeuVm1lgWVgfm711Qw9zgq41I66XU06Z49utZSStqFz5YPFcysgQmTON3qafBdSWkyzoeK6o0jwMTjmzUmiaG5aNMhR36Vz2o65FayeUzd8Zp2seIY5F2Ip3+tcPqUcr2guphgueM10QpHgYnFN6E2salBeSMoGF215nNE8kjA/dDV0ErBkxjBqkQ7Aben867aasea3zGalusa+taMKeoqc2p2Akc1PDDk4JxVtmkYj44vnDAZrYhYqowKyoyVPBxUy3ZQcHJrlmjro6HTQzIi4PX3rVOrMsXlxlen61wBubiVwF4FbVjayNt8wZrGdPuexhNWdPaTzTFTIxOecV7Z4B06e61C3RAcOVBJXIC5GTj29K8u0SwE7ARr849a+wvgt4Wmub+KeZS0cWHOe4HAB9ua8rEzSVj6mhJU6blI+zvA9s2i6P9mlb5ztJ+tbtreTK7EDlqZb2ggswJGyzCs43H2Z/JHLNXlzqHlUaam5MvXTNICPzrJe4kt8Y6npW3HGGQSSn61SvhBhWPUVxT11OulJX5bFRJXuH/fdBVe6O9dgHFMedfNAUYFOuA4YEdPSs5O6N50UUoY40BjKcvXnvinQrOa3khkhVyTuBI5DeoPavRQ+WqOTShOftUjZ9FpxlY8utDld0fn7428J3GjztNCu5JDu9Me1cVa6k8eUDcdweor7c8f+H7e+UwPFvPVOwzXxh4n0GbRbxxGuUZs47AeldSdz1cJXUlY6C0LNAJ8nBxzXX2V2TEmX9q8w0W6kYpGZMoT92uzjlVZBCnTr71jNHpU52lZnpFm1wGQiQkY6V2FnfTMgV2x0ryyw1fayoeCP5V3FleQzFd3DGsHErTU7iKdlbcWwK3ori33KwIIPWuQb/VAK2aso/lrkNg1kjSnqelRT2DWx24WQVT87zJMAVydp5+Q+cj1NdClwykMoFMpxsSSyAHbjNZ6yqLn5+1aRkiZWZ+CKwgNzs46Vlym9GN1c6CO8VCSvSud1PU71mLQk7RUqPsJ8zpURaIghTn2osjpoQSd7FnSr65nj/wBJXkd66xJikIwevauXtJMLgDArRSQp15BrJoyxCUpXNFfvZapTKhP0qKOQbeB1qvLkDNXY5mrFsyoo461SkbzeCarkO/zHgUKNo3ZrRjTEDKjc1OSMVWJZjkUryEDB4rJi1IbhA4xWNLDtfgcVt7SV3DpUIAL8DioRp7RoLCEHrxmrrRYJ54qNXWHlqVLkSkhO1aqRw1nKTuQtGijI4rFuT5mfataWRslSMVk3JGCB1rKUbnI33I7aQxuB3qe4kVz8vTvWYCVPPWq88zIMhsYraBx1kmzndWliglLdKx0uN+JF5b0q5qIN3ISCDWOrGCRFH3ga0jI4q0TYe6k2FGHWs15DGrMBz2q1LIspyRyaqsPkYcfWuyMjx6sTmdRbILTc56GuVu38sCPHDV01+58xY+oA6Vy2pxjfljg9hXqYPc8PFdTPjgS0k+2gBmXpk4xmuC/aHv7WHwz4dtXdStyHZj2GVXGfQ5P612VvZ3MswIQmM92zzXnn7VOkWqWOj6VpMqEhPNUyHABzgqT2JAyOK+twPSJ+d5nO82kfBuuG5cxwSS7xASU+hrm3upM4Y528dM12eqabdtbBwA79M54z9a5kW4hYJLtzgZxzXr81jx2jHkJuAyldzN0qnJprbx5zBV784NdNmMhUijAA74rEvLZpLwRrkk+lRKRLPW/h54YuNS0u8v7KN7iKNvLYKpO3ABzn8a1l8Jaw7yLGrKpyTkZIP8queD/iHa+A9FGhW0PnB2MjFhghmAGePYV7FYfErRbeyW81K3EbyDIbGThvpz1rxcVVqqWi0OGqpHyNqVvc213/AGfPDmTcBnnrXYx+B4XtPPaX9+AN0fA4/rXoGgN4X8V+NZdWYraoFJIkVVXPuM8VZ8baPFpN0l7pVykocnC5B/LBoeIl8Oxnc5TRfC9xhjFAII8Elj1OP/rVyt9dxwX32OIl1RzytSar4t1d4hEZWRQMZQ4xj6Vh2FhdXDidCQAcknnOeea155Je8LnSOhuPtUgUwDe3TDHp7gVbuNU1M6dMrEuQMfLznHGK6Tw1oxv5/ssjZmcZx7fWvSI/hDq9862dqhhSQ5kl6gD1zg1x4nMKNPSTKdZHx/qNoZHWaRSecken41s2Hh248RfZ7axB80kcHuPavr1f2Xby73Sf2uuzGBuTGf8AeC10ui/Caw8EzQ3E4ju5wfvAEAD0ANckuJaKTUdxe3XQ+ctL+Bvif7LK0u0hOY1XJL113gP4f3mh69FJ4j0xtqH7re/QnFfX8OmTWK/aMgBsEAjpn8Ku2sVjJE8+ogbU6EnGTXi1M6qT0fUXtWVtN8OadqsRit7Rbe2VcuAAg46n0rx+50bS7bWpreCM3MEDEhnHyN/+qvdU1i0kxEJAkKZBxgZHvWXr2lWmo2gi0pFRVBxtH3s+prko4xwlqUfOuqX0Nzqf2TKQIcDAHAxXRWej/Yb2CbTyrzSdhg5rD1f4a6xBqP2kyM4C52AfzNcrpvim90jWhGzlfJIByM4xxX0FGcZpNMDR+JthrVveRy3EJMc+EBBwEPrXJ6ZLpOjW4bUJdxYk4PzZJ9qufE/4k3UzIChaJRlc9+orx7R7mbU7tHaIy87iOoXFdHs3ZuWxHofVXgrXPDWRcSKIWboCuD9RXb+PtZNv4Uml0uUpcXOFjI6lsd68T0HTZdQlQpGVWIgu3t6VN8TPFp077HD5YNvCSSD1bA5ripqLldl8y6HlMOu6pY6qkuqSSSRsx3BvmzXruk6bpmvlJEYK4+ZQeMV5bF4gtfFskIOn+XsbhQMk/iK9d8KW9lHGbdTi6c4I/ur2rTEuyOWoy/qU5jhOncNEn3jnPPtXgXjCWzt2W10qd4w2S6dFJr6nXwfaho2YkIxywY5DD2rwX4s6NpulzKLO38pmPYZODWOArKU7WJgHw88SCG4g0+yTzrvGQoznI6mtnX/Ebf27O/ia5WGJYwkSnOAc84HrXl/gLxZZ+Drm5ljiW6vbhNgLHhP8K5Tx5rk2sapJcXGGMh3dwB7L6V6P1K9XyNLXO71DUdEur+R9CVbpk6gg7c12fge2m1WCT7ZdtBvb/VRng47V8y6Rq9/pJJtHKq5wVxnNeseEdc1O1vo3jjE5n4Kng/lXXisOlAPZnpuvi70q7PlZu4kxnk5xjqcVL4b8TX97cpFYRG3klYKzHO0c9M+1evQa/oVjoh0+e3SNr6MoztgnewzjJ9KoS6LEmiS2ujqDI4LKy4ONw65rwnPTYCbVdMsNRjdwFM6qAWJ6kDua8t8O2l4NTmARjM3yRAchsntXVQafrFtpLWmS90Sc7j6+tUtM0rxhaXiSQQpE0jDBD8qPUVMWtdQMvxhoOrwCNNRiLiQgg/e/D8KxJ9GlubdDa22XTAChSMV72mk6nrDC21KYu8WCScYz68V1Uen6fp1t9naFZZD7c49q5p49x0icz0OT+C3hrxLpjjUryHyImbhWByR7fWvVfG2ma7rCxpYEwIvDckZHvVa18T3NpHHbxW4CBcDk8Y71HrnjfUmEdtaIDv4JAyeK8t1pSd2L2liPQdLutN2tdTmZFPKk9/rXSeNrLRte0Ly5P+PhQFTacMM9a5CPUdRWJTLGSzZ7c1nXOrRQFnnJRyOrDAGfeppRkpXixwquGqPm/XvDviSw1d305HeOP7pHHI6Z9a5LxJp/ib7KdS192McKlhgnGK+hLzx1bLqDaYkP2jHBc/KQevB71m6qr65bGwki22svDZGMA+te7Sxc4pXRo6rW6Pi268Oa7cadcaxbIz2o5GD8xz7V5wY2jlIkDKynnIwTX23q+qeHfD5OmcNF90qBkDbXhfja00C6gS9sQBJLkEZyB+FfS4HFSlujSnM4yKxt47UtGwmkbGMc8mvZPA0dzZ6ebaEiKJnDY/2sYJH4Yrx/w3dw2k2JTvywREUZ+bp0+tfWEPwxvovAsXiOVmS6nRZY41PCowyA3HUjng8frVYuVpJM1LV7c6f4dW0umvRJcuFJCsMk+4r0rwtrn9oywX+oYWMMpK87SO2ffFfKcmmX15fhIyXa3P3iPlJHbNelWvibUNJsIYngXeWwy+uOmMV42OwsJ+pi6dz9CbW/RokuwDsIG3B/I14V8Steh0VJtSNyAuDvOM7TxjJ96ju9e1nwr4SivNUuvL2qCFP8OFzg+pGK+bfEHxE0/wAeL/wj+nxPLHO253JwWbnjHpzXj4bK505cy2MalE9j8Mz3mo2La5ql4htIUZ+SPlA5z7V8b/E/xYuvavLGIg0bMRGynt/D+NetFv8AhHdDlsNWf7PFJldpJweOleJX3hpNSum1Kzl/dbt2cgYA/wDrV72XQcJOUhRjYytA8OXM9zBZwQmSe6YdBuwCRz+Fe5XfgSbSYkNwzxh+55wR610fw20GzhI1COYm4T5eMEBDjB969P8AGnhp4PDNxdz3ZZoF8wbjkHHOPx7VFfHN1OU19ofP9l8K9J1fTpr66uSNwIVmHIb1BNQ+DvhefD6Xes6lOs2AwiUD9SKztP18apqZ0jz2VYmywVuAT6DvXr0vgzVUWC1t7lpYLgBixJ6n1qa+IlS0nLchs8Mn0e41uaaWRirEkBew9D7V5mNNutLvWScsHDc4PBNfZl/4On8OWgvoo/OIXLkDAYV80+Lr12lS5nsWDAkkAYwM1rgMeqjtFgf/0vzcTGOad0IJ4quGHOe1KWzjJ61+0I/OGWN3cc4pQx7nk9vSoNzAYP4UhdgdwOWqHImWxY3Z+6cAUu9scHmoN/8A+qjcOlPQx1LYbkYwKbuVj8xxk1AG7kgYo3Z/A0ucLlncSuOM54NLkDBxgk9Krbm/ixxzxSjg8HK0c4JlzfnIAxS7u5OMVVD8kH86f5hHK8mtVMksbgQctg05WIHI4NVQxLHntShuuTQ5BculyB0pN20de3aqwkCjjnFKHwOuOadx2LALBdxPWpN6leOc1VYjuacr5G6ncC15nTHGKkV8nHTNUC4460/efTpQYcrNDeTgf3e9Lv5XAyoql5hH4djRvwNvbrWlw5WX2OSPzxTgT3OKopJkeg7VMGycelQxFsA4IPelAbAYDpVUTBsk9OlPEg6nkD3qWwLGVzzwadnJ9qriTcPm/On7iBnORTAkzwQRx2pQecnrUWRwPxoyBzimmBJwOT3NPyQ4A7CoQ245BxTgSOeDV3Adk7SevtUbcAAU7ruB7UnBAz2oIaHjpyKPpQeehpenU0FidSQD0oyfTHtQOT0zmjHGc880AN2nIOaGCgZwWpxPK5zScepWiwuVDVCg04erHp2pMckdSec0Ek5PXNFg5UWB65wDTenGc5qIZJwDx6U4bhyfyrMOVE4+uafkEjPHpVfK5wPxpytwSaA5UWDIM7umKUyKBk5qvnHAoZmwMLjNaGbiWt4IGDnNPEgLHiqfOCBSZ5wc0BYuhxmpBIvTr71n7z37UvnMBnGM9qLGfszREi8CpNxOWHSsoSgEHpUokPPPWtBcrL+/nIpdx+8BVESsOCaBIwPPNArF4tnFNJ+aoA3NKG/GgLExIA45o3YBxlqj7HIpvzAZyazZZOG5o3dKg380o5280AWA2DnrTxJgAt+dQFsZHXFAbOKALQILHBwBQePeq4JB6Zz3qUOMHJxnigB+M0YI4FAOKM5oAOMe9OB7KKcAAMDmnKB06CgBR0x3apQDt2njFGcEDqKaGwclehoAlwCATwBUgQde9RK2Tuxjmpg4JPvQJihVHOetJsqXOO3SlwMYrXkRnzMg2YP3cUpXr/FU4Izn1oxkEYAp8iFzsrYxgGnhcDApxUYyad0x71JRGAc0/DZ9RT1QY+YZpeOQOBQAgxxTl4Lc0oXFDACtDMb8xHDcUZ5wDQcbc9KjyNu4VmaEgb+EGlEhBPfHrUYIxuIxmk/P8ahgWPMyc/nSNkHcDVYdSDS9OCKEBZMpzycUCdd2cZqrg9h1o+bNIC7546kZ9qPNA6ndn9KpEsPfNRFsc9MVm6lgUTT83FVdQuUitHcZ3EHGPXFZc128XysCQ3esS78SGGKRXizt6fWuXE4pRibwoNuyPHfEc90bhjLKWA65rj08R3elXG+0LIxHJrb1W9/tWZy67BntXNXNsgATGdozmvzXGVv3r5T7PB0vc94z/FmsXeuPAk8u4AE1nadb5ZY0PJ9v1qvKPMutuOnSui0+3CiSfdwgxXDVnd3Pc5FGKSMzUSCyRdNorPkcPMkWM9qkmkMlwSOabaBpLkMo+7UMux1UREUKpxx6Vlai7PMkSvtDnBFWHnEY2E81lCQSSMzknB4PpWDNIH1f4Gkjm8D/ANh2Mmy4iRlLDg72GQc9eScV8v6jearY6rPFNuS5gYoR3BB9a6Hw74tutHnV7ZsnG1kPQj610Grm38RBryUKt6AM44LDqMmvoFio1KMYLRo8xYbkqub2Z0vgm6a50xzcSEybiMGvWtG2kEqTxxxXjvgpGgs5EuVBYMTXtGjQqIFlUABjnFfHZiveP0XJX7qPUNDlOVRjwa9D0eUpcvH/AA44ry/SW3OFHBJr0WzcIYx3J5r5XFrc++wPQ9GtpWmh2seBXVaYyLAMcEVwnEUSnJGa6SwmVYxg5NeJLVn1OGkdwl0Co29B1pwuDKhA4weKwI3A5z97tWnBIqLg8ispHr0ZIv8A2mULjrmoCBIQppS4ccniso3gWUr/AHajlPTw80baWiodzHntW/YO6gKTx71y8d8rAAndWglw2V28AVJ2S2OtaNZDxyO9R7FiUgVTtpSoBJzmnXU2QQvBqZyOW9maEFwT98YAqaS6Dewrm4JpM4c5zVwuBxn8KxUjRaEd7dMp+Q1SsnMk29uDU02WbGKkt7WdVLlMLVNHZTrKMbGsH9OBVqO3VwJC1ZkZUEA1bnuCkH7rtUGDqXNTySAu1uKseSqRl2bkDNcdFqk4Ox6cb6Z2wzHHpSSIdNm9G0bthxgVZup7Y2ZiUDP61gozFGdv4aybi92Z3HpzTsZ8tupow5DH+7WHfTpC78ZzVJtU3lgrbcVn3F08iEgbjWvLYU5E0rtIm4HAFY005Vztbmqj3shBQce1UQ2+bA5zTRk2TkS3T/KOR3rTsdLknZV5J71r2McUEX+r5euu0yCKOImJeT1NaM4atZrQk0qwFsgXYcetdlDaYQZOfarmmQQxW/zgNmp02RK0uM/4VLZyWu7mdbokbMpHNSmHccJwasWwiklLY61ZkClj5Y6UkzqTZmPBMrgMPpQYnQbjxWn9pRuHHIqhKzHIHI7VVjaFy/JAZbDepy1cVNBNG5Vyee1dpZzeXCUY5NZl46l9zLzWtMytqz47+LmkLcys5TJFfKurWMqlhswBX3v8StOE1vJcBM8dq+MdetpS8m1cDNexhaljkqu8LHkEqkOQwwax5fMWUsOBXV3tsTISBWDJFlTk85r3KdQ+XxmHsZwmb1pTMvQ9ajljC9evpVNmOcDitzyahZY7iaj2kdKjRyOtSZJ6UHDUG7ec4p43DGDRgetLx+VAjes9QeDapNb63DTxgqcVxOTjcOtXrW8KfKx49Klo6adSx0JDH75znvU8brGuP171XjuI3RR3NTfZwMsTwaLpnoU5J9S1FfPjywa1bSR3lBf7o61zu5UXIPPar9ndybvLP8XcVjKCO6nXa2PQ5NTjFsI4htKjrWjoc6NI1xM/OK4CS4jHyBstipLC5dS6nhQMmsXTOyljXfU9fiuolZplkxg9ao3usiY/e6cCuCOpuMQo2Qe1Zd1fsbhbfPzVPsjsWNPTBeBoizvgjpWVLqexC+7JrkZdRMJUFvqKLi/iFuSDy1HstTRY/wAze/txlXCt+dU77XC8BUvj3ri3vuOPWoBIZJME/Ka1VBIyrZm3obSX0jsVJLCrKs2Ru6GsxovJZSvNWg88sgzgIKtRsePWxDfU6GGyeaH7Q2PLFc/q+rwwWYtIDuYGpLzV5ba2e3Vhj264rhGdp3LDkZ6nrVRRw1qzehpsw8gux5HNV7q/e7gWJsKI+gqvnC47Hv71kSN8xI6d61jocM5Najz8yt61IkP7kHuKhhbcc44rTjXMftWyCPcrg5XmoyAvOanZcHPaq8iFuRWdjpRG27YSBkZ5pqrjgjgnNaCWrvtB4rWtdMLPub5sdKJux1UKXMUbW3PBIz7V2ul6cznpknGKbY6S8soYD5VOD74r1vw34WuL10jt15k7jt7CvNr1j6zCUVBXZs+C/B13qN5bw28ZJkBLEDIUDGTX6CfD/wAKro1mMtuJUc4xkrnn3615p8MPB66ZaqvljfIFAJ4wMc4z39TX0tBZ+XbJEh27VArx60rk4qvzvlWw4EOQmeRStZRHM7Ebl7VPBEirn+IU+WHCZY8GvPlIzhKz3sYrzEvtxx6VGbd5V3t0PStaFISxYjIFNutphJX5QtZrU7o19bJHOOyRvjbnbREs1220d6s/Zlm5U5zWlZ27QqWA4WsbG1WskihFaeU+1l+53qdTvJO0hRWhIWlXhcGtSOwcQCLHzsM0+U8ytV0948t1n925eZcqORxXkPi/wnZeItOkigh/f7t4ZQK+ldZ0JZY0ViNzdeKpQ6BFY23lIFdn6kAZropGH1vlj7u5+YV5o1zoeoSwSIY/KOAD1xV+GYvIJoz8wFfUvxO8Frqwlv4oBHKgIJHc18sG3NlJ5Ew/fI2KuaPZoYr2kLnX6dOJdryJgjg16Hp8dn5QkJwMda8y0/zHdixGAP1rrNNmdkEb/d5wawa0OqM3ud7bP5o2Ic+laS2FyRvZsgVxFnf+RcBSxAB613SXpmiXb0rke51RnZl6N5BH5ZOMVpW08hQEjO2s+K4jKqNvI61vW1xHGhDLwRQdPPdFeWYshbFVoJghx2NahaNwVUY3VkyRP5h8sZxUSib0qqejJbqYSJwPyrKlTo6Z5rUigmJ+ZcCpDbEttPWsmmdcK0Y6EluzJEo71oKcgHuaqpZyjBI+WrMS4O1unrTOarOLdy9GxUANVrAYAmqmUJx3qzCrsOlaqRxVpkTYzt9aozqy/dPWtB1+Yk9qzpldssDwKGOiyCPKnJNQPKW4p7kAA1QMq+aODilM60dBAFMHPWof3YG4HmqwlJXanFZ93ciJB61ikc71dia4l+Yhqqi5mikBh7VU85pJOelIsu2QjNJyFONkW57uWRvNPB9KqxymR/mGc1M+HTd3qpMBGmV6mrOGq1sLeYRd3pWRct5kW/0q3KWeAlj0rHuGPkEk4rRI86qrmDIXSYsvBPaqDxs9wJc445qaVsyZzntmml1GB3q4o46zLYPyhdwrNvM+XlOCKuogJ+Xuar33lxKwmO1ccmu2MTx6rOLUSyXbsDlffrXPaw4E67ydx4rqLXbulYZLNyDXLahKsd+plXzFHUV6eH3Pn8ZszoNJ1CEacI5V+delfMv7RqzOym6Z0juYd0asCAxReGU9+pyfSvpCwgFzCJYR1J468V5H8dktPFlr9nZgtzpqpHBx0xkuD7HP6CvqsFOzR+c4x3m2fnvd3E/kR24kOzPOOOaowxNIRHtJLHr/APXrudZ0NbO7aOQq3GSFPQ06xsvMgkeMDA4HtXrTqI81s5eWz8hAwwSO1YlnEz36YILO2foK7iXw5qdzC8sZLKvI44xWPBYR6c0jyBfMHqelZe1JuYeqTp9o+0Iw/un8KzZvEd/MnkGQlTxj0FR6gI2ctH82R+prFNo8f7wchuvtV+zMeU7/AMCWv2zVkiubr7LbytiRs4G0c/r0r7C07wb4Y8QW6xWNysvkfdCyAlcjk5Br8+fMmiP3jxXbeE/F2s6Jeq2m3bW7NwTn8yD2rjxWB59U7HNUo3Pojxd8KrfRI4mS586QknC8DA7GuNjv4PDkrWN7aCQNg5Yjj613g+KXh650iOyuJZJrxUAeVwNpbuQa8Q8Qag+p6jJcKcq2AD2NcVKjP4ZkeyZ9QfCrTo5rifVnCYIDICOFGe1e633ju0s3WBJFLLlWjU8fjXwBpGteN7a0/wCJRcyJAvGF6cds1FreseIoY4pb4ss83LEnv615GJyhVJ3kweGbPtuf4yRW2pxx3WEtF+V1UZYn1GDVzxX4tNroh8QLaPOvDLgYwrdCRXwPa63qcSrNcl3ZTuyxz/OvXtD8aeOfFWly2L3INpEMbSqqDjoMjrXPPI4RacQWEsevQfE7UNSjV7smJIB0459qqa/42Gr2Qt7VpIW/vDoD+FeS2OpWsFrJFq7GGVWwQwI/DPSobjU475ithKBEOoAGePSuhYSEdkFrG7Hr15YThHZ5HY5bk8g1634b+ItxpcIgnBkVzwB7+teTadMl7lFQSOgyT3GK7vwtBpFxPJearIlskWAu7jd9M1niKEeV3Qz3i38Ttf6cZ2tdnnLjnrXjXjXw3posH1ZYglxnBKjnaeTk11F14p07S0WJf3lu7YVgM8V6NbaJB4mtY5I7dfs5UFs9CPevKU/YLmA+MvFfhBr/AEmO5jG7BG1W+6xOeM1S8OzWvg7T5Y7m03XcvIXqAO1fXfxD8J6LpWlQQ6YgjC5YRA7unSvKm8K6feWEVzdIGmQZZevHp0r0oZmpw1M35HA+HfGksDu9yyxQHJwO/tXUavoejeNrSFw2/wAs5BU9N3UGqsfg6DxfrFtpOkrHZwL/AK6UjAC+3vW3408ON8LooWsrgXonQsXPAXb2IrKU483KjNy7Gpplro/hyxZI7ONp2GxPl+YH1rjfP/sa/wDtluolZ2/eA+/WuPfx1dareRyRr5bqNq7f5mtizS5kYyzA7HPU8knvVcvLpIiZ6jLqmpzxRXEDYQDOCfu14l408M+MfFd+JbZHuEQ9Q2Ca9+06fRxaRRN80xAG1l4qaSyureTzbWXbu4+UVzQruE7xJgz8/wDWfD2u+HL5Ir2NoJXY4JOP1rpv+Fc+JtR0CTV4RvEn3EJO4gdTzX0p4w+GviTxeyMqhViO/wAwkEfl1zWTYWOu+EY5LTxFIWt4gPJUn5Wb1r1o5rzpKO4lUPkOLRtT0udYL+FoWcgDfkZH417l4WgiieK8EW54gGDAfdNc34n8Sy+KdT8h7cZhciNVBOD6k11vhT+3LaA2UkR25wcr39B6/SvRrV24rmOqLNDWtd1G5O0qNkfCjHJzXuXgDX7OPw/HbSxE3Nx/rGcYKkV4naJpkmqquoTFGzja3CivQniW1WNLaVmV2zkc4BryMU/dUTKsdH4iXVbS5S7sizx55Ciupsrh5LdJp2VSq5ORjn0rO0nXJdNjCXCLPnj5/wCddNc6Zb6lpUszEIzDIGcda8zyMTS0y809IDJAgcyfLvBNefeIvFv2DXILPIO98bjzgCvNNW8Xalpkz6Rpse1FYhnbPze4rzu817VNQ1qK0ii33CtwQc10UsFHdk2ufWd9qrTQebZkAYGG960tI1zTNAsxd3TbpT82TzkntWX4P0S9XQWl1ofM4JweMccfrXzb4g1TUbbUHsbl22hicZ6ZNUsDGd0g9lc+nbr4p6O1y0yMvl4wfX8quNc2fifTX1O7tytmVxux2HQgV8o2uraSiwrchpXyd2OnFfY06/bvAEEdg6o8kQ2DoACOAaKmChCzN6eFj1Z8s381jaeIWuFP+jKylRjJOD3r6L0i/wDCV7oklzfSoBg5ycfgK+Y9KeeTWXtdYhzl2Ut2UDjINem3Wh6VNB/Z0TboyA2QcEUqtKD3ZNSipdTwbxfb6Bby3EaXZkklY7W4LbexNeI3tu8cgmc7ogeMHOTXtniX4c3EmpS3EMvmIoGcHJVR7CuJl0q2s7lRexFoF4x03n0FfRYWvCEUkzo9npoS/B7wdceKvH2k6YqDy5nMrM2RgJz1wcZ9a/YibwXo1r4YZ9S2yQW8GPm6MFXHAz37Cvmr9l74d6YllceJrmJ41lPlwbuPl5DH6Z6e3NfQPxb8eaJ4d8L3EUMgYWww4Xnk/Kqr3Jz6cVwTqOvVclsjoS5Yanx/c2+nW326xhIRkdzGMfdGTtx/jXhdhLdT+NbZtTfdEsq/u1PBUNxxVT4hfEiHULopoM7xXLZ81vu4z2Gecitz4ATWN545i1nxHmWKwQybieWYMME57e9dCwvLFyOM+lPFk8viS7i0/UrcoEj2JGwwMN1bHvivn3VPh/eeAtZPiawQvbP8yRkfKo6kg+xr6T8UarZ674njvbCTZbqFUEd1BJz+proPE+n2XiPR8JKotrSP5c8ZKD+RrzKmIktOhEqh82+OtJ/4STwtZX19/ospZZQvHcHKnPavJ9M0uxupo7GzkDwIQHXOGGOv1qv41+IEr3v9lzxlktiVRlb+EEgY9a5fw1qxkuLiaBQpAwd3p6/WvXw1GXLcUloe8aZ4r0/QCNDtUXzZTgso6ZPAqn45u/GV3p4kuHb+y4wDgcE+h968g8Oo13r8uo3t4Ut7Vt7Z/i5/kK9c8YfE7TpvD8ek2qiaSUBR0yAB6VhOi1UXKrmN9T56twuhXQ1CNnlctkgdgT3r6r0P406Jovh+3S9g8+4zjaDkn8a+Q7q8jld0Jx5jHce+O/FbFpFpENo1079toB5OfpXfi8BGsveRdj7j0X41eGPGkB0kWrREnDK2PyFQa38OdAu41uZpWeEndtONo9jXxXbySi2/tDTlG1SPu8HIr1fwb8Q9R1KR7TWrlglunBHAx3BFeLVyn2fvU9Asf//T/NMdOetP7Ar2qNeRSjPNfsiPzhjw3JzwKbypoyTnH40pbJ60CDP8QGKUEA4zxSMR0Hal5yN3AFAC4ByucD1pCfm68UZVeCOfWlHrjilIwY4nuOPSj5ugORUe7d04A61J0yAMc0RAfllPrjtS7wx3fdHpTcE/40cE7jTC4Dfg+pp2W3AHrSHnqevejgZwaAuS7wASRjFLuXHPRqjGKcGzyB07U7iFBIOO/pQGJbCk49Kbkg9M5pVUYyDii4XJQSRwcEd6A0nIzgGm4JQr3o4PTnFWO4ocr/tc1KGBwc8+lQ8jk9MU7aOSKdwTJ89hTt3frUHUYJxilPHKnt0pGTRZVhjGMU5GxnPeqilgD607eB07UBYvK+APanq645OABVJT/GKUHJyentQZlsSd1bI9amRyQCx5NUN+QOAoxTw5wVFAF0HAIpN5GBVfeAuB1o8zOMDmgC2XB+hxStLjHvxVVmY5yPenGTBzjJrQC1u/unBpwYE4AziqmSOTzTgxA2ZwKALm4DkHApAQV45I7VXDKOQMipcgnO7r6VoBLkAg9DSHcVxj8aTfjp2pAcE7TRcA53bqaBzx0p2RgY5zS5OAFqGwDbgdcUYPb5qXpRSAM4pwPY802kJH3jxQAoZvQUBueaiGBzmnBcj0zTuZODJA2RxzQCexyaaoyee9LgDgnmi4cjJAD944pDjPNMUYPPQVIMYPNFzUbnPJFSBifm9OlJwMYpctuxkfL29atMLDckDOM5qUHj3qE+pB5NOG7jAxzTuQ0TBvfGacCcZH51Dk8ADpS7hx1wKLisWd3vS++ePSo+vP6VJzjrzSAcT196OMg56Up3cUbQTg5oMxeAfrRvxxjJFLs45HSlKHoDjNAAr0FuV7mm7R6807HOOlAEofk0occc4qJT2pQfTigC0rg5xUwcZ6cCqIYjkHFO3nk5oAub89KAxbjNU9w7nFPEgPSgCzuIHXpUgbC55yKpFueKl8wnJ7UATiYnkmpPPHfNZ278adv9elAGj5/A/nTjOeM1mbzj29KdvIPXFPmFY0BIe9OD8c9azhJwHLZ5qRXOfvVPMVyGiJB60/zFGSQazxICM9KQyr6/hRcPZml9oGMKPzo8zcOSBWb5vHHFHnP3O6mmJ0jQLbs4PFJuxnHSqnmKODSCXKAYoJ5S+CCMZFBbJ7VTWQcd/enebz60BylonjGKaeTmoN5xgGgMRg9M00HKWOW+lOPX5ePrURkB6cik8wDpSFYkA5yRmmsg78DNNR898DNSnbzzn+VZVC4xZUaHdw2CCfyrI1CyQAtsHqfet0s2BtGQe1Vp5EEO+Ycdq46iTWp1U7o8M8RaMweS5tE2r3XjIrzWdbksdyugQ55Bwa+iL6awu22xyJk9DngVwfi2we20e6keRHUJkFetfF5ng4NucT6bC1J2ieIqoEpfrmtyF/LsJEzy3NYiLlwPSr8jiOIg9x+lfOH0bMFyVEhHT1q3pRdSx5OazpZMZA5Ga1NMJUHAxmpmjaxYum3Sk55x0qz9ltrexhklBEkjYI9jVa0H2m+WMrncetaN3NayEwOTuTIH4VzzXvWEU2m0qOPfFu8zsKpDV7tJRJGxBHSqstu/mblINVGU87h+Vb8vKGh7f4O1E3kLFwfMPWvdtDnJh8sngDNfOXw/kUSCEj7w4/CvoPTl/c5Uc4615mO1PrMolaKR6HpNw0e12GSteh2N2ros4BLA9DXk9vK1sAZG+UY6V3ek3AlX93yOvHvXzWIhofdYCrseorcG5hBBxxyDXR6TI5REYBSK5LS5IzH+86+9baXCJtIYnNeM6Z9Rh6p2kDtG43c4rRE6yDK8Vy1tc+aoZDmtiK4VFweprmqQPVp1DaimUjDECsB5MTPn7taIAfBI4as+4iCOVBzWXKelhqlmOUlcOpraW8UKozz3rBUleetSZ3AnGCalwPWjVTR21vqKlRg5IqV7piMmua0+eKNG396047lZlKqcgVlOmYs3LY+YA4q20bDDFhmsq2lwpXoBVrMgG8HIrH2ZMp2LzhQqv1q/8Abv3ARQK5Ca9kD7B0pVvGjJxRr2JjJs25J1U8dact0PKKMaxorjzHO4DmmyTKQU4p3fY6FJItuqvJuBqfIX5hyRWTFNsB3c1G13IWwDgHpQkVKoarXM0uQrBR3rKnG8EbulUpZGC/e/KqEJlLEh8ip5dTmlVNCG1iOZJjwKfK0PllYPmrNe6CqQTk96rQXYEx/Sugxm7kUlndF87MFj0rotO0KG32yz8seactx5mCQOOa0IjLcON3GeAKLHLUqyLkttE4BVCAK6fQoVZirrVqzsY1tViYZYjvXQ2djFbBWXqaizOOVa+hdiWIL5YXFT+UoTC96XC7cjrTYpVL7CaLFQk2iiITbudvfmp9w2lgOtNuM7ieop0TxyLsA5FNI6km0VljBSSY9Fqms6v061deCU5VTwetZZh8mTL8YrSLOqlbYshwhye4pCyTscjAA71BC32iQoBzWuungxlSck04TFUaT1PPPFGnxXllNHtzlTXxz4v8Lm0kll6AivvC+0xltmTqTmvC/F3hr7XbtGEy2TzXo0pHmOVmfB13pszzmNBwM5rkr+0MBfKlSCc19d6z4S0rSNCurq5G+7H3McAfWvmzV7QSSZkBQP8AlXrUah5eLSkeazIzdMcYOTWfIoRsdSa6S4sJYeqkDPBPesqZV2kEc+/XrXpwndHzmLo2M8LT6kFFVJnkzI2AxmkHIpT0xSDgVBA9Dng9KXB+8OMVEH24xTml49q0NCxHcyxng8VvQ6irAKx5rllk3AmpFlAYE8UmjWlVaOv3mQ8DirCuF7c1z9pdnPP3a1Ypyz59fWslsd9Opctozs+D+FThpoQeTg1CDtKsDUjyl+AetD3Oqm9S/ZXEcbpLJywOK1NWjRJ47hT8zc8VzKE8AjOKsSXcxZd3bpUl+0J55Q6lepFUi7nhjU7MWO7pmmqgbOeMUD9qyqsbM4XoDWjBa7pFBOQKAiZyTVrzFiAK8kUDbXUnlUAkscbao3V+ETZGOT3FZl5fschj9786x57vKYB6U1FnnVa66Fi7vWJK5HT61npOcZxxVQtvJNIpIHWtkjhlVbJzM+ducZqM5Yn0NOAX77DJp4VWAxTIbFgXaDnpV9cnAHC1XC4HFWY8lgO1bL4Takyw0fGOpPaoo7f5uRnHatDH3RtzW9p+iTXwOwbc1zSq2PSw9Bsy7W0diAB1rtdL0S4lwFjJY103h/wNezzoyAuvI6V9U+FPhaluYzfRB84O0jI/H/CuCvibI9uhyU9zyHwf4AmvZ4YJ49m/kjHNfUXhrwBZ6Zcx4jAxwSR81djo3huztbuOQIN4GBXbSQAXClRXjVcRc7JVJT22C1sY4JEjgHSuygkkKc8YrHto/Juge2K22KxpxzXLKoaxjbQnhYN8vSnXBymwmlWPFv5q9cVREhPzOeBXMRFczuie3i2g7hnNQ3MDshiH8VXYJUflepqRlOfMzyKYe0alqY9rEsKCNuTWzuiSLtk9ayJUMYO04bNRzrIqJ83JHNGxtUgpdS+GaRztXpSNdzxTLtas43Rhj3Z56U2G/j+8+CRWUpoHSv0NO9uWePcfvZ4rJTUpbSYLJ83oCKbbzNNMZG5GeKlmgE8wccYpxqMxlTSXK0WtWW01W3ELIF3qclV6+9fHHxQ+H40u5/tC2GY3Jzk/qD3r7VSGJrTCAtJ6etcf4m8PQanatHfjjbwCM/pWjnc4qFZ05eR8BqHgmCp93H6961YbsxxAZyc9jW/4j0CbRL17eRNuCSOe3auZEEQfbIBz/Opep9PSmpR0On01VuWzKRmunRngQKjEg9K4ZIJ7fbLC26P0710VlfyM6Iy5NS4m8XbU663voY4x5oIYVtWWpxOCh+YD8xXNJLB5n7xcH3roLWOzaFmBCuenrUOJ0KXQ2EnEv3DVuCQL8x61z8MjxBl25zVq2kJBD9DS9maJHSrMsmTwKr/MJc9aoqBtyhPFWFfC5PGaxsSan2khfLIqAhiSV6mqTzIVznkU62ut4waVxqL3NCOJgdzc5rQ3sgGDWf5vG3Iqi14wO3PAouZSvJ2NbPJJ71BKwwcd6rw3HmnaTVe4ucNs707jgrPUFDSELilNh82akhlUYAq4Z1xjvUyKqVX0KhjCdK5q95cr3BrpJpu9YF3IjswUc1lKIUqmpWiVhxjrVe9QxjzAea0lkVYxkcgVkXdx5hwy8ZojEJVLsmjumeEe1RuSy/PUfyIgIOcUzeJYyR1qk9Tjq73EkcKm3PBrn9UkVYAFPTpWu5UggmuR1QPIQFPArRHn1HqVJMRqGznNZgkmkdSO5qWTLqFU/d4qWXYoTacEV1wicVaRoK7R4OaztSDXMDAnOetQPcOW8vJ56VSnkeJsKcg9a3hueTV6jI49kQ28FR+dcNqVwsksnygHNdLqGoLZRZbOWFcLdO0jrKBnca9TD7ng4z4T0Pwna6gbZ51jJhCkhj04r4y+L3ilUvormwEiC6eQsp/vDGST75r7t8Huf7BvrW5b91sJGP4dwO459hg1+a/xk1K1u72xtbOQPMvmyTj0EhXb7c4NfTYGN9T86x/xNo8dv9amllkkc7t3f0rodD12IRRQuoCE8k964z7N58x3HGT0/Gpy0VpLGDyvavSmeTufSNo9kbMMo5YcDtXmHijR47ZX/d7Vk+YY61oeHNYjupFtEc5xxirWp3CS3eHbIXgV5vK1O5yNtM8PvLRIFBxyetZWxpHUREnPAFem+JDaSRCNMb2OOBTdG8MrCgluG3MBkV3fWVEv2x5hd2DxviUYNU2sXwGg3ZHOK9zm8JC9xPI42isiTwsLSFjMNu7ODR9bTJ9qePbpwfLLlD04rdtNSe2iAYbwOBn1q7PpcYlWMH5mNZl5Ytu8kMcryPTNa80WO57f8Ldbj+0Sx3hCIy4AI4Jz1+vFetat4RttauTeXUoCS/dGMjA47fSvkDS7nV9Nulcjejc8DPNfaHgzV4vFXhpbd0FvdYBOzjBHGfpXhZhStLmgzvppcpJpXwi0y+jSK4YGBuMjqPpnNOvvhj/wjN9F/ZDv9nfkjqPzHSu58M3VzBdJpt38j5wr5OBj1NeoXf8AZujRmbVblSsgzx14+mTXjOpUchulofHHjbRr65tCzxsvktwccv8A59azPAfgfWdYklkFq0dvGC0sjdgOm0dzXq3iT4yeGBevbwW4NtDlct1I9lAyBWZofxVsNdul0PR5Y7SM8yOFZDt9CW/nXao1eXY8ytSJvCvhy5s57qa+jUISVTHUr/Sq3jW/0G0hFrGT5ynDvtxsx6etd1a3k93M/wDZiiZIRgsTwQO9cb4w8BaxqmntdKoWSQ5Pfdn19K4vb2l75hc27HVvDV5o1rCilVtgCWdfvcV7f4O+Ig1aySxtLQpBH+63jPH07V8yaV8PvF66dDA0JRSACXI9Pzr2bwVFqGm266HJD5UqEkEd+O5rzsxcJxdmI9S1fwhNrkn2pJ8FlAPfj8K8h1qabwzePpwt2uDkDPSvovwnHewh47l1KnknPP0pNT06G8vmllt43YjG5gCR9K8Cji3D3WTGR8d3mrXmkXB1Vc2wAOV6Zz9etcx4nk8SeItOWd5jOrKdq9QB6CvoL4t/DuTUtOfV7DHmQRHEY6DHcivnjwTqRj1IW1+zpZQEiQYwS2PfrXu4TFxnHm6kzscV4dhfRL9Zry3zGfvMy8L6mvqTRtc8BSad9mt5BJInzMxXoSOgJrzjxRLZ6zEbLRrYCFc/OFO4/UVzHhvwyTdC3kDNI3A64H1FdFavGcdTOUjs9Rt1W5bULVioz8gXJwPwrodL8RlUW2uEbzB1OOlJIsuleXFDbhiowCwJX86txiS4t/tt3GsbyZG7ocDtWN1axkza1L4hWel6ctrZ2ss8zYLkjAHtwc15/f3yeOT5F1bmAJkLx698V0aatbW7uIoN0a9WwDz9aSyMdxKZrfEU3JXj1+lOEUtYlJW3PMIfgjrdjK2pwNGJDkjk8gVN4JvNXi1O40+6sfNkQHLFSCoHpXtdtqGtWkn70m6BwCCece1WZNV0uyWX7OuLuQAkY7+ma3WKm1aRftbHkOqfD6XWtRe9klWKUkbx0ziuj/sWa2iS2gjGVA6c9PemX8+tWkpvbyLyYmORtOcj8a6jS76K9txJKxjAHU96r2je5DdzzcxSy3RcuWZDgKD6Vfu9a1l4/stzL5cWMDHX9Kfe6dFb3r3cLlgTk/Wqjxx6mHincxKwwOxzRYRzM1pDdF44n3Esdzdead4Z07TtH8Qpf3MIeWM4Q5z16mvRtH0/Rre1MOwmc5G4c8Gq9xYWdtdblRnOflbHr71opjOxk8Un7LLaKAFdSoPc15FF8OtY1zVV1bUGEVruI65LKOld7daReTW4ktovnGCOfT3qY6hqv2dbItszlQeo4pOtJbBc4vVfAOiOALBBGyDJkHXNeitqmh6B4MWxuLgh0XCjPUnrVBbR5LXyw/pu/rXJ6n4JTxFFPFJIYgq4RsnGTWTbl8bK52eev4ls7WaT7PiTGW3dTk13/hi4h17TrltwM5UYIHPNcrpPwrht7vyb+5yDngdSPWve/C/hGz8LQDBGSASTj7vaqr1qaStuNT1PK9JjTwnqJhvCZBL8xPU/T+lcZ4s1W18Z+JbLSptP8sQOSCTksp5z2wBivbPGixrcPeyIjooBGMe/868R8Nq/iPxe0KxmGQttDYzsTOCffiunD8rXOzshI+v4viTpXhXwlZaLosH2w2ygSshII45Cj3NfIfxh8Yajrd0tneM1qbhvMKDhSP4Qffjk19D6lD4e8G+HTDF+9uWwWkcfMxPfjoBxXxJ4v12/1jUJrrUIgGDEocdF9M16uBa5XYdVaHnM+lxjUWjByZf4u4rptKtbj7XbafE5UO6ruUdMkDJrIsbS81S6RbUFpNwz6kZ6Cvq3wl4M0zQ9Pjv9XMTX0ufLDAF0BGO/fPpXRVn7tjDlNFrDzkgtYL0QR2qBiQw3HaMc5qO91u4Xwxexfa/MikzGVB6g8GvLvEOhT3OsSQpdNIXyXIJAIz6itDw94Uv4hKuoSkWacIrHrn1rypU0czsfPeu2dwdTeSSM+U5xGetYt7FewW4hAZY5O3Yn619Par4d0vWLZl0xw6rkMc4GR1xTYNB0ldOktZo1KwDcSeScD3r0aeNtFKwOpZWPH/hpYtrhubK4fykUAbjjPPUAd6j8TaS2m6lPCh3xwZw3qKfYz3Vvr72ug/L5xIVR713/AIq8F3mk6It7eP55kXLkckMRROraopPqZTtzXPmi7kLMQQSRzntUX9oXLooI4Xv3xVuXStQuWZo4z6dOCPWsx4pIHWN16E//AKq92m4tXR3Rktjox4ov4rNbS3VY48YIXqfc1paX4ltLVSsq4bGWK/xVxwIHJ6n9KjRUNyqt8oOSTQ6UWrMppH//1PzRPHGe1PGPU570xvXp9KcrED3NfsUWfm47AyR0pv0pxPZulHGR2FUAi9cmnYyOvNABB45o2kYz360ANODzjOOKcgJOc8CnD5TleRSqApwe9KRixSMAnHHegjnC5yeaXsMngGnqRn5uc0RJEKkgYHBpCjDr3p6jbnbk0oxgEknNMBAOOaNvVgOfSlAPenYJGQc0ANwSuR1p+OjHikzg7cc0rZwcnigdhCMnng+ooCrkK2fb0o5Aye9OJO3GcCgQhBAOOeetA5HTinKvB3HPPWlPXitB2GcgYqXA4A9KTaAxY85oyUcHqMUEth25NOGOCeooUDp1/pSM2MDrQQBxk4Oad2A9Dim4HHelXBznIoAeRngDAFH4YI/Wgfd56UZxwckfyoAUgHp070/oBgcVEc4AHB60oPPegdiUE5p4Yioe3vS7scZoETbjnHTPene+agBA4zuJpR/+qgCwG9etOIBGScVWDA07c3rQZlhTz1zTwcVCp4561J1OOtVzG3MSFye3WnjA+ZR1qHgnrSqAwODzTTMSwufu596Ac81AXUdR7UofC7M8UwJssB70u70HBqHfzjIxRvz1PJouBL2yfpQP7p7etM4P4elKWJGeuaLgPz3XAoXByO9Qh8845XinBiOev86LgTA8k9qUFei5qNc4wTn60oY9PSi4EoweCORRkEDjJFRZYEnPNL05zii4E2QQxHPpinfNwfz9ahBxjn8qduHBHerTAmB9jilyDwc9aj3DqOPWnA9KdwFwBnA5peaQ8HrQTzgk+vFFwJaA+T81M47U8MO/egTROG9R06UhOcE1XJH97n2pwYcEnIFBNi8CM4xwe9Lu5PqKq+aO3Ip2/PHIoMifsR60pCnqeaYG6Uu/HQcGgBdnB5pNvA5zSgj04pc8DNADOMHvS5pSflzmmUAP+tH04oHbFGPXigB69acOAaaBjk06gAoooxQAwjnk96U+/Ip5HPApNnNM0IyMZ4peBxmpCvpTNvvxUcxmOH6UvTmgLng07YTRzAJupwOeBQEpduBUgJyc+1KDx+FKRjmm46jnmgB2emc0u5eMUwAj34pec9O1AEucADNLxxk1GM4HNOVj9aAJ15496aSBSdKQgN2qGBnalqkdkuZBtAXPrXDt8RUjcpGo2g4wR83510Wv6VNeQP8AZzufHAY8V49d+HtUt2Z7m1f5e4GRXzmcV8RH+GtD28vhSl8Z6hF4+spI9zRMAOpxmqdz4+tpoljWMLk/KT3ry/a0Y2MCpA6His29uIUHlZ3cV8vVznEL3We2sDR6I7LWNbsSPO2guf7tcFeand3EbRM2YmB4NUXkRULAngdKrsfN2gD5jXFUxU5bnoUqMSkPkkJI6ikvflXaO69Kt3KxqzY6gio9ahWExuP4lBrlO9HLlRgj1rWsGwhB521kt97PvWjYkBpFrKbNWa+nDbqEQj6u2Pp1qZo5Le9lMyBwGPNUdPkxqVsh6mRRn6mr2trOt66Jnk1CnaZm1c1oZNOMBO0NIa5pbZbq6ZY8Liq/lze4IqOIyxyHBI9zXROrdEwhY9L8KRCyud7nDHgV7/o0n7hBJ1P8q+afDd2/2g/aDuRcHP0r6JsbhjDFKoypAI/GvLxWx9Nlc9bHVrI0blc5HSus0a6e1ZGAO1jyK4yNzvTYducZrahkMcg5OBzkV4daN0fZ4KpqevwX24K8Z5HUe1bkFwB756V5jbXbwgS5+Vq6qxnMsQMWTivJqQsfW4eqei2SSxn5WwjdzW+G8pcu2c1yVpeILRUbIZeua0I7tZU2k84rhlFntUp9Drra7OMA5UVYXMrFhzXFafqBiufKYfKa7S2njDjBwDXM4s7r6GjbwQAgy026jQOTGvFZ0lw+9ip4FMW5lfPNTY6ITdxHG1sngGrVrcFBtHBz1qqwZss/Q0xPKRCB949qhnZCpc6FrxYGDId2aux6pKw2kYHrXIJIwOB0rQin3YU9ajlFUsaMl0TITnNXLdxJy4xWY1uAm4MCc1IsoX5c8ijlJU0jeKowXZgVC1vEpD5y2ap7jgbfSsu7vPKGM85o5Rc9+ptvLFESd34VRYG5kyhxXOPN5rbmbg1oRXSKMKfmFQ0U5k8ga2HB356iohJIUygwDTAZJTukOM0jSEfKtZ2MJVLohQFnKyDGe9SSxICvlnkdaaztGAZOlSWzpO5RO3WlYHU0LlhBNJIHyQF6e9ei6Lp++Xz5ei8gVztuEfy7SAcmu3sSIEVQMnpn2rVs5KtW6sbcC/aJ/lGAtbKnMe3utZlq2Dt+6Wq/LEbdS6HJpnLpciWeR3ESjpUksbNICpwal09lkkLMOadOwWUnoBQdNN6jTE2zJ+lQPFJEA8feta0ZJ1+Y8Cprp4Ug8sLjB607FubTsYwldRx+NZ16wfGw9a0Y2QlueoqC6t8IpqUzqpysyvZwukilR171tISJNuaoae2GKNx6VovGGdXY4x6U4mNarqRkrOCj8CuM1yxRhtjGRk54rrgf3pI+6KxLzc05cLnPat1Wsc0o9zxrXvB/9rQmBkDq3UHvXzt438CQaRhAMkqD7D2NfdEKRRg7kwT3PNeceMPDkGoRyNEikBCx3d8c8V6FGuePiHZn5y69BPs2uuBHkDjrXnc9r8zO3Y19C+O9M8idsIQEIA9Oa8TvgMPhMFeoFevRrXPNxcbo5nyyvzHqagZTkE9KuTZVl9CKrE9hXoX0Pn6q1Kw5J570o3YPFMAOSWGDmplJwQ1SZEBXr2xTNuVJz1qUnnPWmjHJxnNAEQfaMAUCU88UMuCOajbAJ5pgTrLIpG3tWrFeEYyelYgIbg5AqRWRc46UktDenOx1UV4DgyH8quRTIy5JxmuQSQKuQaPtsnQnHpScXc6Y17HaByBwTilErFv7wrmoNVZThuRVldWQ9VwKfKafWTdNwSdvpSpKUB56+tYg1BHOR3pWvBj6etHKEsRY3fti7Ooqnc3zKQENYT3eTnFReaW6nFUomNTEyZbnl3uWJqsXBUiod2SeaYSQDzVWOYahbPtV5ORt9KpgAcCpRIuMZ5oEWQMjFTRIm35SeKjXLKoU1NCNpYjkCiwFnZ8m4HFXbeGQ8kcUy3VpCAoyOuK39PsZL4ssaksvYUpTSR2Yaj3CytXeRUYY/DIwK9q8PeHLhxstlMgcAk4wMVn+FPDFxqNhKsaHep6twcY7V9j/AA28JQNoqae8QMlupbdjqSfX1rxMTiD2aTUTP8EeFDBHASvzqfmr6Ii0qKNFMQwVGKw9PtV0lAqqN561qR3115u5RhXrza9e56MaDl7wiZivFTvmuv8As7MDMByMVysCJ9oM8p+bsK7Kxk82PCnpXHB33O9U+UgRyWy/BHFakPzbQeaw5ZGFyQV4FasMxDo+OBVysdEl7uh0lygSBQDgEVy9xOqS+V2rYuLsOMda5+7gaRmdetZ8hlhIOPxFixv0SfyupNaE8z+crRtwe1YOnWLiRpuw/nV68uoV2GM4I6/WnE6KkIyn7pJezCMbmOMU6J2uY1kxxWNNKLhC3XNXZrwRW0UcXBxg1DCpS91Jbi3yxsoBOMVlWNm7ZfORnpUhla5m2sdoIp0Nw1tNtPIrCUUSm0rGiGhtgI1XBq1BOYzu9ay3nV5PNk49qaXy25Dwe1Q20RJe7qdNbSqpEmcUy4ngmkIuiD7VlwOrLjPNX0itX+d/vIOKameVVpHmHxK0LStR08T2cQ8yNcZ796+VdQ0p0d5kb7vUV9s6vapeAxuNiMMZ/CvAta0P+y72WB/nBJwccEZrS/U9HA1eX3WeUWUyrDtkOMdKlImSdJ4Tj2NXb/SxBIzxjYD2qGP5wIyfu0OSPXi1e5vmRrmFePm9antVuLVv3h3e+a59VuLKTKneh59xWlDqjXQACY28H1qJSNoNrY622u/m571r2z7iSwGaxLHy5thPetfiID602zV1bF4Ha1OuJTsAx+VRxncBzTivpkVjcXtEZck7vlMYq5amWKPeRxUdzGmM55p0U7LFtcZU1yu9zo57ovPck/dFVxITnK1atYopQSeKryx7WO08UamMamti7HiNRIRiqhbdJuqItMU2g8VEsjA7WPSqUxqSNeBs+lQ3G8SBlNURdBMYFIbt2OO1aKRk/IbNO/TOarR7ny3U06SRWPvTUO3OKTZSkkgkkUL83UViyyo8mN1T3cuwc87qxdpdjkYNKLEmaocH5QcipnKwpx3rPQBFCpzSyyOU2v0q+Q5ar0K7yhXbmsW4lRmNXZXAUk81jMwdyPyq4K7OCbKcoXdhaqTE7wB0qwxZJCjUNsJOTz1rvijy6stTOOVfzO1VJCJZsg5Fat5AqwbwfviueWVYXYdGxW8F1POqyM3Vgk7BSf8AV/zrm1KPOkXTn9asPO0ly/zcdDVCGAXGorBBw7tgV6WHjqfPZjP3WenarqVrongXUrzGDfRSW0a99zIy9a/L34mXRl8V3NvEnyQRQxKR343k/qBX6NfEC1lPw3vbTfmSy/0lM/8ATIEsM/RjX5o+LYpD4luIrtucJIWHfcox+nFfUYKPun5ripXuc2Y/Lh3H7w5zWcqec+X5284q5eHsPuiqkSedOsSPtz/Fiu44TqtKkjs43n3GJ2+7jjrWmlyJlLhhn3P61xV9dSEpHEd6IMA+pFRR3kiMImXqODXNOldmLNiC1l1HWFQNuVew6V3z+XYxiF2+b2rz3R7j7NO7xnDt1zV6fUJ7mRld9pHQisnTuQ4nepdhITIr4HcVXv8AWLe7sWiZVJHQ968+nubjBTzTn271ZjLmH51yrjrUuFhchzkrkXDsW6E49qksfKur2KOQEgNkinvYyGTABIJ6da6bQtJNtdvcTrl8DHfFaSqJI0SRuR6VZ+Z5aZXgdupFdd4c+1Qana2+ns0ZLcnouB1yKoaTcaNb3ofV5CMnK45B9a9v8P3fhGa4QWQCALyf/r152I1O+kXfEmpLYadG2kSb3Rcu54yefyr571X4pahBHLbrDullOwNIeOvp3r6BvrSzvxLFCRjnBBr5q+IGlQ6bepAYwHBB45yTntWOHUb7G1eRx/l288kmoakmzzs4A/Vq39M06Hw5o02qJJmS6bbGD3XtXJXVrJLNFHvLBgFz6c4IrpfFeqxZg0wD93ZouCfXGK9dLocDO/0b4px+FdJiYRee3cH5cmrNl+0Te3s5hvoESHd/CfuD618tXmtSXe6FiHhQ/KOoA+tRQQwzFEB4Y8dsGieWUpK8kc0qSPuPQPjRPd3hLybbCPPLnLH6VZvPikNRmeSxl8kqDhgSpNfKWnTwWn7iLAytX5dSijR5IMu46ZNebVyai9kQ6R+gng7x+IY45JGNxKoG4E5zmumu/ifp9rdRrecyytynQKuep71+dHhL4marpN/5Tqs0cnAjweCPevXdR+261DFq8srRSuw4PXHYV8/ishSk2S4WPtG91Aa9bjyJh9nlznkDK+lcPq/gbRxZtcWcZllcccDJb615Z4VvNftfLeeI+RGAeR8ufqa910rxnZagnlBEUwJhiOmfpXzdbDTpNuGxxVZNHlMsv/CF6fJFPaldzb2bGM57c10PgvxNoM9pNPZ2uJWYlmK/MeOn0rA8a+KfD2rPc2Hnb50/hAJA+hrybStfksLtkt0ymQqhOSW9676OHlKHvEpvqe56jqfnQ+UyiJWYk+grzHxbrt8tzbW1m4njUZZc8ADvXA+K/G+pLqX2C4hMCxjLADG4npmuSuvF1qIHMu4SsOB6/SvXw2X2szWMT2jQPHGgTQmzvImjuozhtqDacfjXQ2etaatwZoZCjseARzXzboXinS7eHO1JryZmUbzyB65FbGmarcTa2kG8S/NkkHge1d08Akrorkvqz6pTWbGzhR7yTG89Tya5jWdc0uOcXFvgDAwTzuPrWZb2I1KzS7EwkUDAQc8ivJPGBWdxCJtjo3zDOBgdq5aOHUp8rJdI9C1jx3b3ifZJW3E8LkdD7Va0FdT1JCbXeEi74wDXz7aarpcF+kk6mRYuzHGfeu2tvipriqP7GhEFvGcEAZ3AfWu2vgEl7pLieh3VnrFtrA8ybdH1cH0rndX8U2ttdmKFc885q8PHcF6jT3LCNioyH659BVSG30q5ZXnthKZvu8evvXNGDj8QrmxpPxAtLewANqN+SN2eCa9N0zxzoGoaUlhuBnk+8qgZB+teW32k6ZBp0lo1tHBG/A7EH1Fef2mg/wBiXT32mzs5B+XdyPwpSoxlsFj60/tG2tYFidxtPOfQDsa4TUNcinvEt9PkHzscAcAe9eRp4g1iO08++Zim4qB1zW7YaxYJbtfTKUm28ZHT3xSWEXcdj6A8GaVpuqs1t9sVmjyWGOOe2a2td8OHS3M9u/7o84zmvBfC3iuGFmtdMYiW55JC967zVNf1K5jjia4JEeOD3xXlVsJU9re+hXsyWTSvtsnmRzbSnv29Kt3msNZWwjuQ0vlLg8ZyBXAahc66sTS2ijdL8uCcAe9c5PqGrzkQ3RKunVl5BrtjTTBQOm1PxBZ6kotraJtz5Bz6n+nvXt/we8H+H9Lgm1q6jE97KpVd3SPPBC+v1r4qvNS1LSbxZGmDFmIBGCAe5r2jwb8VdS06O206ztlLTPjeTyxY469ua2rYWXs7QO+lA+hPiv4M0yDw5Nrty/lsg+UA8HceR+Qr87/EOLu4a1H3geDnt2yOnNfoZ42t9c+Itlb6HbxiCMJukfPC7lAPXGa+eLz4B3j65FaWt0swc7pM5C4A6/hiuzCScKfvnVKloeffC3QrbTdMl1bULcRs8vyPIME4HUZqhdeIDNrFw0shKmQhCPQE4FekfEaexsnj0exnSMWICugOfmGRjn0rxyLRpZ2TUFb5N3BPAHeun7Ll3PPqqx7r4f8AB0TiK7u7gjfyyf7J6CtD4jx2N1p8Ok6KGgkZcFwMLwP4j3qr4VmisrBG1iZpZPxIHHAHrXf2t3oHl+deFfLAyOOn4da+frVJc2mp5cr3PhHUD4r8Oag1tfzeWp+6wPyMPasPUdfvbgSQ+cxjYZPJAz7V7Z8Tdc8Oaxf/AGa2dGtYuQ4XBDjrj2ryy80y1SzWeEq5fkA9T+FfSYaacFKSsyrtrUxNFmm0i9XUVVi4HycZIJ6mvdtD8XWWp6HLaa9OJJZMjyyuDj1xXBaHo0935dzPHtiBA5HGKva7oNvplu+paZMqzH+A4wPxqKso1HyvcbUW7HKazqljZ2b2dsVUM3Uf415DeBp3dsgjkj/9daWuNI6fvGyXJzjjNc40i28GOeeAO1e5haPKrI6qcepSmPluMDIFO89wVlizuXpxVYvt3Y79TXSaPYC7RSSFwSeTXbJ2R0WP/9X80HwuOCD+dJ2zg4NJuQ87jxSBlY7ATxX7Aj83sP6kAVKuSOe3FQ/IDhTz1p4frk8CgLE2cKCf0prN2HSo9wxx0pwcYwea0AevGOeDTs4x/EBVdpCoIHSm5J79O1TJgWSQCec5pVYYFVNxzUu7j0pJmfIThwPm3EYpQwI4OBVUM3J9KduI4Gc1VxcjJ9x6k8U8OCMd/Sq3zFct60gOOg49aLhyMujC/eH/ANajeD83PsKqeYwbaPzp5mbdg8Z4ouak6s3fnHftT9ysORiqbPtGM49qd5i56+1O5nyFzAxz0p25QM1TDY5/ClD80+YPZlrcOnUUu4ACqgcnp3oMhBOelHMT7Mvb8nHTikGCCT6VTDDIH40qyjGQKsPZk6tn2zUqH3qtvxjjpTvN2g8YzQZ8rLWc8ijrgiqobOFp4J6YoFYkY85Pak3Hjng0wlf4uppMk4weBRc0uThlII3U4kjC9jUfbPGKM4IA5JpXI5R5YZweDT/vY/nUakgnaB60cnkADNFw5SXgfU0/k42j61EOMY/Gl+U8MenNOxNicOOh6ipAT26iqobsOh9akDfiKLATg8YJxmlB5OOajVs9Dgj1pAwPPegCUMRwvOOtBwOnX3pik5wOM071LjNQwE+vWpBtJ3Hj2pOMegppLHikJolHGTRnvUe5qTnrnmgmw4fl/WndDimgmowW7mtAsTdeOme9SAk8jpURHHAwaaGB56igLFkvx70u4DnrxVfnkilBIPHOaBE24dR3pxY8tVbcemKXeRx6VaAshxj0Jp+4cAc1VDsBuY1JvHBAyaXMBaDYB24o3EcL3qDeBgD1pxfglccGjmAsZAFML4PHaoS2enem7yKOYCYsOuOtODYFQlj0oJ6c9KXMBODzzgCnBhnrVVT17570u9c9zWntBWLYkOeualVxnB4rPLY9qf5mCD1+tHtAsXzLz1pRIG5zVLeO3GaVWXoeaOcj2ZoBx3OaflSDVHeMDABp6uMHIx+tWHsyyGOcY4p24/xDg1VDscE847UuSM5oHYuhsD2o3jHGaqltpzilVjgD0ouZvcthqUtUAYUpajmJuWM9/WlB/wBmoA3r3p28Dv0rMZOM5GOBQQBUAbPOMCpS2CTndQA7B4704DHJ61CSSeWpwfH3eaAJutO2moN5qRXz70AOwV6jNJ972pWYUqt60AGKNtG6jdQA3GTgUvGM0hOeO9NLZNAEqn1pSefSoC3TtSsffNR1HYsK6r1IPPfpTmjDg8DHeuf1RZ57QiBirqeCO9cKl74ksXYhmcDswyD+VedjMU6b+G6OzD0VLZ2Lnia0tJXY7eexryDUdK2Zn3kr1Nd9qcurzKZrmIgdeK4bUL8yqYdpXtzXw+PXNNyasfTYW6joznX/AHC4bB96opdKJwz8AGjUndUAXjPesuGKacjHOT+FeTfuetRba1Oo1CNVYehx0qLU9ksUTAZwuOat3iM0MUgHHCmo3jDwbcZ2jiuVM6ziplAkIxg56VatsKxboDTbrdvyDTY94GRirkalpiYbhLpG2+WQwrpdRnF0UuYxneARiuYuMyRB16dCK0tNuB9n8pm74/CsZw6iNGFXlTe4H+NV7oAj5eKuRSn5kICqP1qlKx+Z88CkZk+mJMJRGpPznivpLRSDp8ccnLKOtfOOl3A+1qEbJYd+1fQfhydpbFWUfd6msay909zKZ+/Y620LFhk7q6ZDsG0dT0Fc1bTJE67+ua6a4O8o68ADtXjygfbYSWppCQSQqoYDHWuk0W/CYHQDuK8484o3UgHtXaaW0ccKkLjNcNWme/hqvc9SsLqOUHdymM575q4bqKNwdwwa4y3uhGuyPILda1o285QR1HevPqQsfRYetY6Hyx5hkU9ea1IL2RMFjXP2c4UhJG7966CWJJQqpjPqK5JwZ6ftrGnHqyryRnNaFve71LqAM1zYtBGDlt2BT4bgxDYT3rCSLVe51TO8kZ5qGNQXBY8iqsd4GXavWpAkgO4Hr6Vgzop1CwS4YlTipopWSQA81V+6cN1NNdmiZX6iosdDmdKrFkzmomyrFutYxvp2XanFVXvLlThmoMjpDqKxjnn2qnNuu33kYHpXOtqCRnL9RSprYkbZHwadgNmaG2jIUkjucVLGYUjLr29aoxlJ1IY5Y1fW280CNzwB2o5BSnciF4JGwrcjrQJJJMBWwapGARSMMYHbFX7bY2csAcd6OQhSJJY3lVYpOX9a6fS9PtbW3Clf3jck1i6Taz3V0ZWH7pOmfWutjRAfMY4C9qxqRMqlXojR0+C2tmM7ntXW6PH9rZjEeB61xUdzHdTrbw8E9a7fT7SexCxq3DDmpgtTCcvvNhLf94QXAZTV2dLgQmT+Fax5YWV94Ygmr1rexlPJn5AqyebS4y0m8sGUnqeBV25mheLcTg9aoTvbxpuXkZ6VkiYSyfNwCau+h20VdXNWzvghKgnFX7m4kaH5RuyKwMIkmVIAq2t2ArRkcjpWLbNLGZcNdBAclR7VtQTSzQgk5GOtUfOYxFXXg0fa1SIQxDnvShdGvMi5HIY7jBIxUyXbSzbQ3A4rnJrssdq/e6VaUrbRh2+8TVthJ21OmLokgQ96mnihkjEcSgMe9crDeF5QW+YV0RuRDtfFLmOarCyKsiRIpiIyw4JrmtdtHjSNE+fzAeK6eaSKRfk5djk+1QtYS3OJHJIUYz6VtTmeZXgj46+JnhYEuEBJ68dM18ua7okVnCxLjc7bffmvv/x9piG3mkjbLdBjuTXxX4y01oJpZJRndwB6V62FqanBWgrcp4XcRMcDsBWYV7HtXX3MK/dA5rl5CN7D0Ne/SPm8TT1Kzx9/Wo9pAxU+7PHTFIMOas4iuVwPrUBBBq865qs47+lUkBCwOKrvwKtA5qKRRVAQZ45pATjFMLAH0oLA8CgXOSb8LtFQNJj8KkI2rn1qMgLigfOSLKQMgVCZn6k/hSAlWz14pqYLZPQ07GXMXIpsg4NWQ5IHJJrPCKhJU4qwkuBjINWkh8xbxTs4AHWolfPB704kZwOKlxNEywCvUUrDIwKI1GATUxXjipuapkKqRzTo4yWyacuCM96txqgoEx6IeMcVfjjAB469abBHn29K1orclRtHWlOVjooU7j7G2LZZM84H51634O0u5inhuVQrk7SCODkjn/Cuf8L6HPfXEcFvHvdjwMgfz9K+s/Avg+LSpFkv08ydfmBPQNngj6dvfnrXmYqt0R6kKLikdT4M8MxWAcXcBSWbrn2r3zRrOPSVQpgBhjH1rBghtnnhCDIx1rtLGOO4k2E5I6V4VWVzvpUb6sbdRFJFuJBkN0AqQIZF+VeKnueoT+6avaYq3CMgP3etcckerSXLBWKNpZGZHCdVrZjjltwpQ429atWsCWoJHc1Tu5TsbZmlGVjeNVuWuxsRpBcLlhhmqCOB8MOyk1T0qYykKOoravgYcPF36itEipS5XYzbfe8j56CpXV92V9atWduuQWON3WpZIgrkZyKhXuZutZ2IrdxFDIH4JB4riLh2807jx2FdfJIPuL17/SuO1VUSbappSdzow0veYJdnIA4FUNQvZ0mGzkdaWJgrru5XvUkqQyXOexFSdexowuyxpNIcEjNTW8EszeYuSAc1V/dyKkKfjXQ215FaRtFwcjGalo4astdCpNFll2nJParUUSqNvc1RNykMvmtyKjN+4bKjgZNZNdRJNo0iDFKD2NaaPG0ec81yEt3cTuMHgVcP2hYTMG4Has1OxNSjdWZ1809lNbLFIBuWvH/F9pDcMrRH5oua6KPUUYHdwwrIvnhuWff1bgVTqmNPDuDujxq9Tzx8ykFelcxJaJGXKnDV6RqI8ovCY8Y6HHWuKuYt8m2MY71J3U6j2MGaN4V3L8wNXdL2H73y+n1pCxSQpLxj9aFkhH3flzRY7oVHsdPa7twCHBrVLumQ3PFcbHPJG+6NiSK6G1vDJtLcmqUzRu5eW6YENGeRWmLkOgCn5u9ZBjXcZkHBHas5Lh1cqT1NTKQ4q5vSu5YE1KD8oDGs2KZ5ODUxbC4BzWVmaKVjQjuQnyg4xVlLlJDtzzWTDscEMMmmSMUbI4xSJm0zcmYIhHTvWTlpHLA4AqJr4bf3nfimfaCT04rNoygydA27LNmpvucnpUCspU9jUEkrCMpmlYvmHO22TP8ADmrEkwC8d6yXdpEJY85ohbnDtWqiS2VpWEkp9qayrnOcGrNyIY49y8msV5zg5HFXGInU0saqqByTg1n3Em5uDUK3QCZc1m/a23nA45rSxz1noR3TvtO3ms1/mi3McFa0txk6nFZt3NHGCvXNb0onmVZFT7QGzu5IHWqry7pl2cHvWYs7Yb1zUsciGQgHBHWutrY82UtTQneSSLGchK5e7lDzEDmtSeYE/uznnmuavQ4n3K230rWC1OCtIyS7xuwIycntSabN5GqxXDEbg2BjrSSo4BIOeck1W0iN7nWoreTHlnLZB54r2MNufO5j8MvQd8ePEkFv8OdQt4CIri/kihizz0bc2fTha/PPVL261K5+03JzIQFLE84UYA/Cvq39o3VILGLT9HI3vOWl3D+HAIH1BBOa+PrxTMp2HjFfR4V2jqfnOKnyysQzwTFCq4bPoarKwtYGjfJY9cdqrHzbHDud4YYX2qSK+ZEPmKHDdzXS0cTkVYGMkn+yfSrqKqMWyCe1X7JorcNLHEvz8kEUjRwuCRjJzjFZTISKgGD5g6A9qsxOn3+4rL80qxU8c9ulI0gyPm27eppWC5ZuJS0yc4BPTHpW3ZzI7eTjNZdsob5id3oT71YsVVb1N/Iz+goqrQwZ63oOiWEli5B/ftzjtWXeaTPYwTTh8AZIFdfpN1ZrFHAo8tiByOaTxiFt7REtwZBJ1I6CvnpVHGdmZXaep4MNbuSXkmTfzgcdPeu10HVp4Nm6TYH4yDWBBpN5fSHKbYQSN1XordLR1XlwhyM9K9CU420OtTaSPeNO1Q2MLStIAirkE14f4r1GTVdUa8mk80McAV1RuHu7EpHhcLznoTXnuo28kALSjj1HTNFPe5vKrcksIHmka5Unbbjdk9q4HWr2Kd7gFmYydz2rvnea20FIlJD3LHtzivOtRtWt2LHkt1r0aMo3IOW+ztnA5B71PB5sUqNngHtV+KNvvscCr8elvNA0/wDDjjNdbkZu5D9uSJHJY5PQe9WNLNwUkZWLbv8AOKxzbbGIC1v6Q81oXuGRWUYwDWckNnQeGJ9JtJnkvhumUnDdga2tT8UX8Nyt9bylgpwg9q86u5ENx94r5hDdOCa6Dw/C2v6rDYXDbYsgD0ArKpTutRH094f+LWpz+Goo72ySQMNvmDKZA4yRzzXm8ni+5humhtA/mXL5LoxBB74x0qXxHJYabp8VjZXIEdmgjIH3mccH2JPfFed2cs9tc/aLdsPk4PXk15zy+mk9CJU0z1DUfES2jxQyRF7gqMk+/f1rrPBmpRafqkV7LGHYEnAOevc1wFnD51nJPcr5lyQTuPJx7VPpXn6UrXjbikjAc85H/wBauCVFW5DmdGx9D69YaB47e3TyAWiOS+cH3Br5u+Kfg1tJ1oDRButpEUlScbSOo9a9q8I6pbQjzYHLZbc4Paua+L3iTRdVmih0zm4gO2U42hh2we9edh1OFblWxm9GfMEenTi7SFYikrd+n616ZoNkNMR72SQdMMM81JeaPrEWnQ6tHHuiKrgY55rBsp2dpW1BmCgHCj196+hTUlY7IT0Or0Px9qentc28cxEIBLLnt25rzfV9UvNf1B2jbGDnjjNQNHEFnKHywcnJ7n3rm5L6e2b9ySpHOf61vToxvdEz1Op0yCe7kcujOE68dB61u6VqU9rMLdFygJI/OpvC+ozrp0sohUuVxyc5ArkV1nyZpJDFtcMxUD3olRb0Zk46HrM+jTXdxDdyODE7gsvpXulhqyvcWtslkqxQKArjquO5r5c0vUr+98jE+Vzkknp7V6hN4ptNTMWj6fO0cjEI204LGvIxdJ38jzpLWxofFW4uXQ3ER3rKPup0Azgnjmn+BorK40eG0nm8uTJY5PIGPu1rW/hm8s7Zzeg3CMOjHcB+dcPpujTzeLI0hlNnbSPgE54HcYFZx5eWx1U4rodpqGuaZp0fkSoJAnUY/X61Rj1K01ixZFX7OI2O0HjI7U7xHpEs2rNaoglgZVBOQPqcetefX/iS0029bS5YxEbcAdepFbwppu6NuU6M69N4dcTW6hnf5VPJ2/SorTx1fz6i08xZ92MLnjOfSsKyguteZZ3AEIccive/Dnwu/tBY9RtER5LYBgBwWPbr1rHF14U9ZITmos6UyXdzbQ3M8DC3baXPPAIHrXL+P7uxs/D7zaexLDgsOPyrutcXxPZac1jqMWNw2hTjDDtyK+Z/FFj4guZJXWCU2ttgE9EUdyPWvJwnLOabehdJqWh5+l5eanqMdjZq1zNMwVVXlixOAMV9xaN8IYdE8MWV5cSI+oWy+ZgdFOM4HOa8y+BHgLTtPt7jxRqku+9kLRW8RA/d9MyZ65OODxgZ61t/EPxh4g8N2l3NaSvIHXykB+YZPHH9K+i5Of4djuTSEl+NmraPp+p2/mD935kQcZ3YHGQQfXpVb4SfFXUpzcW0Fz5s79ZHGSq9lweO1fHWreIbq/dbX7ikgsOmSa+yP2bfh/5mnya/dRZa9mWOFeo+XjPvktWGOioU7sqEm3Y4Px7pZfUZNQUsEdwBjB/z81S6X4Xu1aCCa4kiEgB24yAM9q+ifi14Vk8NX+mXD23nW4wxOzKl+6n8K4OTxOmqTuxtfJS3QDOOhB5xiuSrUvTstDmqovmwtNIsN92fNACgYrzHWtRlO794UX+EGur+0vqsarG3mDd29q5PxroOpOIpLJRg5BBrhoRSd5nC6Z4JrsEdxd+VbthC2Wxzk1q29vK6IVjxHF/F6Y6CtZPD13bYuLuDYZGwgJ5OTxXoWoaMlhokf+jiKSTGRnuete77VWVloS42OKvNc1a6s00nSINuR8zgce/SvMpm1KVJ/t74wxAwcEkV7pba5pukaLMpiI8sFjxyWI9a8OvLK/1gtd2I2FOcHjrz0p4fRt2Mmii+lxXWPNYZA9elZGpeHR9nNwrDavG0Hkn1rtPDun280Ez6m+2VSVI6Gud1OOU3JtwWeNc7SBzivQp13fRmiv0PLjbPK7QxKTtODg85Fblj5iSJbwbk3dSR3967jRdNt7K7+2zw4jxnJHIP0rbkt9Ov7trqOPylfqSMZP0reWMV7I6otn//1vzEU8HH5U4SYII5FV942nbwe1Nyf4uTX64j4BrUueZuY9qAzD6iqilgfXNPMhJ4oJsWPM7kc0GQDkjtxUBY9eKQPIoycdO1aE+zLSsCowDik3gbipJxVYSEjOTzTg237oyazMmTB8nPb3pC5yxyDk/lUZyQT1NMGSuRxnrVtjJ/MI+9yPanLI7EetVixBGDgetSAkc+lTcLk7P2PIzQWOcDPBquOwPQ85qQkZ3DjNHMFyxnk0EioC3NKev1ouFyUncaXjAqMcUBjlgRxViJdyDr0pQ/41DSmnzATbh1waUOcnmoCB35peMd6LgTdjzTw2FAqFTzil3DNWBNv4yMHtTs4ODk1CG7qBQDjgknvQY2J1OV29DnrTwWOCrdTioAQBkc5NKOp5wB2oESggqCeTSocN3NRMVAAPJoyM81DYixxjoadvXoORVPr1NOBA4bpVjsXA+M8YUUvmfLyOKrK/8ACTx70FyeM8etAi4W7etG4FcHqKq+Zg9aDJk8dzWnOBcBGMmnA5+4cYqEEdSelGQSOcUXJ5WWVbJ+brUqk8BarDr3p6kg5Xv1oJsWMg8Z5FPUjGPWqu5uCMHFSKfkBz3qGBZHy9BnFLu9qrlnwdvQUoJGCD1pEcxOAODTcjpTd2evWnYz1oLFUDJz0pOvbpRjd8uBTtvr0p3AQnPTmm4OfSnHpz+VGMcUXARMYwM1IGPXimBsDr1ppfbxVmYZx8xOKOPunr1oxz696M5PmZ46UAGcjcDjtinEluh46ZpoAyRn3oVSoxmgB27GP4sU/fxg/wAVRAHJHTNRjO7A5xQBa3cAA4Ip4bnKncKr7yASBz05qUEAjPGaAJMn60Z59fam5FLn/wDXQAZz2xj0pTlulIMjPpR0/wDrUABLd+1GSeGOcdqUg4znrSHdxkZoAcG4561IJPwqLB+lA5+uaALIcnr2pWc8YPWoc+nalBOee9aATqzDNSB3ztBz3quG5BNSBjzjkVTYE/zc9s04NgAA9KiB5G3pTxtxnFSRKFyUvg8jrRvz0qPjuKdwOlU2L2Y/dRupobg00Nk1JFiwH7Gl3qnXvVfgA4JJoGR3zQFiyX4ODxQHGcDmq+SRgilB4AAxQFixuPfineYQOKh5PB59KTke9QxFoSdPelMmRzxVXPpxShvxzSAtbwQO/vSCQY4qsc9mx7Um/gAVXMBcDjvzRuFVQ+OlKJPwqecdi2GHrS7vf9KriQYo3MenNQzSwMxY47UjCIJkr93mk79a5rxTfm0sW8psOBuIzjIx0/GuXETUYuUjoo03KXKhb3XdLWJkmAHqK8b1uW0uJzJa9GOQKbJqBuFPmnJP9arrbpLIig8tX57mGZOrK1j6jC4WMI6swprMXH3hnbUiWpgXO3GT0FdHdaYsSmRHyfT3rJYyRjHQk149aT2R6MZW2Kkjt9ndPXmpbTEqc9Mc1Q3fvQJThS3P0q7ZAQ3Yik+7n8xQoaG/tGc5qFuSW8scbqyYXZFII5Br0PWdLkj4QYB+YVwbIUZj785ohqjoUriQytv2EAo3X2pyP9nn5Hy5496YVU4zxn9asPsZNpGcdKRobCp9rTfat+8H8J7/AEqjLMwPlyLsJ/Oq1vcS2s6MvC12UaadqsYF2TBL/DIo/nUWM7HM2ciw3kUjHCg/N9DX0d4Ou7RbV4gSARkV4Xd6HcO2y0YTgH5WHfFeweE2aK3RJRzjBB7Yqai909DLZ/vDvHkbOBzmtO3vf3YRj0rIYjAcfpVVpVDbQCe1ee4XR9xh52OlNwh+Ytmui0i+bZ5fYetcPGdq4FbVjPskGDx3rz6sLns4apqesW8qsFY8EitSO6eHlWwork7S+imUBBnbUsN+GkMbEgV51WB7tCodpDdpMMsfxroLO7EB3Alj7151H94FXwOtdZaXETIATkjmuJxPUVW52kd4ZAGZeKmYQtIG24rmU1RY2EY6GrrX/mABM5rJ0zRVLG2rRwtuBz7Vox3UpAcKa4uK7lDnIOPerx1mWIAE/KPSsXSOqEvM6Sa93uRnBHWoPt0WAGPArlJ9TluCDHHgnvT42cLmfjNS6Z1RnobFxq/LRwrx2aq41WNSgmJLE1kTSp9wHBPSq0VlJ8zytxjOO9RKCHOaOnljFxg7sBqqmSCzbHV+2arQOyx+aW4XoKxbma8vLjzIwGCd6Rl7RnU2t5dysFQ4AOc98V0Z1GWM8seR3ri4jPGgkLYOOQK07e434D5JasxKTNuJJbiTKtwx5yela5tVQhVYsT6dKx7G1MsxleTZEo6etdPG1vFFvUj296m5E5M0YbxtOsRFEd0p6iq66q7t5TfiB2rHt0lvJjK8mxMnGe9aEsSJKixLlm71IHb6DbvLJ9oXoO5r0FrlY4wWOWHSuA0q4ltlWOUbABUrazI0hiQZwetBxu7kdl/aWWBl+7Uou4pT+76GuFvNSJQIeCKlj1TMKLAPnHWszsjHSx1co2ncWPNZ29kmC9c0+3voin7/AIIqZpraRQ6D8a0T0OmjK2hK8LI63DE4x0p8l4ryIEHSoJ5yQqk/e4q3BErKCVB296zudCZanuA0KhAAVqjbqXdpWB5Fa8doZcEDap71nanOlj8ifNn0pyehmpGfbWbyzsc4I6VpvayQozXJw3ao4ZDHGs46nmpru4Jtjcynk8DNY3KcrlFMrIrVtTXqNGq8DFZdijT20krgHjgiqEEU75Zz8ucVLkE5J6G6k3kfOQCG6GpX1gtE9ovBYH8qS2gSYYfogzWFJD510ZEzhe49qqEmcUkm9Tm/E2nPJaKd2Oa+WfiXpShoUXA8nLt75r651hZDColHHb3rwrxro0Op29xIv39hXPqBXdhqmpwV4pO58V6pCY5S4+7XDzIQ7kdzXp/iS2MZaJexrzu62jAWvp8NUPncZS6mWF5wafgIakkTau4VWyMZau9I8dik5z2qu4HrTi2c44pAEONxzTAaF2mq8/ADCrDDnI7VXkQsBTsZmZJljup0aM3WpChB21OqlVx3NFguI+HKoOMCqzLszk5NTHOeucUMu88DjFXyClMos+MjNAdcjb+NTvENhJ+VjUSRg8Z4A60cpi5CswI+U5qxFFwC3eoAgRcLzU0ZkVMLVqI+ZFtV2kDrUgXk5qtG5JwavxJ3qWbxY9DjjrU4ORkd6rBeueMU5SynHasjVMtBQFJAxV+3QY5XNVY0Jxk5BrbtE2qFPU0G9KnzEUKMzYXgV3ej2EksQbyy6g4JrDtoACoVckn8K928EeFpZLmOOUMYm+YjHbv/AIV52Iqnt4XD2Oq8A+G5Ckd5JEUZPmTjr7V9S6dFDJbRl0wdvJPb2qLQ9Gg8qGOKLAGOcdK7WPTDDCW2jA64rxq8zvtqZcZ8iEsTgjkVqafrSoyFOvQ1h3qzFsAbcjpWppeitJZfaHOJOwrzpSPWpU4qOp3VqWvE83by3FQ6aZbKeWM9Wal8KXEpBtJhtGeCasXuYrx9oxWbZMPicS5qV35UOU5IHWp9CC3quZ+RtpkVkl1CDKT84rXtxDpdqAOS1OKuRKqkuUx0l+wMzJ171eF200e+XgdqxdUlDZeMZzVAXnmQeWflZavnsjshR5kdY94VQMh6VrwsbqyadD8w6154l+EtX3n7vermj61II3RGGyTg1h7TU56uGdjTkvFWRg9czeHzLng4INSXJd5DtbGO9YUxuTdAp8wBGTT5jppRtqaiRna+7qKjgcIzSEg4BFTXaPGoizy/SsmaCeKJy3AAzUMr2tzej2tGZUbBJprrJGgkZuDmsOwllO0j7oreSYSboc7gelRzGM5WYjT7owScgVFFc5ct2ParV7Zmz2Rsc7hn86zwIy20cY6mkPn0NCG+iiJO3jvTv7SQZTOQ3NUJ4lWIsDnIrMis7uRwI+pqJQHFx6krzw+f0xk1rtaW8qLKOMc1gtbJHcmOcEOKutP5UQjY8VHKZ15aaHP+K7iJ7MpGg81ejY7V5RGWky7naxr2W805L6Te3MOPmwa861LS7ezuCASIieKuxUJ20OQvZA4DnG5axZGEj5VsN/M1197aWqxl1bOa4e6gkhcyKSVU5+lM64VVazNW0mlibdKOK14bsHJjPWuOg1lEmHnLlelXDOpYyQNxmmoG/tDr7bUZVzE54PenzCTeGj69a5OPUt7lCvIroIdSVlII5ApSRrCXU2baZ+rVae8hPyjrWFDOZRjODSyAowJ60+XQcpm3bT7N2OhqKe4AfDHJPassTMw2rwahkJJwevrWbiZFt3ZmBfp2FX1uAzKpGMViAsUKg5YU9Zzxn7w61k4F3OlVs/dNQmNyx5qvbzBhg1aUgcjkVUYEuRVlDIcHgVWIJ6Gn3MzA89qgecMAa3M+dAwyDg9qyLg7fvHArSefYhJGMVz+oXCPHweTUsjmvuQy3scS4HzCq8N0JhvPHNYjMS2CelMW9EACjmqjEyrSNy7uTCAyHrWVLIsgLscYqm93G4y5wazvtPzFTyprshE8itMcJoopizAkH1qSZFMhkiONwqhKhmbC5Cio3eSFggOdvetrHBOQvmlJih4BqlfkAxnNTqGeXJqjqcyxupfjPGDXRTWpwVpGTd3D+WwT7rcZFM8OTNFqjSOucLjOKy7q5Y74UfjPQdK3NGkjtVkvZCCGXGO/Ar1sLE+ZzOdoNnhHx+hgm1iwunGZDGwx/wACBA/8erwv7PpEsbvqiGNQDtIG3FenfFDxBJrk0ckqjdAzBD6Bj0ryG7uXu7A27jD5wrD0xXtJtI/PMVK8zgb1W+0vEp3oD8rU6SGFYjk8AD86kNndCcIVOO5qfWIltrRDE+c/eA611QmcXMzGS9eNvK3nHTHtVq6cJABC+w/rWGsqLKCwwRVnzy/ysQMccj1raxqieIBjl25NOSFllIb51Pao5J0RAqgH3pLK5czbe3rSEdHBCHj8sZG44yO1OS2t4gVO4SDqfaul0gx/YzchOvHzetc3rF0FZt4AJ9Ky3Zkdh4Qt1N+Lh7kmMHlOor2i6tNNvYtkTjzAPu4r5u0IgMssMzRsOeOK9n8Pa9aSsI3JaToXPtXiZrh5c3OiJqxR1aBNKTyYUAzycdK8xme5uZy8WF3t+Fe6a3Bb6nAdrEoepxXl39hy28z+SWYZ4DcCscLUS3Fz20M9XeOMIrEAfzrqLXTkvLYC5YHn7p7+9c5NZvDcfvjtz1FdFpMqPcrGMkDjNdvNobXLt5o0V3LHGfuRj/OK848SeG8RNNBnarYzjpXsjnAyrAEn9KwdYvY5cWMUJckYyO9RTqsXtD5se1kSQiMFh2zxXVw2ssdmhlA3HsPeuh17RXsp4ysec1SmkeVArYAQYx06V6sa3MjRO5xbwqblst1p6tJMPITGKsahbzRKspTaGPUVb8ORxPcu068KK25wuc9dWkyKQVyQKNJi1a1BvrVWiVerGtu+mjF0W243dq7ny0OlpEw+RlzR7UdzzW6v57hV+0ScryfWn2eo/ZZlklfeF7Gi7svNnYBcJnFYkunziQk5A7U/UR6H/wAJBLKFeJ/uk4I4xXoHhVr3XYvNZx5ceV2k5/H2ryDTrF/soSRwHbpjvXaabe3vh2KUwDeHXJx1zXHiKUWrImTueg2Gozac9wkI3E5BGcce1cn4i+3ajY/2jHDtjtm+Y45OetN8LtqGszS3jxkpE2CT6+n4V2F/qccksdgsZ5IDDHFefJcsrGbpXOc0nxDry6dtvT5kEQART0wOlc/pzrq2rymFdxYH5FHAavXrLQdJurX7PGSWbPfue1cxaaW3hC/uHW381pPlDeg9RW0ZK+p0RonDazpfkWk0DKRIcnnjFePTyBZnVmLEHHsK+mNdvop9KaOaD95ITyeor58ntI3vGUDjPXNduFna9yJqzO28O30KaTJlgGAI64rk5EHmMGYMOoGeSK2INLle3dIOCAMDOM1am0WLSo4bu9fc7kbVA/Stm23czcXY7vwv4WtL6wWWK48q4cZVc8gn1rX0eO38G6pHf+IYj8zYjYDOD61V8I67aWdx/wATFfLTHysBg1sa/fr4omWDT4jJFEPlJGTn2rxa/Mp2ex50oam1rvxWtYIoo9H2XW9suXUqdo5H4muQ1T4hQXEitpkRt7qPB8zHQ+wFeYy2k0OoSW8qiORSeG7EdeuK928F/C+012NLt1UJIm0tKSMn1GKVSVKlG7Oi0YbljwUniPxbcuLUGaWWMkyY4BHGfSuc+IXwz1zRriK9uFLLOT+84OcdQccV6r4RsNZ8BavdabYJ5qAgKVOenYHj1r1zWJv7e0e4s9XRTKUYKuRnJH865YY1c3um1PkmfK/hq/g8PQxwTETytglSR8npXsvhPxnr2m3K395iS1wVSNR8uT0yRXjmveFpNBH2m0cTtMcuCfmUVzz+NNZszDbQkG2tmy6L0b1561pWoKommYYmhqfed9dp4jaztxKpkkUEhSDtzzjPWuO8YWdlpyf2ZBhopQQ2e+e3tXzl8PfGN7P4gkvYlYTopEYXJwW/wr650vwqfE8ET3Uw844kcnk/N7V81VoqjUszKlFxmkefaF4duNLsBqb8FkJijB9BxXjvjXxbFJYG2uVOFYlyeSWGeAK+9dK8HQxzQ6ZsEwwAO2favk39o7wXp+gSxXUK/vbiQkoBwBjkGvpMux3NbQ9irT0PjqzbS7rV4pbgHa7YAI9a+4vB3xDt/D9zplnokat5JQp6Ak8DHHevkzw74ZiSBZDl53c4UjP0xX318DPhFpdjYt4i8QBXmbhEbkoQPrjP+R3rTHzUpIqgtDb+JPiJtRsYLnV2WNk+6MYAJ+9gV5a8Qk0S5vY2Xy/LY5IwSCOlcd8dPEF7P4qSwsm8q3tXaFVHOSjEFqyE03XL/S7fN95WBllJxu49K4MVT5Wkebi5e8O8Iarp0XnXF+RAiZUAc7vSuqfxnb6dYT6kUWV1B2xBskjtz2ry/VPBWsmIz2r4iPDn7oNb1v4NNp4fa8klDFVJI6gmsXKnsZqqcVo3ip/F/iI32oQkQWmXVCc454U/StLxB4ssLu7a0XO8cBQOMjtmuCvjFpMc/wDZiiKRid2DxUvh3RrbUbFr6e58u4myYweCD6/jXvVKMVBSLaHPo2qa0JICwQcEDOePpWfYSSaPf/ZLiMmReCccdODivZPAvw01CPUY7y9uGZZgVC+oPfmvRtU+Hlkt0qQqCSvzngdO2a8OrmkYysnoYyjY+SNftGuJxc28ZBduSnAra0eTTIp0uLqHdJGNoA5z25rvvEGh2Om3hgiB8vGCM8A1zNpp9nY77z75HIHau1YhSiGp0fiHwpGdGOqQQAs6ZZPQeoryex0CWWcT3B8tQDtBPBrrtc8Xaw8awNNujYYA6ACsl9dQQJLcKOOD24rpwdOcdzenc//X/LkHPtinU3qeOcU7BGa/XEfAPcCTkHpQCMUAEjA4xzSkAkmgQnGcEZNBI6Zx7UdflbGOxFGSeduB60ESkHsenSlTqQT0pAcD9c05QSdyn8KDIeGJ6HpxShM5UHpzS4U4bpThlugx60AMCn13CnNwuMde9Lj14I7Cl2cDII284oAYOFwe1LxjB5NAzkn0qTyzw23pQBHyM+lPGe/apSgHB/Kl8sc479qAG5zwKcM9TSEBc04jB68GtLAIMU0j06VIB260u3jilYBlKPbmnY5weaBj6k0wE4AzTiccAUgB54qQD1oAMHoBj3pQecdTRjk54pRkDrkdKAACnYo68UKOuT0ptmDEyB1pMr2/WngDtRgHg0hCAZWj72PYUuMkAelOAya0GIBlQDTc4PFSAbRzUOSelZsQ/jOAc0v44pD/ALPGKQE8knrQA8HjA5p4b8MVDk8AdacGOeKOYdiwrHGQSKlB+ZsdTVVWOcHnNPV8g5HIrQLloHHAOM07co+9VYHkYGcd6M5GKCGi2H6jPFSA8A/1qluOQB2p2ckZ7UEtF3cQ2CRT1k981QWTnOQKeG+bmgC6rZyOhqTIXrzVMPjpzTtx5I/KgCYsTwB1oL8nJ7VFu7kHkUBjwRQFiRcjBIzUu485H41BuwTzmmlsDP6VdxcpMDubDcYzSZJwuOlRbg3TqKXIyV7imS4j8jnd1pw54BpnfI5zS8/fNAh2R13Gk4J35xzTvVV4NJ0XBwcmgBxGWx1HrTgRwccUmGJBIwBT+Nx3DrUMaF9sjmk9MmjOOnGO9BJ9M4pplkv3R1yKQPzxTA3cDmjdjknBqiGh6kGpMeg6VErE0/dnt1oEGAPXkUfh0oJ49hS4GW70ALk84oyATnNLj2zjvTNwGPU0ASBqeOtRenvTs4U571XMBMCD0p6syn29KhU8U4FuRmmmBZByfrSg/KarFzx7U8Mc8mk2BOHx2zTt2feq+9m70u8DvmlzgTjnpShsdaiDgjJo3YOBVgTDk04Zz/jUJO0ZpQTjP86AJFJ5GeTSk84pqtjkYzQTjFZswaEHLVIBxjvTVOSeeafnv0oCww88rSY7s2KlGTxnNLtPSgLEfOPT+tLkd6lK8YNMKjp1qGbiZI6U3zOnalIxnbzxUZPqO1IB5fqMc4zXmniiGeV2BPJr0YDc2GO1QKp3enwXiESLnjqK4cwoOpTcUzrw0+SXMfPWAjNkZOeKt25mTEu3JFdXr+iR2MvmRfdPaueLzW8RMa5BGa/NMZh5U5crPqqdRSiV5dReVOnzZqq7xMpLnDelVctksOCaSWIvGSDnjNcLvc3UdSjJaPN8sTY7jJqyPNWMPKcvH6Viz3WDsjP3aIbwZ3ysR2wK6IGyTO3gv49QsTG5JmTgf4Vxmq2xjkfYvy45q9E4tZVuIiTE33gOxrVu7T7XGbm3+ZHXkj1rKS5XdGkGecicKQp5HYmryOcjI4NLe6cVX5Bz3qgpaJvLcZxRudW5plRINuKnha5gx8xK/wBKzo5QGC5IBrRSQxtnPFQwZYj1S5s51ks22MOcV6d4O8QXd5dlJkVs8E15f5ttM48wcnqfQV2Xg1re01N5Uk3Ky/dNNy902w+k0z3t49uPTHY1XcjOOmMHioknD/MDkEZqyiqTz0NeZLdn2uFnoWEJK7iOKlSRgcIQPaqwLLwpPFJGW37iKlwPXpVTdtb6W3DLuIyMZFdHpl2lwQpJ3HjPrXFJuY8NitCwu5YZginPPT1rhq0j1aFY9YskESsrfN6V0Np5eF24B71xelXSSOEkJWulcxpkxcZHHNebUpnqUqp0DCFQHPUelSwXFsCJDIBg8A1x6zXEZbLZBPFQu6ynk/ka5vYs7PaHcT3+4lIsEsetVwY1kzJL9RmuR88RsY9xz61F507rgt19azaN4zOrk1mKF/LjwxHvUKavLczeVJ8qtwK4G98yIAR4EhOcmrdo8+VMj5z6Dilyo6I1rI9FeW0tQdzbj7HNEd61xmRT8g6E1zML5xuwf5VaF3sHlqdqnsKlxQe2NZ9SVJtqE89jWjY3+2MlU/SudWSNMuwycde9QPfLaws4fhu1Yyoj5zoxfSTMyH7oPatCTWbSCFYkHzrgZrxO6128jldbTIBrS0K6lvpw9y2PrUui0a+0R7vp812yh5P9WeQK0Lm/eICIJ071x9hqU8SGPaCOlWn1zchTbnArF0WzFyVzbk1mWCPO38a1tE1sXCtNIxVia82l1SS6K2+zaua9N0yysoLeONIw5I+b2qFTHUqpHdf2vE8O5mHAqrp92txN8nAHWuS+wXEtyyREiIcn0qWK2kgfMTlee1OUTONVM78vDJL5fBY8Cr9paGzmw4znmuMt2WG4SUSZkNdHHqU+/fP82elLlBTN+WNJASDgClt7mIKYoyGbpzWDBcyEFhnZnBzU0aAXAePGBzWDR2U3odhBDHJEHuGwB296kW+jhHldD/SsyGdePMJI7D1rTis4HcTvyF5qGrbGsZl+HUrh4GBHyj7prN1CItGtxK4O44Ap41CA70UYXPSmSeVJGexpMIzsxkU+6EIedvFWr14xaiKTnd0FZaMEOw9Same3afFw5wqnH4CosdDZqaWrpb7UP7vpVxyirt7VV+1rMgitF2qOorOWaT7SCxxGtFkYvdl6F5QWjT+Pg1radDGJNr9OlQ2YidWkXBPaqr3bRZEZ5FUnYwlG47xJaifDxjCKMcV4xqlgxMqAZByK9jkuLi5sSd2ccVxclujMzSjGK6IO2px1qbasfC/jrQ5bPUJUKbFZdwwODyV/pXhF9B5Ujr2zxX2n8SNMjuWnmiyMA7f8/hXyPqNlK9wQB7mvo8JP3UebiMPeJy7ZZAOw7VUlUn7q9K27mHy+OlUCCeQQK9WnM+fq07FFYmOQRwRUaxqAF6471efcgz61UBAHXB9K1ijkkMCkdarkMVPOOatSHGPWoCRjHc1ZjOREUAPrR3OeaQKc9aHxjHrWhhdldhhsDmpAdoyBz6UBRu6UuCpPvQNsryOoXLc1WRDnOPlNXpoQ4x0A7VEm1TtXmrktRCbWXBxTuVGRzmnZoi3s3Ax61YgAPWrkTk8VASMgDvViIdKwkjtpk2BI209qm8vgNSLGuRjvV9E4Ax0rOSOmNMlt0OABxWxbRyO6t2FGmxK74Cknp0rrbLS5BdKrKy7eelc06lj1sHR6nR+GdDkvpkK/wnPv+VfaHhHRobbT8zKDKwUhhzjjpXIfDXwHFZeRf3Ua75EJIHIGRwK+mNB8JQwhHuGDxtyoHGM14+JrHrKdi7oKxrYiMryeTXSI0CwFAOTRHawwyCCJMDNQ3sTQMMqQBXlVJXNIRuzndYtC1zC6YAYHArTtP3UMcLjb71UZJ7i9Vv4EHGavXauiqelcs2ehzbItNGYnE0bbe9JLdfamGDk9CayJXubhDtPygU/TisXyPyTWcmaKH2jrdMu0jJSU59BVuWT7W/lZ2getc1bQPHPuZiMnir8k4Ul93IpRmZcivcZeTJBvjXDHGM+lee3+psrlVOG6V097IDG1yoyB1rzi+driXcoxg5HvWdWTPWwiVjSgubm7/cK/yycGt+3tLuyVCuSM/nXJWryQLHLjjdzXs9iY9RsFkIAYCnBdycVU5dijarFMnzjDEVB9lW1mDjlW60ty8duM9+g+tVop5JpNnXjJzVuR52r6jtQR3likQ5wOKhuyXiAcZBwGHtUbX4t5l3jKqaddXkNw7SRDCmlzA7roK1ps/c2o4bAqCG2uLebaOTUEE0tuXlDZA5AqidXuzdBtnPapkhSTNq+kublkQEllrMkEqgQjhmPNJHd3Mc/mSrgNnFU7q5nLGSMfMaysOLNfbLGojkbOKe980DqsRzWSk8txEA33xS/a0SIxyrlvWm7lNF25lWf94eW/WoBNbvAUkBD9s1RiKq3nBsj3qldz72BU4OKklsuQXUsDMMny+ax9QtDqEbiNst1FTW052lJfmqvdZt08xJNrH0ouJRbZ53qEUlsDEx5WsCdwE29Q3Wum1Am4cg/nXI3lvJbSZlP7s85rSNjo2OeuwoV1CH2NUYLuSDDYyvSukW4tnygAaqF9YQNH5lsee4FaIqNWxThvcSF+ea6SO8jlRduQxFcIkojc+dxt7Veh1BHkG3vVclzpp1rHeW16Iz5bHmrg1UbtrAEetciLlXAyener6rmMA85rPlNVK500dzG7bkbNTSTgYxzmuYt5zEcEcCrouo7gDnDelS6QORekvPs53gjmpknjY7l5J71jTQLI2GOKbGTFhQcqvSlyaE89zrLebIwT8xrSQ7V2k1w4vQHUA9DzW6s0pAYHINJJWIqM05wPLJzWSjncATwKiubl8BCcAVU80/KB0pWMmyXU7sRRcd649buSWQxYrfnlVjl+lVGNunzcAmtbD5jJumZEIxzisZQztk8+9aV9OnKnkHpWMskgBAGDWsInHVmSyIQmRWdcSmFcLznr7VcklkEWx2HHNc07zSXG7qvTFdMUedVkdBb34UhG/i9akllU5bNU1teFfHJpt1IIYlULy1aRiedWYhuEHCN81cVrl1O3ltncQ1dGCD1rm7/y5ZhGW4Wu2CPNrzKaLvIPYjNa+olNN8Py3s3ZTWd8kcZzWh8Sp9LuPhyItPcxy+VGZS/ADKOee+evHpXp4Jany2a1XY+PfGlpPdYntZlZHOcBuhrlbSyvZrZmkb5k75rGuLp45GYNvYnjB4zWyuv24tUgnPlyLy20da9aaPgcQ7yKm26CsskYZQeSR1rmNVXzsiMhAK7CW/8AMtWMT7lPIzwa5Gea18pjIMselOG5nE5c2pExfJ4NWWhZlUspTnoamWeKNtzDJ4wKuzTCYASjHcGuwtGM8ZL+UMde9dPp2nwREGVgPXis+z0yS6mBiwcnNbRtblCS64K/rWU3qZz3NG5vlsrdYYfnjY9BXD6xcNc9tgB69666Ay8y+STGvU+lcvqJgnnbDeWc96Kb1FHcyLO4mWZfIkY7Rya9P8LahcyXSqoUpnBJ615uiJCz7XyD3FbWl6o9jMHiPOe/eqxMOeLRpNc2h9ZW1rM1siEAgjNZuuQpZQG4ICkLkHPOayPCPjY6rAsV1HhlG3I9q63VtPTWLZEcFQnOa+YnD2crGU42PB5ZpZpGNw2XyTj2rpdCi2r9odgM/dFaF54YTziYV3ADrUlrp0ts6R7CwU84rrjNNBFhrzyW1gskODI/yj1rktJub61ka4v8EDketdld6ZNcyfvSfLHOD2qzb+EYbuFJ2cbRxtzzxUOrGI6jRl3N5a3kKuyjcV+U9cE+tcAdHvZbsRCLcrnqK93sPDWn21uQ6fd+6BzzUul+GxDcPMrh9+SFPauSWP5X7phKbWx4drWjzPAbZsfL0PpXNWNg1sjkr8zcZPH5V9AeItIS1gaVkGF6/jXkM2l3t1cosefLLZJHYV3YXMbr3jSnWfU5+08MXerXiOkfyRnLk9ABVjV70W7vaRDhBtBHSvcdNOlaNos+5gZmRuPevm2+mdpnnlQ4Zjge1duHrKoWpdSC3iJZt0gbdwcitN4IrhwFG/bwaqrZ3JjTKAKx/KpUtrmzcxb8u5B4rrl2ZtGQ6Kza4u1hiG3ZWjqu+zjW2Rt7Nx9M1HBffZ5cSfLKeMnrWytok0X2u4k59O9YzE9TbsY73RdHjFvLgyjewB5BPrWZPqxSRXupG3Sd++KsuzeUpDZXGAM8cVVnt7aaMCTO4dDjpkVzddSkbuj+KljuGg0iE3DLwS/ABr1WPw5Nq8dvf3MwWQjcVHTArx3wvDJbrJa2tsHcchz1Jrso/GWp6TAbdwu88AnqPapnDXQ6obHO+JMSXf2GMDLOUXtzXn/ibwvd6HcWiuRi45yD375r0uYRXt5DdO6lgQxPHB71xnxBvLnU7+COz+cxjGRyM10Ub9DGoi1oWjpcglvmEQDYPP0HrXS2Phdta1BVmCqiHjdzj6CuAsr/AFHSbZVjbYWHz1PpnjfWzq0cSyeTFICgAHRuxJ61vUUhGz4z0i30iaO1LkBcEleOa7z4e6vZ2WitLcBcKSOBlj781z+p2Y1AS3+qyi4EaDcc55rK0q7Uyf2ZaWrSrKCflHRa4qqTViKtO50//FNeJNdlvLp418s8hu9dsPEUNm+3SZd8NsBhEPFeB6/4fn02b7VaBo1K8/7J9K0vCV3c3EcjAElcAntiuPE4WPImzz8Rh7as9X074r3MGoytNGhcZBVs5A+tejafqT+JrVtRiIRsEgDPPtXzrNp8c9wWjT5mPJA5avbvCj3KWeI4dgiTA/hBrzsRRVk4GdCPY8n8RRa/bXUrXDFEkJODz8tc3qsNibJEt5MSBfmOc7s13ni/UhfRvBDhpIgQWz1J6jNVfCvhCw1vSn3Hy55iVH+yR7V6GHnaKlM6asiP4RajZ2Grm3IETtw7+oNfcvhDVLYB5rRwy8KT3JFfEvh7Qo/DGvfYboFw3zNJ9K+qPBvkzSHZlI8An05r5/PHeXNE57e8pH0TpfiG30qC41SdPOKpwM9cHkH2+lfDnx28TT6xK11PcA3Yd2MX8Oxsge/FfaOmwadNo5TzQ0jk55GcDt+Nfn78ftGB1+ee1nCoQrPtwOR8m0Y/3c/jXVkE7tqR2+1clY4fwBq08mvQ2bZKFx9FPbb/AFr9FdO1CO18FS3ry+Q9vG2znlmxgDHua+E/gl4VludVhu7wYjkOAwHbGOfTrmvqXxlr9hommxaXahG24LOxyQ3PbvXsTjFzTN5T5YHzkFs5/EHna9MBtY5Ynjrxmup1PVdHtYTNHdxFYlGArA5x0xzXk3jjWI52M9qgJ3ESZHB44ryOwW81a7d42bYvJHYYOKuphFU9+TPKklJn09pfxm0kQppdzaCSUk9DnjPU1peIPiLp2o6ebLTMEKMPx8oUCvlTT4W0nVZbm/QlkJEeO4PY11bahEYHWzQ5kGc9hxyDVQy2impo0p0EUprq3uZ3EsvlLv5LdMd6+9Php8IvAer+E7PUpszTOu5ZQdrHPTp0Ht/M81+dd7HFNewW74U7uf8Aa9q+u/AHxVk8K2trbyFYLOEqjsTgeXjHAIOcdTTzSk5QSR10orW57ze6ZD4dvlRWykYwCeg9q5fxX480rTbF4bR2a9mHRR0/GqOteMYPFEwl067iaGMDlTksT1ryPX/D+oTBr6Ah0gywbOd3qK+RhgHz+8cktJ8pzXmPq07PKGIkYnD9vwratPDRuzIrny0jXkkYH61xOl+MtG07Ut+ohpI0bkKA2PwJFd5r/wAV/CkumlNP80XDDAQxbSR+eK91YSpbYLSueE+KQLTUzbxPvhU8N/8AXrN3pdwiMAOG4x3rf8Q6nph0kQW43zTHk4+7msrw9bNHatdXIIjjPyH1xXswXLA1if/Q/L0LhuBj6Uu0g4NHyZA5FJnkbSSK/XEfAPccM8noKTjBxTiBuz3oHXB4oEMC7iv92pdhwQOT2pcBjgHGDmpcjqeMGgwZDsfaNwGSeaeIgMHODil5K4J4z1p4ZPuHv0NAhu3DAkZxUiL3A4ob5TkHNSjlTk4PagCHaOePm60u09G5OOKeOwwCKcFwCPSgCNI8jBHI6VIQWUdjS5PbrTl54PGKAGbccZ5oHByeDUmc8DtSHpzQBEDzkjrSYx1p5yxIPGKQVoA7Hp0NKAOKZnpinZPp1oAdwBgGkOQemKTdgcUvB4zg0ALz1qTrUfFG73p2Akxk0nUYxim7sdOKM4w3WkYuLH4PGe5o6E96QuSRs79abvwPm55oDlZIScYQUu5SMMMEUwkemAaMqRjbnFAcrJNvQ9KTeDnGVxUXX8O1PJDYB4ANaCsICc85JpcALzSbh25pccHBrNhYOAdpBHvQDkgcCjPT3oGQNg/Og0jEXoRnrnrR2LL16U0dlPXOc0d8frQWScjj2oO49BwaASB25pTk9+lTdoylEeM5bPGKMnBHc0wEEDPGf1pSxyMcCr5iCTkDBpwyTxzUfIOBwT+tOGd+cnHpVjaVyTPOduBRnFNC4yMj1yaXJ6UCH7vTin7iPeowPWl4FZgS5bu1PU496gyecnNHp82KB3JvM7AUoOTnFRqMEtnrRyBjPWncVyUHkH1qUHdnOOKq56e1Tbt3SrGSfQYpQMjpUQOOhJpwNaXMXElyScmjgMCDjFMyaXPegOUmGM567u9OzyoAqFW6AjFOByR7VDJRLwQaQ9M55poPPpmlJOMAZpFiDPXrR15o/IGj8s0AAbBPbtTg+ARjNMPc9aQk/TvWgrEm4dvToaXfnp69KiLk9RTgc8EUBYsDknGacAe3GPWoBt65PFPyc4/nQFh33RgnOadnd16CoQwIII5FKT2PegmxPuUdOc0bj1NQ5XselOBJ68A0DUScMfTg0ZbqOhqDkd8ipFY+uRQPlJtxpfwqIn0oDGglolzS1Fupwb1oESlsmnM4OCO3aoA4oD84oAtKwJ3Y9qdvJyo6iqqsAwNOaQEc4zQBdDY2jvT9+BnPU1nB9pB65qXzcfNwRQBoB8nOaXJ9azxKD2qaOQUAXCSOfXikxxUYbjmkLZGfSswHgdqixu+lTI/cHNBOaAKpH8K1mzailm+yXjFbJVdpYcEV5h4puZ4JS45DeledmeJ9nTvE7cLS55FjX7q3uWV423D0rn5pYzbkbA2B2Fc2k9xJISznk9KuLdNGCM4XvX51isbzzvI+kpUXHQyZMAsU5rLluWUMoXacda1HMbFtvBJ7Vl3G3cVxkVxJpto7I7nNS4AOOtQxMBJyuR3zVi52GQhOBVdYnDEkZqzsNi31BYMLtzG33vpXRaZqMmlt5lsfOtpf4T2FcOrMiEEcZrYsLlo4wDyG7VMnfQR1t/pVtqiC+0uQEHl09PwrhLuwmVysq7WPAI/xroYZpbQmWxbZ5n319RThPBO/kznaTyfrWUdDRM4d0aFsMORWgJ84BXBNbV3pEsmGtfnx2rGntJYxvkQxn2q2zUDEJjkkjHXFXNJJs9RimSQ4B5B7ismKWZGYDkjn8KnjuH85DIg4qZI1jFrU+pNPVJLOJ2bG5Qa0IpBnr2rmPDF59v0qJuQUGCCO9dJbbBIPM4P9a4qkbH1eBneKNGMZTPemgkZpfurxTCdy8VnM9mD1JUPOc1owRlT5gGSKxVJHFb1rOoQAHJNcNVHfSlc6q2u4xGrc5roYXeW3W4ZwuDXAy3Qtoy7Z45qax11JoRtJGT0NcMqbPUhVO+d5XTC8kiq8Fu4yZPlIFYUeuCI4Y8itEXj3KZjPWsmjrhUNG2gWRmBbODxzU80bI+xDnH5Vz63clszY+9SLfXTNg8571zShc29oWrrzA2WAOB2q1p0c1x8+4KEqxYJG+Hu1JLdsVPeJDBk2+RnnFYuI/aF8QwxxnLe9Urm5s4ImfeMqK54M+N2/j61h3spBZZG+XvWipi57G2ur+cxBYgH0pTfxyYVzwpriWuNgIiOKfbOzyqpYn1rZUkHt2jriYZpAIf4uCa6rT7ezsjGzYbbzzXDxROFymaumeWND5hIIFc0qbZosQj0sasl9cRxQEIBnIA7VtrPbpwuACOT3ryKxuHQ+Y77c+ldBZ6klxLshzIQcZJrCVJoFWVz02witZSTFgyk8A12NnHLbBZZWwz9h7V5fEbm1kScZAX0rqrC5+2Fnu5yqJ0zxWEkzSUkzt4/EVlvMEmQT6VlG9kMx25EZPBNc9LLB9pV4QNvTJqe9uGxGkTqS3AAoiiItI6LejMrRyEtmu2sJVigzcYy/rXmwB05EN1w7/MO9L/al3M6sGzGvahwuaqZ6wdXWKza12qYxk5A5z71UiuDYvbz35xFLyo7kVwY1iCXESnDNxjtmq7ajeXLbriZnSDhFJyB9BWE6bOiFY9cGqWyzF4BuTtntV3TdSSR8SOdnWvNINVhADH7p4+laVpc/6QpDfIetZOJoqtzsbq6QPJMp4zwKv6PdC6jctgAetc7ez2vHltkEdKijlkxsjbacdqycWtTajK51UVzBJdMgOdpx7Vqz3KzbY1H7sdcetcnZQPuJIyx/nXWT2jQWMaDmV+WqOVnZzCwzpBbNGp+fPB9qpyHzAAONx5NV44ZYiJZ/4ui1PKkskyCMYA7etJxYXNrTZFhzGxJ96y5XAuGRjkZq4EMbAdz1p0tmrKZm4xyKiWpCj1K4ujGTDwE61k3lxbLDIQ2apX0s5l+Q8Dism+tpzA3lHBajnexqqCtc5PV7Wyv1bzkyCD+tfK3izQ203UZIY4xuQ7hxnK19aW9jIUYOCff0Neb+KfDTyR3Fy67pcZWvYwleyPLxVOzPjzVIF3HcuDnmuakhZckDAzXoOt2cy3Txuu0A8/WuOni8our9a+iw9TQ+dxuH1MWbqoHOKqEE7gKvyogywPWswbw2c4Fd8TyZ07CSYJzjkd6rbieDVplzVZlZeW6Vskc04hyOtDEFttN3HJOPxqEsR8pHNM5bE7EBc55qEMd3J4NQFSWLHJHpTgGQetOw0TtKqEnqaquxwGHBPanBC4JPFNQFXA64q5biQ8HaBvPJqdWOAB0NRvGrc56VOu0ABfyq0gS1JUTcAw7VZRFXLE5qKOPdznAFWFQNgLWEpHo04ly3jZ/mxx2rVhtt0gU8iqlvCWKrzXS6bZl5PLwSfauetUsj1MNRcmbugaWLu7hjj4VmGT9DX1H4e8BSzaxaTPCXiGGJI646HFcL4E8CX2oQxT26bWEpjJI44AOc/Q1+iOgeHrW30y081MyrGoJI54UDr9a8TEYjlPVnaNrHI6Bo9tDaqpHzjjFd6IZIYkIbhcDmprTTIkuHOPkU11/l2DWMqmNcrjg149StzM1hoYVo4aLz2XDJWZqs7Tg7QeKsXN6BIIUGAOtZ13cyeW7RrwOtYnZCkIrLHah+rDtUwlinRVkTk1Dp8Jnh3S59h61uw2ISAyTDb6DvS5DfQzGgR4vKjwM96z4rCMSZycofzrZLRpG+3r2rPCSPHvXvUTgbIvXRaPbMgyAOlYLyASFn6MK143LIEOSTWdfxp5YPTbWFjNaOw2KGKa2nQt8oGcetcGsW6d4yvzDoPauuS8ELHd91xjNZFzB5FwZxySOKc7WOzD3izJSHzCYEGB1xXoOizfZI3W4zkphQK5S1KS3MbdMNzXTati18udMYYgVk2OtO7sc7e37f2kyy8pnOK2HvI5vmtRtcjFYWoRIZROOS9aggC23nqcMABiq5jOraMdTFMsiyss3J6Vv6JFbu0n2s7cD5c9KwpYNzeZnJ71WlmeaPyRlSp7elCZE5e7Zl1pJJZjGnzDPH0FSpd28l0rbcFOPxrBsJZoZDKSflOBVySPzd08XBPJoTOaTVrGze38e5SF+WmqysfM4APOK5yXUI2fa3Rao/bZJLoxIcKOlWjNSNia6ZL3eq4QdxS3t0jYmHIPWopri2RVSVsFu9Z11eQL+7j+YUNo1jPoTR6lDG+1zgGqN3cLI37o9azb+W22ZGA2K5eLWdkxQHpWbgzphG5073M1vh9pPvVK6vZJSWzXOX/iMwZVjwRwa5+PWxLMG35z+VNUmdMaSsdo4IXJ5B5rK1aFruHysY44NTRzSTINp6jmmTStCPm+Zafsjiq1LM5W1tI8ur/eHcVlTZi3NG2GX36065uXtrhvLYFD1rCnaR18xTnPWt4wJi7lW7c3Zyy4YVXtGVXKNkHtTVvY+UJGV9ag/tCyfBfhhWqiXGZt+eU+4ckVpQanIHXecCualOUWSFuvaiJpt4bOQP0qXTOmNU9NtruCWMMxFTyeTuDRYwK4eK62gbD161t297G4AbrWbiN1DfZ952+o61jT3MsDYzkd611VQNxbk9Kzri1+0c5x/WsWtAUyS1Czsrevat+GRo8Ak1g2drJEN2cVd+1KD7jvU8mgSkPv5J9xEYzuqrbzuyASD5xUr3yjG5evQ1AZDL9wYzVIi4xpjLIy44FUbiNyMrzitT7OqDdnk9azrptikZ61okZuRjvE5bc4HFRPGNwPcCpxP84jkGQ3Sql3KIXwTzW0YnHUmY91Nx5X8WaqwRybyy9PSly082ApYitCCORH3vnB6VvFHBUl1L6zDywSPujFc9fThgc/w1tyMdhVBuzXIalK3nAZ4HXFbQicFV6EiS7oiCa5qWMids8gmtOWchFRBWPPKyP83Irrirnk15j1kzPtc5XPI9a5b4rX8Nrob6WAGWWHJx/DzXRWzQl8cgccn61w/j1LWaQRzNgsgXB+tenS90+Rziroz5oh0JLhklhkUndkA8VevvDE/lidI8FOSBzW+/hhoZAba4JOcjPpWfejxFZAqsxdD3BzxXUqnmfFM5m7t5IYR5iELj0rktQVmQqgwors7vUZXXZePuXHFcvKqTEhT1rqovUqOxhxQGRxkcip2yM8Y7c1f8vyXIz2qo6Hr1Jrri9TSKNDTJXto9y53ZrqRdyNBgxhiR+IrD061lKgnlTXRbFQ/Ifwrmm9TOe5E8b2tgzMcbh0rlv7Ls5Ukkc75nHB7Cuy1WaO4tNig7hXI3IVIREh2yDqaVOWpMNzGg00pJ5eAQozxVOWwupbtYoVxz1rTXzItzZOcdjV7T7y5+0qhX5ZMDJHSupuyuay0PSPAmnLbShphzxlu2a+jZJ4RbgQAGTGTgdq8j0XyYbXkBgVBzW2l1K77oZdu7jrXz2Ig5SuYy1NW4CAbXUqTzUNnfxGYRrhd3B3e1ZOq+Imthtul3YHUdKy4r/T7pDcCYIcd6hU31FA7LU7S2uP3cDbW710enWGnpaRW7D5+59c14tDdXMdzJc2s5lUno3TA9K2tO8UxXFyBKXglBx/s8VjUw7a0HOJ6/fQw2MSW6jL9fwNT2WitDbtdDjd+ZJrzb+2Ltr5J5XMqA8sfSuzi8SKYtilip7dq86vhJpXSFGKW5dvtIF7EYp1yGHPtiuW1LRYLe3CW8YLHjPausbWbFI9zy4XHQ9c1zl5rcV3LiNgYxwFH9a54wqR6GVTyOZufBMlzas88g+7kBDXlGseGhDOsbMMKfunqK+k4LmUQGMplGHykV5l4kEM91ISnLDaD713Yes09TFTPGrtYLe52xEsgAznpmp7Cxmv5jcW0YJiB5PYVvt4ZkkhaR34J4A7Vqwm106z8g8OVw2O9eysRdaGqkeWT6bcz6iSq7pFPbPStG6Y2zbJFbp0Privc9J02zgsnvJG6pu3HHHtXhviC7fUNRf5lEQ7jtzW9Ko5fIulVY2HUWby4XG1EOMAV2EBs0KJMRyMkjpXMGGOGCELtJkXJz1qssxDA9BnGM5zW04nRBnrvh3VtNsWZ40VicAZPJNUvFs2mz3MRiC7gS8gz2PpXDWs8M8uyNsMoyeOM1jXeoJNc/Zs7ZGwu41EaZ1xloa1/bi8hkltGMJVeMdK8tfUdU02UEnJVuOcnivSNe19RYW+kaaceXnzSByfxrlltGmtR5yB3bOD6V005WFIxLHUNS1uYxzSF2znA4xXUab4W1O4laebESoPlLHqazNIhtbJ33cSE8HHSuguv7ft1VoZd8bDJHtW02SatsqeW+keexmbHbIP416d4f3+FUVbcpcSSjLYPOPTNeJWq3V1MFV2Uk8sOMV2+j6nbaXcD+05Rt/hyeprhlG43J2N/4ia/FdRLZWkXlM53SHHGfaszwbpka2nnKhZ5e+ev4VuS2lh4wuYvKm8nkLu6/L716xaWXhrQVhs9PZWa3X5+7Fj3xXNiH7nKhcvPueaf2XNFeLPDkNnIB/u9609Z8VPbx/YLM/vMYPbFdP4hdGEItgUkk+8elcNf6L9kiF3NJ5hYk8+tcFKGvvETw3Lscymyf5FTJP3qsabdLpF3IHbnqiqc4z606CFo53UZbcBj6ntX0d8B/gidZ1GPxX4vtP9ARwYI2z+82nkkEfc7cHrTr1oxWpVDD8zseRRaN42ezbxPcadM9kiljKF+VU/n+Yrq/D3xNtLER6PdPiZufT73QenNfq7cat4Zl0OXTbqzSCyWIxlCo2bcYK/iPX8a/LvxL8EdKvfiTqFxpMhtdIMu6FMDleDhfx6e3rXkVakZpuorHXXwUUrnf3ur32gaWdXtGYeemVHfkcflXy1f+GfEXjTVlS0kMs88hZvTjkknpwK+9fD3gWK/j+wXJLqgwAxB5xgY7V1F34M8MeDdOkMFskPBLsfvdPmOfw7VplU2laJMMHZXPnPQtGsfBfh7NxlBbRt87YDM+Mnn3PFeEX3iLTtUDw3tz+8llYg5yc56V6z4qvbnxsbq0sNy2dsDhu/ufoe1fN11o1jYQS3KszykkYIxuHqK9yyivM5cZS92yLHifTbC+tvL0y4xM7ZbHOQOK5rSNEfTJRFGrO8vJPY1l6QLtNWW8DFthI29sZr05ZXlgV0QK+OD3HPIroaaVrnDSoHP3mgzXkoTaWeQ4wBnmut8e+DLDwV4Os3tyrajKFMg7hSuTxWjpcF1pcUuoSElk+dQTnnr3rxnx7rWtahcPJe3DFnJxk9B6D8K1w13PlTNZRseerqOLszTAkDnJPNbI8bTTFYnh/ddPmauZtrV1hPmyKw/2utOksrfghyVNepUgnoTF2PU/C2vwXWqh4OGiPOScAd6+mpLu61fw1cW9rKCjp8pQjJHf86+M9LbTrS3Tywwd2+cgHmvcrPXF0vw/vsHYusf3V7CvCxeFXPcwqHi2r2c1vqTRsWMsj7AFPJyeBWovhDUtOCXGqEhpvmC55HcVBaXj3niBdQuiXdWDKGGMvnNb/iLxJM65uwQUXgd/TivQTbSSLRm3bQRlElwGHrVhvEhW0+yWi4THB7bq87vNSuLwNtXjP44pLPzTF1O0np7VTpdxn//R/LoPnnI+lGd3CcGq2e/FO39gMGv1lSPgGWySoyTzS5yTxk1WVs/jUgc4bnJNUmZyiSjHB7n0pwwTnHDVXV/woDgYUGmZ2LY2hTnpmjdg8CqjSHGMYGak3KTkc/WnYv2Za8xWbABzin7h1zVQNgkg0rSnHHNFg9mWt39ynbscnJz1qmHAHJxSl+vfFFg9mXDIM5xginhx8wI6VSVmzjHB96fvGTgnJosHsycOCemAKDwPvZ9qrhsd+lM3AdKq5Fi5uJ9qaGGdo61CJCCSeRTB83TrRcLFkNj3xTS7YHr6ZqHf82SKUNlsjCmp5w5SUENxng0/cevWqm455p+9CSSKOdBYtfMRuI/WkyT0Aqvv28k7h1NIZA/TjHNLnK9mycso+8afuAy27iquUPLHJNN3ZHTPpV3ILYkHGOaN2OT3qtuYEdaUk4yedvSgCzuO0Z7U7JOcHANVS5/i5PpRvxhRk0wLW7sTTCc9s4qHcD0PSn/Nx2B7UXAnDYbApS2GAHeoAwB5NGT0oAn6cE4pdxb7v8NR528jmgt0BoAlznGOc0hPfptqMHmgn+IdO9AEysOPSpAw5qAMPwFO3UGUoj9+Tyc4pQScfKeKhwccVIGJAJOKCCTP8QHSpFZRnGTUJPGAeB+tIOTxV3AsZBXJGacMqf8APFV1I6U4secd6LgTBiRk/lUgYkHI6VECvAApdwHIPTrUDuSZG4g8AijgjAHTvUe7I96dkdDwBQIkAJ4yOKfnhiccdqhXa4yDzmnM3BIPWgBzHIznBpw446VHwSpIxgc05SpOOcCgCccjjqaaG28nnNR5PBpxIX6U7hckBPengioNx6mnAg0XHclJOM0K3OPbNR7Q3U4pSAT6YGKaZLRYWTpxUmeDjvVbJpQSKogkOc9hRyDng03A+velwPpQAvOdvY96T/Z5I9aO2fWj0oAKeGzx6Uw0fSgCTFHXvTN397tSk9lNVzAPyemOlJuGelNJbHWl75PFNMCUcfMR1pRx05qNT2z3p/Y1SY0x+R16A9qBwDtqPHAxTxwc9xSEOJOMUu7k/wB2mZJPPpTd3G4dOlAFjcCRg4FLkgnaahHUU4Hb15qGBJmnZXjtUfQZxS45yelICXDZ45FHGSD3pi7RxyacemKAHdvpTweOmaiyRn2ozzkH8KAJS3FNDN0JxTCeOeTSBj970oAk8xh1JIp/mn+HJFVc855qTdxzUNAWd/QDgGnLKM9z9apmTAxinBlIxyCPWkBX1Ce+2E2gyPSvNNTfVZZtlxHlM9K9YDkEFjwagkgt5GGVBP0rz8dgfbRtex1Yes4PY8XmtpdwKrgd+1Z8+X+6cjvXrGp6H9qz5eExz9a83v8ARbyyeQkEqvPFfE5hk1Wm9Foe5hsdGWjMR8Im8DpWJM8jsWwSTXQGG7ZcLGWDVU+wyqSSCleZGhNdD0qdWJzIi3zYk49afkBiPSugmsz95FBLVUuLBgPNCYrGcjeEjEn2qACDirlgiNk9hULKxO1h9Kv28ISLaeG61EnoaN2LCgiQEVMYLW4mIkbY2M5qBTJ5ZZB7VhytLu3k5OelKIzZ+2zWE4hhlO31HSr41C3uMLexo69yetc3CXb5f51oKkIPzqMd6U4GyZ0iaTpVyPNhUIcdA1UR4ZHmLKswAz0J6VmtbWspEikoF9OKaNOEjN5Vw4z78Cs/mV7RnsfheE20X2YSbgOeK684BC9T615r4MQ2hZHkLjnrXorMSAVGCeazkfRZZUvFF8My8MetKGy+emKYoMnAPJqfYNo3feBrnmrn0VNkaI3mEtyDWjETGdy5GKgWP589jU6Bd+GPGa46kTtommR58Pz8g9aghhWIEKoApjXSqCgyqjpWdZ6ib4SMq4Ctt/KsXSZ2QqWNyW3MyBx0HpWhZvcEBI8rjqarW08aoETlq1LVJgTIePauWZ2wqGiLJmUPkk+9MM/2bHmLtx3q6l6kUIUg5NZV0wdRI3IzWDNoTubsuokx5jXbwPrWRJfkjY5xn1rOGoI/yoeAD1rPnkU/vt2SPep9maXNTdNdyLb2fzMxAxnHWtHxJa6XpFjHZpILi8lOXIIO0DsAOmT61xIvZI28yNjGR3UkH9KzZJWeTezbia2UQ5i48yR7RJU1pIQ3mL2rBeV2bON1dPpcSOA83yqKpkSmai3064MXB9a1IZnuQGmOW+lYbtbrLiP/AFY96d9vEB/dYJHvWDiZe1Zr3sqBBEhwehq7pMM0ALW/UcjPWuVFw1xdpJIcL3FdOmowRqFtzkj1605U7lOrY9m0LWUNmtvdxqcfeJHOag1l7RwDE5jxzjp+FeUDVL2KdJAwKntWtLqIvAMkkjrmuWdE1hVZu3OpbbUosuGPA56Vd0KO6ZBI05LLyuT0rkwlhID9qcqccAVKupTWsJS0kKovU+tZqBbqs7KbWdQubnzL+QsIvlHoFratdUs7iYWtvJt43Hd3PevL5NYi8gSs546j1NRR3qTKLiJ/KGeM9fetPZmf1lnskCLO/nRMAEyc0y2vX3lXHDHFeaxa1LZwrGkmVY1uQXxK7i/zsOnpUSpG1Oqehl2jhcrjHUmt7RbpjAW9eOa88h1GZohHgOOBXYaVqA3GGQAAADPpXPOnod1OodEI5Wk8xmyw5rShuJY5lkTGT1FRalPamCMW+NwAHHc1oWcEQtBcHl24I9K5JbHbRlrc6fT7iSZgR1XnjpXTR3uxWklGcVyel7bdHkzw1dZYRRX6sG+7WHMdzloR2t7BfkluoPFSpIZLkbeoNFrp8ME/lx8ZNatxBFZNheXasKjCLFXYZCrcHvWxDYi4gkAP3RmuNuZ2Dbf4s9faujsLh/s22Nuo5rOJs6b5bnLm1SR5CxxVWS1DoU9a2riDZIqk8NUzQpHIueSKWwLY5saa0EWccGuU1vSllRsjIIzXo2oykQrtHB4rGkx5f7xcg8V106ljkqwufGvizwZLLLNPGCATnkcV8++IdMktLww4OM8emPWv0U1TTUlguBIg5BwO9fM3xB8HBEgvBBh2zkn+de/hK55tSF/dPl25hIPlfrVB4mRsjlRXb6hpk0cbb1wM4rkbqBo89T2969uFRHlYrCOPQzC2W46UrKGPIzTkRscjBzT5ADL17V0njVKJWfCrjFVN25iw61rmLIAIqi8a7iUFdCj1OWdNlE7ielNO4ACrOM8dKdsx17VZHsimu4tgVOFAXIp23J9s1IItwosJUxoTgGlUhecc5qz5eQAOtIsDYxjmk2joVIlGfujgntWjbREtgDG6mwwhcHHzDpWzawF5AoGSelcs5W1PUwuDcmiexhYShMZ969Q8JeGLzVdSghtIzK7nccZwAP8AP51R8KeD9T1y8FpYRF2YkM4GQoH+R9K/RP4QfBd9HsrG+eDe7ANI7D8QOnQHnpmvNr1bHvckKS1Oi8H+BTpVvDaWMXyRAHp95z95j7166mkzWVmp3bm5yB2rqtE8Pz2AeSV87/ujHas7WXNvKYkcMy4zg+teBXqX3MYe/IxvLeIfWn3ACogzzWgkB2oztnIqBrUzE/7Ncc/I7o07HM3kAUhs/Me1MO9B5bL8jc81rSwhD5br856Vmyu/m4foBxmsOY7KXvaGhZBQisoyoPerOozPcMDEeFHIqpZ3FuqHzDjHrRHIRumXkZqufQbpO9ytGViUiQfe7VXa7hj2gnGTjio7uVpnJAwOnFJDawSJukJBHQVd7m8VZe8WkKk7l6Vg6u7+SxTvWvCdr7B2NUNUC58tRlcc1lMl/EjlElZ9OlAyZI8lauW5aeCN5Bk4H50kEah3GPlqR5fssAUDC561yyZ0N9CxAscdxt2gHjj3q/fuLkrE3ATn8ayWn810lUYOOv0qyjeYk7u2GVSRnuRVRIcTOkJkXBGNpwPpXUiC0fS4pYyTJkhs9MVyFrM9yXU8HB4rU0i5MyNbSnaq+vc0RWpniVdFa5iuVQ3armIHBPpVOKMSI00TDOOR3FXtR1U2UMtoQGR+OfWuAkvbm3dmhY/P2rp5DlbbR0cMqAskg+9UGpO+l225W4l6e2awra5lnmO87cD9am1W5ee0KS9h+VPlOeb1KUmwRiQPknmqNxNOsf2mDnZwfWsqS8jjhVQ2/HB5q3LfRLArRjJI5FT7MzczBu9Xu3vkhY7Yzgsa2xqaxIfs/wA+3nmvOtWnvJbp5oBgKAMClsL6aD95cfKO5601A6IVEzrbjUTeFSy7SDWVdQA5lQ4NOhv4LoOIsMRyM8Gq5njuVeEjaT1z2qkgeI5djnNVDTMqB8HHPvRFa28aFM4fGcmr15YRJH5sZzj17VRbyjGHlP3R0zXTGNjdYu5paXr6Qgx+YGA4wfWtCXWoJ1ZcjJ4+leSSSRQXj7DsIO4DtU8uprIAysR64pSo31MqlRM7a8traVWaFtuRzzXHXD3Nr8meD39qlW5kdRiTgjOKq3tyrptdxuHTNVCkYKuc3eSjksdh6jFcvDdkysJTx2Nbs16gnMcoDY9K5u/ngJ3RLg5rb2ZSrHSW+o3EBAA3A+tatvq4Vgk/yBq4OLUpWCkHOzjHtWvHPFdxBl+WQdjWcqZpGqegw3Co+/O5a1bS9jdiQeCcfQ153YvcR7gxJT3rUilO7cpxWMonZGsek/a50bbuyuOtWIr6UYLGuIstUkkJhk6Ac10UFzE0PynkVg1oTGodVBfBwFbjmpZ5YOfL/GuTW4TYCc57Vv27K0a7h161MtjXmFMscnBPSp47iIZXpVe4tkEW9eMGqaQgn5SeaybJ5rGlc3e2EleDWHLcPIu5hkNV2dMIdx6Vj3Em1FTIwK2RlN6GdJNIs27nKdKbJL9pk3ycEimXE6hwCBzVIzKRhTzXVA8yrI07fbHOCg2jFS/aGD88qKy4XO75j+NWlDHgHk+1bKxyNkk0y+W+OK5e5PmScAYFbF+THEwJ+9XORsQDu6+tNROSvLQqtLhyj4H+FZV64Dq68g0zUJs3BYjHaozKzReSwBxyDXp0o2Vzxa7NDS4vPuoxt2+YwXkdAR1rzv4qottrHljBQYwR7D/GvVNILvKkUsmCeM14h8R78Ta/cwhy6xkBPp/+uuuG58bnFbRnCw6hHM4CnAFbqR6fLA7Zxxya4sxxq2QNuKtxvK8RgDbUPenY+WR57rs1vNeNDAAArdT/AErKkiUqMDkV1er6LaRN5yS739K5aeTy2FuevU16dFaAZsm0KHY4YcAe9RlhkBjy3XFWzGjjJBzTGggYAowXjGPetlIDV055o15+4DW8s6TPsC7SPT2qjpmjXk9vvDDBPA74rYgsprSTzJE5Axz3rnqSsyo7kkI55jzuOPasbxBHCA3Z1GfauiSQqclcqTniuU8S3qXZC7NqocA9z9amm7yuJnHtfsriHaAD37/jXW6MrGZJ9gkQEZX1rk4dPEkys7YAOSB3/GvdPDunaI1lvtcmRcZz0BrevNRRqStrdubZY0h+zjGNtGnTK7rIXDEHkVLqOnQsAQu8JyMGsyGAwRMyAjPzEf8A1681zRiO1yd7u7VCcJ3FPfRVuIFFrxgdB3qvbQQ3Dma4ZgQeK2ITPYRrJG4I/kKaQGfJdW+mwCCb5GUYyetcy3iC2tD8sZYFuoFR66ZLy6Mn3+eazo3tlkSBh3zz3rSKuB18uqXl5DGLGX5jyB0rctNV1CMRW075c9fauVtrWRZI3tY+ScccituzkP8AaZWSMuV6n0rCuuiIZv69qpsbATy4eRjgDNcx4f1S6urkxNnafmNSeJg15cRRwx7gp6Nx1rC0+a40jUUgdCVJ528jHpWXInGyEe0C++y7YnnYL7HgCmCzS8tjJE4fPQmoNK0G91ceaHRIhzuLj5R7j3qe0f7JutOfkPHYAex968qSsZmFqapaxBZdq7MkAdM14lfag8t60qudzMcc8YFexeKrGS6tnIlKs4wAOma8Sn8PTWqSN5hcjkc16OAt1BDtT8VatHbJZSy4hz19TXNWupyyz5ds5Peq11FcOwixkZzn0p62ZwNvPrXvU4xS0OhHTQM83JwAD+YqzMUto45M5aQ5AHbFZKosVuqxsemAaoGdkfzpQVVeme9Cim9QOgm1KKzgaQEF27dxXDyX7y3QlB5z0qlqE0s8zSFsA+npVa3QzSjy8lj0rZU0kWpnXQRtcP5jtgE9O9dUI/IhEJYcjr6Vh2NtJkStGQEGM9s1rqqmVEbnPXnrWDNE7mTPbtcy5i6xn8634rm6dDFPkJGMDtVi8gjhiV7ZQrNwcnpVVYppgrjlVOPrQ33KjNGlbROUNwmSrcCsefTb2a5aXHmIvO6uosrV2iSPblPStO41GwhKWEahemfXNZTqJXLOL0O1vLnUU+zO0eGGSxIHtX0J4a8HeInvYDdWzSi4YZO/kr+P3aXwfosNpc2d/PAHZmBUN0A7V96eA/GdhpzWwv8AS9kJAy64PFeNjsU38B1UqZ5jdfBmC68OreWkbHUQp2qCdrnsMc+nBFcPpX7O3i/VHj/tNRBEWwCw+56khiD+lfcd38X/AIb2CefdTwxFfvBtiuvfoWBPtgEn0ry7W/2mPh3DL9l06drhOuUibr77ttcVKnN63O20XozH8BfAnR/Bzrd3O29vsn94yj5RyPl64yvB/H1r17UZ7LSbdppnWNYxkgkDA/zxXhnjz4yazeeG2n8FxiNyCXlwpIjI4ZQc8j16exr86vEfxs8V3OsHUdY1Ke4jUhl+cocj0CbRj2Oa7qOAc1dsxliIR0R9ffFr4tXtlrtvCkuLO2YEopwrEg4z7VS8J+JbrxXcrqVvAHWV9qBckjacHr2r4e1Hxpq3iQ/abyYyB2O0MMHHbpX2F+zfrsGlWrpqX7tGdirSYUKG2gkk9uDWeYYFKGhjze0l5Hsur/EK2+HdsNV1NmVVbA2Lkgjnn2/Wvj/4hftT6t4tils0iEBk+UEHIRSeg6fN7/pX1T8edL0TxH4ZkuLWaKcKh+ZHDDGcj7pIBya/OGz8EWWqTkidgFP8JB5FdWWUYwp3luE5S5rJn198INcvrrwgZzEGEmVYnvg8/nXjHxP1rTU1IWlpBtQgB26fPnn8q9b+GlnfWOk2+kKpeFWY7m+vNW/G3w90zXX86RVhI+Zz0AA6n8a5m17VswrU7nyboN/9kufOWLdGpLHJ6j0Ne0aVBZ6womjXZGQH9OfTNcNqa6EblNJsEC+SMkjjP1rn9c8VtZldLtJNm0DcAf5EV6Sg5rRHOenXdzPLctBFwoyM5znFeW+Intrh98qBpEyp9frVjT9UvzbJNLKEUKcEGvL9du5m3zPIVJY9DiujDUGp6mdRGZeGA3JdW3DPIPGKS6uoJI1WAAKuMnvWD9sDj5vmLdc1oiynbayDIIyAK9SULE8praZqkNirB4jJuwMHHOK+lfhrqXg/ULW4g1Ty7bIG4SEDINfLqWob73MnRR24rc1Dw/qFrZmaYhY5FHzZwea4MVSUupk0eya9o/h4XPnaAyu8hOHQ5zjoOK57xf4AvV0mO/aRnlAD4Hp6VR8GaFfJHDqEBZIV+cE8A4616fq2uW0ka2VzOmwgAkHPJ+lYcso25NQseGeGbG03E3cRkzwB6e9emf8ACtb27hF7ZHyoVP3sVzWppbWNzDJDIHQNklTjOO1eqTeO7jWdEEWnJ9ljjj2hS2Mkd61qqYrH/9L8rAQAT0pwzwargjO4jFS5AYHrxX6umfBE240biTmot/4U0SE8d6pMVifcowCcZ9qTPeow2aGkA60+YOUmLl/v96crLt569s1BvCjI70eZkYBHHrWfMSW1de1NLA9DjvVXcGHANLkbeOTT5gsT7s985qRWVckd/WqwJX8KkyBnuaOYCbeO56/pQrYPDVEQpz2zS4XA4o5gJ9xzjOc0FiCB61EDhspmlOM88mjmJ5UT7x0J60mT24qPIHGaUgE85Io5g5R+7JJzzQVByT1PXmoQxHXkelLhTgFefrTDkRMAc8dAKANwJFNLE57Cm5xnsDQHIhcjpnmm9yfSlGeRjpSjqeMGgyYobP1pee3Wmhcde9P69aAHKzE+ppwHHzHk1ECBkEcDuKkXbtBA+YevWtBDmcggjpS8Z+XnPemMAR1H9Kd6ZwAPSgBMAgqOtKGHyqx/Gm/7v409Tnk8DsKAHBRkg80ivnqOaANxPOMelOULz/WruA8HjnrSg8imjOOaBnqetAEmfXijJ79Kb+NHNMB/4Uc+lL6c4pMfe5zQBJkAAE4NLk9W4FR5GBnrSA5zmgXKiYnpkj2p24DknkVEGz+FGc8UByonLqPlNMBHcdaZnJ3DvTtxU5oDlROD/dPWlGCSCc1XLBiCePpT8546UGDJh045xT+T7/yqHeScdKXfgdeTQBPktySFwe1Ido6jPvUIbA9RUhO1iB25oAf97nqKk6jH6VAhzkCpCcYbr2oAmBGPoKQNnI9s1GCBkevNPDAYIoAeOcZp+EH4VFux1HWnZBoAcCadn14pgJ+lO3L35oAQGpqjozjimmFrklO3etRfrSg+nFWRYlGO1LUdSDmgQv05o6ZPSm569qN340AL6Z70DaMfWl7/AIUmF6GgCQkH/wCtRnGPemZ4B6UbgT0oAeMAnkU/k80wYPTilGRwRVpgOOT0NKOASDk0zcTTh79am4CnGcjkmjGOMUNjFIOpOOKLgOyBTgeMAUzI20HcehxSAk6dDS7s5zxUQHPJoBO05NAFgNnGwce9GQOg5qMHdzjkU7PJJPWgB7HjPpQuCSyjBpoy3WnA9zxQBLggmgEY570wZB+tHB/CgBe1L3zTcjHXmlyM5oAiyRSkk5Jp444o4GMVDAXHoaPqcU78O9GOM4pGggbjg0joki7ZFDj3FIQN2MUvIPWobvo0NSRB9jsljbECqM5rkNSSHzXBQEkce1dmyl1Kk4FcJr9sVcspIzXh5rRSheMTvwU/e3OVudoZggFYt1NlNn5mtrYwDeoFZLfPlWAINfndY+njIo28duG3OucUt0I2GYxg1Wuv3R2JxmiNjtwx5xWaZbdy5CiraOWODXPRbXkJParfmF2aJzj6VEYtnIPFWdEV1IUVWYqvFJO4U7R1q7C8UcbkrlqyZbhZCcDBo3KLluDMCXkwFHSr9mkjNjoCafaQwG0wFy5HWr9uhiUo44xmsqgWNvRr2OG+SHPfFevR4dFx1HHNeHabEqX6Tn5ea9ojYNCjp82RniqdJ8iPbyup9k0UyjDaeakWWQsAxyM1XLN1FOQlWH51yVD6enM0onCv8xzViRN8e5TVHIHvmk81kPl5xXJM9CnLQk3BwR1I9qzPMmtspbgAOcmrgJz8pqeHY33uSKg0vcvaJNI6mSdcYrsLSRnLMBkH1rmbd441wB1rWivc/KGAIrirLU9DD/Ca07lEPycVgzyuc9QBWrHcl1PRqbPEZ0DBNo9qwOmlsc07MuDgnNVnmUAjPXtWw9rIvbion01Ahl3ZzRc1MKZgQMccVnMSCAe1dL9kVjtxWbPZPnco6VaqAVrWLzJCT0raLCOMLzxVW1CiPIHzZq465Gcc0XMwXoD2qoImMxYn5VqUksp5xVZ5cggnA70jM07aeN3Qnqe1b9rbRSz7Uwue9c3ahNgLHGOlXUuRvCoTgVJDOgexdGbc3TmrVhK0csjuA2Vx7fWm2+oQNCI5TgqOT61h3N/iRxAMBh61LLjUNG4vhPeBSQoXrjvVK4vTjy4yQn8VYQdldQM7iefamXV15IKAkM5yauMCJVSV7ozXIjZj5YreEgaHEbZVK5MNGq5ByevNa1lIqpmRsBqqxnznSWkxuEMkr4EPTNdVaXavhxyTjpXDRSxzRsisEQ/rW9o03kEKCGLnA9qwqRNoyPSLDynZeoHeugsVnkcTjJhXr9a5pJha2xlZcmug0rVjdReUUEYOOBXJNaHoUZvqd1FdhRGSO4rurC7tHs2iU4fBx9a4CwgN8+2LhUGSfpXR2Pl2kyo3RiBk+tcM6eh6lKRvW7yNmLPFeg6MwigATkng1yu2yeRba34kbqa6uDy7BlUHceprl5DruzTvpFto1ZF/eHnNQWjtcgzT9T61HNcLeS4TnHNLDMWYxRDIAwaxnA3pMqT2LuxkjyRn867Cz0W4g003pxg1kiVUi8tsKe+a7jw9I2r2Y0qPLOTxgfrWapm1arKMTzjUGmEq7VJHX6VVWRllUsckg13BitbS4uEuV3BdyA+4NcLehPtGY+CD0/Gs5KxdKpzG8qwi2CtjcTk/Sr1xolmNGW/8wCUtjZ3+tYqI4RTkHNaFxHILEOxyO1aUTKrT03OUutKaRiq4we9cL4+8OwNZ20bHcc16A92Y8EfN71g67Kl7DGWP3W6V3wqcoo4S7uj5v8QfDWXVIjJbEMygHZ0B/HHWvAdY8ESWk0ly4byUJBIGRmv0a0q2skVpZQoDL3HtXnXiTwzZalZmwMYEbEE7cKcg9jXfSx1mctTDvmaZ+dh0tyT8pYAn65qjdWYjb92N2R9MfhX1hr3wsMVqy6e7vLnIUgYrlv8AhVGqPaz3TW5IgQs2B/SvYp45M4KmEps+cBG5/h+tVjaFmIr1OXwhfrDNM8YURAnGOw9/pXMPpUqsc5WvRhiE1ocMsvRxE1rjj8qj8pmHSuum0+UJuA696oixZQpHfqK09qc88vOe8og4x+VWoosrgitkacc4wTTodNKNxmm6pEcC30MoQFSOSc1cS0kL4XnPY1sppsquATjJrastIklkVtpbcdo4rKVU9Khl3kc1bWE0s2COBXrfgfwVd63qMUEaExk/O+PlX2J9fat/QPh5qV5MMRFRkAnaRgd+vevvLwR4M8O6bFaxW9qoURgFfVgOp964K+KSPYjh1CPu7mx8HPgnDp9g+qRQghgFZpDyPYDH519GRTyWENvYQRjYmFAAwMdOgrM0HWBaWUlmzhI+46f56Va074haZp8jQbBK7ZwePp65/SvKq4iL1Z5VbCV5OUkrna6hzErKNrAYxiuCutEmgjS6mPMjdKsTeMbGe8Se6O2Neox3qHUvFkF+w8qMlF6ZwK4J1YyNMNha0Gko+pJ9jkMRcfwDpVW3SRS8ko+QUllq6/ZpJJOOwFVRdecSM7UPT3rnud3s5XfMZusH95HNGMnpWDM0rSHzhjA716CkFtIFkfB29K4nVJIm1Ig8JnmsmjpodkYVyl0zIsQ4b+Vbk+bazCAYkPSse9uiLoLbj5F6VNFcvcuS/OKm2h2zptpMltoJTErTDls1XubgQTiMdB1qYavHBKkci5VDz7Cuf8V3sJ1DzrBv3WxR+OTmp5jGMG3Zm3dzJG4EXIqFWW4Rix+asG0v0uIQGPzircdyoYg8Yqi/ZajMNGz54xn8cVDHcW11FsnOeelajrDLCZFB4Ga4uKNku5YjwetZuA0rnQ3EIWAvGeB0FUTeLIptwMNjg1Vt57w28rv80YOPpST+XbBZ24zyKuNM0RTeWa2BkTgj9atRTeevmxnaW5OeMVT1K9i8gSthl9B3rCfUoxG1xFwuOQa0jExqE9/fZn/fEbVOAetcrq2ptFcMsA3KoyCKqRakt3PLGDwOQKpXTyoxAAYONpH+FdPLoc1SPKzWtLyS4hNyv3h1qvc6m1wuCTgisW3vDZo8DAjcKwpL2dJymPlHAqFA82q9S7Fdpa3DmTLE9BWbJ4hkNwbVUO5zjPpmqV3qEUcjBjlgODXG32pFGacAh05FaxpXOepI9JlSS3jMzkYbg+tc/LPumeJTuQciuZt/Fc95aYbDOch81n/aCU/dy7X9KPq7M1NrY60XE0DCaFiMVT1DxC+CiDEnTIrk4dXnT/RZG3gk5JNTW1mbkO8bjKgnk80ezaK9t3Nm28R3Sqbe7J8tx1pHnV/3yy/IfWufutRtrW0kt51/e9jXIXmp3DtmJ/3bfwiumNC4o1z0K6aC6h4G5kHQf1rlvPuLVy23cvpWbpWsyWzSxSNxKNpNXLif9yChBB461p7O2gpV30N6G+UorrwR1qlfS/anLqwQ+9Y4vI1QLHk/3qz5NQVnaPjniocUHtQu5GGduPm4JrPmiL7SrDdV9njSNlXB3DvXPzS7JQAcqR1NVFGsaxc+zrCAUPzHritCJhGQ+RkVjC4XoDQsinhcg9aUkbRkdra6iHIh/Gt3YQqyDkGuOsyu3ewwT0NdNp6TYwSSp5xXLUOiE2dLGbXCFCA+Oa0IVL5C4FZHkxFAYx81XbecnG7hlrlZtex0NvA2VLDI9a0Uf5SrHHoadaXETRopIJIqzLCJceXhT3qJFKZH5mYtgO4e9RYbG7O3bVSWNom2MeT3FPy4TbnmsbGpefy5Yjxg1gXtsWVkLYrRiZsc85qnct8xDcVqjCpLQ5qS2zhgfmFUDCYnDqeK2rgMXCIMDHNZ7nClWGBziuqKPJqSHwvI5DMAADWzDkoCnPNYkCOIxk5NWFkkt4zlsVqjK+hDqkqjIfqOlc1LIQgOOtWr2VriQbvrmsy6bYm92wp4rqpwuzz60jDulxIdxxmkjY5Cg4xVC8uBIxWM8r3pLacRks43E16CPJrM6tbqO03SSHcgQ8jjjFfJ/iPWrhprm4iQPuYhd3pmvoHV9agsoA0+G81Sqr6V83awT9tZIlEijJIHau2ED4HNJ80uUyU1G76yfKCa2YL+NoyrZLt0x0rL2xkeWw5boKvQ/KFh8vGe9XUieXYz9SjkaAhQSzdCBzmuIPnmbEifMODmvdbK6soLZopYwXxjOK5DUdIs764E9m2134I6jNEKttDFmJoYgMGZI1L5PLdcVSvtLtppd0OFcnIHbNdp/wAI7cQ2zG3jMjKv8PJqnbaZmWN58q69sfzodWzuBUOk6pZ2MUkLkyt/CvQVasXvr0NbX5KNjqe1dkzMINgIXA/I15zfXVxvaUy7ivHHoKItyKjuahmfS3ZZVEqgcH0rgbyVrq92RDOT0963FuJbrJlb5dvOazNPtFN0GJJ2tnj0rZaaks1rGJ7RszW6sqc9O/pXfaHdwXW62RBAXPOBgVa07UdOkVbOZAeSScfzrpbTS9PllLxD5RzxxiuOrVbdjfoVrjT5LZA8D7196zp8NAwxya6PUIVihZY5TjsvrWCyM2FHpzWCWtzApWtqrIA3HbiqmplbWJvL3MuMGujt441HHLD8qyLxVdtvHXnmtVIDzu5lkAARGIPUkU/TLCC5uNsw3FuntXRX0QuCkIKgZx7VLFYWun3AFuVdzyxU5rTmA7Sy0xtEtRM3zfxD2FcTNqDpcSS2pyxYk8V3uqaiunaWjXK+ZLOMRjqAK8hNyFcu4AJboDUw1VxNHWRytcj7VM2G9D2rGjaV5tocMztx9KjuLm6uVCQJs74osLeRLqN5I/n7/So21IO5ke6tUDWkxjUDBKtya0LXX0jCW9y/Xjc3rWBLkKGVcFvypsFtZ3Uwac5VOinua5ZxTMzrprrTZkaOaPzCvQ1w93o0U7yujlRgkZPFbE6t5RS3woYgdeRURjkPyRrkYqaa5QPK5tKlgR5JE3AnrWJPalJE2AYY857V67e2Uj4DpxXOXHhyaSN35IPQ16VPFaamhl6dpsd8hWMq2BnjtXDeIjIJ/sirzEeD2NelCxvNEs2mt1y23v3rz28cSRtLdE+Y+ePc13UJqWqA4rYJOD1zzXT2NnFZW5lPBbvUGl2cJuRPcgFU6LU2qSvNJiMbUHGB0xXS2CLCeILhSbaPLxqOh4rUti85V1BDHkYrj7W3kluEXHBbj3r2Sz0+3hRGXaGZQMZ6GsK0kilOxyN1JO22JW+YnlT1rr3sV0zSYGk4cZY/jWLctDBqIMhGY+uKt6hrdvqqC2UbdnQnoRWEpt7BzXLKa9B5ewAjC8Y6E1ycUxu9SFwQA24H1HFaE2myC080fKCcDtV7TLaG1+YKAw5+prnb3BVWe2aNq18YI7p2DmMAjPXivrH4V/ETTrtItF1kREMdqMcYyexB7V8K2Opb18mM4YDke1WIL+8sr6O4WRlVWDfLgdOfzrzZ0bs7cPirH6CfEz4X2esCPVtK2o0ZLOq9HXHbHYV8meIdD0+ykdZEaCSPgADv7flXu3w0+Jc15Cul31yPKYM6BjyfUc811Pi/wjpd5ZzauYFmmmBkC568cEfWoh7rPV0a5z42l8c6noWnMjh5YDwVB2/L3H0r5x8XDTNVvFvtPzDuYkxnnGT2r3n4jE2TGNrXyxJxtX+HA6Cvn5od90xxtU9hx26V7uCVonm1VdkumPAzw2Uf+sY8Z9uRX01Lc3Wl+C0mt3zcSJgoD+Zrwjwxoj3eqxzrH5ix8kHrz2r07U742iMXi/1K4VCeOOMVnXV2VSTRBo+uazf2Btrp/MEmUChsYX6dMVa0jRP7LufPnc7T0B7fXtmtD4Yax4Uhv5R4njFqTubzME/8BOK9L1LwzY+I7vz9ElEdk5LIxyDj6Hms9jU5y28d6joq/aLaMSRr8qrng/8A163rn4m2eq6RKblTbTFMbG7+1cF4zsY/DlrFHF/pCjJbcePrXhF9qUt4ZZZhhGP3e30ralh4yV2TN3OrzLqN7JNbqHaRjhsdBXM3ujW8l/JukBJOM54yKpr4lu7O1e1sgUL4GRycelX9Y03UItHj1OYFPMI68cGu6FPlWhyMpX8VxbQ+Usm6Idcc4+lebahezTzMkq/Kv3Tng/Wu4t9aS1050Me55F2jPY+tcQ6rNccpuJIwOoyfWt6WjuyJIy7chZ4y5+XPI9q9AiI1ZljsVEewY9AfxrinspEmI27R6jmtfTbqW0cxRHKdx6mtaupDNiWwMVwhSXOw56/n+FdDFPqut3MVrM/mwRkcDgY9BXdeGPhpHr9r9onuVt2YDy1P8RPXPpVO98I6v4PujdhfNjjckMvIHpn2rw6mOj8PUm56jrVp/wAIz4YtLWJ9kj5yR24zxXzZeWEwaS6LlizE9f519HRNL4n0iO8nTKomFB7Eda8A8QzvZu1sE+WQlT/skV04GrzIDk0NzNKioxwvOBXQpcTxL5LybYupBrK05AkjS7eU/UVV1C7UyeRAAztwPxrttcD/0/yhJPTOKN7DnvTSdxxnmjGOe9fqCZ8LLcd5isDubBFSA+9QYyPlHWnocH0ppkkxfjjjPenAn61Fng9/elByORzVgOOcZNBzgE96Q49OTS8Y2+lADwwUBc8mnAkHGR1qHaUXpkHmpuHw+McdKDMf3x09acVJHHeov4uuKfwTmgB2PypR6elN/WgZ/CgCYNSgYJPr0qPOelPJBx+lAC05RgHntTaUMAfWmkAEHGDzTvwxRnnPQHtTs8Y9asBp9DxSgdM//WoANPUcZPHvQAhXnnt6Uoz26UYODg8ml9zQYgBxinfLjrzRx6daM9McYoGN+lSAZ600DqTyBU4UEcGqiDGFQB60jBVNPAGdp5pV6ZPFXoZ8wBQBz2puN3vmpAeuKTjoO9FhiBV5OetOGFGOtHO3gUD0osAtOH502l/GrASnfjTad+FADu9LmkPSk3UALSUuO3rR7nvQAA88dqdyDxzTO1HTGOaAH5xmnEjI5zmolz1zUuOh60XAAOfrUgO4dKjzye5NOJAPI4oFyocOeaARjdjr2pme1AIyRjigOVEnIHHWnbwTgnBqPjGcY+tIBj3zQHKicdeDTgwAIeoM5zk4xTtw4qeUOVE+7uvPFO3npjFVsin5z3yM0rByosoRnGc+1BPpxUKkZPGKXIx6+9NMzlEnBJwOlKZNm3Izk4qHdk47VJ0AxzVEFkdfrSMG49KiLEc9qfkdjmgB4OKDz1ppPpTaB3JR7/pTxgdTio934U7cfUfjTTE1ckOe/Sk5xTCzHAzwKQN95sYqrkWJRnOOwp2R1HNRZ6EH608NjNFwsOJyBxSE84ppycYNHUjB5piJBxx3FOz6nmmj1zzTufvZoAXvjtR346UZyMHpRQA6njv6VGM44p446UAHTjFLSA80ZoAD6im9e1OBI680nQUAOHp3p3c4pg55NOz6jPpQA7nOO/encZxTOM8jmlyRz/OgCQYHB5oXnJNN3nGCOaQMVPI4oAcPpTuD3qHdTg1QwJ6cpAqHJApQTjkUgsWvY96OCSM9KiLkcjpT0Y4yD17UGgzYA1IcZwBUp5OKz7lZeBGcNUTv0CKLgU8jn2Bri/EFyuVQgZU4rq3laCNCTkjqa8+1a6iuJZIgctnORXiZtibU7dT0cDR965kTNEyPt9O1YOwbuuK2SqxQnIxWVcPlAV5wK/PZq59FSKs8asVB5xVWWHn5BxU0YeVwpGO9XLplCDZxnisLG1jFNsQPMxzURVzz19KtsTIAicUfNEQjCt4K5tdGdJyChOM8GqkdqofmtTyPNcgHnqRWnFod1hXGfLbnNdFHCTl8KIlWiirbuIOCpIIxWocPtxx0zmoD5VvkfeI7VSuNQc7Cijk4IrrjlaT94Uat9izemFGUpIc9D6e9eseGbuK609FjfeY+DXiM8zzBtyhecZHau88AX0UNy9rK2RMMggdxW2KoxULI9DBVeWqj1LLKTgc46U6LcxBzjHBpJj5cnHIIzmp7cKsq+YfkJyTXy9TqfZUmW0iDvkc4qJ0UyAkYPrS+eUdmTlfSpN4kYnG3Nc0j041BrpsAwetQ/vFY9qvKhwO/1qCRsk57VznQi5aNnCnnNaEcDySjy+grItyc/LzXS25MMa7j1rGqjsw5ZigkZsx8BfvVsxRzSlYVPGelVbWZzIEUcHvit2xQPdou7BrzKs7M9Gmi6NKQokOwbm4Jqy3haF0fynCgDJz3NdAibF/dZZ/XvRHps1z80jGM+ntXnTxDTOiNMw7TQbEw7ZUy6jqKyr7R7dIikiFdvIruINPNvuIkOBxj1pXsJ7nCGMsh43HpVLE3H7JnhM1qiktCcDPfmqojdQ24YPSvWNY8MERM8a7dozgV5ndiW1LJIMDPBrspVbmUqZhXH7s8Hk1jXk5LhV+UVt3WwkKnUDrXKSyf6QQ3NdCdznmdFDNujEfU4qcsEYc4Y1VsiNhbHIFXxDuYMBkmtDC9hYZG3fMx96eZQOMU9YSDuPFUJmwTtBpEkUl3hy3eqbTNI29+ac6MRz3NRsBGjMea1MxDMhGJTgj9avw3guQIxhVUcCubu2IO88LWZcam1oqmE5c9TWqgZuZ6JE5MiRqTk9u1dPZXYtmAOCF5Ary7RdSv7hGuSoKR9Setd1ZXllMwdcZHX61l7M0jVO9g1W41DEIY4HYV6DpMMsdt9olx6cda8ggvoraQsp257Cu1tdRkngHlyFciuevS0PRo1dT1u3vbmCNEgO3f1+lejaHGt+YPtC5CnOT614ZpOvW8TKt6xfAxmvTtA8RwXRuI1ZVSNMjJrzZLQ9uk7o2ZNbNpf3EgI5c7Svsa9Itbg/YYJ53PmTqGweuMV4tbS2s95EhYAZ3EduK3rrxRJdXYt1A2RDapHGMVxVIs7qUD1S1vNsbyA8tkCltbuS2LXAIA75715e3iMwxwwq/JJqnceLooQbUnf5rZ56j6VlKm2ehTos9huLwBRJ5m7zBmum8D65cWWoB1k2KeGI/u14Lb640g37uASce1aOn+KpLTURIhAUjBU/SsuTseg8NzQsfRvie80o37jTn3xOckn1Neb65crZSiVfmDLnPvXOPqE13ITHJuZju49DWB4j1iZIktZB94Z3e1ZSoyZy4fBqMkdvYeIYp1KbhxXVRalaXOnvE74ftXy3aXd1BeeYHIUnsa62PxLJb/ADeYSB2NUqbienUwEZao9j1Wwjh0tJYZPnPUVwJl3q6Oc4qr/wAJnFdWmwuM1y51TdcEs3Ga3gr7k06HLozu4rn9yFXgL61ZjWOdgzEEewrjLvWYlhjjiADHrzW5pl6jIpV8Z60ncc6S7HTSWtqxWTyuR0NX47axEbRv0lHIqszJ5YKuKqSzorbEbJq4TaPIq4BVGY+peDNMvYhCinGeorgtS+EeizK7sArA9QOa9506PegAGW9aztRhdCwdskGvZoYr3Tzp4Nxlyo+WdV+CbXZBs9yQpyTgHI/z7VxsnwdvPPaG1DzIenTOf8+1fYgume2NuBtB/WtLw3pzXE5KoDt7kYFdEcU2ZVcNUifBdx8Ndesp2gNowwPxqPT/AIfaiX2C33MTzX6WSaDaPKXuIFbPqOKr2/h3SRcCVYUDDvgZrb6z5i9pP+U+LofgnqkU9q1zHtt7gBgSrcDPfIHNeweGPhTpmnXKam9uqtG2VHYEdTjuT75/Ovo7VEBtEiQDatcZcXghUjsK5K2IN6EJzKs1sqxmZwAB0xWzpGorbR7olBYcZrl7i+E8PlIeCantXFnbMznOa82ddrQ97D4FJe+dfJqU9wSNxFZtsQlyZHY5BqnDqtsIQhPzGsW91OFJt0b4x1ya4a0zrp4d3t0O0a9YzhHHy5rsLK8tYrc4OW9DXjcGtB51jz1q8+syR3Hl5+VuKwpvXUVSjrZHeyXjKrPvwCSa24NbiltEVjhlHWvMLjV08kRZGaSHUUVco/Cjmt5J9DGeG5ldnoK660JYlycdKoQXi3crTSMeT3rj7fV4DHK1xgj+GnWNys7MVIAHI5rOzXQn6uonauoluSsONoH61PakRRMWOGyRXIQaoySHJwBnPNU7rxPEqeSq5OeTRz26Euk3sdBql1CmFTl27isS72yKsY+8cc1HYyx6nHLdSvsEIyB3JqE3MIEe85Ymq3DkaL9mEt0KuOasS3MUVszrhi361ianfQwYWL+L86ph5JxuJ+VenpVchjdp6nU6ffBbJmmJ9q5ue733huAfaqz34MbRZGOlU49kSszsDjvWb0Isr3N+1vwIpbVuRIcj2pNWPn6crK254iAR3xWVayrcXEcicRHgmknv4o5pIhyN2BW0NQurmPebxAIySR2ri9ZnaCBgjct1AroNSuSZGRDz/KuOvF84iTPGa1sTOSIbByqNcjr0x71oeZLMBKvO3qKqzfY4rTzI8qTwR71UOpRQ27fwydjWqOGrUGX100jq4P8Aq+tYN/dOqh1OM0yW+SRCoPzHkn1rJu9UQQojrkDv6VrGmeRVlqY19qKId0hwfSuGv9Z+0zlEbaBV7WHe7LCE7T0rmZbZoocvHgngvXRCmcNSobVlJGkuC5VX/LNNurmaOdnt+QOOtcd50kZwDn0rTSeRiNx4I5rTlsQqrLbXEpXc5xnrirlvqstuQ6kkDpxWPI3loD2PWmxSsSVA4rO1x85011OLxdzDJ9q53IXIHY1MJHjBI4zVAzsckjGKQhJSwkwpwKuR3D+SVY1WKJIuVbmjZtHXFWBNFfvE/wAy5HSs5nHmOyvjPNV7uVovmC7vWqivwdvVuaj2YGpHM4yN2402Vt0e0iucmuSj5DbTmtOyd5lO9uKpKxtTJS+1gDVuEkjcBkis6U75RjtWzZIC3J4IxWUjvjsbVu/mwCP7rCul0u/MZCzDpxWDFYy43x8gVZgU+Z5cnBFckzemejobYxhkIDEVEW3Z4xkdqyNNDoCDyp/OugS18xdygg1ys0K0NxNC6lScA111hqLTOAcbT1rmja3IQs68DvWpp1o5TIIDHmoaNL3RuTNE8uSfpWfNMsTn+LPSm3MMgGS2SvNZrsHA2H5u9JgdEhiSMlztxzWPLcJcMwXqO9ZWpXUsEflkk8Vl2byvvdjgYxVwRz1Zamo24Plm9hWPqDmU7VPyitCU+dHtUYI6mqywZwn410pHDPcZbzSFVVlx0qS7beNnNWCscYw3ascyMZHYNwDmtYq5zzehTldY13MckcflXN6rObqNlX5VHpV/UbkRvhTxWHLKijLnG7iu6jE8zES1MyCBCdrZ46GpJYzB8wbg81eTymJaPsKr3MkaweYw5WuyKPHxU7Js868cavb/AGCOz8sNKxBRx1UjrXkX22W33PLHuwO3vXQeMtUtrm5VbfIYEjNZlk8XlIrjcQeQe9d1tD89xNbmmchqN1K9ys1uxjf0rqLS8m8uEXXL4HzHrVLWPskVysyoPNXnHatS0IvZEeYhSmPp9Kc56GN76nRx/ZntwvDMe4rLNs0MgdMogya1/LiB3R4wB2pVzK4UKSCcdK5GYsqQ69NYbSI/OBOAq8kmtiS+sWYSzwNFK4zgjoalns7HSAuoO2xgM8jjNcveeKbHUJS8pXJ4A9TVRTkIztf1SNQ8YVgSMZ7YrzZ5Wclgxwa6e+1ptVuvskUGUT+LtiseeGOS5EeQo9q74xsgHCOV7TegbBGDnrU2lxFC0jE7v7tdLMLeO2SOI4baM1nxWySTBg+zFZzlcDY0uJJpjubYF5PrXq+jJAygwDgjHFeRzRyqix2i4LHlz1xXoFpO2i2CM53Mqg59zXJKNwN2/g8uRVDbuc1mMCpKhdxbr9KSx1KS+VppUwf0xSMzXE2AQAeuKz5QI7mb7NHmQYJ6ba54Obl3d/lz/Kt2e5tCWjfrGa5vU72KG3ZBjL8D1rSEQMYwS3VwY4FLc5BB6V1Gh6NJK5dwflHX6Vk2F79lgBgUAN1z1ru9HuTLEFA+Y+3Boqy5UBwPjfU5LKeK3jVjtHOOgrznTkkurgEy53sSF9a9g8UQSz3KoLfzCRyQK57T/D9rDcIxUxM3IHpRTrWRMjQ0+yKjbLy3BzWtJDHaMrtg8ZqwxjtflR8hBye9Z99eJcQqYjymSeKzvzMzZoI9vO6orZAGSPSnm3hjwyr1Oc+lcks0i/OhwxrPufEl3bS7fvqKpUgUT0BgQxGMn1oiLksgI4/MVmafrmnXiCPzMSKM/XNPEr20jtFiVnOAfSsZQsEo2NgRs0iOGwqY4NWpGbYWCDCnNVjd2xC7nxjrVaRjIrbWwrjGakk5PxNc3lxBsjmyoOdvrXlN0k8j7XAGK9K1qOKOTCy/vF6j1rl47SS4YiGPdvPWvVwsvdsUjmxGVAQqfrSvbgLhhkn0rZeFhcGMqMIMFfeorkSW2DsBrZzJM3TbFBdIdpdUOcdxW/Nc4uRtkIJIAA6ipNNmSJHuVjxJjoeKTTLmO2neeWITseme1Q2Bia7BNbL5jjGeCc81m6LvlvI0c5XPfrzXReMp45lWFeuM5x0zXMeGrn7NfR3BXIQjr7VUFeJpDRHs8+nrNGhYf6lcjHTiuEuLp2kaIqVPPA/Su7hM+qIRZqeD8+OBg1rf8IlBsyD855OTkivOdVptEU00zlfDaebdrNKMqo9OKl8R5tpU8lj1559a66DToLGFlQZ29/euM13Fwsknfpz1xU0o8zuzVm54Q8Wy2cix3cgLBhswOlfe/g7XIvEOhojvuOAvHQAV+ZUEO1SQfQ+4Ffe/7Psa3Whtao5IU4JbrmssbHk1R6WBndWZ5R8YvCUi6lLfRSlbaPk7hjD+lfIt0jxyphfm3fNjrX6QfGnwxd3tmlsjBI3++2flIPfPrXyjZ+BIrvWhCko2wgBmx1C/1rbDYhqnqVUfvEHgjSrjT9J/taSMNNMSOB/COma5O5/tO81Gdrg4XecL1AFfaseh6ZYeHXeYK7KmBgAduBXyb4x1Ozh1F4rWJUYk7mHfHbHrVUJuVyk7M7hfDPh258OLNcSh7l0OH3AHd/dArxrXtH8R+G4Uk0q/mS2lYbtrsMkdivStlJrl7dHVmBAByeBg11kOrQzaOz3oDiLnDDgn15rdbg2eDf8ACReI9SVhqM7yKgwVckn9a546iu4xFsr0Oa6TWporidzbYVSc4HFcTc6azK7SMSSeDXrRSsc8melaLqPhk2SWMn727lOB8uSG7DNWvF7askcME6loAAFwd2PUYry7SkmsJEvIkZnjPBHOD2r2vQfEJubNH1SH97gkFhkf/rqpGczx/UoWtgqypnAB6dKoWUczruhX5s5/Oum8XXjyXTJtAjYD8DWboLFdsspVVUlsmqQG/pekWnkvc6i4QKMgZ5Jrn9F0yyv/ABJDb3E4hieTJyeNuc/yp93rCXrMoUqI8gDHHFZtndT2moRzmJZJABgYzTtoxM+0rrSrS00+3vtK+Xao2/N37Vyc3iRI7GSPUgJJG4YN1NX9Hury28OG71BowzR7gh4xkZFZuneFr74gWsl4n7gQn5SCBkjtXxqhytynscbTuebX/ie602KTyH2QScBAfun1rySXUJdRu3ediXYlvY16V468Nal4cZYb2F0LZAcjKtj/AGq8z010TIfDJ34zX0eWyg6d4mqLN7KkVsQG2ZGTz61z1tuknaVslD0b0qzqNxFcTM0ILJjA3Ckt4pYo8DgOMV6aWhR//9T8nM8+9G49qAcEj9aTPByK/UEfCy3H5J+9zUibeRjNM4IGOlPQj600SPCnGM4p4BI60zzG4OPlpQRjGasBwyxPbHHrT6YuA520+ghhSqKTnoKeAehGMfjQIMd89KXjp260oznrxTwM9elADOCM4qTHy9MUY7Yp+AOxGaAEAAB4wTSnHpyBSnOAPQUBSVznrQADH8XBNO9+tM5/hJ4p4BHViaAE2nselPAyetB2YB60gYZAp3YDwhGTnrQExwGxmkJAJGeKCRg4Gf507sBRzTscA0HBIyenSkBPXH51RkO9D0BpO+D+dIB26U/JweOv6UAAI+gOafuXHp8tQ+nPWnEj0/CgZMD6c8dqTjHzUwH04+lLnjmtCLEoPy5zSBgeD0qIOO/5UrMMZxincLEnGdvIxRjjjv79Kh5I65FSgg/KcYouFhdw3bcdKfUSvuXknFSZFMQ/PTjFGQO9MP1oyRjAp3AdyRR24ppIHNN3Hr2qeZAT+m7jigDgZFRbj3pdw75NPnQEmRjj8qT0HQCkLUmcnNHMgHD070pY8KO1M3eg6Glz04xRzICXtweTS/Ljjp6e9RHHrTsjOecVQDxgDORkUnbOaRSMbc80uRmgA56j5qfnsvBpuQevb0pu4EHnmgB+SevWkGTn1FJnjjtS7h0oAUcHnqacCAeM4puO5/CgYA4oAkBIHIPPSnjOQo4NQ/Nij5TyTilYCfcVPNPD7QO9VgcEDqDTskAAdKVhcqLWeMOeppxJyMfjUIYk8jrSkhQDn2qQ5UWA/XI47U4EZBx2qupJB+lKMkjB4oMbE4IJ9O1O7ZXkDiocjOD25pQVyBnFAWJwWx6e1KTzwOlRAgcgHmlDHkelaBcmGPvY607IHfJqPcOvrTg2T1waAuPGNoFJjnNCnPWnD37VoJq44DnipQOetR5OMingEj5qCeVjhzwR3pM4weuKMZAwcUdCDz0oFYM0Dg9aVR3pCh9aBDu1HPX1pcZAoOOlABgk80c5xmlxngU7AoAZ34PPelAOcDmnY5yOPWjjOT1HpQFgwenendD1zmncDqcH3pDgHJoAXpTT83CmndBlgeelPQBo2YAfL1pNlKJAEJ6UYINbFpZPfzR28ACSOAoDHbkn/Gl1LQ9S0qZYbuILvzhlbcDjrWdy1SZl9eGpQxViDzmnLDM7+WEOenNKkcz5RULOOOBRdFcjFpM4IqeS1u4YkmmhdFc4GQQc/SqgkckxtGyn3FJyQ/ZMl3HsfegqC2T81QhieemKkCnHB3d6nnIsUL+1kmjIRuRXIzaE0Defu3Z5IFd+xXjd8velS2+0McLjIwDXDjcHCrqdVGvKOiPNLnSri5GApUDmq39hTFTHs6jOa9el06W0Ubo8E81JbabNdkkBUI5y1eT/AGHS7nasbM8Pn0WSy5Pf8ax54HZWXYWA5Jx0r6E0rQdP1K4uYb598sTcKp+Uf71blt4Y0mxtdQ/tIrp8dsgk8wgHJbgY9V9f848vEZFHmutEdtLGv7R4H4c8E3epTOZC0UUaB2JAzz0AqXVNF0mDzMtubPyk8H6YrS1rxzbac8lpoD+Y7EDz8fLtHopryye/vbu+CzSGR5j8x9+/HaumGCpU+lzp5py8jvfD8Gk2L+dcQi5ZsYzyB6nB4OK9O1bSrS8styKsG1QEwMD2yo7GvItLElov72PO707V22l6i99LFDM+1VGNrHqvfB9a64yjHRIznFnnviOxWwYIFUueSy55zXHBwQVJ469sjH8q9G1y+a/uylsgk2M0ceF+8gJwfc1mr4RjSSF5CUaXJcHptOM/Q1z1afM9Dem7HHqVmKKBheR+NdH4espLO/gulGNp+YetdDqdlZaTZNZW8ayMoGH71wjanPBIGVicHHpzXLXpW92R1Yerd8x9CbhLiTOQQDUrN8tYHhq+XUtJjnB+ZMqw9CP/AKxrcIzXyOJp8smj7ihU5opj0Yhc1ZRiB061UQ5yD2q4mDg1xtHpUpl2ASN7AGo7pAknydO9KgZCNh5NOmTzuX4Ncktz0aWwWRXa3UtXRRxPcjZHwVrCsQInG4jArqoXhC7ozjPWsKp3UdzsdPslW3ij28gc/Wuj0zRkJN0eHJwMdhXH6bfuyFFPQ9a7rSJmaAMw+foa8TEqzPToxOh06CKGXrvI6ZrobvT7V4fOVtj46VUsIIkPnjjI5rai057rdN1CjI9DXi1J6np0oGHa6WkmDKCVbqRXUR6fFa2myNS20Zx1qFb17ZPIljwjdx6ite1mITzIwSrDqazVUc6ZyWpi3aHAj2nGD6185eIdNkjuX3glScj2r6ivtLuLmVp0XMf9a4DxJpiT2Rt/Iw+T82PT3rrpV2YqFz5suo1VeBk1xjRFr1g4PA4r1XVNMEb4HRulcDexSRT5IwQetezh53Rz16JctdoADdcVrCXYAQOtYsAwC2MHpWioby+RzmtluebONh8sz7cAVnAMXLE02eY7vl455qjdXL8+WSBiqSMCe6mjiUu7qMVyz3vmsWU4VT+dMjtJLkytcHK1FJbJhVQ8CuqOxEjH1K6vbwgb8KnQDtVC1W581GzuHcV0a2sfIZcmpPJVRwoGK19ocrWowa1fWcZji24PbFUl1m7MimNxGc8Y45qzcRB0A28nvWR9iMkgULkk8VokB7xp9tY2/hy31TU9Uge4n5ESsCwz0BB5yO/FbOk3BaBrhpgkYPGT1NfOOpzPb+XbwsQI15+tVbXxbqFknlO5aMf3jn69aiVNM3pVuVn0PP4iL3KSRttVOvOR+tdRB4rSFV+zy5D4z2/lXgem+JtJvYijSjzDjIPFb8d4kSgxsHz78fhWFTBRex7NHHxXU+m7fxHDIkMkTEOi9qXRfEG2+LXLfI5PX1r530/XJo5AhJUZ9elal74kcRL5fDA8/SuR4A9ajjF3PYr3xLMuoboX+QHAGeK1ptYtYJlkmJIODknoTXzquutIrLJxjkHPNXn19rqARl8mMY568UpYC/Q9SnjklufREnjCBk+SQ7gOM+lc7P4zlEreWeexrwtNeljG3cS3ahddbJYnJPTNZf2cux2Us0j3PqDwj8SPKv0g1Ana3G/+EH0ro/F/iWNx5ofkj5Rx+dfGja3LFIJYW2uOcj+VbR8S3mpeX5p2hR0BOPrWTy06KWZQep7bF4rNsC0rbj7VTuPFrSjCnA7kmvJxcPKowT+NOVnBy2duapYOK3Ov69bY9MHiySBsqwI9KtDxi7/P79q81ZPM78e9SQWbrGZA1N4WHQaxnVo9Rk8TCePzCxO336Vq6b43aNFRXJANePxRylSHbr6Vchglh5jIbvisvqiZrDHLZn0d/wAJ0CkZEgz3Gasx+LluZAwcDnnmvmi4u7hQGYED2q3BqBjRQGK7u+aieCXQ3p14M+xdP8ZRGNYQ+GHTBrTu/ENtLY7pJ8P3Jr5Bs/EcsUuVzlRjnnNac+vyTGLy2KkHJway+rsn2VOTufTltrEDxA7856V3Wja2trD58Z59K+QLTxJ5YPzk47Z6V0+l+KLh5CoY4X3q4xlEuWBpzPraTxatyuwNs4596qy6ygjEivtI96+e/wDhI5RGWz8xHBzVGTxLdEBGY57nPSsuaRCyqCPoG78Y20UYimbk8VyV9rccjbg3ymvFrzWHkILSE1DJrzBNiEkj1o5JG1PCwgeyw6zBEPNk+YdhSXniiOaARqQoHpXiD+ILvygu0fKayrrWpbgfuz5bDqKTw7RbqQW569N4kKlZIZF2rwc1jjxOZi7Aj6V4vPqk0YJaQt3xmqSazdbTsbHGaUcG92OGMjc9wt/Fpgl8wEfL706Tx5vYyPJz6CvnWa9vky2T7+lU21CcLkk5PYGtFgLlSxUNz6PHjjeWDvgfWtjS/E4mBCScN718wrfPt3FsH61o6frctorFX70SwFtjGpiKb0R9W/21HsCM2FFbFj4ht4Im2Pz718rp4ocpuEpDdeTUUnjDUIny0ny1g8GzKXIz6wTxDCyudwB61lPqNvcOWVxuPbNfNf8AwltwyqVb65q3F4llGJjNjHvUPAsylyrZn0vJ4ghsIEjBwzeneuen197iaOUNtCNu6+navFn8Ui5Kl5Nu3pViTxNZ+SSkgJ9c1VPDMiNRdT1G48Yi/wBTd0yI0wAO1drYa99q05rRflnc/KfQV8zWWu2CTBpJgM+/Ga15PGUNu5jjkHAzuHpWkqEiasotHsmpa3HbTi0hkDOMAmpNR1xIbSJXf5n7Cvn8eJB5zXLuc5zzVo+LVuph5hA2jgmsfq8mcjSse2aZ4lnjR7YAbTyM9qjj1GaS+8sMSSeM968wj8T24JfIOBmq7+KVSYXEMmGXmtYYeSMZSR2+sazNZ3zuwzjginya1a6tHDaW8YhlbAJ7V51qXiSC6UySMGZjz6msF9aBlWRG8tFxx3rZUjjqTZ6Vrct1pU32CTByAQ3Y1yMmseapEmN69PeqeqeI5LxFnZwxjXAz6Vw39pwrOXmbIzk81pGlfY4KkzqZ9ZR22p8rjrioZL/dEwbHzdMnpXnWv+KdAtnV7SbcT972NcRP4yv7o4hICA9u4rtjgZnkVqp6Vqmpi1BCNuJ6jrXN3fj+5ttObT7uINbscghf3gIPrnGK5nzf7QYyE4YDJyev+NE0CSWhjkCkGuqNBI5ZybLK+I9Pu4PNQtHJ6MMVesNXjb5A/J9a8+lsDgxRDb75qkqXFuwAZvk9OlEqClsc8a76ntZuHkAVgPqDSKR5gOeRXnWh+IHtZTFd/Nu6Zrq5NTt5SBG20n1OK5p0WjphWR1V7FJAEZuFcZB9azi69qhl1HzrCO0LbhGcqRz+tVfMwvXmuRxZbdzTWZEbDfj9Kv3MZt48v0lGU+lc3nemG6n1rRhuRMDa3DcKMKfTFSIq7oyDuPNUZHRGwozx6VK9syMR265qkY5HyQOPWugDD1MsNsij7v61s2FypjXC/eAFZeoK3lhdv3f1q3oUcuQZF4FZ1DqoHSpbIWUv26eprXtYmyAqgDPNWNP095rhBKN0eR2r0FvDA+z/AGm2GRz06CuCdU9NIx7UuyiNBxxn0p13pl5Kyy24GV61v2Ok3UVuZTjjORW1pkRk3Rpyec5rlnWNoo5rTVmQ7Jl+YV1kczIuxfSmS6fIsodhge1aaWgGximR61jzGqWhf045tyrrw3rUKKBIyx+tbZ8vy12gDjoO1Zdza4O6LgtUuRHNqRzuoADkA/zrOvY1hgDxjBJzTvscrzK0hyKkuk3KV67aSY1I5y5MtyBkd6TZ5S47kVeKtsOO3NU2cFeOprppo5KjIWIXDHgjnHrVyIr5YkB6j9arZjYYb7wqrNNEpVYuV7/WuhI5Gwu5lLHjqKxLo+UuVOO9TzTHzckZB6Vk3tx5jbYm+Uda6qUDhrTsjEuZC6NI/RelY8zrNtUc98VbvC7OY04Uc1SjU+YpIwTwK7lGx5lWRG9yyP5Y+XFZ+rXSx2wMjYJHI7VrXSxiQ5GSMDPpXm/j37TbWQkt/mJHFdNNang5nPlps42XRDeXUs8OWYnJz0HtWTdyPZ7oXwrdAfSuZt/GGs2ZZVXBbg59q1ZtTttQgY7t0jY/M9a7FTfU+Btd6mORJMzNJIDz3rWsrmJ5fJVv3inB9CazPsvVc8fzpdKtzDqK703g8/Q1pNKwk7XPVraMiNQ3XA6d6d9smsXyLcOo5JzWVqF1PYWwnQfMoB2+oqjpniK31GU28sZjbBPIrhsSM8SeJbe9tZLe5QplSFHXnHWvIZI3dQVb7tbviJj9ucP97P6VgxgO2FOK9ChBJAXLeaRYiYmKbvlOK3NFtfOuf3zKoA4z3qC0kSO2aFgDuBwe+ar2MPn3GwPsY9M1dTQD0K+tbTykEZwWGCapx2rwxhvvjue9QvYSwlS8jMOOBXYWE9jDCsMww2O9cV9QOStHlN0DKxKHjB7V17alGYljlQt/DkelYNzcW24q67BuODUkEWXErP5kY7d6aQHc2U+nxW4A4LDmqqTRb3aN/lUFjiuZvpYpYFihPlk44zSQq0Vi8QbaHBBOe1RKIED3tle3TIkmT6njJrG1eMtdCNiJBxjHrUrWKhHSFQZGHBzWdJbyWjBcZc8jvTWjAt6bEWvkjl+6T0NeqWka2sQ8gkr15riPDUT3Ny0t1GVKABDjrXptpsCMAnByDmufE6gc7DPKJZGcE5P8Rq5J5UrI4j5XpQ+mhH8xpCBk4qFnCsyw5I7E9a5kmTIxLoSG4csMKfWuW1gNFgQkpnk+4rqGjkhYyyZOT3rk7+7+2Xvl7GwnTIrohoQxkUdyltJdySbsD5VJ7VyU1+JZRE8fuSK9D1tX0/TgWAbCjcR6158I4sB1HL89K6aIzVggghhM1vLvLjpx8p/Cl03+17e4+0s2QTjAOQR7ispXe2WUwxiR2457fTFT2GsXlk6mVNwHVTVunuWehQuk8mHPI55rQSaUEbPmQ8Eelca+vQylXaIgP1x2xXY6Usdxb/aN21WHCnvXFKNjKcTG1SySZRJsG4ngjrWdDBf2URKfOByK7OaGC4VUGQUPTtUN4EitCi9TjFONWzsSnY8uPmz3jBwfOkOavpZtPP5Lc49exrpA9vGwkeICQdGxzWJcSrNKzQEjecE+ldfOBP5axxuXA2r6Vk20H2nU1ht2/dcMT7Vo3h+z2rxxgyMcZrAsLyW1m85o9wOOg7elaxdwL2taNJI32iBRJGRggnkViJpwgdY1QpKT0r0LTtZtz87oOOgNUnmS4v3vWjBftxwKftOXQ0Ssdd4OheCBmncEnovt710l/qMTDftCv0IHXivH7i7voOVkKKSc44xmnxalePtyfmUcHPWuRwvK5VrHVanrMggZYcKADknrXKTyrc2sbR9jk5rM1Iz3EQeWUjnkDvms92uEtWiTq4A4rSMNbBI3bW2jlLsXVFTrz1r63+DXiaw0ixIupgNx3ZzgYr4xsNLvBPFFKGQyEEZ6EV7TYacRElra5UDGceprlxu1jelPlaPafit8VIL4Jo2ljzmcgM4PyqvbHvWL4Tt40IluSWllG4+gJrgI/DFwb2MzLkbxyTx9a9Hs9ZsdEuoradASSMAjsa4qkuZJI6Oa8i98SbnU7Lw1NPYHaEUkAHAJ/wAa+F21S+utSYXY8t2YdOck9a/Qv4gy6Ze+H1W3XhwC4xx0r4o0nw5DrGtyTojRxwPtYZ6c9fxr2MLaNNjqM7HRrW4vLACOMkBiDn2qhrlvqSTNbuhWHAxgcZr2Kwis4P3SKqJAO/tWF4gminsbm5R+g7jjHtWVKfvjufM19FtvHCDG0Y//AFVJaWccitNcknuMGtG6tVe6klQY3HByaorZtJdCNdxHYD0r20YuRd01bCyMiyR539GJ9a1/t9slgWXB3EgAdsVwGpSiS42whgF4yenFU57yaKMw5+Zvf1p2IlIqX0U11O0m4s+e57VWt7S8kHlx/KM9M09Z3Yje2cda0rS6W2nWVlDqOorQyuaEfh+U7D5pHQnFZl7a3+jajBdRoX7jIBHvXZ2s8t8nmRjbjJGOntXIaje6h5rJO28p2HYU4zszST6HceH4NT8VSM11IY0hUFsj8gK7NPH934BMdtA7KM8Ieh968Y0bxle6DI8a52XBC4A4HvXa65BBrukvex/vbtVHOeRnqAK83FYVOXvLQmUD11fE9v8AErSbmPVlVUKEAtgbTg4bsODyK+eZPCksN46xyhYu2Opro/DH9oRaXJaYKswOf89q6nwh4efVdWEeoN+4QbuWABwRxzWVGCpN8mxUIniF7pN1p9xtnG4HkEdxRvV/vZH0616N8QtJgttUuf7Pk3wq5A5yAOOB7ZrzKSKW1KmSPg9z0r2ISurkSWtj/9X8my3J96XOOKYRzS46n0r9PR8LLcdnsKmiGTn09KiwAATjmnRtsJz+lUibD9vGQcd6djBORTNynrRuAJwc44pAThTt5OPQ084IVe45pgbIFOzyK0E0PxztPGead0+XJ57U0EMPQ9KUFQc+neggeoUDYec96UkcgcAdab3x69DQSx+8M0AP3EjcvU8CngkjLdRxUQxn0x70/dngdfrQBJ1OOc03nBU9KQnqT1pC2V470ASqMDH8IHFPGBnnOKg3YAA5pc4UjONwxQBNuwPY96RQByDkmocqAF60obB6YxQBPkqOlCtj5sVBnqaQNg85waAJ8qSO2ace5GBiq6yYXOfzpu4u27NFwLQKkBQaTcMYJ/Koy+PlPUU5TmMkA07gPDDAA5x604nByarls5weKUMfXmkBY4/KlPJJHf1qEH15p4Oe+aaY7jCzZyeMUFskgcimkqAeOho+XBp8wrkmckHpmnZ/hzgCogOxHWnfL6ZFPmHcUEquCeKkzg9ahBBG3b0pAQtLmMmrE4IAHJpfMGQFzUO49CcD0phIyQSc0cxL1LJfjB6etMyelMGOmc+1KD2o5guTK+FI9Kej54NVwe4pfUd+tHMMm3cMM96XfhvY1X3Zpdx9akCdGXmpMjGSc1WBZelSKygYJrQTRLxkY6U7Ixj9KgzkHDYxQXYH8KBJFgEZyBihWO3PvUG9SR6085/CmmDRLkEccGjntx70zJI56egpeW4rVSuIcc5waMYx60gOOOnvS9OTyKoB4/OnmmL9adx9aAE96PejPalHpQADpn0p4IP4UwDIz6GpPvdqAJOcZB/OjtwMmk6kADpS9yvTNQA/B6dDS5PTGKTtjPHrRgetIA+pp6+wzTeelOA7UAP6Uu/Hak298k/Wn4xQYMFxwD0qQYyDio+c4xmpFJ289aaYiTPO6nK/P8qiOQMUuOK1TAkye/FShueTmq4wBzzTxyPQ1QE4JNPBU8E1AHHangsOeKBpknv2pVPf1qPcetKTzjvQZsl6dKaaQlgC2MitTStB1nXpfL0q2e4bIHAwoJ6ZY8D8aTY1G5nfcP4UiyI5VACztwAOpr2Oz+GOvad5EutwRR4wXQyqWIY4K5jLY/MV61pHgbQbTSZrqGwjmuYmGzcoYuzdgSMnFQ6iRoqNz5astE1O+t3urW1kaJW2FiCFz6ZPFdGngTXZEjkhttxPX51wv15r6M1LSr+Oa1sL1Y4reeETR+XnYcfeQnAw6nhh2qTw5oGn63qs0EUe54od+xXPABAPQjue9ZOobxpdzxRPhD4pikD6pDFboQCCWZhz0AIUrn2zV0/CaW2uGur26EVvjAQfOxPs3H8q9dKx2uqxWV/cXi6e83ls8hJWME7Q2WyoAOMnsK0L+S3RDbKlxd+TKY2kijLoFHQnHr1FZqq2W6SR5fZ/DOFpo7h5i1shwQygZH19a3r3wP4QhtjELURSbgxdudw6Y3dhTbbxDJql88kLB47ZTCI+V+YE8sPX1q9farb3sL2tzKqug4CYbBGOx5xRcmxyp8P21niGK3W4GcxjAZlI7qfWrtppNjqa2xuUWWFixzNj+Hrz2NaEN8LZjqSxedp9u6oHOUdyV+bAPXaT+P8ALmLC3muTqOqtOEit5mkjhlYiRhKxPygZBwuNxzU3NrGjJptgXW70OyR9r7XDLuzjrj9Kq63oeoXA+229qsGAMInL5OAAAKyr+6u7DUn0RFlt542DOoJA7MCCOvHI9RXsOi3Uca215t+0PeoN/nY4cjDBf5ii5mebtZxWttaq15+/VsTHHyq3TGOvHrXSf8SyS2vIvEflLDHGTEzICW4PRuoJ4wR0rQ+KWmaO13pdrosLwXFxCJ7oMcjzBwdp9+Sc9DXGeIXtbvT7fTbh3SWNlYSKuWYYKlfcc5+tY9TrUVymjp2i6Bf6Z9oCxmAtswUBJAHXPWuOu/DGg3dy7advsvKYr/eDYPpXeaBBpT25gUyZghbYqjgsO57ZqFoH+0Nb3w8t8gscAsAepHvVxZy1Io8tuPCSm4WJ5DgnCkrjj1PXHrXcW3gCxazku1v0ItlB5GA49gDya9Gu9Ps10s3q2zfYFmVXu3VGmUhRwxGCF5A6AcjvVPw5aad/aRkt2SLT5lO2SYGWEyhgAGdR8gP94jAANEuxnZHKf8K7PiCDUbjTeLbTXg+SUMJm84lcrtGDt6nOOOmelcfJoCwXUK6fukDNtKEf3evNfRNnaJa6rqzwae2rXKIssTQM/wC6aIckFQQVPGNy9h7552GTVtWle7lsYbaGUM5KrtkaRv4j3OfUipsW6tjiv+Ea+H3g+0Gv6sSBcEmZkdnxI/U7A33d3bFfF/xE8VnWbyWCyuXSzikYxxtwSoJ27sHsDwK+wPiL4aXw54Snle/tr2aK4iaRVkJYpKuMGNhyF3DOCQCK/PHxVIqa5cR28gkhAXay9Dkc1xYyVkj0sHDmVzNkkPmfPyWrb8JWEN3rAfUJBBEoJ3Abst2U88Z9cH9a5bLfLJXaeAlefxLYRPALmO4uY4WjY4BMjBAcexYHnjjnivMpyuz1Hse92nhbRLrwkupQ3EzXCTuk8oTKW3PyI3qHXBB9Tgciue8P+EpdS866i3xI0pVX25CMO5Hoc19m+HNE0Tw14MufC2o6fFdyfbZTqNwh3BmQ5jUKx6rkZxjG0de3nWo2lzZXwuVVYbW5dgsAOXwwysmOeDj169q9D2R50azd7ngVx4XNjqrEsH8oBt2CvPcAfh3roddbSvDkEdxeWpuXmjDeUUWQYbuc8V29tZeaondWjljkZZnZcxxgnAyQOM470/WfBmq63G+qwWzNZQ4tZrpHBDZORtUnJxu7Cn7MrnPlbxDq9nNKfswK7udpGNuew9q8yu5f33XFew+KbLTPMNtFAkYtmkiMm3YzeW2AWHvjPrXi8ku8sAM84z6142MnaR6+EXunq/wyv0JubF5eXIdV9T0P9K9ZcYPNfKujakmg6rb6iSfkcBlB6qxw1fVch89FkBr5vMafvXPqctr3XKQheTg9asW8iqxVzwKpBipKnrQT83PavJlue7S2OihUkqwOQTmp5EMjACs6CZwFOeK1LGZXnRZR941y1dz1KL0Jo7VyoAANa1nAJcx5wQKsGMblWNeDxxU8tvLaqXJ2sK4Zs7qXctWYFkWDjPOR713Ol3RutqxDGcVwCSC4gyTllGa7Hw2hEaMhw6HJrzcXC562HlqepwJO0IjjHAxur0jRkSK1CD5vb0rziwuvLYM7Z3HGK9F0vbFF5qnJYV4FWNmerA6JGsfL8u4UZ9x1rMvrd2xHpkWYu4/wpsdndyt5kpBU9PWunsLG+ZN1vGWWPqcZFctSR02Q/T9tvbLDJGBkc5rlfFVj9ojVbeAZYclfTtXW6kji3KkYLdf61BYyu7oNnyxjqazVWxPsOqPmnX/Cgig+0SxNGADwR/KvANe0tovmQFlB5z1r9CtWthNITdoHiYfdIrwbxb4LtppjcQKdrfw4/livTw+L2OZ073PluwgjeN2kyAvSo5MkEKffNdpqWiy2U8sP3Yz0NYL2axIdvJHWvXp4lSPMr4c5goBvzkjvx1qvNFjAxXYQ6PO1s10fl8zhB2IqpbaFczByqkhDzgVr7ZI51RRyqQgREL0B5NVv7PDfdBBPI+len6b4VuLhjvi2oOSCOtah8GyP91Cqjpkc0vraQfVkeOm1UIx6MBxWYQXwu0n1r1jVvCF1bBneIhFGQa5SHQLu5Zkt0ZmUZPH866IYhMxqUexyLRbgQw247+9WNMsllulJOCg3DFXrmNopfLK8jI/Go498WTHxng12QqI4p02cjqSrPO77fvEgmuTurEcleQR0NelXlqqgSRE85yK5u8t02jIIOM10wkYzVzilgaBsoNprTttWvrXCjnBqea2HRjyKqSQqMdz3ro0MldHY6dr8EwAnOwj+dbb3Hmcq+4H1ry7yvnDLwFrRttTmgyjAk+9R7O50wxLW53vmMgyOc0Lcc/PxWBBqaGPLd6umeOQDacUrM9ClXcuppF2zvU1atkEhBdqoREMFWtJIiEJA5GKysd1GUjUNmAd/97itW0to41VcYI71ziXc2NpPT0qzFfzgMSc9ualo9KlNo7uBI9w/u1cMUX/LNs57ZrnNHdbhSJn2+1bzQG3UPHyfWuWSPQhXZeFqxQMTgCtCytppwyFsDtxVG3v0VSJOTWxpmpRbXRxkHpWDR0Rr+RltDPFIwT5sGrAS/j2yxxEhq2LhUBD427quPKiRQ7HyF61JuqhzVw1zcKsbxFSPask3KKxDdU9a9Bguo5FJ2gnNZc0WnT3LF4gAOvvScS1iGjmZHXasitnNWkn3JuU7WFbr2WmtHsjXbnjrUU+m2SWyru2tUOigWNKFkWd8M31NdbZsVyYTiuHaNrNiEfgc1PaeIFhJI5z14p+xR3Usaz1GGO52rvfj60sv2hEb5wfSuJttflmG0rx61qrqXyZJ59K5/Zs6/rhtadpt9rT3EnnJD5AXG7IDZz/hWJctqEL7MZxV/T9SWNmPmY31tR3VjMwEoD1UaZx4jFSiro5mK4lKkTNtIrOupFjDSJJyfSuqvrHT5pTtbG+sW68NqWDRsQGrblPP+uX3OcRN7HeTn61LEoQkscj3qe80qS0kWN2zu5BrOmtpFA2uSSeKdjVYhNaC3d4gQqvOfU1jbSCK6e00FHQXM+S3oelaTabbIu5wAKoj6xfqcWsMz/LAoOepNXorKROWAGetbAgiR/kweaSaWIMQvX2qEKVYzZbYRpvzxVCaQxcbcgjvUmoXc0zBFTAX0rPljnlxubIrWMUQ8RLuRXN9sQBR061mtqxZeTtNJdRfMVjJ+hrBlhYnJFdMaUbHO8VLuasmrThcK+TVX+0btvl3mqHkyou7bxUQ80D0p+zRlLFy7miL65V8q54q0l/ds+WkIrGwTy3P0qRVAHDGn7JdjH61LubYvbpc73JB9TSnUZiSd5BHasZ5lGMnGKrG9C9wc+tR9XD61LudMNWusAbz0qUatOBwxJrh5NWCkhiBj0rNm8SCJT5bnI9KPqrMKuPZ6Y+qSJzO521m3Pie1tf9dKD9DXj13rN/cklWbBrPRJ5f9YSR6d6uGEitzklmEnseo3Pj6RSwssHPc/4VzGreIb/VI1jVymeuzisqCyKxD5CN351pW2mvvXfnPYYrZRhHZGV5z3MOGyuJWAnbKjnnn866Oz024BwpO1uRjjH0rqLHQHdgdpYtwAO1epeF/Ad1d3saXUTIh45HJ+lc9XFJD+q3PN7DRLqRAyKWx1qx/ZNwoY7H+Q4O4EZBr7Osfh3ZaRZJCwLmRdxYqCQT2rnr/wAIxXnmQzDZldqn6d6815gkY+zPj97ANmTHyjr6VjXFk5bOODnGO1e46n4JvLaeRCMqhOMDG76VxV9ok0JKFGJHt0+tXSxkXsyZ4VHnbWqeYJMY2j9alKuMkjOe9dNJpcjOrsMbe3rUsth9ml2yr8jj071s6yZH1fsc3a3N5bt8n3a1pb+6x5u0c1bfTQiqVPDU19On4xylR7o+SRBb38zEbuTWpBcea+SvzLWabdo2ClQK07W3Cne2MmuepYXKaytuKrJjJFWGjRkwo6dKRLdhICcE44qba6vtwBWJuqZzuoW2YumBzmtnwrbeeBDj1+tVtQid/wB2ep7113hiwkguIp0GcEZ9KxrTsrHoYaJ6H4f0swzRTSxFlzj2r01bMW6HyxtUjOO1VfD8Ud5CkSj7rc46V6pbaKn2YLOu4N0NeJKqdrirnlYiETMVXhqgWCKNjLGgUg5r0WbQFtSQw3J15rIk0lJGYwLgnkHtWEqp1QtYyYrKO+g3sdprLKzxytEVyi9DXSx2klsrKzZNUxA82/1WpVQcoohiiZ4+Bgmqd20kbJxx3rZjDLEFbqKRYoZVPcitFM52jECBuQcGoZF2ZIPzVMZRFIUwCPWqF7cbXYoPvDitYRuxSZmXTBGAXknrWP8ALiQtxjoKus5JO5skVRuBtx/Ku6C0OSpPS5nSqyndnFV1ZShPpV6Rd8RzWWwWNCC2CecV0U9zz3IrSPmQ5wV7VzN1LJAWZVypODWvcv8AxlgBXPXMm/5Owr0KMOp59eVykbhyxUnnNXEjIAkfjbWW5Bk4rf1u+ikgheJBGwRUYL3YdSfrXWkcM3ZGDqN1GIJJG4PtXk3iPW45wLc/MsY+ua7DVLyFElaZtkZHX3rxrU5QJWkY+YvYjniuunSPjs6xX2CtdXWnXaeVc2qx+6jmuZu7SO3fzLM/uyePUVpC4sblTtlIkH8J6Gs5l8tyrkEdxmuyCsj5ctW8xMeCfmHrXS6RblyZIRuY1xWQSOyDr616V4bvdJtLYJJLiU9DU1HoA+6182kOwwbpcFMMKzrK5gPzTx+XJz096yfEN6kk3mWR38859adI0s+nSy5CPt4Oe9YQgBzPiSVZ5tyLtZeM+tczwCPmIP8AjXQRx73CXTHB4zTptPslkEg4NdiAWwsp7srtO1Bxk+9dbb6LBaugWbe/rTdPWGOxUNgc8jPX6VpzQyCAJCMkjcT7VyVHqAO+JdpYKT0HWuk0y0iuT5soBA5yRXK6VCst20jjLoM8+ldXrV9JYRZSPKFQ2VPGPSs1ub9SG7tbK4n2tENq9CKzpbK4hVzCCUHTtWppWo29zGu5Am7+91zVrUiJSqLJtHfHQ1M7p6GcziIrnzPnvByDhce1XbX7RctsUFlY8ZPFV9Y0K6CedCCAvIx3zVXThqcCgMuEI6+hpuRmzY/s24jnMeeT+VPt4Xiuma6XLLx/+quhsvMWLzLhd78bSR2prfaL5yiYAz3rGVQpT0sddpccK2KlF+eQ4J9BWJ4juDaKkULYZzhee9S20r2cQidSOckjmuM16W6vrwNFhipG3tUqNwUdDUsb/UlDG4fPGAD71o206OS0x3SY7dK5tTLHErXLbZD75FaemXAaQDgK3XNJxM5o275YksQXXcWHX0rmLe0ubeUXClRnkZrcleSSNoWbKZyKq3ksUdlMg5GME9xis47ks5HxLrEVz/o8YDIRhuepriftEcJCsMDtUWoNHJeSMpLKOV9DVGAk5ZzhTz05FepTp8qGdEu5YzPGAc81E0i3LiULg4wfep4YHeHliFxx706CK3hwrtk+lNjRf0/TZ7gnACxntXoulxwrbiErgR8bq5nT3jB3ZIUdq6i0JKHb91s8VwVxVC0VUk7fmFVJFicZK/d7Zq0SApAOMelQOrIoYqee5rnMzGvEaTnAbaMe4rH07SHuJvMdisYbByOTXTmVIcuED7uo9KWEQ3bmCIlGcdugrVSsgOa1LT3WVo4csij86zFjVbbDowDDpjkV6NDp/krHDM3mEc5PX6Vk6o8C3GxV2bBlq0p1NQOGj+z264BLY5wRV63dJASq49D0FVppUaZlEY2jkMKt2sRnZoo8kDnniupyRoS3Fol0gViA6jgetMiskbbA6Zk4A5q2IBC3zfK44z9a3dDjtUuDJcgsoOMCudz0YHOXmj7ykD/KxweDkfWqCeH531AJE4kiVfzNe3XehaJqe25tnMMiDAA71nR6GumWz3SqGkQnBb3rljjG1bqZe0u7FbRfBst3dW53lmQZHp9K9cs/DbQlHgjzIcbVxwD9aZ4ImZkEpjUuoGTnpXo+mRtdXzSk7EgGTk1w88nLU6qSPO72yvtJRpb6Paijlgc4rxK51drnX3ulVpIVIA54+U16/wDETxlFa2lxZZVw2cnPIFfKOiapqMeuxtbMJEd84PIwa9TDYe12axkfWuua2t54f+yOqpJIgxs6fjXienT22lxzFSC0rHdtPU+ldjqE882lvMi+W4HzA9CfavCJzdx3LjG09Sc/Lya6YL3eUc5nZeIvE620gggYZbG7HNclLr97eWkkQLYwQF7Vy2sXLSXHlrgbzyR7VrWFpIIgu7IOPrW9Gmo6i59TOM5gj8yQF3A6dqWzuioMyjDngDsM1q61pLJbhCWWNj1rBtYGsocgAleRnvXXTkmDepBdxspkmmwM5OD3rh55TK5Req962tTvpJwQ5AZ2PXtXNxOC7A8Z44rqgjN9zXtbN5wAq5J7imyRNAzJJwR68VoabcrbMrFtxHbpxVDVbk3U8kv8J4A96BEkGrzwxGGGTIHQA05J3ucySYMh6mlttGuDapMYthk9q2tI8M3NyJGC4EfUn0rF1oJ7hcxo1CE4A+brXaeGmNqV85chjkq3TFZzaMkUoJOEXqetXSkvLwHcAMD1qJ1E1qaxZp+J78W8e20wnmHPynkUnhi3v/Et6lqshjdFyCDg/jXGSyTs7eYNxHUV6T4GvotOl+2PFvkT7u09j61hKSUBxhqQ+J9Gn8PKI75hcO3Bye/rXnF3MJ4vLKg859h7V9IX9rZ+IYJLu/ZVDZxk9MeleBeKNHfS2aZcfYh1I961wtVtWHVif//W/JsAjmkZgBg8ZoOenWmZHNfpaPiXuOAUYwd3fmnb+hqI8tkcUilgPXHSmSTk4GW5OakBIY4AxVfcwG5ufpS5bALDitCGi3u70b1xn0qDeByB1pFkH3WGR/KgTROXGQwOSacrlfmGDnqPSq5fgHAHtS7sDGOKBcpbVi3OMelJuIYknn0qDcqgY4FCyE89abI9mWMsRkmnZ4+XrVYSKG60/IY5U0gLRY460gIz6+gqEuByRx0JpoY4wxyf6VoOxY3bvvcEUAk/h3qAyDGEBNMMmT8hz7UrhYtbiee1AZcdy1Vw5ABxj2oEh5K8EUXEWt5I44xSMScCq6uSPm6mgyYYZGaLgTlsdOtSLINvBFVGdTnBxmmgKOhzRcC8ZSQOBj1pEldD6hqrtIdo2jNKSPlVe3rRcCfeWzmlBPfpUHPepo/4cd6YDgxp2d350xT156E0b84yetAEgwAecijnbxwab82SvWl3AAMeO1ADskZUHNAPVScGkJ2krSFsjpzQBMDjAPzUYAHfFA6ggYGKBnoxoAYCzcdKUc8MaUjIyOtRjpzyaDKSJAvNHTNIACeOKUA7vSggcue/SnGmjvS5/OgdxMc8HFBGfegn2p3GOKAQuDilXcCQMU3vTugGe9aFEg2k84GBSbsj5/zppIK4x+NP+8QvYCgYHIYZP0p/QAZyaYPUjGOlOX1zQZtjsc+mO9KOc9RSDk/N2p3FBVhwAxnr7U9Rx13CmAdwalGMD3rRSBoaOOvSnru/h6U08HBAxTlOPu9K0JHYzyacFyeaP5U4HPSkwHbcZo54pMAd6XipAk49frTRjP8AWlA96AfWkA6ncUgz/DwKcMdhigAxk4pwGPalzkn2paAD8aMgdTmnbR9KMY6CgjkHdeaUHFJTtpoJcOw0ZPQ0/p1NIDjqMVKMelBNhlHWrEdrczq7wxM6xjLEDOBUEMbyyCKNGLN2AyfyFapjULioDT8E8etbsHhjxBI+xbKQZGRvVk49eR096dL4f1e3DC5gEb44G6k6li1TuZHkuqZwa1NG8Paprk/kafF5jkgc8AE9BXWeG/CeqXNznUkVbV1+Ys3O3j7vfP8AnNfQnhSJdCsJ7Tw1AgmOEBYbny3Q5PejmLVI4vQfhHp+jxT3viW8S4eOPPlx58pSOTksASfwH41s3f8AZqWULaJdeWRMEEYVVSRn4HI6fXpXYaUJtSb7Db2099ckt58USeYzBeX284Jx2JrnYPBNrdXP2q+0y4OkMJmjZ8gbQ21Q5TG1x6bhz7UCsPTWfEnh6/tU1A21zLIV2sW3IgkOwiUYBKkZyevv0qrrPi66sdeuLawiEFrI4MEUTiQwOoHTgEgn15x+uRrog0O7e0vIDG2m20NrGrDb8ij5Wb1OD1rndLXQLe9bVLAkG9/d26TEiFHGN5J7+3PGT7YwN4nrf9v2erXcVncTPa3LxmSMN8yxswy5XnoSK5fWdM1D7O15oU6SytNsymY2bI69QR07VQ8OatpEepTx+K0leVjtgkt49/kKCQdw5OHbAGK2797Zns1gzFcXckcnI2cMNuzA53A4zxWTeti7HN6Dfa9rG/SNfv3sUty5jaUMyyShgPLZjztHJJOQOmOa9Y+w6vpiQ/a4fs8d5Askz2zZGV4BK8ckdccCuPmg1yex0i2tLUXl01zcNO0yMBaLGQrq784DghuepXGCay9Hax0rVZZbG6cugnRQxUCdo+So7bDjIz3APahKxEivDoA0rXrUW1zFdx390uUZsXRjlyWlZcDAGG+bue1XZbbRNQur20tJRbPZlmMhXBlKcFQPlOc9Tjr0rP067j1KJdRvEaK5uZUhur8KdsClsZAA4+U5OMV02uRR6Vc2yrH/AGnb2ULbZkBy43Fi0nv+PSqJOPsdSOqXeo2cbiWys7ZpVSZtpVUxnb9CePwrnNJ1G9v7i5jZUQDCgN3TqeT1NelahqXhnUNAn1TWNHigu3iVGntUEbPnhASOTxjIOR7dMcZZLBc3UGmpGZrS6gUsyY3RyMemT3GP1pWNYs7uwv8ASNR1yNjCyb4FZvMxtLJwx3c9sAZq3NdaY941hBAfs5TgscKjZPKnjt6VS8MeFL67un0y9laGJEYRzhcjK4IU54zjPAqHxrobaPc2do0rtbzKDu+7nBwR6ZwCcGk4dTO6JrnQppktbpLtnhxsSLr69Cea09M8Mpqpm1KMLcSWds0gVuAqREE8YPzc9662y8HNp+rWvha3M0sMN/AjSyFUkiWZguUOMEEZK8YOc4xW1rlxonw38UpFbzTapfRW7ie2ihaOQQy/8tuDskwue68jPGOM7A6l9jmtEt1vBKd1vpMquDI74G+LHLGRRxz/AHsDvmtka6niWe+j8P6LbTXOkW6QTOojS9ugpKGeF14dflzliM5XucHj/D2kyLrE2rWt3b3lp9mGyVnAiaGQFWinXqsmMEqehANU9S1/+3rHSdN8KacdKk0aNopbiZ9xkldy5cOPmADZYDnbnjimnYiUbm7badpGg6LrU2v6k1xdyzFbYDAklhZVV45o2wGwc7sDnrgdK5GZUk8MyQ6GojtrcZk2naSh5J/TmsyPTPE080lp4gLvPMrPEbjcFZDkiVZG5ZXwcHHNa0r3E39naTooGlf2tC8MkkuJbby5OwdgzqxYYHGRkYPqi3Cx7Z4Su/D9l4A0szXS2F3qlo0U0zgKGdgyqWf6EDk/Ssyw0vT9W0dtN1DVAkOmMzhoGw5iVt0rIwBDgjOAQe2BxXlvhTUYfDU8mn6lDc67baY8j3unyAyRQQREeZPFgFVILcHODuyeOa6/whq0t3favoPh61MNrrAuLrTJi5DW7bWMcLvz0XA9QQeucq4ysZyo6bnz/wDHSeGC6jjsFe4stRtnFlqG1t2xWZPLnDAAOCCMgcjkY6D87tRl335bZwwr7r+M914y1O9lF/di0u7xCl9AF2GEQKFRiGJ2s45J68ZHFfCcytJiQjGOK8jMn7yPcy/SBFslPRcJXvHwEs5F8TG9IQyRQy7WZchGBX5gfXBIFeCiSU/uEBY8AAdck8fWvuj4V6LDo3hOT7bGkT3cZUk8OuR29evX1FcuGjeR01qnLHU7bTtU/t7VNQsZrmVoXO87WJSWYnLM46HkV0NvpkN5p9/DqJUF0bypm+Zo2QcAE8gcdq43TtNm0K++yFw6zp5wf72FHr3HTmsPx78SfD3hiwuLDTtW8y8UiaK2A3mRjwY2I4Xkc5r0KjscFH3zZWO8ewSTUovsNvfxlLcg7VuJVPfnls9q5Zb6x0HT5pvFmoPbrKG8pUBZVkHCkqDnsB8oJxXzZ40+J/iPxfcrcXaw20EKhYoYgQsfqw3MeW7n2HpXls+oTS3BZnJc9STn9a8/EY9LRHo0cH1Z61438Tad4kuftkH7hlQLtU/eILElhgdQf0rxy8IDAR4C9sUyQH5T5n61nzyvu29q8qtX5tWelSp8pFK+2XduB9q+j/h9rY1TRhaSHM1qoXOfvKOAcZ6jofwr5hkdS2Fr0X4bagbTWIYZPuOxXk4+91rhqxvGx3Yeo4zTPos53bh2pdisSScGrMuw/MnGakhgRhknJHNeJUVj6qi7ofDtCcnpwKtQtiRccGqpTPI7Hir4wNrFcnpXJVgenRkdvpk0flqWOSDnmpdTvGvphsAAPy1g2BaB8SfdNagwe3JPFcM4Hp0RbRfs05im+6PSustHzLi1JBxniuKuUYHg4Peuj0W5liQO43DoT7VxV4XR6OHep6roE37pjc9QO/rXovh+7QHMx+XsK8k02dJ+Twp6e9eiaXD5vllztArwsZCx7tHU9as5htz94N0rq9MnaJG2HG7tXB2EgQpErewrvLK28v5i2T6V5E9jvUBupRG4i3QqS/f3qPw7o15eM9yTiJDyPWtlZ0Q+U38VdfptvJHAEij2hjzXAx1Pdgc/Po0ciF5olkI4GR0rkp/D8MysjqpxXshtiI2HrUUGiI8DyBRubp61tCtY4T5B8c/D6I6bJcW0RB3fK/YOO35V87R+G3nfYDg5/wAiv0g1Hw4s8ctpId8LDLIen4ivBfFPgN7eUXdjCUjX7wA4Hua7qWKMZwT908dj8JW00aBhny+FA6CnS+GmsFzAoBP3h6iu4jiS1uPJI3YPWtu3tZ9QuFVVV1XrmtpYhmP1ZLoczpuhwSxqu3e7du9dJJ4ejtbcK8WXbkZ7V6v4f8L2SxmZkxIoGM9qZq+mNJcCMLkDvXPKuwVJHlY8I6Zc2U02pgspU4UDnPavBrjRJLNprazj2GQnI6kivsaWyRbGWGVcjb+IrzCbT7aJXkijy/PzEc4rsw2JaIlh+qPivV/C91b3EhbcydRkYx7VyE1ltfYOCPwr6d8SWcs1y0QA2549RXnGreFJifMhiI4BJHIr3aGIvscVajc8ju4AsYOMEdawri3yobHBHFd3c6eyyGIqTkc1k3NptUKFwB/KvRp1TzJ07HmtxZtv3Rgc1Ta3GcEAGuxuLCWMnC5HJrMNmo5Zc5rsjUIjSuc6LMlSy8/Soms/myeuK6tLJgRgcelX4tIkkw6IB70c5p9SucB5LqMc4p0bTq20ZxXpKeFr6QZWAuP9lSf5VPF4D1WU5FnJj3XH86l1Ud9DA9jiLS+ljlAkyfT0NdDb6sCxjI+X1rfb4f6of3a2km8dAB2qi3gvUIZCGjYAdSB39KPbI9ehgJCxXETsACBmrBjjJZQev4VQXQNRjYERyDHop/nUbRagrMUU4X3pJ3PQWDNyB5LZgIm4rdTVZFjC4zXnv2u7jBBUkn9KkW9nTgZBI71MqRoqB6ZFeKVL8dOau298uBsPOea80ttXdf3cq5B61v2l/Cy7R+FYSpHRCienrfpIioXyQKz57qYACM5Vj0rmobkjmtWK7K4LAHFZWNbGpaanNbAqVJxSW16xvGkkxtaoxJG6iRRksOaLS2juAwLbTz3qlEzmzYnEb7ZFfA64zUU8sktqcfwdzXPzySQHYecVYtb1HRoXbgijlJ5WSLeI6hW6jjmoooIJHbJ21lSkqzY7GqYvJITnO4davkN4pHapasqKscmT61r21sXP718EfrXn0OtupCgcVtW2sSspyMgdDWLiWpWOkuYvKG6JsjNWLS5EL7pGJHrXMDUJnUgj5T3oM8zAKeBTUSpTudNfa/Eki+UT8vcU6PxLNKqszZ29jXFPbs75JPWtyxtPu7/1o5TLkibYlm1Jh85BHpUy2ojk+cliB3q5ZLDAwLDApbuUeZ5i9MUcpnyq+hBHPORt+6B/KlMdzcsMk7B61CLqMIWbrUY1fYuDj2qOUapltdOjDZZ/1q3jTrWEs6gsevrXK3GpOATv+9WNLqNy33ZFKjpnrVxp3FLDyZrXskfnb0HGOKqGRdu/IzWFc3dxKwDPhcU4NGEAJySK1VEx9gy/IkBBbq4qjcS2/l5AGR7Vi3OpIknlqcmoftUk4KRRltoycVajYf1JsmmfzBnGKzJWCgsegq8tnqdztWC3di3YCtOx8BeJ9WLBLVwPQEZP5kVpyI5qmEkcTNqMK8I3PcEVny6rNyqL09q9Rj+EHiKQozWzKW6bgP8AH+lakfwY1w5Y2xV17HGP8/jVcyI+rrqeHPqN3cDbghR7daoTfaZT8/yjtivoy3+CfiCSZYzGQ2egI/qa6xfgFrgw8sSj13Ov/suan2yM6lCPc+QWtJmbGD+NKNLcnaR1r6pl+DGoW8j4hJ2/8CH4dKy7j4UaxE4YWcgB6HacZ+p4H4mk66OR0I9z58j0oRoGbj296ni0hwQyZHuB3/WvoCL4V6zEyefD5Zfpu6fnzXoPh/4Rqbjyr45Q8jaMHP1rGpi1EhQgfMVlol2zh2jKr3PX/wDVXqPhn4f6hrdwssMW1OmWHX6Cvryy+E2kRWKxpb4UdgOv1PWux0bwZFoKD7JFtU9jzj8a4auLvE0Uex45ovw2s9KgG+Pey85ZV4PtgfzrudK0iyieMqBmIjoK9GvrTFg/HNczY2Rics3Q814+JxWh20qfc0LtPNjyoJUVyFzpct1JiNcA16Ha2M1zhohkLVmKxMcuAnzHrxXjur5mjpQ7HjuoaCLlBayqBs4DAdPpXLXvguB5VUAMjjGO5+te73unB5SpXGfw/OpF8MhYVuEbc+ehHA+lWsXynO6Fj5auvhXciOSWNAVjzg/SuKvvBF7JEzpFuaPsw/lX3W+hrLamIptb2H865W78JuCEZMr3yPX0qv7Sfcj2J8bWfgXUrhfNWIbVHKt2p/8Awhd1DMsc6HB9M19qr4TtbezD20WZPTHX9KzL7wXc3qrLsCOvTgVp/afmDoHxLc+E7lJzHJHtKnqR2NZsuhtaTMkqNuHI4wOa+xNX8IBW/wBIBKuOCRjmuSm8MxahNFaNwyHbwM5ArRZjcz9gfP2l6evmjz0MgHPzVbu9IkmnMioEU9MV9GD4dQwzx71DA4NdK/g2KKQP5S+UFHGM81X1vzFY+PINCuL3UVtWyAgySPT3r6P8H+FrQ6GLV4wspOWbrg4wMU3TfCGdalnRQsLMfl64Oe35V63YaTJZoFSMhQO4/KuXFYnQ66cLnE+F7WO2eW3MewA9D1r0W3lIgWJycKciuLliuLXU8uDtbn8K7ONTNbrKOVrzpTO72KI55FlyknSqKQiHcgXcvUGtjy45IwpHIqv5ROI88+g9KxbZqqSscxNbJKxdR161AtkhU7flrfktWhmwOC3asi4klgmIMe5a6IGconP3Nvs+UNg1mFigKNxW1dMDMHbp6Vj3xXYSvBrqjG5zyRm36wwwu56gVx5uvNVst04FbFxdeYCr5O3g1zV3+6LCLo3Oa7KcTOoxocg4I469Kgm+f9//AAimx75GKqeR1+lT37pDZooOdx5rsUdLHm1Z62MSa92t5YOB1NZN1P5jnb2pLxlEmV+b1rJkfb8ynBrppw1OOrKwXTsQozjFY1w4JI7ir8pJUyOeTUdtZteSnBwMZr0KasebVmZSxSF1l2nb69qztQugZCO39a1L2b7MjxMSCvbtXH3d2sY8xhkkfrXTCBxYmpywcjF8Sqt1ZyQuwVHGD2rxq/0y6s13W8m5M8454r0PWbqWdJCuSO+f6Vy9leWyyAyxlj0Gen411xlY/PcfX553OGaIKQpXDYzVorJFEHkA254zXdy2en3BLDCs3PFYt5YHyWXBIHNaqehwHLxyCRxuOE65FbDf2c8e+3kO5Ox6k1iyhOEiUg55pYrOYJ5xZU9BnmrSugNbAYYxwRzWfI7MSiA7RV3kKATk46ikSORgCBxnoO9A7EEaqF3vkBfWpY/s9zkRvke9WpZ2giZJIhtbrnqK5eVhFJuVSEPXHalcR2bwSB40tDuJAyPetK7h1AFYg5RzxisbTPNk2S2Teao7k8it24e5m3FBsc+vPIrCpuBvaVYMxj8w5d+MjpxUHiu+FjbrZMAhbgGrnh6LUd6CQ78dfQVN8S1tRpsQjVTInJJ+8pqEtTc43SFhuI2E9wocDIya0p72WyjcRnzOPqK84thEwEXmbd3QV2tjJBc7IJpRGfujPfFVPQzmytL4wvWU2kiedn5RjjFdVZb/ALKp2n1rGuvA7z3Pm2su7GM7feum+xz6Vbi3UFig+YtWVSaexmy4jzTWyoXOV7e1dBp1mBES75JHp0rjDdsigjvjdXV2OprJFsAKsRjIrGxSjqbN9LBZWn71Rgd+/NeYupa98yNyBIeQTxWtqwvpT5ty++IHHX+leba5dK8n+iMy7ffHNawp3C9nY6DVFlEhjDbuOeen0rS0kl8MeBt6YrzldSvI0XLCbJ5z14rrdJ1yCJmR025Aq5Q0Ikdq0jxxtsGCO2eTUV5HDPp7ES7ZHHT61PZm1vPniYdOppNQt7YREqMEiuVKzM2eT3eiXPnFomz9BWnpHh5pCZdQxHEvY8ZrpooFiYNvJz0zUWqITGRIcjHaupVJFFW7l0qKJo7dy+0YGPWuISFhMJCzOQentWpHHGr/ALjJyeQfWu48PWNsfNLqC5HcdqJS5QHQ3VpLEjGPaRxjHQV0iSwtbIyEKFB4zya5zUvKtU3xjBGcjHWrGm7LuMSyjAAziuSoB01pDDOQ8ZDAckd6luIY5N0S/ME5ye1c5JciPItyVz0I4NdNaagIbQrFGru6/MzDJrJmZkf2PBKC8kgTPbNaVjZqqZt1I29BWZcxyvG0kT8k8D3rrdGLx6UZrvCyk8D096TYGTamN7h5Jhnbxj3rK8RWkElu0yEJ6kVsy26yzlQeDzwe9Y2swgW4hRzy3PfFOO4HA22nTSLJNCN6g4Yk1d0y2eOYySsRk4ArvItFgs9G8xCMZG49C1cy6xg4UFQpPFb+0NCe5RplVSAFHJIqzDp1vCyyDIZjnFZEt/HZQtLcHeF6elUdD8Uh5tkyhju4ye1JK6Cx3b3Js4hK5LKhzjtWfqHjprpUsGhCRkjcR0xWF4k1gf2e5tDteT26Vxvh++/ti9SzCeYc4YtxgiijhE/ekFOjqfSPg3VrO1WSd5CIiv4V6BeeJYNN0x7yGZXaVcqAw59q8tvNEaLSYrSArC0g5x6V4d4tmuNPYRLKwMfoe1b0cIubmOpKxf8AGGvf2pdyRj77EZK8DJ6ipPA/h+S/1bGDiNQcjoST0rzPT5b68SSaYksW+Vj1JFfVPws0y4W3aUR+YhAU8fxDvXViJ8iJgT+NWjsbEW0DfNjJwOQfSvALqcpA8kgyf1JPFep/EuR11dvJkKnj5Qf6V5TqKMtvyu4tn8e+ansKbOZto0mvUV1yoJLZ9K73T3hWTAXg8VwdspSRjnkjp9K7LQZ1kkLSEvt5K1rIV9Td1iXdZhDhuTgelef3xIt8jjb1z3+lejeJ0+y2cTCLbuGRurxbUbmSe6CByQOg7CtcPHqEnqcvqQV5cqce3YfSs1EP0IrTud0jsuOn5VUijbJDA+leiSPiNyMiMgnpXa+DvDs+vzmacDbb8k5xXOWkLojvnIA5GOa9j8DWyG0ZtuGkIwTxxXHjKjUHYbZ3ttomnvGbdyoKoODXOm3SLzEszlRlT6GnXk0YlaFZNxAxkGtzSLW2NtGVYFhnqa8BOS1ZmeMap9tF+bfBSLjnFTm4bS0TzQP3uQK3tZuIYtQkE2CoboOvFcdrM8d7KI4juSPkV7FNNpXRZq6JpsWuXbjdtjUHdXqQOlWVnHbwQhVhHLDvj1rwqLVH0tTDB8pc8+tST+ILiaF4m3Agcehq6uHubU5npeu+MLD7HDY6YMBcljj19K8217V7nWrEWWwIoOG/2sdKyS6SCPaTnqPY1ZLYBXaG9f61tTgoqwe0uz//1/yUXaD3GKfnJ4oUqe+ajx8xANfpiPiZbknPNJyR70mTRk8EUCuOOeAO9Bzn2oGeg6mjsR60BcVWZfekDjGSMe3rURbnB5xTg2AQMc9/Sr5h+zJP8/SnD+92pnamlj92oHyDg43dKkOcgpUIyOvWnj1zQQOYBuO9CEr7UZGeaXk8ntTTsJoeCSP8aGG0+tNAZsnoaDuGRVk2FLYGRQc/e6Gm9hnrSbQDuZufSgLD8sBjqT2qRSc4796gLICS34VMNpGV60CJAD2+6KMk54wR0qMEgZp+SRmgBfcjk0Y9OlJyBnqaCGGOMUAKB708bSM4y1R9wDxTwMngcigCXDHaR0A5qRMZJHX1oC8AEcGlGSOK0MxrY6D8TTFHP0pzYY5FCf3iepqGBZQkjOKcQDyRxTV55BpxGeh5qwEzRmjiloAcTlaO1NGcVKAcGgBADwaRcYNOOdtMGOnrQRMBgkAnA9aco49vWkBBJAH/ANenggZFBCQtGM0wAqSScg1IOTQITHtUnH8K8UwYz83SgcnFBQetHXn0owfyo7itBjiePTNA55J6U4qCcjpS8k5AxQAg+Y46ipACABQF/DHpSqCDk96BMXHSjHP1paWgEPxgdKkBwBxUecjrT+NvWqiDEHLc04cYxSHnkUDhc1sQSBsDkUoOR6UwNzwfzp4PPTFADwc9ulO5HOKjzt79ad1/i6VLQDy3I6Cn7SeOuORUfzEjjd6mrgtyY0kBzu4AqQIfenocirdrpeo3Uck0cXCdjwf1xUyaVqU8v2OK1kadl3KqoWJH4UmxN2M8x9WBpMsDgrzXsPgn4Q+IfE9nds8BjkgKbQ52FiwJwCwxnjn0ruz8LrXRbc6frthELnG7O8uxAPcA4xx2pw1diec+ahnJZ1IAHJ9KuWenXV6sj2SPNFGNzNtOF/8ArV9UaF8P/CULHUWgJc8+Xn9306bcd66a0i8KafeOlnZxRF8YEYCDcPXb1pVHZ2LSufJOg6DNqk0hXjyMBh3Oa7eH4aanNuNtBJK5B5yu0fn/AI19Cald2c1lLHpdtF9qlzgmMBi31wMk1Rh1RrbwvNPE5gv1cK+V4GDjAB68daztJlnhw+DniqORVkWJy+CAJeRn3IHNbNj8IN+qMJr5o4kAV0MQJ3N6HIGBXb6ZqniSZpX1JxNHNkrIeH+igYGPwrft5dVtbgy6jOssKAfJjDbe2PcfWrs0ZHCy6BpPhiQ2ulQC5ZGxI853BscEEDA46V6Hoo0PTIpXsrKO2e8Vd6ooUBucHA471HrXh2W/mm1e2j2WjKkyAEZYFQSSOvPWsdYJ4Z0k+0nEeGCgYXA6DNbILmy2oR6depL5QeSI/wARIAHeo5bWy1m4/tAwKZ7hyArKCQo6E57Vm3t1Lc3E87w/ZoAFAUHduP1NdJosdyNL/tB8NMxZeSMgDoPaoluaR2MdPA3iWbUrfzlUWMucSxkbdoydoA5HtxitNtN1DTIG1FY/JS2kVgCcSHnAOP8A62K9N0+/stCt3W8uoIJb632qwlDIsz4A3HsV/KvN7vSrCGRb0ajPOly5WNn5VpVGcKf7vHY4oRJrxvrvhfUv7LtddbTrO+/fTSKABHO3GGJ5AOBlsqOcnAGat6pJJY39toFvqbXk0joZoZwxVgx5Z2HHufzrkH1C3122s7y9kRLuYGNyBtVgGwCwzgH1/QCsi4iOkTS6vZyS+cV8tVb51AxjCLjgd6i5ojd+JA06eKTUdT2NJGPKUA5OATtULnkDnnHeuKgt9CfTLHTZHWSPaJkCjDcZO7B6Z3dSKzde8X6TcWtxpWqOt1eR2ylZ48AxFyNwOT6YyAO/SvNby1uHh0XW9UuRPaebsWGADd9ni756cY/XrXM6h0qkeseFtWjaLWNQ1eE3EkcTSh4k/wBS6hQpYggbVPTPc960NN8Q6fZefd6niLUjuNt5wyY0ZQykKejHPHHTpwazPAmtWOvSeINHjZLKzudPvJ4opSqjzIlXaXbrwoJOD2JPAo8KRT6jeSeMNXtM6g8the2Ebj93Io67xkfKVVT15zn3rKEXe4qlkj1bwnNfrorajJHNdQzPNe3JjQsdpGCWI6LwC3t3ryLWo9T8TifVLXSlihtAy3Lx8Qxsh52knBYqfugk4HSvbPEHxLuobF9Gt5Xtkle4tbsRxJgrL0ijJDMFPzc5BINeWQ+J4TpyxWkJK3souobVPuiWFSk4b3xz710nOT6T4fVYHnsbrzLRmjlNjk4fcB8zc+nFaF5rtlqFiND0i3KyruErHONvIKj25xWX4RsM2s+qy3LwQgYYnrJj7qj8a7DT7mDU7I/2Vbwo8RIMpU5PO4jp1piMlfCmmXEVvPJdPBDKof7LnzI+BgHB71es/CtvNdGLS1XaBv2g7WOD/n0rZ8OQ6bbPJBrUeySVg0CyEqp45ywBCjp1ruPCmgaPd+N4r7XbxdH0xw9vJG7gKEaM7WEykBf3m05IA6gnFaqwXJvDca2rrpsNhc6j4glnka1Fvh4Y0aNQBJHwxC4Ykr2+lQk2rNNa+LoUub+0MqXMUMYcRqjffmt25AXOWIAx2FdncabpLXdtqnhKW6dbREWdAQLmNUc4nt5FxvTGMEdDgnrxzfjB9I02ee61LWba/wDEttEYvtsDbZbmAgeWlzFj/XZUBjjIXAJ4qHPUiULmzY+CfFmv6/qWoXF5afbmFrJbRkZ03UrYjG0Kdzo4UDuep28ZamS+MvDHg3z7yz0zz76SSaCCe7b57HAKiKMgfNGMnaM8c+tcBrPxNtLeBv7Shl8q4sxaxwwk7Y5UOQ6bjwBnGPSvGNN8X3ninVLlfEJVLaxkURpgDHUbvVjkZJOevbpUVGVTgXfEumeINVafV1uvKU3Ebz7P3YO/70hVMA84J45yT613+lXa6P4d1S+0u0lvlgZZXZolngCrjG8dAjFSCe3UVyJ1HxD/AMJVqejLIzWctqd6PGUkhCADJRgDnLD6j6V23hTw7a6ZFZf234pksotbilkTyp8WahV3eVco2AwZuGXIGTjPU1jc2krnO3vie78a61pGuaw0Wk20ai1PkEi3dImZwu1i23O4qct06AYrh28ZeGQttC+mzD/SH+2xh9yi33HBiJYfNgjggA46jOa7O7t9H8LabdxLpCuiTmfULUvJiNR8okhG7CjkdDjaMdMEcXrl5JBqtjJqFva2EcEcWpWksMQWS4tz9yKTn5i2MEcdDjg5qJsu10dnoeqXSatfaf4WEqCaIXUF5xHO8IIK28kigfMyhTtzjIzjFd5caleag+uxWsYtrjXbeOXAcj7NeRq2xUYcgk85655rB8K6PJqUevW0FlLYaRrWlnWrC5XpHexIrCDf91TIwbKA5AxtwK8xv28ZWGpSMZ4op723t9QLSnaI7iIlSABxwMkjpnGa0W1zGafNY8g+Peg6jIZvEepzSCc6cn2x9xYSXkTFQH9DtVcjjn8c/EF7OTlEPHXANe0/GTVdWnuPsmoavNfT3sstzNHuIRS5GzKA7QcE4Hb0HFeMQ2xQhmG7NeBjJ88z3sDDlp3Zo+EtNnvtdshuCp5yFmY8AKcn9BX6RaHq/hHUfnmt5VhtomaMjBWQoOFKnofqQPU46fEnw/t9Jgvkv9U5jUhguM5IPT+tdL8SviHPPJJp2iyGO2kTYzJ8pYHqucZA9fWtKMlTjdhXh7SR1XxQ+NeiXli2i+ELOWOZWGb4yGNgq4O1VXnnkHkYx3zXyxdXEs5EoclvSr8qrtzjrVNYt3AXFcVes5O51UaUYqyKQ+eIh2JJ9apFCHVk4YVuNazKmUUMe4pixqtu7Op3Hoa4WmdClYxpht27/XtWXPPlmA4FaFyWQjdzWSEMk2elYSOpDreLz29K6CxM1lIk0fBUghh/OqcNuq9Pxq+2dgjHIxV0qfccp22PqHRtQj1bSbe9jOd4wRjBBHBrRjdg/wDdxXk3gHWodPi+xzn/AF54J6AnFex53Jv2ivIxtO0j6LLq/PEfyfnHQfzq7bP5gweSvWsnJIGPXpVhZGUnacE9RXl1Lnv03oaCXLiTy1OQDXR2N0GVVfsc5rmICq5561o29zslEfQHpXFM9ChI3JZA+AVwRUthcNFKIs5Qn8qkWWB4Sr/eHTFZyYZsqcEGuSoj0oT1PWdFuozhZCByMV6vpkiXREcT7So4r5/0yUYRWOGJGa9ftwLWKO4RyDgcCvHxcLnuYOoex2dvN5KbAGaPrXTQTXbwjapOOprg/DGr/aYEgYEOeDnuBXefbGjQRwgHPBr52tHU9ukzp7AQ8PcPuk4IHau5029dV3A7ieMeleUW8szSrGpJI9K9J0m2migjZzuZjnFeZNam+IguU6pRI0JZufpTIJpuB0Aq1ao6ptc8+3Sr0kKxxq3BqDymin9gR4nuG4Y9hXGa1pJureW3LbBIpXI969GTY8W3oM1mXGnpJG0mc4wauMrGbep8f6lob2V5K053YOOK7nw1pcUlqs0fysOee9dL4q0dFuQw+UMe1JaWq20aojcN6dq7FP3TRe8jasjLGjKFyW71d8rcCXTL9c1AirEVKNjArUgZEZSf4+9crYuQxLrT/tCF5BgGuB1bw+sfmOG6ivYrmANHuU8VzV+ib/LOCCK6KNaxE4X1PlO/00JdszqCc9e1Z11ppdd8WQcdule463oUIbekYH8q5uS3srWzZgMtj8K9Whi7HFOnc+U9Z0dkuPLI2AnIrCl0JAGWQkkYwPb3r2LW9POp3qpGu1c53E8CuWOlObloEcMQSMk8Zr3KVe6uedVo2djztvB1xOoC4P064NZNx4C1SNHcQ78HAHf8K+h9GsmglCS7SU7jnmu/XTba6t95xleWOK1jjLMqjQ1PjDS/CNxdXsdtMpjUH5iQen419C2Hw90lbaOERK5PI3AGrktgiT5WMDk4NdnYt5TIPTHSsa+Jldcp60MIXLTwlY28cDyQruQcbRjFbNr4XtGlWfarYP8AEM13uj6etxZieYfmKLiFLYl4wAvOKwnWl3PWwuDjdXOJ1DQLJWLqgYYyciqieGrGSFHa3V0PqOn6V1E++ZwGPB5ragjBgCgYFVTxErnurAo86ufAGmXTo726YA4yBnn1PWsK9+GmjyAxyW0Tj3RW/nXt8TK6YZfuVmXKrLIAnGOK7qWIZf1LsfOeqfBLS7tw8KiHPXaTj8FrgNZ+A/2dC9rM75xyTjH1BH6givtmOGIsiEVfm0u2dFVlH5Vu8RJ7mcsI47n5u6j8HtftmLQWryoR1jTd0+hrhrnwzq2lSGOaCRCOcMjKfryK/Xd/BGmxWdvexShzPy8eAcD0PTFYM3hPSPtHmzWscuM7QwyFPqPen7U5uux+UQlvrYgTJjPQE8kVoW+qZ4I5r798QfB3wvqBLC1ji+YtwgYfQKen1rgrv9nvQbkqscksAJONuMfliqjO50OirHy7Z3YdcE1YSVkffGa+iJv2bk+0lbK/kREAPKLg+ozXH638ENd05ytrcidjyq9M47E44P51poYPDnlDuZCd3JqsIG3bgcV1MngHxnbHbNpzgeuCR+YBH60weHPEsYI/s932D5gqMT/IZ/CmmiHQOVlhn5c/drNkjLNgelbWo2eu2cAF3Zy26uTjchH865tDerNtaIkevaqMXTZcit1UEZBrRgXy0wec1no9w3AiPHXip452z86H8qi6NrGp5rKMA1JHcFhtzVDzG6GNse4NasS/KrtbsFYcHa3P6UmS4kkMm5tobpW0sp2gjgjpVC0s5GYskb4P+yf8K0I7W4iJRo3Ynp8p/wAKxZXsmX4rp0xk7x71NLciRSPu1VTTtQdgiWsoJ/2Gz+WK6jTfBPiPVGAhtCq+r8f5+nWg2WEkzkGmiVCGNYs8pfhBXtz/AAj1SV1hnk8knunP6ECuv0z4DSXWJN7yY9OOnsCaqLXUj2Tj8R8oyNIeg+71q/baFq9zD9qjs5fK5AJRh/TH6190+HfgJYxytK8AV2GPnyx6/Q17JB8J7O2sfLihRSMYjQBUP1B7++atVEjGrUiup+Ydr4H8S3xXyrfard3J2/hgHNdPpnwb17UrgQef5bjqDGw/InFfpKvgSCzkRp4RFIFyAVGPwGK0pfDenwWoaJQJdwJPrR7UdKpE+G9I/Z2tEiB1I+c+7ndyP04rvtJ+BGk2uJTbo0QPIQKpwPpivp6ztPMu/JwCDxj3qDUlkspXgi4zS9oa6/CeIXPwz0q0KLHbrxgjndj2rpbbwtY2VqLaJAvfoOprrYyZZk3HPIz9K05LWE7pG4POD61jOo+5c8MjzKbQbdSCiKCPap4NKjQCQKFIrXulaMs2f1qKC43EIxyD3xXPUrsmWBuRG2tAwfau8e1XGWOSPZgA49Klktd4BQZaq5U/dOQRXJ7dmE8KtjLWwjdvmAGPatWDSbMPtkRWB9RQ6mNQ6+vrVy3uvMlUEYxWbxBy1sCmi5a+HbO4bYsI5qW58LQWrb1jHFbmlXO2Yn0rYu7hbhHx1onWPHWGtM5eJI4kCAdBVZ7xBKYh0pJpG3MoPSuQudSeKYq/XNedUqnq0cLc3dQeFoTH0rAmhOQFztasK8vpp7gIrfL7V3lndlbD7N5QYtzuPUV59VsdSlyE+lAwQnYea1mh3ToWOCfSs2DcoG3p3rQ+0SPIoUciuVsy5W9Sa40eJz5metXLfTw0a85C1cZjHApk6EVBDexqRGRx3rlqSCNJtXNq00y12pLLzg9KsalpdnLbkRjBpqPHsDxdKvrKrpnrWUapEqTTucsLGO1RVA5FV9TMbqrIdpHUV1EqxyKQRg1i3FnHjL9aTkVKBweqWsNzbgy446ZrgdHtoIdeWZ4tyrmvT9ZswbdQPU9KwrHSw9whiyrY+atosza900JIbeVmcgDPSua1VyLZ4gSC3ArrLm3eJ/KHOO9cfq9u08yQx8staxqWMKVNcxW0ey2QsGHK8iurikeOEk9BVHSoWj+SYVsy2rSRPEO/SuWtVuzr9mczq1rFJEs2MP3NVLJTGDET8la10rrbmJxlk4Oaq2ZBjKbckVpBnVS2sPeLYNwPBrOmUxsJA3NS3rmMKwPHpVQOHkDNytWzRLQr3l1uYSDggcVVeeOW3kWXow60y9IG/HHoK5LUL6WAfZ16tW9IynsTzyK0ZbjIrlL65cRuvGadcalLFtjYnDVzOpXrH51HBruorQ5KjMqa6kAdW+XNZ1zcBQGznHWi5lYxFm9ayiSuC4r0qVM8+rM14pwY2eI/f4Jrnr7Uy7pAh4B5PvVzeVj443ViSKFlJK5J5rqjT1PPqz1FOXDEtk1Rn2iEu3UUTMVyfug1j3k58napyK6IR1OKrMZJcq64U9DSC5KyBEOCOaowxMcsxII5q3Haho5JSTlRmu+Jw1TG1O483e+M9jXFancwxIqZKqtdDqcphi37toPNeT+I9UZ3CwPkfxV6EYnzeb4zljYl1a5AgH2ZjnOT71xUl9mXy5IyM9K6a1aERebM2eOB3zVQ28DF5GGZD09BUnxrd9SrEWQBhJ83bHSo7vUJreMK2WVj1xTruEwwGWM5b+dYv2oyoQ6/LnH0roiIYL+NVIZQcHINVUuPtVwWbv37CrklhbvEArD5jzz0qnDFHa5ROfeqQGpKyR4jB7fnVnTbc8uwbd2PaqUdssyrluR6V1Fhd2kK+VdEqqY+Y9DUTaSK5mYd7fPAj2siK49fSuZn3ygKvIP616K1pot7cF2GRxkdq128JWkyJLF+7APAxxWKrJbmbkct4ev7Syge1aD5iB0rYk3mQBfvueM+9aq6Jb2bicRqCBgk07RYFkv2up498cZ4zSfvM1jqdHayQ6PpckuoEoVTJZfWvG7/AFSTV7x2ZzIhOBu9K7/x9rdjcWYtLZwS33h6V47ZzXKSHYgZE6kV2RpWRU9EdhHoFo2yUksR2Wr0Gl4kYON6gcEHkUaRKksCrk7y1d7Lptu1uogTZIQMn1riry1OY4/TX1TTbsG3dmjcjgnrXU67d3VxbCR/3bkY460LpF5buksoBQenUVSv1llc4zgdzXO5agctp9/Il0kd0CUJwRXqOmm31DctuNgQdMVyNtaWcsoh4y46+9eoaHDaeHkeS5+46/eI703G51UZWOT8SLp32UWkzski8jFeJ31tJDdgp+8jz3r0jxZrNpfao6QHcW4BHauJv4JLeNQ5zuPBropRsYVXeRjFYUYlBnJ57YrVitZSnmxDeBWbLbXlw6RxL8rd66fT4brToQsmXBPHpWk3Yg0dHugii2XhmHp0NbR5Uhn+VfXmsyDyQVkGEOc80mqajZ28W4nLZ6Doa5JK4FA3pjlaJAXySVqxPFdXZWG2XexwSPQfWsq0vLK6uAwjKljjr0rp4pWtdwhbg9Qo/rVSjYCqumspCiPY5Azjkmusjhs9L01U5WeUkZ9M1v6MYLZFuRH50gXIOM7frXMaokN5cvISck5JHGCazbuByOtahbwzLArb5M87ea1tLuJBbBZhtBORxg4rJsrL7FdyTOgkJ5BPNbEknnbSw257GlMDY062t5ZsE89QDXQtsVjFkLkYbHeuEjdYJBsfbnvmu00lFvEEituX+I965amhmTm3hZ4YUO0HjP1qPVLlba2ZIzg9/fFW3jjiJLHcD0rhPFGoiNxaDIb7wP1qqfvGhe003byCYEsM9M/lVqZr2S4LbVMZPU9R61L4Qi8jRrieZCZX+6zVHaLeTOfMYYJ4GPzp2A2kSOVRGGOVGMHpWRLpRS4LBgV64HWs3WdSGlvCjn5mOMjsKvw3qTqDuBJ4B70uVkxIbiwsbpfIuEAUenX8a55/DtjatmBSHBz+FdnG0Lr5TLscfxn0rmNWjmsrovFcGQYzx0NbU7mkTidcujb/ALrbvVjjg962vht4eku9YW4lAitwSTjua5+Wx1DVZ2WziLMDlvQD616R4YtbiOWO1mkZJM5Krx0r0OdctijtPGusS6Xb+dFPlmXag647GvlnWL25u7tgJC7HjHbmvY/G9zbXUhso2aMwZVt3r6CvNNC0hNQ1yCKR/wB27DOevHatorlQ9zstI8JXH9n20rn5mIOAOvf8a+utKjTw54XjljAVoot5wOTxnHvXNWNh4fDWtmFKJAgHXjI7+9ZHxE1gpp4srRyXLAFgf4QO9cL95+8av3UeG6ncanr2syPMMGRvlHdRWVrel3KSCPzcFf4K7nT/ACbeB73ZlzwN3X8Kwb2zku3Ny0u1hyuepPYUXfc4nVPO7rTL+FA8aA4PJHXBrpPCKFb2ITrgM2Tu6cdKuwm5jm/fxMyDnIH6GrbSCR57iGPIRc4Ax0relO+hpGVyn8TPEtxcSmxiQeTEAEYHgnvXiMckhQ7zyx6nrXQ6ms11cbot2HJ+Xrgmsi7t54DuaPCgYB9TXo0vdSRbRn8HdznGc0nzogZiT6AmlXcy7fuse+KrMjkqHcnnvXQpJjSLhuHIyin5iAcV6FputeTapZuxXaMAjvXnSRqZFbfgCuk0q3W4u138FunNY1Yp6EtnpERV7cSpnDeoxz9ap3N+1lA+CQcHGOx9av3Oorb2kVrgbRnn1xXBa3dmdj5c+FxjFcscPrqaxRzk17c3c0k0rHJPT2ps1y0Nv8gwxOPzqK1VmOW+7u61Bqko3bI1G0d/U+tdyRFtSsJC8gJJJ6c9qlyx+XPAqKML5YLdetPVwSoPIP6UFEzyOu31+tX0nWXayErnrWS+2QmNCTu6GtKyiIC7udnXihks/9D8kBnAYYBNKWYsflGOxpi9c8c0KoPY1+lo+JktR3A45zTlP/6qaHYcKR9TQWP8WM+1FySbPf0pNxPSodxbpxRv7dc0XAcdwyTgUu5c8Z/GmORkKeKZ5hPA4x60XAsEgGjgk1EMng9KkOB9KYBnnrzTt3ODxTTnb29qbvBHegLjskHkZqQMQcqcfWmDgdP1o3YGTz+FAE28nvg0pYfxHH0pmVweeKQDnA+tA0x5I6jkCgsrEMBtNHTkU05HA4BoEP46kZOak4yCtQLkD1qUEDhR0rQhocG53dBUh6H0qEfN1GQakU5yMdaBDstjHagg/hR7GglelABgdD0FSAnIA6YpnHenjGOfSgCyMADuaTkdKRc4AB5ApeqkjjPatDMDzgrxj9aQdDjoaVsnHYelAwQSBxUMCVcDipF7moR0pc1YEpzj3oO3OScUwMM5zxRuTGT81AEq5PINPUgcdarFwDmpAxHBxQBKQf4umabtPVOTmjfjhaaGxkUETHLycH1qaoFLDNSbhywNBYAEjFOBwSCMVCr55zjFLv8A4iTzQYlngj3owMY71GG4xmn0GwnrShcnFM/rUmSwwOAO1aGY4sduAOvpSggZwDxUW5gNvrQCR7ZoCxPxkccmnDkZFQgnu3T2py/3TQKxJyM5wRTgeAMUzAUcClBzg4oAk4opv4cU6gYo4PWl+76/N27U2hWUHjrQRJEg5GByP5UuCvIA+neot455/Guh8OaHd61eiGEEl+pI4Uetb3EZEMRl+7z6+1SSwyrtIX/69e8aZ8ObOIyW+oSKIgUIK8Mw7544/Wu1Gj+APD93EHt2eNcYy7Nu9hjg1k6jKkrI8D0fwJq+rTrHDDKEdAy5UjcT6Z9e1e0+EPhFDZ2F9/wlIYTHyzCdy4XBO7I5HTFeh23jHRCHuLK2n+0TfcURr+7YH2bofbPHvVy31xb6K7t7hGhuy4JXsQwGDzg/hQoXMw1PwN4J0bTLaa1DX11tVnzLuQZ9h3HvXOy6s9m6w2NmDHCD8qnJ57Guxm8N6hd6CurxPDEibhIJNwZdpxxgHOfesYQ2lvqMMdn+/VCu91X8SG46Vr7Mn2nQ6/TfEeq2emRabNE1oZUJjkVRtDMcnLHv9K5GXxFojai/9sSPc3OCGnG51UrwAeST+oro723v757fURcIlhE/li22kM2RyRgYJx9PpWLBaeH7LxH9keWW2tJYiV2gbhMxwM7gcoeehotYzF0C5kv9LP8AZVoslq9wVMo++CAOPoM12t/8IzrFg2s2d0IL+2Uu1tIcLJjoFIxt47nIJ44rH8JR232iTwrbWEspkkVE8lSyRgsNzsV+6uTkt0x1r1HW/Ds9zqqaJ4QS9ttUVmEn2mcyQLAAQQJNgYKDwMgjtweKirFbjhJxejPJ9W8LJZaJeXV1JHJd6ekLBUk2vvmYDC/3gOp4/wAaytP1e21TUYE1KxzCpPm/N2x6d89ua6vU9EstbvjFZP5t0kcSGUHln6H9faudttCvVi1LR76GSPV7OZnjDqVWaNFA2KR/EDkjs2Rg+kGzlcmsdOS9vI7yO0YaYjyNHzlsAkKCT6fzFdb4y8KW+j+ZDNaSQ3GEYuz5Uo3fIJHtx0NcLJf39loYvLQy/ZfLV5FOQqsDhsEcZPb1rrtD8R2XiSyFpO+LnaSVxwyxqNu737HqO/tWkU+pnKLOVtNSvpxbqtgohs2Zf3snyunI2jj8u1Olu7G0t5X1OERQspcrGdxXuB2qbxfLZaElrcxK0dqluHXaxYvI/wB4nPQ54rkdDX+25LnVdUUrHP8AKsO3CYGNrE9+OKu44xM7T73UL3U4PLiaZrl0SCEff+c4XA/iPPSuvvtOvtDv5dIjl8mSV/3rMPnP0roLPwlplveDUY9UjgjtQkqZbZIHPIEb56gjjvWj4Xl1bU/EWp2E1lcTXls6C3kkHzMeTxIfkPy7T1/SsmzZI5IRaQvh2HT41E80c037xiQyswU56DP/ANbnNeh6lfacp0m3spbeSS2AkU2yr5QLoVJYD5QTk5XtnkVlXXhLxnqmn3euWOnxzWpjuXdUKpJG8TMGZw2DkkE98/iK5PwzfTpbDQJt1ndyyu7K4GZU2ANt9xjp+NRKRaibviq5tvEOp6VotrHaw3PKny08tlRVJA4zwQScAdhXzh4/8aan4b1eLT01dZLrTZZUdF+eOTy3KFZAv+70JzzTPih4rutTYjwzsUWqCRrlARISgORk4xtHtnp9K+Y9Ug1CHbPqJJe6y+4tuZsk8knnJ96451raI6aVLqz1DWvFvhvXludR+zpHd3JZ325Bye3PpWB4fmudSgdI08tWbAPUkDqAa80sbWS6kSGFGcOQqBQWJZjgAAdST2r7Y8CfDmW28J23nxb7uKwmupojtBhCvktnPLBSMDrnjFFOPMbVJWRkfDzwxpV081/4znlsnVnt7O2WJh57lVCMxwfly3AxyR1617LceDNRuPC1prNhK9qsGlMkKI+1vOtWZRuOCNuBzjB6c9a4ttM1DQtd09lk+1QRtDfWhlOWJRg2G4XHzKRgdq9M13xHJf2Bt7SMwy3Li4PQhY937xc+pAPbvXU4WOByuYGt23iCTwxaveXkN1HLbxXW50WN47kDLRoRks45GcjOcAda5e70WGC/ivdFU2VnGPOiiZi0itKo8xWLZJz0xWpJdx+IIFjtJC62bZjTnYG7tjpVzxH4X13R3s54WW4sJ5I0NyMBSX5+7kngAnPT8eKRJy2m31lGk91qXnuRn7PEm0q0gP8Ay0DEYAx2/wD1+waRY6joWnX91pcP2u7vYhcZtAJ4oYgOWkAHy4z87crgrzSeDTDrllqGnaYkWn2+kOiXMwO2Sf7STuPzqRkEY+Y8duMY9V+FkNnonigxaTC+sXsGn3ltc2sa/ZphCDtMqElhJ8m0gA5bI6HoDPLZLqytdNttc1/TPOkjBt5TYylsq3IcxuRtdRnjOD1zggDq/CvgeHxRc6L4hkvv7P0hmRCfnWK/ijl8sxyqrfupflYZbGTnHQGoPiNZ6L4Tuh4n8QSSS2c08D29xbKPMclWPkzo3qFweM4x8y8gczp/j0avol3b31gNMsoN1vLpvzICGAkiuIztXEm/Bb5TnHoRQRKF3c9s8UajHZ6dfJ8OJZbfSbUtB5kpAuNOuvMbcgL5Zrd+GUMSeTkjaAPlm4sj4g1oiCcT6hdqXupCf3ZZR97IBx74HWiPXde8QXVzpsy3Nx9pUbyiPmRUAGXIHQdyfx617Jp+hQabp+i6pE0fkuF82OBvMaKNlLPkHnKnr755pqIpTtseMEaRbrp1n4lcpbQOZS0WJPm7Iw5O3jnvg1j+IdClu72H+wdJjgsdSCXDXKFVlEbEgkLkYA25wowe3NeveN/DrXdyryQQ/wBkxn7WL+0iAuI4wDkSKu5iFPL/AC44DEjkDzi10vUPElzp5fUTbXF8UgSTcVQLKdqhyOxLc/WomiqVS5oaroN1d61odzr2txf2peLHJBqUHzo6MAqxz7VUkkkB2IPDYJ2g13OoS+CbPTdQuta02Vrv7QqXdk5+VEGcyxsiqDjgAbhnOOnzVn6T4W+H1rB4k/tr5LrQ5beOWDzP9IYeZskkt9/3sVJ8S/Felaa8tiumyzxyQwG01FNzR6hpbKpkaTdgO2xsbgp5IOVwKyeh0XMXWvF0Gn6dqM+l20lze2trGYbkrvF1pMn3jLjABTPzHA4xzgGvK7LXta1LVYLtoVmufD91b6jawxREB7YlW8kAdlG335PoK6zVPF+mv4cNt4MaSS7imQ28BR2cWxTY0TAHJHtk9O9eQap4g8XNLa/2NIbK/ieSORguAo7qQQflB6jFYTqGlKN3Y9u1Lxd4x1PwX4+tRdyWMsVza6lG0LtCsSkMJI1xk4Kg7ufmIXPQV8e/EPxZNN4fs4l1DztRmRQ2XLSqHJLEsTuBOAM1xer+LvGVtJLHNqc0pJkhmjllkdD/AAtld2D/ACrAtFj8WaxY6dFIGkD7p3QZYIgyV46A+vavPq1XfRnrwwqvdmZLorWGmjUdQczXF3kjzCWIU9wT16VzEamSZY1+lel+PJY2u4o1bHlDZsA4Cr0A9MVwsbIj70H3ea5Zbm3MbLXz6baLDEQretcvJmRjJICFOT7VPJKb6do0HyqM5NQzExoIGOAvUGokybMreepIj27ga0dNsZbi5W3hVpZJWCqigsSTwAAOST2Hes+OJvtCyDC7eRz1r7y+BHwth8MQjX/FWn6df+INRkhk0a3uJjmQOq8IpKjcWYbSBkMOuCMqlRc5WQsRWUI3OF0b9l7xHDZaRqfiZHS41yMvY2yKpVpUJPkzOT8jkL0wP4uTtNes2n7Kvhe08N3XiT4jX/8AYFneBntRIxjubaZXKCMq+1GR8E5O4gdO5r6c0BY9Hu77Vdf067invgbePR7xDNFLdzHGbRk5UhgFRxyQeBkceWftUazqd7o9lq3j1I9L/s1X+x2Yx5xjlCnawJBLIyfPlc5ZumAK6a2FUVdHDTrSlLVn5Da5CsF9cW8ZLCORlXPcAkCqdrbso8wjiu2TQ7zWfteuvGwiYsxfHy5Lcj8KwZLZoww5C9hXjum09T6CFRNWIUUfQVYWPd8y8gU2GFCN3cVbGMbU4JqrDuSpM1uylOlfQXh7Vzf6RAszDzVGDj27/jXzxn5+G7V1/hHWWtNXgBfZFIRG+eg3cZ/PH4VzYmkpRO3A1uSZ7wqtjeAQelRvOI2UAHIPWrMb5Tc569KpzAOhK53L0r5uaPtKEro0YiGzIuSAatMqOVkPWsDS7okSJKSDmtdJirHjiuKcTvhKx0FlOFlVm5HTFXZxsm3L0PJrmY7gwnea3Yr1LiMovXHFczidCq2ZoRXTGQMjcL1r0vRNRlnRfMkJCDvXkKRlDx164rt/DkzPKI5OBjmuCvTuezg8RY980K/ikMfkk78YOa9M0qRW5c/erwzQ7n7NciKJd27nNeq6TdO7+W4Az0r5fEx1Pp8NWTPUNPjSCYODkmvSbS62QBmUcV5PaRv5kbg7z6V6DHcnykXHtXjVtztnUvodXb3xZMJWoGaUKHOM1zllIvB610FvG1ywVW25rE56sTXUeVGQOcCseS9khdkb7vtWpd/uIyhOXUYrEWMTI2/hutFzmjEyPEFqLy0eRMAqM5+lcLp7M8Cv128V6DcmSWN7fgDaRXk0N8bR5bXjarmtqbHBbnWEF2GOhq1Lc5VExjZ6VlpJ8ocNkDniq+95JwzthTQ0LlZ10N05gIbkVjXkLStvXk0NK6qADUgmyoJPNIVzG1OBntdhX5sc15brNn+7eNOATXsl8wEKyLyWzXneqKJFc4rpo1DCUTxa/sSkbdhjg1wctpJ5iwjmVjgdv1r3DUNMLQKQOW5P0rzHV9FuCXmhYZT3r3cLUPPrR1K9uUs8xyMDOODtP6V2Gh3k00MsGeh49a8gk3w/Mz5ZemO9egeGtUiHlsQBnqfSuipHqXhpK9jrptMJhGVGeucVFpsXlXio52getdLNdpKEIxjb2rnFgEmoPM2Rt6elYxnqe/QpHrkOpRR2SW8JxjrWTeXLTNsU8DmuWtNULv5A6rxT5bv/AEjbnBFayjfU9fCUrHQwyxsQp61qC6MMYTbnFYenKssmSckc4qSeZ3uSi9DxilFHsKJel1Bkxs4J6+lPs2Mj5kXn2rPMDAhWPDeldBZwkIDjI6V0wNrIsnCsGUVoxu0uzJ68VUOIuKuxSpEgc961bLjT5js7LKQiMntUCJG0uDzg1lfbcwfJJ8wq7o0wlnKSck1pznLUwW8i7Lpq3L8DPtViLRASPlyR2rrbW3iDDPWtKGBEdpJBhRVRmeZKrY5dtJVbUh4RkcjArh30n7TcgSJwDXsiNFK2zGQxxVa40SJJQ1vg7uvtXRYmNaxwGneHra2ma4eBXx6qD/Oo7jRNLnnZjbIM5wQAP5V6TcW/2eyxIvB71Z0vwZd6pA11DE7RKAWYDpmnZ9DnrYmnD36jsfO2ueArG7t5JJLRXTkfMuevsRXnOjfA/Srzzbma0/dRHnaqbVH4j+lfcd54V8iwMZdmbB9CPyrzeaObTFazRdgl5Prj8KzfMisPiYVvgPAG+BnhCX/WWKN7nJ/kagP7NXhmSIMcQc5wC5AH0OR+dfXHhTQ45ys86buRgGvVrDwPa6hcO8kQAx0yVA9+P8+1KDbPJzHN4YdtSZ8FW3wA0S0VXs4Y3YngyDJ+pwo/KvQ7b4KabbWyi2sUknPLuoyGPsCM19gL4Tt9C1CIPGGjm4VuvH4/4Vfv9PSaYvbj5iegFdapnjPieMmuTbufGMfwnYy7TaAexUD9DxXWW/wBvNVtRJa20Y46bR/Svst7KwnsEtVjEZHT1rc03Q3s4Siy7Qw6DtW9PC3PIxfHEox91WfmfnPqPwiksWMNxbeS6ZGduQcfSux8E/DFLgnzSEjUjGRznvj6V9par4LtL4BnkLPzncMj26YxXlZ0ttJvyYwVRCykD1U4qKuF5bXPVwHGH1mm4wdpHGL8IijPKJA7NwNoK8fketXLDwN/ZUjkQfumIBfHG7H869Ltda2IsMuS4YY9xXpt/JZW2lus6ApgHBHUjkfrVxwqkeHjuJMZScYT1ufOs/h5NJu4mmIMcwHTrXTatolrp0iDiRD3rrXjstYgwwAdeQSOg615rqt3dXd7HodqTM5YIu07j6fp3rOVJJnbhMZVxElzO3Le/p3OR128mu5PJKDMORkDn8a4ybzlyhBJ9q+htD8MQabc3MmpIGZIm+9jqR0H1ry1LEeZIwXd2JxWWIotK59Pl2Z0pSlTpq6VtfU4S3jKXCTuMFTzTbpY5rx5FGQxwPxrqr62hiZowMZHWuKErKx2j5o3zu+lcfOe5TfN7xl32m/YplcHaTyRWfcXqkrEe1bGrTm6lEp64xXMfYml3PI2CDWcpHfTj3EnSOQNxxWIxjiYYHFaN3MseOaqy7ZYgB3rlmzZj7e6K5Tdx2NMhEkrMR82OtVI22ZjJz71o6bLFFcFCclxXKzkq2GfZZGXnjFIQYE3nqDWoxw57A1VlQz5QjGayujFyVi5YStgSIfvVautSESeWSA31psEQt4MMOAM1y+sXMKlnBAI6VjOZ5zhFzJ59USIHdwea4DUbkyzmRTkNmsrUtTmlyEbimG1v3t7eVVJ877vvXPJHUmo7nR2Nu0pRm6etegwQY27D0Fcnp1vLDGscg5QV1EUrCMHoa5Js48Q+Y04Tucpnmr1oQJcP1J61iWUjecxI6itSzjMkhLHIz0rjlIUY2R0V5IJYEUHpVWG1fGfvE9KYzA5XFa9rIFUN6VxVZmiulYktI25QnHtW0yBItq8YFZto2+ckip7+UrGAB1rKJlO97FNpTnrmqNzKdmWqIymPg96rNcCRSoPSrsOorELtHcEB+cCtLTooTIoC8g1iW7q95sb7g71ssyW0u+3PHrWiZxVKZZ1i3gIkdcLIB0+leWWJMl5M8vzEcDjpXdatdl13BsE1Q0/SDbWxklbLSHdj61cpBTp6EUMSyAkDDVbQMpBHbrUGyRJiU6VppBIke9hgNXKzq2M3ULaK5hcgbTiuIOYNxQ4xXZXCPGTlshulcdrMPklJIW3buorops0RVa5WQDf3OKjkVQvoB0NY0rhj5e7BpGu1dTAz4x3rpSNZKyKd08rSHHNczd4aXMvDLWnJeeVIQelcxrt/JFG80C7mrppQOadQytRWJzw+SvauZu2BAQHNXkkuJ4gr43nqayZNyykvXp0oHm1ZmTdCR2ES/KP502ZYxtQ9QORWhKArhn79PpWNdl3YuOMZ5r0qSPOqTFaREBMn3RWRIwO8kU13L/ebIp7DfC2/qOhrojucNSRh38pChegNUokWQnzBlVFVZmfLK7E4OOarSMccPjPHWuqnA4akya1tbi+vktoJdpZ9q++7isu/mmsrqe2aTc0TFDg5BIODTprpIcnnIrBnuDO7TMMItdtOHc82tUSRh69qSxWDNKDwe9eTo+/dOcYzmtnxprBlzZwE5xmsbS4J5YB5uMV6Kj7h8Nmdbmm9S2jrje469q0IEMiGRxj0zUrQRIFwuT3NTpjBU/dHf0rl9oeSZd9YySxkQHBIJNc7ptuskwtpuVJ61uarclMC3mC9QQD1rBspVWcBuSOhroitDQt6zpK2r+bb/cPWudkMZjYlsHt7V3t3bXcluzyKVTHU+lcDd2ryOVYbdvTnBq4gVYJ7mE/uWPPX3FdzZxJeRBWb5scgiqGhaUJWG/52Hau0fSvIieeEbGA+YetZ159EK5x8tre6dMGQBkJB68mu7sNeYKsMo5PBB6iuYNx5jBkO5lIFdbMLKeJH4EuwcY5Jrmqb2ZLYuoXUd1EVX5cd6qWwka0kgtZOQCeKZDZy38v2OJvLBHJ/wAKvfYo9HQs8qqU4Oepq4KzNqeiPFr+4hhndZ3y6k7uO9aunazpMdsQqAyfxZ4putRWFxdSXeAoJ5A71BZabosqidiM7sFTxXoKWgSd2d3pYt3VJEXl/ToK7RJOAVbftH61wFglrDPFDbZiRjjrkCu8CpbQ5jGSOQfWvKrR94waKeoa1fWMO5IfNNc1ea/fX1tnyvKK9akufGMcUzwXkYQA9xVG7121u4hJahAOn1p+zY7Fjw7Nf3V7HHJDgswww9K9g8S3S2mhPHN+9Kjj2ri/BpbUbre4CpGvbsa6jxBe2Kwtp9xJy3b1rSEO5tFngtmr3EzSq/7zJ2g1Fc/bAdkp+dT0PaupWwjtJWljI2sePas+W0Wa4MsnPqK1Md2UtPnuvmgwGY9/T6V0NpbaizFW5TGQT0rNF/AhEUAWMjjcRzT/APhJF09RbTuG3N25NZVLsTOjVI1jweSeOe1cjqGi7JzK8nB5G05ren16xljAtFEj9STxisqa6luztVNqj8aygrMDE/swyTiRJ/LIx7Zrr9KE8UuLtiR2zXL3OlPeRfJJtZDnnjFdTowXTbLztUuTOw6Ac49q6JpNDsd7Jqc+mW6hIyqSfxCsIvDITMeS5z6VYi8UaXqNiLSIEeWcEuODn0qQQAplMex9q4pqwrGekyiNlcY2H5eOorPWTzZi2MDH5VjardXrcRMSCSAB1qha63daeGF7GQzDoRVKnfUDukgs5IXWXDnjacdK7vw/CtvaFIxhWP45rzrSo5dZKS229UBBOBmvVbbdY2/75grLyAetclekzMhlt4zJyCQP4apahodjJCLqbBVem7qKufadmZ3O7dyK5y7v5LhygHyHI+bpWdNMDMm1D7MTFC4aFeu30qTTdVgeCV5pFQICSW4Jrk9Xs5rGymlt382ZeQAc5zXj8smpJcyebKyE/wAJPHNehSo8xaO/1q8a+1FpY2LIDx7V0mgmWWZZAnmIvBrzpLiRbdSWLPjrXVaJr7abbvJNGBnvnj8a3nh2KJ6dNqVnHEVMfJBx7Vyd88SQlg25+v4VnJ4vttRmFsYRkcqV9KLjUbPzisL75M5245xWDptGkTsvBFtq9lby3q2yyrMScN6dhivSZrm1sdNfU5bUW9w4YAkZ59qseGrWdtNjLxESMu4Kwwema8k+KOv+JraaO1uW8mzYB1VR2PHJqsN70rFHnXiq/uLq9ead95kbJNXvBNu82oR3G0SrDk/J7Vw4muLibypDlWPAPua9K0W4k0Blkt1IXqcDqO4rtmwR7bqPiTSdBsYrrVIma5lXAAA4+ua82v8AxBH4gkHkyZX+6B/OtnWfFvh/xVZCzv7UxCMZA9ffNed2+jQGd47G42qR8i5HQ+4rnt7tiKk7m+81xEAA21V9s1Uur1UjDTvnHTtmsxJJrOby5pDj0Y1XvrmKW9T7QoES9SpzmsfZGR09rrFrDZSOpUtJwVJya4DUNYb54bVjEjZBx6d6l1e3spYd9i5354HQYrntmJQsjMd/HsK66FOKbNI6D9P0/UbjZcwLnJ4J6kV0119le1FveWjKo43gdCa7Xwq0NsqxTAbOBx2FdbrI06602aNo1ZQM4PFcWJxklPlSG5ny9qtlEJma0ICpwPeorO3UqPtMZJfjpXWto0Bld1GAc4x3pFtXtIwSNyg4yema9CGK0sUpHP3nh+KG2M1vIu4jITvT9DtBHukZcN39qtOitIzA59ant5IYdwcFQRXRGdwsU9X1Blk29MDAX1965mdgYyOgPWtzUEs7uRW53Lklvb0rAubVzLsjbcv8h71tDYZLbwloGYPlV6Vh3KsZGBbIz1FbSOYUESdAMVmlQZGA6DnHvWsR3IZA33hwppqngYI4ycVG0hd8KO+PalO9AVOCegq0gsbeiWhvL0E5VFHpxXeQabEX2sgU9ua4fRr+Kyysn3iK7aG+ihsWuo5PMA/h71z4hSvoDP/R/JAhR06+lAJ5B4GKaWC53c0BlGTtr9HR8gxDyvIzj+VRp37r2qTdx8hwe/0pAAec1KkZSiIMetL0OenpSdyBRk9W5AqzMD83DUD1HPagHPNGAPlHPegB30pw96aM4yDTh05NADxzgjtTSOeeAKXdyB2FIOOn61dwHYx92nc5wMCmAkH0oLY59aLgTf5NGOMfyqMNwKNx/H2pgSckbSelOZTgAmm9vc04YK5zyKAFU9qUZBw3WhVJO4UuM9etACDhuTj2qQdAegFRnkD196dkKD7flWhDRIsnzEEZPanc5wwqAMMgtxmn78Ek8gelAWJumWAyfQ0/uTjnHSod2cMvQ04NtJyc4oCxOrMFBPSnjvmoFYd/wpCxZsE4+lVzEcpPkEE4NPDcnntVf5sjJyBSCXr1GKfMHKSbs9+aXPbNR71P17U4My8dWqCR+ecEU7II96hz/ePFOJKfORmgB/GOucU8MOCOtRh1xyaUso+9yaAJy2RnODS+xbBqsCDyF5p24EZzg1SYFjd3zyKXJwKjHUZ6Uue2KoCTrx604Ak4JyKYGP3D07Uu8cqOKAH5bpSjnrTASM+lBwfmxQBPkZwaNxGeKbjPJFOGc4zQA6g8/Sm/LkkdaBySeCKdx3JAp707cAT61HSnGOuTRcLk24DGec0mTkKBxUIyR8vb9KnHJ69KRkPBPSrKWtzLG80UZMaYy/RQT71TILEIvVuBXeTaPd2ugRGC5FwJ9heIL0PUgEEng4q27FRVziMFnWAnDE46VswaXDIgclmkGRgDivY/hx8MY9clGpa7us9PVN28jDyDoduensSD617BfeH/AA14Khth4Usv7SvpwSkkrCSQKvQDAG0kngKBnv2qFK7sZto8I0P4Q3uqSRpdytY7hn94Pm/FeD/KvW9L8C6R4euI4WnaR0QA4IAJx14H6ZrMs9O17U/EsCa9BJafamDupVlwi8kAHpkDAr0C4g8PyW0thbwmG3bILgfvPcBuTitoIV0Zz6LbXk32CwJllkGM7unrjHGKTT9L0mTU4tOu3F3LGAvy/N3xxjjOav6NFDFb7UtyLSJhH5rnaygjk5HPSrx0G1+STw5aSR3bM4SVSdodRn7x4966VTMqkimdCGhySzxQyXHlPwzDZtDdOPpXRaL4W1bxjqEdx4esEW4slS4mklmCoVDcLg9eR2FOfR7ibVrS3n1mS4d4FZlZfLTzHBBUn5t3Tg5ratNatdF0XVdHgtnkubpSjMGACGFyQVwDu75BIqbDR29jH4i06C5kEVuv2h3hEEgDA8E4AOcNgEjFcZ4muvKgu1vwFLywiERnmIqpLKSOobGBn1rQ0/VrPU57d5dUeKeImRFdycuUIJIPQ4JANZ11aabZ3lhJHE18iu00qyHdkhTgg4GcZzg+lbnM/jMXSvFGrfYrmys2jZVRmV2AJVyQMAnjkdiDXsvibwZb+KfBkmq3Gpw3qaUtvb2E6oEJJZdyqFxnagyytlgBz0yPH9U0xrzxJqDWzRO0cNsYzygkE2cEgZww24Ix6dOldB4K8R6jdan/AMI9dQGKw02eW6uImcOgaIGJpAMdVLcgEhvwrCWpq2cPaeK9U0HX44vDFw1uom2GVlBDtGCM4PBUk5HHpXonhDxzr/iDxE+m6jqSWs8sbLvEYQlmbDgnnbjPbHtXCeJPCl18t3pM5kjaPy1dwAUmfJwcD+IKSp7fzt+Fb6HS/C1rd6xpMVzBO7NJMp23DpGSGcPuzuUjhcqDg9MklCR6na7/AACl08ultqFnNfbIp1CknYOWjHfGMjtz1BrEs4Li4zqGs6h597KmZPMbARyQVCZAwAOMZwO3FW9P8Uabc3Gk6JLNKtqsR+zq4JJa6fcrsf8AaJC98Y7DJrlPF9vqMupxeSqzWCmRdsRIdGgAD+YCAPvE455HNR7MrmMjWta8VtezCOzju9OtpERyqB0kXrlsk5454xjvWd4Uj0i7tdSCN9mvpZZWgZQfkibAC+nBzxmu98L6LBaaPqN3eXaz2kUMmpYTIYqqqrgHGN645Q/41yWpT2TW7yaBb/ZLSCFpEXADNglu3c1MjpWxdu7TQo7FLTxPd/aFhQqsG0nce2W6YzVDTf7X1nV7bS7WGNrNoG+TAG4L0GSRgivJbi+e8a1ur04Ik+ZFyGbHTjnivU7O9hW5sXhWTz43T9zGC7vn7yDAySaunEzqHQXNp5DpYG0M87s2+KQFFVEzks3OB74roop/EZca3DK+k3E6KqxwSAxiN8qxcgYYkHggDaeRyKyU8YajqEIa6gFtp9w8gEjHbPgDbtLZwOedpGfeujl0yPTNAnbwvqS6vBrMUOcIPMgZWLMhVSxU84bpn0onAx9ozJRddsPEVzqUs8g0y2XLxwyFfPJADLgZyCBkkj0GK+XvjN4osWmuNKhDWt9NIZkDsfMt4psyAFuAeCB+fevU9a8Qan4Ut4brUZIZ5Z3YBHLElR1PUYx+VfFfxC8QWk3iDUtUuJTPJcsAFLEkYGAgJzhU+6PQDiuCvOx6ODjdu5iT+MWtIpLDTlaRZI2idn53AghvpmvPZbi71PUA97OcLhRk8Ko6KM54rOTUWgu2nPKgkV6z8HvCN94y8Tw30do0tnZkyMcYBIwNqsQVDgHco65ANcUbydj0XBJXPpL4CfBuw8T2jXWoXjQX0gjltYYh8scaMRI0hZeZAcYUEfXrj661rSLfwTdHw7axFILwR3FqZTvd4iMSIzgAEblJx2HvXCeG7m48KadbWGk2a/YYX8y3nBHmpKxywmU/eyeMjp9OjPGt/rM90l/eQtcFcNI4OQhxklM9uwUcAcV61JKKseTVvJ6nQa3a6Hq0KWdmfIjU743YYMbLyR16H6184rq0F/qT6cxdopXMZkyc5yQBg8jJ4rpde8Z3Gr3dnpPh4GzmjGXYhS8kh755wMD9ee1M8FeCNT1OKaDUbSMXV1dZ+0yOoCEjPUZPUE8DGTSlK5UUkZ2ieF9be/axltZLWN12QrAS00pJ46ZP4Y716fp+j6j4e8ImXxPdG6hkiuYre3YyPJazwttTfnmPLcDtg4PpXtGlvo+h6m48JXJuLiXyTJ5w+cNblslH2hD1z71n6/YW/hzxPeXHig22s39wxmSBbjybhI5OSrKgCOvH8IIJBPfAkg4LSPCWp+LPt+oRq/hvT7sQPCJN8thcZBDlpVU7Np55XHzYyMcepza+fhrZTP8AD+1S6v8ASIZYmmnHm+THMoDNbvHhiit83zcDgnjoujaV8Rda0BbDw8lqNEisnuj5BVYriCQ4ltyzA7JkJKbQV785ArivDviHw1oHhRrfSGkvbxryVrcTE5ijZADEecMFOT7+tZt3EcXqDDxfYC48ZMY9SWQtNOGRY51xw7r9wNj5eB71xxkhTWo2vQ0v2aX5VQqRIqsCrEdCD9Paq/i+w1nUbyPS9LdjBektszhUIGWU8cD0GfasjS4INMii1O0hnntZo9s/kjzHjHfg8A56c+9a0nYGe0P4h8M3t3Fd21vcaXAlwkVxHazCSX7Kw3O6BwD1GMHIz9QB6joGnw61a/Z/CuluLSAlY9UZjG6RqzZeYD7wbB/hG3qcDNefeCNTt7+0MOjaTFDPFENl8EjhuY1bgGUAHzOwb1qfw34g17VNSsrq61e30i91QvZ209uHaGaJiB5ch+YfOxPBGOnAI42ckZWO4v8AWPsMCxq8FvPueB7yPDRypGeqsRj5sZB4J68V8m65baXo/wDamo6bcPNZLeiKS3jILwx7j88ZORt7KTgE4Ge9e6eJb7w7pza74d1C/uNTtokSGRLfan2ScN87xl+uDlS3AO7B6Yrh9T1XwB4cj1+L7PJe3baZ/Z6eWVZJbOYKpnyAu2QfePQHtgnIxbFFWOV+IGr+BNJsYWsbC4fUoYrby5UwIdRsZlH7yVjjDDJXKr83Q9ABa8d+Lbnwno0Oj6d4flu7CK3VbS5lfzfMtr4g/JjPyN9xBu7AHpiuXuvG/gozaJbWFtd3509hpE1vKB/pVhJlvkPUMW+VOhwOnIxU+I/xS1uabTItI0WLTrWyTyY7d2FzgWZXYPuqRsbkcc8dcVhXdlqdVGN5KxyMx8U2/hBviHoVtb6fPZ3stm9oQPNRFh8zzQhwGGCVI6g+tfOcXi/xRc61d61qepSI2XbfyVYseRs+7zn0/wAa6vxv458Ta3fPqNzMGs2yTGuECs/XdtxuPfJ98ACvBfEWvJOY4LMkA53+nGMYxXk16llc9ulRKut68+q6k+12VJD87kdieTgV9N/DX4f2Hg7Q7nxxeXBnYwLsQjb5gmKkcHPA45+pr538AeCrzxZqwSZnSzXHmOuOMnpz7Z/rX3X4z/sHw74V/sSOQgvCFiUneUjQBRz1A4wM5J55NcVFOT5mXiqzj7sT4s8Wahb3WpMbdAN3zNz3auWlLIv3sdjWnezrNdzy+WA+do+g4rn7ufaF3DBXrSqGtI07JPLDSEgbhjFXktoZyGnGR0NM0xBcLGzcBuc47VFdTXFs8sKJmLvXNzmoeHLnSofEdhJrZzp8c6CXALfJnuBk49cV+pun6ZrPixtG1S4bTta0yay83R5raYxzSTxFf3DFSoEmFyAV/hPPDY/J3yhJl1+Tv6V0Nh498S6ItrZwX05062mE6wiRhGkg/jQZ+V8fxDmurCYxQbuYYnDc7Vj9YrvSvGt5rX/CceJdSk0240y7hY6TM5N1btEEaOaEFgCjMOGUdQ3JxXy9+054n8X/ABF+IDQeWJYN0QVOAUDxqGOFxwSSW649aseDviTc/E258O20OrRQ31jEYgZnzL+4Ut+8CnLJxhSB3/AVZ7yTXvGMutXtzFJJbWpCm3/1R2ZXAyTk4Ynr1rrlVUlockaLg7s8w8S+H10zS5n0qNoNPC8ofU9R+dfOl26XFx5gbHbHb0r6z8aaq8vh2aRU+SLcSB1IIwPyr4+vbjfIQh544rgr6HoYeWgjsoYKOo6gU1gyAv8Ad3VULO77gcOOKlZy4Bc4K9q5eY6LDywLKMc46jrVeCby5fkB3A00zTIfLOGI6Edag3MreZnJXk1lJHTHc+n/AArq6arp0avxKiDdnqSByT9a3iMe1eDeFNYltBDqaSAAMUZO5B617rDPHfW0d5aHzIpBkHp+fvXh4yhytNdT6jLsZePKxqLGHPY+1WRJhsH061Sdc5ycHrxT1YquOv1rznG57cZFuNxI+0nntWjZTeUWVl57GspFQ/vB1FWkcAggdetctSJ0wlbU6PzgwDKcOK6jw7dbJ90nCtXBrKCBg8mtOwu3hkO4528gVxVqeh20qtme/wCjfaI7hXbayMePUmvUrK7xFulUI3YivBNH1oBU83jjgjsa9PtNVg1AxwqQGwK+cxtG59TgKp7x4cRpI0uS5IPHPrXotq8ewKRuY14rot1LAVtY3wHHPNei6dfSrmKUA5xg183Vp7s9p2aPSofs8UYEfcc1fguEQBVPNcdbblXcGJzWsJE2DaecVyMahc6m3uY55Nsp56Uy52JIY4udvNZdq8QjCufm61NGBlpN33uBRFGM4FK5uFjJY8Gvn3xJKy67I0Ywp7DpX0Fe/ZY0UP8AMTyQa8d8X2EaSrdwDCZ5P1rWENTKO5Q03UJo5oxK58s8EVtTTMkvmQnema5KzZZJR82COtd6tpA0EZiO7I5FbuNgczRS9iMaHglqku5/3YaNR7mueuLaaGVPKywbsKleV4N0cuSxHA9KmMb7iRPLcPJFtA4FcxqIljhY4zitVJlBxnHtUE8qlWDjhq2SsZzZz28TWJlYYZRwK5hra2l0y6MqYaU5DHtiuhuL62jkNvtKqa57XriGZUtrT5EAyx9a9GjscVWmzxbV4IoJDJEm49M1yWnao9vcsqMQGPIPau/12SPAhiwQo5Fea6hJ5EiuEwGOCQK9ugrxOC0kz3nwfqX28SxyuPl4UGujmtrlS5QZ614D4e15LG9WSA/Nx1r6C0/WVvtN8wnczZBxWNShZn02X1W1vqczZ3RtL5xLwW6VoNKZbsNu96c0MVzPudMstUrsLDOJFGABVI96jM6rT7/ymO4/MKuWF6txdMT1Bri4bgyHco61s6NILa7LP0PrWco6nq03dHpUMSkozCtkBY12qenSuetb4O237307VaFwyycnOT0q3OyOiNO7NfyTKdq+lUyzZMWcYrSWWEQYZsGs2TLyKsQxuNaQmdlGNncWMugGefeuk8PX4tdSjlkXeqnpVNdkCAzDGODSwXCw4lReAaplz99NHrqahHcXJmVQi+gqb+0Y7u4hsIztaRgvPTk4ri9G1e3S53T8xkHpV9rm2uL2KWz+Xac/QjmuiNjwqmEs2mj0CS1+z4IxxxWjavCXVZD16mvPTqdzLciMv196ZFrDx3TwO/fGc1q6qRzyy2bjue3aj4JvptMW8VPMRlMgC9gPX8K6DwT4pOj6T/Z1woZVJ27eSc1wlp8SLiGx/sORtyPFsDkHPAx7jmuNsDqFrE9yZCV3ZwSeAK6/apfAfITyavXpzo461r3ifQEVql9ExI+/k49jXz7riKfEc8G0AI+B+FelaZ4w+x2gmn+YoP5CvD1uZb3Vrq7ZiTK5f6EnNcuJq+7odXDuX1qVWpzfDbQ9z8K2btD5in5U5rvo9abTIjOxzjivEdI8QXFjEYicK1Q3nimSXMbNlM1FPExicmNyGpXqvn+E+odM1Kz8QWginwrqcj1/Ct6z0a3s2dh8+71r5s0DWX2q8MhRlGeGr0HU/EutW+mx3X2oRiPBUA8sff1Hsa9SjWUldo+DzbhetCr7OhKyb2O31SzLIyxHY+QQRxitrTL7ZZxpeyDegwT64HWvCrX4gam98jXuxkcdgQePxx+ldV4g1F7nQfttgfMl4xGnzOAeuQPSto1+XUxxnDdePJSr7Pqd9LrFvbzeZcP+7z1PT8OKy/ElpZ6naJdWjqD1OB1H6V4RB4xnaMRX0ZZYuM8ZFa0fj4Xc/wDZ9jEwgZcFm+9n6ZqauKTPT/1Or0pqdPddelj0PR9Djn1C2nm4SJtx9yOR+orb8cvdm1t4bEjliXx6DGK5K7102djFHBmRmTLH69a4a+8dHyG0+GNhMzAmTIIAPoPWs3iFGLiZ0skxOJxEa+6j0/Uu3eqSC0ivo22Bl8skdC3U1Po39mab9i1YHNwZDvJPUHOf0Nc7qUkUfh+3heRQxlB29wCCa5K71OSCCaOJfMFsu4kHgDFYqo0fZ4bKfa03Faau/mj1vU/Flld6s9ukm2KSMKM8AstcRqF9DZo4RvlTJJFeXx3N3c3Cyq/zE4+mTVzVbm4s5XtZpA64wcc5wK561WUkelhsipULRg+hee/huYpWY5yOM1x8kvB2nbWZca7AqNGoOT61kQagZZiq9McV585H0FPCtI3nOU3bulY8uoAZjBxinf2gJFZKwrxSpLDoKxnM6VS01GX5V0BB6GnqVMG5ckAVl3chNsdpyR6VX07UCYnhf86w5+5E42Wgt1fLGRgc0ml6qn9qoGxtbj1rz7XtUMTuY2OVJ4qn4X1ZbnWIN/HPes5SJ9jeJ700uXIXpU0XJ3sOK50arCbkoOMGrcuoKImIbAFc9zz6y5Tbur7FrKEIJxXlGr3jSBkJ+YU/UvECtBIqNtbPWvP4tSkluJA5ypqHC5y2s7m2sSTKQG5rqNMuLhEijmO8Ifl9qw9OCFcDgt0rp7GJvMAI49aibsc1arzaHSRzeZkDrVqO5UqA55qosBjiLjriqcJYkh+teZN6l0UdfAo8vcDirduzIGYcGs3TiWwrCtRlx8ijANcktzTqWbeV953961I2ym1T0rPMBW3DMCKn0wmRyo6rWFWIX6o37NvLfLelRXl2pPzdBUcmVbJPJrG1F2kUBO1c6diYxu7sdcyo6GQN0rnEkkwxUnrVtpSqGMrz61FZQGS4SPkL1Nbbjk7GnZQ7YfOcHJqB71JJTCxx6Vs3CqI2jjPQYrkHicXPXpTtY5kubUg1nUhGYokHJOK6jTZZngVZj8yjHNcnpth/bGrCSLloPnK+qqRXcMFWXa/DKeg7USM5OxGiL5jhhmpZ5j5ZGfujpV6WOMW3mr1zXLzXLecyEYBrM1XvFe9lL4C1iTIpR8jLY49Kvzq0jnnjtXMaretYuY3OQ3TFbxRqed67FqFvObiFuSeQOlNtWkaBZJvvGuhuJlnQAjIPY1mMq4IA6V0wiKc7aGLORkuTx6VlX6wvE2TirGqmWGFtn8XQ1x815LKCrMea9HD0TjrTK0sojGU6e9YVxKNxeRsk9MVPcXgUqo+YDrXL3N87Skn1+XFetTpHnVZEsk0s9wqB8YPAqW5f7PE/mNn3rMQsWMzDOOc1Fezeemw/MfWuyCvoeZVmZ63Kz8R8YqvNqJVGVTzUayrBnjPbFY9xIcFup54FdMaRxVKjQy6uDKCem7gn1rLluWhlChd3emqrk8uTznFQyOhJcnDDjHeu2ELHnVal9TOfzLqQqpJz2z0rB1i5+y2rwqxBIweea1vtL20hmjO3B5NeT+J/EdtdX0lurkBD1xwTXfTjc+fzLFKMbGZIEeYm4O4Hoa6S0tYFsxNBKrZ42g8iuat7y1CZk+dT+daVpdQSMBZoEz1zTq3PkaurNrIKlW7VmTTtFwo3oOvbNXLgXP2cmHAY1zKSSxMUmJasYQuYpGNdEzXBcxkZPT2ra0u1hREaSMbicirDzW5XKrmQD0rW0e0FxDJJJ99OQPStpMs1Li4eaNVb7ijkH2rkL77JdlQoCOOhNbd0bp4yluhx3+lczLaRuRyVYe9KAET6zHozo6MC3TA74rSufGgv7YwRKIiy4JHWue1PRpGRREoIPO6o9N0V0DLcqMngf/XrZQjIDprK7srW2DTMBk8nvWhcWsl2Yr/TbkMOoUHrj1rzzUtDvrV/kbeMZxnj8Km0bT9atr+PcSkZPXPTPtUVKKetwPZ/D1ldTSmWVts0Yzx05rnPFFvcz3rxBcuBliTXc6dBb2Fs9zNKTIF5x0rz25123ubx7iWTcScDHWlBMDjriOIjyZQB6n1rN/smYtHdW5DhcHB9q7hWs70yKdsee5rC1W5h0jZh90WP4TmuiCYGnbW921sJ41zxxz3rXsPGC6aUhv13Y9a8wi8T3UF6FhbfEw7nvSX13FesWdutP6r/ADAeh61eaFrv7xNqz84rnE0uGFBHG+98g8HNcUljMxDxNjrgk4rX0XVL2G/SNI1l6DDcUvY9gPdvCCy2cTK/ys+MY/Kp/G+jrsTULdj5h5YZ6+9b2lacXijlJwzAZGe9ZviuSK0xLPOFMI+VSQAx9K5EzRxR5uly9lGEkySRxu6Vm317NPt8ghNx6DvVXVNaFzJ5tqRJtHIrIg1SIuftK+Wx4AXnmtOS5lyq5pTy+Uu6UbGPH1NGlWVjqGoJHfyiNc5LZwcDtUMtxHLCeCT0ye1YiRJLLHnDODwM44o5SGj1rUtG0rToxc6bIrK56ZyaxpLmSMZxhB6c1HNsgt4wqZBHPfaafo+s6ba3qzaixRE5ORkGs1TVxcpJF4h0W1Cxx2pdx/eOKzLrVRcrIYE2A9Vz2qt4lm0vVL9bjS1GzHJUYyazp7SW0g81DzgfXFbRox6mp1eiXMULKssOFbrjr+New6La2FxZvcM/C/wZ5zXz/pWviNysyFsYHvivWbTxVpMVoWhA8wDlQea8/FUZfYA4XxJeNpV+/wBhyGjYFeMnmsmTxLdXJjjv4Vfnh++fpW/PcRX1691tySSaqvYR6i4WEAMp+Xtz71unaKuQz234d3t15aKsCzRyKDuPBFZnxEe7W6eS3yZh/D6VY+HNlrukTBbiIfZpf4m6BfaofiDcyw6h9ot5FZANpAPOawb1EeY2vjHUbBGgu0Myk8buNtW4vFcc+54wMH8xSnW/DU9mqXUSxy5x83PNQaNomj30h2TpGjZwQ4HP0q4xXVEXROutq0bhowCvWuWvpbDUroyCHZJ0wOMmusn8NxW5JEplHOcdxXNG0aG5XYA4B5yccVqorpoF0Yt5EbSIsV7HAJxXHyaxc3Mf2VwFUgjI713+sSRXLx28n7vywCARgHjpXnF1bvFM65x6Y/pXbR1V2UpGposyW5kZpMbehPUfSvTPANhqF9qMmo28Ky+Wx+9wCCOteMRCV5VjgOGbI4HT61+iHwa0XT4PCEEd7ChkCbZGI+9nnNc+N0fqaRhc5V9em0GwS6u5A8sfRV+7ivnDx543Pim5E0oKbMgJ2wOle4fGLT2sGeHTWHlP0HpXyJfuYbkRAZUnG71p4elYZ03hi1mvr77TIRtiOcHue1enw69aWkrpcrjKbSB0+lcJ4WsGniyreXErHLZ5z2q5qCiSbbbjeAMHdxyKqa1M2bt3aw3iNNbKYw3b0BrnJYLvTECKxC9jya0otWu41EMsbMmOQBnH5ValvRcqG28DjmuZN3MznFuZZ8mTk1Et75TDIxluRTtTaO3k/dZAI5HvWdbiTUJlSDqCOvrWgHSYABkAwGHIqokKNIXOc44FdB/Zs8FkBPgNjOO9ZTRtEANwy3QGg0Ov0HUoba0l+3L844XjrW1Ey6jAIiS4brj0rgrJrtFBZQUHXvXTWOrxWUTM6YB746V5tZe+Zk13okdpHEUJODnnr+Nc7rEhFskOMKpJGD1JravdbtbyAJASzZ4z/jXNNPbtN5V2DV099Rrcwo0ZIZJHAU9B9KaXSKJpGQSAD8qvapAILsQROHXG4/jWPLOhPkjnPrXqUTdlOVEYMAgKOoPTvRb6bcSQGRFLHk4x/Wr8MPmA+ZwoPQegq9vubaPbDKVTnCmupSA5CSPZ99dpGeKy5rcrlkY5POBzXZR2jXkpkKeYy8sRzWVJaB53FuNgHJ5q1IDm7e0MjjI5b1qtf28kZ8vPIPFdEYJWYhSSVrJe2GTvY5561rzjuUQSUXJx2rThZpUAcAkDp2xWbt/gU8ioGnMLHk56ccU9xps//9L8hxjBx0pcvx601W3ADGKGcgmv0A+PZICcUqjrjv3qMNnqacD27U7gPJz3waC22m5J685p20BcL365q4yM5RI1XH3j9Pxp4A6k4B6U3kds0LliVPRehrQiwvHfoKflcDPINJg7T6mlXIAB6jtQFhwC4zzxSsSc7e9Jz6YzQxAB/U0CE3DGByadyCaYpIAA7UvOOuc0ASDGAT+FLjv+lIDxj9aXgcVoA8BvTntzTs9qT6NmkJI+g6UAODHFP3859eKixg7fXmn56f1oC48c5oOQeOaQsD05pwOeDzQMTDdCOKFOzJB/CgqOmSMc4pGUn6e1AiTeOMnr2pob1XFMUZAHp+dHBGMd6AJgSetOJ3DcDg1XOVIwMEmpzk8A80+YLCqwADc5pdzN7VGeSe4FKADkAEmjmFYdljyRxTt24bV+8KiBIHI4pvIO5etWRyk4yvGeaUM/Sm5yMkc03cf4eKBcpLu96RmJ5XrTBycg04AkfWgLD17Hv3qTjgg96iU8EEU4DI6YxQFidpOMDrSlyCTjqKhzkY7incEhTnNO5BKHPGO1KrkjLYxUakKSDS/dHrRcCx8o69afnaOeai3nHSnEZwQcVYEu7dgDpTh8xIFMG09BilXrnvQA/g8Hin1HtPQ8mn7SeM80AOzRn3waUAgZ600nGT2p2GOTcuTirlrDLcuY4oyxGM47ZqxpOi63qFxH9hspbl5GIRY0LliBkjA9ua+i/h78PhaS+brLYub8lDCvSMdSGI75HY8U1ExPNvCfwo8ReIpTeyp9i0uNSzXLc/d/hQHG45/AfofftP8AA2ixQzXemwbFgGSzuWKgDrkk812+ogRSQWBidLG0VUEaArGccDke1br6gsdksGm2iRRAZlCxk8ZAyxHHUjr3NV7K6IcjGtdQt5Ibe/u9sNs52uq9WxxtHfmptG8PXR1SXVFtpLUeZuiRwQoQ8rgsMmur0+70i7064jOnWxllZMrKoMgwfvRgjv7YqebWv7JtlEtx9szuCdBsA/hOP0qo0zKUjqR4f1NLU3kmlWvmSxmITzlXYBxnKAE7SOxrhtY8FrBpkaLqcaIsTsyBBmNxkkjB5HPt0rrNJ8UXniPTrzSoLKWOSyeOVVGdxZlYDGOcYHpVe71jT9Taz0Lw1pLPdzQPDeNcoxMcxOxt0noTkg8ADHckCoJrcSZ4RcWlnp8badC8lxF5iysX6M5GAdowOfTmvTNP1aWO3tZYYAsduS7hR5a7iMZJxgk+uK3X0/WNEubHTpNPjdIp0IKjcvyjlkY87lqhqEmp6y5EuYII8+YHGCx3dx3yK39oZHP2SRyzzahKBhFbCcthBzjOP4R149667RJ1MGn23hvTnvPt0i/a/JQu0UYfBbAzgkEkZ/LpWdZXtwLg6zaS7NQkYxgcfMoxtOCPasbRvFqeGSQGP2xJ3+ZBiJICm1VJznerZwMEd89qll2NrUvA13oGryavMLm7Rh51wvlEeWs8hWPcVztZuRg45zW80kxu3tvDtvvjgGJl27W8thkKvqSOeOwNYtpqmox393rSXM5tdUjCvBI5MZ8sDbwSRlJPmHSpJtf1DVbeC1t2EDrJlrgEo7bAV4IAJ5PHWkBiaHFZ6xcXzys8bxyzSmdh8kcKZ2FhkcNjCjqM1l6VFqmn699ihvXFjeqxluVQqHiRS4BGfuk/KeeasalMNPsr2TUIHjluJojCqH5JLZIj5m7sSJAD+NS+D7O/8UXmRIbTTYQrSeaACYFIMixnDAsV5AxQJHVza9qmmaULGHTvMSa2+1SAkGR45TtXaMYymMgdT7GuEv4/ENtqj6NNKLzTL2SMr5OCJoVG4uhx1XJDD+8pB4ANe0PPFqeh2U1lal9TurmbEsgGIrOElEDEYAJPJ7Y59BXjgsfGj6jFompJHZ2OkytLHNuCiNpBkBJOCY36kdu+KFqM0LS+vr03OuanaJbCaYRwFhl0ESjGAR0PU443ZrtrrTZktYLqeSRp5o4GdEUoweXAZT1+ZcnPrWBa+DvFc+rG/vpYLe3t8iCEsXPmEAHdgfdbk5yT7V1V5PBc2dsJb0sfNZZvJbJ2Iccn1BqloLluzz3xF4guNB1a40VUiewEYEiqQFlyOd/owPDD1FctqupapBpULWdv5UdxjbKw4wOw/nn0rf1LRxqviVbvy5LuCWQEpjA+QfekPoT1FdbcYvJrkXKOzQx7lCqPKix6jsPU1z1WdiPH9HtrGfWzd6q6Q2dm6PO5XcW56BQDnJGDXp1lNpFx4hGu6JERbpKQCAVIUgr0PqvX8a4u/wBEa91ltV1B1lMUkbqIcCP5SCFdHU5U4+Yd+fWuz8SQatceK9Xm0VotKtVjicRwoiI4CAkmIggN/ugfmTWSve5SSe5Le6AjaPbJd6opuZ7q5E4GN6u6lklaMY3KQvLjAG4Acg15ro/iDxPok08+kPJbafFIU3uP3bOvykkHIOf/ANXNdbo/he+0HUbZ5/EEV7I+6S0aIEJDLL90ShgxCNypHGO+OaxPiJqI0rSpn+1PbsZ2F4jhfKWYMS2MDj5wcYIyPTpTqVO5CpXeh418Z/iDpVy4kgu476SKIL5aptWOdiQ4JwDjAB718Sarqcuo3Mk9xjezEnbwBnsBXd/EbxLaalr832UYiUAHaMB353MvseP59683sYZNQv1hgQt5hH4DOM15Ned2etRhyov+HdCl1/VYLBMkTyqpIGQNxxk9+pr9EvBHhXSvB+hwaDDMq3pcySCJ8v5hxhvUEDA/+tXDeC/A2heCra11Kw3XM2PME0i4ywXA2jtznHU5716h4cnvzE+u/YVxeTqke8BnAHDFfdiSPw+lbUKLWrIq1b6HX6dqB1m7kPnRwTxbolQ/IGK/xNk4rOnvHvoZLJpt2CRgNkFh1+oqS+Atbh4540mkl+dYxwUz2PHFVUNraWZsnth9pvCXSRZMGNR1XbjrXcjjKmjeGNK0nT9TvY3+0tcNmR5cDYVGdgIHA/z2Feh+ENL1zxgdLt/DthcweeJdzKnmQb4g2Pu9M7f4ucHgcc0/Ctt4Z8V3J0LSpbiKyn3RpM7xmQ3KqGAfqPmIwMck4x1rvPD+sX9ncR+F9KtfsjaaR5qQfubt5ICFd43Vgpl4z6nHWqaMhviyS/0hJZ7Sw/sfWIbWETrHGVtw8zbTvidCUHynBAyeOp64fib4deG9N8KjxH4mlOnakPJdYYpSzJOrjdIjAsSpAJAxwe46C340k1Lw/rOn3F9qs2sanqsmVFwWleO2UrsW7V2JClmx6cHGDWT4tvpdS0jfrVx8msuziENuaB4W2YB/uMOV4HHQU7Aebp4/1jTo7hdM1K4sNNuyo8uI7DK/djtPGeNxBBOKt+EtIv7mzGranDsCTOI0T5Sc8Fzx0zjHzYOKsaRpuk6jNa6dfwrEbclYpCPkCqudxI9QMV6FZXOmQapDbXgfWNPZAhjszlwT8q5Cn7y44XIzU2As3sNtaTxw6XbLdHagDWuZmlcjlcL3J7YrnYPB+r6po+v2en2FtpzWpfVbi6mk+ztZxpkmEgKWIVQ3ybcDknnFVvFGoeJvDlvNB4duIotN0xw4vYWaG8iJY/LcoWByueRt4xz0rFs9X8WeLL6wiOo+X/a8FzFe6hAFKXcAGGjbAABIXYQB6E+lPlYFLwq0l8tgby7jsb+4bfC8GWTyOAVlGR1brzj171savaaDpOiajf2975mkC+jiuIYsbrVyfvxg/LtOCA2MEcZIBxwg0Lwe9gZLbWNg1K/gtfJlVUurddxJKgE7sjA3BcZwDyCB6X4ub4b+IPD9z4hSV9MtpLxNIubaMcvPbIH3hQhOSVGcAgk5zknOck1ubKCKd38SfA9rc63r3iOzuTdyWS6K1smxnubdxzcuflG9goBO7IOBjBGPINc8e+Bm0iSGDw3fLJPI2nbztCLbgDCeaMsZQoGUPTrkgVNd/Fz4X3OoSafPoxW2njht2u5olDD7KSQ6gfMDJgBjgHGM1xXij4yeEi02i6Hpci6cs73Lykriad1CmQB/mUYGMdOhIGAKzlOw1RvsjZ8f/GzStIt9Oj8M+G8SS20CyNLgD/R8rGcIOWGM7jjHAA6Y8J8SePf7Tkl1i/ZYZdm4x427QefrnnJzXn3ib4h3uoJ5bKkUceVUIDnYDkDJPPXk4Ga8i1fXZdSdnyQGGDmvPxWM0sejhcJZ3SN/xR4uTUoXt7AusAPJxgsfpWVoHhbU/EckcGmIZHkYL1AAJ9ax9B0mbWL4WUAYs3J29lB5Jr7p8DeGR4MVGbTiJAi75GIO1u7ccZOOvauKlT9o7s7q8vZpWLvgDwbpHhbRWSdBBJboTPk7pGcHIOPTHoK88+JHiGaO6Z7w+R5sJSIYxhCDjPvk169p2sx2Mura3qls7C1QvI54Cqeg5wOcYFfD/ivxdfeKtal1G8JbPCLjAUdceldNb3XY5KMOdts5+WeaYsUJXB65qA7mGZRvUHmormSTYVC49TRFMwTbjg15lSWp3QjYvxX7ooER2rGMCprbWbqB2ZMNv4+YZrLUAHKHke1SZyOoWTOQaxZdi3e3aXnEbBT/ABDoOKzrhPNhMUX3T1PUjFQXO6E7Cw8wHP1ogmaJXJBG7qPWudmqRZ0jUn0bU7e5icow+UupIZQ3Bxg/nX2V4O8X+AvDfh5tc166EklogMMG4F7h3J3/AC4J3AYx0HP418N3WXI2cH0rRjWZoEilfIHTJrWlWaFWoprU77xr8QtR8R313Hp6/YNPllldYoiV3JIxKhwGI4XjA4rziNyH+bhhUsiOSVHPvTRESpJ69qJSbeoRSSsWmVSQ+fmA/CoXbJw5+mKaVc8kgYFRNkkHkYrKTNWtSTjGOjjv60yTyydjcg9SKAeNuMn1qlNKARGwZW6gilJo2SNKznjjBgGSRyBXtHgPxAwhbTLg42nKgdK+fUk2tvVvmH512WmSXNsI7uFtrEg/lXJVhzpo3oVXCVz6YY/xetIfu8Vk6HrFtrVsFEn79ACynsTWztKffFeDWg4vU+tw2JUloFtIWRgR0NTAgZ9qW1iQXCl+FbrRMAsrrH8y54rDlvqejFk0TYIbPetRZkbLIcVho5LBQMirCKQoVDnJrJ09DWm9T0TTrpDbGMnDe3SvQ9El8uNJdwWRfX0rxa0lmjXyj35/GustdQldEjYkuDx715GKobnvYKvZnvemaxdR3YkikwQBkda9o0zWZJbaM4+fvnpXy7oOqS2ytLLg7uOOuK9f0DxBEuFduJMBVNfNV8Pa59LQrn0FpuqyNgAZGOa3DPEFJU9e1cBoerRSRlQuMCuiS4ibnOK8WrTO2MjftLlpP3jHG3jFaa3StlS2AKwraSKRCiH5jU021Ysx8k8GudMUtS1dTRGQbmyDWPrFlaatpk9oJAjFSysezKMj9az5b+MNskzlfSpFaGZN6N+Herpyu7HNJW1PKLXZBdbJDnB2n2xXothOixgA4AOMe1eYa0yafqt1GTg7tw+hrX03U/PgAfj39a7uTQy5j0uK5R5hIh+70z3rIvvNa6aVzkmsvTrkGY+1XNScAgqcE1FrDvoMwhO4nmqcpLY3HG01qW1srw+YzZPpVHUkVUO0fMp496ZDZxmt7ZbpWRsLjFctqO6NWQHdnv6Vr6j5jOSykMT+FZrQNNGY5ASWrug9By2OHkghdJHYfN61iajJbpaeVJEuT0OK6vVdPa2iBlOMnpWNqekvJa+ZKwHHA9a9bDT0PDxTs9Dx2xcTXUu3IcHg9q9a8J6vcWqm1nJcAZBryO5tZbOdmiU7d3RetdxoWo2saeXIpWZhwWr0pQ5jfAYnkZ7no5Fw7HOWIPFUNVhCgnJPPX2rG8M6i0UsoJ5P3fx611V5/pDeWndSa4ZR5ZH2mFrqcVI5u3nZCmfuk9TWi90scgw2MmuNvXmjmMO7HpUBupY3Vn+ZV/nVuJ7VCR61a3cibTGSO9bKahK06s3yqRXA6drAnjWNsDFdALlVbcTwKwlE9OlI9ItWjuLcuDytaVlJtaNyeR0rgbHUcL/dA5rqrG5S6h81TgCqidb2OkuLwO2GAYGs15JT9wHZmqttdwyXQWU5APFbMlzCgAyCM9KHMuMbNDbBpEm3t90Vv2eoC1uBKwyDWF9qgKAg4q27wNHvBwMVSqCq0uZnQtqMDSrLGAOai3xXF5uHBPauNa4cuAnK10umSQsTn7+OTVRq3MZ0ORaGr4p07U9CNrcyyKyTruQoeR06/nXS+GPEcV1bm0vpNuPXriqb2GkahoUtxPqJS7ikwkHquOW5Hv29K8+QC3l2q2X9uK6HUtsebSiqsJQqbp9j2jVZo0s3+ytuUA155pd04Z2f5cmoxqky23lOcDHNZ9pPGSSW4JrGU7lUcJyRZ3Ml7uiHlniqyXMflPu5auakv/KwuePSoo9R2KzNzms0OnhzVl1C7iwFYqp44JGa0bTWnjhMUkrELzgsSBXEtfCfcmaz5bzyxjdzXQqrid6wUZLVHfp4jmS5j2SEFTkE84+ua7vQfifdeH7icyRrNFN2HGD04NeA/a3dCcYqsLxy2D0rVYtmGLyTD1oOnVjdH0LYeLtJuY7gXEW1nDbC+PvNnnisbRtUW2uxc7wu3k5PGK8xtp94VU7/AM6bJNOl6qNlfxpuscv9l04uSXU9zuvE91PKxik2qfSun1F/DWm6fBcQSLdTzqrM46gYyQQcY/n/AE+cP7QuYDtBP51JNearc2cignyT1pOs2cNbIoScVFuKXRdfU7C+8UvfanNAjFot5MePQdK0NNlZoNRnkO5JI9hU989TXk1qTb/vQdrE857Vst4hKQNGDtB6n1o9serUyxWUIHQ3Gr2VtN5CcZ7jtUWo3S5V0bepGTmvPHuTcTiQcA1oTXSiH73Ss5ViZ4HlsyjfOqOX9apW15+8DKeRVK6uDIx28gVUt5ESQEHrWEmbOmuU3EuGSdmJ+8auyzK8ZzyK56+uI1ChOppk1xLDHyw6VzTOWcromlvIIF3E8VyFzquy5kMTfKfSq+p3+9MRnLViWUVxIXdlPJpRiQlpqYWrXTTSsRnGeah0OKQXIY5BBytddF4c+0BpJc46/lUAs1tWwo6VzzEqsTp7K4keYmX5cd/Wp9f1Ka2sSYV3kg8VzIutkijPT9Kr6jqgYLFG2S3FRGB4+OxEbnJR3F/eCSR/u88V0uj6bNcR4QZfOatadpeH2sNpfqK73R7JLOQcdaUpcp4tbEt6EcGm+VaoxX94vWta3/eqARtK+la88Zjk+cfKw61BKkAXdDw3euKrIyg+rLlq4eNozztpZbGSMLKv3XP8qitVMZLdjW5JJm3jiPRefzrilqdFN+8OslK4I6Vt2bI82JeAKzYHVEXHepVBJJ6CuWe51HTX1xE1sFXGBWXZnY5K8E1mSyttAHShLnEirnFZSlcajbQ15JH3Zc8ioX2b1kJ4Paqc1yS4TvVW7voogN3asXESetiW72qS69ulX7SaGK0Mn8betc/Zk6hcgjOwGtK9CxgQR8CtUrGNR390med/JMvTNc5f3jxjzFOMD86fc3XlwbAfwrCursyKIivWmtSXoavhR7ldUa7jO0EYI9j1r0SeWKRgVGG5yR3z2rlNIsBbW6P93IrQmuUiKoOmf1pVHpYOXmdzSE0hikQcgVi3KM7Bl5FWEL5ZuqtVI3Ozejc4rEt6EU2BCFPBBri9di3t8/OOldHLdneOKwr12fLsMiuqCG31OcWIGNs8ACucmu3CPs6itXVNSWGJggAxwa5V7rMRZTnjJrvoQOSctbmdcTTXClCfzrlLv/RshsEmtuXUY1Dg/ebpiuTvSJkLMSWFexRgcVZnNX0zxR7wP9YSB+FYVsskpO7tXTXEsFzoU9sgAuLeTzFHcjuK5m1WRpFK8BiMj0ruSPNnUN9FSK2ZZBgEcGsSXbtJX7wHHvW3dLiAKWz7Vyl/OY/kXv6V004nnVahju4LMx4wc1mwywuzsVOCTTL6dIysZ5Jp108KW6CHhj1Nd9OBwVanQyr26kjcmEbc+nXishZvNlLEncTznrVq5cxsYpV565+tZEsq2qmZmwR/Ku2nA8uvW5Sh4ll+zQNbxsQzjp9a8GudOnW5YSsCpPUHnNd1ruqXWp3jSITgfL+ArmblSQu7DGu+nGx8fjKzqTMCVZ4WI3b4xx6Vt6Xri20LRvHnHQ/41KtpBMoycZ6jrUsWiQjJMm0DtUVbHHNHRW1zczxfaIyCrD8qyb+6jcbmI3jijTra9t5SsTjyv7p4/Kq+qWTM25B7kVgomRCtwUGc/MBXUeG9UheRoLhSp9R0NcBvUbic7h2re0q8YEQMm1j3PXFaSgB0eqXVxA/+i5KuT071z800rIGkXBxj61NqWps0qW8K8qeSaoXW913ORgH1ojACO98ReXYm2kBXAwOPT3ri4fEmoW8hO7eAeM+9dIz2MsRgnTJ5wR0/OuQ1GzSD94p3hugHauqnBLoNGhLr9zeTq7scjGB2/Ku40PVNV1KZYBbmQ9NwHpXneh2LX+oRxZKhiOnXg19U2cVvolkscaAArk8fNTq2fQTMEWc/2MxXpxgcnNeXXuk/ZLhmhYMpYkGtLxJ4nub1pIraQhVyCVPeuEh1i+ifa8rEeh5ojF2A6CIukZ3qxwSSBXN3zrMJA+SBnANbVpqcl4phI2yEcZ7gVg6hDLG67lznmqiBz8UWG3NkDPFSXDfMq549quGNmyTgCqko+UD+lbAXoLkCA5zuHSren6itpcGTbuwR+lYxmzGsf3TXoXhfwab7TpdW1GUQxocKmRufGDnvWNVpIqMbntvg3V5r20N2yttHHz9z7VxfjaL7feNJcxlVf7voBXVaFrGjW8kGlWsEiqFwuR8v5034nz+RoaTQwqg4O4clcVwKBs4s8KFsLJ2XbuDnI7VYID8EBfbHNGl+IIxG8N9EsjMMB/QVZgNlJ+9WfzHBxtxwKu1rmbpvoNis5Lhlgjyu79a2V0e0tbqIzIzSDsO9UrfU7iOYGBTtU8ZFb8NzJ9shvJm3kNnmritAUCnqms22nS/Zmt3CtjGehFVb2/0jVLTZHEYpB0AFdJ4ufS75IJrRfMI+97Vw9xcpb4DKoB4wtEUQ1YzrbTr+2YS2JyFbgHoaS51mZl+y3SAsCee9SHVZ48Rws+0nionsDfSiaXdz0PpWkkhEdpcwHOW6nHA5rfaxt0VJ4CTKw5GP51StfC81uVlSQmPqc9SK30hBdVGMHgZNYPTYC/YW8vlBo/vNwfc11+j+Gi9zDc+YUYfNjt+NZNrvWMBU+ZMgY/nXXaUJ3gMoBIUZ4PX2rzqlR3M2dVrevS6TYQwwEZI5+nfFeF6tqtxfyvNLkhicium8Sa6plkNz8ojAABOMV5/Jeq0LD7xbv6V0UoNpMDnJ57e7eVZBtOflIHSq8cE6bfs8pbbkg+9NNvLNPII/mGeR61XJuLKQll2fjg16aikh8qLB8Q+INNQRmZ3IPKn0rq9L8Y2MnlNqMbM564HC/WuTtrqG6kZZ0355OT0qxe22lzpstT5ch4OOM1DiuqHaJ2Ot3GkanbtdrJuKjIwecivNbiUySFdxOBwawrmExSGIM2A2Dg9cVoRvGPlByRg57VvTpJIPZ2Op8LwR3WqRW7DKsdpz1zX39/alvougQ2sa+QkaLkgdcDqa+QfhppFs8n9qtG0rKcgEcDFfRXiT4g+GL3Sf7JukMFxtwSRjAUVxVo81S/YqMrHg3xA8dSalI1mctsB+ZuMj0rxdgZcSSHDHgDsDXd6wtpIhaRSy7iCevA6Unh7wfNr1tLcQYSKIkjJyTWjdkBb8NwSw2pYsAj9QPWt+3sEacybd8Y5yepNdHpGlWllp727x5kkG0Z7VRhia3n+ySnAB4+nauGdXUzOvsI7a3hzBGu51+bgHmuE1y1+xgyJGdzcnuKs6vqF3piF7SUF+nTIxXKXWt6ldW5STDE9cVjSpSvqZnP30hc+Y+ArHGPer/hthFfK8hHljOOMkGsG+WQhGlUqoOea1tAEak7GG5j37V28tkB2Gr6iwVfKywJOS1ecaxdTPIMvtI7e1dvJIrIySndsriNWt03+YJAckfgKcUU2a+ka2beNVuJdwyOMda6tfGmkTxmzurdVOSAduc15ZDHGjMevTBPNDphw5Pc+1OpQjIk9W0z+zJbg3BUBIhkKDgZrT1ae1Fv56ou8jjsea8/8ADdrHdcNIFQnHOcitfxC5t2RUbzFXgkHpj2rkdD39BrczbidTG0jjdKevrWOiSSsZFGB0qC5u3klyr/K3X3qXTnUeYspxjnBPBrvsbmtHJBF5SzEgEnn1qzekDaInzhecdga5qY+fcZjPyr2ByKvWzSiYL2JGT1yKpID0TRrE2ujSXcJCmTOW9q86uIX89nLAE9CDya9D1hmh8NmJD5QIyM9xXi8FxIrkHLBRxnmrSA2cTJIfJxk9aytU8yMAsVB68c1safdTMru6gAA8+tc1rE6S8eZhgew61cSmtTGExVfOYDGcZ6c1WeQyE7hkZouETaIs5U84qsFxzjBPT1rpjETP/9P8hsqVIXoTSHBPHNMUqAAe9PByeT8tfoB8gx33e1KQeOeKaW54OaUkKBjk0CJEPO3pmlIxkk9ajTBJLcYqTqMdhTEHTp0xT8IKjGO9KCO/pTTGOORgnpTuA3IyTUeT1Wn556ZrYBxBHvmmE5HHQ8U0EhjinBssUI4HNBgw46DtTwuAMc03g8ClI44GaBDeVyByRS56nOaTA6Dj1pQSMj0oAepXPTd71LkZqJFzzUuSDgCrQCNx70nHQ5p21iaTGRlTimAoA4PSpCQSOcVCDkY6U7260ASBjk7ucU/5cgA5GKhJPUGgA4znGKBpijHbigMC2OlNXzMZ4we9Kee/SsWjNok4B5oz82TUeTmn45pahYcXCnpg0BwcAGmsAW6YIoCqHOT0FblkhbsTj2pOmcUgycHHFPU59xQAHtR0OM80044I704cjBq0RIcn3iDx6U4E4GQOKQDoB3/SnbRzt6CmIUZPsKBkHB4peDyelGCeR2oIZJ6Y60d8Ug7Z704Z5HrQIOnHXNA4OeeKTt06Uv0zk0ATpyAD1zUy8dKiA2j3xUn+7WgEmM804e1IB09aeKAGdGALcn86mVupX+HrUYDkgxruOfyq5badcX8rRxgkKQWx1oAiQFicAnPpXd+FvAmpeI7uNVIhgPMjMchR+Hc9q9Y8K/DG1iiiu9bsrm8ncblt4kZgqEZzIFGT9Pzr13w1qmi21vPptxow0+1t27RbSTjHKgDnjmnBXE5HK6UYPCdmuk6IrTSLkIxG4kk88gc/lW9Yr4nt9QhuYbSPy8FtkoKtk9yDjiuo0nTL7WbKBrW0WJrq6KwS7ArCLdsBIHK8gk/St6/8J63oV5FcXM/2uB8gSZO8EDgFT0B5xgn3rRo5mdlYXNpf+HhCkeNTmJ88FQYUUEkAZBPTFVrLV7G9ss2UcextyzpGgQnbnBOByOc596sXFlZReHjMt2oZ4VZQBxI54ZQcjaV57c4qp/whmieFIpY2tZrjVrWOQmUKwADjK703YGAVGcc1tCBk0cM2oXUWs3N3DavarZxKwkKF0MbEjn5cDJGBzk9ua9Hs4rG8ntbw6eIVuIzMLk8xh3GVG09QcnnqOKg8MQa/4l0kG7t2gsZikLs3EMnlEMATg7WBAOCcnr0qfwdZ63eS6dqutyRLpVxdxuElb5Y41bLKwYfdfG3B4HfGTTegrD/D+ov4dv0EsvmwSsPOhU4dducYOOoycevTjrXQ+JbrXBqsOofu7uHUVC2iwZDqi/eWXIGDkk5J656dKqfEfSNaubHU/FtnaBLdd0aOpUER7yiHAOcoCO3TrxzWda+JdO12GxurMiDUIY282Fu77Nr7OxGeR39h0rnvqBylz4r8V2kF1Zx2sbXPmuqySk5hVuhC4+8OxyfcVy8Os6xNeR2VwrOgd2kI5TzO4z1rs9PvhJr1v4h1a3+0W1kJDNbgAvIpUqMBsKeTnk15ndzapc3ElrY262Vsv7yUsSHB7nI5yevStlE1uktEd7ZW4fVPtmpyiO1wx9NvyEAEnph+axPENpDFpitcFNupTKYjGd0aeWNjuz9Ocit2XUrPUtbvLxCbawmUCNWA3BTGEJbk5y2TXnt7cLb2P9nT3EjmQOqJg4UNwQcnjk5p8pMWeiak0ei+GNKZwZLpwI3YnOFjCpI5AJPzMdw4rmpodbgmMcsG4wHyIghwGXlg2ScZarug2+m6HBpt1sS6WSPcyYypZkKuh4I3KTk8VVmttQutNhtbh/khZVcq3zjbyp5HTt+FM0ZqyaC82vaWupXsM1rpiwx3UK4kJlzvbIIBKuAF59Dx1rrv7O0i306aS6tTb6UjeXHAnLnL5DsMk/LnkflwKwND8AaUlrcXWozzzTWymQKhCtKJOSu4jgx9h35qS9uH3JqmpM0814WKAYG5IlCHIAxkcZq1HQwOv1TXj9sZ9IULLqTxfZtqlUEWNjOy4+62Dnj1PauYa0k8O61DZeINyQu006I/zR7LgnaikdYsk45OMY4A43NO1eC50/y44XiFovlw/Jkgy8naTjv61gauNQvriKBo2u1tsRo0pOYlY5OPTntVU0B2dxaaPc+HYNN0udnk0u2mgkRvvGS5yy7jxlV6JxwOO1eS6nLL4Y0S4vLCBZvJAUxg4ByeegPQ4rqFvNRXV9U1iLy7WK5lEXlqPkxCuwOB78n8a5W8e7vJbieB9iiP5T03SZrCozopxsc14S8YatYpPf6kqPczs4SNThI1PQbeSQO2T+Nbtz43vLSwiMwV5NQimiuWVcIFLYULgkgkDnP4e1C38IWhWe5nfznIV1mVwW3Hqu3tz3P/AOrKhs9HusPeXDR3cN01utrvUbmDDDMpBO3qCemR1rOxZ67pvis6xo1ppuk2n2G4gtvO3s3mCTAGDsKjB79+vtSahOLyxD3Nwl3dSx/O6ALIoU9/QelYsr+PZ4tKvWcJpNhJ9keWQJsgR9qjc6jIToMngZrsJovBNhPNpPiDzDd31tHC12CwS1mx98bdqtGSRncMAde+IQpM5Pw1aWttcvcXFgbuHy5GLM+0mMEHcSO4xjFfL3xv8cNFf6nBJFshvGKCHeSipgYI9W24ya9915Lb+zL7SI72PEbFXkEo2gRvzgjs2Pxr4F+NF/pz6rbRaXK8qIrrI2cq3TAHqAM/WssVsbYT3pnj13Fd6rqKxWi+dNO4VQMDknAHPFfZfwZ+G2n+G7OS81No5dYuioieRfkiWQcFWPGT69h35NeYfAH4aXHjHxLDqTwxyWFuCSZWG0SLhlG3vnGPxr9C9W0GxsPD2mWcVtCs0ZkEzsqgRw72C8AYxjjrwBXNhqX2mdGNrfYieYrYXlxqNxpV6kFzcWsBeKJ32mTIPCD+LheenWumi1C08K6JHDcaN5cMhNwd0vmMMqBvU8kD5eB2qnYvY6VY65c6fpcM7Pm3in3fPbvhgZIm+YlWDcdM4rzbUmFrZ/2bHK4dlHnNzlgeo74+ldZzUzuLPUH1q+j1uJd5mUomwZBUH+Y716Po1ppGtra6W9nJp+oJIWS9eGMpJL/CjEsGYEEDHAzj3ry3QfC3i+aS3sfC1v5lrPG04C/K6rgZZi2B82eOeTx1xn6Dk8MWniC5Twzp16NBsfIMwmuoGaBpMnKPKzAqQOTknj3xWkQmec+PvDtp4K8SWdz4QsXt/t6FZbOVAsNwOkhhdDgMMAkHp1xj5Tp63deEdFutPs9BhvbjXLsxn7KWXa3nKw2xyqoO5WwB8vOa9ZfWLr4f3tloOkXFobO6ybW5hmF5as5GDG+fmQFuDjnuMc48VgtfD/hHxxfavd2tutzOjSWUJ/1UN1uzuhBx8ueVHVeNuOKogdrn2Sz1BLiK7mvZRHKjtcgl5Vb7qsTg5iIwMCuOurC6urvTr+7uXktIpVRrdQQoXOSCwIPNV7iLxBd3kmtavMZInfMshJ++7ZYKBkDrniug0a0iutTcfYrvV4CoV47YM2MtgOFUHkD1Facpk6h32r6PpVtdaPrWmb9Rggh/0ldMdZZFyB5SmNyMkFiGGAcAn0rc8MWPiC0s59I0kwabb3eb6XUmdY7q2QoxEdxHkMANhHXaCWPY487s5JvD0Gu2OrzMmnQxs32sFo7i2lKAxF0U+YUyASuCAwB9a4+41zw/dx2N9P4jS81KzhaaeOzLCS6iQBxHMjKCcqAp3fU89IsPnues6R4SRvEWl6t4y1SAWl00k0l5CwmtrryiD5ROAOSuGG38MkY83udf8D+Hov8AhFNIeSLRtS1i4vFkA2y2Zi4iCAcYcbfdcZwKgm8U+A7XwTZ6VbS3BfVpG1c2+AWtJYlZPLzx8rgfJjPGC2CTXlfiX4xeBdRZbXWdNnnbULptQnaEkJDcSlgwAJBcDJAHTBHes3Usaxg5FvxR8Qfhnr0y+IZI7si+lMoG1V2mAhBwGx82OMnPsM1h+Pvid4eus6lp1tNJcXdzDeyKieWkRjjKKBuAyw45xgnJzXnWv+IfDOq6VDoHhq3Fvp2j+bKjzqBPKZSXk6EjGcYHsM9AB5Rq3jq4uy8FxCoB+X5R1A6Z61xzqvqehCkiz4t8bQ61qcuqCEIHUKA4ALNklmbae5P+eleZX+tSS2zWx5Zucj0qtf3MMkx8v/vmufkkJkJbvXnV6/RHZSpdSpdTu3ydc1UtNMvtUu0s9PjaaVyAFUZJLHAwPc8Ulw5JLIea9v8AgXolnq3iSR72UxwQCOTA5dpEPyKPfJzxzx+I4qcHOVmdk5+zjdHpHgj4ajQNEWS54vbmVBJGy4ddvAJPXb6DHHPrX0bHdvFaR6RFD9pubgZfaC7YTkHFZE1xFpOoGGWBpUI/dybTlm+hr2bS/Cllb6IPGmrXo01/swubZYomnMkW05V8Dgk4HfAyT049SFJR0R488S5O7Pl343eLZ9O8NQeF7VDCt5GrXIYbTsO47c9cfL6elfE21OZX+ava/i/4qv8Axbq8moToqRMMRLwdigAEZGM568+teFXEmUES8HPNcmLlqejh46IiuH4OzKZ9+MVUjf5hgZI9KfNuEm3O72NIgAkwq4NeadljTtg87+REhLseAOSc+leq+Hfg/wCJfEcJmZItNg8suJ7slYyRj5MruIfnoRxg5ryiGdrSSO5BKsjA5Hsa9g8HfE+6stVtrCeJpY7i4jBzKUXDsqsSCCOnetoxXUwm5dDl9d+GfizR5IbnWLKN7SYN5dxbypLE5Q4OGBzn2Iz+uPPXinE5jKkDtngj8K/Ry70zS9du4/h7YaHcX2nvdRyqLUlr0DbiR1xkNwTjd0GM1lfHr4LeFPDejQeDvBK/2j4gRvtsks6ot1DAEKqjbQm4MexBbvjpU18NFWaMqeKalZn5xTyEXJVv0rVil8xAhG2s9rSWa7CoPmJA9fwr6L8AfCBPEd/A928y6XGFkuGVD5jDI+VC3y5bnB7YzXNRoOTsjtxGIjGN5HleieGdU1aWAQQsIZWIErghPzqtrtmulXs2nuwZoTtJAxX6hp4Z8BeCLbULO309H0gO5imvCGnwY8N88e0HGCQT0HpivzF8eXcOo6/eXtuwKOU4Axg7RmunE4b2auzlwuJ9o2rHGNKSCoGR60LIFQbslsfpUQYxIUcHnpSglDgttWvOaPUsICQcgkCmFgc88092ZQUGQG7kVSYGP92TyagRYjiR5BgY55rprUFANh4FYFlFL5mX+6OldDGu3j1NEAkdT4c1KTT73zUfcZsKR+Ne6xzC5j81SDtXkV8xD91crPDJ8oYE16j4f8TpHdi1uzhJAMHPrXLi8PzxPRwOLcJWPUgA609cbuelPMQVVYdDUeAxwO9eDKPKfWwnzK453Cc44HpU1rIpweSuelVW+UEEZxTYyUY+XxntSaOpM6KGVGbcvBrRhnw6Mc8GuYikMfJOBV7z3Cq6d64qlO520ajPQNPupILoTxthT616tpeoWsoWR8h15Ga8L0q6aZWWfgCu+0d1uiyBsNH/ACrxMbQPosJiLo+htE8Um3lEL4MZAySe9el28012A8AynU183aYq/u1Zu4JzXvHh7UIxEEjbcG/pXzdeie5Sq3R2FncmFgwb5sEc1YS5m+0byxKg1zFxerb3PzHJbt6VprKzwmWME4GT7CvLlSOltWL9zbxSymbOAayhcLZEyqcpnpUkV8XhbBwQO9cteu/nD5hzzjtRCNjCb0sc/wCPLJ72e21OI4Y/Kw7EVHo0Pn2pkRyQp5C9ua3dVaG70e6gA2zBfkPYH1rxbwvrV1Z30tq0j4ZioA6delerRjzROFyaPaobnyZlCsCScYrso0SUDz+fevFbjUfJuoc/xsK9JtdZEjqkXRQK5507Gqlc6RJvs5wOQaz9RnZY2fZnd0pwmaTLkVlXd680RjHG01mTNXMzU0LsCBxtBzWHf3iQtG6DBwBWw77kKv3FYt7YrJbLMOc8fSuynsTUOR1u6a/nCnO0cflWLfPcT4Q/dTjPtW3doUJXbjaM59c1zOo3bqQu35PavVw2x5OK3LsPh6G6iza/vZWGW46D3ry7xFY3mn6itxcgxx/wn0Ar1nwlqNvHrAidzsZfnAPBHpXVeMtDt9W0t7iOLESA49RXoRq8py3adzxLR9e2S7kyEHfvivUdJ8R2srAl8P2J618+eIpl0aFbK3LGXq5749KXRNaMkirICrcdTXV7JTR7WXY9wfkfQFzHDqSyCPDNEMg96zltvOsjx846+9Y+i6kgZ0dvlYfjXW28sO3Y2GGM5FcU6dj66ji1LY5yyE0c2RkL7iuliv33ASjA4xise9kliIKDC9RxV6w23aCCUEMeCazsexQxF9zdiu5CrBWxnpXUaJfNBGYpG4Oa5jV7aHQprW3SXzkmjDluOMkgD68UyC6V2O1ulTI96hUjNXO5huwJgd2MnOa2kufMcAHOe9ecRSTeb1zWul5MjgscbO1ZnVY7i8cxshBxg1a+1M0AAbg1wj6nNK4OcL6VpRXRKryaDW3c12u3QkA5ArTsr8hGIkwcetc27lkwTknv0qGK1u3LLAhkJ9Bk1mL3XueiabeNljkHPvSSRyG48wHB6jmuS0x57R8TKVdeqtWxc3/mOsrZXtx0rQ4p0ve0Nm7uZkjAYYyKzLO48tyCcc81FJdtJGBIcqBxWQtwUZtwoJjTNqbUC8pGenSqqawrzmF34FcneXUvmNIhworBF1MZt+MYPWix1Qwtlc9KS8C3ThTwelWpYw6mQnGO1cDZXsss43HBFdDNfsq4Y5ouQ4NPQ24nHCsaRwqfeIANcvDf4LlyfSrJvAYwM8HuapF+zZ2NlKIeVOcVLfamrTK5xuWuJXUTFhUJarVxOsyq78GrbIlTV7nTW9681xt4Jb1rqvIkjsmLtjPPFeX2Lz/aFePlUOa6S81uVk8rOBiqMq1NtrlIprrDMmeawr24ZlAjPSqN1fMTuTgHqayXvy7hF5rGcpNnWkonW2cu2JQ7ZJomu1QlWPSuNk1J4G25pv22SSTP3S1WclSxutcEEyL901TnuFRlZT05wKzJJHjXzGY7T1FU3ka4JCnaB0oOKTNSW7M8qZbbzT9Wu9sChT04rNtLZ57lVjPzLWpf6dc3LBB0HJqHZ7nJUaT1OYggkvLkAfLjBPuK7zTobVB8y7iKzLXT47Q+YOWxzUtvKFbLdCayldbHDiqytobFyY4onaIbRiuFvZ8s2ztXRalqtnBayFHBOOR715/axT6lK4SUKBya57u+p5NTFcqK5vkSVjIpPH60yztJZ5/MxlQcjNbFxoLxzIVk80cHGK7WysojFsCBDjjHrWknoeXUxPMyjDJI88ZIy/euptTIi7pFxmqlnp5W7jV+CTitm4AicwscjoK8+qYF2O7NyohfnbgileF1kGRwOaNIaCK6hZxlcgn6Vu6k8Mly/wBm/wBWMCuaaJT94yZZFWIFOvpQbp5UAztxVeZHaQbDxVdyIsEc1wyep6NGCNiG9wAAckVrwyM7Y7GuVj2lg3IBrp7GZREVJG7tWMnqbk8jruEefyqmIz5hYnkdKieX9+V7mmtM6SbcZNZtCbuWSdrCRjXO6xOskiwpnMhxx2q9Nc5mWLHvVJNkl+MgEL3oSBOx1GmTR6ZpKRuPmPOe9ZV7evI6sDnNVNZlZEj8s5ANUXuFWMSelaNGd1uR3U7b8g7geoNQwtNPcxKi8A5JHSuffUWe8aBuh6V3nh6SFZDHtzkdfekkZTl1OwjD/ZlBGAK56bzGuVByVBzWxukJKE4AOMUmI1JyOlZ1i6LJlnPk+Sq9q5m6eQAuPWtyXGMxHmufvnIGAetTGJq3cyJ7zyz8w5NZ17ckQYU8nrSTLvc7u3SufuX2EhnrspIiq/dMPUCkkhjcZyM8etcxdHyiUXoeK1L6SRHL9AT+lcdqE0ksm+NioXg169CkebOditLFnv3rHvJlg2rnkk1akndcqz4HXNYd0wmcsDnFetRpnn16pjsoSZpQ2d2agEkcbb1JX0qCaQI7eZxtFYBupJZcEkKprtjSPLnM6Jp5ZGBJJwc4rD1OSOKVjJxnpitM3IFsGiILHrnrxXAX199rnYNwqmuynSOKrIrXrF5ty8571NHdxKuyVQzkYqlJPHCuwYbn17VW8yHJJBya7oQPNqTJLyRBCBK2NpJz3wa8q8VeJI7dvKTkH5a3fFOsi0jKMwZSB065ryO5hS/k82dzsJzgGu+nCx83mOKvsRrqXmzMUY46ECrrvHIF3vgj8jWctrGky/ZwzZ4Ip9+skabXXaQOKObU8OWqJncRjzAw9RzToNdWPPnRgg9K5F5JsAMeP506AGRdvHB5z6e1bOmjnPQk1CzlQMsmGPYU6bUlddoH3f4q5aPR5nT7Tbr8q9s0xhPFg7sgdqydFAakCfa5mbBDk8Zrs9N0l7geZwWXgkdq4fT7wLKNzbV7+1b0t/d8Jp0u1e+O9PlAbqtuEZlhId4zy1cpe3VyqhWUlD/OuqudPvJ4CwI8w965SU3UfD846irjECs2rwMyxNAF7YHapWtEvATb89/pWJOq3MxBGwjnOK2bO0uY4w1tIRu4OK25QOv8G2Jtb0S/KWXoK9N17UnttOmuMqZcHbk81w3hXTVVgZXy319aq+MfPtJUXOVBOM9KxlC8gPPLtpZJWm243HJqmxx9auXFz5gChNpPWqi4AJx710MB9vL5cgJODnr6VbumZ1DBt3v7UyC282IyFAwpYigYCc7QvAFZgUZDGB8/QmqLmJGDP847CtvUrSAwiSKTnrx0rm8SKxXAz61oBJI6tuO3GemO1dpoM923kyzM3lR8begNcMrDcVTOT+VbCXlykaoMjYM57VMo3VmVHc+s9P8AF2kQ6Q00dv5jRAtswB065+leaX/jq38SE6Y8SokrY2gnoexzXbfCXwfN4h0ae+uW2QMSvQDccDP5Zrxbx14dGkeKJ/7OmXCuRhc8EE5/lXBSR0jX8LRXdz5WnHfjstbdr4au7HEEtuVLfxHmsHSNZuNLfLodz9673TfF8Mk6w3G6QmqYzJ1dn0nZDHGgc4zxnivQf7H0xtMhunjDllHTqMjmvO/FkltLcb7UsjOBhfetXQvEEsdk9ler5WF6sOpI7UNEwYy/l0y8/wBE0lMsuQQBjpXCaro81hOplJfdg464zWtA9xFfyzafwXORn071Qu728a9Z7hAhxnnvREzqsyijow3LgmtA3U0caq6BVPGe9VJ3EjeZwDVu3/fEKy7uMVZiNl1K6t1UwktHjnPpVnTtYgWRZZ3ADHGKne3hHBXtjFZNxo8dw22H5D2qJRuB7Jomr23kJtQSbjgA9McV6Fbalp1haNLOghBBymO1fO3hSz1fT9ViQIZ4w6jnOAueTXs/ip7ZdPQ7BvzxXGqSvYmR5b4uFtqU0lxbphTjp2Feau08Sm3YnZXYPJLuaTdkk9B0FYF7IEVt65fOT7+3Nd1KNlYiWxzTSyQsHiJyvvzVttR+0pi4O4j16is247GMcnqKjmQOwQttJGeldDRRYWCOMsyuVzzVdrohtw/WnSBzEVGcris2aMgjdyD07U0hocGR5CZQWzzmuk0zS5L5Q8S5QHoetcu0TEck5Bx1/KvWvBXh3VpLd7p43EeflIHJqqs0o2G9j0XwxPNodj59rxEgI8vOFJrE1HXbPxPqA22/lyINrDrWZq8V5bRvEwZIycnqKxfDsk0FxIz/AH2/lXDzJIOYm1BAbj7CgOz7pJ6Zr0vStDtNC0f7TDcEynBCjp71R0tdDvLuO31NAhkPJ9663xDZQWoiFpxE/A59K56kxNnNDVS4MiJubvnoKrm5EzPK6+Y6jipJ7WNoDLB9zuB1rCOpHRMuqrLu5+audQuzNs5ifWDJM9u8ZQg5ORU/mxeTviBY4zwO9Z9xfNqtw9wYxGSTmobe8aCYLEN+0/hXZFWRJn6hqk1w/lSr8i8575qlpckhu9ofCA56da2dXtZr5hdIoQ55A6Vn21nKi+ep27D34ya3WwHfS6Vcm285cFf8a4TVrdhIATtbnv0xV+HxPeWdsfPAZATkisG61EXkhlDb89B6Zpwpsdi1ZWkohZpOWHK+9Yd7PKJWBOCDjFb8l0YIsgZwMA+tYLlbybcw2Ec9K1sXSOi0/wARS2lolt5IIXksOtSS38GoZdFKs3BBrmkQMdpboceldDa2weMMhxnPb0rJwApLs6yHaFPTvT2n2jbsG3se5rLZ5WuHjlOME4zxV62mG5GYA9iD2osWmalvGWh/doyk5ye5q7ZxlbmLg5BHX1rTtvMKCWOLeEH8NUDLJdXLPFH5TA54PoaE9WM6DxRrcYsYbK4Tc7nAI9MV55JbOvzKAoIGK354/tB/0g8g5yRWS6Ym++SDgYanBgRAy29t8v3VHNctdPHKzOp3HP5GvR7WFI7Yi5AbI7VxeoWMe8zQgBWJyPetYS1KucvxIdx6r0pYwc7lHIPSllTytwPHNCRgqpRyCehrrb0Gz//U/IBeCKepOOnSoieQPSlzwO2a+8R8gyQKvJPGeafkcDGStRg8+tHUE5wSa0ETj1anZz04qIHHfNOHHQYNADsnOOo707imAjpSjjrQA7604cd6YPzp/wCFdADDxznGaXdxjqTSdySaUMpyT16UGDHAdMjFOC89aQHv1ppLY3HABoEL0yc5pwIOQ3GKA3sADSMWx1zk0ASrgcHjNKSOME89ajUg9DnFOA2nrweatASAD60u4gkGm7lHPXNJkH8aYDiGA4GM0uTx3pNwx81ISMgE0AOA6+1M3jOAetKW6jNR/UVLYEm7K4BpfwpifeK08ipC4uaUE9KTFAoGmKCxOHPSnYz93ik4xxzmjGBjPStBCg7TtHOal45FR84BpQSBx1oAXP8AD61JwOFHPrUZ3fLjk1L83A64q0SxVzvAPenqME/pTADuxjPvSkbiM846YpkjjwCcfhTlJzwO1M+8PfvUmeAOcUEMXGBmnAd+tAXPXmn9Bj1oEOHSpAOPpSKOOaU5ByK0AQcHOeaVMA8DJpw2lS2MEUoKnOTQBMvPX71I2cgZNWLS1muIZrhB8sXU10nh/wAG6r4ivbW3tY97TSBQPUdT+lAWIvCfh668T67b6NAWhEwLPIELbVUEnHTJOOOa+pfAHwp0fQ9WtNV1XUDKyMyeSkZDFcYLMcnBz2A6fp0/g/4dp4NvLFVkSaZiEYEbUjVxydx/n6fr6xEBpd9LcyFEl+4WBBG3Pr6GqUbmNWdtjz2+1m2g1iR7CZra3UBGXJXJAOSRn8Pwra8L3Z07WoXYFbxszW8xBIIZeefXBruYdP8AC8tzH9stbTVL9my8gxLES/Y546ccqDxVeCxg0zxEmoSxJ5MBkxgbo0WQEbQvQDn0rohA5vamrrOr6peXdk80LG9lm3rMXwu3P3QDkADIPXgcVJdajLc6g/hrVpzaAOPMk8vziPk3qy4yecgZHTJz3qS/s9R1jV9P0y/zZwOzCNvLyAJFBUgDkgkAcnjOelZWrfY9KW5eK482ZY/KiPRt8ZweRTkrh7Usy+EdLsbk6lb3HmWzBdwmG58k4/hUDB7cAitWLXNanubyWN1We4kG9nUKzw7dhjHGD8vA4BrPj1Sw0HTjfWm6SaQHMMvzYcYLdAOnck81meLZ9duvDi+Pr6Yx6YsixCNEC4BO1mB643cEE5FO4fFI3m1CzsNLudNjlWKz8wG7TOVlPGNvX5gQM7cZxzVvxN4y0vS7a08KQ28cIQQRXWWPneaFVtyg4A3DrkHrxXk+p+KfCxsNA1GCc3VzJNIBbkEKVKkMWJHY7SDzjvXA+K9R0DWtXuJtQviLmO2jMpwSryqcEA4wSq4AwOe1YuRs6J7b8SviRoEU1toEV4BcfYjEbbcWLy4O6RiBtyVbPqQKzLjwofBvjO1SbUYb62YOy+Wu2TMSjG5MkcscAhjuAPSvmxfAeieK7ee602SZbu38sIMgb2LDJOQQCF5GO+M177YazYy639p8RlhcxgOGYA/OmAFPGMEDn9euaSVxyp2O00ttc0O7bUW0+2uUUssUcxOSCGCNxkcZBPfjjB5rzLV5NUWSe+cQRXSsrTrKxXzt5xgKO30I4pk/ibxFqXiVr7zTY6fBCzMpbdHCipz0C9SPTPaucvG1vUpbLxrqksdrYTP5keFGzdEwUZBLHGQBz17DnNbktXR6r4g8N211aW90iCzccShWJA80A7gSBwuCOPWt7XPDlrqt7a3V5YNmQGREUELKija4ypyCMA15sjHXJ3trzU5S9zu3yyDEUSD5sLzwMj9a9m0ufVdN0iyu9alCTJcSP8oG5XlATb8pxtdVB4pN2JjGxLaaR4VtFI1m4ksk5kQQopSCdl2q8meWQgYOOc9SByOIu/Bms6Bdfa7x/tVtEyFyqkAMWGEPqpyAG98ccZ0GkfXbppZVa308XTQmWUgCNQMhGHYdOegrI8UeMfFnia5k8MaeAIbXE1xMPkZhyAMFvmXHI464PYVkk2yje0+/k060u5tVgbdcyyzcffWPgBdp9AODXZ6ffW2q6S93o9r5Lx+XHbyXPCuxxksoGQQOhFeJaprGqaJHG0d6UngiUQdJCUY8q24Hjr15rt/Dd7BJDpmrSO1xNLMzmA/LCuBkleMrg44PFdcGc/s3cr6mdfvr+PSpbkJMHLOUxt+XsCPSuTj/ALf0jXpptUlZ/NUkSGTIfsuR7V1Vxq1sdTE2lzBPKLNKr/eHmcGsHXE8MrarBYTs9zKc8qQo/wC+v6UnJm0YnJza/b2el7bxGzbkjcBnLH1q9b/ZNSsVhtpJFmdCxA4OCvb6VjTrbTxi0OJZS+XRhlAo6En1rd0y5TTYFFjtdYQd1wwyPMYcqPYCuSb1No7FPQY7m7mK3Fq0ZhjzGzqUf5ehIPWon1CxtNXNze28epagB8p3qREV6EgA8/5616Pot9pOp6Pa6fZzt/bflTRTysAIfLyxQA/7uMntXnT6xHp+m6iPDWbW6EDMZoYo5UlI/gbIPXse3XtWLk7mrRmv43udQvW0y6vX06zjZDIIS+2XByBIoJDYI4yMCt7T74x3keq3UPn6SZXMNwTlDvbcSR1DKAflODwcdK8qstE0+S0ggnuz/aM+HUJ9yOPAwJAQCG3dcZ7GvefB9x4cvTc6ZoenGDTERpLiG6YFJGAAZ0bLcqcYY4OOmO2bqWD2bZxHxXh8Bw+FY7/w9BG+ratdNHO7TS5RDmRnWInaAcbeBgZ7dK/OLxZex6xrUyWakxkiOI92IOCfzr6f+Mmp6tD9msrJla1jiVwQM4ZyQwJ9MYrg/gf4X+3fEyz1jVDG9jpge5d0JbY44RsAZO1yD07VzTk5PlR10I+zTlY9x+Bnhuz8L6VK2qz3Fu8kcUkMIHy3W4HexIBIw3QfLXudlr+Un0+O4j/0aKSaESkYIU/ND2yT25p+nRw3tzPDeX6TWOSBKhIYDopXI47HFSap4eaC0uTq0FtFNZxKBPE21QxAw+cLktx1HWu9LlRwts8vvr/yrabUNn2SN3wqd/oKnj8P/wBph0s2efyY0mV1H3wwBOPYZxXP3Yt7h0t2neZITkn1Br0Hw5p8nhyJY724lt9St5RJaxspkSW2bnblePXdk9MYHo46lt2NDWW1HQ9Ik8KaTqNnqSahFEyAzZmRVOTGMbQPm7c4UdKltNZ0zwlaS6BqaXcP9oeXLFd2MnnpC7DYUdMr8pwScEk8cV3uqPoNms1lrItYNQe2+2WM0lphV8wMoVyoJU7lHU5AB5rhPA2n6TqF83j7XwLKeyaSKTy3xBKVUYkIbIGMkAdzirIJJdD1rwxrtzJPKk9o4WWNogRBIT0kIOcOQMN+mRgnCutE1Dxx4i095U221qW8wudiLyDtD4PPfvXcwpJ4svRqc07SWsW4R28Yb5lY4DHB9T6du1Z3jfxBp+gaN9hYReYjFbaCEncX43MxAP3c8578dTQZ853V14W8I2eh3NtpVjqE5sVMss5dJoBcMuF3/Ku6NSME7QcckUlxqep6X4Dlv5RbaRcoscdjdbkRbmXzNhUknqAG25HbJ4BIZpfj7xZqui2+sfD7R47K2bdC9rcHKDcpD4DOgkUklQeTntnp13jL4ceH9PtrjwZ4x8SQtp3iNoTphZlEllcxgsSQQFwScE+mAWy2av2hDg3seFeJZ9DiuNc1vxDrkQu9Ps7WHVLDGPtM1wNu4fMoPBB2hMAdwcgfOMtz8OtCvj9p1WSC40gqI54yJBc+cgYglVYEKDjGR1PXmuv+Lmp/CjTEfR/Bd7NquqTLFa3jAYt2e0YDzc9MsBj5c8dTXyd4gVZmyLYCeduidABWVWtdM6sNQ11O91X4jWVpa/btNg86TeY49zDCxjPLYz19BXl914ha7leaaBIkblFTkD2+lc9cx7Ijble/A9KxmVom2u/TtXmSqNHoKkXrvUpJp3I6YxxWTKcD963L88mmTyeUwKr+VZN1cM74K5rlnVN40kRysEYkHd71mzPk5Per1vZ3moTrbWEDzyscBEUsTzjoOa9E0T4Z6jLf28evobRTl2jPEmBnHGOpx3H51zcjkzf2kYrU8203SrrUbqK0giaWWZlRERSzMzHAAA5OTX3l8JvAy+EYbaC7tftOrMolMTIMQuRlmLH+JQABwMe5Iq5oOn+H9D0C3t/DenCykmVHmmDl5HZQd2SeepP0r0TwFFqeuSXNhZzSNf3LbIzjLbAu9iPXgGvQw2E5XdnHicXzI7fNlb2T6hEfkyQjyLguSeVGD7VzPxH0/XNA8HnXZLvNtqNuGg+zzuyp5xCsjKdu0qWG4AY6jJIIHsHhrw3baneGDWbe5Sz06UhwWEbJPHySFIPQE8EV83ftIasNQvodLguLi2gjaTELfujJjZsLovGCuGX3Oa9CcUlc8+nPmdj4O8TXLvfPE4yEOMZ5x1riGTzGllAxjOPWtPU5d97dyNnduK89cg4rFlkbZlSTng5r5yuz6Kkiqzl2y3NSwIGk5BxioNyo+ScYqxG7NcL8xw36VynQy5KMqARxUdjdpYXaXEsYmCn7p7ipZZNhK53AVmylW+ccEflTciYxPoj4Y/GpvAniKLXi1y8cUbQBEkyY1YAcK+VK8Y28evBAr2XR/F+knw5eeLvEt0L/AFXWlkksngkLS7skYmycBQcZB6KMAZOB8G7PPO+NgAeue9dD4a1OW01FIFkPlF1BU5KYyM5Hp9KpVujIlhle/U+svhX8K9GgaDXL+P7SzuZ40YjywqHAEikchsE9cEY/H2LWfiT4aghsfDUN3HDFBDMjujrHDCWb5Yx2GMHGOBkepx8veIPjILPTptK0yDc8ICI+/KAA8AJt/h+teA3OqX+pymWZzjGNuSB/Wu1YuFNWgtTGWCdR3kz6Z8afGCxj0q58OWdz9rgFwzghQ3VNhO8Yzke5r5XubuWe4kc9HO78+ajaFgPv7gPXt7VWkPzqAcV51etKe51UqEYbE7yMUVWOQOarlgCScgf1qZy4CjIYEVXcEAFmHsK5DsRM7sVyzbsDiqwBJJlx7GlO45DYxjipYoRI2GyAKVh2Nm1UIi55q2cOx2nkdKZhdoIHaon2smX+Ug+ta2IEaZV+V+N3PFaqne0ZjIZlwRisFWcMR1B/lQjyLMDC3zA9vSsmiopn0R4X117hWsbv70Y+T39q67JI9CP1rw7RdQbidP8AWQH5jXrGi6xFqduyEYeL71eVjcN9o+jy3F292RuBgRg8Gm/KBnpURkGdq5FLuwcHIryWj3YyuW0TcmTyDWyluI0VSffmufWaSMEBuPQ1ZSQy4ZnO70rGojppTNpJDE5KnANdno199lKuWB3/ANK4JJ1Y4bp/UVo2qP5q7jjuK8+vC6PUoVbH0Rpd3bTwl5Pl4616Fo2pfZY1jTlW5BHavB9HmKqInb5SMV6Ja3LwwIyOTtI6elfNYiifR4WtdHtcMAvCszdD71vw+bDHhMgMNpx6V53pWtwT2yLGzCQfwmuutb6Qou/hG45rxqtK2h3SloJNbz28gYPlGGPpXHa3cPDPGVYlM4+ld1eTxxBQZAVNcrqxt5kEiAEtxisrGTqGTFe7meOQ7ywAHpivML62XTNeMUblFkO9T/vda6TW7mSxs3vbXnygSyjrha8BuPF114hnSSUND5DYCjqR9a9nDUtDirVD6KmX7TsmYjK9K2NOvGj68Y4JrgNG1pbgogPytgc9jXe2ywxqoc5JPNZ1qViqUzuLPUcx/M3Cik3pK2Q2WPNZ+IVVfJPUcigymIrIFPHrXmzVmdi1HXEU7McDginCHbaNDIc8ZFaIcXEIki+Yd6je2lkCgLtAP6VdOZlUPO9UgnjQzRjci8c1w91MJBsZQpPWvYvFPkQWC2sY5c5JHrXi11ZXAkZ1UnJxXs4WR59ePU5qHUFsNQzFyN3L56V7BY+MbebTjakCQkY56GvAdRsb0XPlRIRuY/TFUrS+ubCTyXfaOQcf0r1XS5tTgck9Doda04Xl+8hCmMNnJ9K8+vlaLUitmmFz17V6Dd6jbtYMY+SBznqTXBTzSBy4XjqBXbh9NDF3jqjXsdRlt2G9sA16DpHiOOYLu+Vl+XHrXiUwnJLs+09QK1tEd3lUO+1T1NOtQvqj18FmUo6M+i2uLa4hDg5xx1q3HcRWyLLHgd68VXWXhke2VuF962bLW9yrBLITjjmuGVJrc+pwmZJ9T1czx6phM/Mo6062tpY3yD8q1ymk6rHDKVJ4I611kGpQMm8nGen/ANesZRPqcNidDXjcoQxFa6zxygb1+Y1gefG+BG341aQs43Fvu9KyuetSrM3o7DEJkZs+lQ2spR/LlH0qvBfzKpU8qKab2OXJJAIrM6Kc3rcvS3f7zGcrWxpOtCxu1mUklQRjPBB9a5FJ4zJzUmf9JBUfLig2aTVj1JRFqgkuY2COeTWTfR3KJlcn1wKpaQJ8Ntb5eO9dOJZ9m0AEig5eflkZVkkhTLKatpafMSRmtMXO2IBlwalsxFcSbSwUUBUqHB38ajcGGFbpWVNpska+cnK4zXY65p5yIo2Dc1A2m3Tw4ZCqgdaZrDEe7dnK6eC1wCo596vXcqxsAx5z2qSxRFuXjdSCK0LzTBMDIi4xS5S3XVzBEjHHHB9KstFcm2D4OBVacTWyAEcVatr2YxeW/INCNXN2M3z3VuOMVqCUywjPU1nzwfvwVIy1OkhZIwVkDEdqpks6LTrhYwVY7cVQuLwzXBCniobdbYxB5HO407TJLRJJQ43e9UZudveI5W3KQOuKrWkKMGkYH5eBT764QMViUBfamhWihC9Fk5HrUpHNVrFRbc3V0qMSkZPJqzqCw2Mm2DLADg01JioI9KjlQ3RGW25qjlcmMWZ57Pa42tmo4YmaXYTx2rXe3htrMADdjqTVGFowwdjjNK5i6p0Og2qR3G+XnIIArXndIpnYcLiuWn1e1tUBR/nUdqwb3xIskZdXyBS5Wzw8ZieV6m9qOpxwtlW4NcfqPiSOBCgb526YrFnvpJ48v3GQabb6CNTtvP3bWB4HrUKNjxKuYK9jCm1S6v3ZW4UV6J4egijiI3/vNufr7Vy0Whm2fkHrzmu50yyt2iDx/LKO3tU1WkcFWo5G7aWytJFPOxGDyD6V0sH2X7YNowDzXOFeArMM1bDywyJg5z3PpXLKVwjSsdJehIH3qfm6iuaubmWebcTwKff3UkzCQHgDFRxom0se/SuGozdI34Zoowm1slhWvb3Eezaxrm4YwyCQr0q7AGNxGrdCa5ag1DW5tGMcuhzmq08G9GB+8avO20FVHIqpuyw3da4pM7KOxPBB/owDfeHSmBXTB6Grsfz7V67afcRtw6jIFYS3Lc9SDJwCeW9aimlOdzdKgNxt8zPQdfasuTU0eZInPvj1rSMRuxJLI28hRy3SteK1FvCGbg459eay7XbcXpZeEXkVLd3kzydQB3FU0RdbDboiRhzkKKwrqadRsPK9a03nVkOR0HWqYEUrBTzmhI55ytoc6LT7TfK44I5Neg6DAFRmU/MD0ribPa8s0yknaxUAV3Ph5wjGRzjPY0NWM4y6HVq4x+86ioWcMxI6VXuJt3NUPtLGYR+tZbm9MtRXWGfcvPaubvrhpZCE6A5q9POtvdbSwO7tWHqcy2siyRkMG5JrSFMlSKfnwDzBK3ODj61xGrXKKuEbJzWhf38Zm3Y+9k8Vyjuu9/M5BORmvSo0zKpIrzz+Yhwd2a5zU5beGDJYeZ2rYlmTzA4AVR1964bWiskjPnAXkD1r2KFI82rUMa4vZJQxbgDpWReTuqFk44ouLqHd5bd+aybrUA8ZjQcV6tKmeTWq66lNriRi27kt1qNUHX0qNfL2tkHdS+YT7ADFdcYHBOoZtxd7ZcA4WuavcecccBqvXZMkrYzwegrOnIZRnmvQhA4sRUKLIxfPJXFYOsXrW8BaJiSDW9NcxWVu083A6V4xrmvSzyzJkmPGFHpXZSp9T5/H4yy5Y7mRrOoy3cmGJPNR2RtIomjulYMf4h0rItisk37xj16dc109lYrfq6M20KM5IrSoz5yrNvcsWsHkSLIpyh71f1X+z3tP3wDOeARWTc+bo8YjmPmIehqjcuLy3TB2lDkDNZtdTCBzt3bwLKRH0xxzWf5bpICR0q5K5LsXAXFI7bo+ePT3roTIZZgvriIqkbHaTyPWtV43UhmXAbmuYRnXgJ83rWzbag7kRSKSBxTuhGnBZQyksh2jqTWlHYxja8ch3DjHY1WtniCfu+M8k9jWZcatc2krLEMj3qAOkuDdyWrIjFGHQjtXGWqyieQXUpdfTHWrR8QTSNtMYGRjg9aiurxLhF2fI3Q461SQDp1SQMSmF7etLYidMRx5J9+lUbIv9o8uRiVPIzW/h12MoLEntVATzNq8YU2+Iz1O2qd5NqcyB9SZpFx36V0Ud4tvEVkwHHY1x2oX927N53KjnA6YoAx2K7sr0zxVeQOz4GAB3qYPlAWABPX2qNZMuQecelaMDXtopIY8xy+YD2plwjMdzYFSabiaQRZxk1rahp7WsAlY7s8YrMDjpWf7hc4P5VmsZI8nAzWq8YkDDv6VXaJRtB6Gi40ytBgOAy8dfeuo0gxahfwWSERl2CnI7njmqkFuqRu+zMhGBntXpHgTStGMwvtRUG7jJZcnhSOhA7n+VKpLTQ1hGx9DalI/gfwWtnYOWYx87e5Zea+T/smp3msNPModCc8GvcNX8U6Xc2gsryYwqCQAynJwO9eYWupWmmXbmSX5JPuNt4IzjmuOm/dNjr7C30i5k+z3USKcckAZrWuPB2k6RGup2MglkJ+UHAA+lY1hZW2qK10kuGjPDIQeKNRl1G2PlXEvmxIPlI6CqA4XU47mDUzLMoZs5XnP4Vs31yt3axiYBJeCB9a56RpJpgXkIJbgnrWkVks8XE0omGABjmqaMZOx2+gaNb/ZTLMq/L8zc1xeqNYNeyKRkjIB7fSr7a6bmA20AMTYGPQ1z720Yl81ydxB69PrTSMm7mVdWplC7PkPYegrTtngs9pdsx/xH0NMMaA5yTikFoJlaKUbQ/T8aBFma406cF0mI64I5zXJ3F9cpdK9s7yRg/xAjAqzdafFpT4L+YATgDsa77w3osXiKAm0kU+VjKNwTWbkQzvPAt/LJYgyxB48k7wMnFWfEXinw3f28tjbxkOnyiTHcVgaJpGp6HetBNc7LeQkbAenNYviGG3guWeAB1xwV9e9SorccjmxNHG5ZiG5J9+tY17eQ3MpNxHjH4Y9KnjnhtXN1cA+WepNVJnt9TBmjBEY/A1tCPUl7HN3LW0ZLWzblqrDIrON2fqBnitG406CE5UkqRWYivbyMCDgHFbpjJ5ZREc/eFQpH9qIKDC55JNSkwTnYoznueK1Y/DV3KBJakEHoAeaG0BZ0vwxLqtwILVvnBB44Ga+mvDWjeI9C09ZJ4vMCjnvgV5B4D0a8ttRR7zchQ7sDnNfWsWpRzaPizmCzYwUP3q8XF13zWG0fPfifUtP1y7a3KGAjGew96t+HvD1ncSm2tgrEc7yOao+JLInUXu0jO1hhsDvXReDEvWmVREFU4DM3GBWNStoZuRZv/h9ZwOl80xBjwzBax9d1/TJ7UWLr5bIRtY9c16Prms2mmq1iX3MwBYd8V49eRWFzfecB8w5+YVMZ3BstLLa21uHlJ24zxXlF+La6uW8t2A3Zzmu28QXdxFCkYXagz0ry0y4maR8sQa9OjC5jKT6F+4SW0ICv98cEd6WxtWYHeOSeD3rOvbg3Mo8rhE6V1GkTwXcY2HY6noepIrScbI0M+9lvbTbEJP3bDoecYrLupbmSFlZ+Dzx2rR1xQsu9WPBzjtXH307JjDFc9q1pLQLXC4uz5ZgOQnFFmqzDAbBzx61lPdM3ytx/OoNxBBQ4611chvY2rqe4UbJTkduc06yuLUMftG4N7D+dYZlkwASWxzzWhC0TAO33valyBY6C2EN3eKyIAo9faujDiPEIPuMViaXaukygEBCM5PbNT3rlJlCPnHHHSsJDsX5bWOdPMWMZ/OsuPTvtEqEHGW5x7V0dvva0VgAB1LdjT7dUimiWGLdubj8awlKxmejaHbrY6UJ/Jxjg981wuuajFHKZLEKsp4Zcepr1CaaK30ONzzI2QFH0rxjUGW5chUGc8nHOailux3MuJp5N8xy4GfUipEZXfeeMY6itAX6Q2TWUSg5yDWbDC55H8XH0rpTC53FvBbR6e0khVyRjaeDg96851t12tHCBhfwrUubm+VEWRjwcZPTFZBsp9QkKR5fuSegoW5KZzSQxTHDgVqxacJnVLcDPpWjFoDeW0k24HJHA4xV6w0JvNDRTFdxwR6D1q51TS5//9X8fiCRnHFJgZGc8U4cgEZHrmjPy4Bx9K+8R8gyQZ/KjjnPFJkAcUpPPX6UCDgHpyKkEnr17VGeBzwT1oOB16CmnYCUAnk+tKTz83So+OPSnZwPSquA/OQONppzdeaiYjntTS3C5G6ncCXoc0qkbsEcULwDk4HagsQM447muhGfIA4JwaUdNp7U5TG4JjGRQMDB70B7MbjdgDrSc/jRuB47n0pewGcAetBmD53AD5R3p+euTkDpURGTk81IxAwCOlADxjGBRvG3im5Gc9qQAdBQBKxEZHylh159aaV2kk0NgKBn6rTVbcCQAPUUAO4x90/Wk3cY70ZJPtTgpJ6DPrQA9FYnsSKAVb7uQPejJ6NwfajAPzdRQAvY56U49OBimnoM9qeAW68YoGgXOdo6Cn4GeOtAx9xetHO4Z47VoIRQWOCfwpwBIKjIPTmkCZ5/iHQ1I27AY5yKAGLuBG7oKsgfLxwDUatkZ657U4KQDzQAZIJGMilAJwMYHrQq5yeopfukH7o9BQIeOtTL0qMZ6k5qZfTOK0gZS3HA8dacME55JPSmbkGB0qaCOaVC0Y3BOuK0JHBT1NSxkCReN3IpFVmyF59c1rDSLmO3W7K704B2MGI/Ac0DsZc4HmN8u0E4FFpbiSTymxg8da6jTvDGra1MsNrExjZgN/8Ad7nNer6B8JxLdRWtxH5tzM6oqk7SB646AdyT2oYJlP4e/CXxJ4lulsbaGM29zIAZWlUIgXk+pOBnoCfavqO18AR+F/EFlokU8byXIHmzom0gAfMuTyRgcHjPpTrGBfCt/p2lXD21vE7bUji42gD75GBXJ+PTr8mqTyy3Uk1tMQkLbgPl64AB4A6Ekc9+tZg5XdjtPEmtaZoWtNpegWz6lGI8M24FVJHY85wap2NteeIrWG2dHsY1cG7k37zkA7cDjOewxx+HNLw7pvhwX9rf6qZpbONVEkaSeWMKfnYnryOwI+tdZbXPhiPXfK8F3Q1C9jkkkgh8uTAjH8Jd+W2Z6k54z611wOKrc511S11C5Sz3yWVjAXac/LmNQNzbQAeufWuq8E6XrWo3TXdtcNcWdwqyFCfk+fnKk8fL0wKTT7W4Otw3180l9cuTPNHEVUlmfMkfyg8Hngcc16f4oudQ8OaVb32lWrRW8zAKsin92rAsQ2MfTqOtae0Oc6E6TousWVqbm9eN9PkkiaUOEGIyG6tnbgd815nrdzpWlX7WFjEL64uLgxLNjI2nPzg5+9nGCOD1rqpH8P6objS7l5Y7hMSzxox2Mh4bOB3BGa801W8sdF8VG20m0il0wRh0ODvwR1BPQh/UdKhyNoU0zu45rl9XjsdWbzrRsu+1QBJhT9OfWsO71X4d6dpF7BraN50rl0HzErHnBQqp27Wx3zXmv/CW6xYSLPrkrSQtIIlLLjZnoQMc5HWvMb+6OreN7y1u7vzoGx5Spj5goB5HYZzUvU1pxszrPEUnw6tP7PvdMa6s0iaberrzlwPLSPBfjAbJY+nNcbDp39pW9lc6ZC93d3EjpsYZAIGc54GcYPP9K6PWbrS7CyWd7cTyk7Yyy79rAdeeAR7VheGvEHiXSJpZNDtvtNjCy3V4xySAcpjI6YBzjB6ZIwKhwNnIsfD03moeLLKxeXy7a5uY0lUYUnzjsGMcn5iM+1es/Efw/eeG9UmuJJF2BmjZORsePCsPccZp3g9PCniG3TxIbQacvhpktrqNdx+0eeP9GkUrtCkSByw5zjOcdOj1O6sLx55PEsD+RHvaSLfmRyoyyhuOWI55GfUVvGNjlnUOKttD1PxT4durjTpkhtl2xzFgQxUqCduOvXuRVTxTb211b6T4f0yMix0gSyNICSJIpSGf5cA/I3B65616lJZaB4b0SObw3M95FdxGTDMreVuAKnAAI6gENzUOl6B4ev8ATLGbVdSaw1G8cw+WU3LFLgFkYHBYMCMFSAO+TkCuVjhO54pBOlpf/ZhN5gm4bdwBn/61ej6LqTf2e2tX9tMNHB8izlJyiyRqTgoTkpxjcBgMMdziF7LS3sLW0m02L7RJJMIHiALliduyYv1XOMHOV7Dk16T4Y07xB4Z05NPu4khWDLwiIhpYmlyXUjkEHJ9evU9BnOMrbFyqJnnc2qa/rd+un3VyukZIaQXQMaMowMkkZya2YNKu59YmjbUDL5eyANEcxsnBIDenTtR4ta6vNVktJEiufPeJQ0i/MCOSBjAH5VPr121vHb6X4fi86SBpHuo1zwX2hcE9T16VVMSKfjLwdPp0en6rZbLyG/eVZGLZKfZyF28cZJzx7Vxd9o95exE29y0E0Y3RhRwzD+HPbNd9qeq6fAsem26rDGEWRsfMxkcfPnucdK5aUWxORLJ5YHJPXPtWydhlGay063aKCW4kkv5I0eTIO1GK5IDd8HvmuRl1KHS55tT1MyM0B2wRjrIQcbh6AD3r03w3eaFrFjONL08vqOnhs+b92XBwu09zjtgVxhRUnvNR1xAZrRcRxkAAs38IXvz9awlMRh+Hrm/1fU18uMWumLkuzrtdyfQc9yK7XQtCsrvUZLC5E6WEbiS4kQFwvB2j5efmxjODj8KpRRafb6Ot3InlTXvMKdgCM5I9fQZrcMPiLw1cac2o3xtLNp4ZFs9wQzqrBnXKgkqw4PUDPSp5SnMm+xLpguJ4iI9HnnmUI0eWMX8BJIz0ArzCEvYWrJb3C+VclsNHmN0+vPNet+OZYfFPh27+xoNPFvIhZQ5IYknAGR25P4HFcb8Lfh34k8Yss2tSRaRpNpuXz7hCxkkHQKmQWHq2QPTJ4qJQsL2tzLbRovFxTUDeLBf21sIhIihNzqRgyn0cHDHOOlbeneFvEVvcRWmovDYLNG4uUWQEqgxznplx74wa9D1jT/CGlaFpUenWMsGrQeZHdXBf91cAkkYwcnjHG3A4rkviemo6T8MLrWbRIYWabBkQAyukoGAGxnKsg4zwCazqUvdOinV2Pgbx1r+q29y+m6ruaW4OZVBIwey8dhkcV9Efs7eGZNJtLLXpmOnNOs00UgGTPF02MDnAI3duwxgkGvje3N54p8VW0ErEG5uYo8nkDLgZx6c81+m/hfxHHa6Hq9zN4eiulg077E8xPy21w2ESSIsp6ZB2jBGQCelc+Ggm22d1Z8sUczq/iHVbyHT7SWyt9P0/zGIMKBWliduS5y33SM9qqeMNfZrTTtGOqm4tyA6Ix5D8r8zd8A4HpXM681vA62mnTXEsIAKNId20OMnAwMAZ4rCvLmH7VaaPdwqWMiQxv1ZWdgAzHv8A0rqqeRxs9P8ADegyssGv30cRs0kYeUW+ZwowGwRtxuPc9q7eytdV0TxPaeKdQmkK20im1tnmiO+GQEN1z95SRgcjjPSuL8J/ZNU1630fV4TDpNnHJ5soYsu7aQhwoB5bnr2roNM1lNZ8RQ6bcpZ6t4d09nhF0fNtpTEFOxhlsjtgY59e9OMLIybuber6lcx67Lew3T2EM3ySxXuHVYASxTLkgA9AB615BNrk3iDxK/hjw8dlpdSL5aRKY0wBn7h746etbOv+INJ8Z+KYotPidLaGLy1geQyqVQt8wfvndxmvXvDOk+GfAWqaeYrCHVbq9ELyLHJubexcRKwYEIyMeoHQ0rMVx8Ogavpuix3ljJNo1l5Rg82RMyuxbHyR53AggkNn6GuasYLKymtvF1noA8U2vMC35hdpI7lW3Zw24B14YEgE/wB6vXPE+uzeG/Gkek6tatKyQb0tMhkR7gsB8wzkgYIOPyrzPRvH9xpHgl9H8Hxvp/8AYzvJdpOoUzLyXYlTk8DnJycdqv2hnfU0vFVj4517wja2upR22kWdndtPFdXU6xn94CdjFM+pYAgc8ZxjHzp8SfFXg/Szdw6QRqyamVMYhYFIgo2kl8tgs3OBzjrjjOT8XfEVz4nkNmt9JHpYdbq3tA2cvMFUlhwScg4z0GK8rvrW1sLqwhuCBZo6ts3AttBG4dj0rCpM6qVPqefahrd2qzwWcCQ4OfmXcwHsf/rVi22p/wClfaZ33kLjgV3nifSLjUb95vDljPcW7L/yzRnAJHtnGea5DRPhp4x1Ked/7PmSCAfO7/Iqk8AZPeua5102kcBJfNJO00/RienFZc8kk0v7hS2Pxr6o0b4AwSWQ1PxRcPFj7sMYwWHJzuIyc9sY/GvVdE+E3g3SdNWG40dUdXBDy4afDc5Zj0A/u4FR9WlLYcsXGJ8LaX4S8Ra5qkWmR2jxT3HMfmgxgqBknJHoPxr3bw3+y/ruuGx3X0KG63GWRtxSFEIDdActnIwcAnocc19D3+naZoNjd31rEZ7rzFVEPzAKOcjPr6iotLbUo9MPiFi9vFcM9uEDMhBPzED2IFXDBpP3jCri5S20Of8AD/wz8LeFbM6VBDG2sabLLBLcL8rT4dsPjJyCP6V12raBHrSx3NzZRS3spEazZGQB8o3evHGaWJGe2STdHHHEeXk4bnnA47Vm6hElzowvVmD3bsv2eNMkkB8NuGOOMnFbNJdDOM7lTxDoGmaJcRwwZV7aBfMRfuljncVHcE56Yrs/h/Lpl7qabJp7GUER2rQP5LM7AgjeOmc44rz/AFHUdaW5ZvE6/a7i6jURyRkjy05GCMAZB5r0rwR8Or7TZIPEt1qeniws0F3Ik858wqAWBMaj5cYHLMKYS2PSdb8Qy6Za2WiW4s4XglaW9aa4YzzI5+U8DK5Hc5HAr5M+NJs9W8SzSStKZrdQd0Lh+GjQgAkcn5eDX0Ld+I/DB0fVPGNuNLjvNUkjgt4GVLh0CIULAAYXBXdnAXrivjX4geZDJqbbsBY0UNHwvzKo6dgc89Pas6svdY6MNT5Wu4jukkkyXZ2Zj1JJOSSaybqXaiIoz9ewrZv5VG0Ak7T8wHHFYl9t8wBeeOK8CtsfQ0V3Mtly3XrUsRbeeeAOKbtxxxU1szISXHWuI6WTZYnfkYPrRMymM7sJninu0ZbI4BHeoHIZPnCkdvWrYojEZzFtcfMPT0qiJ5LWZXgYh15z71a2ttLMNvvms0KxfIPPtWEzaG5pROT8zEkud3NXGYgbweD1rORSpUsDkCrZkJXGBiruS9x6HYS2NwYVXkiEn+zmphGQflORTkheOUnOR6VArkAjAARxux/KqjbWbaMBVOBVy4kdCWRQB3qkZDsWNkBBNKZrDYXyyx5I2jirtsrdycL0rMOc+WgOCa2beHCeXkgE9aguTL2ZI08xPm9Aaquxc4cY3VPMAgXaeAemaimkwpZx1PbsKpslFZmLA7D0qeIwgbkzn1qrhGYiLp71fRVXarfMprKRTNDTbmaynMsPzBuoJ4rubTUri1dbiz+XOCy/0rz8eWWLRHGMVaGpzWgDqhcdCM1MkmrMqnUadz6JsLuO9RbiI5+XkH1rQDFsHByfWvMNF1niKW3+UYy6H+demwzC6h82M5GO3SvGxWGcXofTYPFcyV9xTjHvUkbhV5PNQbz0xSZIHA5rit3PWjM2QMqB7daufamTBXmsVLglArcEVbEm/wCXow71zVKZ1QqW1Ox0rVJoljV2IwentXrGj6vDOnll9hB7968FivEgQqF3E4BJ6iux0y5GEYPyuK8bF4e+qPdwWJsj6X06SFVR0I3Y7V1lldrdjypMqy+leIadq8YjGxtpIwcetejQXoubKGSBhvU4JHX8a+cr0erPbhVTR1N3C4YBXLKMc9TWde/uYVcE5XOc1UfV0ZRas20/3qS6fNviQ5PqfSuH2Zoc9KLiS52sN6OO9cDqejWdrHM5t1TJJyBjmu9nkJ2lW5HSr8ttZXumiNvnfPOelejRm0cVZXPFNOvltplhVSee1ev2F4l1EkZyjAcH1ri9R0e2sb9nHCyLkVY0+98sqUJbb2rpqe8jmhNpnqFjdtHOsTnBPGTXXLsnG1jnHH1rhLRxMqyNwSM4PWujsZvIbdJ39a8mrTPSpTOjswkGUA4z0re2x+XvfgGuJjmmMxdQSjmuiS4ZrZo+vtWKiFTU4XxIks8gReAvOa5u+/dWaRpwx+9712U+93ZJBjdx+FcprNhPBbvMFLBe9ehRlY5qi0PKPFN29rb+Xb8F+GPtXmaNJLJhjuOePevT/EVqb213IvI6+1c1ollb+dmfgg4HrXuYeVonlTVmYBhmjUMynDHFJPbPHEJH7fnXrUunQXERjVce9cLqenyRRyIoyV6Z710xr6me5wt2HwJCuUIwPan2JVJIwSQN351bNvNMVRxhB94VTlgFu5IbIX7tdsJ3M02gvndrkyRkqxPT1pXe6glXe/PBAqkPMmuUZjk5q1OWkfy5OCO9aSSZ0UcTKLNey16W3kVWyxB6egruIvEIdFCkKDyOa8wt9POoapHp1lJjzDgOfpmi6/4l1/NaR8m3cpknrtOD/Kuaphl0PpMHnvL8R7jY64X2ru5+tdBBrZHyyvxntXgVprWDs4B9q1Y9ckSRsMTx2rzp4Z3PqcNnMZdT6NsL+C9ikVH24HU96zUvU3siEfLXj+keKPLkKSfdI6ehrVXX1aZmUbV/pWDw57NLNYdz1izvY3mCH5gOCa3bd98pC9P515Pp2txkeaZAoB6Z610sXiSGK4Eu8YxxzScD0lmEWj1aB3jQADkVfh1FlAUNxXI2uu28yZ3AHbzSPqUQOVbANZEPFxuehvMJ1BL5FXoGjidSjdq4qz1MGHHbFaMN0jEDfg0GiqRZ1N7EIJjl1ctyNta1hA11AId2DjOCa4pdXgOElODnHrWtHrER2+WwU9qXtTO90hbPTIpLyV5m2hT0/GptSAtnEOQVboRWBHq0cd2wdhjJJxS3us2rbHbGFz1q1O5ryXaJNTRWsNgX8RXLzDbGMc5PFF/rkklq0Y2srf3eCBWWLxliVAm7uDmjlZ0xlYS+uGhkRzlew9KsRtmMylhgDPWqGpXfmQA8bwaw572VWG5s5GNoo5WKVY6pLqNlxngUy3mCyOVOQa5n7b8uCcZq9DdxrDlWGaswlXWxvPIuMtT3ugVUFuF5FczJfxn7zjK00apGyZfG0cUbnLUxMTeW6R9xJ/Wq9veec28HAU5rz/U9faK48qFsr2wOayn1y7tLXe4/dytgc85p+zkeXiMfGK3PaLjVrcQbSc46+1cdqevQGIi0bcB3Xn+VeUTa9LLcCJ3PzjBIJ6dhiup8CahNpd7ePMoeKdGQgjPXkFT2IqvY6XZ4GIzdpPlILnVrseXbyh4o5sEZ4JUnGR7VfdZ7aZonZmjkA25/nWjcaabrS7dZJCXhYqp77ByK9BSxR/DCNe24BZgRL3K9MZ9KTkraHhV8xcrHDWltNdQ4jPMfHPpW9pbS28hgY/MMMBWhDoyJp4u4WzGzFeOxpkSRQuS3JHGa5p1Ec3PzHWCGHUo1k4DAYPsaiXTZLUmWJw/Y+1VLCcruCnGeefSpBflJWRTkMOlc0qlzemmTxyby3mdauCXdgdQBWfuB+Zu9X7WJHJHqK5ZVLHYmObLA5B5FXzbGOGN85GKmW0JUs4PTinTsqQCMH5vesJSujeOpfsnR4to5Uda2I4Y0IyOeoNc9p2QvAGQa6eAbowHOCa4KkjWWiB2BBxwcVnQrIwYyc4rUeFUUnOarQKrH0yKwZrRemhct3AjHHWnXFysUZ29MVZtLZ2h3DoDiubvnYO0ZPGSKhxEppvQpyFnViGwX7ViNAWuVP8SZrUZyilxyF6VSjk5abHLcH2rRIJm5aBIrVWb7x61g3VwwkfBwK0UmCxESDGBXKXE4eRip471aVzFuxbe7Pl7AT81U2vZLZty9+9RTTbUB46dKz0nS5uYrc/xGtFGxjUkdto1lKbZ5ivDndxXUabCJ2CJ/DWYt4tlEkK4CuuMVVt7/AMqXcjH6VjMKZ17ybQFI6Vj3UpDmdOq1F9veTJNUZpw7GLfgdaiNM1vZmZdXaLKTJkM2TWJqF+BCEkam6hdAPslIyDxXH6tetJICvA6Yr0cPSM6lTQbcXW0Fg27FZVzeEIrK3J6imq+W/eNgEc1y95MBOyg8L0r1KNE86rXLN5fbWCda4zWr/wC0KIUGCOuPSpru5mEckoXKpwTXIPfIzkZ5P8q9ahSPJrViK8lCABeWPrWY7dMHr296mvnSaUSDg4qo8uFB4GK9SELHBOrcfIWVcdz3qt5/kKzOd1K86bCpH3u9Yt22MIWyD1rop07u5yVKliozFmLRuRuPPeqs5ijXzJMgj8M1K7LCm48KvJri9b1t3byounQV3U6fU8LG4rlVjnPGWvMyLawAKmfzrzKWViCz4+aur1WAEI8x3sT+VctNbuh+vT2ro2R83UqNu5TTauAvX1rcg1i4sF3oA2Rg1hAclT2prFgemVxTuc5uah4hbUovLliC4qpZ5bC52gHNZ3kq2OMetbkbW4RdnpipsBYktIpB+7QMepNY13ZXCDAXI6irssdxs3QSY55FOjvXhPlXHKN0NJLsZzOe+YAZU+la9naWlwhbzfnx0rejt7adG2qDntVGWwFqN9uu3FUn3IZe0zyFykwyuMfSsnX4bcYNu+/dz6VbtNRjRzC6hiRyTxUd3pqXP3GPPINUgOHkdkKiM85raWyk8pXjO4kc1FeaVLZtns3NFtNcRJsDZ/lVRGa8NvFDHvY5k4x3rd090FuzzNt2DPHPSsS1LSKPNVst7V0rrHa2blgCZPlFSxGDf3UWoSFwNpX0rFuPlPLFh3qZFe2lZmGFY1Wkmt2JUt371qQyCW3DY2dPemw2c/nldjY9QOK1YF8xtsXzewrrEaRUWJ+BjkY5rOcxHL2tzDpV1HO8PmlPXv8AWu0vtY0PWdP8uFPLuSMgHgqfrVL7ToAP2aZF8xx1YYGPrXN6na2tt81qwB6jHpU2CxiToVYoRyDUCx/MN3arH7wq3PX1p9vGXO0ctVGhdhvIrZgbhd2DXo/h7RZPEd19tt8pFFgEAYz9BXmp0+Ryigb2z0HJz9K9n8JXE/hxZU1L9yMBsjt7EVjN6WNoJ3uy94p0azfy5cbXQY46n615/ex2soMMihFXoe9dH4q1yaa8LxbWQrxz+teaXNzc3DbJeTnOR2qYU7bjqVL7HTppOoxwC+syxWP7oU9feqkut6iYfJvF3e5ByT71UsvE9xpkRgDNjPbtVS4vVu8lDuJ796twM+cmkuJnm3lA+R0HJFdBYTWl9CIDBgpxz61m6PO1pufy/MYDAz2rZtkfd9qChdzfNUEEF1JZQRvat+6Jx07io4TZGLy8McZIOKm1aGO6lUugBVeCO9ZyoxYCFiRnBPpQBR84pNu2h0B+6eDXWWjabeIvmKVfOMds+lVYtIjuMBWEh9O9a2m6VIF+eLBjJ/8A11m0QyCbwJbaoQYrpom6kABgKq2fhLUPCt39qS9LA+hqeeTWdPumFrPkg9fUemKfqd9eX0CfaE2OgGSpzk/SlFdBG5fTxz2nnC4aSXGWyOTXNqu4bnXIxwCf50/SRF5bxspJbqSelZ1zNNAT+7OCSOB29zRzW0AzrywaZghX5ASTVG70VIYVNv8AumPPWtIXSGVdz/IfwNaTNaXOIlzlemaOZoDz4Pc2r/vhna3PGVp0kkV4wZ1Chjzj09q7+5khezNjFH5eGySR1P1rAn0y1nZcLtZB2OBV84GEPDDXCrPCQvPABweK29N0rXLbatuDIAck56CorOx1S2lH2eNp0Ukk+teseGhK9uk1xbBG3EEda5sRiGtEB0PhO0dYInmXZKD2GDXQ6pLFawmRm2k5yQcYrSsrC8aIz2wCybcqoHWvJvFGr3MF8bK+jMboeV/rXnxWtmBesZf7UvFskYKGYDnrya990vSrGzgXyV3uw2ljwTivFfCPhy51OZdWtPuRc7hXpniHxHFo+kgA7ZR8pz/Q1hXjd2QWMvxVYaffAqqok4X7w68V5YlnDAzySsXKdSfarNvrn9oSyTw3GGHJU9KydW1VEiaJX2u4zkDNb04WMzkPEvia2ljNjFAwYfxjmuCEi7QxGQDzn/CuuSK2vVYuP3g53dM1F/ZpVWleLchGcjmvQpTsByccBu5QseYxnnFbcAbTZfMgUOo4ye5q9YaZG8+YmwGrH1u6ngnaCLhU4x611N3LSKN/fyTNJIw3Fuo9PpWLcQzTKGjGSB3p8f2iebBYDccGtTyzCGjT5iOM1tHQpOxycltIoY4xjrVbeSMAf/WrpmOQVYcDt61hXPzTbkAj4xx0rdSuUmMiwJAhw4PrWjBbugLDqPyqlaExyF2TcgHJ75rokn3gAcKRjGOKmbsDZpwBkiR1JXcOc1G6huCR1qYT3EyhWACqO1NeeKBxJMBhexrEZMb648sRQnEfQ46Yrc0HfPdJ1KdBXK3Vzb3D4gxGf7o6c12vhS3dI90fKoDk+lZVVoZna3GqWkqi2+YhRjBHOa8wuBNHJIs4IXecduK6trtI5cquW6ZrJurSa8uGLvtLY/GsU7ATaN/Z5L3U8Ak8sE5x0IrlNU1byr4yadHhOpHp611twl7ZwG1jhV1cbSR1Fche+GNRI326M+7kYPatKco6tsaCK5n1LIVMA8hSeBWpaadqESFzGVQ4yQf6Vb0LR5ool81Cjk4Jx0r2G10uEW62cnz5A5xg1hXxKWxkcGtxIbbyJUwTjJHpVaS3tziW1JJA5HQV6jP4csnhKbhGoGSe5NeaKyLNIkLZMbEYrnjVuB//1vx/DKDhf1FBXHzc0HdjLfjSA8Y5596+8R8gwJXcNoOWqUfKMdhTAXGaduzgd6BC88A96XnHIFNDdwaRfmPPIFAC9BjGOacM55xTGxn2FLwzD5uvagBxIxScsDuXHpQOhwAaQDPU80wJAdhGD1pTIAcY696iyxbC9PelAC5XHSnzASgsMOMZ9Kfu6g9KiyMZzSZzTuBNxjOcdhRjjnmo9xA6dOlPVujVdyeVAM5561JgA1GDkEH9Kkwd2e1Fw5UJ93nOadnvjBpmO+cH0ozn3NUZWHdDk8k0DPPYjrS4bsPvUYc9evtWgWD3qSo+lC+3NAiUnB3dsUo4QDpimEdB3NSDJbjqKAF4JqWPrgHNITl8LwD1pEXbkg5zQNAQATjr1yKeAXIYde9PjALNngY4pyrtO7qTWghAo7ngU0hid3IAqxHHkEL1PrUecnHIYcUAIpyxPTI/WpAuBg5zSAZ4PUVKFGDuzlulAmxoHbPWj7r7ewqVAu7gZOOBW74cgt7rWbWG7XdbyyorjO3gnB5/z9atIls7H4b+AbTxjqTxavenT7JQBlQDM7t90KCCAB1JP04zkclrvh+40XV7rSZHWY20zw706NsOM8E4+meOld9pUuu2WumCxtGFv5jJHsUk/McLgjJJ6Vry/CjxHJcuJFk4O5pJGUtuPJJyRn61K1bJlFI8fsvKguk8+289QcbCcE56e9eh+H/AHiDW2P8AZsJiXYXdn3KgUjgEgHk9hivZ9F+H50WyU6hNFKka5cqn6liAcj2r2C01jRv7NFvpcIZhwZCuGYgdW4Getbwh3MJVLHzZb/BS/k0+O5vLkxFyS6KOR6ZJxXrPhf4XeHdJ0tP7Rja7mcH59xAwT6DHTjpXeyarpSWKl3FzdrwEQ/Lg92PbH5/zEsUurPb2+oxwbLB90SlsBjIOThc5xgdcYrSyIdRlZR4a0HS3i02BURvl2J87Bj3y2elYWnadcJfNqFg4hG4mWW4P3Y+rHkVr2Npbx6jHaSKxkuAclugxyeKn1TSxNeql1GWtLgMsv90qR0+hp2EmzF86O8u7jUbsC4MCsY887kU5Azz17AVp6ho82oaAmtXto0FtcY8nLAn9OR06VDa3mnaTeWenWGlOtvA2Qp/5an2z29K7sXtvf6QYNYjFrbtOT5ZyCB2H+FJQFKpqcusunaLcpCbZ5bK1iBLKVKmQjoB3UVnWlxqL3y6l4dsIXv4SQZ8KmVbIAJOMkY9a7nWI7TVXjh0yNLZIyW8tFVAy4xwOc/hVKwNymlG2sk/0W1kKiZFIIf721ix56+ldFOJhOqd34Yl1bR7STSZp4ZL/AFuRpXZePLPXjGMbuRjHBPFenx+FH1/TIrC91O4li2kxwRuux3J5VsqS3IxgnI9q8D8VzWl5eC+t5zdvfRKJUBCvFJGqpyF45xnt3rvfAevReFLKOKzWS+uphHI6NzHDOmclQOOcgE9SFHNaTpX2Mypd6Je+GvFM7WT29ibbiQXEh8spt2kE+vU49RWJP4u8LnQL/QooVg1RJQZZUXd5kIOVIYcjnjHTHPevTPiDFc+IdIXV59O82S/ZQuBnYADuPr1HevkzxhaajbXcmqWymON40t5WXjYAAMk9s461zSVjrou+ha+JHiTRpbUxWIXM6RrGhGcMD9888YFeJaU97b3U09tgl8fvDnOB6fUVX8f3dtpZt1tm8+QjLls8r65+tUfC/ivRI57eOS3kdZdvnDIJDY6IM9zWK1Z2Rhpc9P8Ah/pOvTWl3r96pm0wyuUVjkDgqW2g55PAweMc17ZLbeD9A0z+1NDtZIbO6icPExLl93yyA9T8pBHWpvD/AIlg0vQbHRtKtPtdjCJWhmYFfOaVyx6jHyMSP510lvaPL4djvrSE3DSPLkg/dfIaWMbeOGbP412xp6HnVah4hpNvqv2TUr5LNxHpoiSbcBGR5pxGxQ8scHsOM9ga9L8dx6tOum21lC2q3fzJJ5WFZRGBuZgOAsmeCeBt/CtSxvdb0KUXd/b/AGjSpzhreUbVnV1K4JYHJTOQDxxWxeJeeFdN1LSZRHLPHcQ2yTYb/SIcMwOCcBkJGfx64BqooyWrOW+H66O0/wBs1lJYY4gA0f8ACQ2chvYEDI78VZj+xXV5cXurWREFvGXhRWYMXdgAN3GQFJOR3ArW0nwhqVtpdrNqYX7ZeB5RB3ZGP7th67gM+3HfIHbReH9FtFisdTcvMyhh5ZyvzZwOnHToRTcinLyPK9L05fEFz9ijcQeUwBuJW2hF6ksPQeo4zjOBzW7r+o6VbtBaaRqMmt3Fu+bu6Mu6NsEFVgkBJA6gk55xjuK5fxRpSaVfNZTxMzSSFwWQrhW579//AK1N8KmYw3Vs9kscClsS7edwAOC30qJSuB1eo6nNr6z+Xb7S4DDC7uevXAxXCTeHdQuBJqTzG1dxjapKAheBgjmtOPx/PoFo2mQpC+WJYsDuwfoRzUNrr/8AbhksbT/j4kTEZAztb/ClexViLw3ZNYXjSXO1nMW1CSS2/I6fUV3MEGnQTwazewlreOcwsHGfvISTj2qjoul3cUkEtzbtczRtuaZgVQY5IHaq+sQ6tclxAQojZn2Z4OT37dKTfUOVhqesxxpnTZdysxIBB+QZ4GTXAmeL7eL3WoSybhLscYDAnIzmr/ia6t3jtrKPMUUUpd2H3m44X6VgPbX+rpeXEJElpYxGR5JGxhVBOAOTk4OB09xWcUjZLQ6ZL7Q57qE6lbotm+TGy5Kqw+6VxwQOhrrvEBm+wwXl9aieWygWO1G0fu4UA+bnoemTXiun+IbmYxeF51RbclmtywA2soJxn3BOPf8AT1aw8a6Lofh2DTYruaaW5R/voHAZDjapPG3rgZ6U+YTpF+11qHS7m6uLh21c3qxK2yZGELR5KsqnHAJzya9MmvbfXrfUb2S+gN3p0Uc8RUiGaYA/vBtYhGIUE8c815ZY6quv32mWOiaVZNNPuSSa6gKxYCk5cx57j04Nen+DPh0vhzUb6DxXLFcW9zErR/ZneWFiDyN+EZHGB7c4qXIzlE5C6v4NV07z1skhtlhmYchvN2dWHUqy46A+/avmT4xeK7iXwmulLcm2sYF8qKBRnzZC2ck+2OPTB9a+nfEenXlnrUusaUY7S1lnmZFdjkfNhgygEbiMBua+DPj5e7fFbW10/lWkse6KOM/u13Y3bR2Ofx6VzVp6Hbhqd5JnkXw8+z2HiaHUr+3e5itpN7RpwSGyu4e6EhsZGSAMjrX2anjmRfDcmpR3cssTXawixUAIUQb0kk9u31r54+GNlPDo95rXyCCB1jdCAztFIQAcehYd8dK693Se1aysAI1dhvzxkCsKc7Rsd9ZXZ7PYWMOpXD+IJrrhiZPLBG0EjIXJz8oq/wCGfDuha/ezLqcLtqE7GSORASkIT5hu5xzwO9eP2lnqnmR6ZCwkM2SvmOEUAdeTxjvXtrxT+FYbDw7ZzxNeanH9qeVLgqIMjaQcKG5CnHQV0wZyVrHotlYnUdRtdCtLSTS4LguvnJGojBVS5PBA5xXL+NvFEviCKfwvptvHJbx4a8uTAIXkkGMtgYweBnI55A4xVLSPEltrovvCE+RGiCdLoFmfzFO1iwPXO7Hb/CT+z9NtG0/VU1BksIHzcMY9zybMuTg4yDjB54+tbe06HKlY0PD3geBEtdaszBp9sWWCWUoWkdQBl1UD5snOckHg9a9Dn0oX14bGDSorqznuCYdQQ7J44kO3LsynIwQdhA78ZxiObWtA03wovjSPVIZ7COR0i024XymDnd5SrHzkOuSGAx9eQPn+6+Jfi/xJrn/CM2APh1C7y+VC8kbOoXO1pBkkbc9AAe44GNYpWM5RufR+teLfCvgPQYrjxndx+LruXz205kfMsJVQBukDsQquuOWPoBhcD4/8VeNtY8Ubns4fskV9zLg7izDkLnAwvTj8M469XYfDPxHqGlxC3T/Qbh2drhmBXK/KFUsRk8cCvTbr4L6H4ZjtooLqbU0vHjaOR1EflwuPvADg8YJz+QrCpC2xpTtc+Jbfwj4ie4jube2aWaBwzktkDB4J5rpb34cXmqair6jc58xfMMkIyB6g5r6NuPC2m6DqVzpVpPJI5f8A1r9NhGR0ArDvbU6bptxamQSCNl2MnXDdfSsvZm/tCDw38PZvCssf9mXYiW4Ch1kcMduPvYxjP0r0XX7e6stH2WxS7t7Y7ZC2Arbxxxkc59K8zvtSvdOtLeC6UPI2FRyxDIo6E+4FZ8/iH7ZIllcXwVE+42SVJAz24z6VUIRJdOfc6K9GpXOl2srSrbty6x43ElemfYVWutSn8l7lmDSqgUg4PPpj0NU4TfC1N6EBEQO5c5bHr16GpdD0a91Rjq1uUge0dS2443LJ0JGD0rW1jOxhy6tf+XJa3AEgGJNuBx+ma7u21vStU0RNAjjg06PCyTAOHklkAAJxwRn057AHAxXE6/e2dxexNHIPPdTb3HkDClkY4cHgHIPb096uXfhrw7pusWFxpFxczbjEJDOVK/MAHKlVU9c9aEtTR2aPcdOt/B39jXcsOmLcFVVjJdbWRSCAcAgjGD3xx+nk/j0+EdEjs9X0ZVhuXEqyQQ58nd2I6qOD/Cce1Nu3Q2d5oc0riOVkMbKc9DkjPviuS8X6XBqFjDNDMYorFhvTqHJwMjtkf1qpxTRhCFpXRk6Xf6hE8WoXASaG3DEZbLnIIx36Zr6Z+H9vfW3hmfXr42Z07W1WJMqWkCsCMYZQOckHGentXmnhPwlFc6daQxQiS4vJAUOws0aPtALEA4UfeJ9K9i8a6XqHhGe4tdS1zT7q00CKK3WEuYmm3Ir7kDcFxnB5ycEY6VxzidEqh5h8U9M0/TILXQtFsNNS2hj893gjEbLJlvkyuOQDuxXxF46n/wCKcukjQxu7Avk9UDc5PqMZAr6h+IOs319ALGG2RBdos4micvlWJxt4/M187eOraz/sVVGDdrwMttLdc8c81y19jqwqPlm+IMitjr6ViTjLsuf92ujv7cRzAEYJPJrDuFAaQgYA6CvFqbHuUWYqFsEnnnrWgh/d4289qoqp3Hk4q1Ej8jdxjrXJE6mWWdSm10JPqKrSBduBHjPQ1PG5x8x+UCov3qDzC2Y+2apkxKlxIqx7Fz7iqCZGGHy1euMSRtJtw1U4VJAVhmsJm0NzRj+cqVB6c5qVQAzI3Ct0xQg2hcenNPVV3EE49KCGNQyIeCdoFW9yNGGJwD3qvnYPnJIPFMIO0qBkMOKtE2CcwKWiwWyM1WKr1CYXGac6bJN7Ek9KRtykM+VB4rF7m0Nhgb5sjgVsqh2bk5GM1nxQhir7spWrJthAxgA9KcTOo+hWdmZQpAz+tRv6g49qifO8yDqPekZ1LBx/F39azcjSIriIPgggjuKfFKcnvgcGq2ZGckfOO9PAIBYDBXtUl2Jnn24JbaD1FSZYtlW+UVUBkfqu4GmiSVSVQZPpSkFjo9O1KW2fAbap4I9a9Z8Oa9FEyweZu8316ivE7eWNiBKnzLwPrV2Kdo5PPeTZt4461nUhzRsbUKzhI+nmGBlSGHtUdeUeHPF8NlcLZXkpeN+jHnB9+a9XjkS5QSR4xjPHSvDr0XF2Pp8JXU1ckyCRjtUyyKBuOcioR8p3UvzEjFc7R3xnYtic5BwGNbWmXbEYBKgnmudUkHGOTVmJmQELwc/pXPWpJo7aNfU9m0yRWiC79pXnjvXpOg30dufLkYCM8n1rwGxvlt4kySDkHNen6NqltITKSN5Xivm8bh2fQYauekxXFqzl9+MHgGrMl0LmIRRNlu4rlcFgHhQkH07VsadBHkyPnLDHNeI6dj0/aFVzcQxbJGGVJ+uKaLxs+UkxVcVdu7XbanPqRmuVQGN2+UsFPNb05HNVmWNTMl3AJh1gB6d6fooilhkk2fOD8podWMDRoMbgeKxvDM/l3QgvSdmecfXtXXDVHP1PS7CZn2uT93GfeuhjvMHymAbnrXM2sMVtGzbiQ5+X2rbtYXZAeOBnPrXDWO2md1p9xbtEAR1/SugiEDJuQAVxmlQ5GzoX6V2kSoB5eMbeK45LU2k9DN1OwUlJlIbd1xXGa48g06Rf4TwRXcS3CGfyCOO1cV4tgfaFgBIlGMe9VCfvESirHj10SkRQDIY9azU0yJkM5+R+2K6AQyg+TKpxnA+tWp9KuFwqqMN0NexGrocU6SOZsp5iTC7/ADLVfUhK7AuuR61vpZfvjtTc44JFSS2yCQI4wR2NXGrqZeyPM7yxZ0MkIyR2rkZrOZ3wuQe4r1+bTpLa5aThlPpWfNpdnIzTNw5GBXfSxJlKkeUMvktn7pFVZJHZ+mM967G60UBTwWxk5rmprQh9jAjHTNdyrJmPs2hNOuJbS486HCtHnB75NR28JuGluZzuySWz6mnpEIiwPPp9avWlnLNbzuhxGnzNmq5w5WYcmzzP3eFFIHeLJXmnOyO2RwBSbBIQM8GpudcKjj1IBczIGfPJFWP7SnkC54wKj8pV45wKjaD5vkIGaORHTHEyWzNWDV7hPlZsDtW7a60xjDD+Hv8A/WrkhBtYEjgVs6fZC/nitbQF553VFX1ZjgVi6SudtPMasep2Fvrsi42O3HPJ4rftvET8ZfG78q8t1mxv9Ev5tOvl8ue3O1lyDzgHtn1rO+3TSRquSMdsVMsMnsdUM7mj6Ct/GLw7VyGK9hSjxneF2OAuR0zXz1Hf3UZeON8H171rSXjywQrbykSY+bPWub6ielS4gZ7jH4omMhcvtPXitSz8WXHmHDHByMmvnFr+/jGwyZ9TU9h4kvLSXbJIWx70PA22OiPESR9B6j4iu4GLNIULfrUH/CTtPGDlsY5zXm1l4it9VmKag5Rjjaaray9xp+oJbO5NvJghh6Gs3hmtzqhxLE9JPiDBKgj86SbxSIQpYnPYdq83u4Lu0t1upRsib7pzya52TUi6OhkbPb0qvq7FU4lPZZ/FS3Cj5goHpVaTXkb98jYAFeN/a7hwoRiD7DjFMN9Oh27jt+lNYdmD4hueuy6+pw6NkjBqD/hIplhZl4Y/lXKWNpKdOuNRn5iCkx46k1mRX5EYRxuVumepqvq6OOpnzfU73+1pJNOlvDJl1PAz1rOtdbknRoZwcsDt+tchcXZ8nYi7c+9bekNFqEduoOySJwCfUGr9konn1M2qS6meLm/aR3Ls5U8seldHYC4v0SBx8oOME+vpXSN4YudP1WS1Zd8My5HPr7+tdPNDpNnZWcVnbJDLCoEjKBlm9Sep/GolWOSeKclZMxf+EXsrSzSWUh3cnBPXNbVjZiGJAmFXv9am8sXlqJlJMcZ5HvSxzEYXCgDPHesJ1DmNMyKYRAijIOc967GOdTbxWd+58hyNq9q4i0UMxmZuVyODxzXQxq8qYkPC9Pb6VzVJ2HGnc2tEvpND1ZrS8iMtlMpDgjcCp6HnisuYRSXxRCBFuIXjr6cVnrc3crfZ1UkAYTP8hmrttZXDNtkBDZxj/GuapM6YUDqLO3hjRvMwSw4qjKkTHEPLLWhaafLENsuT6YqFrOeO6B6jNcE6h0wjYSzsZrg4bqvaultdJIPnH5QvalhlWPquD6ir63LKPLTletYTmaEc3nRkEtwegrn5/NnfYv3s9a3bx12qUySRk0zTrL7Yu/GzBrOUjqp6I19LskEAJGWNXLglXAXtxUiRtYxDac561Ft+0TLnjB5rjk9QW4+J3Y4YZotVJnIYYFW5kSOQLFx9aSHO7moHGb2RqRXhtoWQgYHNcrKn2p5JcZGcitHUdyxYPQ1UtG2WDkdeRV2B6ao5bzD9o2P90moZv9cwToO1T7FFxz0zUN0Y0uMoevaqSKUroTVJi0KNFwQMGuYjGN7EZzzWtfTiQLCp28ZNYLXAVSjcAdT7VquyMJsx9XuXhJfdgsO1S6BKzD7VMMOp+Wql0EvnCIdx7YrdlEcUMcMRCtgA/WuhrQ5jqWma4WOZ+CO1NiRpZkjjPLHFQM8ZQBPvACqS3BhmR933SDxXDNG9M6JvNjDREfMuc1i/2moJBHI/Oq2q6sIVEwkwT1rko71riYqh3MTXTSpjmy1qWoRpc75TxnIHese4lFwDKg4HSqOqebHduJF5Ss8XiiEiR8DOfevUpUjir1NAuJWkyq9jg/4Vg6vsgijlVhmTrip7vUoLSFn348zhR9a4p7w3N55DsQK9ijRPKrVDS1GUJoLq6HNy+OPQcmvN48pmux8VaoJZYLW3c+Xbptx0Gc9R/jXGMx9a9SlTsjy6lTUh3bpVAOOcUTAJIQen6GoHIHQ/N3ratvst5atFLw6jINdkY30OScjnbqUhdh6Gs0BfvntV24KtJtXt3rmNX1ZLCArEcyHgCvRw9Bt2R5mJxSjFtkOsapFaRsmclhgivLby9SQtM/3jwB6Vp3F5/wAtLol3lPQVyVy5ic7xkDOK9erhOWnc+SrYz2khk1wZx5bNjvzVLyJXcZbrTd6vhiMg9KhV5oySvzY4rzJozlJI1Z9GIQTIwZe9Y0lv5Bbng9B1rQGoS+WImyAarFMykg7l70iGZUspQAjILU63nkLAKN2K1Hhj8tmxyvSscsYpfMXjNUtRXNxCjvtZ8Njp2poVTL5U6/L2IrGMhd8g4zWhDqIUhJBwO9K3YzmbdvYzqnmQEnPr6U43aq4glB3E49qvR6rbTxpFbsBt65prxpMcMA2OmKnXqQzndQsnWUTBduec9sVFa36wnZNkgdCK1NU1D7LsgT7voaxxe2smRJCAfY9auIEupztexAKSV7dsVVtLRYwjTkNznAqztFxAyQjy1PWqK2N598nCr0q0Ox6hbm2axVYowi7eAfase7szqMixQ/K69Pxqla3d++mmNoQwXkHPIrn7HX76zvhMGDGNshT0/Gumjy/aRFRP7JHrH2vS53spwNw459+a42bdvIBrtvFWrtr8kV40axyoAjAHtkn+ZrkliMhziqnCKfulQehPZXr2wBRijDvnvXsngfwhr3i1ft9y/lWqHBc4DOQAcAH2PXFeMC3CkMO9fSHw01y+Nt9hbJgbJz6dq5MUrR0G4GzrPwm0mTT/ALSL0Ryx8bWIx/jXzrqGlXWk3DQSsCoJAIOcivYfGmp61p13KkqstswBTPOePyrxHVNWur+ZRJzjPI61GHUuUQySVcgEdPSrVliSbKsFx696yVWSUjHP1rZWxdQsjgD6VdmB0+iytBqUc2M/MAO/WvV/E+nGbSElbhnHP414/o8jvqNvEEJy44X2r1Xxbq94+nRIkWwJwT3NclZS50dNN/u2eXTCOBx5km7Hb09qzyolPmIOazb+5e5kGAVOTn0JqCOaaJUdjuArp9Tmgrl+TSrkuLiRCyv2A6+9S2OmTSXCwwpyTk8HpU9h4nlSfy7rmJB8vTjHavXLTXdDu7NXs0Rbllxt2jdmpk+5XLqcxcWdrpMKIZN7sucDoKhg1K3cAA8gc+9Z92ZzJuugVYk8e1Qppkc7eekgRgcEdM1iSWL+aFlVIMlup9KowytBkk5V8e1ChWkEKDc1XGtAQDKuCD09aAOhhu7CxtVuEcmQ/wAI5z9aqS+LIjGHhypByysOPzrGWazgcCVgienbNWTp9hfkNCwjDcAAcGk0QzeR7HXNPM0UnlXGOvQg1x/2y9R2i80uEPQ4wce9WtT0e701PNtJi4HQAcVyLXrQNuuck9W//VREEd/pPiDTo77dfIyRnBcqM/pXS61r+jGHybHlWU5BGCfevI/OiugGtzhT1qncyTKcs2T69eKHTW4ro6cRWOpP/o8wVgfug84qxayw6dchWHmE9CT3NcJbWMhbzrdwjZOSDzXY2WlzLai5lIfnue470ezTC5o6hqU4kx5YUjv/AHu9QqZbhFdVI3c4+tVBfy6lKY3UAR9MVvxsQIvJYIRxXPUMxtlPc2kiwlchz+p4r0nS0a1AecgRk5yOeprg9R094LcT284e45Oc9z0r0b4bafPeWsl1rz+YkSHAbu5ORXFUXU0PXNKuIra0hu5SOuVHfHrXmPxDOk6peJf3cAV1G0HGSR74q9f+OvDlrdG1vZlhK4UqFOOPSvOPFGqWuu3SzaWchBtBBxnPejl15mFj0jwBr/2a2k02JFEbNkZ7DtWL4ySd7nyriTfECfvdAD710PgO007SdIfU7ze02cHfgKAO1chr2vW+oXEib0kiGSVyOBmhwu7oDzyc6bb3ChS0SEZJ7VDGsepvi2kCjOMsOtT6ldWdxbGGGLAzySOcVgxxTwMslqWAByB1HFa+zEkaF7ptxbSCFFDEnj3rSsodR0xf+Jhb5ilHFOsNTt2lE96NzoR24r0Aaxp2ojYyLiDGcVm7oLHnV7FYzIs9hmKQZyOwryTUjdfbH85t3JwR0r2jVJNOMhjR1iLsfxrzqXS5hPvkQhSx5HcGuvDysU0cgWwQQME9zWmjoUCsR/e/Guqk0e0uSiwfIMc571hahpjWL/cOD0x0NdcaqZLZmXdoJF4zzyRWKLElGHcH8TXSSwyGEy856Ed6oxgREoRknt6VsmUmZ1pazLKAQcHr9K2DGFbKrjoK0tIijlm33AIRe/rUeoW4gcMvEbE4Pfmpk7g2LZwvM5A4A61V1JI1DwuRI49K6OzWOO33IMhl5x61yF9bTPvmeMrv+Ue9TBgULG1kupwRIEAOee4FetJe2+h6VlSXlcYIPAwe1ZPhXw9A0Lz3+EjRQcEc59qj1Hy72UQ2x3RBsHce3rUTqXlYe50OhqddlbygMKu7nr1p9xBLFqBtI0wY+d3rWxoVrZ6Vp/7hSbqTjPYL2rjNS1C6i1F3OQD6etcl+absNnaW9m98m7B39B9RVz7Hq9hfLbsodAM7v4celZmgeL7e3HlTrt25IOM5z616hYanpmqwExtvLDIHf34rkxLcXcybMuS1064Hyr5TL1wepqzAGgYkncoX8RW6+m2t1Epjj8ojnca5DUL77BI1rLJweCcdq4lPmJNfU7qFtLaWKQZPVe9eSxhXjlYLliTz0zXcmyFzhYCWj6n1xXP3ei6klyIdMUSc5+b7oHvW8XYD/9f8fxwPm/Ol6kDsaad2cHjFHzEEivurnyDHcA7T1owQpJPTilU5A2nrTPmJz2HUUJg0LzhRThkZ54xTVKkk9BR8hwDndVCFXvnjNKSqgeopwBxzwTTSvbPIoAXgsNvSmM4X5W9aXnpilIyB60ALuHGDn3pQwJ9cUwD2xT+MFc4oATgnB/KncDOe/amjsM9KecYye1ACA446Cn1GOeTTgcggcU0Av6CpFPy4PWo/wpc+1NMCwMHrSjjkcVCATz0p/IOBzWtybDsjnJNPBGcnNM9M0mTxnmtShzZ7dKcPlOAKj4OQDUobkH8KDBig/NnOTTkBJPr3pBhOvFSKSORwD3oBDgeMntQOgA704KAMg5pxVh7VNjNiEAdQc5qdQO3eoVR26YJ96kBIBBHIrYsmD4IKrkg8Z71rXSPeOk0cYycAqvUY71kxElio5H8q6LQtO1DU70iyYxiNdxYD07UEswAMSZOc+h7Vahs57kebCjMA2M4OK9b0P4T6p4kSS5Wby4VbazsnOeuRyM/hXtWifAqGKzTU7u8kkggZUEEYCtK3HzFsnA6jA5961pxb6CqVIpHzrofw+127njCWk1w+Bu8tGdFDf7WMfjmvp/4e/BPR7BbubX7e3v5jgxlycRDuf9416dpOmHR7aXTroLCIgPLhDAnB9hnp61XvNWubNdlrcC1BGJEK5Lei5I610Kkc8qhJenTka3u/ssUE8cfkxMq7fkHRVHT6Yrmby51BIRcs8kkRB3LFtPA9cHj3qW+k1K/awe4VgsQJjZ127g/Rhxz7YqudIdoo5rNSJC5EqqcSOD02qM5z34qo0uUj2hcjvtPtVRrJWv1mADxspCqfxHI/CrZ1G7vLR9OgsTCDj/VoQAOvHHFdboklppFs8WqzqLQAh1UDzF59fWum0fxFeappl1D4TtYYLZXKF+Gl+rHp07Yrbl8jllLU850q3dXj0fQ9KS61FwZDeSgqkecDG7B6dfX0FY+vP4k0W1FrebYWlfYuxt208klSDwSRXqunSajoCXi6sqyRrFuj2cFT17jn8Kdo3iS5bSFNvCtzLcO27j52KngZwe/aixXOziPDWma1Bb3OoXWnSz3qSbfOdSVUMBwT2xW9qyaz9k+z25VmTDTIAAVGM/LUWmePfE1sLiSaOXThLKWa3mj5DMO4YA4xinz67Hr90b+JY7OC0jKSltqySMBknjjGTVOnbYn2jLQsbSbVk0iCWK7EaLcRTPhnj+UZDEDgg54qnJc6Jq06LPMViJbzHTDFCAQPxrEg1TRoPD9/5dv5c8qbIGUja+8kMXbtgdMVnx6zoWl+HriQWH+mQbRMFbLPGWA3KOg29aiwzoPJtbAtrELPcyxMYoFcAAKP42x3Irn7vxPrOtRJp9lb+QglaR0jIzK4XBLE47Dise0vtTP2e10OylurO+LGJiWZptvLAAc/LXf6V4V1XUibKxsplu9W2xrGY3bymUZOCBn3NO4vZGZFq9hNZxzmEWtxMxjeBf8AlmwHykk889f8mvXvCMN/rnh86FY+RZiCNmmunGCzqwYAY+8wU5wSOMnIrz/UfCGj+ENah06cy3DyII5VTIIuO5IftnHQ/rXXy6PrVrpiRWNirGUlbh3+WJQn8TDI5we1bRqpGUoNmysWpWlpcaUdVjvgjiWMpgMFK4O5cnAJHGSfr2rwGw1qx1y6m0fU5P8AR2Ekk0rnb8o5IJPStN7HVk8bWWiaFdImrXPyHBygDf3uG4xz0OOuOleZfE2zv/CuuzCcxtIn7q4QN8rMVyccDOe/FcuLrRdkd+HodT528Wqt3BKtxKwjjldYQxyfLZjgflitTwb4XRdFm1JbGWYJkuTkCNeob06Vw3iTWfMuovLhVWjkDEdc46KBX6HfCvw3HqnhLTZNSMcVnIj5jmUDzYjko7DrtycfhWFBGtf3YHIaR4ssJPhxp/h2wt3S+R3S0uHTPnRGRml2tj5WU8EZPY854+q/h9PYy+DjpXhu2YTW2wzvcRFWE8gCu43ZGDt6DgCvBNRvY/BehQ6dpNrFdQabNJJZnG9oJbhiX2/3sgnByD7123gbW9e09pF1y4+S+3hJFxujKglig6bWJ6e3FdyloefKBteIrf8AsyFBqLKXs90sYXnlc4YDjuOhrhc3mraWk93cJBqqbppIXHyzK5+/ycBsdhXXapoFpa2VzqMN2lyLoqxXb5bZBzu2k8GuS1Wz0y5LXQd47vAcFT3XAHH4dqlsIo53XNQ1i5u4DLPOq7VWItwq7Dn5ewwfSrS6lqmmay+q3l8zXrtHNnGQXTG3g8HHvWtFd2+oXIF3BJcPbRsVRR/HnB/KsnxDr76Zew2cloHupIlWNnAYJnpx1yDUm9jobvVLXX5JRrMyCQgyLKMf60dmAx+FdNpcy2UcVpZ3MZWbaNqgYZz1JPP418wx65qemytps9tFcTq2fkzkn6DrxXqnhu4mn05dU1BDFNISFRQdu4dMk9OOtBidJ4l8L2M91Fd6kqpIpJlMaj98OoBNc+yaJa6xE+mAwSFflVV2gN65q5qja/NPGLhmaxnH7vIIBK8Eg96z7eDU766h06e2xOqExS44RV96DZNFrxTqtxe2EOjRXcYW6bIUtglkPfHSuPv7XxHpGnG5e7DxQsvyg7up65POK6GDwHb3cEPia3l8oRFzIrHjj0HUGuWvlF4ztc3JjtwQVi6htvc1ibFLxJqMUttbW08bC/uirjByAnqe3X2riL271PUbdIbO2eOBZP3meT8n9D9Kfew311r5vIbpYo3zGqnkhe2F/wDr1qTv4mkurRraF7m1BEbtGMDy1+8c9AcUmIytB8MnxBDDb6pOLEyeY3nSt+6yCcLkng4969Q0rwlFqZsU+zxWul2u5ftDzH5wCA3lnk5J5xnFbHh+DSbvUkgvIEj0q1YmaM8yElCVyOeGOBnNegeHNKI0K1utZL/2HC8gjgVBlYzznI+YjORitYRM5VrmFY6D4hstZ03TNHgayswZGh1CFxPG21S3zgcAE8AOcNnocYqTw3dQaVd3Uuuat9tudQyztafLEJVbcPMj4zuzwwA2nPHJNdGsKfEDX4fC2jRqdMcMkHkFoHDbfl+9wGAHcAcHjHByLyLRbPSrDT44jN4isklhuZ5FZNpjbaFdOjZ7EHIxzyabihlDxna6doljpU1jLlNSaeWWIvudMFdu8dsndj+dfm38Y9UvNf8AFN5vUAwyMsca8KqgAHkk88Dnv7V98ePvMuvBpmt9ltq1l80Y7NG3DqSTjjgjPpgda/N/xbqM+pavyS00vzPL2bd06ewrzMXvY78ItWz174d29nL4J8uWcR6i0hTg7vkb5l/EZ5rpdDFxqL3UFsF8yz+XexxvCnGSMetePR6raWdrZafYFrdYkUOxPLyn77fQnpX0J4AsLL7KZJyd1wQLmQfeRcZwBWdFGlZ9TqfDdg0x+0X5RmgBZEILiU9lOMYHv+ldZL4U1LRdI1QahZzQ6leSCYCEK8SQk5I+Ulhjkcnjj3Na2jPoHhS8tdQ0pnuQiyKyzYwC/RhgA8V2GptdaTpkniG/Yy3d4fLSNywOGBOCrDgYHHX9a9ONOyPPlM828GRahq+txWtuywW8SE3Fy64VQFLYcjpu24z2613Vm9xc6JNFd3aR6LbSyCGFkG9nk5OPlyV+Y9Se/A610Xw/8PWdzfSaVqDww6fdqsk9zcv5UcajO0B+FDEk4BxnHaqb+MLO1ul8N6/FZ6vo2i3kkYK8jkkYV0OGUZ3YK57cDAGqiuxzzTPnuPVG8VL9nubcjSrQmKFwMFCQDwcden0GPWu2+Hnh6yl1C6uvE+oB1HlqspbMrRfMGVSeQWGB3r0aXRfDOkaEsTWyx6OGe4tld8O7HOQDkFjjgZ56fWvTW0Pwff8AhqXxpquiw6frGoWKTaNa2vmtFIyA7WEcShQxOAwOeOpJ3VDkyrmUviHSbGaz0a7ikh8NRvvhhMaGQlUP3sZzliep6GuM1z4j2dikOmXu+SRlxEYlB2QpgJuywwD0HHaqmjeKtN1cLp2uaaU1sSyFWKFY0wu0xlWbI5HPHWvJdaVbfX4rIuFnuS6zOOUj2jgdznAPU06mwUdzt/G+q67od3BawFHt5olnAQeYGVyQCW6jocAcY5rCl0DUriSOaWRBcTqSE3YjBxkcmuPs47UXU0Uc6264IEjHYGH9K6qz8K+IJ9F0vXLS9WOPUUMirIzbtqNtJ+6QMkHvXOrdTomrD7fTdffxD9k8RfZ5UFuyAqcxhXGQ3PJORiqEelQaXcQaZe6UHmkkZ4mjBKEpyCD7ele2WFtdvoN/LayGK7S3VZmCq3mgDLcHqTjr7157rfj3SNL0u70LS0S5vGKZkmhYTxghdxhlXheP51cIiVa5ctL/AEHSbSO8uA0mqwyMYoSiPGyOoBEgIHy8HGCCCc1ird6ErSSTQLumkLyRQgJlCchEXoB6Csqy0y41PV/IjtJ5BaKHaSEs4MZ9TgjvjNdLpHhLT7mZW0a7N60MvzvL8uAecYI7VsZpGVJ/Z4nu9Qezh0dz80asm35sYxtOMbupNVNXQavaQP5+6OEZzHyNx69O3pXovibRo4bKMaxG7XbhvLkH3cE4HA7A9M15N4Q0DWV1xLVYjMzMVynPy53Y2nr6mkBmp9qa6WB3HP3WJ4rc8PeFZfEOpS6ckslxDYgSyNjKEk8IfrzgE5ODivUvGXw5ie2sX025itdclVma2n+RGAzgDC7gTjuOeRkYryjRJfF3hWGLxnFE402O5jhv4oz8yLuA+dDgdThTyQT2zUqWupTXY+mPhvZ+C9NTVNdu7K9EunqEsoIneQtIQyNlPmBABzzj2ryLxH4tl07wbc+DLpbfV7q9ZJHmmgxPFtOSwIwu7C45ywyTn17jQb0ae9h8TtcifT9Ohu5XtryHZ5jeaTiJ4xuJ3BSDxjAx3JPn/iLxbdXlneah4ttPMufErrcQzeUqldjgMMjBHy7QNoyQTnrkZ1IXdxQieS6dKG1FltlRTbKMt2G4ZAI9q8w8Z+GHmt7jU0ZpUW5eMDuxYFsgfUcV6/qa6ZZ6VPqMBSOSbAVc/MSSO3X1NZfiC0l1Tw/ounWrlWKfaJWxhdzDKc9flBINcdaOh2QlynwLqKfvnLNnbXJ3bDymPdjXpvinSJNN1C7bawj3kgsMHDc9PxrzO8Vthb3rwsRGyPaozvYxwoHXkVeRR0HKnmoAvIZec1YUso9e1cMTtkx64DllAKrROnm7VICxj0pzDy4toXJcflUDTCNMFfvCqexMdzPuSobAJK02JQcEHA61BO7OAAMiriMFTyCMbe9Yvc64vQspgtgdhT84IORyaVI2Ch4xu9akaJhyFyAapmNyuxO7IIK5xUe471LPhRT3ibJ2gCoJIicI3Q9KyYE4k2kndn0PrUckksh5xt7ChFJIifGAODTJDkiPZgE9c1JS0ZpaerMmXwAOOKfdOGTy24A6U6D5IAkIqreHlcc1p0IWsihG/wB7HXpUxcv8vUDtSiy3ReaGwzdBSqjR/e4xwRXOdPMh8MMkSsUbdnnFOY7ow3QHrTcFmQo2zHv1qwx/dlWH40E3Igro5x90dcVXiDSSHJ2hSee9WYMLu8s+xzUAJRiH7cZoGmL5hilKv35zTNzSlgPnFLIqo3ms2WA4HrSR7mO84QnggVmarYsoWG1yNpT869U8MeJxaKkE2QhH4V5ipwygjBX9asx3eJAjABR6Up001ZmtCvKDuj6VhuRMgmhbcrjIxVvcqoDnJrxbQPEc2nXOy4fdaEfka9bgmW4RZonDI65FePWocup9DQxftEaUbg45wDTxIhxhuaz5X+UL+dPiDKQ3BHpXIenB2N63uWVgsvI7Cup069kS4GxgAMVwccoZ8gjmteycRzgk4zXHXpKSszvwmIsz6J0TVrgW7BeQB1rp4dSiaNWjAB7+teReHroFpE8zAVcjJ6muzi+zwuJWkwWwSOwr5nFYfXQ92nVO5mmJiwwwGHGa4y9vHhYtjCtwa3LllWNXLnpkem2seS3W7hdfXvXNCCNXNPcv6fdEx4C/fGOfSudMCwag5jGACMAVe0tpWxa5+ZTgZ9qlvvMsLyOZ1z1BHrWkVZmbtY0EupXCh8gqOld5pcym3TzCRvHFcVclPJWVVAcjIxXQ6RIJYII2OT1PsK56y0NqMtD0S2OduDhkOeK6CzlymZW+YnHNcrFMAdyL0/WtKScyICg4rzZRZ6NKzWpcuT5VyHA3YP6VJdYmtjKORjpWZCxkXc556c1ZjmdV8rIx6Ulua1KStocBe2ckjtMiAqnXFOMQmhXyyQ4rv/s8JR9q/f61hxxwRXDIRy3T0rpVXzOOVI5+2gt4ZkVyF55JqPWbC2viZYSN6DANbtzYxzHbj5uxqqbJdoQjDr+taKq+4RpnOReG5Z7CS5uCUVBjjv6VwDWkiSshPAOOa9Zu5LyG1+yhiyE52iuSvbCVx+7jxjkk1tSrMnkOSWykDZcBg1Ymp6JFcN5kSla9DNgxhQKdrd6Ymn4cJPyc5rsp4hk+wTPFrzS1hXCjnvWa++1tXjizhuTXser6KrEfZvmJOT9K5690aRfnijyij5q7FiTOVE8nMIZcbCO+TSR2s28FRXpUdgt42GT7o9KiuNDVM+WC3t71SxRCpnnKWTJIWfBzn3rL8lpLgq2Rt6Hp+tegPol5O+1YyMnAC8/pUE/hq8gRnkjKEDoRitVikW6TOax8m0mpdMd7O+huUkKNE4cEEggg9cjmtm2sVt+Z+SR0qvLCJpdsahfpV+1L9kyLX7ybV9XuNSlOXuW3H61jxQyTS/Z4stIxxgda0HT94Ex0rf8ADV/FoM02oyQrNIRtQNxgE5IP1wKftTNUpI5vVbdNMEdqV/f/AMRrGBYYK8nsa13hutUu/MuMtJIfvY70640n7MXWUkMoyv1q4VBqlIoNP5kaoCOO571q2OjPqNvLNAMtANzfSsuCMSL5SnLNzW7pd29vO4DGNGGxsdxTnVK5DCG3IJyuCa1Lu/M9rFGWJaEbVJOeBXVeKvB50BbaVLuO6S9jEw8scIp6Annk1wpVsbNucdqiUkwUbFy41C71CGOKeVmEfC5PT6VVChODyfekiUswGCuK2YYYJMhxnjrUNlqJn2c22XawwpqaS1kaXjDKx4qOS1kQjGSpPGK2LKzdpEd84FJzDlL0F/Ja6ZDbRqe6kdttZpCSRDbgMW6V0U1nHK21UIUcAitXw/4dR7kS3eTAhznFROtYz9lI5OOyEkuzaTgdK1dAR7HUI3aMkKcEe1d3b6XC1y1xCmQD+labWBlIVIwC3tXNUxRt7N9C/Fcyyy/N0I4qu1mWycE5NW7fTni/15IYdBW9FYOxKhtorhliAhTZz0KXNraSspwrdRWLNPuPzZya9VtdJhW2EUh37uaP+Eat5fmMOfwrOWKN40zkNAYuVjkUkMe9d1bIBKF2HB46VoWumQowijiAI74rXt0ihbaeWxiuSpiLmrpmWlrFHN52PmFTlHEokxyDWuLQSyBsdetaawRhdpXJNc06x0RiZsbM3OOaY6ybssO9bQhXGQMYqEQm4cqO1YNmigyK3t2flumKlWFgxA6dK24bUKMY6VXcbJCFWsZS1JUTLmjOQqjJrZsY/KiCngk5p/2EGLzm446VXt5CAQ3OOlTJm0IGnN5axFXP0qC3kVAZByaqXDlyNw5qcgRKM+lYS3NWhYjJJcFycitFY8ZbPJqtax/J5v8Aep88nHPy4pGPUbfXCqRE/PFZ/mqY9q/dNQyq8nQ7qpTyiOLbnDZxWhDZg3d55N8VHTvTLuRciQdamFsJrjdIeM1kajMqzvFHyVrZR6FORQSbfcsCPlrN1GWOJGLHrVmKKWIO5/5aDrWFqPzyiNe/NbRpa3OarINHt2kupLvd8kacLj171LpUl1f6vslwE5478dK6S1t47SwVGwGZck9+aqadZJbzG6QfMeh9u9aSn0JpnR29lKhLv0NY+qxyQAsgxmt8XbGLa3BNYl6+9zubPtXMXGVjhdRke4RA/VT61Qt7hbSfzScHNal+PJDLJ8pPNcJe37eYQxAVO/eu/DwM6tU6HWNUeZJLx1yJCFzXnzXcst0yA7lbtWjf6pLNo32DbtZ5N+/vgVzYmexBuk5Yfdz1zXs4anqeTXqlPWLx2ZUcfcPGa515bhGactznAxV66uJb6cO5wSOhqndR7VIyM17FKJ5tWZVvrmW7kEz8NjHHGap5J+8c1E0hPyjrT2y0YI5x1rsULnnSqWHpbTzMXC/IOvtVe4lePIUkrjBx1rVXXDBY/ZEjGT3rm9Qvo4oXlk+Xjv0rtw1E469ZWMrUdUjs7fCkl/U15Fe6zKtwXmbzSzHjsBUviHX2nvDD/COhFcJe6lKWZQo29z3r6nBYVRV2fGZjjHJ8q2NLU9QjmmXy22p2NMeSS4gIPWsUNyA3II474rXhYjCseR0Jr06tPmjynlRnyvUzy54Q849ai+0eXynathbaJ5w0nK96dd6RZ7TPG+BjpXzWJw0oSOmE1LYyFvPMbY44POamgbcc87c1QOxGIA/GpYXdWKp6VxuBq13L1y5jjJxwayGGWzjIro1iZ4Asw3ZqibeLeSynb0qoomcjNjiDHmqs0Zjcg8g9CK2JYFUZjFZsjtgB8cdKsyIIpckmNip6VtRaxcQxhQoOeMnrXPfOzbmwDnpWrJZEQCQMOefenyARaleJeBGClWA5NQxQRmIM3zBh680wpggDn1rf0GztJpSJ3yjHB9qUYt7GspJKyKFvcPbkLgleldvowstQcpPgBfvev51DqXhSSUf8SxS3celX9O0htJtGWcbCeWbtV1IuLMIz50actrBIrR2xwqjIGcivMptMufPnn8sEKTzWncaxeW85igb9yODgdRV7/hJojpUli0Cq78bx1FdMIx6mT5jzqWR3LHG3J7Ves4YtoDybWJrtfD2k+Hby3LXlwRK3TPAFV9X8F3MZEltIXgJ4fGBio9k+XmNfax2OwtvhiraFFq325ZAy7trAf0q54LuJ9Guhbh1I3HAPHQ1b0XwVff2Ujx6ngqvKL0rnLyG600ck7skBscjFZVZRmkkXTTju7nW+PPEFlqtsLS7j2umdpHSvnhQFnfdyuf8A9Vaes6jeTSeVK/Q9ay45SwwOh71EYcoMQ/I52HOea11FzIgY424FVo0KDzmxt6c1dhuPNJRDjiqkjNmzpbvalbm1Y7kOTW5f+Jv7Vh+zyqUda5qKY2/yk5LdhVcwpLcBgDnPJrJrUXNpYS+hRy06HJQdBWK4deWU4auont0JR1PQc+hq1Fp1tfSqGG98gBQamW44bHO2+nwyw7/MCs3TPXNd54P0C2RW1C5n2mPpn0rTuvAFz9njlhVT3ODyK1Vh0zS9N+zXU/71uABWe5psczqs6XF35qFWjT5VH9aoyW8jxlomXcO2asNpcNxuMdwAvJGeprCmtLq1lUwMGRjzzzQ0Q9TW0q2mup/KQqjjJwTiupbw9qkMZmnQlQCfwrnNK0X+1JV8idQwOTk4xjtW9rOq+INItxAZzJEQeOoIHbNQ0VFHJ3mkpcFY1fbt5xnk1jjTtW01zJZS+YvYFaparqNxfEPCPKfrweBVqw8W3VnPGsqCUR4JJPUVpYhmqvijUoFEF5bhtoGSARnNOij0bWGc5VXPGG+XHvWtqPjbRNc09oJrIW8g+XK44964ptPtbiMSQShcrg/MKTiZ8rNK58K3Nor3Fs+9AOnY1UtbJbjEMuEJqqusalBGtoJC8aDGD3FWrLUY5lZGXDDoanlEQXlqdL3CJgVzx9ayGu7qQ/fZAeoHSugNlLfzeTAd2/selZt9o9zZTeVJwR6c0+UVxLK8FmxcyZz1zXX211YXSq8c+x+4JxXnTWUwjMoT5Oh44rNlVx+7BPHNLkTNkjvL2+vn1BIILhpAZNoP4819ieDfDUcfhIXwkLNIGYAdAehFfPXwg0zR9XYS30Syzx9R3AHORXvD+JLnTbaWySEQW4JAy2FyDXDXp80rdiz5p8dWFo2pELKVmdznBHTPeuu+Gfwv8Sa7f/aoJWisIjukcuMEDHygDvXC+LbO2ub6W6guEl3nJ2sDg9+R6Gvpv4Nw3Wh+FJ55J9qlTIQGydoHBHvWmI+FRA6rx5Lpun+FzpkAVHiA2AdfkH9cV8jLpjC68yGRih6r/DnPH5Yr1zxDrcUssk8xBVskKTyAa4ezu7e3ufOiRXB+b8e9YL3fdIqnK3NpPNM3lZbZ/D2zUdlrFxY3XlXtvwvGMdRW/qup2jnzEYpIT8wAwKqw39vOv2ZhuZj1IyMfWnFsSGxmxvJjLagxq55XP9K07W1SGRnBIyOo6Vg3WlOXaS0lEYPYetWtPudRgiltpk87I646USTYGRrEJS52JKZGB4OeRSwHVkhJaAyKSAGJrSjSKS5jcRZYHLZHeuythFff6NEmFHXHSp5+XQDmIVsnhIkdYZcenesyXe7HJMiJ+Veg61pFutgZSEQgYAA5rjLa1kFu7oCSPvA8Cj2gHN3VpvUCEBefu9qcLOGBd0sZEkg69q6C0tTcSs7AYj55OBTr6VJ5BFt3BfT1roU7gc2sIhTahyuece9SCG3uk8l13R579verF/pl1bwJcSLshY8E9z6UsTrbWbXJUEpzxzmrUmO5Hc3EFqFtUGN3yg45HvXY22j6dewRW0i7nUBtx9a4S0naa5Mk+Hbg4HTFeqpaiS2WW15k2gjHXHpWNWTTEVn0C4EEkFlGzSOMqAM9K8lng1K01JoJ4WiuWbG1gV/GvatL8U3OhyDzAWGejDP/AOqmeJNb0fxGyXskQW5TGD6VEJO7A5fVtSl0jTYbaBgXkHzMetcEjSy5kdtwJyCfWtHWRJdnznUnb0rG3zohkjTOeCOwrWkkNs2bMW7TMkh+duv+NeweDdEt7S8F4X3CRfunp9a8a0T7PLqkUUoJdsEAd697ewuLe2TyMqQAwFcuYS6GbOoniuF3HcQg9OBivN9WnKzPJcEHZyMHnFddDq18I2+1HcoGGBrjdSurSS68xlCmTjHbFcNNWENtLq8vLJo7eD73ORx8tdXoemXEETyzOAuBwe9ZmnXDWtv+7hG1uhBrpYLrd5cecZGPaioB/9D8f1xjijA3ZP5UwgkbhT+cYPNfcnyj3A4YnaMGjJPX73SgDk5GM07H90496QiMrlRH3U5pxbnao+Y08jJJY8mm5KnPUVSZDQ7DBcGlznkUzdwT0pMYO4nrVCJD68ZpDnPqTTcbieOcU/b0A4oAQ4Jx3oJBHvTlVVHyinYx7UwG4O31NMVeTkc1IVDHJNLxjHWiwCYP3e1KMgYNKB+dLjuOlNIAAJHBpuPenYPPHSnbcr0707ALjkAHpT1J64pFHI9qdxjOatCFxgBuvrTlweR0peijuaOvy9u9bDDjkFc0A47Zp3A+72owD0oMGMboDjmpkjcnLdD0pgRjwB1q6iTRqWVelADdvOPSpBHlwGyAauxRLNCsmwqz8dOK9L8L/Di71e5sCGkf7W65XyiQEPJIboSBzitFEi55nNZlVXyyT74resfBniC+hFxHav5Tj5SFJLe4AGcV9Yt4Q8I+Erd7S6hWa9dg4ZkBKqRgD0A4PXJzXVeGfE2haXo1xawWpS8DDyFCbgytjqT0HWtVSbMJ17Hy54c+EWqX6SSapKbFEAZSVy0hPbaSCMe9fQHhrwz4f8KwqtijMFwXeT5i7DvjoPwFd5ax2+o3Ukt2HkLLtG3gBv7oFT2hGlWd3bCMSLcsY9rfeCntn0rphhephUrlBtXltHijhhU+dyA/HHriuyPiuR4be0ltkt4E3AFDjeR3+orGsNDt4NRX7aUumwMFf4FA5FchrazW1/PJFIj2i5EfJz74FdS5TDWRs6l4mnRpksrbz2jGZpzkbV9Ae7V0MttcacttqNtIRcqqSxmQZOfvDINeD3+s65DItg0/7oFZNiDIPPAOOprvYNV1q+mtXvJtkZJJV2/h9AT6elRc1Z6XLfSTaVc6prXm3L32QJduYo3XoQRwvPtXAaj4jsdIRhZwsLzbhrjd9zPBKj6VsaPrMtkWspUF3auSwhk/1fTg4PHXniuWudPjMySww7sf60sDwAc5X2xxW5k0adraReJdOkMt6YsBSgB2vJnvg9c17H4eurXwboAtNQtnguYAziMLgzIeQcr1NebMi3clncWHlxhPvSYyyhfY967ttSs1+zNqN0LqWKFh5u3gL1xgd6ARpv4psNUb+2L2xW5t0JeO0cCRSmOuCMe/vWYmqXUS3N9DaW7S3UJNtDDiNIWIG1sYxuXr71TjnubiAf2fHE0WMLIBhmXthex9u1Uf7VudOi/sGKF5ri6YCJkUfISwyXz0Hb2qGuxkcJrd74oumESSOyX0m64mKEqmMDggYHtWVe3Etq9zBdStHJJ8uXGNwwMHB9R3r3nVtN1DWpodK06RYICcBFCne4Bxk8fnmvOm0MQzCXXMTSRzEbmAYhVPIGPYVKmao8/0+LUnMFrKXkteDgLnaPqOhroZ547V5boQtcXN9CbQIw+UK+OMYzmvSpda0KOSJUUTWoXawVPLYntk8V1FpoiQrNfXGmbLu3G6NHPmKVboe+GFXa43UOEs9Iu/DLador3kS38BLRKj5MfmnDfc56ZzxXoenX2veGvHYjgvDc2mrFfJaORwYHVcMQCcLnJzjqKv23hK0g+y3dsHfUrXe8ckZVHZHyWD5BzgdOelVJPDt7L4gg0PSZIrq51LdMkk8mfs2wbmU7V46cY61lKJmpHoNlYQ2GoHWtTkhvr66cyRRlhLIZgd4Zt3Qk9+TUEp1/X3u/EWtaidKi1FyphMZ3PtUITsYjAwMZ65zXHfbINC8b2cUNwNTjjXe2wMghuEyTyR8wXHXvnkCu0u9T8Pa5cmXxFdi5QkfZoLeRfMViP3m/btYDgcdf6zCmyZSPnWbwboTalqWo2mpTSWlkU8i4UiNlfI+bgZ4bOCBXz18TI9W1LT7aW8Z7i6WYs0zsZGZQuMFzySBjFfXvjfwhpdjb3Xibw7O66bHLDm2VXbAYKCdzNu+/2I714z8R4LJ/BN2tsgEs+0REgA5LAtg/7oNY4qlfY7MFW6Hw/awg6xbz6g3lqkokJIzjZyP1FfcfgjxLq/iy30iLw3aSQWulxxWcruPlOQBwAeUI68cZ59/hyCS1vNTSG6Lc/3SB17dD1r9Jvhz4m1HxT/AGVqumwpbWtuGtHVYyOIYwAX5PzNkZx+FRR0R119UbXiS202SKGa3ZbWKCV/MyNkgZfqeQ1cnPrOdXtpYcyLKmVxxGjf3dvrjvW74jv7O3v5rnWhH9ltmO7dhwMEAHHX8K4WU2vju/aPTXWxsrTlZCmDM7AZwDt6DtXVc5GjU8S6xcCE6q0yLG2VSPJ6r6+nNW9LmXVLQ6lPcCxMcYJ8xWI4+6M4xkn3rzC/02GM3T+b50dvKFhcNxIq/eYgE9TVu48Z6/rEv9iavqW3TZcMyLGuFUdACFz+tBMDv7uTU5bcahpEzobPmQRMUeRWPYjrjHQnntzxXYeHNI0Iaa3jzVs6zMVfyYCytmYjC+ZnoRg+4PbIFVfAHiTwbdWX9jXmESEZZrhgfO7blYYJbAHGB7ZNc7BrFnoGlrBcgeXKSWGTnc3cDuaCXLUkj8HadcanaeJb6OO3tYI/m2OMtId3yj6Z6VoNcWuliO3trgsiyFkbsxPO3nuPSvNp71b/AFKNYw8lmGGByFw3Rjjv71ctA2oWM2nCByYZTISh3EKON3PT60GR6a+neIXt7d9UvhcaXcfvIY8BUWSTJwzKNysMn5emenesm01PStN1KS+ukub2e1ia0e2iT/VShvlYkkKwOOoJ4NV7/Wo4NBj0q3eUpCwlZmJ+fggA9jyc9aal3vaKMSeZdTnLD+IHrWnMHK+pDqNxJe280ZzZQhjNIsY6n0zXmEry3EUk7tJHM7cA9Nvriup1GfV5rl9Otbk+XIx3IwwR6iuRmmn825hjbMoTaO+0jriuaqdlJGfqF7pt7qNmZEKSEKspXHKKecZ4ziu+Oo22jaFPa6C8k7s3AkXDxeu7HUED+H1ryuCx1qztv7VuY1uRDOpZfvYAYYUjrycd+9fQ1tpNp4v1xFhf+zpLZQ8twkZZYwQccD3FSh1jJ8Jfa4J31qO0kaIFGBIwpdTnIb2Irp9Mu9d1TR9d8Qa9cvbPYXcYSzeQqjRTfKh8skYIO7t7iuq8Qi0XSLnUL2eOcadHHDbI0gjklIwN+0YGX68A9OnFecXOraFea9Pc+NdMgtmPlPBEl4YQDGOQ2B8yuMdMEYwOTmtloc0TXiN/NbnTppVt9Nu3VZDNH8qZPEgbG4Y65+769K9WsdD0p9QsfD1vGmsXNnaAfaMrIjIffo0YOMZ6ZPua8vfxza67JG76aNM06FoUkCuJIyisCSeBzj9K9VOo6ZoOhyaz4fVTPuKRSxOHj8tjggMvoewNDmty1ds+Rf2gpNdsdfuNE14LBp8SF444dpymADkrznIPX8OMV8H3kTrfFmcFQcqB2GeB+Ffbv7T8pgl0iG58yaPVLc3Ml2fmc5JUovouME/h6V8PLaxJKY0lJXJx2JHavIxErzuexQVoHVeEba11TxDbfbI/MggcO4wTwvOCOmCcV9g+DtNuNXtriSwtxJJcyFEjXCnfgEDsO9eefB3wxo94g01oz9onzO4fC7xGBhQx6gj+eK+6dUtbPwVcWFrcPZwamz74JpUeRecKuSqjac988YzXZh6Wl2cVeprY4OytbSe2ku/HOnSahPqn7uN7e4Rbm1lgLA/ux8pVsDPp2qndeJLu91l9M1rbcxRw/wCjvIoL+Y2AMYHJ7++K6HUNHudMgbVtce0F7eXASIQOfmeVicKD27gVlhBoRt9SaOOK8WURwyzfKcuMBxuG3jJ5IrtPOZQubvUbVdO8IC2uNQjuQ9xdw28ZlPzH5BwM5XbyCMD0rPstD8LTPa2mnaWUsbYhrqWUsoeZhgliGxu2gccfSvUl1KbSdWdJnBv4FHnTRDbvkYcjoOoJ5x+FLH4U16xLeH9K08SKsS3Vx9pkQjyi20yYDL+AGT7VsZuoLa31nr6WLahZ2EOg6Uz2/wAsBdy3ljDMMFSvTBGOc1meNta1Xw8ug6paXxu01eGbZCsIT7LHlCHVuT828Yb5cEGuT1DxPDovia4+xXDNoEcyyfZ7RATIwQKykMMYZgQTzxnFebeJdcvdYtrdNLlkku9QjdRHNIzm1jQnEYGThQOcAcCsnYKdKW5seKPDFrZwrq+l6w2qxXMx+0vcEPIHf5i52gZzyTnv9az9H8L2vnpcalLLb2TyAxbgm6RT1we2R0yPzr3HQtC8L6hoOpyp+7Frp4jyluWjadQcEkfdfG3k9eSTxg5T+ELHWNMu59egbT7XTLcTWjyOYxIxGQTuxlXIAz78eoiR009Geer4MtWuE16RJmsUufIjineNTOhDcKFH3sjhTw3Fd7o66uwt4NSuXtNIsT5MdvcRIZAmOBlRuxnHU+uK5iaC70yBtY8QwW0MDQm401TcnyWmQAqwAK57A5A9qisnOsmXxV4uuLG0ttyyQQ+e0QfyupVSWOTgDrnrxUKma1Z3Ld1rcWsWs1nFKs2kv58DzpA6zJgHYxHGRnnke1cZZaP4fhHm38aalZsMLcEtFPEw+XAC9fYGtC11fQb6e+vIrf8AsuLzFlWNJWYNjBbtzuPbFY95qumXMElle6WI5A4e28reCqg5YsC2G44NapHLdnYvDBcGN9ImltNISIWsxhkZWk78qcbgeOKx9KuofDOrQXpi+1WaSFXt3JQyjtuwDzz0xXoXh3w7oGt2V1f6nczRwW8avCLMJlnPOW3K2MYHOKt6z4W0Dw+P+EljW8u57iJZUeRY5EiJ4AIVB6U4g5npFrFpviLTbWS6haLSyWE8ask0lsTkKOhIUsM9Dx7kCsTSdMtdFv5b2a3gnt7Q74/KjKCdGyCWxhkZeD3571NqF/4d8JeA7Hxfq9rDJrc0kc1tb2xFvI8Rz80sZHGCDkhSN2FzgkDj/FHjm4c6L4g8RvJp+l3lrOiRlVDQu2wkGSP76MuMAjPc4yQuMkzohK5zbGLxTrsVut1PD5DF/NuCH8qJHBXBz8wBPTAGeRxWhqkVnb6Rr3h5FiuNH1K6WWVpAWdZY2DEoc8K+BnIPtXFeG9X0jxlrsVm8ZsoYQzsy4YNEvOcjHzEkDuB1ycU3xdrekTJNcaXdTPtcplwFRozwCR19OoqWaEGsPFf2NvqF3PMbe2nYQ2qt+7WTuVHT5sdqytY03xHqKQyalG/2dRti3nPlh+v8hTE1LQ7i0tdO87zJ7NSfl4U7up//VWrq2psNEe3mkLSOwYMG4BHSgDyvV9Cv4tShslQS2qJvkkTk55H4c4r0LwB4T1vxO8+JfJ061Qo89wRGIUClgf9ocEZHQjk96w5pNRkhhhsLZ7i4uWIZIlMjMqgkkKoJwMZ9hXqd3Drfgm+sV0mG11TTZQGJuRvLgEF0dFK+3bH45FYVYXNVK58ZftDeDn8KTeXOIJHu3MiyxSmVJkPVge2GBHIHTj3+OLzcqhSMV+nv7QB0rxbfSDQrmzvNNtIS0Vs1v5TRdS6xNtU5OAwHqcDpX5pa5AbCaW2mxIUYqrDnI6g/l1968DGJp6o9bAVFJXObXlgMd6vbSV35wo61nK5Rga0UORs+8uMmvOTPTkNl2kq6PuqtcHBEnUDsKvznypRFhSpHas256FYflzSk9AjuZO75zxgVPCHaUEjg9aSGECTa4zmtiKOMxgDAYmsUdSehJaxxpk5JGeRUl1siUlAeeadHiIksw20/wAuN/3kknysOKtkWRmSkeXkAkHmq52KvyKfm9avsrxl8tkEcVk3DuuM1lItRRKXCy/Z8ZPXPvUS7QxQ5JzVYuYyzFiPrWpYREjzt2S44pR3Jdki/DGvPO1hVW7DMNijk9DVxkbZhl+aoBCocOScpWk0Z0u5UEpiBUqQT3qZWcASL8271psjGRmJGSDxSIm7GD17VzGxPiKRd/8AEOvpTGYtyoLY71IU8tPmAK46D1qt95sqSqnqooEiZShkwVwGHJ7VGV2qUPzAmpWdQm3oppyRMqDaOPem0VaxWKb1Xy12lepNSbU3APkyD8qmVUR8O+S3arBkMfzkD05pWDnsRL5km7dgbR+NZ8MaI7YyQaulsjeGLufTpSqGSJ5NgzjiokXEpxtKJMncFLZx2ru/D3it9KlWBvnjdsEeme4rhROSN7Hg+nIFVXuVSQMnzEc+lc9VXR2UKji9D6rtbiK5AmilEiHrVx5COVXivG/DOrmKNFVsKexr06xv47pCyn2xXlSge/RrXRfiJR946VbF1lvnbBz0qmrZXaB071Yksur5ywGawlA66czsdH1JkLFu2NvvXpEGoyXeFP3sDOOleMWriLbuHGB0rpdO1aSO7WSEZVF+ZR3968vE4dS1R62Hrvqezx3Nz9mMTkkLxz2rbt5kFnHCV/eDkt615/BrIu4RzjI+YHvW7a6nHcqC+I9gwPfFeLPDu9z0Y1kaFixtLlxK3zFiwJ9a0NWWW5j82UdOfrXNXEm+43pyBjNdVayfbIdr84HSsZx1NfaEelStNgSDC9jXdrbraASwsGDjmuDsrbzboQRE7TxgdjXqEWmxwwRLNklR0rnxB00nqJpkkrAo8mQnvXd6LFHMCJcbRXnsUSLdtsG1f513+iv5DPbzHDONy1wNHoQNeeG1gQlUGT0NY7QMuGHIbqfSuoeNZLIAjknisO1lwWtZG6nqa5pbnXTegy3YPGyZ+YCsaaAvdKpPHXpXWPa29ugWMEu3cVkz2Ukc4ded3Sp9oyZIzLlXTa4/h61Itqbg+YDg44FbsECyJslUE+tTQWRhPT5e1WqrCETkHtWL78fd4IPeseWFp3ZNuz6967q602ZC1wjZGckGqUNss5KFfm61pCsbQpHHraxggTR4OetT3OiwXUfmo+w966Mac8k3lAAjsTWZd299alomjwQe3TFaxro3jQOQl0FhKGSRvk7VRu7ORXCogyfvV0j/AGjzAmPm707+y765DMiDj3put5mU8OcmuhIqmcAA9xVQWsfmeWIw26u+XRr1oy2wlR1qsNH2sHb5QPWl9Y8yFhyjbaLalVLfI3tVpvCv25SH+ZR3PWtNIRGAyHp7mtW1WeSHIOOaX1p9xPCnlF/4ClluvLtx5h4rmdU8Hy2pESxFWU4J+tfSVlaOgJYfM2eaz7vSt8rNKQ7ZyOK6KeMkWsMz5e/4RC6eUZTbjkVs6Z4KVmf7bEXHVQO9fSrWFjOiLLGoKDApsNtaWEUrpGHz3x/Kuj6+S8OfNN54bjslMkEBVweM9qzb3wvdXkH21wCJBwB1r6CuoI71wJUA3ZALe9akeiW1pbxWkgDKnIz71r9bBUD5ftvBK28EUig73HLHim3fhSW3ijWEF3J+bHHevrLxDoVk9pZFAilOWwOxrlF0C0Nxk7Tjnn+VT9cYvqvMeBpo17cWyaftJZVwgbPSqNh4Xniu1N7Edqk7jzx+lfQWo6RAL8GzTbwBwOlTXWiR7Bxudjk8c0vrjH9UZ88Wfg26u7iYoPkD5BIx8tdLefD2XTmiIXKyAMQOeK93tvDDWaLnnzOw5rSudHme3jaQbgoIBNZPHPuQsOz5sbwUZJAVyoPQVan8JXNgBs/eAjnFe7R6dGOcYYDisbUbeeSX5VBwOQKX1nzNlhGeW6ZYKrNHIhZj2Pau8tLWH7OIRHkDtW5ZaIzy7mjxuXritu10cRybwm4dKUsSS8Oc/a2ESR58kKrjAqr9i+zShj8wzxXfzwwEKhUAL2rKvNMMzEwJisJ1RRw7OZKq7BffitCHTM5JkI5/yK0LfQpQ/wC97c8VrizWMgAHNYSmXGkWLG1hCKvBwOa1myPlFZ1pbyucIOM1r7Xi+Uxlm/lXNOfc0VIhWBlJkUDnvVy30kNMpkAywzUpincKCNoIro9KtwrCa4+bHaohO5XIZb6W8eNgqoLScNz2rvxBE6M5/Cuek+VyVPQ1TS3Loq5hmN0wGHSmQyKkm5V571ffGST1qizYYdq55M25DdjYSx7kpY7VM75BzUgkihhGKFMjguOlYtnK1qQ3G+QLHCcA8UwWyW3ynl6shGUea/AXmsQ3Et1dMVO1RU8xqmWyA79MmrjorgBxn2qCGJsA45FX3iKorjrSCUitIwjjwo6VgTXoll8vPI7DpW5LHK/yjp3NY5tlgld+DQToPgICO0hxxXPyEsxLHIBz9a07ogxYU7cjn3rImBggQtzuPNaxV2ZMZc5eNxGcECuKt5SZmmkbdk4NdBJckS/K2FPFY8wijfaowGOa6kjObsh1xcKqFmOF6Cua0W3k1HVQJW/dDJ/LpWpqM6QW7RuwJYcCrHhZDBDNcSjAlxtPsOtdF7ROW92W9ZZFnCIMjjpS+c0KxsozjtTJv38zsvAzVa4l2iNccjrWBuXrmcz7SvGax7xjBIHdzirgDOBsrE1S68s/MQwAq6cLsic7IxNSuUn3hj83SuLmsEeYSHjHbPWt65mVyzoP1rlrq88kknkqORXq4anqedVqmZqNzAk5gJyE4FcrqztJJ8jAR4oumJn8wdWJqs0sa8P1I5r3qFI8qtVKiudoG7LDpUMjZRnfJJqNSGcvkALS30kUqoEOCOtenTpnnVaxkSv5Z3VPCzbcE8PUUypIQpGOMVvx2sVposmpyscxkDB9Old1Ck5Ox51bEqKuzGuhFEjysw2oO/avEPFHij7WGsrZsp0zXReK/E6XCT29q+FPevBbmeSFjM3PPSvewuCtqz5vG5hzaRZZvrorJsGSVHB96zon8xiXb6ioZpgxEy8jI4p8YjYEk7STk4716sWtjxZq6uy3Hl8iPnHSrccrECNuJFPeoIUJHmgdOlTYxucMCT1rrTutDkk77lyC4XdgtgA856Vcu4Nyb7eTdv7VhKcMQeBW7BuWNVzyw4oeGjU0Zm5yjsYkllPHjevX0OaSJljbnNbvnyKfKdR9a7DQPh/N4lt5Lq3kSNkyFDZ5Y9AcdAfXn6V5OJye2sGbwxy+2cF9tZ49qDG3vTS8jJk84rpNX+HPivw7PImqW3kIgJ354IHfBwefcCuI3Tqvfg9K8qdCUXaRvGalqiy10D/CSR2FJNLFLEMKB/OolP8AFnBp7xOBvA3Dvio5SiuYVHK9RzURLMduMk1ZYSFwOxpgtpEkDlSPencBBA4J3Hj0qxaq9tKJlbAPJBq9JbRMihR83rTzbiJUhhXzJX7+gq3BrQTknE9d0fxBDJpSRfKGj6+pFU9V1K3uIAuDtxmuG02AW7eYi7pT2zW3Jd3CoY5VCDHP41s5c71MIvkOZvY9KvCDaMxlzgjpg/1rHvtEvbO3e5miIiPRq6nyLCON5o28tgOMjvWvo2i+IPG0fkytHHBECBJIQFxxgBVySfc/n2rVUVLYnna1PN9MkIYInGOn0716Nf3129nDaIcBsDaKx9Y8LL4dufssUpmKrzJ2zWXYTTNegksxOAPT2rmrc0PdZtSXP7x6dZ22qadbiUTbVwCynn6fjXM63qgdWJGXI5z2rtr3Sb23sxe3TuyFRx2FeQ65dWsJMcI80S5yxGCuOmK5aeprY5m6hWbfMxBYdqy1BHygDr+VPkf5iVJxnj3p/lbxvBxk81qIkaMvgAkH9KSO0ZZgEbLH8qcz+V95uO3pWxp7RQuJZNrg0EXLNusoYeam/Z3FaVlLYrcYvywRjgKtV459sjyovD1dgNog+0T24Yk8Z607CJZrbcpMHKds8celaXh+2mSb7VHH8yMDu64x3rO+2RTAwkFfpW5oE0q3S2kLsiuRnjORWFTZlx3R6zpGrR6ij2dwSu1SckHHvzXhPiiVE8RXA02YSwZwrE9+/wCVeseJ7aW20t47CfbIwBBHGD3/ADrxS3tiJnlnjLEjuDke9YUYXOitpuVpPtqFZA5DdgOg/Cuv0fQ7jWYVbcNzfwg1xl7eu7+WmRJwK9M8H2usaYN0yA+aAUGea0qKxjBGdL4Y1PSGaWKIovqDn+VcrfaxMjG3lfztvABP3Sa9y1fXFismhmUo+cE+lfOesFf7QeSLG1uuOPxqI6mj0KEqsrZ+6Ox9qyZGUsXB5zwa0J7jYAjAlT6etZchTfgd66IRRmhDIFU85J/GgTuArDt71XYBThKI34wVG2r5SrF6HUQMrJ95uB9K6C3aOODcxG09x61yZwp3CMdetben2l1fRstuNxXkisnEyaLJ1C7gkDwP9KnTVpXBkuvmLdfWsqVZreURyLz0wKbNukUc8ClyiOqtdasJU8iVSinpnuKzNYhsJIf9AkVpG4wa5aaPgEHBzWt4ds1uL6NXbuc57ip5FuOx6f8ADvT9d0IrrRSRbduNwH3hnPFek+PdftNS0QMYDbMq5XnOT+ldLPOLbwypaVVRIhnaAcKBXzL4g1ubWLhowWWCInbz68En61goa8zKOWCvhkLnJJycn1zX1Z8Ffs1zolxbzO58shVBPUN2P4g/nXingnwiviPWI7a4DiI/M5U44HOPqa+ir/xr4W8DWp0extVRouBHtCDJAG4tj5j6nk1hiJczSQXPFNcMses3VhONrwnaRnuOw9qi0yTT7IA3oI3ZAKjmug1vUdG1p0vomjecdWU84Pr71zKfZ7phA4LhT1x0FZWMynrMNg1wkli7Pv5YGoo5YY49sIIcdaluLKSGcxwYKsOMnmrNlYTyhvNjCjopzxVAUDqE6L+6GH7A1i/8JZe2E7SlMOeDitS+Z7CbK4fYeQa4u4U6lduJfkDntxW9OKe4HX6Z4qtbgMb8iEnnPrXV6ZqX2f8A0jTpd8b5JzXh+q6ctrIipJ5q9SfStHRri53ECQ7f7g6Up4dPUbR7PqWuy3OWKghhjFVkvF/sto5W/eZ4FcZDcyDLScZwACelahht7qMOrdOCM1ySpXEdBZeT9meaXnoMD0qnNFvDSxZDA5GBngVTtkuIoWjVQ2Pun1+tTjWm0mRY7qLcTz7c1UU0AzWdQvNRt4beUbRGckdPxrlr26a322+7Kv1Hbitae7e9maZTsVs9Olc1LFtfJYzNk9feuiEQNPRjZy3q+YwXdxzXqcun3VpB5sUwIHTaefxrzLStD+0Pv5yT34FesRWH2PRWubkhkTqvrj09awxEldAebXGqX4mkhniJIPBHT65qcXKSRKY/vd8+tdDN4g8OXkXkSL9ncDgEj+VFg2nzhpIY1kHbjj6+9FwMRJoDJGl3ypIyuOorbuNN00gmE8OM4Hoay7mOKN3Qrhu3tWeqzSvmJsqvqeufalcDV0/Rbaz1C21RGyiNggdOK96XUrKS0FzC4lbbtwe1eTKu7SktGO0g5B7810mj2xtbLbISwPzc+1cVZ8xmGtB5bckEKPvHB/SuMKbkMvDeWe9dNqF3l2tyuEPINZsUFtKh8twVbg81CVgH6drt26sska7ByMD0rphJA8amQhMjcDnGK5qOzNopBTcH4Xaai1Cx+123lhyCeuf5UWuB/9H8f/ftTQw2+9ISSQRjBoHI4619yfKMerEjB5xSlgQQOgpgyW+U7R3p2CcAY5pCAOVBCHg9qEA3bc5z+lPAGPQ9MmmjKHkc96AFCFQR1FO2qfl7075D0p3HU8UC5SLAGQ3NO68ChgrAlePc0gXoc1rFaByjgMDOKcDkUznOScEVIckZPenYTQ09ODR0xnjFOAxhVo5+8BzTsQ1cMnr61IAc46Gmj7oH8RqRfmPP3gKpAxelOIpwHGTQBzzVMQ0AUKBt4FPAzTlUVUUUNYHGenHapV24AFOKgjA606SFlkUP0I7VYDcAmnlCeFXrWtb6LeXNncXtsha3tiA7ngAnoM+tdf4V8M3WuWZgtrd2k3jaxGC27jA/EUWOZyscv4f0mG+1K3S/z9n3gSbeGCE8ke+OlfRd3o+n21mlrp1msdlN8m0r1PQsc8lsY5Jz716Z4L+Fcel2ukpdafD/AGlJJubJLbXkbCgk/KMAgH0Oa9nutK8P2X/Epu1SC+tz++Iwd4bnapPPTGeK1hTbMJV7PQ8X8K/Dvw7a20N3b6WlwkPJd1yzP7Bs8V3KapfWR3iwNnZQuN2V2HB7gcUDUF1PUZI/DlyyW9qwVhJxyOpAqtcW9/fXm6WRpXZsbC5CADuew5rtjSOV1mW9U1vwy0T6pdWsU0Sr5aGRVyxxwOlcDpOrvDay3cdvGwAJC4GSR2FekaT4QtdY22l+kc1pauXkUMSHJ4wNvpWFr2lWcWsTafZ2/kWtiy/6leWBGeTWqiL2oyN9VvLO1lRklWVVd8HaImbqCf0rcj0eTbdTXsQlURYUhudx6EevpWRp+i2OpR/a7eaaKyWYLLCBwNvdv513Op2CC3SAxP5MoADA4IA6Y9PWrv0MmcTbDVbObIWVlC/MYs5YfQdahufDVtqUccUhmWZuSXUjYPXGPzrZn0PWV1Hy9DW4EKgOJM7sjqRu9+1dD9qv7tWjuE8qadQuT0DdMnA5pGqqHB2fgjQNPRrnVZ2nleQ7PKUr8gHRiRz0rSl0lte1WKPwxZ7zbQ/MhKoFAONw3EDPNSXV/pUOoLojySElghkjxtG7gkfnXc/2Dqfh22ltNNlCOsmWuj9+WE/wj3pqJm6ttzxwWd9afarbUbVlk3703nDAdMDvjFbUPiKFJvNdPJcIqrIwyFI6gfWvVLzQGv0g1bVYozBfIIrWIEliIyck8Y9q8/8AFuk/2VrttdWVtHNY6iCptRGFCSIAMHPUnr2rTlkDrRkP/t631W6le0VF8wZVUBAIA6j6+9SNb3jl7r/Vxwwl412kiQjsPf6Ctqym1630+K6vh5YfK7GVUwh4wB+BqOO8srOXyo7Kd9U09t4EayShkYY2sv3ccjoKoyZQi1W4jsoprPKteApEDgYf1xz07VkaSviaC/nnvnjazK/NJcMSQR1APY+ma67/AIQXxnqGvQ66Ss0OobjDblwhBXr8hIAwR61st4es54JtP154rqa5H7uOGVyYHHByBtGQT70rgedaXrXi+21prXRrhryYkyJ5SKyruPZyOmD1JrQ0nUUjtkE9oLueMuIhNkqjju3TOD61Jp11PoF3HIkyWscg8mRAADhTxx68elU9M/4mFxd6rrsMtpArHBA2MWJyCQw+6R7VFTc0L95YahBqsWj6gVM82fPeJd0asw3A5GMda7zVpLyw02I2d+8m0eXcSiT5mB4G4A5x9asQWSatptktlDFpWnyKWkmYgO4XIGSTznHrWlo8nh6bTbrRdNsVkSOZku7zJbOwnGAc8Y9DUJ2G6VzI0zWtan1m00vT1keWApG8yqSux9oZ24I2gdePqau6jZ3Nr4nktPDdzPc6hAzP51vvLyB0yQpTPTJBx+JrifiB8WdK09H0Xw7bTzXCweW14S0JzIMZAOHIHrUPw78d3OoaNa+ENKlSwmszJcC5UO00iu5ZhuBGMFxwOfQ0XK9j7ppW+qah4VX+zYrRXutWL7LtvMlfaevHZlJyecUzRrGy0m8XVml/0yOUSqCcHcDlgAeuT1HSqd/4kurv7To/hPyrjTZ7rzIXkjk3xgHPylsHpjO4E1rX+jaVfX99Pp1ybmS4ZRDGH+4VUeYFU4ySQSQc8VsqhyHs91qevXtlGtiIRZ3AWZ0YcsnDAjuMkV4N8aby71xBpzRRRx+W8kUu05SYhlAJHHBx2rodP8IeMoUu7qxupDDFB5kSNId7KoJARQSAPY+teZajea94isY9Dv7dUKyGb7TI2xioXG0Drk5yKxxOqNcPD3rnxJ4ItreLxvm6i+2R27OqKP8Alo6H5SPyzg199aRdaZb+HYd2IoU3ySiJNpG4c7lUdQMDnrivnuw+HcOkeObqQygrFH58QyNyzkg8jocDmvSodQWPAuLjYsilW44cDgk88GuFI9ScdjJ1qG58Q3MkcdzHBptswfcSQ8mT0x6Y59q0HVRM13ZTyLYxR4hCEjewGBgfzPasuzb/AISbxG2h6RstoY4m+ZgBv29SB3JzwK7vSbSXw/oen6VdxxSCSQgynDSiJnLNgduTit6TMahSg0nQX0c/bYJoJZljKvuz8x5xzxzW03hKZ9UT7Pp8EFs0AjLyfKVCjIPPc+vc9ap6toviSe6i0W3spWgaVSCq7QAcc7m4Bx2zXf65Hrc2lw6KXurrUJJ2baY0FuIkXruRVOckcZIPPTAra5mjh9Z0Pw/oMsb2jyzxDajMVw3nnOSMYwoGK6Ge00K6VtM1yJfs0Kn99nDlmHykdOe9eZeHNWuIdYv7DXpvtkzOyW8YUqu8E5GPbpW9cTQzapDpWrWDOs8RmiQZQEjjkjnpmqA6yC38OeH7d7CKKXVI1KvGyIVJcD+MFgcDv1o0TUdJmu2ghshZtePsaQHB5Pfn+lYmp/FSCwuFtFs1kv7U7xIoHofkY/3STzXiaN4w1S4nF9veO+laYAZRQJCTlP8AZycCpA+y2u4dMurZbq20vTY0dGjmn2iT5MEMJGO3JPrXl3iLxHCmr33iDUbwTXhMiW7D5g+MiIDaCv3QOa8+fRPEK2dvDr19Oq2S7I4izOoHYZ3EYx6ULpn24El+Lba6Lj7xHOBWV2HJrcnGtzX9xLfKFMi8ybiMKeT1qreW8tvarfwr+/1AYDqM4yeBmrvhPwpbaxf3j3BEduoMko5Us2eBiu31rTAunW0+mhJId4cQZx8iHGKk09oZPw38HzrdzrrG2FGXMaOu4yu+D1yNoBA596sxeKbW71G40OCWWx2SyRh9wSFgmdwdieRkYrGvPiRFZ+aL6yMM3SJEkDAkHALZAI+lVPD9lpptRrd9cRXSzyu8m8lV+bnAC8hhycUjFu56zp2r6BdSfb/E8C2dtAha2t443fzXAPJbJxjAxnAOfTOczWYtI0u0l1nxEllqE2sQxS2ZuIAVQ4PBAXK4OMgEZxzzxVy58TX3iS5k1XWLxIUkj8q2TyQB5I9wATnPc9Sa3bXWx4Dvls/Emqm50y7tC0MFxbFjmQ9/lZihGRgnvtxxWrZmeV2VnqmuaPe+fpMdjCgNxNPZuvlLGvORHyQOPXp6V6j8KU8OQW2raXfWsk8UpW4jjDHyyqrteQAEHf8AdzzgjHHFdh4f0yXxjoNx4i0W1j0uf7NNHbtYptSVlyADBjOQw/H3xXntpZ2/w5uP7dhL65HcR/ZYDbuqKJp4wSD/AHSpBHcjgkZGBnJF05XZ8OfG7TdU0yWK0tr03guBh2GSY4QSRGT1GXPY81z/AMM/DOiz6pDceInNvDHGwlaMAnJ4G3IPPY8dKo+L11/U/Hl7pmoA/aEusTRxn5d277gHOTk9B3r374b+EbdrqAy2RvZZmcCEt5eQq5IJJ9B+ledCjeVz2Zy5YndQaBovhrTIrqxlN00yq1k8a5lJY71JBA5HB7dK7nRLnxJY3dzqXjW4vJZLuzL2h1GN5EJPzjCsO5xjGABViPwfc6drEF3faT9mtmUrEiyiQR4AwQVJOfTvz0rehgs5NFttW1bUzDbM8kEcFyrFRIuTtUk4xgdlr0oaHm1GcBLput+NbueNXDX8aLJbC3U/u/LYEsirkjHGT/hXVeJvFHhc6lDpOo2Ml9FaqXacMNsbEjKAcbm4GeRt9+aseAtWtvD0c11EkVlrF3OEhubhvLkSI7TtVHB3K2TyMZ75wMeSeI9F13XPiTdaLamPKTCRVziNmZRLICQCcnJ4x7da2jI43G59Eyappum6nPdeIJFit72OT7MLceZK020ECQEfdPI4PXHSvLtK1fV9KS8sfDSSR6hMoF5LdFQ/2YDc4jIZfl6EjB4zxXT6jPqnhh/D2vQMtvYaNeSQeXDhpy7K27eG4wy7h14HpxXiWvTmy1meC1kk8+4w8huirOuemAuAOO2KbmzVUUdv4mvbDxp4mutW8KWoghTZGLSCPyV4XB4wo5OcjvUVj4Mt1m0e5UR2WsXkrwIu9i4PIJZOeB3Pas7S/wC3td0++Ph0yXEmmQfaJZFIjUBep3bh6cDNd/4U1RdG0+LUtetwNRV/kuJnZ5Iy64YjIPXPUdKRdRcux1NtFr5uLLwrHJe2tm0Wy4MQKRPKQxcEgKGVjkYPrXSP4Xsb+S30bWtPulhjBQl3PlqgHylXHTnHy/hUt1a+K9BtZU1qDUdUmnKzxlA0kCeZzj/pmQTgqF7YxjFZH2e4FsvhvQdHuLvVNTcu88lywW2jkKrl1AwAuSCSeM554FFjDmMjUNE06V4PCmt6XaPpGmRtFHcvLh+SCTnIKtxkkAZ9ao6LpOh+IZrSw1WxsJtNs0a2RYU3YPAVjjIOdv3gR9as6xa6r4RuZfCWnWumX6oFe4dz55Tn5ucrzxypXI9KonVL9r+Ww8IaqltCiqZI7e2QLFu/hO5c+/pWy+Els5fW7/Vrx3vrvcLSyt2SGP5AcLng8e3UiuBEl0kdhrNzFDayO5QJMxcqrZGSFyApHcdq98Twvp+v38qfZZ7h/mlSWc4SSYnccDgEEjkGvQ9G0LTfDl2t34gj0ZEjAaOWXy1SNuy7nUYYY4zxWRKkcp4ftbL4fTWUUun2Ooa3LI6tAlx5bSLJG2c7x0A4Axjp3JJreLYbnw1qg1GHQb201jVLMg2lu/niKLIGQqgkEYHGBj0BJNdQWs9Ju5/ib4m0vRr27mjSPTzJcKkLOnyiQYYo5C8HBBGOxzXlT6k+u/EfWvHY042N/bD91FHdNIrJIGVm3sMsoUYUAYAwMZFZykbJXM6/utYnuY9T8TaPe3wNsoiMtoSIl6gy8cEE5J5JJrzTXPB15czpqN6XMd+DJG4X92QMZQD1HTH6V6z4fsbvWJ9Y8WabqN8i6WfNkhubxVt51cOXXDLtC4B7jBxWlDFa6rq0R8R2g0q1tovPtZGvhLbE/LhVIAXDfe4YHAFHOa25Txl9EJj0bQ9IVbS51GV1WV3KIoGNwkJz8vOT9Kk8QeApNKhbTjMJ7snjynWWNypw2GUZUjGecEdCBXqd/qlrqmr2qLLFLp+oIEhe33q0EgwSWDqFIJP8OePpzu2r3OkWE9xaSLFdQbsTBxu2ZHYjvjNNxuY+0aPLtW8KadoWn28qQrbRCKJDMAr+ay8MW57kkmuj1jwXo13FFp8EqGZUV3OcqEPcAYx7ZrGv762EJuNTdJM/Kqy/d3N0IUdenOK120rTfDGkCz1W4ndtXkjaC5trctvjYYMYJI7kEUuQPal3w58LNLn0rVPEFpq17ot/o7n7FLcBEtJUC/OS2wFlOGDEHGCMgjIq54c02S50m7TWRYpcykyWd/E5kiypGVbBIKnDZzg+3St66sNd8J2VrpVtbp4lsrpfNEF0zRhImB3RvGcHHqOCDn5etX21y80uOxtPBx0rR9H1CMXG0sZWilIHnIP4cqeMEdfQ8DOcLDjVdzmdLup/DPhS61DxJrWnW/8Aasu2xC2PmCCSPIPmKqkhDtB5PAyQcnA/J342+E9Y8Ma3GurJGzXZllWaHBimBfO5CMDHPTAx6V+sZsbbx34rsNH0vVbT7SiM8dvPCWt3aPLyFiqsBleNu3tx1zX5q/tKTXdz43u7GWIRwWBkWCOPIhRWfJEeQPlD7lyAOABjivIzCneNz2ctlZnyrGu5+RVxNyDcoHPFIE/eHdwAKQKNxAzjrXgnvNj5bZEImYncR07Cobq38qISMwORmrMO9ydzAqOxqK5YugDDHb2pMqO5n2sEjL5hOcmtuzhgUb3G5jnj0qlbI0ce4flViJtp81jn1qDVMvPHHt2qg2t1qFykalQo25xmpLaUEsrgsG6Uy6gKZUoShwRSMzJlaXcFYD2quw8wDzQAM4qd1SH5CpPORTSEAIKMvcUNFIoTIHkKsgOau2keY8YKhOlZ07bZFG4gk1tWzPHDsPIaoS1CWxOxO3NVncYx/E3GKtjaQRnmqThi2CuB0PrW03oSiJ1CjG75xyQPSkjbJB6Dr70p8qI5HBPX1qWCVUVgEDHsT6VynQNzvbah69c1CdgyV7dc1PBIu5t/U9KrOjmT5+fpQBLEQVGRu3HvT3mRGVC5OT0FG1ThQcHqBTVUTNu+6RWZQsfE2914pTyGbd5g7CoAWRyxbcO4qdXcjbCAKAJIZCqZT5N3BHtTpxmHZuPtVVipbErdfSpTLj5HHA6N60mXGNiFkSGMFAcCqcgT/WBRk1au5SAsYbGaznyTktjFc9RG0UdLoN0FQo33ga9P0+8aAK/Tv9a8Z0uQK7Dqa9JspCYwN2TjpXmVfiPZwb909OtdRgmhD5wT1rQkkyM+n5155aztGwP+Qa6+w1NZmWO55A6n2rA9H0Ox0hor8/Yg4DkEgn2qS2ke18xQcMeD9awQscc6zRNgA8Y6gVtedEuGzuyOtYSp21OmFXobWmXpVysnBHcdK63T7hN+Gberdq4HdLFZmaLGyQ4PtWtplysMsaSSgq46jtXHXoKSvE7YVrHodxqhZ440AUgY4711GjXLRTBHb5m5Oa8fvbuTcJLaTJjbOa6yzvprj7PdStl8DpXnVsP7tzthVuevwXlrb3ymP73U/Wu8e7W6hWZJATt5rxjYy3KMzfu5RnP1ro9OvCk6xK2U6V49eF0ejQZ6LEqyQox6mtOK8uIJI5cZVSBWXaZwuOVNbsY8yIDHAOa85nrUz0exvYb+2TjHFctNaMtw7IOSavaNOsKgdeK0EVJpSw6ZrimddPYfbRFol837wqWaOOQFF4YdKuwoOY/XpVSfEMm1eT3qCuQzhG8LsWbAH61rpOjQDaPmrNuyZkA9e9RQeZCm16DWnAvGSSQeWR1pXtPKxNGuN3U1NDtYg+tdBbRMxKEZAFB1WON/s+4dt8J561ZubVpoCxG566UBVY4GKb5KKxYtxWbbuaxj3PNpdGJkEzKVrXsLCRScDIFejxWVpcQgYyTVy2062iBTYB60nVtuOWxwahCPKVD7+lZdzp8ZJ3KPavTJ9MjiHmRjI71Q/sZ7zlFzjtR7VvYmmjzWTS7MxgMfLx6VNZ2sEQCoSy+9eljw9FHGzugDelVhpcTfIkQGaTqnSqakcLLmGQFBkNWmkVoUQspLHrXU/wDCPyOu/blR7VTm05lBjjjIPY4rSFVhyLZHKz28HnF1GAfSo3g8xfJjjJ3V1UPh27lVndtqgZqeDTx5ixxg7hx0puoVOirHmkug3DjY6soJyCK2LHTdrAuS7KO9epG2IgKOmWXoSK52Sxd5iEXH0roVcyjRVjj9RtGSLEijDdK5+1sBHIZJAWA6A16vd6XdRlAYy0friqt1pASIylMZ9BWH1g2VBHNJpunMsc+w+b9aZcWKSTq4Ubx3ArStiLifYvG32ropdJmCJOAOewp+1D6uzmLi0ZIEdCWarFms8kLWtwP3b9DXZx6b58alhhcU2PS40cJGc80ucy9iefN4eVGKsxbNUL3w35bK6/MD1FeuXFjEmAnJIp8Ojy3EQOzJWj2g3Gx5pJpci2sS246DkVkoZ7STawHvXsn9nbnUsmwKKxrzRLdZfMkXdupqqzOEUeasqzbmVMk+laVvaym0BK9D0Ndavh9/MEtmBtzzVuayCJtlXDe1ZzqsJwRwixS+YSEwOhq1DBCX3SqCFNdjBptuUPmLQ2mWiAlRwaFUJjBGLELdQzIuDj0quZHc7AAavy2uSUjHOa1rHQZRH58gFY1JlSaRnQafLdAsw2gd6sKhhAQHIFdWssMUQh24IFYc0ILZAznpSi7GHLzEAkl27c5FVTGuPmbr1qyIXDBXPX0q5FaxDOBkDrmqlMqnGxzd3bmM5AzmqQt2kkXcpANdTLbszjHQGlv0jSOMKBnvStobFdrWERrgjOKsQxDycdgappGWIBOBW5GsNtEVxnIrPqctVWdzEvdzxmJRj6Uy2t4vJRGXBB5rQGyRGB4OaikLRR8AAVBMFoQXIVMFOFqBrhthz0UU85mAR+grPuXjjUoO/FBMVqSw38RQ+Yeo4rm5HmM7PIeD0+lTu3kruA4NVbi5iYBg3zAdKCnuQyvuX6Vm6nMFtQmPm9aVrovhcd+tU7g73K9Rit4bmVRanOQXE0suHXKgECkvmSP96eSo/wAmtOGEK7DFcrqk0kDSufu4x+ddlPexzSdjk7i8mvtQKknafu5969dghNjpUUWNzBAD+NeTaRB519yN3f8ACvRJ7uYReWjdcZroq66GLZmSzvGzAZCjpVZruOYFHOCB+NOe4Qq3QgetcbqtwYAZIs8damFEqVWyO1tLu3S3Z1Yhhxz6VyGrX6FmKnj0rmotYkl3BGyMc1halqa7fl5PQivQo4c86rX6l641mOI8DdntXMXt81w5YDgnms+VizGQNx6VXF0ijLdefxr2KGGPPq1b6sm3RK6s7fK36VkXrRBmdeQfums9S9yxRmwqsSKz55peUzxnFetQo21PMrVriBwXIOQAfwNSl1xx+FVEY42tTg6qDvIBr06cLnDWqdSZDlgHYL65ry/xn41ntpJNMt5P3eQPY1r+I9YW3U7OvcZrxHX2a4lE5HH3q9zBYK3vM+Ux2P5nyIlju/PlcTnBPOfWsbVokfMq/wAPUUyJ/uueRWmkhkRwsasGGDXsxPnpN3OODY+UgY6irEDbMt1yeainiMUpjcYxTYXUOPTPT1rm2Z1XujZh8wtlTnd+Aq8MM4TsOCR61iLL83l7sD0rvfAtpZXeuQR3saNbggkOcZbsF9Tnn8K7aOxxVXyq7K1x4c1G1Ba6hMT4DKpHUHofpVeMSKuyUFXX1r9GtD8NaJrmgWHhWWFZNcl8z7Szx7zHCpJzuIA4G3o3tXjPjD4J+Hrm9nn8LXbxpZxgTmUmSORsH/Vn7w+nPPoOvp0sNJq547x13ZnygskMkwifnPcV9Y/Bzwk2qafb37P5gluGtvvBFVsKVyeufm/KvEr/AODXjS1uI2toGnguPmgcfKzg9PlbBr1/4feGvHng2e4F/BizuY/38Tna0Tp91yGxyBkcdc89quFFrdF1akWvdZ9FzadqM0suna1ZR3PWGVJlBTHuMYII5B6Ec18yeO/2eY2lvNU8JE2yOS8drKSVzglljcngZ4UNn619aX+oSa/qFvqGhzbp5IIpr+BhsjR4dqtt3dVPAwCT7+npXifwlBP4da/sVy3mKRE3yq0UowjKf97GO2DVVsvp1I2kjjjjJwd0z8Zbzw7q+lkrfWk0LKxVhIjJg/UgCqYkILRbCcY//XX6aaxpVjp+mQLqNgjSTI/nRyoshBzhhyD9a+RvFvgG3v7iXUfDluUjB2NGRtzt4yo6fXp+dfOYzJnT+HU9rDZmp/EeCLExl3KMhRyP/r96sXFvcbPMX7o54/wrag027s7h472Ixr0HrxVdZkeVkhO5M/hxXizpNbnpLXYy4jLNmYDCDr7cV1Phaylv9SWKFQwj5Yse1UGeRbOSCIAggngevFbHhPzbK7E+wkgFSPUHmkOwzWRPp2stHbr15I6Cn6jABbed5mZXA3DOal8S6jby3YaRVjl6YByapko0OTzWlKPvGEmc/Ll4CrORxgY6VWtZLq0PmQ3BLema6rVp9Jn04QqggKDj1Jrh7a7cT7FwVHGD3Iq5XWxcJaWNW+1y8vNsV4zFume5zXtngD4d2dzJHrl3c77ZFz5Y4y1eA3P2iaTzIwBg9ele7/C/UrzUIv7HtPvEEegz61wYucnE6MPCx6H438YaLpGnf2XHCJCy44P3ffFfI+szW97PiE7lJJzjH4V7l8QPBWpQyvdXJCKq5Ldc+1eA3Fkba8a2iO9m6HHUmlhbKBtVMqS2ZDwdwI+lTghAqsueOKt+XNFMI3Ukn8a6B7CKeNYxlGbAHFaGBw05jdgJOAOT6Vat4JZWV4VLqgz9a09b8PT6cFaVi27oPam6LdzW0nkrGWQdT35quTuQatq2y3BnBDVqBUlVCXKovXPJ5qSOIXzIh+RSeo7Ctq703TXREsmJXbhieuaLCMVILcyMX4B6Hpmuo8OWxt7/AO1XEqxqo+UMeDXJx6fPJcCC1JODwTx0qTUdJ16RSJ1LonzDB/wrOrJXsaxi73R7TqOoaZFayS3DrIcZAHrXlcB1DUbh7i3hXyGJyT1wK4C7vroTCNtybO3Nbdt4g1K2iWONwR6AYqqEYxVyK0pS0Zf063hOvp50fyq4ZgfSvf4bW3ZYmiwSOc9ga8U05Lm+bzymXbgnua9OXVbTQtGZ3y023AU/3q5MU+aWh0UFYwPHWuRW9sbd4g7kld3pXz/M8k0pIOEHIroNb1iXWLlpQ+Q3GPpWE0aBfMLHceAB61VNWQpyuVJF4JFUZEIO/wBfUVcdGBOT07etVpmAQ5OCtamCKjMpGG696aSchlPy9xTiyNgjr3yKsMhK/d29+RxQUQwRvM+xelbdhL/ZjCRHwehz6Vjj91Ijxn73p0rQ8lpU3yDgdqL3JZfuLmO9kyh5B9OtUpTtT5h17fSqrQXMf75sKq9OeKiaZyMZ+/zmi1gsDDA35yDk81paGUGqQzhgArAN/wDqrGL5IQHrxnFeleH9GsDAZ51KuQDWcmDPcNV/s2bTYYrG4B3qvmKRgdK+evENjbWGouLJvMjPzeuDW5qd+9sTaWzM289SegHFZFtp4jkFxdyjb3wc1m2SfRf7O2mTaiLq+uwiQxS7F47KATz77gPzrM+NR8M65r5ttPnj86zzGSpBwehVgPfPetPwx498D+EfDosdOujdXI3NtjRlBduoLHgemea8D1p5Lq+l1GNgDMzO3YZJyePeslTs7lORJP4Z1CEB9PBlP8W08AetMg1DUbS4EckZAQc/40yDXdSskXa7KvtzxXT2+v6NculrOgAYcngkmsXCS8yTISc3cjXEmd3THQYqTVL8LbJh2VUHT1rQaO1edprddsfQDvisueK1vGxdyeSq8AAdaz5VfUDlBfzXUnkEBixxnpirNx4fvIR5ytuB71I2grPcPJZyhVAyPXIq5p91qVi3k3WJV7Z6V0uSS0Fc5YxhyYblSpIxQthsXbC3yjmvQ5bWPUYiZIQpAB44Gaqnw6vklrKT94Ryp/pUe27hzHNQzjY6OuSi5BP9K6DSV8+IyRAMqnkd65uSKeBDuBBTOc+tVLG8nt5i0TlN4+bHepauHMepomYiyOAVGcVgXzzXcfy4B7+tUY7+5kbbHlHIwSB1FT5ldiUA3KOpPFZjMCWSWDjJAbtUqvayoFVyHPWrdxaK8iNPy3fB4xVMwwW8xkiC7x0zWy2A6bRdWihb7LMmEzjepzu/Cuyc/b2aEPuiIAHbA+lcRb3FkYUZIh55HParcN66sgYbStYVFczKGt+HIvtLyIPkXGWHUmqdvJeWpCgNt7dhXUKBLJ8zEgnn3Na22ONNrxbl64xzUuVkBTSRLkLNcoFOMHHrVi0srNZjOCSVH3R0q5c/YVtxJECSRyO4qrY31pGpW4OMnjjmsmwLZjW7cJG+Rxz2FbSx6jFbyiZt6dMjpzWBf3EdrCstmuNxrVs77Ub603yqEwMYHHSsJgUb+zubqZUSQgAYzWfcaebNkjjUr0JfuTW1BKEZpyxfA6D+lU5tQmlDkQlV9+aSQFsXW+LYmcjjNPjdmJVl3Y9fSuXub64fEUY27sYI/lXS2kc8VqrXCkuR+VHIB//S/HvoVI420DrjOKMcEnijsvNfcnyj3F7/AEpx5Ix160wknLNyKXjGRSEPyTnAyB2pOwPQmnYJyfu7aDx83tQA5S3dcj1pTyM9c1HuYLg8k/lUi5AHtQArHdTQR+NLj5cjnJp2xgucZH61tDYA5704bgADwajxuNSEdSKoB3+0KBkHg9abn24p2MNzSIaJimGOOtOQfM1Cn5iDT8ZPFWSARuGJz7UuOx5NK37teRzTthYjaetaJC5kIAegHNSIjMQvfrihYzyegrvvDXw78Ta5ax6na2rR2szlFmk4QsODjvgHqQKqxLqWOIjidhuUZBrvNC8Jza+BbKCHYjBXqB6DPevpPwn8FdO8P6Ymp68yXuoXByqg5RFXnagwM89SevHvlINMvTfya3EywRW0nzIq/MVBwABg9uDW1KnfcyqVuiOg8H+BNE8LeGjpt8iXEjuss+xyWJX7o2jpx17H14GPStC1Hwvp8M0+iad9mm2szzMi+Ywx0DEk49uB7V5fbS+IRczTWFuq2N0AWeQESfLn7mTjknng10dlAb6WNZ8KkB5VTyx9K64wSOWUrs6PW/E6/YoJ7dPKlBy56/KOmR/OvJdU8Sve30iytiWTBVlOMj0FdhNqWnWV6bERFzICHZgMIP8AIqPQvDvhe2vor3WSs7vJvjRl+U+gx6c96cNyGYkEGu2s4u7e1/dyIS247SQOvJxzWtHJrWpXiRfZrp4HOC8CHbn0LDivRpUutYv5oRp3mR7Q6hG2qqLxVyz1G78K6K6yH7T9olbyY8/JEp4BJHfNa3OST1N/wZ4Mt4dRgE2sPHErb3QJklsdOoziqkkehtq1zDprFrdHZmkc4llGM42npXH6qfFGk2CahGro8rj5sgsXbnCDrj8K5i3e4vtRuL9p3t7lYgwJQk7sYIINWkLmO81Kew03TZtKtZZGtbpC8EKIGZnZuVLAA9u5qa0tJoNHjvJ9WOmLGDvSSPcqhjtUZLcduoqlHpusafBHd69bvEAq/ZmON28/Nyo5568itrU3SfTUg+yC6jvgiyJJxtP3t2PYgHk0JA2Ydr4qvPsEFvYL5lvbyhZ5QS0kqk5wFPQYJrsr6aO2+1r5v2WKSIvbRTYyzKOnPvWXd6yqm6utTZ2trYKscDsiKdv90Lz27+tSw2GgX0Y1jxVK9vqSy5itljeXfC4yP9nqe/pVEm5oo+xWltr5hjkgv03TRhF6joRn+daUmp6cZ4roSedd2rLm2LBQ+/oAMHdg+1XPFNvbaL4YnCylJ7PZNbIkZxICQCjKOgHPWsHQ77SgNSvvEogtJGhint2jty7K6AkhMjgk46nFJSsElc2dQ05PD01pqmu6hbrcecwSzN6HW38/J+7j5QCfmK5HTrWLaa7ptpea4dQsNO1IRxRywy/66KNuejkc5LDIBU5XGfTD/tGXxXqMt9PCscV4oS3V4wN+zocHPJHcHHpWzcJ4h0HTtPfSomtlDzJcKIVKvuI2kkqTxjA6fpV+1QlGxxOrNqevfYb/AFe9aDS9Qla3Z4LZpFhKgsAEGSSx4H/1sV6j4f1Lw+LoX1xq93qRUFQs8cdsi9ieEB/PmsW8ntzZR6Er3IvbK7iu57fZsWaMjfw/8OMjgjuCOlUbyytta+Idx4jvdOk0/TZ085vNnUZKxgEkjjazjJHYUSYz2VNJ0fQ9ZjTUVs9MvIJWkivFdpJW80EbQGb5iAewxkZGK4bxHqPifSo77w9/aEt/bQTC8gltbNHYFiQxPynn5iCWPJ71Ppmm3+oX+l/EnVJ7OLRJ45UWJQ1xIjwsyruj2dSwzkHoO1VNa8a+IdQ8Qf23pviW+1i1sI/LeztrLyCASQCVIAfOSRnJUDINYN2LSPML+1nHimK31tLrULfWORuZYpJGxxg4CjDbeBXpOt3Oland2c2uebAHg23VsZI9zTxk/dbH3eRk4ryt0fWY/wC05dAuLGfTnDRzXEzpiNGLDEbYHTGcA9K6R/Cd94c1e8tvFqaZZXd9HHdW5urkY2sW3feGCxx0HpTN0djaaraeIbuK81q+YQxRtGtvEYw4Y8jr1yQP1rmPDM+uXU1xcaxfSWVrpsklvLcBY1XaAeCvyqxPH51zWv6THdIt39s0nT4JBlXhz+8KHkLj39D1rSt/FV14xubfTfEs2haTp1urMXjLQqzcAbt5OW/Dpn0ouNG/49+DVnqGmjV9LFy0Vu0cc002DiGQkZAULnDH5QOazvDfgy2j1me68LW8Hl+H0jSWUrJFJKk6ld2NpPy8kk4zUviu6aztdEvtL1iG/wBIlBhWK0vTIoKE5LKpI2rjHGQCMV1uh6/4iurmB72Py9OjjeORzciNAhUrudSRnA6e5zmsxNSPLtRikaePTNBCNa6NNzNFKfLPnk4AJGflO4Zyc4rP1G4v/DlxaWuhyG5v7Cd7yZ2xKhaQYBzncflJHbqTnOMe12Fx4a1bTX8NzTTpHZuQJrZomV2kJOTngjJ7dfWuB1vwTLoviGZUv1WSwC7XMRTzVdQxB+Yjo2Oh5quZnMz0H4a+JLu38OajrOpTW0WsSzIsVpINjGFQDvCM24qS3b+7Rrui+C7rUfs+jW0x/d71KlyFc5PyhiTgccGvG9U1DVZWtrnWbWW3ORGCV4I6rhhg8V9Az6/p8kFnqWgHyp7wEMxjG75R8wzgcZpyi2iuflVz5HLXfh/xVNe60oa52bSrAqVbG3JUDptH61yOu3tpdLdSGV0fYVGwdCDnjOB83WvQfilJZWc9y+o2s4vL1N0LluW5xuJ9Pb2rzm3sNOZ1bULkx2xUszAbtuBnnA9eK4HdHfTnzRuWdM0zT1ubG2s7toDeqAzhhuzyfX3r22206LT7m0V5ftMca/O23cOhwCOen0r5ZksYJtVtry0lkuJJcrsYY2Ac/LivaPA0/ifUrC/vrGEz2Nuwgl2kGRGPTbGCWIOfSuql8Nyah7noWqW1pY65NfzzXvnCBhcTsU2FCw2qGLZzn2zxxXF61Nrl/K0FpcJatcbEgl80glmIPRQSOOOlXPDejpIj2/iFZ1tGUlFmLBvMHyg7RyMAk8ite003+wbgQ3Gy5mviTazFBiMwjJYZ5U8jpWsldHNF8raOTsNJudHeR72GK91LRi9xcXEhBJWboFLYbOcnHHNR6laXEERmt5Jry5nRYYnCHK+ZzwD0I6DFdPdWUWuai+t3hOp6kzrI3mR+XHsQbQCEwMAgeldzdaXcXHh+yMcqm5uZGkbyTuSFu3uCMfnWlNe6TKseOal8KNHbT3ubW4kMlzKkSbiCYiBknjHDY9K2p9MsbO7825YG3s0xEgB3AAcdMdMetdlqs2n6ZpdtbXe835LM/lgt5gPAOPXtXNazpt/bwOu/MHlqybsFsnk57jFKwoVO5na0uoa1psWmaaFuBE3mNI3yk+hwO/Neam41nTL2G1aOO4gSXDFM7wzZyC2cYzXrf22HRbJjb3Ea3TYXcVBfBB5AzntXB2qRWc66iSLiGZ2++OWYE5Jx71JtzHUzahaaXEvkws8ixbzngO7ckA98Vixa/YRWyyXVuVmjbfu/hCntj/61W7271/WdNhtPsUcenAkREj50AOcj1z9K4G+lddLvrbaHOGRie2Rz+VYMRJqOow6/rnmX0aTXGAkBKf8ALNSSPbIz1rUt/CFnb6rFdIz32k27o920CtIy4O5kYJk4bBGR0H6t8NaFol5pkP2m8kE+4KXjIGwcYB4JIr0/RbpPCmrXE2kFTprIpnjjQYYpnaST0PP49800mFjB1WefXgvjiC/k+wxXEsSWskGwbecbW6OBkdj0rHuNc8T+KkW71nVVax0U5zPCh2B2wFChQWDFcda7XxDYR+KNMPijT5b6xttPkWRrSNfMhn5AAjAIUEZJbg9a4zRvFUF9bmxjRJ7Z2CzW10MEEnjsVwSMjA7U1SCx6x4d+INzq629jaafHYadZys41PTi0bQJt5QKp+frkqPm9DiumK+DfEkLQaNqAEa/vpVhjJlmkQFS8cQyVcjrhefrXzNo0er6ct/b6SLqyLXMjIbQtJCvUgSDk7QOCT+dd54H8U2fhCzj8R6vNCmqRMwjAVmjcAbcHaPvEg5HGaisFJanx34VSW++IV1cXsTXBa7w0rjDK7S/6wnrncP1r9Dp9I0KKF4YfssXilGJXcWUqzYwCAPmG3vzivJ/hba6XqOsaprOqNDNLeXznzGjXzN5AkZu553DjtXsN14o1bTrlIll0rW9fkuI4I1MQVyHO3yg/wAhfJI/3STk1VCHUK+KfNymXN4Y1HxB4Ys/FHiLSvMu9Hkn85rO5CsI1+ZnK7jh1CjCgkEcnrgcFrHlapZ22i2N99stg5eBZAFYF87iTjJ6n9cYru7WKbRvEi+LtSebwo8NzMjQofOgm80BjHxnKn5hjDYxkYxmvP8ARdUWD4i3niDT9LF21s84tbGRAIjA4ZFZlAIG3cCB0rYUZ3N7U77Tr28hvbfSJrhrW18ua8uWRoxMpzsjUDHfIc884rxrwRHP4Kn1j7bcPdaheKvl7CXjALEsxJGQR9MY46V12q/EaS91i20O90+GGzSQm4XTwIg8pyMbScZXjPPtXYWNzBeC7t7SWGxtZopLeNyER2IXO193OSBgkd6C2Jb61b2vii3sbm1hu7fT9ssrTDzATInAx35xn+leJpZR6xrS6/psslxqWoSO7Ws+NqFBkFTwMKo45PT8K95t/DNhFv8AEmn2xW3sbSB9RluUjK+Z/EEUZ3IdvBxnPXkjPGPZeHF8axeKtEUyWIlby4BBtgDPGU5yBgbjnAGOwxWVhe1JRea14lv7bRdFubiK3stLKzixjK72LASLJsGSrYGfWu20DW9L8ZR3iXGmWOkWVqiiGW6nOZJCT9zcvUYJGOnFcumsHwzb3bxSJpN7qsrRPCkbo8cZLbWVlI65BA+lci9tZQ39vY29iJn06aNgzOwV9jBmDjsG7mpZqfW0HibxvYWg1vXNdd4Zg6+VCI85XPAUqFJIBxzXAeGZH0xk13TLW7u55zLbQpM4jSZGG4rvwRkFST2GK4zWvE3xT8evLZ6fbw6ZaeHd15PGssEgSIqAOSqs3G44HJzxtGADwbK+u6LNeyaj9pbRbo3AtCzwmR5CWEsbL0IbOOcjBx15IVl1OeSO5udSsbdjcrptjDqupXEsV1HO3nyJIMgsoY/Jlt3A46da0PB9homo3MlhMqwySBkRIY1jGQOWYrgkCpdHttA0bwxrHifVNBibXLaeS4glvJWYMku3B2uRu2ZJ/vMeQQcGm6V4pHhnQ9V1DxZdxW+q3hVbRoovM+Rs5YbAVBGc7SQOB+D9vd6AqdzqvDq29xttrfR55YLSXys7ihD99wznPOSO9cx4v8Hazr13e2iaXJcaZBMqea3yKrEgYL7gDye1eY+HNf0DRdP17UNYn1O/TVpWdLi2ONy8lTIsrDOGPDZyfSpoNe07Q9On8K6bbapqVr4rMWI5XaKQLJwH5G1gc8Ece9apktcpreKPht4ggnsLOXwxENKtUKxkXSEbmwWkYgkjPPy5JPOcYqlpER8Tas1hPpOlfY5I8DzG2AmPAKxSLwGJ527egPNdjrvh/SNNtD4D0Hw7f63b6uVlW3e4k3wbTgsAisCgPzZ4GepOBXjvjXwn4n8Aa9D4f0fSbQWl1EJCty7TAPkhixR+w24yOf0qZIujO7ZyHxE1e9vZ7XRmt9L060sFeEC0BacYbI3/ADtuBA4bnOT6gVU8L614h1y2g8MSaiU0qzy+UhRnBwQvzFc4OT1PHvxjTtNK8L3mnnTUMOm6gJNpKxtL+9Xjash5CE8DJ4Hau5fS7m98Nfa9Ijcz6fb7bx2mWNlMcZLjaCCQ2NwPf9Kg7dGZGn+OLzwRFc+HoI5p2YgW6YCBmYn0ycMT2roNFxrupy3GvRyLHdgm7/5ZxxeWv7tct7gA49c15t4Ekiub+PWtahnmW3ULbmVi27LfMdx54+6PSvbrjxposEE3h3w3a6TdC8jJxdR+bKrkYbaS2cge3bNXz9zkqQOO1K8sZb+3jsYNOudMO2ISoyzCJk+7zkhePxwK9c8HaTdST6b4w1DxN/aVjplwZJrSGMBkYZVNu7g8HBJAwDwa8Z+w2N/4gtvDPh+40mx1B8tIoYLCXjXcysME9FPGAcV7tqOm2F9PcQeFvEmm6PeJCPOtLVHjjeSInOUKbGJyV4ORgZFNswUTlPE3h3SrrXNS8QeHDrd3rKlAsEo/cGKZskEKuVATPUgdCMjmofDOiPoUuo3PjTQIdNmljH9ni5kSRJXbJJ8sthhyvzDBAOAOSR1eq+KtA1STTtFudY1eTVLlRYTFYVYHqpMXl7dwDE5BJJzz71/Guh+HI7XQPDl3pF/rltYEwm7BlhyH2jJDD5WHQAlRx2GMRZMfLY5v4fi+8IW+uXlxpumT6hbvLNpckgRbh3cECNGPzeWQBwGBXLZ4OV/O74w299rram32OVblGkl8gRtugM0hYqq/eCjOfYV90/GHwz4ivr/TfCdh4dvIvD9s0LLfCKSVw6oUJdgpQKA31OPXIHx78RZ7qy8Xm1gMt8LSEWm4A+YfI3M+R7FsHr0zXj4y9rHrYOr1Phl4DbSmKRQxOKqzIok2p3FegeNdFfSb+O7W3uIobyPennRleV4JUkAMOnSuGMESKZAxJxnk14c4WPehO5QjAaYQbD83cUl4UjIjVt2PWnxs8beYp55qB4/PkAYbmHJrNnSiTHQgZ3Vfjiyo2gbapwjhkPr8talgfLZoJkyG6GpsIbHEsSNI77QeAKWeTdEN7ckYrVGxCFCAoOu6s+6d7jCIiKOcGqlEDm5JE3MGYkjp71Cu5Ax37s9M9qWRHLMZCPbFRx88EZArO5dgCj78xB28itFHHlAkZHXis+LZNJiRCoB71ssoiQRoBjsaUVqRMrtskGISVqNpHhQNnzGzyTTmONylRkelRMFdMo/XoKc2CKkxLsHc4JpJEbGVI49KmYHaHmXCDjihEx+8AwOlYHTcrDewHmfL/OrkQkQHJ4PSq7OrELjp3q1H93eGBA/hoBjNoJZgfmxwarxmWJt0h3A1bOGiKsdhJyMelQy7lUCIbueSazGmSgbx+5XGeuajkj2EFzjnHFBw4+eTyyOwpzEFlwpYDuaAIznzNqrnNSKGBw7/AEFNBkBZnbp0qSERq24fOeoFSy0yv5UbOwPLDnPpUEuc42Aj171ogndIzAAN6dqzuSSFbNc01oXFjdO+W4bOK7/TpCGQDvXnKkpJj1NdzpcvzIh7CuGuj1cHLodejfPj9KtpIUYMvBrPjI3ZFWeWxk8CuNHsUzpLXUGACy/dB61vxyqzDacj2rh1fj5hla2LO92xhQANvGO9UmmI7qLUPLtzbldyk5A96tWkXnJK0ZCMnvXMrIkuDkHjNXIWaMh16t71lKn1RcZs7GytpbxxbJ95xjP0rQs5WsZ/JeQ7o+Kw9Nvp4IzJE2JFPHtT5rlZBvfIkPJPrWMoc2h20qp7TJffadOtZN2CgywFaGhnzJS7P06ZryjSr9haGNnwD616jot1EbVPJTJIGTXg4qhyo9bD1j2DTJ9iAyncD3FdiBHIiGIn5hzXD6O6y2Xzj5kPQV1K3AWNGjJAXrXz1WGp7mHqHXWUXlL35ArRgDRhm3E47VkLfwtaCRTtI7VoWEy3cWRwTn9K5pxO6E+xsRyMFWUHp1qvIWkLOOprMWcsQGOCvUVrpIJlyBwKwO2I6PAgxIKrpcrlgy5A6VclVTHsfjHSnLYGRN6UrHTDYrwzeYMKu3FdBp90duJDlh/KqEMUcA5GSauCEt8wGB1rJy10OhRNNoEc7gcZpWRETEvGPWpbWaNoctwwq5dQxT23yDLdaycmaxiivp0IbcVf6Vqy204QFPxrDsYJ7dsuSBXbW6eYinvS33NKiicuzyghGJA7itaxnMTAoM56itK5soiQ56ipBbRuu5VAPTii1tioRjYrSThpAMdeorQjgtCc7MVU/s6Vm355HrSTR3SRGTb8q9TUs0dOOyOotIbNQy5BGKy7u3glbEYAxVS2ZymFq5HHJkHbmtIgqCWphLb3jM8SLlRUunRJDMSExIOvGa6EM9uSVXAPWtG1NnI4kjQBj1NS0E1oYt4vmoHZAM/hVa00+1kcowwzDrWpqryD7seVPeo4XgeMEHa4olKxjFaCJbRqrKR04FRzRwyQmExLnp0rRjAccqK3oNFjdRcnkDmtbES93WRwcHga2uFeaLbbuRkHAyTVcaNPAfLPzFfwzXeTR3QYmDt0FU5bS8wPPHzHnFOxoq0jnltQkHl7cVim2Kz4XjNep6SlioYagmW7Vn6l/ZsjNsjwV6VfstLkxq3ly2OAEAL7WOCK6DT1EcLmQ4NUWtJJn3IPlratLYiL94efQ0vZI2xENDPnjeZPLQZI71jy6ZNKpD9RXY7Y7dfMXnHtWa80824xrjdx0rKo7HJBmdBHBFaiNByOpqg1gly+WrV8gx8EbgetW7WxYxlm4z0rHmuOctDkpbJVcoD0qktlczhkQfKp611cli0k5YDJ71d2pFBtAAJrNEqZw0Vg8MwWTrXQM5jt/LU1MYAz+YeSOlQvASCeefagibbMp4XfLd6pkMTg1ti3lIrPuIsOcHkU0OkiusRZ8tyauLb+WeeQaz0dxJycVpQyl/v/AMNDCaIJl+YMowAKy51UqxPJ7VvyvEEOOSax2y4IxjNbPYI7GYhP8NXgG43Pknsalit0jTcwpy2wuW3E4Has+plJ3ZluksdwSG4pJS7rjdzmtKe08mTOTjFZToSzE1DJRXeaMIyZ5rmpGkZz82cVrOilm3dR6VWe2SNDITz6UCiZ08uYsv0WufknSSbjin6rqEcatGODiuRsrt5LpVbpmgqUDYn803SorFautEQc7s1M8BlnEo4IGBTYtyM3ncKtbw3OOrKxTvHSGMdienrXBasTOvld3YACuwnkE122BlQMgVyM/wC+v1UEKVPFelh4a3OCtU6jdMiW2lOOCBjP0qae/jVlSRtrA5+uaUAqXLEc5rnbtDdTAxHPl8muhQu7mKqli8vfIwygNnrXLa1c/aChhHygc+lUdT1Bo3CHOD/KsKTUFkmWIE7a7aNFnLWr9CMTG1kJUcms6Uo7MxH3qv6ndwxRtxhwO9cm15JIAX4PoK9OlSscdWqtiO6l2jdGMc4rPkdwoJPNSOJZdzA8DnFY81xvG1eSp5r1sPS6nmVatxFuHJZBxz19KdGA7bSeOuTUUA+Uv0yatzy2NraG4dgrKOQe1enTpOTtE82tXUVqZRcRl5HOEXJNYV9qSNbTXQOQOFFc5qPiBb24aKKTMYOD71W1G5Sws1klIxIMKK9rD4Tl3PmcbmLa5YnEXc9xdXLSyMcgng1l6o5SMZGTipluj9pyed7VX1vK5YjqMZ7V7UdrHgyn0MCLL5JO3HOPWtCMsh3Hg/pWUAXAJB6VrqsbKsYJORzVRiZSkUdRiaWLz1XLA84rng3Tsc11McchDwnof1rnZFMc5QAZ71lVhY6KMyWJEkkXd97pXvfwjhgs7z+15Lcyyac6vASMqZewYd+3v6V4Pbxssiy9eelfaPwl0yXTb2CeGYwWdoY5JmAyJJcblUDuwIH0HXriunCwcpaHHjZ2ifdWjeFfFdp4P869aOy1fVFV5olX50hPRGbkjg5xzg8ZzkjyzVtDvZdSneyYLploB5RbhZpgoLIMY4Yg9a+k/D2pxaddppni+5D6pq8AuZ52Ur5NuQoWM8BV56gYwTzwAa5fxRp2q2Vldai0yQ6VDKFsIMrIJxKSVZNp9Du6cgn8fp6ekbHy7ep89+J9Y1Cwu7ebXbYrqM8Si3VMEbDnac5OCDXUXWoT6fZR+FRJ9sfVtsr3B58sMRlcZJPC45xxWjd6XbavaTz6m27UYlXAljAaIEjoCM4IxXn8mmppfiBNC0O/Y28yATXO0EBmB3DPGOw4xzWly0joNN1DThqV1dwBTa20DWrEfKQ7dG6eoH4V65DrSajZabBDew3ccej/ADQOdy77Mg8gc5xk49BXzVF4W1LTk1aTTZpf7Lsv3jybGPmOMAjgY4zn6Ctzwhrs1nfJM8gj3JLEjMNyqJV2bmHoMmkyWj2Xx1px8R2zwGFoZLea3ukmQBcW80ZDYdhyCT9CR7ceV3GgT6LqMvhfV41DRS+VG5XmQSDKOG9wR9OhGa7u91adQ2g69e+bLLpYC5wseyJiIxkYGM7veneHoba+S4HiK4Z/scNvc2gzniM44bnoMYqHSUtyYza0R5NqfwmtNU8NPqt8YNUlt9y+SiEXEKs20hgpJBBGRnoMkYr551H4ITWVhd3thKS0akrHKAGfHUAjHP4c1+iWt+GLOx1u8GmXbW96PmkCjMZWUBuCRnBJBzk1z0ulWV/piwXsCtfyRv5TgcB0yBkA49K4MTllOpujrw2NnB6M/Ke70XUNLmG9GKOMjHTjqPqO9aFj56RM7LsUd+9fWHiPwJNf6mtlqdozS7Q6m3U/cbjdjHQdDnv3rzu++D/iq6kuNLshA/lt180RuB2yrDrjtmvmcTk1WGyue/RzGE/iPnLUo7W6uh8/zN3zUqJFBD5YfOO/Wtfxl4ObwlqUWl3N2Hu1QtKuPuHjAyCc555/SuBaWRQ2GJ9vpXnyi4OzRtZPVGvqMCXcQA6rzx3NVtA8PzapNI0riBY+mepNMivJflGAAR+OauQXJtht34Z6xbLIdRsGsZvIzuz0PrXUeA9auPDesxXUufJJwQOoycE+/GazGjFyivM+dvrVS7mit9phfJFctZ6WN4TsfR/jnxNY6zorWdtN+8IJBfCjp+tfL+qRmG4IEiu3TKnIp0ktxeD/AEhsnHBNJbaeZgWiBOOc4IHvzU0o6WHOf2jCDXUcocglh0OK3odRuYmR9mXXkE9K2LHSWkct5mPwrRFrp6DF1ksDjjrWtjL2hxOqa1LqfM3BXg/Sn6OJA6KB8rHg+1alzoMN1dGS1YKG/hrTi0S4srdZ402IP4j60+YLjr29gswiW0YDH7xI5zVKDWGiQiVcrnjsaoX7C4VmUkOvftWNHdMrFZPnB/ShDsdzpOpxG/ju5m2xKduB/WvahfaHcQB7dgY0Q72OK+ZZZVECvCwwCeO+aisL27lbySzRh+MZIDZrCpTvK5rFuKOjh0yHxB4ka33+XAznDjsKteJPBx0VA1lN55B6niqtpBqFhKs1sVQk9evStNjrepyq0yq69iDwa3jVhGNmY2bZf0Ge6ht0SaAh8546Gq/jXTL1rP7bGr7W4bmuv05VtzH5qhEHB/Cr/iLxFoEOltYyzBmfouOn41wuep2qC5dz5qgXILZxt6051YoXByo6A1buTE11K1uPll/IVTlAPGc9qp7nGyoTvIZ8r9KbcxFCsijIxTJInwdrcVXd5JGCPyBxWxVhqqxdXQZbPStr7fbzILO4XZt71TQAJ+4PzVRkR9x359zQBqz+TCoaIj5ucD0quuo7jtki+X61QjbJBHbjnpT8Y5BzzxRy2CxrG9hlQpjIPaseSTZJs9OlTRhG+Vzg9qWKwa4uF2nLdOtFwRb0iWKO8SeeEMqkcY4P4V6JqF5CYhPHGYQ2BgDBxUeneG9kJM+AdoZc8nmti6u7Wzs0h1EB9ylVAHUmsGyGefiCfVL5ba1DNJIeMntXrvgrwRYs8sfiK68rPRcjH615ZpyTNq0YtAybmABHUCvcNb8P2w8My6u12RNbIzbT3wKyuNHiHjfw6mi+JJLLSZTNbHDK3cHuDj6ce3rWUpvLYhZMk+hrKbVXFwXDElT0Pt6VuLqMd1GGk4963sBNFrEZJF1FlRwQO1JKtjJcb7ZienGOBVZ4tNmCiOc5dvmwvT8akl0ueONZrdtykke4pWEeh6Xe2iQqszAsOma0pdEs9ShaaGb94eQO1ee2ltMyLlD8vLHNbMT31uw+xybVP8NcNSOpLZatdKks5jtckseK1rvRJyPOUqXIyB3rmTd3i3Iec5C8ivQNIvrfV5EQzLGx4+bisanMkScZD/adjKq3qFYmJweorTecIobpjj0r1BbG1CyWt4weID72P5Vx+o6do0100dozFMAD0BrBVX1A5/7Tpkg8qeIkHq1Zw0O1eQy2YALDnnqKkvbBtPcxFtyHkVnx3MttiSDPp+dbp32AedPjtTtDfMTnntV21tg6u0pwF6EdCayrq9vLsCORQEHfHJpl3dXbWJXyzGOi54/GrRoVb5y8pTIXbxVNokIOX4HUn+lWLBZVhaS4w46k9c1BLGkrlgu1W42itkBswWWbZZI5NykcnvirLjyY3LgMABjNQRXNulqiREqVG3HrVye1L2uY5N+OTk1k5a6mY61vEACtyBg/Sujsrk3G5doK549a84gWVGJmJHPABya7XQ5EEDDO3HXNTNLoBr3kwhjKImT7jNcVcSs74k+U57ccVoarqFxa3Cqp8xX4Ab2qm1zbzvh9qsfbtS5AOw0m90aeySCWX98T0J9K2pRbjKQHdj0rhk0DSLmJHtLspN1wOAau2rXunSs6x+aOhBrKpTA7Swt4YRvYHac8daxtQvbq2hcBAUYkZx0FWIdcilXyjF5MhxjPT8axdQu2k3xMQQp5wf5VkogVrBLa7OH4f73B9K25tSurKMO0ZdQvGKytGhsLczXUrYO3ge9U59ei84rKflU8YreMQP/T/HvPTdyTRndx3qPH93PHY0pckHoSa+4TPl3Ak5wV4pV4GCc01d+M9KXB6kCgzJD6HpSqMcHp2pvXpSj5jwelADge459qd1yTgUhHfp+FJnBOAfyoAlXoAKkB9KhGetSLx9aAGnGT2zSqo3Ek8AUN97mnhTnJPBFdAEYHGW4Oe1S9GPcUmNvA4FL1JC8mgmROqsThRuJH65rTGn3cHMsZycHHfHvUELQwYbBeUjgDsa6K2tNWkuFlNtNO0nGApOcDv7VoZXRzNy+MNL830rTSxu4biO1uIGhkkAO1xhgD04616xovw81PxBdI9rbgxr/rVXkqo+8emOnAJ719N+HfDfhzRoIri7h83UfLMcszcyeXuyEz/CMYzitY03exzzqpHhnhT4HeJdXCXsiLYwqFZ1nG5yrc5CAEAgc7WKnscV7/AD/2Zo+k2vhfw4pSK0OW8zkljyxz6sSSe3YADAr0i31WBbSPe6W8Uvyx7eT7Vy8lnbzLeXtvAtqv+peR+jer+np0rrhROZ1rjtOm1KTT4o7oLctCpG5hzg9AD3xT9N810Z7a133EQ3n5ePcnNRS3UyWMFtZFJ5OEWVztRR2OBWfqh8SXMdvo+mzA3l+rrP8AZTkFO3PatbGLZtz3OngBNecTyNysMRIAJ4AyK8w1fXb621BtL8M2gjO4qpDEvubrknuK39O0O98O6nbQywC+aMGR4euD6kjoR2rrdBsbTW9XtoP7OW0ikd33hNoLHqS3c00a3RgaT4H1C6ht77xAxjkOHdVIO7PP3ufWpp7nTH1t7S4Ahjtl/dhoyzsTwBgZr3G+8KWEkNvDGzxm3G0ybjtA9gTjvxxXmvjTSdM0KBX05xPetlmkkj3O2Oyt/wDXrWCMZVDG0q81KWe6t9FvVjiRcyhcEkegOCfXjNem+F/C+mXBhvPESCWxiG4B32iQ+rAdh6d68u8H3MGlKc2n7y+baqkEMG9Tnnv0q5qFtqL6aG1COfZp+XkLMxG1icAA9uc1t7NMzqTR6FqPizw3PeSsbDb5Bxb7+Am3gMAMgjpisnVPCskED6zZ6+t7eAGZYlUcOx4Q4JzjI7U3w/pkM2nrrGqJuitUNwIk/wCW8aAkqM9AMc8Vq2Ws6P8A2WL7T7VLRWb9wh+Y5zlizNyQKpwsc1ypNNq2oaEkerOt5qJkBiCYUDaByeAMjkdKzJbxLOdYtRk+0ag0exbfkrHKcYyy56HrWhb6j4hv7V7oaXmGV2Pn+WwRipOSr8DsarWmlanqVv52lWghtrpmLzysuQwJ3HGSx5GBxQXc1/EOk2t9eabqfiPF3d2sCRvETlQVJbovByTXP6ONQOtprGoSrGbQuIIkyV2PlRnPQgGtS10z7R5VhHdlRA7b5AQV8xR6dTmpDevpOq/ZrqISMh+beAN4x8pBGcCmM6jRNG1bxJbX17eSx2iW2GRCC5kDZJ5BGAAOvPPbvUa+EdMvIBPNKBNDKGjTgh1UgkEHrnHSvPfDHj3VYtTvBZS7mcSKIsZQoTwBnj8q2vDniS/sppNPawFxeEtMiHOQDyRtAOQPTNc9SNjVHoXiebQdcVI7hWtjE6tFNEvlygjrjHHPGc+1V9TebXDJFcTvpWnW4BSQxs7sR/EVU5+mPr7Cjq+paPp0NjPqkyNqd26XUFsBklVGWBA6DtzgHBx3rjb7WNduPE41Oa3+zWUoDwRjneFAByB6n2FZ06UmKbNTxV4g0u/1Hy30n7UZbcxtLbo6ztjO0nBHbsRnj04qlZ39lr+jabYaJHBFFpW9LiW53mZ42JYLjbjCjj2x1HOcFbwa34oaaG/NhBMgIcPsxIOcZNdhqvimwuYI4tNm8y61K3a3uZ4mjZWePCYO3gBsE8dBjHt0qLtYzuJo17ldS0LSdY+y21li7e3gtlkeUMPn2seQcKBwT16cGtHVhb+KNYn1qxk1aGecW8Vw9wqQ5CKFyVjHIKjP1OaSw8c3/iLVrO0nuZ7ea3jW2kvAitHlF28Dpnj0HPNdLfGfS9Lax1S31zWINJkPmzxRrjEhwpduPX5cnPOOmMYyvfUqMrmfL4J0l/EdjpuvaRdX+m6hCxgmaZlCSjkMQnXOABkjrXDap4GfTNNZtY0tCLMbFfzPM8sHAG7aSBz0zXf+NJ9X1HQBpmn6ZeSadDIoJDgSCMDAOOpJ6cA8V518PdKNjBreh+F/DVxrcupgSzfabhF2pGc8LgZAJ3depqHI0irnFINeXT2vLXT9KvLGzmyxnyCpyMg7jgjB56Z7c1r30t/q94dCuG0i30mOQMGtYhvhQgE4dQuc9yw68cAVveI/BWrxXWmeINL8OW1lY3qvE9pcXPmBJ42KszE5JB9AO3542qaVrU0VnY2dvpOgTalKIVjMnzyMOgztwFPsTjjOKxudKpnOaH4J1rRNdv7DRp7SeFMTb7qLAlAwQm07ucN3PTnNe2a7LZ66+nw+GJdHiuPKZfsDnG+bG5wqrt3gAe2ME85rIlvPGWg+H7PTrttEh13cbS4iubiJ51h2kxOQpBGF7guCMHqSBUm0yw0HTNK1C+m0mTU7dyHSaTeVZ+MgAA49+Og9xXTHYxqMoTRW+hSadaWNnpsmoXjNE0EFziLef4QeOSe3rwDUseg+LY7pH1OxcKFcFIp45do7YG8gYrQ1rQ7GK3jR00NtbtibhUCPHHCv96R0XDKBzhiCOOMc15/4Rm8C+M5tviuCwjvJmVYpYZpYLiSR2CKhXcyuPQ/w8cc5DM7HsNlF/aWjQf2xJJcCBnWWN49rRNHyuHGd2Vx83FaGgnSLq5T+xZpHOzaY5VXcjA4JUr1U1zuo2WvzXs+n2EF9p6mIndbzicSFeD5ipjhs9CKztLkXw5cpo8DNNqEinznKGKTdJ8wDRnphSOhrePwmFSn1Q/4w+CtQ8QaO8mmwpdS6YHnXa+2SOMITJlTwQdufU4456/L9jHNaaI0FzFmVZcv/ALnQV93aBoeq24k1y8YSqkDxtG+RlG6AjnII7V8ifFHwb4o8N3C2WnWjSi+O6F4jvUQn5jg9QUPykHpwemDXFiYWdzfBz+yzh7WK+kaRIrRlYYkG1cKgPv247V654E0u8j1STUNCdrdIowLuRdm5FPUorEZ+7XlOkeJ7+ztXhaKXK5jlJXcgPs3TODXo3hW3OrPEbhhDuHDt8ismeQCOM81lT2sddQ9nhv8Awza2Woapa3V1evPJiISKHcAD5uRtGc5zz0HeuN1fX21fT7W3urSaKYOSGL5O3Hy7ceuf0710MF34Ji0y40XUZJ47WR9xe3USFZFxhmwQe2OBWTr3ivwi+sRX+iaX9ht7S3SNP3jSFzzzJGWOAQccHtXbDQ5OpBDHr9nod3c6Rvt44NiNgjOGICgA8nk9sVrTeJbnR9LjtfD6kmYCOW8vF8qXczZIXBIxxWBc62iXUUdysUuxftB2DBCuOFHX29ayfDdjPr+oI2pTzavbxmWZrESOgZVB2nII6Ej0rW6Iq0juJpdRt9ZMGqXCtNAqfPneDuGcZB9D3rdv3s9SlRtMs57jyjH9sjxnao4fYAc46YyRXFW2j6r9pghhtPsVnqm+SHzmIli2joT2yOmc11KxX2n3+mzi9kursOWnCfIhjUj5Cyj5gcehpVJR6CVIyvFNvpv2+1k8L28tzJd7hKZF2mBYyO5455rjdWF5d/Z4owYbMFthHOWJwc16Jd2evzX1rqNlErWd8WlniDqWVWOckPgng9q0Nd0qCxvJLgulxaKsZjjBAO4Lkrj6g1iFmebS65qOgabBf30ytbTkpFE/DEJwc8cCvNZr6G7tNQubD97HekAc7iGzllHUnr0rc8dDVPFd9BFE/wBls7QbigXcqhj843YHYDms/wAK+GbLUdba28PqyNbIzfvG+9IvpxgZOayOle7E9C0yysLSG0ggtGtr65VCEuAI8gDncucg56ZrK1/xBC0o0K31NYbYRFrhkgZSXB4QnGccZz3qaUrazxa7q+ltBeySQ+S8rFg+BgfIMYAHqK7W41+11XT10XS7uD+2CWMqxWrgxqvDBpCoG3dwea1MS1oF9qnim6trPQtXv7DStHtbZZHCrtUxjnJUheQAoZhnjnNVPE/ihvHerarbeEdQKpHGs89rewonmtBtUlXTJbn5uo9gKU6jf3uh2Xh7SdUexhiWWK5kDtAHlxlgxQZKkluox83Oapanr+s3eoafoXhw2Oo61KHimCIIy7RL/G+5cnAOMkfQUDsdmdSt9F8PPpPhXTZdH1TVxBJLeJMblIxnkMrgjHJHT39Mef8AjX4S6v4ftJX1NraLU0QuNz7Y7xgeWhHZ+7L6ngevXab4xf4bawviPUfD7WV3LD5UiwzpInmIQTIYzkdumePUnJNu+1rV/GOmXnxp1XT4GudNtURI1XbDdIjkGTBLFZIsYY91wByK5cTfSx00Y2PnL4HeNdO0+bVV1C4j068a9gNp5kZdC7Ao2flYDkr1x9Rya+nNV/t6007TviD4u0e0uFtLvLw2z+XNkAsruF3AH5eDng4BHNeL/D7WbLWZ7nV49I02fV5dTa6i8yIeYhc53/33r2Cy0tb7VLf4gauJPDFxaSOJ3hQzRzRuu3/V/MyrnIORnHTttqnUsjOpQ5nc5+DWR4mvbrWrHVEuNIvHkaXSr1i01jKSTGULk7uOjrwRkEZHFXxNo+prBDp6XcGlajaxSG5kCtBdiJwdobGMqwGRnoRwetch4v1ZNK8SQWU8VhFa7BLDNZIUEsU2NrPnGSuDxtGOa5X4n+M9E8S+LUg8N3uoSxzCOO4u7yTcCEx93GCVXJPJ+nFac4407HKQaX/ZOk3c166mRJP3bocyEAjDLk5B5Oa7TwLLJp7TXupRedbNiVXlU7mLdMbjg0XlnpWm2WoksZ7m3WFIrmZyETkb+BxyCa0dJjhbRoblLF9V1REZhkO8KRA8FgpxtC4ql7wVTp7T+0JzJcS2B1S3vcJudiohRcgnPII9utcd4y0rVIbcaVaTkxMQU+yBirHkBcLzmtiXVY9CEMInZjeM+bZWI8ojkAA9V/Sl0fXtQ1XVodKhmg0uaUELLI5RcL6nkqT24qTA6+/t4vGNzezXWironl20TM2oSNCwdeGdDIq59sDgDn0rp7/4daR4B8PXGt+JfEaX8viWFltoNPlWSWNQMZdnXBGeCQvbGc1fZvBPiTUtN0a9ub3W7u2t3W/MEka7XTALI7rhk3k456Ec9qdpU3iK+13SVTRLC10jRma2ivrtFAwqBQZP3mTJtUEbQBuOcgc1M6V+pSmc3YeE73wPY6Z/YXhyfU73W1Z5zfjKIsWGwNgULnOWBbPTPPFdf4NGnajr/wDwj1jFp+mX7s9y9pbuwRnRhvCg7jnHbgcHoBTt0GtXd94ml195rjSJ5LKCxto5BA43KC8cgbaMhsjHUKOelYHgLwrqvh99T8dvC8WpPdXCQm4dmnW3kKvu2uNpBORuAJ6+9SqWhm2dn4gR9W1S50m60+6uY8FGEcbPsA6cDJA75Argdf8AEEY1MXtv4X07T9DeM2Si9IZFn3MRI2cGM8Afd6DqCa7zxf4216w0q0l8RajJ9ku3Eiy6dGvniMZBUMNoHJwd2efyrzbxdH8MbDSLCJJdS8QSazJ9rlaWTyZIIwwPzR4+Z5Dkbj6EjHBOEIWZrCdyppOh/Eu98PS6vqev6dD4cRHglwYJxGqfLGrBIzhfugHcSAdx5XFdl4HN7p1jZ+JrvxhBPawobNrWOLzZVUY242jeyfKMED+VUdV8LaVa20vhrw94Zma0KrKwuAzzK5bLBXQ/OvTuCOc9K53xHq/jPwrqg8JaJa2FiJ4opLRdiyuQud21n75VhgqfX0NdkZE1JXRm65fX2h6pL4s8J+KNR1HUIFeC3VYpI9kTHHljcW+Ug5AwMcHGazPDerPb+DZtVutJ+ya8JyDczTFnlhaQci2dcZXkfQZHWui8Zat4Z8U3Hkw+J2sL9USOb7PbSqWmiJ3LkABCx4OM49xxWXpsmu2Go6N4pu7BDpums6ee7LI8jAMELpkNwwyCBkE5BBxVXNIwshI7N8TeHPEcU9017dremdAtuw3kfMgIIwMNyM9al8Rz6ZoljdaF4QM0Vpq0bJdy3LCWTewKlVK4BXHHIHOava/4r0S5s7zxhfXDXNzaWksdo0rkJJMxJRFQgHgk/KDwM1wvgy2uPEtrNNbRxfv0YLNKSUSUYJGOSSMg/WoczamdX4c8KXOi+MX0vX5HvrLTYhu2qVRQ8QK7lHcE4x369uNMWGtXt3FrfhDRrGC5091MZuFJMiliG2HgEKM55BXPynOK5XWPEK6r4ajvfEPie4s/EdrMbcJbKyPcQZJI3xbUIBP8XzZB9RXKeJNW8P6UmjeGnvNSv4JZY3uAkaAgv8qrEkhzuO7uDyR9Kxk7lHtGm+GvEV7rdx4q13T9Jh1WCRjCI8RtKerOQWJK9hyGHPArv9E17xCLS/1HxDpOk6Pf2SltOnBEbzL8xkXc0sgORjaMDBJ4xyPIvEC29vHYeEdN8K33k2MigTspEjIwIYsu0AckkndjjoK2tVudZTRLPS7jQ4rrS9PkSIBmYySWv3SrYJAVlwN3bjIPWm0Y9T13wV8RJriLUNQ1i7sYrTUlcLKkHnOkm3buzEu5WHUduemcGug0nW7by2upL2+1SK5BCJBC5LN/uy7QRjPA59sV89td6toXiOHwP4U0vSJbO5CzxI8hmYJzvHmCUZOUb5SCcYrd8X/FTxxpviSe18J3trBbEq1vb20cXlwLEApV0dWwTjoG/LoM0ncmozpIr6PTlufHnhzVdSbR7aURzabOhSPzNgj4xJ5eCSvBXcD36V82eGbnQ/DPxC0jxlrV81q/n3FxcbF35EquPuqrNtJO1upx93kV9EG78SfEVpt/i2ztri5iT7Tp15EEjcocllKrtdjwcqM8Amvk/wAa2Vtpfi++0h72C7aARhvJYui55MYJAIK55BGQc1lU1RrQi72PNfjz4Zu/E943jSDVY73RpLmeOLbmNbeJjmNRC6oVJ5zjrwcAV8L3luYLqa33bhG5XPY4PWv1C+I9nqzW1x4R0fw1bzaO0cF2ot3a7lYOwG+OQHcVLAqfl4AJyFIr88/iPott4c8QXNjBBNbMxDNHPndG7clMnkgds89iSRmvFxMdT3cI7aHmzMAdrYGOlJYsxumZckdDTZ0zGGP3hS2jeUrMRgN3rzz0jS2CKTcv3R3Iq3jLrk4J54qCOGeaIJGBgndkmp/tEiP+9Qbl4GK0sVzFqYxNiNyx+lYkkiKTE+Quetbls0jFyxXeVyM1gXrykMvB8zuexqJAmZNwyh1jHQHg+tQiM7gAwzU8gkjTazfP6iq2GRCWOe4xWRoXIolkZfnPBwa0ruQkRrCvQYrNsic724Iq2yjfvznFBLGxs8RZ3Xp/KqrbJCRANg65qcylm9R0/Cnh4iu08bemKAK2x1iyvzg/zqN2eUiMnb64q88ZVAA4A68VApU/OeAeM1k4lRepW8phyTntipFhOCyfLj1p5hKDzFJcGmoUkJWRtnpioaNRAwjAyPMzUczfMChwD29KmICPhTn0NVfL3Sccs3apkBYWRCQGQM3rUhjcdWAUdAKpTLNHNsZdmOox2qRFIBKDIzUlW0LClNpIOdvUVBiSKNm+4x+6fapBFKF3A49qSdHeALMT8vT3pMCIBo4j8xcOetQSquGYLirY8xVCJ93r9Kr3GBFuB5J5rGRpEpSAAKcYrqNLlH7vZ1FcrJvICtwK0dJncPt7CuOqtGehhpWZ6Vayl22+nWtMDcCMc1h2r/KH9a1oXzkmvNe57cWWo+BsNWEbYdwPBqqp3A45qxFH8uGOBTNkaMVw0bDaeTXS2l0joA5wRXIj73ParNvO0ZJ3ZFS0Zyi7nd28+19y425raDK4BGBnmuMtJmnhaSIglew9K6awmiuFEOcMwxz1zUNFKXKdhpAiliMTABm4z2r0XQUMMYjGcL39cV43FcT2b7MHA6Yr1LQ9aT7FBE43MhOTXBi6N0ephax7Bo1y8X7teS3WuvtneSA+1cNomoKokmCZ3jjPauw026WXdGeD97618ziqZ9Jg5m5ZXEixmDAO7vWxpr3Kt5YbOOtcvcXCwKrpwxHSui0F/tMIlc4cnkV5VY9egb23EwZuAetdHYRrIhVKxZYBgc5FbmnyJBs8vj1rludSZDfRSRnC5zWppM0pgZJB06VDdyhpVb1rTg2rFkDFZyZ0wlpYSBIpZiG6itYqG2x8DjFc+A/nb1Oe5xV5594BU/N6VMjrpRNJYogSq9R1q/YYU7GOeTisG1kYsM9VPNdBbFfMUOMVm2dDR1EMFu6DjkdateRtK7OlVI9kSjccBq0N4VFcHIFWS4tkE6E9O1MhBBwelTrLuIUnk1aaIIQ3ei5rCNhVQqVcnIPatKFY7iJ4mxtaqAYMcCpMsgO0c1m1cJR6lO4hGmyBeCD0qe0uWkHI4NZ+puZNmeopLKfy+CMA1DVjujSvC7NyURygqOTioBEI4xs4amCRxJuUcGtaNQygkc0jma5TZWO2m09IsBnxzx3rn4Bb290yyQjg+netzTipB2dRVS4tnW4Mx5zzQ9UckXZtFpoLadtycN6VrW0QaM25cqlcvFM/mcHoa3hcMIdx6+1bKRGIpStY0ItNWNt2/cB0+lRXMSTMQD06VmC9uW4QU3zJvvE9a2UkZRoTvdsgMWxmyc4rOuLUyjCHkmujh8s20hfktXP3KSq6mPsacjqpyu7EH2OezdIhg7+asFHDENzUgF1NIjP2q7cGKADf1NERybbt1MW5VwuB0qGBxFH8y4q5JcrJJsUcU6RojEVZe1YTQ5QdrNGPFNDLNsPc10iwBkAPC4rm4IUFxvC9K1TcSN8ucY7Vg0Y1qTexH5YWQkdPWsm55cnNT3FyB8p71S3senekEKNtWNQHBpX4Tcfyp+0iMse1Zs06jhutBpyNrQJLhoxkcD0rLbO4yHoasyDzmAFWYoAFywzUonlsUYrUTPuIxU0lrH5eIzhq1SV2hRxmqskQZsE4Apszk3cw5I3jHzCq6rvbFbV1GRDuPOKzoVXdnuaqTFcnWHKgHmpFtvKPHSp4Tk4PQVZdldRt61DMJamTqBEUS55yK5y43FQyDrW3ffMGz0FYRl3kIOgqbDUdDP8As5wWJ5NU54mMRznJrclRQBWTJMELZORVEbHl+u2LyZ2MQRVPTYGhdUlUFxzmu1ujBNuyMtWEkSxvnv7VokbKp7puxQrgyFhgYrmdRvxdXDwIwAX0qW61BYYyqH5m4IrkWO2UuCDk+tdcIanmVkrkupzvagvAcsVwfauRivd7yzHnPAPvWhrs3lpuXKuw/A1xNzc/Z4NyZ5POPWvXw9O55daZsT6m8sJToB3rn5NQlgb5OA/XnqKx5dRmbKk5XrULzeY8aKcnH5V3woWOCpWIr2VnEkzjOzAFc/DIRJ5mMEGrWpyvAHXzOGHSuZk1BjPDDDx82XJ9K9Chh3bQ4KuI1NbxJIsVyjs/VASKxoLtAhJXJI4+lZ2s3xurp5WGAvy+xFZsdywODnYeMV6lHDaanHUrm/JdxrAwZ/3jDAA6Vg7HY/KeT19qdHDLc3CJGOM4+lS+INQsvDlh9oOHYDa3PevSoYc4K9axmahf29kipK+zZ1x3z7V5J4m8UPd5s7dsKep9vpWFqviyfVrqV3brkDHTiuHNxL9o3ltwJzg9817eFw1j5rG4tu50tlehGJ67P51Yku5dRcrPyI+npWFFcgl1kXZkcCtG1Yxr834H1r1keHJkJ4k3gHIPStm8XzbNlK7twBFYkpYTfJ9a1WuHW2I4yRW0TOojjI/M3Mm7OOKvJI6uOd3Y1nM4hlOeSfTpU8QWRyoyp61KZNjSmVoJYpcko5wR6VR1eKJHWWPgtycVui2+0W+AT/OoETzLd12ljGDzjrWsoXRnGpZ2IfD2ntqM5WICTZgkZxX6Q/A/T9EuvDcVolwdL1Xw+ovWWQeYtzcLt2hfYkAHPT0I6fn98PtJOraqAuAbQCUJyN+1l+XI9c19zWmkXHhrT7PW5VVrbylk327h8M/Gw9PmXoe2R1rswVKzucWZV1ayPZo/Fl9qNld6F4lUtqzl/Ml2L8sBHCgpxtHbrXa/8LAsvG2gyx/Yo9NvNBt1isBFJuLTIvGQ4+4xVRyCQB1715jpst9pF5batY3n2/R7pFnvGdckQkZwP4sgdP1FdPLqUNl5vxEtNMh1aG5H2SK0KlWCFvllc7W2nK7SSO+MjivoOh897TUyLHR/GuoXxu72+tp7h8NPJE4zFHtA+ZVUDpxxntWJJ4c1mxkOqLbvJpHmlftJBVWYZJAJxngdPrWxrceraDDDqHh0SQQyKJNQUuhHlEg7FJGSPvds9K9GHjKy1jRLe0MkNto8XCwSbcvJggEZGSTuPH1oNjyr+3ftkMcMtwdMs7F1PloTuuyx7rnB6Y/GuV13Sbq3ebU5AkcUy+bGqHDiNuVBXqDirdi4sr/UdUuAWuLeaT7NbMdwWJm47/Nw3X2qXU4EsUQ37LcXuo5mMsbEiJG5246celP2RmUdI8Q3M8+npcqstvarKqB1G3y3XBRu5HAwD/Ktmz1KSGGyRX321xA8Q5zwrfd9iv6dK5OVtPWJo0ZiVIw23AP0rcSxjsZtLit5fvhzlgWUFlJHH1qOaxXKfRGkeIILvTb3S9TnRHh0S3u4pJgNjLbEARjGMls1h6tqEFml9Fp9sSqQQX1ueVUwzBd5DHjaN3THOK8zj8UPPc2tlremyR/2rYT6WLtQVhQZ+V1LcEKSN3PU103h+2fxElnpxvhdC0sDp0ZiYCKRYASocrnPGaXMV7M6u0/0yOLTbuEfaLeVWZh0MUgztBHX2NeXeL9B1KHZqmnGOJkuHglmBCuXjHyhl/i3D19K9k1DTpbfTFj8NTNOL3SIzKCAPs9xaNhgrHG7HTj1rgnt3nt7y3jRby2vbM6lDcrwVmhwske7nOQORVOV+hmtD478TfD2TxXO+qSt5EgAAdvmZwM/KRwQBXiOufDvVNPgW4iTd8xUhckZ+vSv1HPgmwi1Oa6DRTQzmC5YxFRNFHMvzgA/Q46jPXngS+JPh1osMkmgyWq3dtHK3nCT5ZEIwyHIwckE8jHHbmvJxeWRq3aR30cwcdJbH5AS2cljceRcriRQCR9feoXSN+WAz61+i3jr4B+HdXsLsaYJoL5hvtg0mYQ6DhCCM89MluCc+1fCms+EtR8OancaVr0TW9zbNtZf65HBB7EGvk8Xl86Mve2PawuNjUuluYlmrzWxgUZOeDULW0Ms480HAPNbkNg0CGW2k4HOKqpEGL71IxzXlTR12HNZW7rsPCj3q484tbXybNB8wrOlCEBMHoec1veHljef54wwAwAaIIDn9Ka+iuTvziQ/gK6HXEjXYY1xj759a29UVYZEwoOP4RxXP6jqcEkBtRgM3oMkVbXLF3Js9D0f4eeFtJ1EnUdQuMRxEEr3z6122u6JpOoBrbTJgUxtUEjn8K8F0rWL3SUAidg/fBwD9a1n1eedxfEmObGeDwKvDVqcI2mr3Oatg5yd1LYg1f4e30cxaNt6sex6CuG1XwtLoMx/tGOVVJyp28HPuK9GsviG1g+29UzbW/iOK9D1Xxr4R8ZaCIr8LbsRgIW5yO4pU6cJNpOxrKpUjbS58r2slnDeFnU+UOcGtG7u4pp1lsoiVHQdqrzadDFqLwOwChuoPUe1e6aHpngKWySC3uvLu3HO8hTn8ayp0nLqb16jSvueQpeTKv79QpIwB6fSvQtAaySzIUh3LA884/GsfxXp2l2E5hsbgXaDG8jjB+tQ6K9mZle3BRBgEE9658TRcDXC1XLoWPEd9dwyZg4ixzXm87R3bbSDjtXo/imK6Ma3Cldg4we4ryqa+FtI6+XjP3T2FZU1oa1GVru3ayIwTyetUyX3ZBH41eup5dQIeQAlRxj0FUzbyAbjj6E1otjARlwflPXtVmy01L2TZN8hXoasx2cvlBzg55p0Vy8WQrEN6VFwM+90e4tJS0LBkP3T0zV+xs2ubVmuVCr059ac9zHJ+7uDtbPHFWIZbYMsDS4jB5PpT1Y7mBeadJEhFsMge1ZcYlXBK969CS702P8AdRvuDetVtQtbLyFe2ZQ55P0oUn1C5yDRyIN2zr7Vu+GbH7dfKPMVdhzzWekwlyUZgOldf4a0W8mZ7mFeO+O9O4jvr+JtOaO3uWUNJwp7H3rL1CC3+z75trqoKg56E1Q1PfcRulxK/mKNuWPIxXKL5uPKlYyrkAc1AHYeDrC1t9Se58wSbR0JBz9K0vGNx9pTZvaGNOSATk+v1Fc3o2kO94swme3xzx0rf8XPbG2GEE3Yt021n9oDw05M5LYyCcZ9KcJWjQgnGfbtV+4sJHzIgHHoaotE5j2HIByK64yLTKhmZGYRN94dKtR312uB5rEA5qiIXJAA3FT074rcXQ9XSEStAwRhkfSnOwM6nT9VEsDIXC/L19avwXilW3/N6E1wRQRYgwSVBJBp8FzK6hQrKoBH1rnqU0ZNHocdpPfH9yQ386VNFud2ZCYcHH41g6LrNxYkOoBbou6vSLDW49RkjS8iCr6j1rzqqkiTIgu9atImgEhkixg7uuKvQa/a2q5ul257j1rfu/sUgEcBB2nBrlNV0xJ0DovC85rJAbF5Db6jGtwkoAxXHMChwTuyasm2msEWRG3l+ME5AqATrKxyuGTk+lXECW3kiE4Eg4HbtW7caadShJkOBjoBwapQpayqXiXzGA7HpXQW9tf3dkzwBY/LXgbuaE0Wmee3WjajYBZCpAY4HGARTtOtJJrjypOCfWt/Uby52i3upGdl5APQ1iNvkdXAMe04yvXmtLhzF7VdFt7XZzlm547VnRSxxxeXGc56knpSXOpyF9kpDRJwT3/CrcWnQ30G63cBjyPeqS7kFdbMSY2sS36GpUuZrEKMZVG5Haq264sm2uAcdO1aWmTxzO3mgAjqDyKT8gDUdb065eIXNuFcdKr3U2l3Cr9i+VwMNWx/Yml6zJh5hFInOO1cHqNnLpdy9v5xcknp6VpCCKtY04NNlkmjCyZXPXPNdvb3VwGC7t4xtOfavNrK6u4H3xg4zx3Fd3p2q28qP5zeW/fd0P0qakWTLU23vLDe1tOQW75rmb2NBMRCflFSanBENt2rBi1VftPyALHyD17EVmogFxJPJbiOJAG6detZIjWDiUYzyc81otKS24KM9qzL/wCbDtGS2O3rTA//1Px368jOe9OxzuGAKPbP1pwwe2a+3Wx82KGp/PQcigr8x24xTselUZzIwM5OdpHGKcBtyT09RS5IbbnrSg8fKcZ4NIzH8AZAzThlslTzgU1cLn+Kpgp+92xQBCCe9SEHOTxQRgcVIoAOR39aAGgMSDkFRT1BLe1IIzK2CcZ/Wr6WybdrHAFdADBB+K0+KxM7qqnbk454+ldpofhe8v47dreN7ie6JEcCIzPtB4OAOnfPpX094O+DGhaTOuo63am8uo0yEm/1as2MN5ePvAepOM+oBG0aVzlnWseJfCr4Uv428ZQaZqUxtNPtSHmdV3M23LBQeQCduMnpnpX3C/grw74bM17p+hKFKszSOGcEdz82eau6Bp9hplyt5BYw2UCjObeNUDtjB3bQMk10Fk82o2so1e/WOyWUqoU/vME5wMdu1dkMOk9TzZ12zlk1LSjp8en6PGlpb5O/IEYLHk/nXErqUFpYXFsscklxO8ilycr5Z6Y9M103iSXQVuZNN06Npig+QPzhz3JxWBpVlbS+XCFMtyjHzcjhR2x610exM/aFf+0IMxrDGIcLgBTkhugPrmuotfDE99FbJqd35aMd8iOu5sN7cVVsPD0izpqrTIlkquDGwJfcOgI/WsLXvFFhdavDDHqZhjXatxIuGyPQdcccV0U0TY9FvfD/AIRbS8qZGRPuAHBLLxgqvABPrW3pekLAkbpIunqy4JVfuoenINc3oWv+DxpMpEzm5WRhFlWdpEIAHbaOfXmuzezljNnc3FzBftcZ8tImJEQXHDgjg12eyRy3fc17yXwLomg3WnWkEsd7djc18yBn+RlYoG64JHQV5n4Y8QX0Gq2chsXvA1yPLUNsVSSMBj0HXJPNem6b4am8SG4WQLd31mCSofZHEh/2WwMkfXNc/pHgLxTcXsOmQW+La8ZylyxHlDbkkNt3FenFc7oqNzRVGdRqtzB5mbi6ElzLI2+JVJSEH1I5wv0qSzV9GFwnhmRfEN88Xyu8TRlFLjeqgnnHB68kCvIfGNxe+E9UvdJ0+2a4WLEU08EmUDtjjOB0JwenNVdL8W3ds9raSYs1GBLOkjByuMdRjnGc+tKyDU9IvtF0RI01LUrXzL66JkKbmwJT3G3Hf1OKyLh7qxNxNqtpEsc+Y3g3bhgj2z+tZviLxfoV1dLp+iSzi0cKFnl2bt5PzElSePStSGWa/vY7TRLlUmcbJJbgBYl2rgksAw5xxxzWkWkjOcGM1GK0gjtvsylvJGxYY+cB+2MmtFNLbzYf+Egjht7eyDNDE6hhIzdm5xx6VyurXWo6fqFpY2U0M2pI4DXMLbo+RjAGPQ+lef6prmpaFfXEOobtUkaRnT5myjn7wOAe/akpJsUaR2+o+MdY1v7RpM3kw6ahMUCJ8jRheBnBxgCtGw8RxWugvaakApEe2BlwG81WyuckAg9CetedeGvAZ8VXT6lql1EqyETPCC0bqzHeFXIOcHiuy1m20yCJdQv45Lr7ThIoVIEiMnG459exxitLxK0RU1SRNTvrOfVpPstgrNLN5BAfci/K3PcnipYPG2l694lttQkLfYrcSRyLcLHuZFQ7PlBx17+9ecana3U94x1Uvaoq/KmVJOcdSODXQeC/B19NpN14pidDHaXBtnjdAQ0TBSsmSc53bRjHeuapUN7nYaL4a0jW4rjWVzFaWkilIiv7ySMuRyVPy7eOnWvQbVvDenfZ7q1sGuru3d1STzZEYLICPocA9xmvObTVPECxXUmllII4AE8pVQ7k5z+gyBXU+HviB4Sk1Wy8M6nbfaI5GI8zaVaNmHAJVieWx7CpuauFxieENRt9YOo6HJHq17saTyZDHvjjY7cncR64HHPpVK7s7rUo7abUb0293A7tCEjG8qANyAghRjaPWug0zVfC+j61f6vdpJeXETH7My/6xWyVKgZ2twepPGOOtUb5re61CTUVixLP8ysw2FVbtgHA9K2jUsjmlRkyO68J6h8QoLObSmWztLdjI0mRKsyZAOMfxLg4Geuarf8ACIQadaTaPowt7pbKTzXndCpO7g/OCTx09cVPbafr13p0eieZFZ2tncGXBdVAVsngDljyTit611ays/Dt/odjb/bGkOHuCDlEY43fKAPpmhzCyMaz03TvCMy2mgW8V5JeDzhFukcbiMHvkEAY4p5+K95Pf3un2iSQW+plbdbYuCjc7OXwMnJ68cHFdHLeW/h3QrS4t7xb3+zXcrt2+aomBEnbJB98muP0rTfDWp3Ecl7cvbSXNyrWjyAbUdnw3mHBOOeuRjvWNQ0grnf6zHBGmk395Yy2lysMlpPCl58kmR8hDAk5+820HA4rH8CeDrTV9dHifRtNuY73SAyTRfbVVHSRSA6sShBGDwpwcVT8U2TX9hLPqH2aPTJJ5IYLqOJpgn2dghZZAdqh8cc/MM12Xh7w78O7/SY5oI7O6huQIt7XUkc0LpnJwXGA49R6YrK5qlYx5NG0lptZ1G58O/Zrq03TMklw0nmb8uSTnaCcclentXF6H4Rg8SwareHQ7eSIRmS0LzBmBVidqluueASSOPWu213S7LxJ4ki03WfDUTtcxNFHcw6l52wDJzlCFBXPQ4/GtTQINDg1LS/DenaRDYpab4ru5lvTsdYhkvufKrkqTwcEnHFYM3+yed+IPBk3imwbU9X8MaXpc85XyLiSVoJdyjHzKWIZdo4DAYHYjmnyeEtQ+22V94tttIbQPJ+a5inAidiODuyDvBGCDx1FexavZ3Gra3Z2S6Va3unaddI15uuFyYT8pDYP3WXJBAPSvL/GmlNea3c+Hfh/o+nO0EkSmzSbfuTHzfMzLlt3XOMYPGRTVU5nDU5DW73T7qT7eLi0lvkbEkqtiI9tuehX864jS9Cv9f8AElva+HtG0ya0tHR5CAoiWJWBOTn5/fC/lXuGq+DrnTIGtLLw5pV+roxaFXWWYSY6M8m0AZ6fTOBXlvh7TvFuhO2mWulQS3mozSxRQeeokQxjnau7B69mJ457ZqlPU0tZHu88t8rXa6N4cW3XKEfYrhSEAAB2qFBOeSeOTVK98NXPhvUo/ETia5F2vmBL6IsYyFHVsjoTxnGKxtLt5/DNolxcaRJHqQDQXKxTFisjYPyEFucEEAdBWVo/i3xotu+s3o1CK2tnWKVZ902yNiM4WbpnuQBXdF6HJJHpHhrWvEMsvkvErWkGCXRhIpjfPpk/KfWuJ+KVnqcJguk1Ay6cT5TBV2GJJOWxjnnFdto2sWt7rU9jpMCzrDDu86NTAQhwDuRlXPLd6j8VR6IwOjoZZpnXY8YHdgMckc1lU1Hsz4r+IulFtOFtoINtp5Ikki5DO47nPUY96g07VxpdhbW9rcmSCFMoAAQSTznv3r0O/trdvE19p2tIy21uuwAlh06HArw0apo2k61DZzDbaTy8uRkqpPXHUkZ9K4l7sj0aT9w9qsQ823FwsMbIs67U3O28D5TzjH612dz4YiFydC8OCGfWtRtiFilcLgOBnOTgHvzWBovh9xMdHsyLiQSLIsgb5nUgbQq55XPIIrobnwba6drIGpCKPyjvfaS06s3OOnX6nFd0jmfxnKWfhyw1K8sbC71J1ktkRrjyFw/lKRvRWbjIHTIPbivTJ7e/tI7y68HXkQsZI1tGnnjZZNhHVTgYbkgnb2yAMCrfxH0bw3r7nxXY62NIkjEaSRwQmKSUdAUBHLY4OAcD0ArhPDd54nngSx1PVG0zw/Z3Kgm6tlJ2sxdWJKhiH5z83AJPtWcZXVwqI9MvfCNmNOW/vJbi82RokK2UyzIXbgjaQe47ViW6TaLYyRapcrDc2+ClqTtm24zghsc+1eh6rqfh/TbDPhuCKC2uZFd7m3k3JmME4Hbknqpribq602RI7vUZRd6peqXRZIy7qvIU7gPb1qjIl0LxRDMqXPliaV2WERMP3khLYVVHQdaTxLfaK41Ce6tzY6xbMv2aAsNqqxXcTjrxz7Vb8OaXaxapYywpFdSJ/pBiiUgxOP7x9uvtVrX9J03UI7jUmtg+oXMxyCcps54BPTGAPegDxmZFv4ZLYyZjYjcFx94c9atxSwaQtvpl9dNAkzmaWdAfOEZXbs+UZ2kg/jmuyutC03R/DeqmWEJczKoQqNxUZG7B6Anp9K4jWbRb/wAOrpdtiC4z+6uAC0gBHKZ/un9O1K5q7E8eoaBPo8urfZyFhDS20lzcsTG0TY2Kn3SCy8ZPf6Vi2/iHS5dRg1vS/Eken63ckQvbLbiRjvbBZySV2lgpGVwOOmOE8D+ArrX9Oa2Szl1GG1z5rrKAkW7LDarEZ6ZOAfeuQ8DXY8F+In1fVdAguztkigupWJjWYHKOj4IPTpgMR0KmmNNI9X8F+LD4J8P63pY1Cz/tw33+iLPBun3MUR2WZlZAr85B6bT3YVpfDXVn8Mw6r4w8R2Gkaz4ikumliinkU3Qlk+/tRTgqd24FenPuAXnh7xZ8Q3bxZP4e0yO8itonhHmeV54wSjMpkYMSCM7ivAAApNE+H513xFIuqeE7vRbWGEuiQSiRZJFYknOCTGwOMJjGBg9TQM6bTfD+i67Hq3jXxC9z4YuYna9QGPzLV0OSY13qDkt0+bJz8tdFp8Vp4+8HWWk6hE6WGo+bCRCNttcCJi25QuAkqlTu4IbbnpkVDr0Fj8Stfg0b4dTvYWcFnvuLO/fEKmE5bBBfIK8/NjoenArTHiZPCmlXfg7wVop017uVhMIpGuIpXKbXlhfIZZAQCNuRjr2rjqMSqWZ8peGvDumWeravBf2kkMWjXQVRkrO+07kDjqMjGehzn0r6Yu9QXxq+r+IfBOqZstLije5066V4yIUUs23IKlxg5wfQZOQD80aZpEcXxHu7nVdXIhnlBmuLiYGbLgb9znAyDnGfQCvRviLqV74m8Sv4Vt7yE6RciHbqEMeUdxGrtudT8xHCn5uD0A4FQkdEtjH1TR9J8SavE00cqWOno8kghO5sD5iO56AcDmvJ7a7sb28mSeH7IVBeOLHIUnP8XPA9a9a8NWurW9hfppMkcBtbZ83M2VjDr1ycMNxBzg8VyGj6hP4ge9OqKlxd6nElv9pcASRryGEfGMnPatCDDu5JtQDanqgDrIuLW1Vtu4IerjnqT1P+Fd34V1m88P6Ap1W4kH2kusVvEV2xp93a3fHXgEjB6V5vb6Ddw3ctuh/cQzNE0hXk7TjIAJ+uK7zw1rcNvf3fhaWT7Fp7wmJp7iJmdlkHzbdo3c9hj3PataXUmpHQ6DV7DUdZ0qHVY4Gg05D5qTrJGHzFlWOC2euRjH8637HS/C1jpllrljpF7qOtxzhVmcBrNg/yjzAMAfQ/XvXRJaadcaDp+i6dpkniCCJiY5FgmhwAdz4wuWD/ADZwe3tXUeLfDNr4w02Cyn1Cy8OW3kNL5dqkqLGzBSplj+RQy8g5bt7VVQ5jyPxd4d8QWs0k+pXg0HX4Z2T7JBFsLRMuQ0ckbYwD8oAJPXPNUfDniyL4dzXvha1sbnXr29kjIkvA6COdAwk/dkZPUbgWBUDBbin6X8TdF0m4tLC906bX9V05hAlzJcEKxjOPMWQliACPlBGMHqK6S58Z6Tr0F1P41YX19ZMHt57GVRPa8gFAF2rgj5TkjA98EL2qNFTZ31vevdy2+g+H44tEbUN+oXYRvPMMjKAwy2Co3ELwAOOMdK7L4e3fiLxN4kNt4qF5qVnYWpQuqopVkZdis+0AgjIBJyfXArwjwXHf2t/N4ujhFlp2os0QDv5jZdvmZj1+8uen6c19E21zJoGkXmiXF0b6LWChgexKz27C3cFyzdVIJUEgex6Ck5E+zbLl3qmseHzPqeqPbaZbXkrWyySLFLEvmtgCbaSdmQNwJHvjrXz/AOHtI/4R/wAYaj4kl8UQmGxdoofsEglEsch3BUjfIMQyRgH5SDyMbj6r461bwvHo1joo8Oy3lzcxku5kcDdGwB8srkknq3A2jHXPFrxlp3hm38PabpPgXwkLe41hvNkmdzcSIsQXcqM3IO4+wx2yeM2yfZ2PJ9Bnt4NVHiObxNf6hb2ruZ7co6SlWyDtUyMnGcgYwOOnbTsLbwT48Op6imkXWm6/pc4ltptQl3QtbjBSRk42sOvAYDIIY129r4cWHS7jTo9Qh0u5vFMVzJCrybkxt27SFwTkg9OO9cZJaPJr7affWcusW9kqWwvvMKxwog3BW2KoJ3M3LHJpMuCMfxD8M2EtvbvLG2qXcizG4tMYYHdlSWxjnoSO3FRaf4T8TeF59V0XY81hK63hN26zMoAGWwCQchRn5enWt0eLNN8M6lpmpS6jHBb6ddGKUL+8cKFJwEIyykAqSM8niuI+IfxNtfEOryah8PIrg6hqavFIDH91AgBKBSSWIGen1o946KZy/wAQFvdZ1K0uFtoTpmmIjzCAID+8YBsxgjAIA5C+vNe8+CPCV74Ql3L4Rg0/w3qSC5i1TVJS0DMFUhl5YKWXvu52jiuG8HeHLJBbT+I76LSrvVIVheWdS8sPmYZjJGBnAPB9Dmut8eeK9D8O6Db/AA+1aa/8T2UMkUoa2JjiZQxPlBZTuQ4JXAXoRVjL3iLxPqt74nn8T+IdW0VbQW8cCRhVIGfuN8gYg5yd+TwTjHNeYac2v+Fbw+N7jxFpuqRXI8u7ihYSFMnEXCKpxwPmXHUjBGa67W4G06Kz8I6Z4DjSxu/36wzFrqdivzEq4JPA6ggkLkHAqHXtCudOe41fSfCek28aWJuXtbuESL8p6qpCeW4xgrwBz1aoaAreEP7Hhs7nxvq3im/1H7MrhraNXLcE7QHmLKcgkYwAOckV5zpVq6y6p48WK4vNP0ltq28g2vJCzEZ3KcAqCGfAx15Fep694x8YXMmleG3uNE8N3PkussNuscewkZInVvNC5GCoAwQe9crrV/feJkj8L+IfEzRXdkrRk28RdZElVVEYMQjDDHZhznnPSobsSoXIPBtz4Rgj1HxZZ+Epl/s6J5AXuPM+VvnB8uTbydv3lb0xVnwH4ymj1HUPGWseErK3e6k3aZNLcFhHIA25iG+VgxOVyFwQMGuE8SaH4asLrw94ZkhvtRvo3SW5VRjz4JHI2Iu4kPgYCjj3rQ8VW0Wi2z+B7HwhqLWusbLi2W5djJ8rDcVRVcqx5/izg0vacw/ZnsV5q8uo6ZP411jVNA064u1f7K9rH5lw08QMaRuqHgNs67uB+nx/pkGgXVvPqviKW7hvrhZZCbdUC+e5ypIYcJ6gc+leseL9FsvB3gnQ9Ok8IEXWqKbmZpJSt1HKiqCAQCQpVh8rDjoRuwV5T4c2Gg6p4vtdL1y3W3sgkjTRXkuxCAvyjzBjByQR0zj8KJaIqlc9H0mX4T+E9F03V9S1a6e81GxOLeCJhcwT9nkRyUeJ+MkADps5zj5M+Mnw1GleFG8aw63Dq9nqKiRBkvcLIXG8SZC7WyWPTPBHvX3Le6frPxG+Jmj26+FodQ8NaPGdPtiECoFCFf8AWKdvlh8FMjAHYZNeB+OvCl5azX/w48TaW2nW8VxJtitXDyIAd6FHbIcBSME9R1rzq8dDtoTaloflu6M0jZ/ChUOMGux8VaRb6LqstnAS5t5ZInzwcxsVyR2zjp2rnXj3Lv6fSvLcT2/ak8J+aOHeQCKvSwwNOqoSVUcms+Nmwu5gOwNbieUloEEgM2eaLC9oQxIJ5m/d/KgIGaxrtPOwPLxt6VvK8bL5W8rg9e9Z0vls6JvPy569Kzki4yvqcvL8zhWQ4HeoZNg+UrgetaF1sJMSNnB5/wD11nO20hMAntWDVjoiWbXZvyv8PUeoqyT8pbbgGmQwNHHvPBPrUyl1C7uhpEsq+UUX5TgN60sZVm2sNo9auyhXGAcFe1VWeXGODmgRXEDeYwiffjkE1FvKOUlXcrdPap5ArooxtPembJfuAcetZNlxepI+7yuCFX0pI5EQ/wCr+YDGTUbeSZVYE7sYIpMvkvLynf2FQaleQsZMDgDpQjyRP5y9fX0qQyJnYi5A5zTkHnKUc7VbgkVMgY03B3PNPIWJFCSgxMIuN1MSNUDJETIV9RSRlzxKMc8VJaJgx48xuR29allujIyxqmBQ7bCE2Bh61VO7zS6HG05waTCwuWafbnAJxiq9yUSbYwzirSyQFmZlwxOQaqSlpTuCgDPPvWUi4kUhEgFO05tkmAepqu3ySYpIXMdwuOvWuWR00naR6LYsQvznj+VdFD5YXPrXJWDPJ9CK6GNyABnpXm1Fqe7Td4mpHhSWq15g4ArPhfI2nt3qwGGcg/gazVzaLZaDM5p24JgDqagRu57VNlSR6etUao0rG5lspC9u2d/Y9K1I7ktP54bBHOK5zdtbA5q3HcbFYsp3DHSs+ZiqI9PW+84pcjgqAMeprp9EvzEGzzu9K8m0u8dLmPeS0bHkV3BnMcimE+WvXFFSN0FKpyntei60Y5o4mY4kPf8ApXr+nHLqz8FQMdutfOGmP9u8trRxHLGA2SeBivZtG1wz2wuZ+dpGQoyT718/j8PdXPpcBX0Oymk3TFG7eta+lXJWVI1bABrmrvbIhnjbB7YrQ0eUhQSNxPU18/Uge/Qq6nrBuVWIE8mp7W4Lso6VyjHzo4trEGtRSbJ48nO6vPnTPUpyudbMBwSfpV6xd3hdXP0rn2maVMj+GtK0uSiAt0rCSOim1exq20gjfaRwT1q+1vGZllUkbutVSYniV4uversEqy4jY4OKLHoRI0HkXpUHINbVojSOcHpzWK8sImCty2cE1t2TKD8hzmp5TVxNxwWhCnnFXrJywaM9AKpiRREVPUVBbzlCMc7utKSNqcTpLXYZkXPJqa4Z4pSDzis6JSpWZGq5JJ5pO7nNZtGko2J1KOA+cYommEYGDUAKonHUdqqtOCQOM09hxjd3G3kiyoHWnQ9FUrWfNNEeM8ityyaN4gWHPaoaud8vdia0Rh8jk/MKswzKFyTxWUfl5A61OJMx5A4FSonBKmnqan2mBBmFtpPWka5klIwxPFZS20cq+aTzUwVYVJB5FUSqUSZLeUyb1ztHWtWFxsxngVzMF/PHG0bEkNUiXEknRuDVJFzpSe51a3kMa4IANNNzHIcr09KwEhP3mOamKlSHQ1aj2Of6vG+hsKWBz0FWJJIwvyrkisyCUSgq3Wori58sbF5pxdjN0m3Y1BdoE3EfNiuO1G6ubq4C7ThTWrCxcmnJLEJCpANEpXNqdNQdyrBC8S736YpZdjDJbGasyoZWKqeCKjW2hVtrHIApJEzfVlB5RDjAqGS6cKccYpLwo8u1O1VXwgHmnANYzRpy31SM2e5eQ4ztOav20gEWW5NY2oMGdSh4HpU0LMYjk4wKyVzo9jeN2SXF7uJRDgetUY0aRwW7VBKwL4I4q1FMu3jjilYidOy0JdwilwRwehqysqv8qnOKrSESR7h2p9pCMGQ8ZpJHHKNixn1qcx7sEdqZ5JJBPSmSGRWwDxVXMJSRDfI2wIOh61QghOAT1FaRbcoZ+1RNtHsKJGDbIJJhGpboBVfzw3KmoryNp4WSM8jmsyxEyBll5zUiSL19Kq25wMk1zluhErMe9WNRmKnyxTLV/wCJxwBQaNaD9284I6ViX48vjpmuhXYPlHBauZ1hmE2BzWiRy31MC5aCNC5wprmTdJ5hIOM1d1Gf5jDID6iuKmLLIXB4BrogrlSloaOoyx7t4AYGsO4uEjfIUcip7ple3Q45Uk1hSOWG5+O1ehShqeXiZGdqV6ZpxvPHTHYVwt5cNJNJHH/q1P51d1jUjFNs6Csex1Ox+0ETL8jZyR617uGoWPAxFcqyGJZACdit+dYiai0MxbO9VJ/Kor25ScvOr4CsQM+lY19LCYM253d8Dqa9mlh7nlTrsr6rqRuZHwflzxWI1w+OuKfsEilgc88ioxCS3HSvShRsrHJUmQ3VxNIoVsYWolmYYDHgnv6Vq6jaRafYwT3Djc4JIHpXCXurrMuyLpnHpW0KdjkqSNTUNfNu/l2/bvXkHj7W5J4Vhnky7MGx35rpbuURgszcHt9a8c8RzfbNSKq+SoHFd+GR5WMqe6Zsc+4gAYz371oxskgIXkr1PoazljwRg5IrQhjaIbnOFb869WmeDKVyzbuUk3zfvO2D2rXRxkAEY7Cs21jWd3CttA55p8scsTAAZyeoruRyzLkx2zjd93H5VZlytqwB4aqauHIkUZIGGBq55SvYybGy3OB6VtEzqbnKMfkI689anggd1DqeB2HWqClt7RtwF/WrlpIoRiWxis1uKSOz0Ut88e3gg9adBIY5Sq+/FQaZI8ToSQQwPHfmr2mWivqYtQ53y5xnpXdSVziqvqX/AAfbXVhqsksTiMvyrHoCCCK+x/A3iK+uI5dF1JY5bZl8/JBBM3AwecYxnt2r5807RooRHKxG8MDXptpqeqalpy3tlJAl1aXIkCH5SwQAhSR1BPY/mK9DDqzOLFR5ke46NaJ4K1w6RcQtNbX4a4lELAqI23ARlTgEr069DXVaV4yfSrlvDN1IsRvAxtg6JgQkH5WzjHT35NeFXfjgeJ7KxktU8q4DF5RuyykcbVI5wevOK6a006DWdCu9du7aYawJFls5nbgRxEB1I3c8g8EV6iZ5Doo9n+GPgGz8TadrPhmS7zHAPtMcobBlLZAG3OPlIwR06d8Guq8RfC/T9L8MZvdRhfVIziLT41JcID98vnjA56c9Bmue0G98B6n4dfxVoepxW95YSRH7CP3U7Sb1OFO7ORndkKRgda2PE/iCG+htdRitCmu7iJpJJPMgERycuwIPHAGAB161tCJlOT2R5tH4Xe6jtb7R53vNRVQZMsBGqr1GDjJH1rD8R232fS2i04fajP1mztaJj1UfkfzrubjVLfQ2sQbNU0+dwZZopd/mA9dhJ/H8KxNZ8QeGZtXWAQSx6Ng+ejALK57N147DrWrJpKVzgtN1HSpNOt7K+8wTLgF8Yy34dq9PtJbK/Nrc2lx5JVlySMbCpHODXz7q9lMNVS9sZWWCPOxGPUKxw/Hc1376zO0VldpCIHKYfI++p6ce9cDO8t6743vbc3mia86ajpFhqYbz4wABuUjnGcjDHI/vZ611Pw117w9pzGDT76RWOqExqqHAjnRFXcX/AIeCpIJPt1I8R8Q3d1p+o3UFxaRy6fexrJsHc/3gOeQa3PDtraXkwGnu/nRxR3OzG3O1l3bvXGRxQB7M3i9lvLnR7qCUeXcXlrA8Z2xxliQBu65IH41R8NX50S90PW1kN5FIt5bm3d/3YBByuOduTyRjmuB1rxvqllLdyXtkL61sruCffACBEx4Bbs2RkfMR82Rnpi54WlsNR8VC50k77CK7d8MpVB50Z42nBwrNgcdK1TITPoO18OWniZbCOxmaCeWwZZGztOYmyVBxjHPT2rqZoH1fxFBZpcrJIulRTXEy/NueFzG7dskg9z0FeQnxNeWS2N2jxMYrm5tlRlPl55yoxtJ68ZP4mvUfhgNC0vSbbWL+5e+N/a3NusUQw6Oj5272cZyE46dehpxiYy13F1z7PFu01Jd06AbSBjKuM5xXh/jz4bx+JY5Y9QRJJXX5SR/GBwSw5r1qHXtJ8RwzG+uUsdW/smTyEQMxd4HLqehxuzt5+orVudT0mfSkj3p9vksEnWTaWD3CD5ocDoWKnnpjn6zVwsZq0kYwqOLumfnN4y+COs6JdS3WjyC4s/KEuwH5kIHzLhuT6j+deI6nGbAFJRhv0r9M9VsNWMpuNQt1t43CuXTnAb0HpXinxK8E6T44t59lgun3sT7IblFIWZhkDzFHBVh1bqP0PzWYcPJ+9SPewea3tCZ8Ll2kxsUmr1rdT2alRxurudb+HnirwlA9xf2eIkGS2QRg9CD0Pvg59q4eKeKYP5n+s7V8xLCyh8Ssz2lK+xtJd2l0N0km1wOc1jfZYluDK3KseDXL3Zmiud6k9Tx61v6I99eOZFTzI4+oPapnT+8m51On+H59UkEojdIV6nBziuhFhpunW7S3OW54B5Nd34Y1JP7Je4kXbImRs7VasotK1eJzcWxVs9x3rsjkMpw51I4ZZhKMuWx4Fc6UurSlrOMjnJ4qodAulieWWEoIjtHHBH1r6JvLnR9Dj+yyOluu3PGMn61Tstbgv9Mnghtl8hc/O3cetY1sslC3O7G9HFSb0R8o6jbXKzIluGJZuQDziuxsvB9xdWS3jzADjAY4I+mKdeR6dFfyJAQ7hsDmrLXOoWoEUcuE9BzXnWfc9SN2U7nS2s4xH5hmB7E81q6foV4bQzRKBIDnBPFMsXhnuV+0tuy3TPFbniLUNO0+2jaymJkx9wdPzrmqp9DeO5zur3DR2DpeuXlT+EdK8tleOVzuXA7e1bGr6lcahPln7dKxSuFwByK0gtDKoxjSnjacY6CqT+YGbc2WzV828pG/IIHPvVZxsI3And0qVsZDopJ40crkMRwP61W8+dnUng55H9as7iBgHPrT4yisC+TUiJfPMzBHUmToD2ArPvLOWFi3JX7xI6c10dpBatdxlM7SQzZ6V2clhbXcJtLZQUkGC3oKalYaZ4n++YbVy2DxW3EkgUeYcYH1rdvfDkWlyMvmeYW756VkyEooUgnFOUr7DZAwVTvyce1dR4X8RS6a5iyxR+CDXKYLZ4xzW9o1mbiUvLHhO5NIVjt7mZb1mmC7i1XfBdpp9prUc+pL5kRJz7Cr8T6Ra6eDaArLg53f0rmfJu729ihtcyZPRRWExHpfxGOkbo5dCIZXUKwHUYHFeH3g1Brfa5aRP7vpXpniLwzd+H7aGa6iYPckZBOdoPOTXK3rQ21mkkTGVmyDkc/jUqXYZw0Lhc7xgAYwakaGN08xmBAzgCmsRNKWA2gnmntYzNzDyvsM1unYRXgs1aQPFw57+leh6IdUWJxdHzI+30rmLO1niQh14I4+tb9lq9xagoB8ornr1BNli80m0vCWyI5B3x29M1nW9kIFZJIw6Hhcevqa6BFN/FJLAu4fxAVkvczWhEakkH17VzRfmQVZNKivD5ccezyznI6k11Oi2lnbh5LgnawwCOg+vpVzQLzTmcC7UhpBjkd/6Vt3mmWZUmyYKncL3NY1aj+EDl5dGRZGuIrjtwoJA/Skt7y4tIm+1wedu4GSf0qZbSeKVm52/XjFNTUYra4K3EZJj5Ax1z6ZpICz5mjX8DwLJ5LbeQ4xg/Wucl0b7ITJvE0Z7Aiti9bS9UmjW2HlMT82OM/nR/ZphwIXEhDdev602BqabpMVxFujX7PkY4GM5rMa2v7FmgictyQRnqK1IfEzxwnTp7bkkAMDUt1K9v1TBbnPYVir3A4K7DSuN+QynjjpURR8gBT8xGe1dvbWlu9yfNGRIM81mX9nHbsX3bI1PWumEhpHP3qWEFk0ZTDcnp/OuJtr+WxfFszBskg13cqJdgx5+U/xVlat4eWFVaOQMzLxjtW9N9yuUrw+ITcRGG9QMxP3iKtYt4YzNF9TiuUkt5oyIzGc9z61OBLjAYgHj2rXkT2DlLVzqG8MYnK5Paspp3di7k5PfvTpIx1UEL61CSfuEDLd63SY3odxoepW6oIWUNu+9kVrX2ladNE8sI8psf5xXJ2enEKHUqSecg0l1e3Acw5JBGD7VjOmt7k2uXFZrfETsSB+ORTk1aEM0Ozj1NUYZlmBWRyGToccUCGOZwSMEHkjvS5STaUrPF5qnhulQvNGhCsNxHY0sdo0Qw7DYegz0qeKw8xt7k4PANRygf/V/Ht4xkHOB6U5QwXDDnP6U8nPXmpFXCkAcnvX3HQ+ZuIVDDPQ0pwSOefSkAx06+tAHBPTNBkxHHIwKVEBIJOFFOAx0ORTdrMMnigRIcHOOKmQqB8xqNUYD5jUwUEetOwBtHXtViBId4afPl+1aVpoGo3qJPDGFtm/jfOfwFex+D/hNPqwgFxcoiSt80gUnYD7HGaumr9CJzUTzLRfCz6/cLBo0Mss787VUyfjgDj8a+o/A37Pug2ltNfeP5PtB2gpBG+HDnqDjA/IkH2r6D8LaB4f8HxraaBp6IkrAyuFCl2AwN3t6An9a1r3w/ZvqENkt0xDklyp6ewrrVI4qmJb2Od8M+HPCXh63lklgTT7YgHchJdynTceScDP41S1XxMku7UbO2ZYIBxu6uBxk4rYu30ZbP7PIftJhfZ5RB3MRxgVJeQefM1rpsMdvOyLtjJAVTjnJ6Z6n6100oHK9TzbUtd8YxabcXcdwunac2GEEWS7ZxznBI/Ouv8ACP8Ab2pab9uuW2W0ahthUb3JHY+v1p2n3eqNdPp1ta/alT5pJ85UDjIHY4Nb15c3OjiK51JCAeYkXG5uMnI4AAHqa9GEDnqfymr4f8Jp9heS1EktyzFmAAOBn5Qe59faufuIbuw1hbbSbGRJ9/mSTAFvMBBJA/rUDfEXVtQtf+JHE1hGXaEzgfM5IBZS33ehB46V0tnqk9zollbJeyreiRluH5DCLJxhjwTjGMVt7MmxygkuNW1weH7+6FlZ37ASmLDOoQE88g89Pxrg9G+B+sXGrBby5EhZ1Xc+REik8u+fTOeCK+o9J1nSrTzdH0AvBoUzBriW6hSSdpVBI+ZOSCQvIPQ9Kn1a8tNWs/I0+FrSUALgEgSA9Se/I7VkI88PgjSvCssGkxoupyrkmfICOw7KAeAPqa6abRdQ1ZX1rTbF9PtLQbHlkYeWD044GSc8nFM0/R9H1SSZbya4htbYHa8bLvWYHsG429emM13C6LJqEson1RfslnIUFkMq1yo2kEDJA9/510e0MTD0RbmSxn1iUi3tdGRFneNWRrkSMF2s3OT0J46c+la+neOP7Xtn8Ott03SlG6MeYSYznJLuR82SSR0x0965fxZFr13pr2tv/wAS6zimBFuj5E+MlNxBxxycHjP6cbZ654etrW5trz5r6RNhQjDRMpBzz647fSlKV9wcG9jpbzwlq+tatPbaLape6TaKPOdWUI4ZclvmIDHrwM9K53xHomkeXBpUZVbCz/ebsgFifvDJ6+1Ztl4j1xWjmS/kiaFWSMRgIAp452gZ+pzTmtHazskny6xShjGehXPzZPuajlRUU0ZOsaYkIs49JX7Pouoq0jvjJZo22Mik5I6Vn2Wq6lbtHo4nkWyWcnAwu2MnJ5xyevXvXosk8aeVp2uNcReHXBmga1ZdomXIKlSh6EsPr+NdPqWh+HPiE9jNpUNwZTD5Mx8xVEbL90sFBA79evHFKT0LjK551ay2d152l6WspIlTzZw4DqhyVfOO2OgFc+o1/wABeLLzT7GT7a02CJ0ZTu3dyPmww5yDz36V7X4Y0mz+HB1WziSa91gbY5DlPKKHlOoyMdzz1/LzXxDqVho/hF5tEt1/tW23mcBVKnLbdwxySBzn3qYOzuUjmtdbxFpV7GJVKtcssrMHDFiW5yc9c16VpmljWrO5W4kEt9LF+63OpZceuema8L03TNTia28R30TLEgEgZSsg5HBxnivQodXvNPez123kmlW+LLH5EQd2YdRtHvWiqESijv8Awv8ADfT/ABFZTjWCtyzsFuI5AQYguduwjB5I5was+MfBuiyabZ6VokMVpc2ErwXCxRIjyIfuOWXBYAKME5PJ98y+CtT1vxBaT+INYvEi0uCV4CJISku9QCMKqg9/X1471uxa5YvPJcvpcWpQlTDNIpaHCZHzFsEg4+hqZU+Ynms2jwPV9DXTb9LG0tSskA+eVkwvPQhv4vzrD0vwjPLrL6bpTvqOsXIMqweSSzhQWITGc4GSfp7V7V4lTSrqMMswT7A3yxmTczKTnBJ5OPpXJ+CbmXTfEs17pd5GdYcM1lcvOCbeNlYSpsYENlSRyPlAyKXszdVZIqabHorSwWzSxw3d2yqkbOf3TjqMH1PGTxXqTfD9LG71efxDcm2uI7dPsCqTJulAbejbeACcDOQOa4h9G89otSug19FcqbiWSVlZ1lBLZyeST97nnmuo0nxDZeIS8utaj5em2iBY7ryWbYybV8ttg7jncefenyk1sRp7pk6Zo3iO+1hbKaM/Zmi3RyDgSOCPk3EehP5V1Wq/ZPAOtyaNEs6W2ow+ZDvQOzD7rrxjcMgE8DqPxq+KPG8F1d21pG1vp2kxyKsKw7kQ8n5iG5ztOD0HtVLxJrCy6jbvbPHqUspWCGeKUOEUYyAVJA5IqTO9znfEF9q2lyWl34fsheySb5HTjCKmOCp5Oc8Ac8cc1zniKwl1OKLUvE2p/Y2lXzodtucKCAShC4xjgHPPrXuOk6faWd7HY3FyNYvZkM0cQG3aVUsVLA9x6+lY3jf4e2Vm/wDbwkZ7WdiYdr8hW3MISkmT8vIJ/PB4pMuE0tzhPAt5c3vhS+0XVUGoaYUM1upnaJlnXdwFxj5ickk8Y6HNb2keFdXsraFNY02TTrScHy5CyOGbqD8rMeRnr17Vxmm22sWOpQW2qxFdPUqz27wtGrxt/tDDY75U16P8R9T0TwpfnQ/CC3Nxpu6ORvsszTCBmRQwOOOWyO3H4UnoayF23WpbNM0L+zmn8/ci3G6KSVUBypIyduMnAH407RtQl8XRyC0s9Llvb6Lybaxe7MbQsCQSVUZYHk9PmyAMZFcPc+ItI0+OHUtP1C5/tS0cOi3NrIUKuOcsBgYzg5b/AOt1Xw71XR9I8O3+oa9ounXWrPIqacHUo8KyKSXZTnemD8ozkEdeRXPKPYmFW2huaFKPC2s3Xh+38M2U/iNlZZWivysIgYKCi54V9w5GM9845qjHp2peE/EGleKG8L2cc5l8px9oVQZZFPllMbtpBBJO0578nNauu/ALVbKeS617SrFbuZBcR28d66OS5LYO4hRkj1+lef3XhePxZ4we48ZeH1tNqeczreLKrSxYA80qfusBjgDoPUmsYxudFz07UrDTp3k8QxaEmhavASWX7Z+5dWUZcnG1NoB6DnqfbyzwVcJqFxd6xqvg+31m/hld7e4F35LJJ1BbruAPOeMY4rjdZj0/xT4otLbSvDFvbRzRGFU+1NMjsuWaTc+AAF4wB0HXmvU/A/w/Fjc+Vqfh631DSUkEF+ou2U4kyigFXDZRiGIXrjBxnNbxpWFKZyUmiyalrN5LP4ck097oGQSxXolcSK2fXADZxnHGOld3a2t/r919rtNAuNK+0RMksqT+cuVPWQfLx7Y96hu/C2k2N1qeieF/CzXC2LqWuG1BkOJRlCY2OCcZ6ema8mutd8QWHiCXwXp2kX1pBLtMhtbhkEmVySDwpxnH3ucdK6eU5z1bwtr/AIf03XrW20OWW4fUY0tZpbqIjdLI4yYyuCFzjAYcd89R7Vb6XoX9qm+u51s5UiaKNQplkBH8XIODyQM8de1fPL2K/DOxtbrWtRvbfWp2aa082NbjbA3ynfhGwQdwO48ZxjrXp3w8jTVra98UTxi8ub63ka3v496yNJExBRocheSCowBgjoSc0OF9jI8f8a6L5fia6urVpHtJSAr3O0vuA+ZjjsTk18l/EPSYl1uD7JcfaGgKycrtBBPUEdcEV9seM9Ovf7N/4SwBTp1vIIWBPILdwPTpXzd44g0zxHb2semLKtzCTiQoFQxt1BPfBHFcNSn71jup/AjrNPeC4sIE1iRbVNKCvE8WfPkxjYgI79MH2Fd5o3iTXtFmbwzBbw6Ta36C6lMxWeW5zypLMNwI5yPUGvmuTSpNQu7V7a6lljtHAaRTkKEORtYZxg559a73R9X/ALU1V7vTpFmkjQmaW7OeBwW5IOScH0rsVTQhwPQrzzNf1K6lm1NYLKwKyKVizudBznODmovCfiOz8Q6gfDXiS+2WVwzOrtGZSGB+UFV5IOegrY1FtMg09LtdTjFryWEMTbS+OnKjPselN8B6LYPAdTu9Q8mznEkkaeQzEOGwMY+nU8U0Y1T1iD4eyvYC0kayuNMOWjy7wPtHH8IOCfr7mqU+kSaekkPha1+wyxR7SxkW4wDzjc+Tg4/rVDUNduvs2o6TeyRyWsVoPIV18vzRjg8kksemAR7DvXFeMPtV+mn6UqReH7CRIVu5Ekd22BhJvUAZ3YOcZ6jk81NiIyubtxqOpeHL28h8OTXIWeKOCeeYRg7yxzjAxgD7pxkZ/GuA8SfEyxi8SDQosxeQgDXDP+73uAcgAHIAPXipNe8beIfEejf8Ixa+WtnBcvIJwjCSReVVmJI6g/3QenpWUfDVheXa22s6Tard3MUVqJJn5jLHHmMRu28nJI5x+RLm7jc9l0i40+4gNprthPrCGNiRGQkeRjByCpIHpn+VZKeH7PV9ZnOoXlr4X88p5MMSeaqjaFHCnABxlmPfJr0u68OnWfDun+Gby8uJ9SsTN5og/dxKuceWpAUsmACd3fjgACotH8J3+nWuoeIZ9OsLa3tYIhE07jcpzgGNCGycYznaemM5wakktjGRwMO7wlbx/D+W6mnc3UkRdUxDtc4KDByVDHJJz15wMY5vXPh9d6xJYeE/C2h3EkEJ+0SShyI5CFK5DOdqkDP8XORx0r3HxrcaSfB89nqWv217qEtwkyvaFZyqLgEq6AeU3OMkZIyAOTXlNh8YYPAXh288KTajfXWrmdZEkQBkCvsYAuT5gOM9Mg8DnoJZKubHhL4falq2uW2neI/D2pWmk2Fu8QFoA3kuBhXYsrYBwc46kDtk1h65dw3t3beEdCvdVtNYtpWtI7uOQ+WqByMuqsJEAXsM7Rj3FdJq3xC17w5oWo6Suv3QutWiiuT8oG7JOxQSPMRlIPcH1PWuY8MeMLH4Xf2ix8YtPqWqv9u894DIMyqVw2RI2/IJcMQeRx1NZe8We8+ArjXfCng8adp09nearDvhnuLlNr3Kg5AYjDHr3b61irfW/wAK/BzWFxMVvtbVzBpki+ZE0sWFDB13BcAqwBYZ6DJHF200bxlqXht9c122046hfZuLdopdkkyMQ7MVOF+YHgAj8+nD+HfA9p401W4v/E+ozQx6c/m31reb48RBfleKQ9GxkAeg9OsThoyoxPnbxLY+Ib/xvcSW1hFcy30UMs1o7iLMbKoZt2VKkOCCR0OeDW1qeo6D4S0XUfDnhlrmDUtUmhW4sroCaOIbWO+GRR23AbickY44GJPito9noXj608dWs5k0/XxNDEigh4vIVEVjyQd4OR0wa8wfxBpvhvwjOyLv1C4udiyMBu2nBK5OeMAn6ms47WOo7zwpd21h4I8U2/isTfZL8qlqsRXdLcQ5O4Bui7gqsw6gEdsjzrX3Onz+Hxp42SSkTuucogABw+PUnHvg165qxtP+Fcae9xaOB9kMkVwycGaUh2CORggMwzj8a8HAu7iO5+2zkmRTyCN2FHFMaR1Au7qxtZrq3OZ5GMmEyYyW5xXTeKGtdAuLfVNMU+IIQkM9xJFERFDv4CS/eKknAAbHXkA8VjeCJktdDs9I1TfJbXRkkaJQBIGLFQQ34DvXtvg34WQWugXuo+JddaHR9YVRCLOTdcNt3ZSXKEDABDADGSQSB12pxCo1sdr8M9UF/q0N1qV2dMt7NkEFvCCfMVweMgYUYwDkHIOBiu+8QS2klv4h1ywtzbyaTKCyFw0fzNhy24ZweT1wMgdK8i0i/wD+ENmTR/Bcclv9qiy4uXRncIOCGYY7k4Ax7V4/4h8T3PirWJrPxTqs0VqV23AtUAWSaNv4wilW+u09O3WqlFSOXk7EPiifw3bWOpRahI7aheMxit7Uo8abslST6AjnBznGBVXRVu9MuNN8L+E7u3sbvULcXU0k5QbnK5K/MjEbdhxjjpVKx02O8msL2CxTS9MRzbm+kX5DK2DtZh/dBzgnPXmsbSvCd14K8ctq0bf8JCttKlxDcRx7oHY4d1lVWI2k5VsNjriuWpTO2krR1O9uk1CS7e8ub6WS/hZIpI/l8vcp2sFZcDBIPYV6lpeieNbWT/hLdI1S30nRrWN1kvJ9rBdxAIZDkn5sDJHbrUHibSvEmn+H9Qn8Uw22iprWHEMCLlTxtaJY3bG3jOT+deaeLJvhb4BvrOHRRqPia3vrQyyfbw1ojSlwAYmVFZkIByffrSimY+0RR0PXro+KvO8Q+LptUtre6lST7PMQWtg20tArERgHHCgAdq9x8LWPw+tda174h2aajqsOiTRSxJKyxxSgrld2wbgd4YgK3CgEhjmuSltrKHwFaap8PvCttBceJ7d3uIb1xctGFRtrxFnXDLu3qcDtgZGaxdP1e3f4aeH7C/1WG3vNVuGguILchXAV3VZJ41IwMKpLMDnIPPbZkpXPog+JtW/sq58V2+i2ekm//fW/2m5BkEUg3ZXcApPPcj6V5Pe6/LoelSS6zKuqw680sitZ3Wf3qYz5g2gHlux6iue8ZXOhNHpPhePRZrmOydYLq8llZTI74OQABjbh8DIz09zv6BpfiDSXE0TabpGm6DIk0LSSCS7IJJBVfnDsAMkHBxgZoJaY1tCm8RaRolsujJZ2VxEzsS6yTzsBzIRgOoJHA7dunHn2h6XrMHjlPCsLW1sjyGc3MWfMFuMblDjphexXryTgg12Op/EJtT8SaxqNnqkc9xcWxb7VNGYZA4UR7Y1AUbsYxhR0z6ku8D+FLmPwZceNrSBrW4t5SklzKx3SQSEBfLVuxzz64yCexc0gdbCyat5epLZxwRruzNMRtTaerNj5QOtcj4Ou9Vi8emXxl4usEsLKVzL5TRmWQFeBGBHkjnBA+bGcDODSfEfV9G8OeDlNjraarqGrrtSGDeqog++5JA78YIX05IIGXY6TDa+DLDXLLwjcXN/qYiLT30LGBnZSw+zyrhg564A55znAoZR1eo+JtPk8aXutW3iCTUYNKmIt9sUkReI5G1FbG3HKnjkjJ4Nc18RNDs9U1uYCC6OtSpHcAEiUAOoZQ5XcQMY6E7enHSvX9E1HVNP8BR28On6V4Z164YvM0uFndAWVXkikXJz03HPGcAE15Z4jvdWs9Ou9L8U3yQeII5IzFLalVm8sgHG+MDCMvPPQ8e1YyY0zzDw/pHifUWe+1fw35cs/+ofLQxlhxjaScjPXntXoJu/H3gbWY9d8SeELJNLeAMdQ2b7dG4EZkbcyqwOByRxx3zV7VPD/AID0fwXpyeINc1fU7jUozMn2ZlEEcpGdpSccrzjcDknJ9qs2PhKe78A6r4b8Mi91XStVX7Q63AZY2kjKYijfATcSozjGcdeBiRxlc5DQPHvjDx/rdtrWr65aWttobPC8kKxrIkXzHMaohEmOv51sm307x74tSxXxPdvexuXtZ47dwcBgFcj5TH/Dggiq1l4Ah0bQ3u9I0y28P3c7Qw3X2lmDRDIAkdWDYUk8keppus+G9T+HF0I7vxJbNqjR71lsUL7UZipXzQA3JXnjjiiKiXY888WW/hHX9Zub/W7/AFyz1O3iZHmYrIivEPmPOZMHGDjHpwOnF+B7i2v7C/lvpGuIZ8Rp5jEuSnZuT1yO9e5fEi0mPhLR4rPxpBq8+szCVUMDRFFCbTvYAkcvggjOfoa8D8Q6F4k8BSW+iFrVWuf3+ICWHXAJLqoGcds9OvrnORpGzi0j2vSPGmlfDiy1LwyLq+t7rUYo9wSPaIVbOQQzKQdpPKqT0wc9M3WdBGr+HdS8V2XiKW6vYVhktRJudyjsseze7ZVhuGOOnbNeh+DL7xb4vu/7d8V6ZotyyWLRW/2qGMq3lvnyYmy2JGJbqRkA9ga898ceM9Y8WbbrWtCj/sq82fZ1t2Kt5du24o2M7+TwcL7DgYqVmtTGKuz4L+IGgzDxBbQsqm+v2ZpFDAseRh27fNk4Psa8+1fRJtOuDazrsXGRg5JNfUH9jReKvHp1bQ7BnitYlCICXWNRkLuJA7sT25q744+Ggmub+2sTBNIEUrPIhj5ABO0jfjGecdehrzJYZyu0ewqihFJnxYUckrtO1T1NaMRxufb8wFdt4p8LXWjXC2txIjSBA5KHchB4znjuCOR+lcLbqsjtEzYI/I4rjlBp2N41FLY1YmFxZviNRKBkVXVZ/s0kbKAxOQafFDbl1cM64yCB0OKjd7e5QSRBlKZGD0OKn2ZRhTwEZzjdWUY1wd4y2a0bmbzXJQ4qvAUmlWND81YTOrU05olktkh3bSACTVG6ZfkVR04JrakRfuuMHHSsq6jWNsIc8VMiSCNVO9mJ571YtlVYXkA3Z4yaoxlssrr2qUSvsEQJVeuKzNAldX24X5h1NVVkYyklvujgVcaVljxL92qPzsP3Q+h9qykiovUmWWOSNl2YB7moNirEzAbh0INPP7tQkmWzUk4byYynAJ5xUGnMiIhnG5MRgDoOlQx/KvmH5lzjFKXTG1+WWmFpEQrCMKeoqZFCxybgWT92elS7QQjONwJxSYhZAZWwV6ipI98cQ2jcpOQaIgI45OegNVXGJA3oKtgLI+C4OOcCl8vzI3VE7dab2LuVTA5AYYw1ZyO0bYPIJPFabK8cWXG7jsaoqokhYouGB6GsJIqMtRmfMJ+XBFQupVwyjGf0qYPLGgVhg1E7tIvPDAVzM3v1Oq013RFO7PrXVKy/Kw5J61wulTOYypOTXW2rMcBzx2rgro9zCTTibcLclugNWiw49TUMIXbx0FWCo47luntXOdo9GXkGrHBVcelVyu2pVb5aCibK44NWIZB9zNVIj82HHBFSbHzheBWckBuWJRbhWlPA6Vv/AG+SS42rytchHlWUk8itmB1LhywBxRBmKPT9GnypjX/WHGD2r1HSdRkh0kQfxqxORXkWm3FsggdDhm4JHrXcaVq0CXohnbCN8oGOpNc+Lo3R6uDq2Vj3fTLiS70uMIoYIMu/vWlpV1FvVM888etY2hR+R4dv5w3zRSKAP9k1V0rUS0yvJgBGOCOtfM1aB9Lhqtz1eKT94iIeK1LosUQtxgiuatbmKRRJEfmz+ldnNNDPEihQDt5+teTiKdj3KErsvRyFYl2nORzWtEA0XNc/blmhG09Otb9g6sGDH864/Zs74I6PT41eIc4xUjQMCZkPAqvDGyrlT8taMkqoo2jKkVjJHXSl0MLyp5rvCc5rrrOMwj5uoqnaQoSZEGCa1hGQ2R6Ukzti7l5Zg498VEjENgDg1GtvIgMh70gOSATRLQ6KehdilkU4B4zWjBPuJDHGO9ZHAbYq/eqRIpUcZNYy1Oi6e5s/ahtZB19ayXLq5JOc1cZMjJ5pUCN8rr+NZMdNq+hllGLcfU1q2V384iBqg6skxQHg1W837PJwa0id7fMrHegK64zz7U1p44g0SkHNYltLJsEi85oa3nkYMpoaOH2NnY3opgFI9Kpvcg5Y9TVDa8UgjdshqvpFD5YPVqzch+zUdRiMZSFXjtWtHB5ajA+pqO3WHy/kHzelS+ZIjFemPWmpGE53ZdhPzAZ9qsyWhC+ZvGOmKpW7xtkSHBWmSSbR+7O4sa2jURhytvQtJbNjzOgWsm6mUttB5rQW7kCNFnrWVJAUYMw3d81PMXTVndj/ADHVeGqCF8SGTOaezgDK85qGBkYsDxmho3toaAumA46mlLMVJzzVEsigBWyRTHuSX2dKaI9nfWxaja1RDJIfmrndQuxK4CfdBpZLpNzJ1NZBSR5CB0zUTjc3p0rbjiQz4PGasLuRcdqkW0wm96jlkRVANKELDnO5VlVmYBe9WUt2CjHUVAs2ZAQOlaBk3n2quXW5hXbHxR712vxV1Y1jUBeg61Xd0SMFTzUKzO7YFLlPOndsvGVSQoqq8iPICDwKhmJQbjVGBnMxcD5fSs3TIjT3NWTG3k8VVYA5P4CrEZ89sKflFNulWMhByaiaMNmQNEUGe9VHRQhfpiorq8IfCjpWfdXBlhcIO1QkJRuYl1ItxISp5BqjFNJ90dBS27iMuXHzE8U4qyguwxnmteW4pytoWWu125P3hWHczq8hZzknpRcXARiuetcnqVxOsi7TgE10Qgcc2N1J43nO3nHH51yV5GUZjI3ymtuSRwGkPNQXEKXNuwAyxFdMKZjOpY4qa7EcbkNxzjNYjajH/Zk4cYmQ7lJ96s6vH9geUNwAK801TWGWIrE2Nte1hKFzxcbiNDH1C5luJfm+YZ/HmsK7/dr83APpVdNUKSzSN87npWfLqz3EM8TJtGeD1619LSw2x8tiMUE4LgIDlT2z6VXum+xRQyHA35H4iq6OttLGbjgAA/nWFrWq/arhIEAKRkkfQ16tOmcPtpGiJY2J2NyeSKpHWoLaJ3PzkcAD1rGnvvskEhQjzHGBXHl5GZmc5DdRWljOU7nQalqdzdwl5X+X0rlTOY5SgqzI7LFk8Ke1Zs8wdt6jgVSJdrFPU5ZNjsX2gCvJ5G/0qSduTXaeIbpY4WVnwWPSuDXBbIyc9a9ChHQ8XGVNbFpGDseDz3rWiQsTtOXHUVRiVipEn3c8Yq2uNpbJSQcc969SmtDyar6DkLRyZUbSe1aqShnHBBHXPSspGMZ+f5j/AAmtaFRIitkh89O1bwOeRbJWZDn5R6jvVyKILbFYhg98d6orhGIm5RuBjsa17SYJFtdtue/tXWtzFvU89n2rMyMv3ST79amsQFDtjLHp9Kguwr6nKyfMX7+2asW+xRsX8T7Vi9y57G/bXAdl89SoGOQK7bS7ZRqFpIWVNpBye4rgrObCmEr0IySa9R8Ntp1zb/6VEZZIiCAncDpXfQ2scWJPdtNs4dU0NY1hFrc2+V3Y67f4vdWNc5oenXfh7xktpeBJrLUUCNu+Vdj4+cdgyEH149M8ey3NppJ0631ixlKLcQrIqEY4ZclW9CCcfhXgGtzXKTYuHZSW3KfXmu9xscMKnPoevXOiaHbSXEmkIszSONxVgVjwO34981raVodmNRWHU7y4thNmeJFbKEHquOcZGea808HaxbLaais4ZXbb1J5A5yPp6V2Gr+I7DxJ4fVbS0W2ubDY7TRn99iMYx/wIds10UpHLiKR6d8MYdBsvGd5ZahbxGa8TZaWzQmRH3HO4HaQrKFxzjqcV77J4d0CygvUEZvNPtGLyXAZlfDKP3Wzj7pyPw6nrXy9oltNp2q6P4usZZ4iJIJ3eQf6uAsCx/EcY5617N4sv7u312XW42ZtA1Fo3iMJX53kTdnHDHODjNehSdjzpwa6libSZvEHh68lW3jlbTZUFlYMClxJGe5GeRtPXkHB/Hk9UtWu7q3/tbTll1UxkfZw2E4JI3HJGQPU/0NdXq+u3eha3Yaaoe8vJYwqSb8tHHIzDnIOQpB61h3cNi+oweHLLVDb31xI0s9/O2xBkE7Q2eCceo/HOBq2XRZ5Je3Ep1O6DhfNgIjMZHCEHkY7YrTm1K3l22xX9zGM7j95G9Poaxda0a7uGlvrdSkxbDvnh3B5575qikUlhfmTUVKLJH8y9iPWuB7nV9kseI5rq80qO7gAe4stxZev7rqSOOTxWLp3jDRb2AxFHs7+W2kgjKnYqvjKYfuhwAa9Wa006/wBDWbwsCJmGQzL0YjuD79q+Wp3xMlpfW5jawldNh46cFSMdjSYU9z3/AE+01eDQ9QiP2fVLTU7HdImRlXT7r5xjfE2ePXvkCtq10mxvLaa7t49l9DBa3aYJTZMhG4ejds5Bz2rznSEmb+xYdLuTay+bJHIGG6KTzDlQw9Og/EnqBXcr43kCJFqWnlZ9OLW+IcFZDEdpGSf5Hmh3I5TobrWNYivYtK1iFb/T49Qt2JRdqK0oCBmOOytgj1q6dQs9FvrKx8I6g0k0Woyo9ksjeUnmKV3bugKnCknPFcpr3j9tSM8uk2TGzPlSIGwsiNFhmJX5gQCOMVwuuXbjXJ9e0O5NrPJPHOogICqQoPPTndyc5rRTsTKFz2PTtV0fW9Y0G21q3ayeJru1kwPLDFxhF35ySGwMHoT0wcV6RobM8WhWktt50mmtexyrGdzMT8wHHXGOPavA9L8Xx67A1v4hiVbn7UsqsiFU3vxnufXOT712OkwXOmiC70LUJPOj1QM8Csy5WRcj5weQQpQgnnr9eiNW5zOie83dunimCz1CytjaxXmnzQ7XfcrNE7FX44znqPSuS8TeHm0i4juApeN7BLwqB9xlBDrnuMrnPoa6TwlPaaoNI+xzpaXlrcXdt9nkkzsJjLggHn5txX3NS63b3Gr2+h2+pStAdSsLu3nkC4KGNnAyPxPB65Fa9DGx4PqOjt4ghvNFvbf7Xa3MeSvTCn7pz2HPUV8keKvhBquh3U95pyPPaoGZlGGkiI6qQOWA7EDjv6n9P9C8KafJL9nlQpZWWlqklwmAHaHaNzE5PKgnGc+hryHxFpumR+Kr+20WZorVo0kjjdWkLll+fBYggZzjOa8vE5fCqrM9HCYyUGz8vL23jitBNOv705C0eHNVTTZ2ULuWX7wPfPSvrTxp8HdN8QWt7D4dsfsWoQFnC7iquSM7QrcDI6Yx27V85x+F/skwtryLyZoyVkRvvqQeQQeQa+WxeVTpS8j3cPjIzPWPDuraCbTfbcGfG5G67h3Iru4oxeWD7Aqbv4go6j3rx2w8N2+lwrrMZITG0K/cN0IFdBYa9Pb2kwug1vb4LA7Tyor0KPM4KL0OB6vucp8SNMEduD5hed5BgcgkGuY0Xwl4ouLM3ExaOBhj7x24HqD/AIVan8S22o6vHLfMfKgbkvjjr6cV1d98TtJtLJrWzgeclcBsAL26sef0r5rPq/PNKHzPoMDS5I+8eTnw/Jp97vnkzhiR/jRcW8jyeZE3Xg57fSrOpeIIdTuFkgiZd55HrRNDLC7SjiMgYJ9fSvKvodkNzOgjuUnKqPc+1UtT3SSsGJXtk10Omhp7hQxwG4NU/FNq8UgmjHH3fb61myGzjZ7VVBcfMMcnvT7TTUmUzPMAMfd70kk0vl8dOmR3rN86VJDLG2CfSobM2awTy2+YYGOlVbixcr5i4I6gUHV3ZFjkQMVPJ9asLdwTj5T5YB6HpQIwjGR1Xbk9acjDI3DFbbRxXDhA3C81De2qRYcjIPI280AZzO0Kl7Z9p71as/ENxbQiEEsWOcjiqDruGOgNUpI/LYhWAGK2US0jYuJzMPMUndnJUms15XRi0h+U9M0+KRW2oDzj+VI6gKMgNk85p2GaeiaaNUvUidwi9ea9LubI6bZBCAEzwa8nsL5rebcq7FXoa9ws7vTtZ0pYpZF3heayYHLeG4LnxZrUWhWrbXkJOemEU5JNe56k2j+BEh0vTrT7Rehdxkx0LV4J4e1B/DviaKS3AQvIFY/3QTyc17t43tBcQwavBLukdQzHPUduKwxBDRSvtRtdatmm1QhJSOFP3T+FeNa2tpC/kR/u1PQdjXQajcPFbecymSTtj/CuEu547xD5i4btWVIRh3doiMSkuARzio7Sa+tmAt9xToR2NONtKF2N9wHrXSWMocqZsAjjGK3c9Bm/YGB4ozcR5LcnB5FPvbXTbqRVgYxyKMNg9frTJEjgQSMcYFYrqdzSdd2OlcDepmzpLMvaMbe3TIyMn1FQX0BWRpJCFB6D3qOzu3hiYygg4AB7028kN3ES3HuD1pCILUsS8YGD0rSMl7aRqltIQvOWrGgmv1k3sh8pVwD2/GpZHS7PyyshxztPGPanZMDpBqLrbjLAkAHJqrLNaXMvnliM+p6fhWA1zd6eWRAtxH23c1WXy7gGT5lbpjoB9KLAbEtg0ZEkZBZ+45yKk+0ahBGI7ZtqZ+bPOaxBqLwvsiLZFX4NbeNSs9ssnPAzzRYDSOrWSxC6njAlUgZI6fSi41NtQCSibcpGKsRy6Tcwf6WqgnoCOVNc5LoUaKzaZKSzHO30pWQF/wDt9rOQi4iLr0UjsBVmO/sdcYW837tT3zgCuCvVuoZGS6DHB4PXFWVkhMYVBtZsAkdzVqKA6PVLuy0kCK3/AHvYAdq55L24nf5XIzzjtmqdxA7SvJJwy8A1LpdtJJccZLdhWsYJAdF9mnt4RJdRgM3Ib2rl7+4QjbGMbe1bF9e6zbN9ilXIPO4jgD61mX8UZhE0i8D09acWrmhhF5XI3nII7nGKgYK+Q33enNTvsbJXnP5ipl0+6kUSbQsR65610gWNNuZId0UbYUdR2xWjLdiUgbAGPHsRWfAY7YkIck+tWVkWRx0UkYHvUuIEkgD4jGAO5BxUSx3ca5HA7HOQcetWHsyFDWgV2J+bFPgd1fZOrKvfA4qQZoQs80aNKBvOenTFaenzo6m0OABzxVCR4kLMGOW4XPSn2uwfvQctjFZGZ//W/ILHr+dPU8DvUY7dvanbh6V9wfLykPHJIzTsZHI4poPHTGanUYIHQ0GYipxk9DTiMDBI9qkKysypGpYt04/pXR2XhXXblYmkspEjmAIYgdD0OOoH4U0gObigeYjAwM10Fro17czLBa2sk/G793GzkD8Aa9z8IfBPULyPfq0y26z5bbz5iIp6kEYBPUc9OuK998L+GtO8MWE2n6SAQwzLO3MjkDuewHZen45J76dBs5qmIUTN8C+HJrnR7XSL2282WRAWt41xtQAEJkc5A6/jXa6OlnBM8IgFpaxZkfjhQB1NUjf6rZCC40qdbVoVbDADcxIwc5zXP6Xe6tezzmc/aHmba6gcYPqB1zXRCkonJOrc3rrXLiFnazlaeFssshBG7tjHamx63dWzDW1jM15GhVo0bhM/db8q9E0/w/aRRto/iiE2sbxhoyByckbQpHT610EHhXw1btLDqFuDJPHtQ27HJbou7PUj0rp+Ri6sex574Y0jX7mUX+uiTT7eZS6RyIVmkDDhlyBhTnIPfsMc1pXTQaU7h1894xjJ4JbGRXUeLfEltptra3msXwknkLIcqNyBOuQv19K8X8UfEe51DTm0/SoEVWfctxIPnO0g8DtnpzTUUZ07zdkbej/8JbbNI1gptrbB3yjawOecEHkjtxU1npd/rDNayXyWtusqtNcOyxkqc7sZ4yR07Vi+F418qHX9c1GNFlj+WIMTIxLYxtHX8Oa9PHgy91fxCHlhWO1t1Mq+aSI5UUAgYxzk84rYbQ/UNK1Xw/4ZhsvDelzrozOB9q3IS7uww3B3sW9QMdAMAYGvd+FvEoT+0fEVn5cNuqmK3yC9yM5IxGxI/mfStuzvLXUrOG68Qk2+mWp/cQRHaiSKQFJB4AAOOP5ZzYfxh4fsNRiudVvprzUbBgqJNvdGjzkBgBt4Pai7Wxja5zunR2t1qRu9StW0zRYoQVi3lS02f4t/PI64xXZWVrDNBcX2p6nJaQWhPlW0MYJdRyBuxznpzmqPiTxLpd3qEWv67p8f2S5dRFZRgoOAdhYAcnAyeMEmsS3kY6hPrmtpLa3SEtBa+W6oEbkAggevYjpTuP2ZxqeM7KDVoNSj02MxIzRvb+aU7EZOAcYPP1rf0zxTc2dr9q1KaKOdkla2WJWYsycEN25yKxJZvC9zqV9falbbp5nLRIi4UZPQ46D1Ndj4STwY0dneapb/AGHUNIucoqzM26I8naOgB/iwM02zLkM9bPUtSto74GW8mnTekNvGzkN127Vyc+pra1fwTdW3hKX4keIbVlHl/vd6KkiqreWvysQ2SQByB1Hbmq3iPU9Ft9Sv5NEml0+6Rmlgnt5ZQxZh8yHnIzkg4598deKt01DU7GMX8J+xM2wSKhZg/X5uvHbOMU1G5MXY57Rr7dpd7q8ucwFYlLgfMGPAGO46nFb8OjxeJdSsdRaYJaWjxFojKFDBcE9ecvgjjtV3NpdR6PAxUJos8rXKCHazIx6kfdyAoxjsaXVNPih1xYNLunSGZRJidUURnngkccdq2US3NW8zbh2XqHSLndFpXmvLCiuDg7jkZ5JHJ/wzXonhPw/p1nqpubC8ubHTdVXYTvRB50SnYSxGQpG76sRXnF9BZWUxNsfLt5eUOOCQPmxzTra+1m7lXw3YSE6ZqJUM86CTDRAvhMEBRxg+vpwKyqRsKnK50vjTxlp3hi+gm2C/1W5jaO5lCq8e4cRhSMdMc1yujaXsd7rxBbR262u0OTHuikLHo4AIx61Yh0dNNn8rzIp5pWCbJovlGe+cnGO1dFHFYafpEtjqkkcolYNOfNKq+05UBjg9qEvdKbOC1vwPoU6z3t0Vg8kGSMW5Ko6g8DGAOB6D0q7pFr4ZCW7W1nLBLCgeCVJWK8ffBViRkkntxzXOrfeJvFnied/DVu0NhpaojxpNHwnc5lADFucADjiugnsNet7KSy06R4Y48NEJo1KyhslgGxjjtj3ppGTYaR8QNNnuXstPS60+KRnbzPNBjM23qQdoyQMc12eu+KLrVvDb2V3czPc3GLZtuEjVGyCTjqcd8V53Ho15beHb3RLm3WO2P74XAtt7BmYMQXXoeMcGrWkDw5pdtAtoyM8uBiRGCmQDoeB0OM1ZRabQW8OTuL3S3+2WLJGcyJIjxFcgkds+1ZWpeCXhF7caqsNqWPnRjy8sikk7fl4IHrWf4y1RoBHqsaMmoXTfZxtlKog6KxH16CvW/CGn2Oq+Ho7vWZb59T0uAJIgfzI7nzCSxBKnG0diaQ6lU8VuPC+tvbJfLcLHpEqhAVuCnmMGwV8sZyQR0Ix79q6HWdVtptGs/DvhrwydPlvnHzxX5lFy0P3wVfAU5IJBI5xwcClk0m4tLrUr6zke0t7KNrqK2v4CVlSNSW3YKjPHUZ6/Wuak1O01K7kuNH0u0tJyyyLIjnK+uMjP4dqqDM5K6PSY/EniHw1Y29nqtrDZtdrj/SolkG7jcBIpKnHfrgHpWprOgLNG0nhbTdF1HVdRIB+wXXlPGAMEojfIOmTwCeTzXpup33/CEaTDY6HZTX6eIX3C5il88kKCCqKP58nr7Y5iDwL4eufDlzO1vZXcsrtJCb0+TcxSDA8sMmSy8ZAGMHPB7RNkUnucL8P/AOyovDl54n8dXl1BJPlNMlUGUQzoz5dyPn4ZAFOMdfaq9tqOseKo7iPXNYMlkH3WspBbYSQSNhwefr1q3YWEsXhS51G802bRbmyuVltJI5zcwzOCQRJEcqMEYyevqQCD3Gvyrfpp+teFbm112OCeOK4tcNbTQPKBggODuAPfAzg9gSINjOs9M1S51mx8Pq8l4sakLIoPmsCC4O0knA6den5V3fiFtD8FacdZm0nztVYOt1uZ4G27lWMkFWHOfQdPeqFj8RdV8EiTw7qIji1aCYyMblgyIjjcFR0f3BBJwB8vNc++s3fieGKdEljt2llgmUL9oheEkY/3UU7hjIBBrGZqcpdXfii3lvNQ0i2urD59s5V1niiSUB+6/eJ5xjj26Ve0pH1WVL++8T2+q2lhlJWu7T7G0O/lTnGCOxPAGOtcNeeHxFq2oFL/AMmwgHlqbSVoZcYyCy+nYjPUYrXTxxqc12+Ly31Ce5j8meO+swqzbeFfMe3JA6c4OTkHjGsdjIdrwu/Fmupp95p+matbaQgaW4t7zciwucBlIYDIJ5GDnHbg1l3Xhuz1i+s9OsfDSrp1lcETTLd4aWEnHQ8gjlh1z0BAzXXS6d4fsNOs7AaHp7anq25Lx4SAY1ibO2MA/ITxux1xg56jQtPDFtbu+raRo5sLYo0e8Thtxz93DMSM49O1SXGdjg20nR/CdtqVpp8S3McN0skBkYNKqsFHHptOQD3FdHZaFfGys9NtZdLu49bICeZMP3T55w47LjnAOCCKdceFNGsdLs7650ONpjKUkkmuSyjJYgshbbwB6HpnvUOkadZ+FtK1bXdS0rTrae1l8+xS6nDSMoAxtQHLZP3ecgg8dDVRHUdzo7vSJPDVrIG0+yv49QD2ci214Y13gHKZYdwDwO47HFYL+G4NF8BXPjLXfDjRyWskccEkd7wRLJtJIBPHUYCnPB6ZNGj6VpOvX15448SwWVrFecw25J2GUEbpAcgjkHjOSSTx357UNa03xRr8d14i8MafZW00awpHFPJENwOPMXHA4wCBjoD1zRJkQRJ4t8N3FlprTfYLqxu/LSbJuFmH2d89Bn5WzztH40sU/inULnT9L8Hav9ts9M2iF40+xzxrJw6gnbnjqT171BB8MdUupU1HQ9MlugHMIMUwYr0wuC/QZ56itSTT9c0eObQ7+D7PdWTql0jAZjicfdJHqOn60QLPatW8PWkXgnX9BvtZuL+5uoimFjRB5qEOjMvPBwAxB5B9Rx8WeJbLUbCxg0WwhWFyHIeYkcZ78ZxzxX1F4VsfFGlxXEf2ny7NY1a0WbaxXn5grjOVweM9BgcV498UC8nimSd7Mw2d7t8hpOxCrvPXj5s/4dq5qis7mlOoeQ+D/Dt1pumag01yhaWRcRJkggj5iCccjjtiu38K+G9Ou3vrs2nn74fJIIxHEN2QxK9MleufWuJa8utEmkv7a7b7TdBoxEYT5SxA8kMxwx4H3RXpPw78a6b4WlvdR8RCRbC8iSIWcSAzyspzu+cgAfM3OaqmyqlU39I+x6dfweHPF9/ElgDvjayHnbGboCAM+2MHB4qzCde0+zh/tu6kihuH8qNViUy7c8KFYKx44ye/Fbt34bnvIb/xr4MRrfS7VA9o9xHE9xJxtlztyBhgegPFULnXre80eOxv9QMmtokc6OY1co55ZOOhHTntWvoYydw1HW7ayvb3SdVujPHHDCbQywEZz1O1RnI5GT1rn4dfttQ16w8JtcR3M91K7ybYyphVV4GcYwefpWJe62LhZrq/vnmvMr0jwcA7RwAPemaIdM0rXP8AiVXlxcajc72LCAqoz8xHzD68jNaGZ1tsn9sPdWkW7ZaEqWwB0br/AIV0Vnc6JFdyXGovb2N15kbRyyDewZeRtODt7dxV1dNh8SyWlpqdpKkUdupJLhQXX72QpBIY9Olej3/g3wza6Na61bQWsixKjRPnOznB68YBz1qB+0INFuLbUdS06S41GWOIO4kaIHOCG7jPBJHbHNcTo8uh6X4zvvDWt2k89oks5hdcIzRqx8s7Wx8pA6huvauv027tNWs9TZ9cGlCCYLhbcvjjOVkU/KO3B/CvMdd0PQPF/ia1tHu7uT7LHNHJMjK/mHqm0FScblPvzRLcTq68p0Vrplxqlh4gv7m006wcQ7zGf3bxeWCymFAG4O3LYPJHvg8CngnxFbao2qa7LpckN/5Twu8iuWwMFkAUbWQYz0/POJPAes6HrMFroctvdRQrG0DXBba7KOPLK4bjt7dCPTu7zwFb61r0FpJp96thb2xZJFwhcgjkFhtPXoOfw5pGrIddk1+S6v18QnTY7PyVSCe62keamSrpzxhjyCM/hXNaZ4L8SazcyX/jGysb6zmtgLNpmh/ebvnzGRjBwR97Hp0rasPD9r4gvF8O2nhO5e2tkkhuZkmKK23aFcuwCBsc7Q3Jb0rCfUNFe90XwNL4UvLrRx5sMWydzNIDjccAfMy9QN4H4U0iWz0C10XWfG/h3TdA8X6HLJp9qhSxv9NLFozCdhDAl15A25KjpwM/Muf4v8Zap4imn0Pw+Dr1nAiQXFq2IrzNvgeZGVGGIIBIxg46c8bGv2vhnwXYaX4I0fxHfeFmv3Iiml8x4w8nyrJJs2sm0kZyFU9+nHS3uiXfw88B/a/FEuma14r0wvE0sUqx3Rt7mQosi7Bkuobg4xgc85pSYo7nyz4ksNE8F+M9P0i+vl1JEQyux+5ASCQrRlmwxwOPQjNcd4yay8d3tp4h1ixktZYsRb4osQTgn72ejOAMHGOMDHFd/ovhPSvHA8Ra7rd07yWKxEn/AFbz+YdmDnIyoHNcHqeoXf8Aa1r4J0q4ZtKs5hKqOq58z5ix3gAsNrHAPGa5Gdq2Ou1qe+ufhwReu1xZaJCYbSAgARLuXcxAHJPXmuX0/RdH1SztZNDXe1zbwi4mlQnypmH7zZnqB2ruvFFjp918PdStNNndZFj8xopMFpShDkYHPzAYFea+F9S1Gy0iG7ui9zFAcG2QbVQHITcQM84zyKGXEmRE0yW5uIZVk09yYDcOm4xnGQVHBBzxnFejeDde8T6Z52maF9mitbdhPLezqGZQy4JyzAEfL2Ukeo61xV7ZXWvWjXtlaqI5WZjCDuCkHuQB09azvDH2HTJtWtPFBGoBfKEEULsEYtndhxjG0EA5PXOM06c9bE1VZXPSI9M8Ka8NU8ReNri51Kazfdbx2bfubhVJLJkIdgLcZBXg9cjNZZ8NXmpWbSeG9Ng0K0vQZLffmeZUHykKx+ZiSOc4yenau30zwzqmjaSdW+zrptlBhQJnOSXOBlOTyT3NZvgRNH8O6xLJ4s+2Xt1pcxdIIp9lu0UqcYBwwO45bGM8e9aONupFO3U8I1LTPEfhTTRpguZ9SsZ5ftIhjD7FkA2l9mWxnoccHAz0GPc/DWveFPEAhsbS6j8O2dxYHekknmhp4z90s+3bkMeM8hTjJruIPhzd+JvFer+MroNbeGrFVnaGafF0bdlZzGm0HkMpHOD05zUGlWPg+G012LwXoNjbXca+ZZnUHWScMAd5VpN/YZwCFHcjJNZc13YqrJcrRmafHa68dO0fR9GuPEN5PGLaUyTGGFSoGAkh4AC9mwFGMVBrOpfE6+1a28N3llb6OPBDtbqB5cptYJFAUSPubzR5a44xzyccEa/h63uPC9lv1XxNbCHUbcXDwWbB5YpJhjgBdyyL0+XgEc9BUHhu10DRNMu7vTbK71OXXGa2iudRJj8ucZJBaMYl8zOSN3VeTnIHZThc8xyscva6N4d8R69rHiDxHqMrWukyRkWCI/lSefw2x1bEYyATgAn1A5rlLUReH72bxRYWttYC0uTJD5uJXh3PlFR3B3bAQMnrjnvXo+safrF5Z/2PZjT/AAxbaw+y4SCQtI7RnKtISjMuP4cMTgkGvLpvDfhzRIkh8V6nc6tMt5LGLVMhXYZQNvyGI4yMEHnp6qvS0Omg9WR+L/Gms6j4b1G113xNLPDrpRYoLVYWAEbBjnCqEHyAHYQSeoPb3T4dnTPE3ge2h0XwyBDc4huLu4ZZZN8I5KA/dZmHUdjyCekPifS7bR7SL4feFtNsdPOnRjUS0rlpkLFlkjEozuLHB+YcjrgYx4XJ4ultL7UrrQryW2vpYjCw3tHGN42HCqQDjqO2cGuaMbG/NzOx3Hg7wrZ32rJHeLGn9oHMTsBgLyzc+uBwK+mdUk8Bahqltod9ZXniK+ljSLckohjLsevyYYc89cDvXy78L9A1PxJHHYWMFxcS6L5b78hYVYHdj5sFuQeBzivUtC8VxQ6Vr17e68ukLfgQ200MSzESRhhgx7S3Bx6cHOelRJXNDB8ZWvxCufHMUPhvw9bvpHgu4jit7K7WFgqNEhkLMXVpASu5csSMjODkUeKtZ1zx746vNDfxjFo9tYNG8NukrwQFI+HWNUYhpUUnO45JB+6Bgcp4dPhrwXcReJ7O5uNbuGVoZ7eQNDEUYZLbsMysCFxyf61b0bUtO1CSbVvBPhO2g1PTEa4Es0u/y1XAdjv2gjB6cGmFm9iC0s9P134kbtS/tLX4YgUjDO3RW3IDwWEYJOeh59Kf4qg1afx7Lez+CYfsVpF5M0JMiKw++khYFtrhSuWAxj3rqJdR8Wlr291TXINLykTxquN0qy8MY9mZBj1GTitHWPA/hDVtBn8ZWXiXUbpr91trmH7R+8BVMNv3LuZCFGAw6Gs+YDIXw/8AFTWRpuoaRpdudI0Kb7U8AeCREhBDIoDfM2ApB6fyFW9W1bWPEMk0F5rUunB2DLHbB40O0YxhCMnocnvXHeFfDei6Q8nivSZb+6udPJSS2lTdaSRvkfO0ajG0Yb5iOcED09WvDpWoeDdWn1LTE8L6jbW81xa3VyGgR8RthYXbGcHHHqRjuQhxRyfxG8deGfEmq6Zoun6fczzzQxWbOQyI8itgJuOOhPX35xT3sviH4+1VdMg8PaYZdEMUU0s0S74kk6GXLnepxn5VJz2Hfymxk0vTPB7+IdU8Sw6zHckTCC3YNPDI4wEkRhnGRjOAAfzq14E1HTdJmfx/4UsdVv7m2hMM8EP+qj8zGeY1Y4G3I3YHfqOCxdzdfw9431jxaupCw0rxDpfh2UExWzILSJNvzoQ22ToM9GwenHFeceJ9c0Dxd4iuBrOm/wBlW+mrJGq6eS6yHflRluAVyTwADg4A4FeueERfW3hx/Ffh/Rb+e+uLkrJCFKQtCV2lVYAk8gE7s8jpXhfizSYvBXhTTZ7YyNez3EizQXCDYTg9MAHgBe/GazqMqj1PUfDutfDi4Xw18NtT0i/lSOdDcPFIczJKG2AxnbtdVYcgYOOvPHMeP/B3gHSdUtvCPh/xpMLrT3d2ublSlsVdiQh3bAkydGGMHn6Dofh5Nq2heCbzxXLrNnJrd95LQRT/ADGfjaV83K4lj3fdwRwRnrjzbV9b+16JqH/CW6VDc6jHJJJ9q2+VcMXyzHK4Q5JBXAA+uc05bGbV6jM7wtCNE8ZXcbTR6klz5cDzQH5JVHO5cE8rnnn1Ge9ehatPo1msXgycfaluZJJsx/OIS5OwMeucdfwJ6ivIfBOsafDfi4ngMsVip84btrBWGMqRxnnOOnGDXvUGnTTeG7qKOwjMviiWIWF7JEBPtOABDLxgkn5sHg9e9TBaG029jxm6+Fc/inV9X1yx0lUFlCAGjIj2lV4JjYqrA7STjmvAvGfwU1nToVvFhhErucxqdkg3AnlcYPTsTX6BaPoFisa+Hdfvn3+HFDuJ/uMJhuIMy9Om4Z55xnAOOR12y8I+K7O91fSX1A3cEZZoZ9siMiAkqpjGV+pI9ge11sEmrmFLFOMj8up9Mv7JzZ3EflXEbYKscVUug1ra/fVmYkMvQivsTxZ8D7m40W/8YiyuoIz5bxFT50R3YG1gMyJnIwSeOntXy7rvhm4jW41BrSaOGIqpbY2wEjoSR1+teJVi4Ox7tCup7HmVyTkE8k56cVpeG9FuLu6WbysBzt/Gs27icO3UY6V698IdObxHcvaz7w1mrzErgDZ8oBBI65Pp0rjirux1znZXMjxDoR0OKF5sSfaQdp7jGOv5151ceXKwKZXHrX0l8QPDMtlZC5+0fbIhGTGrfeVicFTjv054r50vhGrLtX5u4p1oWCjPm1Mm4dkB8vjHem20plQbxz61JIq9Se2cUwbTFt6Ajiuc6B8san5w27HakEojTcRg9qSONigK4wOo71CHIfYRvz0HpWYJClZjtJGd3SpImAYiWkJPmLG7YHbFSEM8hHl4QfxUmgFmQCUMq9KpmMFjl+CavonJbfnAqo8W9h5annmoaNyQKjDlM47+tKqOmAXwnUCooHlDgSuME4K98VI8sYyqnO3OAaAGokMpcwcOvXmnWrTssgk/i9KgiS4IZ2xHu74oBkhIIbce5pMbHSyGKMqF3H6VULSTQkkBSh57VduZTLcKka7cgCq04XOyT7w7Cs5IcTOkUKqnJOahUBuOlWLggBY0BGOfzqF1aNgG44rlktDdMt2MxhYqo612VtId0ZLdq4WBik4J6Yrr9OJIy59sGuSsro9PBy6HXwuynZjg1djYr1FY8Ls2QTg1qxEGEDPIrz+Q9VInz3x1oUEHnkUgxtXBzUmPTrQMmUlFyOhqxGeMtVLGfvVZRgB7U5rQ1J1ep9wxuXrVAuF6dDVhHCY5yDWKdjA7LRbtRGAcZQ5rtrO8tftgm5UEg59GryWGR43EifxcYr0C2AntYrocYwCB6itLcyOilUsfQOk+Ine1ktnIPmD73rV2wuWW42kAbwMk8c14tY6s9uoYHPOK9L0/Vba4EcigPtwGB9a8fFULM97CYk9Y0i6dZfmcAfzr0CDU0ACso5FePwoJXTGVzz+Fb66smFSIHCcEn1rxa1O59JQqHpltdSxgqRnJzW8t6U2PGuc9a4XTL1bmIID8w65rpYZGjARxketedVp2PYpy0PR7K4imgHmNtOKI7jc3l7vlXvXNQ3UZC5HBFaaxySRFohwtclSJ1UpanSW8+xj5ZyK17e4Yrg1yulSxmDLn5wa2IZdr72+5muRnYjpPNyoUGnxhCCSORWMJfMmynCiteGMyKzbsY6U9zRVGi5HGd/mY4AqwHyRxg1HDKCgRvvCpFaPeayloaxq3NC3ZChDCoJwx+Zeg9KYx2gspp9rOkylW4xUJXOin3RQwGbJ5qukJ8wtjNWJHXeyrxSwkAF2pvQ74y0ujVtXTAQjFXRlH2uMelZMLLIP3Z5FajM8kfzcnpSbOapvcgdSZCM5PanRMUOGGM1Xmka3BbGSBxisqLUTLJh/lNQ4msIOSOttZvLmV+uw5rRnnjknyerjNc153yhQffNL5h4JPTvTSOWVPW7NOW3mZt6t8tQxl432k8d6bFdNvUA5FPkcBy5OBmmNLUvGVS3yc1G1wz/KeMVWEiEZDYqu75ywNJMhksjALxUEzoq5WkViwIbtVKbPTNbJG0SDzXBJUZqtNNOXDA9asBj0UVA7quSwqrWOmDtoRswj+d+9OMwUb8YFVp3EhAxmud1ea6BEcX3aaVzaFNSdjo5L5jwGyKia4hmXJPzCsK3jkeJQeoFEYPmegzWVR2CrSS0N6Mbuc4qcy7Uxmq58sR59Kqxyl51XHFZqWh50nc1okeQZOSKW43CRQpwRWmrIEMm3BHpWZNJGWDqMmt29Dz/aK44yMWAl6d6V7iMKUjHPaqVxK7NjoO9SWXlmTDDJNZtjvoWbSRoVLk9anjlM0xZucDvVS7kIJEfQVmpelB1wTWc0c7gNuVk3uWXj2rMRWIOOM1oT3imPaTkms+adVUBetZJGcpcpmIoWRmm9eKLmYKhReQe9F04Kq4HOazuH3EcgV0xh3OWcr6mdd2wLFg2Ca5S+dsguSQK6i+lIcKv1rjNUvPnx2HSuqlE45zKlzN5UO5jkNWHd6o1sUlQ9B0pdRux5IGABz1rgtS1MlGfdwowM16lChc8+vWsjL8R6+biZg33j1HavI9UvS7NGowSelbupXAIYs5Lk1lRQwzZkf5sE5/GvqMDhrHy+PxJy5THU4rNuLkIrKp+vvXTeIv7PstJgkQgTM5U89gDivJ5r6Q3BXPyj9a9pKx4bbZf1HUXdUXO5icfSsx5kiBaXmTqKgu5E8zEJznv71kzO78tTcg5R08rzyeYx/Ood6owHc0juwBDjheahlbLBj8opqVwsR3G9xlRkj0rHuZmiiY9MGtKeVl77QK5XUp/Ki3Ox5JwPetoQuc+InZHL67cCWRYyMueaxot5JKcYouJXluXmP0qaJPlXrntXq0oWR8/iKl3csRiSNQeob1q4u8qWn+YHpSKFKiRzjHFX1QxKBjcDzmuyOxwyfUrRDA2r3Pety0jKEKzYJGfY1TjjKkOoDjPIq4MOhRuAeh9K6IGE2WnVgvsOaRWymVOQAar3EjwBQjcHip4QZV6YLcGutbmEnqcdIdlyTjaSav2mWkwq5B6g96zLstubHGWIqzDNKJI+4xisOpsjoozvRopodkeOGIwfz9K9c+E++DV2ez/eELzuwPlz6+teVabC93dBJJeD91DyP/wBVeteAbQ/2qqBTEd2CcYDDPavRw552JPtzXLK0k8L6ZZWMkF5LMhZ5FYfI+BuHGcHPHNeC+PNNtYLiG0gVZHjQYPBwx6kH0r1nTU0TXLCfR9GmkiuLZTcZuSqK+OGCbc8/XvXBeLtJ099IS+s5XS5i+SQSEYHH8JHbPFelLWJ5sVyTPMNIu9LZpoL8GC+QGNcfdbsDkfpXceFpF0A3A1r7My3I8xJAcklePLOfrxXIXEemaYsc90N0suMezj0zTUv0u3ht5UE0IO9FU5O7t0+tTHQ1qyufRNhdWE+hzaXc3ki/aIvMRwu5UiYAqueoA9PTiu2+G/22/wBBd7a6RjbyGF4Q/wA8A25WQLzwxJHuR37eL+GDJZT2M8Vw8MKSgBHHR+y/Q17ZpuixXvjMs9sZUu4kluZEba0aphHAI7kYHfk/Wu6nK8bHmux1+laYnjDwfqGlhpHmtZ/NF44xKQMEpG5yc4HTsCM+3KeM/D/hy6gs49J1KS301QBIJUJZpV4YBzg/hzg+vGOuub7TtIT+zri+hi0yFzLZWbkbpGIwSMYfhieBkc5OOa09K1iC91FND1ae2vZ5mVreB1DKnXO7gjuOtbRCJ8+eIbmIQrplvIPK01oZEZvvSAKce/fmsjU9XsrvVvOlKEQRqwjJHzA56jvWt8Q9Hk0nxfq0WqxAGVmEBtz+7jUncqjtlQcEYyDmvP57B1uUS6jBuJ4+D/setYTNr6Htug26HT7hkufJaBg+3bgBW6AfSvHPGugXF1rk13bLDNHeFWdG4xKPvFffoa7Pw1/aE0j2NvcNcW4jKPMw5Lddp9hWre6Nodw9ibqRhPHKAcH5T7fnioaJpM8N1DwxqtnqsUEzMjTRpcRfNhdhzyMHBGc1ds5vEscN5dLEsosiHdQNy4z3Udq6/VNP1S2spZ9ahaSHzpbWC5HynaoLRjZ6EZNed6fqniCykjuNInWWCVWhnjY4446HHeo9oWXVjmngg1GJ8L5ro0QBCgkbsZ56g10mkr4c1JWgvN8N3NEyIWyoWYcrn+Hnpin6LMdZW9tdv+k7VuNp4ztIUnP4iq+radNot0ZNWthfaasirJLbsxRBIDglsAqQRjnqRgU4TuB1GgldLubqS8hS4tbYQyPFtDhgr9WyOM9M+9d5riNawX2q+Gby2+wLdx3H2aCRZTE0nAPQ4GRgDOPQenluiz2ujSzX+h+bqlleWc9vPbtw6K23gOMjPHHGcVvaVdWslhc31hdlVmSLzbdhj5kO4ZB7g9x7+tWtBVNUet+Gvs+qy2l1Pdiyu77UU8mGNSJATtBk3jp835EZzyK6zwvrlz4Tu7WDVYf7Z0+K6vUllcGaZMkqxKNkDkh8Z5GeAeT5p4Z8cWUdrBJrVptjs75kilIy6oyLllIGQO5AzmvR/D7alp1hHq8M6Xenald3UkpYfvNxPytnpzgf4VpGZxtHtfhXU7a/sbzT/D7R6lY6tYTRyQMQs8G1iu/Znvn0zz7VyfjO10qa4sYPC0gubtNJikl8wY8t95VkDMB7YJ9RWFpulRW13YXvhjUDYalLayMiRk7yMkDceMZ3Y5NT6fbPpk2taHqduw1hbaEwO7ZEodudrnjhsc+oNaoRxOteG7m3M11dxFbspE3BG3cQAc8f1r5/8ceBDql8dSIjW7LbTIRtyoGQH46+ntX3FcXF9o6XM3iCwR9Qh+ziG3BDbmLZ4xuz1B715f4i8IDXobzxJeyNYR6hclBBjmGQJkHryOCTwOair7/uyOqm7HwBq01zBM+m3dqytCQCHG3Hpj1B7HuK5vxz4ivH0NLa0j2Qxrghe4HQfgOK+nfE3hqyvsaVqrm6WNnjjkU+WV2nHHP44OR7V8j+MdF8QaBfCw1i0eG352SMOJVB+8MZ9vzrx8fTdNNnoYSzmkzyViHcu4wJOpxUkVtJcSLDAm9jwFrpL06bNb+VblkkHqOK0tIeHSrZ544vNfHU9fwr4CrufSI6Xwx4Qs9PhfUtdwSB8q5+7XHeI9ajmnktIE2wI3y49PU1mar4qu7vFu5KAEkgHj6VzEkjyOxJJzzn+lZpGhcTVpY2CgkBCfmHpWtd+IJbqzHmfNtAxkVzRU44OAO9TQsNrKMkYyDjNTOBFxEYMhONzMc/Smm3tz8qjBHJNS8lgqcOKcTwTKo47isBFZ7FPJ81OdhyR61kySZJVY8c11Nr+9GFz/SpJY4YZjLtxgfXmgDlo0ZSrcqD68E/hWhiSKNiT1rpYLK0uf3tx8zY4Peln0pXiHluPfNCZSRx7rviIY4x7YrLaKRWDo2RjBzXTOYoCwuELY49RVe5NlNEGiBVhxj3q1IoxAoByVGfXFPXnEcY3Ec1Nh1bJAwR1qVLhIi8aRkOAOcf1pAX9C0G41S+W2iXeW/h9B3rqbmxbSWe0TC+WwU4616b8N9Khs9Nl1y6j/eEbUY/rXOajf2kV1dX89v55DE89MjpUe0A4aDSb3WNQCWTfvARuZuAPWresXOraFqP9nLIZfLA3KOVwa5258U6kbuS4tWFvu6LGuABVSHxDdRXRlnfeX6s2DV7gek6Vqtvd22b1SgzyCMGuY1X7C0ztb/6vPCg8mq0mpCeNZBKDGeuBXKNG0kvysRlsjnk1jyEM3A+WIQZUda1NMfMm6VcbTxx1rmohcW8hcjIzXXaLOrHzNuSD3qZrQhy6HTS2drc26KwZWb09KzLnTG0p1DSeZ5g49qtz6qLOMzBd5HQVljXRe5+1L/qxyG4wPauVxdiR9y1yCg4YY6/41QF8luwaY4XoPY1qm6tQBGrffzgZ60+bTdPvY41U7pCenao/wAQGtpT2s6ZuJtsb9jjBqy+hWkkshtz8pHXsK4rUtC1O1wYBvAGdqnNZ9n4k1fS3+cHy+N4K/pRyN/CBq6t4d1DSh50Ts5Jyc9xWdA88w2zALjnFbVt4zhvlYXEecHndVO9vrKZyYmCsRjavateSXUCODULdJTGIdpbjJFXB9kmkLDAb8q5/wCTAZzuyeKVUYnehKNjrTUANibSrpvmhZXGckZJxWirvaEEN8xADCsq1vbmxkDxTh9vO0nP4EUXWvRXBc3kYRm5G0YpKAFq5vVMg80fKc8gdqxbqK1d/wDR/l7+lNlk89cwOVVuSB3qGeKcKJVUlQOvarUEBDJ82VZtxz8xqtHO1lcq1q7bu9JJvCZ6hu1bllYI8Alk+Y479qtNDQy71u7uEVHwQD0xU174ms7vT1s2tAjqMbh0ovrFIbVZUwN5wc1zsiwxRyNnePfr+VVGKLMgM+C0fy84rZTUppIfszHIA64rKEbkBUQncfTjFTi3kWVhkhfatgDY/Ucn1NJK/KkAgjinBcDaTzmnHYASw2/SkAsOoXVnkxKCW7fWuu0zUYpLcT38IjKfjmuJ8wK4YDqcj2FdfZ3kN1A0MigBRzu4FKQMWTyb+4Gx9isTt7VZit57KJUiPmqpz8x9aqi0DTBg3llB8u0ZAFaZa4RM7sgDkmuObMz/1/yBTKABuSKlGT+NIuGUd807Jxgjgdq+3jsj5We7F71pWOlz31wEjG/NJY6ZcagQtuOT2PYetfU/wj8Cx+IbuZLS2+y2NoieZPKCQGz3J6k4OBx+VWokWOV8A/DiHVL+G4jZpDAmXB+WNSw53Z/lX1loOrXmjW0OnRJG62q7QdvJx6nrWFr81lot1HpmgQ+bLnY3kptL4Hcjk/WrenIsqGOaTypXXHJ6N/WvTwtI8/EHVa1PA8EM1w8Ynu41cqhHyAjjP8q87tNStoDJBqJKTpl0j/gZjwDkcZrbstP0vUnMWozGGeIAo0Y3Mxz69MfWukutM0K3/sy1a1a5d5gu5j69Tx2z6118pyylbYwND0GHV7ZZZ1lVlVi7jOMA8YPSun0PR28Mr9omhQzMW8s5+8fUg9TjrmvStB13T9CW6ttVhWKO62xxhUDYC9cgf0rx7xdqVhqOqMumtcTqk2S23G1APmPtz0o5Cfay6npfiG5vLY2l1rV1A0syKI0RwWjwM7MDpjv/ADrGudba5sLZbS5hgnZ2/eOwDZUc9egx/wDrrK8S6npTWyvYW8Vy9wgKSDmUIo7DGQSa8eW/jtr24u9RtH27ThFJDK2Pfpu7/wAq1UEVym9eaamsX2zebhBcAXMm44cEksQep6HHWmTaX4Ylku5rq3kWNZWS3ReCygYzwe5HNdb4VvNS8V6jca9Fa22iaUgUPEuCz4UEY+UZPPfbXRaLLpv9s31zckBbeIyW6OfnYr1wM4+aomhowdN+G39lWGn68iy21xcMVMdxwihsgEALuGBzg5zXuutWun+GfC51DUtY+16mqL/Z0ESHbKvA5HUKo6/lyeK5/VvF129tBqMD2xW7TH2Z/n8o+/SvOtas3thDe2upb9XX95Gu4Dn0UHOW9BVxRlJ3PTo/D9jp91pN/wCJrpbmy1WzEzwopieOdtp24U4+TPXjnqOOcpPDljo1w+pa75l9qE8Z8ldqhEb+LIPJx6jH0riLHxP4m1JrPTbmaTUtRu5PKEUynfEWJ+6zEbexPGAM9KW71XVPD3i6PTLub7Rd2yr5xY7hiUbiM9wARzxVmVmekzaTczQQ6pfGG9L8W9pE+JRIoJBIxwQBjr3rlNXXxVbGHVvFs0kcq71gtHJOU6Dd0U8kHqTXUtFrt1rtinhm8guri4O6JICHMRxg5I4Bxkkfw11kb6ff+IrK18QQyaxfeT9ne3khZzDIMEtjHBz1OPloEzze9ik0mSxWFw1/ewm5t0WJU2uq78sG7g4/Gt7wVqSwau3inxHpw1G58oJEjTiMI/8AeO1TnHToOtbOoaAH1A6nqtlCl8hljiRX3eWG+U55IPpyTxWhpXgGysrG7ubl1vbi4TfbRowjKyBSdvJ+nXigXMec21jcfZL/AMa6hGFmS9kk8nkNKJTnjPYFv0pZdO1uGzuLFtJnhjuGiuoHi3lU3HzMZ2kHg4PSupSz1HSbeHWpLaWczFoJLIyLhGB5Izxzjjp1qpF4rudEilm1OaWFIHLJC84IaMnhB1xilEo8J1jwZN4r1RJo/kEbO1xKQzBWUfKxAI+g5rR0Cw1DWF1Cxif7VBpCCQzxwttKKcHPXGMZ5ru7V4vEc99LpscmnWdzlgYZiRvABZTx0J6+lYVwmr+HjY6W0zwQ65IbabyHI8yJvlGcdT83cV0gdRokWmaqradBr1ksCDf5VzbnKgY3bGYr9cZP861LOxgi8SWdvpclvcWF2HeOJZGUrsQ5Ld1ywOODnFcDqPhyx0sWth4VlvX1WzdjcyMsUqeVKPlxtGcgdtvc+2a2heJk0S+h1O3vWvZrRx5SSW+QR3yABlTk+h7jBwaGM9va/t9H813IE14xULuBVPQZP8zWp4W0TULS1a91mIzWt+AjvuVyjjcchQc84IzXlPjHxHpA0t/EGpmP7Zr2JLfy4HSFfJAQ7euMYGRmvJNRvr/XLm1udUv7OPTrkHY0QZclOvL5wSen41nGm2Kx73rcbWusTTaVNufBgniO3eq9emTwa56/vLu70tdO0+RhJoYUkAtmRZST972z68Vz9lpkOsRxPbaNHIlw3kiVbsoPlPcA123gi7ttAuJ9EubGWDVrM8zrcCX5STj5eRjB4wa0+EC5qul67pfhy4sLy0kub+7ZZYpFutvlquMjZjDA4bOW79Mirlp8L9RXwzDJrVzfwWWtWSXWyExHZOnzBQx37QQByME5wTwcd14luF0xTZ6hNc3N9CFnt7h7bEUgZgGiDLkHaOTn6Z7Vl6zdS3xW0k1CKO0ljE1u4LQpu5ADDnHH4+1YvVhY5D4X+H7a60ZZvEkj3wvzPa31tPCdkflqfKCPgEkkhtwPU46iuq/su3uNRtvCmipcWy8wyS29w8coKrnO/wBTg5HSoPDekeIvFV+YtFNxbod3zW7gojxrxnkAkkfUZz0BrptR8TapPrkNjqU8X2+52W8731qY3aUfIW3oFAPQYA471Uo2ZzM5BNH17w7dgeINQu3gsw8fmtbrKpRjj524Izxgkk9ga4GbwzoXhKysv7Wu7WX7O4lSTyHVhHJjCSbc5GRxnp7c17+NPtYZLqw06Ay3ECiO5kgmyMyglflY5PQ9Bx3qrr3h8f8ACJTa7PqlvJLG4s7ixvrcnIfJXkHJG07j8uPckGovY15jyQRafpmmalqMeiTRa5YyqNJaK4UxSmQNvdtxXHy4xjPXHrjT8GXF1PJcLr89xpt6AJxbyQmTzJDktuGCccDoRkHPausFrLqGkaPBJ4d02XS7BWhuLm2uZUdVUARhExHggdAC2eeRxSXuuXK6RZS6It1pVroonC3U5SaWVpiMrsxgLg4B9/arUbsmUrlTxPe2erwHw/4dM+pCR1nka2HkgJk7hhs8gnOCD278V1M3h+TRr22udAktfFM9uDCn26M205DKQoLOmBhuc8j35NcjYeJG0HTtQl1G2tJNShmEkbzr9kupBcAblyBlhnkDacZ6gEYu6Zf6w1sniDXZnkyWHkynPByRtbrt9K0qRkl7o6Vn8R4ldaLe6F47/tPxppr6RbeW8TwB1nDEgsACuRjcewwOAe9dTb2Pje80yy8ReGZINL0+6LxSLZy+XIhjYgeapx8x6jbk45IGRVPxpZ2X/CUQa/LaSzSXjqNttJ5zIy42M0ZI+XjHHHGPrkfEHTIJNXi0HQb2PWLm/h8xZPKe1aOWLlkw3VtuCDkDr6c4o1m77H0V4o0Kw8R6FBb30drdeJbm1WK7uJLdrWaVwFKMAABkDgkHB4wNuAOOsNE8KaPpCRO9xa3/ADGwkVbiIOvO7aMHHYYPHvUeheMdW0GxkTxus+pSS+XJZTahE7bZBkON4XkHI4LDGPrTte8H+JtZTUdR02wRLxWE8L2VwvkujHcfvkfdXPTAyOOOsWMzj9N0E6nqN4Ira2NwYvNjulXY3mZxtOQWweK6tNniOzj0uXSbdpbcs6l7l4gJdmOo2nFUfDDPd39pcG9kt7q8A8xJ7baCy8sChAH8JzwK6nxfp0XiKeWwk0jSJ51DSxrCrQ7yOzAEjP4iruPlZ4r4Yvh4n1Yaxq2i2UdpOnlnFy+95R6OOhHcEDI4zU8mt3njHxxZWF94R06OzYpZzyW1xu4jyFlyCBwMA4XnA5yadqV7o2k6XceEbbwfYxXd+8Z+0xzhgHVgThCODgbSQy9ec8Vs6p4UsdIsYNPi8OWsWo6vEzW5W7Pmu0eDIo3NhsZBxnA5z3AJO41Eq+OrPU7rVbPT9A0uVF05Aj+TIZtyZ4cgAbQB/OsnxX4uk1S/07RrXw6k00SlY4kfDYVQcg7evUmu88D6RqfgXV/OvdD33OoW7QR2hugE3SEHzCy7+gyNvHXjBxWt4X+FkFw7+Lm8O3MetWcjW+1b5XgbcMbxhuCOR6c5/wB3mqXOhbWOS0XRb7wZ4Z1a8tNDvXfWNtwYYSZDE6bskqM5POeeRjpXN2FrpUDvrcus3sFjfwMpicHcZcY3SD+NevYYPevYdH8D6p4GvbvxZe6Rq1vDDICXjZbmPbJjPA3bgQ3UZ+tcnqWqS6/qN9eeGfEqMUfe1re2flBUAO5TIyE8YxgDpzup0rEc5g+DtQi8Q6zZWuu311Y6Ip8hrhCzQJsTKggKwzkKOnAOTWl8ZtLRdK01laa4uomfbIF/d+XwOfQ9SKg8ECS5lbSLeyWWyLtIr6fgt5ue8JyxBAx04AH1HW6HLb2um6zphiadJ2CpDKpVcBjkYYcFfTHX8xE4lcx86eJ728bQtCsr5ReLDLK9uRjKIAAycKCfmOeScVf0n+wZ/D8763M1lfwH7OYQAZGhmG/eoI6EZHXAwPUV3N5Z6Ff+HyLmKKwl09WLXCw73Dn7uQOfmOAeevNeM3HiG20/VNMvr2ATE7oZE4LSBhgZU+nWtqYHpmizWEOutf8AhnS7iXSLSIxGSV9hdwvLM/3cnIOwdgDgUniW2vNLuBqt+IEutWtxLEMJ5hjb5UcFCemO/PtXa+CNN8I3aSRww3WoRQxtNJGjYTzB907DjPAwynrx1rnA9jZ3QvJLS3s7rYv2XeQSoJPzBPu5+oyK2sc97M4PU7O5i1qO21O9HnXCo26JDII1/vNgDoetd5aXGgaeLSTW9f1Bbe8neKRI4lyI1jOHDqnGWwMANweQMZqe912TRbG6bTdetbbX5ZEQbrdiY0Ygth9pQE+mDjGQM4xdkh1hNHt/B3iHxDDePcXYldYod3ks2V3M5VGP3j8vQZoUQnO51KWOheIdTttB0Oyuo4bZWEk80p/eIMANtPHHoMZz0GK0Nb0ey060vNOSzmaxiiL7gfvmIbuM8c4xUWrW82lWNp4WTXbnU7RZdsjwwBTtclsIxBkzkngseDjHGK5zXNVi1XToPD+haRqNtZaeZA15MWCTqPvblKgg57Zx6qOAGkc3Lcf4Q8U66IJovDtrZ6C6sGRp1OXLLtYhSmG4H93j1z0ydW8T6PHeWun3vieMXoklN8yQNm3cHCqmxRu3dOOh6gAVnaDqa6Zqs2qtpc9zFHbZjtpGDIXUglRu/hbGM9cE8HjHD6//AGzqdxqesWOi2FleXs6zxBGRTBtIOMMArZA5PyjcWOOQBnWR14ena5satc+AL8JZrreqPe29yyFoo0W3kDd9rfvOO4PXIr0G81fRrvS9F+H9hfalHcSXkNtFIBuidHJU/LkPhd24IRjgV4xpml+I9O03UdXudTtLXVZZUkeOV1WRl4UbFC7dxwSfQAV7NqWu/EDwXp/9qajeWE95crDJbNdxLNJ5gA+eJowArJkHLcE4qaZpVRqvDPpVveeBdH1W7vkSRDeb41EW4NuTYh3MhGBvw3JAyegFDUNPvvh9Z3GiarrF7LLE3nxT24YRx+Y5b5mJDqOw568+1df4Ng182dz4y8T31kf7cSKRZi6LuKBg64AULggAj1FMn+IUCXqRXVvYXNrMjc3Eyp5pXGNjNkAg4zwfwqjAz9L0fXtYiTx34o8R6fc2F1Dv05r0KXUoTlAzKu0g8Yyep4PWuV8S2Fl8SGnfXLGbw/faNbKx1KykLLNHFyCYwoGSuSMHI469K9DsLPxX8TWi0DxB4RW50mZW3zW7NBEECnb+8DFTyOzDPPFebXxS11TSfh54OhufDGr2MjWhmv3DRzJggB9+7bl8Y+XHIxSbGvQ4PXfHMd/qbXkNrNa6V/x7yT7SFndAeeAADgjC5zjsOlcBoury2Wr6feq0c9rM0uxXA3ApkDcB07V9A6/4E16wWL4ea7pSWF9qjfaVFu6taPs3AsmDlT8gypHTGe1eEHw1Z+CPEWq2uvshuNNQKkY+dd7hXyuR94Dj8T9a5pHXQe5oDxTrnh3WdRudUhjlv5lWe3KZMQQZCj149+Tjr3NO8162tbS71nSryU3Ou28iagsijZHLNzJsPGec7TzgHrnOJbJotT8H+fql0tmtyZhCXUMzHpjjng/p7YrzbRNIvnu/JeOR0jkVzAwI3rnk/iKk6Dd0yXXL6yktfBxkt47RHeeWRwhkbGGCYPPBB+g7cZ9fsobDRvAljbeFLX7VrMqh3vpkAbexGYkycDaOOCO571wt7owtoZNcuZYbaa6kXytLgiITZ8q7iRwjkAk8cnp3A3cyapbQaXcsmlW8SnyEwQzyHpuyepBP8q2jA56szqobBNclg13xXrk08mnqq31tCqgwN/yzQYyG3Hkkcdea9h17XLbxBpL63/Y8OgwXalEMUYG4Kf8AWDIyDjAOPSvmPw7FcafYXvh3SbUre6pMuZJHIAEXOBxjgZ7556V3XiSXVoNQ0SyW9k1iDZ562kJYlCT+8UqoLDOMZx+FV7Mx5z2y1tbaC3jvtPsptZN3FFE25WxDuXAmLBSCDxkHH1HSsHxTdWc01tD4muDFb2LqotobdfNdBjID/Ko6kDca9K8KnSPE1npcok/4Rfw60ThUuJWffMrNtU/MCBxg5OBgevHONFZX3jR2ttAGr6dan7P57CR7VJGxtbeBgAE8Z6ryMcGudx1NYO5yOs6o2o+JLPwlb+FJ2sdPtmmQ39rJFMvzghSEJBQhgeo711F5ptp4wFr4Evb6y0ZLeSO8VIgR8sashjjyQu7a5IX29q5SfQfGMvj278VeIvFa2kEEskJjt7l1dIHBKwx7kVcJuHXJBGcZrE0S00yHWL690wX2p3kUjkXFxIu0hiRuI4OSP59K6acjGdHmZnzQaHN4l1C50X7RPFOyiKe4ODIYhgscBc5xxkZxjgHIrMl8R+IIbe6v9WeHTIYE2CFVDtJuz1wSc9iQePTuOS8Qi78PaJLp/iHWfKM0nmR2MUO9nQvyVlP3cEk7Txx15wfUtJNvN4Z0rwPpmmR3+o3rDbfXMAWWLa5kKbyCThQANuflzwSQBLqNbFRhYb4M8Q+APFHhv7JbaW1jqbPGl9JcyArKOceUuTweDjAI6c9vHPCvh3TPEHiG68Q6Vdrc29rdMsVswIJVTmItuI4xtPPUgjsa7Lx1q3gmBHvodKx4isI2inuQN0UlwpEeY1BKLypO8Bc9vex4F8L6Lod1dW+n3i3LHZNvjTAIOMoc5Py9Px7HNEpXKZ0niDxFNpl3BoPjLV57dJbiGOa1s1Cu1s+M4lG0H5TjGTzwcVwHjW/h0fVZfD/hrwbO0qkG1e7y0kq5Hz7RuDDHXDnng17v4vm12XUJru10Gz0TwtqMMaefessuxip2uillK5ONoIPOCa8vvfDcOvWlj4iuPETXK2Dv5+2Um4h2yHa0YO4pkdNwHYjIon8JRcPijxhIuhav4S0az8OzSyCC6hSWMxT3ajcUdZNrRZCNkA55GGBK1wfjhdDuvFlxq/iPxDt1IyK1xZx27vEjuo3KkiEgqvHr+eaZcfD8XOreIbKLRdX1Kax8swugWUv5ilvnZRtbd1HoMhsGrnhfTbrTlu4da8DWkVvFCWW4uAsgSSM4w7ZOz1J4xg1gjaMrHVwa94X0LSWe00JNaawjWcyyF4vNR3H3oWVhhQwGWHQE11vleIbrTLO407RE0O3v4hcLbHbJI7k5KkADaNpB2lQRn348/wDh1Z+O/FsmoePZtbs7K20B5BJFFMqXGzaXwiBTvTAOCxOcetT+G10LWvHwn8X6/e3EMcv2iJPKbzJIx8xACA7MALggDIAximhHpHxK8e69qfg3SbC9vYdDt4v9EnSyhdXJePCmRU9FU8AheeleaePLu58G+F7fw7qL3Xi/7LGsyXBkdI4be4O1VVSGfBVTnI+Xj6DrbptH8da8uleFfDrNpTjz3E9y0izvDkCRpmHyEq+NoJHfA6V2Ouat47N1p1x/asNitnHeG+VUgmWCI7RCiRgbmT930yfeiwrngniXSNc0/RNKj8CeFnsIb8F7iCT/AEo+YQuNu9mPQDjA7HbmsbS/EPj/AE3Bs9ct/DsshFnPGxELc9PNXawAIz8wx1Pauy0nwtb6vr0s8fiy4uL2yV7lYmhlUOh6hVZgFHzKBj1GBmqmnz/Dl/ENzc69pGoanLIwuFcTJ5fmoRyVYgMCByGPbjjNAzubPxffXh0zw9deOov7eR185mBS2IIJPzKvlkDIALDnocEkVx3xZ/t/4h/ERvCMckV7D4UgeaaVEWNRkK0rHHLAfIB6Ent04231bUtf8aR+IfDvg63htzIFlWNCsDJEcjcf9WjFQA2Mbj0GTzfufEOpWmu+J9Xfwy1odYgazkuoBJFBGGQRkYwy5yFzhhkj6VjY3aMrSNY+H974ja71rRJZtNhtDExsf3aiYlSsuweWAQNy8sRyCQcYrw7xFrVhqV9PDDNLZKDtaGaTKny++7gckZHFepz6zrJ8Piz077PBcKzrBEqp5rAKWbIPBzjkkdTye1eB+KVMU8Bv4xFJdxbTt9VwMkeuCKmRrSiepfBgSahHq+nTW0b22qTBWmf5toQYwAfY/wCFe0aX4nstNeOwkjuL1vDVwDZxgCSBXjY/KQWB259s+leVfB+41fRLOwaxs2kMdwArKMMGL559iOD0r6B8WaBr8++/n+y2plnE0gt8rOB1O7jocnPzE0RZFeB2mmXmv3+mjU9I0eD7b4gIF0flBVEYrtaOQfNgZ45x3BNcHo51rT/Ekui+CQrXcfnLeNCVSQgdUKTYUbWA9cjGBWxqd9a6kf8AhMF12W5k0lY1S38o27Fs8YdduShOeB9CRWdaLo2+LxGEmbUL26lurkMzCQu5+XbMuGG3hgM8k9a9JbHnqOpc1+W3t7+x8D2+tedZliZ/sjbX8zO0RzISQGQr90n0JweB558VvhFrHj7xRJpvhbWLO5EVrvaMMbd7p052uGBV3AwPvcAdgpx6FocfhvQEvvEN7Z/2tNPI4EE2DOJJCGEguNrNnOe2Tk9zmuhV9FsvC0fiS+8MXl9JNE0IiuVAjlJbJeCYJyygHnAYdvUcGJoqRvTryjsfkR4x8DXVhrzaZp1xBesqKQYmx1yChz/EMdP5HIrvvgdD/ZXiO88O6ipie/XBkyGCeUCxU49fXNfWup/Cz4QX3hG28daDY6jHqjXUu6yndnhMZkcKsbKThkAB5OW9BXmngbwrp1uL7xAsjAX0jBY85MYDEhS3Vuo546V5Dw/LUPaWI56buc18V7S1gsriz0w+VsYMjfeZhxvGT2zXxreWtxDdFJlPy4O7HavuMeHLrXtSjsFlQXcUhdSzcn1VTg847V85/EzSby01ebfAYUbmMP8AKSo6nHYk9qMVSVrk4WevKeRSW0cw3ofn7k1nfZJBIQnODzW02IcpMcFugrOkYBtmeT+teVUieotDPJEUnktnr+FSNbzmVd+FHUfSrW3ks65XvTVVcsCzMR930qGhpkZjQnKqM9ieOapxrL+882Tcc9O1Tu5UfvxhT2HrU8QDQF4+SOtZyNAtFZ0IRcN2J6UxfMiZmmcKBxgVKHYxMrEKh6Y6iqJFvGSibnc9SaQESLEpaVMs47+tQlX2lmAAPNW/IkEZkI2rVXdGEOckDrWckbouwzRvEqTMW/lRKzKqiFdtU1Eu0PbrkGrlw3mQqMAOOtRYXKVdpkn3yPgnt708bQ5bGWFPtREz+Wc+YD17VKYpAxkdcDJ5osMoSrJLL/dC9KpTlSdsjEkVppF5iu0blmXJA9apqfMf5oue5rKojaEuhmtu3AkYx0rrLG4kkVA38PeucmVpMt93HatDS3YsEzgGuOrE7sPKzPQLdt6bgcEVoQZA56GsK0k2qO4zzXRQtlenWvOme3SZMCw5A5FLli3XrTGOFI6k05doA71nPYtlgds81MgBOc4qpirEZwDii5pzEhHPtT48HgUxuQDR90/L1oHzI1IFUrhe1dDpV+beXy3+4a5mByCAON1dHp8cCqz3HJH3aRkd3elZ2VoAFTaOAO9amjXf2bCKTuY81xNle5x5p4xjFdBpty8VwkmcBWB5FTUjeJ10Kx7PpurHbGrcFCRXY2MsbYC/Nvz9c15huaa482A5H3jiuo0rUBghuqc5HWvGrYc+kw2JPR7NngK+X1XtXb6VemZvKYgNtzivKYr13YFCeDXY+HHW4uIp5CSVYqfpXl1aXRn0GHxFz0O1l48o8enrXSWs8nlmMPgHGRXmt1PPbzvsBGw9DW/p+qtdclNvA/OuCrS6HfCr0OxsrhFkdFHXtW1HKrfIeM81xE0jwkTA4/xrVtb7z41JJLD0rzqtPU7adSx2m54lFalpqEKcSHBHrXJQXMsy4Y/d6CtZbaO4jJZgrAVzqOp1qVzpl1CJwWRuT0xSvcygjB6GuTjQpGApztNaIuZMD0qmjamjflunYY7EdahjMkOHDYBqCKSNl684qpJdElUJyAay5DtTNz5wfM9aujBjx2x3rMS7DkL2Apj3LkGMdKTZqpGvaN5Ux6EGt2OZH4HFcOJiMY6ite3nIXO7rUDmuY3nVGb5gCKxJLeCK4LxryalN04OOtRoDLJuzyO1LkFD3S2FUAEcE0mdw54qbnG3HIqtcShcKOoqmiYz6Dre6SGRg/SpXnMqnbyKxpf3j5U4pI5/s33vumrijRx00N1WPkjHWpQmME1RS4jaPcKtRuZMVDRyu6ZBcSqoBHBzVdzuBI54pt0rAncKqCcqrZHTpVI3hFW0JPNbIXHA61UuIXmcEHAqxbrJJlm71LIoBqUi3JLQzIshzGRwO9VbyRflKYIBxWtNF5aeYBWAIi0u0dCaeo41Ey3b561MsUaKe5NOEDIuQMU3AbHHNZcplKVxzLlVA6Gl2LCoK8se9XIoo/KJJ+YVVlQ546CjlOWrK+hYN3sQR5yWqvJkY5yTSbE6Y681Msagqzikc04oWKMOvz9aax8r5hyTU8jruG3gGo7jYVwOAKCYyKzXC4YNXIX12/mgIc1tXTlEZQM5Fcrc7sBSMGnItSsjUjmfaGbqajkcsdxPaqCSFV2tk0yWfy0INZKJx15XLpuQIDGeW7VmTzeXAzcbhyPpULXChd2a5/VtR3iO3TjByTXbTp9Dzqj6llJWuj8/yA9TXEXoiZypfJV8VoXOpNDayojZwM1xB1aLbulHXkmvTo0TzK1YyPEesSWebd8YPIx3rzie/wDtbsJMjPA+tat2w1K4ka4PAY7eegrmZ4il0bXoykEfjX0WEwx89jsZYx9RttsDzbslOx9+K5WfVYdNidWbDt94fWvTvG1sgtbNYABLLGHkA9e365rwHXHEE4S6YF3I3H0Havo6fwnzrqc0guopntTcTfdY/L61xDSxsHDElga3dc1hrmOC3tvlSPqR3rlCrAthM7jmqRZcSQKAeAccmqbSMW+VuM05gyYAHPcGo2VcEsvFMGHmgkoc1GWMjew7VGxUrkZGKrSSso+XgnoRVo55Mju5t2VOQq964TW71BEcsWIPArf1G5kRMFiB3rz+8uRLPiPkZrtw9M8nE1COMmb5wMY7etakCSMoUED61lxNlzGQQeue1X4AhkCq+T/KvRgjyps0QFCbGTPPIrYjika2V1wI+3vVSGB2Ac8qp59xVuZ4Vtz9nz7e1dkEcVRkltGnzBOD3FHMe5kyQT0qnazeYVwcPVmQlWD5PuO1bRMZbCyuTGiumOuDV9MxWrOcAqMis6NmlnRJeYifyrfvIkg019+Aex9q2sSef3shkcuvJqxE8brHs+8McVmzSDcUBqxbjAUD5SCOa5nP3jpt7p3GlNFHdK5RQ+3r/dr3/wAEpuuIPtdx5Fs0it5m3IVVwcnHODXz/piSvKgkAy55z3FfS/gPR7bU/sscc6wTKRH5DNgSI3CkDrx3r1sL1PFxnQ+3tLlvw7Lq1jbz2At3kiWJQ025QGBBI6Fc968f8bWKaxBcC3AggkhyFOARJGSQSMd8AGvYtM0O303TNJvEunF8FVFj+ZUjGMZJ5yOnavHviCzWWryLrUy+c8hH7k5idHGSSeMdeeK9O2h48Kup82WlpPqgb7Rv+yRn5pOuF710nhnw/pD62ttE3m8sYnLbW9gKh8xbG+ubGCRVtpZDhxwAp9RXSx6Xp2m3Nte4VsOGyX2jIHGKz6nUasWk6xaTBHjdrdGLxSMCFLKf6V77F/YkWnWF5dNiDSZluBcWWPNnk3/6twc5Q8AgnoOo5NcDpckOozWum3tzPDCHdpcY8vaQSAp55z6iur8M6Vpt5NfWOoM8UsW9YHjIMYXtI3OQR6d676Zw1jsNX0jStRkTVFs21E/KY43ZoniDjOOOvP1/qcu10ueyWePSNM2PNJia6mJEluoGdiPwF9uT+PUdBLe6e2gy6JJeefnbtnVDHM21gwADZJ6Y+lZeneIru3tR4a197htPhzPbW7x+XKxO4/eK7iDuOMkjrj23gtTBnE+IIpP7Pn0eUeRaz7ZY52YszlCMjHXk5rmrtrG6tIrK3zEbY8tINxIPYc9Ca7fxxq2io66reRGK4eJRDZJ93jA+bAwOc1yMmm3OqaDLdSqlnPNGRHtb5l67TkUq0TpoP3TDMd1ouoPbQXgihumRjH/Esh4J46Zqpqmp6dodlPazxvM87cezdcqaw9O+3HXbWwvUfL8mRuWZRkggnrXpdz4esNUeNL2NWTldzdOeM+2K4jrRWXSrhtAfVdVLX0EHk3aRE/MABkn0OFJ4PWuD1LSNLkur3V/DzhoDdbxGw8sJHJkruX1VsLxwete1nwbrclgLjRmW7jW1ZZbZ5NoLRnrCcYxjsSMdSeePMdasdM8SwtqekwOl/KkEhhIKJEyYV8McA8c9CcjrzgU6Zyxlc8ms9TuLG7Vb2DypC7pnBAyCQQD3ANeoT6ppSeG721eVmN7HGWQLkbomDqD7bgOlUdcGn3M9ta+IoTKLSQANHkJtcAnd6VMfD1jNbC2iudlunmBGXBb1Az3yDil7Moj8P26tard6VI5XefNt+o3OvUn7yg49+lQ31zLrO2O3Zbae3j2SQqpJYxt97OOSf6VvzaGmnbdR8O3yxCW3ikkgByTIDiQOO2McdetaCWdv4ha1s4IvsU8RmV51ADSCQBhk45wemfWqsBl2niObTtUi0LWBaz2vmxOXxlG3YGSx4x26dRwa9J0//hINJvJtI8OMjQtcM4tnwYiCMhdz4I2rxnd24NcLM3/CP6FcaPqlitw97bqr7WGY5Ij8jk8g4PPX0rkl1K60oLqun3RimEirLEW+TyyOGPPXIxk8nIoA9rm+JVpqtq9tNENN1JbC4gjSNWG9wTtGeTk5H41u6Z4r1zT9p8Rg3zx2VtHCFwu1AMgFgMEjpzmvnsaxY6/Hpl1cgR3NnczLLAg3F43wd2fTPA617bZrqDWo1W1eO+tLCCJREyjcI84A4H8IBzntWntB+z5dT6Ks9OtyreILG/h1i5e/gkmxL50qRjDH5gTnpxnjA4rhvE8M+stDqOmSgRHVpPMSU7QFO59pGOOMA5rD0DxppyWlzF4ZZ4ZFvluJUMe1TEY9rLyMDay/TJ4rd0TUdK1mRw8YW6JuJ5Cy/wATn7wOO+RmtqRlUPM7i2028tlivbBUGoS3DRTZIKkdcfSuD8R6RPrWgS6Lcokp2DYCODt6de1ena74fubq6ttLmYtb2tlJOHU4UOzHcoPuFHFc1pg0K0YWmqzPGwgYrgn5WOSGHHXg8VeIgpxszClVcZXPza8Y+GdT0LUntrmF0UMQMjbkjH+ffrXYeFYrePRpYbgCQspOPQ4r6g8ZeC9H8bQGxuJyl/ApaGbHOSM4YfxDPH48V8t29s/h1Lm0v12XCsylCfukcY5r89zbLZUpcy2PsMBi1UhrueVahbRLcv8AZiWyxzn61n/KCQT0rSuo5RO0pOMk1RCw7cY3nNeId5PJazPB5oXcMUyCVWiKA4dT6VJFOxxGMjHHNVDazKjOwIxk8Gs5oC7HHISYgfunknvU0kaKcryOBVKCaYyoWOM4Bro7iKH7PHtUZJyTXNLcCqzkMI1GFxVSRGc7kGd3Y1YKyNksec5FRxyKMtImNh6jpms3uBajinBUsu1fyq1cq4RpEYttFRrdNJ7jsKvrKgtHQ4OexouNHDXNyzSlB91Dn61PawR3O9yQnGanurN5UBiCh92eawis0LLEd25j17VSZZblglMogjxlzwTXqGk+BbVLODVNQnCxcbh1ry8zbCGcng4Jr2DwzqE2qaeLR4iViPy45J/ClJgdfqniCxt9J+xaWm2JEKdNoA9a84OpiLT5FnjGyQFdzcYB963ltGuNUitrqIrDu5U8DA9qp/FC5s47e0s7a0WIDJLAYyAMYqY9gPE5AjTSeW2Rkn2qu9v5pxgZP50g+RCM4ySCackvlMrD+E8e9bAWUimhUAjgjHNOJIYOOSDU8lx9oAbp6CnwQs5bbzt5IoAvWs9s58u4A5bBNddHbwW9tm2+YZ9Oa4CUtHnehA69Oas2Gt3ts4SUlox61zygLlNnVobuUK0Kkgc8CsESSyFUnyhHauyh8S2zvtkQBT3FR3t9o9yN8ceD04qHTFymfpMH2q+jglYRqSMEntXQ+JH0zQlQafc7pP4j1Ga4P7Si7mLFevtgVhzXckjBJH3KDxmnHD3dyOU7yx8clV2XCkKeh9K6OXUtI1qBo2YfMvHavKvsMlwm5D+Ipxie2RFzh+pB605UIti5TppvDs7O0tjLtjxgDHOazPsVxCNkuSQeSeKs22vXVtGBGu4HnrSDUJtRkfzQN+enTGaXKyTdsdKiwzvMq8cA4q3NpsTxr5Dh3kGDj+H6VijT900e6Tg8EZrXmgeGATwMSVPVe1YTWoHJXul6lYS74MTIeTk4INU1lmXHmIMjrz3rrW1gSKYrtQQR1PXNZN0tpIpSIh3YZHPK1qr21Abpl5CkqiUZDZH0rpJ4YZoCI5tmRnZ1zXN6bo814XKOAqj5s9z7VfuLOe0CgglievbFTO1wKp0a73bTgKehHrV+ZmgjAOQcbcimW2oXLbYGG9T09aivWVADIGJz09Kdy0Zd9fanKBDeSkx/w5ArLycAsAQcj8q1bmbzwI34CdD3NZZwqjc3QZxW9NlxJYrsW5eDZuD96mkiUr97ZjnI6/Q1TjDSzAf3uPw9as3UbISqtnj+VUSKWiDHfGACO1Zkjhs549jVwyjZl0yzDGRVaOGIzKkzFc8mgBgQFgozn2qSCKbO5XKR5waviyd5lWyO49OR1FTTCe2hayuIVU5zuFJgOkuvJCm3fJHBNatvqK3YMCjL45/xrmSHkb93HvHqKuWf223fz1j3npg8D6VDiM//0PyPeFIMMhzV+DTLq5dIoIzJJNwoA5J9BVzTNO/tC9s7CGJnM7qvC7zyewHJr7W+Hnw90/wVrkeu326S9MeIYp9v7rPVsgfeIGB6c9e339Ki5HydWVtzhPhp8INV+z2moaxGLLzQc5BLheuSCMfSvoHQXkM0nh/Spmi061QtwAN5GB8xxzmul1n+3os3lwht7F8t5e0jcoHJBI71xR1hbWzF+kLwmYskShTtfBAIBxg4716FPDHnVMQ0d5LpPhuzluSNTE+BlpIQFLMB93PzVzemWWkP9oa7BwOQzfKuDSaF4X1PxDHciPdaQxJ5uXXO/wBgMj86fqelzzwwacjJGlw+1yTtddvfGP0rrVFR6nN7XmKlhNbXF7DouiWQluZhuD8KACcdevQd6n8U6XPpssiRSg6hDsIAYn04A9qn0yysvDqz3KTs2porGLLBDtx0+lcf4ivLm7mt9Q2mOaQDzGJ6kEDJJ4rTlRj8O4+0udSZpNe1y5e4ddwjhi5y3AGB259KltrPxFcXsmlwwm1kUxi5eRlJRJOc46nivffDnhLQW0qy16ykijmuxIVWfBETK23IC8YYjqals9EtoY7i4vkT+1IgFuZgg2FOSu0jn0HNHKP2qZ5PZfD7UG1FtK+0xny9rRXDgjepALAAZ568V019oBvwPDZnWDb3Kk+Z7fjWzFbXNp4kWGS5UwxxGRJOgycHHPpTDaL4osH1LUFe006x3NK+VEsj9FVQR3/HnA75qyJVWcbpGk+LdJ154Lgw2kVg0XnQkrvkVwDhQoIJ2+4x65q541tdLS8vbFL1Irm6WL52cKYxuBPHXBxiq+mWS2EsV/NcFZpSwhj253Rrj5s9AaxfE/gq+0zUIdenZZrfUSZo28ze4IwSpB9/w7ZzmolG5UJGxpumacUh0/QA+p3FwArq4yQ/YgnAxnnORx3q0yWel6rBpj2Ak1+LcWaSYbY2UnHC5XIByM1JpmnIurW02sXq/Y5o9twkj+Xt+UgANx371jwaSumeFppbu0Uao0jIsyAspXOdwc44xxxVFUihqOjavLq9mdAunvdQ1aUZHllfKkYgKN5JGMnGeMAVO/gfUdC1G4ttTkkvNRiLPI6kHCkAkkgt6gkljXoF/pGn+B7ZNP1izuNSuNQgxAzTbAk3G5gqcnbuBUNkeue3pdjqfh/wZoWjan4ce1l1zV7Zlu0LNPJGQVPzBWBj5I4+XO3vTCUrHkOh27+FLuWPw9f+dqkqh7WbzcGAHKvhQMElT1PIr6O8OSaPo13cJousPquq6quHmmR3fcpyecDPPPJ5xXjT3Gi6TpQQ24lvLfO2RYQHIc8kv9D68122kyeIdEt4/CN88kd5rqvNpPlSRgqQpZm3hgyZHcnikYvUt61reh2Wj3N/PpslxqlpJ5aSLH1y2Czrxz26ZzjmvPNN+MHh/wACW8kPiSykOvDfNbQSWxcASLiMsGKkDcPrjkdaiHioeEbbxFpmr2Date6r+5dpLokQXEJkzIcBy3zMCcMM7eSe3Iv4Jtb/AMTweKfiEfss8ECCO3NwWlmYf6s7QeEHIwDnIHbNUogoLqe2Szza54b0rx3rd39jGtmTEMNuQsTRnaB948sMHt1rK1Kw0NNIea/jZ1iz5hvtPcbA5ARlyDuBzkYx/Wuf1nTtfe0igmMw026kSdIhIfLfGcMFz1Iz29663xp4iv8AxbGiSQNBbTfLMFYtuYD5dx2rjvxz2PajkIWh4PY6tqOiPdWnhtk1PT4JhKzvA4XaQu4HlSqnG3J9Miuw1vxMnim8/sjwrp2mztBbrKhuC25WwGfy2G3leM8dufStjSJL4ara28N7JaaTbfu7hxt4LAhMkggAkY5FbkmrrBrDy/ZVu9f047YL9EhO23J984PJ4x3PPXPQokueh59eaJfx2MT2UVs13qIKXRjlb92vA2YPPJ9PSneHdE+x3EMEumCSe6JjiRZ1Dgrktw3BB962rnWH0y/uNX1C6Ep1CTehRkeRpASznAwMA56cVZ+HuoaL4n1i7u9etvMsDlWaWIk7vVCudpHHPvVezOfnncx9Bs7rS76zsfFV/fW0Ph53U2nkxMrh2LEIwHTd1JJz2xXbXT3/AIx0bVPDNi0YsCVmhiMICbVk3DgZw3tzn3rIHhVJIBrMkqy29iW82El0OwA7dvbjnPfjoa2tKutKm0mJwJPtDyAPFazKsiRO2Acd2POM4HHJFZcxvzHJaj8P7q9sfL8L2dmbfYC4MZicydCA3Cn8a0zJoHhLTLfxFd6Jppv33W8lvBetG8TR5GdmWySFz39zzW5rXjTwx4V0LUtI0281H7WJUa2SWNXI3lfMBdBtAwCeSOT9ccV4x0zwefCR0rUpYNRnM0dzbzGGS3nQtgOrnOSCpOASMZPGcYLXLlUS3K1p8R7LXfsTpZXMMtnI/npLP5ilW4BUnpj0281Y0PxxfXU0+kWUc0ek2ku7EtsrmNZGYjBIz69689tfBOo6kmnW/hm1hle8eVVeK66lOdzbiMYCnua62yutS0SBNF8Q6NdWEsMrQXd3FMkqyOOxUcYyeozWbTiVc7bRdTuhq2pTaFM01lE6yRTRb7djIoDdM5ypJweOR7129lrOv+I7O41rXtSlc6Mwu4DcweZG0kfONw2g44zyWAOR3x4sfE9roenTW+lNPNco2MyIAiK3HYnr716BpXjb7J4Fl0O9s7iw1yyxNFMjI0U0Vw7kh425XCkjHJyAcjpVc1zOSsdwltrF88fie/iskTVB5kNxE5TBi2qQQ3OTj19azv7V8VahIF8PJdu98WKqUEiTGMHOQwYfLzg/WvOIrvxLq15oGna1fC3s4J4ygktwipHMwJY7QpIxzX0tZ22nRakdM8IXUDpEhkSOG52ygMfnIJOQcknGaH7pByF9dfY7CTQp57UT3KqJUkikjAk25JG3vnPX0rzfT9I1C6ttRsvD1mzTyMA8azriR1bjarkf5FeiavqEmg313JrStLEXSe3EyC4V5By+4nJzu4OT0zUEGo6Xq019qEkFnZPdpHJELcC3VWRduQAfvHqe+c06d9wOQgsodS1O21jXHu5g0UltcWd1Ax8q4UAA7gAdu45BO4Y4yOcVmj8T+J4Lvw5oOmgX6RbTcQzg7EB2nEbgBeDjOcjqOa9xtNXOtXUV3Z2z2Tas0gU2sn2py0R5ypjOBwRgcYHYYrxGNbnUNX1qNrmNb+7ADB18ptyH5lAUKAcgZwOoqlVGjmhe6ZYy2XhqVhDfW1ukMlzKoikEu0c57HHIzVXSvFthYajLBrllBqVy20p5ygmJk3FmUhTwfbB4rMHh+30rX31jX724jsLgEN9pRpz9oQjChgCfLI4zt7da7jw74Q8VXMC+NfDdvvtxuVJ4tr7lB2uDGx34HIPH41lNm6ZnaZ4j1F7yU6fcvLpLxkMqHzVXdn+FsnHXpzRLM6a3p6Wf2fVtMDBZpXR7WaFDwcBjgkDBUAHOCOOtaPiW18PaRc20Nksa/wBoTL5j6dOYpolyAxeLbtB+bgd8GujfxdD4X0hfBt1cJeQXJl846hbNuAJBifcQM4/hPIG3kCoMzA8Q+NJfD+gpo+lG9a20+UusvlpKz+Y3HbGMk4yO9c1Z+LrqaWKddSiN3JhsXEJjZQ3VSFCjIyOuK5e7v73RVmnsHeQFSjLDPvU9wysSfwAqzofi2DxNcXOp+M7xnnuAomRoSCdmAnMagcAZzx70GtmUrrTTeRajaazp9pDqFq5a1kSQxiRGPTG7nC8jPr9aqf8ACLN4NS48Z6p4PW5tGjjuLcm/SMRgDcWUAtuLbgQCuRwBkmva4tNm8R+LdH1Kys9MvtPG5btLt/LVkIGNvBy4GTjHtxmqvxg8FRWlhFq8GjJJ4etpDbrGLgs0TSsPmVXJIDEY+XPTnFJscXY8W+x+KfGMkPjTRvDZ/s+WaSSTfeIwkG4jYNxRgFwQDj+VeteD/DFrr2ruJ/D3kCCEyPb/AG4nzcEDIYdOT09u1eN2xk1VD4Z8JeHjJCr+adt0se7oHZi5HJGB97pxXZHS9Q0+BvDGn+HQ99Hm4lma7XiFmwFAb5e4HDdskd6mpsa2uek2WsahpWvW0Or6NqOh+HgkkM32S/N3IqEMVOFYnG4LnnHcCt5fi1oV14h0zR/D+tkRSedHc/brT+NhiMu2xRgHjg9yWNeW3ujX3wvv4l1exnsYtXjDownRvmTOfulgeWA5+ldrrHha8m07T/ibJfzfad3lSlrYMqKpPlsQMAg9zjByBUqUQdI2vBel6Z4F8QQz2tnDd6pEkqO9lcF3UsNv+rfaoOMjaQPXrgURaP4l1i6v/EMbfabf940gm/dTGQN8w2jIyOSRn269eJ8G+OpfGXiC5Gq6faSvMVxdWymCVpIlLAjOdzNxjaUA56jitSL4gaxqviOe0u4Va0BDW3msqPEY8b2RlHzk9SrfgQM1aiczTueafEnXBpOoy2CK2bqGNpgoBG4Zxg4/PFeHWVnBNeL4hKiZ4sttccLgY6HPzDrX2b+0R4ktfF8mia2LKA2nkyJHIq7ZTJldzydsMNoA7EHtivkzxj4euPBPiSyt5ZYdStbyFbmRYGYApuIIJ4I9M8fyNYxqNbo3Os0jWdT1wNZ2VyxhtQx2QgodjnJHy4J6cg5x7VoWWy9nhuotJkuPMtzFGss5jKvux5xyDwADxjv1zWY+umbSomsGt/D1s33pIh5dyVUfcM+QTu74wfXIyK5zw3rceteKLS9N5LNDYoUeRUJCoqkKOB/ET35xmumMiHTPcdQF1aX8N3rWmaVHeyWsbBsBSWG4K6kliW7NjGQMDFZHiSbX/DMP9q6jf2wvbtPMEe0SOAGwp+UFcHqP846htX8KeLvECT/2E9tJBbrH+8lLMdmSrFOFwd3GBnFcFrmpeKfE+takieF7WOWzQeUkZEMdqFwqnLttkA4PGMnnpWyZjYUfFy/uNLaDxBrPlyzyA7YrYJkjjO6NOo6nBFdPrfiXR73TZ9FPie6N5IoUSJE7hdwB3dsjHHDZGfTNeeajoXie7+HupanNFax3GlXcLyKzAyAuQmVAyrZ3/wB4dD1Irpvh7oHjPR9YtCYraz1rULwrazO8Z8tfL2ndu3Jtxnjn6ZxQBkaVp0Wpx6doUN1d5iDKXxvBPXgAZIx2zwK57WtA8N+IfE9p4dh+1RXsEZg88jzFlYHK/IMkAZbkbQO/TNe13l/4z8KX2taXfeI9JtrhbpZWeUorb5T87IVAHPG4FWx2xWV4it/F/hoReD9V1m1t7q9nUsfMZpIYnfIKyrj5eDyRwOM4xjmkrm8HY880nwP4ft9buLG+0/U2isIC05tQZJNwwVLKQwCuMjgDJx0Ga3tMGgailq58NXdlaSQtgiRmKr2Khl5PHHzCuiuPEFy8l1pllrzyXtuGjE0GQisPcqu9eOpyDUenXF9qGmp4O8SeJJdiTK9uTDgK8rH5d6AsQCxPP97HQCtIQsrjqO+h1nhcaXrumQ+Fta8PX8NjJ9o/0i1GySTP/LT502fc/wBuvI9VufB+r+V4dg8N3MP9l3Pki/Rm3SorbNkkbpjJPJ6kV9ItbXnhjw1/wjV549eCHzEz5cJfy/8AtsCHSvN57Gx8P6L4xvl16TXbmzillSKGMyxpvlVFuJWO7ayvID1GBnrniSEuhmprFh4b8NyfD631PVrCV5EaFXlJQqG3kFQUIGSSMDnrWrYwCy09Jk1qz1TxEZEltIbkCSbHAYh3bO9QCcckcc88ZEsep6fb2Gu3OtafqdnrMB8q4ZmaWNwASjF1VlKnggnggjgjFc1Y/YdY8QaRpHjfRPtGn26PKt/aOUEpDKxR2UZb0xkEdh3oKuke1ahrslvp76xqks+mmIgyW9yAoldBlTbk8nO3PBOT7dfhXxzqesanq19rF6WcahcPKCTkhS2QD9BgfSvrbV/Efhn4ofEHTngu3vtLtgkK6a+62eNVUqzIw+9g/Me5C7ScdPJPijNp1zr0mlyWYRLBjBC8Q8tJlVmwzqf4ip5/+tXLVVjoo7XOIabSLr4c6RKNu+yu7iMohyzeb8+9h1yCoXr0q2+ua1NPbaWJohcTojx3KAkohGQrAjhuOfes3wJ4ds314XGqFvssEyFoA3yum7nPfAA+tSeIJljtdX0fRrhraAXbksANzRI5CAk8jgipNTcFzbX13HZWUqzai7xwzyEfJkDbn8TSWb2umfEBB4ktjqU1mQyx7z5Z/iTJ9O5HrXl1pZahYQHUXUiztpVdyTtL4YEgEdfrXoFtd6trviG/8Q20H2Wykg37pSBhFUDv06ZBz0pwqGUqdz2mYJrNhC/jnUYdEiubgXtrFEvEsATG1Bn5W+bvnr04rudK8V3V5dXNp4XtJ7XSrKFfs91OiLcGQklxxuVwRzkc8dK+c/DHinw7Nd6THeaKNcmDsAVZlLjkKm0K2c59z7cV3Gk6zBqt4bm2Uw2EcrMLJWIxHuz5QbGQMYGcZ9q6fao53RZ6T8LdOvNU13U7nRbVvEUttbmeCM/uxJcBhhSWOGHI3f72cd67jWY/iBH4H1vVvFuoLotlqykC0svJUPOMrtIHmP8APsAbBOf4m4ro/C/hzXpPBRm0uO28EROS63U85R5Ld13sySDDAnvnsODx8vIeI/Fvw+0zwxZ+BtIjh8QTsryrqBheKWOYjGQxC5BIGASwAGDng1LvJpJERdjirC/tNM8D2+nafp7arLcPyLlARFJzuYEAAjOAAOcdT1Fcr4o8N6v4gbT31jULfRRdK5kSGPD7Rgqsqhk/urtzn8MV2er+H/GMbWNrqVxZW1lNbrNELM5x/vgjcG555xwas3UkmvarNF4L0eXVNRtjHLbTTShDGInGWcFgrDcQOSDj9KlAXtLHj/huXwtqfiLTNCg8Pi6+xTtAdRv55fsg8rJ3sNuyMEjOCSOffjqddsf7Z1a7jgulvl0zLLbW7H7OWzyVmB2ng8Z5xjtmrekvcn+0dY8TayQ+sM7NZ2Mg2gklj5it90ZYjAz9T2z/ABlDo+leHLWPw/aHS4LuNkmkSRmM8ijHIPAzjJxWN7DbuYniDUNGudS0F9MslttMmtgl3DChJ+0gtuUtjnHyjPGRn2x7PZaH4XsPD+k2HiK+GjSPcC4cQxP9pFs24bHZFbDHcD83I4GOMVynwpltl8MSeHdRuIrYzOb0mThn2/KVU9/lCkAc9T649B1GXR/F2uNoWgeHYvt11CQlxcXkgjygJVjlGxjp/MgVoBxHi3SvB0Wky+CNFW/1a5WQ3ct1I0lucIxZU8s8P8uBkelY+s6RrGt6e9v8N/D8mm2upwtK0tydwd48kRLI2ACeBg1b0TxF8Ql12DXfGGoQ6VJpU7xXKiGBjbW2xju4Hzc5GKr2mo+H/EHivV9GfxteyrcXcV9YNbR3KA43NKrQp8ijORkUh2Og1fxR40vPBuh+HtZ1WDwpfWtzE17ZQForto92CwdS/VDu54ORycYrzP4i6R4D8Lahd2R8Uaj4ibVZMg2YAZ9xJYOznbLjK5Ockn7oOcd34c1Tw1rOu32u6pol5e7kMF48gMkkci4AO4tgEBQv3lIz7YrA0nS5vFt/NZWXh+11C60xfOs4bkB5Mhgrl33IDzt4444OcUctyo6HIeF/+EPl0uS48K2V0NRDCKZb0JsEeD8yCLv93OTnNenpp2v3/gW58Ry2kOkXOlxNDa3rLlpbaI5bGQeB8wAxwenevOfE+jvqPjtftOqaf4buIYRDd2cC+THFMnbYHxlgeSD2yM5rrtU+Ivhvw74Z0jwtq2n3d+1vO8M0ayIIH85nYBRlmOQQD8o/HPFeyB1bHP2+p6f8PPhhJPcakL2+1mceRDAc7YnUElg20g4ByRnkrWt4D1TTbDRLnxFofh+fV7rVIzG/9pRKI4OTyhQFtpPJBI4C81ueItG8ea/4i0jR/A2nxWy6dAlzaQP5StEAcMS0nU8Dg9ugrznxrP8A2z4vtH8TePpRCcW10Et5ENqo/wBYu2I4bceOF69adSnoTTZvaJ42uF03X7/XbHT9D1eziWK1lysLyrzlQHJ37duQAcdOKy9R0LxVafDGKbUtdgt9HuWaWxMSpI0xBOR5iASKdzdieCewNcz4t034T31/pmnzNqLxWLMLq5R1PnoSBuSNy2xgASMbcjAYVseIfG/g2PQtJ0Lw/wCHDJa6U6xpcyOVeaFAVAkjAK7mGMtnt71zHWcJpS2HgrRLrw7Hr5nfVp1l8yEM6wJhRnGeMMCSy4Y8Yziu/wBfsW0bwpFoOn+KU1mO9uBOqqSSSowdxJY8khgCcHHTimWXiC0lv7a10zwxFBaFVBt2XzZyH+8WfAynPcf4DmPjUNb0rxLpGmRaDHpcKKXiFuucDaAd7oMHBBwMAjn2rK50HjV5aaRcatifWJrG6sZDuaJGJbaMMFZcYz2/lVCWJhK2u2l0l5bWz4UtkSjPfB5/Ec+1dbbf23qehXmmaFEssly++4QbPnbdwWZ+RjHUkV574he50e5isZLVrAW5AuY1bf5kit8xzyO3GMj3qJGtLqe3aFpmmPo8dvpupTx3UxS4IVsp0AcEKMj06+mc10sfiLV9BvZ/FtxaSajDcQtYsZ2ZsY2sPmySD8vGeOorI+G2v6po3hTWpPDunpJe6lD9lWdyNyW7Z80BSMHIxj5gARnBIArptZMH2pJE162TRWtI2uYI5tsrTKC24w4IB+7kfe/GtYRsctSV2ey6Vba7A0HhuLQ0itNTiSaRHH2iJShBLbcZjKlhyeOeeRWK1re694hv1F/bW9pA6CVoSsypwclhlT1U5FReD5ZL+2h8WahfzyTa7uiV7OT7PcRJGSg+UcMrbRk44wMc1Ss4PC+i6RB4a+yNql1cziFp0zbzFWk5DMBhgAduCcGupSMXY6jw14XL63qviz+04JbXTpQVij+SNooh/rGiYEFXwehJ68+lzXz4716O71rQ9bh1Tw1p8sZFtb7VFsirjLwyAOoALDKk55YYHSt4ivNF8Mamvw+0uCe8do2nK3K+XLDFCNwIYDa6kZ6enPNWfilq3hjTPDq6h4SikhbXoF8+2clWt0SMhmDgYYNnPUnqT6DKpF9DKdSMTznW7nXb5tT0/wAGXtldiIQyeRBJDIjKcZ2rnggjnBX8TgHxrxb4fvb+5D6HJawJIPMZYCUjZh1I2g8nj+ZPWu+sl+H2iuYIdO1G4utYsBcKvlJFLA8SkvLE5KK6tgFcZzjHOcV5J4hFldfZJtHkkeCNScsMNk464wO3auaULndh6llodH4N0zX01Ow0q+sV+1pHLfW8m4DzIujAkZ+bDdDg4xntn5x+Lug77q9uLKYXEZkaYKozsUk/L7heg9hX0H4K8QXWn+LLbVZFWeOS3lt0fdlVJwxH1+XFc14zm8N6xoOrLYaQtvcSITbS+Ywk4YbgQuQcruIXOM+vbCvSTRtCryy5j4Pv43UgSR5YdDWc8Efm5DZzXa63pd1Z3jpIuI3/ANWW4yK5Qku7BQIwvB75NeFWj0PapPm1MxhKGIDBuelSTAGIDG1vWnyEocgdetRSENGAxPHSsnE1T6FZlCIAx3hvXtVmNIjFtJ8sg8+9QtCeNrbUbrn1pbl0jKRHJZe471hLctCs0KII4hvz3PrU5k3xAFVDDj8Ko3CsESVOFPSiVQ2FaTp3FSUR3CkFk8z5OuPeq7lYwFjXg9adKPL2eWPMz60CMkbmcIB2qGdC2InklRQrHZSIFlkXd8vFPKRyOPMVmx0p6lmc4G0Lx7ikMlAdA5U4285qaGb/AEVpZHMnqtQgMsTFsvgdqlQFYd0AwMdO9AiGJiVaQIUI6HpkVWG/b5ztlc4xU9w7lAs7bcdKphwsZAGc1jURcSEqOcDP8qSzd4ZyOCef1pJXfgD5SDUaN8wIIB9TXJVOqlKzO9syfKDdc9RW4pbaDXI2LuoUMetdTBJtKgncDXmVNz3qEtDTQnAqVfmJwOKgUttJA57U5GcDA/GsnsdSRaQHdtzViPABNVUCMQSTmrAAPfFMoee1B5YKvAphI61MgzxQMnQbcc961Ul39TWPt756VdDLkY7UmBtQttUAGu30cRXEZO7nGR+FeeRMHXr04rWtrtrXbsO0A44oTMk9T1zQdQe1eS3k+fzBtFa2n6g9vJOrpjeOM+1eeR3Ej7HRtuw9RXS21/AFxdNlvUdazqU1bQ9OjVseg6drTCVfMHBrtLO/a1lV0fCsd3414fBqStJ+7b5Qe9dto2oiQCK5OUHevHxFD7j28PiD6B1DVtPu7i3mjfAuI1LexosrqEMyRPwD615bZTwvujQ5IPGa3rDd521WwGHP1ry6tKx7dGtfc9dt7wXSbH7Y6+1a2kkDIbhQa8/tpilwIicd8Gu0KtBIkZk+aRdwrhq0j0adW+h20EXnZaHkDrU5ZkURs/P61zNhqZgZo0kyD1rZ81Jo1Yfe9c1xTw9jspzL9uxByxO2tie8iniSONdhTqfWub+0/udpOcd6t20kbqQTlqhR7nbCsatpc5DqecVcCJKoK8GsCJGglLA/KfWrqXXkuGOdtQ4I6Y1TXWRID++PzYqVJAV3qeKx52S6n81T26Vct28tAmM1k6RvGpcna5QZHrVeG5eNiuc57VVuX8o5POapW06yzdcEVlyndSWh19rM7BSwIXPWt5I4wdyGsGK73KqkYxWuoO0Y70GM3qbToFXKjJNYU5beQwxVmPUEUkO2T6VDcOkqblbBPegyp6blccVVeGaUbcDFNlkMbhWO4eoq6j7gCDwaqJupWK6QzpgAcCtGCdk+Vu9NMhCYP51TlJVlOcinYzlK5ozsCDzk+9YN5LIq7VqyZvOl+XOBUZTMhdqVhQ90ILxxAAThhV7zxsBPXGaybgrwE4zUfLDk8iiwSdy+7GRvmb5T2pojRMYHPrVYDcd3pUjzhcAdDU2ITtoWy5KEMeBTLfazEelRyFQoA5zzU9t5S28hPD5rMynOxLlQfrVWe5+XYw5FEk5xn1qhK2csxxQYK97lqGZXIXoTVyWX5gmeFrmlnZZMjkCrsl7G4XPB6VPKOUepoSusn3eNtYt7qLRjyycYp7TIF2b8E1gakInTIbnvVRgZJ2Jkv2uWI6AVj3kxWQDOcmqqTJbkfNxVO4cyOJQTg1fITORtMyhd3pWHd3JkLbTgCie5YINh9jWeXwjO/GaqNM4qkzJ1LUvIjAJOe1cidR8xhLK/yg1qazeIFIIBYDj6Vx6XEalt/RhwK9bDYW54leuP1XUHnnaOM4hda4a+vQmYQ25VqDVNTn88i3P3SQa4e91JonkCHLnnmvo8LgfI+ex+LLsl+YdRVySVQ5K+oqjqeoB5JtRDbExk/wBBXM3GqGWQGU7No+9XCaxrMly8kETkRHqPU17lKio7nz1SpzMl1Xxfql5cPI07YPygf41yc8stxuMxBY96GK9TVdpF6HvTnO5KjYqMhBHcHvSLMgO3uvWpnZAuBjAqg6nkrjnqalA2DyO0hx92oWZmGB09adg5ppODg4HvWyJImjJGKxriZo3x1x2rSnnwfKjPTvWBfuIxvzye9bQRzYh6HP6xe7VKSHLc1ycS+Yx2nGan1C5FxPjdntSQRAEb+p716dJHg15aluO3MZxnODn8KuRxhnLL8v0quq4kG05x0q9bZiLMy71Pr2NdkEcEpF+KUxxA7juU5IokmEi4Py59KcrpcQ+WRskB6juKRYvLAWT5l9R2rrgjnnuMizg4GMdCKmEjM6q5yAKkiVUYsp3L0qGZGEmR+FaIiWxoWC7pMOO/StTxDt+wNG/GBWPbyMkqbevFa+txmS3CykA9ea2JR5cmN5VTWnCX2+o4FUJ08uYnHPX61pWx4EgGTkcVyL4jpfwnW2jJNOqSuQ54Q56Gvpr4X2sl5qVi1xcA3IYFDnGVX19zjj1r5u0izW5vbYbd6yON/sM19ieCvAeh6jpDahp94VmReIyRgMCR83fnHHTHvXsYRanjYw+v7fxJ440OTTk8PC3lgCANcyjcrhThoiwPBBHfH14IryD4pXWkR2sk8Vn9iuJHAuICFaMn7yyIeoJ74GMY4659N8AHQX8KHRtWkezvYCzyO7bhLxw6++0AEe2e5rI+MEWl3+k6X/ZdtGdO2tDJdLFsl3EAKHyAWUAfgSfWvU5LnlRst0fLb6d/b8Mt7aW5NzbJ87KwG5B0OD1Iqrf2en/b4dLLufOUYWUbdjkc9elP1awu4LZbCJCCjZSWMleB16dR6VE8N3d6SPEeo3IvZRMIUHVyVHBbHTHas7Gh638MUsJ5p/DscjW1zFFuhB+ZHKfeUn1xXoGg2+ix67fwWwZUm3OfMbEjyA5KqPTqa850MaJazaYJJX07UJJGCzKxYSnHc9sDiu8sNJ2eKV1CO5kutqM7H7yocEcN7ZrsgcdZHX2jzXzTLqbQte2rL9mRSPli7AdDke9W31e28S6Hd6VPJ52qWbOJJHT54owf+Wb9s4ANY15p4u9YtptHUXECxsbiQ5V2fPRQed3Ssm407VrLXp7v91FYyqCbcHEsqN3bK5znJODXSo9bmNjbfUNEbwx9i02VQLfAu5bkASEEEsqsQTjntjsK8p1e/stOsjeaOTJFG38WcN+fY16JqNva6j4fi1Gylt9QvIpzC+nkbZYQeVcr1ZCOrYABwMk5x5rr/hnWYLG11TVngit5nKi2ib5kIzgHaMchc/eqKkjqprQ2bXxRpMxiivkFu7fc2rkKGHXPaughS0ufMjRhMnUr19s1RMNqmi20F7BAbWSTY525cHGQMipdNsPJ1OO502VIbUqF8s8kjuKwuaGo1/c6ekcFsWaMctF/D04OK5MSQy2/74mCWQSKq424x0we+K9bHh1Lxy1pceVNPATEDyfMHVffivLda+1Sx/Z7vFxb2hysijG3d1yfrXSznIDpN1oLNdX1rv03UbOGZCMPvI6h1J4PPPbGOc5qa+0bRrOVLvw5bvbQ3k6t9kZ/MCh152HA5OOB0GcAADFXNGtNath5FpGLjTLi3dDMw4R26gkd8/gaSRJ7NHvLe55haF9pwRvDYJA+tJRKUytNa6DrSWQ0MPb31vE8cyqmDIQeCyjgsBnJ6+tE1jLo1y+m3wMIjkQlsZO1lHccYwfpVuWddO1aXUoYWguopZPMYrhwZBk5DfXpVC58SahJPdNeObqOSON3LDP3D8uCPw4rOoXcj1Pw9qVhosd3DdRzQ3s80DRHHmKi5KndnBBC88DGQOc8ebeNNIh1Hw9f6vpa/ZpNPhgE0C5czEtgyADG3AG48Y4610N1qgu70WSjb5wJCqctwM12lr4Zg1fR2tkJt7yeGKN8EqJk/iDdcZGefXGeKxZex4R4eTVbjTLe5skZZslDuABcjryfwr3HwjqGq6fpc2pOHMcaqskanjdnqcZ6c1s6loU3h37I11pi21tE37uJCCvTk5XIyeetei6B4MuruCSeGeNUcK4gOcOp55Y8Z6dauNMzqSKOjaV/b2pPqFjstZbhHdlxjzG28BunJ7k12trYap4af+w9TtVNxfQtapIT903WMHdz0PpW34Yt9K0y+Fh4ji+xTrjbKeFKHOTnke3Fa+q6zbNqywXkGNzCeG4kzs8pWKomOnTnNdHKzlON/sa28O23ifR/FkTtfSQC2t1TkbZlbc6scAcbee3Knms6bRtBvtK1AWGnKBZWMNvEFU7pHIOWzjOfXv68V2GpyLokV2Nagju/IIvG2fME3k7U5wevYg+tcd4k1i708RRaI3lCWEXlxGFU7BJ0XnpjHQe1bGRydxcx32jS3EUYeW0kS2SLbmRGRRlhxnnkfhXwr8VrIXep3evohETSMJTjBVwQueOucZPpX2p4e0/UJfENpqLyyJHPN50w/hbBLkH03dB6A1xniTR9HK6vZpZmOXUZbgqv3kHmMdvXnuPWuHH4dTpuLPSwFb2cj8+rm4tpF8t4xgCuWfZCx8oDk+ldtregtpl3NbyEBwT8vpgkc5x3BrhrpNoc5+7X5pXounLlZ9itVdDUuXhJJUEN1qM3PnZD/Kp7VFtBjAyct2qMKM8AVgwLm2NTwOev0q3FJIUAZ8gHoazYyQBhsmrUe4MoY5+tcklqBfG5sMeD7elSAFgYyhPOQT0qgS0ci+Yv0xW7Yz+YFixuOeQfSspLUDKuVZBujbDr0Has46pO+FlUJnrjviu3vraCJN8ilFxnPpXN3qW80AUg4XkEDrSSGU1vLffG0rHbnnb2qaYx3Rwg/dgZBxWW9qmdpOR7cYzVpB9nVQTxjH4VSRZXa2MiMsR3kfnXsHg6FNDtF1GaZZGfH7sGvK41luAWt4yAuckVehuruDAVuB+VJoD1TVNSOpXi3drF5EiABQDnpXM+Mb+2vNIa3vjm6GDHjg5HXNcidd1CJi8cpRhxkVzl1dyXcpd8uxySaIrUDF24znkfzoKgYVRg/SrkigLtHHc1AuEZSCc5yfetAFMdxCFaRG/KrMLuDw5U9ua0jeGSHymw271qkI1EiF/ur1FZsDS/euQJyWBHcda3LbTrBrL7TJgHpj3rNvNRlvLdYIbcIkI4fuawJry4QBSScdB2zUJsdiS5t1WZtpPtioNrAEBhHgZwanSRyQz4BPU1etI7SWTF0wIc449KtIOVmV5kDg+bg7hj8ayp4YhLhB8q9a6zV7PTIo4/sXyt35rlCuSVLZYelVHQizLFjqRs1MboXJ5BNWnvVuyZ5M4JAGazSuD8ykgjIrpNP0VbqEFH4JycjGKcrWuDQllAmG84cOfy96e2kmNlkWXd83UccU27tXspBHuyO2Oas6eHGYyN5k6L6VjNaXMTWmnmWFhDGGIGOOtR6c9xqKvGCY8cZ6AVO/mWx/fIeecin213EkhTB29SMf1rnUUA6fQA0bDzd5A5I71yt5pv2efFqQzdTzyBXcyyMtsWRsK35muPjt5EumkPzM9NXWgD7O9ubCEsg3DPOa2rfxHHeBre7iWILyGPOasRWomj8u5Q4P3l/hAqpLY6fnAjGF+7mobXYB5eGPJt1HluSdx4P4VItje3kAniXCdCT3FUTZXLKPsx3BecDtUsOvalo0DRSxl06bWHrRfsWjC1SxuI2BkQqq98daytjSy7XJwehr0G68RafqkARoDGyL93rzXKzKEZPLXywOTjkmt4PuXEqrHLCwJXp0Peqs829gzHjoPSt8RpOFMLfeGGzWDNtjlKKvPp2rYkRXhHsPUVFsWRyCeTzk02ZWGdpAGM8VWBZcH731oA6W3F7bKLi3AwnU5zWgZxcRubgB2YcmqOl6tA1v5ewox4qO+kVI9wfHpjvSQEM08Noyqn4Y6Vt2d+lzsDABf6+tcZKJJQpbrULhomChih7Ad6pID/0fAfBHw703QLQmKLfdyk77ojLFRg7R2A+ldhbSSa5ritlpQV2KF+bGK2NFuJtVjiyFtbZmwx+6ox19OtVotah8OloNCtlgkZ8q+S2SCOTnPFfq1Omon59VrSlI3vGGu+JrtzHeyNMltDHChkRUSNVJbaqqFXqT2yfen+Fb+2ia11LWpYr/yBJ9nswqt5WTgnB6MSPTpg59NK08U2viyzl0vWbSKMxENKy7lwAcgjOf5muJm1PS9F1aafSo1urNP9VvYbiSOSTjoD0/xrVbkSeh3V54wv9QmGlPbm128/uyVOwdjjsPSsLU9Rtf7Qm129t44xLtjtoXk+6ygDcAMZ6Zx71x8Jmlsprua8ZbqUMcjhwG7CvGNQsJoY54LhnJJJXnd0rTmMqKu7n0KhgfWGl1Nosz7di5yucZ5J5z2xXR6xBpY037VqLoYsbkRPmJZRnkDsfevMfhpZJq/h27F8m64sWXaJTztOeme/Br1jUPC3huz0Ifa3UXccytiJXc7WXJXPTOc1dtQryJofHNxq1hpt3OPPup12NHuVCrA8EBcitzTrvxGujXjXAaaO5mSNmcjefXbk7sDd1xXK2cejzyia1tJpm24VVAUj3OBxxXaWSao5SS3t5LNIkJkWT5T+ZxkD1FbNKxzRRQfzvtE0WqtFZQWqBleVsPJnnHPXjisE+IhEsUE0RmtCcuCM5Hr6Z5qCe28WeNtYltdKtfPe1QEDyzIzLkZ69OTUGsy3ceiefa2xtrJMkuSDJLPgHG307YrOqUTSeNLQzDWdfnN/NZ5it4ZdkbBT3EaBQSe5xnAA9Kisrm/vruCTQo/tck0hktlQrGAygyA5k4+XGfmryi5sNb1GKW9kUreyEZV1K7RgYwpGRx/+ut3RNY1NII57uTyp9CR/KSFDumeVcAtyBgYGTj6A1mjfkSR1XiLW9StbhpvFVp58lywjkzMnysoGP9VkAcYOKyofEtqW02x1uOYxWu/GATuDdBzjPYZzVv8AsWxs7QX/AIsa4ubrV4Umt4Y1jUBn5JkY8+gG0c10em+C59e8Lya3dFbW5EvkwrMWB2Lgkg4+7zgHHNBLPRNJ8MXWo2ra7Mkokii8yxwok+bB+UjcPvdM9R1APSsuNrW38zxLLbSz21/AscA3KnOcNwMkcjjPqTT/AAt4G/4Rpv7Zuo4bV7ZdolE0j+ZuX5jzgD0xjrnFdBaaRbx2U+o7XW0nQrbbI2ZQ56EDA79PWmlcybuc9b3ujAEvpQuY5F2ukk7jI92wT+WKwNR08eHtYs72K4heRW+06eESQqmSGMYLHJ2HHU5IwevTbubPxT4VMupeNZ7vUtM1CN4UjSGG2kSU4KuV4YDAI545zg8CsqfQ9Rh+yeIvEVybmPS4j5VhJOse9XGwMhTOCM5PcgDJOAKAMK81LUbSYXni2BpNPvmdQlvEqsr4+QMWI6465Ne13C/b9L0nxLf2twslj5kUsN1GEfDDCnBxkdCD0+Y14Vf/ANp6hePHc23k2iwrJ5Mt3vj35wHBAwDjPUetd74h0vxF4j0NPF050+306FDHKy3LeYyqdu7HTk8AZ61siqjPZdS8Q3T2FrbQ6fLYReSv2cs0bI8RAwBt6ZHrVTTdQvL+6g0GOynsbCZmlUxrGQHUdSRkg/zryLT7Xw9r2q23hfT9K0zVRGi+S91dllHy/M/lqfmI545PGa7rWtC8O+ELJdKstGtH0+/Qnal+4HnRsd+xMknacdCCcYqeU5+UreI9Tn1fW5bJkvXR5hbuEhRkMiEBSxAOMnHTHboKZDoXhfw/p10l5fqniKSZYtjwyFEhkC91GzjO48k8YrornSm8N6dbSaBp5jhvR5xPn7jG5A7MzHpjp0xXEabL4zutfOtafcyK5ZopJmRZgrqv3QHB7Hr6VUpaaDSM3UvhF4S8LaZcjXJbe6v94ktGjlkhZ4+OChwOuc/e+taWv2Piax1NfA+h6IsM8sKyxz2txviMark5JC4GQyncc5weQa1bOe613VbWfxPrEGpW1tcCGZZ7VYTHuYb+gzwB17evWs3x+I9C1uC40rTJPsNhIFme0uNsohLY/djqDzwemeCR1qIzfUc2dnL8W9f8TaPp0d5Otpdaco0+4jaENGzIArOQF+UkjlRgDpz1rnNXsPDfhpE1CS10+8MjeRcRo+yQRtypRV5HPJwM9O/I89tYrPw4dUul8QXF7bXkolg+0QuzZJJbkjO7nkkDOM11wutOngv9TuIYb+P7J5lvLcjYN4Gc7GHH5Z4461uqUUtDDnOe8OfD650a11PxheaXLb2dlMDHDbTpKirIxCrhmLNtyqgnBOfqa6LwdZ2Hju9nW4v3sBY/vPJvLQP5idWA2sAen3eT3AxmszS7K6vW02/eKO40q/Vw6wXLKjOgIGQuOVPIHtXTxape3P8AZ2g2X2/TTYPJGz2qh1YSEbHkcg7QOeNuMHrWiRLlcw9e8F6Sl/LaeHtTtpBcN562/wBlMauVH3c5+XIXpjmu18E6ZourvN4Zm0yC7vtRBxCbgxrE8Ssx2bRkkYzgcjFc82peNPBV1HNp3iHT7m8gcHN1CsbhiOVA5LAqTz1qlrd94q8RWGqX10vh06qGWR0ikMFzJvIO5S5I6Z69cGsakWXTTKv/AAg//CMCbUI5Jraa+kbzLGNftBTbkht3XgnGDn3NY2saDfDRpfElzrcN/FasqvbeT5M8auwAIxweT34wDz1FWPBkmoata6lqBs5oZ7NPlZJPM3EAlucAHoO5+tcjca74j1bxE/h2G4S3jmhEsqXMPzSledgyM8jH4Z/HBI6W11PpfwXNqOtwWP8Awj7Ollp4CSyJIkskmV4A3g+/QEDI6cVe8Vx+G/h8q69BcNNrBTaq3UD+UA5AbJQLyFzzuGf0rwD/AITuPwjoU2hW1lbq2qkxypby+W4GMcjBAyOORzXsmim6s/B3ha+lnuLW3mSWGaCZjcCOVS2w4UZIYg4/2cdBVOm7XImzjNetZtHtb3VNcVI72dgywwPhNrHnAYkk9c81R8C+GNb8Xx3Gs6bfQJDp7KJbW8R48o+QGDorjtnBH413HiG28O+Iza2fiSxhv7xo/Kt5rSV7eRQoJPyfKCcDOCPwrc1HxnfeGItLt9K1bzbS8zbmHUrVWG+MAAF1Azw4IINNSfLZGZVjtLLwNYT3ehI8s9rOJZb7TpRM0azKYtpQnABJxkjI9a0td8G6dpmkas91K82v3hgu7eS6idHw7ZkJfH8QPOcYIPet5ZtO8G6rb6lfQxprF/G0U8OnsMEkhlJjdgRyvPvnqazbz4g6zp4il1LV5Y9JuEmgMF5CpJJGCu/YSQAf7xAHHpjBp3uMqaL4WubvwyTrNo9lcpytyswmhuEkORuXBC4U4wMHqTxxWDd3epaJps2h+FoXntIpRuFg7QSKW+UuUUfMD3I9PSumg1mK80jS9JvLdRbSGWJNQ02cyR/eJztUEcdCCeSD9Kq6z8Qn1bXbfwesdvqd1YwPDHexMsMzMU3nzEA25THqBlT3p3YHlFhpd5ply+l6vdxaveeYrRySwiGSLzACV3lmznOc5zn9JteW/wD7ZjuL/MkFmqxzbv3gjjfJT5ep5Y9BXfW2qafY6HfytfGe5uoVD6bewne7oeGSfgdSSvHHfJAI86t20/x34kn8PXdpf+HJZ7ZiLyxnMsHmREMvnDaPl6rxj5iBnnIZrE85Hg268Sa48ejRW+owrJuaMsbeaPqynDFQR+PY5ArmV8HeM4tSk025tpLNtQWXyHjUToWhw21jEWKcHr19B1r0zT9Ln1jW4dAt/E9sVmDtJLc2/kfNGpOwMSMk4wK9X8dRW3w/+H8WoaFFfafqWrRkYtW89MQkbnw3zDcCBkE4DZHIoNvaHA+CNLfT/BcaajrViNRupxcJayNtnUjCMrFsdduQMfic8XfEHimG51Wfwbp3hi3vproGLIu2bDBRID0GCvB69RXM+FPEFjdadeazrVxYanOtsZbOO9ZYisqnDAggA556nJxxjOa57w8lrZTyS3/hSDUbqG4edWS9aBgsgG1M5IIQjIJ/+vVNWJWp0WlaFZ6fd/Z9H0WCHVL7zbdrc3jI0pP30VmYjnGeM+3anxeHE8P2c+q6toWLu3nMHlG7/dtn+MEbjkNhe4OcjPa3Z+FjDquq6v4l8EhmmcT2sX9oE+UMtu5Qtu9MnHt3rqtR8OaP4r8XDW9W8AXdlZX9qk0f2eeWTfMvIJf5BlhgBc8ADjByOeo7mkGkzXk0nwtf6Vq1/wCKNCa5vNF2TRBJ3Bw/RNqkKMFeuMnPtWRoOuy+O/7YkitNe021s0iuEt/LaWInnpjKkZXOBjrnnFcf4x13QNc1Kx0rxR4JvNIt9Qh8mJ45XMw2ZywDxqHGWweMgetULbxzd+Erew8FaL4nvtOsraRgLqVB5kKMfkjKxjLRjPfp7AADCMTedREPxY8nxNDYWHw11C3e/lVp7uz8r7NOZFA5DnarvjJOCRgE7uleWHVrfTfBUN9Ncyx6usAlCuhljclsEZB+U4Gef519F6l4F8Z+F7a8v7m30rXrhGaS3v1QLMnynqMLjLc5Vj369uU+Fmh6p4H0ybxBqN+ttpOpW8lte2V9bkxsnzKm1yeQ27IGNpDEEE4I7kjinIwvD8mreLPBUKXoeR1RpF3DaFQn5QpPUEAMOSefSvHtc1drrX7B5VaWHm3lPP8Aq88/l1r3zSLfXbjVNO0PSUks9E8+3EUMvyNJbllDYOBuXZnuQBj0zXE+P9Ps/DfxMbTdahGn6a/lSFoAGJideT8o+8WBHIz7dzjVjbUqLOOhDzq9lpmmJqEkcgW3kkOERpMADacAn8R610vhOwsRqJ8J61qNr4eNgr4mig3GeVmDbZSCBwCfmOMAYPNVI9R0q8+w2VxcmLToZVkEY+VSQRwxxxkce1QXFxLovjf7b4T0aFQsw8sXTmWLLKFJIY5I3EsMNkGnCVzRM6DULDwtaeJ5daj1DUtX09dPeCS78hxBBdbl8sptx8pwcZ6lgORzXDaxquialqk1/byXH2RoVRopuSGXjIIZsdBznrntXo+n+KPFuq3eoWWrNaW73mF+zW3ypKI8kOQ2SD3IU9snpWhbw3V7cQ6NpOtWU8moxCO4NuwcbMNne23qFJGMg1smZyPP/D03hXVX8y+s7yCKFkYxQt5iOD1DO2CuenHPvXo0njDw4txqF1eaPcxvYFWgG4ugOMFWZsYz34bg+1X7TQxqjf2ZN4jtbDTLKIeTK0BgS4wcE5zjd3OTz19TWZ8SdS8KavaW9jb61cSOluqZeNg0hVgXIcIF5A7gdTRKtYaicp4t1WfU/Ceo+K7Xw+lnaRvAoCtgAsVG8g4yrHjgfyJrD8LeINT0uy1PUV0izn1tRHNYzTyhfITo4EB+WT5enzAqeQScV53rHiSz1u5uYzNOLPSbdYrWLBBl4CkseB1xnPbkDtXZaL4e8BeIIn1Ce51KxeztFkk8xPtEayDA2LsQts5YjOOPTnEKaexajY6GC78XadFda3rQsbL+0SZdshVJSx53RIDgrzznP0r0fRfFV5LYTaprX9nzajaqJ7T7SI0ZyOVIVQM7fYDp2615VYx/DPVdds7660XV5dsGJIIWEnmOq4G0A7go68EfTFeg2eqfDrxTdx3UPh+9tIrVT54tdrgxouFJUnaM4AJ/Ek1spdjJnrMPifWbrwbc6t4q0nTnuLiNLiyAIiEzAEq2NzbsDGF45rjvCuoeK9U8R3Gna9odnFpXiu0kt5RFI0MUvl5bBkUuc43cbRz0rn/FFv4P8VajpGs+E9Fu9MMX7uaDcrwyrGeCignDsM7tuBmujbUPBjW1p4cXTb29SyugyEkMzzdAnkELjaxwMEe9ZMkW18IeJ9f1Sy0/XPDUUWh6f58QtLKQoYSoIXzJd2HPQ7lOWPJAJxXlWr2bWusWPgd7260S288MmoOC4UFW+baCoPzYUkEAdSQOnufgTVdH8F6BdeE7+S+j1bUrpGLSIVXBIWMFC/y56HAOc8nAAGf4nhn0GxvvtOpR3JvHzaW78uSTnGPRenp24JAoDmPFvFeg6j8N9F+wpcWGo6/c3LKbq3+aaOLBZZSnBRhwB1Geeasa/r+u6l8NI7rUYLdnUxh7gDE0kiMBv29FJ6H6nGAcDq9O8BeJx4nbX/HtwPDN+iCQ3cUQvLaRNpXJKOVRlCgEHnvx1qh4T0FvGnjLW59SkilsbGGUhmjxFdIjFFdQSQC3Dd+PzrKstDWnO+h8t2GqzaprTaW0jiNJFLbGwXCnLYPY9gK2tS1nS9UuLzS9OhktreRNwaU5dmXHUc968ttraCLxL9otZzGqXCtEY/mO/OeeucHg1pa1q7Ncbo1CSAurMeDuzzn055rhcz0YwZ2sWqTXmjy6TNIpMZUhV64X+fOD9a9P1yXT/GXiGT7XYt4T05rONfscYKiYRsSDjZGMYbj5T93qeteH6AY9MksdVvEFzciVjJDngxOpCt7HJzXtHjuGbw5Lo97q2opqF/OriS3Q82cWd0YJ5JB3HGQOQetQ53Bo9x+BelxW3ibSrfw3ocBtYpHWW7uf+PiT5fmELkY37cnaOCAehPOdrPh/wL4Zvr7w94XvLrXfFZupCqoQ0sLxtlkdBtD5+bJCnp0FcDbeJJNV07StS1m5eLRbJ9wt4QuM9AwHAJJ7seASBwSKxLnxHoNn421Caxb+x/KYSwXo3Rushxj7oyoOSc5xgehGNYqwj6J8W34ufCOgH4rfb7e4MjqkFqVG2McgbZDhCRgHABHcDpXoph+IeuR+HPD3gK2bT/CNvCJrS7uFh82VS37zscnksFYDJzkjAA4S7+Jvh+5+GujTWmkv441zSpfMkuzHI62079DI8akOp4CjIHHUcVg2Gra3a+Il1Dx54gEGjETzLpqzSiJS6t8scCttATcSCM4wMnvW0KrOKrSNzXNG0zwjda/cQaq3iDUJDulaKIQI0o4KnbkZU5yRx2x1rLh1nUbnwpYXD3a6VbF5jLkfvHgkfG0NjJBHIxjOeTgCvN9Y+Itl4s1SXw/8M9Nubh4pI1jfychx1Y+XjOOvUdOT1r3PxJ4a0DSo/Cem+OUuVuLxJDNBZOpQsF5KO2MKHKgBjnBPvW8aje5zqmzA8IwRvrY0bwtbwahZWpe6utRMBSUQnOY0Z+RjIUZ64z0zmTWNR8PX2o6Mstsby2t7mXfHNGEjYONoZ87uVyCBjtXTtezWNpc+V+60rwnD+4tp3EcjI4JAZlB3MdvfqcD0FczoOsWvii1vmmVre5upWeJBjBBHRCOcjBzwP54qwKBZ0uTQPCtte6tZw/a9RWaRrPADRQRuMBOGyQDnPXjpg5rkPFevvJ4Y1STxhrraPeasirZCGCN/N3gli6KoYLgAZBGN3XPBm1jStFsNYsbu4vo9L0y4QJ5cTu9xJIM7jsIOME44JHHqa5PxVYaff+NrTw3pujPra6asNw8kyyIzqzZdAu3OCu3kjuePVTLpR1KGkX/gGwsbyFbCbxFY3tvDHcwSeZbMJE4MgdQMq/J25PJ68YrovDPjIaB4fmvrHw5FpEmn2syadeEl5kWPLHDOh3Lk4wMYPXNZviK41CXWLTRPBumx6Zb3w2NaowZd6ZJbLgbeOwwOK5v4pxaE2haJ4V1HWZZ9asZHe6jiUNHCH6qGPIYEAAHPHJxwKjlOuFjZg8TarFrUOq+L/EL2+geJbQzTLAoeVZCu9HeNVDBckqNuQDkY4rm/B+m+DPB/iKPxUfEs+oW9kXlMUUEsMs64O3DscBt2DnoDjkdRxfiCXwr4X8PQ6Pb2U95f3aF45puBsyBhWxhj9AfSvUPCF/Fb+G7fVbHR/wCzdQtIYw9y8nmffHz7opFI6nBPbHpRZhUgmd1/wi2leNtWm8Y6NaO7awI7pY5Z9zD92oDMTyTwOMnk45rrNHl8Xy3x1PUry08O6aICk97NFFKDIvEeBywO5hg5UAZ56VwviLxvoaeAo/B2q6r9nmtnR4olgZ0ZQ2S25FON2WyCf5iszwzPo1t4SnstA0yXxAdallZWYyQGPyQrBI8phsYJ7dOc9tot21OZ0zy+Oa30fxne+J7XVV1BBvj8yON43PmP/rEHUV3fw/s/hrJo3iXVfFNpd32rWU/n2MUUibPLA3IzxsylwG4b7w6ggZr2zwzpqXHgTT08GaFFZXHiaRoLj7YPOdJpcoh3Mc7lK/KcAZ5KjmvANd8CeMPDOn2Z10Wmk66sjrNDkJNJGxHO5AVdcYOcAc1jVbNYJJHSaZdeIfEOqSeNLvQ7YaVqllJYzXBi22tu6EZMhyecYUdARwMYrzvwJdfELT9QuTpeo28lrps7QTENHIhijbPTaGZG2gDBDYOeMV7Drnhi18I+HrjwHf679uivU+0q+mz7rd3JKjepwMHZgkA8D8a2tC8BfCbw7Zr4rg0efVTqjCAw3EkkP2ZkyWMciZB3YH8RP8qyKZ4bp0Gm67411DxMniL+y7lJZrgxxEo8qL8xSMMQOnAXk8cDjI2PGVpBrn2rx2viSa7jtvL+0WotyCoG2MbuQMYxyBj8iB6Vrdr4Sm8LXPiDwz4UEfiBpBETM5kQwhSNx3tuDjA6Yz688eSa5rmvaH4DXQv+EWOktqqmG6u51YyzBsbtqsFKDGMDke2cmuaaN4yueP21ro0lhquow+b9qTJVf7jMflb8/rXm+/7PA+lyyC7nc/eJyVB+vT8TXvGmuvhp2hvbGO7jLZaOU7NxUZ5PJI9sGvDzLceLvGt/q9haxafaoGdY4fuJg4XC9yRSib0+p9JeBW0fRNOOm+J7iRhJC3l2sR2SqztxtYYHA5wT17VeGhaVcwnS9O0+a7a/cJHHONske4jYfMBGe3cfWs208B+IfEWlWF3pkPm3+Ymlm3AKExnkHoRxkAV6fZ6lq2n6M2pTeKLeFIW+zsYYknXPAAHGd2RkDGa7oxPKm9SfwFbeL9Jv7zw++miOx8OxrtWcbokWZSxDzR5UKQeDknrzWT4HvfEupXuqf8JDcafHo9v5rQx3DR+UzgjaqyqCQwyDk5JGeK6LwvqXh/UrTVPClvql5LrE0YlEkRfy7uIk7xOGJIKg7QMjg1n+Z4KuEfQJrK9tzDNvkFuEUFkyrq6ydT2xtBOKvXsVTOr8D2+tX8EfjjxZqKRGG3nt7N7hVNqqNJgISmXC7s8ljgcd81y3hi31+38Yp/amsrZ2ENpJsuHcTWi/Njyl3MNik/NnggDHvV/VLvwxaX0fhC3trqSzhkjlD23CebMAAxhIzkdOBkdMc4rJ8Qz6BoNpp3h67tZ7qawmDT3KEoNkpMgjMbscnBHGBjGO+2odQapJluy0XxhcaAvxHubi0ntLa8lshBJGvkRQyYXfuBVyu4KBjPGCT1FfPXxKvbbRPEUmgW1jDaIyqQkBZo0JXPylgDg9ee5r2vW9cttHmbwU06rpsk8Uk0iIQWRyCVI5PAwcY7V4R8QP7L0fxbcW9lbNd6e52w7wVypUbgGwDnPAPXpXPKVzppxsrGfpvg+11ZrtrHU/IsdnnQiZcl7g8FMDGOgy2O469a6vV9J8VaTpmj6FqccKWGrMrRINp8uTgscgbgSD+RweeKyrXVPBMejXyWi3dpfO4e1gLK6dACGPLZ4OPcg+or1fxrLd6poHhyS0t47m6eOOeSRBta1Oxcpgk4yThs916embldMe+h8S/FbQzpeo3AUkMo2mEndsc/NkezA5H4189z71JedcZ7Cvuvxdo+l+KtTvdPe2Z9WSJS8xcrtxxuwpIOPcV8e+LfDs2gTtC8i3JcsPl/hZTg+30rxK+rPYwjcY2OMuIt0SuPlFVJNygEDoOuKtSMdwWRmJHUEYxVaYSluPuCuaZ6EWVXEbjLnI71K0jHlOqjrTPPgiY5TeemDVX947AodoB5FcbNAmYtKDuyD1HvUVwVRgkkZJHKmnRlFuSoTJPH40y681n2SHAHf2pNDHMAyhVfaTUQCyyr533M8/hUUZVZQwGQatcs4z8uetQ0bI0TcN5qoigKvf1FTvaxy7pc896y2UZOx9xFWYpyFZAPmA4J70gC3m8qNgy89Oe4qeSJpId+QhPbPaqJExi2TEEHkYppRECmQlgfu0ARTYDBZOT2pJnRohtTbjv71bmCjbhQ3pWbfEA7c43DkVElYuLIpIW3qk2PXNV5lTcBEOO9OkO4BGBOBxTjAwVW46dK5Zq5vA17SRjGCTnBrqbM+bEcnp0xXD2NwschifjPSuss7jyhtHOa86vE9XDTOngdinPBFTsOQ2cZ9KpRuVYN61dJGR/OuU9aEiwmM59eKmVhgNjNUyxAx3qYNwFFBSZKCzE7hirURBBJ7cYqq5OQnQmpIpG38dKBl4DvTulMGSRipj6GgTJ4X2HDcZrQRgT1z6VkY+XJ5zVpWIK47cUmM7LRLxE863uT94ZQ+9aKuzHDVxSSyI4YcYrct73eORjHeiSBSsdIhJUqjYJrqrLUI5oIWi+SSM7WHY1wsbh+EPPer8UjRZx0bqKzlSTR6NCtY9ds75niDQ4DbvWuvtrqWGNLlXy1eFadcSRMTuIXqa7KHWfNZIMgKBXnYih0Paw+J6HtNrqyTlLqQgOnYGunuNZmnuFnJzuXFeJwXZSMFRj3zWxb6nIuxo2zt9a8udC57VGoeuafqAa4G99okOME9DXYxal9nXYzh1PvXhh1eMnkfNj6c1atPEAAMfDsehzXJVw7e56EKqPclv1lyE6devFbein7RIR5m1j69K8l0q/WaMsfkf610kOq3Fvyvfrg1wzw+p20pnpcs7I+Ac49ai843DbVbiuEk8QH5fmyTxVzTtVBmZmcYqHTOmmegRxGACUnIxV2CZnBcdK5yTUklCoucDvWnbSpJGSh+6OazcTWLZpm1a9BA4K1VtbRYp8t2NOg1OKMEAgEcGpUlglLOp5rmnE6qdaVjeJAX5RzVqK8ZRiTtWAtwVAwciplnWVsA9ax5TT2hcJ3EuD1qMSyMdvOKeqcYJNLcskSLsPXrT5UV7UYzjGOprTtMvGPasZWEinY2DUkNxJA+GPWjlQ+dGhPNyQDjBrStTDcQqG5rnZ5BLk/dqfTrzyQU2596pRM5zRr3CQwONvGaxri72uy/qKkld7jOTyTVBoSvB5q1GxcJInSQNhicgVCXYyZU8Godh5UEirEIGMtnik6YpPsWkHyndyajLKT9Ka82D028VkT3mwts5NZNWMXLub2QBk9BUE07BMLxmueN7OyYBq3aSyzL+8P3ankIkzVgcsmGOSKrXJIyNucmmmQodwPFRT3SPznGKr2Rh7WzsVZJvnEYGNo61WecHO5uaqXVwM5GfwrGvLrYp7hR2p+yBzJr7UVtsnOapfbpJrdppPwFcs8zT3G4nK+lV7nUTHIIU/wBX3raNEzlUXUvXV0wm8mQHJGcVYtZpXwG+UGso3G8/O+c9PWnyTCCMbs5zxVKlbQ5Ks/M2nQsMKeR1570t1Cfs7s5ACLnJrDsrvbIWB3Z5IJ/Ok8Ua7bx2Zt4SA8icf1roo4dykkeXicTyo4meWO6gnmZwJUBAx6V5Zf6nIilkkO5ew9aJtXltWmgD43ZH5VyZnMxKOcbjxX1OFwfKfM4zGPoX21DNozPwcEn1rgLq6jlmZwwLYzir/ifUmsbMIdoMuQMnn3xXll5rAFuqwsVYHP8A9avbo07LU+frVZTZJrurSMxiQbSK5vzWZMt171HcXBuZvNc8kVX8wb9v8NEpGUYWJRKcnnpTgd3BFRArnC55oB4ycVmWNkwnvmq0jZXaODUxzywxxVSRgpB7GtIxAa0mMCoWJJJpzdRUEzqgyT+daGVQy55GjZiox7muR1W7kwyZ7cfWt66nUlsMcYrhNSu0DbAc5rtow0PKxNQoKAW9zV5Q5Prx9KpbSMMOg5q7GVfPPB459a7qaPJql2EgYVgSw9KtlzjKfL2OabaM4Csq/dq27wyzB58gMcYFd1OOpw1nqVx+7UbvvHnNTRSyhTGfunmnzQkgyIMxpxmo4RuJXJYCtkZyZYto5kPX921a/kBlG48DpUMDxgKQfkHUVd82InaDwOlamDM/THeTUFQpwjcg1qeJSWiYqfmzxTrXKXW8ph15yO9Z+uyhrh95wAOB7mtl8JSOH3Nv6/jWlal9oHQE9ayTIVfHYt+VbFhh3JHANcy3OipsezeAtEv9V1C3h00LvQGRt5wGQYyB1yTngfjX0vHYajolmurrE1pFIfL2uCNx6njjP1ryD4O2FrNrtr516be5Ekf2VFGTLJ02nqMeo7+tfUPj6x1iHSrKS+nFzFOMsuApglXkggcHjo3f04593Bx0ufO4ltyseyfBmSDXYb268QWXnQWqxCPbnO6QHBwCMjgg5o+KF1Zf2RHpslm2nPBckxxqMpIojYbeMYY5B7VxHw28QaloHi/SLywvYkGo2HkNjayjjdghuA25QAevOK3fFWsXWpXmoafZmHUbwTl2lc5MbnqBztyv3eDx0x2HonG17x4Xq2jxtdWHnNIFuGIAhG4qOOBmixstJ0JL/SAqT290oby5vlZnTtxjHXrVzxqmo+Eri2tNQuPNklxcw3MP3eSQQemOc8VheGtai8RTyQxRRS3bqcNccOpxkkevGag1OhvNItrjSotS0SNrO7splPlyP5ixqQeYyw5yfz5pbDxPqNpcWLanJJDHG+He3OGlAPdeOvQ449u1dvZeH9O8WaEsei3v2O7ijIwxJV5U6k9wGPp0644rzh4riP7Jezv9jvIrgR3Eqr5ixrkqWC85wOcDrjitITMqque9XWm28Go2N7YMbi6mUldpI24+bJHTIz/9avPbjUNSn8QExLJe3coAnlPyuoQ4KryBkDt+ldVrl9aQ6LYlrvYpKtb3sORIxZcjcFweR1GPwrjfGk1trX9kapdXpgMbMnmQ/KzZ/ibgknjmqczFQLFvcGa7229pLawz7kfUI5iCVxyDHjAzwDWDrFtodpaPDpzu06thpDyG59fUfSsfV4ra4tFjudTuIbpELRQx58qQgnBZfU+tV7eDVh5FnrloswuvlQoSWxjPzY9KiTOiMT1i10+OaysrO5zMl3EpjlTqjsvXHTI+tWrbQEsmk0u2ujNLEplR3AUMR2GOnT3rhfDviCS0hutCJaBfM8tR1AU8ZzXTa5o8OlMt1oOryywQgmNXXO9mPzLu44HYYq4AoWdzpPDOt6gktpdzE/Z4LpUdu6qcb8fga637Ho1zBcyxORAlzNbtGeCYXB2MPpXnWnyKkCfKQs5DnnjcRya6C8UGO6jtyZonhWUnOCjrjdXRSOX2ZTjk1fRdLjKBhZyStDkfdLAE468EgfjUL6Na3tjdahBOVnSEuq5G1iOSMY69h711bXktnaaho+pxrNaPBDeQgYJkjY7XOQeoIG3gHgnPSprjw7oZsDeaMotnSXOWZ8NGwPBDE4P+FbE3sc9f6hpt/odwuvskWpI8MrTYAldQu0gHvjrjpXlemMLOw1P7TNJNFKhMQdDuJByPp9OlekXeixXd213PIo3qqlDxnaMcVhz2GpeG5DcWKJeCYSRtEw/eouMqQvoRXLVNqZD4O8JaRrsk2rxlYJ4Y5GVW+XzJFx8oJI6g5/pX0L8PrSC7V01vSVW2t4hGs3ljMb/wkjGTkfy718V33iS2vX+z8WjB8BRwCfcV7v4I+KHjTwppMyakj6tp0jDyzI+JI3J5JYqzFSOMH8D2rFqwTjc9Q1JVu724ttF1D7QbaRhsZeDtOAcHpxnjFNTXWvNOntjbGG9ZSijdgH1JPYg54xXneka/pviWW/vbe5+zai88kzj7u0HkAf4V6toXh46joz3dncebeRpukEvyn5Rljn364rSmc7I7SK9RoF1e5+2raRCfL/MiKpB8sk5J+nPFZF1Fdm5m1i9vC1oshnNuMsqknKxrnoOg7Vp6Za6jfymxtWwhGJbeRR1bhSTjIreufCmlQ2DXkF/sS0uBDLFKMCS44+ROOeucc8V18xhYxLSDTL6XcXkjW5G+5j6q69QoB/rUmo+Frxro7otsd8m8sDuZYlHAb0OB3qt4iutAtXjn0eUw3duivcBz8srg5woz19ccU/Uda14aZZQWcogu9REdzIUwyG2YEBRuDYORz3pj+E8+u9OvVguY9HLma6mMESA4IhzznJHUcZrm/FWja1oEdtquqj/QEkFukoKlkYAnDKDnHB556V6xe6va5n8RXluI5jE1uV5GxR/y0PB5ArzvxQ+g3vh5ZW1N3gZwEhkz/rMEkkcdMdcUpq6sbwlrc+T/AIz+F01KKPXNHkGScyptA+8OWB9yATweSTmvlK8geJm3Lkk9PUV993OiWWt6bPbzg4ZSoI/h9G/CviHxNZXGm6nc2NzGYzbSFCPTFfE59gbfvIn0+XYq8XF9DlQhUkkYz+n0qvIuQSBjNWz83Vt2T19KRTlgBwDXy1j1SrbK2SpBY+lXjHLGSzLj0qxby+TIS69O9WpZY5YygPPrWE4AUo325L/MAM/StKyuFXbJEnXGT61QKhVx13DBq1YsLYpnlQc4NYz0A6bUJZLq38rbjiufFr5g8sfKB1GfSunnk8y1LxrnPPHauekjcoSODzUDRz1zAUuWHAz92mxr5s4jD7Sxwc0SrNcfvGH+rbrVdwFfKjdg5zVlnUx28togjhIbPftUKLEx/eYzn1rPt76SIhkO72NK8nmyF246k9qgCTUdOtgv7uQ5HOB3rk5NkJIPY+tdPLMIUQzHcBzXO3nlSuzQ4UHmrSApqxJyejVImxwWwcj2qPJTjFSK7bipJANADwdpBxnb/Kr8RgcAM3zk9CO1Zh2gkkY7Zqe3mWNtzcntUAbkVytt8rxhQQQfcVlNDHM5ZeMdu1bMtoxsWuZV44xnrWIuOnp0oAbKEjwD1rLlZC2187QetXrmOf8A1qoNg/irJBLgbuWPoaANww6dNbEqxlfsvQCqAtmROPu/lU0L2piyxKsDggConfLEKcjtmgzIgrMQc5HTNWxczwxFUkZAP4R3qOIojZc9Oa6C3srG6yzyYJHQ8YoAo28/nxM0r48vueefakEkkR823kw4/P8ACq08MUUzorAqhxkUpJVWYn3GRzS3A3LXVNTvleCXMiqOTtqQNHH8rHDkdKxtITVpJGltlPljr7it1ryFt0Uq/Og5yOlQ1Z2Gh0sbqI2DbsjgZ6U/TbiGC8E13GSI+QD3NZSOwbckmB0FaMMFzIxREMpAyxHWs5+Yj0FtRtNTj81Fw2ORjGKy7rT7d4SjLguPpiuIWe8ilLRsyMOMEYx9a0F1x4J4xeFihxk4rH0A6/w/bWmmyMs0gLy9CxwBU99Y20kjthJ1ccbeQKwrlbO8YE3GUHIycYNVrSG6siTBN1PUGluyUypqWh21vE10G8snnaPb2rmTMmwjknqAcc13U8Ut8Wa7ODjGc1xF3BHY3LGXJROCcV00mULZSXQIY7QrHoe1Nkt8zsX+bB/nTFli4MB+Vz3qnO9y87MDgjgGtgFn8sLuAxjjPtUENo9xJ+6w+0BttWW3Mo8wduataddW9hMJpGwVGBj+tAEkjRWzKtygVh04qjO8c43ICAeinsBXVSX2jyaeyXH7+WQnHHKiuNe68o7UGQvT1xSSA0dG07+0pZl3bRFg4PXn0p97oN1byfI24HoR2qpa3HkMbgPsLetacOovv3SHeh5oQH//0uDurbULuTejx2S2+N0ZO1MeigZzS2dzb6fqsVvcp5rXW1Y2C8fMeaWyhv4rRRqkLkx8ySOw3Bc9x64q9qOv+FCqaibdgNP2tG5G3cw6HAPJz61+tLY/O3ud5c3HhjRP7RAsRE1xCBLNKcAgDjHtXz14Xk/tBL3UoLITxvJ5UJ4JwPw9MU3WPGX9t6e/9tZiNwdis5OMHnjjpjNYzGeN3sNHvMWkRDLsbABPXp3qkJxO0g07VZXVzGPPJEcKAknk9x0xXS6r4RbxJJZaPaX0FrNBxJNJ/q1fHI3detZ15rsekGCbSLpbi4AC7yO/AJwfWvTfD+jWutWn2t28m4tojKyKMZIPfPqasyfumF4T+Hd14U1tBfXIu7SYFbhoyQBt5GN2OprrrW4F7rUviGFpTZaJMhKFgpkUkjHPXOCPxrobXU9MgiiutccC1bIPy5LMuSqke+O1dOuiaH4olTU9WtBZLrMI8kW6pGyvGQVxkcZA5471UY6HPOVy54lsdN0HT7zUdAsnW8kCMixRs5IdhkknIAwfWvJpF1W5ufst7crPfXJHlqhaRh6qQAcV6hoa39heC11O6k8uy/ciKeRRCVHygkLgEjv9K5260+7sdXurxriCSS7mLQtbDaFBzxkenTiiDad2KBjJfy2d1FpMl1caRdR7Yp54nKui/wCyEOTnv6V0OjfDrSPEVpceHm1C7NtaMtws0cQQumRuALggH0yODzWRcJf2EN1JBEsd1dMqySnDybT6E+vQ/nVzWfGHimExeFdI0wCazgiMlwX8xnXYCQsaqMN/wI8VVR8xZ2mp6Voei6aLy10tGtbmNrd5mO+d1YYwzYBXPYKcZ544A8Y8OeD/AA3eNc668EwMBeP7O0oRX2gYJ2gHOPekv9U1TUrRdG0O5lS3RTPI9zugt0cdVy3UjucY960PAU93q+pzeKbaO1FrbqbeSJAX+ZwQG9Bkg8+3vmsoU+U3uZdlpehx3k19r9jBYCPy3tBG73GeSSSzDkjA7AV7p/wkFhrNtba9ewSapaqWR1jiRWBA9GKDGT2ryO8t7GXVZLSOfzY9PKGWI9BnkLk/jnrW/PdeHl8YN4i1qD7Foy2zeXHDPhZJlxwxXaccnpjkDrznRRuYV1sd5ea4uLnVI0ksrdBGIo5QqEKRjoMjk89T1rz+LXdU1/WJdIbUmsIYGjuIkDjYdvPzMo7nnB4/IVpXnijwz4vsG8Ra7b6dpOh2qLA+JXlmZyQFAjRRwR0AGeCenTC0/U7DxHfT+EvBWqRJpmnIk3mQWjP528DOS2PuMcHuxz1xx0KFkc6ps37tdS8cSzah4mvLLS9LhfyXkiEjtuGAvy8jafXNJY+GrPXLy4mElvc22jqsbGKNpVdVzjBxyB2GDV5YYJLlfD+mXUttBdMpmd4MqGH3eODknGccc1tpqfh/wUn2G51O6kvrBmF5DbJt3Z5QtnanCkY+Y9azsU2cRZtputG28M6PdRXEMUj+WTYyH93ncVZpAF471zfi+/8AC8Q+yaZplvArZFyFtvK2upAz0HXjn2rW0KW9hsrq18H3NxexxfOpmkjjkUSZ5Yjbz1rj7vT2sy2oa3bLeOzAzRSXAzLu+hb8DVFGDDLp1pqEOpWkMVveQoRE3l7lJAwGIBHQ1rfDW10qx1281nxXAv2+FBNZqLeWWLzBuDDYuc9QQW6Y4IPNYiz6b4Zhm8Qa34cS4Z5jFZQvdZjVW3t8ww4wqjAyuc+/I3PD23XNIi1e0inttQ04/aZ1EwSOS3V8siE8AbOvy+/SkB3njjxHfalplpf6hLZWto8hMRiiljcMBgrglsD8KzbPxXFLIL/Sk3Wrx4dYZyv73++c+voSK4/xre2upXEuo6dd3MXh7enlC5VeHIUuq7c5y2eM1H4W8Y6DoovIrQW18twUJhmjwrqv93cBg+2Kapgdzo3ibx4uvYtLCfTV1RWikmUJdhigJXjy2Hb2PrXQW2uqkZk1uTT7u8U+VNb3sQjdlJ/hwACe/CkdKw7PVrFLpLnSzqOmksGQWk28JuG0gK2D36fStyO5soL6a68VarBc2tw4ltzqFoZmDg8hlROnI/Cj2YDU8OR6PrD3GmpcRappzFtsUkc0CpMpIAWQMThGx79cntSgl1/xbf3Nv4l1MW9npaASG4t1UBJMkYRFTPAz9MdsVc06K98aar9q+xxafp13DsuH05xBhI1Kr8rFsMcAHAPAyemaxLmC6vLc+Ep9T1Gy8nfCJGh3xSrnABdSMgr/AHjgDj2qkmZs4/xFo83h+f8Asrw5NY6rFN+8SGItCzbh975wMn8TwK25ppfsC2mm2t7HPqse2RYW8wLLHjCjaOQTn1OO1emW1xH4ctvD2la9pem6pe2waFJp4QrbXJwWcg8AADp2qDTvAUXg57vV/FXhwJqMEmbb+zrx9hVs7lwSwxj1H4UnVBR7HzD4/bUbXVLeW41Kad7iNDMlxCVeGVRjblsZ456fnTdG8Aah4sSO/wBTntpLa6IiEzfK0eCPmIAwAB3zXvlppFv4w8Q6pqBur3Rb+D/ShFd24ltiOmwkDGAAOC3IOQOCKy9d0LxB4s8UppPg62stO+3BdlvavtUGNMudxCr8wUsensKzc2zpp2GXmnQ6Da6Fo+gaTJO2juIbm4t7oAyRHG5sP1PU4HXpxxXe3mseHPD08vh+K+1OaaUNIlxLbedsLcAAgcKD03AY6Eg9OAvtC0nwqLzw7faVLqd5qMIgDW91uMN2uQdoXdv+YjI9RjHUVoeD/Dmo6frPh/WPF9xqkFjeM6/aJnMrZQMPL+cOygsNuGXpkjoSNI2RzTV2dFN8OdEl0y5utcGl34nAmillY294TkE4HB7YwG/DJrN1f4TXPhZYfGFro81rbTxrLaS290Z0jATkDDZBbJyG9wOhrcn1nX7PUYL+5vYdS+ySHEF3bII9rDAU7QN2B0z35r1CS91W+0m48IWlhBPZW8ouy1ldKGtfOU/IEfJwOdueTU13LTlKil1PIdY8V+CPF/iO0n0SylENnDG0kEyNC5dWw5LLkfMCvIPPpXs3jhbbQNL1eGC7ltdOlSO5eBk86NimMAE5Kkuoyc/oMDw7VvC//CNalZalea7teaVxsmgOxlAyQ7KzHnv8vvxXsT6D440u0tdSvJUtbOLaXaGRJUeNsbV2NlwBn0zWMVbcqbOM0fStE17UZfE99ZprEVxBHNbNbymN1eNQAuMrgnA+9gAjp6Wjq/jW+ktliuLvRreG4Z4LfUIf9H2uWJEkgXcwwx6sf9nBwRlahDZ+IfENjoaafFeWV2fIZbTMMiswKocArt+YjPP14r0HRdb8Z+DLe1+GV3qEfnJuhiS+jDL5cwOzbIDgjB4yzYPy9goqrLoiDkNV03/hDNPuoV0WWK2kvY7qS60yczRlZBsJAYkqMYAyACQB6VLr3wj1LR9Zfxb9sTU4I/JnRLUmG6aGUfK7q2SD1UYzu9uQLK6Pp3hrybfxc9zojaykkdwtuRcxxGBvkdlUFm3bsDGcZOcEE1iWWpal4w8QrF4k04aolyY1F3C5gkRI+AxXlSQMHACjr68R1KUTsb/QL3xTbLeaPqlrdJpkvlTw3iSRMkcvTJwSckf3R+leTeKZ7HRZLi10mC90F7ORY7m4tGMqSJJ3LtkICSMY9cdeK63x9f2GlazLZ6Rc2mpyKsbS28gMVy2Oxbo2AOSOnsayPE/hfUdbslTR9VHh0X9uszQyxedCUZegfgg8ZP6jtSRolY4LSdM1PUzon2m30/W4Ly8k8iOWQRzhY8xr5oC8AsNy5DZ6NwQKm8P+GLrTb2bX/HGial4eWG+8ia4SRJ7ZInwNwTOXXJwpVWHcEkVxyeF9c1HT9bvNX06z1C00ZISupWDFMlcO48tiBISDg8DaemQeLmj3Nl4yg1Oy8XeIrzw5ZWkCz2CziWeJzHlSDGMqDt6YYYB4zg0xnSeK/Cngu81OY+HtftdQh3AmK6gktlUPzjewH04XtzXPeGPDEGq6kLS88KR3GnRMYs299ueMA8yAKQW78Yxz1rjtU8beMPF2r3FlpV7D4itY4QqOIEt5vLBGW2/ITycbTknsK6idtN0W6tHuvCN5Y3U0McqzWV0zyox4BCjgbmB4JDD0p8ouY7LxbceFYPFVn9j0e/lVYDZqrRGQKq5bcignp7YwM1ga/wCN/DE/hzTfDGkX2rW8gu1iYLvIALHLIAxbeGYAJjJHHtVK08Q2dpb6jYav4h1HT9VuZEMZmSWaSGPhgSvDBm5zhhkY+tdFpVxJp12fFeoeLLG8G4NawywJFI5CgrIQ2PLZGGRkHOB3OApQGpHV3M9nYeHp/Dv/AAsV7vU1x5TXVhIGUscjdKQxBGeN2celeTalp3izRPEV6viNNI1p/KSWB7naVuGKgjYcRng8MDtx2Nd3oNv4s8Ya+ut+JILPU7TVoGKSxbULvFgYBTG1hjBBA6VJrejX3iB7S1HgmQ2VgGDSpcZGzPPzjG3HXDEk4rK1h+0HaFYXOvX66v8AF7Q7jTrC5t2eO90mb93EFC+WhRDIUDDgBieT0xk150kmpeNZ5/CngnxA2oWaklLXUHaErHG3y8sCuR3xgfpWtf8Ai7wn4fF/4S0zStS0+0tJoWM0UpljkcqCxkRmAHJA4zuxzjGK6mbxVeuJG8GW2neJtRuIjGsbxiK5jhbqeWVlwQCM8dDWyYrFu48JeNYfDdtYWSTza1pW4xhMGEJgFlilOFb5RwCc8bcdq8D+KgurWLw7rl9+8GsWmCG6q8DDdn8Xx07V7r8Kv+El8N+FvEH2kXFs8Ini/s27PlgSqmSYJcEEPngpwT68Gvnjx3a+IX8PaVqfivTnPmtLHaTY8tC2RvB24AbgcEZIGfesal7alIoWiy3dsdAv5YLKG+w4uHwxjAG4FjkYB2gde/Wt+0stN8J6dJFqjvrOoSMqLFExaBVHQK2Mgn1x6ADvXnfhGyW6k1QLE93eybYkRj+7CNyGyO+R7cfnXqqyXH2FbVrFNPu0BRxG5YZHRvbHYU4GiR0lnpaT2u+08JI08qEO143mIvf5d33SPbBPpXXeAYrvTLa9B8GxX8XkzbpSV2RP1U4PzDGNpCkEjJyOo4Pw3q0KPc393qs0tvvVnQAt5rgHAByAuOB2/SrunPaeFL648U6tJfOdVnn8qOFWIaFyGCuRtUEE9C2OBgdatmVz1zTY4l0O3tdZ8PwmGe381vtB8xvLYHGznKn15zXjnjzSb231XR4fC2mJ5Dxt5e6QEM7ElgA7DB245zg13Fj/AGY0mneJbWwu1tLlpFfan7zIGMbclTz1wcVzNx4c0DWWj1TToL+6gui0KwSIUCyg8nzR2xj5QKz9maqqeTeGtP1DUdThtfDMcLajqMjKiu3A4LMfUbQCeM9OnavQbGfxdp+vLa6H4lsFvpbV0lWPY+ZYTkxspVseo4yMHjim2PgKy0/7DrmmeH7q/vWZwV5ktu43HqVf06d8VmpcaN4Wa98Y3fhzZcwzRmziOREsqjo6EqSC2CWwSDyOeRCVjdu6Osi1jxLoOkacI9e0rTNSvHfzSu2S4Yc4STKlc5yenbgmvJZbnx74c8ETXdzr8FhJfXLIbaMqLkbycuHUE84yQDjHfPA9C0PwvqXxF8J6x4uOiiG4sL03Eawv5SQxyoNg2SMMx5LAYzzj8eW0l9AbUNR0jxp4dN5/Y0ZuDIrupycEg4IVsg5XnBAOMjmlKo76FxhG2qNCK21Xw/4KeTWPG6LqEMyT2tl0ldWK5ZJAQy43OcYIyD616fol9qfgOS+u73xvpc9/rMbSII3W5RmUZLM7KFjOW29Ocn0rD07S38SeLom8afDYRWdzp6PYtE0tpth3gxsxBCyOytj+E+q0ai/hnX/FMF9cfDhoLS/3wh7WSWFGjhyHYBVWPeBkkbx83U811JnDVPZvC+nXKx/294l1Ky1GxnsUktmuXidmuQN7CNyB8yMpAx83OOxNedf23rnxC1FNJ8QaCL7TLpRi4tf3bwsp3EqWDgsF5GcDscg0eHj4Q1eC00seG76LToJXt4JkJ3SqMD5sgLvVcEjcfet7UtP8E+F9GXwr4Z8XzWt6t0HN3dxtDAzsduwSoN0OzAyzcZ7gZwjE3IrKzNlaeC/CV7Pptzp8LlYtRKyPdKc7QoBOAuDkBQcH7vBxqeIrLSNNm0/wn4ahl0u61aOJ5QziZYSTsYRsSGblScHHbGM4E3h6+1nwtZRXHiHTtO8S6jY3D+Vdx83AXGPmfYGcH16jPU5yNHwP4W8PyXkfia+1FJbi7aYxWcikPayKxfYjFsMNnKkAYH0OMZrS5cJWZ+bPiTwppvhHxdr2i/bnZ9JnkSGVYwDIwJ7cgHOBnNeLeJi+nymO5llxdOZD5vB3PyTn1z3r7J8XaFDaeL7jxS1wlzc6pPLP5MuCCJ2YgAdSVrxf42iKXSYtOs2jZ7Iu8wxk9toB56ZJxXlT6ns0Kuh5JoviEacE1C1cvKq7ORyDnI985A5Fe/8AiLX7DxDo8euxHfcamEjklHAyF2/d4wRjGAOOK+O7G5jjbbN0LYb/ABrRury6t7lvse9VYY380oM0nG59A3GtaP4Pii06SZ75gS8oQ/uwzduTwR3/AKdK6G5vNGu9L0nXtZvjewXSyRtHGpEi7TwC2eT9QOhFfMcPi/ULOzm0q7SO5S4KhpGU7wFORggjn6it6x1W3hkjFvMXhQpK0Rzt3j2+nH0rf2hnKnY+3vhp4h16z8F+INM+H8EumRROrXl0ZcM8U2UAZcN/ACCQe1cT4s8ZRtr+nSeG5jeapKyW7Fj8jSsdhUluxY4Jz75o0XxlqOt6LcXN5fJpdo6iOa0t5NjXMSjkbWOCcMQAfris6fXvD8NyNB8KWT2lrJtnW6uMFhMBliTyBwMDntmlGVjNxPXdK8C+J9P8Z4+IGsw+CXsI/MjMUixrsfh/Jkjf72OgLZPYV7DpfirwxefGBLqPSj4gBtuZZ4z5bxrGqrLtxkYJHzEdzzXyHB4t0a/N5DqeqXOtXF4ItzFXeXep+7mTseB1Jx0r2vRPF8Xh74g6bc3TLaaX9guIkO/y2cyqAQxxj5V6DpuHHNbc5HIj1a50nwRJ4VTxfYav/aV81xKL2MnMdtAm7kPjOANmMk9eK8M8JX1/DqBXTIC4aYGOYFitusjcFmGQAFI5PpXlaawlvY6n4a8Crd32jZ33E7pkhFbaHYpgbTgHLACvbPhvqNxp2jL4djj3mVXedoiFl2EDcAxyCVGcZraEiJ07ao9E0Rfh1Y+LZ1ihfxbJewhJJJ2MKW1xv+Yhtmc8D5scZwG65xIrX4kax4v1TTrbVF8PkokO4yoQ0O3+FuHB5LDGCM8kYqx4B8ZeDWtdX0fR7d9M8P3sDmXVLy3M1wbjHRvLBAVQcjpg8nGc153eWvw7XQrzWE1V9YvtMkcvEYpAssecIVYjA9fvcj6VvKRjCPVnbfDnw18L/t97ZX3ii5ub141ezmitZQIplLMxAG7JOF5JHGcHvXnnjPVbPVL1/E2m+GhAbWVrSeZ9we4c85eP+Fhg88nnB6AVp+A9Tu9P0u98W2OjG3sniYwXkxcRwPnblHKlCQeDnnAxnGa6iN/GNvZ/8JpqHjyzu4JIZDqNtbTRmWEICUCIqlCSAeAFPYZ7RzF2Rwd14W8a+JNQsYLDU7K2t7Ew3VnCZEfZMg5XpnKjPBBGO3Bxb1rT/B/9sJFq+oXGpzLtUKkR/wBZnBEeAFznHQ4rkfANnoCNqut6l9pu/wCyU8+3i2ZW4yHz5xXcVJIU8N6nJxXpNpqOuanrCas2gWukeHrxUuEneIy21rIqbEl8wFVVjIBnIUgnGR1rVGM2RSWkl7r0H/CN6HEbjRpFWRLxcSXUcq7D5kYxlMZPJzgg8dK7OTw34oj1NT4W1Kz064sWW5ttMtnilRVYFJieFx1OQV4BPfmvPdBNnZTXfjbVvFIubmEywNaWk/zyq+B8oJTAOcqAFwADwOKn0nwK2t6dPqnhW11C+1QXJPl4V2WFhu3MVGdxb/a79utDCBr6jo3hrxD4pv7Zdbubm5kX7TLJHEWMUokAcgABW5I6DvweM1Z8Q6lpx8Q6Lp66FdatYW0Ztf3rOPMzgnLbSVI7D8Biuu8Fg6PbR6xoPhWGO9aP5b+4mkjcvjBA3fKyhhkqD1HY812+ieJNb02PU9d1vW0trLbtcxRREzyv8pU7F3YUjHTv2waTV9CXU1seP3+o2Glm9tDolrZBXR4BNiQxDADKZG+YgkcDsDjmqUNz41+It83gvw1r9ppJHlvZ2cUiwRTSjcWO8FmDAA8LnJxx1zykmn+DIXk8Q+INUF9alSyWFuxDs7HG3zA3G3PQ7SSOuM1n+CLbwzHq+qa2bC+nj0y2kktGeNZYln2kx+fszjkfKQevJxjIylCwpNs9k8c29yviWC21rxK76zbWq2d+CmFjuIwN2GQKG3FiePxPOB5V8R9Sv/HOt6XZWOtzm309DAJrn5/MJbc5GOvOMFuewwAK9J+G2vWfi3xApvvCaS3t4C0E32hgizRoSMxlQDnGcFu3PWrXjPw38Ubq2aZtI0lv7JErG8MYE0745RXjwCy4wOFXA5J61hM7YHyf8RLPUFuLWyN+v2hZmVS5wJFA5IPb6VzGlxf2Z4m03TNLnitPPlgglmYArmV1UsxbjC5FWvFuq6NNqmm+JtSDym4h2zRAcRyA9s8d66H4CadoeqaxqF94iaG6eCMmGGZd5Y5UqyhuCeDxXJJ+8df2Geq65pyeGokMl7dXF/HK8c0TMQpw2N0bADGB/P2rsdY+Hdjb67pEXhOzub63vUbzYLvaPLmTt5oCrhxyo/Dr017nQ/FGtyx3NstjHpcMSyTtlR5Zk3BPMBG/dxj5c4wfrXDa7p3iDRNKbTNW1+W4lvJg8AhkeSHyhwUXfhl2k9OhwBzivQjV8jzOXU1/DFl480jxddy6ppEFm94HgitpP3QmEJ3KYJwGUsvHIOCPTgjrrPSfF8el6pqfiS/tbbXZPLeyNwIWEkMOd6xPGcJICcgFTu49CRb+JkvhbxT4e8P6RHcXEE2hwxxs6kG1dNm0SGE/MsmeuD0PU8V5JoF54Xg1u00zUdU1GO50fe0MkQD20W4bywjw7jIIztXnPpzWsZ3V2KKPoCObxM2nXl7qhtH1GSKCRJrlI1ffGvytCygKpGBn6DNY3iLwz4rtrXVLnxB/Zt3dzQJc26zyxxSSTKvSLaFB24wRxngA5Jrnje6N48tbOJbbUImtVlRWh/eCVUPysYVVtjAZ4A6Hk15penR/iFfaF4Tur640hYRJCtxKvnREIn7vKhhsPy7eeACSTjpzzNUrHd+HrXWfGt7rWseOLWC8vrVYHiRwIz5a7shNowwXAHzE57k5rw3xJrOreIvGt5BBGILXTrkbkHzAmIBDk4A+bafzr6J8G2nh86na6DY+ITcavo8DGSG7b5ZpUA3mGQqN6HPAyWAGeRwPj+fUryDxvqN3pcRkubxnAHcSEfOMdPvA5FcsnqdcI3O6u9O8P6faPdyWkH2vUJnkiuXb5ohGykqAQQOc8gg8+1LKutzNbz6LeOq3wPneawCLIOmMcYOPSoWOn32jpbXtm5MCB9zKcmbHzDcD0Jx/WuY0bVLO8mu9OVl05buJY4/NBlVHB4IHGCenPp1qlAzUrs2tHAfV9WIcf2iltJBLKBu2fOAT26EZFcT45+G9jqfgd9Q8OW8k11pkjSXd0QyxGMdV6lAQGBI6+nXnpPA8OpeHjqmoayvmQyMIn8rHJQna4DY+VskDpXpl7fWuqeAbvw/bx/Z4rZRKV3kGRC285XuCTnGTzisa+HjubQqNPRn5k65ZHTL5rWch5cAsVORg8jn+fvWQJAsvlyHGRkA17N498PznVootOswieQWMoQqZPmOe2G2gAZ+teLXMKm4ZVJd04wB39K8OrScWe1RqcyM8qr3TJtGD3qqVKsdhPvWiI2U7yMdiPSo4ocZIPPWsXTOlMqFDtDfdx3pUMEmVfkjkVOYf3b3E8nB421DaKGWQhecZDVlJFEKrJICVQBR1pEAfKk5wKejttIJyue3rUkaxKjZXbnpWZshifKp2Lz2ph5DbyUqwSDBjOfpUYWLarcsO4NQMdK0cccfmEkdiBS7nMsQgUFRzzUcs0hQBRhQelV7mURXMTRyEEDO2gaLcsIacMrYIPSsmdhNdMjpkg4rajlinl37drH+dQ4Ikd2TGeCaUlcaM1htfAA/GkJAbB6jpU1wih97Nuz0FV1Uueelcs1Y1iyN8pKGQYroLGUMvmHk1gS/KueoFaWmuGXbnvXFXR24aep3NvLvhB6GtCOXIDEcVi24wgAOMVrxAbB2zXnT2PahLQtyKxOENNiDhR5hyR2oVjkqTz2p2MGmbkzMc9OvSpUGzkmoMg4j79qd5m4EMORxQUXNzMeDtFXoyOATu96zInXGCfwq7GxKAj8qBl7AxipI1OKgUsetTJ9ahmDRNn5sGrkTlTkGqQII96lQnoeKbNjsNGBuN0iYJTquea1PLHY1wtvczWVwtxA2HXkV2cM0GsKby0O2VOGQnGcenqPpQbJ2Liu4ikjR8EjFPsJpIXG8depqkrMpO4Y9qlRwhzyQDWc4po66VZo7m31WRIfL6r2PpXR6RfBsidgSRkV5pBHLJtmQkJk1dtrho5WDA46VxTont4XFdz1uVlcBkbJODxVBz5LeaRsxWLpOoxAgdfrXbXdtBdwiTcMgZ47159WDi7M9BYjUNK1+SJhE3yjOd1eq2vkQiJ2nEqTqCSD09q8F3NA43jaQM/hWraa3LbyKuTsFYVKasdtLFHr97ZSRyCSN8q3Iqpa308Umxgcg8msjTvEkN6wiZ+nrW6qBgzxsDiuKVI9KniTs7XW0WAmTk9ga0odd2L8ny7h0rzozpGm8DLY71HbairzBXOPauedI6IYo9OtrzzJlyPvmustVmkTKfLgc4rz6yuraJwgO4E8Gu2sNWjiXAYBSOc1wVKZ1wrqxsQysjbScg1djkCSbga5x9QQ8jHNPivinzYyKmxp7Q62TU235xxVf7Q0pIBzmsa3uopZcytiteFraIu7v0HFVyI0VRMmhYp1PNXJnXbvP51z326GSU/NxVo3aPHjPFHIJyRprPF5W0/epN7KA+MCucklwdy8VZkv2eNVPpS5LBzXNs3eFLZ4qv9tY5VhjPQ1j+YwA7qamikBPJzxS2KuXWndQX3Z9KlTUXSEgisqWQOdink1FJJsfZ14pjcrFx7yWYcjAFOt44p87+M1lGRlHzVF9tMbA54qPZ3MJVL7G00KAYBp0ZWFiQcg1jyXyhQR3qL7cJV2scZFXGmZuqa93eKsbBe9YEt02NhOM1BJcxxjls5rGupyzblbNbKkczkXpNREY8o4LH3rJvNQijR4Scu4rMvLyKNi85xtFczPqqFmkRQVI71ccOYzrGq1yI1Jj+8aoyXG8fvDk1mSXscjFozgY4BNZMutCGQtN/qwDjA71vCg2efVxL7m7NdJDtdmI29KyrrxDuk2q+VHFcxdayjxSSOxHHSvOL/WHScvGcAHkV6eHwN9zhxGLUVuelXPin7OcEmMDgt1zXI6l40M10k7EuqEgfSuKur171ifN6dQKyY5o0kYyDGeBn1Fe1hMConz+LzBtaHR6nM1zJ50Y2o3zAj3rjL2/Ecv7t8ADnnvWhPrifYvJcfPu4Yeled6tfRJmJXyeSfxr0uVRPEnV5upm65rVzqV0SzZSMBV+lc6dzdalldXwVGOaYeDmhsqKsV3DAZx1qMK+8VK7EMeKQNtGTQUPJweuKjcnPoKieU54qYsrJnoawZmHVW7VDI6qvJxRuUDg5z2qnLLkDjv1rcBsj4HJwPWsqeX5Cp+ce9WpnWQGM9fWsG6m2KVzk+1XE4a0jIv7ny1YfdzXGMFLlgPmNaepzs7bC2cGs5eD0PNelTieJXqXZZVcr+8qysaEfICAeaSOLcvXIBzVoSESKhGU71100csmPt2aNhyT6+9ashhlYNEMBhyD2NVdqKcqucdDUjrgKznKn0rsgjjqj3LD92CWXoaCjLho/lJp8U3kIDEu4N13UqESuoYYZj07VpYyJrclo9p45qZGKuD2HUVNIqbCExvXiobdlcSb/APWYwBW8UZl21lmWXcTkHpj0qnrZWRi4XLHHTtW5ZwDyjuH3vzFctfkSyMjPwuQfwreXwCh8Rg+QskoXoc81qafC4JSMZYdPeqBkdXVVHHTPrW5YbBcRZ+UF15/GuOK1Nar0Pr/9njTZbnVpJpNNa7VUB80Rl/ssgwQ+cHAwTz64r3Hxnob6bpsGraRe/wBqIzkXqyIU8vJwpGfvA5xUfwXt/EOg+G7TUtJijgieWRLlOI2nCtkkZXDAqAAw5yOOlej+M7rTr3wdb+TbJpD20hIjZwDOvJ+XgZOT0x2r6LBRtGx81i6j9pdHKfDvTNOE+lXnkGQXDSi52nc0UQbBYAg7eMEZ9vaofHGkzweIJ9R0KW50u3hbZ9qbcqXCclN4UBC2M0eAtO1PUdWtYdKvlt5WMhWJywWZQOUwud2RyBjjG7tX03Da+LND097fU7BNY0i5tUl+zRqrfORnynicAs3ZsAjOOpzjrhTZzzqanwz4tljn8JtZW7m5KSKPmALqDkll46HFeeeD7uG2vES0TzL3cAm7hcHsRn2r0HWLaZ7zU7ywt2XT4FleIMQSsaAkKcHqBXnmgyw6UkmqQ2i3akNyTh055OKzr+6dVE9z8PWC22k32vyTtbRxyuk7K3yK5+bYoHsR+dZc5W60iS9t7ZQ0yhhg5UEchj9a4/wt4jv7S3v9Fsbkpb6iFk+zSk+SzjnJGDgjA6YzjnoMZ3he7k0K11HStQQw3M8hR94yjoFK4B/E8jqCKimOW565Z6dFFpljqg2TxqEeZ0IIX+8Bz1Xp0rp9YNnfabbahoCW1xGCVkFwh2sQBnjj5gea8/02fRP+Ecu4JY5Y2aNvLjiBYSNzhehOWNWdGuLaHTTDJazpMy4Wx5IZx/EO+TW5zssavoL2lhb6hFABet/rWY/KcjK4BOO3b1p0OqaLommi9eSW51c8BGVliiYjB+bpgexrQ0d9K8Q6bNouvyXUMsT5t7TY3mAc5BYqeB2qv4tv7WAR6XqcyWdo4CCLYTK5B4LenTrQxxkeaaW7ztcXQlDMhIc98n0B6+teh2FtqNrZx3dqReWhc+bBK2DnAHFYt3Ho8diILlYtOuJGwmVxuIHBY+9e0eGdG1XxJ4akuY0iku7dAkUSAAui4+cnpzk/lVwNK87K5y1rd/a3SMoRAWClQeEx2HtXYaVp4utba3kHkxvCwGG5AboSO47V55af2lZXy3VlGQsDh3jYfKQPvY9R2rtFESTnxJakh8HbjoFHX8K6KZz1NizHK8ht7i62m3hjktoZFGCzIeCwP0pIJ7pluoLy4MqS2rSR4AA8xT8orb0SCxvtISV4mEcN6xZucEsmcY991RQwwzrazG3ECRTTQypng90wD9K3RxSmUdWs76z0eO7kj8wSxpNG6nqsmCB7daoW2dU0eJtPla41JpyGycOowcjP5V0L3gvDCly5jghhEMaAbgDGePpxWBK9xpuq3FzpoWQyhXCBfldujUqlMqlWPnrxrp0ia1MJIfJmRUPIx/npVqy8S6lpVi1peMLmGZgXCnJXPcH14rtfGunyXbjUpdxaIASRkZ2hsYUH05rweR9cs7q5iktc2shOWC/dXnHPbrXFNWO+56foeqae2qm5tmLFMBux25GeK+gLTxp4thgudP06SI2N3CNjogLnOCMEnI/Cvlrw1NYxXbrdp1VVcj+FNw+avb/BkGmHS9QttA1MXlxCBIkLgI6HIBI9QeOmMfjShKxjKB1HhnxZqV3eyXsu5LmGRvMVstuVBtyenAJ716Xp+u27yQR+JrQyXEa/66LAJZjlDjI459a4LQvEh0i/urXU7VRcarE9q+Pk2iYj5jkEHPsa7nQNQv8ASN9s6rcwSs22PrgE/KVJznHWu5O5ySi0Pu9Hh1OxXUNU08skLmOKRSwyx5PTGce+aqRWWkW8enSQCQQ2jFriUclmyMLx/d6YwK7C/wBSstVeNdEmM9xp8GFthlUWbJySGGCe2RXJyapb7Ps8pWx1N87oIx8jzHocAd/qaZJft9XtLW5uoNWtgs2spvtieR5fOCfQ+teOePdd0jWrqK20m3+z2+nRfZo0YDDPn5mGOma7/UNSkuTFZXt5uMJZTLtyE9VAHavOvHeha/Yy211DEhtMgOB2JPJP17Um9DWNMytDtI7W3ke8YYYYAHTivE/j34Usb7RI/FUCR200LLFKyDDTIeFz2yD+nfivp+/torELZmxVcKjshIdcHI49eleNeMooZNLu9PuRiF/3scbjcAynIBHpXDi4KVNxaO3DSamrM+BWtEWMiFs5quY3C71Geg+mK0Lx0s7ie3+8Y3YYHbBrd0iGKeFHdMCTBFfmeJjyNo+uRziRtgZ5yM04JIxwik1350u1kP3cgd+grHEEcVy8a/Ng8Yrgc7juYS2shC4GSOxq5BbDawPB9K2b64EcS7RjjHTmsdbrcSyJ+J71m9QuXorsW8ZQDdVGSVnDKONwNPa4tACdw3dwTWW9xh+CB6AUkjVIYjDzAHJ29+MVBexQiUSW+5TjBqbPmqfMGcdcVPbaZNcoXRGYe1UWzJjAJO48GrCxFlVjxuOOamaEQSsrDjpg1UurgwxbQpy3T2pJCKN5cOSsBP3GII9azOJPkUd6lkdiQ5HPqajUsTnHGapICSO1EgyzDPpmoxFsyMfN7+lKFKuZFxhffvSZ3DLNh/SkBCWCYfaJM8EY6VZtbfdMvmgbM9PanxIVwBwe9Xooysm5fmzWYGrqUs8lusUaYjGBx3rnlZgpx98diOldJveJlV++etZF7AgDSjIPfnNAGbc29xKmUYgLzjsaykRkYgj6V0cd/uXBQYUY64qk+9x5x+UN2FAGeUTPPJ9fSpDhuo5HpVkqsg+VSR04FSnT3eMMWxjp60GZUheMOCTk/wAqt7iHZlJbd1GKZDYYcmQkheemBVnO0lMZDdx2oAgRRI4hiPzNg89vrS3UJF4kcp4JGfpVy3txA3mPGHA9+TWZdCS5kLNlD09QKQHrMd/a6TomIlTJGM5GefWvOoLtLl5soG3HBasQSyhHiZyUbqDWlp00cCFO7d+wFQlYC5IqiMKCOuAK6PStUfRmaRoFkV8DJ/hriXELyPL82c4B9/pXQWHnXIAZjJ259qiYHb293bXheSeJC0/XjAA9c1i3ekWksbgOQr8D/wCtWvb3GnQQxw3jDe2QR7VgXs8UNxst5C0YORz2+lYAD6EkNmEicySdSW9KzIrWZHVpEdVQ56nbXVRyNLa+cMg44wM1Ta4Y/unOc9c96S3CxRknuGj8sPgk8fSsu+snvgqzvt28j3xT2u5VuCBBlc8EE9K2fmeESSLs/WtoytqUmcWunTWrbGyy5JB9qaSr5HQr2711c+ZVCk8kcelRp4clmXPIwC26tfaIRxkkgDAnPNRvGHOcfMfSujGnxiT5hu29qxNRIjvPKhQrgZPpQqiENT/V4Yg4qtty/qfQVbcLCi+YM55x6URsnXhQD0rQCDyw5ZApygzjFSwgxghk+Y/yppv59OlaRVw3uO1aMGoxagpdwIycZ96EtAP/0/L9e1GXTLtNO1G6aS2RgZGLYL4HANeV+JNXuNQ1FrAYt4VlBCqch1AyMmusuNAn8SwjT45gCjhyXPH1yM1Jc+HtA0fyxLOZbqV9hwMqqoOufrX6rT8z4CxS8O+Gx4ymdZYxNHbAZySCrdgPr3FdLPplho1xJbPaKUVCEABCq3YnHX6VZt/Fz6Kn9naFZpCrELvK9cdxtxz7mun0OyuNU1SVFBuhIoJAXeSw9MZ49a2SMqzKfwy8EWXiW9ZdSlCXSOHt1fH7xlG8jHOMAZzXr2pz31jqUugeGrGK4urqPljJtc7VLMCSQMDHTiqP2Gw8PGK+VzY3AV9rI20gsuM/UA4xVDRbuYMJ7VZ59VYn7PIMsy7srJuz/eB9DXQqZy1C7rFrLqGmWaoI2v5sOsYmRgjxEAjOcHPNZusapMEGoeKNWkeS1EbCG0MRKOpPy8YzgjpXTpH4I0VZLHUJreXVHVfI+02kgMb7ScbcEHJxzXm2sz6ZZWVw+t2KSiJPMcwoRkt0wByO3Wr9oCpcyO7stb1j4lLLrE944g0ZAD5ojidg3OAqDBzjnmooysbbby5WDYS0fVuBxwMH9a8x8EXsl7pN3qFhpvlwmYwuikljwCME9Tgj/GvWvFaa5408RWdno+k/ZRpICbppkg81GUZUsxAwCD0JqOpNrEJmDQQ6yLg3FvMQjo3yfMBgBR/UGtud49N1SCS/1NtP1BQC8USb3AcdWJBA3KehFc7oEtpPZ393q6w2E2nmNrQxAzFnyQ3U7T0HX61p67pDm9/tDzpNVutRhRllbEMagLgZAPYY6VIHFQaVqbJeadfzC4QOXhe5cZdCec9Tnvz0pLa7j0rQ5NM0q4uNO/tKYfaGiIRWVQeA/Y89utdfq/huWTw9ZCDUIY77I3RQqZpAOnTj6+9cVq8Gp+GbaXw1fSvqUryRzlNixoE6lWAyc4GPaq+ICnCumabd2+lRQQxQSFd1yxaSZgeWLYOAOvarninWZNS1kaFo2oWRt9OgDK1uu8OGC7lYksMjuOD3Pauk0S38N3+twxeE9FtLi8vInHlX5aSKNgN5ILFvm+UgED2HWqWi2P8Awjdjfyvp+m6drfmOrKVW4kIPQE5IAyM/KeetXFWCdQ8/t207VoZvDttqqWxvYMhvIeTMiMOCcqBnnnPavRrjxRpfgPwNa6RoF5ctqlvB5VxPFGE3s7ZkAfAIG7kY9OtU7zSbzQLQar/acU15K0c8Mn2ZVKscEqB82R1PT8Kq6hp2pT6a/iK4L6tBc7DKgjWIq+VUALx3PUD8KpsSmXdL1uJor/TU07UL+81yICzkkcKfMKsSz5YEAZDZyRwcjHNZsUGq6Joc+hx6E/8AaupeZDLLNOAsWeNwA4PU8568898m61JtPlTVprd4bmBlMcXmeXIzD+EEZ25HGax57jxBquoXmr3kK6Za3mzyxJOHYdMKG4POMk4FYuTLVM7HSNMi8NeC5tVm0bTx4g0243pcvcs+9dw+9GrKM4zt5zkZFaMcej32iN4h8cXulxHWZSyQxq/mqI+DkYZgQQMjOM155Zpe6vr4hcWFlZ2i7rh55AqDHOTnufofWrlzLb3cYmsNS0+QxN/BGThe/DgEcDqAOlSSz1Dxe0WvXOleI7DT9Nl0krLCyGIxoJR0JjK5HC8cZ4bJGRWHolpHqHm2+pJAyR48gQKVCrzuB6ZAHSs/XfHEnh62/wCER8KeIf7W0oxMxcWSxAtKWMiDepkPXru74A4ri9P+LEjNaamjyRSQxiKRFgDHI6542kdCP8a6EjGSPbdYtdB8W+G28M+H9FFzpunEyLLHcmOQSvncV3gZIJOMsenSvOPDuk2/ha80+bWrYyC0LuVmQOrAggAgZBGT0/Su58M3OlaH8Of7SXVGkupp3lhR7VwTEwTq3Tjqc9M1q+Pba4ttM8P+N9IuLSeK4CsEhJGSQCQyMPqM89Ota35TJOQXlpawLbeKbaC0htEkBNohaGQlxuXCsPvDv24rasLu9ubY3uiz3EEUBLSpJCJVx1K5HzdP0rzLRL+/8TSl9Vuik4YvbRqoK5Oc546Y4q7daxqnhi6Fp4VvfMudWG+IwyYKMpJZSh4Bxxg847VEpGrZpBU1O9vvDWlpaG2vyWWa48yHb0Y+XjkEY4BHaussbJ/DF5Na6ReynTrtEB2Ok0YkUHO0nkHOfr36V5vcah4jvLpb7xIXS5uirmW7j2+YUAXapwAcAAcdq2tZ0SB447+50uOEzMohe0nKbHIOPlB+YnHPX86PadyT0+Lx/C+m/wBu6lBa67YbWSGK6iEeHjJUsDt9R1wPavLPFXjaHxfufTdBWy8yLyyLWdwQy8B/4cHGOOnHOc13Gq3l9qsdvoVtdmziu0QxwvbRzReaCMorqu8DP8XQAnscVV8YaV4dsdH+z+HLKzOrPIiyi2lEZA2ncMZAPIA9f1rJq7GnY4a98e6/pOl+H/Dmn3V5omiM7xPd3NqkjSMTukP3WDhd2QAcnPIxxXrV9dXPh6fTbWTWdNudS05i6y3EQg27zuAYqxGe+PlOMZFal3o1tp3gmzgi067sz4it0eG33faRHcxOHwFLE4PGSOSOcZ4rP0zQbnUdHv8AxV4v/sq8uXLQta3gNtOPKIVSCVyGI6hQowMdzVXRHtjjDpGuGE6zeaNHOLWYTwSabKkikK2corOM4PrzitS3mn8aXaaHY3mq6DdW7G6SHUIGNrM+DkjGVDKOeg4PRqztO0mz+1wau3hmRI0Zo3lsLhpvlPB2oOAVHr1Pc0+/+Inhqx8P/wBm6N4j1bS5oJZATNbozgc8naGG3PbJJJ7U+Qt1DNPj27uFWPRtUt7q9s0jk2yxbVeSHByV46kdB07YrrfDGoy+I9Su/GV1pNpcXV5amKVbW7aGQNkLkgs5UlUAHIyPmzXn1r8QdM0K1a212Sy1+a3VfsP2u1HyiT72QPuqCATnk889AO30fw1dT66Jb7SNPntbxRMslg4EDIeoTnggnH4Z960crIRfj8TaRHpT3E13eDS7tcPa3Ya5EciEEbXAPT1446jPTdfSrH4lWHhyw0WG0keKV45XglEEq5G1QysQQSFyARy2DnBrmv8AhHNC8Vte6DYR6ho0AQTWe1GmSWYDLoT8xwR0GeDz2wfQ7C/061MFvoWkWF1KQokiEZt3fYCSfMAHIGeea55T003A5fUNQj8OatJaT2UdynmrFIjZilcLxnzF6E8Z4PHTFdReWNnr+vWunQ3o/svyo7mKC/ciOKdOJIo5QGdlxyM9BnpUeuyP4Mt7zxdY2D2+o6gvmRwTxi6t0bepmIIG4Y5OSR14x0GBD40kuoU8UWujwWdvZSK8cYcSRzZOwgqQvByRj8sUODYHS6XrNld+ILh7mKbTtQuIAFDEyxSKnHUDg4HTgY6V4qdXvL3XZb7w9fLJDbOctESrIXPHynBA9MjJr3m48U+GBp2pyWLJb7lDYt5BLt3ZwpGcrzx7+leE6ZollZSrrl3YQPqijYBZO25lc45h4Utz+J6GkomqZ0lp4c1K9kj8T6oLXVPOfyRbl2gn77QrFdvIOeCSefet3QWfS5Lq91C4j0rTLSZ4JbG+kSVVMilgqOcggg5GCM4JORmsRb7UPFeqxaDr1z9ujmjeOBZoUguraVFMmNqrzkLg9+OuMg2hPOhb4fRa5Dcbow5sr62woCtuKCbaQ3PIGensKmUCzzm1vNP8V3UNvr+iSWXhS6md5xpzMuFjyEJWMEghgAxxg8kCsC1hsNPR7Dwb4usbm0LuANUjMMkQU5UAPlm3A4JC4z0wc4mSDSfCGsajHfX13pUU7qbdo1aSE5zuU7QSQOMfqam8K2GieKtZ8Ranqujr4hs7IReTNEzWxOAxOYifmLDnnoRgdeEkBcsfB11awWfxOuPCfnXM6zJOLG7xvwdvm+TvIB+U8A5JyTzisPRLuPULex8U2PiS+0zVIZ5YpRcQeeFhO7aQjZGMdBz1yAMZOBdXXwvlu7tLr+1NAf7aslu64dYrcAMFLBWbfnPUHAK8nBJ9D8P+J5fEuszaL4A1iC8Mrq9tZXdtgXKx4dstKihSoBOM5ODjpQwKtrY3HiG8uPFEHjqzY2wMNzLPAsTR5J2DymAUhmJGSQOuM4xXl3hfxFrz+JHh8T2Wj6jp+n+ck8rqojES7grrn5PvAEEJyPTqPon4h+Eb658RX82meErW6upra1SaWGTcVniGZCuQo6YQjaD8uSM15F44svCFh4RtdKHgq4fxBeh3nlEjLMspPYZJdW7IQNvXBOaI6lLS9z0nwhqMG230PQfCqXEEk4IaCUqwLthmYkENgEckjpgnpjqvEmh+HfCGj3nhqSz1+ygkYyySWuHQoDuwNxwF9eMnuSa8VaK28IeBtF1C90nWfDt6YlCTNI0nmHbuBUHbg4wSoGVzjtXtnwl8U6g+hWPjLxN4q1Cy09mkidJoZJkmKFiAC4bjpkAdR1BFFRWVzE8L1NtF8N2Gr6zZ+J1vY5fLMFpc28glm+YD52YAAj2zn2HIs/D60j8eeKYWh06zMN/GfIlklMDxvDySjr8wOVOMemcjnPtE8em+Lta1KS81ex1PTopJEtopYRGFiZsqCHTJ445J9fYef/Efwr4d8H+Gryz8N6CH0+2kikS7SbfKnmFfMGW3Oy5JAA+Vc5xxkZxnc2UbkWuaf4l8Tw21lFcz6empMB9nugfLIjy+5Jdu7P8APitDxXc2Wq+EYvhbo8k2oxs5luVIAaOWEjJLY5PHHzV5zoniNrS0ntbK/vJbcpGbNJzujQj72Q33cdtmM1S0zxVqnhLUL63hhW8l1aQTvMV+eMt9/Zxgg988UVdhxpq5454KW40y6uIJwFN4Y8kHJG0kZH58GvTNS0ybXr6D/hHNPeczs8ZaRtqt5YyWUnAyee9eTaydW8O6gJboKmV8yGRjn92wwPlHTA7V7npmkSi60LVvEmtfZNDsYjNMkPy3DNJGxXy+mW3EEDPNZw+E6Klh+qaRq+lfYrOysLfTYIrOMXBWSN/OkAx5jr1DHBPTqTk9hoaD4iij06SPxRqxSxjmj3xqwEjqTgbEwcsOp/M9M1gaq2hvqVj/AGbptxqMeqSO0TTOVaQM+0ElDkt3btk16H4h8BJdadp1p4Z8LSSXl78s0smZo4SGwMMCfLz3Z8AD15x0I5GdB5urJd3t5b+JVlttMeMxtMTEPKcEkLEy7d3BBOBnGT1xRL4ge802fVfD2tKLiCQzywSwsgx1MinG0tnnGOeeh4PM+I4/FWkSX3w/uPDtpafabcXHzS/apCyNhXR1ZdnK8BgcY967zwhovirUdFs9F0fTNJgivIc3MsQ3/dGF3jGd2flb73OaCYI4291abxAwuo9cnSaAxyO4TCoy9CApUZHesLXNE0HxHr955nimbW3Bjmc+SIU3xjAEQ56ADJxXUT3GsS6gum+D7TSt9xDNbyGEKqXTQ5ByRt27eT1FcJrWgeItC1uzutNuLGDUpw6MyuH/AHqLyFRwRg4IzhqxludK0MSXStB1bxJaWlvr2oHTbqPLlkL+SwBOMKAWDEAZC4Ge+K7tLzwT49voPDdg2r2n21JLT7SyLcKW24RzGoD7WOS2TxnLAYrg/D2t3ei+HDcXN/YQak837lm2C4j3ny2WQEH5MAHABxySTXfWU3iDRdJ1bxMviSyt/EthMii3dIhNIl1tXdHuwuNrOfunG09KSjc1U7GL8RU8FDwjpHhS+8U6q17ocslokl1bPLBKqHa4TYMqE4CqTwCO2Ki8MeK9P8N+G7fwk2s3F3bSSfu1KsIwXYkAK3K5LZI7k113hu28Q+INRs9E+JM9lc2P2w3JVyouFYIwXDJhdpJye+eM9AOTsvtNzJrEv2DTbuHT8NHHeuFkZ97eUIWPG87fat0jKWp6RD4gk8GeF9S0b/hKI9TXUmf+zlWI/uI5WzIQcbkILsVDNjI45yAmkeG7/Rb+88NeOvDlvrzalEtxbmeVQyrGzFmDxB8bj15B4GeOKbZeIrTx14mnPxW8HfZ4xZExy2ccwR3jIZdzZG5mUlRtbAxg8crWnn+HHxH12z0SX7b4S1Zl8uC7ST7VbhFyy7gxGw9VJG0DIycCqRyy0djmTFY+K9b1C80ad/Ct5piErEgaVJEQlZcSDbtPTA/iH416FL4T8QeIIdCszcRXHhy6uV8u9iUyvHOyuoWVAVYKWO1iV+Un5jxisJb6Tw7f6ro2k6mviCa2xbTFYQvmyI5XjrkLk8g889xWzFr3gLwPoz3Wi3ep6L4hv/KlS2uNstpFOrjcJDs+6VyN55xgt0wM6z90iB85/Evwzc+F/H15Do0ccy6YVXywd0ZlKAvgccZJ9/5Dy/UPB1z4r1/RvDtvCJdSulmmuihC5G3ewycDcFUhR619QftCXVpHqv8AwkmhWx8PXd7Csl7CvzKs7PgurHIZXJ7Dtk8k187+F/Fl/p6wXeoRM1rZzB4JF5me4VsrjcQCMZ/DivNjG+561OVo8yPmb4o/D6/8JahI9pZT29mwEuZVYYDNt4LAbsN+X61yljqs0ytaFvMQ4ADDv7V9pfFnxFp3xD0yf+0rmeNIVJt7Zly6jAOwsowQzAcnOMY6CvjPVvD2o+EtXh/tSFkjYB4/VgR3HYj0Nc1SNnY7aFTmV2amvWdveW6zyWy2s6r/AMsxjIFcxZzvt2IMdua9h0bxf4d1zR7m11u2dprXb5EqjD85yG5xxj05/WuL8VeE7m1tF1+wlWaym5+UkSICMjcpwPb271m5M0lKxo6X4gNgymZTcIoCj1AA/Kvc4r2z1C3iv9QUzadEvmeSvG7avr1r48kuZraRd7OFGAQOhU9a9e0PxnJEILSJw1nbKMKeMjvyauExTj1R3FpfXEX21tARbC2nZiDcjgAHIVWOcsBwOa7nVNS0LxTpkAja9vruDbtjwMHHBIAyffpXBax/aeqRQWwYXFkzhom4CLKQTguPbmuOt/FFxaair6W32W4s5NrMpyDtOGXnHB6Vtc5HE9Ludd8QaHpc3hzRbcaZFqybbyVv9ZLHzheeUAyRleua9T/Z6ubqz1m+1661ATHQbR3aymRplmt3BV2ByT8jYOAMnNeVazf+Hpr17n7c+q3Mg3INjQ44OflOOnsKsfBTxLdw+PQbaEH+0LeW3w33U6OO3X5OprWiypfCfTljqGn+MfDesapqFkdG8OWZl2WelkRPGyqJBnd8rhlYqc8H0B5HS6bLqPhj4RXHiL4S2tmkczNDqN3dMj3SRklRujkG3OTtGCQMEqpzmvCdE8R/EDR/EGuqk66jqVmSz28qLJHInZsLtI4II2kHOM+ldDP40u9e8JJY6/fpbS3M4mjt1i67TjAIBI5PBck+pNd0Vc42z09tTtpfhMumeNvElzvvWzDbRIhhlYHcoG1N3DZJ5Azjg81e8R28fh74f6Zrng/wwZNP1Zkhuprq3SaF0XcgyA5IbeOCVwecknGOu1LTPCsGr6Z4I0jwZLfLYJHcxXF7DIrlnG/lWT5gwAzk9cjHFcd8SNF8Y3VtaaZPqUOk6PN5jRaVbyMohaN/kMqAAfNknI7gkKMYCkzNOxzes+DfE/gjw3Yadc6hZ6NLqZZvs8rDzFTcF+V0LqwK4LdNvTnJq7rlt4S0bwdf+GW8QXmpR3ZD2QtpA0atGVfEiHaArSA5wO+cEiuZ0l/DSeJ4o/FFhPfvbxiGVYS3zu6BVdSCOckdx1rufiBq/iPSItH+H8fg6Kzs9N/ewvdwtK++Rm3hZ92xkIZS2cnIw33afOyHqcvpunWWh+GTFa6L/aE+uMZEuLqBZFj+UKPLYAFSCMj155ruI9W8W+FvAc+oardQeH7rz1VRA5triQE45KtycZOM9Bz0rCvNJ1jVda06O68YaatpJE8bRLIEjtWiBIDIMKGJ+UElcYA7CuD1XxF4D8eXlvZXj61ew2DPbmRDFJ5mDgNEZDuwxHGRyMcDpVQk2Uj1XxXoOi6N8NTH4g1q8vb60DTwRWOLizjLNwJlOCmS5Gcjk9CeDn6NB4Ns7yPw7a2d1rX9q2yS29wySQvE/JO2Lb827K/7uMZPJO3N8QbLRbn+xrbwat7o4t4rVDP51tJIhAVmkIX5gRxyOeTnkAb9vpWpaX8RbK7TU4bCVIS0dgHV2t0dCCvPLrgZ3Y7f7NQ5MnlR5XLHrfh7TtVvfCenjTb2ZjHcw3imVWYk4Zd+3awLHg8e3SuT8TePPiJF4UsvC1zBbWEVsiBpIFMUkkS9FYbypXpwFHIzXpfxP0G98YeIoLK28Zx27akNkz3KSRQQyqAE3bQFwwOMgYXHJwePEdU8L6aPFei/DPx3q01vFpbNa3OoWf79X81Q8ZTIJKhiqAbTtB6cc5tmqjYvXmh63deE7XWfEeqrpGkXVwPKO0OZJVDDJ2FSuNh6n3x0zQ1DVotM8D/2TfeJp7vTby5UwQoxeLzAcsyqScYwSWBHp7VhePb7TvDWow+EfD1lJqmi6TKrSSFHR7sFFG5l2hkJGQTg5PIwMCu78USpptppHgu98HhwLYyRxDMk2ZnJOHj3MMEEdQfWs5G8Ur6HgHxE0hNLlJtG86AEEr1CgDGc+5rZ+EH9pNfQ3tnbJ9kwVkdwRnBBwv8AtDtxWN4jla0murFrdoVt1CNDJkMO+DkdhivT/Dh0a18MaddTxk3NzuxEucZ5AJAH93HauST9467+4e3+BpPCN5rUem3EtxqMeqSNIJVUJMrbc7csNrD5eMHHb6ej6zqkF1HfR6Z4MjuLvS41SG6ZcXirbvxJjG0u2PmK9s5OBx87eBI7/U7WeWG5h0xLdpV0+WaQAhxvDhZAcj5h8vQnnHFdbrU3jS50RfB02uH+1JZ8vcSysh8pkJMfmoCzKSR1BPbPaumLONon1rxT4o8apq97relpb6qUCwkDyPLMa4G9WLbgcZJJ4OevGLHhbTfFHhq11LxTLZxy6zqKRD7Q6oJ7baqhlRCu10I+UY78jJAx4LqeiXX9uW9jrHiCO4u4dwkSR2YJtyApkJyenAIzxXX+HZNH8WeJZPt3iO7iitUjW2Ers25kbJ8uVyQm3AK8d8jpTcug1ZI+hrW8+IvhDwlDrGj6ZFBeJdtcNc+UGvX+0ZDrJHn5lLMvylM/gOMG78P+N9L8C3WvjQ7CDU578rM/kiK5iWTaAwXAUpkqBgkDJ+UgHHKaZouh+Kdd1LW9c165sTaSxuPtMeXkWM8BXDBRgKAv4YHFaOu2+neKNeubnRNfu7qWeNPsgvWlWWIxnc43gYOckjAzj8TQjIi8O6JH4eefWPEdg8mu2rlbcb/3UiFc5PB75x+FeFWN1p+vXFw+mrFFqENw90TJgEszEhVb0J6fjXrHiWKTVvFEmtaDrEdy1vEgSN5ME4XDKUwOd2e3pXzzZJauZfsFp9nnkOdwc5JyTn2A/wAaucIvYpVLHregWupS2r32s28gsfMAixgRllyWGOvXj86z7nw74S1LXoNcn321sx23ENttWSOVR8jDeNoBIGfl9+ua7T4faglraX3hy5uBdXOuxmNBs3CC7AIjbJP8R25IHYfUcLq8FxpmvTtrNuJPtGI5osjarrhQwx9M/wBazlTaKhO55ks+s2cmqarcMtyqyPbuJDhnUOAjKoGMYwc9K6uS7vtIWLUNfklF8gQxWjxFN0WfUDkHBGTUPjjwTNY6XZa9okzSz3EzWpt4xkD5Swbdk9sDp3FI0niKy1u10jxPAdX1hQpiJYzK8MgICBcZyCGOKU3oam98VPBeu+IE0vVLCxFhpM9uPs6vKCvmuNxYPyxDALjj6ACvhbUdDfT9QnR4fLZJHEhY5w4PPPTrX6T2d/pMOp2Wja1rUIcbVjtVzcxxN9wRtGMhGB4IIAHrXz/8X9J1TV9U1B7LTlt7XT1mglNtGiCREd8SFODkr6ZrzcRSurm+HxDi7M+H7ldgfoxB7VVAkYCMLjI6j0rqZtMEaSC0y2319Kw2dowytlR6ivMtY9VMoeQpUnnjgiofJaKMkcAVoqC0OE+VjUTxNHAS3z561jI6DOHlCElBnHJquxZ4ySflNXSQYDHswh79KpY8hCu7zB2rnaNURIcKVXnPrVnGUQZAB61GqPIVGRGSO9LM6KFQfMRwfrQbisoDFF6VSYsJtkkQYr/EfSrDM6tz93AxQvzM7SOAp/OokAQ7gdwbGOntSqJSGctvwcmjykWPerbhRA/lwO8SnI7etSxjNsMitwdw6GolQj754I9asRwzSxsMhBjPPeqixbB5mN3bFYTRpFkCBSrKc496WDMMgCNnNWNo8s7lwaqygoVYZwPSuepDQ3pyszr9PulWXbJzjr7V0K4aRXXNcTZsjAtk/N611NtNIuFPORivMqxPcoSujWYHqp5q0hOQSeRVKA5yvOexq0oIcA96yOy45vv+eeAtPVi2JOzdqftx8vUUxM5KmpYcyJQASMde9W4Wz8udu2q3TaQMVIrYIwaotGupLDPWpVwCvPWqKgqv61cjJaNWPWkxlkKe9SD86iBH1qUE/SsmJEvPXvUscs0LrLCSrgg5HtUHFPUgfMe1HManUQai9wv7wAyDvU8N2JZPLAGK52NnVS6EYNWYZNvU4NWwO0jnlWPylbavWmCZjJj+9WUl0jxqVOSvBqZZcgNnFQ0mdFKtZnaafcpHYghcuxIwO1b8OrOsewtt4HJ9q80iuJY12KwXnOa0XuvNAO8rtHQd6550bnp0sSd+b1bqRYmf5j/FU0ihRsU7s9xXnq6gYSCDzjvWnZ622xvMbEnSsJ4VHXDEnUiO8siZhJgdsV3eh6vdGFRI559TXk8Oqud0czb1I4NXV1ZrYKVbd9K5p0Dsjij3Ry00e+MliB0rn5Z5IJQ5POea5Pw94slRtsh34zxWu10lyru4wXORXJPDnVHFHd6TqqzSCHeFLdDXQS6s9mxhZtxHevILZ5bcmVjlV5+laNtr0cqkzHJrjnhj0KGKPYLfW1liV92CR0NbsGqGRBErc/zrymy1C1mjB9BWpBdmKVAp+Zv0rmqUDu9vc9Gkv2jdSje5FWzrLycfe46VxElwr7pHbkCkjvshdv3gRWcaFjaNdI723uxJu3fKVHHvVuLUMqEcY5rjDqTLuyuM/pU1tduygYJPWrdFdCpVkzuZ7wbAvrzVBb87Tg5xWKZH24d/f6VQluDnywdp9aFRLVY7m1vRJGYpDjP51YclEGGznnrXIW852YLcgdaZLq7R/dwcetZqhqHtjea+dJSVO3bSnUwRmRsH1riZ9WBYjhW6k5rGuvECLKEyDgVsqCIliD0i41FfKxuBzWRHqYeUIeBmuFGs+awRD16k1ba6SMBnfk9xV+wMHWO8a7Yj5TwM9aqi++Rm3YzXJC/jdcBycVA+pSIpVuBnip+r2MpVNTro8XDAM+3ce5rmr3VDZXTxO+VQ9u9ZLavHDIjTuQMcGuS1PVI5LmSXfuGeK6KdC5yzrq5qanqpnldI2baw59axPt7ouy4+72rJk1GIktnFUL/UI1Rdz57Gu6nhTzq+Lsa8+oKq5DVgXWsyKCHwcDjFY+t3sFosZR924c1xVxqM0roYz8h4avQpYI8fEY+x2D6zbzJLHNnfgbf/AK9cqJC7tvYbSTjNZV1dKsnzHgenes57+OMOQc+ld8cPY8evjbm7M8VpHJIzgFugrhrjWJFl5bI/xqrqGqPMrRnt0rnTMwOGXNdD0OR1Lmleauznyoz9SawZWJbe561F8pkI9T1qxLhY8flWcpijEhCbgGB4zRJJ0UdahXKcA0jAkgj0qjUXzAe2TTGzgr196bI+0BR1PBxUW5m4POOmKYpMdnbnPOakLBE55DUxTtGSRmomcYOecVm4EDMHlgaqSsu1qe8m3k8Y7VlysxzKD36VbiYVJlaaUoCueT/Kubv7ogEr9K1Lt2yT/EK5DUJNxOGxk110YHl16nQzZdzuSauwICdjAE1RRedvWrAQ4DjK16EEeXUZdchvlU7afbK6uWDbvrVaMBV2klm7VqQRbwsgYICeQa7IxOebLgVXhKt8rjmkmKoquOdw/KnghGMezB9euaXZkhd3/ATXSkc8pDLdDImGbAPb1q3mE5SZShxwRVHKFjGwII5BFTCYspWT5tvetEZF2LcAAg78H1q1NaDcLqIY2dRVPTZF+ZZTn0PpWrbuJZAqc9iK1gjORr28gFt54GcCuAvpleeRwMgniu5mZLa0lQHtwBXBz8LxzmtajCBQY7to+7XW6HbxXEkYlXem5QRnnriuWjZFcF1yBXqnw+srm4161OlQNPOjeYyAZyi/ewD7ZrGG5NZ6H6efDPQLa38LadBrjIs6iVrNoC0ivDLkruxxuSQsCAccY561xHj6DUdK0SzutXkNyA+wxgYMBcZO4/UY/Ku++G/iApoTaKtuq6PDbzy211coRNBuYBlBUgBgzMwzzwRyMYg8R3ugpFF/ZUp1a1vFaO9MoI2swwxUsO/JwQfr6fRYZe6j5iq7zOX8Nwx65Y6NIJRFOZUS2lU4MbblRWyMEYIGe9fROi6BeW+py31vqol1QQeXcLKCYZQSPmXGCpBAzgHt0BNfOngqXVND1XSYPC8S3EtvOzoGIAeLaS6HOACEycjn05r6H/ta4v1m0/UNNSKxvGfyrhiA8DK2XjYgcAkccjv17dlGViKkbtHiXit9Jh1m7keMR35aVbuMc4kDEP7ZPOcHnr3r54GhveGaysCjHGTjA2n0PvXsHi17TTdVujBD9psplZVuRkM4bPBB7jpu79a+adN1mbTtdS4ktvLjeR0faSwdW6A89QcZP447Vz4l3Z20Vodz4esLyyv57Rwk9jPhJoywMisDlWXPOBnP41YunbVtN1LTYpRJPBK4gjYgOuzoRzz1wag0i3uNVvdRuoAYvOBZZwf9WAfudeRjp9Ku6d4bvL62kjvoPs7GX91dFsu27HXnO0nrWQdS14TuNGt/BdzrplmnvLFj9ojUZMSjkPjqV7k+n0Nem/DLWrDxNZ3a2lzHPPblpDvAWWNMD5huGSAeDjpnnrXlOnIujYe9sPKgeUx+apDKT6E5711WoeCLvSvDsWsSaAttpzT7ormFlYkSHpJtLHYccZAAPArSM7mLTud74XGn36XMmm6h9skct587LskjbBIwDztGetJBPBBbldJto5r3zWjmvJnflTkleffHIIFZdl4UWwsrLWI4VWSZPMSAIBwckMzbu4x2rDvdOv7i5EOr+ZE8/wA8VtA2UYEkZwM56d8GtCDI+I3hhrW0guYZvNkDGWUvwNmOVT8TkZr0P4Ma3HokN5YTLJLbavCI1cdI02ncue2c9q8/8VnxFd6VHLqcAhsbRNixqctjAGW/TOa6X4c3+mz2NraTs2niJipI53Lt5x6EiriFTWBoXkAOtHRkkkt5HfbbiYbGdTkAk4Gcj+Zrrr3Rr/R/DLRNLhoiHaLruUkAgHPHrXY/E3Tk8UWFh4shg/foVtBFnPysHlSReB/kisbwzLcajALq7uvOniYpJHswAcgAk9wetbGSd4CeEXm0iw1C0e5MbmNbi0BGV8xRyrfUYFb2rQRT2ovroxSvJFHcbo2AIfHI4/EVi6nZ6qNRLW6HG0u2ACCGPKiuYsLNLj/Q5WeK5cMgypXAPYg+tb3MZUjrri4ni03WNPgh8qYeVdQwE8FThXO7vhea5ezhne3msfOy8SmRFH8KnHf65xW6ZrjZb2Ooq8eyN7UyMPlO9cDB78YqnBa3iw79OXA3vaMxH3yoyP06U7mOx5rbnWLG5kvLtgglJiK4zuCnhiT39xWfr9nIbdJYwvlSthjjrkHIr3rSZvDd1aajpXiLfBJJaM0LBd2buFgUToSA3OTgcd+a8u1G1nt43s5ot1rKwkikyMgfSs5wudVOdz5Nv7ifT9en1Qs8IDMkYUcMoOApr2z4c+G59UH9rxzG1lkCGJ84/wBYcc4PFZ3jfwTfXAEtnGJoW6spAKNjrz2+lL4F1PUIdMi0QSEGOcrHkYKqcHGe43ZP/wBbFcD0Z2uKZ6xe6b4gaSWLWIzM9vGz+Zu3HYnO4e3en2066lN52nF4762jEhP3cbP/AK9bvhjxF4i0PzJ3gTV3gjkBR8kiI4Jwwweo47+lbYuPDfie7j1mzheyub1XFxCv8DNxkYHX1PfqRnNdVKVkcU4X0PSrG20vU7SDxD4XeLTNX+xg3KzsfLleQKWIds/MCCcAAHgDvXJa7peo3WoaV9qtnguWkWGO7KEK8rEADJAB59+MnpXR/wDCPvo+nRWQU20U4Ein+JgmAST+NdDcza/ewWun3Nozf2DA+oTzTNlXHVXTPUoCcYJ7jtitPaByI8Y8Tafr1hbmxciO3iYsJUQfNKRypz3HY1Zu9RuNQ8NLZagzTv8AKZbgkZ+X7oK47evtWfqN14neG6mYy3FvIzXLkqWXcA2BwOPp71zGgXUk2nXkVzIS8rfPDICCoPdT6c9PakMpLqWqx6tGslwLq3h2ZLMS+0cgc54qtqOm22t60WlyrSJvKMNu4DgD8K2PEuk37XdtcaZaszJEFZ0Gdw7cAdqp29u1zawapHfvc3EJUMjptKkc468jNKTTVzW/VHxf8SvAy+HvEc2YVNtcsWRlGCMdQw6jGRz0PX1A562hRIRDj5BX3J4h8EJ8TNBnu7aP7HrFnIyRyYykxRc+Wx6YYkYOePxr4u1zSNe8KXklr4itTbuC+DjKkqeQD3xkZ9Mj1r4fPctd/aR2PewGKTXLLcrCSPG3OPQVT06GOKaSWQgkscfjTrbULe4iYOApwecdazZJA0gbeQh4HFfLezPTLGtJEgAj+cE847Vz80nlwgYw2cY9a2pW80FByoHWsaXbuPc4xmiwGSYiQSvOaakRc4KkEetTC4ETBnUsAeo4q2ZlmiDxnqaLGhcaJNirH6ckDp9K9Y8KQ2qaMIJNsskgJ6ZP414xFcSnKxqSq9SBXoGh/aYQJEyqHBGeuTWLNDjte2xahIHAALEniuau54HDKh5PINdh4ztFMol3fNxk/WvPfIaPlFyV96dgKhUjJ3Fye9PELcA96kUBexUE84qQFegBPpuoAoMEXcixBW9fWlX74JxyP1qaUE8uNoPp2ojjlkcKjAt0waAIcNu3ZOSMAVt229lCoMHpk1XitWR+SCw6YrXghaTqRuBzzxxWbAZLkEFyWxx9KoXEzNlFUbGPJNXLwho2RW5HcdRXNTQywYQuWB5BNAFuTy3IXyguP4u+KV/LXCL91fwqqpHAY5bH1zVpFVgG+6DQBetLmJS0IHzAZ96W4lJClMYz83vWcVUsZNvzdARxU64O0gY3dj2obAnjha6fHRV9e1Sm0giYbnznsePyrStY5IbUzlM571VvoIH8t4gd2O/c1DkBUdJJlMZbvUZhuEwjrlG/DioZPOizsG0nt6GughmcwDzVBYio5u5BX/4ReW7hW5gPA6j2Fc5LHLbyugj5Tsa9J0nVrdIPJY7WLY9OKi1PTFvHE0ce3d171HtHezEedKqqCz5y4/h7Vp6dFdW03mRZBI5yOav3vh+7smQOV2vg9On4VpxuAuxBymM8Z6UOotkBVu9KvJp47tzlwMVsWejadcRtmXDJ13f3u+Krpq8cfz3EeMnA56mo47uG7uytvwzEkD3rC7A0Uv4NPcW5AdR3Par32i3utskUSsBwCBnrWbcaPczqu2MPkZLdaitLW8swI921T1Gad0AkttK8p2oBg9PQVM8LRLub94gGT7U7zNjkxjk9SaupLHhVYkuf++cUagZzyW8gBTK4GMnitdrgxWgji+bfwcnmrcdvb3CkSqGCYNV7q0tYIUNuh+ft1IqJS1FYy307Db0UOSMZPWsjUrfZEGuFyxOM+3pXXaPCbq4kBXKxjk571xPiRvLvGWN2eONsYPY06T1CxzzCU5AAx6VrxabZpYvLdt87dAfX2qaO0tnRZd5cN2J71b+xrfKIiMbRwScEV1cwzi9RuYpU8nGSmAKxFtHlO2JiFH3sc4rrb3wnPCvnO2MHg5zk1UawubJfNYEL3NaKoh3P/9TyrTE0/SNPmhnmdfsqlvm+ZnbsMjFLaaZbagFu5TjzR8vcIP8AGrt1NZ6k6pYwhUnIXDY8zf7gZq0mjz6cpmnnWFE52Dpnvmv1hHwLMdNInu9UTSNESW8jIBeQoQqk9dzDgD3OPSvTvDZsvDwuIJSIrxMn7Ssh45A2qABxjOT/APWqj4WvNV8QXsXh251KOxs7oEM6qAsMf8RYjHb1IBPUgZI9Mdvh011c6Tb6CNTsLGR8XVvcyBm3Y9GBbBGMlyB2z36InLJnXpb+HrnS53ZLm8u9UjiezezUzvG4y0hZMjr0OQe/Q81iSfD/AEbwvYanr83iBp3t9slvM+bSV2xlkUOckkcADnj0JrmPC2v3XgbTntzZPcNaXBmNwCBcCFwqBdh78Z+9j6da4vxD4w1fxxPNpt9LJfLaOyxQ30CQNGshGHIQAEEAHPP61MqjvoCRx+r6hPrtt/wkd1rHm3ljI7FC4Z3A5CLnp9K5q68Z3PibXpLTyJtNttSyuZOVCqmCQ2B1I/WkvdHmutVubDRbVb5LcqsjQN8ucZOPXvwPSux1DwvJBc2Gk6fZSXEkkMcsoLAGNn4K9B90+tZ3Zv7pt+GPB91q0djY+GvMSJw5lmuZ1iiLqxGQF5wCD2z+VdPp+pXelapGNYKX8FnLJb3clqxnOFBAKnoQGxzXg/jPwtd6TqQ0PQ51a5KiV1JDbQc/IeuCODzXf/DHUbrS76HS5LyS6uNRDLPBFGFgRIlL4G/nJAPzL17jit7aXOarSS1R7JP4a02OD+3dBvZLtbcJMbeSERo6SnPVmByF5wR+XSrviLwbLew6TqPiWb+zbNIi9vHHtm8xTtOB5Z+UcjBIHH51yfibxNp0s+l6XHo8VulrNtluJbglTHkqUwAoXGcnvgAAgVL4v8V+LNRvIL/TJoo7bS4ytvFaQjy9pwMHdu3HgY7YwQAao5TY8HanHZTX+qPvj00oYIyFHmbyQRgdsAfgSK4WLT4LPWIftqwQQh9+6eQtvA5wQ3y8+9dtBrljrPhifXW0q3s7e7Zyd1y7SiVW2l8ABRz29vSs6dtL8Zz6dbeJdUstA0dH8t5oLZ2KkjO5gDlugBO4ADn1yk7FtljwvL4ZvvF15N4w1m00CDTmjurUx2ryiYo4woKHAxwcdT245GXBf6d4p8R317c3jJaythWghxgLwnBHdQD0967v/hH/AA3HqUNh4V8Wt4h0HSyocCyMeAwIJDHlhnJGM5xT9b0uyXXJ/C/hC+uIrIhZIy1uI3Z+r4A2tg+uAeo5Aybi76mbPLtX1rVZbLUtVnv5mm0byUhXyFHmrI5QfKBgYByQcnmrlppFlr3iB9P8T3Oq6Zo13bC4tHCyJG84ClW2MhBGGOMDOe9T/FBhey2Gj2N7cRG+CQkRR5JnVsbSB1JJGB+QrXh0zxq95oXhjWrLV7m30ZwLh7iMw4gkKliHOD93pk9BxRLsKpUPCtN8PTa5qtp/wkGhXk+n3JkiSeRnjR3HGEfK52nqM+1WdT8E6x4bvmto7aO4j01i4UnzFWHGRuHqB1H86+wvH/hjSfDmhT+GLLR7rU4r7bPCjXSxwxMHOdudrdM559Otcv4qt/C3hTwVpureEPD/ANm1G/by3jnumdkYdUXLYYEg5bHAx0LDGRUK3Q8b+INn4bXVfDP/AAiH9lNdahbReZ9mO8CYlfmlzyMnIUMobg7h2G18R9Qm0+y0d5bbTk8QqrG8uYLdctwAobgZz3yMgj5do4L/AAr4Xu9I8Naz421nTdPh1u3KSWMcqiSOKONt0jqBnJ7KQSQQfXI9J8KaWnivwzfap8RNb0/S9O11fKjeOJ3PmxtgNsUjCqeeWxkYxzUylYcXrqfMWn639h0S9jvtSzdxnfAEhBZ2fqueFCg88+vHQCmaR4e03TmtfEV3fzeRr8EqFETa0UgIDsMk5bceCQMck5r0vw34J1DSNfWbTtdjE8LM6I8GRLCjDOfmONw9OR2ORmun8V+D7Xxl4rvHtNauFtYwDDGsWAjMPmwGPcjJ4GfoBW8ag+U8R0MarbSST/ab6W304mOONFL7lJ+YIhO3JAHTp6177b+JNV8f2wsrKFIIrNPtESX1sqPJHEP3i7lyFGB0AyfWvJdV860aHQtPN6ZNM8xLiWUCPcpOARtOenTIyR3r1Pw3rkXw7s5BpV5dgCPcZCiTNIMZKqGU7e+ATn3rZ6xMaqZckn8MeGLnTpoLG1vrvWD+58qYxzQ4O1gU2kHdnge1ed+O4NYsNddbLQJbmGd/NgaNWl2SYG85XJHJzj3NaHiTxvoN5qMLanGst1OE8mWWH96hc+uDt57V2TXepNp/nQQx3FgwQmWGUh42UnOVYEHI7VlZgYmhanfeK9Hjsbm5uLDSIdpeXb56jn5lOFBYAnpnPNZVxPo8cD6H4buo9WnWZnRZ4ZIvMxwcZxgge/avXND0eO90nU9ALJDYak6GSfrLG8Z3Hbgj72BkkVTn8Cr4O8N3T2l4mp6sTuR9qkp6hQRkcZzQ0B5xZ6qbWWzbSrF4rm4k2FUmDFW5HG7A59zWlqVlpmp31vp+oFpJE3MqSKV3SHgkOvUDoOorQ8K2Gi20wv8AULuK/RyHPy/NAw9lyevTpW5c67ovjLxcNE8OZisZ08mGcZOxlUyMSGwcEj1oaAzPEOoaP5lpfWuoyWt7C/yJC5LpIOpwuSo468Zr07Tb2Lxh9ltDq9pd3k0SiVbm3dFd0GWGdu1ieeAPpXlXjiCy06dLLTdKU3MYAaYfuXOO5HTJp3w78Tatp2rQ6brkNv8AYgwltDc4UxuCSyCQADknIJ6EY5yAKM6sLK50OpWtr4e1Ke1t7C9tLxhudbOUOm5OQMAkY5ye46YpPCxmi8M+JoNY1+1uotV3SRQ3dv5ZjdUbJZgBj+HHBIxnFT67caPea3qWoaZYT6XqWkt9qlaCRrpZUkPz+YCmEUZ6DA9qpWV3rMupRz6LcWHiXTw+82k0f2dgueUO5cHjuxxgdKTZVI4Xw3oi65qH2TV9L067sl5knhIYLlTtHJyeeOK7EQWdvf8A/CPyeHVvdPgdY4BBKYmRX5baowD6gEgepHWtDxZ4OTTLu6mXwREkMYMpaHUQAueWxGuMAckDHToMVU1vXvC+k28Guaf4W1YJeqytbxu03ksgGMP/ABA5yD6duwLXLO0XXtF8AWb2C2mqWiWE0kkcqLFIsccvzYRyQSoz0IY8nJOcClp/iayufD9zrc11BJceeL2J7hfLkddw3byccnk4HTnt08w8HX8PijVLfxRqlxqmi6TBuUxEu8c3DA4GCGAPcL19xU+rCe6s500bx5BeWfMclteWK2gEb5BxJgs2B9OvPuSp2Ee6XdlZWohuJbj7FPeAyokT+au7qwA+63X1/SvO/ENx4cuJrHS7NVuJtOYkR+U8D4YjIAIAJAAIHscV5zrskdnoej6dZiK7+ws8i3FrISsYYhuCvvgg9RipfDfxLvdGN3JNPDdXMZXyVuYvNaUMCHBkyGGODjPPuKSbWoFxdJfwpNcXnidftN2kjGJVXYxRvu/KTjkdMfnW9YanF4w1vT7zxLJ9tOoxzw+RHH9nkt2gbchDIV3ZXJz6nnNaV349stb0lLTV9BhnSaMoxMjZAJyjRn7yFT0Ib26V5D4u1ydNaS60WPeAyERIQvlSgY4YdDlQc+tVKVwPY7nS7vxz4vbw55UDXIhyiXY8maQRAHhsfe2nI6DaCeg5XSbzT7LwvcO88GpvaSBRp9ygjkiVpGQLHIwbfgYPAO0frzGleI9annsLzxRbmXUYMm380FJVjYH7rAfMOSQSD7Gqljp8txJfLdEXcZIVvNURTRtnIZQM/exWbRUZWH6Lpnhd9Turq21CbwrLEC0lpcL9qt5BgbRGzFWzxzn14yM1x13plnq/iPSNVu9PvbW0vTKk11pRkDMwGMhY1IUqfvHBJBPU13TeDvtry6r4euTqkEJhWS2nVobhRIdoIyFyGPAx09SBmumfXNL+F2l3lloEV9pWr3c6SzrcoJ7eGMj/AJZllKkHgHcGz65Fc/P0Njy3xNP4qPhu68M+EvEdnfWF/HLHJDdKsVw4bAABbOGIHOdo+vNdX4B00fDHRID478I2l5fzW5xNayhpHCDIHy8eYAwVscE9CetWbFLSayvX8WaHFrCanIJ4LmLCXLPcHLD5TuHJyANuCSOe3lOo6bo/h/xNqWnavbX/AIUkt3SSGGWJ2eWOUHJyAwAXjGScjjqDVgVvDOgWgh/4S86vqekTTmaHyLXcrT7+yyLgAKeTnOe3NZ3hqy8PaTFdajdeLNQg1fR5v3AkgaSKQfd2rnedwO7OTjGMAgnHb2HjDxHZWh8NaZ4gEliWja3coiFQ3zEnchZSCefzxzWz408b+N9btJvCcdxpmoeYiIyKqrJK0ZDh92772QCcYHHAFMDDTV9U8Y3Ok3eueNB9g0W8WQW7IIT5RwHf+Efc9QeOOM5rorHxH4i8dajrfw2tPGVpbaNFLDJHPcxpGkqBsnYdvLLj+8N2P7pJGlqfgXxIsUskXhuzdb3TVOFlRGmuAvDIzEFM8ZzgHuSSaxLqy1zTfB8Gp6b8P4bW8t4UivZBcIplQDYJTEDlZCSMnkkk/g5ahY9F8ceIdT8Cadonw1soNG1priBS11HD+8nAbhmw/wAjEqc4JzjOcZFeVQSvp1hdXfjjwbqljJOrWyQWsokR/N4yq5z04+8fpnBGb8PtPMcsmveLfC08c1g+SUlYSTowbOyPjbtGAD0J6HOcd74U8TeFNY1LxDqFr4lutDGnvFd6Y1/AbqR/LQl0YqSqlGUbcnlT35rFwSRSZ4Z4P8MW2qSS6l4f8R7LRGkSe01NfIkhXr13MpOBncMD1wcgTan4lsvEHjGe18KWYtrGJBBDEH8xXEW5pHVzjIPJB6kYzzXoviTWfGHxQ1Zb21trHVpTaqZlhAgdArY3kOwGSWxgYGegFcdo+ufD3wXpuq6LosLXGr6jCi/ZruJjLbyAkSLFNtA6nOM9VGc9Bbptoh1bnJ/HzwWPCPjeyttQuEubG5toWjCjafLU/MHXJwck9+f0ro/CN4J7yXRbzSY7qXUWj8lJgNkYwfnIIPQZNaf7U1xp+v8Agnw14/SQPqKeXYpIqbVvIgGJZ0I+Rk24wMAkntgDjPCviFNX+HltcGUQanp6TGMty2RnAVvQ8YH+FY0d2jeSvFM+j9U0m3XxZa+OPGXiW1sbbTgMC1j3iJxnaSMncWYgEBR26Y5rS+PfDWiaBFr0erTz6lPNOrNCoEmHBZSYZMKYjjOcYDYxzwPFvh3JoCMNG13QZNdFztnYvcNCscmPnyFU7gTj73OfrXc3Xjiy1LWh4YTQbOTS9JiKWcFwnmhPPwzhpGyB8xyCFB7dhW7MTnk1Tw1Botl4qnvZxqWpJKTGqncBG5Q7iTtYNjOc/hxVy+1LQNL0DTdcsY7pZNbSRQV+XMceBIGbIGCcYAznnuKLaXxKNYjuRb6faaVbNJbxpL5b2sEbqAUYnDlcY68Z46VDcaZ8S7ixstKudStIfD9hqQREdoxDBGWJySVLCPDkAEnGe2M0rjRlwt4c8J+FrzVNO025udSlcGORSTGgYBR84JK+vQ5PeuR+F2geG5ftet+MbK9mayZJ7eGLIjuCG5jdgpK5IGTkcZxXt48Oa9LqUlppXiK1u9MsJoHkkt9oiKnaz+W3zFiMEcd+9W/Efh25uvGlx/wjuvx/YZLdJ3kfdGAyqA44z8wA3ZOMc5qLGvtTzvTLHwL4v8b3V9c6LdaVp1u4uBbRubmFRGAWExZN+xzkEY/ixwOa19Ws/CWs+LddXw3osmm2AW3Iii3bRthUAqGAxk7icAcmu2Tf8SbuOTTPESWl+1i0UcssTRfaVHOWxgjBOfukjrjANcJJaT3sUlhpfiuCXWoYmjU4aNJCvJCzY2tjn3OM4xnEWFcoX/jDwlrE9tobaXPovmfKLlf9JEZbAXIOxscEYHrzXNalp3hVrm70q/s7+2mKyRw3bxsu+VekpjbBCnrgHoea6zSo7nxG9j4B1PxGIyZnMwWJR5MqK3CS4wxY/KDnGcd61otd8W6Bpo0bxDNFqmsRzCCGSQK80bTYKqrDG4MDx9R2qk9QOai1O1s/C+m+GdI8YznUYj5Sh0fajyEhUSQDO3cQBknaDjnFdPK3xI06LT7nUTpl5fpiL7QI91wka8+W5UINrDjIHr0JFDeHfE+lalL4h8TeCEu77TLuO4Yhly20qQpiQybxleW5PJ6YJrDi0/wd8RvFmsax4otrvwodIKXbiKNmMq53CLBVSp2rlSAPwFdGyMLalWGaG+1HUNT8RaJc215HMJA8G5QXZixLBhlcnkfoa7/wn4Cv/F3ig63ZatpXiPQLsNLJp9xIUuYiU3KhXY5R1YY64K5OOhGZrWqWfjPxW+k+DtUlIeJPLSaMI06ry390Ej6dORnBrZ+IGo+H7TSodO0TRLLSftEmbu9s4w/kOpClmCDBU5PXvxntUyloNKx5n4t1ab4qPNZ2wNmwLW5hdxIYtmNw34UsCy5zjvXgdvoUnizU9L0XRyX1KVtkUQIEce3+InryBzjk9ADX1HqnhqysNJ03w1riI2q62ZFW9gf93+6cbdy7QGLBgp46j8R4XBd3Xwz+IYkv02TaDc+Yi7chxjKE4JwGQg+2fUVwzWp00amlj0jQvAj6vY3sGiLDqmrpCbZ0uowIYWcY8xGcfeVl4OM4zj24/wAZ/CBJtGi0yGxTVNdUPDPfFi0cEmccEkjag4BGM7c45xXrHhxW+I2garrF9rB0nS2vLi7aGKMSSOzHduIUrnIJHXGVx05GMbbVr3wi1pqOpxaZ4fjn3u7oyzv0CkqBzkAfLvHTvioWH5hzxDVj44uPhnbeCNWvLDU7kTTIIyoiBCncA3OT+Fdr4XuNKGq21u+wXNwwiHngeUu443c19C+Nfhtea61jYWPh9tA0YQiSHWrgH9/na5dmyNwZcbFyOSTgKcD58k+HE1+2ualaapFBb6KsSxykENcnJDbRnjO0kdckqO+Rj9Xa3OijilN77Hzj478HX3h/X9Q0q4cXEsU75dPunJzn26/hiuIS9ns5UhKbjxnHb/Ir7QvNB0mfR7H7UPtKYJlumU5RsbeQO2exrwn4k/CzUfB+sizmWUNLH5iGWFogykAgoWJ3Dnt0rCpRcNTtpVOZ2Ny08Vx29wfCOhXfnadfskDTY4IkIUthuRXA+LR/Zmsz2mnRGCO2YKz8/OezD161zWlzPaXBlkAZUP3R1BrqPEGoRapDFhyrxj5RjtzwazUy3ENP1+eKWCSVhJJFzufkjPY16N4K1C4t9T1DWLKPy4JGV9zfLtJLfd9eteBRvv8A3hOzDEHjAxXovhm71PVFOmiZsRFDFEv8R+v4VtTqhy6WPrjwHpUNza+IbWC7+xaubbzorhyVLrnLIGHTJxk9e/OK7DQPCnh6Gx0TS7uCO/1u6ulklcSMPLjyAIyOcKc5LYzgZxXzZcNq1ppunO2YlSVo/LySkmecHBwcV7r4FTUpPEFvDo0g0uRrRppGfbIE4G4/MO3SvUoy0PLrRsfTviax+JXh/Xr7xP4t1+1On2kKCG2tLlpJYIy/y7VCBssdwyT1J7AAcfqWs+G/FfiC5uvDVlqN1CLYTOLmRBNJOhO7byd2Rg8nO4kAYxjS+GvhS10PTb3xdqLP4ght5GiaKSEPbHKLsLqd2eW4JP610N9LcQWGqaoslnoUGqqYYS4EUceVbaFyRtCgnHbjOOAKmo/esYMyPDvizx7qevSeJNc8O6dY2cMDRXcj2exPKVcqZC77sKVHIIAA9K4PUrWx1i6vfEnjTxZPd6Lp8s6raw3TuzF/9UsCtlQMHjB52gEAZYd1aW/g7wz4C1BvF2ttrs96oAGl3wa4jZ127WV3G6Nuj7gRjtzkZ/i+fTdH8CaRpJ8MfZ4VMcMk1w63Sw+WOilVC7nb5iTyec8k1o9jKmcv4Pk8M6X4T1TxBJpl1qV7axtNablEsLIVGDNEcfLnPODWN4Nj8S6k2oeKrXw5p+jWk9sYoPOtGt7XL8eYOchlOPmHrW/qlxcpo+k2kGoReH7lbpIHCt5Egsn3KWYDnbkDAxjioddu/Cnhzwvf6J4s8T3WsanMElslsZvtFuybxuWUMflbg8HAqTQoeE4fFOkXA8cePPFFtLa6MVge3jdpyGddsYUIoAyHyMehxwvEnhnw1o2oeL5fF893Jd+WZp5bWeORHWL/AJZlTyCNmAo9OgroV1rwzZeAL/S9H0R54fFzeZm9g2/ZxAECyQSDgkMA4ALHJbOM4rW0M67D4Xhbw/pEcM9xuS61JWBkljBZU+QgnjpnnGOxIIiwzE8MGw8R67rM2p6NLm3UT24WUyrGqE8OoADA/KTkHjPHNefadqb3/iFvEet6FaR22p7QmcRxwvGFVWU/MVIVfbvjrXqfiDx5470D4ep4B8Xra6fe3G5bYwwhbqSCNhlvMjZlAwcdA3r0ryLXLLRNI8IWkF7ryam+qFZ7eO1O97cqoLiVTjacnbz3zgcUrCZ6D4E8J/EPVtdfW3ulTS9NeSDULn9yxgVU8wAoSrMreqnIzk9K4mXw59p8bar4u0nx/bTWNvC0txLJlZQoGQnlEkgKBtHTpgCuzs9a8C/D7w9p3ijQ7mfWhqCix1CwYPbB96Fny+35sFDj+YzXiXi6P4eP4P1DxVo2nzvez3skbwSuyLBHI3yqjAEHAKk5JzzkDFTJ3N6UbPc4rUDZ3Nvf6jqVzHetLOeQ244J9Rkng961oZ77R9NGuWoFvJG4S3PHG5ewOR0rG0DSvB0qbbB55FA3uJVK8kfMMgBcqK7XV7nQX0aW2tYfOS3+SFXyCXHAORXP7M7LnX+Ebb4eaLpenX17qb3N3b3AmktZI2a0kZT8ryBBkdFyM89DxxXVX+u6dc6fqvxE03Stthb3CwpEJAyJJ8gOCRkY3Bh8oAzgVnLov2L4U2XiCx8Kw3k+vSmCKYt5hgML4ASLGSH8t+eOvJOBW/4CIfxKmh6jp8mgadcRbr2G0curlVO2UoFYDD7QeCR+NbRRyTnYzNG0FNR8JQeJfD3g7dca15lvdXb+ZLbRJI5DEjcSpBwc7QF68nArS1/wV4q8HHQNJtfD1vcWNyxeK4t2E0BCktIhbGUcdSCcnPGTxXoPhFbPS/8AhItbj8aJeaHpJV2+x3LxKWkACs8JAV8j5RjOWGBnBx5j4Yv40gm8Q+JvEDQRXlwx8zJTZLj/AFgiUMpLjGTt7Y55xpGi2Z+1ueu+LPDWtW3hvStX8PadAbHW45mnZsyptjHyh1DBlYMWHHf1wK1brWdE8BeH9G1zSPBUa3Ot2qm4imBlhTaqk4LAlZNzYICgYzwcVw/ww0e8n11vG3/CTRNZW00vnzxSBGSNkOx3gK7cMcEDkZHSpPE/iHTrfVE8eW3ihp9PErxeYFcSynBCfuNuDgA547D0qXT6EmP4/wBM8O+E9Bs9XsvDLNqfiDTBdSi424t3VNxaJgAQQ2MqAM8bjnIHyV4Q8Uf8VJqD62ERfsboQFO1fmXH45NddrnibXNXkvtWn1aa7hupJQnmOcBHY4zH91MjHAAFcQbeLT4W1Se3MltdOkbuCBucBjgfgD7Ur8rN1QurnuU+gaZqOhWOuaa3l+bEVuFdgD54wA6Beq5yfcY6EGsBf7YZZY9Qi2T242yhB1jIBBO4nr7VStLsXWt6Oujowmli8o2SrtPlHLbsnAByB+WfWtvRINVTxBrMmq24FyvmBreWQMxiYhlVSMjK4A+nArR1LkWL3iTVPDNvp+kabpVnPpGoIYnmmlkLGQbNu5EzjJb5h06cVy+taVq6+NrePRf3t/p5WSOdo/KaeJlBYksTkrkjqec810Wtf2ffX2lXXjBLhJV2RweWvlt5atnClhg4z34rd1nw34ml8bQz2srT2doUkjaSSNJGt8jeAq4yxyR0GeO1ZNFQnYwp9F8H6p4gEnw4hudUvrwP9rubzEflXU0mVZMgAHIJJAGOMGrF14cl8Ppr9943lN4bePdJGkuZCcE/JtKjIAwAOOnFZS+KIdM1DxBYeC9J87RNSszDJJMhLRSbSDNlPulcnAPH6V6l8MNC0Cw8Papa294Nc1OzhM0CNGrRysykgMHy3DbQTkYzzXK4s3TPirXPAtnq/g271nRNOtNGiT50nnlcMQp5RWKkHJ47cjpXytqUCW8RO0luM+3FfrL4qXw942+E13p3i28m0Ke1uJPI8qJWjnlZmZU2Ebl2nK4zxgn1x8gfEf4QG08Gwar4bsdksOGvG80HdEIyTJhjzgjouOp4rir4aR3YfFRbsz5B3r5QBbaR1q7JIn2b/RlLDHOR3pupaXPYMEuBuPbB4ps4Y26rD8gxyM15s4nqpp7GXcb3gCPxjsKg2hTlORjvVmYKsaKoyTyTULMp5yPSsDVFZ0R5MTNg44xVaUNFIqnHJ6+1ae6FZAGXORVOVd7b3x8vb2rOWh0IhYnzGLEEAc/SpAYjHuiQN6/SkWKN45NoLGkTfCpYALgYqEgLCSPJbnyYhuXsTSJl4w/+rcdRVff+6+ZtrDpimxyJL8uMmkOxJcmMRhckc9ajlzsUxqcHipiHVlUR7gvappgZQCrBM9vQ1DiO5QdWiiZJOWzkU254hUkYDelXXBDbW+ZsVGqq7DeRtHas5xNk+pBZuSMIeK6i3m3qoY7cGuPiIhunG3APArpbWRnUAcnPavMqwPUwtQ6hJF+XaeB3q275Ibpisa3YDhznHatGJVYkZJ9K4meunc0FlBA9aftH8PFQA7W9cCnrJ82W71EkS0TqdyFT1HT3qePIwAORURA4x1FPBzyKo2NCMg8446GrqEYxjgVlRyYGPxNX1YNg5xmkxllSMEe9TDHrUQH5VIOp4xWQhxzlT0wam6n0BpANyg9cVIMAeuak1JkGeM8ClJJ+XH40g9BTiKDQngfYuAavxzZ+8cYrNXqQKsA7V57UAa8U6SAqT1q55jKPl5xXP7yAGH1q1FISoOear2psma4Yk5NAbGCtQRSjywD1pFk/eAL0pPU1U7Gh55YDa2Cvam+bLnIbAFEcoDY4X1p8tvug84E4PpWcqaNo4g1NMu3gzOx+9xXV/wBuFYfs5IGe9cLbSERCAjk9Knclm+YEVm6SOmOIPRBqjLahS+4MMGmWl7DGH3HIPNcFFcmMFCSfatS0zcRuScFRxWEqUTsp4qx6VbahFw6yAcdK2oNcG5QWyRx9K8cF06MFHUehq7HqMkRwSctxXPUwyOyGNPcJtYUWKMDlnNXNO1JQgLNyOa80t7yJUSG4kwMZFWrTVFaN2HRTgVxywx0wxtz1Z9VVmUDv3q7DfqHGyTkV5Smsbm+zg5yOD6Vegv5FbY4yM1msOb/W7Hqb32Mu7hh65psWpWsmS7gHH615/JfeVGSeVNZzasqyB1OK1WHM/rb7npk1+IyducY9e9Ytzq+UJB2tjrXM32su5HIUhck+tc9d6wTHkEdKccOH1t9zebU7khsgMR39qBcCUCaY4x71yC37yguH8vHUCsC61Ziz7GJH161r9VQfXfM9Kl16G3jLw4ZgayH8USzz4kYITwAK88S4knO1zsXqMmpZblIhjAJPcda1WERlLF+Z6hDrflMG35FT3HiaGSIx7smvI0vWONrH3rPmuZY7ghJMLjOfWtVg7nLUzBHey65cXP7tjtfOFrFvr26glIuQcnsK5FrxzOsm8hhyKu3uqzXcQZvmZRgk966aeCscVTH6GnDqR80s5/dnoDUNxqLSn93yCe9cu94EXc5+X0qNtSAyiglRXVCgkePWxly9fyXM7gPJkL/KshtRgtonRQMjuawLvVnkkIPY4rnZL9pSwZcAHqa6IaHnVarZu/2j9oJcvgKax9R1Nh8iHj9ayjcFTy20H0qjJKzcsd+D1PXFNz1ISLCzFCWY5/GmyTs464NRE7gGXnNREnPoDWXtDYkYg5A9KackcVFg5LZyKkLdTWTNADHIHtUg5XIquCc896QO2Ng6VugHNgZz1PNR42DOabI7I3HNQsxYhWGO9BmP3YP1pXeP+HsKjJwQx5qhcyMnzdQT1FMzm7Esr7cA85rLuZQVbHAHSnSSkjcxxisKe5JBXPQ1soXOKtUsUb+c7hz25NctNKsr7h24rRvJVVWRjkmseOM9O1dlOB49aZKrMoyOKmgbzJljkJO7oKjaMAjack+oqwFWPEp49MetdkYnHJmk0TRkBjjHpVxWhJGVyT+VU7Zlki+clnU859KthlckO2xW4HtXREwkyZy6/vOgXjjmpsRMnmKSW6jNVo49gIi529/WrkRiKYmO1jXSc5RkeWRGjl+X0xTsoIwoyx7mpZk24IGQelMjcou2Rchuh9KaIbL8DqkCgrjPerNqp+0K0ROTxioY4QIlXO4Hn6VatYZy5kjIBTpXXTQpGjqH7qPJwf61xEysxYlue1bmqzeayDBB7isSSHDfMcetRUYR2IUXzeAOg5r6K+CHh+81HWLe7sLtI722LPFHICVlAGGUkEHlSc+2enWvn+28uMgD5iSPyr64/Z4l0zSvEsQ1iJmuGjle3wSqoSnJYg9lzgdDnFOjDmZhjJ2iz7q8NaBpsmn6ne6vN9lsPJjL2VvsV/Pk4IGByOME8dj0BrlvHcGmajZWctpHFo11YW0cFwqkKLryxhZCowN+OpAOe/tbtdI1VDceJ/BV08mtsoiuYCqkeWScN8/UbVHA/A8GvL/HY1CU2lhrCk6qCJd42+WyOW+Xg8EHjbjHpxivoKKa3Pn7a3M3w9dPY+IdPuLu9ENlBcwzB8FvmjcMBtHY4weelfQXika3M+oyXF9HDaXDIwtYyoaQAgJKqkE9AM4PY56V8n2Guabpniqxt/EFnNNZrOiXMSZWQKeNy9yRncB3xj3r6h8Vaf4amittR8H6xLf63aZ2LKjbJYSSdjGQLgqCxyCM+g4I3lUsJo8V8UHUIEW6uLgNpjttVMj/AFg7MK8dHk2N8thAqzpdSM6pgHbntXvWtjS7m0ik1IZu5mzJGvMZA7j3zXzbq1xLa30uo6aqS26TMEVd3mRk9z7Cuds6aJ6h4VgMfiSLTgPszSIWK5/d7QCT/Kunht7y11q4+zXAuXkZ1Yk8KoP9BXD+HdU1R7mUNAMzRLJskO2X5R/D+BrvPDludVn1C9upFjRf3Yt0OXBbBBNZDluUdEt0s9Nv7SMtfKZ3Qi5XKr6hOo98iui8Pazrnm/Y9BvJlhkXy3jkb91Gp4LAPkAgdxWnb6SIPD80qxrqSec4aNCPNjI45xyD3Oa57Tl8Q2k0D6laJDZTN+48hg289t2CTkHrmrgiec7zT9Ht7fSLy/8ADWps93Ygm9V1UKIwGLGMlQCV2noTx05wDzpvLK9kS78M332iaMgXM3lk+Wn97DDBrpXt7m3hvYfFdmIYLuJWiktmycqQQGHOckc5H+NcReWulJYPdFPsEcyGIi3GPPyDlXC+uK6TLlOd13xZqsUj2llci9jbDeeVCjBzkBR0p3g2RNcvoNOSQRuJVLkHoWOCc1mW02gHUDZyk2kLKMq4wevTmu90XwfYWGt/uJ1CXmNqYC46Hg0ozLl8J77Jdm1Ty7eze4s5MWwVR8yrjGQeeg461wushPDF3c+IdHEi6XAUtgTkLJKU3Mpx3zk1Ha+Lda0rxBBpgk+12yH7OqFRklhtXDDBzkivQvFemxt4bTRowZre2JvblduCZNu3IPJyo4NdyXc4Yx5dDj9K1VtbKMpaNJjuU993905pZZbyPUZFeUefGRJkfw46YrOj0LWtBtNPjnV45NRHn25wFzGemajRrm6uZEuUkd1BZn6ADvyKo1k9DWBS1tr3+0ZHmkd0uF3nJAPt710y3Vva6MFRwbaeZbksOcOyhTn6YrGsvDl1r8NxeLOI3CrFFu5BCY7e1UNU03WNHtJYbyzk8hv3ayKMqWPTFUcbTuadxLpl9fNaR26W91BKWeZ25kWRSSvPvWfq1pay6fmSFhPEjqW/hBHK1EFbU5VlidI1hhSVsrmRpEPI/KoNd1+S7P8AxKiskUZBKyDGeBnpWiiSm1sZk3h8X2hzhLsgzQn5D/A5GBk/72K8N1C0n0FgJgPtAP3lyQe1e92F9FFDIt+RB9qRkZRlgCemPpwaydZ0/TNbtXSw2zPbqdxPBwPauHEU+p6GFqfzHneg6n4g0Q21zaXC3bagu4w5yRtIyn0I/I17N4V8RWmoWd9Dpo+waw4WVElUEo24mUK2Dx7ED6dcfMHhXWUi1+z+xOEvluAoDKMbWIA6569K9Z1W4s9WEazXYsdQtpZEYKp3Ec+/PTsa57m1en2PdV+J19caSmm67brJJb201u9xGcEeYWwzLjg89QcVt3/irU18Ossyi+sr6BLaJlJygCnDfKrZXjkHnNeYaJ4U1M6NDqyW6G01CfaplbByowz4PRQePXNdL4ZsNf8AD16LqSWOeCySeXyC52MCp+WMcYwTnnit6bicrRa0eK4u9HvVguHa4upkUK2dkaR4JK+mQTn1xXG+KLMRam+sWEiyQTyAHy2DBSqgYP15+lesahYpf+H217Sf+JVPYwSzNAo8xZWYcDnpkjHtmvCL8xacYooFJLqoeLdlg57kHpnt610mMDp9b1nWraytPskyxWjKH83GdzHgKc9K8Zn1PUptVNpcW7pcO7bQhwjE9+wwa9LuW1aPT59MswlzAil9jgEq2P4c+nauATVnMUb23yshIfcOSwPb0Fc7Wh1QO08C+J9QtZZNJmjz84MQbja54I59eKt/FT4Vt430uWW4hJv4I2kDIRlH2+33hjr26elXfA0Npd6jJPdbHE4MmxjyGXsD+Ofwr1+8sdYutFeHSAvlWu+5kkL7G2Bf9WPXjnml7FTXLIwninCScT8gtS8O6xod7dWOoQPBcWhIKFSAw9VPcEelZ0cwfAZcV+gvxA8DHxLo90t9Osd8ieZGSAxjYc9e4PQj39cV8N+JfCuteFb0w6rDwQGR4jujYHp82Bg+oIB9sYJ+LzfJJUZc0NUfTYHMY1I67mU0iAbYzk45OMViFUUuvZskn3rTnkSJC5UsAM49Kz3SWSEyqh2tz0r5xxPWTM8qOhBKtV3ToY7idIhjAbGBzmoNj9M//Xrb8PaRqkl9DNYwKZNwY7gduB1yewqZKyuM9b0zw9YWunqotlEr5LH+ECub1rVdO01/L8xDIowFQ5ya1vHOrTWGlraBfJmk4O09vpXhEjNIfMfkt+hrnhDm1NNjZ1nUpNXdjIgQjAABrnCuFKZwRnketTIRJ15YCppbeP7EZlcebn1raxkY2xMlVble9REE8huv5VYYMSqnrjOe1MbJC7sbgelQaDG+ZCcDcuOBTYX8t/NUEE8cipUQK2WOCOakIaR1RT0PP41mBbtJlWT5l++MD/Gr91tgOYWByOpqsljIMTE8rxilliLAbjwPX0qGBS86IE7jjuTUU3lToxA3gcg1BcWzndtOV7ZqNd0f7zoBxjOaQERiDHcWHFbTR26xJEoyx681lgc5AGD+lWU3Lnc2c8/SgBrQt8vlcjvUsOxBvcc5x9KlSX5WXHU8VXkkAkOF4x0xyTQ0BfW7dYxGG3rnlc02bzGk3gjGO3pWYFdF3/dI7VUN7cD5T84HGBU8oG3FhF2SANznPWrqSNtDMuF7E+lY1pPulVWOc8ECt6VHZkG3IXp7isptbEEE9rDMd8bZbsB6iu18Jte7pYbsBV7E9cGsjTGsWlVbvAOPlx610UlwUn3WgCjIHtXJVk9gsbU2iT38vnzsNi4Xn0FM/wCEatIIm2yF2c8Z4xWjpt1JcsYmU8D7w6Gma5qH2GPyFAeSYEKM8r71xLmTEeWa9oht2eNJPNaM7vwNZOmI1veefJGCFGRz1zXfXNusUcbTZkkYcjsQaS1062uIxKyhd3Bx6CuyFRpahYy/7Ze3VUdQMH1wCKHn+1fv8/K3O0Gr1/oNq8gYZ5/GqMsEdopO4EKOaq6HYRAi4x17HGOtSsWMbIuAo7d802zQ3CLIDke4qYxyl2ijwzDmp94LF7RraVbZpZ25Z8Bfar11eWlhtaUY38DNV4VlgHLByOSBWdf2r6hH5lwpEeeD2FZtj5TRgvbN5pTFIIsLubnGa828Q35+1YgbcxOQcda6FNFjtpSu5mLc/N3Fc5r9qistwmC3TA7V0UA5Ruko7RtM2Tz9Aakkt7zeJYUIAI6etaGg6pp1jprpfJvZSQPQA1q6ZdpcGRYOFPI9K1lEk07ZWGlwtcgNlixJ6g1Bf/Yprdogm4enalvprJYwkhbjjjtUVuYZUAjIZCM5PX6VCQH/1fFfCWk3TTG3is53vkDSCZt3APfJwK67QLLSL7xUlprs909tMhjJV/mV+5+YEY69jV6O88Q29ps0KJNrDYx3BWXHoMivYvCV9ex6b/Zttaae0t5GGuJbqJhJIygEqkgIz7Ajjmv12ET87qSHab4W0iXS7/QfBaX3lpIBcak6JKmR0QFNvv8Aw+p9Kq6dosun6jqWkpFBqF3FEDI9tMqNGoyc7DkhicZzjBHp1j8Wa7cfDXTAmh3E+n6jqY3y28KrNEFjB2u5cNtALAdec+1V7rwzfeJfDc3iK3a11m/laOe01OIi1kMkbgurKpwSFBABGQRyAcgapHFKT6mTcaP4l1HWrS/utU8uC9jbzJpkVXQIMBdnAPQc5Hr9Z/GOuSeK/E0b6JffbLnyFtPNdAkRKFucqozyc5C4PXvXZ/EbV9N8R34thqzzeRGC9tLCse0uAGUOuN2cA859qzbjwtrHhSJhYW6TW0DBxLFhl3t1yfvcY64o5O5pGozldP0M+EPsljc6VaT3t0rETWtyQWKdSQQORxXf3MXgGDR4NZvYxDeXQbMJuGaZtvy5K7hjJHYYriXsrWwjbxff6jbtqcMvyWzRsVMRGODuHTJ4xxjk5Neua1H4b0Nje3FlZ3k7GKa322ylpCeArHaMYI5BP68VUoWE6p86P4e1tLVJ7u2jR5z1jBZgpHAJx+HJrA1XwV41a8isptM2pbxs6bZ4QWU8nneK9zvdT1jUEl1PVSY1nY/KVCqBnAUAAAU7UfEWlaGNOmv47awv5Pl33LPLhMYz5aAnn6VFhOozjdSttH07w7b2GgtaXcuo8tGFaWa3aMjjB5BJJ5I56jPbi7+C8121TTtUhu7W1iYGYk+SnHTcpHTvgjqB6V7Sun2WLptDvxfyaqvnw/ZIBAUJycIrlsDkY3AEdwDWf8PtObRNI1PU/E1uupwXDiJmuZwxV0JByh3bsk9D6VsZGl4N0a28MadbJpOraf8AYIZFMsu3z3eU4DkEZDHCjK4JrpvGk+nePLqx0HTvFJMNszvthsisbSEYHykLyBuwQR1rzLW/EVron2ZfAksESQY3AxlthJwSgYEE+pIr0JfHF3HpFvo3iLU5DcXRSe3aKDBC8Ej5EwMHP3sdaOX7RLYW17Z6NBB4d07+1byWFS262h4O4kFmAORyfT0q1cTrbiIaZFrGparbMPNlRcoiOCCoZcuCD0z1+bJrY0GCWztNR8VxXOpTpqDCGMJEvLocggbTnJO3AHBHNYWm2mswaddapHY6ok9o6+eJFZBtY4DtkDIz36+9a3MNTON7pGnRJcNa6ldXbt58PkhCRIhDKWJOeuDnrXYHXp/EVvJ4j19r17+5gcXsMkixiOIfLj5AMDHJ5715L/bWu6nqUmmnT5bfzmcwXDyhQVUZ44xj37d67m2g0XXLKLzraJbaPdFPcy3eyMyqADkhhwPy55rK3U15Dc0e50vRE/tFdHa9SJDIsM92yqq4JAUAHjuO2a5me4sNcmmk1LQ7WC2uQxgfzCXj+kh+o6baiaTRLuCzu/7IsdRg0tBGyiYbyi8DcwyRjGQK0dbuDc69ceCfClnpq6eCkkUaybmb5AzDfuKkg5yCM47UaGVmRy3/AIoudFsdBsoNFuYtKXZdytN5j+Q5OzzFYAINuc8ndgkYGQVu0uY2Phjwnq1jFPbL5tvbKiyIN3zOASuBzk8Z98dsy3utB05LnUorTT7bzAYLmNJWImKnIC9QBuAPHXA68U601+68OaLNqcUWmWmuAKLZtiNKYyRyR1Ixmp9mmW1qdpdXav8AYZ4L61hvLq2NreTwQgmOUrznHXB4xkcjpjFefanFruiXtxpN1fNLBaqGFxbKFdoyeAD1BzgEZ455I5OboOpa0NV1HUtX1uBZL8lvJjthtMhGQyqPuhTx33dzmsDTvEy6nrdtq2teLAX0eaVHt47T7xIKnLouCDjpgkc4IODWfKdCkMsNMbUbyTWbf+1L2z1BpIZEZCSWThdjkFTz7n6VbsbZbM3MtzZ6mbiwdfKtpjsWRN2COVOMDn1ol8cPfaw+nWWuXU0OfNhRYQqhhyQAV3AL7/hXnOqeMLpfGzDxFYatJNLiN4yCHyyDy9kZPIbjuOvFXdoTdy6+g6HqGuT+KLePUYbfz/Ot0lZJCXQguuBu+XdnA3D610/hnx7enVZfDZMmmWmpOvkxyQJJvlJVAGOGKnp3A96ydQuYdGhFo1pdXktqxddsgiQIxO4nGTn2x+Ndz4g8PaDYWtvc+H/C169/eWq3EEovTvV5BuQkFzhlPPY+1XGpbcmcbhpfjS78K6lc2rWtrPLdukdyku6Py25wUccKCWyx2ngdq7G80jVx4LuPF91ZtpsV27K7rKsyKDKYwykEHrgjjoa8zvvCPjWPw5J4p8R/aoTqE6LfxmKLekaMBGT364wV45wTW1rXh5tfsbTT9JvESK2ijhHmpJCdqjhiApycdTilWlexXs0c/o/iDT21geFdEhuZGlJAmKfK5VS77s7SRgEdOtGr+Ob3SzcQeFI7aS7MDgXDAxSRyMSCVOQc4wfrV4vf6XfRpJdRyPYgpHJAykA/dPUAnvnPeuO1DQ7FNWM17qDIZ1R8PF8pIG3AI47c8dad+YPZGmR4iv8Awi0HiG+ja52gTFHVpCwcsuV9exxXm+L5Et4kuTL5jHEYY4XJ+YFTx09K7i48KX8M73FogvI5AAHRuF9Dz7+lKbK+f7TFqOjxGIBVe6JXepTnKng4OcHFaU7F3PX/AAvpVpoUKQaLqckUMke24mtzh5EY8Lg5BPoBXsOjax4Y0G4tbCzlt9bvb0GEi+tSsg3MMAOQAvLDlfSvknW/HnhbSLLTbHQrO8eRvMFyNy+XGq42CPBLE5ySTjFeyfAfxQ/iW51K31TEulqoZ2ulDP5ifcUSHIz82evaspUu5gdJ8S7W9s7y2tRor6Vu8yOWWK43FkYY+UjHTuPcZrxjxNdf8I1bRWI8Q6jaR2eHdJCzqA/8QVduTk+h79MGvbviI2n3egWGq2+gXEsKNKl5eWbmUF96rGGHRdpyvHfr2FeGHxLfalIDdaobS6UFW86EPx2z6A+3ailK4jV8Ia7rnjHULjQdF8axK8cIltjdW/ktKUHzImEzkDkkjOMnBxXca3rvijWNNTwvqWq6bfajLAwYfKqzSAlgWXbuBAxu2qOmcDmqXg3SNS8La+mvagmiPq1oSiCZmVGV1Iw25VPHBGDwe9S+K1urzU77WvG3ge1jlikVo/sUzRgZx1aMneMAEehyPXDm3exMZXMzw3pekav9m0zxF4Zlj1COQxTpp05WOWNFwDtWTapHG7nsSSM8cpdeGYdH1i51rRzPZaZLO8Lx3lt5phhVhuDHDEY6eo6E5Bz23hnQNL8Wa/Lp1tZax4bubjZNaz2plkVBGMuWZgDyfukHqfpmL4jXd34hjz4S8a/Z7u3j8uW0vI/Le72kgyMwG0MQOQE+uMYqG2mUXtY0m7+KrHxP4EtoIrHSdtohsfl3c5QGI4JxuAJ2j1xgVY8NQXHgpbzVvEuitNqEBjWURkOyEjbuaIsFIfd2zjrivOfhVNpOhaXqWu+L7GSOY+ZbF9OlIbeCpBCBlwcHqG+qnt6zBr+o+IYLF73Vf7QsJtw8q5RUvFxhiEfGXGQcjJGBV8rG2iQapaS3s+qXFlHe6Oifuoj8nDDjaWBZHQ98DriuGudTsbaT7XZRGaOciSRWJDHAxgMMfhW9LqFz401lbEQNcaFG4gEqjbMm/Ch2wcFd5yDjhRmvSvDXhfR9H0wR22qpBclZYo/kEu2VGIw45OGAx2wDms5aEc0TT8aa3pujw2Ol+GbGDVkWEMn2ovFJCGHKrLjru9Rj1rwrTdV8YWtzef8ACT6nPb22oo8T2d0vmRhQSMJKwIA5PK4BBHUYr1cEwLHd61OosAHiu4G+eM7QxDxkjIbOOnUe9eftY6zq1r9vttXM5G0JptxGpgkjVhuXeTgZGeq/j6ZKNhwm90XZdKe68KwaqumTRWEkxhhureQShGDFTujB3YJUjPHOMc4zyHji5vNf1O2srLxf5r3lsYZ7i9g2xooyfKAbngknPqfXivWfJt/APhy/0y5WTRJr5IboeXm5hjLHbkpzt6beF546cGuGPhu2udOfWdQS11R3G+yYTeS5fPIdXwME4POQPx4o6E7nDo2jaLolhoU+gab4snh8z7RdJcfZJ2LsxUMVXzCMEKAScgdBwaxPD9zpPhjRoNY1vwpNqGo2ruu6KX9y0Rzg5DEKwyFA2nOM5ycCS/s7yx177P4n8KPBqCyxkmKUtE68YIZCUxjvk984IIAuheHY5dZ0+XxM2h284+1R20mXDshJEaszDdtOMZyTngcGgZatfGXw/wBUa78UXWhaxpg0jBkjtyGjKy/KN8jHK5PHJUfXnGNPf/DjxNPqus6rLrUUSpElhZmVHKqM5LEZTCnkjjrx0NVNC0z4hopuPCfiC0xraxo1vvVWfytwVSWQ9NzdMZ6HPFeh+I7jxSLOy8OaLcWOoXTROsycRzM8eM5yQATycD0PtRLQDkk0vRtR154NB8Tahay3FkGhklLNL5q9UZgEOwAZ7fXpnrrPxBrejWDf2XrVprOsXqFbqMpEAgGQAAcZI3HkgZ6kYxXV+CJ/Ej6Vp1j4f8CabN4jtt1pdzPcIjzhvmwy5BOVK8gkEjPsOV8W+GtZ0SC71vXPh+dHSKTAa3bIR36AyYIK+/TJ4AyKxVUCvE+m+EvDmneM7TwdLNcAPavJaXJ2SykNhvL2sQCVPCg8nNeXeEvh94j1q603x1byRawts8n2mA/Lcw7ZPvR5yHdgCQOOuKZ4eEXiDWra7jv7nRm0u6V76KBGkD2pdfnRgcIycnleRgg17V4rudNv/Eo0fwbr51vTIVhd72GNormNi24DaQMFQOCBwe2RVzn0QnE8Q+Plxc33gveYnNg0jPZtImDE8ZG8cE4PUe/XFeP+C4NRuPD6WiWzB4shnY4UljuAH4da+u/GmneKdas7zw7HdDV3v4BKz7ArLEhySyKAFIxg8e/Wvm3R9PXw7qUWnQXTyxznLpIOAcfyrljKzOtfBY7PxB4g8Uahql7rNtJBpkOqbIWgtjkqETZgEjcD1PBHJ+laPhnQPBVrp0Npql3qF1d6g5yliY1VQoA2OJOcg56Zzn2zWboviO01Cew0w6HGY7GctcT5MZkiZ87TIqgjjjqT6Y5r2rwf4c8Ta3c3ev6XoVppnhqTzkjmlbzF3oQGJlOXJLDIO3jpniu2LTOSTsef6xbfDfw/He6Lb6JdXt/NtC3U9w0ckWG5VUQBGVgOMjPJ68Y9S1PRPDfh6P7G/h175NUgJXzpSklt5YwSxiyrZLA9eq/UU7w14b8VR+ZrGueIraG+Nu1raSkLJC4Q7vKPyrjDjJO0k9gcVh6j4V1/Q9F0nxv411Q/ZC0lmDaTmWZGy5UeXKmNuFPH0PFayUXsHMbmo6jo+hWduuj6IHjvIQHgJO0vtAIQpyTjGT1PXrXR2Q8TyCG60TwxbaXpeo2xWcTSiZmcKw4QlGXk4IKnOMnnk+HW0+l6RPYeJ28T3lxFDcmJLeRCGVnUkNu3dO/A49RzXoHhrxLoWqafN4l1TVJrdba8lhkAgYvmMjawdVYc5BGAeOvpUukS2egafpsml/2Ra6P4bto9RIkgkmEpEbRcvtWIsqqwUdR6dOa5m9srLwjpRN/4PgtdVtJTLbI0izwukrENG0IJCDkkcZJ6YxXM2F54IbSrnxnPqs8upW9w0j2SW7rIWkf92wnBCBgxD9c1zV1pOneILfUJ9Y199Ouc+eJJt0skjDlUViwxjAAGSemBgGsXEqMrEmgaBqPhyyuPEureFLuCDR5DJLI4aKILKdqks4JwCeCA3qTVKPTfC/ifUfEhkjn0O8iaK9leeQSxh15GJWxt4XJBxgdOBx6d4kNx8UbS4sND8UAXbWjILWZ2t2mVcs2VIUPkZJ6jOO3NeQQalrWsak3g+ykt9be9t2iUhkiaQ7CS5yQBgA8ZH8qmOj1N0tDqtBgtvih4gmuk8W3GgSaXpryL9sY5YI3zbZBJ8q4YbjuyABhSAcYPi3UvFvi+zjuPCuorqk8tqqXYbyYmTGcgh9oIbc3IGc1hRy+JfBVuTN4SX7QFdLiUv9o3QpyyFI92wdM544OQccWvC/if4bWzjxLf6FqCg2/kC0EreXM7v8zJKpz8oH8W0egzWlzJqwkoi8CaBZ2WvaFb6nqd6sjtNbyjeFGMBTtJBHPA/Gl+Eep+GvCWuajrfhjWpba3vYDFJpt2iguw565wxyCRswRnBFZ+rXGj6FaReMPDesDTpZbmQJaTIpkjjkBH3mLbsLxnGOc5rH8GeDPE3jnxC+reIbW9Ojal588V7YRKf3gP3vlBxuOcjFL2mo50/dPYUi8L6tqN38RfNSxH7tJLO6QJLEURTvi7MXKbhtz1r5C8TeKYdb+LFxd627mM3qOElTJliVwYkZP7rIApz/Ca+wtOjPjXQIPBTXxj0u2jiSK7aNZJrZ7b7udm0nf90k9jXgnxR8Iafo3xTt7PRQYJbq3ik8xjuKY3qxXd0+VBxzWFUqkfSNlqug+Gru+ub21h1G4MYe2gUYhm342gBQc4wc+ueBXGa5q2mSaBqHiTxbZyLbSXHlWOl20mxY/lLIz5IbaD8pY5IJ6cgCP4XtLctdJLEl3PpsRFuZRgEsTlm4OCCOw6E4rJtrO68pjoi3eoazqAaNntQssESAgsXcZ2/wC9nHXpW1PYiozstU8OeJbvwD4f8T+OdeTw7p3mBtO0dBJM7R7SVPll9qlgecDIHUjkDxzxB4euYobqWK3eKObDxFomi3FuQwU9QR+HvXqWr6hJo0/hS0NkPE2u26hSkzSOsZQKygofvIuDgZAAXPGa80+JGr+N9e8cRPYbr3VIQz29msR3LkljGEHzbcDucgVnMmhGzM7StN8NXGr32j+I3uR4emiEsMkBHm7oxuZNrA/ebI5A5A5wSRw3xK+INv8AFee3kvTc21lojNHbblTdKjk8ZUYBOATkkjufT1r4Z+Grj4peKodWsLxLDVAkoks528tIHiUryx5PbGF6nnGDjoda+DHxM8L+JL218TaVFqt7fWr31vDC8bxzbW2j5pAu1w2FwR/FkZrjqK+h6lN21Pzu8Q+BNUsj/a1sipp82GDbvmAPZuOtYf2JpIiY4FeROjn+Z9q+i/E51pLyfQfGlm1pNuCiMpsZO4yvvXH3Hh+2D6sJoRazSRxG0GSgGPvnGO+K4XT5dzpVQ8EurEqxuZAVk7qPu/8A661vD2t/2NqETxyAMMkZ7E9Ofzr3bTPBLajZB444bSBI2852bJLBeSABz684r5t1rT57G+aK9tpLYsoYB1KkjnBGRyPQ1n1Nz6o8N+LtG1PwRqGm3JLalb3S3EPynkldvysM9s5zj2ya3fhjrNnqOoTTaqZZC6+Vu5ZVy+VXPYZA9q+bfhpPB/byRXbHyDHJvHYYHH417P4f8L+I2F/eeG7tYjZCKR4343ozNyBgglQMnOOPwB9GhUZx1qR+kHgiy8daz8MNRk8HT2Gl2Xnm3na4YrKURVy65Uj5t2OOeDjGMjj/ABzoljNrfhbwV4gtLjWJICJo5ra4w8isx80MjDqxUgDOQBgGvK/FWleG7bw54J0zU9Ulm8RDyVfyWElq5mkXczE8oy5wMAdcY4NfUr+Pl8c/EDS4tI0e1sl0yJYPtkyoJR5o2NI5Q8LnoAT3JOOBpK9zga6HBfEHwDc6NcxaN4Q8Lrew6mjFpZITOY9vA2FfusM55H54rhfiNpXjP4hatoejy6la6Hp8kfl3YaRraAzwB2WSWPJ+dgdvYZxwMCvZNb1LVNE8XyjW/E9mbKMeYps7sMiIpxImQfkbgjaeSea4TTX8J+I/E15rVhY6tqOjyuxaUQCXdLGOQuRxk8/Nzz0FdMW3FXM7WOes9N8Ea/8AE5YtRurq5k0xGNzEGSe1aSIfcifqV3HJB4JJHHIrmfG2saN4guY4tB8FwsYblh9vWA754ujKyhSqnODkscY6cmvQPBXhPxVpN3PqUHgGO3tL4F/Nk3QlGQkgK0mQDluigDvjHTjh428Y3PiGXW3lS2h0lJbW4lBjCpIhb5mU8HnI6Yxj0p8oou5rax4W+Ll7eWvhnTrBtNsNMt/tttCJoJIkAbZt3Z/vMRtJwcj5eKpXFhpM1zZNr3jUX91KuydDA0C28r7MAMMKVBJBOABjnA6VfhzaaJIs/wAR9e8UL5Vs89nLAVYbwYxwCGAHLAjGeQDkVk2tj4V8ULqGleGrS+Gp4lvbeJwjxuQoUxK24EhyflOPvHOcZUyUafjrXfAlj4p0ZbyG5v7/AEjZb3MzOrwSwumcqpbkhmBA4BGQSeCPPPEF1eaVqNs/h7SftGk6ZPBcrNdwb5Sxb5kZoiF2FjnHGfXNd3ZT+MvGmrSWOqeG003S7uOPzLua1fEBtwXGHYjbuIxyOnGelXPDL+IptVvVsdXht7TRmcXM8ZSYALuGQrcsrbTg44HPXFVPUiUy1rmh/FDxNq8GnWmkafBbiIyCOEx+XOYnUFupwQWXAO3kHHPFeZTeBvEtzc39rZTWl3DcsjyWCbSpH8RcPtCYIGcHnv0ArobZdH17WbjW5/EjaWbSaW7kERaC4vIy5LLByqhyM7VJP3uFPONYQ/C3U9a/4/r/AE6CGN28sqWu7tmGT843Ip9Afve3UN0hKocBrFrPoYn0W+tlu7exO9Ps+WjR2HKluCBnjp1rL0PS9S1f7PPp0cUQMpCRyNglidvHBHTuT1rPhubfT9J1CfStQIWQk+WcBmXd8u9Sevr71q2us6fLZW+pWqMiW2YmjBAy7DJ9jnqPesWd19D3K+vJdJm06y1bxAk2maXCUUxAsiFt3zFV3ZYFtuSCduBXnF7Dpug6Bb+MbvxVLc3WsSTJEkCATqCXBJU5IUhQQdo25FPv7l4Ndi8N3mkNNFK8KM3Ko3mkdGI6c4zzgg17BKgv/HV54U8U+CILPw7plhtsYZ5Nw3gqNiXCeuSxOc5zWiicMtzzzT9F+GvhszeG71LzU2vEiaymUPb3Cjb/AMtI/kzv7V1viXWfCk1xbfCqx0eW60TSpQbWSdjb3EDOw82NWwwYFmOCeTx1CqRf8Hy63480XUIvEEFql9ZLImnwzqI2liT59sc+OGU8nHXOT0JroYdV8TXWj6jpfjO4037feWsrW7X3kg5CkARyAqm9SQQG5yPTmrvZDijgprzTNB8ca54f03SmvrG/jgL/AGzbHLHIwHCOmVKOuCeOTxxXD+OPEthpep2vgq18PNc2djfwzgA7riWSUcxDO4FWDe+T6Cu10651/wAA+IYJdW1RbObUISxS6aOWK68tv9XyTtA6DkE9M1kXGn+LNH8Vaz4+vni07RtctllspZnR4Tc7E8pcI7OuF3N6leOtYTmbKB5r8UU8N2+lyeE9F0J9MeGcbrmdsTBDlijDBypJUqSx4HHWvKvCuiX91q1npd9OHsi/k20qbZAkzkBcqCCRng+metdR4o8S6jqXgvUdH1O5W+e8lil85mLzZUqu3cTnAAHB6civLF8LazFpsN9orC4e7kaN4l+V4sH5W3Z6epwMZFccndnfBWR9PeELGz8H63ealqlu17rFtK0EUkjKIhbui7WXgsrHPOTwpxV7wilm3i+Cz0ieJNRBkCLOGaBQUbJdhzhQccd+a53wRY6wulX9p4huHk1C1yJZmzI3zgc7m5OPXvWNd6TqHhiwl1ixuWD2EisJ8kExyfKeM56nBHIINaRMWdh4tsr+yfRp9etnvDNK3kSB8Iyqw3hQCSDyOMAVp6kv9i61bxw3sF75pLQrEWnCu/y+S4XnIJBxmsPXr+N5rOfw9bubd4PtEFwYXALODuCs4+7jaeBXefCe20Lxdp9xo8iOusXck1xa3e7Y8Uuz5lwMDjbu6jrWnPyoz9mZOl674ok8Oa5pfigCx0x4Zp7iOGFIZhlR8oLcn5E43ZJ9a4fwW+o6zoWoP4WuGs9TtifKdpRDK8bAlgpB4bAOQD6VB4p8U2GmwHXbnytS1C3VopLafc6yu3ygv2wAOfX1rM8Kz2+r+G7vUNXf+wbKWTzLR47STyZJGLZiRwcAKAMAk9TSuWXdT0nR9I8O2Wra0fttzcHIjWUnY5GcuDg7sgg/XvXZw6Ho/in4YpqPivUE0yBpUtIoQuZpUVVYOB1Kt2IUjgmorYW954abRFbz9O1I+cZ5UKvmMj7rHsGX0OPzrbtdD+H2maO9v8TNRvobqxiU2NrbY+dPmDAHDDPygAFlA9T2ymrqxcT40+KfwnuNP0vTbzS43urWVm2TMm0vx930z07+tfLd9ZpHP5c/yyRcFCMEV+p+pJ4y17Q1ttGsFTwXDOyWck8kS3DK5YKJAHyTyQSBjrzXyd8ePAfhrQZNNXQLOb+2ZVL3nzF03YxtUfXoOwrysTh2tT0cNifsnyTeRy5RY/lHbNVDHGrbnG447etdLeWBMoM7gZGQB61gywyLMY1Xr3NeZKJ6sZFKY5+6eB3qsjHcxGWB7mrkluozuJyKiT94Ci8EdKwlE6IPQaiPjhtgPenMi7Nhcvk1CHcqUfnbU6xucBcAH1qImjZDMrhE2RgIeuadBBJHMrIoYMc9aklUebGsj8D0qRfLM37vOBRYLlq4MgcMgCjuO9VHMbMSh4J/Wn743dnVSCOpNVmLB3Kpgd8fzosId+9bj+5+eKiElu8jAHBqa1uBFMS/cYqjME80+WMZ5yazaLW5WuQ4lGTwvII71rabdNGADzzWWI85DdB0qS3fyJBuHDda4KsTuoS1O4SQMA6Dk9a1Iyd4wawbORSRsOc1t2zAZOOelefUie1QncvrhSTnrTiMZB/A0zK5xVlOUAboaxudFxI5O/XFWxjbu6A1FsXoOM1IoO3YBU2FYlVf4gciriHI61TQFeP0qwi9weaKmxsjQRiwAqdfTOSarx4JXPrU6APKFPTrWYiwjbenNS7sGoR/sdDSNz149Kk1L4B4Oc5pfeqls2AyPxg4FW+n3u9BoPT72B1p4DEEnvTCOcjrTixH3elA0TbPep1bYBSxrv56DFOZQOnpUM3QonweKVboq2cU3y1xnuah2ENgmkBq/azt6Dkc1r2d/wCbZvaggd65gOAOlWIrgKSCccelXGQ2tTdDbAuOCKnE2VGTz61hvcnAA5FMW7+XB4qrgapf52+brXYaJbrqM09sOCltJOR6iPHH45rgI59/auw8IaqthrSzzY2NG6N/usOh/KlKCepvGo0ZSyNHLuZuQcGte3kSZZCP+WYHWuTEhMzknkk/lV6CXaxI/wCWgxx6CpnTNI19TrL52kkiYHGYwfxrJivriBZFEnU5qpLqErMAT7VWLg4JNSqSOn2x0drqTF1dyDt7E10sGvvI2xgFB6HNedxsuTgbqd9p2/KDtqPYIX1pHor6wQAH5UHnbVGS93PmNvkPrXGC8ZG2yHB7e9X4riQwsx5+tL2AfWkbV1qrIdrSHBGAKzPtuYg0kn3TkA1jS3WXBA5xSYLHkZNHsA+to2Rqn2g7A2M8YFWorV5n2RjLH0rl3kETjJAPtViLVZ7aQTRn7p4qlTZk8Ubk0csJYS/Ky1mSXTOcNjd2qjfau143mP8AKTzWSLwnnrjjmtFRZg8UzpjcpDCHfgsSDWNNeBGCDBGD1qvJPmIKehrFnYs+R24rZKxxzqO5tNeBh8v3jUT6k0alCetYJL5yG61XaUcDkkVSZEqjNN7pHHB561BNfuImjVuorLllH8P3qz5yxAw3NWcrWpWku9pPPJNVJJS5yDxUDOoPPJFKOmOMZzR1Gh+dx55pJFyMimg5zjmgPhCTxSNCDLIOSRTRIT05xT3dG4U5z1qBuOSQM0AWBIcEEcUrkgkcHNQDoPWlGePT0oLbJc5wBUcjbcEU0yYI9KgMql8E9+lBBI7YYFh1FGflLHk4xQSu7oMVWaVfuA8mixHNoJK3lgnpkYrOa5+UKOR05ouSWYA8Ae9ZUrqFLDsa1hG5x1pktzMqR5/unoK5i5ulO8LwTV+afILHpXLXUgJOCa7KcTzK8ys8pd8HnHrUyZGCTkd6qBTneeTU8bMTgiumCOKbLfliRlK9RVlcDKld6n+dQxFQmehrbCGGFUiICsAcnrmuqK1OabKcaA/MPlboRUgj8pXUKXDcg1MWhjG+RdzHhvb3q/8AZ2VD5Z+UAEV0WMX2KMTNHH8zbPUUNJGrJuQtu9elSTmBgN2fMbjnpSbJkUK446e1WtzEvs3y7tuUWmXGCVYD5W7VIkRhAYYYEDIz3pSh3eao3AdVreKMy/AYw7RxH5DjqK0gq7C8a4IHQCs23ALLtQru/Q1prI1vE7scgA5NdlPYxluc7qc4ZhgAbe9ZLO0mSeTTrpt07EsWBqhK53lQ1cFR6m0EXoUxLEenNfb/AMDlMl0dRu43k0bZHbXphCmcJJggpnnpnJ/riviSxUXckcStuYMMfWvvf4J6rPpVqNQt41lvYYhazWxQsrxnaQ+ehO5c/ga68F8aOLH/AAH1tqS2cNxcaVBGui6ZZyxqXAbfdxKSSPNHPzKfUnk8189eO7949U1Sz0k79DBjMbPuZ1Y43Yc4J2tkf1r3HUbkaA0VhrwfxFJdSJNZy2zZiVegR04wRydo3D2rx3xfc6dc/wBrTQKrpudjGp2mIHrlexXrggDivpanwHz+HXvkvh6a11e/03VrOx362jrFO8Kje8I+VsDocqeTjjHpivofWr7QtHtJ/DtnF5HhvV4Ao1CVXZoblW6Ek4HIBPA56YHT5r+GfhfWGlsNag1OOB45TLECxzMqHDKCvUEZU+2a+j/FniPxJ4pimn1LyIrSOHAsY/lDyDJHysTvLdOfwFc0Y3OmpCzsfMviPwuNDY3PhS8/trTgcMyr88b5wQpHDqfUDjP415FeabaQg30KeRHG6tI3XPqv416/FZXenaLMY2MQmlKhWODu6EEdRz615s87x6rJa3MaeZccPHLzEwbue3NKpGxrSNPxDd2N9fWup6QW2mBMyKCCkgzuHTtXU+EL+5tILy8utPdYAm4ahsYKr8KFJxg5zxXmVha324LavseF/ltyT8yt6Z+vFer+EdSvtY0bWtJnXzJ0LR/YwMKpI4YA8AhhWUB1CLQ9SsbO9n1G8gmt2lLsLtMmOQtyY2GCBknI9eK6Hw5pFvrGk3WseFLnytRtZHa5gnI/eD7y+WAMkkYAPrmsTwDba2mnapHqdsl/DcKUWDJbyJYzwxTHDLxx34rp9Putbjv7XW/s0d1bwHANvn91g8FyBjHXOfeutGJcj1iK6vBdaQQsAjU3MdzgvG2PmaM8ZGfakutQtdMkjfRLmGeC7yZZ3UggnkqCa172eHUDDHqtnDJFMStvJbHIDE52Sc9B0NcDrRij1u3tPEFmtnPEFAtrdQsUyljg5XnLdOKLEMwNWRL67umttN/tC5YHZMrkAHHHAyOP1rWtNZsbzTrOx1ASW2qRsF3FcDJ9P5+1X7KPw03ieIXMj6PaxFVlt0Z3LBurgnngeldn4ti0HWbeK3tCLWytJcxsQcygcAnIyCw5q1EpPQ5HRVv5dcWS7m81YW8xJQcEOn3eetesS6zrFpZxRX8jP9vVvtBY5JgbO75q85tRpmklpoo5GtrobNpOQmM8r3FdC81z9jm0VgbhhDujJPAicfeHc11KSM5RudjB40vp7R7mz3XjW0f2G08wAeVGnzKdoHzAL610/ha90+1tXguAysYwXmcDyx0BUNyAfavP/CV1aaPdXel3kMUhgiDqyn5WbA4JP8WDzxWjDqsXh9bTw7fQyTW+rlLqYqM7EY4BwATnAOcVqc9Y0o4pUtXgtpAIpXLYGRkGulsNVubexg0u4PmwxTLLknd8uD8vP1qiYdJu7S41vSJVa3tmEKjkcgDj9a17ezsWKCGQyloSHU/3sdR+tOxiqhhatpWkahDPqemE20vm84HBB6g/jXn7TNdyzusSwbCq/IOpXjIrpop9QgvI0YqIi43q3THvWNqxEa3N3bxE7WJKr0xnnH4VsFrlK5t0hiMjN5hbDZ75apNFs9Nn3Xs02za+yQA/wn1qa0vLe9RbbyhIiMJFk2/MnrmpYrazWOYGEKzuckfxAdDXLOFy+e2x4N478E23gi4XV9PmM9tO552kMmDlRuBOfqNvPQc1t6HNa+JFgvb0/YnlAAncERv/ALpOOfavcLmHRLrwfeaDfKZXlRzEzjO2UDKc+xxXz+08tu8GiatutrbcChI+RG7kdvr6VwzVnY7qNVyjZvY93l1m58LeH7LSvP8At8aeb5Y67A5yduSep5611Hw7uU8YzJZXdvLbwxDyXuFw6x4UsMjIzk8fjXPeFPDmp6BKly226t2g2Kyt2Zlbd+Qr6I8Nadp0Gmw6jC0KXF2irw6j53PAYDkbfelfQJuzsY16LTTfDt1odmrvCkvnSzbcyqFwMDtt47jvXk/izSfDtg2m6pDGUubqIzSFpMnahARsEkAHBr6UXRNct7ObU9IEcjtL9mbefu4XcWAPr/WvAfHfhl/Emlt4icN/aEVyLKQDkBIixLAAdz/6FXoUY6HDHc8ph1G5juJmnskCQkuzq4BeMk4xk84GKbcaDo95ZxppoLzTMHQyHDbD/D+dPvNEuZ4Da2dobtCuIypG9cH+VQaXNbz2yxXluRc2L5DE4wFx2HoRRJG7lqcb4d1+fRfFUUF7B5UcTMGWQEkHHGfqelfWOovpFxo9tBZoUuGPmSA5Axgge2K+cpmSe9bU3RJ3VuWXBzg5AJr0HQvFTs9xpuszOkN6FCALvAC5+XI5HtRFWOesro1PGWhtHp9vd3qRR3k7/u13hWeILncxHXtjPNeY6npWma5p1zav5KXksbRoroGikyCNrdfz9K9B1uy1f+zDqGnQCSwgkNvCshO7GOSqnkr0/wAKz/A9npmp3D31xB88O63EJUs/mtgggYzx0wO9Z16aqRsysPJxPzS1zSb3Q9Sn0vUoWimgO11bkEglSQRwRkdRWe2seXayaeEHTGSOma/RD4n+AbbxDAbHVISFj+WK48sLJFJ1wCR34yPavgDxr4I8ReD9UNpqsKSIwzHLEflkXnGB145BB9K+KzTJuRc9PY+mwGPurSMGyspZEWViNoPB+lel+H9Yt7G3K3jKqxjPB5Oa84t5zHbJFGpTnJDcYqPUZoXVWCkk+3FfOulc9hSLPi7Vjq+pmUEiNVAXPpzXJgrnBNOlLMVz8uKhLgNtZah+6tAcg3EbpFOAOtRtMJU+Xq4p5QORtPPp2qMoMkhdpHHFZEEScMiOeDxmoXGByCdpOT7VIyknrgZokB245IHap5TQgxuOc4IH51PbyvE4dzuB7VE3ARk7HB9qcwMiHf8AmKlo0Oi3w3BVJHCtjIFOMKebtebJPbtXLlQhBGdw4qWOaZ2WMHPOOetZNAal1CSXBPA6HOaqwQPI2E71I4bhGXj2oRtpGeMfrQ0ArWwhYsFye/eqU8iNPujGBj1xzWju3qWGAD19ap3UCHlAOB1qAIWWRHV3YFX9O1WFtUlTKnnsazFIfLINo6HPHI9K2rCSNYTESAceuc5oAz7i3KQhwxZgeB1rOXKk4HJrfuVKQsxIx2HesVwYxkcZxjHegDZsNLjijFw5IZyMc9q6uW9SSPyYgFBGMduKyrK5gmsUiuUOefm96wpp3SQnlU6Vg1dgXrqT7OVIOecZHalj1C4VPLWUjPfvVNc3Bww+X0HrU62yqSVBDCpasUmtmdHaa7qSoYLOVh6465PfNUk1YoXuZWL3JPVufxJ61Bps5tLg5XasnDE+lRa3DEk3mxYCNz+fqKXLHsHsxt1rOovBvjKHySSc5wc/Sr2j+JpoZ90kAkQjoGq94T1fwzpf2hfENqLnemIgwDJn3B4yeOSDUU2nQrczXFjbrDE2GUDqAe1HIuxJ0kOs2lzCWJ2SNyAe1cXOjS3bXKSluTnPemkTSSsFXnpk8Vsw6U5ty4kBfOcCs2kgLunY8oRjPTPFWo3iikaR32PjHHtUenxlIiAArAYPeo5rD7XAwZvLfJGfWoe4Fo3cEnyByGbP41JHcv5YhfmHOMd6xrbR7y2KMx3jOAc9q6xrWBbQu4xLjOBWU7dDNl+2SxmVUcjI4BPauK17wzBPKxguCwH5Zq/NJO0YRI8KBketQLeiGZEudwDDrjilCbQHHT+GplA/dn2IBrWtbSO1KbCAF64Fddd3Fwlv5sKeYpH6VyMl4pb5YRHnIPvXSpMBbkbpvK4IPP51NHGsQB4JHbrVnTfsWxpLhgHX7oPNSM9iluTC+ZmJ5IOM/SrsB//W0ItFt3YeErCKC61DVlUxXXnkJCUyzcKrZLDgAdx+Bt6ba6XaIlnqHiMWptneEw3IDwiSM7flkBAxnpzXKWUDTafeLJbR3k1svlxqwEagv0IJ4yPSuBh0Xw9Y7p9aguLfUNPm3XEb5eNlb7oAH8J7H9SMV+xRPzSa8z6G07wXeaPrCaz4j/4l0KIxQ2n7+O538bTtywxx1Hasu18UaFYaXDorW6W9ppFxPIsvKsfMct90Yx+NZOma1r/jG2tr7SLr7DbWLeXB5Lktu4b7h9Kv+J7CPVNNtraOGLVtblRlu5mQQShw3ysSMAnGO/atTnW/vHGaDbPqOo51LUFe3lRmLzAlnbjA3E8eor6O1LTZNF8D6Xq1nbR2kNyxtpEWYktwdvDcDO1uB7Zrwyw0G20zw5/bNxJMbiWQLZwoodjIhIIKj+E46/oeBXVRXTNoc974hvrSG2uI/wBy8sbbll7YCAHIOc9fpUVdbFcvYU+GdJktpNZ1JL55A20wLJF5W32yvUn/AGqreLvE+jTaRB59nfR32nSncrSxENE/Odyk5bgYwMdeTVm08Ufa9P0p9c0KzGnqxAcGSHdxwd+SMjgkc/hnI8Z+I/jrQvG1zFb6do9ppUVgzxiaEsXf5sbtwChhgccHqTnnFPnuNUGtzY1HxPca/Ndz6cn2axgUPFHcy5cMBydqkjGfSun8IJpPiy5tPE3jq+Fvb3KsiLbwtJIojyqBVKvgEjqc15no+kWN2qyRXFusNtg3BOWbZ3GFB3cdjXqdi8Wr+dp2jXklnGV2xtBBlcL0z02jA6cc1SHPYW2udSOnan4106Cf+z9MleL5nSKQJwRkZPPIGBml055b959Sm0mG3TUo1lglnlLLHuG4sQBg7sg44PaopfD/APaGqG1htLkaW67Z5LqVUVpDuydqnnkA8rnNaWkamPDg/wCEcuX06eztZFEjoGmmjjJBYbiTwMkEbcgjFaM5jtNSsNX8R6PcfETVte09k0+NbVIIrNgHn3fLgMcHIbOVGAB0GDjye+13xRHN/aE+qyTNpckR8lII4vMRj0GxRn5c9c4rtdV13TPiJfp4R8P6pcxWUeJbOG3smVRIF+bEe1S2ASc8d8YFdFHpeuR6xtuvF8zvMmyad7OOLBGQMgEcg9zg5796yU7aAVLXVm8TazfQ+H9b1ibTbBUnjijVo1Mo5DKijO4EHHAOenHXXPj8+MdQ03wzawahCl/GYtQmM2EndEJG5UwuMg8HHXgVkPcr4R8L6jpMep3E1xDLthuLZQBHAX3Eq2ThmBYk5OCQB0zXmOnSeFYLGc/Z9R1KW4Ysu5lAd+nHOck9Sc59K0ZSOn1vU0u0j0TTNHBl0+Roy7XAYqFO09QB2Hc9OldX4iudM0zUbDSrLR9GS01iLCWttKJXaROS0pwFPPTjqp5rndK8O3tppya3pnhl4YDH+/S8u0ibB4GSxyOTxx6VqadYQeC9KXX/ABN4TsLHUbOdl8+W7DllkPBVclRjcRyegJ71nJlHfwaJ4Xt9Gk0dJ9BN7LuSd1cI6seQMjaxAOOua4jSPDmlaPJftfW2keXYsGSeduNucgx5+Unjqea6/R7zwTq91aa3qU+l6VpU5dWuoVSVmYAnOEyT8wxnk15bPZ6z4l1e5OnanpLWFm+V85njMsWScHIPAHsDWaCx2Wj614btbLVLb7JpO3VlKwy3UQ3xnByY2BU7iSD15xyOa4eG18a3cq3+pS6TYWcbhHhPyttHAILq/bp84+grhtefXdZdtNsdR01ILF/NVIgF3FD/AAsV+bn1616LrEq3Frb6ZDqdpevMii6dY2CJIoBwjtjIJ9vritbWALibxLY3TR6Ld2DtEyvF5YV5eBkj5gVPPPT8a8m8Y+N/Fkniiz1TQdUtFS5iIuI0ijd0lUbWZ9wbG4HjkHgnHQn1XRdSSCG1d4NGt9QUtta6l8tEC5GXAOc8f3uBz64808O3TyPqniHxRFo8Gn6jPLMuBvlV2YnZEx52g8bck+g61NkOFJrc9F8Y6hY+HrbyrTxxHquqRIphaC0Gx1cjKhwSinHJB5HpnFczpevy6dfX3iDUdZub6316ApcrDEFlJjUqoDdiPmUEYHrnGRzWguZtYh1nS9Ug02HSw8kssmGYKwIO1SCrYG7IOBW0njzWNT1SKyvfFR1HTLUGeMR20cAfHVCoXnAY8n68daV0XKk+hY0nTtJu71PEeh6Dq+r2sKtHKlzKsayyNxxIAQQvpnr1FauleHPDd5cXt6PDuoaRqGkhHWFLpt8m4k4JYHAwOqgcHjmuT1n4it4kv7TR9B1e9s9Nl5aOENAEZBnAdcFs9Tk46cemxqt78OpI7B9fj1u/n8qOG4xNCucH58Oct6lfXoSOosxhzR3O58XQ+IpdWjuNc0y9sNO1wB0WK682LKKmDIqnAxkHDKCB06VyUfi/WbS6t9HNxLbtp7HzX2rL5qFsgbjnt+I/CpfiTZ+G9PtbDQvDttqUVrYbjEZGLqWfBPvx/wDW4AFZHhjwk1+kWtXM91Fazl8IsW/LKcYJPH+cVMzVs9TbSNN0+zL3OlxX0u4TqJw0bkPjOfUc5wRitDS/C+j+Ibtrq40x7G0smSSLy5gVc870KuGwuQBgDv1ryLxDr+qRXMupnxdcXj6aFhe3e2wNof7p4AJ5PPJwKg1LWz4s0ww2dxFOlgRLkRtE/wA4OUUnAIwOw/Gs9UFz6Q1Y2WlyzaPFpUMcJiEizrCI2BPONyjBA46jrmuJ0G48N+IdGv7HXX+zXMgKxTRMdzRMMcdVDA55I71r31/pumeCNL0rQklht7y3RcmXz2jdR864bBIByB0HsBxXl1npdvqF6mhW0Rl84MVYgKdwHv34pxlZk8hi/DXw5rvg/UZtYvVhmMp2Rzht7L1L7eMfP04r0B/Ebp4lurTQZ/s1hO26VjEpMshHzuRjIyeM1lLokr2dhpelTyyXttIxRSw2kZLbj2G36Vb1nSL+0mXVLW1jKzDdIAeQxGGHrwec4xWntEI9H0HVdH8NeFbu01iOe/03V51eI2br5izICCPLkK5B2jnnBA4zgjn/AA7pOqaB4yg8TaTq3m22qI8Uy3kK5jXYCqtjA4YAjAHTBzkk8Y+jCCzsLjVJo2kuSzeXyskByQuCDg7hz2rL8U+Ota8O6nJZ+E9VvFW4RWaC+t45Eyv9x2DKQ3qoHoeRVKmjM9a1KDUvE2p3X/CS6dp2o2BkUSTWTeRLEVyqEopGd2APk9ya891SXU/EV9p8Vva6jp+lXrvagLIzxEoCVCjhW5B5xgAH0NdqniO60jR7Qax4XTVrrxBCsjW9tcPFJG3DbcKpfPzdBjnIyecN1fx/4e0bSTaaJPeaTMMsltdQPuhkBPzbm3Zycnhj159KVuhNrGVqWveLPANhZ2+i+LLmyu9OU7YHgWVnJBCguy4AAPQ7scYHAxa+Gdjb/wBmXOo+KtRsNavZ5PtCC4jVHRpMltzE/vOc8YGCM98DEIn03x7v+IHjbT0tNShaSC4eAFUmiVAAUXG3H8J3YPcbiBUPw+8T3XjbU7W+1HTLfVNE02YW97KJPspxJzvZwd3AOQVXBxjjJINiG2zeuvAfhdtdu7qGJrAeU06NAxeEyM2WG07vl56DHauTnnl1W6sNK0+6TVoRIqRQyqYm3EgYB46nvkd69m8VWWlHxLFp/gbw7eSQRAGWa2uHuB5R+UnaA4Ayf5VwEcujeF5rrTtcljOp2sw+zm4gaKVUdVZW3YwCPc+tKM7myh7p9BXGieGfDXhqWwaZDb7/ADbeCUNmKKT/AFiiUcgZywJOeMV89a9fah4L1eDRW1eKzkY+ZukIZYfMAyScEbWHqK6zxZeeJNDhafVEk3xsiXO751WJ8ZwVJHII5BxXI+NdM0fxJ4gS/wDCcFtHpcUKozRDKHygWXevUHnacDtms4In2R3Xji4GmWa3Wk30c9lFEj3COnVzyNwbHBGMY6VyEnnW3hu5vru8FnbeS0kEW0yB1cHKhuwOepPesW2fZp+kaZrVsJ4NWdohGW27Uduu5fQkHHX8qde3DebLC0BtYrXESlh+7kQjBUjGCOnenYqMLF/wXrXgbRYLrWNZt7uyurGFpIZbdnlW4yDlWTBUY+o596yhfWfxL1DSJbi2i1qygM0UstvuhuoPMAbc0YwXyVAACcYJ6V55q6X2sa7Z+Hnlm0Vb79xA0WLi3uP4QDgrtB4BHzY46Cu+0fxbpvwy8KWmg65pRbXY3kkkubJlLom7dlySm7I+Xk8fWoNxmkf2dqUdh4f0fxHNfXUzPaxJfo0SQxxswh2sd3VcYUZOTtC9BUHxh03xL4X8OaA2p6Vp01wGkj86Fd8hK44YcEbsjBx9ccCrE2uQ+KPBms6np+hRawlnNHci7ixb3MZkOCTld8gIDZGOOWIIxi14Y0TQvitdapL4w06/0CQGCSCYb2VCN27gqu7cFA6HGeMc0AcdDpkvg61PjXXPh+zxxusC7b3KrK+CrmNQxxwQCBjJPIbGLmky+HtWs9a8TeMNI1HT7nQ5o7i1iUMN6TDpuZAPvjGT0BBB61gatBp+teKLnTjr+p2OnpvWKdlMjH2cDscdvb612epXvjTV9QZPDHjdmM9o0axSW6xhmjBbAPlhMvk84yPfspMLGPoejeDvGep6pq91reoeHdUtHjvIJXBlTyVwWBkUblYHoMjjGM7TXqC+K9G+LOov4Wh8bX9wsNrKYHvYzGxdXUvvyqCRCv8AeIYcY4GK55/HHjuTT9N8PwXtjqmuSkxXDfuWlRkjJeJlAC4OGLZXPGOc4rNe28QWOnaJqNno1tPrmlu8RWPCl4pCQEbbyFUHA547dTWXJrcDE1u28V6p4gHhjw3rFjq95qqvCghkiilkCISysSMZCg456Dg9qtaNpOlfC7U4Ne8V+H5/tt3HJAUtJsrC6sASyj5TuIU9cDngt0t6J4D1m8sbrxV4g8ATafc6HdxPAIZivnIGEhCICcBRxu2sc4wR0ro9G0+08W+LpPFfhzxI2i2stxG8tlqFth3VVVZdrszA5AyMEYz1GMhzqWQ1E6vwBrFppGm6r481FPNuLWDygyldlzHckKAOPlkRwARjjjvXwQ1wYPG2q2ouDcS2kZkhLcblbBAxk4xur7f8Xafa6jqVn4CNgmmafZy3EqSwKTHeY2lSCAQCB6k4zjjgV8a/E+20hfiZaz2YZbBUgSeROGba53kDjkJjtzXPHe50QetjotItZpNF/tltRWATsY5IUxuABxnGf6V7j4FXS9U8PReGNLury4NqxmmVdywyM7Ej5B94qABnArxRNW8LaXKYfD2lyapHdPnypmO0hV/h6nIIB5B4r6A+H+oajquh6hq+g3un6DFaxCDZM6qF3E9yM/KV4IFdMDPEI3te1jw3HqVno+naLcONMlg3TKGjN0/yjdHCwGXzuABA3Gs7xdrOlarrypovgddQe0l2ymZvKlmCrxmF12j15UkjHC8gdLf6Vear4ImuJvFNodStgs8FxJIqpceXksIZMja6kDGASenHJHj974l8Sw6VdeFr/XUUXrxSrP5ZlmHIBKSoQR90dcnqBjNaxRyJ3ItK0zxpr2uvoWk+EfK003ReKK6RsW+7JVXkYkEKD6HAqzrEPxE0W81Dwt/o+kJZTq9xCohkhG5R84cqWIKgHAIPYgVXvk1jwZpmsaWvimW/bUDGQbeQyxzxdCS53OhHIPzAngYIOa1tfk8KRRvDqLSmRbaBIniGxmZUGGkXKg7h97g+mB22cmyjrNR1H4gaNpN54M8KCyhsLy4gnm+zxpNkSkATE43YGwZwvQEjjmrvxS1u0gzouieGtNtomiDXbRsZHck/KcDYVIIzznselefw6h4D8Lytr7S6m8+rQRxrFbxLCYoggG/LlQQ2AQQxwRXK+D9N0PWPGunw/b7iO01USRbI0BnIjRnPA3DnbjocdeazcFuB2t3B9lg0fxCfCT3ElvbncEkMqTrgbSQu7y9oJIGO/WvNIYtA0uDRvHF3o16up28rRopDxxSupJRkYj5XTkjGK+h/Ceg2Hw+uF8UWPjN0t4JGcx7QMsVKDdCxcMxHXCZ9MV5Dq+seKfG2tXPiL/hJFv7dL8ThGCxQwxxM2JWiO1VbaD1GeeahQ5i/bWMLw7cnUvEFx4003xDLp1wLiQSCZRNtL/wkFtpHOPmyQQOlXtW0Pxjq8dx480m4g1i0iuBFcjcixxglY43aBsAByeduTz0HWvUL3WLnxHa6wNA8KWV9bERTyS2yh5ofmyz7kUMd2CDjBAz9a57xLpOkeFvCkkt5o1yI9RnidmMgXZuGTGFPBUgHrk570rcpXteY808TwzS3VlFrGgQSaNDNC9ytnuRtu751VwMLuXIHHXjPSvo3XdQ+GfgjQYbb4Oard6BJqflPb2V6nnJIMrG4DOH2HHPJ+btWHpFnofwL36xpfiX7TZ66ouorO4tioX5RtLZ3MvLAfNtzt56Gp/h/4R1jxNqeteKPjTog1Kz8ppLW7MqLsaAH5UiiIBVlHGQMEYOSaxqKL942KwsJPhzdNquuRpBr16JNp3+ZHM8/PKrgDLjnGMdeOteS/GL4a+JdB0HSbyRhHqLXJdo2IWSHcp+RHDEMrZDcHt3re0fU9L+IHjCfxPpVqbjRbRoYbvTJXYGJdpUSq45JB+YAcEAKSO3pnxy8Waf8QLRLzw232jR/B8GZLxsgyFgFClSARtAOOu7Jx2rLEX0sTTW55j8MdV1LQdF1m51cpFZ3kJj1FjglotrBfKH97DkEc5J4BODWTrfj+S08B2/hHwxbtoeiX0kiyXksm64vEz/Ey4x935gCc/dzgYrD+Feo6d4hu7+58R6YL6QptsRIzeVFOPWNeHGCMhvT3rpfEXguG50keLvHltJf3FyXis7VZHhW2LZ+cohzgFeB378nNXSdjOUdTtPCmv8Ai7UPhMukeFreFbfSmZbnUblkhkSPLEbJGbIAXHzAZUDA7Y4HxppGkaP490l/AF7cSavfRobi8vJBLEs83ysQ5XGzack4IA96x/iV8IP7CTQV1rxPc2txevGkdtcWxSGNSo3srblBC7gMkZOc8c4q+O7LX9LttP0vXbM6ZpRlmUXIdH+0xpjZhVyyHbzgnnd0+Wm3c1hTtqdJ4dsNT8H6zdw6VeW17qCSPF9rhYOrOQC6k55IyAfQivTBeRR6ja65p6S3ur3kIj/0iRnjsSxw2F7Dcc7emBxXynp+u2N1ctpluh0bSiWU3QV3lDr827A7MQBgc9ya9gsPFVvN4btftF79gt4I0a5uZV3tOyDG3A5JZucDOegropJE1ZM2/EOu+D/B+pa34cuNS/4TfW9ZuI5JsRK0LOp+VHZtwUg87eccDaK5Lxt4H8FCx0DxWLiTTtee4UTaYzCT90CzLlWG4KGGCRw27HFQyjRta8a2A8LaJbaPokhLz6s8TZkOAfkaXG0qwwOfU5ri9e8SaJ4f8cano+lmfxOEjUteXjAlPly2xxngE8NjoQQaxrUos0pT0IvF41640/VtB1ZIoV091lgWMKrLDIu4AFeu4EHB6dPYeEeOvBGp6h4P07Xb68AuE8xBFtB2pn5CzZ6HAwcdxXsHhPxbZ6dqV1qOu2R1e2lxut5GXBIOY2JdWyF/u9/wxXpuj3092us6otrZ6n4quV+0R2FzGDHFASqh1J+UEMw+UtnA/GvOlhjqhWsfnx4QtIovPv8AUZ2t2QCOIA8sSevTqMY/GvWoFkuY7qKWcpst+WYZ3Y5xn1+leWePfDdx4Y1KSG5njkuTM4kgTgwkNgjg4wP6V7B8P7my1fwlqbXFiL2+eZEiuxIVMKoFJXyx8rDHH41nT0Z2ykmj6D+DWv2ereJvDuhanpNvFdRWEkcl7ICySwpGI18xCrc9PmzxT9Avo/hn4y1qD4k3raja2UEkCJaztMplZkZBGTwCVyM8da8+8FW2rT393r2tXy2ttbW8kQiQjc8bYXGR0JOMDnPpXpFonhG18O50XSH1+/1WOWOaC5QNHEwLBJVCrnIODjPOeorsUzgaPY/Cnjrw74W+H19428IeGjqFveTtDcQ3cf2mNpAVIlm5PljJwCCc56c8aOjzazN4Ak1DTms/CHnXD3BgXdbF0m2kGMnkDaRyOcL1xmvEB/wm2ieCYbGyRNF0+J3SaKEtbyuHHzeZyA6EHHqcYPSvVfED+HLbSLJPEOpS6i1uhZVt3WaKQY+ZVbKnPpk+grenK7OSZ0vijxTDdfCO90nxB4gvXlvAPLmjlNwkkqEEhiTnaSCOvGeelfN8vh7whoWjS398bjVo9bhRbZADC8Uq55yG2tliOqnGOhr2HU/iTo/h2HRdGm8FmOEopgnniMDsmAMkqGWTKkHIfJ784NetzaZ8QtI1S38PeHdHi07wsyfaWMjR3IEi/NhNziTLELjIyAScYGD2JJmGx4tpnibQfDfgSG58NeGJ7a5nSKC58399bK6Ao0rMDnc/qQv3h+MWnJ4yg+HmtX091aaDPpc3k2yzxm3up4WKkmCUkdNxwVBztIz0q98Xb621vxJb6FpOrx79RPkXkEKGMxygKEaTbwT0BGOozz2zpr/wymnaP4X8V6hfavqWmySJOSqy20WSdmGfEjEfKpznHTgACsJqxrBXOqh1eHwx4ddP7Wur298UWqRW8WftH+keX+8/8fevO9L0LS7a2ifR5JdT1LUpPsr2YgKYZzgBGO4HPB49etey66+jT2+l6b4d8PWtyfD8cFzFfzJJGD5ffaFH3/pUF4fjVe6o+heGdMjt7e3Lapa2im3lAkt5E3t5rYwSzg7MrwOB3qJGc0Y+sILz4fW+s2uiSWmr61c21pPIz+bFK1pujDOPl8t8oeNoyOcnjGTqGtW/hrw5qt1o+gxLqdy5ieW4dnR3KvygZvkK5yNpwfyx6D8R9LbxbZQ2mkalb2epXES3QXTpPJ33ajO24jDfK2WIBJznnPYeReOIV1rT/DOh+Ideik8TWc0kN2sgWHYZApGSuFb5QCGB+vJpwqcxKWp5j4smgTRbK31Lw3/ZN9ezeZLMYykjooIYqWVepK9cj8axdN8KWes6tHcabqKWemwLvkEoPA7kgnBx3P8ASvbPiv4aTV/GNtc23iGG9OmacIb3z08qVSpZlZVACvuBGSMAd68YjbS7ax23NoLn7VlBhsY5wOn3s9MfnWT3O5Ha3tkbPRr/AFlPG6SxkEQIFMruoGMKrNuQ7jjIHbOa6C60DRV8L6Nb6h4skuNS1FIppVi/fword5DgsGQYG3OcjpWDbxeDdK8aTWes+Fr2XSDAi/ZJPMhulkYZUqBIpbPTBPfIx0r0Hwnc3+n6fJ4pvfCkV5d6Rs+zQyq6Plf43Qj94vIzgA8HGOtaUjCcTpb7RfC3iC00TR7LVZBLoJ23C2+JbabgEMw3ZVyR156nNef+J4/BvjrxJaW8b3Gkx6QJIJZEBmjuChxvUcleRjpjHSu6n8QeLPCel6lI2jabY69q04mEdkgiki81vljKSBsrwVA3EAk4NeX+IPDHxA0jR7/WdStktdYuJ/MZNypIgkYlnKMNuDyOp+lJoZg3ur+CfiB43tINM019MdYlsQCAsUzwlgspHGGIwCOuepJNXPEV14CS1sfD0t1qDCxmZZ5IkKRlwWGAj5w68LkL+dctrc+t6d4fsdVvNMjt72xIuI78RmCWQyHfndjEhU4IIwABx159s8Ma6da+H+raj4qsYpmuIlktbu4iSM/akjdx5OFHzKcfdHPTkZqK0dLm0XqfOF9beEodJkh8P2k2+EFZWumUs+5gVyqkgEewFXfh9a6NZma1uoXS+llMkxIJVLUjHyqDklTz92rV/wCEfGaJDruuWSRxaoiyROJIwHBVcYAOQcY6gVzula+b7xDYrqlsEl08tCzRrgyD5hgnOM5+lc9On1Oi5uabca/a6zeQ6bfrLbGYx+bIBGJoN3ynyznBK888jOK73xb4Z1jUvDt3qP25INLH2fyYGjH+kl2IOxzjOzBJAz+WccLb6BeT2GpSae+28sppporcgu8kPBHOfU4HXnr1reHiW61Lw1baXrVzPJ9jjQWwZl2xnHOc4PsOuBwOAKbCMrC3fi7xLc6LpPgaC4a10ezYGGNyvyYyD+8xvxgkAFj+grsPDmt6Tepc2TwJp1jOskUN0+TGj/x7ZGwpznPUV5Nrt/psobxRKsdtYnbbPbK++SOUDcHAwDsOODx+lL4X8aQ6tpN3pF7HMnh3SnMzqmzeHk3DKnGTxknn+dZyfQ2R6VrR8EaF4M1DXvDuszv4pgcxpbJCHhmj8zBfeUIGV54br2rBGrWr+D9NufFH2i804OjWVtuXyZrk72Yyp1ADFvftir6eH/DvjPw3dQ+AElt9WEYAmu3KbocjoFLLjHGdue+a8/sfD914csWs9amj1Z0YNbqkjyJCTyzfOo6+w696qBzs2fGUt3Jo2lTeHI5NG06GVoXVbxsGSTBXA4O3r0zmtDxDEngpNM0PW4rfxHqE7mYSxzPIFGQPLbgE5Oa5DxaLO71bSrjWLaOyWTBCxrsViOCSpJzx9a9JWytbuS18N2T+RdWYW5s7jyiN1xHuYK5OeMe31qgOa8X+H9Xn8Pabr2qanBp9pd3S/wDErj81TArA5k8o8AqAcj6c54r0G71HX7618OeEbDQ4bZNNifNy0JikvgAozllGTtAJOTk5ORwK8sMePGFvfeNpJb4FWS9hYEGBCcDaVPCqzbgq4HYda9k1zTvGUuo6al9qAFjbAvp0zyK37tgpBLoCSdoUfN+HBqZQT3JlJpaHw58efh/o+j+PblNJmmkluAJriNo9gjml+Y7fUMCD046ZNfOeoae9vcNG/JTvX6k6xAnjDxnq7+G/D8VysEUKXCSs10zBGI3pGQzMDuxwuMDJxkAfnh8S/DS+HvEl1ZW14t0rs0gKqVCbmOYyD0K9K8jGYdLU9PBYiVuWR5U4HnAEZyOfaqEy7CRnLA5xVyRpEmPmLtVvSq/BJUDoO/WvLmj2ab1KM+cbYx1pignaZGKt6VZZQdpzjB6VG67W3pyR+lczR0j1GH3qm5gOSaRBKrF2T5W71MCHjO9tvB5HWq0R2xN87OAe9WBYijdlIkIHpip2gVYZH357MM9aijKLAXkzj09aZ5gdCEjOD2oAqeRGYMpkutVczMN0nRa0QCOVGCBSOgS3YsNwf9KzsUmQII5LY7cFh3qoy7XQHtzT/LfAZRtHTFSOpGCf4hXJUib05amnYShQzddtdNazbSHPQjNcZBceUcKMjvXSwSblVk6+ledVievhpnQLLx5i8nPIq0jM3O4AelZ0K85U9eoq0CYxxzmuRnoxkWFd2I56Vcjdwc1Thbd2q+BjimixzOqgPnOTVtTzuAIyKpFSPlx05qeOVmUKTzUmhbjdgxPYdqvxOZEWQ8E1noQQFxmriNs25+76UAWwccUvK9TUZOT8uMVLjA561gzQfgYB61ZDdCTmqa9c1byMCkaEoyeRyDSjJ46A0BuMDpQCAcnJoBEsbyIdp7CrYlyAD6VUyGHy08YIqGbotrKqj5uaiZweQKjAz1PSncmkUgLelN96KXBoNBytxjPPpTSTnkZNIw56YPrTwgI680DLMTeWfmPX07VYSRkbcprLyw3KnO39aj+0O2MDnOMelCm0K5sO5Zw460/7RJ0HYVSSXdgGpFG4E560/ahdE4uJN9SvcHp6VS+VecdKgeRs5AzT5wsjXgunR1Harckxmkyq4xXPI8pPHFW0mkTgHmnzByl2WZlI9asLeSLb9AQxwaxmkydzck1J5mVC9hzxRzByl1bhVb5+QOlSvenbtVs7vTtWSSc8UnmDAx97NHMHKWpJHLZzUUsysoJJzUJkPPQgVWb5sKDilzsyZZ88GMgk0wurD5W4qMBVBz0phYEZ6Cq52Q2iQysRgE1E75/Pmg/dyahyWHTvV81zOQM64HGKqSHjnIpJGG75jwKqTSs7bOwrRIiTEZzkiqErsjEDvVjPc9BWRNLukIHQVdzFkTcZzyWpiyndg08/vBsqFQp4bgA9aQIm6ZA4qKQMT168VLhRg56Uw/nSNA2rGOvPemFPM+926UpJIwTkUnONvUCgB/Q7R+dHA7ZpD8vOc5pjuAMDvQA/YGBPSqzOoJjUjNKLhU+XGSKpSOrzeYy7RQZykWFbHPXNU3wjHnkmlklA4J4PNZ0j7vnTNNIwlIfLNu3dMrWPO+RjoBVmWRFHOcnmsaeU/MT0rppROGtMq3juhAQ5B6+lc9ISxPIzmrVzMHOQTj0qjGhyc8GuyKPNqy1HiMhifzqxHGGHPSmDd0U4x+tT25yNjjkda6Io55SLcaBEBA4zzVuPaJAA27d+lQwuythuUParyJFIJF2hCv3TXXCOpzzZI+4MHbjPBqxGVCttk3lPmx6VUVfkBaQyHoVqyiqwKooi7ZPcVuomTfUicxzKVYBQ3P40+ABcB8so7etNVkiYo43jsR0pDKCw8kcHqKq2pmaJyGBt+E7g1Yi27jNF8rtxzUS4aMMvBA5FSWjpnZIMFTmtoozNS3hY5LnpjFF1KsNq4IPzcYrYgt7YfMrEqwrG1p4hCDFzkkH6V1R0Rj1uca+XYup6cYqp5WZOeh71OzIzcAhgeKjbcGyDz7Vwy1OtG74etUjvkcPswRyRwB3P5V+kHwe0LwnqHhJr22dLLUtMnz9oaYsLtU+cL5ZIB4O0heeM55Ir4W+HNotxqCXE1qLyKBlMkZOCynPHvzzjv0r9AfA+i2GkeCDc3LSg3lxLNZ28ScA/d2FuepXIHB5PpXo4CGtzxcwrX0PWNE0fQJ1tH8L3clnY3MsiSC4XcsExwVVON2PxrwXVbPTv+Egu2mV47vLpcA/ck9WX/er1y+j0fxH4atob64TR57dmxHAQshk6ZdCCxAr5/wBZ1W4h8SS6OhVCm1Eb7quW6Nlumc+te26h5dM7fR/EPhhdP0rR9WD2/wBlmk+xzwfehdm3ASdSFzgcDPTNemLqGmW9s2o6ddrf680fktBIrND94EybuBgY4wepPFcho3ghdauRJY2zMLAebqsTSKHSMHhoyeGLDoQTyOldnbaPocmm3NtLB/Z9vFKJILyRD5/lkkEbwBuHGMcjJ6VtTcSnUPC/HEOqwaskOtzEazGfnhwpiMTKWV1ZcDr2rk9WNgYLa21RmVbpiyXCDlGUdGyMAHPSun8eott4pjmeaW6tHY/Z7yVGUyoqjIywG7GcVxVvqSXiPoEttEyzyZVW++x6YB7HFYVjpo7HWJqmkeVbWE53X9uiwrcqoJAGQDu9+uKp+E9S8vWbzShDLa6pvd1vckeaoIwrR9Oeufeqdr4dW5vJLPTf3d3FhhbE5kbb/dPt1+grqPD2p6rdGeeKVblrI825UF+eOvXisBdSz4S1D7f9u1OKf+z5izl/mIDnr06+oxVu01DQ4JpZ/BUt1ZxXPyXaE4QuOoUZOR15NbU6TWWmw3cSJrdmx3BlwDC3XDjB9a07Se/SCSO8s0uoZtpjMY5Q9skZFb3RmyLwpfJpVtdzJdRxW83DiUgyBv7yg45x25qbUSuqWDWmnEXSLKJVlkGHDL6Z6euOK5Lx/wCUt3aSpbCS/J+aFRuOT90nHftXB3mvWH2qKURzpLH8s9o+VCkHkH/HFSpFOKPQreYz4C6bHcX0YIS7Z22ovYMuMEjpV2y1i1UT/wBrae1zdxAiQj7gI4yAOM9OlczaW1heX0d4mpPZWckeXgVyG46jqO/rXUR/ao7SVN/mQrnyM4+YDnBI71opGM3oLbWmmXF3HHpt8Iw4LTG4OwIo67ema3xemdoL+zcTrZA20YyQzIucEAZyMVhNH58kLa9CY4pOEWPDbSem7/ZIqXVrb/hG7kpJEUYoJIXiG4BW+6c8dRW9xtmxNHaqovEDJEv7yTPGD/F+FVdG8a20a6k8kUj3FzC8NsygOFBPQ56Do3StvQtQbxN4M1OLT/Ivbu2crNGdolEUi8FQTkZJI/CvNUt59KsIfE2nzpJHZybPJnB3M5AyuMYPB9e1VCTMZxPZ/BFlHf3CaNcXQg0m3gLzuy/KJWBADY+asyC08R2tmLm3v3QNOUjkQ8MmOOOD61a8E+ILLVpZLbULQafYTp5ksy5cBl/hwFySc9McVi6nofh/xHqyrpuotp05mEVuzglWbdhG5wwB457VfOjL2aO1kuNG3K1y5nllCxsmeko+83r+dU59LuGuJLVJeFICg9CD057151pGk6vpHiSTQvEzbZlJlMwbKuv8Jz7+/Nej211N+7sbRvtN0WLYPJMY64PtWlw+EtQX08k5sYVh06aJcEsMMxX0PcGluYPJkEbSh3ABYDrz0OKqTXkV1qMdxLhJIABtIztIrob6wlvkjv7a3WRj8rMpw4QdvoKRj1KXh3TLfWb+SwvLk2rD5kCKCSmcZwSOen1rmPH3g+2stSh0u6uEu4ZxmOVRsb0xj5sEexOf0rdtLu3t7ySJoyk+Mbsfpmpta26nAst8qStbKxRm4Kd8jGPTvWFVNs7qcbI8o8Oax4j8K3LR6WxvLFC0LpIGYRlT1VQwI55445r6snnsLnw3Y6nYWotJZgWbOASo4Oce4718wwa9ZaNe291Gp2ztiU4BI6fn2NfREF7K+l2l3Ai3tsD8wY7QAOvUfjilTg29SKsve0Oqn1u30GXT7rQdWgnvFtI1ew80SK0p5dmQPnrx2PFJcWT/ABMtr68Rn02ewiFukUQAQztks+OpHIGOvFfO174N1ldel8RW9i7WPnPd7QykAFy6oAPm4+mK9hk0+61LQrfVtGMkUtoguZUQEuCQCB74Nbzai7HJp0PLL7TZNGvntRc7ZrV/KLxtjc/QgZ/GuU1O2SznMtpK0dwW2sj87yeScj9a0fiX9ujt7ZGiE04db+aUHDgsWBUj68msDRrS41lZF83yLzmRTJyrDjAHf60J3NE7mIbaa3vUubZzDMpxcRLysgJ4K/hXv2nWdhqkFjfadZLHe7USNyQCGdRwex5J615VPFLO0Zu7URXEcW8smcEL15+tbNlqUWly2eq2oa4tiy5gcna0g6gYoZVRaHqOqrpTwNa6hNJNeafuSNVXC+aeoyM9xSeDtLmuI7rW7WdLQWbeUnOWeY4JwfYGqGmfZbXxTFfTRfYrNInllt438wtK/wAqLyR/eyT7V2GlSrb6FqGjrarBDFcG8eZgQ26UAKOc+nFMwJfGVmkLxp4hQLY21u0wmBO2Wd8DoOhz256+hFfLPiDw/ousSLpviJI7pCASGbgDOVKsuCDnPQ819d3dhouo6dYQeIZJtRS6TznMb5VQVOEY5ByOO4ri7/4e+GbLS4ItQs1aad/PDE/vFtSTsUMOhIHOPelKkpqzRrCtyvU/N74h/DaTwu8k9us09pKA8MhxjZnBXgDLKTz7EGvGb8xRRhRkspr9avGXhnww/g2HSpbCSKW7ZXtfN3tG0UfUqWyM4IGe4PXFfnf8U/AEnhmVr7T0L6dLJsU8kIT1BPsemeo78Gvj82yeVN88Nj6HL8yUvdZ89EvMXLDBB4o2DBB/Or0lq3m5hGR71QkEqM25NvPevmJwPXjIrg/Lwc8/jUoV2JAXP+FNIHEgABHOanVlPzb8k+lc/KaEDKeARnmmyICOG5HpU/lgjcDTQNpIA4o5RooSRSAKyJluvPpViFQQr7Md8VoRBCC0n3h09KkktpCjSwR59qyZsZ0sYkGBncT1HYelSxadcHHkqMqec9cVGJJVyxULt5PPer0V+0XzA7iRnIrGQFSW1uYV2szOGOcY6VGQX+8CAPWtybVQEwFDlh1rOLpMgdVJDcHNICqpYMSFAAHrUJ3fKX5x6VZZdjAKucdhUXB5Hy98Gk0BRk3Bfm5Gc9KlsYhLN8g5qzK37nd5a7hjJ9qpx6hNbFjbAIenTNTYCXUIDBIok5Ldfaq6ochR1OO/SgytcTb5GyWOWPapJIcfKpwVGetIDrZXtVhTysA7MfU+tYk1mz5eJ8t6HpUdmRJgynBXvVh5W3ZBIA44qJRAZYs9u2bjBHtWlObeaLarEDOQQOayblJXActnAzgdhTFu9ykqpwuAQPSs7NgXgChUg5I/HpTtTef7KkmFIyKuCLdaG5h4BxjPWsadbnJRwQo5PvSAzJZFlALYGOc+9dJo2sxzFbaQ8AYyeBXNmPzZDHjb6Yq/a6Hdowupl2oOB2zVyZD0OzMEVzbSNbkO69gec1XslvIxtLtkHlRWVaiZJWMZP4V0Gmme3+eXILde9c0ti7lqTT75YpLlcIGAwpPJqtpdy6Tm2ugSSQFGM81syz/bJgGUnAwMHpUllbxW86XE65aIhhnvUNgaWqWJ01VEj438/Ss23ujKWihcEevWpvElw+uQKluNso+UYNeQXJ1vQpTFscHv9KIxTIaPWbiC4kjWSORTyeh5OKitFt5tq3MRyG+bn0ry/T/E/kzxpOrAA5Oe9dXeeNLeWJltLYKBwfXnvRKg+gWO0uY1gZ/LAZQOFBzXDX2y6uRIqYxwe3P0rBn8W3Py+RGGVRhhnFTxa7b3DDjDDG72zVwpS6iMy5jntZHlVmbByR0FYyaveWzAvz1xjrzXfvJp7xqWbJkJHrXN3WhROGlHyInPvXVBW3HY/9ezoWnzQanby6tHdf2PAGkkt9R3Qv5hGAGb5e5yPy712mrWSeLrgaRpXlaTNfgZLnfEywjcM5HHTtnmsL4t+Ko/GXiGzsvCuoPd2XkKkkKQmGISqxwV3KrEkEdsDseSBY03wzpOgaXpSTTTjV76bEgYobaJM4zu+8MDBPXOT6V+w0lzRT2PzGqZ2qw/8IFZRaTp2nxX95KGk8+0lZNkvQsFAywHGK34dS1C28P29zqbrqXRhHKD5jb+zMSTkZPXuKf4j8MXuueFbjVdEEc0ukSsoltJgN6j7xwDyMcDvmvJdS1fxBHpOleHNV1RtOjsJXfy7qIpIvm/Nlm272BzkbuOa3MTu7/xNF4cuIWt9FktriRPNtysomVCwKsSCB1Ht/8AWxPGviG08X6k2g6FfTTWkqlmmli2ncASwUfKR07j2+vAamNV1HVoZLO6N5ZF1h8+LK4DHBOPxru9T8PQaNaxDw6t7LqlkSd6wmY7WGDnYvyge9ZyjpoarQwtT1PxTqnhKDwY2siKyjbcYmt03naTgb8BhnJ79DjpXmer3Gq+GimFthcXBCHdDuK7eMqG4BPXoa+tdBg07RBPq3i7WjHrptPNtpJrNzscoduY4wMk9M/LwK4/wvPrGow3fiPxJfwXjyK7pMIgJRJyuOEUAcY7YxjpipuXKrfc2fGXiPSvCOk6Xoej6mLLVbS0iWUNZ7nm3rtYlihXBYE8c1lyzXujaNofh2wuZL6Tc00dxGPJy0xLGPHHCk9+feuj8P3l5BrFt4x1zxYbkFPsk0CWa8ooJVAFAHHX5VH1rj9dkaCe51Br2a5RZGNu0itHwW3Hqew+n0rWmYM1JJP7F1me01Gyg1CfVSuxJ5mdYnJOSyjJ25659OvNVt0vh5riC3NpBqt2qQSOtuCI4n+8y5A/hOeO+MisbQ9VtNE13UNf1GWBYtQto1JfMrIVPRcc89TgdqvJ4o/4SK+t9atnlvpJGFrHCU8kB+PlB5HV+3ryRTYje0vVbj4ayDxHFqcra4IZIbXbbj97DJt3AFgy9D1z06VyvinxJrOn2/lzavJMb799zFyWkO4rkjIPJOCPYV1ej+DvE9/qkOr+I9ImOmaW7OkVxdLgqgDYU7m4yAcAdsU+TwVb6z4ztn1Z3g0i9eS5thHOrZdPnaNM5I2k9x0rFzsBveEdJvp9Dh13UIry6srq3ImUIqoN3ygHIAHPABPNaGoeHtMj08atJ4ZudKg0hY2UxXSO1z5ZJyw+6hPG7GDzR4g8G+IdVeVfCFjN/Zr7UmX7WoXdGc/NGWG7HBGe9eSnxLDrlidKXwu+p2ejuPO/0xgxUkgsAo3YJyeCQKj27bKjSvqdI2tad43vpIE0STTdP3B483ZkfcoAYcjknJq7qWgafrl2ulyaN9smlKwxBZSPvnA5yu3Bx3/GuX8X2+k+cugeCdIVZ4nzvNyzqw2Esux2wMeu78K4x2tdAsLjV7i1eS/iRDEizMghkyPm+X0zkfSutQTRK0dj1qfwZ4l0bTzaaXpdpDdo+5Yt0ZdlP8R527sY+8ecVD8QfF0Ol6roWgW40EXYtka7aGNSTMMq8czYyMkcDAbqSRkVDr2j6vLoGkeOJ9L+yTq4W7F1dBvPdgMAHqf4uehz14rn7Dw/p1p4o1Kw8YaDYx6q6LKhMiShDztAKE5yuD1BAHTBrKxSVztLzUPC+keDYdai0fSR4gErrHKB8ynJ+cqCDwOBk46Ec8VhP4/vPCWgWWu61Z6MJ4pXnt2QZJfPXaG+ZhwcjJGB3HFHT/GUIb+1NVstMvtEvgbbyxGCYtoOCgOcH168YxjrVaLwu3jjVv8AhGvDdrpU01vCZ/323G0MowvDDPOcY6DNEth2OM8T+Nr74r6xpeuX0el6ZbBjG88aOhmcgANNnJONuF9Dk96uaX4W1hbzV/C/hCTS9TVESffMwClmwGCYJOQe/TgE4JxWpdx6voWuvpdtZaGWvJUgYW6MYI3Q7QcjG0ZPzEA5x61IY7nw5rlprd/NpCX6LIskcNwQBgYXKthhkHj6djShC45zMrR1utJnitPDmm6Ncz6khUea5m2ORlickY9gfTpmui0C8uPCNnb+GbHUNL0zVNSMy3N2hWYptzsVg20LgHABGPbNZbyaT4W8IWmo3+nacNYgdmhtkmAkZJnIQlclyuBnnI49a9G8HfDa51fw+nivVfAFhfu8kt2Jftwg3w4DfMT90DB/i6Y71NVco4XkfJ/2O70TwzLcX2uxi+uZmBEZ3SRuG5YEYJ3AZ6DrWnPFaWcGhajrXil9Us55MSpHERIykZbJYk/L68jPFeiLbanJ4ihnvPBWlT+HdXuWFvbNKCsKk9d8hZx5ZIySuG5AxnjpLbwHc+MdSutaH9lG20hzClpAyukAHygNGgIPQ885PYDAqEy7X3E1Lxn4P1HSNP8AEWo3upPo0M3lqkUe6ViDggsuQM46k8Vfh0p/E1nd3nhaTxFpelKXltGhjfymkXBaM+WTnjjO7jvXnF/aWyeIJNKuvECaTpQiGIYYGaJpGOWAjTAySeSetdPY/FxNG8Inw14b8eXsDWVwZERbTakpZtrZOzcAF5OWI9KuMmZ1afVGpZeO/DWqXotI59W0+41lApljhikjDj5RkDczc8dO/JFdNoGvf8IxBf8AhybxNbpqVq4dbq404ST7JACU4+UDGPlJJyeCK4rwbdaR4eN3FL4vYvfxm5t5EtWfZMT94qd5LcDOcY6kVp+DvE11f6rqOr+OvEFvHo+w+axgy6yEAINkUYGDt5Iz06VrM54X6noD6BbeFNAafWNe0/UrZozPps0b+UXz99GQns3G3cSO/PFY2p+KNQ8WJpNvp2kvHY2Tfet/niJOATlVAXjPrnOa8q17Snu9KSfRby31WwjZlgKRsuQOp+fnPbn0r2lpW8Mwabo8PhabTYHOJEsb37RLJJty5VQMnjJOTjHfGKwNz0SS78K6DbW2l2VokmqXAMxuI2L7bfacqeflOeoA/CvNL270fUNQSwbUjb2ksoMsqIZPLjJySQBk47Y59qteF7rwzF42/t+S7k1GzMMjR2lwDHLHMSBtZwdrjGcDp7VesrXRvEF1cRaFAtpb3zSIhmG3ahBJCsAc4528fhWfwlWZWlsLmbQpbLTdSju9HaYKt3JFhpEGCMAncvNZuvWrWGmwsJ2t7K4YKz7S/l7DtPy8ZHIwAa526u7rTvh7eNYXq+ZHKsZMTK3yhwO3T5van6NY3d9F/a3iuVZ9QzFKpQ7ApT7oIXAJwBnFdVJmctzu9OmSaw1TxFJLbaidFjWW1usNaS3AkUhxs6ErjaAeT26isbTy+vra3UuoNYXFtOJ5o7mISRugIfdkkcYz9c9sV6ZfwaRKNSsJrdbhNPVJXt3HlySq4yzqw+nOM+lYN34n8OafHZeH/ClxLLaJG5nFxCGCM3O3kZ4JOcDaOOT2d9TCex5b8Q7dfEmtx/8ACPWdjqcbHO1yqvtAGQBxkHBJHGKsXPhu8bRL6HRvByXEWqQpGjRXCqYXGQQsYAZ8kDsO3brkeJNE8MPG2pRmAXchCuVlPzNwBlc4HHpiuj+GPw78NJZS3d3otzDqGi3CXMl3b3WNkQcuCgZtpOEIxgkdc84WJuyNqULi+A9Ok8Aaqup6gmq6Ha31lIJo4cq4kQA4ORnHHGcckdBnHNyzw+MvEKzN4xGp6YC26LUSY5FwOFSRuWO454xjGOetehv4p0LxZ4xvvEfg/WL7RNShKXCw3UKsjwIgRvlyyjGCcM3Q8DrjP1/Srnx9YauvhiOz8TyQhZy8RFtdM8jfN+7bbzncOcDjjsCoPqXUVkZt/ePeyReG/t8uipBGYlZE822nHAAZSRnjjOa27hNQ8OeFrK301ba71pi8b/YCH5BLAlMZJ2gAnA55rK0C08JeE9IbL6joXiDy0YWt5GJoI5XGHKYXJA55OOuRnpXRafotvHpkXiS90t7m8nl8+11awl5lVTh0aBzjggqQU74B45qxzmB8K9NvmOqarqjxLb3yoOvKJkhvl4zx1rM8erDYeLJdKtJWNjvBhQsSDGQORnnOfxrpbnxBp2uaxaw6cGYxgyz+cpilj+bBJ7HORxUviq5h1/VP+Ei1Sxjmjtkjg2x5jLlc7Xb5j83PXpU1DWmznm8UaJ4P05NQsm3alPKqiKVGMEr5xwRgKwByc4zjrXiP2m68XalJrNwBprx3UizEgvG+9gzIDwCOcYyfrXo+raVe3OmOiQ/bbKaRSVYgMiL/ABZGD16dz6VFpHhPXhFrsUsP2eO6s/Ms7eYDbP8ANh3WTgBlXtkHmso7Gshmmafd3YstDGmtpFitw8J1KxbzJJUlYnLInzFQAODkADj0PU3a6NaasnhLS/iLqOk2aZMkl3GQfNPAHmx7MIR/fYAZ5xiq3gnXNK8A6Rr8VglzomtyiIrO6rPaQyLuBIGT/rF4JwTj6AhdC/4SjXIL7xNr/hCy8W3k4UwzI6wgMBt5j/iB44wOnvmrluIs6T4s8f38l1p9tq9pqENgSFk/diVtpwWVgAGDds1t2Wmvo+iyazF4ZS7AVYw0bZkGTgnuQCc9K8V0vS4TdaiutaPfabcWH3VETGFGkyUWQuvA9Oa7zT5NWiik0XSNaNoNThV32s3G3LBQR+PvXLKo7nXOC5TlJ/AmiRXN1qOr+GtUsdLsblZglsWdYh8oCmWQchiM53DrweK6+LWdG1HW70x3c+kpcwLteeMl0wQQgw/8eARlvzr2S1i+I/jXQLXSE8RvNdkSxqqqsCzbQcRnaozgA4yePSsiTWfF3hOw0/Triz0fWb5PPhmg2C4uJGQkKhVdpznA4zkg+tVCbluc0jBtrS+8YeIXs7nxldeGEi0/NvLLI5iM+7oQJFXBHJJ546Gsmy1bXLrwqmtapHbeJry3E0D/AGZwlykjZCy7EGXXHTC4xjNdPpdt4w8J+EzrOv8AhlUvIcC1WceYSk5yV8kEsCqnGD8w49K89+Hum+Cta1O41a9lvtDEEkjCO1UPHtY5ManY7Y579u1TGzZUtjpfB2s+GPC/hie8tNUm1PUdTgEMdhdx7JYJgCJSrdOCcjjkAd84+YviFbrPojalAUM1iyhXIIZ9zAEMPXJ717rYW/he48S6hNeQ3Op6ZeOTaalbiTfB5a8N5canPPUkcEZxzx4Vqwt/FesahpOnXouLKJ2ljmKFd7LxuK/e5J70VI2RcTP8M2olurO+uroW1xGhZUAySSNpAzxnmvf9e0v4OeBxp2gzQXHitmMk00sMbQXMLuAwBV9gkBPG3IAAJIyefCfDF5Ppc2ma7a2jXU8EwOyMbtyg4dehxuXIzjjOa9w1W+HifWfEGt+B9OXfHGI4YLpsneqcgsCRncCcZA7ZHbWl8NwrPQ5ST4heEfF92w0nwxPpkER2mZZgScZwfJA27iMZG7619Ev4K8NX2p6bBonhkTrLAJ94klQyRsm4ZLFQOxO7kk46mvm/TB4i8M/DKXTPEt4lo+r3b3UURKmVzJt+bcuP7uevGcV7da/EPwzpPhbSNAu/Et1ca0QIrg24+0Q+WxbaBKo3LtwAQeeeMAc6cxyWGjwrrWqX39s3OlxxxFnGwhVjjReV5Oeceg/Sud8K3XjHVruG81qwszZWZlgkFzFHLHg4CrvXO44wcg/pxXrdjB4ZbSJvD2pX8slxHdK7oADA8bAFFPGSc4zjjI9a4jWR8MdDuf8AhFH1S/juRcCeVUQm0KO+5VI+YkKm0EDnj14oUwINA8PeNPGV5cwvYW1tpVlLJEokaJrWGPH3dwy5GAB0/ACo5LD4j+B59Mk0/R1n0fT7zyWjh2yKUctnMiZZV+ZiHPAPXpiuF8f6dHpek3EvhnUpp4fNaWbytyRiKU4RcZyNpwDuGf5V6GvjH4deAPh9dWmi+JZ9XvdetDG6JEyNBM8eGYI4XChjjOScjueRMpWN4mX41uEstK1CwuvDUIignjbYGaSeJJSNo81M8HIAIH171yHivw/4b8P27WFp4ceyuJYBPLNNcuTGTkcDLKwyD2Hv0FaPw91XRdKubu6n8RGGO9gjAXyHcEAE8gAkH5s9KknuNe8O+LovFA1mPV9FubNooriZt0O/dny2GcqQwJ4I/SrUjF0VzF6z1Hw9pWi32saPql5pt3qNi8fkxjy1V9hDAkDDIzAYxnHXr0d4A1/WVt7O/ufElq2lmN0S0unEjEqSqkq4yqg5PDdsYx0xrfS/F3ih9O8S+IJob61WKaJNqxKnyuybcJwemcn6dq4vVdMbS9U0XS7bRJ4rJ70xpcWhDO6/fkXG0jcFBIDE8AnpmolqVGNj0LxS/iLxFfznXtEHiPRzAPLuIGjBVY23P5flkEEEkbeCe3FcNDe33iLSbHwh4Ykk0uLSkkuWWdi8bsMIC2O5yc5HcccV3Xi7xH4J8KW9p4H8O3l9tF0RJcSKYSzSjGWLhMEZHAXaB15rpvg/cePPBuneKrnXoLTVtRTyYxb7FaV4WDH/AJZqMByRgHPQgisLOxuj57tZ9J1CXTtJ1PT4NPuLqQNLeRFFUlRypAXJz05J5xXtF9Y2Om/C3W7extg515TBGkRGJ2gYhGA6gqQSemffivHPF2j6ENUbxBpdrJpD3L3Dtp0u4Q+bGQfKgd1BXk/MCTtJGABxWRoGtahZaxNeXXmWUkLxyXFlIHXy43T5HAIG7cuDkDms5Js2UUHw11rXBeTxadGFlltpEi2ZTyHUjbKc9MHPHvWpoupeL7rUrrW/A11LqGowr/pty+x1U54BM3HGzj2xTfAukTav4n1BY717a0WQSTTBvLd4ZJMkKccMew9a6zQrCfSrvxNpugTReHbRtyypIBJ9oCBlwry/MSwPy7fWrpxFURhfE7x3/aEHhybX3k8SarY2+66ijmQ20bMV/dr5S9WKkuB0BXk9BL4l8Ya54i0nw5r/AIpRNFhtJXngSNWJ3KybT5TlzxgdRyDnGKh07WFufB95aeGNFMFuskX23U59udyMGGGHTbgcZwAeRk7qra2mjX+k6RpsGlHWdea5Z7u9dyYzbsDtUITsC8qSSBjb1IbAcqYHT2LWd/rSN4/tV1K4njP2O1kYowUn5XIixz1G0/iM1Pq3wq02HwYur+IkM0sVzHJbwLIyMqq3zFkB5VhlTnkZ455rE8Iw65p3xKmi0GQar4jvkdYnm2PFAgUlgpfI3KowPbIAycV6DH4u1bUfDl14bsNHbV/EpunkuNRdQyW0TfMVUnARgykDJC4JUDOBVwTOeUrM534meHbubRvCupeIbg6RpkrblsLTAlECAbCF4UbgSDkgDI4yCBzvjK6/tthYeG/Dtv4V0C6gEEt7FgySISQXdS2SSmBgcZJO7uPWPiPc+CIr7Srzw9pz63qRiAkgWcSQRkHhHUq2WDB8g9sdunH6aNM8I+LLO8+Ln2Y2F3C1za2NmTNHgnhHQjhATgDnkYPANRJs6IRPnD4hTXP/AAj+iWtpOt3HpzvZpfKQvmRr/qlZO3yqSOT7+/oXw607wvHr3hyy0W7ludTu0dr66B/dKPLLNDGnGcFeTz0B9hneIvBuua6+s3N7Zp4a0aFDfrazJ5fyMf3cUasFJYgYDYGTx3ApPDnh/UtG0qw1SOQW+mzTYhvIwPPU4OeAdwzg9+aiM7aM0nFctjw/xZ4I0OXxBrWhaI890sDSB7mUDKsrHoABxnn6d68X8H69eaHLd2trI32M8zhTguF4Bx+f+NfcfxI0hdR8W2niSS2bTfDepQsl1LbBYnnaPeSwwpBJJVWIycDPXFfDmv6HNpXiGayCSRWN0WaCR/vtCWIQtjAyQOePwrkqbm1CWnIfY/wwuNPu4bxbXThqbajCrWjScKJU3AqwbAwT1JPGMV3GpaZ4i2WTX2o2/hu+g3RiIE2+A3AwwYgjGOB0Fea/Bt0Tw9caat+8VrGkZiGQHDSZZj64J56+tezeHvBfhbxh4jsdB1+91C61ORH2rE6lB5YMgGXUk8DjHfFaR2MpO2hzaQeG9Q1Ox0jU9cv9d1C1ZzK4YNBlCSypvDNjgAnPPb0Hdahfa9c+JF0bQvDFq8mmxK7ziIqxWVVH71VIViAceuc1raPLf+XqcGp6WuiCw2meaS08ueRdpKNKpAY7QBjrgGuF0eyjsItT+Imo65/axS4aFYYTKm5H+6m8kbdu8ELg42DHNejTpqyZwSnqdP4AHifxP49Fx4j1aKLR9HjkntIfNzHHNGAu1FbJXYpLEE4wOmBxwOqaxa6b8Qb/AFu/1+TVrCKbz5CBLGypwTHtAOzHQbRwBnA6VoaNeWAsvEepeD/Dd7qOokrNCzyGYKWb5i6KMtzkgLkkZ5HJriNE8RajfSapfw6Qkjzo1zJhsFcH5/lP3gd3C5GM96Up2di6Uea57n4Fn8NeNrjUvEPhzRdSt/t0yXIjd0udksJLOEK5flyW5HU+mKr+F7a78WWTeItV0i0E91dPbspEkEm6IBt7A5Yf3Tg9R0zXkvgifxfceHrm/wBNiGi2jXDTWbxv9mBA4ZkcEfdx16E+1et6veWuhaZLofirxLJYXFzGCHaJ7jzpHGXAdQWGWB5PX61Vy/Z2Lfhu9+IMGrXs0+oG0sYpQbtdsTiOKJnZAMglscjI5xzzXoPgmw0C+8WzeK7DxEbm+t7iVphBJ9nka3nQ8hBtdTnOccHHHWuLgvtHj8BaVNpsp1GS6hjimikR4ykygE8sMEbxxjI/lWJp66b8O1tPHDWV3eayrNb3FtKn+hhZcjG9c8gBSM8EnFJxuQ1zHcyWfgDxRpuv3cX2mzm0qZryCdEkeQorMcMBu+U4HJwV69Aa8I8WSeCm1yHXZHun1EtHeBZR5kbPn5dzZ3YynfPFfXvgn4g+IdTtLrxrpmnR6OUjXT0QlZY5IgQ5UjAwucDGOnTvXjd9pl/qngzVZb3QbO1t9KvyHuo0VLiKJ5flK7uWibcFXbnAHTGTWNJNA2jhNQ8f/DjxTJcXmtaJcWV8tt9n8+0k3Q7Mcf3QGDE4yvbkmrvwLEXjLXNT8M6dqdrZQ2FhLPBNdAxpNMuMKfmUgKDk89AeDWh481PUvDvhPS9NtFszHbtJa3Kqg3zRyr8rtxnHy4Y5+90r50a80uyvkgUfYRfTILh41LqsROGIX25OB702bo+mNUvtbk8HweHfE2v2x8RTyb7QPkq8C/NtjdU6ryclSR79RehuLTxevh/Rh4llgu7CLfc22wgFyQbkecuBscjIUlsZzjsON8K2fge91dfEGkafPeDwza5mmQMyTMVI3vG4B5G7sOepxjHX6j45tPDPgqHxd4P8J20F6lztcRqZC6PuDCTaqts5GOTg4AxmrpzszGSuUNSstJ8b/FHSLxddR9H04Qq8l1MQMW8hleMSdsgkISRyQM9Kz/jRBoXjb4iSS+G9Yubizurf/l5LEQOpOUjJPKHJIHbPX06/SPEPhPwb4esPG+s+FbK/t9TSb7RbwZ8pWucsgXzdwiaMgL8o/vAe1Xw/q+iWXw5/4SGPwwF1s+bAt6H3K0U7FVdkPIK5CbQOcBj1wJr6yuFJNM860Cw8H/FFfDng2fWW06bSo3gmS5Ba2by0CrJHJx1Cjhj7AADJXUrjRbTXU+F99rpFrYTP5l6kZkt5J2AxtVGOSM7CTgDnPStXwjZz+CfBmr+P7Tw59oOmysPPDnZGhRQgeAkb0DNgkHdycdOPTvg/caL4r0fxh4o8U+G4Iro/6ZZvHG8Uakxu7bEYkEE+59PSonI3vbY8W1+O01BbHSDqrzJYRG3jLMQq7QACgJwOnavF7PVhZXyi+jW9giZwvmAAcnl84z3zzXW3c+p6tdy2uuQfYbt5xIr7Nm7eCAoH45rjho2oT6/dWFl/pkNrHulKcmLsVI7/AIVjzmh2/hTVL64tbm00GTz9SDMLUhV/1TlWKgt1wQx5rR06PTNE0f7R4isvtN3qL7baUNkwGP8AvKOOTnvXKWUU+l2kN3pB8ma1zIZfM2MqsTkLzn8K3heaTouk2NxaB7uXViv207Cn2Z1I4U4K/MWIzn+GqpxuO9jsLr4fWut2U2oeJpJi11Fvnisov3sKowIkZn3jHGGJUdcA8GvLtKXT/CWj6pA9r/aST3IjjdlKC5jxhAV5AwAx9TnHpXqVl4usoL/X/FGsalLfXV7Elnc2KFY3EL8ITjbjILdMdznJriLfWns9Je6uYre9t9PneZbG8xI7xP8AKg2jG4pkn0zk+1S6Vncp1LnqVnd6t4x+HsX263g8J6LGvlxyxwhYZhE2cBnYHIK4OCMsSfYcjNq/iXwzaad/whAnuor1Sl5ILTKqmF2sjspxkknGTnA/D0aC20/xf8Kk8VeMNQvLCytQBZWtuqm1CSPsVQu1irK2V57HjiuP+KGnT/8ACN6a/h2O5jsLVQb2WSYLu+6sfyAjgk5wB1xkcVJJxHj7QYs6ZP4nkuptVVmWCCMxqCOCWJUHocd881seJ9K17W30u3YCzinggitvMkXOUUgZKnOTyenesfXPJ1TX7FLdhcRIim1O44hwB2/4DnHXpXdeEPCEfjPxxY6tPc2drZmZYTbhmLxyAHY3lcDGSO4zg0AZbXei6TdW+iaXogv9XjtVXUHuy1yjuFUt5aq2cZ+bJxjpiuxvLzR9L8QWula9q8NpHqqhLaKHzLhrfgKn7sAbVZvl46nP901tvfatonxTHhTRIILeTSSwaaGONHulbaZB84KgiMcA5wQTnpjxHxbpnhqH4szwQC6O355Wu2VTHdqdx5jAGOAR064+mbkC1PZYvEXje+8Ualr+jvFp8/h+COztpre3WL7bbFmJkZZNwV+AcY4wMAV8neItB8HeK9a1TW7KC4ke8fO66O2NJzku3yE8Meecj0Arrvh5qGr2vxFhuPHVrHeIM/u3kE0OxtwJAy4wPvAHnIHFbV1e6XNrUc/hvRYtJtXle3eASvOGYsfnw4GAPYVNazVma01Z3Pzs8Q6Rdafqt3aXToJbeQrhTlSDyMHvwR2rk2zlwOtfWPjn4d+Frtrux0i7kutctd8jLbxs6sByUI5A29Mg8HOfQfLD2sgJLA7e+eDXz+Ip8rPcw1VSRmKh3YcZJ6UhRvm38Yq8UC4YDOKglcMSRz61zHUQSbUhyikk07ypEiHAz15qxCGAz2PrUu1UXbNk96gqMrGdIZQNrYCmonVtigOVJ64q9LGj5DLkDpVebepUImcUjZMqu+zahYtjuB1qcu7wiEIR35qskrefiRcYq24SX54ph6EVNxkDNNCgR8MT+lOkQEqCcDGajcZY5XcF44pJIt7b1bkDpWNQqLGIY1k+Y8GuitrjaFTqDXOFQwzjp0rSswceYTnHauCsrHo0JanVQz4AGCDjpWghaSHKnJHrWOHV9j7scVoox2jHQ9q4Kkep6sGaEDq0foT1qyJSMbhyKzo9yv06+tXUYMc9ayR0w2LbB5CQvBxU8QwB3xUZZRhuhHFPACnOfvUrdS1uW1bke9XEUnAPeqC7TgE81ci3EbXJ9jQy7FxAuDjtUgIKiok3KuG/OpmZMgkfjUS2BLUcvBqVXBGDxTFK7cgZpVwTk1kaE44AqZSSMiogBg4pyBsqucUGhbUhR7mg4Q5J4pFYg/KM+lOKgYV/rioZqmAkyM9KdzjIOark8c9M0BnB4OKRaZYPGKAQTk8Cmr2y3JpSSO/Sg0UhQQ/y5/OjnOBwaX7wOec0dDg0FpgWK9Op70wx4O4dTUq7c0mzHTvQxMmjUDqMmnhTjrTdp2gA81IuOFI5rMkTbu61GVxU5phI70ANQYHv60A8e3rTWc/hQGynT8K0NBByT3p4456U39KUHHvQApOKZuHXuaRnJ/CosH+tAmyUkMSv40qbM/P3FMDoBvY0DYRwetBgJtwTzxULnafapgAOQeBUEjZyDyKqJD3G7twwagdygwp60jOF6daqkkNyTxWqiZXsIw3ggdTVSYlEJB5FTySbPm6Vl3E5UNgnBrVbGUyvLO6gZzzWfNICeOGqZ5Q5GTjioSecgc02zGxEN4wHPXnipegwRiguhII4wKUEHk8nrQzSDFU9iPpScqSp69qeFI5yDVfLDOe1IrmRKzAgk8Y9KbvAAwcA1A0RZsliAeoFWCAqcUBzIhZ3ABFRlmznqT1qV2HJ4+lVXcMMNxmmZSViIAcsDjJ6VHKcMCvI75qNp1RvLA+pqObfsc/5xTSIbK8krMcdADimFuSQePSokIyBjrVKa4YEqh/+tW0EclSYy8mG/AzwKwLm4YIB2PWpJJg7bt3frWZO2ZG9q6oI86vMYSjEmniEkBscd6gj+cgj1q5CRh4+nGRXTTRyzY0twyKQuangUMpLHj1qs0amQSemCc9K1AoCgABh7V0xRzyYy2fY2Ew4brmrKyMUbeuGPTb6UxlAww+UegqxFHsj2xfNnv3rpUTlmx0Pnvbb4SB2YHrirDKoiBJ5X9aiXbCQWb7wII9KmjxJwPuj+VaRICPzWGFAK1Mlsi/Op5PNOZRCxETggc8c8VKjRyOfL5wM81skKRIF3gru2kjpVmOGORecrInH1rNjLrKVlGD7VdiDsynncTWiRhPc3EZoVxnK4/KuW1SaQOFBz3rqACFw46dfeuNvy7XDcfL29q1n8KM4LUpDdznjPSq4RlGM8sasj5VwTu+tNtkdp40ZN5dxj061xnaj3j4XeGNRm1W0v7KUJNHl3ycDyuAw/X9favsf4XxeKdIsdSg0mI6tZXfmSrJuKx28wwDhj8pOCucexrw/4Mpblp9Mu7RpWVC8LoDkKdoKE9eScjHvX1RZ6X/wjvh/7PDenT4b2EtJZ5Ys2/I3gHIBKkA/TPavawC91nzmLfvnP634y1K1vX1bxraT32pxwAiWNY/JERZgu/Zjb8xYEkE/pXjfiW3Gpf8AEzuX+zJeSGVcfNtVjkKCMH5RwPpXQax4h1Pwbq0sJtgmm3sex3CBzJE4+YjOR146fjWfo32jWZJdO0C2GowsCY4iN2ccn5T6c13umjCKO78Pa5f2etaRPDP51y9mIo2kVx9oiKjlsEEk8HnHNe9eI9R8QJ4Zs7y/jXUNJvHjSztoSDJHMV+VCu3PIGMDPIrymzuLF4bFb6xeKaO38tZtrbrabbgoeOx7HpXWeF9MvW0ya+0Rnn1OGbfLDME8gpztZDneGBGc5GM1VzPlR4N4r1HU9c15bXVXZLRWDRWhGBESMHgYwTzXIa1p+iWV/BJHBLdwIB5hQjzE+b+HpjoTXSXs0t744uNT1LfHclmM0TDgFBt4PvgVSvLue+lv4/Dq/wCm+UWIJUqVHB254z0NZVGddJE8GpW1h4lt9QjDw25mVhOmTMiHhg2OoI4I9PWuuTUtMs72a7s4T9lnYA3KqQzEgkblIBA69a8p+G+salfahPpbMWnbBClQCVUEt16Yx+tem22ueHhZXLx3TjUfOeCW2kjOxkU4Lbx8vqOufapKnGxfg1/RYRPbyibR47kkGSLLLKF/vKM4PPauysfGXhXToxZ6ZLPo1rK2LiK6GS6tjLRZ3EHAPQisXRdH0G5h02TTNQW+e+kVbiGaE5gkIHygtw3JI4Peul8W/DrWNLvojBZxa9CyrIrrlTCGJADj+7x2z71aa2MJbmB4p02yvL6z1HwhcxBHZZHuJ5Mv5ijqCR0xggGuGt2vbPXb641JohqG1pY55AFEnHIBGA2QcgCpfGV9Hf3Gn2s9m0Wq22+OeO3UeQwz8pTaSdwGQax9UvLHWSIbtWjuYIViiRc/IQep9+eTWgixqupQXEc1+9i+Ygpnk4XAc4BAPJ59BWppN/aW/h4QOZF0+aXcl1tYgEgDHA68dM5rNhluRpk2ns3n3dxF5S7z/EPut711A0bU9D8HxxXzR6za32d8MG4/ZJAcg7lz35PQA9OuaYWNea5S/tre00G5aNfuy3cvQr/FtyMZH4Uy8ubnTNWtB4euW1OxaEJKJVK7GzyFJ9Mgj61e0DOnaJ9g8SqZI1cPZxhVbqOhOM5zk8561lzajpkV69vfStp0oCssbIcgnkbugH44p3M7nN2/hiSPXpRostxbM8TM+3J2oT8w4wdorSnbUINFk0rW7UzLbkvHJk7m3Z+YnuOa9J8A3xbx5ZfaLtYbeAZmdcMfKIwwI5JBJFVdcnGp+JnsPDU6XIN3Kilx8iwGQkdcHbjFax5hSWp59pZtorOBdLuXWeNhLKN3Bbtxnrx+leq+H4L/AFfSn8U61HFevZ3BhVBmOVCm11kwAAR83U15H4i0O0+wXF0tv9i/s+RifK+80hbGM85UE8YrptDS6uIp77RNQLamIlIjUqzEEgMGQ84BOAcU5MUom1fa5fXfiCHR7e0C+YA7hjzj29a6WM3tldR3OnJi4gP3WBPy4wQfb2rwvxTdXthPZXd4Wa7t2UNIhGFXOeo/lXsNpq1jq8cOrxXm2O5ALP8A3RnBJHrXRHYwkhda8S6fca1b6kE2Qyp5cgIG4HkEkA+v6A1ueDfE7Wn27RPEdwRb3JaSxuQvJYEDy247jke4NZHjDRbG50dbqzdWntBuWWIgpOhHQkDkjqOteT6XrMd3DFaT3LRTpMSsP3c+hBPUf4VPMP3eU9rv5Yku55YLsXBT5m2HewJ9cfSp49Zub7RZFKJccPH0O7DDH4VxdktzDeXU9xE1vKD6EZDDPfrVvTnj06SWVkEyzAHqF596cxxZlaVqdnpb/wBjX1vE1lLOs58zqjDCkgnjAA9K9lW90iO2+06VdRXbT43IhDAAdenT8a8F1SCBLh3kjyHZjg9VyexrqvCGkx2tgXtJTkls72yzHrjHbrRFkyVz6N8IaqtnPDczI02nMGeaPAy3Xag/xzXo0GoeGdKBvLa8aOJfnltzy5Z/upkdTnjivObDWvCn2m2mn3xwKqq0WCC2BgDPTPbOa5P4maO0d7aax4auJPsLyAyKznd5+SyqQOCMDPem4czORmv4/wDDWi3rS3tlGJ7u9Z7i7G/lYZAWAxnArwjwtptppN3dz6hJI0abjFHjO2Ldw2c+gxXdalonibS0j1wM94ZQft8e8DYgwQAc4OBmuLu721hvBPJbTW7TjYFb/nj1wBn1IrX2RdORpyfbZtEknkmTy0ZhECce+D+JrR8Pefdxx2erwrBDZ4ZWj5JfOVYD6Guc0+MapZ6rBCpj2KTGpPBPXNdd4KumSKGLUFCyomwdtzYwOKzZUnc7mxa10vUEMlgt2tqwu2uSdrb85VST/DnHHT2rvRqljcaZFFq06k3oFxMoTeAOCq/KM4GOleZa9JaLZSWl/OYWXbO20Nl1GQFwOxP/AOquZ/ta51S0SSzkOliF83MgG/EIHUDGep9OKuELrUR7pcXVrLo09tHEhe72Tb1JAEQwRhT05+hrl4/tt7caa6j7Xb3EioS5ztgjfDZPtyQK5R9ae40VNT0DOpalPOYNjxsP3KqTvGMLzgd67Dwpqb+KLefUbeJ9MkgZrZY1YSKzqoJblRj72O/1pzXKgE+JfmvHbyyzK1q4W3to8f6khOq49SvPfoOwrxC506STS5XnMUmnBzDIkmCXc4yNpBBGDXp2vWd5dRfa5UH2aylMAMhwxlbqB78Z+grFigguYH068iDonzHYOd+ODmsqiUlaRUJcruj89Pip8OV8BanJq2nKbnSr7mMqCRCxySjnJGR2Pce+a8LuTFMeec1+qGqaXpzaXNouoQC6hZWa4Eqbl2k8ZByBgkYNfD/xV+FNr4Rlj1vRFB0m4bCjcWaN8ZCnPPIBwenHbv8AHZvlHLepTWh9FgMepLklufP0kIilyASnpT/KdlZhjHYAc111rYQ3iKqEqCfmbpj86qalp0NhL5VuxdDzuPc/hXy04nrNHK444GMdaawG7njPpWm8ABynAbrVY2bMcBwPpWbNyo67VKjuM9fSpLW627YXYnPTPaiS3khbLnIPFI7LtDbSD0zWLRojQltRKWlXAbGMdqzDFsIUjAPcDrUsM0q5A5U81LMTKvcEdBmspIszZPlYEL1GAPersMciIVHOefaohkOCedldBb3VqY9rj7w7VIHPGUmYFzgAdB61EW2MCCTuPIrUvFgM/wC7GTjrWfFHlncjOeAfegCrc7ywQg4PPFU2RAS275Txj3rVkQpE7bcsv8qzzGCApA3HkUARQo8rFACdvWrcttJEvnvkAep6ikSYxSK+enX3rrJtS0y4tUheEHjIJPQ1MgON8z5hIO3anvfTNJhui8ACobuOKJ3khYFT0FNgkad1BBUNx0qQNeZnDgNydmT+NaWl2lvtW4ucmJjggCstiyjDEkKMZ+lNt9TkhYws21c5FDA6+OG2S6Hl58jdkr6VJfvaCQALxyOaymv0mAS1lAwOT3/GruGkgUy4kKjrXNNAVJms4FMscYkKjgkDPPpWzodq+uwOs0ywqDgKOtWbDSklg86WH92faqltbS6fevNEdseTtHXism30Exs9vHpbCOLdKFOGyORUbXQkjZkyM9AOcfWuht762kjeOfazyfeHf86z2higkZI12Hr+H1pbjN/SdNWx0STX9WG2JSCqjkkiuG1TxvDcSSC1tiEHAB4Jr1qA/wBp+G3sym5AvPsa8G1fQbu0mfy4wVHJx3FEEm9QOj0zxdYonlTW5Dkg5qe91uy1AMkgwMfxHvXnAkQISOw6d80yYyE4YDC81qopAdTPoFjdp50QCTZ+8D1qlcRR6dbvb+WHZuN2OCfrUNhcTllUMVA5Aq5q7SyJGrDKdcDsatMDhhBI15kErEMFsetVLlJIp98Mxw3ykCugd4pHZXwoPBwO4rIuIQZSE7d62Ux3EF7ItqqOfmiJOSe1dNpt3NdweZMSw46GuY8tSMDJJ6giuw0CxDvsklAU9jxxQ5Az/9D0bVb/AMAeG/CLRtGl3q1tINkRjMUvzNjc0u3oASep7D3HPeGDpFtrEmueIxJY2VihSRSryxhpVO0nAPGeMYqbXtN8L69YXOtpqIEF7KqQS3CFHynXg4OTjFXBY+JtKsbkabLHYwajGoZpwjxyomeTkMRwx9OtfslOWh+YzSWxyUenWeuaRcajLaCCAOxjaB/LlAU8fL0/zx0zW34kvE8VvYXcN1c/2nKqrdfbIU8n93ym0oD3yT8vOe3OeZ+3eJtd1RdH0uyhumzk+WNgbB7EnA9u9eu+IvBsOjyGwaFknnjSREt5DIU5wdpOTwQR0PTjitDE5WdrJIZodI0+ym1C8Ta7yowWNjxvQZ+Wk8OrrfhiSa5uXuFnvYTE8kcyM0aZGdnUHOOK1V8MXmg2sc95PPcS6ipdY/JLSoEGTu5LHrVDw/YQ6zqISNBJPeAqFlLRquwHr3A4ppgV/F3iWw1LVLTXbS/v70aenkobmGJN6nJIXyj7k8j8aZp97qs/ht7n+zjYaPHKWVtgG92Od23qRzjK8VX1TSzY6/caajQSxWxCywo+VDY9SAe+Ce3TNU9XgTTNLjP2ZpI4W8w7JzsCHOQq8qDyOg4rB7mljdubQ+L9XgtLG5uoIn2xQvbqsZMrcdSCfbpXnvi74d/FLUdRh0O3t21CfRg0souLmJXaOQjYxy+Msq84rrP+Ep8P7n0vYbYuquoSX5twAIOeCCR/KuX8MeKtO0vx1p3jPSNNkv4Ss9vPHdXODIZF2glvmOF4IHtW8KTIPaLTw9YavpFj4V0q3tNJEgHnNt8yVSBuYhx8xyQAMmub8VeGI5fFOk6ReG8uNKtJGW4mj+TOEOArcDqBk5q1ofizRNJtJodfddN1qc7oZ4yWZUOFAAAPHB5Jr1uPwRNqjCPT9UbWI7oborogJHuIyx2g4OMEHFc1bmiI87PhOz1iHSfDWjac+rrZyTFFnuPnZXyxyflAx1yeAAM8ZrhfiF4e1O08P2vgvXPDUUV5ayyNb3H2xWaPLkuBEhIwRhfmY9M17PrfhHTtL0COR1TTby0aVbmeO4YGRmOFGcjbgdNvJ615/wCBtAt9Mu7y+1G60uTy0JtftEpY9yCqHO7B7jkY46mlSfMrsTZzepWkMui6b4d06SwtPKwbsrPhp5sEYA6gKegx+NT/AA+8J66llPqd5oiP9tdrVZjeJFGijI5UMWwfXHSsTRNGvVWafxTYWEOnagQYbhplVlaInIGSCue+MdKrF4db1l9RtobCWIT7CqPtcKgxxzg5Azkdav2aRUavKrE3/CmdR0G3ubt9IMd/aFWhKXPUdWI+cjGO5GTXKXVnZXer3t5r1ikNp5ZdVWfdIJOOMhgGyc4HQGuxk1W41bW1i1PRLe4tbYlC63LriMZCgbf4geSfSue1jRftuutHp+mJLASDGgl3MEHJG7PTHfk1tey0Eld3IvDPgOTxDdpqlp4aN/YQN+9H2oxhiVOPmJB+U4JC9cYJwaseIdT8WaPqk91YeGNM0yLRNi3BlkEhLSNtXlWUc8DAyeCc9h0HhDxbdR6rLDoGj3dxpaJzDA+DvxxnPGCffOOcda8z13wr4Ru7uK40+w1K0e1LC/tWbe0bhsncwAI7g429sAd0NMy7a51e3kvZNO0XTp21YuIoE+5CzZyYxkBcY+XB4xzXsuheH/FujeGtE8SabpmnW+r75BcSyNgxrlgvIOT06DI4rk/AvhvwDqces36eH72YafGjWqR3Dptk+Y7fv5wxxyWOMfdrY15NC8R6vY6HdeE9Q8Pz3iyKskE5uPMcgbTjBAAweg78igfMzV0pfiJ9huLO9sNItxbt55MxZnYZ3cFGIwP9o5x3q34Y8NP8Rbu8v9U8MWuoWzBFeSJhF5e0dQC+8luB14+nFc9qmhrpdpoug67oVz/xLMRzzb2zKny4K7flyF4O0nnrzxXdGbwPY6WllLoGoW9hZyiSee1uM3BiPBBVhjv3PbqBVx2M5HC3Hg6OfxJpd/c+Fre306GTyGCTNIWib5FOG3cxg7uMbvaujfxlI7z+DfCPhc32laNJKLiVJjG8tuDtkByPlXLcckkAcDOK7Oe+0XTpblPCUl5caI0avAZ0zKSANwUYBwT0yAa80+G1udLXVfE80txqcs8ZtVjgH3WwSQccljxz29CcEZVNVc6KRzdzoGi6nqEmj6V4PZkdDIga+c+x4Zufm7bs1bg8DeJfD9xaar4O8K/ZrooyujXIbk9P9bICCPQYrU0v4fara+D9J8cSW9+ZhcMVljYspgibbyMEoSwKgnGc5Fd7P4ah8R67qEfhW61u0ubmIT6fHckxu04G4xkqcYbHykFQM98c83OVynzhp+pXSzar/bWgNc+J7Fh5TSsFjBkw22RAwHAzjGSc4JHWup8HpcnWZ/FPjjStFsLWWFo41ljQLLIQQoUMzKrAr1POBgdTWBq+gG91uebXdD1FpQ4W7nk3rsdsKpfJyCTj73WsfWNNxo50LRdPnmNrP5ty7tuJP3VCKCT06nHFaDlsei+J4/iBosOlfbZ9O1SHVVWRJEK54xlGGF5GRng+mai8Y6t4tm1C++FHhWws79L6FZPLtYxJMoXDsAQwCkbecrnBB7ivMbq0l0vR2tdc8Kaj512Q1tcqJAFIA+UKV2sCD1ycelb2iHw14JbRfidY397bF45IWiEQMnmsrK656MpAb8h0PS3K5Ps0XPCHjDW/D/hXQ4NE0O31e6uLpoBHcNlGDl8ErlSpD4GDxxnPPE/hnw/4j8D3lp4g8RadcWDWtysmyNgS8JxuUc7cEEjrznrXnvw/8NeHPHGv384mvodPtENztXCsW3cAkbgO5/8A1GvT/HcI8X3NgLXWLhZoYBbxWzxsCFHXDAjGR165wPQVk5BKFjvZvFC311fQeGGjWWL/AEmKC/hZfNRgCTztPzZBT1BBp2qXurabNBp2oW32YbPMhtdylPLk7h1BIyQevH4V5H4n+J+s2mtaVrUsqanqKwPp9xDcQBMRof7yBByxzkfiecV6T4XurPUr+01WbTntoYBI00yB5YyGGRuGPlA/+vVC59Df0n4YaGLhtT1ezmnij5ltFfZLHnJ+R1IDZ6jOOOPerV9qGm6veTtokUg0+1kUReYoUzcZ+ZR0x061WOr2HjDVbzS4JmSEqArIxKOycqxU4x0xipJrHxpoWhjTJbCK3TUQZLeRmQyiPCk7NrfKeQfmGeePbQ53qd747+IWjx2dlfeHba4g8i3lSTzgHV5HAxEpzkqpB+YgH2rl20a30+yTUb60m09rdcXe1vNTLkAfd3DrxwcCuR+HyeIxFLNHL9pGniWY+cWIEfQ7uc55J611/wDb0lzrFlFokk2juitJHIhMkNwxX94rIy7fl5I3Z9Rg4pxIZneHNE1O28M6l4r1fT7PVrI8IhK+ZEwbaC4KnGcjAyTjBGM145YanpF3Bc297qE+j3KqEWeMO6ujZJXCYOOBwTg19Sanq994v07xN4L0Dw1Z363KRm5uEuFt5d+7JZlbAY7s4O4EnJJOcV57q/hvw14b8P2smlatOb5Cjx2l9bLJGpJy20+WAuDz1P51k2zsp7HIaf8AEjxda3d7oXh/Uk1qW6heKNmt4oWPHAAbGPXk/nXSeHIPB3hvSrDxNrGjavo3iXbNBO8TOY7jc27eDIQqk4Hyp+vbP0z4d6hr2qSa14o0L7Wk4FwGs5BHuHDDCbg5B/P0PSq/ipPEWteJH0vQr66st6rOlpqMZCwsAQdvDEAgZx+vStIxJqO4ltrWu67JayyTpqFnYbkkW6OWxIc8sckn0GSB0roo9esNQ1Cw0+8km0qx0p5FU25y0Xm5LEcZwzDsOnY03UvFGm+ZZaZBpOm6xq2pgrc29tKRiaIcFWUhhkdjzxiux8eaF4AsLbSvFEEV14W1HVbdklsNrXEe+MAhjyCpGQD0J67Qd1U2c621MJ/EkQ8LW9trrLdXGneakcrZ8/bM28KCTkj27elZ3hjWPC9/evDetNGbqLZHM3H2aQE/fGdpR/72fl79yOh+FPhm+8ZXcVj4lhtNU0K7eSOS4QiC6Vol3hcJjBPHHXHscnIsfDaeG5dZ8OvYPLqkbSRL5xAZFU/K6bRtcleflPtS30IiuXU6u60i3i19ILKT7RHHEoKoytuIyT93j6+9YPiTxmYvKYWRktpIpbd4ndo9yOMDYy/cPP49vWrsQ0/Q5tPvwjw6hIXiY8mKRW+6XBOFK9Bjr39sDVZreyK2WpoGspSdzldwTaM59OahxsaRnzFr4Tpr1n4wttJu7yOLwzqr3BvrC7CujoYDtAkcEnhRxkAgd81w/iLw7dL4jhi0jSLvQbVvNFveWszz5KnKsxU7o8g45Iye3BNdlpen6V8RbWTR9OufsU7bUtY7ldsN0oODiRd2wqBnkd/rjpta8O6T4F06HR9GlvLDV7Vudzia3Pmg7gAc9d2QO2aku5xPh3xh4i17UrXSNN8UwX9zdMVMdzD9lVpMYCghAWPPGK7/AMIeG73wrZ6bpuu+G7bWtT1CaSOGGOVJJiqdVLJuK9ee2PTkDho/CMvh+a3vfF8Om+Jru/uSY47WcpcB5edpCIp5bpgHnj3qhpmp2Pg3x3B4k1bTb2zhtbszLbgYZeSVCO+NzJkEZPzY5IzxlVp3Whalfc9r8Xi00DRIdT8ReHbzSWWZ0trEMyQSlscGTYcFFyccE46155YXPwr+xaf4p1S/vNKudLuC8kaIHMytyqIwDY29Txz9a67xP4sv/HV6l54V8Xtcpa3CS+Telo4kbB2MEZCBgZBwp4NeaePD4p8b+OzfLoUc0dnLbJ9itiJIdgIGXx/C/JJ27QCeOKxowltMuZa8UeOta8VSTHwRq3m2NhcLNLNPkMIsHAG9SeAD2HI7Vj2t78RvFmp6lr+lSCV7tI4phbIm1ht2AsrFiCdvJH4EVe8ceJvDnhQXmiL8PI7HfsZzHKoKq2BhXjQkqexLdTjAzVbSY/hhpU1z4i0+81bR49dsv9VtYi2f5dp3hSxRiOMMe3SujkSeg5PQk1dbT4d2Eeh6NZTaBrniORDb3xuFmt7Yho0cMjFhtAJy2CRnPGBj5507Q9b8O2fiPRdTt/s967RqCpBEihjuZCOuQcj1+vT6BsNCkstZjvNe1uPxNpt3ayxW8M7mQxu2GzGWdypAU52kE+gwCPOJNcbVfEME1jZSMlqqo8BBYIqHu2Ohz1NZV9kaQZxfh6MaFqb2QkEMdu6PIwG7cHUHac564HbiltLvRpLsabHq00dre3Obh1RiCSw5IxhhnkVljVbyHx54jtLyyRIGZiI8gFEc5Qqe4KkV7XZ+EHubQ2Vro9jHcC2XYu5VbzCMDLHBJHeqobDr6I5W/wBY8Hab4rgS80651NLaGGO0aEBlcg4VzGxXLE8e+OnTHXz2msyafqeo2nhm3stQnZlhjngEEohHR1DbQHx1wcZH4Hnb6HxBpt7pGjXM8NtfaVKk0MoKykMGyoOcjA7gr+gr0Dx9qmn64dGe+1yLSrjTJCZo8nY5kCnG87QR8vTk89BWxy8p1XgK88bWegXniDWtLtHurTy2t1u5UiaRzkEoA21io5wceg61Dew+JvEl1JqmuaTZ317ZJ5w87ZGZHCZVWZGUOOBwfYHrWN4X8IeDPHvi6PVo9fvIfDVkuy8kKF1SRYiflBByC20khT1yOlamj+GPBXiXX4/7Iurj7JYSzW6SuMpJtBIk8sgHkFSMEc4z0qfax2Gc3o1745vtau7HxFpFm2jaipR4TGscWQMoY3BLZ3AHnd7Y4NS3Hh7xx4gv9Nmu9H0wRaaCtvA4jjt27lXAZi3C8D24Fauv6b4cjsLXQba4upWsJjDliDHOJWJL4JJOCMjp/LHi3jG88PeGml8E6xqN3qNvBItw7wLiGN36bwx/u8HaCcHHXiolK5olY9W8Lalq/jDVLibxPoFtfWlvevbgFQUtY4wNyrIAwbn8DjjjAHFeJvEem+DrmfQNB0B7a1tb3fy7kTEqcqqsDnIIwd2SAPWtiy8OaBoOkouieI5zFqS/aIFgZkjKYxhlDZB4wS3PYjIrqtG1DUtCtX11fEVrDZ3sBjihmk8yQzqSAxQjPykN3+opvUPaHP6jaaP4O059A0a9vFt55RPIZVIAd1wVKFVxwBnv+VZVnBdeCPDct3aeM0luLhVuLO32kNtcANg7jsYbjkcg4I6CpNTPxC1S3tvEd7FY6xpFwsiySo8eN8R27zjO1gRjhccEcE1S0lL34hfYQ/hbzrbQkl+2PbPsaWNgAgBypZk254Yk89M0EPU7fRdX8Salps91r2nWmvWl4ySK0qRqztFwcbflDKV/iXJ9a5hNc1Lxr8YYLHRmk8PvasjefFGZFUxoGBkAwACQFIbjNZ2p3/gfT/CMXhyCS9sLmSR/s9xP80bHd8rSBCSrKCBwO2c11/hfxT4v8JaFpmmaRqEGsa1d3LJHEwBZV5wjBWHmBj824nOWx2rQRR8a+NtQ8T6/P4LvYovF9taziRDDG1u0UgHllsxAYVCxBLAjvnBrgNYM2uX9rDHGzXVpCLS5jAOYEichcn+6Qx+nrzXomiWXhrwFZHXPEuhanoOuyxTIGT95DMThhlWPy7mVenQ966T4ZxSWeia/8TPE0Ef9qBtq3cjb4bmKYpG8LQqQoUNjPHIOBwK52bI+bNRuNZ0Tx9N4Q0lTLHcpAhjRR+9xHvUAsOxJ5yPeug0nxPr9r43vrvxrpJ169lgMqWYCeUCuFjaRYcgBQOeOepznJwp7XXrrU7fVJVa2vDMyQiMHKbuVCZ52AEgHJ4z1ru7HSILbxLqEFhqP23WbyyO69kQxrDyAyqMksR8pDH07c0kOV2b2s2H9teEo9X8S6jD4f0OX5odPsVVpZZAdzQhTtA5BAJyARkjqay9Uu7m98M6Pd6z5vhrwYH+yW19JlwmFYKwC/vH4UgdVJ6tW3APBfgzwZLbTLbeJdf8APcxmS1Z44XkAG7zDlTtK5+9knj1Il1t/DvjzwDZ23ji+nu9Z89ItO0+3/d+Ud4UsxVduHXKgHkDAHYrcY3Ibsc7o2s2Yl1nwj4OupY9Ht7VpYbxUAklmTYWlfeqsobGzAAwORjIxreCb0NoF5pWm28OlWqH/AEvUJmZfPY+h6BgpGFHAHJwTzb8DeDfFPgbx7ZyeOrSzntruDyZbZJRL/o+8NghRjGUxg5yMj3HqGsWmgXuoapceI9LEnhi1Ils7CxBtyQFyQBF/ETyfUnsK2Rm2cNZ3es6B4YvfDngOFEa5lzLesAHWNwAdjEnKkDI4OMkivJvF1z8PtEvtEikMuseKY43a9nuGaS1TcxMKqjtgqMtyPx616jo+rx6z4fmju5V0bTLbCwQOpklSIt8qFjh3PTJPbk1V+ImkeJviVoWjXGk2MWlaRC5S4vmdABbo33tuFcBSuQM8nOOKmZVOszkPEV/Yadqdsvje9i8QX+rRBFs4yGW0ydyDOeNpOAuByTyep0P+Eh8HWHhWGXxTbPJc2QcWtvbsrLJglkWRCMKoOAeenr0rkNfsPDWn6jYXHhnTxq1xfsUk1CUOfLfjaFDYCnJyGzkAEc547DQfhvcxalcXVndQ6hfw7HV5h8sMuSeAA/ccEgYxx3rmqRN1LuXPHd74b1z4e+DfEHi+/ms9Qs3uAdKhjKlUMgxGePlGxQRuI6kDpivBf2q/C/hXTrnwx480e/jYeI7aMCyRArRhIwwfC4x1AOR15r2TVvD3iqTw/rWh6DZJ4k8Q3fOoz3Dr5dsZQxVbdXKY2bcrjAU84wFVfnLXbG31XwDFaNZza54ktpI3a8ZWdLZMlRCGZsdR6YPPPYc8oF0XeRF8CtSZPFZuHsra6tEhKPDPgkjIwY1OcsCOePu59Qa+4tOmF80urNYWWm21tGTFcKgWVJY8eWXZACFXqMcjFfmt4H1ew8M+L7Cz19WCQ3CySrHy+0dVAyM8ivrlfFvhmxt7zxDZm81azkk8ry0EkMaK3zbGd/lIwQMZ5rtpwTjcjF0rTuewxanbSW994l+JGpDxB/a0a2832SflVCFFQKnlj7oweg79eToeFdMa1+HkbfDrSrhLq9ldMsyzrt81xul3fKOOCcAYOTx0wbizvdf8E2urfDTQx/xUG3z7WUI0ETRhiMM5U5DL1PU88jpxcPgrxhcHSdA1DXrfw88qTG7tnkaCWLywzq7KpBkDhe2Ao5GecWnZWObltqZfij4g/EjTp9P8OrdW+m6jplxJBKpSNHEv3Rkncjg47A8jIr52u/B2p/Y7yS78RNY61FK6i1AkKzR/LkmVGGM5PylT0969u8aeCvDPil7Ke68TSWV7a2628kYt2uFLqSSxcFQQxPBz0xXmr6bplqbDSNOumv8AW4ZQkzRfMrHHKgeucAY59eeKwlI9Ckla6NfTLaxsvBFp4X8Q6tcXN9O6y6dBbkui56oVI+Ubi2e2e/GK37678O6fFo/ha+0RdTuJGSYymV7cqXYoBlQSxXuOB/ToD4e8cQeM9HfxN4SFqNHUHzHgP+pccM0ikqeTkdcN+Nbml6Lqn/CY30+uolhp0AlaExsJjCXwY+B87AjOSQK0pak1tCbQ/EPxRjnm8K6RpLv4fgRpUiuLU3UayFg25Jo1Ulsnj5uBmvZdQv8AWdTis9Nt5YFY2zm4Fu4YtIqjar8ZVgRgjPU89K848JqDLfPbeI4/sNluLNbXDRcbS5C52jAGc59PxHL+BfD3wp1TxBqGueKdcMscMkl958qtE91Ecs0StuA3Z5P8bZIUDBYbHLGdzY8R39/8QfGNn4avNUiiuYYij7wFEMiqWLMVwGLKvAPQnGQKo+P/ABN4LutN03wDLr0yzWTOpuHBeJ2Yg7ZJPlBAI4xkLxk8Vxuian4Gn1vVP7A0a/kTUGW4tIWKyNBGjMSWYkccjqpOOM5OT3tx4b0fVYY7+88MpqPWeMGVoSXU/NlQMEj0IweetKwn7p5R4r8P6bPBBINbuJdXtYkE8Nxl1ZRjiN+CMEnAyc1wdvZyT6glnb24nnunEcEbj5i7kKMZx1PAr3GUatcaXf8AjLVvCrbbS0ka2vArpBGY9+N6bsNljjPGK8T0C9vJPE+m6zfIYB9qRVBBVAwbO5fXBIPvWVU3pO570NJ8ZaHommf2RdwWGqujrexwusVxIpbIEoxh1wOhJ9vSuv8AGPgXUL25szD4nguNLuI/tBhgfZNKMgMsiBsKRtIy2cHtkEDB1PTNEj8PXfjzWL2Rrua5W2hiK7kkKhdxDdiFz14+XHoK7CPU/hL4b8IW3jW7tp78XKG1aAl0uGmZsF4m4XordG4A9RisHO4WPI/GHg++8e+OY7qLXrZtLt40lvYInCPbeSSrkquVL7eATjaBg4A5yvEuo6hqHi0aP4f8af2npF8IZ2mhGyNGjBxuQY+dcDkYLHGR0q1Z6X4It9EttZ1rS7i8i1lZo0t5i8KLtON6ToBvx3APrx0NbGiWfgnwdBp+vtodxqlq0U6TLdHCFuAGVwCARz9QeMHkOT0N4RK7ReJPiNrEng+88cW9lpttBI0TOwiEzLs3xOF2hiQTwWI+U8VheLfEMenab4b8B6D4mlvJBvF8rnZCsiqBgSqqkoSXIUlsDHNQW0Gh2kWpeMLjTnlt7II3kglogZX25diDjOeM9+1YVlH4Zu57rx7p2jzwz2d2gt4gwmtBJtDFZDgHDA5OGz83FRqBZ8f6rZlNLspJ/tLQ2kMTuGym9MhtrdznmvPIJbfTNSe80SZvM+zPI6BmBbA+6cYzW7fzjXZri+fTVEvntMLeJD5Y3ZJVF5wBS6XoOgG7i1uxmS12RsrLM2Ek3DHGT61LRoc94e1rXvEmrR30TJYW1o6yxkguGeIq3l5OBknnpkACvb9Qjvdb05dP0i/lufD0l0808TqEWG62hsgn5yCWzxwDXE+D9H8O2Xh/U5fErzQC8nWXTDEcRh0yrbl9DgLzXT6rZif7LY297Hpfh3WnLKgJlKyQgKzOG2k5JHQ+grponPVRxeppp+k+LrN7azjvbsLtmW5y8MpK7VyM4469OoHWnaRaeItO1q5k8O2iXeoyF1S0iSS6xG53AIBhiUHGe3evVvBum3nhPVFuLmNQryI0d6IxultnAzgHLAbR0B7/AI1b8A6hovhbWNbtPC081xcXIeKx1P7u0ybWZGV1HQjhwAQRkDkEE9WZ3sia11bU9N+HMUHxAs5ptF1GVpbZYpVjkiufmLKycHbuVuvTnrkVzerReIbv4eS6Xcyw2emxtFMjSMySzBcERpyQ444BHOOOle43t94ctPAV4mlaZpmt6kgit7sOonmt7g4DuO/UE/3RznkGuN8V+Hp9c8N22laldyJ/ZLeZZ+XbgW84cYZQwAAwBwSTgcD2x5RRqHn1rcafY6PZ6d4W8i81G52+ZcGP99GWI/dkNnAzgZHGMnuDXXeIjo/h3xzp9tq5urKS+WOe5hgx8qZKvskz/skYxzzzWP4+vdQ1fwx5vgtZrTTY5ybwuyFw2VUHK8j5vQ9DzxivLLXVNR/4SS0tJoBq+pSAYurh3k3BV+78xHTGPvdKdjRS5j6L+Lth4i1PW5PEccwtodNtfOtpjKI5GES7sLsyS7EtjOK8TTxtpS68/inSvDP9pFH/ANMS+UTRbpVKhiBuO0HkZx90Vet7HVNQ8cIPEGoQ2E0tttjEMTzxRYICIsZPA4Jam2Os6xp2sz6dLpi2UUa78W9mYXnQNgkh8Z9se9SoXC/IXPCaeBr3xPrQ1C9W1lu4jfQLZxGT7OVkz5SEBwAd2MEdBz2Ix9K8B+NfFl5Hr0/+hrbSfMZmFv5inOdp7Y9xjnrwateFfEHhPwz4x1G50IS6hdXcitBIyCPYzZLopYAgEnHQdPoa39DnRNX1W38bX7yXcM8d1BGXMm+2Zm3xiNcrjkdBx0GBXNUjZ2OuE7nk1hDodxrGq3GlaSyXMXnf6SX3neeGzt4K55BOR34r5G13wDPYR3F7BfR3mCTsjByPyyDjvX6I6V4lnL6hqfhq1h0i3inNsUjgRJGgHzB34IBOB0ri4/DOif8ACB6nonhMG71m7WRUuiPK37zgqxztICZA9Cc8GuHEUWzanUcXdH5oCHqrtg+lZzQukpz9016B4i0CTSVa8kG+Ns4ZR39DXFSFXTe2V9K8mpCx7lKopRuiqzbWwx3jpj0qQrcE7cjb2z6VAyE/MDgVEHCN8xLEVzmhbT93KGByBTZCS7SAnI5IpYWUncw/+tUIyodhICSc4oGm0Vo4llczhvu9qjBjRtypjNWTvZd6gD6U0E+WfMIx61NjVIijnuU3HA2tSsi4BiySRSmNI089WLr3XFEbb9w27RUuJrEiERWME8lv0qWBjE21ec09kIUBckCowqgZQ4A61x1onVTlY2oHDHAPJFbFtJ8uxucVzdpMg3gkHIwK1YWGVC5NedUjc9WlK6NxXZ8ZbLdqteY2QBjIrPy6YOMD9aux/Nz2NcyR3ReheSQnmTkdM1djOeD0rNUhFEYGVNXIG3A7j0pM0iXh8vIq/HKWXa/Ss8Mo6t1q0hBXC0mbJaGjGVI2SZPoal2DANVoz8vzdaug4IB5OKzew7CLkcL3qTDY6CkGzkdc08ADHFZlJAM9+9SoRkHNREjihQOp7UFF1JATgjFO24OG6npVRCVYE8qasoxPP86hotMdwSBjOaYYieTU+FP1qMkk980ikxw4Az/DS7uAai4I9KXccBelBZYHPTtSMMn1pASMGlOM5xk0GsXdCBvUdKXI6n8KaoJyO1AznGOKGDZYQ8ZpxYjtgVXzsx6VOWAx3zWdhCljt96hGcZprrls9BSdT6CgVyQ804diaAOlNPGKBjxxnNLuIqPPJBoI4FaGhG3J5pCQtK2QaQ7TQc7FGGxlaAQgxTRnsajcnBPXFOxmJLK75UnC+1Qu5XIpm/viopWK8seSa3jFJEbj9wBJHNQOeCw5zUbM0bDPfmoXl+fb6VRE2QSOzoyDrWfMdo2dTU0srZJAxWdNIdu/GTVozuV2JDfdoIJUdqA2UyeDnpQr/mtIzHImfpUisgYqMDFRByBtxVUsc+jCmwuXSxJ+Q8iq8jNnJOSaj89EJIOCetQyEkE570CuTO5B2lufamGZgAByaYC7EDHI6Gl8pwdxFAhhcOcY+Y1BL5gIB7VM7KASxx3FUppVbjJOa0S7EykRmcKTGvU96qyyk/LuyRT5SvXG1aoSyjzCBz9K0UDmlMfLMFXnrisWSQISzcGrszqF3HtWHdv84B+73rWMTirTK88wk7Yx6VSKl85OPpTGJL5zgCpYsHOeo/Wt4xOGTuSqm1VC1NHE2cjrTimAEHIPP41Ps+fb0PWuuC1M5MjY7flcjnqK1IY5WKxhQAP1qjJGrdvqauxHZKuDll5Ga6Yx1MJMmcbX+VDhuvpUgjkRwucd/pU/2h5nO75VYciqAcGRlibcVHGa6eU5WWWeI53Lk8jNJallVgcE4xxVchpgzSfLgcAVXhMkQJC7s/pSsFjoI1iiG6IZY8fhUG1mLOrbSeMVFAzyD92cMavRKN6gj562ijNjxHKdgC5Y960oLcIwO7Ld6htpxLJ5U3DDkVvwRxI+9gDkVpFMynuRPsEJdjjA5zXFXBGWOdwJrqdTnSRHUfLjqPWuSON2YxtB6Ctanwk00Vpx8quOOMVs+GbFr3VorT5mZ/ugDNZbg/dfrXp3wrguR4ggurdNwgYlv+BKQPr1rCMbs0rO0WfZXg/wXfeG9Bj13SL03el3cEa3DkeU9rcrgEYLZYDdgEDmvpfwfLrN14lfT9OtYdUv7Ww8mWSfHlXEUrKdpjOB198mvM7CNJbKXRbCOT7BfmJZbZSWMcmRzk9CcAHtXX6jB4o8PzWlpKp0iW0WP7JltryKvyjMikkYA617uDhZHzVSdzxL4jQWWo+KJrK7i+xPExWWzCMqwnOSqq33cHnFc7a2SeHdZTT9Nufs8iBXjlR8ZOM4BB6npivT/iFf6P4nlvNXuLH7FrKHfLIWBeQ9Oem7Irxay0q71W/lKo5tdvzMSf3RP3TxnvXXM1o/AfQ2k32uzWWoatPCjWnBurMqfMbc2DIoAJJGNxyR3q/q3iJddh07StWu08M29q+9JQCkjALz85cIytuBI9QK2fhtrM2kaBe6romoMl5OwtbkyqhRUChjywI5B6+5rkfGVzp3h9IYtZ0sa8qwmVJoZCYhGzEEudpweOCO2Kj4jG55lI517W7iONI7i7hVo3lh5FwkR2iQY9RgjH8sAc4PDVxc2tx4i0xAbe3cxEKfnLNt6j/gQqXw7Z3Q1Oe4026+zqqnY7EN8hPCHjB7dq2fCt288t9NZ3AgkXcJ/NKqkgzycd8HnPb6GlyI2T0MjSbD7HZyeI9dtS0Mdx5SPDIu+NtobkZ5B/KrgtLNpYZ9R0jy4Lx2eCZWBaXOCN2DnJz3yK2vBR0jV9Mmu7IGWfezSwyfKEwP4ex9T1FW4NIu4NBl/sPUBfWNu7SSiYBWg2jLFHHoBzjtRyIXtS5JNYWmmT2V9B/Y8q5NugjOJWA7nHXgAtUE/ibVNM0VLae5uNItdp3QpIf9IiYDJUDgjkisfUtZvv7GtNi/2xp0kmGvHhYvbvwSgckDv3rA1HXZbi5h0+4jTUFhINvM5yq/7J7de1XYRp6NdbmM8cu2zcsY3JG4Hr0PNc3e6hKLyXUBGIXU7S5A3MBwDz0qa/tFXWIpre133JBzAgxEOM5HpUF3b2uo6VLJd+bDeJIFeNOgQcHk8GkBoa/LFcGzglhaXYqsrJk5Dds+ldtaJcvYXer6RcrpVvbhVls5JjIZDx8yq64GRgZ61wthpd5/o9vb3AXTI8FZGILBcjjHHPX2rutVslMUFpoemLc3kciv9oaXG6MZPzI2BycDNMD0671TwyNMsdW05CkWFE453K/cEH6Z49a888W65oWoyz6ntTUIpYBBnG14cEkbDt5PNc14i2afeR6mbiSaBv3dxCkTKsEgA+82dvJyPwrnn0OTTUtNXluhPBO4YR4IwDyOehBFBFKkdNo0el6axu7RpI4XQgyNu+YenHHB46U251DT/Eb28EDjSbyJv3JtzsaXdwQSP8e9MPiKztvD72F9wbqZ1iXGBGHGd2fQH+dZH/CP3Wm2tzdyqrooU+YDyMngp/OtEaTR3txeato91HZShNSknX5Sw4Xb/e45z/SodOl0Z5nubHfbXjOd0sbNEY/9lcdQaw4DHctEWkdpHjVQSfmY+pyPX+ddn4e01Tb51mL7X9omWJYU4ZSD1JXqMVqjne5kS6JY3WsxxJMbq0uB88MpK/NjGARj2qha+HrjRtSaDQ4VcSODLbF+BCO3zZzwK2Nd0ea+126l0dvs76SvmmAnIzF6d+prWtGvNYXTtVYeRrlnJ8gKhVnA5UEcZHQUxGympfZJTDdQZ0+VPKMP8QHqB2+tef8AinQru+vNpt/9HEi+TKnVfQt6Y9a9cvb9dSlha+s/I1GLO5APlK9gD3FcO968Mhe0kfazssyP/Cueg6cUCsdDf2ervp1vqkjC4ulTy7hVOCwXo4+vepdD0+01q2lnuy1vJbICmBwT6fSqc817c24OknbHFHhwxwcH0rldP8WajpOoxW97EJrZlCswHRe35d6AL+uwpHeFElYqQM55wfriul+Geq6LoOrR2+vRJPYyKwMrjeI2xkErg8Hp0OPSotTOk3NhJfoNrk8c5BX8a8/0J9CtPE1vFrpc6O0u6QqxDAMCBnbzhTjOOcDvWpCifRlre6Tq+vCfSo1NvEwkVf4cRkHGPfFerWl1bRWn9p2Uwjtot0tymMl3OMAD04rzXwh4Ls9M1wXWg3huLG6yUR/mAwCRgjua9C1HxBoXhKY3V3aq0cH7yaYD5mfn92EPUimclVHC+OdJ1Sa2W/8AC1zNfwXKm6vICw/dHOQi9NwOccA9K8x17XtE8Q6esWoxPZasqCKEAHCgdCe3XjnmvQG8fwancXqaDA09pdHz5pGypiJckR4+7n8T0rzS51e5sNcutU1yyVftseyFQA2YwcZyCeT1wa6+g6aZzujXl7a6wqxsrIUMb5P3h2xXXabf3Vvdyxz7WKkNGe4Ocj8q4nVdPi0zxBay4IhURyRkHl1PPNBtpJI72OISK4DyAjngn+lcz3Og9B1fX9cstQtJZJlmhhVbmXOHBTOSh3dOnarmi6nLrrXt9aaf566iwVoVXOyNcDdgduhPWuBeY/2Mlq8O66ORKX6FecEHrmut8IR+MrRTs3RW7IwjijVGJTAJbIGeQOhrptZGLO70281Kzs2theppum27FIIxCr8sc+mR781JBpA0i6ibTY1SRYwyyrLgzSHqw5/TpVC/fTHtLfVNLs7i3WX9ztkYuGfnMuCT6HjNaOny2OkXX2S7vrXWbTTiTbrGdkkjOOQeT0J6YrCe2oEyw39ylxZtNJNHEzzlWO5TcEEDLH1yfzrf05Ei0y3nu4hp1zC7POyMHMi5O0Ec4wOMAmpbSFFkUXI/s+wVfPYqd75OPkxjrg966Ww0zw9ca3pttvZYiVuJ3lDASIfmUMDgDd0z75rLcDhr/wAOXMvm6nocE10l4zNcgoXUK2Seg4znofWvOfG+h6B/YssOpaY0cepIYHiMZRSAMhgONpB9Mc89evsutavd+ELq/tp4JIYbidrhljbcgttxKlTxkAdOnoQDXLeJ/FPhfWIHWW8DvdxmKEofmRG7kfwnnkEZzxSnFNWZUW07o/M3xv4DvPD2oD7H+902Qjy5uSy+qyYGAfQjg/XIHlV6zK20c4r9ZL2w8DeJ9CGk6lE08aYh8uQEFnUY3qV745z0r84PiT8N9X8Ca5cafdv51mCz29yQcSxdQf8AeXow7H8K+PzXKLfvIbH0mX49TXJPc8if5jt5w3H41tnw/JAqusgcsucA+tZU6yDoO3UdKdaag9vsjJJ5+o5r5acD27FttMdMpJ823k46Zpsmn21w20nBGM47VtG5R493VTz+NZsYVMlGIO7JzXJJMEbllpmnvEY5IhIAOtZmqW+lR237iLD5xmiO6MO7a5XPb2NUvscu2XM3mEnKgnpUuJoZBs0I2KdrHg02S0uoeEU/L3xWzLYXkCJcNCWjzww6VbklabG7jIxWTLOESQu3zEs5JHFT/MAu8YUVrXGnyW0eEj5OTXNXEr7jGw2gdRTAty3EUMJWMbmfjr1rOUMRsPGeM+lVwV3DOeOlPyQM7T16UAPaMtlfXitSCGF8RyfdAxk9qqxRB8oBg96JVJ+RztA71MgKuqWMdq58uUyRnnms2N3aVTGcKvrXQRRSMPmwy9BxkVJHaQ+aEwD7CpAn0u3utSjckEeWM/Nxmsm/jPmkYORwTXUSbbWM7Jiu4YKj2rlri6iM3LHYx5wMmgCvH9oiDSWx5PB444rrLO9uI4FeKEEgA57Vi6feWyXflO2YW4HYn612dkbK4Pks7IuMDb0/GolHuBV1Dxne+V5EeEBHOP1qxptzfXcayTKPK6CsXXtFs7FoxaytIZRk85IrUhUWenmPcSdobPrWfL2Amu57e2lT5toPBxzSzzXBYMuNuMk57Vxhu2+0GV+Qeua6K1njmDMzCNAAMDrScdQPafB+prNo721soYnO+uX1a60a1lkivnHmODgdRmuL0jxLNo0k9vZMITIPvYySK4jUbq4utQeV5Mr156E1EaD5rgad9Fp8DGOML5cp3DByRWp/wjVrcQBobg7wN2M5/WuPMO8qxbG3rnvWrp5vrdnW1GVetGrAWYrOezcNJE3lD+L1/GtyOeyQbZM4YYxiqvnagsfkMrBOuT0H4VkzSgORu6evWocgNWXSYbyMiNQoB45rCu/D9ysxZNnldM5yc1UOoTxMxU7k9K1bTU7RUzOGU/StOYDkmtpkkdZoyuzv2q3bCUuDBycYrvIrSxuIGlLbww4HvXNLHBbTNcRgKAcECjmA/9Hqtcu4vGuu6cdBlZ9NgIaVb2MIM5+YkgEHgDH413Pi+yttc0zT7SztXWa2cCGS0l8xNvRgyY5B49xjjvXJeCfGJ0cR+F4pmgRC/nyGNJ0VG524ALYyeRx1q14si1Twpd202jCJruGVZ1dPlLIcgqyniv2Zw5dD8xfvMveJ5LTT2Xw5GGhe1gVXaRSGyVBHofet7wZpPg7TPDd14w1S5luLvT5QCLeVQxWTaqqY345JPJ9Mg1yuo3OteIotR1nVCbR7UIyQtHlJN/bPH3ePXiuM/sk+Kng0F9Ljnmy582JvLk6E5ySAcDp29qdrmTPQNEtda1nxo2saHfalBBb5lD3LiUJFjoVb5BuycKucZyOma9IuvGNvf6ndafokzQkxKzStbj9+6dixXPHbp37V5/4etrO5gfwlJdapatYgpdTl12OVOAjMAc8nAXuPYZq74h8Q3vwt8KazZM09+vnL5cqoAAJQuN+W6dPu569Kye5O7OZbUNJ8Q3d3qN7Lb2V6ygFY4XLSsox85ydp4wST+FdU+v6DpPgWO5uNC0y6v3JgYSIpKg5G9xgnsDjPOc57Vz3w51HwpZ2t34k1HWPKOrx5McltIwSbJLLkBiSpJweB1PPFN1T4kX+uae+iXsVvLpQRdw8kgsUIK5OeoPoBmkanky+AoE0q6mnvLI3N7KDbpBKSY4+cgbuTxx3PvWz4X8OaLbW1xBLYwO0BUxyTTMuJO5Az8xPFSL4T1m9vYrmy1PTGhtdkswjZnMalsgbduOgxzgVr+JLHxTr+oSXGnOZIbYDyYba2LucgAnKjJBI75rWL8zMpJr1rLqlrqF5c2t5Y2n7udbOJnZQc7R3PPoOOtdJ8P9eur99VneO/Ol6ZcO9nHcbkjKSMWXYrHG71wO4rnPDvhfS9SuDJb61c6d9pXM6x2wb5wMn5+AM9vrVYarr+mX0mgxW9xqckKFi8jLEm3HLbuBn2+lNv7IHq1xr0XiW/muvESafo2kxRNuaeTLMw4GGbABz29Kz4NQSeOLxDoF/pWqWGjBkljQZyGwAVIHI968j8QWfin4hXNp4R8L2Fp5qr52+ecLIwAwQp6KB7iuy1M6x8O49K0+afRrbU1gjguLVSr7nxwGUY+uR1opxsTKBgyRXvi3xsuh+HLS0jbVh+4iZwEjKqS7E444BPA/DNdzdeCY/Bfh6bRNS0LStTvNQ82KeZbwb0btj5d4K9wMeh6muns/h7qN3b6r4n1XRtNi1bRIkuHZZwqeW24Z25I42sBn0wDnAqqNJEup+d4g8G2q2zRhhNb3JEjEjPOCCc8DBAx60OKbtcmx5/r1tb6XpdhBHo9ppUUERNwqT+YxDn5WLE8k/mM10MmgW2jaCms3q21hdWLI8REwEtwkp2sm0nJwDnpn0rUu/CreJNes9R1PwrHb6aEVGt0uAyvwdpYoVOeeuAOOa87YWA+Jlt4btvCUZe3lkhkjaUyLONrbWDNlVKj58cj3rJsuMToPD+kWtxNdXHh7SVs4nw6Bbxi2UPGN5zn8ql8O6bpviDWNStdNtpIbfUYpVvZhcpPmYlvn3c4/iGRwc+1Zdxf2c15feAbbwbaLeW8iO9xNIJJFR8MMH0YY/iOAeRnpnaRq+k+AvFqqPCcEy3n7qfFy0e7Ck/KcEDB5wMAkAHnFWpmsKHU7a70PQbPS7SC40y6nsbfbCz20hVstnMjsuCWzz6e1VvGp0/RtP0u0tItZhfTXaQ3HWTYwwoDrggdQCa9Yl1f4e6jNp95Z6FcWkjR+ZIFlLJ5gIK4BfaQMcHAPtWZKbTWIbjXyl9ItpI0bRIAc46Kv0yO/pTpGDWtinJpVvMwsbvVLu/s762EqzFcTK/UL8+4jA55rznQptL0Kf+2NYvL+4cbozbIoO7kj5y2Fb2GetdLo2i67qNo08sWr2c9iTK7iQ5dOSAsZIyR3GMCs/xFe6Dr91Fo1z/AGraS3gX7NcvbqU3KMHOwnPHB9K2tyiMPw5qSR3MOqabqmo6dbWMgUx3UO4vET8p4GPm/H2rV/4TC91PxDqFjBr50RlbNqGt/MMgUHdh8ArwNx3H+Ljpior/AFvw0tlaaNqfiG7lELSRXBW0wUaE7Uxn72cY6npk+ld9dWPhCDRRBaa699qWnSCSTzLWQPtI5UZHGMg9Tms6jVtTTmsY3iD4y3Xi8aXpt94gR7q2ge1k+zRPBGdp+84+6S3fbx8vTmuY8W+OU8PaNpTaTrV1datYzs5ZYd3DqRyzjaQucDJP6V2WktpNtpeq3njTX4IbHUDiy8y3bzITk9FQZbGQevOOvNc5q2sxWwk1bRfGkUek2/7hWFj831IbLnOR0AA/CuWNOC0SH7Q8x8bR6hp2q3d/qOp3us2niGBL2aRAwkkd8Nh04AKnBxgY444p/h2w0BdPg8UeRe3NvOkgmjkfErPyoC9OO/3ua5rwvcHVrwX+r+JJv7KtLoxqyht9windhQ2dqkEcEHqR2qTX77wd4x8S2vh+LxReW1vG8jJKlu+xSB8qmPGT0OSOBntTLOn8La34cub+SbxDJqkE1vKBpygKY9hyGDbwwyBgYHGD1qawml8Wapq+gw3N00NjMZ4F8rhmJO8sQM9+ATzk+9a2vad8IJV0mx0jxnem5gYpLI9rvCF1xvIVVPLADjJGa1oJdG8EWk3h5PGDTGV1n+1fZnUSLIAojBPzAjbk7jjn8hsFUK+q+JPtOqrp3gHU2sZdTiSO5ggtlw0kYZQ2GQ9dx6fjXM6b4N8QarGul+Ipvst3pU6mMPERMFYcZ5XCnqK9y8OapoXw30LxHHqPiSC81XVIRLZmG1bcTtYLkgMAQ/ZjXld14q1We4k1nXvEEUsSRKoZ0AOD9z5UUEEZ9PrXM17xtfQ868Z6Trfg3VbqfVGtL4AK8e8Y8+PkKwU9CMcj1Bxxg1geDvEvi3xJdy2doxsreRGhlaE4QbgcFlYkcgEdK9mvvE9t4n0awuvEcllrOnaETCQMq22UqMt054ABUDoSe5rstN+Flr4eudebw34ek1TT5bdHeO2uGZoioJUguS7MDnCjOR2PboRifFOua3fWMy3Om7o72IkMQxRkdT14Iwc/yr6r03Wte8QeFYtRvJ1vJI4PPhucBHRAAJFIACnkY4AIII57btl4ZsvGvgjUtHa2trq9vFikjlucJNbvA5JMZCnJZfcccHIJBwkuprOxHheaCDVrJQiQCVBFPFkZJVl6fP1zndjmqi7g530Oj+F/iKHwrJHd3GlRX9tcloXWQ4MgfByGwcYI5yDxnp1GheWM93r1r4f8NIumpbStcNdACUx5Rht2HAx8wByef56Gi6z4Wm06wi125SPUrJBEIgDu3RsRGQOhGACSMgGq/inxVDp2oy6wqeVc3IUGROhTAXG059BTi7MwscfIt5Zvd6nq0Bt73TLh0a/gwss6sSMgJjrkfy6ZzHpV7P45WS+guotUi0dmZ7efbE4jccFmIAI47nqDV3VvsnijT7iC4u5Ib0MjIIhhRtIO5xn5sjPAIwams/CtjFrEcnh24sje61DJG8FxiCVtgDMFIJyWwWI46Z71skaRdjzm/wDHOsReLoLnVNKf+zdPIgIspiDtGQG3I3BycgfLnAGR1rt/EXjvJk+yPPBMXV41nXeRGf4SckVQ/sbTV1bUfEHhjwhPHYqqpdWMd0diyjrIWPzndz90d/xPBeE/iBf+D1ubzTL1Z2uoDDcW13GJEx1GN3I2nqM89xTRdkz2jw/4KNvp8XjbWPC1gVtTDNY3NpcgOzz44dc/eTjAIODnHc1q6VFbeOb250xPENxpGsWpkuDZ6kpa1ZIhxtZTtTaM5J5x0FcF4J0ebXdIQeI9MksoL5DLHf2zg52MP4PmK9DwetbjeM5YI00/QtSg1jU4R5YgnQI05X2bGcDrg9smn7O5hYw9c12y0nw/c30ekQCW72q9zaOQu7oG2AdRnrXQfD3xTG2nwf2zftq6zN5ltHMQJ4wCd2HYEsOehPauRv8Awxpt7b6jrmpxN4TYwuRCxWW3klXnjIHBIxweD2qz4L07xHe3dve31lDrVtKPLhvIGX90Vz/DjJORg8fLjrU7ESPdV8Pf8JTYrqtzbPFEkrJG6gHaVPG9fTnBPvXzr49utQvbaw22zRadJI0M+WBEp+8vOMjHPHcV9cPq93D4Sj/sbVo4L+G4UtCxAupVwQ4Cnr1z06CvM9VsdK1Dw5P4MklRpywltrpo9uSw3cgjKkHg+o6VzyZNJnhPh/Tri10OwtrsIkEcrJG7naNrMWy/XG3nn2rWsYvEmg6uDfwiGKVy0EczeZA2xh8wPpnqBg88gcVv6Xotxp09xY+I5TGb2FogzAnAI429ue1ZE2na34oWO1inV4NGAhksGG0wRuMCRJRy+/YCAemMUzouUtbh8KXniS68QauLjTdVMsUsbWf3VESKBk7ccbRyMc+laCf8JdrmvS3/AIS8TWtzp6rG7w6gQr/LhZd+6Pdtz1IYfh1q3LaJeW974e+H2recYrUIun3OxZZmZikyiSTaPudwTz+dT+LDZeGPDkWg+IfBseh6zJbPHJeQONmQBhsLuUllYbjvPOevSgDf+IEF5plrqGiX/wAP7K2Sd4fMe0ADqSwK7JIkyVbj5uODzWTdaP4O8AeIReNq99od9c2xWNDGziPdgMJAQS6tjKkHIYA9RkN8La54b8Mx6F4o0PxXLHcPatbSaZcAeV5qIVdhkhNpJBUjJ985AsX9v8dtRmtr27g0/VLaRHeEuIGypAJCMoVhwBnnHHtUsuLPMvE1je2mnSa9b63DJbFBGtvcKxZ3bOAqnr9OMY5qvc6P8XRrOkeHvEWmrren3lnlowI40Eatkp50ONpUKp565xirN1HffE6XTZdf097SztHlWW5tQwUIVBIOdwB6YDcn0pt4ujQx2PhLQfGN1Z/Z7gxktvhRmZsECRQAnOf4iM1pCYWLHjnTtPvtT0iDU7Q+EoTHIqXFuBOruu1cMiEYIOckEnkZ4r0y3v7DSvA1o+n3MGqanZ7bGS4aIRTpE25kO0jdtGAuQcZzk5zXN2mn+JtJ0GwbXfEdhq0ttPMNO04zLJcs4JZm8wqHOcHqWAGMEdK3NGh8K+Mpb+48QJP4cvtGaJpsOJInSTOOQgzyDwOoIIJ5xjV2NaTsfJ3jO3ivPiBoqXTGNrm3aO4kTsImLDrwDjp9a99n0/wZodmb7VL651O5upFXDqQemdwHGRxzz3rzT4saWsUl/wCJI4/IW3SGLb0Kndtz9CCK7/wb4qu9Z8PWNnDbxSahYW6s8rqCrKwAHIwQeneopT6F1NS35/g3XNGm1nQ/Dk1ndaPGEN4krOt1KqjAKMu0bh1xyPpXnd5dW/iLyvEEmgfZ7jSriPfajMi3CAhvnTYMLxg4B/KvSom8ey38HgbxDqsFumoETK8YQJsOcncFV8ZUgbj+legyeGLHxBqJa58WJbW+mNGi24UbZFQjcvmKwyWxxkEjPpW7RiiOzs/F2k/Dh9Z0jwzHaave3H2hLnzwrRRyMqkPAwUHKqVHfmpfDXirxL4Y0q6Go2ek6dqMzBYpZFWOeNWXDSJ2OcnBz2rLvb/SfGuvXus/2vc3a2KhlZkKxvs5CqMLjJH3ivWq97pnhjXrOTX9UGoQO8Z+dB9ohtwnGGyu4KTx16mspRXUVw8T694w8Na3cSXEsJsrkLMBJHGTNhQC2UwQwYNjPfms2x8NeMpFfU/Evh+w1mG48qT9/InmNjlQuBgE8bsjpxXMj4teDvFmvx6NfaO9nZLEVQOwcIUGSnAGAecNzXPeLvF9l4vgQW9zPbafbzLHGjqwQMAeCR1Pr6UezA1dW8c3Vvfyat4h0g363uY1ECGIIV+Uqh+YMceh6jk1zA1Pwjr/AIn8NuNBurBb+eWArbyb5ZYkUk7UIA38EADPvXaeJLrQvBvgW60vTPF/2m8mjiZGMReGAPINwUHeqnBbIYj1wKxrHUfiR8NfCN3aNq+m6hbfaPtFgsg3SpO4+aZGZV+bk/eZuRipuaNHM+JNU03wfbar8OvDnnyWcsoea5mBWV8hSw2YTaflCE4GQDxzW18PvEtz4DtLmePX/s9trdu6GC4T5QwUgOrZBRlzwQQD3BrJtrXx74z1e+8W/Em2a6a5gjhhlkhWEMUXMewJgYA7jr69a9d8M+Frr4m6hbaf4t8IXBtVgb/TIvMtI1UY2kBlw5xgABjxkgAAikNFrw5oXxCsrq7u/EWhWWuwqVlgeYwO8fBLlRgnLDGfTH1rA0SXwv4w1fUvEmnaXdaU2hrFcFrHHkqfmIYBV+Ujbk4C+vqa5XxBD4dHh6LwmrS6fPYXM0CSOC2+OImMP14Y45HQAdan8E6Z4l0Nd3hLW1nvppGiSyV0ikkZVzudJCVkULkjOQCDjBHDA6mzu9U+IvxO+06bq1vfWpt4/PsNT/dxusQ2uUG1xuGd3C4wOeOmLp1/4lTxBd+CdN02GK2hkIXSrofaLebcdwCkck8gghhyBknmrdzb3nw6t9Nl8SeHra6nv2+zvJagNOA4ztxtAZyOMAgEg8812emNpfgLwlY+K7PxPD4j0i2uIZre0mQW15E8JLvCM8sSSMBgMAcDBqJFRVzn/iB4/wDDHhz7F4P0/QRbTWSk3ef9bHK33UDn5iFHueuMDBFcxbRT2dpd+ItQuYbHT7aFi2/G51cfLz1yTwAOSeAOaxdY1vwje6Vq/jnxFpZu7y8mnu4XVnUl5X/1ZGQBsYj147HHOV4WvvA+tppuu+LJJb7VftUa2umQKJmKowx5qkbSHbjZwTxwQci6cNzW9tLGn4U+J1la/DrxP4Z0fZZXWpthrqfJBt2GJDn7qYGfveuRyOM7wPeXgsruXw1/xPvENvJEtrdRJmK33blLsVyh6jDPwOpOOK6bxH8LNX8TeLNS1bxm6eFfDzzq0kOEiuntl5VIoF3DzCiqTnucgNjFM8KWJ0DS9W0b4f6g0Hh2SeV7jULtUjbYyCPG9guOOmMNzn5c4qqb1ZjVjY9g0vT7zQr1rvUkfxLr93b/AOmzqVaC1LbQXQJHkFcYySMA9BnA0tD1aa01uDQPDkiXur3Cs6K8hjiHysTufa/YHjFeeeHtct5rKTQ/DN/9rhKNHdXpjeLKHgr83XI9+a9J8K6bHpPiOz03wdBJotrdwnz9T1J1LPEfn+UygqR8oxtIBOM46nRuxlY5K18P6h4agvofEOlx+LfFV5NJIIYh9piMr/MFIA4wckgKCMkccGptW8P61efD+2k8ea+mnHhotJtUj84qnEaSBANmB2YEDuc4rc07VYPDutaxovw8njHziGfU7hUkeF0zvNuVwqiQ55KnjBrM0Ke00zS9UstO0j/hYequ+d4iLxwk53Esd5znByeDzk9RQZ7M5j4ifDTxjP4D0jU/D9xZaH4VuIo7h/Ol2TNJI425JBckZ7Ee+QBi/wCCJon8QmzSG4svD+Gju76MEqzRocFcqRnLduxrnPEvxCtbzTbGw+J882s6tbp5aWUWCIPmO1WCMoBPAIGT06jFW/Futa8dF0641O8FhYyIHh0tdsbRqPlXOwAnvwemOmcgTyvqUzVi8K6lJ8UAvw7u7q40d7bdLqUoHGMh0JKqGOQuBtyMhu2a+edc07UL7RdW0j4d6abPTYpN13en552UE7WGSCvILYGcDn5ea9s1n/hJ5vC1hpmu6/Bo3hGSRH+zI4W7uJpGBAcbQyrwcksQNoLDAG3z3X/EPinSPHU/hOTR3sbN7MCCxtGM0t7GQ2xyI/vE/NnK5AHPOTWFSjpoa0p2Z8LWtv8AZNeXUoz9q8okhpOSWbqT+PNfoJe+G/Hdr8OvDWv+BjGJdaSSO/jHl9Y3JhZhKNuCgOdvPA9q+G9SjWKMTRQmCNnO0MfmznGD0r6Jg1X7VpHhbTtCilfUZYmbZESzs5ww4HJ74HOKrDaKzOupJSSPqLRLSw8ReLY28R+Irq3k0yG1nlsEBU+dwT/quMc53KvGQMgAZ5TVvFfw98QfEeaW6067vEsrgRNcsN+UhY5HlZwVzkDIzg561xHgrTk1rxNqviDRdMntbkqJrYidiYZEADKrPhG355VuxxjHNR2+sePry0uJ73yNMur13MbSQ+UTIMAyEc4YH1GPUVfW5y1Gev8AnaH4ksdRuLT4fxRrciaGxnUmFpHi+6wTZtyTjOGAJyKxvBOjXOteLb/Xrrw5baf9ntvKWG7tliDzoVJYvyFYcBeckf3a6zwdc2Y8C3lj4+8YLpN5JlLac5KZbJLRkbNrgkkgYyMVS8Y+HNC8IeDr/wAPa74omv8AVb+48+Ce1P2hriMKm1Zd+4r8ynndkngbulZuF5BGpZGbe2/xD0vR5tT8aaoLfSpD9lWdZUu1h3F8RgISxG7IHoe4NeN3fh3QfBeg+Uk8l7JfpuiljBikjzyTt3EMGyAc9PrW9rd74X0fQE8J6Tcya3eXUilgI2j8iQFC24twW+UKdpPTmtm9j8V29tZ6ZH4fWSPdyLiITGTkYCJwdpPXGa2jTS2JlNvcsaZqvg6L4ZyWun6VLeGUJbXdvdRAxSzuAWdZlDbCM5GccYxg1xcBtdF8MyalY+Fc3Whrsld5XuIZM/KxeM8DaDu+Uk8ZzXrPi2X4han4wufCng37FYWw05rx47RY8OUfZ5bq+4K+4DptwDknFeeeKjrviS70fSrPW7W21CaCSC7itJWhkabYComCNhi33fQcdc1YQRX8FL4hfwrqview8O2Vt/Z2/blpLe4igOJG8sOCGjHOBuGSpAycCuux4gbSprjXdVFhpsiB7aaVEj82R1JGxvlOVOe/J6DgkY2oyaL4k1LRPDnxD8UXMN5pAeO8SSFpsysg3FZo1HBcDk7uOOK5bUTbWSnwHHdz6ybH5kkUv9mfzcsGWNj8jqGwcDg96AqI1fGWveOL7wbe+E/EGvz/AGDYXtl4ZJvLO9A2OcMexOOhOcCvGZIvFHh06Xf3ptbywmG7ykfcVDAZzlQQcHgjcMivTvF2teE7fwpb6BpQd5oljWSYoVDt0fhjkc1mW+l+C7m5e0117uAQW/7pUXaTOPuiQNzt65xzSqQQUmfRuq3PiK88AaR4P8OeGLWXQsRNd3bN5xaWRhul5IK4HzHhhj6cedeObHxBLOPCek6JDY6NpTCR0IWRT5h3CRGb5gvJOFyeTu6YDPhPp9kDNq3/AAkkujW5iltpEiZ/MhY8plejoQAc8YJHcHCXNp4S0+KRZfFdyftKNbwSrHJyOpV0OWKdsAgA9TXI0uhsplm+tvGmg2Vvb3ttF/YVhPHcCKYRy26sMj5ud4Uhm4OByfrWbp7ePvFmqa3Not/bw6NoklteLFCqmDpkBFIIJ+Vs5IHHHYVzWpXOjaF4atdPuJZ3GrbnmMDYyY2GzzFLcqR04PQ961LLUfh/4H01dXu7WTxDZ+JbVrZ7IZhEZBD5EuCQwK8Dr1IxjNBudnr2mSePfF9/F4V8YaXdveWivHFERCLqWHB2tFhiGAyTjsoPABA5j4s61qOp6zP4V8Ha/bEpYqbhEjWASyoT5icgjeBjoRx1xggdN4f8KaP4I8IReMzoV6+s2sjwNJIN9oglyA7Mvyj5cDg87sDGc1yNz4Y8N6t4aXWodIP2m0lYGQZCuSAdpHQ9uucfjUuQ0eOXGu6tHbWNnO6O9ioR2hwAxAxyR6D+db8WhSa1C2my2lw17dQ7rKONcM2OSxB6461xM9laJFdww282n3e4q0b7tqA5YYLc4IPB969f8K6xeDV9OTV2DajHYNbwBpdpR9u3dvXkEruwKygaVTgtK8FaxZwpfOXmijfzYw5LIrLjkx9OdoB9RXRan4lt/EF+tx4r0+MvEDlLNHidVPQne7cDt6V08evNOj+H9KxPcQO0Mg7Kw7hjjPPQg4qHUrNodTsJbqBhqmlusl3HdOphkgyMorAH5T6MDg+tdMJPqZt6Gx4IGnX2rxN4o1A/2fZQo9rb3cxDSRYPyKwPG3rgfTFd7/wjul6l4D1LV7ZBpWlrNPK7fZ2k+zFGD/e6sCpA7elcf4e07S9QvNQmnuFtJUma409oYTKquc7oVxwFUbRg/XFeh6INePw+1bWdfVpbeO3na6tnmECSeWGYKUB/iQD+E9c1rKSONx94+fH0jWpfD/2rwVLNb6hcAG6QT+XvHTgZClcEkZ9a9SnkTw3Z+GfstwG0XU5YYyHuDKtnNNjzRg8YDFzx/dIODyeg16/03XfhPYWWoSxaNpU+2a2vJIXKRs7BjB5gAB+b5TyCSOegA8n1rxP/AGD4ej8P+GZxqclzGglEsOERUUruXBUiTIBHUdzzWKmjT2ZofEXQ9IstQlv47+3smtZMSQxAb7jzCuGVehJHJNcZquv6hZW+iaXE8snh6wm86J3hVGEkm4su/AZgNzEDmrLaQJr/AEd/EbTSyySQxXS7w3yjBwGHTIyODXYeN/Beoa7PpHhzScWtlds6W8U0w8rzFGEy2C2TuIGc0VakTWETirDWtBPiu1utOvp7m8lZt+cr+7x8y7mAxx0r125u/EOp+Poru/tEhgmgCWf2hwFXy13ODsBLAlnPK9+w6eH6foWoeEPFCeE7zQ4J9ZtdzhkY3G9QWU4Cc8bScHHTkdK6zxFoqaV420jxb/wkVvexXIjmu4ET5rXyNmEdCTjcfl52nhuDWPtvIJUb9TB8LWUX/CZ6vqNnp/lWmmJPlYg053s+B5YOSwA3dBwMdM1yfhuHw5ZeKLnVtSurqS2Yl/tFrDxCxLARsDuwGHA4Pp6kewjxbqHiX4gvrflw6Es4EMJt4DDFcW4Ygv8AvNyltoBz7LjGK56ym8NnV9a8N2NjJd2mrSrF9oml8pIrkMw8xmjU5XcdwzjIHIrGS1ub042Oc8NwTeJtY1ea4u1OlwtvmiuJRFugO7YcA/eUDn0q94Gmi1fTdX0SS4XRtNneSSOeRDIsWNpMe84Pyrgk5zjJPWoNI+GFj4W1q7PiDWlF/pySTRmNTNDOnl52YwGDcnJJ/CqGmX3xCi8Ba/LZpANE1GRo75FjxMgCrl1B6KysFOM+uBjNNRT3LkcT428GaX4j8JxT+BovtctuZIr2Zf3a88iRo35465Hbk+3xV4m8Oal4cvPsmqRhJDnAVw4wPdcjvX6IeGdIGv8AhR/D+gWn9nys/m3d68rBZUUnClQCOAQevbNfOXxg8GQqsbRssl3bBo3mQlklbjHPTsecfyrycdRs7o78HUtoz5KdnU7cZFTRqpXOMZ/SnmBowFIIfPNRyqka7Dk15Vj1h4VUOCck8VVmjUHCrnvV2NcANj3GaUqLtv3h8vHB96TQ4uxRMibRwSoPNW3igEeMZVuRVSRIvN8pDgDr71IUlYrHHINqckVJbasWVtysaIg2hqikVkk2tzt61YDJIdhkOPftTNgQH37mm7WFGRGeQSowDWfJkKQowa08QBzFu7ZGfWqcok2MZ1xjoRXNUidMHqFoVLAbcnGD7VpAlSpU8g+vSsOKQxng7cmtuIIwLr6AV504nqUpaGys/mKNx5FX4iQq+9ZEalQuBwOtaCOCQCcYrhmj0qUzX5baG7VYXKkkkYrMyc7c/jV1CHVQPyrNI6bl5GUj5u1W1ITknGazkCiRRVpXOSrdzxTNoyNYHIUnjJpwYo2WY4NVXIbBz0pVlIGH5FQUbH8AZOvrVgtyD0rMt5CWwD8vpV8NjnGc1izQmHNL6imA96kpFJCqOOKfjFMBxTs5GaCiwj/Ie+OlAyfm6E1GDt2kd+tSAgcdRWbAU0UcU/5R70AJH90jO4VIBz8p5FQn0XipFIxzzQaCsMcVGGPUd6czdxUft0oAkLAcGnq2MHrUBzz3py84xQBYOQcGkwcdaMbiAeaNhB9qjlKuSbhjAFRZxT8FRimHH1o5R3Gk980Dkg5pNwHUUoZevSqSIJMBcD1qswA6GnGSoHOBkDNUkA7eehqFmGeDmm/e5P5UhfHHT+dWZjWJHXrVdpd427ec9aeWOcHgVUlccqrVrczEmm2MRjOBxVCSTBLY5pZNqgHJJBqnO4wD1NanPMbLISfpVFmyDk05mJFQMQeaGZjkbI57U1pMMR69xSA5A38UHacnoakCQNnvSbVP1qFM7vp606RyEOOCehouBVKgSknkVIZUY8DAqA7sZ65po2ryc4oAub9pzjp0pk8ylNqE7qrq25vT0qKQ56GrSM3IZLKwGG6D1qm52cEfN/Sp3ZP4ucdqpSndkjn0rohEznMr3M2GK5+Uj8qqkp8znginXThfmH5VRlkJUAjGa2jE46kyG4lzyDx6VkXMoPTird0/y8cgVkEEsR6VaRyVJjs5IHr3qwBhtvAx3qEAgjvVhFEhBatoI42XYVygDdDRgl90ZyR60pQKFZTuC06NMg+ZlfSumKIbJPvL836VcgjWbmTAx371BEoEe4dPX3qVGKKfNOCOenWuqKMZMvq/lEnh1PBzUUcUNy74YRP1ye9MfkKYh8pHNIsfCsD7YrRIwuIqugLlgT2/Cnl4iwMY2mQdPerEbG3BzEJFanPaxq4kjXjr9KslsgjPlSgp94c1ceRmdXk4I9KeqIxJ4BFSxRKQFYZJ71cCCwYRcgEjDL0966OzjMMHz857ntWfYwHz1ikyN3TPpWxeMsUDnPCDGPWuuCOae5xmpSbpyycg8Viy/MQynB71ozEHc2cd8VnPzkis6h0xJLeJppgWbGK+v/g/4atIgf7SItxe/u0usgCGTcArSdMKOc89OfevkzQreS81COJTjnPPTivuXRtNTTtL0oyRG3t73ZHcjJYmTGPMXP8Aexn0xinRp8zOLMJ2jZHvmmNd+HdQim1CMiWJ0jnlUFll2dJMcZU5zkAcdRXX+I4fDcPiOLUpPELeIGnjedFiBxGWbKxEuzDA/u5B9RWdF4Y1rV9IgtL+7js7rw9G0yxdTc2yqNpG3PzBVI9CTyM1n20cN7pUKXtuljabPNiuWJVgH5I3HHI9P0r3aHunhHlniC51PVdba01S2W3nEQZEUDaYsnGDlvfrWYskmj6jbfIUtppEW4KAkbCRkkc4wD6d67LxPpcNjeQnRNV+2wRQgi5bIwSSSpz1xx09axfBlnqd7aa14iil+0PFC0V7GwGDA4zvDDGcbT+VOozpS9w+stX13wzffDnS3uyhSJ18pYYj5jIgKjfnsVI54H5HHiWqaRrF82oXXw6ZX0uzs/tMlrLsL43HzlXcCchcNgkd9vOBXX+HNX1S38Ip4f0jSIZbiJVntL2XKl4nbc0eDgZ5PVsAdAOtee/a9Gj1K+Pzf27MhZYViKxJIF5jJ+7tyPWqRxuEuh4YpjluLiawLC2mIBTpt9vbmtSxso2tJLe6AuEuWYKUIyuRgKdo7HmrEb6Zc6dqzs39msGYsAp2iTk44+70x+NdZ8O/D2j63Z/2gt//AGTMjmMwv92XABWQM5H3icfhSOlP3TP0PSToemsdYsgRz5HlsD9Q5B4Bpuow6XqOhxG1R9MvvNIFoisYrhDjnI4J9OfbacgjQuLPT1skuTfeUs0pjmjJPmA9jtxz356Vp6baWf8Awjs+lIRPEZzPHd4Amt5AFHTrj5R3HU+vFGZ5tN/xKNOig1mae0sp2LmzQMNxGASUOAM4HJx2p0Wi2zWtj4gtt6aBPcCJ1UjzkwSWAB43bQSM57Z68+v3Gl2esyaQGmj8QzX2+JJ54fKjhkQbih4OR6dzjgE15ub9tD8QXlnDpqzalZmQq4J8lfLJUkLgBuf8ika2Ll6IdOdJfDspmsGG39/tWcEdjjHX6VQt4pdZvLW1soGG8/OCPl9zmubjv5fElxc+JVthvUYnCDCg/wCzVvSPEjaRdlIpCu0ZClcq/oCOP51gbeyL+l6fomieKJrPVS8kZBXJJCRMxyDwenbmuu1PQ9eXULZrfVfPtII0+zPbPgFR91W27c89+a5mV9S8QXFzq8lpEiQrlki3KXUDrhi3QDtip4tcm0TTBLFbG0sJSQoJ3Nz3GcnHHWt0YMi1DXfE2m6fe6RcR4ttRLJIgCsxdvlJJ5OSBimatFPb+G9O0mNFW8UiRkP3ghDZPHvVa31Fdauwvh+fykQ+dPvGCzHOcA+vWtLQ9Qs7vU7rVLuVECRvGwlO3v2qSobnGapq+k63oiaZdWx+3acCiSqfkKn1xWjpUGo2S6fJb35lilVSySA7IwQDxn06V5xptlqEl5KftWyMnhegZT6mvcdDeKXQZJEsJLlrclZckLGqjnIP41omVM6fQLyx1G7ni8Rv9ms1yv29U8zysjIAX3Poa9CvrPw5Atqfhzq5BnXZcm7O0O6jhkDruG7njmuC0PVNB1HQZH061NzNKQtyjqBHAU5yPU9OeasutjqjwSTzpvI8sHICrx39x68VucdvfOf1LVrJPEMdlqrnS5HJE96g3EN6so7E/wA6vaiblZolkuY7qKMAwzRHCn3GOhNc1c2K2/iTyJnS9t2Xa0mMhQQcj0NUopItLuYIYpzNaRyktGOmOM0XNrnbHWb+ae2F6TFIjbY5EBOSexyahW4tdT1GeSNzBJbHDE/dc5OcH+lPRbMXAvGcmxAyM9VYVds9Jtbqw+0W1yhiklbIPpntUKWpidVrVpFp3mSS7ebRHQ5ABDDrXnzPBdqklji5QMokCkfL71t6xaMujtp5JfewXcWzhB75rl7PToLGUtYTHew2Pg/L146VruK5uNbtPH9kUlSc7T2BHTNczFe2UmotFdWqyKo2sR2K8FvxxXotlpm5luZg1tDbMsjBhtMwHJAP5ivNfE2kzaJ4onjslzZ3iiWJmbP7uTn9GyKTNYLc948HeM9c0S6tdEeNbq1aP7RBKOCG/hUPyOo6EV1mlt4hnmv9R1mwNzHp4N1O0x2BX5KMoPXoegrjPBloLvRJtE1GVI9Qsl822VxzLCF4Tjoc11b20mvi103VnYPbt5skYxuCjIVS3II56ZreLOGocBrV/BBrMWmWUhgutcm+0ztHjbmRjsQnJ/irko9T+2XWoadqEUi30cht4cAhf3ZIJOSBjj0r26zs9Dt9OuVl/wBG1B5DMpKnKRoAQAe3T1rjte1iHUrltVuZFT7NtihOwfORkg/XrzVty+Q6cznLyKG/js7eVsSWqhYt3UkDkfpWZLdXthcgL8sc3yvk9VY44/Otu5tZY5wl8RjIMUikcsRz/OtrUxY3yQ2Use2ZlASUAHbtOcGpLZU1Xw1BZ6XH4gtZ3midzFLG/BQjJBDDqD70yD4hXvh6ze3SEs98vlpIDzCnA6Y5zx3renubxNF8mdvNgB8rbjPK8HgfSszSZ/C+nfarm/ga6mP7oWpTKtGcHcARtz16mtYvT3jE6OXxF/bHhUXdzGYp4iscRTlWOQC3PTqwq3pelpcTW989t9nt7RV82SQEDeejZPU96yZpIIp1vILJYdGuF8qLk8PycgdVPHpWn4Z1a/iS78H6g0t2JgZvNYZRG4AG78KmpsB393o3/COa/Dp87R3lvPsuZfLYsrLk/L25+U59q24/E2/XrqTUL6V2uFMpRlBSOJGO3AA6jOCe9dR9j1iHwc2h6oFurhQs7tDEXMMceMfOox0XBJHcjnqeOPh6W6dZ5tkhlhZ/3T/vEiHVmGOASKiKFIxtU1TXPFcEvh7d9u+2BlVYoC8qQKc4XaM4wOcjvXih8AXVpoF3NNayNLNdmO0feBuTkjcudwI2knIHNfUPh678TaXaXNzo9k0N0SfLuI1R5fJGOdpDNyfavNfEugzeKrWXxRJqskklq2wBAY5GY8noBgnJ6AUChM8ittPu7G+MIljhksIQz/ODgkYwc/rWtrejaN4q0j/hF/GlnG08CuwlyBIu4cFSuQTgjj25FdT4f+H2iyxTrexNciJWmlmlcqxz2yuOO9dCPANvZ6dAIikjbxIAo+ZIeoBJOfapcU1Zlyk7po/Pjxh8GbjTrW4vdIl+0WsCBvLKYkOOvTuBya8IfQ4iNiDd7g1+mF/BeXus+ZpaolnK5RVb5Xx3JB45+tfOPxS+FT6TPPr/AIdtj9l5aaOLoCSS21f5gDoeK+UzfJbr2lJH0OAzS9oVGfMdtGLVDGcHHGCOarFQkh2jcx5x7mty4vUgzDFGpdgRvbqK5+aXaSytuc+nbFfFyhJPU95MtyQXFvtaaPasnHWovMC8MNpJz70q6iLn9xI2WQbulZtwplJZckDvUcg9DcW/uooDErZiHOCen0rDuL2MFmbhl5AqrISIyA3buaxzzwzZ+tS4DR1NzqSvEEB+8vOe30rKfTrWSA3PmAsvc+tVY4g65bOenP8ASs6QvatsyzgHOKj2ZasUJSisEHJBP4U2OOWRl7fN+dMLlyd/zbjVuB0UgPyF6H0qmiuY1ljVM+WNzEdaRtoYxyxBu/NUo7t7dt/BVeeT1rYilhvnOSIjIMD2rnqIOYrwpHMREpEPpjjNQXFhc204baGTqDnn8K1G0Y42xTqX7HPpXYabp3n2e25j3DorDk5FYOdtQ2PIbmN4yAWJY888Gs6U4JUn5vc9q9K8QeHo5IzNDncnqK83miEcnlOuJOOfWtKdRTDciwS25snHQVeivLmBgdxQMKhCqAc96QoeWzkBcfSr5RnR2d1G7gjLv71pyzyXEckPAJx0HpXKWJI+YdB+dagumQOjnkdMdaXIgFa0VFDOygPxwc4qu1tNDk7tuBz9KzboSLMSxJVuh96hkErjEuW6d+1LkQHdWGlWUelTaxeXGV2kBT2NeevcSyuJeBtJx7+9aBllmtvshc+Uc4XtVdLOZ4tx42cYHcUgEF0XxEi8v19q9i8G2enzWTi8+91U14vbqXLbFIK5GTxXT6I89u+1iybupPSoqq6A7nUJ03tbIu3DHLdzWLdWFu6DK/vG5DDsPer7jzEBbhTkcdaiPDfuTuCqOT1rncAOUvdMdQBGPlJwahFk7t5bny4/Uda3riJpZM7wD1x7VG4LR+UR+Jq1sAyLTJFjWSKTao6YPGaz75Z4VXZBwDjPqT71rRxyLH5qk7U5PPHFOjkW6dYncKp67jVRA//S1xoFv4SsrXWooJDeEulwtmDLvBOUIRsenYY9q4HVPix4ikvozrll5kKSNGDPEYZcfw5KgL+YNfSHip7zxFDH4itFhvLefO+W3baVZPl3Edzxj+deC/EXwpqXiny4dEu/3llE0ksF1+734GVCMAQTjPXb9a/YKFZ398/MZbnY+AviDq19fHTGs5LyIOWcxEOkcRx7ZyOcDvXWan8Q7KLWJbTRLSO52xhIrk7rdunzKDtLYGeOnftXAaRbDwdp+neKtW0u506bWrXyY4dP2lcx4JcrlSCRtOc/xc5Oa3fDFz/Z9q2oX8ltc2rB4/s95CokXPQjoQRXozpQavE5JTszzvwrF4q0TVL3VbpJLqKQOzW8VxiNWJyDsy2QvIUdRxVS7tfGcix6nqUGsC1aUO42zGJh1+QPlc4zg9Ohr0uz8Aajq2o/2np8FiNIJDXEsF1zGqtyzK/c5wNufWuz8Tv4i1kx2fguxnt7CzVo2fz42WQDGCAxXA47ZzmuXqaKoc0+h+HtP0e91bwp4qmv47Uq721zYvHwCN7FmA2gLk8jtjJrMtfEMPiHWk0fRpYpYZ4GLnyvLVexOMDpx+ddx4c8Z6r4Z8Magk17PbT3jBQi2qZYbduCWUgqAScnHU4zXjs+vXnhy5vdLijmM2otC8VwYQvyOSdxyeck4yARnJ9KapPdjlI9vs9C07w5Mq6TqcVvd3kPlyMtsWGTwAQSAcn/APVWzbape6LcWVjYaxc3mqlc3gSBY4ljbBCoNo6DHPPY8HgZ+h6XYWWkRXXieZjcXQXymMiBlf8AhwDwcjnvjPSlnh/sTzPEmoTrcagsQVk3qoOMDA44/KoasQzmxpWoDU7nwtpCSSJqDGSP51RySu5iSSAOF9at6TZf2PDcRnSF1G6lR4WSW8CsrDIYcZ3fQEfUV2XhuCzkv28SmG3iudNYXCJNKfmAySOwbOOn5Y4rhtWjkh8VN481CwtIra4mYwwWrkJvYHaDu6OMZPGMjpTirsm1zzMfDeyee38aafYPDPZ3IEkcczKA2Rs2lmJUq2MYxWtomkz3fjfVI/E3hmG9uJt15HPNdr/o6o3ViMg7sqT3XGemSOCjvb7xb8QZLOOzKm9lctErfcVcnhjgcDvxXb69aeI7KwiFr4Xt/wDQpUDzyzrI5jzgDaGxgkgcf41rL3bG0Y3OY0B4NX8TXcnibTLMxyxgTxifylWMHC4YMxB44/nXuE954f8ACtnaraeD70Lko7xXDSoIhj5sMTz6DC/WvnW4fRf7e1OHS9Fhnur5Qzr5x3RsvDYPGeT0GPpXq3w81TTNL0i7nktbzSpS3BAMvzlcbgp5GT6CnNxM6tI9S8W+H/DeheGtWh1O11K51L7RFLC8TcWsXBZsblyxG5csp+8CMYNePtN8Obm7j1HUjrV2JFcmIpFHjaMDngn8HOO/FdvBd6rqQHjC28Q39643JcpcIzbAnseMEHPA4+teZ6fq1zr/AIll1iDWH0+DTy8ke+3WQAONrAL1Oe2eR1A4rm9mRCbRn6Rp3h/wtHD46tU1W4t7hJYXAjQmMlxg5GwEZA5DYritB8AWfieb7VbaVq7R2s/mBgG2iHO5QcAhScAHHfvXqeojRdeu4YV8R3i2jYzCsMrRhwSSRHjvnn5CcnrV/wAWa3o2kaDYwaFrWryjcwu541EKhh91VPByM8hgevXnFJxOyNbQt+Avhze+N/H8l2NIvtK0FYmdEhnypeMKNplfOdxyduc84BwCa7/wzd3d1d+RYeHr2DSo5VNxJ57Srt5wxwv0/wDrV5JH4xi8O6ONDt7DUJrvUG82R59y7s9MIeS2DycD8e3s/ga+m0Pw5eW0Om3Ty66SqgOFkQgbcbW6Aj161sr8rOea95s83+Kcmv21+6aP/bsdo8m2RbV3MaRNwc+WxIycYVhg5P0qXSru803wsdK0/W9Qgn0wNIRNEkkgQkttIdQTjngjgHjoK9OhTVLGUazpsN5GEDR3SbkLru6YD45JH6dRVPwtpGv2cd54guLSazgDhY3ul2tKhGQR6g56jj0NONXRJknn2nxzabo1nrq6kZ4tcaZgZ4uVlifljhiNzMc5rR8CX3jXSJ9T8YeG9bsZYI3SLUFlCbwufkyhXIXPdWGcH0qm2p6hc+ID4ZkuEsrOO5a6RHjVkHXb27r6nj3NOeUX2vwaXoFrpt++qSHzGIaNgYwWYt04ABPCknB4JIyp09ANW81jxH4w1DVNNvLnTblrUK6ErtAycsB94sV9+lOv9V+IPhPw7DZeHzoqabq0jAN5TM0s0YXfzgc8AZAOOOeRWfZ6db2dkfFV/Zpal0dTECHA3HajDHAJOPwPODmqel3+m2Hh2bWtU8NSarJZy4RvOKxkyN6DoRkDoc+3bCpfoXAx9ETxhe2lytlY6JZ3VxcBbgXrbkuJWJZFVAr4wOepz1HQ42tBsvH+heIrTWtR8Jab4d0y3LNcz2giMg+Qj+BzwxO0dxnPB5qfQ/DHhf4mSalNJ4S1O0t0kDW1wjySQxShfm37TjBOepOM4+njfiS9sfEuuadLoo1SxvLiGSG7YsyqyLjasQU9ODuB46EDrnK1zax9G+Frj4leGLzxPq1wdEtotZuzPALpUE0sYBKFVjABYqRkE7s54Geep8I+FfGeu6Jf6/4km0XUI7q3khj+0DiOTcdruFUYwR6+4HQ1wEVh8M9M8L6Joypcy6zCkYee4yTIzDBymcKoPH3R9TzVf4knwpoAPh5rG6meVI2aWFVKRE9Cc9FJxzjvjrWUrk2Ryd3qXxck1ZrCLwvourvo8ipPDCUB8uTO1VYvypA5+XOBzg1S1PTfEjzapcP8OkmtkjUNFDKJmhBOGZgu5jzjGACMH60snhj4YeArW61o3+oXWo67CY7QxxtCsDqP3gLqQGDEqD1wOnJ46vwp4h+HHgfw0viOe91gyXsTwtbqoMaMTtOM4BUnOPmPByQD0t7FwR5Hrl5daf4UfSdP8KppYu2y3mA7hjGOCAxIOCCa7j4S6tqvw/tYtbl0690qS8KxXGCR5oC8nYxGVxyDjAPQ5FZ/hq2+FfxI1q6/tvxPqkX2UGSK1KiMPGAS4DOrIrDHQnnPX0p2954Xv7yZ77x1dxxFD5FvcwzShHx0+QbcD2A+ta6MU1Y9X0vU9Cv7uSLw7MJJUYFYJAQTk89cDjv1rK8SeGJL7WLvT4YVuriyYANE+9GDqCRxgjaTggjrWx8JbmPRPCp8XaFc6frGr22+3uLS5Cqw818qFcsCOFDA4IPI6g46jQ/CH9laDfeJdS8N3Wm63pE4uIJbSbzvNjkPKtGSybRyDxuPsMii5kfPry2mi3ckl4T50abFOMj25psllrHjS1eWK/Hn28eYYZMIJSOqhuBnHIznPsMkdWnjWXxTqeo6fbJHqUdxgrEUELCQnI4IHQ5yTxxnpUy+GjqUdzYNpr2F7ZgbRG4KOWXODjjkDqD35pgVfD02pTWlxHqNqDfQ27bJItu4vjK7lHUn271xfhwnxBrUmsazLK1rZkSqzBj5UyuCoAGcD2AxxXYxfDvxR9mOr+FWaW7tVEsi9GEf8Yw3BI9COfriuc8I+Mb6+1S7t7rTv3tgrCeeEj96d2F3RkAcjOSCenTnjWFSxTj2PWWEnjLfOsEmjaXFHma+tpP3eUGcuhwRxkbR9fWuD+I0Oo+JnV9OS313QrKWI3DxFLe7ZiApZwcHDcgcHocYHIj8SXN7bXDS+Hrt4NO1C3DzLDIQhyWVkkjz1HOQR3rsrPwtptv4Fg8SaeI9QvGiKztFKd8LzMRHujDHJBwMY564603IzhdO5xl7dR+CZhonhPVZra2iDTOs/MQ39FUOCeg5Jz25ps9tqEEv9r+MvCEVzeb/AN1PaTtHIWQ7g5ERbceM57e1aGjaFfeK7S5ttWtzqEQZkjeQJFIrIBlOxxjHPr+jNE8K6l4h8TaZ4iSKbQtN0yPyPOB3p5ag4YLwT129COmelCrWL5TnLW0T4halcaRpmu3OkXZ/eRxahGZYmA++FGeCBzz26DrjsdZj03wtPaWHhJnFldSCZrjS58u+35WwoPUEd+uM+oG1p/iRNM8QWOk6VrVlrSCZ8SS7Y0YupOHbLYwc49TgY6CuIfRr7wTrDa7qfhlLJmndw0Mw2BXBHyoGYEAMcZ/Eg1bnzO4OKSO5vH36db3ya2uq3twvm2omXyZgIz8wILZYj6DkZ5FM8HeKdSuNUhmmQPcWMjAh15PUYOeMMDjj+fNY2jaOfGWo6f8A2vZx65YPPIHhZhbz2kTfdIZSpOcZHXJXB7kb/wBg0LTrm48NaGzW6rIU/wBMwX3L/wBNOnbgZzjHFRyrqcuzPQvGi3N1qUE2tLFaKLVJ4VXG1EkzgH369a+eNdvm0nUM+H7yX+1L1XibavKocHhu+SOg9K9k8b6fqgmgbW1a0tdRt18mViCD5fBUc9ACDz615V4g8Ox6X5S3MrG3vCskVwyAsDH/AHfT8PWs4bmlMtaXb6Z4P8LXOu+NNIe+vHieSDUIn2yRM4I+eMsnIJwc5+lafhzxP4qju5fFel67BrPhqezZUsL9WPmMFwFj8z5l5Ung89NuACMRruHXNR0aLTLtbS8t3INxcrmGcH+FkOR04+7k59hil8Sta+H15ZWmhzaE2i31pLJGpsnBt5V6BygCgHOTwpyO5HATNkjr/sdh418M6V4i1zwmmmQ+ZdN9sgEifaEZwAGAwPkxgZyD1GORXDeN7rwnHZeHPCmiatLZXFnO8dysqN5SxyMPLbeABwAM4J6nOMc5Vj478Z6b4Xt/CXhfXke20p/9Q6RlgJWZ8KXVs4LHjPHTjFe1nw34c8XWc+o+JfD0Ml7bQtPugZkPmBclSUI3A44znHOKRZwEn27wf4M15dA8aW15N5sRuLQbGO122bgGZzuxnIHOMEngCu9/4RXxWhn/AOEm8CWWo3MflXVtNFNAsqlVIyzKX8zgcL1GCOeMeVQaZ8Mr2LX7jWWuNFZVie0EaPcAnDeYuNpySQMZZfvd8YrZ1ZPDHirWdCPgTxTe6S4tJYAbt3X7KsQ+RdwK4VxuONzAYA4zgA0jkNZbwT4mutX0XxDBN4Z1yyAnsjFG7rvVdxyMLgHAGePVScGpJfGWsaVoM+lQX7eK9FjtQZiVMU0Tb95YkguSpXIycY9hXsl14w8fWVvoFzbahpviC40m2ktGnSJQblEwFQbO6EElVZeRyD0ryrV7HwvZQ6V4p0axn0Se4WZJ1WRnjldhyhDE8AjIAwO+MgYcNdwaMrXVOueGrm5srltSsZYwZlkXEqq3HzA8kAe1eYaDcNa2OoW1/dS21jPEkOYiT5i7hlfcbc17z4E8OalBqs+o+LDLps3kSCFjFvguhj5YwwwAf5V83Wt3qWvkaOsoit4kICYA3MgyM+/AFccvdqHTS+A9j8KXvw+0q3OqPaXd+mlFWDA7Rc7jkIytjCnG0kAHBr2/U4pX8F2vijTPC39lT3coYLHISixurH94jEEEYAIwOfY4HhvhLwL4nPhq1ulu7exguHWZluHUM4DdB17DPbFejXkn/CWa5quseLPEUtzouktE5RWCLIoBBREUqgZT8oKrls+9d0pX2OVy1JGn8dpAmleG10+3uJ8+aYgqSzJgkBg4wMDPP612WqeI/HWj+FtL0jThZQ3M8pt7i4Ty/tSscsqiI/I2/B5AIwOmSCPKrjxDoqanf6voRuLuCRuPtPyyCMAD738vbiuan0DSdY8Oaj4p1O/lsFsHEkgZPMM0LEABGBDI2Q3UEEYxUuCe5CZ1z6b8SdE0A69b6ZaHUvNkikuGSM3Sq0nynGcYcY4B/DvWXaPrmsxeJ7jxF4YV5blo5okjD2ywTLGVM+xtzSE4DEk8kHJ7DnJNS0Tx+l2NK1GTTZ7YLKXuvkzGvLeWyt8pXGTkjj2yRlWtrqXi/wAT29raeM5Y5HsnCXNw0lugaPLMrbSoww5yfTHPFFiuY7K6sr3xPbaqup+BTqqizizJEz27LIgYiQRn/WZGOExkr33EVV8OtY/ELXdL0PUdBlh0g27nfA21I5IxnavygBm4GAc/UVxcniDWLW0srNvFFxJPA5idRI8S5Y45mXBYDj7xIA6YHFa3i3TfGvgCxh8KPr6292my4RIvkKLOWYr5wUO3c8kjpx0xk4mr2NXxNN4F8WtpPh3Q9WvdDsLE4hku1LIkwBVHyH3DA4Utjbk5wK7XUpdUi8E2/h//AITqS5n00oPICNGuA2S63aY4BYkIS2B34AHn/h+z1/wpqmo2N9p2m+INSsJxexz3TbnzIgLMdxXzF77Sw2sSeTjHpyS6T4k8Ia/J4m8MTabc2ssdxbvpyFYt2zATZkLtckgnLdc8YpWI5mbaa1420vSDomn6pp+u6qkkT/ZrraJSD02gsu/JHLNggdOazfFvgy41ma78U3VrcWGuW8kUskVp86KI1UKy7FyrAru3A/SuM+0/CjxB4oNxOl3oiS2sPy7VZIblOvI3tswBzgHJ7DOPUDr+seIftlh4E8SwzX9wnlmK6h8vzRHuzsdwQ25dxBUggYz7DiNT7nhOk6hqGt6iviFdaCrHdB7h7h9zW0g+WORw2dwYE4OCMZHY4o+LPAfjdviDNZeM1Njp8D7p9Rt0E8StINyuwi5+dyE4AAJx2NSeLdDu/h7b3JvvC3m2l4EF7dQMZVgy44XqFJJ74B4Fdp8KpNO8P3Go+J73xAt3oepabILWznDf6VIgKCH5wMBcBQMDIOMcDOUjppHjnxV0228PXlv4NGpJfxLAt3BJChQ5mY5G0knjbzn8ql+DmoafZeL9B0nStIW81Ka4ZxPcEuiyqjFHdFA4TAPBAGM8mudv9Nik8U3njG3i/sUWp3/Y59xcEpyMvgkNy3TvxxWhol3c3XiPQtHa+/sy0vGS6iaE+WY0lyzbWHIJGQPrV3Lm0z6S0bw1osXji98U/FHU11/yTcfabaEsd8qjbGvG0hA3AGQuMA4XNcbqF5Jrlhq97eo2h+GIZPMisrcbF3/8893c+5r1n4YalbWXjGYeDtJXWZQpWS5mjMqIXON/qvJHzHGSDzgc50Flo8mieIrHxfHL4u8TXtybi1trSOVkWcbmZnbaqHDEEgKcAcADJq4qxz1Tj/hvB4fGnXV8bgQabAVJiz80pb7x3H0xg45+mK9O8RmTTfGOmat8Qn2eGoozFplvbASiMxqh/fKFywYLg8t1GcDmvHAmh+DfBMdz4teaO5nhc2Nla4LvIzHiTIIwGODg9j1PFd3od/q2qeHW07x+xXWrdFg0+2VUKRxKAFbMfy56g5OcAZz2mqRExfFvjDVZPFA/4SyzNhYeWr2lpbKhYopITeVPLHBBBxjoFFei/DTWdb8X+FNXuNAubXwRpVlIwuCi7ppCyZdjJhSpOeD14xmvmS08R2uieO7NNfuxdXD3UcbiYtuQOwQMzcgBeuPQdq+goZ9D8A+JdVv/AIkW0F4NWjMlmlu5kkDQnCIVGMBgcEtxkdK2jtYyqMt+FpPDmktdad4It11S/vmLz319HuKybcbkDKGC5y3OT6kmsOfQfC2hqiSf8VL4saRZYlQt5MDqQQCNwVznJ6exAHJigs7/AMew3Ajs28I2WlA+aWRxPJFc9Dkhcj5eO3PGa2tfm1Twz4Ih0fwBZLBahSZ76SRTOEUcnLd356dP4QOKtRMuexy/xLtNEgtLfW/FV0b3xDdAC204pmJHYje8kinBCnqD1zgZ6j540uX/AIQn4oaf4h1mc3Gp3A2IqthdtwpgUk4+XGcAYxj86+ndV1jSLz4cweE9HghluXk8+7u5U3T/AHiwVT1AB298cdMnNfN2ueDHHjTR9E8MMJp5HXfqUsTRRwbyQ4brnA5BJHpxnNYVE7nRTlc5XVfDYlvtY1jxkYrk3sjvDAjEvI7tuLDpjH45NdB8PbG+tfK8T6dYpe2mihkyzDzInwCjAfe44zgcgEVIujnwv4w1mwtVbxHqCbo7YtKFXJTMueSqkZP5Y61a+EGqNp2m63FqfmpKA/mxLyDGFAIx6g5zntUI618J7/4I8I/Ebxb4U1jXE1Sz0jeWubd5SInk+ZvP8uRCCjDBOGzu6cVweveGPh7aaBZXni/Xbq5u7mZ2Mlm2/wC1J1KlXV9rLyMkgdM+2z8Pn8Et4IkXxFBqNwLvUJJYmiwhwqKm0lmC4ODnGeo6EV302geGfEmo2vgqy8DPd2xVNuoyiTZbozANllDZwOp3Z+arjA4KleKlys5K7s/B8niLR/hVN4curh7HyVglmbyXWOY7ysqqPnjaMKQx9vetDWNt18Wk0XxBorkWkghhQuQxRQxjO8Dnc5DcHpwaq61deOPFHxNvftBXTptLiFvk7JI48f7ez59/zvXeeFJ/HsGl634i8R+LLRYIbZraG4Vo5ltpRjDPlV2rnAUZ5z3quXW5qkjynxbpfiKwa40W28LxaJcrcgea6rLNI0uX+aYZ4OQT1xjGeMV0fwo0/WZ4dd8ReN7uRIdJkjga4M2RAXVSCuQR/Fzx/I4yH8P63Lay+Kvid4wnudN8Ro0cc9jcC6XznBxmJgoC7VYDaABjGRirOr+FvDHhTwnb6Jp95JraeKUKWuyHy5xJkFC6E5GSVAwMnpt7muljRrSxy9tpPgjw3c+Ir671VNaRJDdLPIu2S5MuWeNATltrcdTnOa5Hwk3huLVb7xMsN7awWc8N5ZqYg6MUYuVZgCMA4HLLx3rsPDtuYPD1wui6HLqFxCklpL9pgM0MTFssUbBCsPfpnFdJceJdX0DwFp8mgeFLeHXbQ/ZpJxIDHImSwZomCgDoPvHnjFIaOC0HV9FvdY1DUdL8KNFpGo/JOscrNm4jkMm9AeF+V8bF2rjHIqOb4lXOq+JJpV8OBbi8uDAkm0xyOyMUj3rjG8AgE7gB9AK6n4dXni210HxP4c1fTLRdRvil7ZTSbo1jkmiKhkIUqwXav3eeDkkHNc5o134m8O+FtX1LUNXjS4nunFwZPLIhuIyVYFuVJbjtgdvUjdg5OY5bUYfG9v4ii8Qajo8EsVtdANDMu+OI/wDLNm2kZTJyHBIyPoK6GJvG/iC81q8n02Bbe7t5YICsitwpOFBzk4+bkqvOa5OLTPE3jLwHqHiH+3v+Jdpxb7RAl03mqEIwxjyRg5yucE4OBxXkOoyWHhRwdB1Q6gWhSQv5bR7JSTlCCeSuByOuazczdUT6G8F6tPc29v4Du9IM9xJdssc4baYw2N6sNvzDIJBLY59hXW6hNZ6Hqth4Fv8AwUNVsYJS8TyrIszyzDPlxTR/fXLA4PckccEeDeFPFco11NVupfs8MKESSqWJDSA84UEnJ9Bx1r2/RrySTwFq2q33j3IEqvbPKGe4injOY1xkyjzCvGBkAbgOuMTPlSLDX3jrxbcw+FfFHh2Oz0rS3Kql3BJDKqSEBAZD3C4IKheOc81raFoPxO0/7dp+k6Vby+GLa6jd7Z1ju0+R1LcsGl527scYHpXJabrq6qsOr/EbX7i2t9eilj+02/zS74/kAkQKflwpA2r6dOa6j4VXvhnwN4dPi66a91e3M0llLDCxgCyEhgw6KwMZDYYgDOPvAVMjTnPVviZpvjWW/uNA8LCGfTNXto5THHKgEuyTPKyYIYEcbcBsDNeR/FzV/FWt33h3Spr+10UWsSJLZQMIlinRfvOEJ3IRwMnAyMCu/wBM8L6FfeDdT8YeHI7qS50y7b/R5UHnPAyg5JUH5hknI9+K4PwRZeBvEes61a65p89pqtokV9ZuJCVj2MNyspxkFivBz14rPobXPGPHwll1qGC+vhfagkKRyqE8tEI5GOFyp3E1m6ndafc6LPP5S/aZcRM4Uldw+6eM4IwKs+LfGVrcwi4i0pYv3gZyJNxVWBGOg6kisHwjf366HdwNKIrSRyBMTtKs4GSc+oIFVAzqnU2GgXljo9le6Z5jHWIFh1ISbTGrHAUoQMgqc5616/8AZtd8AanJ4T+3Q6tqMUMckc4jLGZCTviLyHICYH5VxmlXujS+IbOCWP7FFaCK3urdXy9weQZADgHIYYHPvXscNnqOo6vcadqdlKNJjUG1uLhfKZDkFgHUKTuzkkEYxzV1DI88jntNV1S50+CFn+3yyTCZ5fLEVwVyz4UY65xz1q1pMzWnh3Wb1b5I9Z0syKLYxvcR3QGeQ/ygYII71zPhzW/M03VrK1soguuO0W9lMs1mFLAMjHnA3DJHXArV0uCTwJ4bQaVLKdRlMqwzKsflyRj5idrbiCrED3GKaA2PExtG+D8OleINUurDRriJL4wwxpIBMAH8sEqSo3twpOOcn1rxHV/Ct/N8PbPWdGtRb/YYQ8k/n4lnik27Mp2+U/U17beeC7Lwr4IHiXxjaS60NWjmXyIJjuSUBsBtrDeTjJwT6YzisX4QFPHvgfWdHuYrezFhFD5VxMfmA3kqh3dsKRkEYGAQa45VLSZ2xprlvcr2Os6N4H8E6NHNp1vrFxqAWT7U0WJIQQCijIO4ADAAxjBrrE8P6fr+oWOr+INQltIo2WWWBYirMnVTHuyM9OcHvSeKvFaa/wCDYfCnhGZYbjS5Y4ZYREqxFY1Me4SYzn6Hkk1T8WT/ANjaL4cs9dlnl1mVooEYMrRmNCEZiQRtGcDv3oprmMze8e+I7/WPiXpVvpWnzWQuLZo7G9WIRSXTKNz/ADNgEBTgex6c1wuqW/gODxpbQ+Lb++vPPR21CAxCCWNxHiNACqgktjI5GMHPNaWr2XjD/hL9FkuLmCLT9HuI5bOS5nAhV15UHHzEH7o9sc4Aw/4jf8IfrPxd0po9Fi3SBUvjHeNcLJcSFkQMcLsMTAZAxkYBAHFKWjsVFFa3+Cfje8hXUNVdbLT9PhW40+G7lTOzKuVcKGO3Yo3BgpHA6A1T8G6z4f8AFnie50zTNHg0uG/ZYjCiGaRSwIEicAfL1Jxx+tdZH4F8f6x8R4LnVL+3NrfLLJaoGa62LAgJVUO0buBkA+vpiszwn4s1ePxveaqLQbbbdZzLHH5ZMatwVDdGBUNjj04zmso3T1KWh5TqX9laVrL6PoN5PqtzZyMsT+X9n3SAfvFYSH+Hkfhx1rK8O6leR6lNb+M9ZNkYkkNxZSHzIZSVwgVIzsI5B79OBXbeGfEGgjWvEyaV4fXU/tjM1td6lL/qpMyDfhVbfvLByOPu1zPwf0jwppry+LdW1hoNd06aVbexgQTSTqI84VcZO4kjqPrxXWZwnds6O28TalJ8NLrzrdrfTEWeJWt0JH7xsbZG5C/M2AQVyPWvEvGOgW2teH7MWFyygJ5r7h8vmheRkexNexJqfi/WNF1278To8Gms0l1OuwQBpF+faqkAt0HBJ5AzzitDVNSb4i6BYeJrrT7TRtM0yRIblowRPO6KE3NtVV2sCMcZB5HFcleN0dMJWZ+ZXi7Q5dLaBn2gzF8YPUIRz+Oa4ZoXY19UfEPTdF1TXbw6VFssoWbyAc/KCBuxnnG4V803VvIsrRyDCoegrwq1PlZ7VGpeJmhCCDI2NvpSsA7s0Q4PrTyhfheMHimqp8tweeaxNRuxgm2WMZPQ0RsIY8SA7s8HHWk+WNMNkqaZIQ1sIi7Hacge1JoBxjkcMRwrdKhywQCQgkVaaXNoAxIUdKqSHZteIFkbr9ahmsUrEiBHjZgOVNMaVWj2SdetQu4Ckn5fp6VCDlgg+4RnNY1GaxKzkM4LcgntWjZTPGpjk9eD7VRkASRDnhe1WEYYzjJrzps9Gm9DoIpGK9auREnBAyazIVUgbiQRV6Fn+6Og71xzR30pGhHI68vVwElwQcA1nLKMlW5Bq7GRtArJI7FI0EZS/TOKujouaoRsxJ46dKurzjntzUm8TRyAcIM5px6gEgVBHMuwJ90jvT1KOSAM4qDoSLMD7HJzwavRzjHNZsYwfl5FTiMHGcjNYtCRsB128DOaXcMZx1qtGXj6cgetStKcYxj6UjdFoE9qkXPc4qtHICBg1MWXuahoZOuM7e/WlUcHdUO/gBPzp5cA+3SiwDl2+vWngHB44FRg4XrS7iO/WkaCknGBTCT2p2eeOtHGfagB4yQWxQctzio8kHGaeM4HPWgBR7Uq8U4d6UD0oAVXx8tJuHUd6aOuFoLcdc0ATBmIxUTBiRmkEi9D1ppYN93tQApXjNOxkZJpnG0E1CzbicDGKaRFyQkHPHSq7Bs8d6cTwaYZBk5GeKsLiFSfb3qF8d6R5STzVd5MVaiZykMecKxQ81VxznpSSMc7gKrszOcE4rVGQyeRQSo71nSvngdBUkzjJAXkVQlk7Y60zObI5JuTHjrQh6Y6Ux3AwqDmnbTjcO3WrOdkj4Pzd8U2MSMuT930pUkyu7H50kku5Qq9TUNGg3eQMYwDSHnAXnFNL9P4cUrbgBgZz3pALKqiPjrUDcAE9PSmXDY27Dk96gkmydp71okRJhK/IANRlwVHfNVi2e/A601mBX0HaqUTnlIgdm3bulV5JthBJ4omk5CqcDvVZ8Erk5B/SupIwnMrzP5rbs5PpVKWQBR82T6VLMUXOeTzWTI4OAO1WkcspDZpNxJ6VCnJJGSTQWJGRUqIx2479qpHLJkq+h44qZFG/LDHpULIwYBqcGZQSefSuuBhI0oYyyyYkwPT3pzyGPETjcT0IFUI2G3c+R61fVnYKAQcfyroijORN5S+WfmO1sce9OLMRsI6fypU8sOqMcKx79jVkWzMSDjA/WumKMJMrEKI+HwpOMd6mikIO3bkA4/CiGGE5jCcnoc1PDDMjfNjaDz9KsybLaNHCdxG7HQUsp3r5kPyjGce9SMu3cYMEelV1xI+JG8tumMcVolYgijOA24dRitW2t9gCsCFI4J9az0iDyYY4CjP4iteOQuRDJk8cN6UQWoG1axt5kZclto+U+gqPVd4TYpADda0LMsbUZOSgwPese/uVlzHIuT0HtXakc3U5W4RtzADketVIVeWUQjA3HFa00bQK21vMRx+K1FpVrJc38QgI3K3OehFYHSeyfDfwwl1qK2jR72kTKkYI3ZGB6c59a+uft+u6FqOna3Ppj3UEY2XMc0ZaIhgVznGAfmyDzg464rzb4a+B47y4jsdLmyJ08wSyH5txAI4HTnA46V9T6LcT2QkXxc/242ara3NhGFzLCw27kdMZIznoOBgkZrvpQVrnh4ub5uVl+/8Z6LpmzR9JsZPtr2biG8ll8tds+WHljDCRVzkZI/u8YNeda54hghS1me8fVFliHnW56QzAANgdNpOcEDtySa9u17whb/8Ixc2WrXslr4fhlNzo5RBKv8AFsRv41wrBDu6H6V82eP7V9JsYL7w9bN5MKsZGU5384OBzyMZ6dOmcV3UupyxPLdf1Z7VZBl/ssshMcWclM5OM+le3eCb3UdP8NTWNuhgk1e0WKWNEDGVHBxnIJDbWIOOck14T/aGk3hiWV9zlN2G42/Wvo74fQX9t4c+2Ky30mmXauZ1ILG3cfc55JBBx7fpnUldpHTJ+7Y9Rl+Geo3tlYRT6xFoENtBGz5YugCpypKt+ua8xnuPs8F3LZ6THHZNNKg1EkupMbdQ2OjcHGehrb1/TzpetWmqWcb3ltqQKh5EKxrv/hL8rjr+FeeNYat4W8MXmm6vqcd3Z3bs4t4Jt+xum48YAYYP0FdCOVHD6Ut9Nb3UlxafblQmS6C8jLH7/TnH0rVn8SWSeGjpt3atcXm1zBIp+VCAdgPIPFbnhTSZNNhbxBbTboZonRlYjDRngj8CKbr+maff2VrZ2cQt0tQ7TOFALK+MYwQTjHrSuaezK+nCw8TaRp2u3d01xqkbbZbMx7I8xsSMvjawbA6HPOO1ek6o9u91Df6npv8AZUboo+xIhBYc9OF4I74riUaxew/srwZA1pYQIDcSSkGRjz8x+Y8nHJH5AVv32qXN9aG2gnlvpFhEa3UoY4Ycjls8ZOaohwOe1/SVkZ7jQ71YdMt1DSafJK3nNKM5aNPm4IPciuA1Cx1S8YaldXAsbK3jLW8PHmSbRkqMYOTiuvt7nVftDpLD/wATGJTmRsBJPTGMDp9K4T+0JfE3mzyW7C8WTYcjGcHB4FTY6IRItJ8S6mjixsUSeEZxHgAr65xzW5pWr6ZrFldwTWUYkgOXmcDejA8gE84rzjxDZQeG9YTUYd1pvBDAHIJHWtvT763msJbyRTJLIPudyM8kmlyF1J2O20/VdLtU+1RTMn8LbuBj2qbxH9mjuoxZ3K67p06B0RlaBoXJzggk5GMZPf8Aniatp8Fj4dgF9Yut5cbZ7UwMGUxsAVDgcYwT05/KsCPxBDdPE94myVPkZEUgLVHJbVsZdX8l7fS6sITFc52ZiGMFRgcDHaqfie2k0W1gF3G0kt6ocr1xk962YdPlu74LbSBHEnnbTwNoIPOPrWl49vobma3F9HtVf9Xgfnk/rUudzSG551o9/avM73Fud0AxtyVB7da7Xw94i1PRVksIt11YXrktF1Cs3AO/0x61ELPUntLWbyllt7olAOBjbwN3auqf+x49T/4lr+Us6Kk0KKdiSZ5Oelaco5nW6Bc6Gl4lxqMi2vlgqYwMIQe5bvXE60dPGr3BtV8yFpCEMZ4257Ct2eylsJtsyh4m/dsPvHY3PT361yd1bWUWorHoWFIYDYx5fJwTjtmrMDoLK5t1tpYLeISLID839w+461jafa3M95eWNlLEzRxF9jttLr3CA9T3rqb3T4NIt/s12v8AZ1xOpkQE53nHAOOMGsCz0W5sPs+vMPJmkYhPl+Xrx16g9Khgeiw3Y0vT10poFYlQ7bz/AHxyDzzV3wbpySXQjkTfaSO/H90YyK8v1Y6hen7TdtsuR8pC4wVzxXonhmAyWltLJqBsZFBHls2Mk1pCISWh1P8AY8etaZLBblml3FVXOADnjPtUVv4VufDIguIjHcTuweSDqFKnPUnmuo8NNpy/6Clwt5JICXt84JxnncK2ri40q80545FNj/DgZkJ7Yz2ruhTOaTOJ1PW9R1hvJuNKZgM7XhO4LjgZ64A+teLa/os0N0uoSal9omjIXyG6ovoOTnn1FfS66dJpmnS3FtA1tYnCyS9SR6kZ5B9q8H8ZSWE2ri5s7YIF+QyN8qu54ySewFZ1aReFq7o9A0nWLXXdLN9ZsTqNqkcbAKRsVRyQR2J/lXovh7VNFktYpbgO12oc3g35Z8Z2DOc4/KvHrDTrrRbSPUtIJw+I7yMD5DHkFgTzwex969y8P6V4Zu9Ng1TT7WS0mcq85kBY7AeFUljwexGKmnsc9fqXrVbefwzeiKAwXeqH5zI+WjhDfdHscfXmvD9ZutW1DWIrZLeO4spB5CqMKN6sfmyenf24r6D1zwzaad4em1G1tZLoO4kadmcGCI4OCo47H35rz64tVbR5bk6bugkDRQsjcjjAfA5zkfStouxlBniOqm/09JbObO+MkYU8KfUV0r3t5Fp9mzt+8h2sxx9OeK4p5hrl00SP5ZUsF3Z+cjsa9HWzjSCzO1UZAAySfdY8cZrKB06k9jLcLulT+Ihwy8D5uciuhbU/tU8sN9iWS4iEMbKPuoP655rPu7eWJ4JLDAtM7HUHBHp+nFdDe+G0hW017SCZIplEboxzs3HJcfyrqMmRTxTtYpb21ibiGwQNGxbgv05Hr9Kh8P6ndTznTLhnjh/1s21C+xfqASBnAz717t4b1TR4v+JfqFit1YWVuAiMNwnYDkEYxnPNcRLaT6X5l1pGLe2uGIljRg5RATtUhsnKgkZ61jdshs9W8LLqsdjHpkTmGK+YzTSqf3vk7cKgBHHP169K4kXup6LHf+IfD0Ehb5o5Xdd/l25JJLA9ASoNWDrFxpFjY3lnObi5aRWuVnX5fJHO0ADIzwMnJGTxUV+fEF1fXeoabItnD4hUpNCeVFsykchujY4yOc5rWCJOn0u+E9hbarZTmSW/3WawcqFV15JPQYOBXBX9p4msbqSy0IxxW8eECgK+9uQcAjP61Dp99Y2kd5brcA3EbtFDs5IcZG8A8dqt2wu4tPfV7C5WaLTZArbshzLuXoMbTgkGiUbEXOIuItT02G/gvZ5bqM7pp1KbQH6lfUY4x0HtXUeCH0mPTraOC4P2rVJNkiSMP3Q3bVDYJ+vTkVV1nVJUWSR7pTd3DG4nUrztGCQDgAHH6Vi6ZqdjPY3EsWjSz3Wos2x1L7kXsQoBXg89Bn1o5NCZSPQbzw9pp1i8j1GCGYLtSF1dk/efxH5Svf8AlXN+KNH0iSK70VbZQLS3MmA5O+UqdvzZz+veqr3l3/ZsCWkKMFcW0Z58wyEdSMYPT1qa6lu7TS31BLeCeO0IF4S2DvOBj16ms3SexpGVz8//AIrfBnVvC/kanYQNNpjoHckgSxZ6dMBgccEc9vc+PHRrZ4vOXJwBzmv1WstVs/G9sug6jpkcyeVI8m8YCwpjpn0yMV8A/Fz4b3Xg2a5v9DkkvdBkLBHCYaJs/dfHHOeDxn0zXyGc5Nf95TPp8szLmXJPc+c7tVS8I6FO+e9JA+SS+eOoFM+zykM49c1ERKkvAx65r5CpTa0Z76ZZnjhukWORcAelVZdPUxh05HT61FG9w7GSPHB4BrQiZI0BnbCg59s1kSpamWgeH73IBxj0FQT4aYsgGMfMc1syos6l14yccelUZLCP5wX2AjA96mRdzlc5+5x16+1WVVtgTGA3cVcfTGTHktk4JyapfvkJgnXaQOKkorNGPNMrDcR27VLaZN4i7SSc45oYyBdx5xUtlFN9oEy8n17CspRA27kyWzAE/OOnNWLPxHf2kJhaT5ckqKzZNpdlmfe3A60xLdSQxTO0HB61i6ae5e51EPiE3MJgdfnPXI6g1kXtnBIhuZIRuUHBxWHO8VuRiQhs0z7ZdlcGUlSehpKklqg2KXlgklRncegqRreaOLeyscflSg7SNhx82R9a9DsdJiex+1ajkIQT9aqTGcZaxJ5Kyfxnr7VdtrBLu7UMMM/Gew96glmhLO0Z2ovbvT9P1RrSYkt94YGR0qUmBpz+HJ/tEa4DI3c+tYs1jJHqiWeA27gY55q5qHiS/nYRKV44J6E+9Z6SXKzrPuyy45U9DU8jAZrtpPps3lKAWA6DtWYtxc4CRLvPUgdK09RW/uJ/tNz8/mDg9apWu23+Q9DwT700BLbRySSBlwOfmGeM1uTSSWkfEZkU4yQMhayrSF3uNkXKjp23GvQbaxWGMLOdwbGQD+lZyYHPWurJMiwSAKOueQa0GmtZyq2h8wr1J9qr6nZxTSeZGfKwCAMVkW6ywE57jhvSlHVAaE0Lb8KPmHU+1Uo724gYttLoMgjFPt3Hm4349STxxV6Sbz4zEhDAjhh/KoQDYNQhvFMFsvDdcnvXKalBNaXitI+A2TjHSt2BAn7iBFjJ544NY+oabcmTzFO4nn5utXED/9P6P1Lw74d0m6FzYavp97YOga6j06VQImHHC9Tnsdo75FcL4qHhSztJo9H1czyXaqFW4jYMmT82XCgfQY/OuV+Gb6X4f1K6u/iLoI1ZrJzM7wS8lGQBI9p2gjIycn1ropNVttb8Yr4h0bTo4YpZ0eC0uFBiSONRmNsZBDYOfrX6+sLJSsfl8pI49k1e0ntdUupi/wBlXZC0DhogmCMYfoeecCuC1zxBc2d0Bp8nnTOwkLSKDkk55B4IPQ19CeLoNF8RTW+g+DdLhfU8NJcC3n2IkjkkoilsDbjJ6BfT0881jUfEHgqytNJXSb6LU7e53vO0Ylt1iYDgOhIOO/Pc85wK64Pluc8lc9viXw1/aEPhnQ49NurrVLULMF+RFlQElsKDg5BOANwxk44NeVazcPoPiM6bdFkhKtBIsUpQO4YgjcOvbFeP+INbuNGvrm8aQT6zeSCVJkXZ5atyCMYwQegHT3rsfB3h3xFaWl34y8TZkMQWS3Eimc5OCZCB6Z45PfOMZrKPxXNvY+5zXO6ubTTbUWtommyySXrKuJLhtsZIyvX3xXOeM9EvtRu7bUteuAbq1jMapuymzOVHHoSeldna31p4ntZPEOo6lCbdfkk8qFgysDgNgeue1cF4n8Ww6estwkjsLQHDso5/u8HpWjmZU4sgOkQeFPCreKNTjhmnuZlitoipYqB1dm4x64z26+npNhdWfjrV7K68R3sWi6NbR8rDCzktgbd+M5zxz0AGMck14PpOra18R4Vi1+V7fTBmSMIVXftyM9MAjtkVy48a2H+j+HPDstzaadu2SyuwLyMTx05x+PPpxScblOmfU+t3p07Uj9l1O11CwtCDEVtjF5iEA7Tnk7fx6V558RrXxTe6fp8Xh+3065t3mM4xLtkiyB8uXZVwR6elecXnxCu01+08MyxtLb2ZSH90AC4kAwT0x2+tfQOr+G/+EcsWurtTdwKnmQS+S3lbjjAkxwpzjqeaqNIhrlOJtvCs/hO7h1vUtDTVJ9YjaG3jt7sxOkjKCCRt+bPYDI7HkisXWF0fSBp+upo15JqTARXFpJOcuVH8LEErj0Ax7ZJJ9E0/wnp8MU3iG1u4tVvURb1VgOyOFuWZFJJ3FTxnseMZryn4h28WvXCXJtpob3aWR45SQW6/d4wSepFDjc0jO2pD4G0TwjqmoeJtS8YQ3miX9ijXdgkQkYkksxjO5MHAIGSV9fWum0ay0rxNqlxHZS6p4flKK9sEzNA2wks0wJB54AwQAT7YPH3mj+KtUtLXVrbT54nK7ZgZFG8/3gpO4j3x/KvTLTyND0w2VlqV3PfXQRg4ARFxx5Zyc8e3HP4U5RSRU5XPRtR+Iep2F7b6ZoOrTQ/a7fZcSPAm125BALLwW5+6AK8l1vW4pddFjPcvbTDagZYTL5kjE44HXr0rtbbSDDamHUru5IvhuiJCHa3Ukn0OOKw7V9Lj1OKS21KaELwd8QPzg4B47fhWEVqZWJpfENp4J8P6hZ+I3vpJLndNGkMCxdVAAyxyMkAHHSvPY77RJvAy3Vil09zdyFroTgbFkDHaEI7YwSc1S1Tw/Pqmo3Nx4i8SahexWkh2CReWXPQKxIUYA9ua0/BGk3fjHxO1qiSyeHbVVTcSERGjGVAwfmYnsORmtDSxtalB4+ntLG9t42j1CEidXdkDGNvTOADgHrzXsZ2aVq1xrnijSGkvHjSWCNbgRoCBjIZMjPHvXmfj2/gvdZs9CuNEaG5RQVlNzvOxiV+ZQAABjPODXexz2a+JF0PStMs7rR9O8uVUednfbgEhgcnk5HNFjGoLqOleIdU1CXxJFowsdNuf9fJFfrIJcDAyFYZxxxit3xffXLaDpHhS5t7q2vrNQN3mB43RjxvPXjHA9KtG58B6lY3Mem6DFD9pO4oly3lbgeg2lRjOCcAelXPDnh3RRo2ray+mwwyaYu5xLdMgMeCc7iSBgA4zjmsm+62GeF6rNq2h6xcWVoLrUAQk32yG2M3lADoRyPbrWnc6prHi/Rb+w1TUbG9RCLq2uJYxbNG0Y2upMaqowM4yCeuT0A6j+3tX8Nx3l9FE2nu0uyGNJFlMiDJJ57Adz61u+DvD1z8R79riLUYYIp1MzpdQgxSKPvqT2yM9c8Amtqk7Ruy0jwbW4E17TbedIRpttMf3ao5fAi4zzyee5q5pWl6OLn/hCPE+paxpL6kY8Bo9sfmH7rYYHhhj5semeORl/EpdF0/WIdD8OaUxmcgq8E7yBwWK4CEN1IOMEV789/qNhpKR3GtySxWirMJZ4g0uMHgkgEkZ6EH0rBjOKuZdZ8DWj+BvCviq6ghjlaWRWCMySsoBBcIu5WxnZ079cGsq51fxN4Bt0u5PF1jrEzHzUhmjBdQfYEEbTzyR0rtNCutS8O+LNO8W3GpQeIdM11JPtFs0aRuu3hAflYArnsBnBBANcfrOiWnizxbcRXfhqzuIFkAnhtJyr+WG6OyEGM7eCcDB681AFHSG8Y69qs3xON5p/lSloYZ3YCMyInKiM5wVxjPJPPau1Txz451CXRNV1C80m9t7Vni1F8w+UsatwJAeVxyflbB5zgVzOreC9R8IltN0rwJc2Wl/aftEAjuBNvb/AG1yXfAbBPPTsKwb3w74btNE1JrLSriOe9XzXRtzFCB9xAPmIzkkHPU9qAPUPi9p3jrxLqsmn+HNS0nzfD3ltFbW0iFY0kjU4GU9s/N6fLipLjSvGHi3RNNh0nV9Ivm1S1ImhUkxiSMndg4Y8MMcgDjpXz9bX9v4b0u3v7HQpYmmXy3YFlLIevzAd/Tg/Svb/DqeH/A3wwN5NoNzDqKu9wwYNvUu+Qw8w5UBeCcZ56Vz1F7p0RM3XfDviz4f+Gbbx/Dp2nQ6nIVtHVokLK7ZCK2Nud2P4TwB24rgrDwx4h1G1i8YeKvDdrfC2ne42eYEibe+5lZQ7DafQ5q+z6X8VPH95Y63oOo2WnXFrDcwLbO07w8bVaQ7WPzlWA445HuPEr3SNI8SalZafq0+paB96ISbHmi+U9QmQWyTzggDOSe9a0423Jnqe16Ra+AtR8U6nD4m8DX2lWtnEJ3WzmaVFfhl3D5VCOM/dxj6ZI7CTxNoXiHxVa2HhzWNS0Rp4FiFqyM0e2MHGNjkAYHJbp7CvMNR1bVfCdvpul6L47Ly2rtbiW6h/dmMbj824t8qnA5LDkYIwBXbfCbW/iVpeqy6BLo2nprenAF7lsEC2mxglgxLL04B44OMjjWxhKB7mLi51zwLbX1hpml395F5lpfbfLjuvlO1CCCCpZRuJJweoHPHnvhC207w3rCHWhe6ZZTGSO6idDNCmFby2jdVY/exkqSDn0rG0iey+JPinxEtt4cfT7O0gSWG/sQ2xWXGG8oADD8k8npyASSOk0y81bxFc/2Zpeqx2tw8J8sXX3JDFjK4IPzEEn6AnoMUkhlweLbjw9Mmr6XdR3MV0XHCgFghH3h2z1xmvI7yy0q5sLrVtFZdNuYsmKEAky72+dd+c5A6Zzk8e9ewTQaVHrcb+MbBLB2gBmktDvgWXHDkDpkcYHfHTk1z+geH9GdbycbS7qZIySCpHcDPIOaAVQ8c0n4fXEUb69/ag1G4uPmmgdBBKE6thyxB/wC+RkflUU/hXVxrNxDpAke2sHgdyhHmx+Z8yMuME465A4xmvVr7SZ9dtryytNOaRSBF8gyC2cqRjkkHnjPbNc/P4j1zwTaTadqOnlJNKjCmGXK5Vh8uG/Ec88VcZFTV0a13r2j67qj6UsyPcsN0ltIrI4KdwV+X8BWxoOq/YdHv76zubiNLZMxRbGliVicctghASR1wOfXr81aTDqtldy+MLWeKSSBzK0dySVDSZBAxgtjORyMV9Y/CTxALKxubLVrWfRRqiJcQXkGLiEkA7tyjoCGGFwffHBqqqtEVN62PPfCHgi9jl1Pxx4/g06/0i+hllsog4RpbrcW2KCAQy7SpGScnjPOHf28dRex0rxbo8+jXmoq8lvc27/aER0yVDRjJwMDOCcHHQHcHeINOt2vL2DTIBqmlaY5xLD+7kKuQA/lNhgM9ueBnpU2nnRPDuiyak3iGaw1qAq1qkkJeLZL8pQna2MKTkn8qin8NyZkN5deIxbR22jGz1d9Y3Rzk/wCjzFkU7RHnYBgZ64OQOM1Ppll4i0/w9dQvH5Wj3gFwbW9OJIZ0IDqrkZPC55OSOnJOdi1tZdG0CbV/FumxX0Wlz+ZBPDIUZhKw3NgY5RjxkD09TV/TruLxzFf3el6+mpWavuOi3MAhGMdUkf7xGN2QOvBwKuUjFQKerW174vsLPTY5Hez0TPl2xI/dRS8uVb7x+6MZJwOB2qDxNdaBqS6fptz5kY09diLj5MYHGSST0q5JeaVpfh6y0TT7SbUpp1uBcQz5QQDzA8flyADPzDcOW9DiuL8V+AtY1LSodd0C8a7LsrvBOwWRcjaABxjHvWaNoROLv7KyhnSwhgW6N4XwHxt2ctuGejcVfPhyXwjqEnif4Z30eo2VzBtjttQyJo3B+dFx5eQSM8bfT5hg1S/sv+zVSw1WJvPL+33c+talt/Y+sWsp8U6clzbM8yWkyStHPCcEAyRqQCDjIPPuOaco2K2MvQtEuNS1XUvGvjXw/JYwxSfvI7YFC7qiksN3VGB6hjk5OTXrUfiL4eX7xWvh3WrnwzcCPB8+NnhdQPu53EA+m5h6DJOK+aoPF/iTxRa2fg/RNfne6gSZfIMmx3KjKqWO3cQoPBY4AwOOK6DxFrXi/wAE6NoNjr2gRaslwrsk0jnzNmMlTgEq6kqCce3JziQ5Wz6OuX8eXb6V4T8HrZ+ILW5SQGFY0RpxtLkPvYfL1OOp75HFeWyaXdfDi2Ou+L/BhtHnmaKKOVtqNnnaB8wGAO4zx1rmvh5rvw6086f441DVtV0fxGhkDLApaPhsKyuqBgdqqSC3cjAFdZ4907x98StTPjmHxbb61BaXcKxBjs8gDhJHhVSgwx25AJbk4AyBz1ZTurbHRDQ5Lwzpvg9IovFn9rvpE1jds0tq0LyDY5PlqH4LHH+8SM5Axmuy1vwv4uS8hv8AQvs/irQZ3+0sC0XksDkEFGYlWAPUZ7EjIIGZ40u/Emh22qabq3hmCPTrby5J3gbIEzkYl8xQAc5GRtBHRj1FHiO9+Hej6bqi6PrWraZd6lpxSK3EZWRJSudkzYIaOQgZwRgEn2pRbFOQ7TvEkyaQ3gmGKWySG8Y3VvlWWC28wOPJdskkNyDnn3zXz54isNFh8d6xDaXpktYwzh04Mk3BIYEdcls4x0rufDNxqVj4c1XxF4pX7QJY0FncI4aUSruUjaMZBOMlv7vTkmvKb+1nW8fVdZdbeW6PmA54KkAA8dz3qpq7uOnG6Z7bqeqfDmLU9Vl06xu73TrLyhZod4Rtw+YEt8yAN3Jzg8DtSa/rTWvh2003SfD8tjbaxtlcz73VsYKhT1Jzg8kcdjniXSvB3ih/Bdjq1hqFrbW98xlBlJEnlnpnKkc4z3464rotD1nxB4v8QRX2pa0q21nFtncFREhWM7WMZZQSxzux+GAAK6Foc7VgsNC8VGb+xdIsYJ5GTzo2RlBKx43A7yo4yOO/aug1dPEMsdsllpKD+07OOZ1j2qplQFwrK20qw4BPAz3JzXPfDjQfBUl7rXi3xf4llnlRwI7m2LQTwsxGCFwflfcFUAAKQAMDJGPp+l+FPDupvrWraxc3sYlldmWMpcSF8lGBVvvFiGPze1EZXEb8h1a70a3ez8L2Caj4mWWKY7dkitb5HKM2EO0Hf69+orQ0PS9O8IeDbfxZfeFI764jme1kRxvQncyMGGGGFZcfdPPNeZ6nHpOmSnVzqtxZ30cn2yTeB5kozkBHDAiTjGOck8V2zaN4Z8bzXNv4S8YpIXcXU0d3FLau33iW3NwWGSeF4GTnAqgMbRrH4f6rp13Nqfg66S9a4keFI3mMCKx7/MrL+Rzx61il/A2uSi1vobvTzDKFQygzIuzgBgvzYHQDJxXo1hqvivxBrhg0PXVn1WaAeVC4jiEgQ5Yr8uMgAnGB0PpXrHjvwz4z1z/hGbbwvd6ZJq0yz207RlAZJ40XfkbG3BSrDocH61lJWZr7Q+QBaaFqusWllfXr6dbmLDSJGZih5IXaMHaT6ZxmvRL7xZJGE8OaL4geyiDYiiuANpZASC0hXGG64PfHGQBWtaQ/EHR/C82k+IdKsjrOm3QityVR5YcyAOjBcht4HBRh8pzk9q+k6VpsuuXGqeIvBM7XNu8k7N5cv8SnYvlPhdhbo2DjsKLAdi48WR2Vhp13penT6y8CyXs0SrLLNAxIjWVAFwWC4O0YJHGBxT/h3q8U1r/bUnw9K3dm8kYc3JS3cclj8y5RkXA4z149K8R8NT6Zo1/dXUU0ulXJYgZVtyKTuKqwAbPua9Y0648TajHf/wDCCamdSyUmuIXCxkkN1CuBjoNxGMjGc4ApxQqsbbM53wVquhxvP4/0zW7nTXNyTf2Mib4ZDIxOGYcFTuwOCRnsa43xboOo6jdWdjp2n7NBFzL9lurFDMkUczh3UrGTjZ7gcg4Jr07xfc6lptlrWgy6fa3sBdJLxrYlisshVg527TneADkdQR2rvrTVfh/4S8K30Phe4vPDuua7Fbq1tcBpUtp0z825l27SSctk5BGQDwqlAqlKy1Pnv4lxWHi7SdI0R2jvNSmcWYvQNkqTqyLh4lxkOWPBwAc4pfH3hKw8GeLvDFlY20uqWthaKkUQyu6UEqQWGSQMKw9O9bXgnRtes/EN14s8YW3+kafMZS2wNDO06sN4cAKGViG9mIrF8feL7y403T8oIL+bUH23bSEeVAQAVPGADuBJyeF4rPqaU2a+l+JtY8N/EW11LxpIljpTwoI47FzlYNxAWQKMsQCyjgDPTCivXtJ8d3muW+uaX8LfDkel210rtJqly7RsqYwZSwzhudyDcduC2OprzjSbCytfiLpcfhC2TxfK6xmGZ2PlvOM+ayk/LhQM8nA55zzXRXB/tL4g+I/DvjnXzp7RlUNjaozCYld3l5QEARrgEsDn171qzKTOW8LXl/8AYbzSvCMvna4yOZb6ZUZY4Cy79jSBuvHOO+fp3Gh3mgWOjTSalGdQ8RLEVku5FIWIMcBlx8qkDocDnvjisjQNd8OyCeOw0n/hG7GEGOeXLSM+PUlQzH164reu4dI1Xw4k2oTSeHfDs8mZsAfa9RCgeWEypO0n5vlyvXtkjLkD2h5Ta2EGs+K4rjwbo9ve6lkxS3079VYfMQCQFbGRuHbjua37HwtYWHjOzsPDwF9rN47xu93IskEMidWHlLkY2nkZx1rd1Rxqfh+zsPDbr4Z8NafOXcTqfPvj0Ev3SXYrngHnucAAYy6jcTapYP4KsrPw+IJJC9/tVZduwqQxIOAQT69uQM1rFjdj0S08L6lpC65eeJNSl1vxBqsYisrG1VmRXTcytvlCkLk4wAOOee3L61qGuaL4U1Oz8cPDZNDGVhthjzHcAsudpOAGA5z14Iru/DHjq5t5m8PeG47jVdT8ovda1dHzokIXKrEpHTJb6dOeCPLdb8fa/bXN3oMGnHWdUmeXZeLgJH5vDdVIJVgT1A9eBWkZPqc0qdzk7XXtHs/AlzrF7MNOupWCoitvmddww20cgEA4JAGOc815/wDEV9e1rR9Mu5dTXTtKvHUi0OBLKmMiQActwc4PAOMg16hZ2+hSvFZeNdNOv3xid5xbRrL5UwJ2CULgYHQjse1czqWh+ELS4TVPENitzPdLstYEMkQGzhUzGQAo6c49qirqaRVjB/srxDBq2k6H4Ns20+1voFuZbkkH5GJBbJyQAACD1OQB0rzbRludL8U6vY2WoedLbyzwGUHcksgfkk85Bxnqete26/ZandeKtH1rxTNDa2UUf2ddOSPakMSYyi7Sc7uDjt0GAAB5/wCMfD8Nnq+p614V00WPh+Uo4HKMXKqpO1iWGXJ571lY6qM76M7zwjpnidPDtrpuqeIrPSdJklZ3WYxh1bdklNyjcSOSN4r6DsrG+0qGfVNF+JljJY2tqxR0WIMm4DBkUk9NvQ+x6jj5L+Fem+H73xVFb67b3F4HtpHiQKXijdQJN0i8kptDDjPzEfWu0nuLS1t9SutC8MzS6XfRvFLbqsjR44BZWjVipGD9MkcGtYs5q9JKRr6Xp+iR+G7zXfEPiDzNJnLwXHkMxnzjC+WcMJA2eeO3TispY/CuheGbex1K1nvH1G1DWs20o0ZJ3h25UMrhsDg/Q5rrdc0W3tPDGj+G7LQA1vqkazM5kcqDIu47GPzGRC3K8fjmtwaj4quLTSoPDtnF/ZGjsITb3GCfkUKPRvlU+v4nFUJI6PWNY+H8A8J+Cr3w5iBmhmyWIaySUqpUsq7nRurZIxjkenSeOdd8RWurjw7Bo9vbW+gsLyJzDvkcpz/rFbGxgQTwG9+BWR8M9I1y48a6/Nf6havb6TGxiljdZreJZQzOjFtjfIq4Ibpzz0rL8LaVpGl3esW174ktbyzkIxNDMqpJH/GAXIAPsW49OpqDpiVb+/8AEviHxEV0vUrDSINcRt1lazquDCnO7GMs3fHuam+IN7B4wuvD+neIvEH9n6hYj7NcL5RMQaTaPMLptUD5c9cAHqAKhtfBHw5a/vNW8OyXF7Ha7rkNIm6NI0+90AOM9yKg0J/Dk2vNo2saLM9hr0ZeI2zqZYHtg53KCB1OR1GM4wQadxnnnxQ0m80LRLLwj4h8QG5ktSJo4li3iNFZkQ78byCCQFPTpjAFeI+N9L8M6Rp0MumXv9s+ahldUieAW+wA4+c/MGyR0B46civojR5L/wARePd2peGP7Rt9JuHsLzaGinlhucxI0u1d2RGNwP4ZGQaX4m2evJJN4U8JaAktvpMypbR+Q1xNGsqguHfcSULH+I9NuTxUSVzSnJI+bfD+p6Ils9xo9nJLFfQqk0Eql/LZAQQjgcgg/ljp0rE8QX2lWej24stFn+xahIfMe4DKrNE3HlODz/ECR06d6+ndTXxLp0NxpHg3SLS3vbF42ureJFlhLygK2EIAOdvOeigk4xWd4ti8ZeItS09vDem2UQ0y1Fpcw2rqsCKrEhip2shGSCBnpzmspOxtc8newtImhv8AR9PNk91FHvt3Bfbxzu385Ara17RU067063sfD8ktrI0c0giLu0gXBdOMsmR6fhXM6RqmsWeo31rrAF663MiAhgdkkRKsBgdO3pXoPwzvbWP4gX3irxFqosl021eVVcGRpTswVTJ6gc1SOWsdtoupP4ludL8G6do6HQYle5f7TGkm2TJbbscnqW65z83I4olg8Z6L4vk8N+E5obDQrrLeTbSKVeTGG3KwDeZxyoAAxweK5P4cmx+2+JPFFtqNzJBpKyyxbiVmEBLMeBhQSo6AjHfpXUfDUeEtR8Y3eo29wyXIJu4reVG/eqciYeYCdpJcZznO7jpTdJEqp0PZfEHjW/0TRNPhtPG0A129Vra+tpLZIxCHDZYy7dvBwOOcnPHSvIPEv9j2mjLpms6/5urkHzkgU7Hgc8qHAxxtwQ3UdQK4TxDbWPjTxBq3iLwtpd5Bp7wC6uInZWKSpw2xgTw2Mhck53YGBxk6b4h0/X9V8N6Vf+Go3W1b7LOtq/lzXhwAokJAxjGXOe7HK9uSaSOmJH4oubaLQoNDuNWF7ohlBtgqgZbcx5IG7gse9ea66+saVdSWFoEfTzswOgzj0BB4PfFbHjm608+N9Q0fRdOez023YRJA7B2ikj+WQE5PG4HnNN1XS3sporqEi4gO3emcnjr2xjNRD4yqiOlvIrzXr2x1fW2MF3FbrHFGI/KEi5+Vg55Psele4eItH8e2MkEfxFvY7UMgkhgMiSEIM4YxxZXJz1OGrxi91fxNqtyljd2DzXWlwkrG218x8DonJIOMDrV3SJ7nVdYmi1O5miljiVUVBt8tychGRucYJyOK7AUT1Cx8Xmw06PxBqAaHTbw7L4WULAWyRNtXduzncHyOR9eK5PxLbWOtaRb2HhW2ee3IaW0vrq4IIhLZb5NoVQT7+uRW3pGq2iz6hrPjRZtQ050ktdStoCI5CSm2NwoKfKOBwR3xnFXbTwZbeLdMi8NQXkeh6BcIZ7a6nj3+XAcuqu24YycA+/rWbM7FbQ7DW9C8I2kul2Vvq+o3OEaxe2N0hdGYeaq56lQDnHORWddaZP4Q0p4vEbTWIvNrQG3UIGYAFo3X7w25xyBjmrEVjP4Z8OungzULiXULYosU8SmPzFUgFghJxhc9eelX9Y8MajN8Nda8Ua+q3rQmJYfNuHM6STPs8wjJyAW6NwcVjzQ7npLAVbfCzkrjw7PrXh7VbzQZItOmsyslwJ5jGZ4mVtwVcHPHzH1xjvUUttothFpnhnRHj1CfVJ4mknMDK9qWZVKIWAJx1LA4xnjuLWtxWeuWkEGtasttcQokcca25O5gv95cDk/lzWn4lubHSdI8NxeGoJy9i/8Ap7TFFbDFSQjDHQhsccZFLnj0ZhPA1l0M7XEn1Pxha6ZqNyYHuZkym3DKq4BK9vu8jJ7VjeKdb1TSPHsT6fppia2kZY5Y4tr3O7gsByCWHYd67zxRJ4P8J+MLM+INMuL/AFFsNKWnKqm/I3Ag7sj0IrndV07W5/E1ncX4a10rzFitTM23EjDOScDPseelAcrsVfhr4gtdP+NK3niHVLy0QozeYiACFnwNsocMqo2drHbwTz3I9AuNB1K+8Wa5qnjO8Ki5dha5ZY47gZIBxHgBtgHGBkk85FZMtj4R8OawUv7F9W1FFBkkebEO5sMeAOfQAj6jPNVrq6t9c1K308X6O8jHYkUnm/Zxn5V25OOwqJau5BrfDm4tYL/xJpFhpC29riS0ku/muPKlTesb+WeeoJ44HGSOtcX8PvDng22l1u2tD/bHiC1Pm2DeY9qsoAxIi7j1XuGHPrgE12F341+MN34zhsrZFtLGCSJ5ILeOO3E9ssgDNhyTll4ABAB6AYzWPp+pfDO48Qanpem+HzNFP5gW4uJX81J+dxGCx25yR83UDgZqpMUZWKdtopSw1DVfGl9FL9n3rLpzKssj7uQIwG6ggcgEDHJHUed2ni6TxD4bl0XxHdvpelWkqFRBDu83bk4ztJyv5HPPSu/sNP8ABViTYTa/KmtxF/kgR5YmY9EIEeODweRg8HB6ec6Wbr/hGNR1L4i2JlaMq9vvJgkRydpXy0wCG4+8M/zGLWhpGVzyPxgbO41CBrXzDpTq0cTSIEJ2kZbI65z+nbpXzn4o8IXmm38jwSB1Khx1HB+v0r638YaxY+M75PEMFjb6Tp8YSGKxhI2rtH3sAKCW74H1J61keLra28Q21rElmkJtiTkAZIYYIJA6cA4rzsRSudlKTjqmfEEm7a4dfLIqBhtZQmPmHP1rvvGmjT6dfyLJbmKPdhRjqOxz3HpXEFOTkYxXnSgenTqXVylPGxKkNgDk49aqq0kkueME961gUXhxwe56Gqs8IRGdQBu6YqJbGl9SnIlwxCAhkU5wOtQMAsvlo3ytzj0NWoUfaZAMBfzpG8kZdISGAznsaxOiPYrrbeZJt6jJz6UySLyHLLzt4A7CrNlcMkjs67VccUsrAoZl+bdxipcSzLnZmIYgfLU0ZfaGcVVk5ySMZqUK+1ef/wBVcVaJ2UWasEmSFHStNXMefesK3fad/etVGDDea4JHfRNGLkZq9G28jqMVnQvuBUcZFaEDCPLda5mjvpmjb3K7yp6dBWkGwA3f09q5+PG8bfqa2YpQ6jI5rM6UWg0ZYBu9SggZ2dO9QKQyEg07JznGykawL8ThQAauxSDvWOp+YZq8JUI6dKCy+ZTn5akDE9az43GfmzViMqTj1rBmhaAPbipk27ctyTUP3VyTxTlTnlqQ0WUzkgdKftI4z1qMMq4xwakBPGTyaCywpyuDUxwQMVWHTGRUofnqKhgLg96Sj8c0ZPTFI0Gkd6aHPQVIw7U0KBQA5Hw/zdanJGM96rgDlj1FGSRmnYCQMOoHWmnI59aZknoKQsCfpSAkCnvxinBsdqas6gZC9OtITu5HGaCGOLEnpUbN1ycZpC64C9fpUJc/dY//AFqpIlsTI+bIxioHYkZ6Ypz4QEZzmqe7n5jgVRAueCTVaR85YnCjtTpWA6VRkdW6Hmt0jJsQzDYc9c8VX8wAl8dKSSVVYMOvpWfJJKX3NxntVNmbYsj7iSo5NVGyDg0kkwQ4Ay1QsxfrxirMWOAKt83NTdivPNR5JJHSpzlOVGeKAsNZCpCZ4PNRqOvr2prO33mJJHQVG0xI4ODQIVskYbpSF+VjUnmjepBB61VkYjGBg0rD5iW4zGy7vSqEzk4ZOB3pXkb+Pkg8VUeUopB53dK3ijCciYyAhiO361QdiTkn8Kk8w5wx4qpKxYEY6VrFHLOZGzbeF9aoyTkMF7Z5pJJNjnI7dKqSy+Y2QMEd6u2pyt6kE8mZThic1BjFTNyDu4PaoVwCcHOa0Mm7jgjuPl4NPDMjAdSKltkcodx4B49amEaMfnFbxiYyYzcsow3ymrGVKBcDNQxIodsjdzx61dW3WQgr8pFdEIESkVwAZT5gwH/KrIjC8xEZH6U3CBCSNwNXlj3IECjjn8K6FCxzykQLtAy4yhPNSI7ruSDkqMDNSiFVj3qd6v8ApUO2RcKDyO/tW0dDC5dQh0KcJwKntQNvXJJxVRVAG5uWxmpo1ZEEytjPUVfKQzUhyQ2AFK1WUq1yVlAz2zVlVjlBk3cgDPvUcjblUyIUY8A1drkku9VYq38Q6ip40kaIhDz/AA1TjhkckhchK6C1UhUEqAAela0o6k1JaGtG/wBmsfMb74XnFcjcCRpN7HAPc1vXszwxBY+j5GDXPzrKQpjTzWI5WumWxzLcqblhbYD5gfrXbeCNOkvNSi8q33kMSB2OBnn29a4CRHZlj27HzjHpX018OvDpg0pdVWYRup3JtG7KkYO48Y5zxWMFfQ1lUsj6Z03S/Duh+I7a08OzOlreWqSlpAflkyQY1Jx1AB/Qdq980uDS5ILLXfClusVzbOF1EPJkyW45kwHPB+UMMY/EcV4b4AvojpUz6tanU7dXBjwSvklOAd68gdeOnSvStQ/su30uyvLxpG1EkF7IxsmYW3YcPjGMY9+enFenThoeLVleRy3iTxPqvhq6i0lZLjxJp12DLCWV1YIW+4WAYMB9APYVieIF8NeINLXWLC+W2uAm02S8EvyTkZB4yBnGOO1el6pqfiN7W30hnSPQrVUmt48oTGxBBXONx+8T1rxHxrcaLFI0mi2stvcxS/PJtxE4wdwA7nPfA6dK6I6XMUcZovh/RP7Yjlu7ci3dgswyV+U91x2r6G0rTtIN/pmjeGkMRnAijVDkOwGBvPTLdPrXi2k6trtrPZX0CL58kmI2wCCpyNv1Iz719CaXZDQI4bu90z/iSaumGvApL20gOH2lclGU9BxuI4zg4rluTUbR1usweMdA8J3umz6hHa2ipJJJYPKjSsp67RtJwcY614Hd2upnwlfSLpptJGj3Ms3/AC0hIyXQtgZ2k4+legWHl3t/fTaDdS6hf2waJbi4z+8izjO2TJA46VxHxJl1JM2Gq3hmvraJBFHGNsG08jAwvIBIPFUFM850y/1yysjpWqmSOxt5lLLjIjjc5DHA4HOa6Ce7g1LRLy0mu3jv4ZD9jaIYV4yejEcEEDua5e78Sb1ksy/2aaaHZOpAYSgAjAyODg/rXV+CLjS5fD93pTSLE6hpWZ1AkROMFSeSpx60kaORs6LDp1xaQPdQiPUYefs0cf8Ax9KuMjIzye/9a68a94fm0uO7vZ20RYXNvJZgFnwvzBgFXdg9DlRWRpfhu6l1C01Lw5qaX1qE3tckCPyCuQwKMxOR/kVseIFt3sp7qSKHVr6FSqyT4CEHoxXkcH0x9aCDjfFniCPUnW5tbqLyokIhjDASYHUkfeGR615lpWoTi5iXTZckyOcADAbuT69aq6vcXBvZLOOyzdbdxEYJQg88Cs/QfF0OkW0ulXlv5cJJkDNw2/0HcZxVVP7ptFF3Vr67vNIvNF1NUmUTh8Ou58H+63Y+h6jmr8FlpD6ZBZIGtzCQAUG5mTuD6/jWV/aGlanqMmovMbeN1UYKltrAe3UVv2Gn6ldSR3mmyQsLdmcu2QSg4Py4688A04jr9DLvdNkjuoINIuXitR8ys5+ZWHB3AY61kWurJDfSRa3Zny528uR0UFx23Y54Nd62k6QReXdlcySRud2ZQBgjrzxXG2weC/W4lkM1u6lWLdfbGaTOemTRyRQ6hHDp8jA5P3vvKp7nFQ6r4pTUHFpq9qrWytsMoBzkDAOK621tLOTSbrUbdAt1KGibP3sdiDXE3K6CLQ2rs9nqC8OsgJL8cEelTY05rl7Tru1ui4tJiRD8oXn5uOMfkK6ayvPIsRHdjZJIcMqryfTJ9a5Ozt73w+o0Oa38x7tBOHU5OGGBz+Fb2la7qA0ya1igjnyCyeZzJkehouPludfG2lI1rBloZAu2QN+8yT3x7Vma1BbIUuBGiz2/KyR8EkHIBPtUvh/VdNGiX+rX523ksZiiAGdrY7VhSaXqtnY/a5pUeCQiUoT8x3VrAzW5n61earqE8Q1KRpOB8wGcLx3HHrXVXlzepo0GlXtz9ojG1Y8AAjAwOnNchfS3V4TJZOfJcLnIJUAe9d3YwWkvhFr4SebLZvtLEEYfIwB+YqG9TWpE5K9ku4rhXMubiILh+cgj19elekMoufDVnqk7b5L1mBC5HCsRx+VeXvq32RZSYo5pJWIJbkbc8V6v4Al1COGO/huS0Fjhgr8pEzEk49KqnuZSO+0G20W3vobyeSXw9BLY+WbiW3eUtMGXA2A5Ukc5qXwzp+sXqXuq6ZFHdWlq5N1JcOoKbhu3bM59+KsarDcaprGnJG41ia+IREU+XEzOQoAYEDgmvS9G+HNnpTzHVrV3u7kb0hQrsi68M2SrDnHNd8bx1OGctTmINStbKFdXmMt7CjBZDISIE5HTP+NeTfG27sLixt9Ttrz+0HtGVnaHayLEQQFYjPzBjwPSu58Wy3+qfa/D9wxhlgfy/sqZw23jjGd3tzXiWo2F7p/h/UNMuYfLS6ikChh8+4qRyDyCP51dWXuiwz989g+FPiCLSLyDVC+7TroLnjIOcHJz0A4zX1A+p6Xb6jA92q28Vx/y1fCxrIOQpPA6d6+I/hFPHBoN5oF+f9IxvtwVycD7wyfTj8zX0ompTax4PtdNvSplt5C6FyfnmQME3Hk4IIB/OsKROJ3O61HWdIuv7T8N3941s15IwM6gGMKwzjOehryqbW9KGnk6ld/ZjA5t40GTmNR9/GOhrN1A6lDdz2t4I4isas2z5xnH3c44qrJpsd7o/wDat1OgvL3MSfdyiqDg4zW817pFLc8xmt9GiuzMsm+FnLRMgx5hPPIrto5LTU7dVVBliOWGMe9eZ6TJ/aOonTyFJichZI8bXAbGR/vV315qttpOopYXEO2Tyxg5GBn/AArFHdMybuOWwv8AduAjHyg5yrA+3412+k+JpZkOjEeVGUCKcZG88cEfjWRqulafPYJq0KG6MpCoQSpD4ycj04qta6has9tutXt3mkESMCdu7pnHat+Q5p+R6hqmqXlgbK9soPMsbK0SOXbgbpckM3rkDFc9YWNvo+vnV7WdxDcKt1cxOQQ287ip45PJq5FeR6deRB7ostv83lgkhnPO3vnmk0vWdA8SKoKCG+imZpWywaRMnauxuMcjNaU4WOeSO/tNQ1QQ3C2dvHLZ6oVlLnO5EjOQAOmfwNRG5gmuU+0vM5bG4KDlIh0wD071d0G3hnju7bTirXMEfnMJGwu0HgYGTyfpWbqcy2MMWv3rk3rsRcQLkRrbAE5z2OR6mqEZ00QudSutet0VFlQ29vERhjtxiTkdTj+lc54i8Tafb6fY6DFJNcfZZ/NkGxRG0hJDLu+8MZPT178YzI/ik1lrEpbT/OLlls9+Cqo/3WPHUY5x69RVLRLsrey6mYfPjDl5JMg7JCc52+n0qZMTR7R4dlFvpkttd6O8FxdrvkaTDBocYCn0H+yRU89nPqkPm6dcpBLIUhw2F2J0zgZwMZxxXGfb9Xa8S4urwxw3TYfYOQvuoycDHaune3vLfT01XTk3QzSCMOGAGeeoPPY9qI+8NRSOf8aakPDepWV1aR/a4PDtsnmjlRNIdyFs4POSD0rzDTvGGsavPdR6LYYilkN3OrNxjdnkkAEj2r1u012G316WDVXiitI1ZjLncWcYyu0DHUnjHatC7g0OW4VLZp5b28G5hHgxmI7sBl4YE+lDVjSM4rU4XU9V8WalezXetyxST3sSbfLXbJFbIScALgHgnrmoNbtrTUNGe73x3VgY/srRMDvwRg7gRjFd1pkGoR6dqOv6PZIk8k72UbH/AJ4gKQ5BwB+JrAkjj0y6lvLxlm04DyDIoG0XByw45OcDrWNWz0aCnJt86Z+cnjj4X6lp2oSzaPH9qsCzKrKpBDL1DY4JPbHJ54rwy5jjxLHLuVhw30r9Y08Nx3FwzteELIc7VxhueM18PfG34cjRtca6tLZbVbgksQxKNliQyg/kR6+1fH5nld7ygfUZfmF/dmfNPlLCQkYOKbPDJNHiA5/xq/La3MRKTbcgkfKe3rUkNo2wKGKnp8v86+Rq0nc9dbmHbecn7rHA+97H2q2Rg5ftzipntHik+Z8gc8mqszGSQ443EZx2FZWNS9GYSqt/ETUV9ZQ3kG5iBKDnI4JresrGIQ5nGOPl96wdQ02Uzb487VOeK55S1Ec/EixsY3Xfn16VbFvOEYWg4frREsT/ALok7wScnpUy3BhbcclAelJjOdksp4AcKT6nPGaBcSldhbIHWuivpppoy9vD+7HU461iyQOy+ZsAXHQVKdyyg6s4OAGI6fWgfLjCkseoHPNNlbcFTaRz1rttA0GKeXzp22jAJ44qJsCho+jpdENLEzsxyoI4AHfFdPfzXCWf2CRSgQHg9/TitvWNTtdEjD2v7k4CoAM7j65ry2bUZrhpJ5pHkdyTk+9ZwTk7gVJlCsTvwTxz7VQ8uSWQQZBded3tTZBvbe5OV70qSCA+YMgtxmtTQ2bawWSVfMGR6kce9XRaxWkuVLSKD0PApthcxKEMznb/AI1O08bSMJZMqcbeKxnfoBrQXcFwyrPHtUcLUNxo9jIcgBSx7U2WW3jWOa2IY9weBWhHNHfKMp5Z9AfTrUAUfsMOlsqxAuyjrWjHexCMsHCv39azbxZYpASCQ1UHkif5pByOMdKgDXtI4ry7Mdy52MeucCjxBf6fbwpb2YQBPlYgd/WsZnPl4K8Hpiqx8mKJ5JeiDOMZoAqPMzjyVH3/AE9a2bA/Z4hHKpDHofasGS6gSRfso+9yCRx9K2Y7ieWIGePGP5UAXZTbKMx4Vh36muYudSSBmGd/bAPINdF9jSW1JUEMRxisC90MPGrhQjYyT3zTA//Uqabpfiy5t7O3a1ltRqEqxzXUIaRI4ywBJK5GB16j616OttdefH4b8P8AiCGW7tXWLypV8pi7jruwc9cnGcV5fpmoW3gVbrwnHf3Gjm9lWSISr5scRwM7T3z1xknPevUL/wCHWo6B9m1pL6y8VQa+d0FxHMsLgxj5sBs5OOpHTFft8nY/KGjC1Tw9qei28etNHbvqEMwGLacb90Z+9gYIzjg16h4T02/u9F8ReIvFs0+jTWVmvkwiJmQF8BCchuWPYHvXmniHTdI1i8a7tfCmo6NDsKJ5bmaJymQzB2Xsepz2rc8QePZr7wtD4LstbuGBVfMDL8zFDlVZ8ZI/4FWE3zCPJb9Rb3Vvq8QmmjtpR5zGJiFjY49Mf0r0LTfiObTUBp/hK+1JYYQ243JAiOeyRkkY+q5riG1K6bTdT0m8vL1XKon7mH51wQ3LFcY+uazyUtIrTTbS3wJH5uHIDn+Lkf8A66vY1szofDj61rtrcaXpRi0XR7WTzrme4IT7xwBzjJPXBOOOSDgHQ1rR/B3iPVrex0iJr2wtg0d/dGdikm4DaRsIX5cN90AH6c1x0bJcXY0G2uBLHeN+9CoWIKf/AKuT6c11y6nbR2sem6XZpa28QCyPDEoaUjgFyBk49zWE2VY4yWG3Sxj0nRlitp7JmI+csShOR69j+lc3OdH0LTLCb7FFdyoSzqyYxJnoCQRx6e1eh6h9sj8t/DMDC9B+cpGGcqOg6Vpx+FL22sov7baePU7pvPg+6wE5OWYqPQ9qFM05zznw14y0rw3qVxrus6Bbaq+s7Ej3N5bRCL5flbaSMggcGvqHWn8QJanQ45pdPtnQ7rWKXcmyQHcpY5ODzXlHg7whYjxlY6z4z1aCWygaR3FxEoRXKEJweOtera/rOla1qqppCweVp4KGaMFDJEOFPoB3ro5jCo7s4Gea6ZP7Gt78LbWeTCrx7XYvy3I46j/OK5u98KeKPFl1DpmhWizTSA7XafyMlRuIDHHOM8VP4i13SbrUN2iRGIxthVR2kZ3Un5gW7HsPpW8PF3hG+gs7X7PNLc+SA0bbk2z4wTxwecn/AOvQZsqeF9Nm8HF9S8SKZoZU2fZVu+sh6ENkkEAdhUt5pv2k3OozSR2YtWM8FuZTnao3BAzcscfnitbw7p3264GreIcx6ZYETKrpkuVPTHPAI/Gk8ZytrklxqensG06I4UpEVCo2Ms3HrxzigLm/YeH73xV4fsb26iW1hkO6Ob7RsYAegb5ex9vSmS+BdF1bzL3TXmsmkkKmR51bDLweD/CTk5z9DXH65r1rqVtY+E7LWT5UUa+TCbYooCj5Rv2jPT17V2Hjjxppdvpttp/h23hlMhVLi4aJw58tcKOQBzjOQO3esGaHmnxXktND8Nwac1ut1rRhnW7kjmD7VLAKxKkgYB4HFZPgLQvE58IG00XTWv7Mj7WxWdQzbh3jznqMAY5wK6vWdK0b/hHX8SvZWwurqMR3EZkKPIrkJgY/M9DxXm48Mz6mn2bSNOFpf9UCTY3d/kZ2z+tbI2TsXo7CW20NdUgttuoTO0bRysVZyW4UbugA9q2fhlpHiKaTVr270a3nu7WPdGjyjYEzluA3IP14xXV6X4f1LULhE8TeHnMESY84XAfBXrnyzxn35qW20974II/CclrAGMe8XPmHgnB2n+Z496HI46h1Hgi6Gutd3viDSbKx0uZS1oiz+UplQ7WA+YE5wSScc9q6i40q51K/tLS90WxksCjCcSXJ5GCFJYfd249vrWR8SdA0+18MaS+maErWdizrLK8jMUD4CMUz1du47io/Gwg0a60rSvDnhlorvVrRZJYRKWSMjA5Jzk54PTpUbmdijrFgsGiix0i20+RdFmd5PJnJcxzfwBienI6nJ28c5zUbVrXSdNXQNAsLm9u5VSWRLeRn8pe4wuS3cEHA5rC8a6ZN4X0Sz1650SOw1TUnMWxpd0e4A5OAc5wAe3WuS8O+Hb7wnEvijVtG1O0urLLRiCHHmq45ADj5sg9AwyKto2sevaT4x0SbQ7jxDfWFtf8A2dD9lR40R/lO18yhCV4HXOTiuL8S+L7bxHZKljBcafh08uOCbz4H553nCkEDoP1xWL4f+Lmp6fq91J4b2rFqKlZYNRgA3FiC2WB3DJ7bsYJyDxWZqmk+ItL002umaN5Njgy+bFOjYwORjJcAYwM9ay5Tfl0PTbDx3os1zqHgKC5snivBGYFvYGBjkIOTG6DgjruYED0wCa7HTNC0fQtKSTw/oYa51PzYr64tpj8xVsDb1yDyeO/XtXydpO+w26kbUT3cjYiedS4UDknPBB/Gvo74f2ng7xV/aE+u6Pe6NceWJrKeykMiSSRZBVsrtVicY4HQnPQHGp7quJxINI0nSID/AMJTcXusaXeWkrwIJHMqDeuDiORXUAgn26YrA8SaZqHhDTdM8WaF4llG2dot7gDcGVwxZWJGOMYYHrkYxW78Q28Q20yx2euxzTXsayvDcRhATHjBBAxyOo4PHfte8U69q/xKis5brRLZbZAW8iNwyySLldxLY6cjkf0ocZWug9rFbnnFrrGueLNX/sWw1y0025mB8qA4RSAvPKhjk8n6dDin+PfGWo6tYWttF47N3dSfuZE+z7EZHUhn8wKoPzAY478c1LZ+ENCg0sahf+D40vYWeO4JmkMWc4UgHcqnHcAk5qlpul6RqTXOnzeC7iK50qNpgzl1KscFIyGxlSBkAgjHaseVm1wsJtS8LaHZKvxGMGop+8xHb+e21sjYsh+8BnPzZ9uAMa3hnUtR02a41XXvGcF/JetI0CeSWZ9zZZpWwpibPY5GOnHRkc+mr42tZfEngS2jT7KIktWDxKXVsibBXbnGFIA/HPNZ2q373viGOz0/wAtyIpmWcWu7LR5wCAi7U4wcjrTZENC7Z6Hea1PdWWs2On+KbOeMbZSywy7gQ3yuuCp45xjI49a5TSfCum3OtPZeI7Oeyms0ez2QS7iIySFUAbuB26g1veObvwx4aheyk0m6tyyidZI2+ZF3YI2ufTOMnj681yOkL8PtSudZ1Sy8X32n6s0UbafIYpGVZzu37/lyw4XAyMEnk4xV02FQ9h8E3OoeDtEW10nxdHoywSSQql0iRyYZyQg3qQxJ5Iz8vHpXYeHofEOjaHrHiH4k6ZDqlzp0sMdjHG/lyATMY5NzRjGMEEZX16Zrw7w+3ibXE0eXxXFa+JLJpGWZg4iuNw3bT8gABzxwvIGDjOak8aeJtF1fxjptutpqOiXFw7wzT3alkeQbRHs2nkE8EkgDIPTNdEYrqYSPZfg5Jptv4/1S203XJfD1xOv2hILvDwOiglkbJAwFOctz3Xkcek3lrpWrJDBp8dto8Furf6SpV4WT3OVCjJJ61yXhPUoNE0WKxsls9X1O8c2kq3KASESEsn3jnGdoJztPrnpyGn+FNLtJLqyn1GXw7dCRUlhlcSWk393LIeMHnJyOcg4zUSWtyGrlHVhf+ENbnsdV1WTTo5ZVZzGCyIygOpUqNwzx0x71FrfjnWPHFlZbnjku0+WPdtUzAHkEZxk49B71Q1JotV177Pq6pEzOYDcWzebbsUG1Tnng4A4/OuM1238PJoWqTH97rzOn2NrVztgKMOqAgDIyDxWb3OmmZo8LWupeMB4bu0bw9HtLu4BnRZACVJUFeGJC5yAOvQGvcdXv/DGheHrPw94d82K+jgM7CI+bFGwz5qru+cndk4PYjntXk/hbw7rP9qnxJ4pnkF6qtKzSPuZkC4+YnOTjt9PSpLPw/qeq60niQ3MckEUgczKwUxrGchXj44IGD+J9a1lqTI2vBGo6Xqv2/U/ELq01umbYRuIJJVJIcH+8QOiiuh1PQ408I6tqo1iRrXT1jdrO/jQyyh3AULICOfQAHkAd68K1hrPxH4l1GSL/AEq2SQLwCjYPcd+CDXZRSfaNK0vQlvvNv4BJG1rfq2wxq2Y/LJGTwOnPoAAKlom1yjqiaF4mvrbT7kXWlX17GghnQtJCoH95AV64xwOM9a948W+KNSk8L6fommPF4ht9MiIvdQt9kcyu3Dbo04B284AB4ya87svE82g216l1ElpfmMJCm0lJMdcEdj1xntV7w1oCabs8SwyXHh2e5UASNH5sE8ZUHHzYGMnPOR0OMjNJozOg1W10PwzpMWqW2qG/8P3qHyjICLiKRTt2gBUJG4HHAx06AE8frmsxeKLjTo9H1BhNpiHYEDR+cVII3hsZwBWF4tPi/wAY3OlafrxjvrFL4RxalYIGCpIyoxby/lwvvjletbWq6LHpcOo2dsGvtX06Io93EuzJPA4UkAhSAfoaaRadjU1m20LV5f7ZsjMEtJIUuLWYEFUl4LA5J4PvXJ+M9K06x8xtFIDRjDOhJAJP4jjrW54QsLeS3+1X1wZdRdcMjAnaQccnkNn611WlMlpr8aa1BhRKFdCMfJnkdCTkUDqM8v8AHHhzS4vBvhfVNT0yBjpp8s3tqvlzzB1ypkCbckbM8k85ORk58A0OK18R+IGXw/4h+x2/2siZ7hWEQC5zvzgdDgZB5PXFfUXiu0k1zxbbabp1xNoUEbkWabfOhl5AyQTtBxzznAOK4n4naXqXhzU1hsPDFhcvFGP7QvLZs+cxAJbYNm1hzuO05bOahuxVN2F0jQfizpt3c6HAYNV0zTJEZBiDym3s0it8+1xznjPHOO2dT4m674e0qC48NXmiNp13exrdvdW7bjFJM21lyoUMjAHgtjLdM81yPhbUfh1b6Dfahe6heaXqVwu2GX5sW7r2xHw6twec8dMHmu58IaRdSQxXd74r0zX9I1OFj9lupczuYiSDiQZBTaTjJHtwCM5K5rzHIaXeWnhCSK10nxg00WowMwiMbIAyj5co5IXrx0J6Y4qnqd54p8U6bp02q2B1a5lglhinASER7G77QFxzkbjyc4zU1/rWleI9Ystf8YaEJo0WVZZYVaNpFYAR5dQMmLAxzzyOAauSWlqmg6SnhG9vY4Wkkik8+QKQ5bIPyAADrn8O+aEiWzz7U/s2u2ujeHvhf5ttNYiVPKv2RfMEzLzuUuM7ss2QBzxxxVXx/wCC5dN/szS9Tk26nEyi9EZyo3KGBQ/TPbv9RXoOoNr+k+Fws1tFevptwwJi/wBYkUvO73BcjoO+TwOMHxZp0tr4Sh13HmxyFGjduWDtkGPHXjn8jQxxlYR7XC7taeVbXT7NRbwIueMAIMfTqa2NMi0iCfw9ptzpIuptfli3g8MqPJsAX0J//X7L4fk8Q3/hMapNFHO98FhSRyEKCIkcg4HQY6joCat/ZdR8WeMofEXjjxOujy6ZLArFEHmfLlo/LWMHc27rgE9Sa1Jm7npuveCzpJh8P2nguP8As2K4E32+QuxAdfmTzhyeTwC7AHgAduZ8c+KZtGuofCOgeFUhjtZ7c7ruIztMzKHCIf4lJZec7iR24rtNXmvNI8A65cWnjaXUINSXyYTPnzRIhJXbHIzMvmAYJG3HB/hrjLC31PwxayeMdT1/+0dPngEUM8reYJ7uQHaoRi8gEe056dsgYYCkjMk8e23jPS9B1zwtd+ERp2jTyR3kySEzTxSllfMbq/KHC/w8fMOB0zdQ8NanbCx0mx8KJbXOpWoOICJBMsa8fcOQQDkk8nOSeK9Fg1RtR8MaV4o8Q+LzYTTxtCJ5laZSyOwClWP3Rg9eB1rz3wnBZWM0t83i+O00vTUcSXMDl3ikl+RDhCTtOT/F/UhRd9y5Rsdlb6d4c0aLRv7Z8HXUWoXUfl+bI8nlRmPBJJJ45PGB3P4Zw1DQfEfhO51230rUIZtLuysbQNlCrEZG/HDLwemRwc8kVytpq3jrxHHdCw8WwXP2CaKSYzS7ohEFPcoeCA2T9cnpXYy6n8SbyHVT4XmtbuG3hDyQWUkJDDB+fMh35IBBweeAKloOU5e1sfht4k1mcX9/quim2WOW482MSllfuWXe6lhyCfqAahttZXWPiUlh4e8T3ksdhC32GW9fDSRIDmPDYVlO4kZAJH8Iq74g8dfGDw9Y6ZrNkbF21uHL7o1aVGixwcMqgDcACAeRjNc/4d8MXy6TbeJvEng/7ZbkGJ57eY7VRn2h9oLMpU+p5xgMKdxnpWteLNbFhFb3Wk2+tR3sUsZJ5BVep2pgqyk9emenI45HQPFFp4RnOrHwndRyTxMUdZWWKIkYJVmTDkAnKkireheGvh3p9uniUeJbrT7uxlZRZTxK5nVsKm1kHcscjngZ4rrvD2reN7Q6hP4U1yNrCxu45ZllAVPLm45QgnA2kHBHTIwcGmmSzzbw54cTTNbt/ih4c1ubTNMmb7MYXtz5xkwN8bgHayPtLbsZDYI5AI7qfSdX1yZ4obdNV00qxiMrL5kZbBO1jgjB4AzwK09S+JfxC8S6hqOi2kdjqdpZSRSSBY0XAcMVwzSAno3r71hfEXVn+H8F9pk9jLpk2pKhWYS7gCw6BVHTIbHPfPTFVaS3C2hseDPGF3rutWtj4QtYFNrZi3udHmddmoRJxK8bsu3ftO7aey87hmvEfj9qmm3mo2ei6VGsTaSjl1UY2CYgpGe+VUZ5/vV7D4PttS+HXguy+JPiK0t9RRFEulvG/lyhbkbWViowSAc/MDjJwelfPJvNR8TrrHiHxHEZ7y9fLXJQIjAIFVSFARSoA6DnPNckpe/c7YU1y3R674f1TxDYeENE1O21g6LMmLm2trNR5kSuG2t5i/MchjwfX14GzZS6l4L8cW3iRPCyatqWpW8k41S8umDSPKvMhj6oyEhSCFJHQg815r4T1TWbDSNKsNDltdLdXcyXkqh2VWJIGCDgDOOASePevavEfhi48Z6lpdz4PjvPFOp2FqBcXcaLbWwjVywYbigDAseMHIPHQgb3W5zPco/D7Xkt/Feu6v4rsl17VrpVktS4/wBGSY7hI8sfCFRlcAjjtg810sFpY6zFc/bPs+t6rET5YYn7LFnBCKRhRg5yAfY969D8NeGGhkuLXxpe/aLdVIW2jQBWLcHc4APHp+tcPYeEBe+H/EehTSJd2FzM72NtCgjdCPuSMwwS2FXK/dyO+aUasbu5DpPocZr9ra3+ljV59T/trWbYhES1uUe1gX1ZEAGeMZ69B71na/4Xvv7E/tHxDeeTqDgeZCNj5GcAjaSB0680/wAS+BLuHwfNaXMsei6TZxJv8qFZJp5iwGXwRwcLznr19RJD4KsJPASHw3YnTREqyf2hezNtCBsuzZG1iR0GOM8cVQ7GL9mbTLTSbHW5zFayqzIhOMHg8jA556djW3o2r6xqKJHDHaaJoEMriSeV9rT7eAF7l+M5xzjGfVmrWWp6x4W0rUbOBdfuLG4IlvJFEUZEg4yhIBUHaCeai1QJrXiCFdR0648S6tACxtbP93bEEAElkBZQpxkjqcButAznNRtoNCtLr/hGA1l9vYrJeknhOp254BPXIOQeeuMeaX2lR2+i3cXhaJr4IAXvbkGJN/GRGG446/48V73Z65beN/Gtrb67ZPPcIQi6SZPlXauT5jbV/iySCP8AZPFbnihvB8mqXo+I8+Lp0H2Kw0/LK+NyjzQmcNkBPmI744FJsTdjwSZdI0DRdA1nxFdN4m1+flbOOdpIlJPyjzVBIK5AIH8XGMc1xfxMt9TXQp5fE0qpeyRJJFBHIWEau4wCmcccjJHavb20DxlHYxQabcW3hTRftBzHK4LlWGWIZlYngnGWXOOo215L8TtItNdtpJfCENxLdwFopppiPLaPDbWCk5GDgjgHBOR6RKdhwleSR6h8Bby41TwXp8sGrQWM8kE2nSF1UGNo1+QksRyVVeR69K7i01zxj/wjlpqtp4lt9L+wEwBmjVSYuARvPHUDsOnWvjPwDqBXw1LoU0X76CV7mdmzyCFXGPYKK6vRrvSLbT47HWIrmaJ5TNEVGAUz8ygsRxx1AqqdQ0xFLVnpniHxdrdx4k/4SGLXRqOg2zqxt45C3lOy7C7ADgk8j1xxTNKv9JX+3PG19PPNptowjMgDZWaXHAPGCMgYPHNcb4T8RwS6n4gn0DQhcaDCiLNHcMMgDOGwxfP8XHJHtXoHiDSPF2neEdNsvDPh6NdK8WwG43DY8TKoB+bLfI65TBJHtTbM7Ox6v4R8XfCKP4awaHLb3GoGVppMCMw3AeUbeZRtRhwMfMSBgY4p/jM+H/A3gL7AfCEk895IIJpZAWjQsGZSkwLsCNo4GB2Ned2OieJfCnj7wjpXhm4tltdRAMTRhFyYRvmDhwQvy8A9/Y9PSdZ1LxdrniKa3h1WK002dNtxZW5Bd5Isn7rhij54bDAnHI4rBSszVGBHq/jTwl4EW68KacIJokaO5uInWVxFKxZlaJ1PyjODjPTdwAa5vTrXxteyy2WheILfShZW5nt3ugkRkPWREk2HBHJ68DJJwCa6Hxto+qa34s8J+FLnxKunR63A/wBs5+ztHuUFVm2sFdWxtXcByDxjFcRrXwx8H2cSeG/EPjCVPESTJGtvFuu7QF5Ag5VTtO0nOWGOuMGpqVDTkR6h8NvG174Sto/FnizxItvc3qssisFkZn5wXCq2cgHnbwa+XfCvjjXrzx1qWr2OsS2pee5muJ06PHvOWCEFScHIGODXp/j3Qfhp4f8AAjeG0im1TxCzb49QRWiMQMi7iylgu3YGUDDc15tFqfhrwfrbeHdM8N3El68CmX7Sxy/yk5CHdkFec8ZpU6hXs4l2w8NaG8eo+NrbxpMUtpiLiJHMN/MkpDZBYgk7jkjaQdtY7P4Rg1HUvEmmeILwRqheRArpdbwmS5cbVLfiSa9rfQvBDfD6LVfD+iXH9qa0itJHKFWD91v/ANXtxgqcHA5NeM+LRbabocN3p3h420d4QLxpN8iTnIVgpOQvIOcdc1qB5BPPoWkzpf6Lfz3N1cOZC0oPVjkhjgZY55z1r2zUf7Tt/hzeao9rEl1M6RwXDqqSYcr5gGRhhtJx6GvOtV8PXsN7aWVn4flkiK71VVd3J7hWGeB69q7LSfs/iu1h06UTFLFRIvG8IXHKkH+o5waE/eFM9q8BJ4x8A/Dx9LjgtNN1XWJ90ly0qvM8TLwhGxlJKr2LYBPGeR13jXw5H4E0Kw0UPpmjeJ0Q+TqSuoa5gB+dACgGOQpLc/LkA14x4I1bw1rOswwosttHpp3nCghwhA3bfQNgEcGvSriy8I+ONSllsdLuLi5tI5IIjFJsaR4izqArMFy2TwfWrcrnIkY2l+GfEvw+0K6tdY8SW9tZXp32LW8gnZ22ksQV+dU6BjnaD0zWla6FcaHp83i6/wDEttEt980Eip5jfaAOA+VxztILZOPxrK0/U/D+tSW8V/4daG3inFrKzytFMuRtZpAoGMZ5yeDnAqLXbpxdSaCnhT7dofhm7RZP3pWV4btsLvdSTtfOQeccbsVhKjc2jVPnPVJIPB4vPsuoR3w1RWztOXAPqRx3q34JurfUrK6FrFKdUQKio5UxhXOWbnDDGOfTI611fxuk8JtqFh4Z8LaGmkrp+Ji7HMm6ZdxjZ+rryrLk8dKr/Daw0xk1P+3GFtcxupS53+XlGUZUZwpwVJ9eamFM2lO53vhPwvqekePDpVtdpcG4twYpkbg5G856lSpUjH9DWt4ksYtD8U6xI4SXVLhEg824fC7xGuD8vA4HUDPvzXK6FeW2ua2t3cTxw6VG4VJpWMQlww4LZ4yueeMV0V/datpepX9xpFoLSytZRFLGiiZ2VTgygvknPUYI7Z9a1lCxj7ZnM/DbXrvRYtbu9WigvZrV5YZI5bdrmIuOV3N2BbIB4zjmu2vPEeoW3hybUdVtZbfw1dw7hbIsZWJywYBB99EyBjoDnk1Po194S+yaloPhiW4utY1bkXgXyo1IJIDJIpzjJHHrwa0PD2jRL4avm15ote1VCYJ7EStI7EuNu1QCQQPQduKyujT2j5jwLQPEXizx08uj6KE0eO0yWnadogowWByPm6Dsp966ODV/Glt4bm0/SJV8RS3zEXBWKSeSAocBgwwT0QqXXsMdK9W0RPD6/DPW9D8RwPpWlxxCS0uYrdppGlLligcggZfavOOCcmuO8L6feXdhenwDaTCa3hQvJIyQF1xgH5mx83OMc+hrheGPbjnVaWnY5LenhnyU8X6fdxrcrut3fK/vFI+9uIIOTgdevSuf1nxNZ3WswXEaulvC0byiUFgxBGc7TyK9eSbQtH8ES+IfE1jB4hudUAWKGaQtJbkFk3bju74OBjp1riIdH0XUfDitfg6QbfcY0EG0T7uR1Gew5NZTw7jsdEc6qfaVy9rvj2z8R6VaaVDplobl5kZbtIf3xU5CxhmJPUjj2rsviRp1tresaFrr659oM4gSW3IXzLYBUVmKxjHAAHI7da8f1vwZdTafp03ga1O+N9txIZVVgV27WG4gA56bfyql4um8aeBtRsNQ1K7GpkkAgbY+CMkDA5yM4b2rHlqR6ndSx2Gr6VI29D2nXPHGu+DU/sy1s7RY7NkUXf2bFzOOuSzHBzng7c1z+m6p4Xf4jPql0Jbj+00L3UQXy1jSbHzErggg4JA/PmuZHi221nZpvjSF9KmTAiW5OY2UnI2yHHQ5/wAew7SOKx8N+LtMvdG0aFrmaN5N0pZwPlYAbcgD1zXRTx8X7slYxx2ROMXVou6LaJf6X44ubzV7VYrUOV08zT+aI4oz8oAySV7gNjGar6Z41TU73xLp1lYw6fZRKPO+xx+Q88MbNmRS33WUEHHfr1ruo/CHhXxJ44zrGuRsL6Jpo1skO+OYkbUdCG2jbk9R0GSK8y8V2njbxP4+v4tSlJjsnWOJ3i8gzW0R4Zk4wDn9eOlbeaPnmjkNNmtCt9YaLavdXskkot7+eTypFZ1xlivXBBbrznJAzWM1rFo+ja/L4xvE1nUbmAJFEPMl2vHymSoBX5goJ4HXPWvRNKuNWt9X1DQfCloLRVJSaU/vvLKEjeN3UjnjnP6jF8L22g+GNN1mFLya71+XdDZ+WgVWBUE535GA64J3Z6YB7JxZUTlNR8U/8Ja+mX+rWiWFpoKxC0tEQCNtgUMM7Rw20Z4wM/Wp/GiW+na4BABH9tiSY5GMJJ7duRXNQ3N5cNPJ4kZLmaMYhhBwd6HnoMfWo73T7i01GS51RvtrazbB40LEyQqTmM8+mNowe1YSR1U1Y4D4keC9Y1DTo9SQeag5MRIDbT/EvqPUfjXydeQvbXMtrIhjlRipDDB49q+031HV9XnitrQNc3EabFTjOxev+e9fNfxDsbSfWBqQLedJGpfA4J6D6EV5leB20ZW0PNJVYx+WG+vsKhmw0RRe3Spt0wDoq8Z698VAxIJUYye9ccnpY7I7kEWQMM2OKjmlBxHuI7ZqdUUgMwHynH40Syq+2CRVOejVjY1T1M4ZUGJxnnI9xT3WVYh5R4b9Kf5UikvjKxnBPsabBCrFxv6ZIFBsRFA42t1PeoZA0RxnIqxvY/KBxTyqYAbk1jUp6FwZWgLeYPetSIAMwzWZhvM+U9KvQvySxrzJHp0ma1s2TjHSr4PGBWbbyoDt6FqvRPh8muaoehSZoRgDAb5e9TsSm2RTjjoKrbSxyOM1Zg2RKwYbvrXMztRdhmVkzjBNWg5lcKflHes6NOQVPBq+NuM8k0FJkxABxuzinjcH9R7VVKEkMBwKnRs9Cc0ii7sbjOQDU6EA4OeKrxuWGSM4qwiqSGbv2rBo1LayEqAeam29ycCqYcDIHSraSkoD3NI1RIO3c1Op3Hd6VAMFgM8CpIiWZt3GOnvQWWlXIyOpoKgY9qAehbgUpODnOc1DQD198ilYsPc00EYxyakUqOWyDSAQsp68NjpQTwT1qOUD7/XjpTNxxjoKdjQkBLUEgVGpI4oJBqwHFhj3pFOT1po29qU56g7aLASBVI5OM0zzOdw5xTSyr0P3qj+nSlYhib1ClmGCTSO2FKr/ABUxlx8zdu1VZJ9vUYzTMhXk2ArjeTVZztA5wDRJMqjPHNV5ZBtye9bRjYhsZIw7H8aotKBndwRSuW8v1Ws0thtx/CqMWx0rksQvFVHabACHGKkaZd21vzqKRt75U8CmyCH58EjGalUcZf7xqLO3LdanGTg4xikAbAc7uO1P3YBHtimsynB9KMkDOMZoAZt2AnOarO2GHFWe2D1NVpEOTzyauJMhgcbjt5z1psjhPvH8KaFI4zjFRsQ3NbxiYylYgeVTIDtIzVaQkHr3qeTC/NnkdqovIu41qkcs5ETtjJaq0suVwo4NLNIF4Xkt+lVJHwvIztqrHK2Qucg7s5HSqbkEbQOe9OaViSR0NQyLuzt6+taJGcmISzknIBHrTfkLbQMH2pCBjnmrEIWImR+4qo6mMizEpboSoXr71YKA9DnPr2pkfJ3KcA1Kd20q3auqO5kyEZhkxkE4zV+PBXc3yNjt3qkAHUEHOf0xViOYhAuCWzXRTMJFoQsIhKpGxs8e9SR/dXzcll/UUrwocAvhiM8dBT4GcMrSLuI4JrpRzNljYTDtjAUHnHpio5n/AHOGX51HXtUziOaUKX2bzgVa8o7jBLHuK8ZHTFbRiZtmeqSYUockjNQASEjd69K1/sd2pBjOF6j6U42wL5YfOMHNOwhlsU2NuHzdav3DiSJYzhSMEVCF3FVXhicHNarQxqmWFWkZymVdPkCu8TjhxgY9a10RsOcBlXj3qhaxo26Q8Y6YrvdHs4ZrM+aMM6kV00YmNWZ5xez5IUMTg8ewqhNLKjjYzKcADFaGpqIbloIz8qd6z7VRcagsIDEk/rTloI3fCul3OtapHCEJctyT1Az196+to/DNlpWhNp2lzmMyMN5zz0wSK5f4feBp45rbVUhZ7y3USm3IyZ4SOSu3njrxXpEuiazDqcdtb2nmjVVMtth1wy43bTkjBA7HFa4WmpXbOXE177HW+CPDWsaN4RuNe0u6Meh3TtBqEjmNij8J91vnxtcHK+v416TYajdQ6Zp+l2unrqN1p7k2uou52yW7c+UVPHysePnwAMAda83sZZdI8P6hYaxYXVtcXLRxNCvyxypncGccdMHBH9TXW6RC2mxWd2moiCylw8ULyAorY5XDEdD2H869FNJWR5zdzT1yz0TVvFJ1JZlW5njCmOFCAkqjaMg/w4HavPvFHiK4EI0y/to43t3kjG3kOOh+nArWv9X1WSS8vLS0W2tJf3f2rYTtZeflPavGL3UdQuLxjPucW0hyzdH5weaKnwhE6Dwro761rdvoN9ePb2MpL2rAbgtySAqkccHJHBHJzxya+pdGj8Qahp/iH7PGb62XFrc2Ksf3N0FA81MBlx15OM46/KK8l8FDRJrvTRrdlJZib/SbS7GeZIipManGDzx354POK9x0TVG01NQ1DRdZi0WTUi63Ucjp5s2ed/luCOQxAYD1x3zNGV1cmoeV61okixRnxS40q7ieJ18sb2nhOVbmMnBHqfSuE+IvizTXvtNtI7QfZ0j8uO6CkPK3GAxPVenUdzXrWpaxbfZprM6VFfy2cLSSXjhmBV+p6Z445z2r5zv7W6uwY5Z/NUAsg7AgcdRwf8RWwU0ZlzEvnGK8shPJegC1KvtQO3TexIxjNex6p4BhXTLFXuW/ttoQkSZUQPIoyUBKgnPQZbrg+1eRWugao+nC2+1gtO2Zi54jHqpr1Xw7Y669tB4Yvz/amizYKXwTD27AE4DfMCMgAf73pxSRcoo56HTG0uVrXULme3vGHzWOG8s4JAbKnB9qwNdv5BMP7Iv/ALZE6bHtW3KIZRjgjjPQ4966jxe2sadPZ6ZqFr5l5CzeTqLFmLwjJA5zz8w/i6V5dNFcXM9y2h2hTZzcu7g85JLAk4x1pXJR3Gk6jeR6e0lxtLyxGLYB0PavOk06V9RVJ7dZZojmZGBB28dPzptp4tvLfUo4PJ821yGGQQeP8K6w3scl1LrhRoppF+cdSF4x/KsrSR0Js5K9is7W7m+z2LGNQCMZwPwHen6DJrFtNdxQs0t5GN8aoCylW9enFbthpl9cxHUrCZZzKSDGD8+ATwe1df4UiubG+/060wbj91kYZsEjBOO1XczmzN1HUNcg8Mada6jBBItzIUKxfKys4LKG7ZwD0rnHspJbS5juI9wj42jkH2B9uK9C8W6dpaJcQ3cstvMYy/lJ0ZudjfXtXiui6rNa+ZYxTswJJ2g5Gc8D/HFawHTN8a3dQQSW1gACVwQw7r0IrBa7aSZZdfjWedyFWReWPoDWzpl5pcOpyDVhs+1L5e/H3CfQetatto+kXBvLbzG8+IgwuO+eeam4uWxow6Lm5Wf7TsYRgphtzYxnb7dTT/7O0+FXn00mOWEF2zzkN14qzrGkwJosG1RZ6ghDRyo5PmAfeBB6dRVPTY7i1O4nzhImHz1wevBoFzWONur24tpVgQSSWzncSFyAcc5rT1W5huYbNLe4EkTdFB4Xjmui/wBES22QOU8kEYb+Ju4rzpVFxNIFUW+5+MDjrTA7CzluJIUtrOMtEH3SKvPyngmtj7Vosd3Pp7AQRyAAc8knjpWJod/Hokskzw72ZQmAccdelOGlz6z4miis7Z7mWVd4jjGSB1zSA62y8NfarBbBCkkvmcSP02/0wADmvYPC9ja6bpMvh69uGaBtz4QYyzY655xxWfLcaPDHbGDSmt51UK2HY5YDBO1uh74r2v4dTaA1rNe3dk2mSOrR/b5S5WTleNh44x1FaU4HHiK3QwNV0eS60fSbMItpauRJB5Q3GZlGCvByr85z1rv77RtX0/T7Kzv3k0mynXIib95NgnI+6ckZ5xmtSx0XRIBefZtWjjsEbfvu9quZAPm8rnndjIA5rtPEVqLO0sNa8N38stgiFGnusPcJIpbO0dwccDFd1Spa0TnZ5H4i8LQW+tyadD5dsrQxyrcvgXCl/wCJCeeMDjP418x+OtP1WKG+ZjLdQW9w8C3J5y4Y5LDqNwHPb3r6k8UWq+K7Zr+3Vbm9hiH7+4kEJKxkkhV4B9QP0r528ca9qV/fjTY7hZ/lSOTaAFzk8H39cU6kPdHQ+NGD4G0fWJrCLxOChhsZ/Lk5+bJIOCvoRx1r6kFw95YW06J5VgsogQKuW8/bvzj0we1eFfDaT+z5dR8JXL+XDqYDhWGR5sYznP0BP1FdJY65q1v4hj0rT7F7W9Exit5pnCo5yQHAZcMh7cnIxjnis6OhtiI3eh2Guw22nXhLTNd2g2ytK0ZjxKSRs+br25759q5HXlmGhzmbS3uTfBihjHMKgHEgwCeDjjv34rpLvWLTxPcXXhrxE5025smMpdHGJJoiQygkdOSQBn9M15RPqmsz3MsFpqZtp5y0athShAyB2+U46FcH0reexhBO5geG7K2juIL2C5Jt5XGCBkrjHUVp6mLk6lLqxAuoIcrJuOCR0yKwfD4urCZNPuwYpzMQBjI5wOtd/Nb2MkAKTNvdsPFtwTjOSDWCOuoTqqvp8M0BlWyuuEz9+F+QxI9OM1n65Bqlnfm1lRLmO0YFGJ2sxIBLD3zRpd+1pdyaZe7m8ldyMOQ27IBI+nWtG9aXWbcSIPLePje2cN3x0/CuinLoYSRQimabUYr6OJkg08CSVgcjeDxXrWm6Dfahope1s4FvY7j+0JJFAEggVcFfccA4ry7Qbq4tRNY3TR28LB3nD9HwcAc9/SvePBum6ikAuIrlSmqxsqgEhfJA6HjjOK2cjnmi/wCGdOjL/wBrY825vnWQoeghjGBke/esjx1eXVyJLOGEQreHy5wSPkiwQcD04rbOoXdvC1tbJ9n1BpXjhkRwyyQoR82ewPpXE+MtZiv/ADLy7nkiu5YRAoIARkVuSfQ8nmgi/Q5yzGhXEX9oQrJBNah7KOQg/MF5JC9x6Gq0AtdLke60y1ee0tAA8gI+d88ggkE1nyppyWseq2YCjIhQjo8gHoeCcdxWXLcm3tlkR3RUbzCi9S/t0zS9mXyHdN9t1m4smS/t/tF8yrsGFliV+gYDGcdK2IYrnS2vZbydm8sPbwiNgVEnTzCMjkYyDzXLx3Xgi78NGaJDday2yZrlC6eTwCY2jOBgYPIBrf8ABQ1Cd21RLF3G5YY2/g3NwXdRngA5yR3qPhFOkzb8J2XhubU0ttYMkjWa/amfG4PIGUhGz65r1+TT9Pv7TzrCVbO5uiCZo1+6i+q/L9M1w934R8y5k1RruOVFINx9lcHcfQ8AjvwKravPpmifZo76Zp0mOXZQA0ceR1zwSeafNzGDgyOPQdIg1RtXkuBqTENFEsRKOMkjeVzkZGfUc13Ut7p2jafaRGL/AIkVmx3faArObh9x5xkbRuyOKzX1KDRr1Ly9hjhivYPsduZiAYkkBCyj0weSa56KbT5vtWhXeb0WpZ41LZWWVQQBnnr75qZRTHGEl6Hn/wAQpbfQL+HTdOu1kknH2oyoPub2YbDgnPTOf0rHurBPHPh0rrMEMsd0xhI25AYdDgnI5561f8ZwX1nDZfbrP7PeW375p4pNweFyRsIxxgj17dMHJqrPqZnF4rtOzgFQAB8p56DvVOjBxsdXPKNmmfCXj/4QXGgR3l9p1yZ4IJ3jaJwAyBSR8jDhuQeODivC0cI2FbcF7+9fpj4r0e31iC4igRY4JYsgOMrJPyTkdue9fBHj3wBqfhCYXZt2WxuXbYyjKoR1Vj0HJwOuRXx2b5Ra84H0GAzG6tM8/udly5LDg9Qaia2iSIyLj5eKleSB23gcjg/lVt7SR4sIPvDoenSvjGtT3FqWbXU7FLaK2dmaRmwc9hVu/uoorbyouS2cEf1rgriK4t2aSQYZT+tV21C8OJHctg1hOmag0fltsfggk/nS5VAdykjsT71Ztx5rs8p4ODg9Sa2EsnmlVRwrnqRwKymrIdzLsdRe0i8tU3KeDz1H0qe6FtOd8ClcdRjiuol0a0htP3ZDk/eJGBXNTWV7BB9wFAeoPaskIzm09HCl0255z6101hPLYxbVHmIe2ap2yzXcbCVSiqMAkcYq4trJGirAwZR1J7VEwK17b3Wp2weU7RGSRzXEXVt9nfYWxntXcyyyRxNGRljnHPWuIvGeZmc/KEOPrVQNYGae/fsfSodsmQoAPIHNWHHBU5yf0pITtmSZRnaQeehplk8ljd21uJ5oXKOcghScVUWKVWV2bIJyBXsVhqFneWA+dY8jaQW71xGr6eYWNxGVMecenNYrzAxLW3ubhi0SFipyAOTXaWdrJFCJJItknft1rmbDU/7Jm87yyc8e1dxDqUeo24kkIVhyaiWgEAmVCEYcLWfcaVLO7SWh3A84biieQYYxkE0trqm0HzQVK96gDEkjlt8xTDaRzjpWfeNI6iGFjlz2rpZjaahM0jDDFeDWd9laMkBcgdD3xQBi2VrulVJdxUHqOma9at7W2k0tdwUADk9xXEWIhjkbzThD/Fjoa05pIbdfkZgh7DvQBT8zIlCZCq3y49KoSzRHIckZ6ZPFSrNII2iAwG/i74rGvrUAeY5IP14pgf/VseD9E1rSmj8UX+rWnijRr5XSVb2PaUILDOJ/MwdwHfJ6d6x9UstRln06VtIcaBZzbpbmxYMyoWGQpPG4DhSTgE+9d34n8DFbuEzeFTHZeZGws4HLFlXAdQUyRkZ5xxmqusWfhXwn9vsLCa/0u4vLdHW0zuijYKQoJbnBOd3J9q/blOLR+TyvzHR+Jta8H6bpyp4I8QatJcRECCzmjLRKrnL7mdBgegySTj6jO1aztvA1h595rUa31586AW29nOOF/iC9+T/+rnvh7cCO4l1e81SN0UmMqy4bcfulT3rsNZg1rx4wkk1q1tLSykIUOmXJIxwoHXB9a5luKTscnZan4p1m9a81PUJbyznhZB+5CqijpyF7ZOa09Q0bQNO8Gx69d3caXyzhYRK2TKxO1gEHICDJzg1S1vzPDGkOk1zJdwRbQyD5MqTjOM+v8+lPki1LX411SfSdN07ShCJLZr+T92oAwSTjpnnoK6UkwVS/Qr2ur6/8O7zV57aWye91a2EMc0cRcxo2clOgBzg87gdoJBwK3vA+j6ZpGhJePHPqjXKnziQwUSYHC9Dwc981xWg+OtX1qymvfE+p21tFaAQwQW1spTaF4AKKcDoOTXq3h/RvDGt3k+h6R4o1K4t7eFLiIxqbeJpiT5ikOmSqnb6fe4Jxms5wQ1VZwp0PXtMMHijVtPnsIbJyWhdvKa4j46g/MAe3FbFmNCk8ax+I9csLmKK7i32USTmQRyhFyWBKkggnA7E9O46z4kS3Wv21pqUMc8wsdxuPMcbRGSCMZPQHPGO/SuZddN1+5S3ttGgt448MJDKWZQBjg4H5Vmoo0uZMtkfEGt6jbtarBbHbIwebG13OSSxweSSeBxVS21TWZrKSTyh5+kRmOZ0ZSzoCeAOhIAIzjoKw7iHQdNvI9NguvtE1zKyyFlyIiDgYx7+n50tx4jh8IO1ivlzTvJnzAufkbP3j2Ge596on2buUrK4s4bWK703SZTqU4dYJCwwpbIyBnnjOK6Hwh4TMFzLq3iaRlu3UGGIENskPJLYyCMdh0rkrezbWvEFxZS3tvaeRmWEI5A6btqeuB6D8a3dQv5dTt7OeO2jFnbShJmXdlN5AEjnJ6Y4oHUg2jU1TUtdvp2s769Nlpxj8vKIfmYZ2rgH86f4D8R+Kbfba2kzxWMK7bh0KjehJ2jBGfXkeldfNBCTiHTkvYdoYulzgAf3gDyeBXNTJoVtqdtp9lI1tNKdzr98bGPJIGeR2+taaCUly8qNWDTJka5voBNeXNiD5btGp3buuO5wK6BtJtn01bu+vS0epqSEaHb5ZH9e4rmdZ0280LVLS5vXdIwySRsFK74xgsM44z0xXqnhzxvoV1qCfYUniW7Yrbw8OqHp8xJ/lmockTUlJ6o+do47zxC1xp8BjFla/OZXO3aB3Pfmuy+Ekc+tjVlt9IW/ubFowk5kCvCjbgdgP3idpwQMiuu+Jmkvf+JLe30W6g1CW5h82YCIwOJFONpzjPAGDx9K7jwnpc+k+F18Q6N4f2aiGa3kMbnhx8udpPOSQcDPr70nPQtTbjc46axPh/wC1+G9O8G32ox3oWdpTdkZx1O1eeG7AgnHToayPEuh6FoGn3N1pR1S086381rLzJA8U+0AYJO7nqcn+gHW6doGjeEI7vxxr1rfWlxpnlJb2SHBk8w4bKthsDg9cGuDPiO0+I17rUnm6ro+sIVNpHc2+I5goPHykjGFA+8OuRnBBUPIg5fT/ABXc+CPCel6xc3OsXjaxO8bRNI0sUTKeG2NjJYZxzmuu8PeIfh54tuX1KbWdXl1fThgW0qtzEnXY5+6FOcgsPavO9V8S6vrLRX+uTSWkUZAiBRhC0kfVghJUt83J5xWdBq8trLu8Pa/BZXWoZFy8kAIRh93lhjkng4wMc1oM5vURb/ET4latBDfzhFmKwLdEkny12t3IGNpxiuw8Y+PN+o23hTV/Gc6R2A8sypG7APwrZEYG4KeOT0HpXH3ra14FuY7y7v7S71O5MkgZGMvLdWdmC8tk12Wm/DfwxDoV9q3jvX7E3+pbntnSNpSjLks24YOdxBKgAYGM88RMEyfUPDOj6lA+nX3jOHzrFTNFJLatGJFC52AlwN544yW9uDUereAdV8C3em6pqUiX9n5H2gi2uOBHMCMFHK4PqMc44PQ1vfC+41C3uP7c14aZqPhUGW3lkvAiOrfKwdCQdrZwOvQkdeRpeKzb+IIbU2tjY3NrHNIEksJdzhTgbX2MecY69x27yjRVH1NP4Z+N9Mt9auLexvfs1s0Zxa3SfIw5LYcHjbjOB1BPpW34b1nR4rifw5B5hsLCZzHcWj79sUrlguADkDP4dK8yg0m38L6lLcXdwNNubbaqLPH5qMJByC65wcY9+e3NJBaah8Oft/i7UDHcWpbdALWTO4SkjkMAMAHjr60pK4j1vUL6HULe6g222rz6bOsqxXUaI3kHgBweBkd8ev0rlNO0Czk1271C70260OPTPKmg+zyNNHIGGCocgZIIHHHU9AK8N1TxLZeLfFC36l0TfHvEuFfy+rAdeuTzX0TdeLPBFtp2n2Wlzapoj4MCXCqksOwjCklmf7pA2/Kfp0qo7WMa1OWljm9bsdL8R69e+H7TX7uyF0kcpSRW8osACwblQexHTnpnFVPGU6Zsg3jq80wMPLykTs7le77GB5Pcg8102t60PDen6p4W1jxYmqa5E0EsQkszEdjlSyB1/dHCnd6gZHptyrvw/dSxyyak+n3d3s327RSLJGwHRNx6HPB7e9Zs1i3Y86XxNbXWkyeGvGvieU3lhMr2tyUd5/LbJKblDHng/MTjoOAMY+ktP4NmOv6f47kH9prIA21iXC/LmRHLdM9x7jnBGv4a8NeIdev9VvNZ0/TGso08qZDIQxc/d8soWIdcdyOM9+RqzaT4wD2+taX4Ztb6HSJCZSQjRJHINoDgMOG/DpWfIaM5HRfDviXxNI19/wAJJaT6faqVme9lYBUYHbgsrYUnoNw+ldpqOp65baHoNjHo2n65pWleda7LFScCUKC0hj3MSSAxYAc5zywrpdQ8Oagur28lr4Kt0sZIhLJbpJFls5Bw4I6dQNvXis//AIpTwxYi/g02/wBEa93KGjcyxArkAsrnOBzgY+lYOVmbJXPN7zxH4YsNPu9Ag0WfRdQlnhb7bbvIfKXerNgfeYheBzxmvTvCuqNp2jTJaeJ7fVn1ji2h1cFTlRuLK24OxwAfQelYOk6TrOuX8Edn4ps7bT7kM6zXS7C8it8yHdyO5HJPtXIeJtA+I3iE6XDrHhe21C10idoC1lMoO12VWziXO0hRhgpxzW3t9kDpI9vgkutY8Xf2Lrfh1oIZoo5UurFyyhoyM7hn5Q+cA4zwOTnje0+PTPF/xI1TwhJrh0u6kiXyobqIlF8uINIFO4DdgZxjPzH0OPnXxTeXHhK+t4fCM8+hPpZADRyMxfIXGUfOAAcYJIP6VVtfGepQXw8XyzwarrMznHnRgNs2bSzCMx4PbFb8vMc8qdj6gg1jwNpVtb2s0L6dqMe5ZJkH2i286P8AjZSX3LJjPyjAz3HNVLG3utQ1W68RXGm2kJWASQahYqAJWKgEPGe5UkElRjBwOQR5j8FdE/4S+91e4sJZNIu7CJLkRyR+ZBLuJGDuB+Ue+eD3xXsk0HirULWSOG3udDNy6C1ubVfNtASQCZQuQqN05HGc9sVlVcU7XBI8r8b6nf3Gly3cMAmXTADI6LgYdgBwOgzXK3HiC1vmj8P+HbL7ZbX6LKZBII3dwCxU5wOAvc19Rt8RdVsPBtt4B8SW9tc+IYozDJcYUxTWWcIoUKMEqo3ADBwenb4W+M1npPg8RXvhmGWTSruRxNG6nfaSLjb5b7s7W5xkHHQnkVEJNfEXCCZ12hFLKO5Gqac13c3LM6I0hhmSHGOSPTH61sp4dlvNKtNa8RXR1yxlidososdxA0bEEcEbt2OpI6VhfDe/vfF2kSatq/8AxMXKqsbW4/f2ysMqXSMDO7B5IPSueu760u9VubXf5umxuAs4Uq6HHzZU8k5JHArVSJcT0/4f+J49Y11tF0m3+22xjZfs98uGVQQMKTnBHHXGBWzB4mt7O/8A+EBjnuLWTdJGILhN0BkiyxET4IHc4BGe1VLbxK+jWtle2lomqLLlDIhCSoCMAgAZOfTA71i2tjqF3NaLpzx30sLGWO0uwNwmXJAzkZPfORjnNIxPQItS8NeAvD1wLG2uLTVtYO5igE1us0WdrFXOEDDqQOn0Fc74TjvtR1mWXU9RMIu5Gknurdg8EvUkEjCggn8M9KyLq7l1TUzcWBl8O+eI/wBxeKzW7uvMoSQ5xjrzgnOMAVykrvZ61deG9FuzpcO759uZYriSRR0J+6MYHFWp2A9+tvCj3fiRkh0smxjlDRSlyCgyMvwfmDEZANcj8T768ub2Kz069jaSxkIcL/rMBsAgjvnJrofBv9reB/CV/BqRknvUkUx2StlwGABMbrnO7OSBnGyvCb6yvF8fR3/iQjRkvJfMJkwVRAoIVlyMbuAd2OTmobA9n0zxhL4X06Nra1i1TV/OMhlnBaNRgbcAEEHPfPByfTHH2HgDR7rTpdc1bV7nRNQnO5XRN1sfN5KldoJ7/wAY+vBqfwN4l1KH4l6daeGHjkZWeUTkCWJkRW3KwGeGHGQc88EHBrufGU+v/EbX5/B3h8W9tGWXZZkhY0MKbz+8VMknBOAB2GKU5G8T5/0j4O+J726FxCLbXdEE7hxFMEk2qe6sVwxXnhjXT69pfg/Vbq1sG0MaFNBE1v50KkKdgxGzRggFlxyTndV28j0S10Kfw5qaXGheIY/LX7RbliisjDc5Cuudy5BI61dtl8R6P4dk8SJrsPimCESBIbhVWQIjEHeSxkOcHC7qC6pmWvh3xbpvh7T9C0TXE1m4W6ZLaF9kbbZMyNuYk5UnPJPGeO1aPi7S/GehaRe2fibQmhaIDzWQg7cgMNoBOeDyQcD8KXwbqPgfxhFqep3gm8LTaKyTRgkyxThctIqtsGGQBTt6/MMdMV5d4q8U6346+IZ1rwrrM9wYEW3tlnbyiiquDnd8pDsWJLHpj2FZklbQyNQ1PbZ+Im0eQhQBOH2eWuAQzA7cDOea6bxjeXcmpjQtUkiE0bIIbtFY219IFBYqwXbkA/8A6q7/AFXXfFw8Gx+BdMg0zxTe3QljmubaHzZmjBLFcRn7ynGDjjbnGel/VdA8IeCPCcn/ABMbu4utUhhaLSbuMkpOCpdlbaNu0nOCATjGSegB4Lp9zYrPqWi67dz6esUo+ZELx9M5YKc4Ixg4z61XhnhvNHstWtLG4naCVjNcFGMOUbgb+cEDHBAGK07i2vvE+oWEGm2qlZ5BG2TtZ3YhAD1xjjB4r13wn4T8Xpdf8IYb+PTre5eRmtsIRjZnLsu5hnbggVoBnad4htPGw0nwfpXg0yWjT7pLhmdCrBd0mLjpgpzhiOce2Ob1K9Gq60nhYeGpLLT9NfyLQXIcTSTSthwu/AwzYIJJPckdB2mkyfEPQbbU/Cmraxb6dIp8u3IljEYb5txjOAdwOPr74Fc1e6L4htpLme88cQpqHmqYvtMhHm7sHcrjlWGSchW6e9DYGFexHJ8KalolxDJp0jJGoc5JkOcjAwchgQcsMHPSsTxJ4e8J+Dtbfw+LK/uYwquxnPl7y/zHB2qfT86+rNKl8WeGdLeFvFFnZ6le2YAnv5RLDdttO4h2w2AW4wMnjsM15paeG/Fq6UnxK8Xa7a6vZafuyxbzvKkkby0BQIrfePHp1HAzUJgcdp83gi+a20S80Zj9qV5WCAwSIyrnDFdu5SBxycemTWVqF38NdI1W21rRdQvYYWiVWsmhLESbfn2yZGUyMjIzz26V6l8PtH8YT3Nj4g8SS2s+n6jLPtmRh5cA5+Q7lUgZXAznjv61tc8J+MdTuo7+PQrP+zNMvFhs9PjEckRyw3tmIKPLcrl29z0GMiuFzgvDfhnRPFj3F7p2qSWdtCxkuftCANGhOSw9sZxz+VaHh99T0a9uotA8aFtMgxt8x2ijeM/wtHIdoxkjke9es+KIrvR4tY03S/hulu9xAFnW0dpVYEZyjInzcMOBg9c9q8L1ubQLjTtO1DT/AApceH9N1CJ03mcywyyREhn3HBU5/hPHHHeoloJns/ifxh4n8ReH9StLi30/U7GGOCa28m3WSXzFZV8xXQnG3JJ68Z7Zxp3I8DaB4duz4q8KXdnr+p7lREYs0QXJ8yKRmEZHTIGeoyCOngngrSPDdlotp4p0/wAST6XrNuJIrhEi3pIrthPlIwQQMtyRnBwCOfUIr/xn4lbT9PvdTXW7W3kd4xMF27gDkOfvHgkYJOBwOK1TBnm11pXgmLw7L4nvdXuINX1BDam2gG14cZO9ucsrKqjgYBwOuaf8PfA6eJNUiubPxjZPpFzEY5bXUPkmMifdCiQ9MdwcexxmvRk0htV1iPTtW8CxX1nazJ5qQI6sSQGKedAMDcrA45xxnnp5F8S7zwAbk6V4T8OyaO0M2yYSXDSiKSMFZEAZm3KSM7jgjoBVOTbsykrnVWl9rnjzUINO8P3EWhmzB+xqFMlvdJD96Lj5AQo4yOMHHSrXiOwude8aWfgPTtOMD3Fs95dxBv8AXyLnHlk4GVCnjIz0xkDOHoWm+IfhF4S074k2Fxba/pGpSOyQMWjMcrK0XK88qwOTnt0HWvZvgl43vZ/Al94mMQ1G30cvJcQsfKltjj5VVjgMG6qcHrisa0OpvF20PIvDjW0FlJNZ2tvcDSZ1kaOcZLx85jIOBt+Uk5966/x/491HTdO0O70K8XT4LicA2mnSGOJogAWQsvQg4U5Hf2r50vk1fVdevptQIWe/lkupDJwSHbJwMepyMCu9u/BkN1oGl3Udz532aXZcROhRUH94seDnHb1Na0aisKpTPaP+E21W5+ICaRY6t/ol8VUxRp5yxkLwM4I56sykY5JxjA9q+HVxexW1+1jqkAv1aaBrFFXzduAD87cgEjjAwPXOQPmjVXn8Ea14e1+FFlsr/AtbSFt3BKCSMyMO5bgnJHtiuq0jxQsPxGEOimeLWrklnsrWAyRRI6jDTSEbCCCCWHRiScUVYqasYqbRcWx0e28Vaz4aWwW0WUO11LPISy5w0m7dn+I8c+9aV1pK33w51Ow0G8udde4niQpKCsKsrhlMe7AGMAnnB61x1/HZnxVqunXlrDpWoXhZHk80zZErEFmGcJ0ztz7V6F4f1SHVtJj+HXhaO7v5bPcJLtlSGM7Hydrb+BkcA9QcU0Z1Gc74xivLb4eWeheJSIls0hEKWTna21hmNyeOB1GDkisSy03VNMawurG6n8KaabbzJ2kZxNJgkg8HPPfkfSuq+IPitfg1or2GstbDUL+HzYI0PnyknIGQcAbSM/NgE9DXxb4r+PfiDxEtha6vbebBavJsQHmRnwBkBTjpjAz16GoqyRpQoykew6dcajY622t6HqK2rySukl1IAdwJyWAYHJI545rb8S3Wr3fjWbw34MNrLcwwxC51d2DeaHRWZlKjC7STng9OikYFbwn4YWwXw/q2s6LJquoX77zpm8bORuUSHaR8vGc/LjIPGcer+JYtM1XxtbXbWlzq2trGkQ06FxHFZRqMsGk2gFN7YJIxycleBWaNKqtY+T9c8TL4S114/FV/c+MHgcxxAyMsKPkFtm48DIxwMe3St/xd8SZvGuv6hq3icQ2dpYx+aLG3YrlAmc7hhnYYzk/QACtXxnLDJrOu6H4l8rSTbuzxW0IV3iOMqAR1IBAJ4zz2rxvTp7Dw1qya9cefqF8qssMKgBXZ125cnOABxwCc496yrSsVQjdnk3hLxzqTa7KxkGbsuJEkGVKMSTnuMHBGK+4rjTvFOraLpGtXOlQLANOTyWLI6rGEyrfe3AMOSMdK/NfUPE2p/wDCbTavqkJS+e5VpoSvlnnAKkYGCR3xjviv0fF/oGl+Gv7K1PUZ7Y2VgTbKA7q4ly23ABxjPfAqYTOuulozxwab4jgtV0eO4XT21eVIAsZH70ltoXIwep59q95sNLOrPceD7PxpP9v0LT5WgtWkcxIyKDJHE7MqLzgEDkDqOCB5tZ69pT6poOrk+ZdaBKtzEqKQ0piYNtAI6tgDmug0qw8RahZal8QrTw5LaTT3EztcqT/q5DlgIm5Iy2NwXn2rphK5yTiV/BH/AAjFrqEHiTVb8X2p2HnO9lMWhDoqkBo5sHMi/eA6nkY4yek8CweD7ptVuZdRvIYrY/anaaMOqHd8xJTLYz3x6Vzer+E76w8KaPrVjocsmqXExa4ALKTCzMI18onq4K42rnjnrXqvhrw5r9j4fm1HRtHnstUu0MUgkVVHlMQWDK4APT/9dVyIWhf8LWnhT4hXcvix5b1Luyj86AtiUFIGKsCuGIAOBjdnDZFO+FcFhrXirV/FP/COIJls3+SJ9rK4KgbA5UAsikZ49TwTXMx+JfFvwvgtLrwto8VpeJIY5xAoXG8Y5TDKQ2BknIBAPHFY58WeL7DSNei1Vobee/kZXV49rqsgyXQqQMZOATnp0rGrSd9B3ON8LeNPFureI9Pu/E+hx6tZXDnTZmQtD5oIKklxkBkyGHCg9O+a7STSta8TfEq8drTGjaIDDE8ygvArgoRlc/KWDHJ7AV3H9h654S+H914U8VeIIvD0t5A7wQSIk/mmVcOgaMs3XaO5BNc34Z8PJ8KPDdp4w1nxYgsfEFr5P2SwYyutxnKLLE4w4UI6ngbTwDnkYRVjRGvNcfEyz1lrTw/NbyJoFxC8FttXyQrA7XGQOVByQe+Rit660vUdX1rWNX1PXbe7TT1i3tGF3OxG3aUU/Ky7cY/qDXzt4HsfAmmSXmt61qty9iI5QbSFTFK0v/LPBztLegPTOScA1zQh0WWzn8RFJWk2m3aAE7TKfm3luRnByR7VtIGjvbrxGdTbxBe6fcbLO0jMcLq2CJmO1CuMHk5NdJ8KZvF2l+E9bt9Eit76Tf8AaTHL8rwl1Cs4YkBgQo4J4x74PlWvXHgfTvhpYnR4rmPXprmNpmdG2led43D5CBj5cZPr3A0/gld6T4712Lw9r+rf2VExmAnlTcxaMBlQdfvZPOOg7ZzWbZVT4T0HVfCXj3RbI65pyWlj4pS4aSRJGhWbyJMqcbsq6H3bjHHIrp7q58daP4bMt/dafa6leXHmo9w0ccuQBgIwwhJ2lu5x+Q3bvS/B+v6xZrHfX99q2iW5t54nAlgg8o4AVgnzJktjngYz6V5nq8vh3xzqGmWsUV3aXNvutFj3+dCpc5VlX72Qc5wAMf7tdUTha0JfF93qWlaU2vXepRzXeqoMSrht05T5iMAqQMdcfrU3h7wvF4P8Hy+IZfFpxrlqsMsMTK+GdWAzyxkGCwHAIye/I5/XLr4eaN4k0fw7Lo897psM8cN0+/bJNK/yErk8AZB7ZORgDFTfEfxbYW2vw+BvCHhue40zRVgnHmxv5+3GXGMMRGQwGSOv0okwSPD9W0m+sLBE1DUIZYLhtwKyea+ccZ3DdnNdXFok2neGY5J3kvbOdFlLKvyoXAG089j9KufEDwwf+Eg8ttDk0oMElSF5BMRIc5IZeCCeO1b/AIWt7pfDetzaiFWO2WONY3JQs7HjC8g+tR1N18Jn6N4MF7d3H+k/2Vp8mySKMZmYEAHcAT0OM9a9vtIb2+U6tqtq1zHZu8UsQY2/nWwUlZOu5eT0z2rFj1eCwvkuPEsRfUrmMP5W3YEGQFYkcAjHTFX9H1jTx4vS98RzpIsshWO1YbjJG4KqPlGOCfTtTqbGKPP9H0TzNOvtSsN1lpVw8rPn5zFEM/KW6naDjOO2aveDhJoMV5aeGrk3GpTtutnwqhgikjAk9s561uyW2hN4avvEN1eXml6Or3Al0+1BXyMsNkJ3qAxKsBkjHPJHOPKX1COX4V6rpM1pBb6jK6y295PtMq25CONnGR90gc4wcY5zXK4nandHQaz4iudM0ydPEETamNQuHM8H2lkVZ4mO9sKGHLHPHBx14rd0a407VvhpqNt4iv4vD9uoj8mRbWWcXSsxKxll5UqcA+w+tcb8N/E7aP4YeHTbhZdRlzBJDLAWjkjUcOxIwM56ZzntxUFlr6rZf2L43tpNU0tMvbLCwRopMsTnG3KneepOPTpVi+E63xFrGrWPw/bTvBUcrwXkRS4VoVLRxFRkjK5BYDqDx1qXU/8AhC4vA9l4gu7a41a6udixtLcFCp2/OCqbQACG9eSKrC0l8SeG5dXtNSbTSA4AX1H8LEEfeHHtnNUBYaPpPhWXV/D9rbatfSiJfIdWlZH6NtAJJwecccZp+xUjF1mdf8Soba88O2d7CljoAjWEGK3Gx7oHPIC7N2AQWHJ+XNeL/EzxbeaPaeH7COzW6jkVJobyaB1BCjAEbHCt/CeOmMV6NrNjPqHgzTbv4g6rJp+p28UjWdqLMgmNFGxCyAD5sqOeU71ifEu/uvEnhjR7fR4Jrfw/bW0UT+cY2HmoQBggk8bQN38VY1aVjqozTVjyP4xeG7/domsalqYAnhCvaKhDQOfmZlG4hs5wx4wQOvbe8EfFHWPDWvWMHiOCefSFURi+nifk7Mhh8uC3GM8k8k+td14gPw5isvC51WG8OpILUXMGRJAbdmyxR/vDBBwvBAPoM1H8QdMe78QT6dpvlDRNsbFBIGVkIGXLbiQd4PGe1ebXw1z3cvzCdHRPQ9IsPEfhnSvEX/CWyy3d/Nq0JS5ig2gJGu0pJkbcDjBOT1rm7nw7dahrk+peN9TIlnRVsTLKshYoRhdueRj6cmvMPG5s/BWqaQ3hKU3FvLa+VeJHv2F92SuDwQVA5Her2m6H4ZudaTXJb2WJJoF22sUfzhsqwYPkgEHg8VrhsQ0/ZyLx1CFSLr09+x6Z4E0zxjp2sXj6PZboBIVkJwp2ZO0pvx68GtVdV8CJ4q1XRLPQRcMLjy21G9PlrbXcpIMhYBiFU/N2AwSBWlGnxE1fxo2rrdS29msP7mV/KIkGFyjhCQQxLNk9CAQRgY5bRNW1mbXPGLeHLaN9MeSOO/hdTcSSyqzoJEXbnhgxI5A9Dxj0XFHzSrO5xmo/Cuw8ISSC816PUNdnkZoY7cecjpjcT13ZJHr+FcDrb64mr2WpeLYZ11SWNTGp2CM2rbsY2DIbdu4NeowXmjWejvY+FrNdQ8RO7m31HeYzChABXypBsJA3cn8q4TxIx0i1sLnxJINW1i+fy/Kd9728fOVGC2ACenA5rknTOqFY8zZ72y1hUgBgEJeQSKSOG425+lc5rWiaXd20uoyIqKqld2CPmxgZr1XxFCmmXzWELeesCKxYLt4YZA56cV49qjaijeUkJm0uZzhRk8nqM9q8yrC56MJnzv4n0G60KWPYROs8YkDISRgkjnIHNc/biGS3kKxnzQO9fSmteDNWurItaPDFDdqxQM5LJjoCMEg8188y2k8TiIPskUndx39K4KlFo7adboYmxwvfGearsgLYLYwcitdoZ/MIQ5PeqU6OJT8o4H61lY6UytuIVtxJFOS2clZV6NwTViQJIVCAKcZNQGUEgb8K3GB61mzdMlmVIgsbLhhycVmykhyUGR71faYvKA4OF4NQyQb43MeaiexUSi74OO7VOnKdcmqRIz05HFWIHIyPevKqI7qLNSIkhWHUelasZ+Tfu5NZkR2r16VppIghKqOp61gz1KDNFTmIMxwc9KvRfvO2BWXEVKcnLelaMbbmAHyk9q5ZHbAsRllYJjg1bUndioFidHLHr2FShZM5Y4PpWZqW969E5NIMR8k9arDEXC9WNKGLEEn8KaY7k4k9OlW0OVUsapwrAwKPxUqybMLjikzYvLKo4Xkiplm3EHGM9cVU3JkECpQy5wvNYMtM1o2G0fWpcndnt2rHG9CCx61b858bT/D0pFJmkJC+Q/ajzDwVqqJBxuxUgbGRnrQVcn81lOQc5qNppH+8cYqIvjgjjtikBAGelAy0rN3ORSOTmoN7AZByKaSGGSeaAJMsT3FHU/NkVHu56UeYoPzUATb0A2KTnvTHduCTxUBmjwck1XaYSDavb1quRibNBmwFPVRTXl2RsRye1UTcKq7HPNRefvOOoxRyMgc80rHzM84xjtVWaVmIU8j+VRvIQ5ydymq0mR8wPBrTlRDZOzvkAYNV57jb8pGeaQS7EPr2qjLK0gJY8iqMnMfLc/8ALMnJ9KzdzM33sKO1WCVYAnt+dMkZAPpQZlUnMhbrntUmeQD+lG5WPmLUW9i5B4B9KdiXJEjAnAHAqYZLBDVc4AwKkjkK5557U+UFJDmTaxBPTmmb2znNRZY8vzu6UxnK/IB0o5SJyJ3YgAnGageTcCRTJJGJUAjpVbPLKSSa1jEzlIl6jOarPKFAwN30pkmN25SeOoNV3ckYHFbqJhKQ24yWbnFUXGxGfOc1ZdwASenQ1lu28nGSAao5pSE8wsCx4qCR1ZCM4NE7cLg4NVQQeDzVpGM2GI8A56VCc464FOYg9O1B2gL3z+lU0ZpjVQuSP1qbyiSFVeAKUcMBjANTbzG4Cnd2reEDKTJo9qoEJwaQGVm2swPHFI0kZGQORUgQAgHvyDW6iYsSKMdc7SeorSjgG4Anp1OaqRqg++O3YVcgiZdxQZI5ropxMKjJXjxLsUZ9DV23V43zMMr6CgwM22S4bbG3RlPINMIUlnjLPgY5710qJzNlgpC82wLz1U9ga17OeZSrSgYTh8dTWHExfvsPQVqRZXlMuxPP1raO5nKVjTuER9ktq+Rnp/jVWfDZR/3ZHcd6sJ+8wFGxh2pxT7SdkhCspxmrtcyYW1qyHy2HzY3ZrRtyHlMUnCZxuxV+xsLuaULOMKq8t2I9q6ew0G6kJiWPzIychlH3RXQkZyqGANHurV1ZgrxS9DWrcM1pFGGAUHI6/l+Fdr4m0qfToLa1YEgRRvGcckEd/cVzHifS5bLTYZbhiPOX5eOQcf1rWGhjJ8x5neok7yspy+a2fA+kTXmsxvdZjtQ6JK6gExqxAL9+lc9a28U92Vmdkjfj6kV9ifC3wDp8lg2t27xTyeSfNhZcMF67iehwB+GaJLmHKXKj0/TrrRPCnh6zW3aU6rYkiK+GG3QsPlQKSVYEHrj05xxXXW+ieHda+H9ra27rbvqdyskd3KAZIpQQu1QMHawUgDPQ5ri9S8MahqOkk2jJJOgHkRI2QwHYHgDjpmu70DTtM1XU7AaxYGKOaNRcxQHy/JkyCzJwR8vPBz/WuqlT5VoebJncWF5qFi0FlqUZt1tNsTzAfK8QHVcj296878UaP4f1S6mudEhmup3BBkc7TvA4PHy9PWun1y1ni8ULcX2qR30+mETQ2bxb4p4FbI3hdowcYcYOeRnFZesa7aSw6hc2Y/sCw1B/kSJfOSNmUBwMBSAxB4AAGeMYFaWIaPL9Ti8X6R4NSS/1KC4srmTbJajYJInBwuCOWB289O3UZIy/DMk095DPFCs/lgswcZAXpz+dHiy0sgbK60WQy2VxFtMpU4aZWYMOcY4AIBH0rl9J1Y2NzJpkRdpZlPzL/dxyDjsaqe1h2Pp7S5ru70FPClzYIbe+uj9guFYH7M7nKJgKcfMW53D7xFVNRa40fxC1jqkS6hcNGIXG4jAbkcgdjntUXhebSNY8MWcEmqNptlGYlvTKm94ZmxlwnBKMeRggY9wQNXxNcS2HiEacM3sNlGghvWiMLSxuoYEhicgEkZB7GtIRsiWjitT1LxNaalqelrqUawRRjFsoRw8LrnYGwGJA4ry++161lsxLbQETLJ8ozzjpjFdrpOpeENS0u5GjyPea/BOziVw4V4Pl9cA88dAaj8NQaJ9umXxjL/Z1vfpJC84jyIJGHyEZ9+Mg0xpK2piXer2BjiF/pjwX7srfZjuxJEw4fOBnOMcV22j6jZabpMmqWO+G0TCvYu5JifODxngHrUWo+Grie/ttJMouFshi11cSZVkySFIOccHua6zQvDep2WpzL5EV3clMG4lJ8og46qQeRjHTNadDKzvqcZ4ouJNWtLLVNVmzpU2Rbqh+ZGI/i79Qa4E6VqmmXXlanJGltdKTChYFJVzwDg56Y7V1N/aLNrb2WnQNPqttv86NseWHBwcHpwT+teC6vfXmnXVz/abSzy7uM/KFyc9DwMdOnas3A3jE6K8g1DTr9HubNIWxlYlI2hT0IxmrF79rlIMS7YuA7EZ49OlSWUlvq4tXivPN+VQ+5iCMdVGc1bupEaSSOxc+TwGwOmPwqCy/d32jPplvDpE8mm3NsyCQKuDKnRyMdD61ty6XfaPNFHFK9vZXCiaKcNvchscgr0yay7XTbq70+61bSLdbh7Ff3okxkrtyzYb0p+nvp1tpizgt9svW2R+dlYITnA/DuaswZna34q1O388apa/axKdgunwXZR0IA6VwulWVxYn+1LVDi4bCu4zswevoa9CNj/pRsNdAleLDEDleehrqxq2laXPFAtoRp6gZLAEBj3CimzWJ4TrCPeX73EE32vaoZiFAII46DI/KvRfD/h5L/T47+PUHs50YKyFMsoIGWyWHB+lY8Ntpt3d3cFv/AKPcyu7JjgEFuABnHQ9K+g/hHoZttD1b7Y0IRChLXCAySLICMAE8BSuazl7quiTEudOex8NMX05dQ+yMXW6O0OFcZJ2Hk846Vyl/pq2Ohw67pzmSSQgtEPm2556ckflXdfEODVfDzWh0K+/tO3lXafk2DJz8gyTngV4PYa8dK1aUXaPBHMT50bAgjdnJXJFXTWl2BfjhfWpljkjaB/vBh2z69qseI9Ci03QikrK05bcJPTH0qys9vp9vdRWl4GtrjKgkDeynnmsDUUN7cWtlZKWhJw+48DND3LidXodlHJdWryW6zeTGHY9QQRkHvXfXOq2VhfDXrcfYp4YtjPGCQUB5zivH9QvbzTRBDYTND5YEeVGNy8jH0ruL211rSNCsLzUQhF4vySDO3ON2DUJa3M5nY+Edfg1XUv7RES3U0j/ckBZAc9WA9+efpX1ZptzHPpt05ht9XvYIDKbR0ItoVQ/eVipBwDk4+lfMfwn8KWtxbPrNxIJN0riW2U7WdewBBzgnofXiu4i+Ieq6dcXWjWlo9tpF1lGtwv8ApC5OAC5wxGeoJ5HFejRWmpwYhX+E6LRPE+k2tje2F5KmoXLyENA4YCAoWG5XIIPPYEfWvRdC8V2GoeGZLW9v45bBbkD7Yfl+xyFedyEDcvPt1PtXk1nqsF3aTaVrumHbC/8Ao6qdsyhhnJPcHIOOM4+mOtgttJto7OztLeCa2vBgrGF8pyBjL8ctxznJ9a6Ksk7GVnFGf40MANuNBkTWJoJV23MQP2dlxlsgN07GvnT4tarNY6usMCWwnuMFzanK+/BPB45r3DxdpIsUtItOaWNGUiW2gLGHknDEL68ivmfxbY2J11lhha1kh/gJySx7gHpwaG/dLofEel+GEmvbOLxQLQzQwymHcW27325OR16EZr0c22l+JJoYUaOe5nZLWC2yCVJ4GGyMc45PSvI/BMOp2ds9k9wzWlw6lE7BmGGOPwGK9a0jSra/vmP2WHTWd1t4WBKlyTgy56DqK5oo7Kz1OR8baN4o0mOG2trL7Pb6NlZZTKjFn+7jAbJ/D161yt3pmrW+jSpqcSCTUkDphhxxkZ9G55+vWvoLWdK0uMz+G9SLXnkECLbnfJLtwpAByeTx/KvJPEfg3Tb/AEuOW11CRL4k7mA+Q46Ky5yCMc4/Kt+RnJznL+FoUt1aSPDPasDjPIPH4Yq/qOm6rbyf8JJYljcKWcoccqc9vSpvCMAtrS9mlxJdRcbSMK5Ht612+nWL6vZQXlm4W4dtk0W4ERrz96iMSpTOH0O/vdQ36tBAsOWaMq2GGcA5HT1rorK7W5nEOoWpkWNCoKttzIxABIBBxXW+JfA/hc6K2raIz6YIAMjczRzy9+DnBPQbfx46ZXh/7LaxPbapYq1ztyro5OQehx6j9a6IxSMlJsji8JQR6jb3Wol7iGNS86k8LgfKM+hNdTpmt32hahareKJo9Tj2pCeALdvuupHQgdqSG3DukTl2imA80ZwSB0GK5rVH1mPXbSJ/LlSQpBFu6xw7uF49Mnmr5biauesajr1tqKQSaPaIYUYWiOrfvFY8FyD7HmodY0Z7u2lvwY5nsI/JgVj99m6n3PNeXWsdveapLf26tbvbHywqkhHb+8BXp0c01vpaLLskS23O397cf64pTjZWOWpGzOFubCxGmQaSqGLyW34HaRhyw9T6VxOo6XfaWSs84uFX5hIBg5I7ivd9S00W5s54FSdYEae4HAbDcgD1I5rwfxjJfy6jNbwBkhP7/J/uDPH1qbSSOmEtSr4KhSS+utP1CcwLOdykj+InnBx3r1Sze20+0eVNRnt9SjJiQwjK+UQCfMUg5FeS+ENU1SSNZYXhnvNOnEwgmyGeNCGBQ969Yj1qHxPbHUoBBZ6tdf65F/gVeCDu6kAVkjpq7HceDfEcenlXNvHdRWgeQSj5Hldj91lOffoB0rB1fW7/AF0z2N8kcgaUTzNjbL5fXYMYzn8K5KHUPCd3eGDxDdNa2lqoVXtiVdpQBg7cE7eo6V1Xh/RhrdjHJpSCedz5lzJMdhWBcYx654PFUzkOS8TeNNUt9Ws3lszqWnXEQtYobtS3l46CNiTg9x14yOOoPK0rVLn+2LAvpVnpERkcxuX3Tp8xX5uh24yoyOnrXceKfDuosNL1K4u0s0ndbWJQu4DBOD6d+9cFF4YGl61e6H5ktxCJBcStgqjyMqk5GTjI4P0pXKTvoz3Hw5ZWuoWaRR266jJep9rlcnDGEgHGD6envXMeJ9NsdNktr+4vhZRX4eOJNudkQ6fN6jI/Os+6jl1iCWxvGFq7KHJH8KDkYPfpXnWr2N82m200EP2ed5RGGf5laAD7zKDweBxUqHmR5CX+t6K+pC3SRpdPtI9qy4GWlz94dOPc1W1Twc/jHwfJoCzq900rGWTZ5iiNlbGVOAw5FUtW0O3/ALNudVt7yCWJIvKVIl+ZpRnlgfrjjNW/Cel+KUubXQReppz3gEiTj5tqlSxDdMgYxilXSkrM1p3vdH50+M/hn4m8A68dM1qA+XOT5M6jMcoXuD698HB9q50tL3biMY61+kesWVz4m0jUtE8UJBc3P2h7dIRgb2iOA6Z5BznB6469a+GviF4Sn8M3txDe2z2M0eCI8fKV9j0Ofavgc2yt05Ocdj6nAYrmXK+h5hMm9z5h3Z561kHSJbncsLY2ktmtSV0nIEQ2Me4HPFSaXftZ3chkGVb5SO4r52Z6TOdaKS3KMrFiDzn2rq9KnbUYwh9eg9RV3UNM+1fvIcAsBx6j1qlZRXOml47YBHwea5JzuacyN1rtRK1m8RZsAkHv+FYmt6lc2kv2ZVWOMDnPvVeO5aO4F+8paVePm71Fc3cGqs7yIHI9PasUMpxapviKEkOtNXVZY8oH2Z7H0pHtpVj3QocdwB2rPEG9w8wYY68YqSom6blMEtgt29q5y7TzGJAG0nPBq/O6wpuIJB4wBWSr+aH788DpgVtGmWihPDIr+YvzA9hUtvazOyEJ8v8AF71MJ9s6BuUyB7V2ws4JUGxwMjjHSpqIEYs+lpbR+faS7nIGVHrWNNLdSqFkZmKk4U+tdQ1peW7b0wynoR7VGbBBcG4kk80nHHTBNc7ZZSt9IguLRWkOGJwR61egiW0H2VYznHB7GtaDTxI/nAbI+w9x1qhcNMJTHhmUfdx1pEtA2mvKuIRgkEmsSW2uIFxOvBOPyrsdKTZGyupVgec+lRXMsMoeF2GMk/N2qErjRysAuCCYkzs647VHfzbQssrGLbzx3NXIbjyZNyHgHketJJHDegmY4dskVdrFxOXk1C5Y7t2Q3SnTahdOp898kDCn0qvdQi3meJm46iqxYnIb5uMCq5SWdBDqkcwQTJhioHHtUUj/AGpGDSbQT0I9KxyGUghee2KVZMEhvxzRygf/1tzwldtHZ2V3aaxcWbWrtuWQMyQqxI+UMNvzDnj19a27Sw8W6vrbeItE1K1u7yzcgfaHOdjZABUKTtYEjrn0INc1dTa34k8608NXNvPbybBIbhWiIYEHC4HT1JH616LcRw+G9Nik0Dw55mowQFbieKVmaWVscqDk4HJwAPpmv2ZJn5Ozk9bl+KeuTafpetWVlG9gzXG2FkUBJHwdzM5zkrjB5Fdl9nuodbhsbfTINKF3hMEiX5tuScjvjoa858I+ENR0jRf+Eh1Czu7q6umdXVlbJJOMvu+bnsTXX+FYIfD8V5r97p8lzfWwfYJn2g5/u5Bxx37VY6iuM8aQeELx/wCyLi/limVdkwQFlWQHgkYwcZ6Cvm7xrH4b0uG40ESXWo3AC/ZnAIVNwByykjAJOOnavpGbUn1C0l13VZtP0i5uJtsbOp2qMZJJ5PTv7Vw9xLZ2uuTavpuoQ3D7kDXUcYAuAoHHIBAHTp2qYto0ow5TqfhxHJD4Ls9EttF063SJWluri+UNJExH3xkdTtzk9Bx2FcxfaqmiRxz2WuK1zPkKlqT90kZDlTxz2PX8K5HXbTUfEniWfwi9xNbLIwlZUY7Jn2iXDdAVHOM55HqK0LPw3428Itaardi20jSY5QkUu5JXMqnIyvzE/d9K3ixShY9q8X61r3g/wx/YN1okEN3qsex7i8uASqtx8gj6MDyctx3HSsOLxNB4b8HmGHVbC+1O1YfuY0aUMXPKhsr0B6+2K57WtcsvG8ssMVvcarqRbIuZAVjUhcdD/DgfStLS4tWsbXTpdQj0mxj0pneSRVzMwc5JlwDvI6DnI4xWImzx95NTTWpNauLRre01GUujtGRG7tw23cMHDZ6V3Fv8O9Q8YaZeXc1yLO1tImYzGIszbeoXkDjkE549Kv6145vfH+tP4R1PVJLfwraS+YtxBbs8cXykhmAUv8zHAycA9q7Kz1zRNS0S/wDCfhK/1NltS0RXbtEkTMQWOBuAbk84+90pDcpHmlh4butYsLJIdRkeS0j8iIR2/YccNnknv1NPutd1uxnv9D060ntre7aO2kjaAlp5EOV6qTuO7gKQa9stdOn8B6RFo2qQXLX18xe0jQI7Bh0GRwMsffOeleU6wnjLSRPqurz3QuJZkKRMAJC7EYOSNwAxxjGKZnCbbNEalBbeH7FtZ8qDULMNGbcxmOZ1JO0uvBIUY5wKxvDtm8Wt2mrW8ay3Mg8yEMeHwTwckccVHpfhn7X4ss9f8YSXsaLv+0xmMzFwVO3DDPU4yea1otVbUpLzS3tkvItPl22rSxmCbyG4UAYAxjnpVNob7nVXHjLxHJqJbWonjtoiFlEab08o4DYPv9aqN4x8Eaxf2+meHNL8uVJQySQ/uCjdNwHAZunBHNc1r+oR29hJpmnm6h8hd58sB07YDnO7FVZrc3ulwX/kxtPYqJVlgYK2D1BHXIPrnpU6FU6d4vU9n8ceJdP0UNZWGrreXaRxEOy4YSOOR6kgYOffB5rm9F8NFnfWNSnuWeazN/E9vJ+9Ei4dSM+ueOhzjkVyfw3mksfFWp6/fuj2iRmC4huoxIGjkXO4E/dbcvXHTI70yLxp4b8QhrDWdFiay0Tewlt7p1dlkY+WmAFPy9Mk9ugzSEo2Vhmvau/jTWLeS61nVtNuZY9pZgfIYp6BTgfhxU1rfXLXdhY2HjQRyw5CSXFuERWKkEOzjDZHAznmuY07x1caZp1zp7Xskc0M+63DxByYyRgk4I9c/kK9YuNE8RbC/idNLvIYQZ3ZyNzKOSSuwAkfT9aa0DlPPPGOtax4NSGyuvEdrf3drC4hgaIfJ5rBiTt555Iz/KkTQDd6LBda7f6LKNVtVuImQIjKANzBsKMMvIYDoQR2NZw8F614x8TuLDS2m0cpJJDIqYiJTjaHJABz2yOnSuA1h9TF5p3hnT/B5kuy3lKUDu8jEZwu1cAgDPJPHpzSDlPS9E0+TxLfIdb0jTLuzuB5URiX51AP94kkEeq4rU0+213xN4jt9Os9Es7q0sZZkaH5VHlx5U7wWIPQcgYzxXnGseP9G07XbfSj4Sl0iKx2xLG0jErJxklWRMnJ65z/ADruls/Dug+F9a8f/wDCQXtiLdJbYW8R8qWTz1+4pXDNlu44A5PQ1NxqDGa3q95py/2Euh2Fppdy5kEUKjDMANxwDj+7n5c8VanWPSTYw2PhOQJq0Bli+xv5krJtBJ8uIEgYZSc4615R4Xvvhhp3hjTtVEmotqzRyQyIq4EMhLAOOFRlx02sSM/dzk03w7q114Xit/FOg+JJ5dQtJiohdX3xxlmGAWLoQy4OAOCfUU0zSULH0F4d8QeE/DmiCfxFpd9ptzfeZG0VzC0kDgDDffUfQjb/AI15de+CvEWvfZ72TYNH1rdHaSWr70jxnYWiyGH3MMT36mtqbxX8W/F/im80vw5rMOtSeQs81lcrAIhEuFIIZVXDbhnaQTn2r1KG+jjNtbaZ4VFlcagYzLHYP5hjwPmAUIoIXJORjI5oZhznglz4K0Sw09dNN9a6lrUZ2z20v7p956LGx5IA6epz06DqPCWnWvge4M6ajJplvex5mtpY/tESSr0IZQWAJ9DyMZPAwviS28Jv4hvL7V4HubS5dMmQNGymNAGIIIJ5GTXo+sfDv7beXkesatNoqTxRSxZh86GQYO5S+VC7QB3756VPOaHz5468UeIZda0V/FNzZT6Vel/Lms0cSIiDOGB9S3oaybTXfDuo3Cpovh+7vJbWUh5Yi7bockZwMgZB44P1rq/FnhTw5cX39lajNDfLDEzwSWEgPGcbmwcA8cg16R8F7iXwTouuaRpOsLpH2yD7RGLxATvUY3hiB7cHj2qZGy5eU848Q6JYWlze+HvDmi3K39qUlkd3cZV1D8q/oD2Arb+Hfjm10/w5r+m6nYXVtLeQZkkh5VwgbG5WK4xuPTOa7nQdd8bf2drXxF8V3sdw13AqW7OUBkaIsAgRAAFyORgZ5POSa8h8Jaxdahqcl5qGvW9ols4d4hGJEO4nC8cgDGOc+9SyUbkGv29u9p4istcurDTo4XE0WCWV87R03A7s8ccYzkZ40fhDaS+JNeudQ1H4gCxgtnMkaXy/upQ2QyqHkUKB04PGcjpXQ+IfE2t6lG+leI/DcGp6eu0oIi3EaNkFsbvlJUcYHvWJJpXgFdP+02enTWDXMO8hH82OAnqcY3cd/wCVYWN4vsdt470/VvFSyeEPBWg6drVp4ZV9QvL60ljV7hHUs+HJQYXJGMsTtGOmDy2jaJoXg6O61G/1q50QXkEbx2rRPvyezYGTg5xkg84Ga4L4X658KfCUF34k8S3mpx61GXhgtY0CxSRSY+8R3BUEhjjJG0HGRseIvEWo+L7HStZk1BNU06ynKy27osTqRtIBwo3ArkZ5x+JqqcLlVNEWbTRIH8VvrQ8SWV5bzQeckk84Vm+6Nh3Ywwz0POB04pdN8IeEfGHjDT7nxZHdadZSO8L3Vk28SSDGznaVwD1K9iCciqnjTSrOy0u3N34GRRbyqz3dvckMYy2SrRoCpz0BNe2+F9Q0j4e3VvDomrSWFl4hgeSG2mXcLWQgBJHByy4b5TnAPcnbkbczMG7mymvy/Bi+f4f6K/8Awkl1F5axxsnkOjTncE3YYEchsDqT2rtPDvk/D3wzfalr0lzojTxOJ9NmdJIndQdvlE4yxAwMHnODXibeHfHnjkXuuePNKDy6kvm2+o2WxSJbfbGFIQkBSFxkgYwSMnBXmtR1PxH8QDLpGsahJrFosiRPKzKJLcyNgnaMHPBrKUOZK4ua2p0dnZT+LdavPE+nwrp3kCFpbVwXVo5urq2B6bhxzniuH/aGx4msbPS9B1Fb/SrExrP5duYiSMqN5IBYA4xnOT0Nemz+ME0nR4vAcgcQxrHa/b8hnjWIrtZkVecYAzx15puhNP4d1KeW8RGvbAOzynIS+RgWjIXGEIHHBPPUmnNdyYv7R4XYa7qPgexaYt9iuNSSNTe20QmR/KzsaRSCASGIJx19unKDVrq41iVvExFlcyySSXdyE3hmkBdGKoOM5HA9c16vrtr4UtD/AMJRpc8mkXVxMzalpkymS3kjlbnYGXABGeCDw3G3GDxvxH0QWfiS3eWzOk2NxGArZEkMhXoNq8J2G326datFDfDml2uta5Bo2n6jHLeTjelxbSE+WqjcSccggDOODXpPjDR9Z1rS7e90q3TWbSwnVL24tgqXGeFyUHOMHsvGM9M48wsdP0aG8tdRs4ptDuFiwZIGyBJ0JJHIDA9v8a6e2m1vwtYyeKbK58n7XK1okinO8kF9zIeCvy+/NBkzqrxT4I0S78D2OoQ6zd3c0MiC6UJLAZcfKgZsjPA3Hjk1yXhmfTtB1W70a+X7PPKgEiXAQw+YvzL84Oc4OeuDzWbceEPEWv3cnijxSkeoRaqFVLuGQAxPGAqgooUDgdhjvWnpEEXj+3/s+41H/SIgwkgkyJcxk7cZ4PTn06UAdpp8viPx5d3F5p0RuI7VGIgEwR0zhQ0bEgk7hk8jirMFro/j7TofD13FBcaxqAbF44w8DRDcwcgFxgDbgAg1keD/ABLNpdlqGm6FpisRF/r1OySEDqzEAllztOOOlbHhDVdNvPii2oahqaTW9rbi4kniQlZnYGERsI/unGGOeeKAPMNCn1Lwrq1vHpjqkjzLAjEYwenzD07HvzXrU1vov9n/AG3Q4PsUirmdC+XWVT1R85Pt0IrcuvhfY6vLca/Kv9iIQJ7ERyeeFcBWLEdGVhnHIIzXCaANdv8AVjcataRyRKwEsSy7BgJjKnPUEhutLfQ0RrfDn4e61rXiseIlmj1uG2MhNnqHyvIZEbaSzh1ODluR2z715voui+BfHXjnV7DxBfy+D5Re/wCifZ0aWIRNI27JCYXbjgkqBnuAcemSeLbDVpZtD1LzXsLuSBWu4sh7VI2Ks7KoO4AN04/E0/xB8MPF/hGZtHsRD4rs70S742PlTCJhjJBYEE8gbS3PSqlBrYzlVSM/xj4j8QLav4e8HSW3iPRdPRzPdRQq0t2d33nRSSu3AGBjOTnjisXxPH8KvC19a+JPGvw7vdNTXbPe1lbStDFAYyAJVIKgsykdMdfmUtVvw7e/DDSmg1PTxfeFtUNtJG4lDSIJCeV2sH3g7eDgds45xX0vUfjlappM2l6xZ69ZtEwaKZI5o4Y5Dlkm81Q205PCk4AIAAArGxcJcx4v4U1rwD4XvdP8Q6V4jv7PV7dyFbysRt5oKlSojYnCnB5xnkV7p4g1HV/HMXhq58Vq2paW8txLYX1qo81HGAwZYx/fjAw49eDXz14i0eY3P2u28NHT7GK/aHyoP3saXCHDKGUYODnbjjsK9f8ADunSeE9Ls5dF8QfZdc1SdXitZIw0CycDa4YMFbJGScZ4AHGapRNJRsZWua9DZazbrb/NIjbo50+VnZTlSR/ep95rHhS4MF1r8k9u1/KqzSRjdIS7ZdgMEepHHpU/izTtf1LxrDrl/pC6JdWskLzRb/MjlmDbzLGy/KQ3GcHqDnkmt3wwvjHUvEHiPTrLwva6jcWS/araWZUKpKMbArSEKGYnP3gflPvimyCPwppnwo1LXr7TDe392bbMlndwQs6kIBu3xMin5WO0cDJ54HNc7f3Oh+ItfhitrBp44TKnnZYPOkeSjCPjacDoc9ea+g7G8+JfjjwNHAvh200jVbKaTyb7KwuMncwCSZJVhgEjcOMjkcfMg8HfGjS7eT4hWVu1oLeeRW87ZFMpdfLeTypV2srFyAe5yQOAayci4wvqep+GPFvwv8ReMtKik8J3dtAEaN1jAlhZo0+RjGvORtwR36kZGTSsJ/C2uWZ8H22nXM//ABMUVrxGaNpbfzCo3wsCI3Ax1BxgZweK3NP1f4k+DrRb/wAWXUVpeDJSIfZ3kIIKnBQMDnkV1RHxE0ix1DXdf0K1M+qKbmznnliSRGK7ww2kqGy6khtucY45ppks8e8V6/4Kgub3wAsWoJFBcb5CPLEjtHlWzyAy+mVHY4yK1YrnwZ4NvILjw5rd1ZpfRNxJExePgbTIACGDc4wvHGeea9U0eHxe+r2FzO0NnrF5ZyQSLOoKOVO/gplQTtDHb06Y5xXyh481Dxrca/c6RqVh++0+Yp5aIGCr1OGQnOeo5NaQa6ilTbWh7Nb+T4S0SDxPB49kDzwfu2STzWtpZB8oa3ZnL9xgqCME4GARxfwsu/iT4lXUbTQNW2W2jATzJcFXhCsWb5Y2VhyQxYKBXiTa/b2v2i31Xw+1xPx5TPI8Tx4zkkKCGUnBGcdPevTfA3iLTPB9/FbW9hODrluDcykfvozMAJFG1ctGCOnpg9eCVLLYKcH1PZ/Fmr6v40t9N1a1sodRttNVRcWEC4REXO5lIO4ZAwBg47Dg14p4m17w5ZOHs9LvLGe82yQhW3KoJwMb23ckcEdPyFdjb22gaPq6aoPEl1p2n6gGikjjieNlAU4zt3FgSOPk4zVLw14G8TeLb832i65aX2m6CLgxfaP3bqmQFZ1KlkDhQV3MdoBHQVg6q6Gqpnpfw58QS+ENOvdR1Hxq+gjxA/z2wQ3D7wp/elSC6sckEjHQZOcY4B/hTBY+ONN1h7u217QNc815iZicOASRnhsl+RjB6q2Opdp5n8Q6l9nn8JzardW0jwbrYtIInGA5+QFTn1z+dejatdeALG0sdC1zw3fWOoW8ym6udxhmUdQRC2Q25WGM47EdeNVa1zKTs7Hytrel2GqfES68J6vGfCcasFsvJBuIFdiu0u+QWDrnkEYPXGDn27UtXbwF4Ui+Hcht9VknEbtqduOVBm+5Iqh87QuAC2R15zgem+KNdtND8NXEWg3NjrJu9rQ219GDI3zDBCkoTjGTx27V454Zs9Zl8V3zG0Fhq3ySXel3cLRwTwsQQMMNwHXHX270py0LUmzQ8beHNM0Lxdoltbyve3j2huJzgCMxuxWMJ3HO4nPYjmszWfFN/e27aHqRmCRSrleGAUDKkleW6g4Nb17qlnqba14khs/sVxpqRwJAW3iAfcAVsAFGIY8AY9OlWND0CO6vmtdblkjXUCkoliI+4UGMZBwcj071MIjlI5HxQLC48DaTCJWP2W7YJGhxxsYliCO3A/GqsniTxVb32mSeGme3t403gK+AzDKsGYkHp7+455reuvBd5FpF7qyK0lpaSGE3O9XVXGOCgIP8Q7d67nw54e8Nar8OJdTvI5NR1u1LLEkYe2EbZIj8w5VCH29cHrj3GqkYTdibxff6TZz2es6hCiapfIsqIkBMkrhQMuyjkjIHNY/gSW7kudRgke5ijukPmKfkjYjoSOvUmvNvHOqeIoLWwSQ/2eLJT5MUbLJJkkZ+cZyOB0q/4OsdQm1q3n1KzfXr3WkBS3acwfMRnO4DjABHNO4LWJ5r8VNL8R65cy31vpqLaaQXRp0dSZQWChiBgjpkcfjVv4W/BXTdZ8K3HxF8TzTahJDK1vDptsrI6MSux2bqwIyOABg9cg4+lRBFF48l8DxatZ+HYZhgrJGLhlYxAhX3EEZ7FmwBg+lb+gqda8KeJNC1rUJLufQJI4obayRY2KQyeW5VlT51YEgA84GawcLu5tCs4xaRLp1zpnhfRtIufG7z6Psy8UUOJrqRCCB86jauVI69jjrXWeLILCx06P8AsTUP+EfstZiW5hvSjS3kjZGd5yCoYZHYjk1zlx4V0v8A4VxH4xw+l2UDqFkkDXMjRswQYGSw+c474A9MVf8AGfjE6v4F03RdLgklvbB1f+0bzlyGPzeXleQx5ORgYA56gqwvaxjCo+p88T+D/D2p2t3qN1Zztq9yXLX0krsCzj7xXOCc8nPWvmzxCviXRgLe92RvbsWSRCHV4wcEqefrg4I9K948fa9b6T4jtoJtXudTV133SqTBbk9lQAlScct1575zjnPFXhXT9cXSJdNs5Li1vJGj2TEKd8pAQZB4XI6k/WuerHQ7KUtbnwf42niPi3+1LctO7+VJIZBglxwcAD0Ar6s8J+PNdudLa6gWK6LRi2IlQuW4HPykHPPWuS+IPww1LTJrhtagjsEjVXt7eLDBuSoyy4HXjrW34ISbSNGGmamfIiiZmt5YTkgnnbuAzis6c9Tqqvmij2LRrbxIviz+1tE0WKxij8uVT5qMIGQDJDMR1IJORjnGfX2i0g1/XL5tO1HxrF4dulYu1pI6gypKN29cOoYH0yduDnB6/MNvbzzWNraajqV5ImtTrEFG5iSjccEkNjORXoy614Hu9Wt7SNbh5tM0xbQXTKdjeUAF+TJIIyck4645HNddN6nFPRHvHiTw/o3iDx9ZXcPilLgWAG6IsC8DQtlv3gGMM2CAe/GaPFWnXHjrxetp4T8X3EV2kDq8RaQRCaEfwyQlVKt6gMRiuV8Ea3oPh/Qb3xhbeF5tTmtUaGQopltlV8YMvIKjd+GOa7XQfF2k6bod18RfDHgr7CgYqjxStKqsoAYvGQpWPqrMOmc10HMmchcaToGr39joviPxgsWr2qiG+jkRgfORSGHnZVc7hwSTnHWuAi+H3hPVvGEGneOvGjW19a71+xtA8iRM4zH+/U42sCGJ3YHpXqnhSHwvqcGueLV8IeZJuM8drDIzx5GSBtfHyFiccNwKw/h34bt7xtd8U6b4Wa2hsArncxkKiQtuCI/zYG0/dB4+lBp7QZqd78O9S1jw/p2o305udDkSCUGJp4ph8ig7udygqCMdsjHo34xTeGdbjl+GXgXTotW+xtDfC8Zfs00LBhuUb1QMMMBycAMeM9MzQL+HU7zUPGC+F45M2jk/Z2MEaiLHzfMSu/A6KMnGdp5qj4Hj8faPrUfjq/02OVtVieOJ7mJhGVQqyvxjaflG09+SPWuQ3prqSSW+mxaZa+C7zwa1rcanIbqYzbjJHsGMxyEZIIXqrdMjHNcjrHiKPwjLpsfhbQP7KglLyzRO7TLcZCqCSQGQjHrgjjtXpkVz428Z3tjePeEwJO6iZdhS3DtiQIM5KjoAT2ArxLxNFfW+v3t5B4mE8FlP5izqoXzo+C2ImJwFGQByD+NXI0I/EI8X63rQ1BRaRrbRrKoV9sKeuQ24k4GTn9Ky/hTqum6R42vtb8QRiSXTo7i6Hlr5gNyxB4C8EMCwB6c5JA5HIakj3WtT3+n6mfsd26rOz5QZIAyycA/XAqjYteeCNbZYpg/nFGSTYdkgHVTyTjscHp3FczlqHM7M+4/B663f+B9b8e+ArNIdb1p3kjtlKHymt3b/AJ6kBg+WIGB7e3jmm6x4s8NajqGsappa2t7PGZA88PlMszj5mhGNmeemCO3TOey1/UH+Jcfg3Q9J1KDSp44RM9qSYpFDIpYmRR86kDjjOeT1IXBv9GtPEXjbRfh9rXiCazNldFJInQzRJld6sZPlGG4XLE7Q2OACK7kzjOp8L6V47sdeudZ8VXunWq6sPN33/lbZLpuVEbRnhlxntnoo/iFPw34c+J+m3E3jjxJ4lMOn+RNHe3EKwzPG8bnaqoAT5YPPyqODjGORifE2Hwdokun+EJ3nnvdKnV7kwTLLbyoGZTkZG18cDAHB568c5p3ijSPA8uoafpxe7sdTdGM2xg1rFKdrKVZSXAUDHQntyakDirnxLqWozwa3rGrG6SSRmALlmLZ3DK8BV+nA9K621v8A+0dHt9VT/WzzeWkPXfhtv681w3i3SvCFp5+ieHzPcbWjmivJUMThWQHZtIU7cYIJHf6GuMufE1ivhm+0m680azayxtYzxEoqqWG/cQQMgBvzHpU3OmMbo+iT4y07R/GzWuoOl1qH2ZtjMTMFfHERTqCBk4yOOMVn/DvQNNGtXWppOdTWQl4l5h8ueNgQuCeuOxAx1rwb4aXVneeNLKLXNz2svmGaVD++z5bH5WPcn869Pi8SeE7rxdJoHgq1kAuBsae/lUK0ik5kGM4GDnnHep5gVM3rCLWX07xLqOu6lGYbN5fNs2ZnM0wxt+RPk2543e3HAzUHheC/8XeBpNM1yV9O8PRbit6ts8/lMsvyoSuenTnGB7YrqvDU+o+ELEeHdIa31O/01pnhlhQyJLNKGIhbnkfNtOMEHoRxiK21fVrfw3qM2ui705oncX2nopgEZmICIIm2/KUKnqRikkU2Z+lW+saTotpbeDIXbU59pYuiCM2yAjzCG6AnaT3Oe5wKsz3ehaNb6zqWq29rrl3JxtEi/upDkN8oBxyQcHpjFa1lqGg6j4IfQLPbpOrQo0kOrTXLxDymk3GPA2qBtJGCfoPSo/hjTPAGgweJ/BeuxatrctvD5tmsDyRYkA835ww5U8kcH2xUSiBhaLZ6hqPhM3OtzDTdGy0tqsEXmrIQWyhOdwIPHzdyOwrq9Gcr4W1KbwXbyLeWirNLI+xSIxyxKscEeWGIwCc1F8L9As9B8A6ufHd3ObO8lhmtEibegdgVkUoASMMFBxt6n0rotat9L8TWdxo8VnbeG3tEVhczHb9qiAOMthcjHbJ5NXExqnLatexDQv7V8Q2w8R2gHlQj7UyPbF8klioY4yAPvcYrh/FUtt4t8GQ2yRL4cisLmJm3OxDIUKg4Kqfutnv0r0DWwnhrw/qGo+ALuSZngVLy1Fs7BELBcguuT647+tdNrOi+C9U8G6FfeL7q7bTpoYHjeHaSJ2jyR8oyAOR3xjFJji7bHgviPwt/wjtnpujWFquragrZ+2RBizKc4VoxnJyRjqeK09V8LTRWul+IPF2oxWct9crbSW+0pcpGDjzDG2Djg84712+rXuuy+HrFPBMZXSrNkjBmZPOR1OFO7IJHTt3pfHPh3Qba48P6t4uvJNa1q4KRy2MBURrjkjcgJ+8eDnNTY19szrPiB4N8beG7q38F6eXfw/fFPKaaONQ0qYYgyBRnHB45xxzg54TSW8H+CvE1tpmp2MmrammSys4S0w6k7c43Zx046n16dl4nufGN74k0bUNfunh0B1je0Se4Eip8o5AzkZ4POMDjpxXml/4wJ+J9reeH4A91phVIn27xM653cEc9Sv0GQelYKgnK50LEySsdboculan8YJJ9bvrbQPD95E5httzlIHjjGzCgDJ4J9+eOaL++8T6R8ULrw3pcn/Elu1K/bY7YW895Eqhsh3BwyA4z1GOx4HMeKlu7b4i2viy8IuluHjla2bh8ptVoyvIw69wOpPHGT0fivwb4r8X+IbC3SX+ytDkiDRSPMPJhIBJJG4MT06g4yPSug5XHU8916e003VtT8N+Bkmcyu0M0lwAXiZSUdh5eBtBydxHA7Vx+r3Fv4c0ebREk+0ajcCPzlGWRNpJUjgYJI6HJ55FdVGmr6P4zl8HeB4ItRvEBD3kYLCT5QXdVc7VClsfNkN65rgL2yEepav4R0tGv9ekaQx3TkIpOA7qFY7QeCMn88VnI6YlPxPPKUi+xTNcXkqK9wzNknC8qDTNH1SDTtMuLfZ++LK0e4ZyrferG05riGxsLS4jxK7FpJOrNuPAI7YFddqenaXNZuYIy7GJgCp53YwAPpXlyR3p8qK19ZeHJ9Lll095ZdQiPmliNsYTuOe9fPHirwwhgOqjSntZrtyYpG3CN2U/MEJ+U9+lfSmnaQ2o6QqX9zBpEhjEJRxtdkA4kIJySRXKeMrLR5tHstAn1nzRbsAJY1YqEHAO3GQR0+lZulcqFSzPkYmO3ZnkUq56g8ViTFPmOM7iT+FejeLdI0+zvja2lw1zhAQ7DGQen9e1cBLaSRrh+v6VwVafK7HowqXMhmh2M+CNv61WeNVw2zB6rmtZvL8oRMcMTzUFy58pYHGdnQ46VhOBvBlBC6Kz43butQmVgMfdFWk54PIqrNsUkEcdq557HVEhdYwAc8mmhcHHXvTGYFQoGTmnhl4BO0iuCojto7l+KQsw2jjHIrSiUEHncCOlZKfuyMr6dK24giAFRya42enRNCPDqpxt21eQMrA46VQijLEsp4FaYz/CcEVySO+BdjfcmTwR608OrLwOTVTYzDjrT1VuAq9KzNCQAjIB4704ZA3eg6VGNyA7+9NLqVUDPWnYfKyQOhkAfgmrZIByKz5PLO09hVhXUAY5zTsaRuWt4JAGARU6s4O5cEe1ZrHcRhOcVajCqAA23FRyos0PML8E/hTxIUGTk1WBLYBFOVhznJFLlRaZainXDF03ehBqz5jMA0fQisaUhceWT71PFcDywG6k1k0Bp+c4HIxikWRMYJ5NUzICOORTd2SOMUWL5i+WOCBwBUm7AHGcCqfmlU2feJpIZtpbcc5FIGy4CXB2cZqFmCHDc1EZgh+XnP61F5pCksOtOxJPLIg/1eDnrVYsMjmo/MGfmHWm+YpbywenWtguOLEfKOTUbEkjkjHpUZwp4NJvVCec5FMhsZI2BuOTk0gbcvJwe2aazCRcE4I6VSkd94jUgeuaDOUiaRsnBGc1Xb7vbj0pWYjoQfaoS5K5xx0xVJXMWRM5PAGRVchTknqKcvztgDbj1phx1Y/hTsZNscXKjkfL7VCG3McDg9zUi5wWP4ZpnmbuCvWmQ5C8bgM81YMiuMkZx1quAW6jBFKBhSqjk0AmSsyEA4qu7YA3d6UJ8uSfu02ZskDqKdiZMh3LyxHHrUBkyT2x3p0hHABwM96pylX59+1dCVzKUhsg3OX9PeoJTt75FSB9hJK8Gqstwwzs6Y5rVI5pSIZZcge9UpGIG1DzUrNxnBOaqldvynjvTSMXIjVudp5FJ8vmDaOF60SBRJlRxioxnPHWmZtiMuWJAxu6CiMZk2NxikyB65qWMRhyW/iq4rUmT0HBeuf4elOVDlGYECrAj3cJUzIQVRuc/pXZFaHLzEWEdicdO9SrFn5lHI9TTIlBB5z2owXXZJ/DwCK0USWyW33NgsMjODitSPzH4xsI/UVnxlocREZz0rVF1bhMOG8wcEYrppxMKhZjRYiyeV5qnkEetNIOwNGNq55FXSzpGPJG0H881EAHYF/4uvNdfKcs5EcMcYl/ejdnkVdkeVPmjzuAzxU1raNJcbYRnHGTXVDw0VYMsriU9gMipSZiZ+i2FxeIJpAS7HB4x05r0nR/D9vfW80V4m1owCMDBJPTn2rpPDnh+5utIj0+7UWsjZ8t8Z3ZPGPzr0CzewtNKXRr5GaaH/lqy43HJyCfbNdtKD6mFatfYz/Dnhu0iswuo4lVgVUE4OMVchtbWxhBQ5iZyqg9Rjsao6pdNbXYjkcpGB8m7jIxxVLUrPWLmGO2RAFB3ZzyT61vyROXU7KZ1voo7aeITSJjaxAzs/u15l8WbfSrm3toLKQxSwALIOoyRxg56ivddJs7Ww0yFpCJZIgQX9eMZOO9fMurSwav4jnNqGvbaWZimcrkMc9Aen+FdFOEbEQ5uYzfB/hhGEeqShriIyEH5cBWX3Hfn1r7h8Eah4a0vwXJrUlsmmyWDeTcW/WSWN9vzKpw3zFv0NeM2Wk3vhzwhFNHItvYXzeUFU5aJznkgjOTtOcH0rpwmq+I5ha6hA13c2kIaVyACyL3GOpJY1pCmmZYipI6S2s4jJFp+hXrQ2c0onjlLfO4C4AO3A59PWvedHutbt7W+kuLeO2sbWyJuSu3zG4+8wBJ+YA5968B8L6FZC91HQ7cvLG0cc1tOSVaE5AYL75Yce1fSehOq6BNrsERvtSJa0u4XQGNowA24Z9Btz9TXSqZxzqnB3t/Y6rptwmh6d5etafblY7t5QrPbZLHEedrcFsZHcelecaZJJJpjxfY/7TRfmMRbHzjknv19K9N+IWkHw9oek6bf3S30Wp3BurJLcf6qJhlY5O+Mseec8+lYd5b32p6Y+n+FHSyECtPOrkIXkUAbVOMhyB3xms+TU1ieCT3EWpyzSW0QtrON9/kISdj4wT6fpWxoy2TXcATKBSAFKZ3N6E1zy29vcXZa0la3DEhyx4Zs9TW7pOiXd/rQ0m31COGaUYjcgld56DP/ANalM6Ues+HW0g67bia0W5E86RXFuwxCIzwHYEEfKcMeMfSvQdR03QWur6TU7wvdW0rvbQRO00MtowzFErjlWjJIOePY5yOV+H+m6zpLajd6xLHZ3elQul9DNtWWaNyWXy1AIYYUHcMdsdRW/b2dhe+EdUtNKgbT9W01Dd2V9cSANJGAA0bfLtdiAdo556Y5zZznzpP4a1Pw+80s9s+kAqZbQspHnx5yADwSOMVl3l5c3dlHd3Je8SBw01uMncu7B6c8iu48QeKbi81CDSvFVzJq+ESOGYYCRjJwoC4xg1ympT3YuTpWjsibvmCk48wn+AevQ0nubRStqdhGNKt4YwupNc6dOqtDaROT5B4yGJPBzxWjqmovBME8W3zNZy7jam2ZGww+7uwOhHrk1yelXmp6Wsurvpj2lhCQLksmS3OCMcdj71Tv7jwxZtcDRWN5ptyMkyqQYSf4RkA5HatOhlbU2/FN74i09YRc26afdR/dniO03I7bsV5BqHiHV7qZl1HTVjinyCc7yx55OK6C98VQyWDf2lcT3zkFVklYvsHQEFia5i5eXektrOJFkAJLDOB9Khs2Re0SxsYo9RnmtSwjHmx7RxxntV3QNbXZeb0MVvKnUjrn/wDXXPvqN5FPFDbTCEMNrY/jz1rSjsbuWz/cyeZGflKAckcZ/nWY7He20h0yMtazhXnBGSflKnHHv0H5VQ1FdWsLq20PVbczomJkgiUMCOQD8vPY965HUrUXcMVlebbYwYAMQOSOhz2//VVjSJdX0m4No0pEM0X7tiFZip6YYVbZmkRLNLP9qubY8q2AhPRSeB+FWdakuxZ29rC4eaIZYA5xn/Cub1S+ubS5lFvGMsPmUjk+lb/hy8hiSSbUYyGuBgHrn2/GouaNM2vDGnwW91a6lqRBVwGOBkqSOvTnmvan1JtEtpNVsreG4EmPnfnYMHkDI59qzPBHgy81NH12GaCFNNjaX7PI2HmRUJwoGeR1xXnfjc2i3btaPPGuSzrMNqgnqAPT8K0px5tWZF/XfGb+JYorTJiFs5ZVAwMjI3dT1zXOeJr+z12Ox1KO23yx7LeYkehJ3DjP1rEtJZ2t5bhoPNXGVMY3fdPYV0HhnVYtLMN0LYNtfeQ38efUHp0rSWuqA5/U9IgW4KxyMcLyAORUU+ly29itxE5eRm6dGVea71hY63d6pqjo0UkUZkQJ9wtggButY9w7XcKvOoWbqQo4wB04rmTKiZUWnahdm2ukKTRSYURk/NuBx0Pc16Hear9s0uLw/rUkjNAB5UTLjySRjOce9TeGdJ07WtaaW5l+wCyg84I3yhpUIxjtznNXbxZdUnSHUDGMsSJIiCcKehNaxV0TVR1HhbRn8PX+janp+o/a5r1PLCRAgwsdv3xk7sc8EDpW5r+qWMHiC3jh1tdfuLqPdPIITAbWQMfk5HzD6YwOw6VFb+LLzwzHFBYwPpiSqAJnHyTbepBcYPJHPPWuP1KWz1K+uLy2IivJi8kshcAOznLHHTkntXbTVkcSNrSG1TXdTupf7RkEsMjeW6cswXgA88dv0r26x0i+k0G00nVdM8ybLvEsUg2z7iTywPynB9fSvFPAdlNdW2pXX2oQapbkLGgAJmRgCAAOOSp5HtX0ToNhDY6DbLdTy2Ms8n76xK/vVboHDnkDgcVXMYNHL69HZeHrL/iVaxBpL28eX0xiss5c8kZJLgnPHHv34+OdfmEniJ9ThlYsmSSRyW6Gvb/iLbX1lqeoQaXZmJoDuS4kf95z83zDvuHT2PrXksel3C20NzeAFpm3OfRamc7HRRp6XO28FeIIbrTIgjiPUYshCRjPPJP0r3LwVrH9p2t/Z6lFHfa5HHtskdMZXALsvG0MnbocDjua4TwXp2n6LrZbUtMSbTpAnmZXBQA5JXHqODjn3r6Yn8ao10danjsGfyfJiVsLOLdzklGzmhSfRETZ53dX2tana6Pr1tpkca6W4Tc75Nw4IORgZAG0kZOM55Nch4svJ3vZLJrWIPNOtzKVPUuSSP1xXLf8JDLoV5qOkJK95prbxbxNIVZMn5HUY+uQAM96zbufTJLyG8t5Wt2a33SxvkZkJ9/1/wD113dDCK3PR9Q8L2Wm20l2qFZXf7nTJxk/rxXndjc6jaalfQyWbi41JMB0OAkQbrx6CvV7jV49WtbC7v8ABkiiXdt/jbHJAHTmsprXQNMuJIbhJbxLqTM2G/1cMnVQR7c1jR3ZcupzMFwdYshp8tw/2O3bbbKf4nGMlh364rIv4Zlu4VsJ3We2+eZweARn5ODzx7V28el6bFp7Lp2+GOFiLFpjh3Ychm9c1NF4fu5bybVLCaBJdNhWa8PIDkKSQBjnIBrZE0pGVa/2nPbLci4V45cgBPvAA98e4rqIrG0umXU/EmLUonlRGEfNkD7zD6GuK1CWO2u42s4GglvMldp+TbjPGa0dJ8X213jTtTg2tu8veOpbPPApicjtbHwshNzqmnzCS3tRgIeSztzyO2PpXW2SeHEZF1I/Y1giLy7f43x075PWuesP7L0m5i1DTZncREbomyAzYxk/SqniLXVab7M9tvSdvPaZRkqTxtqlFtnPNtsh1ETR6HJsYmSYtMzq2GWILnacdjXmF3rs13Zm317S5rODUAwimUAMyA4z7ZrNu7+G/vbuWxlksy67QdxAKjqMe9VNf1nxBceG1aRHniQLBDJx8rLyTgdcgVU5dDohHUybixt1P2qzlb91jyyflbgj07munMVrrsVq1jGn2szIzujY3Y6qR6mvHv8AhJZsfZrhGTZgNkEbj3YZ9K1/Dq31pfNcW8nmW12VQOO2T0+o9a5W9ToPd9P0zwtYas0niGxjmWyUShWONz5BGecMPZsivV4vFnhvU7G60+9v4tOvdTbiJgyDycfKN5GznnnPOcegrxCDwBf+Im+2zSC5ttOzvycSHjIwK61tIAS3ntIYri9cLFJ5wIMcS9Me/Sobucs42O/sYrW9hvrK2tXZYt0Vpn5t0g+7IB168961NL8NXN5NPb6lej7VaLllUAb3HVfX2xWRo1rd3k9pdaddvZ3IZVSOMjaHBxkjp+Yr1I3zaY8lmUieaCZneRwF8+Ynqew59MUkQjxPxHaarFfNa28Z8tVV5ZW4AUH7uT6/nXLLfS3k095JCt1NLbPbRRq2wwgnhyDnJHPXGfau71eR7TXLjTb93e5lb7ZM55Uo54X2x044444ryVtRutVn1SWG2S0upm2Rru2sqqO3HOQMngV1x2KbNaCxnMUy6VaeXFaKzCOc4MkoGTt9c8e1aFr4e03xToVrGurG21WKXz5vkPyR4wUU8fMCc9a5pWMNricSXslnGTEhJ5c9ADg96zdL8R6rYxQWlpCLa7ScSXQlUZeE8lTnkZH41zzRSUuhfvvAEMetHWYNTnggiUKhkj37nXOWzuXG7r0rgfiJpNv4hsP7DuH+1t5fzzkYMMhzhlx+BIzXvmn3f9tfaEu7kQwSIVt0Khvnfv2Jx1AzXF32jWWj3DWsVwt5KDulYjAznoevbHeuapSVRcsjWlWlCR+a+raFfaXcy217a7Z7UkPjpjPDfQ9jWVY2lvdXDTtCsh7E19y/ETQz4l0G902KP7PdTgGFQB1U5HYZ5r49Nlc+G5GiZS6jhsr1/Cvz/O8udKXu7H1eExPPDcrtp94zeagUxj35FYMxuLabfKACTXRyXLSgyRLtTPbNVJ18yP8AfRh8dz2r5ho6Vc5LUY1vQXRdpHUjgEVU0uOBJAygAY+7Vr7RAt59naYEAk4HpUzGxgYSgA/SqSOlbGrLhc7W2gYx71zWpkF923ceMgV0kVxaZSaVMouGA9a53W5ImuXmtgyox44qUtTSJjXE6iNh/EP51gqSCdp+9ye9b0VsboSw5wwAOTWJc201tKUT7vc962WhQr7WAPqRitGK8vbCJVfmM5IzTNFhgu7kfaFJQHpXaNp9vcyLb+WdueOKxqyBFOy1qG5jFvMNjHndmrDyW6MHYk4HBWrt74f0qNArOVkH9wZFZVxaQZAtQXRcDB4NcxZOurwurQZ2c5BNXrO6gjmaRzuGOCK4nVmCFVhGDVS21KWMqkmQh9Kr2QHZ63rUBdEtRsJB3kd64qW73q43naexp0tzbyykI2SetD2cTbXBK46sOlNRsCM9LhonMifMvQ57U+5mkRUYPz14p8tswX+8M4xVVG3PscYwMVXKXDcikuZJAy+vGaiK5XYzHC9zTrqERFWUYPX61H0+duMj60iGS+xx+NJJC20EDdtHODTNyqME5oBUlsH6mgD/1/X/AAV4fs9MWDU9WhR7dlbbFKMiRsYyfoaq2Vtq1jqcsnkCGz81n2pID+7Ykgc+gwK2dBl1DU4ptN1GOOebT+Vkhc+WVccAAgdDnmsVNatNRuY7eO0W92vuG7coCgEnnI4x2r9qSep+SOZfs9N1fWtaubaOS4Gnz7XjgSbaGdVyMjOBnqawX0rUPF1/5CWSG10FiZVeYKu1mw2WHPzbcfL+devW5gs9HWTTrSH7dOxeEGb5sYxjHbpz3rxSbRZ/B2qJp1zpw1aXV1kmSNZtqJsyWGSM5GeP51FPU3plvxe9zNJFoPh/TdNihRA+yVThQD1yMD9K8/1mO4v7qG0t9RtTaXB2AQIE+z/KAxYEZYenNdfpnw8sV8Jf8JMfD7XN3CztIxl8vYgJAGNwGPXIq38PtLa4triz1vw2i3Uu6ZLiUlTCGHyABgSwzyOcUyupycE3hzw/bta6lqd3ql3ZlPJEEJUYYdS7AjOPfjpXQeKtGk1XTtOi8O6Q0bXe2Uz6jLtYDruXs27PUflVjQ7H4jWuvxTG8tYtEaXM7KUZgsfJXG3d82NvBzznitbVVg1XWrzWIVkvDbugAckIqhQMKOmMg/z71oYTZ5/Nquoxrc6bq148F5bLsVIlGNpAx8yj071m+MltLNdI8O+EbQOdZjWOS4vch45nABAwF4GeuDyOhzXa6z4ktbG0ub2ZYQ8gA2QrwnGBn3rgNCtV8X65Fa63ZXtxdMN8AL7Igg+YnnGAQOx5rJs6KSTKOp+MNVsvDdj8NEMGnnS2kgurm2UGWdjIxOWIIxzg46+uOK7fwN4UuvBdpqmt39/fajfaxElukVnFtMcZBYyP1+boBjp7k5Evg/UtP0rxrJqn9k6fK2nTvE6SqtwEZSVViepIIyGB7HFeh6zM3iDxZf6jqXiFrawUERQ6bGUSP0Vtu/gfiSfQcUktQqvQ5rw3oR+yme6tbu3uLKaJ7eS4DIzkNuO7cORwOlbHi230zxh4kudS14TwW5dFiEMg+VwAvdcc47im2/inTtaXTrOBL5zbB1uZWKksCcJgAk8e+OtUfLguLPVNIOiTatOZhJBeGcxKiLg9OFJ+9371r7M43NkmrXFjpwS4e/u7eC0UJhcOzZ4+Y8GsmHxVcrYGaTxCkt0sm2OCS2JZ4+BuLgAdCT1zXbeINL0Lw1Lb3UeiXt3FrEUhuIRJv8tQqqCMsCMnOfm+mO0Frb6JP4Ig1NWfOlEwzJfQBVADADLHC8IVJIznvzmosaKozhVgtbhJb6cmFoRvkmi/iRuxFYEWjx6pcz/2PbLP9mBkZozsIXg5wSOntWlr2jeM9et7298OaXFHods2yS4tZgx2Hbu3qrdBnJwuADz616g/jF7b4a2kUumQTX2jRCxlnicQzSRSAIhIVM55A6nkZGOcRJ26GqPJdMuLr7RP4S+3C3l1AtJvlUsSHXBUHpwB36c4q9D8JBaeHJGmsRPqMxldXjlZsxxnAwo4JOOBjJrY+FXhmXUNRfUJrqAzQQSI9tcgq4BYEFSQcn5fyJrt9P0+XUvE9rqmrW02iyLG8aXUYEqQRorbdypkYJODnHXrScwPEEttL1TRzPpVzvjgKRT21wpVomOQCG6HJB+nQ88DtLS4tNU0ex8L614bmmjnfynvobhtvlhsfcVSFCjnJJziql+JNWlvoS9lqkc9wWm8ttjyGNs5KjB5Iznqetabal4b0WO8ispb3QJL8Dyi8TTIjJjOzO7JPfOevUcU29AOC8T+MYPBa2ngLQdfvdKlglYG424KrMSy7ipBJIPAAxWL4bL+GI9XmufH80Gqwvutdsbys6kcsxf+JgTld2K9U8A6PqP2HVta8VfYtVt9TcvHJcbfMcoMdSvG0jgdvauf1vTbG/OjXt54SW4l1aN0hjsiTMQpB/hGQRkYx780luBU/sTx0TF4m17xNa3o1QI+C/zMQuAMFAAccHFUls/iXrtrZ679ish4atjKZpLmRDDIytsO5Ms/B4B2j8q6jwjd6FqF9b6Bqfgq7W2sXILyKyyEDHDYGf8Ax459K2fFHgTwNY2eqxvp91a2V2hkjEUjK6FRyBuyCG6EHPtiplJl8x4tqOjfEDUNVe4sfD+l3GjwsBALYxiNdoDYKF1zz14Ga7LVNN8Va14lvbe08LaYtpFDG/2a32RopbHzbzsBOWx0z7dSSB/A3hvQrSfR5NTkWbdHJbFANj4+ZiwwrDPTGT6+3J6Z4Y0eGzfxVpmq6lCbS48uWeNSnlI/GBIq8bgcY3fhUU5ik7ncaTpkPhg6b4hm8KSSXFyXWTy5CwIxt2iRd2O3BArsdJj0WS0utd0qDU9Iv9Kja4MMas4cD3ZeTjjGRXjsdxHYQSTaX4pumghlWaGG5dnbenKnBOOD2x+FaOv+MfF9xpLa1b+MVTUbiNgbZFiDtHGdo3gDjjkDA+tbSZDRd1jx/c+O4U0wSNJCZt6wSKsZJ2lQcj2J6k1rwa9P4S1VPBF/qUmm6VLbrLE8ifaI43L8oAA2FIyTkjHNctYX2sXXhzQNVeyt7+6thNvkyqO4dvl3BQo4xgfnitr4UOdY8S69resai2kRW8PlsJVMkWxiQEB4CkEZ688+9SM6fUPh5HFfXF4IEu2ziC504j96rA8eXlhgf8C+tcTHHca7Jb6bo94ktxasI288FDiQ7cNjJ+X/ACK7SZr6G8sbiylP9nxpJ5N1ZfcIPcqPu8cc4ribnw809nPe+HorW8nufMWQSTbLhmXnhXI6nng0wLWrNf6Z9p8GTeHBcSrtxLHM3loxG4vwByQcgEjHp2rF8d6Z4I+HEEWgaZoFzLf63bmSV3mLCFs7VUZznBBJHHGM9cDlvtqweErnW7KzvtO1GNhGXYN5G4sFyDxyAePeo/Cdl418VTW+sX3iBbi3W5Nq8mozEJHhQ/LNuwuG7dO/FZmh6V4Tn8I6F4VF3qz31tqGpwyxJKgEkULKTt28gnoOxwfTrWN4HsfEXhmysvFnhrWUnnSf7NPbTpgLvPBO4nKsAMlcYzgHINdXoN9441jWxoGoXNjdwaPdhUtUaOSNyqkqBjBdWUnjJGM11/j/AOIuo6+1x4Yt/DUYex2Oht5AWjCDBH3RkHjgAYpqm72RCqtHnHir4ceP/FfinUZLOGxv4LR0lQW3H+uwdqqQCQpznPp611PiHU9CtND0/wAM2XgmM396jhmsnLSmSHGW+WMsTz36/StXWLiP4eax4c1m2tNRs5dYshIBE6SAyMBuGBzgblIBHUgjBFeRaHaOviBfFHhnxdPptxobPHNHNAXwZdyuCjnBLgkHhuR2IquQHUb3Mm01bV/COpaV4the9gsJVe1zdeZJEBHn9yCeCo6hRyMEjkce6/Dq78c+P/D0viPU7fS/EGi6WlxFc+b5cVzASN+4FQCpwOMckdOcGkm8RfFTx3ct4L8IXlr4k3xi5mjkSJEMasGJYNtwdwU4Jz6DNT3XgXSvhxpN9p9/odxDqmrW/mvLE/mRwfMy5wGxw2Se3SolLoIzPE2r61psGkeEPDWt3OgT4a5cuSYHDkhcncMfdPOMdM5Ncnpml674e0wfEPVY5LdZ5jGlzFIro0iufmZVJJy6nJIx09a6jwyobUZtL13xVbXGmXNuSst6+NjAgBAjtheCSRnnHSsvw3Z6pq+sJaRQNoME8DlJCnmxXDpjhcgAEgknkkAUCZ7JZ6M/xQ0q08d6dA01/b7Ybj7MhZblxgZdB0ZQeqj9MY1LDw5e+INN1H7W32Y6eA6wSgDzEQ/vDvJG0oOcck9u9cToHi+68E/2fovhqePStPurxfPuQweFC/yMXVgVCj3GBgGvZdStf+Eaafw/rcy3UF/mQSSOU3M3LfNx3wee9Y1IO+4oyufO/ie0n1zSb6XTtOTU1jUxyoSEcRx8hl7liP4RzWt4P020uPALahrm260iUrHBp94ccxcKI5CScZHGBxtI9a9ti0uyvbc6ffQG1kspFG9ceYwJznIyCCO5riviTpmq3l1Ctlp8Gp2kQ2RReZ5VwAwBZgWwOowMelOlJt2KPD9N8IT2mtyajqEMmnadb3iubedC0ZQsHEZeTGQVwOc5FV/HEPi3UfHk/iDQ9OFobfDB4lJg8uIbdzkZUFkGDwMdvWva31JrDwnaeCtReJbhC0k8d4N28MxdF8wjbjk9+oxnsfOvFlrrfge1Nl4f1E6JDrcWNrKs0LbRtYAurEfK/Y9/pWpUThNU1ifUdMD6VHLBo/nK73drIpJJG04QYYYY89eBmtzSfhhZeHfB2o/EjXNUGoW+SIZIi0c6u2QRtLHdvc4yehH1xc8B+G7TwLHZa7rLfZxEknmS2rvLDOhX5Sy4HP4dyc+nHw6Ra+I/GAsdSvU07TLlHNpPAMwtIMFVKZ+U9QScdOKLN7DnGxV+HHiK7uNYmuRFj7MuxJ0PzR5yDvU8OG9exH41213qOmW+r/bLO3i06G/GGuIUUxSvk5DAfdbJ5J+tU9PfQPDX9oI0MdtqV3bqq3KgukbQklmCcgluMnGeKsaWNOvbSW/1u9SxsrhFJnWIyLcOvCjYMFT1z9OlBFj1/wAM+J7bw/4Dv/D9mgee7mBVZWP7sbskRE5HJ9D3rzSO2sIl1GdZhArkDaTghyegyM8n+dYenavBDdWF+qsxi3A2vVDkEAoccEEg16P4Y0uw+JXia1aO1VprZD9ptydrJ5ZPzkZ+bggdDSsviB+6Y/h7QIPA2o2nxBub3/QpvMDWuwnJwUO45455AxmrlzrGiahc6p4i17Un0fUkw0CwM7RZRflBIBAyABnK8/NjHFdrqei6f481q68C+e+j2qhys3lGTMsQABZQRwWPOD07Z6Ubb4X6YdAn8CWdxA/iO0jE5iuF/c3O4FnijduhUEEZGT7AEq4V1rcznT5jwpPFHi7xLeQ3t9Y23irSheeXDHIIkfGdoKkAcHPcNyMHirXxEvvD0ehXXgkaPdaXqcc8U3mxzfu2j+8I2TOGXawK5BwcHPTHWaJ8PNB8NaLc6j4ih1Hw01qdjnDFTKDjcrMpyOOCpP1xzVr4VjULfxFeeLJpNO8SaVdxSWxhvpM3UuxlKlNyvtYbe5PHHoQ5TT2KhGx594S0iHwDaXk1p4lN+8kgnjtnjPlrjHzHJIVh3O7oB3HHaXmj+MtZlv8AV/ih4VilsYpBcPfoyCSOKJeQpjbPAVQAOc5Bz2yfFHjKbxXYadb3ngCW0mFxNANUsoz5c0IdsL5SocsFGM7sEqcY5FUdR8XaDqtrZ6X4P1K600eHLaZ4be+YIbhepRQXKktgfKRn0GBwkac5zPxA8b6ncxwRw3rvoT3AW2d8GaPC5Yn+I8g9zXZaHZiURLqni2XRzrAjxt8zbIF4QyFGXG3PViBz9a4Nbr4ZP4In1XU7K4svF0V4k9oMsbSWDK7lRRhFKDJIIySRg4+UaNslz4n1qyXR9Jm1NmgDmOJSzgKMnCgHgcGom9BnoXjXQtI1a7a60/xLJdpZRA/ZplYQxtF951YYTkZOQDn1IrltW13wz47CNP4pnZ7C3ARJImw+0ZcLu2jeeDgDJ7cDj2NLnUNQ8NaZeaR4QtJZhvjMMqqzSFDja4cBicDJJJyT2rhrSy17XIxr/gv4dWEV3feZa3JkCR2xVOARDIylGXHUfe9zWcYJ7jRzl9Y/DzXdaeDQ727dWh897q8BkMQQgeWAwBI6Y+vU1meNdZ8MeNr/AEbw/p91e22macXicyZMLFV2JtQMTztxuKg85wa6LT5PHFtbWeor4cty2lyPCTFiI9QNskZbJAJx+FaGnz+LvDHhp/EeieHbGC7sbmSeKdjmWMP8jphThkGcDBBHWtVFICpZv4NtPCAsJ/Gk1rd2MjRlJklkSFAcIEYYWNQCBwT6dOK4ybw74E1Dw9rry65d6L4lso/tFuE3Pb3MQA3I23JQgg5JIHIOTjFZet6zL4s0XULvWNBzqWoXBmnCKYdyk7htXliAwGOvArQ0vV9E8f8AieO0m8H3Xh641KwktZ1tw+ydwvLIhjXZlRjgHoCecmsasS6bseb2/hXx/datbvHe2flalaMLaWSb5Gxhm/hzvGQeePeuw+F/hP4x6nrmjyW93axW2rrdLayzGJ45DaA+YGIRmUDaQO5OMCuEFh4HuvE8OjXbX1lYWzSRXFwgG5mQHBCspIJYAY2969E17w58HF0HTbPwvqt5a6qJT509yjlZQxwq4QKgPQkgemaeti1U1PR9buPihdK3hvxho1vqdnok+6SWODe9tFKdpRXjbaFcjI3KSfwwPBdbn0vSYdc0qOxmsmmBMDsT5kZ7DHB2kcZznHvXt3guyuvCmqeIdC0nxvZaOdYtgQqFJYbhI0bLFpF4aPecgYOCT0GRg+Avh34+s/HVrrnjqwt9bsdQhlkUTyxzwzI0ZKhW+YKy5DKCo49jWNOGrN+exT+FOmaL4Z0W41lPG7Wd1qMAMEUIfzVmQMf3qAlsc4BO3PXOBg+yeC9T8eyeNYPE95rsOp6RPZBY7q7WORXlUgqgxsZGRyxz+BOennWoxaDYeILYXfhJ47VLqSCRLFSrAMSAqlAFYr9cnHUZzT/HF34Q8JeHI/AUdjLDp0832m31R2Id5SPmZ4ggJOG2EHoADjpXW9jk3lcztS1DU/GXj/WbbxtpEmoy3sLQWtzaqVETwL95dvXgZJH4gqTWT8SvE82uW9osmoNqBkga2kLooe3CtwcqBncWPb8al8J+IdQ+CumXGrRazbanPqbqPsS4ZpYMN5crc74yDuHHHI5OMV5Fe6zBrHi5tW8k6UkxV/J5MeCowDnGVPXOPpXMbRhc901jw7J4K0m28KajrFvrH/CRwD+z3gBWQCMhk81eeJN2FOedpHWuL8OvqzanBY65ZztBtMSsHOI9gO0Ff7vY9MdTWN8JtG8ReLvFd9q+qTR6fb6fPDcGMpmJvKcMAjg7QUAUn1B5r0H91408fSQX17MuiyTSC3mgUxyMgj3MvIPy7+M44XnFXGrYhxue4+GY0s/Cev3+lW1pp8Tqo80uGkV0yDheSODnJx7U/wAKJd6f4P1O7m1D/hIrN5USWx2CIxkHcH8xdzZ5HGB714toOjrc6jczeHdGkaJ2aODcTIZB9OeT1/lXqeq+LbKy8Gyt9ibRtOilAkjtSPNlfGzkgLkkHv8AjVNk+zudx4iv9K0r4d272aQeGdSM6rGyYunuInycM23IbnIyDjacda8z8XfCzwzqUuma5ayaj4gudUg3wz7ms1M6YGVVRGwIyp5Pfit+y8ZaRL4S0+58M2AjeG4FzHPOFdy3KEOhBBwcdTxjNXPiT4ju5dVstQ8dXjXF1aRosUFmcRyEHJOQAFb+8QB2FLkl0J9monh9l4Y8X+BPHtprPimytLbz081IpZBcMyjMeCFyATg4ycgjkdqm8N69qWp+LNZ8QeH/AD7cefM0ogTdEiszYySCpBydpIz/ABDGK998XtJ4g1rw94q0vww+sWE+mEJHeTLG/mLKdzOH3DgOMDuCSAMYHPx+LtP0z4hQ6bq2sjSrCwkjRbSJC6uPLBKMQMYBO3noOQFIzVLzFznkek694g8N2usaVZ3Fvp9rqULLcLKQ7OOcFVPAYZJB/MEV6hN4lsPEPwkg0nT7i41fV0KMiNGI/IlBO/8Ae8KY8Z25JI3DjjjMvPEnhq28a63ZJ4XjgupElSGe+/5Zsw3BxE6suDkFdpHHsa4rwTaw+JINe0JdTT7TBYyy/Z7MFnbA+YEY9Bg4PfpjNb8pmeNfE3w7faxFptv4quYdEjXzfLEf74yY2534YKMcfxE816H8E9G8HaxbN4T1jUri/NhGzQhtyxEKdxUAHIHPBJrS+JfhWPV/DfhkeC/Ccts0QcXE95JnzHZVAdd7gDcVLHaO9cNoc2saJ4gk0fxJq4ttsODDaRjzG3IGAEgRWBA7jOahxT3NI1PdPWtT8OeGfiJ4SguvEksvhrw9pTPEUhYz3E7kKUVAy5P8RBwc4P8ACCw+TtANz4a14aHD5jwzPhfOQowRuVYrngkYPBx9a+s/A1nCb3VNW8E2wurbREjuZZdUb5EcqwVyilcdCwI6EA9hn5m+IXi7+2/F02q3V75l/M5FxLGm2JCh2KIyAOAB6dMckmuaVNJ3RcJtux6Z4Sl8TJ4ev9cbQjqVjp1w+JlAzGFwQwGCcjrkA4HPTmu00jWPGVrod743tvDtpB/aUotoJmURTP8AKWLN0Z1YKBkYBIP1HkWn+IbnwpoV7HputPa+bbOtymRi4jIJIwe5zgY5969S36Fr3hDRdFj8UG8srbdOkTwOu8SlnX5mwRtDEYycZqFEczkdC8W/E/wbpLaZoawWcN2zNcTDa8silCuza+5NuPQZ469c9dqHi3xHqPizwjb+EPEKXdtqEUcNzp8LiGSNwN0gkXd8xC5xuAHy4ArnPC/grR9Tl1PWru+kittCEUuyViUeN9+5FP3hjadoGSScVe8D+G/hxb+NrzxBqE8zaPGS6QzK+HRxhwsi4YFeduTkqceprvpyTRhynv8A481TVnn0Dw+viWCGe7AguLdXSK4hYhQu/ZyVbcfQDGcEYxmeKbrxVPDp/wANNE8Ux2ep+fFCY3AV4llI4d1HzKQ24gg4xzjFeM+H7z4VXfj3WNXuorjTNGtCsllbvE0xkCEFgzYcqGKkjLDg4LDBrSJ+F/ivxAPEOiQapoJEDSSgR+fArqTub5C7gYOOwHoKc/IVij4h8C+JvAugah4T1rxVFby2k26K1+RTcRs2WZZA2/GWLbSDycHGOOouNO1jTPDup/DHx14heKOa3EumyKTPuWMs8qqcA8EYAY8dBkbc8vY33w+8e628Go2upQ6jcgpC6bXi8wLgEquXI6cY+uByMltS8P6Zd2eg3GnXEF/o0ojlkHIdScShFPAZhzgiuLlOrn7HMRQ2fgLQGnv9UfU4dQ3fZ4YJiojkTO4OhOFDepBzjvXQ6hr3wb17wzH4hsLKWPVTBBDJYEOqF1+SSQSqNpOBuzxu4yMljW34m1zww2sWfhzQvBi3VpDGJnhvof35Z2YMd2ZML05P04GMeKeMRqXg+5utL0HSoLC2vJxL5cbmUFJP+WY3fMAp+Xn8OKJMunK7sUr/AFXR7XTTcQ6DJPFdyC3VimFdgOArAMdwxxgA5ri/DR1LVfEK21+Cv2ZDGBJnbHjp8pGcnHUjNd3eaf4p86DTvtUcdo6x3ASN/wB3Ey5K7lI4YHg9a5q1tPFr3a6hO0E2o25cmIEEOFJA6YBBHPUVidHLdHp09x4asddPjXwDp9yr6LCFuo2UzRxOd0bFyWLbCDjII9cL29x8Pf2b4k+EmqePPDng17LU4rgt58ExcTKGG7cpA+QZYYVTtI7ANXBeGrTxha/DLUvFfhnT7TTRBcFtQlLL522TauwI4O/qD7c4GcV08kHjQeDPD3w98L61DPBOInjhZhBc4uV+eFTuw0W5yTn06kDA6Ys46tPlKuk2c3im4TXdc8HwX8+prsgHnNCyeQpy+T2YDA3H+H0IzjW//Cbax4jgbxDolvJbMZLVEuwrQpFaszCJyu4ZU5ALLyeg9PXfGGvXnhr4bf8ACul8TNZ6rpbCQ26KG80q5YATKCyOMZwHBPQqQePljxr/AMJLpEkGma5rz3em6q6XeI5zNDIjOdzMp5DBs5HqM88GpSa1Zmkb3irRvE2r35upI4xaXBMEAQrtgjRyRECAOEzx8teQazp/9gPFZaqoHmsNzYDMVxjAbtnNdX4ostP8L6ZHP4e1mW8F/KCiKCix4HXsCSBya5mPxDeajpc1jqEAvrJWUzytnchyMLkEdxWcjrpbHK28ulWOsOJ0Y2lwh8pwfuSdeR6Efzr1DwNrKg6ldwWMenRXUawGbZ5gG0MSVJx1zyBxwD1Ga5SHSNBvNeje1Is9L2RsxkywRl5KjOSckd/f6V7F/ber/Ei+udS8RaP5kNmsRito91ss0C7tpB+Y8joRnjgcAYXMdGh0Xwc8X+H/AA14Z1/wXFKxk1jd9i1MkRiJgm3dg8gjBxzW5rVzceHNM1TxRfuviW5v7eLzVlXertHtRSdud20cY7gV87trGjSXjWsIj0rSZ5ydxRp2t4xkhc/ebpjOM173b+IEbw1K3w4FxLNGAu9V+VQMM27eOAVPXGBmmkYygZ9zb2ms/D7zNcnGj6dGYZSYYOGDdECjn7xAJ9R7Vcn0TVfHPhu5h8H28mmX9nsLz3F00JeHB42gBcMOcgZ4rG1fwnJaeHLbxJ4ikt7q3vokaFPNdpQT1BAXGF5/i6/SvSdc0/WtJ+G0UOo3TWtoyROvlxM6zyEblTzMAqVxg4PatTna1KkGk2fgrwoNX0yCLWRdEC5tyhke1mxs3q+TnccHkA4x9a2PEOl3ni34b3p8UXdzZaPb+S9oqwIxlkUfIuSuQASFBOepJ+7VG3i1nUfCQm8L281ss0R+0+a6xsw2YPyseQRyuO3TFc/deOk0DwZb2t0k2rWd4GBUSlNjAYIwQRkZwDxwO9QS0a+r+FvHEngeXxr4Xtfs9jOqQ3sv2hPNZXXavyHkghjyADzxXD6jaxeGvD0elXjtqX2qcvBsmk2W/wAoz8hXGSS2cHvzWhL8WZrjwZH4Uv4v7N8hVAm2sySIp+U4HKuMAHqPSu30Hzbrw5f3GjwSaybOJCzCB2Ee4Hlvl+X1yeDjmo1KMPx/p8Fnp+l27WdnpVu8UcqXCKYjKdgLgnhWb7uc5I9easeKdMs9PtLC+8M2sfiB5BG6XqRsfLI4CsuSFbJAyTnt16dFrNut58PbIfFC5v3hEjeRHbiLKqTlWOV45JXJbgHAGM0W3gzxpc6JYXfhRWs9DvDGLoNdI7MrhfnYMAQWX+5+nQU00gRwvjbQNLXU7CLxzrs2nagsSILUW7SBUYE/I3IODwcDmsDx9qV/4n8UaLpWjXfk2Cw+XHcFBCTI2SQSxU8gKATgZOa6j4n2Mel+LtAsNehbW78vCI3e4cxSRO+1Vd2yy7WGMD1zWJrPgDRD41sppb22s9Gu9iSW7TufJcqeSPvbd38QxgCsyin4qv8ARPCfiS20fw7ph1DV7F1lkuZWeZW+QkrsyAWB5J6rt9T8vN+PJtJ0XxPZ6hq2p/bRcNHO1tHE1vLEj4ZQkb8Lx0y3b5uc133ixbzwH470qw0GRRFIuY7xrYjduGHjBfIKEEDIPXuCK8++K+n6FeeMV1e/EzXdzZQyNCzApv3OmFPXb8ucHv0x0q0zRI7ebUW1L4mWFhpcf9mWmm2sbLcToI5JogA0qs2MMG5x05rH0q60Kbx/qVjoOiiyS6MyNeuWmXeckMqsDwWPQNXPa/q+qpp1jql7dxxw30DLb7eXQgjIIxyASR3zXAReMPiD4Hv7Zte0147JpCQZomhaZRjcUZhnOCD0NKpqD0Ot1Hw1oVsp8PadqL3l0smZJWiEaqucEDvnjNJaRabbXd22mRGOK2uWijV23EGMAs2TnjOTXN3Xiuz1mea5tEWyiDs5mlYZIOT14Hvjmm2cKyXFhqtwHjS/kZUfPyvtGOMepGP51584nXF6HSeJ/Cmk6/4dk8WXWrNbTwjy0jQA5KtypGM85OPz6VzaXPh7UHi0z+wbe5n+zlYXKiMTOi5IzgDd3z+ZqvrekaxrEh0yzU2UKEuPNJQSYP8ACcHPXtVe5tyY7nwxr+qpZz2hikt5RGWXIHYqFIIB7kdTzW1OzVgkcr4t8CeK10qKbXvD6xRkeRHcuAAqKcopKkgYzx69s18m6xZyW1zIuoQPFtyqkjgkdvSvv3xTq1zDoh0TV9fl1WIxxzQzfN5YUt0ZAzDIIPXnGK+RPiFBY3BlWC7eVo9rAldu445IB57152Lpq+h2YObW542ZFDMzDheM1R80ux3nmrVyyxxCOXkScA+9VVTYmUGSeK8qoj1UIihUdgckdKhdRsOamjISNmcYweah8wDG7pmspI3g7MoSbFO480jDLAetWpQj52Dn3qlJuUKSMc4rirR0O6nIuQMXIz64rZhdmIA4x61lxIkaL3rQtwVwe5/GuB7HqUHqblqwQEHkE84q6u1xvU8ZxzWQofGK1bd0EW1jgZ4rkqHpJ2ZbSXoO9SGUKSoOe9QRCOT5SdretOIVW+Q5rKxqWA4dDzzVYDB45FV2JDEineZ028E9qQD2OGIzjdVqJuNvQioAEI+YjI71GpTIds4poDQJdRnGadnJ45xUQYAZXofWn4LD0JpDLcMpVvm4HSpTwcDIqkpHQdVp5kOQSetB0xLYABPfdQoOCFGaq+Y3anI2wcd6Q2yzuI4qQsSfm/Cq6SI4OflIoWQAfM1BLZZPTg8rQJdpz7VB5nUZ3E9KjO4j5hkGoUREplJOQMAdKhLk98g9qMtgjnIpnGeK0AerZOc01ygc44PrTS4weOKgZtxyBk07EWZYZ12Y61CGBwRUZbb8oFOHHyj8/eiwuVi4LZX3qCUAtjGKkYtVdjg5HINIzEfITcgyelQhmIORUhdRx6dqqu7AA5xTSE2OXr7iq82GYbu1NSTJOOopT845PNWYtkbPngHNPGAAc80zC+mafwvbrQZMduK/MTTGlQNuBOCKY+4PswKTDbcAA7a1SsTzAfulWbioHJI2gnAFHm7yQwx2qCaXBCnirsyJMQsCApqlKwUAr1B5qZm5D9qruwLEAYPetkjGchkkhdSvAwagBGS3QLSthW9RVaUFl+TmqMhJZN54x74qEqGzIRxTQNnMi8e1NQlSVXoeuaYmxAF5NNVCVLDr1qTKkcDp6UmeSEPB61Zk3ciGMcjOaeAXIwuc0KoEg3DKirHKr8vGegrWnEwqsenLbVOCvrUylmd3c5BGB7GqmQi/MPmq7Ep8vcR74rqgjBsWKJckn5R6+9WQF2jauKbHCsj4AznnnoDVuJJFkz68cdK3hEwnIlFqgCiX73UVIsD5ER+VT1NWTbq+MD5l6c1LbRszSGZcoOOtdSMmNSzYrtaTOPX0rXgsZpmQtD5UXG5gDyPwrc0fR7u7tZJLa3ICdGI6/TNe8eDvA2mm2t5vEz+ZbzsFMUZ2upPfNb04XOGrWUTzHTvCjWkB1J50mWP5/LUclfc/1r6M0HRItf8ACbX0Nmth5CgrcygqG555xyMD1rcuPCEWjNHD4JhZFugsMpmcFTngH5ugOewpsuieei6L4vuZbQxAtEsDqyMMdV4YA/hXoQoROGdfmOQn8M6hbXsOnRTLNMyhkeFy0a/j2rpNMaC5LaPrWyS5kLB5DyCw9a5c3mseDbt7O4kYxTKDFIuCHX+hq7pSWtyrXNzL+9kYtzxg+lOasVCRxmrSBrs2s5MqRuyoT2UdP0rqvDDXBspbe6w7RjEZLdR2rn9YijstSmktkMlvMBtDc4Y/41pwSjSdPtCI2ecn5h6A/wBBWaQ5M6m31a60fRNSspbcPBfxyRK5BBV3UruBPXb1AFedeAPhp49cXHibw/DHeQ6c4M8QkQSeWBkkITlsjgAc56CvcoI9LvdLjtNYU/Y5U3JLGwDqzdCFPp3r0PQvhf4atNH1HXdMv7mDVLG3W4tYiu9LiMgswOFGMjHcevOMV0w0OV1bPQ8lt5PCN3A0OqpNJFKS2RkbJOgbgjpk8cj2NdN4I1/WpdYijt7UXjYKMiryyryScdxjPSututObUbFbKLT/ALNpWpIfKdQAqzRnJzt6crxkDODjvXVeGrTw7Z+BpdYiiXTdX0UlpLosW8+IKf4M8MARnC9gc8kDpjoY1JcxjeGblP7YnivLYJZXbyyQhMYDKrPjjGB8uBx1r1p9Z0m98P2mrybdD8hyt2qM7tKjYjDFAOufzrxLwnoGv3Vgth4QdpPPMlzBdOnlgSAfOivJ8pJC8g1097rGpWKzN4vspby9tIksryL935TRPkEh0zgh+cgZBrY5/Zok8cSxxXWk6XoTNPYGMXdvcSxlXLsWBUMcDaQQ2AOePQV4V4l0qwtUvtQkvma9EfmLEwydwPJ3dCCAf/r1679huvEt9p2mXOsxrp1oyfZ7Yyg7o16opGCTtGBnOO1eP+Mtd02S71Dwr5BRppWVWfqvlyEYQ89dpHXvWbZvFHA/2sbiCW2iTc0+GJAx8w/ma3NMe3ghtde1OJ3gmZoSFJXy5AQQzfhXGWuizy63DZxSHY33SP4WXnIPqcV9OeEdMsRqL2F0I7qynhMVyky5GTjDgdjkYzWDN6mxc8N+IN13rviVZBqGu2lmuIpkZ1kt1dA5z32jBIPYcZ5xzC+JdQ0pPtPiOKR9PunLQRpgrgc7QM5AAIxXq2ueA/BNxYz22lTjRPEUCZS5aYxRTwkFWQgHb93rgAnuTzjwCyj15JbOOWxbVFtXcx5yEKn7yh2+X8K3hI5obsNTvNM8QakkGgxLZWTHdtdyWZx7sSaln8Pta6xAJLhGcKskTE7fLYnPXtzXPKNLi1a5k1JHt55S+IwMeUxOfQVb8xpWEsblrdyI5HKElR06ipc9TolsdM9/qrsI5mm1DUVJBsVDHzDkkAEAjBHsa8+13R7iy8zxElp9ltXdVnsN5+UL97OQOvsOPSvftOs4r/QLGynik0+70xg0OopI0TSQEE7QMAENkHdk4HA6mvNtb8NX3iOK98S+Gg813YOTcvKygNG2TuIY8ngnjt1ocmZXPKtW1S3jtBp7Wjpp0rLKsacncOoq1dwW915B0S0ZIzGDsP3lFT6Tb2T6hdr4gvWiuznZhcxk+gPSpJr6eyIktGDN+eR9KbLi9TiLnTHll8sHYx+6xOBn3rdsbaXS5Yfs2psWA/eKOeT14rEQ3Fy0iKN3lsSQ5wVyfSty/sbSxaGa3LCX5fM7hvWs5G85aGtb6hqtjFcz6hi0guFIToWcY9PetSGO1Tw4NQO2JFG4Mxw4I7Yrm9ftZLq4t7uznE9qUChHJPzZ9PpWLImoXSy2bEeXAd3l7iOfYVbMYs0reH7ZCt7LIJHdicZyxA9R2r0jTotIiW3vkRxLG4/dAZDY6jOK8k07QL671e2tNPmUyzHbt3Y2k5xnNe4eA/7Lt9d/sfxTcvbRxLIJfLXcPOjYZAwp/wBqs/ZlVap1eswXvg3TtP8AEmjxNp0l9JJGd5BOCM5w3AzXI+LvEcUdp52vxJdXckYWIMEJC5zwB271Z+KHim0Oky2NkrfZp8pC0zk+WRjlVPAr56FrreqtHeTTG/4CLhizqF6DGK6qOisZHX2Ml3Ar3GnMYlwCFJ9T6H61raSbdrtoruLe7gkAnBJPUZrktLnjm1GOwvMxyNkNuOOnTP412Eemx280H2pzIituCjgg55OaUgOu8R3Nz4b0COHSowRPLiQH+HK549q4nSo77V4hqNpcL58UvzIP9nB610HiG9865SJZg9uEwc9AT/Wr/hzQ7Wyt1dYWK3JOGPC8Dn+dZgbfh25W5WS91Tf5FudjgjD4Ixx7V3XgXRtI0zxZp8viGw/tCyi/evBkb5om4HTqc46109nZaKNM8nTc5WHdM8qjbg/ex2OKw/CtlqMOqX0nhn/iYSW5UwyEYAI5Gc8Bc4reFM56lW+hB8adF0GG+trvRdR87SvmEemlj5lqWGdwB+YKcAfNyOOTnjx+x027uJxaWknmLIny5OGXHY17P4z1281F2/4TDTY7fXGVd1xEy7XjBIG5V4BwMcE9O3ArzLw7HPbavNfyR7LQhowQMhcspB/HFVUk+gU0krHf+GPBGoWdzp91qEzOuoTwwvHCcyRKWwWJ7cDOcV9Oa1ew2WuvYXF8LKS1RU3MgkedOzYAPUZ5rm/B9ut9qmmQQXaRTXSofKUE+ZkZZBngZ5rK+JR1W31yG70loNJfT1ZWkmKmQOATtcMpGB9DVUlaXvGVRJs8A+JPiWK5u5bbR7ia+LM6zTSqU37W+RlBJIHHpWd4c8Na/wCKYmWC4WQxxBtpPKjIBFQ+Jr6+vtUxfukt2xDblChGB5yAABj6AV6t4Hk0/SLm3+yuy3d9HtKYPIOOOPpRP3pGk/dibOiwXMWh28FzK0tvY/u5JNvzOi4G3HoBgV23hXws1/YtLpsC3tm8p86SYiNrdMA9Tg7QB1FcKdLvNI1K6+1yM0UrF1X+DLHOfwBPtXsei+FNStorvS7XXVl0jUo90hwgLOcqYlIyeB3FbI4XqeZ32mWVjriauNPGWUwQI5PykdJD615jPod9dwzT3MivcI7fRlJOcf4V2Nzqk8dtJa3U0n2uzZkCvndEoPU+vTrXKeXlMWlwRGhJIzkMD3x17Vo3odCWhu3FqbTS9NktpHt5T5cLDk/w8v8AnXXR6ebW3Ko/nIIy88+OvBIAGT9KxtP1CxurDzb2RRcLGYIY0DbQcgCTOCMjvVnUJ9Nj08aNpd+9xcpmS5IXEeO6qeuQetKktTOR1mkaLqt94cPiFk8x7WYR2CvgBghGSenQZFZii6E2oxXthGkEKNJK0eTufGSvfI7Vf8LeNNVVfPa1efS12RW0JAA8xSASBjJ3V6BpcU0eo391Hp4s9Muk3SxTA7vMPXbnnGcmqbsc6Z8/nTdQvrJLLTpnnjnkG0vwbdCeBye3tU8unQ6fNsXBktMAXB6ltuDnnFek3mivaT3dlDdNE2qEy4Xho03Ekj+VcBeapb6F4h8yUtKtohQRv1YhSAT9etUORt2qy38RmtWV0iBB2HqxFZk9/fW9rcW17KqmL5llUZY57Hr0rN0m8hGozC2uTYRzRyXGEGY/OJ/1RA4x6cVmySPJHbXwmYXLOzSLxtIXjGOK6IMInMoJNTubiV9rkfO5AwSf8au2epadq1u+lSu9ncAnYhGRhR97nj9a1zoMWpQSakimCW+f5SpG1NpwcgeppsGnWE2mNetAJNRsy0SEfKzYOenTBqKjNYnn9xpo1m0ktJYluZ7UuoIGcHOMg9ffmsrwtFfaFfG1uI3aBw20tyA2Rkr2Bq//AMJKiao91DbG1Wb5Co45AweBS3d5LLfQeUhjijbcGUbsHoc9a53Bo6oxPXNI1mOK+Rort4gq4ZWU/M3PHcV3L6ZrWoyeRo0paOVc3BbChV9F75xXBCVL+CORXE2oIoEOAFLY7e/1r17wTeLeaO/hu9lS2u93mS3If5wMfd7Hr6GobZzVYGHqOha7YXEcsvm6K8y7IZYpRkMBkMVU5wQOe9XNKt5YLiJ9S11dftbRjJPEVMchmbI+QknIXOeWx7Vc8SWbawsmp6pffbrmM/ZrZUxGdgJxJgDIz78+9QaJZWGmWSaVfR4+0uywzspMjTvwo3D/APV71sjMt+N/7RXTyIbU2d3kOZi6yZgOfkzzyOv+FZaeHtO13T7bxLexteXeVtYdjtHtjQE5IBAPGeetPuBdT69D4UuJvOW3bz7twDkJx8pzg45HTPUe9aOl+IdRSLWbkNbT2mpGW0gjc4mXaGEcqDnBGQxzycdhWj2KgjjNct9W8F6tFrfhtMWEzKtus43jz+QwHzBs8cc9a8Yurue5+Igk8T28o3zl73yPmOXHYehJGevFeyaaqWvkQteTX8dgzPHBOxaJZ8k8Akjk9awbrwL4l8Q62mpxCB2mkFxcrA+11XdnABHZQcc1mzaB6F4b02bW28qCwS1ntn8i2hdTFOyjlWcHGSR3qPXrO3tLi60PVwkFyxAmdAGI74DDrkjpmsG4+IMF3qa+IbZzeXEMgtxEw2EjBHQDpznOK6TSrCLW0jn12NrG1mmO64cZEbMOgOR7Ac1HLrcxnHqeN61oV6sMMxkDzsDtVOqoPXPTNeA+OfAUuquNU0sHcgw0bHCs/PK1906t4Rl8FLc6pqGoxzSXyPFaNtLFuNyhxjjoPauA022hHh65IiW6trY+XdRYOdz9GX6ZHPWuTFYWFZWaLw+MlBn5mXNve24ngYNCY85Tptx1rgrzVNSZ/KEjiEnBXP4V9/ePPhYJyuraPAEa4Tcc8/u+xP518ZeI9Ck055ZJ4sPG+wqex9a/O8yyuVGbbWh9VhcUpqyPOoEd5AqxEyMSBjljVy5hktjtkRhn+8Pzr0Hw1oEKwnU7wkE5ZcnnFQal4m0+1uQduQhO1T3+teNM9DnZwBmuF8vO4bR8uBjNRXLTyIxY4XjOa6qfV9P1DzJtgV+oAHSuX1GV1VE2ZD9fUVcUaQnoVUlhWByrkSNxUc0hlVUU7nxiq/llgQOh4zWhpLxRTbJVDscBc9jVuFjU6K3t1hs4mSMGV+Dgc11en3EhVXlhCbVxhuMYpmhXNjG0ks4x5fYDPPtS6lex3EwaFSQc9e1eNU5ru4FS9il1BPNhUjByeOuK5uOV7Nv3wxj3966iK5lhg8gnCZPI9643VZoPNxGQzN1FXEBmpQw3U+6AYVz1PY96z59PjSPaew4NbdtbuUSWZSUHNNuzGIf3aEE54xWrVgOFmgUFVT5OT+VPs/tEbgSMzIDkehqS6imyXP3W6DoamQ71QSEDjpmqsaF1ERkLbSGz69azbu3cOZkA2r6VclRkCsrFTVYykrz909aYFC7IniQP8pToe9UkwVIOd6dewxV6YKisHG4t0FUGYsVD5x09KnlA29MSwDCSdeTxn0qvqS2pn/0fgP2HTFZzNk7V6DpURODg5U+tKwH/0LHj7UPDs1wbXwraT6WkChZJ455CXRhzvXOBz6HnvW34R8bWfhbwbeR2l9BdX05UE3C4lIfAKqSQxGOvX8K3G0TQPC91fXXi+O6sIwhcqiFi7qeApwVIOepOM9SBzWd4R0O817R08S6tolrqZmdzHI5QMFjODlCMdQff8CM/s8auh+UySl5HZ+B9Al1ODWl1zw9E1wYTJbmOUptfBOSNwB5weTjjoe3BxaQyXC6jrFpdaA08AmtZIzuRk5G49SOvtkVP4se2n1QtZR3dtNLGsDyQSMA+/kx4B5Xpx3PbgVY1i7sNSFj4FTxPcxi12wF54mYEsNxXdxhOMKC3A4PStUIg8MajHrTajpt9d3W2FFMb5LKz5J6Hpjt716Lolro3i7THF1eX91dWPyySIFVQuT8v3TwBwcj6V5pe3epeFrW98M2msw/K3LCHbLsYDKg5PBJ9c4zXsnwin0zRfCN1qmq6hcw27SFA0UeGkbAxjPLYY4Df3s1lVEL4k8F6z4btY9J8NW9ulzebneadwZEVeBwc8n0xjg8V45qXxNDaFpVjrfnXMlvcNHNDZoInmjzglmGE4A4HPPUdSO70y41e+1C8159Pe71SAF9967KvlgfKSx9B2/KvItR8US+ItQu9UaeBZHYK8dpzGu0YABySenJz1oQ5xudF8SYLa80HTND8MyxWenX7ecfO2rNhSoUtgA8knPGa4XXtBTUrOx0Gxup9R1pJY4mjjBClGTnnAyAcdTwM5FX9J0+Mag+pfZS5gXzR55Kw/L3Y/wA6zvCU3izxBqmqazJdjSooQrSPajG1XbCIhBJA465zwPWmrMqKsdrqHgrxB4W1FPCVhptrodxqf33ml8zAALD5lL/QZzW04s9G0u20G914S6jHLm5NpExBDZ4DsoU8e3WsnwjFc3GuXOpx2l14m1a0i/cJPKWjXPQMX3EDjgcD0qXQ/HCW95qXjvXPsOj28zRtBGkQk/eINvyIQx5IBzyeMikTM19S8Fah4TnvbVY74RzrxIq5JU88MBgf4V5ro/iD+wdciu9bsr65SFT+6UsdxbpknABPXjNeiz+Lb/xh4RPiWy8QXt9rFrdN51rHbuY44WOFPyqFIx83cYOO1YbjwR4w1KxsbzWdWhlkh2zG3hyscgBIAUqQTnjjnHPaulfDqKxT8ZaTdeIdYlj8LWmo6XpuorGUkl3ZAGN53q2ME5x83fFdR8S/iR4W8SWWieBtDv8AUNKthcmO7e9g2syp8qGRlbDbmbJwQvdgABjnPiJG/g3w/pNtpWtax9pt/llV8sGix8uwkLgLjGORz145xE0uPUp7DXbnVS6ShXZLgAoMc4JOMehrklKxt7JPU9W028vvhxol2um6irs0vmeahCM/mBUC7MsO3qeRmuW0v4c+I9Y8I3Gp6Bd/aftzMJ7e5JjmjCNlGjZsKwPU9PTnnGTrVr9vs7ee90BNRhEr+XdWs29seyoegxzk4GO2efTtK1u4m1JtG8G6kmpi2tki3TgxsGC87CQuSoHcevWpciTxa8gv9Q8V+GLXw4G1KWEq0ok2oHaHDkbjx0U/j9a+k/FWuab4GvtT03wprL2k2p2odYbmMTEsNysFJHQnPPHf0rH8P6ZBZWtxDpUhhRW/eRyEkiVeDtbuDj1rg9LH/CS+O7/UNOurfWJVtfJ8i8JBwcH9wWByRjPGP4vWs7cwFPRNK07UpptV8eaVHiEmf7TYMYfMK8nO0qCc4zz+NdImsR3GrRXngnX4b1bQhksL6EROu9NjfMQrOMN1PT+9XO3ugWniC20/w7Z6vJot5LctDJHIGa2OQcMxGM88DrWxaeFZfD9sbe+0uHVdYlJgV4ZMLtHG9WIBHPt7UwH/ABRbSrIWulDw2lzHCVCtZlljiaUBm2xqAOPU9685Fno3ge41dH1+90W5MaXEJWEyqWTLKAVQspHIzke+a6GTXpNEs3E1jf2l/pIC3AdS0eHOFJ9Bg8E4HNcjJq+teKfHC20WoIbG4iVo4ZokKjagyH43YJz6inFAdf4f8QzW0R8T3/jAXTa4iuf3IBO07QTx8mMnPA/Guul1rxE+mR+Jxr8BsrAshkZd7AMQowMYOc45OR2rkfFFteRyWN7eeGNOTS9LULIlm6oZVbC5cKAQOmDtOD1NO1fVdG0fRr2x8M+Epbqw1URndNIz+XIpzlUAcnaRwcqM1UpIDe8NazrOoeKI9a0zX9Oja2mV2juR5UezG05yOcjOeRychgcV1Gs6R8RPH2m+K7Pwlq2iyaJPcx3Nzp1m8YkklJU7lOzPLR7id4yR36VyWraT4O0XwzENU8CyyXGt23mRKZGE8MiYO4OCWIyyngjjqvJFc/odj4U8EWujeI4vB2tnVJVkQ3KK32djLkZX+8wBwAMd+pxWUogej6h4YvbbwlaaFZaHYRak9rAt6dqF32jBbIH3twyST1z615NrXwo8Q6jod5rGn6DCv2OJY1KyxAtuYLnbu4brj/CulFl4U1aA+MNUuNTsDaSP5lo8LKZQuAvlyHAUjvk9eBjrXLaneeH/ABP4i1PUILq/0uxiiEinOHyqqDnZuxk5P+FWNI1tN8C293Bd6Tq2j6h4U1ez8hmEeZI5ImHBAOAxG1s4PBxkk7lEPxB8SaPoN/L4N+H13I9lLEsl5DexcmYYKjfwScAMccdBSad8ZYvF0mn6Lqfi24hkt4dpnkjc52gAAsgBIJ/vH616BLo2reHzqlv/AGHp3iSeUCeCWVoxM2RjdlwflyOhI56Hmobl1Cxyem2kuk+G9K1YWTQprKShYIPmbfGdpJQDqT+lb/gzSPD+o+FNX1nxvp63R09Hlt5LfMdwzgBTG4TaDyBgHpk+xrC+G8EnifxLqUmsafLpP9ioLiVlJ8tcnoSVCg98dwD6GtifxHa3evJoy3SDR5JjNMsS7Zgwypct0OQehz/KtIyuI891zxIPE15cw6Qj29pPhfs8wUqUAx05AJ5J/Lmsn4gaZ42+H1kPCOqaRps2nahCL3ZCT5nPykllZfmGzB+U5HTIr03xo2naDLHbCP7ZNEMAONnyN9056fXHQ8VwEvhnwj4q0rUNUls9Sste0eaNpfJTzbWW2Y4UZ2EIwOeuN3bOTinTYRqXOUli8MJ4cg8RW/haaCa7t967ZpHKPjAIG7DAnlTjkdR2q58OYtJVY7jWL690N5m2O/lFiIm6nbjJ6ccda7fTtEi8VaTdadptzLFPb/PmZSQIhyQAMdKyrHV/FWreI5tH8L61ZanbX3lRNBJsBuZEPykcYOGPXIXH4UtiZSueiaX4O8Paxb21v4e8XJeSeHZHZ5ZleLeshyGKvyoXpkAqSOSDmub8XaL4l0CbUr6+0a21mFNjG4t2G/acAMFCljjgH5ePXHNelfEe6+H/AIXvo4v+EKe0urqzZL640928mFmUIAPuqeecNs7cE5xy3hHQ9Ottds9X8L+K3tIJWzItyggMYCEfOC6qwPIB2gZ6HPIhSBEnhvw78L7e1sviNpt7rGiajqUcgkEDkeQ33X2uEyULLxt9egwQLNn4e0iHTdK1+HxsdPtrSR/OkuIj/pKE/cIkcYzzyQ3qMYzTbnVvifFFbaVrltba1o0Ek0MVxaBXXJPzYeMgYyO6iuC8aa/axwt4VvrdoE2rtUr93ccA/nQo6XM5xudXeavoWseIJ4td8O2fiDw9ACpudJYxPjOQ7bTndyAeQPQmvRIX8KaVfW/h/wAEa42n2ECebAb2PEQ83LbN0gUg5J6jAHQ15P4Z8KaJ8PPESan4M8Ws01xbSbUlhAMnGXGGwOOo+U4rqtZTxZ8Qte0671TR21G2NuIYrq1GI2aIsxMgUkKxLY/hBPCimUZHiHw9pGgakU8WRyaPEwBc7XaGYAj5l2hs4LD7vTocVpaB4wi1+UWeoMDHHFmCORtwIHZfoOw7fSuB+JWt33iu+i0/Ty17HpEAikspJNpjVHwwQfkOeeB6AVHe6D4Xt7Tw7regG5v9XF8ftOj3IEYFv5bHcG2jA4GGyw57Y5zqPSx0QpJq9z2vxd481bwp4Jto9MgUMyhkmkXzUEDglWHORtJUKCCMflXK+Fbq58Tx22s+Lb2bzzuw0W1DheF4A4HritTw/ZfDzxIZLnTrifRL2RHiNrO3mRI3Uhi+cg4/vj068VwmjaH4lu/EJk1CdNFvNXiJtQGDxOI1zlwCSuAO/P8AKqw9oppk1IWO7v4xJqX2icNewuDHiYkhYwcrtPYisHXrW5+Imqxp/aa6bFAI47a1kBeAFRtb5wPlz/u8jA7Vt+PfEj/D3SdD8JavaeXqupMbi41MHfGqA7CoQLu2knOeg69zi34e1Lwr4TS5tggsJ7kKk1rPueKVo8lHDEbc4Y4AI5PQnBrTlvqZc9mVfit4d8KeHfDx0Gy1J9D1LT1WR0jV7iG4WRSPLZudnJByQMDqD0HB6RojG9057uxksrsbUaTZuti2Mbzj+n86qnT7rXJprm4tJNAGob1McjGSGZG5DK5AAJ6cV2fgoaxdm00BNVe31UoIntpUWWF1jBKhWUHBKjJwST+HERbijSU76nEJ4e02w8Sagl1dxpNBKv2nLAwTLN83yMfukDjB71e8TxR2umQabo5S3tQxCwhQUkLHcMHp19K6bxHLa6Pe3uiz6aqC5fE0EvzxSZH3lYcg8AjFYOnXnhrRPDl5ca5EtzbRktp8BdkfzY/vordxyCCaA9qbdjZRaD4ci1C/tIbm8vt32a1lQB0YNtJWbadvUHGRmsz4cXsejatNqG2WbUS4ZmGVngkdSpAHG5W4x6U34cXWvfFazu7aaRJLfTZQfsbIEaCGQ5Vll4JOQe56UzxVD9o+JEugaHDdRNpkEU9xdQ/JNCcDLN0DDlMdOtDXKL4jvrPxcdB1m5vtVSQXwclGKcZk5JOep57ZrpPDI0rUr1/E97bnEJeWRM48wctuQnlSD9K868ez29vpWg2H2iS4bU5zJ5kmMOq/KRkc5Ge9akd2dK8OQjw8fNluSyrCwDDGeQcf/WrNoDe8V+JtS8cavaS+EbrzdPhcSPp1/GoiI6FmIyXU5OMHjJxxxXhHxRufCsNxp+hR+EB4fhsbgJJJBM07y+ZjhAwAJwcjOTnjIGRX0TqetWNj4Q8Jiw0kSXN1BMklrLIY5IeB5u1sZ+djkH07Dt4Vr/hS10HTf7atdQMVmNk8NhdqA5aMgkLICBkEZGFB7e9XSSZCndnocNhfeFvhquk6T4vfUJftKwRWoRP3KXEucg5YjDtk57H04rxnxPdWdj4Au7nx9oIk8S290La11BZgC0btu+dIwFACqwGRnJzgZ45nWb/ZZX76/mBZjuaaIklQSMADBP1rkfDngDWPHup3Mnw/uP7ZTT4UuLi0nYRIvzbeFlKKxP4dOtW42N4wuS+HX0++1O2/4SOFrvQowVZ4y37nceXO3ng9fb8q920eXT9HS48TeBfE6W+r20oW1hKqpkhmBRvlfqRk54IGOgOCPNo9R8Gar4Bu9J8IWcujeKXOxrd8tHcoxxJ5bMxVMJluQD1Az1FD4WX58I69p2uarp8rxaTMZZYZMo5baQpG4dN2GH0qWh8rPonTbnT57qC21DxukF05Ml1c7wjRS8s4LKccnPPHNVdJ1Xw43i/UdSs/Hf8AadrC6zPG8j28Uqhc7lOQjMrenU155rGsaDDcXdxZeDLi6i155BaxyO6NIjjc4G0McAHgqeRUVtFcafpP22w+Hix6deKYmAaVy7ITgAOGcFecgDpS5RHUXug6L4u1vWPE2keNUuLX5rt4ZVkthHH/ABAM+BlB1456+prF8NafonjLX7Ox0zxXJqKRxs6xSJKhKAjzNjOMFuc4xzj0zg1+TT/DfhXTGh8FHUo9XGHhSVmhMRG51Y/O0boxXjb6nIOMcVpmvaP8MNTtvEGr+FzqMFyJYorLcrQxoWUnMjK+GHABKnIz702KLue3X/wY0bxh8QNP8P8AgT4hwuZrZpv3ykNF5ZO9FMRAdsLnacHH6ZPiTXvG3g1R4c0jxBFf3mgTMYmVEkBBOM5IPYnhieuPSuU0DX/BNtYTeKf+EevbaS3vjK9vHIZFW2ZgfKDsV52krnrgbs9q6XQ/E/wV8R+M795tL1DQ9OmgWSOOMrIRIg+cy/fYhzgDHfrxkjCVKS63NOYh+Ivw88f+D4NV134iabZanruvGO4gljlRWjcHbuAVFXHTgHt1wTXJaNpOraxdf2x4u8Gi9e0C3Chi8EcijG3kZVs+5OemDXseu6R8Ofitq9gmm63f6MbWBrZPtUStFuX5lOA4wCAR94dRkDHPO+OvCGu6H4at9D8P+LZNTmWWOE2nlhFaHqu2RmO0KR2OMYHAogmlqDlc8zi1fQvGnxJtLm58NSaXFcW09vMbIySfKVOx1j27Y3HCkjGQeRUni/W/Ad1p8XhTw3qN3piadMFnuXEk0d1IMZLqDlGByCQoU/hXpfiDXvi54J+Hmj+ZBZ2N/pySLbTlUecxyv8AMvBK98HABI614P4F1zVZvEPiPxNqmkLr+prLHebgjrBDMCQZCiAgk5B5IwRkUoLUuUtDotD8a6VpUureHm8TrbzReU0Bxviuiw+bDYYRsvAPPzevFekaz4f8a6xBex6j4dtfE2ix20T28rzRwyqVALshU9S3bA9MkZFeF6lJ4B1XxxY+INR0JtN0zMbX1tprb9wBO5gG2iMsMAgY6ZByc16F4n8Q/DTXfFJ0vw5fXWk6TLNj7bKC6H5PlZUGJFBfg7j33HABA3tcys+h5rcaXe+MPHD+E9YtW8LzLEI4dsbSQrEiPJhvujJz1XA5r0lLi/8AH8en+D/D1l/wkmleFLeA32xhA9wkbD5Rlg+Sq7QUUnnvWjrmoR23hz/iU+M01CeIPHkqDOGP3QNxZiB/ezXnfhDT10a9sb3Tra40vWLVP3lwHbbIHGMgn5RnHYfnXK9zqpe9Fo6TxIPDmn2WpSfD63vdO03U2jBsLoMxiwmGKMxZz83XLnPHUDjZ8RanD4LvvD/hp9Qjg+yWbSveAAgpcnnKEn7uz1rx3/hNdbHi+4udbupb1ormdbd02fKWcgkgD5sgD8Ko/EV9d8SXNt4ivrQxItqtuHyAHCu5zwBz8+CO1XTSuKUbHvnhjVvCPh62uNe8K+KZdfvbBzizgjljhVWUhm3MGUnBPI9OKueE7TSr/wAI3jeBvBtzc6lckky3kxFvIFOAfnZUYr02gAkDJbJwPJ/hh4h8S6JpF1Y+HNIXTpiql7ps5mznYcuOduO2R9K9gs/BetWHwrPiHxr4ofT5Zcz21tEQW8pyGG10IYuy5YjnAwCBzjeSM3LlOX+IniLWD4E0e31qK30vUkvJbcrpz4V4YlZCGKEgbTtUrubp6kgcZqGt6zplhpEtnEjQNwnmLuJZcZbk4yD2PWvo8WOl6H8G9M8R/DPQPOu55udQvYQ0iyJlWdC42/eQY6YAHG7NeL+WvijxRp03xS8RGCKdWe5NpESYwqtsChA3LHAyEIHoeKwjG7ua8yZ6HfeLtF8V69pV/wDEnxgLa9EEK3NpaRSA9M7RsDIpIIB+XHf0NdxbfEfwRpvjA6dpHguxie3YKupXKlrhwMeXJllyhIwecmvkrX11Oz+IZt/hJp7TrDGUju513PIoJVpmD4WI7So5/IE4ru7/AMH6ppt3c3+s+Ibe+8xPNcxN99s42DHA2kfdxwAMAdurlj1OWcDqPiRq1h4gurvV9c1mO61K2KwxQW+3eccEMVCqOM89areA28XaJHqniTwNo6aYGtz5t+2wuqR5YlBL1HXhQeRVDwdoumeJ9bk0ex0+OW6uo9ge6PlohXLNJ0YY4znAJxVTxJo58K302keMdcOtTxRlXt7RmEcRHRWGVByPbpT/ALpkcpdW39vmJvG/jS/1C0iYyRRp+8UE9QuSyj8V/LrWxo2seH7HxBdWHhrwpJqqwWyxLeM7b085eWOEZFOcjcT6gYHFZ9pc3M9hptp4ZtUilupyqm4VflCAsSRzxgE9+AcDNdZFqd5beJ003xlr62sAi3iG1iLrIxyoXcq5UgjPIx24zRsBwl3oFlJptzfazqOya1AMltbTRmVyThfMUbu/r9c1zvxTez1ax0K78Kac1ppkckqJAxLSIW2n5iSxbdtJGTntXR6T4Ouxqut3PhDQ57q2aJkS4u8KiS5BPzE7cMSOAc45qHxJ4V1rRvD2leI9Uvre5lkmMZtbd9wtyVJO4jjPGCRnnisZM0hI8vN/HbwT2OoaUL65vYxBDnJKEnHCgck5HcflmvqvTNPt9KW0gg8MSaUlvbAQPIrGMSEcqG6Ooz97OTzwK8R8PMur3ttYabIsF0bjIdiAVUqd5B9MA/yr2DS9Hv7zwVeaHb+LwuppdgWy3U2yCSLkOiNlmjdWJboScgdORztnWafl6npfhj7RYaT5kF5J9muo9mRLt3FMAgnucYrE8Q2Hi3wvpNhbp4eRriWJZiGO6MxuCQHQFCrqOCCck802Pwl4quvFdh4K8YeL30fUIo1liiWXfDIV5jA2OqjKg8kZ9qvXt/N4u8UJocHjzzblHO5FHP7gEPl1IUgKMc/nQpWCxT1LxZf+BvDmmX3hvQbZbvVp1huHLF0kOHKqkJztwflHqfU9O3uB4q0XwBLr/hXwzFp2tae2PtNqqH5JJAGDW/TG1gCQTjGeMmuTn8GXvxM8YP4r0/xXa3kWlfZSkbK0B/ckkBeMM2VJ6DPTgVevHQeIprKx1uSZr9QWdWeAbhn5MAhWxjjAx6CuiE7nLUMm3uPG+kaGPGP2Kyi1uG5kuGmEJjuQJE+c7XABGegGepwOlWtEsPH2sSXmteKNQh0ceIokuoLy4SIo7hF8pAEI2gIQQG7DpnNZPii08O62+gR6n4v/ALRntJwtzFIpzHG5Hmo0uc8HgE54HYcVX+Klv4F8K6DZ+HrS8u7zUNOZJkaMl7MxO5GGDlsFRwu3qTz6LVjO5K2jeN7KwPjzV/ElpBbR2zJM6lHlEYcgDDIP4hxt+bPA5r5zY6fe69c6nNr5ujJKW3tGVMoPOfmPy4PTPb0r2L4qal4Mht00Hw/Yz3FrcLHcRXl0hjlZHBwQMKTn8AOmD1qsb7wMNLmj8D+FVWScKLgXY89pAinlAWYhiewzke4FY1tjow+5wMtp4X0rSb/UrnWnkF8DGEMTE5JHzbxkZA6DFZui6p4YsLPzdKuJbu4kbY0pRgMY9wOmav8AiDUI9X8LR6JpGjIEunCbVydvOS+MZJ445ri7Czk8PTvpk7BLKH966dNrtgD8fbNcx1ntlrqUWvS6R4GstUK2xka4u4yCEE4XCs/TdgZA5OK91sPBPgzVPFcOk6tqskdrplilwZzGXKvCy/uxtx8vzbtxGQK+efhpMNJefWYNGmvpL8mPzcEw7OMBuMdRxz3r6G0nTfEll4Rt/Ful6TukaSS3kud+QQzdGiB3ABgFziqVzmqnKWGr+BfFGryanY+HbySwjeW1EMb7zJKi8lCSrkYIIBweecdK5aw8TeFNUFnLe+GBPpcUkukyMxUTOJFB2nCja2DuzuyDuBIzXXzeINU8E/DXXYdRsLS11PztkEzL5V0kj4bzFyBuBBzxg7VPWuXf/hK/+EBltfEHiCCCy8SbLuGMQpLJcO+0uS+1GVhgZ+bG7A5zVshHnvjqTQpLtNDFp9ns7VWS3kzyFX7i56bgo56159olnBPZXcekHzY49ryIGG4tzzt+gyc16Z4q+Dvij4f3kNhr+pxN/aLJJarkkMXXkuDnGOnevEtDs7nTfE0kJlWO5s7l4yu7CsAxztz19sVkzpgen6Lpug3KSQas7wSXSILdEBzvyRg/Ke+Bz712XhzTPEmj6wmua6Y1NiPlEkirugIIAAX8eD3xXl2l61NJ43gtrvTn1KeOQeVEhILrngjbkgqPm6Yxmvfbvw2dL8XR2T3kd3IW+0wRKDKxDlgIXIPDKR09MVcYik+U8X0jTtNbWNU8+3mbw3KkvmMBnZkZAyeeMkfTntT/AAw/2Pw94i0fS7l7OGRM/aHlMZeNTjaQowcgk449O1ei+J2tvB2v22oXcIuIdWSRr3St/lBGAKAgqDwwO7AHUbSa6DWdPtYIr+y1Wyj0/wAIyRho5LeEskXmEMqhlB53HGQPciqEbPhDVtUHhGx1rwzajU2s4/s09vKjDyeAAy4ILKT83B6HPY4gm8SatZeDbnTPGFxPqWjReWtvbqy7o2DMwOMggAkdSeOAMcVzsVt4gfQpbPTL3+yZLza0s81y0CyQbSUPyjB3KcHGcfjxwQtl0vThaeGok1fU7tgs0EMMsoAAJL52jPPQ+9WZM9p8S+Ij4v8ADD6JLYJoqSCGTzCGeSR0wS2RsGGAHGPxI4qtreu61LoV1c+A7WZraSGKG8jjs/PjR1XYw+6wGd2evf2wMSXV9T07w1bax4vke5t5ZI0hiwiyRSqHyr8A7flIJ57d69HtdTk1vwFqo8MW8GgyyLF5s5uNkcuxcv8AwYGVJOR0IHoCIYjxvU/CL6F4Ls/EHjaKZ1vXKWao6gjA6OOxypyO3Fen2V3rmm/Djz/Dt6miC4tVF9vnKNNGyYX5gCPmRycE8Zx1qno9npEvgbUZNLltvFF5Cpc20sRMltLtwXQsPnUD5hxzjaCSTVa/eSw8CrovjQzwQ3hjMclvCCjw7UkRd20bSjDB47gDI5DiJofe2tpYeFtK1bQ5Z9bv53EE9jcRyPFG7qcvuJxtJAPpzyRWf8UNft7b4YWttrDJpWoWbxtHDFG211J2+XG4OF2gjIJ7YHt11jLb+Ifh7dnwxpk9rqtkIx9pa4JXyT947TtUHYD2yODnNcf8SfhjY+G/hxZ634uW11IXgH2PyblnlimZSAzKu0bdw55OOnerrbCp7swj8SL7V/AWi6VoOmx6pLZsubt7bfPCEI+UbgV4GPm9O/Fe0azZ6V4q1bR/Hfi64mj1Gy2AW0cSq5jHIBbOwYOeD789K+bbzwNeW/wp0rxv4MvBpDySPFcW63UsclwCwVCuWGScMcZ6DpxXsMOrWGl+FtL0WWV9Tu0s1xdP1YgfLkNk84wTnoBxXKdA34rQa/J458P+HryKSy8NTPFJHJM6qJEcqJJN69NufXIH1rJ1BPser6foWkaVZ6hrukMzpeyEv56nc2xwQM7QwGS3GPeqfxBt57tfDXiDXtVW2trUQxx2rZJFuS0hkRS3fGOFwflr0HWdP+IOv67o1v4YtZYvDEUEER1AIAR5nDyBjgnjHI607BY8i8X32ly+L7O/8e2Pm38KItzp8S+TGsWCY8FeeQwb5Tz3rK8fz6V4z1mDWNfuDZaFGi/Z4XddyMAN2AeG3Y9Ca7L4mxeFfDHivSpprc6pr8Usa3BeYzLNtUBPMBzhgwXAwBivJPHekaJbePdM8SeIpvtf9qWyPLYxxmMQAptj+bcON2RjqcU2a2MaHRbrxDrV2mpRfZPClgrSq0arE0kYVvLK5B3Fhz6Vx8F9qUk2kWr7jp1o5W0jI4GX3HBA5y3XFen3elRX2s3Vhe34sbC3iSS1jIMuVPATGQRgjqc4ArhY9VvZ9XhsNVgCyWgcxHGAq9AfXJwM59K5asTppRuj2DT9a0DU/LtvEcLmaMsE8rG75gDgE4AyR3ri47y21TV7syeHxcx2UpSWeRSQiFtqeZhSoOB3OD0rOtr+5EVzbCNDNICYpSDuVu2PxqKDxRqenudF1jXsW12jCXyQrsCeCr7VLdMisYFuHZl2XVb+K1vbW/0m0FmhaMbkDmJGOAFbPTp2ryvVtBvZVPiG6062W1t28jflTtXOFPJ6cgeg9K9L1ODwloot4H1n7RBqigy/umJiAxjAH3uSegzx0rg/G9joWg2ag3MuuaZeopDpC8DL1+UqxHTg5zz6VNWOlyKcpKVj5E1yCOzv5bF1Vvsr8EdG+lc82x5CEbA6gfzroPFcAtr7zId5SU5TzOCF9652JAzeYQMgcZ4rxqp7tHYCRI3zZ9DmiWMOPu42mpTt7HOR0qplwolOWHTisTYfOkLhfKJUgfrWdPFIoxIAemK0QUKLlhk81XmcncGw2DxXPUidNGWoyLcoVf71bFoOGPcdKx0A6P1HStS2BLdcY5rzKy0Z7VB7G6Cu1VHpk/WmkDcFzVOJhGDk5yauhQBkcmuCoekug+T5MAc1Km4AnrnpUXLYA/GlJKkj8qkti4O+heoO3HvTZGYY9+tP4ADE5HpUM0uT8DJJ60YOMdRTMs5U4xUiLknB57ikBJEc/KTwPWnGSVjxwM00p+74POe9AyRxTuBZSVSpXHNNQSE+YTj60kagnJ71MDgdMg0FxkKoK9T1NSg87vSomKgAkUvmAjPSkaj8gj3Pel3bhtxjHekHzDilycbRQA8sRjYAaZ5kYVmcnj+dHzcYXj1qJ8gjI4oAljudu08n1zTCxclhwDUQZpCR+lKc8sy/rTAkGDlTwaRsYznpSehxzTec+gFIwGtIOMdaTftwG5FOyEGD3qGaVVQAdTQIc8yx/dHJqqJGfoDu601yPlI7UwyMgIXv3ppCYSfJhlGS3Wq0gdipQZ9am5IBLZqLLEEr8pFWYtiKRg8bTTfL5wxyKQkkANzmgZ60GbE2kA4PGah3jPXvTizDjtmoyozxQZMV5BGd5G6oGmyflOAOtLIW/OozGPLz0Oea6YxJbI2kKjaOM1GSWySaFyx2k1GWVST1PStEjKTBpE24J5GKqyn5ic01sA5B602U9h1NWZEDSsMA/N7VEZCwww21IDtbDcn1qDYwy7HINBnMR9vUHNN4Bxnml++uOhpiqzHLHntWiIbuO3bATnApu0jBA5NOLoRtbP4VMjBmCpkd6BDOBz0NCxBgHLknPNSFd+QRkg5pynjbt4710wic1WRZGHIBXnpk1Z8jIKBtwFMjJyDIMjFWCpRRJuA3noPSumCMJPQekSxkJJkADtWlEgjXEJyrdj2qMJIwG5T2roLHRje3KW8DbjMQMCuuCON1LGeLUSx/M23Fen+EPAl9rc9pKkObWaVUJkwN2SOmeua6bwR4B17UdQtzFpjz+TII2kaJmhVP4i7bSBgHnNfa2nfC3wkYYUtPECwtfeVNYtGFZbeWJgzo6k4Y8EAEjBHfiumFJvY87EYxfCjzbS/AlpZapYyagSjRbf8ARso26McY+XPGPSt/VETwvq9va6bpa6lY3Su4jnTd5ZBz8jkHaVPP0OOuDWvqmtR6bex30+hGSXTJzYXN6sr/AGdJCxTeSVwq9Tzzg9uK4rxnceL5dcMMc/2eO2VAU3bcq3zEg45yDXpUKVjiVS5Hqes23iW/hku7kxiKLyiirhlIJIGPx/SuSu5gkqQ8+TvK5xtYgZ6fUUkGo6VB5iCJ3u2lLhiBuDHjrxkZ/nW7/Z892ytrkYiZMSooIG5D6gZ6V2Ele78PBUl0DUZzL5Y328zdwRxXDWkd7FGttI2UBYeZjg8969YuBbzCOG5YyTXJCRyg5HPQN6VzerWEdvDb6Si5uIWfzeODzxisKiNKbM2xhtpLhPtBI2FXGRkEr0H0q3qGj6zrmorq+mhRBAMMmflAHXNTWdhJJtgZwTjnt3r1vQtW0y2069EUBVpo/KCdt4HB/Gs1EdRmH4esdNTddXVqbp7VjmEnCsrA9wD0PSvQ9F8R3dto0gs0Fm9nI0iSO7EGHBxAynlhz1znA4weat/D5NUu3bUvD9qlq1rGftCAqpdRkZKtg4PrTfFd/Ja6Umn69YNeLcN51rNH9wL3QOOcrnkc9R7V2U6ZwupdnVeGPC2vXskmo6dKlzomvQfavv7kt7yQ8x7Sf4eQSB7HpUevXGpf2I+keK7HfdaEUgEMTf6xJ9uNzJnKBccrj35JJ5G0sL5tDfRrO9kstL1N4nljGW2sMc44IOcZwRuwM5wK9VtdR8bHR7LTSPPvdPuTFNM6orXVqOVJD5O/HBI69Sc1ryC5itpPhbw7EF0i/wBTxpeqvFJp6ws0jW8xUhkIII27m2455xnByay0u/EfgrUb+Oww8cbNbsrpt3R8ENg5wCMd+M1XtNU8Nacv2HVbEwJqU7zWV8ztEtrMVADMy9s7T6DGTwMjWuZ5dUMknjbxCT4s07d5duIXliu027ogzKqgbs45xjqRVszkzwZbrS9X8R3R0zTzBNEJZ0wQUaZeq46bM9wa8q8Tw3et6giap+7eAmSHy1GRuOWzyePlFev+JLyU2r2ElrD4dYSDYYSC0itklQ3HPsK8iFhLpWrJNazyX6kbUZ8ktntj61lNHbSY3RLHT5bgtrLyRxyAiAoOTMSAobOeD0/KvoHwvYXdrJPeTFZHtwiXECjc4j3D51HrXnnhK90m61OSXxDa+dZsrwSsVJNrLnKsMA4bK4x7k1614VulF1f3tqqwSWisXeUnfPBHydoxydvOPakjCrLU3/EMUelaOmk+LYJtSiurtp9LntgjM0JQFFILIwBD8ggk5A7CuB1/XIZ4ZD4Rh/siy06Pz2spJd771DbiScsAR0UnGfevTZZTrdpp+g6FBFdlCZ4ryWMpLGQSxRd2AMgL26DH08F8ZQ2T+Jbs3js17NGvJGAk0YKsp28HOPStErE01qcJ8Q9Tl1m4S6tlFrcLArRgnIJySRuwOmTya0Phja6xJ4fvtdM8V3JHI0c1q6jjgFWGDggg9cVBfva67bf2VcotvdxKTFzk5Hpj+E+mage01my8PFvDtyLYwOPtUavsMik7Vb369CawktTqfwnpOleL5p9EbTPEki6nZWvyQRRbfNgzyEP3fk4G0k8Yxz25WXxBC839l7ZEkKqFhXIEoHIGR1wR3H4Vxt0mpR+S/h52j87/AI+SduPwBrpIorq4urezFxDFJEPME5+V3b0z71oc07o47V7/AE9o3sLyFbcSMXQqpyG7jNY0kcNmtu0cxkjkO1H9Mc812PiBNQmvrexuIFRFUupUgknvmuZ1NDLp1u1udgidlPGcmpka0r2KF79ntoXuEVVmZgTITyRVfTrrV7e4aZV+0qBnDDcOeuavf2TdavpywP5c4PRehAHv61CLm80lDpyMyIeqHBI+pxnFRJFp6nUaXo8JtZr+aPZKFygHIoFhPpZbU9RtFdrpMxqw5x61if2/q2kGGZJdtuxAbIzkV1M+qQ+Igk5kby4xsTHcdxWpLOa0jQptcsbnVdOR4pUlKKD/AKvseuPeu9hXUtF0x7LU7qKFpwHjSFS7buhDHA54xXbeFrPUrqGXRryzmis4494crtjGehLHH9fXtWDr+v6hbmXwrrllbzG2cRQyJ/rFRuQwbqQRg9vcZ6VAxqSucFqHhy58UOqfam2qPlQ8j0/WsOWxOkTSw6C32Vk+SWIk/wCsBPzAnnmu80/Tp5Lr7La3LW05GEz1c+hNZ/xNt5dPnht7SNVuJo0eR07ZOD+OaclZmpyVhpFxqepw6heWwnMbRvLglQwU85rs9ba2vZZdQidY43OFhznb249axfCUusyXttpwcTxEjcMfMc+vtXR6pZwWtzsMYt5w+ChPDd8inJBcyLGG4FykYt0vEnBQxPwOenJrsNP1Xfbf2dDJslsgR5Gc7Ah28Hv+FYUBtRMi3rtAAwIKqW6duK1re30/UPH+mSFRHa3NxCjmP5cgsFY47VFiZHpl/avL4YtYbqNZ5J0FzbmMk7GIBMZ9SMkYp3hCKWHTbkQXT6TdSvvMwYjKKBhWOeADk9qzvHVlfeEtRYaHfObaYNmEFWkRu+Rj7pBrr9Dgtb3SLC+1dQ48tfMt8lGdtuSCPQ+td8H7pwSi7njuuG0TUYrWO7M0l0xJb/b7Yz1/Gut0LSr3ULuKwsZFa5lZYxbPhRKMdiePzrznXoTeeLl1XRYPs8CygR2zNkR4OMZPU17p4OlgS4GoajaqkMIJO7llkHfP0qfilqUn7p3vhi5m0PVZrLU7BmSyXfO9uA1zbquPnjcErwzA5HbvXn/xV8YeGJb2/bRryfU7y5UxlpwQwYrtBO5UOB9OmOle7adrGhXnh7UNUupotJvLaN3ivreFn8yJQSyyBQQenfoQCOhB+J/iBH4evRbalpiSQ6g5LXJcnMigADAyQPwx+Nb1Nrk4f4znbSG61OZi48qa3Xdkf3Qcf1r6C8O6DN9htdUtpNt5EFffkggHkD2rlPh/YLqhFjPOsHmwq8cm3duxzhunODxX0D4fvG0q1bwmxFxA+Z1wufMmJC4744H4Vx0/e1N8TK7sauvQ2MAtZbrSLrUNQuIRKrWoLqkOcBmCnGMn0rNHiCzsIIL3TLc3GkRklrd28qQSNxwRu7n/AOtXrPh2DVNW0W8jAjtJLcDf5bf8u6/w9+Rz3rgPiZ4Q0O+8LxeIba+jeeKZY4YgxDjdwXZeDxXVT00OY+fPEz+IJdanXUY40kvR5wZec2z52IW4+6OOQCcZ75OQlyLN95hD7VqfUILCwuBBc6ms87r+9bORv/uj0q5pmm3OoaHLPEmbxGYJ0+726+vY1UzVmVZ+MY9D1eG4nskmimbCruIKEnqQc16fqa+H5NWs7zQo1ihQb7oByQ+7n5R0GPavO7jwvqeh3cckuntftdwh+2UVmwSMZx0NelLZ2l1pNv8A2RpZEELAvOSBK7YwUPfAz24qt/hMTtLG98OSwiS9u3jkcottDEhI3ZG05A4IPAHrXeJfX4Ja8tWeyhGVuHbHmSjny8Y6gc1wum2ejeHr2wm1G8Rbe/aNZiqZa0iYgMxHOcAknvx0r12KNUGoWunyDXtN05j5IUbBIx6OAckDr7c1EnrYwZ5zcSQ6/p2NXP8ApNm5m82IY/cjkpgY444ryjW7mDXby71yJNsu5YIYsbiVUfeb6116aUmku9u2pNHubzp4xwfMA5Xd/SjVtOtZ9PTxVZ28t3cM3kBYlPyrzkn3qkNHkdre6Ppt9FZ3hdEZsyN1wfata+t7tLoLBOJnuXKtlAPLjP8AFgdBitezs9LuLj+ybyRnsISbjc0ZWUuP+WXsKjuPEWjQR3V/bKIbi9Q2yoc7gF98cDFbXCJxDQahZ6syWnMkT+UjDkHd/Fzxj1rbn+0XCulz/rO5XGAe7fnWfeajq2sWa6hp0UVxBYAwsIm+ZT3YjnI/GsfTpNQtJRPazCW2nX5kk5O7uB9PrWbZrE7KTweus6TNNDbCeaFBtGcFgD1zXm7WzecUkDQ+WNjoeAVH48mvX/DGvXccUy2YRpF+aUHdnys4O36+9cF4wt5rG/SVNwjm3OkbjAXdznjqKzcmwjUZr6FoeoJZG4lnGyP5rc9HOO3tXS6SlxFqMOpy2v2iG2cM4343kHOMjnrVLRIL+88PRSTwholPlnGOD1yPwNd7ajTorz+yLRG/s2G3DiQnLNO317fhU8rFOZvTNbXEDl5Ftb+5JZIME7E/3xwDVrUhpUc9tPpBuVt7NkZfPO9PtKkncmePzrnxZ61Yx291eaeI72+BjjVyrKIuMN8rfzqe8m18T6athcx29pYOkzKBndIrc5B7YrVEXN7VvCJ1O/tNRnvEW/v4llmlgbY6AryrgcHjiuMXTtP0uE6rp/8ApExbykDoAQOcsG4rsNY8QaPGY/7Vj+3LqP3niIHk7fbp14rBjvL0zPFFOklqFKLE6YYJyAw+maLsZl6nf6XbpaeVKtvBYv5rqOfMfOcYHevMbjTEk8WW+v2Cz3Md7Mst7Bu8rEQddw3ZGFZc4HJHX0x3M+hmeFIrGMS7CdxZgM59R/gK1b3SJrrRY7e71D7PPCRLKY+XeNQcpwRzg8dckdDSbXcqm7DNIh0KfxRPN4flhitWiKxWl0NzlzgkjLMe3B5rqbLUY3d/DN/JJ9njbfI23MYc8AMQCQM9Qa49NB02S5j8VaPFLKsOALaRSemRuBGe/PU16raaJLFpMWpR3AtbaWPzbllHmqoILY9eOhxWQ5McbIazoklpfWa3F1ECLfaSVhEeQOPpxzVD7PctZiLSLWCHylO+IKFErkY5AA54qbTtTg0y5AWQ3y3zrAsiZRlRm4bGO/Uitd7iLwncf20UhntUhdlErAK8nJAP19KZgeI69Hqdjf21lrkSxtcA7hGQQsZJH+Ir5o+I3g3Qr+yvLu0VvtFmpYPg/Mqk53L0I6nIwR9OK+uftN74vjmnu4ra/uzKX2YWMwxnptJOdvtkk9ea5bX/AA1ZTXPlGJJbEw7XUHGWJIYZHtiubF4SNWDjI68NXcJJ9D85o9s8+12OFyu3HpXEeJtDS7R7izGwR8vjqcV9DfFzwDP4WMWq6GgmspjhmLZdT239hnsRxx24z4DcahcyWj2iLt3ZDN3NfmeMy2pRnyyPrKOJUldHE6Pps9xdvGkZGBwRUGs/u7gRtztOMD1rWn1OSxBitHMc3qPSuWnZ7nmdizNyT71zxhqd8UUVUmfZu+Ucke9XZomjXzEkOQenoKzwWRzu+8pA9iK07gtLGGBw3XFXNFomsNcuLEhS24+hrsLPWLO8OC4VwO9ea5DnBHzD17VKpkjzKnBXtXLUpJhc9MkPmowQghs4HrXOXOmOXXzMKQeuao2mqXMQWZ8FO61py3javtaNPLBOK4ZUnHYs6C18i1twszqQgyTnIrnrvV3lunMAHlnsB2qe6tYYbCR2l3SBcj04rhE1NvLKgbGHU57VcadwNG7l88+Y/wDDzwKzpmUrhsAAdqgs9SdZz57Hymzx1q9JHFcJ50ByH4xj0q+VmhUt7/DR28gLxjPzHtV1trqHULtx/DWcbZk3hPvY45qazulgRo5U5PccilYCQuirvJz9aiFvDMoKnLdauxwW9y+5mwG4xTL2GC2jXynAbt9RSAxn3IcFsEZyPSo+OW9sVK0gkBJPJ5+poCHcFGOe9ID/0favFv8AbWv63KkuoZXCNDasoKcDBA98gnnPXFXvHGk2k9g2laNp/wBg0+WKMymBgMyIcs20euBXPM1rCXvJbxbu4dcxyRMZFC/QgHPr0o8Mw6hrNlPqNjBLC9v8oKDcJV7k9OhHPvX7esPyxPyOrvc5qOLTtEtrWO11dxOXJQTxkbRz/FyK67w9oPijV726S8lsbjSokMyTkrtMobk7lB5A9cVJpHw9bVp77VzqNtqksYwY5SVeI84G35gP0rxrVrxvs11op0lDMhUibzuVRueUwfvDpn1rNo1TOp0u2vfFGpDX76O0isbJWZgBnzGAIUEc7hn1OMfre8U6qdVtYtH1LxMNJt1AdkigL7gOijZgjHp0/Kub0WWS2vE0zwxozbr5NzLNKDjoCMknHbvXf6Xa+LNJuL/Xv7J0W1udJjR2+3sHYDqpiYH72OBz6AckVPKNIwJfEVjr/iH7H4ftrrV7VLbZIkrGJDtJBYnnAwRyQK5aPRYrW2S30qGDTxySVUb5PZiOtdTqEE1p4D1zxdql9GbvVJpp5Eth8mXb5YxnkAue+eD3rzfw1qnjK38Lv4p07QRBDMrFp7vH3O5RWZWIPGGGQe2ah+ZRoXviPQY4rfRNWMt7b7yt00OVAUfw54yc9s16PpnifSNG0+78DaDp9vJFeuro0z5bH3uh5J4yCT+GMVw3gzwZo+s+BNS1PxLra3F3qMrvFBaYbyug/esV+8xBIAxgY5OeOc8NeCbfwney61d6Pc629qRscxyLAikHLMQCPxOcdsVEmrAej/FXXotF8KaZp+j62iag8jeamnuVITacqxUggc9D1xXn/iqXwjNoFv4f8O2crMtuuJ7jPnSzcZYIT8uPbGemOK9Ibxkui6dc+Ibjwdpf9jIgJecCSXdnacSFT3P938a8NvPF2p+IfETeJNdvFnhtYCsSIAixqxyqRoOnpk846k0oysVFaHsPh+y8c+BvhnBfSXcFnYXG5kXClxvbYxk3DqfrmprDxdHpi3llqfibc0uxoZ4oclc9cbQe/r615H4b1rwtreveR4hjmmRkIjXkMZGYBTwc+v519S634dsbnxZpqaN4StY002MJJAkatuHdpfl255HUZyK3lU0MuTqed65qU9m+jeINA8ZN4ga5ljWVHtyiQL1bIbhxzjpnjrXS/EK6l8WX0GkwXdrqADBVVDhGUDcQDknrkck89q9TufDMFtqdlaeTplrBqI2+SQsccb9mwAQOnXHU1Dr/AIAs9P0a9voNO027u7HmMwTAfM5xlidmQDzg4rncr2RpzHisNn4H0HTZBJpV5YT3iOs4s5d5UqCBjzGPqenT3rG8I6ZH4Zv01TSdQXVtLvo2Fxb3EXlyROuPLKvknOc5yBweh4I9H8J/DG52Lf6yl9YXEbLJFPGRLbEd843Dj0zzXW63pOq6xrdtoOmi1v7e7IKxlhFMQgy2CcYxyevIobRDkjh9Q+Img6jFH4WvtK+y6bOpjnfdvLMSMycAHHAx6euOnmetXPg7w3qN7Z+Gbj+2IUjEYZwUkk8wZKg7QevA4zXqV/4N0zwV4m1G8vIDI6QKUtXAaOIlQeHJbJYjrxjJFcC3hP8AtrxlqOo6xaCyZDFIsCfcxtAGHXjjAJwOpPSrhboVcxvD6QReDH1G41C2uPtD+WNNuG2Txyq+PkydzAjB9q9Q0640PxFdjU5ftHh7UbZUMULnfBJtByEcgY+nHBrxXxFo9/Z22r6hp2mtq2mw3HnXDwYMluZSFX5RliC3HAOK6Hxn51nc2cfhG+e4mdEk+yzJhUQDkZbHGR060pgd3b+Kbjxh4uk8OW/iWKzubgPG8N0giXZEG3nzWGMEZwAec8VV0zw1feDtfvLrWPDdlrdtLFLEJoZgJF3HICA9zjAK54PWvOPDfh63129bXNe0rF9C6yuu1ghGflLKOgPueld1Z3fhnxJ4p1C9v1vdKtrHyxIyoWjVsYAyo43YJHTjoKg1LkngnS9D8LXWv63aX+kTTK5+zsjbTGZPlABUsRjHOR1rE8FfZb69Oq2/ip9MsrZvLlhnh3iIuvyuOduG/Dmun1bxHrnxG+J1v4Y8IeMvJjvEVU8+EiKMwxmR+NmMtjqBnmub8dw+J9D86CbWNMZdVLLK+8bZGtmzyWUbSCeoxxUqXRhylKceKrnxZYSWHjiGSy0m5lhSdmUJDBLne3XnzFXADNjOAGGOPV/FfiLxP448Tpp/hjxDbW8NtJFNBGTGo3RICWAKEkZyeeDj0ArwLQda0qPV7axbSY9XW9GJYYZMK7bT0YBunX8Kr+IfCNp4dNj4gm8OztZzvKDaLI+58e/LjGeDjmq06kcp7R4t+KPxW1mR/CGj6xpl2zQmOV0jjHnPg5VWbKlsdgFArUXxb8RPhd8Mre00rQtK/tvVQLWSYESSTIdwwY02jdzgnJGc8V8sWt7oy3kOq3mlSWumJO7vGS+cdVQOQCSDtHPORW/pFr8PfGGk31xaXN9ouvLdh7eJR50KRk5XDABuoPO4EcU+ROFrEN++dj4S+F2u/wDCpPEGsT6Za2Gr6U2UikUCa4CkOxVjwMJkDDHOD05q18Pj4o8R+NNKi8baQ1hZOPKjuLZvukKdgK5Y4/EflWVrOj6T42u9G0K48epczRO0bTXUbRhZZCMkhnyegGQcAfiK7TxZ4c0/4d+GG0zQvGwu/EtpcW8SWq5Vt2QXfeT8pXHTt93rUs1m7nW6xpHhmLVbzRvCPiy60+S4LW86zo2JXQlW3uPLUrknhv615nb62tr8P9Y07W9Cjj8RaO/2aSZEXdJvb5ZQy88A9shgA2cMcd74L0fWbvwnef27pNpqmq2s7XVtOkg8wu5DMspGA6sRjB6Ek1wupaRo3izWL3VJXu9H1uVIRb2yr/o74Xbj7i8AL7deM4pRlYzNLwhaaj8U7VNM1EDU7q5yriQmNoQpLBtwwQMDPHXke1dovhuLwu93oei+J7nTNUdWiuI5YRLFLJDkBd4UAjkjuefwrmNfX/hHpfsrSW+sSiAPdNaSDMUiZDD68cAgH1FdPpTWs3w/F9bahC8p2y21pd7YpBuYhgCSM9SR/PmuxysZSlY52y8QePPBemX/AIjs2sNW+0xvbXCptct5WcBuFwVyR8pz9cVq+ALX4EX/AMObfxTrXhebQ9SjaW1M8TSskjgH96hJ/h6Yx+B5ryrWvBemWFrc3etXs+j3VpIJbldm9WEjdAQeDk8jn6VnaHf+M9W2+H/Bs6azo2nzLJ5DpHGP3hZju3AMR8z55PTpyKxmlI1ps9N8DXl5pOlw6poniJb2FpZLeTT7iPy5NjE4IDMWwQAx2/Lk4ycMKxdc1zS4JnS90dobeSRoWkiIUuqj5wgwFLAHIGfTpXU/E+bwDaabc3On6E1hqsSoySW7bYlfvuQELj0IGc4JpugW9tpunvbaP4uj1R9as47lIruNo1iuCmZACzHJH0yMcg4zUpakM5a/u/Bvhnwrqvh7w9qF9PPfvBcwSAFYV+ZCWxhSh2IRjqeAc9vSfB1n40vFSX+07bU4b6DKrNFjeAMhicDBGT/XnGOda41ubVLOGbwpb6zYalZBJJ4FKlniyGcupwrqMHGAT2PTGPf6t4U0u90uLX/tWkrcXKQ+dGhZkReSx6/ToTk5wRmrewJFnxBfeFWj0eXxVonlRx/aFE1pmMyCTGN+MfdAGBnnk1X+H/iXSPDenXEPgjVJdOuEn80291zHMpG0Z5I5A+vHbg13HgfU7zUZ/EngbS/EGn+ItPgmhuI4ruPaxUEnd5bgkdBkc4Kk964/S7PwfrWva3Y+ONNuPDepCQzwtBkxvCRnKjaVyQNx47jGDkDIs8sutEm8P+KrjWvGEx0u9WdrhgSBHI0nzKA5JGMNzgn8a75vCWtfEGGy8TeKIrjRg0RmtdVtWWZNsb5HmJGCY8ZyCSrHtWz46fWfG/hO88B+G3i8UWOlLFPyqrfQxxDdlRkNnPHIyenNWtBmX4W+C7bQfB3iCW4m1oZFlcwCMYdf3wQSD5RjjjGSfUVnUXu+ZqO+Iev2keraOdV003PhqK2CNqNoAXaTOC0m3gc7eu3vjniuZ1250W4eLxB4aEusTWzJE+lBS0pQggMgwWwMgnCtnJ78V2Xgi98GaHa3l9f6wumajjI0q9C+W0yMdpjJxkDAKkHofXmr/g+88OeO/ijLfeOrebRtau7bfbT24ZY2eGPYrOhDjmJW57nnrzUR5kiqjPE/B9neapqOo649i2prptwpOn3TvGFWVmZYvmzhevy8ZxjFeuv8SItXsbm203SohbWVxDJd6TeIXkDEbT5RK85IyCU4HYd+R1fQE8M32q6p4hl/tSHUys0OoWcx3QMp2kFRheMhQTxxx1IHWHRtc8L6Da+IdVsrbxXFNtkguYx5V6LdkBVQgXIbcecbu+cdR2o4qjuN1HWEeO80HRwZbacl4bO6UqYRjd8jEjlT93OcVS0bxANG09w0Xn2t07O1tc4R1ni4fY3Oeg9fatDwTcad4qlYa/Bc6vaS23mLNACs1mYmIJIA6AkDJOOOM1i6lr2n319LoF1YDWfDdldowuWDxXVvHKNrkbSGb1K4zxmokvslD0bSW8QPHdPI3mr5kunXxcSqOuY5Bj3xgg461Q8W6LB4qsLS40iw8nSbaRZZgDmdA3ysUZyd6t1xz0Gau+PYvD3hzwfo8mrTP4otybi1iuhJsubdR90FVJZtuflBwMLXC2eq+MJPBFtdavN9v0G32JY3kZQNGBwUkVcPwVABYdQeaxvY6Iou2PhDWfDeq3Nt4T1CHU7pkEbvFJ5FzFE2GG5GPGTjAyQcDp0r2zSFvtUnudXe4F6+nwgNdbRFMsb8FJAoUEHbk5HBrxv4XeFo/FHiPUPEviZ5FRAHs7iM/MkqEbd0ag/w4/Edec10lvqEmv6nrF3p0wuLK3ITzYyqSIGLKu5DhsHaex96FdrUiS10Och8M3viHxcltf3Mh0XS52uYTByuzeHZEY8K5AHB64PbmvV/EXiC1i1aTxpLaEafdAtCBzv8hRGc++V5H1rxbxwdS0XwdDoPmKrXN4LpHQ8sFXGD39MjpxXvvhnwvp2r+CbOOSeS5g1hIp4kRBlHbCn5iCM/wnIGcU5vQvlufPeteOdR8d6FbnXSLeS3aYKQmPs43ZBBABbIVetc34h8Q+KPGnhKyfxLb/2l4f06QWT3NvhJYidm2RlySWHyHO0LkgHrWj8R5rDw34obwNqED2IScqZuGIU/cLY/hIIz6fga6OK+PhO3mvfDiyaFcSFd0bDz4Jnj6MGYcEDk/wBTWlF3VyZQ5XY84sfDPiHVtXGn/DHURr66bDuKS7IZ0J3DZiTarkgccj07Zrs9O0zwB4Zj0LxRJYXfhLxHPFLBc25aQRHLKA7qwAUErnAAAJ5HG4bMOn2VtfT+MPE0kuma7JL5txdQ/OjseAwVNwTB9BXBalrni/xnrEc13A/ivRNMuXgJQbbpY5mGH2r8/IAbHOMEcDmnUdjaJPpfg/VUN3pXii3stSgjT7Wt/aEF4IwMtltq5GRkDHHzEggjGH4b8RDStR1mDXb5buJoWjt3mVVSXaxCPk9DjnGcnPXipr51/tbUdO8BpeadqUSPbXFldKImlhkUAgKx7jn5ucVH4+8Ir4Xm0DSr9CtxfQLczQ4IaNH4A559c+4x71zX1Nz23RtD8T3sWl383iCG2t4IlxAcAqVHBLEHcNvr6CsrWbX4g6Trz6RN4rtzogdLkXKlWhXzs7gV243qWYYOATg5GePPPBq6Do+pXV1qFnKYjCYownAO5lbJ6f3ccGu61/UdIt/DKRXtnLBY6sCISsbMH2nlt3Q7TjpVnK7GLa+CvGd/4l1Kx1DxPFY6bZSxvPeJJhAtwcRv5IKgMxwCCQB1LbcE83qEXjPQfGl34e0XxEup/ZZAgukdWiYFQ2cDzApBODjPIxXfeKdB+Dum/DKaWC6ln1a78uOO1UBZoZmGXkbkF48Lx1HIByc48KlT4eJYaXYa5qLxR3TySSPGredAVXCg4VwQ2e49xS52y4Ht+leNvjlouuRf8IzLp19HqkZjlMcaMryW4YFmZ9pDqNwIB29RjI49M1Lxp8WPD2j6R42gsNNu7/VFbT5kSImdXLf6rYjKf3jIWG0kcdAGAr5H0Pwn4M0y4h1278WTRxWtwNyxW0sM4iJwJYzkndg7gAMjFeh+EtN8PXfxCvLjwz40GpX2yOe1+3IyyzYActuYL80eOAVBx2wCRcXcid0em+H/ABeLTR5/EHiXwK0b6bchZJLH90AG2hlkBBC5yQSWJHtmvTbXXPDd/cG81SGTS7W6hjuQXXcyRMuUGcdQOvArxXRNf8RWPi7V9P8ACnilZl1bNzP5mFEkxJ3IFYPnHU4xkYyOBXrmp+JvGj+FNMm1rSrDW7a9jNu86HeHjTIGUXADDODgbcg9DgByRi5Hnfi3wN4a+IPiRD4f8SXH9nWtqBBJd/MN24l1T7gAzgjj8wM1nT6L4z+Inl6P8J/E1vrGoWdpMbkkC0nnjygCqJE2gj2cYznI7MvvEel6Dptq7+HmitSvlswkLKWzwemR0rzDT9c8KabDda0UuE1G3kbyIoyY43jkwPlcAlXQZJyeRjHOazlDsa05dzq9Mvfi1ptvpvg/TpbKTUNRieKMxtEJEjjXLxyM4EY479T6k15xo+ieIrHQ59evPDEVzHYXXlKzY8xXyoKvDu3yLkgDA4JNYtj4fl0LxJJ44WeaM2kvniJsNI4k4J35PTdkfL/KvfV0xPtdle+DtTn1FdbiM62t5iN1eMb8t8yocjLDIBA45Nc7qtbHVEyNKtNG1PWWs/EWgHTI4kMtwLWRpCgC537FyAM4HHTPNN1n7PqttbR/DnWv7WhhBIsJWEdwgjIG35gu8HJ7YHbJwKdq/inx54C1fRPEujQRNq94ZoFjVTKGVQBtZAcNktkAHIIB64rlfBHhbQYfD17458RLfWVzpM4aGKNQonkBy68jKlTjPK5zgHING44xKV54E0u70+3vrO+k0PxDeNuTTLiFtiy7tvMpUYDAbgNvcDrwO8udCFt8ItK03UYPtF8NSlkkjK5lRFRgQvdkZ1DZ6c/jWj8JtA1H4qeKtQ1nWobbV9FkjlkmgnlLS2q7sQohGCjZPBBGQCele2reQ+IPFVrr+mRi18P6VaNHcJhfOgdI3/esq8sGGMYycg8DrTcbMmU9D88dW8VeMry6fT7S5eDTlTJ2Ywqj6DI/Ovoaw1fwNp2gaXovgnQbzxRq15vV7m6WRTkcsAihldSNxxj5V6nrXivhsGAXVpDZSX97NIdkSKzMyegCgnHPP8q+kNI8P/EzS9M0+C+lPhLQbyLzrUCSMsirgusjArIpy+4hyMZwBxx0xmRiNkdb4v1zX7rwZo/hDxBe23hyG1TcbO2kBjYKx8vcmeCoyBhiuRkeg8uTxppvhvUJtK0LQl1a8vI0R2lZnHmf8s3VRnLKecDA5rpPL+H91rI022ttQ8Za1dNt+eT92WXriQFTgAdTuAHGfTlX1zx5Z+M7jWNWsY9CtJN8dsgSMvtTCquSDu+XqQAB2AGBVGEJWOVksPiFD4jk1PU5fs11cxkP5bKjAccbVwFHHTrnnrXTeGfEVlp+qWtl4e0ptZ1QK4R5spCkqoTk8gfLjPUexzUXw21nSNdn8Q3V2l1rXie5ld7O2YkR7VUsXckqigkgEdgOAK7jwH4n8YPLcQalFp/g/Q7rzfNnWFTIZANuNm7JJxgsQOOc0im7mHp/h7xpDpGu+LfHesQ6OoUtDEBDK9xI5YlUCMGUjAAHXn0Bqv4Z1lm8JazaeHtFk1DVLiF1urtlaXCy7goG3JU457c8nOBihd6P4K0zUob7w3ct4tuImcy2rWzJCUHyqVYq3Q+uR3Fa58ReM7dptK1+7h8JQX8YjjjKCMrHyFKszZVhyByo46CtICPKdS8KDSdHt7vxf4gFjPdZZbUqZ2jAYhTtVsgEDPAwOh5yK2fhj8SdE0TULqXRfCYuNXaDFvJPIJEhIJ3EBgeSSvTB4PIzXC6rLo+ieIoLrTUm1qazuDLPctkrmKRdsny7soSc5JwePWtp73Xdaur3UNbvl0q0Of3iRgMxHCgFcE8cZz2qZPUrkue22uveKvFPh+/tfiRex2+m38uLeCKNFcMpLH7gLbQQAu4k9c8EEyap4WkX4YXk3h/SHeCSIsk0se4v82x3D+oGcc8fTiuN8G674I0DTnuW0ifxdqt2gXZcZ8uFu8gKqSfmxwcnHGRzXU+OviBrnjWysvD3im9Xw/YrF5Rt7bPlrGmcBlH3sdMdOAMDFc9RERjqfOHhvVLfT2/tu5tvNB3wq+ceW4wQePavSfCWqeH7mLSRrVhcS2bzXDziINu+cbVKtxkAgMcHp69K8y1nRpNMWXQNNnM9tOytE+Nm8MdofaeVJA6Gvp7wZN4z1+7nv57eyB0/TBbiUkNG111jeYKSy7yrbiAAADjtWdjsSPI9euvAkni1JtJW5sbCGFEkeT5j5ikjcV+YlWXHTABPSi1vPh7a2954l0jRLh2iYxzrI52MkxBzkFvLycdOnFe62MXjjxT4PbUoLG0k117jy4m2RJ5nlnbI2SQpz0Azxg1x3icePrXwingj/hGbbT9Xmmy08JjRpo2LNgpjBI4wQxIwOKnkGca3iPRZPDLsmlmzsdxmSLzWlEsi8D5yNy47Z471raFrGnaxoU+v3mkuTot1BMoDbo5iOdkny4ClTgkjuPpV74leLPG3iXwp4Z8Mtb2VubeILKIIxAzyxIqYcE4AXnpgE54HSsDxb/wlDWlnFFfQwWN8fLu3s5RHJPIqYHmqMA5AOAMgEcjpW8DHluTaPH4Y1bxBqElt4fufKnjW5S3spBKYXjILgBtoIcnpjj7qjpj1PSbXwR8QLSWLVrD7Rda3CkNr5hKlTBKSVYK20ZIPr6d680n8U+MJ9C0DSn1i00650mRbcsQsM5gfCAswyCoUDsMdTzzXd2Hhu58G6DdeH7vWre11C9mlms1fOZY8KGVZB9xl5IHPUY7kbz94z9kZ/j7S/EOn31lK0MN5/ZjrDFbsgZI0YBVbb3GAPp7V4pqui+KdW8Wal4n0/VbGxj0x4mCQudg4EZQQkMCSFOck59q7vxPHNbJDFqOrtcyXcImieOZ3baCUxk45yCDxxSf8IN4FsNDs/Emi/atV1ZwPtduylIV3AltrbQcggDIPNctTQ3pRsY03hCOfxDNdaLrEcliW3mYgrMTLyxEYA5yeleWaloFrDZ6hdSXBnmjumt4nUgCQK3JdTyGxnjNesnxJ4J0rR31O006WXXrXoJHYoWLYAABIG0e3avNbp7f+z4Rdw+Qt7NJc+Z9794w+f8zisDdnr8mt+JPHd7pPhXQ9VhRyAW5KMPKTcPmAbgAHHHWt/SrRpPGv2XWfExvf7PhkF1bRhraPzI+MF12I2Mk5xk4AI9OI+G1vBY6TeeMLW3K6lpKs6O4Zo3WRCuCowcDuQRjOea1NMj8R+HvB8PjPSdFW5sDPJFO6nzMlcDMiD5gnOAc9c5wCCehRRzPc2PiJ/ZPxU8Z6LaWut3EsIjeDa0Ik8qXP8LJt3q+B1JwcngGuL0uz8ETeL7LwxFbTppsE5tZrkZ8yWQDAIRh8h8zAx6EZAr0/w2detPB2s+MNJ8Ix2Gs6Pm7iu1Ux4gnQDAjkOHBQP3Y45HrW14J0nx94e8M+K/Hvi+ytI4tct4tWtZbgIUuZZFZiU2EeW4LD5SOvTOMjGUrEnz58W/GFnbeIrHwXptvJcDSX8mOeQkM5l2bTggYxjH0rzea1in1O8fWrcS3bBfKkDECMr3+U4JHHWvW9X8JeKtW8P33jnX9Qt1tZmV1dyPNkkG0IqKmAB0/KvCW1y7jvbu3MiyGPHmhce3IPof61L3N6a0PW/Akpg8X6Nq1lJsurUybZ1UFs7CBnIIxk9xXrdrc28/ibUtTieO5vL9lEdxITGba4wQWUKuMEkHgcYx3rxXwTpt5DqAaDe2j6hA8lu78F5FIDBD1IA3Z44NeoeB/iV4dfxnFc2mnG10STZbapFnz5PLDNumUsBg/QdBnk1fMVVpt7CXvw+1yyW/1q5vTqviRizRPApljJK/x7lUjA47Bat2GnajpPw0utU8bW63lpcSIq2DTFXMobl/kyoA6nGcba1brUNCmik8O+D726WPdILPUZJDDkKd2X2AcEDGOo9Kr6/NLfeF/7F8J6xDq2vwxot7bRL5pLgZLCRzsIIBIzg0JkHP8AjTUf7Q+G9ha35WCwfyJI541L+XGqnETH1B2j8K5Tw5Y+I/E8huvDDtDe2saZmdxbloCu1XIIHBU5yMnHNbGnwWmn+ErnSvHyT3WmSRh0gWXDrO2SwXY2cZORnNENrY3vw1sdH1Hy9FjwnkXzoZmnA3ERMwwV/hGSe1bAen3ui+GdK8B39w15YeJNRggjaS0wJneYlVdg4OcgktgKCQOo61w+vahPB8N7DS7y8l+wxmOeGFI0CCWUEgMcBzjcw5bvSPPNoPhK3svAkUq65FEReXJ8vy8d2VXLcnHGAMe5qHQdDtdN8J2+o+OmXU45SRHCkz+ZCQec7cdSPfFTymE7nob6XaNpqwfCeB7XX7+zg3SzSrFuUKu4KnK5ZMknGc1kr4rtNC8Mw2HjXS01JZoVhNsbhhiWIjcwkUMCDwe3Nblq1l4q8PzJqjWegacDHHHfG1IVio+4JNwAOMZ5zjtWT4yn0qTw1pugeBbldZneJFuXgtWCHYuGZt46lscjt3oMrHG6JeW+o+BtS8O6vcf2bY3UscltdrBI/wAqMC6kjggBVGDjqc56Vo654isPB/hG18P2tjB4lgmtOL4JgRElgC64faVOCQSD2ODXo/8Awicdt8IdMh8YSS6dZqoeR4wGddznHADHkn0+uK5zw/oWsa14Sa1+HNtdQTkFLh55Y1WWLJXHJx0P8Kjv61LZulqYrX2o63aWGnfEu8WHSdFtSbB/JWIvGu0GNCoXzGIxjr+tb/jC/hl+HWlReEoWuILp3DtKMGJY2Co2eNpJHfsefQUdctdA0f4eCx8Sxxalq7XCpbCO4LG2cA7tyqRwCrgjB5IHuOHS1lns4jqOoroWn7wUiKsBMzdAoyMhhnnnpWRslc6n4m+GobKDw9pfihrga9aW0cZt4XQwG36LhgCfmOcY55yaxviXrXjy307TdDdJNM0aKKNIbUTli3l56j5SSM/SsrXPEv8AY1hBeeGNPkklWZW+3vFmONkYFdqsuCQ3Azx616r44vfD+r+DdA1vxtq89z4vto1WfTxFGAE3MXIaNVQZIDE7u+KepqeAfEWTxSV0b+z7aKSFthGoIu15JhwN2c4wMfXrmtPxP4jsPCd/p82p6Y174ptbaOO4kEhEY3JzhRkHJYkHaCOxrvtf8KeIta8K6d4nsHjtfB8M6JM3mfOCz7TIYwOcHIHUjqQKwvjF4e0u01jQP+FbXEetPaxhXvIEO3cCojQkllIAzg/UHFZtS5irnkWqQRXM76lbXqnUr5lkS3MRRkZiCAf4RjHfjiszxFba5oglGsosmpyqGO0q22Mjg5jyO3avUfGWlahfeKrTWmV7u++ywi5JUAZwR/DgcYPbvWZpfiuz0fxNcK/mR3FyiWKxKARgncc7vcdueaiombU6ljMsdUsTb2OjBmlNxGHRyCHyecEdRXOto0EWrxOmlys6SK8k4V3VA55LADHfvUg0K70jUTchmEltEJIioDHrzuHb8Ko3ni+5sbaW8udSMTXW6M+UcMMjHIHpjvXOkbNXNiXw14qvLzVk07Sba+tdCCzSy70DRqyltyqxBY7QeFBxg5rKvfDfiPxJe22lW97FZ20qZ2vg/vEVmxwM4IGBWjoT+H7LwsviS01me8nLvZXlkkbLiGQcNv8AlU54OM9+MFa8uu9b1GyvQ3hV7gpA7lZJDiTB9MH0PPTPpUTVzKEfeueFfEm0EWrNY3zMmpWxMUqHBjBQ4whHB5zXmDBV/dP1HWvpbxjLL4g00XWsaJ+8d2MV4wZAZF5facAEnvzj24r5vmSR52kePYDXl4mlZ3PYw9S+hXYAN8ucUdUZR3qVSAhVuCO/rVVkUfvNzDb2FcljqGAJlQR25rPdmLsc5XtWrJIGhORj+dZI4baOh5GKxqG9HqXI1Uqrkkj2rSi3OQVBXdxWWGWLAwRu446VsRyMsaxDn0NebXPawxpQwA5DEAirC8cn6VRR8fLngU5pTjngetefyanfctM4H3aQPucNuxUOUxhTnvk0w5I45xUyjYpSLcgBYANk0Mw+6Dgd6hXAAwc5qdUUruXqe1SUKjyYA3cVMJdrfWo1Vh16U8KN27jmszWMif7Qx4ZcipQUZQqnB9aq+pIpYwW/Cgstoc8561KAcKQ2AvaqYV+gOMGp0ZsYbp9OaAJ/UN3ORTlwBlu1QnB6fjS5QquOvSmmBbR0IGDkmkYn8qqqF3K5H3eKezOGzkYzSNZSJUnCuM4I7ipA0ZPHSqpKk7sDmnqpzhsCnczuTkKBkcNiomYLgHpipSMHBqFgnzOegpDYhUEEhiBTDjkZqNMMu89TT26ccGgkjICktnkjpTfLDDL8d6ZcO4ccfnTZWcbc/NQAgUBsjnNRbSAzOcAdqXlgcfKTUfnKTsYZPTmqiJ7EeWIzjAHSq4YnIJxVvzdzGM88cVA8S43Z5NUYNkeTkZ60btpCk5zUpTaAe9MBi2nJ+Y0GZCTglHOfpTN5LDHSnMCw+UY96dgBlX1qkiGV2IBJHOKru7sCOmaSf5ZGRjjFQySKoGOK6UYSkPXtVa6KgE/dJ6e9NLt3OfSonbA5G4CtEjFsrGTA9SaV5F4Y9TTHwSAowDULoXwoGMUwJsq3PAqHHJXORTNmxgvTFSDrhRwapRJcrCooOFB6e1J/E4+9jipdmRjoPanhTHkKMg+9UYkMaJ95h07VKMYzjBpsuNg25OTyBUkaHaSOgq4RuyKmw5VJHvT9uUyBinQxHOV7etWShzgjmu2MDjcrBbxbl3MeKtKgV1C5KnuajgEwk8tV3rnkV3vhHw6dZv0srkGKKVwqsVzhif58jit4x1OepVsiKy0W5uedomwu5kBJYIcD/wCtX0V8L/An2zUSkVogcwh45Jw0axsevzMDyQcceld/8MfCTWkt3rfh+wkmit9sF3M33Qmck84GRjNfUNlZ6neeD7+DVrlXS8wbAqASQnOzjBByv616lKhc8nE4s4/QLi40qxFzq00d1DFm3lSNsuhz8pXsRt716D4DsfDz6PqmkSaW015HINQs7scSRo4CjcB1TAyeo5P1GP4Xg0/SPDV5qNlp51u3v2EN3bTw5aN1H3kdc46qc4JwexFRXPiXxVpPhC68Pz2UGjXaL5KS7DFNPat8zKspbBwCB8vYDuRjup07aHkyd3c2buHxfd/DrVvFXiq+gGhXcMtrJtRN3mMNiAqo6kgc9MV8z2GlaNb6JDqFvevd6mr4FqY/3bqTt2k9zj5t27HbFerC78OWXhe50bXLp7my1N94aFiwLKB8rAZ2kMuc8nNeT6volzfanp//AAiMn2VSpOXJCEcEMeuOhHc+1dUFYaRJL4bgvIA0kS2t3bkHI4df4h7ECvOV1572adUG8g7RLnrjjP0r0HTdRuJX1KHV3YalCmxSzBgzDIb5hwe1eT2+l3VvrY0nUR5PzABs8bT90kjjBqGbs9Q0q2urWQWoxN5ijAbpG3Y/nWZq1xqc960F3JvuR8gYH+72FVjebUvrJyUuIOY5AfvqeP51Fp9jctZlLwEXkZ3ITyTu5BoESJeajDbqHTZdW/zZ9SOhNdXba9c3FlDp+ALkyBkkAwQ46D86x9ctJWFvaxBv7RZQ5Vf4lxz+td74I8HaJ4h8Pa8Lu9W01PTkW4hVyQdij5yBkZ5AHQ4OOmadNamdV2R7Ba69ZX9lYXevAx3YtBb3RRRlifvEY4JJ5HpXonhYQ2WmSx6PefabWXM0bsMOc/Kcjv09K8Ps9z2lnPb2YvHtZ1W7U5JZW6Nj09cdK6mCa0TxFdxafctE0UYeJU+TcT/Cp68e1dzpHDc6Vr/R76Mx2lrEyTyETl12mMqfvKQQAe+R24NbGj6ikM93aGdtQvNHhSS1KrvWVAQSsh5Py5C/TPPGK42bUtWvr+48RXaodPZViuI4+Dn7u4gnOcn/AAo8H/abPRdUubm3Ns1tvnjuGJDTQEZKgnqAB2/L1VjY9G1Sw1G80CWa5C2/hPUY4pri3QqWikYr9wEA8EDpjGMV5Prqx6vIE8I28kN9pMUNtHcuQpaJBtXfGeCduR3J4q9cXeleGGsPEGlj+37PXJTHNA6tF5EpAYYf5uQ2R93BAIHNJrfjfQ5gYPEdtFol5A6mAQgv50YO07pFXJwAM7sY6CixE2eZePtCbTtQiXWZ01EXK+aVjPKFeMsvbrgYNeV6hcXVrcQG3cFGAeMA5PH9a951nWZNG1P/AISDwnbjUbWaDDPNwycfNtGV4GMjIrwXXzp92VbTUZLjb/rMc7ic5x2xU1djqw4/RLvUp9Za7mmMFpqB2XIxlW64JHTIJHPUZPvX0O13La6FZL4rikiuIUP2J4djrNCVX7+08EDg5weRnrXm/gkKPDd2twEaFVUXJbqwYkblwMgjHrXvOn6TqujeGrKHT3BtowJre4kzsdG+YqT6YJ6fpUwMZvU4m5W3vL/SpGvGtNFvFVBHGdzJcddrqBnBHFcHrGq2dtrt7pjWIitULL5zHCttOM4x3r0mfTdPlOpana2jO00hIfcMRT5yHXvgE5+leF6xearp1zcWviJGvBPzEwCg5zyRgdDn1q2iqe5k3WgTX19CdKIvXmkJhIbZsbqAckCoP7Se1vmF/YtJqFmwXyiAyuwPIOOo+naum0bSbdLm31mG6IsCNs0TjEqE/dKr35/Suje0vZp7i0nQfYWwba9UAuzdSuMsc59O1ZWN6tR7GRd6h4euo4Nbs7Ly50A8+wVSoUjuQAMiuQ1XWNBn1a4vjP5IkjVIljQ7IJB7cdKmv11iy1Frm6ia0MO6NGZdjSqPUHrmuYn0uW8svNk8uJZ2PHQ7h3Ix0pXBRuM8UyX0MkdzJO8pl4SUDZn2qDTbLzLC7mkn+Y/Pgn72Oyj1rovFOpS6tplha3UQR4nV2YdCQMHFU77T4BaLc2B3QBF3AHkMOtRc3WiM7Tp57Jd1s2H9COCcd61rDXzcX9va+IbCJIom3LkbiDzkH2NJBqun6hpS29xYCN7cYSaPqSO7VyBdpbxlnZi5PRhnAquhh1N/Vp49c1GXT7OJVtpDx5fRcnoBV/wyNP0WeezukKlAQp64kHtnuKfo+mzajeRWtjEzTu4ACn5m7596+jPDXw5vdYkt7ldIt50QFt03ll3I4KsG5JBpkso6bNfR6Vas1+1/YX8fluIxteEsOQc53Dkg5rz/AMd2miSxWS2ERhuY22yPuOJBjjg9Dn0rrr+1kbXJk0vUI7G1EYWOGNMhmTrkcBeuBiuM8QX6wx/2Zfod12AyzgcZ747jua2pI52UPDdzb6Rdeb4hmwY/mRs7mz2J96zPlvr2aeaUzXl25YK/A2ZOOT7VXvvDdtPbwtZT+bOr7y5PBT0P41v+TDcXUdvrEHniNcIFJQqcZByK35RObsQ6DdJp19cXUduJDF+7yPlxzyM+1W/HE9lqcsM24yeSFJbG3BPQH1xmsmWdbOUvLkIuTgHHP9a3bO9Xxpo91HaRos9sRuOMEinyGMG0zPto1uNFaXVotrLxFKvLEf7Q/rTtF019Z1+20YwtaRuomWWdWRHQDdwcc7h0xmu8l0jS7Tw7YW1nCbK7SNRcguXMjAbSy5Jxu6gAADpXp3jq0+H/AI2tbJvCourbU9O0uKNndfLVpoRhVbIIJJ6sMDnIJxxk4G3tz59v9cOovco4cTbim4nLEA4B9RXWGS68+GS6v2MiqPu/KvA/U1zWuw22qiyk09wLwKFm2jBZwMZNdna2dtLpcWm3Qb7amWaYcMuOntirgOcirosN1K73ibJ5I5iSrJuYggEN78/lX1v4E0GzvNOtjPN5c826VYwmC3AygYnBY/pXhvw+s4pNXmmmH2ea3tZCrjkSEMvXHQ/jXSeIvFllpGif2Jr2p3dtA05njeOPaUPtIo3AEe9dEadzz6juZHxm1yy0DRrWx8J6tJdaVcyFJ4TF5Dxbg7Kh4BZWH4HPSvkeDU7fV9WS11MMsZbAY8Dbn9OtQ3l5Pe3k19DPIUMz/wCsztILZzz7GvUPA3hDSdevZP7V5KRK0YVuAc9TxzxWFWp9lHVCny2Z6povhn7NY6Zf6ScWUmFHykkgdePpn869I0ya/uNWRbBIoM4A8wEEEkhj7UeDNUisYnsbWbctsdkO0BsOvylQBXT69qs6aTHfaRG8epJMftryRjakPIHB99v50UlZGVaWp23h7SY7Gb7S9r5unxODLJv5lY8E9c457VjeL7KMayTY6cDdXsLiIg5jjgctgHtn04BzXI3/AIwktpbbxHBELf7JFt2ZLxyPz8xHBwc/XHeuXuPF32q9lvLfU3t7+/BM4i4jRHP3VJzgr2wc+9dUKMr3MlI8Q8fTxNJ/Zi6Mtvh2AuAfvyR8N0HFdX4T1600J7GzvTiCZY43JDHbxgHA5IBriNUXWr/xM2mx3fn2KSlYWJAxwNxY4ySTXSf2ZdxH7MVT7UejZHGfT2qcRudr+A9w1XQUSIpp9+buaPdJNKTujSMA8Z6Z71i6DPPc2txHZ3EvkwH9xG0WVlfnIU5GBmk+GzXsOs/YLy68iziiLXQbBWQLjgA5616/d6LbzRzXGhXZgnvWVLVYwNg3EAORjjHWtacbHFKR57dPENEk0zyHjvLly80z4IReB5a/UdqqabZCC4t728uJLlFj8qDyyI3QKQAd3t6c1szaPfaFfPp95LHeRFhLcNJ8n7z+JVOeM+tdJ/wjtykH2WSMRm6DukcXz+VETw2R/PitmkjFzK9zN4eazvEZt1mmHZpFJaWT0z1yT1zToZr7RdLV7KeNrS/UGQx/M9pGf4tvQ8Eg5rCt30K40i7aSzSSCyla2iUsctIo/wBYfXJIIrnFgulmGk2d3skvgVmBIBEZH3T+HSo5CNTf1m809rQ2tpeGa1gYOr7Mb3K9h75rnZP7Ba5h0vUUhee7AKMRhk3ZAJYdvxrIsp5IL2/VJ0e1sZTEB6suQWAPPoah/tHWRPdwmyh1S2RTKxCgSJF16jsKaRrTRY8OeHPD7apqkU1v9mHlywRvF0M3TfweledfYLO1im0uW5YuGOCMAg55I9Kd/wAJjJp1zFf2to8VnKSqIx3AHOcg9afd+XNL9qu0aGO4fesijOTnJGT161hUOmmVTdXGjXsNvATlgA+QRI0TkZx2q54hu7zWIYbyKRJ1tSInQjDFB/8AXrc8daiks2magjLJHbRsAVHzHIGM/kapaXc6RfWeEAWadd0pAwASOPxFKMe4ktTRsNSZFis9NZkiuiI9rcAO3Az6Vmm6ntRFbyTMJbK42xr/ANNFbBGO4zVpbQxshiwWQg/NwcDvTJNKutRvBLZMfMdvk6Eq2fve3PetUjM9jtddbU7iKy1d5Jbkgcnjy48ZIA6jitVNS8NjWJLO3t2msoItwc8+ZJwfut9T19K8Os312215dIml8nV2G7zXOFeIqTwfbBHFVtO1G+tb5by9S4a3s5+qjhmVuQrcAgH+dCiJwse2avbWFy0URRIZpAZGAIDIp7fl3rDutdk0iBdX061+03NqvkoZVba0OOR8mM4PetEJLcpHeW8Ika/VHmZyFZImGQMdsDtTFjjg1BLB5SbcnMaoQwBPvz37VXsiOddiLRLOHVtXj1KeX7DbbWAijPyGRv4QOwGa9Ck8L3fh94rqKyS6s41LThipZz9PYVlxaM9jZzQ3cWLaObzYZCCC0hHIB7jHNdRpusTW0cenx26vGmWlZ2wXyffpgEce1YOOo1I4sPqc2qS3UcvkLdZEcAHyRqTxx04xnpXLQRPoNy2lNLNHp0hLSgORE0hx1UfKRgDtWj4ktfEC6yb9r02k12zG3jQjaqJ2+Xnp2xULS3d1o0eovvubeNwkuQfmkA5BwOtF7GsbHUyJYrp0lpG8bXMy/Jj70a54ZTyawLiwsLqxjfxMkl7p9ruKxlmAkk7AkHPT3rUlli0fR7TWfD9oVupI9l0JW3CKNxnABx3AqK+uo5tBtddMjQaVcOYymd22dS3UD1ANTcVjl9N0S/sNNLaVafPelgQWGRG2Sq846CuUtIl0bWQ6xMIowd6k53SDtjoah1S81bQ724SSd4Zr1QI3TP7tH6EDjHTtXHwxPBqtta3Mks0cEsdwAQQJcEEkE8ckUjT2SNfUtDiuBd281uNQtdSEsssOzAjjkJYqOeqdiMEdRXxl4/8Ah9P4Z1CPUdLSSfTbxmVdwy6Ef3sdj2OPrX3P9uupNTltrYyww3vDhgSEjY+uOPTtWP4m8LWupaZcWcpWVcEROPlJPse2frXn5hgo1oeZ1Yas6ct9D8nr2OYPudTu3NuJ4IArK3kfO33a9v8Aid4Bv/CWoNHc5aO5LNC/Z17jPPI7jt9CCfEWt3i+9n6NXwuLwrpOx9ZQrKSuiqRnLjIU5NWIZ2RHViDtAwabIWYYUqGP6VCxI4zk469hXCzpLjp5o8zAOevFVMB2GeQOD2xipbZ32lVQk8HI6VO6jeHUfeHPFS4lpk9vIkNv5b4dTk+9MgZn+WLPzduwqHjuuRjBqCK/htbhTH97I69K5pIgm1ZryK32FSqDGc9653cp5bsMDivQPEt9aT2MbRMpJAyPf6V5982zCdeopRRcQbCElsDgYAFSWdw8beSF3ea3HsaaAM9SAw5B9faod7ptb7rRnPTrTaGbLfu2VCPvkhvWpTpcg/fJkDrg1UiiZoxORkdc12mjMLy1ZyCdvygniuWoBweZozuwVXNSIrSqcjft5JrpNTgjWV8njGB6VzcqBQyrlQeDjoaRoVnBQjgbPXNBlRJVAPzH8qjk2KQwzt6YHOPerELJHMkrIJAvY0Af/9Lp9V8Pa0NV8qymiJsiMyQsHRQw+bn6cdKdB448ZaZGtppF4m6NzGDHEpLDODyQQR7gCu20vy9a8RpY6To8uj288QjnjDvMOGOZWJAwMMB6Z9zTb/wHDYeKtNtdNv47gIzm4jGFlRQpOSuTwfoP8P29Yltan5TVpJNpM86TVNT0i6MUskbzXGTJE8m1mDHnpgnca377wr4ZjubfW/EOmyWrzRhp4453O75cKOHAHA7VmP4YtPEeqT3aQFlszzcOcbQrZGPU56V6r4lbSvFV5pVtb2ey2t3T7Q29gZIgQWAPbIBxR7VSMHE8z8K+EfCc+pQtp93fodxYmUjLop+6vAAOOpBNdJ4o0/SJ/EH2qfw9PdwzqiB2mYbio6DaTgAdjjNR61Np1jqkFnocUlsIFLKAxIG7I5YnNZrwz3MCW+ovd3MMpLKxkOSw9DnoOntWbaNSxq+mar4pni8O2WlWtpFb/wCkeQCo2xp8oLKMLkbs4x1q78SvDOi3th4cn1nVC+UEBtoMKkeBkhV5wAOG49Kp2eradoNjHcWOlTx3QO15pxzIvVlDdD+AHal8YXuo2u6+1K1gW2jjPlHg4kYZ4zzweuMdKwqe8aHl+ozX8SNofwz01U0+Bw0sjFd7sev325BxjufTGBXtXizxZr/ivTbfR/FfiKz0V7iOODybdlUxxkYO8Ahjx15ANeJ+GNP0zUdcjj1y9uLTSUt3lkS2zvkkBAVd2CBnOeR2xxnI0NL0/wANarqCWdro093I4VIiXL/OM5LHIAAxnJ7ZJ4rojRi0rols3PEs/gaHR9P8CaLbaj4pvpX8tWjUiF97FmCqCXJHXge+SKo6t8NLvwHp1j4nttEj8+1BW5W6dZQrP8qfJv689VHp71g6Fo3jXTvHkerSanHpFh4eMhuZkKtJGRuR0jHO5mAIyOnJGTgH0e88V+G/FHxE+1R2Nz4hEmHZZFEKM0aYHGOgwDggZPHTrDpESnY2NJ0dNR8MQ3njp00ww/vrcwR7pFwS3GAdvOAM16Vplj4ROjP4/wDD+qaxfSK4S5gl5aXB2YyFHABByCcD0IrnNYuPH3iNHsdG0GysYIXVxI0qPIkaHo24jA45wuTgivM77XfHX9pz6XpXiSO2W9YKwgjGw4HOxiN3GcZzn3pSpkObPWru80K7nuluvDd9HamPERmJ5kYdFJPQ9c5Jqj4j02G1XRpdT0B7SC5+UKs/MqcHG0cI2Gz0B5rgfFk2maH4WiGueLru61ZMMkZLbX5PzeuR2+bPNcQPFXgzStI+13vim9v7y+XDxnzSbdsclS/fpyB0rLYunSlI+sPHvxE0Pwpoj6R4UhlR4/KFuQQypGeSCHJJOBjGCOc5HSuftriFrK08WTwx+IPPVHUf8eskT91UrkMM9cgYI6c18neDLm28T3d5qsup3Edvp7KqrIufNyCRnnjjH519D+I/FmofEObTtE0Pybm7lczzCHbD5aRjsCR655PUDFbKlG2gTp2Z1cvinWtc1ZXOmF55X3vHcBZFRQR8qseOnfrXh3xM13UfC+qXc1k5jvZZQTageY+yQ9FPPAPYV9BaHeJ4T8O3dnJdm+fUWVkhkO1g64BCk5PT1NeY+JrKJYW1DUYUneaRm2th2jHUMG9R04ojGKd0OmuU5PwZ4t0vQdFu/wC07hrPWdRYuBIHZHxyodQMjaxJPc561WtNdvdQ1XSLrxbHDeQOzRJPEoR8yEAlgvXBx24FS2/hu38QXLaiECC1QsWK5ZhxnNZlyujWc0qWCPC1uA5wCUU5xnPT9aVaz1aHEseLdZ1m38VweEfh9r/lPOEBinRFQO+SVMkiEY2gEAck8AE4r17xD4j8TfD34XReB9TtrT+2L2ZJbp4gHMqMWYFsbRkFVADA8D6Y4nQdBfxDJ/aPiG3ivLKz2XMckbBJJMDcw3LyMDj/ABq58S9U8AeID/wkEAu9KuYMLIswMyyDPBDZPI4A5xjt6cUldKJvGdjzex8WP4StrbUrjwhDJrF15ixzyR7mcE8FRjcpAIA65655xXnJsr6TUmv/ABv4enSC5dmyUkjQBjnHOOnYZrvNX1F/HnxOs77wxrkUc1lFE1tuUxjzYizMqqw5bnP3ex9M1keONa+IcGuTWKa1ZasxTDRwSRybABhsqFXaQSQQPxpM6Y7FvwNp3w+1HWV0iT7Ro9xPKEs5497lWY4GcHjHXPbrmtH46a1ePqccXhfxM86WA8ltyhV3q2GZWAIG487l5wBmvSm+HPijwXo/gvxTe6ZbXGsXaT3LQB1dpVCggtggZUMNoGeSR2rlY9ftr/wnqE1z4Cgg1SxcbJVj/fSedIQSUKbsKhxk5zgkDinGaa0Zg4u55hqPjfxPe2Vno2l39tqVzdo6SqgiAkG3+LGNvGeAVHOO9em+E9H8dWvh211w6JaWV9AWijdFRWYEbEZlDEncO+TnGe9eH6lp2g6LaWusv4WuIUimBlhYyIzKCC20k5I6DOOM+1eknxLo/jDULCdjfaRa28Q+zoyM21k5xGE3Y/3hzx7Vun9kfsftHR6n4CtNC8CXXiXxL4TdLu0cKZROY1O84STYr+pAPykE/jjynwlp8PibxhZ+FPGkFzor3o3R/um4BXcjEMB8jAEBug69Aa9DbW2+LPiC18G6b4ukVrtXRftPmxW4MSmTDAKF5weev5V6f4+8D/E/wh4a0SKLWdN1jXpw9tDlx50MLYOA7BWYEL1I6jBzXOnZ27mLdzxySLwn4c8bGHwJ4ivLCa33MXk5iZh8uAVC5yOu4EFeK9603xd4vezsPEOqXFprOo2rPHbwKY45Ar/K2QoXAYc5rlvhV4BlNrfT/FrwGBd6QrXdtcx8PcuBu8v5W2yccgFse1c9dWXhH4navuGnHwrZxgbHto/MVSfvFgqgMcdgOPWtvLsI9ctfDPhG38D6nrms+G59F8SCfzROvnbJIncNwM7MBSR9054IPYcbZabq/jTVYJLe1SfR9PwrxK3lsqsPfDE5Gfwx3r3PWvGWlajNoHhzwB4uC3iuLZobu3OCojOZJGKAcbegz17YrxO/fxD4YutR07V4ZvDskLeWl1H80TZGUcMvBDcHqfeufDyvcdRHQ/EHSNO8YWVn4W0a4jl1aC1YS2t0zQy3HlkMiAkcsME+mDkkAHHkPwyu/hd4StorvxBHf6XqF/5sF5BH5haMqzhWzIPYfdY9egrp9Ds57+/fxJ41mm1i1twWgns0UzNIh+Xoo44rmohaS+J18V+D7uDU30+RHWxvE2mYyE7uHxu4Jzj866TI6XwXFqF54m0Z9Muo5rK2Yy3Es/COi8FSCDnI4H512dpt+I+ui717wnHfaNolw8Uv2SXDeXISuVwwLcKDxwcdhXAfEL41+G9OsdV8KJ4Hh065uBDGLi2ZVMa7leTGI13bgNvUYyetT/C+xsfCrWmq6P4sexPiKOcRh4sIwA5Ryx2gq394jLcDnmluDdi94u1jwRp19qXhbwT4kutIs7GQyiKXfHlgPm8qQ7SRk8DO49SO9eSaR4k8fQ6pqsmvwR+KLC4Ja1kkdBsw25SRtDMAMAqfwPr9F2XgzxBpNtcfEHx3Y6Z4lsbpltnGVdmGSEIJjAHzKOQD+ua+cfiG2mP4kzoEcnhyW4LBbSIsY/nb5AOeBzjOMH0FOM+hpY7uKz8Ja5qWm32seD5tHk1SBjJPYyHdMyp8jKpUJwRzjPBzg16ELDVdV+GdrH4b1WHXdVs8wNbzn95s8wgAlmBBC4I4xjjJ6V5QNM+Mui+GZI116zkg8OBSlqGR5Y4pzncBJEMgknALcYIHSp/Deof27HPp/jHQm0uWRjImrW4ZwhYhiXVSRg9BycE9s5BJ3HY3/C2nf8Ifpj69qNhdaV4quDc2zSNuKbGY8hiTGQcL90HoK4jxBqWqeKLTQ9J8ZacySxD7LZahayBHAVhwVTjOAMlhnjivWNW+Kmt6dDrXh957fxVpk0C+Urp5MgJHDhUBIYHoG5OKp+O/sXgrwtpGo+H9Zkt9YuVtr2HTpoPM27lBcEsAoAY/xLk4OKwalc6U4nz98S/Bfjltt/aRyatZLtWO4DoZABncpQENuBB7HPrniut+FvxV8Y6LYvdyeVdrBC9k6Tp8yxSAbGRuGDKVwMkjA6ZwRg+HZotb17X9b8QanLo2rS+XJbRYdrZhKGLM4AOATzngc5qr4N0i+8b6rdafqUbfYLe7kt5dXswZFiK5O4r/ABKcDB9DnpXVSWjuZ1ZH2r4CtvhnLZeG/FciXenNcCazvYZtzW885XBUswI2A4II65GQMHHieueHtePiCz0y1nfRdYVX+zvFslgkwDlWGGU/KOe65Bx0pll8Wta1HxjJ8KdJkF/pZnVWheFRJPLAfmCMnI3BQfU4x7V7S+u6H4Tku4IbJ7aTzI547G6BGx9oBIZwTg4z/KnGny31OBs8zuPEl54QvYHt7QaffShQ1zEwKzMSPP3Jg5BbnDDrg9RWjrOk6frelP4u1C+XQLu23eZeRLuSdTwvmKMMxyAoGfwPAGfrHw31Hw/fv45tFMpSWW7u9MuHUoYSS5WJ8YAAycEnjpyNp5R/iPp/ijQtX+zQRW0UMSMmlSKrJPtIJ2sV6554GfbjNCnGWxtyGb4D8R6Z4g8Vza1c3MGl6tD5clsVyLSUAFZg5YNt+XA++p5JBzXGa5aRaH4xOlSOmmaVd6gtwGibzLEFpASwUEqFUdjjA9BXLfZrPT5xLp0LWF0fnELElAHH3eea9J/4Q21X7PNqDjSbqRQr2zyCSOYkZDg5+UnkYGR06HOSVOLldM3cktz1nxF4c1Xw3NNfeF1a1nuQirLGNyZP3i6tlcY55GO/XmqPhDwtb/D21k8TeJNNlu2kyrXkBJXy5sZDqGK4J7N3x0NZnw/uZ116bSYtUk0Sa0xMISS0E4PyOxz+7BA28kE88dOOs1rUj4gv0+H2k3Z0YbFVST9pg1CQYfnKqY8EdieT34FYydnYhPsZF3pXg/xAsNxdWUt5AWLiTdIuxD03bW2qT/Ou/wDAGrS6hpt9oOmXK29l4aZIIYTgyLEcmMvjnBOcMSScH0rE8R2Efgbw6dGttPVLrUY0e4m3kxlkBB288fNzjAGK880afw/pHhW78WwMW1u7Lx3iupAiVCQnUDdu+U/KT1qdxqoeVeLINc8R/Em/8TaxcfaYrW8MLh/mQwxS42r227R6V02oXU1zJfy20sUllZbJJrWQ4yrDkqSMHucZHp6Cmytbjwha+VIssl4rs5IwYirYxu53ZH0weK+bvFetwW9pNo8Me2eRgvmd1AIyQMd+1WtDSOp6zfeOLNNbGmLe7NPQqAGGYiT2JwflGQDngVu61YLpWopBp10PDF3qLRpvjlZYAS2A77OFC5P0GT61l/B7wBHeeEtam8YabFqWg2KJPDcoVjuYGkJ3LgDeQSAeeBzxg8dd4U0nRI/EUqaoh1jRr23zPC7GIq0XzK42nPy4PAx1rKUrlmTokOnaJ4m1TWPjJZXE0mUMGq2u5UMsOFBAUKrLt2gDbweMYqhN4z1nx5qjeJrqH7VJpytFDK6AKkDltqOEG0Mcknr9asa1b3Xi3xMYfDKzeIPBWjtEW0+abyXj+0IQx6B3w+SpweFxmoL620Twtey6f4DuWl0y6xDei6A3BkPylMBTxnAz68ipW4HR6B4s+IWmpo/g2yhtIbe1JlZnXLTRzSlzvdzxt3EDaBx1r6Pvpvih4u1yF/CEME1jYzQNHChjWKIhcYdjhtp+bdg9OlfK2p+GNA1CSOfWvEzRo0CxIhi8xigPKjByMfT61seD9S8C+BtE8Q6VL4o1G1urtk+yS2kckStsUkNIo4wxO1vmHHStmc8onW/FWw8X6j4muD4h8GQW8GllFnEEqvMfMUMG3RN8ytuBX5CO+RkkeLXHirwaurTaNqPgCG4uLQ7V84mCUAgEH5UDcrg5ya+iJrTRNP8Ahy2u6Z41kPiK9t/NSKWMkSn/AJ5jfzuAwMsTnBwK4bR/CHxPtpLPxrHqdje22tW5hE020CPytxKMm1dpDbhxkHknsaSelmFGWrPJPGHxJ0fV/DU/hWHwgLUXLK6zSOWaF1ZSTExXcdwBU5I4Pes/Tx4H8Cajp2oXugX8ss8Sy+XIduVkB2MpZhlc/MCOuK52307xINStrW+1S1SJrpoRM8gkiWUHu6gjYTwCDtx6CvZ7y7+JNrdaLaazp8Op2aSNZxIXjIVZyqjaxw2AQMBs4HHHUaqKNak+hXivvhONGhvbzTL2WTzG88Aneq84IxIB6d6j8N+C/DUinxL4d8VzWlvaShpPPh2TImMkAgqCzA4HykH1rQ2+Joov+ELXwrCIrWYEaiE8x4hId5UvGGGG6Zz0469LsXjS28Ow6z4d8ReBQkWsRAIGJtyhjDfvEbygW5ZT8pXpgk5q2zE73V4Ne8QX+seJvDHiKHUINIEM3lhWgyjqW3GNlwSNrZyR0+XsK4L4o6h8Ro7688KxW8dxDLYxXEyWS/axId+Q+NpeMKwA7euSCK7a7tvhppvh6PTrSw1Jdc12yUStI2BCo7gthSHBboDt789eY8KaH4V0zyPGOieM5NGZIpEljmhDyA7wMYziVGwDwvynbxkcR7O5UZJHuOk6LompNpL6/wCBhpM+tWgaRmdmQNsDFlUjAPAyCFOSMiuB8Q6p4B8DarDcXuhXl9dQuYxcJvS3QcoAWDYHGMDb34rPh13xzrlidSs/FqHStHmHnvMPLZVkO4ogaPPPQAY/hxXVp4a8e+Ob+9h8LapY6rbJ5M0sSvGJAc5UlSOCWH94ZA5FcNXDcsrs39qfL2m+H/DEviHULy68QXGkNp1y06bFMgMYYkBGAJDpxyc57Dg10HiSfxVqtxexfDrUf7a06BILy/EiCMM0Z4wjKpxtUbtuM+vArvPGura3qPiTUoE0y0v7+RFhurS1h81GMXyKWCs53rwOvp9a6rSbWy+D+k6P4lu/Chh8Q6jLLbQyJOZcbwTzEGPbC7R1xwc8Ck+XU2SuV7z4jfCbTfC8WmwaQPD9z4jgjfUjakkwyQPlcfKwfedxzgYB5zUmpWd3Y6Lod74e1yPWZ/FkbQYRFilETlQokTcSFbkEkDaV9a8F0n4e3ev2viDWdL1e0uNLsUMsq3LPHMzLltoBUgEbWwN3YDvTrbxXaXGp/wBsaX/xKb+1jVYIbbKxFFGMBv4SB1Bxn88NzTegTpKx0Y0nU/Cnjy4tLSJbPUIY1LsoV1iR1zleo5BroP8AhHPDjXFt4j1bxrDquJmuWsUiMzNICHaN4t52K+MMQoFcF4s1u68W+Jrjxlq0EtroszRWxWN1dlZIwdu7C5JOT0FdD4PuPBF7Jq2l+FtIvNRv5oytnPcShNkm08feVcDAPNFOOpjVjdaHceFfiJLpV3rt/wCA/DFnp1rIoaWSeRmSLy1P3du3GSSxA4HHFeW6bqmkW/h228c+M9WfXL+K6lCaeku6FIwwBMhVW8vLAkKOCNvGM4J9O1jQfDF/ZeL9SltYppCxtotgJdsghyudynj5c4FeVWl4nh60vbbw1BFcQ3ajc024gHBByp68VbqWM1E9h8La94v8SeH/ABLdfDqzg8IaLJLJMI3kK3NyWXLmOYpkn5P4doUnA6Gq1lqPgvw9oofxJbSa5d6/b/up3nYeVcf8tBlfvje9eOTane6x4bsv+E21V7e0sblYEtbeNVZ4RtyV245AyAWyPlx3r27xV490G/8AD9p8NfhTo8mo6TFdm6tJb6L98hUFnVRnIRuOWIPY44o9qh8rLGhahr3g3Xm1mKOOyS6X7EbaNgxVXIZWPX0ByCDXIa1daJfaudT8cancanfI4ZY/vBlU8R4Ixt7Y3AYqlCbbVfGenar4nvvs8TbPtEC5CxTpH9wNzxvCg8ZIzz6dVcazq914jF5JY2kdxoyTIkko2s0UqlVLHPIwcjoOT61qpCaOd1vxH460/WbiwsrX+wtOurR7dTKkTtHDKmGVCRjB4zt6HjPFeUNqq2+i2+kXMz3RjdiR2GSTnJ571215cxXNtca94tvpL60tleNY4iZCCDn5Occnp0FbfhG/keyt9P8AhRYOD4h/0e5ku5AXdl3csA21Ag3HI49s4zKlctyJ9UtPFPhtbdtNsn0PTr+KMxuWVnZMAhn3ZZM7upAP4131zZfD/Q9LtNImU+I/E77mubpXZrcM53D5y/8ACcDgZOOcZxXEfEFrZ/EWm2PjXxIby/hiKXsCRgLbvkHy0MahTuJIJxkY5PYUr/UPE17LPNpWjpoun2qpHNdSwEygOxWOQBioOeMABhnqabjcUDqdFsrO88YW0+t2i+TDcQM6IcjyVYEgdOwNWvGGlfDW10XW9f8ADusXtsNVuhFHpKD5Q0bbnaQlmypPzICflyME4IHi/h/xJrH9qXcV3di8cOVSVRt3qCR0GMV6RLq3iHw54eXUNO8Pw3kd5MHa4mkVtrRHI/d5zwc89jWLKNbX5PDulafpvgy2v7gz20iuBICFLSZ5xwMktwetX9a8aRXvi/TLu81u622aBZoSzZjKKQSuRhmOe+TiuLsLyTxVql3qHiGxjsr+1tWlgLSYWSZT8igk+vQZ6VqeBfFC6bJr2p6/4dttW1DKJEZV3KIyMZ2gEN0GcY470NWA0P8AhCPBOs3N14k0/wAWXF9c2bCZ4JrdlEisT8okwuCOT0wewqzoGl+GtfubuR4y0WmILk5ZlDIrDdypHTIrd0TxFZ6D4SF/YeF4RExkMxdmkSVi2ASHyw24xwTkVvvJ4t8MeALLx94N8O2li6OJLmcNiRoZCcI0B2lkO4D5TkYBHqLpoaORHhrw3428RSXemi606O92Qxu6rIFmUD0zuXb2znrmm6QvgS+8T6fd3fh+4Flao8N6kMrtJM6qQrAErtKsclQw78V28XjHVv8AhVcus6ZY2Om+IJZXdUWJYmQFgN8aSg5JTnGcY6VY1fWvin4RtH1bxP5cMl3ZpNvu4Y40SV0XeVaMLudW6A5Ge1XcqxwWs31xruqw6H4U8PXd7puiENHFeQYuI/NYs2WXIVH4I3Y4+lTaxrfjjSfDTeGLbTNixSG4RAysIA2c5xnIPIGSMelP8PXXxKSA+M9d8SJpmgakGimvNqMfMi3CNdqqpAyWAIIP14rmLy1vLbw5/wAJG2uW5stWaVQiXD/apyrshypXuQTy31rGpG7NIuyPMdL0fxfHrV3rG6JriBDeeQHB+XcA2cjGRnOM/Q5rV8beG9c0zWYbXV7hdRs9qzmaH7izScuu3rwe/AOc8VgeBNC0KW9vde8Q6vJHa6ZnfbqjGebdnGTnCgED1JPHy9a6bU7nwhdXl7cJd3F0G8tIIwpTZnJLOSQD0/8Ard6zlTsJ1DqPCv8AwlGo+KbbRPAdzFFPdhkjiZlTeF+d1wwK9Fzz6cGvpnxt4O1GD4gaF4R8O63G0Go2pe8iJEDsFUlwzDh9wViq8dMEnrXyH4ZXSdB8RRa5c3TK9ltmt0C7leRT/H7D0469a970PxL4d1jxTe+OraweCPSjBKIXzKjk5HzhQTt4xxwAc8DgOKuYtnoPxMfU/GTaP4Mt/Ewt7vR1a1nt5i0a+WyqAGdF2ycKDg5789j5j8S7zw7oHhbRfAGp+IpdSlsH8ye2hcvDGG3gFRyFKk4UdSMkgcCvePBdj8NvFUupXV34dfTb9sTRyQuXRMYK4jO1QWI5+Xp06kj5x8STp4gk13xtN4OivPttq1mLhi0VvZyxrhJTlWG7BUnBUkjqASK53o7Gqp3PLfGVt4LtvCVro2lxzanKZS0mpqJIpNhPA8p8rz0HPbNeC3Hh2DTppVRXa7k5jZjtLR54BB9T/WvZRB8RfEPhqO9dYI7CzTyTcSFEjEUPGc5PC4xnHPWsFtJOv6LBcX16huIziN88LtOOoA5wePwqjb4SDwhrd3qMOi6ffXSWFlpLNCioCsgz85bBznLDFeqaLphOr6xrfiG0eePy2Vsv5LTRDO3pjnA4xXzldWF9bMtpcrtlBWRMDAI9Qe/cZrrtCTxDd67BqctxLeuNrQK5eVC8fzeW2TwvHSg0uexfCDxlo2peE9X0PWLM2VikwYShGldshflZlU7egx/OqGk+F7jTvtjeECy64+cXSymH92WAOMn5Sw5OOa5/wL4jvpdf1zX/ABHbMbQOn2mxUNCGY5CAcFl2gdO/pXoqR+FfEtxqB1O+HhzRiu+0mWCS53NnPlFhxlehJ646U4s52ZesfDa58Gadb+IV1D/hJNQkj3yWcUTyLGCPnZnySdpPAKgms2aWe28Kyr8UYpDZ3eJNNgjMcciuqk5KrtKr8wHOT681tQ3HjnxFo09r4dglutQt0RJrnzEhZIjnnacZJUHkcjrnPNWV0PQrb4Z/2pryxaxf58uCCRy7RBTjr2wwJA6EEckE1rzCMrQriXxhoMmiW97a+HYbSMt9olZg86jOULjA+7/I11llEy/B6HW9Bgk1PUhIzXMXkGWCSNWKFxhcgqFB5PPOK5/TrOa98HT2vjz7Rpujp5bWKwRqpO8ls4Ks23lQpxg7jXZWmoX+meFY9F8ERHR7tY0lku5rgE3EEiuFGzaVBcH5gOQRzV7kzRq6vPp1v8MrLT/ibe3VtBdhLiztLZYg0ThWZcKBkggkZbgbsHBrK0/QW0nwxLFDYzW2qWbRtNP53PlzDKoEXgjCk5z65rhL2wsdD0HSbV5LfxHcX2ZsIS32b5U3Rkg7twPY46HIr0jxFq+saz4PsLfxXri6Tlkkjijhz56oo2BiuCCuckdCeTyBWvKczMtvEUF3pt/cR2UmtC7ZY3tVDFotuT5hChsfNg9BziuoXVptR+GSaRq9umiwaORvuIkLlgWOAVAzwGXuelQeGLXxnY+DtX8YfDqxMjwERTXatHwFZM5jcjgbs/UiqsWonRPDv9satbfbYr2NFngExBEpB3b8BgVJyB+FZeyQ/as4i7uoIdNl03w4TffaEA82eIbQp7gfLhgcEHHrVrxvo2kW3gmz07xlc3E+qxTq1oYmTYwI5Mi88Ku4Dk8kHFdv4vEmq/CjR44pLLTLaIwyAsPKL+YD8gIzkqGycAEhSSawvikukaX4c0sJDb6nK+3ZLGGAiUpwQ4xuU8DGcHuKiVI3jVPP/iX4Q1uy0jRrPTGZtDgWO4vGFygO5j8wCnByvOMAgkjuK0vGK2egxaJp5ji1H9wIxdQsPmVdqJwMgnA/n9Bo+J7BGsbC68XahHBI7MsJWIksDjOAvXoOao3Wsapd+E7DwtY2q3Xh+2uBG179nbfExkLAbiflA3555xxnFZ6o3vdaFn4m6LNDY6N4g1eWbQ3uvkTT3hfEgQ5YqflH3SOo71gNF4oM1q3ha2e00JwBumdd4ycMWy2Rzz3r6C8W+IfA174N0a2+KVrc6l4sjuVFjch8RTRlwcuqlVXghW4PavO/Guvxa3rjXOuypplioWOS3i4kZPUc/NnrxSTZmeL+NfFWu/2raeH/AA6SqxjLSMPllcfew5zlVGOPU8g8VmKNEnuNSsNStxPdansP29wD9i2Z3MCMYBYjJyBxgnBr1Txdb2UiaRJou6z8KzFY1nP7zEjM5JJJLgkep4546iufnXXpNYm8MeG7ZE02axJuJY41DTxkBW3Ow6DOODnPOemEzZM81uNRm0lLc2l4NVt7F2gaYHIk+bAwecgA/wCetcN4r03yNXi0zT7Zr0akcxxoCzbzgBR+fFbeoWaRWk0Nk/liJmJx3YfpXW+A9IvNVs5vF39pJaajpDKkEUmC0+5SGx6YBxwD17DmuRnUpaGT4O0bxjp32caBpyCS9XEkUhRF3R5HO9kwwJPGaxfiAPFWpa4sWtSR2msRlYpVQAIVCgg5QsDwexPNdTq2oJDNctqMU32q7kL5x8rSMcnLH1/Gn2+j+IdNL6zqHhj7VZw/fcqGCDI5HXpwTkUifankWvJbNpV34e8Q6vL5MIWe3CIxV5MMAQBnaSdy9R1zXy7rSraTbJVZQ+OCPWv048IaNrvjSxm1WC0sZ9F0otFdFzGWtoXAbeY36qRnp3B471+eXxJ0uRfFGpJHKlxBBK6RMp4ZEYqhHttArixcbo7sPVuzzxxHwFNQSRylF2DaCcEVLJFNFIkIYZbkCpGdnwW5xwa8xo9EpKFXKkbuOhqrLGNw2rtAHStLMhUllGzp71WmVFAAOc1hOJrSk7kYBZQvTbVi2Q5O/Py9D2qEFo2w43BqsLIWOEOFrza8T2cNM0U+aM+vrThjAOfwqkJHRcbiRTo5ssAckjjFcfKemposs+3lu9SRBpM7eMU3ZvHPQdqeijB6gioLDdtODxVhCTVUAM2TVpZBuAUAYrKUbDTJyHHDdO1RnI4z+VKXBwMdKXHXFQ0WTRMvTGasqyA4AwPSq0KqoPGSaUjccrWZumTI+1lJ6A1J5jSSEr0HSoRgKMDg05Tt6dD1oGWEIPGee9PPysO9V1JLYIwKXcF7/WgCxx0J96kCZ59arq+RgHPen7yDkUAOPLBMU9ivGecVUaaRZOu4mrIk3qS2BQBXE5jZnJ6nAFRO5LcnjOac7jJQ8ioyVb5R1oAsCdEi+X5jUEkrORjPHegYwcjAqNXAyrjOelAD3leQgMc4pQ+Og5PrSIrD50AAHrUJc53HkZoC4Mz+YFx1qN4iNyjqKtLuC5PfnNNbIUsPmLVSIkyjHlfqO9RyEtLkd+KUhx1PWk+6RVWOdjGJyAGwRSjgbTz71G3yuX/h705nRdpAyKaRncN6KcAkCms+UY9+1VnkLdKic7M8ZJreKM+YY7DABGfeoz90uMEdMUm9jz0NR7/kbHUc4rZI52yEuPv52+1VpJPM+VOMck0M7bt2PvUBAPmY8niqEMYPs3gfKKYhYE4XIHepcNvKAcU7gHHT2pomUitIrOxKDipFYqMY4pDuLfLwKkywPQEVZiPAHWgnH0ppz17+lCjn39K0M2Sx8nGKso4Bzj8KrruX58cnirMSFgBnr39K6qUTCpInVlJ44qxHG8x3qudvXtxVaKFDLsdz9RXb+G/D2o6pdJBZxZEzBAzHaCxIA5P1rrjG+iPPq1FFXNrw74Pn1QJcLiKJhne3U+mBx/OvsLwj4CsbXS/+EfhjF7czRi+s3JKbplAGVweGwDwTjA5qH4c6BZadd2Fr4psjcs08dnJbltoKnapZSvOdxznPbFfQeveCPEOha2lv4dieS200pPayBk8xYzxjHBYghlwF+b05xXsYbBp6yPHr4t7HNatY3GjaFBDZSx2S3UapeQpIQZJ1UEF1HB6HrToPE+p2OkJ4Ts9MF1qqR/bYxubcq98DHOfr0r0XTNY+F2o+IWsvEn2rUY70CSK6UbdsozlGRdvoOgNcpoFhqPiLxzqfiCyzPDpEz2cQ2hXW1eRygPHUKK9VUlE4mb51u+1/T9HXwtJaeGob9GkvYreQNIsrpljIsjBjyNuPx7ADkvFl1Otna6D47lbUry3VZY5IWDRmIlgvPyEHqCMc4z6VleJ5be41i4jW8aWSNyqyBfmLqenHoRjiuu8M+INUTXV1rW9AhXTJYPstxcmIlEPVXJJbadwC84wD+IqwHiWrWepxNFf+E7JtS0612zyKyb1iQZyXHdfXjpnmu8trTTPHEuoXp1L7LfRWY+zW0SbU3DPybsYVVP8APrXUeGvDltd6bq97bazGVDtBPYREsskL8AiQHGPmbHHQda87ksrrS9ae38IRtHcyAxlZcBHUndgFuOPX681EwPJhY6dr8UFm8hsphIScKW46jrjFWtRmEWhw6bq8W67t28tJQMFkXjPSrGqa7qEWpXdxqFpHDeS/uwMY2uBjPOc1y897qV9eRWurz+ZEpBQkADP4AVkaFq4sI5Y0htZGjl+8T2INb1xc3MmmwpLtjvUO0nuUXoaz9Ndk1yaxkwU8vO1u4PQqaj1i3hv9QURSlJEACt9PanYDt7XT7uRodeu/ma2jKnPYAH/E11fgyx8N+Jb1NPEctvqM4Yxyu48ppBllBHUZOAPc4rhLLUruayEefMYfK3HpXt2l6DZQaJIhudmnawVaJkXgSbcj6Hjp7H3ropxVznrM6290zXfD9/p2oGRWs44kW/jgf5uTgkp+oNa0Xg6K7knAthBPZSmSyunB2zoCSsfHB4xyO9c54amuZ3uL7Sp3lvUkEF754UIY+V8wdT2zg9q9a0vzNC0u60W7u01S9sx51n5b7kO45KjOOuTxXXM888a8JXhcane6Vbfa7bXg6XSTAfuHOdrBuncdeuB7ivWZrvTdK+FlxpWrh59RsLeV0WNCwK7i3JAI27eDnoK4XXotH0/WYtRsymmadqFsI76zhUhY5QPlfaPu5zjp2J5yc5djpPxKW/mtPCtm9zZqglguDGsaFTjgNKQpOTgjqeo70lDQ25minaXdktlp8lsw0PRdRDefM0nm4mA2/MGIwAQB6GuH1PTINU14Wr2X2jyFZBcKS0L4P3+gGK7vxFYeGtXuBe63LcRXV0qW1ykQVTFdwhVYqSCpDYx34/TD0jSviJfw6kLCRLux0oNHMW8uOTyFUlZMEdGUE5zuJHc1pYyZwviHS7rwtZz3yaqt6kbBY4Y2Kr83ZlBPSvPdO8R3sl3JKbZI4XG0jaSC368d66DxA2kawrW9kzw3tnncxIVZFbuVI7VwunQ3a3EwSVimNpTIAHofriuWselhlaJ674b8SWMca6VrOnmNS2yRolwJEYn7w4bgH1P4V79rMcPhu00zTpLoxWkfz2qBzIu3rt5zkc9K8m+Hj+OpNShjitYrm4CqxdvLy9vlQwYsRuPPb5u/rXsco8JXxncaWZlkSRrZ5HaBVlAG5QV7gEHBz2z60qb1OOrueJeOta1JBFqs1ybOxlO2SGAmMF+3APzZA6HgYrzpfEdrfarDd3YYxphRnkjHTPpWv4i8FzXemw6vp+sHW7yEuZrWRjmJFJyFJY9cZxxnt0542wa0uoZIZ/8ARXnG1i2AVYdiD71rVNqR7xHH4bvYpvFHll7i2iMU1lHGGVj1WRcnHT06YrlLPXdN0jS5JtOvRqiXm4tGY2UWEucr1yGXk9AORWVZXGqPoFxpsSRQeWMeejbfMUYBB464HXjNSQ3GjaXHcXVvp39nWksWy6ty5kabcDll34OcHGAeOtc8DaoeeeIPE13hbXVZ2upluMhs5URkYz+farFwLG5s/ssd0UZuA2M8kcYB965jUNWgZ2tp7JrizaUMpdczYHC5x0461nXt1Be3T3MStBIzhQqghSqjAAFRLc3h0Oj07TdY1KQxSSrJBbIXbJA4HQ4qVUawD2sRDx3JIOTjafb2rY06f+ybYs/7tbhSPMOM5HbFR6VcRX0c9zdQDy0jYkYy3y/41z31Kmjm9K16S0uZLHyxICSmzGOe1UZovtd/JL9yUYwMd/pVf7dC2pJLFGI2gYMu4dgc812+i29jqmvRm4nWEJiX/eIOdoxW0TKeiPZPhZ4S1GxgtfEd1pk995M32dlTKq7FclfMUHYQCDzjr9a+h9JTw5o11IYNGez1VJBMi3s259xIwdoO1gMdRz6mvGvDnjhrSS5sbG4umtblc+SECp5yEYI3YAYgYODyMZzgYTxV4rh8QXkN7qVhLZ3MSLE3mOWDMCeQcDg56Yrtp4dNas4ZJt6HqPjG98OM2vaRf6bbaSLqB545bYiaWO4Iy5SQDK7mGSABjkcgjHxtfXx1QLNYypcvp4bcsxwXUjAx15/HFehWmkXq63cTyTLDCdzKO53dvyrzQaZYf21cPFEUjRcY6fP0/KtYcsditiHT9esoI5LPVI2ijm4V14K5yOK7eFBc2anUnNtaxpsEyrklh90n61wn2W5GqGC8gSW3KfIW7d8j16V0mpy3+oW1rZKxXewUxKeGA6cdzWEZg5K+xy2pxmWCS2hbzQOfr1wfqa9H+H1rNoLPAttn7YgDPJwEyM9O9N0rQ4rC7N3rKlBGAY0IyC3oR7V6U6wa4622rxmb5f3JX5FUHgcjHSuiJFaSS0NrRrbQp/Eum/ZVfVJmDLcwygFQAOCmRjjnqTXGeIooNJvr3Tbu5caddOxjMaZxGrZ2t16Yx3/Cun8PzeIdC121g1XyLiGAs8RiPzkFSNrEj8eR+NN+JVposkMNx9oGmwTLubPz7psksoHXt2/KrZzRk0eKQHTjrKyaWxVYHGzdwDzX0Hp/hG9iUancwreqkqQXkcb4eFZc7cgHpwefUYrifg3N4Tk1e5k1ONJLsGNbaWdN0cZzksOCA2cHceg6Ec19JeJdW8M6Zcanc6FqATVrq3MMsCIzRXEqIdvzY2BvUqQevIOacI3YVap51q0ui+E79LKCaWGWFFdQEPzo2flzxnOOvT3z0+cPG/iu58Q6tNpiXxvNMkZDEmwfIcY2ZHJx9e9c34k8ea7r1wf7RuLhbi3/AHRLud/BOQcY4Bzhegrt/A/gmS8SDUdQnW0k5KKE3kg+uDgHH1+lXUfKtDSFNLWTNW28NWukeEl/0VPtN1hMuOXDZPQ9O1dL4Sm0vR9etrBkEccybSfTC/41b+IGv6Bc6fp+kW0Pk6hYrte43cSYBABT1zV+w0Zr2y0nUXhjkeJI8Tbucgc5A69644bm02en+CvD9qlrcX1gqBlndI5gxJQno5xxkA966XWdV12zhTRNZvjNpupSB0Z4UAuJl4CZRe/UA1hr4Hg1O2lvNDTcY1LTGNgqg4zjkgDvk1ytld63b/Zru8uUurS2kUWdjcEny5R911U9CCSc967KUbnHUY7X76O1kWCSGOSWVTC1ueFA/UKc8V4rqNxPEksFvG1qtrIfN3H7zDjA9R6eteua3c4E2mXkkTatqrA3jMAwgikJBZcEfMp+Ye1eSeJbSe7s5NLsZ0uYIGEayE4dio6nP6H1rqYqZhaXIw1ZRcIY3jIYk8ZJ6V9ELovh3UrfS5NOkF1qMq/6QhfaYyP9kduteJaDp2pSSJHf/PLaYwTg/KOmePpXto+H9vqWgHWUUpGvzGdT1I6qVJ/pXDUV2a1Kmljv7TTNKl1uM6mUjs4o/ud3cHAAArvPDGuXkVldWepvFHdySbI8qMRwEDbhgAPz5rkTokqWGkaveILeQMkSpyVeJ1G2RupBGM4610zW39h6tcaXDqaXGnXQWWaSJUfJBYqvO7ByOzdDzWtOJws528gs21Vo9OJuIo26SjIaRSQcdOK1tFlhhvpNNllit7syiWR1fCtb4G6LpgHqev8AU1V8Qa3qMcn2vTrA3zRqQcfLsjXJB6c+wrzzTvGnhfVJpl1uGW02DckYHmefn1wOD7Hj3rdxuNRuY3jZfCcMt5rWgG6j8tzHFaOrFHPQSRt2BOThia87vta1q0MF4NPM6soaUZw8eOvPI6V3N9NpcrGwtbpnluH8u3V1OFVz8ueuCPXNcVf7rA3GmamH8vLC4nUkkKwx05JHQdqo0OxbW/DGs6muox6bJbW6wjJzv8yXHBdenPQ4zWDvlsIAhSSMzM3mtHkhI2PCnHr6VnWUOmWdhDe2t7I7BysUW3Acf3yfTvXUC+skg+zpdpC0igyO7ALu/u896mJUThPEv2VUMloxMY+VAwwCe5Hsaih1KSa1t9FmQwiEb43YZDFupzUHii81eSSBdSmS6tZFItwg2lVXHBAAyffJqewvZrq8tbe8AaFFAXIwVGPXr2rGojohoVLvVvkFleWyxhAQXXlSfc9j7VH4b1GK0kNnLbmVXz8479hntxRqUqG5lttMiUxyDDrKcANycirsNnbW9qGEhW4UDYmMq5zyM9sVSQup6DMdNu9PgiiRllibdMwPKx4wR+dOt5ItKil1W2/fLdk28eTzE+3KscdRWDpF9ealaSiZE3RZSWRTjcB1UqK6T7PJYRtqaodssQiSErkByBhz/hWiRkzlrka5fyTLJJvutuwynjA7D1I5rr/Ceo+I9Plhi1OJTamNljh2jBbj7r9cnPrWhHaPJpNs0UsT3pybhg3IB5APpWvo6386FNSjQx2ZXyMcc85Pr+lSBHeW0emSK13PNBc3MgacKdyG3P8ACRj3xTrfUbK41K40lbQvHMpFvMGIZDyd3v8A/WqTxPp73un+ZDqiw3TuGlC4dxGARtJzxzg1o6TcFSt3Y2i/ajEYkaQ4VXIxu/H+tadCDr7K4nv/AAnPEYWuI9Kysc285Mqg9Rzn73NIsj3+iW1vrNyDdFmeSRE4AydoyMdFIH1rlxpl1d6JezwXYhvtKdVksoh8kjucbg2R17jB6VqWIvbjQNhaO3mgcvcbDliADge3b8q5HOxorGHFpWtas9uIGCyW8gdd7E4X39/w7V2GqR2Umpi8bU4lsYG2z20RGWlPG4KODxjt2rLaPVNMlhv4Hkl/tSPyyr8KqtjDAjABx/WsGyu7TTtdaw1SyaSxwVEmcZccnHHUdOvehLmLUUylrWk3FuNR07T991b6gGYMrYkUYP3fXHauK0zVL2a2s/C7WvmQWblYy52tvc9Hzx147V0yvr2mrcaZdEuZwZIJwSWjViePp6DjFY1zqb6hHaeJpUW4i0hltXicbfMZOpJHc7sjIIHoelZM2SRiav4s1bUxc6br9tbNqMTiHc2wNAqnOVKg7geec/WryadNGEtdRvd1jZMJBJEobsThW69/p7VwnjTwNrkN1JrOoQLBJqrNcwosomQROcoN4ODxwD3ArI8L6/qmhyHSZ1W509tzPE5wRkY+Vuo+nT6ZzRcqx7D5aQSNJZXBukvo8INvIXPBPv61m/YJ9ShXS/tJgjslOwFSQznsTnj2rW0rVNVuZodPjCqxOy3cIPMSPHC5GM4rsk05JXkjvtXS1W3QuvmBRukH8OSR1NEpWRlbWx87eKfB8Wr20/hXxQn2a6ALwzZG6IsPlYHkYPRh3HvyPz18Z+B9U8OXk0Gpq6GBtplUbo5AfusD0wf/AKx54r9TfGHhbW7rxAtrrLBr2VEYv8vER5Q/L6j8fWvGfHnguPWNKlsrqHzFj3IH5O1x91jjtnrXj5hgfaxvbU9PC4r2bPzRMGBvALmraWYCC5uE2qe1dHrVgum6jNAqkbTwSMAiufkumlYoGbb09q+Jr0nF2PpIy6lCaXYxWP5PTHpTTM5i2NwfWpLhA21+/Iz24qswIyBx7VySlobE0ETSqQZOccCs66tjECAS2OQfeuj8mPKCPkADOPWlFtC8bpLnA6e1ZSHY491eRkDZ3D+VSvDIvKDIx1rVazFmwYEtt7nuKmkSJrfYmQaIlRMeaArEpc5JHAFVGJH7vGeKvwP85AY/Lzg1OdNgY7jMSzjdgdqmQyayctaLGWyOnTpWlba0dD4dN8b/AMPvWeifZgUjGQQM81VuXS4kCGMgpxk1y1ALMusPeyedKipnkY6VjTXDyuWxtA545pssbNxCM+uelVjiMBM4J4+lVYdx3myLg7vwxUgfOMCq5zuzjp1zUqlAdvOfXtRYLn//0/QrS+8QfDbQb9ofGlvf3E4GC5SWRymdqjduPVj36Vj+F08aax4xufFviXVLO2T7LnMjrEGJUIMbQABsBya4W3srfXdba0TSnsxiPzFLMSid2JYdSOnH+Nam+DVNbh0vTNImlskm+z7Y1Y7yDtBPoPUnt1r9pVrH5C78x64uiweIdJ1XVdMV99hEBmyfdFlxxuAzkcdq8ROta/e6altJdPAfP2R7cqWGD97ua9utW1Twro+u+CrHRpFu9VjDiRHDCFNnH3S2eCSOa5KxmuvC+n+VrGnNeRSDKllwVYn5d2QSMc9azcTpsLHZxy3OlXN3ebZZIUS4GeVz944z2yeKvPpcl3rB/wCEfjvJtNsvkiZydpcD53A4A3HkdD7DpXMS6NpviPxP5iXZ0u1MYKPINxaVMfLgHv2+leiyXUFh4QeKzlZb9Qxfa2FjQHJOfUr6Gshnmmo6pqOpxyWggnlggHzFwQAT3+nWpLXQNW1DRYI7m4t2W23AGWU5Genbp0rrPC8enoL2+1JZHiuEVELPhD1ySM/SsnxXp3h+Cxs1tHSVWdtxDdRxjPsOatAZ/jfTn8GWtraaNe200Wurhnj+aVNuMnqRg5wDzjBxyK4+01TUtKtdQudP1NrXylUloSVZsZ4BGCOvatTw7NqrSXuqadYxf2YGaJJHddibD8xB6nPX+tc/BqniDxpqdwlhHYw2dpIrTyKjBnBJGSQTuOAfT3NdCqdyXE9AtbPS/wDhDYfGml20lyeYZVmPy+eSAzMMZYZPbr355FvUG1uy0X/hH9c8QRaBHdx/aYoIIyblcENghNpUN0+8T2x1xzepaL4dl1eHwlbeK5LqHJuZktEJgRsYwvLoXweTyRnkZyKoavNb20cOneD/AA/e31zZ5jmuLuIuBEo6jaTj15CjHarjVj1IlBs6Gzk8FeFrCTxA95f+I5HULcwuGVSWIG5WKhsj/fOBnvUvwz1pPFHiC9vbbRX+y6aUdZZBgwgno5/vHHA68V5Pq+s+LrHw7b3tjdQW1reO6LGQM8EhjypOM+9fRWo+CbrQ/hzY6R4g8XLbXF+8c9xb2salskDJ3qQzIAo4IxkDuKmrO6sCpuO5xXi9tZ+JHiO1t9H0FboWTyq5DDDIWUK756KMdenPaua1Xwl470DWY4bXw5aSMyb0jPlSgHJGSA4A6cDNd48nhD4f2E0+neJbhrq+tnSNkjZZDj72Cqjac4xnHr2qf4NeE/h7rFjD4y1HXbt7yEzedZxqyDPzKoMhBLbuGznrx1BNck4WVzppyNW48QePPDHhPQ7nUNM0WJb3zA1oE8ybep/5aJu4zj+HpwG6isr4SzldX1/XvEuiS6atpGvkzQuzMzSFsrGBgNvGAc8LgDvVnWvDngiXVLuPT5746gw3RlirLuYHaWwoJ/A1554l0m+8O/2daW3iW4FxMhLIxKovPoD65HOelaQm2rGdSV2dpN410LxJ9i08wXEd7E8gYuoAYsRhQM5/MCu60DwrqupXkGiCUTXc4KpbORwME4zkgAD8Kb4ZtR4f0WzsvEd9BrRid5bWB1XcsrnJc8FhwcdT1rJ1/Wba4RdW0lJNPuhKFALlkIXkFXwNpz2pM55XZ1XivwLc/Di9m0a1vDefa4kdpCnlgBs5jAyc49feuY0+50+e2uNPaxMl4WCBQu5JA3GSMHgf1rV8TeKvFnjW1i1S+uI7u3tlDOUUCVOOcqoGRnv7Vw2l67BpmoDxJJK7RNmPamAzMCQAVJ/ziqgn7Nc+44nrd/B4QGmReCLLR5dMkZIDNfWjmSOMnG8unQbu/wAvSuc8Z22sweHLPwLpU1tPDZxyu09woDPE5yowQQATuHr0r1ywm8P+E7KPWp9UhtNP1SEGOTyi5mH3gSu3cNuefwrwDWvE8nig3OpatpyXaufJheDKGKJCTuCAHJYnPJ61wm545p3gSy0XSZfE2taHd3CQdY1LASFmAVlH3iACOnFO8Oar8M4nu9XvPD19Y3UMhMMhlZo1jYBSCj45wSeT1PWuouNYt9e1yQ6Dr95ZxQKBBDOzBd6YDAYYqOmehPtXoHjXxT4w1Xw5Z+HNOvNP1JdVO2ZLR0lkmdFBYOvTqP4ce4q3Y1UjyLw/ZeF/FDXmt6v4jvNKWxn3QK8Tykxnn5SM7DwOn9K9audJ8HeL/F00vw58WSCa6jQm2uUeIboxhstjDDHIGMjk9M1ka7fa/Y+F7TTNN8EWVn9ph2PGIA/nPCFG5kTbhh1+YEnORUnw+1bS/BHhOTxDqHgpXuAJTJeT5WJxESWWPcrAFQMEAZJHU1LN+c5j4g6brPiLxDoHhfRdbtLzXI98bNuCRkyEcZAK/KFJYYyOwzxXFeN/DHxc+EN7pi6pe2NxPcGYRiNkcxMqjOVIQkENjIyAeDg4zZstH8MeKvDX/CXebd6Pf6dMRJ5LbjkMPLYNj5TnGDXO63Dp1/eXd/NrMt7NIBsknOZHIHcnng04zdyed2Z1vgTWdM0PwPqHi3V/AMeoaxpdxK73aTMvmLcDbnAzwobBHPTdwSccvoereF/GU7nV21DR5lUFCqeZFkfewVXcQvXPy13Hg7wLF4m0mOw0XxmI7jUozHc2UiNGAVXcyDLDfwTyB/WtHRPBnxK8F3MJ0e6tpWvnWydImDuA5wufMTAy2OVOa6tDlZE3jHX7HSotB8Pa1eGGFXSFnbBCueT685+XP6Vu6Xc/GDQPCNtpnhfU7eQQys4tmEIdVcn7xcbTkHd8zfjXP6joPjHQNMuL7UPCJki0vG+SORPlXcAMBdzHnr8vTtUfgzxL4Z+I13e6P4piuNNugFa1MRLgOvBVhsz055FZjXwnovhfw54rsNFvp/GfhF4NV0ucSQ6hGwLyCRQWA8skbUGASSRycYINTagfF3xM8RX2veEbpPs9vDbJLpd3KMseUaSPcApI6nOMcDnIB37hfGx06G18M6+d8UYjFtOwzIc8Ab8r9K0PF8Vt4R+Fmlarf2Ueg+JLyR7S4ubSJfNlTnJJQEDcBnr6kc4FQnYVjz34kL4Y0nxBYp4SuG0W4uNkRWUlYFWTjzd3zbQD97Oc9Rgis7UNF8IeDrax0nxRorSXU8Ti61S1d2SNC7CNtm0/MAOcKOmfmyRWRZeFdSvR/bmtCTWdIniZFuJZDujKN0HzbhjBx0Byau+D/DFl4wvdTHhrVn0VrG3SRLa4Vnil2ZVgWJIUAYHOTz0wDir2AzvD/h7WbaKfxH4R1mHUtNbfbzW93CyAKuNhAbJ75/h6455Ap65reqeI5PD3hzVfDypbaKJIpJLVifOMm35shQAdqgkZOSTyOg9ga7g0bQZNN1DQYRBkOVtVyXk/vOBgEEgc1zC6TquiaZdat4d1eLTodRACwXaEEHkDBYHJBJHTGOucVVwNDU7HwZY+D/7BtNcntLh5EPlSqwQDI9lAP41sT6fDqumadaa9pUPiAaXIZIr6JglxIp6oAhyeAB1PQd81yOm3HxF/sfUdL1nQBqltqqCJLnywwTaTyGi+UFWwRnGCM9hi1r/irwTaaLpml6bJeeGtSgkKX+xXkjLom0uGOQ2WUn5R04I4FIDwT4nX2leJvGd/PDaTadFcCFYF3b8RooXvk/eBJHOM4r0nwHrvjjwTrui6L4DuovEazRyA2coRf3aoeCSwKgcn73OMV0Pi7wVPb+H9Oh0TU7TxFcWgM9yYgFmSOXJQfMxOT0KjGMZrzPwn4e0bUNWbV77Xb7wlq1nJtd/Kc4BBA2FAGXg8g5znNBp9k9G0/wAU+DtK+I0OveIbBvC+pWtvLA62ykwu74A8yJVJBAB5XJJIycdJtHvIvE2oNr/jLT18U6ZIqwieGQB7YJkgKke3qW5x75ryTxFeeID4qbxZctB450nSJB5jII90kbOVCyxKCwJOSRg49Rjj23UPEHwquNF1O78I2V14Mv7u3QmJSzxF0OcBQTtByVyNvXOO1XawpMi1bWtV8PaxZaT4IijMd/ZzW80VzGctE4XYoBIwSBnOe3pxXN/D/UtH+DJu5Laa70ybV40837TGHSOSM9htJI5x0J6Gu600Tz6b/wAJ14p0QeJbe4jSWG9tXKvGYwQ+5YwCCpGCSoHy8E9R5dd+JLS9t4je3R1eCOXd9jniG4b8j7+DnGfWqirmbO40Xwdpj+OG8c7vOvYZo7yG+sHV4mfIJ+TBXAIwRiq2qeN4PHXjKA+IAniOy8yVYZ7d/LkEIPVlj29OwJA+lbera18P9JurPwfoNzL4T2hIvPuP3qqJeSzLuwm5jgndgZz8uOFt/B2jfDua30m+tvI1Jt4ku7bc8DmQ5T72MELgcAdecjkJVLdCoxXY6zxtf23jG3svB08f9ox7XCsD5UscS42lSeCVA4z6c5rxez8C694Y0yPWvs8eveHbW5VWeNlju443IDAx53cE9s5PoOV9Bh8PX9z4htdZlt0+wxQt/pKy4aMruywUHk9vbOawtI0m58cXhni1abTrO2naEalFH+73g/L50bgfKTgEnaBnJOM1nHQLFW28KaXf+ING16OFNf0O5N2t1Bkwy2WBmDcfM3sc+g6deuRyF7Ey+JoPD/h+4TxFbI+02kxCXEOzLFNxwOg4IH4evu3xajtfCvhDQdN0qWJrnVlkN3qlowZJDEQjrtXPTcOcj09cfPOk+GNfttbbxfZebeW9nKrJfRgI5XGHyhOc7TjkUoSuRI9zEnhKx0yHW/CbNcXUtpKrWdygWct2RX24xn3xgVyHw98O2UGhX3jfTZx9qtVZbfTZsACY8qwkZhndknGB6Vr+F/32vSxa5pw1GK8kUQXcblWjMmNqtEmDycZPrUvxc8b3Wmn/AIRCOxivYbdkN9ImY5IyeFGehIyCeD0xT8iR/wAO9B8Wajql/wCLb25KahaM7SW90zbZvMQqCvbAHA9OMHFeGeJPE2m3F5bW7WrpeRlklixujzxt9AR746Gvpr4h+ENaTwofDngLxDb6y4hhaVTiGV13AgAsSAeM8sDxzg8V8nt4dkt7KW68TzSwTvLsjJO6SMjOS+RnGRjg5/pEJp7GlOm+p0uraVDrA0TQtPuV00tmYrjdhud0Y5GT3xVnxL4N0q61Gz1OGIQtpPyDbjPzckPkZP8A9c1PbeBL7w5rOk63fGO+hlaOZGMgMcoXDdeSP5V0Hi/xJpl1Z6p4h0mNTHcrb+dGAE8p1IXIAAyG/nk96mTOqx5Pr+ta14f15dQ0aSTTJjFtAXASaInoV+6QSOQR79ah1TxVo/iG6hW7iOktIygPGN8Z3cYOAO/tx1rvfFHif/hNfBsVnYWsRliC+RGkeDuGFOD1Jxn6muXt7ZtI8I2+paxaLeWt4AiWjrslW6RiVVT97JIP+BqBGv4p0Wz8PasuhaDp8ukeKjIkb3KzskbqUHyD5tu5vkPTtg8mse+03QrbTL2Xxjpeoad4rWWMW7rlbaVVIJlZWxngEZXIJwfpQ+E94+uX+qJ45sTq+jRnFwQ+ye0kG7a0a5Bz1HB4xg8Zz6H8U9L1/wD4SzT5Xvz4g8LS20bW9wuA0Ik+8JFwCGBxyRz04xgRzDSuVE1ZPErRJHoUPlzyhQ6rvkUkgsxIUfn7VZ17U/BIvrXStW8FCS2tEG6SJm8yRm4LDAXIPHGeK8u0rWLiLxG2k6RqEdjJaySRo8z7EOCVIOQRz9K9QsYvHh1CZ4tbtIZIIXAnUo6t0yoJTGc/liu6nC6In7p18PxF8KfEbVNN0jX/AAlNplxYFB5kJPmNAi5KLHsQHKgYzn2xmvG/F2rfDnWvHghSz1AeG7WeIyeU+xmQYV2WNhwfvYyQee3bv/D7/Fa50nUZ4pIJ74QNPAJBHgBOXJZQgzt6Z4zj3rk1vfHV/pl6dZ0aHVLqRTJxsjO4A4YbQRu/Gto01rc57dRvxA8FfCCWWzj8Cahd3W9s7iSFOegKOobIJI7ZrV1DRPhj4X1O5sfD+vTajDLGCqSwNG4lyQNx2qOoz0B59qsfBS4+ImtahNqd7awi0tICbiLyxB5sYGAd75AZSQflxnpjFd/YeH9U/wCEu0/W7vw8slvd3UyEnGHiYMwGeR8qjPTnGKztYGzE0nR9f0DwzfeJdS8Sx6H5422yOqzNcugJC/N8yZ6AqCe5GACeEm1L4geIEttWvdZkvLm2jkjg8xlKpn+HaRg7upOPT0FfQV5a+B7zx8NJ8TeHn1BWiHl+XK6bQQSvyxlN23kdfwNfNXxB0nT7Sxa20aWeeC2nBmkKmP8AdHI+ZTyCCQORjNKMr6Exlc9O+H03xV8Vaexljg1Ke1na2RZ0jESrsUkM8e3AGeMH09qt6q3ifVLSTwVqvgO2tINBuEtVdCzPCzHfgTRkBlIIIxwB15pNP8J+HPBvgrxF4RX4gHTdYvojfWbBQIriJkCBCMvh9yEfK+SCCoyvHnejS/EXwVoupX9jrqKzRJOwZ1njuCudxBlHysB1wMnjPQU+fUcqdz07xJL4K0nT7zwfY+FZ7G61A/ankuXIaAxhSGhZ9xdWCMOuBz14FahvPh34fSLxno8F/BPqMBtmt1kZWj+Xa22XcCQwGdynJPOOw4nwv4m+M+swaP4su411GCDzvLmkWJ4lR22MG8vDAccZIJxgUzx34g8bXH2TVvFMUNxpsM3kI8SBY920sAR1xjOOPb0rKq7u5tTps4QeFNH8K6LbeP8ASfF76dewbQ8LxYlWZmKgIQcOCOThTgcnvjuPCOp/EfxxaR6pZ602qwadfLOryuM283DblRug9ugHAGOKqeO/EPhnxF4at/CttoMNtcwzRXJmjbc6quR5a4Rcg55OfwrgPF0ejeBdMun8KR6hb6rfthpZDtijgGPMVSMbgTjgg+pOQMpq6Hex6d8Xdc3a/qfgbxTbR6XNqrWc11qFuvmEFmV97Ioy+0DG3II557CL4g6Npvw98L/8K9uzb+JNZURmwmSBUuIYjtyWCksvCYUbjuyCQRnHS/DfTvFun+E9F+KsesWOsi8tXaaG4Y+ZEkYPyuSwztKkYUg5GMHNeZeNPGieOvH9l48hi/4Ry/tYl+cp5kMohGFUAjA+XcOcj8hWMaetzSdR2scH45e50jwxounRjEd8zXU0RzuVwir0B7bj+VZEd1HqnhCOynv08O3NmweCMA4uVyCJDICChUkmtHxP4m0fxf45vNZuIxDFOqJEwY7coqqOoHU5rjPGzab4cn08ahbvqGFWR1L7FdCSNoIHHT9ayqP3i6TvEv2OpafcWD27wTa3ctxJLO7BFOeMHJJPtxmupvfA/iGOyj3w2uitIp3RTuYzErDKs4IzyPxHfuBgaP4l8X6pFap4O0+00izkkWdGO1lUpyjfd6j/AHCCar+KrrwtqPi3StYv7y71a6RQupLbkOWmjX5VQnYMFjgqpACgAYPFbJXM2zCtYtK0PVYotVt49a+ytnarfupGJ4zuXJUemOeh4r03w1pfiG58c3N3qBh8NWX2eRg8bKY7eDhdgwRhscE/L3PAFa0PxP1HU9VjzokNjZQkxR3Myn7Soc8nbnAPQkDj3OKzNNPhaz1qbVrrW31vVYXJit0gZVLkfx5yMc9jx6Gs6kbGkZXKlzf+FNYv7rQvDmkyXlxC58vUZJHMRcA/OwHA3EEg98c1ywnuNYu7y/8AGF0q21uxhliB+ZinA27Ooz1OfWun1bxlqieGdU0FNKsfDWmakGOYoghldMFSOVGeB823tjvXm63VlHo1npFoBe3b5Lz4yATk7CRnOP04NKmVYpWc2p6dEYtDZ7mzuZdqeahKvtJxjdgA+uO/6ek+B/hPF4o8XzWyeKYNKtpU+1lcGTfKhG9FjDrk9STnIUE84rktM0S11uWOx1PV0062iIcxFgpKnltmSMHGe3f0r0TwuumaLBe658J4bm+vNOkVjc3ZQmOOVXjYLGu3dnnnblRz8pGa0T1MjiNBuLS+8YXP/CO6Mt/cSL5cRmJ8u3kXrIGPHBAwSQfzroofG5026vNN8c3k0tvbSPFNYoATJNCSFUOmMBWGfvAHArT8T+KtZm8MnwhE0WiW008l3NKq7ZJZZM5MjbgDwccc4AyeBXE6yvhrRtEjg01RrlxexKskzLgRyp/GjYPVs8A8gYJ5puTYJFe78S6Zd30V5b2C6fE3907n+rcLyfpXpd7YWlhpmn6tPqv7i6s+YgDvi81QwIxnn5iRwMH1rzfwN4dj8TyvJqkwtktgu/C5xuztGM+xr1Dwdr/hvU/DN1Dq/h37ZJFMIGck7HROVCsPmQrwCFHPUnsJWuxcoWPM5/CNtbaBBrV94o3C+8x4Ld1ZpXETFQG2sQucf/Wr0W08NrNYaULbVoxBqARDNuK+T0zvBI4APcjpzjrV6/n8F6T4ptINR8P3U0cIiuIbWQMBtY7jGu4rvQ4wCwPHXPe/oniHwFqPiHUfF6+FZ7fR9GQSyQwEyIC2VAlCDails57evGaHTmzNy1NPV9A8RfETxEdJstdhme0PkTQ+eYTKI/uyKoyj5HPoB7dPJ72HxB4h8UL4c0vxa+qKloCxkd40HkNgQkDh2UANnHqeoNeiWN14LOi6t42tNJuLeyn83y4Hcy7PmKhA46HI4JOcV5P8P7Xw1HZ397eTvbPbHzPJkQkSqR1R+zDng4zkYzzgk3HY2STL2ranouq6np1tJqMt7fOI0k7qpJxgEjPUnpXVapdXvxCtU8Ha34gujN4dZDYROGmieDoy8ngxg4ySSRgDgcc7caP4HvJ7rU/DEOox3sEaz2+2NZgpjwfmUFiVJ79BnuOK7b4F6tB4o8cR6nHoUVyj289vPCZDDvKqrHbJzg9GHXpiphOxc0XdZXwJ4M0SbwC9xLrj6uVvUmCvbrbvGcYMbEb1YL1BOOfauZ1nw7olj4Xt9T0XTJpJdT810MoOYliUAhT3BzuGDyPxr0sWvifW/HIuta8PLY6PoV3cWXlSN5iwidMKrNk7+NpB29vrXJXd/wDEjWdWfwf4PjVLTQp1ijhTy5FjEhbOGdQcDLdzgZ9q0pvUwEbxVfy6BHdWvh2KSfUIFE8ybWluPJXaSwVA3GOM5GK89N7qFzpS+GIvD0ViLyRZkL8zb15LZIGGIAXkZxXoWvRarL4zTTdN8SQy3Nm4jDqiqrAcuPLBYbhlgQea4bUw1lr1zqMuoM2x5EjnK8NMvUDHABJPTAoqsuJ0Ph66ubKz1Kytdr6szrbxn5SVZ8EdeMBsZx6V7lo48X22hWmraxqcL6nArRTWREaOyFsdVO3aVweF4xXyjp3gaTUNYtrV9VMX2txIZwu7axORhd2OD3zX1xonh/wx4p8UXt5Fr09i2lWpuZgYftCmSMgOgO7O3ByR2rEh7hq03xAuvCdunhu7SK6S42ShGWKdUYHADHCkEkHseOvUVz+v23jPwZ4H8T+FPiBrbRR6ip+wRxqjpeDI3glEJUg4Jyw+pAFdv4QvvB/inxJFpurwz7Ps0saCE7cTqQVYnpyAQB6kfUcX4/1jR9d11bK98OyJp+nSrbSzSF45N78K7R4GzIUkc8jBz0AzcWbqaseB6t4SttP8O/YU1WS/sc+e4UFVt2YD7oywYEdcVyvhQaTqk0vhfVp5baITeZDNCm5iSD95cEnivdF0i+1LxPB4e0vTzHo8UUiK+C4dSvJkbkAdhnFeNyaDB4Q1e5vdZRpUibYscT7cN2Acc9OP6VLRe5g6Nf6l4U1i38Q+KLBb9INyRJcfOgz0yvOMH+EjrXrXw/abW5Z7bSJEt7vUL1pYYrcCMRM2Pug8bMcfQVw2hW+oapNZ/ZWa6upZjlSdw65yc+gySfSvbfAWh+G3m1/S76ZBeybk813KeQVDDcDkDqe56irjG5EpkmseEbPwnYXHiGR4NQ1tHaO9tCfOEnmNuSQjJwyHg4HI6EHNULDw0th4JRvHouv7CZReWiwqsZ898jAbGW++RyQAW5xjNdp4M/tHTXup/Cl41x4hsS1s6oiyQS22/IZWYYYErkEHP589tql3pfh3Tlm8SQxa48GVhsJJdgjZjncUwcj5eRjn16Y0nTS2OdVdbWPOtU1ey1Lwte6NbaVDoNzptpA9wzzgS3kZX5XwqqHzjPf5uPak8E6uvhnwRqHiXwFdC81uX/R9Qt5owyQRksVZFwpzjB3ElTk5HBAn8RXnhy60eDVPiq9xZK0T/wBl29pGqIyhd2wDGcDKgZI68msnQdK0vxN4ekisGj8H2F0qST3EsrkTLEpwGyUG07ieOCR9KyNjjdQ1K+8M6Xp2veNFj1yyv5mhjsmnKuiRrnJwCoGcYHOcYIFVNc1678Q6M9hr9vDpVhCFe28pGyYgcIGBPIAwOAAfQcVtfEOa1h+Hl5pfgXNxFMENypiLJ5aEEuhcbgwIByM8Z5rzTUY7q18O2V5rMkm25tokjQkFVGwNkDqBnjPNaqRUoHq9ndIfBp07ws7TXUrr9pbAjxHt6jJHBxngdzVS71bQtA0CO+8W6d/wkcDSeRAgvHje3kAbcPkDdCMHnjFaV34cv9R+F8GnRW1poWoRvDHPJJhGuIAm9G3gEktgcZOMGuK0i21FNBa08HwnVLizjeWZNobavRmGSCeowByc1p7Uwa1PQbbxFruo/DlfCdxHD4a0sOs0MixyRpe4zjzJeFZl+Uk9yBxxXo8L3HhDwMmh+GYIZr3V7aIvI6bkkLxkGQE4Gcn5c+1eM/29o1x4DtbX4gzzGws1V7aFDgb2DHaoXDMfmIwT05zxXfyfE3T/ABf4ek0yzhl0hNOhhZW8xQ8iRpgbduMDgHrx61nzy7Gqw6IPEPgw6n8NrqP4hatNpGpWUgbTrUBXSUkL2UcE5YEluODjFZNxPrt/4Ig8P+G5nls7eQb4HEYKoFJJ3EDIzg9e5HqKd4x8R2a/CrS9S1JW1a6u5nW1n3sxhaN8MHbnORu6n06kDFDx5cap4m8J2vjbRmt/Dtq8TRzWfm+U0qA7QseVUPlATt4yBxk1pTlbczqwvsYfjP8AsjUVtdO8WXNzJJYW6RWktu8ZQIp6NwQDgYzjJ7nAqfSfCmoeMdKlfwNLFpunwyAXUU92yK8gGVPzE5OPXGce1cyIYLKz0n7JaLqD6k2wB4splsAY688itnxLpPh7QNEjuvF+otpN+JDiyS0ZhIARjbIhKHIPtg8fWamo6bcVYPH3hyx+G0Ol5W3169vZGkW5w/lQbApEYX7rkk5Bz0yKv+PY9Oh0HSvE3jq3nj1y/ZFEACeQ6qAWXC8AbcEZOfmFddr2r6nfabY6b4RkKeGZyv71ygADNubh8SDacnnsQMVzmvW08MmlQX1oPFJQ7oXkd5Ird48bRjkHPAx6A1lyl+1PPvFVtEkdhLb3bQaEZUY2wY5jJ+8yJyC20ntx9KxJtd1i68R6dF4bdrHRdPzFJMXUNNBwZAy/ewwGFGM9DwenT+Ode1e+vdNvvFtuUuLWRvstqYwglBZSUIbcSvAAHPesq9vvDwnt9Qu7KLThOpzb27EsB2yvGD68CpZqjH8QJo13pxW0gazlYOdu3YCD9xhgDrUPgKHX0hf7CVSVWDwtJjD8e9W7zUbtZZdT16zSXTIbYx29uWw7EkFSpAODjIJ7cemas2FvoF94K0yS4llj1Ca4cyKM8RAsABnjsOx61hLc15jT8WRXkWhXVprc0SxXRxmMcmU87gBzxjNc1HrVl4btotShguNVhnj8ibzCUzuVcnftPB96r6pD4ovtTSPwzZG4tbDEiCXDKcc5JJAH0B7V3mmeENR8cPLdReM9Oto4kVvKkZYpGxkvhATjYAecGkhGNaRaTo/hseIrDRJo0vFe0mtXZpMqx+8TglT8ueg7YANfEPxJ0y3s4YZrKGXcxaN3fjOOQPTI+lfpcp1fxnpWpeK/BWv2sL+HI/PvIZyBK7QAncgKMrDahKnhW6A9h8pfGG3i8Y6kGudShWW/gWQTyFcNKny4IGPmwoz3welc+KpaaG+FdpXPh+2WHyTJs/eA96XyzKrMAF/rTLtJoZPLkTlW2kL2prSssYTJB968R7nujcOi7M5B/nVSeMIoklGD7VLP8z4U/KeT9ajlYFAGB4rGSNqbsCypI3zdMcU5E28jPFVtoyOwarYkRARnkfrXnYlHp4YQoWIGTg9asRRncGXhqIWXcXxjNSIxDFsAqe9cjPQg1cuxAKWaTJFBfYfl+YVGpBxtqzsbHAHSuZm5CCrZ4x680oOOB19TSMmThevelKZAwKo0HgEj71TIxYbm57VApBHAwBV1WIHAxWUzQYrFeex7VIGZwFTjFMfOM+poHfFZco07FpBtAJ5pxyCKq7nyMcGpF3E8nmjlNuYtIxPy4NLkbuOeehoQY65JFABI3Hg9qkZIu0ZUYHHPtQd2MjFNGHBTjnrSoFVNinIFADWKYBA6VKrqykOMVVyx3AjGOmKdu49DQAgjVTgck8jNLs+b0xUSuyHcB708TkKSw+9QAoVfMwWyGpkiqo+YcU15Bjc3UcVW8xBNtILVXKK5b37lK5xxUMcZCABs45NN8xj8oGT1/CpcdUI4PJo5TKW43zCB1zmodzsjIOvapnUKPl5AqsjE98VRDY6Q/LyORVJnYnaOlWpPl5JyKqna3K9q2jsQLwEbeOM1WdxIPLBwtWGUspwvWqTuVGMVVNGMmNOBkCq8zYXI5alMhTOVqEZkXOOc1s1qYTYp3kDnBqE70zz1qRmBHBqEtgjvVEEeMkDPSlkAXAJ607cnTHWmsilg1BnNMaQEdVU53D8qY2/eDgNk4pxVtwYHFSAbuR17U0QR7Wz2Iphzg96mJKZPampGCM5PPUVZLI8bm3E8YqRYgXDg8il5/hOcVat1DjOMZNaQ1IZL5Yxkcn0qCI7NyqCc1caMqOPTrWxpun/aI03pyx6+grupo46lQl0bS57nM0cW9o/mx14HU19ZfDLwdpniKKRYLhrHUbBRdxKIsxymPB27sgLhgoPXr061n/DDwIltNHrN7IkkEDqrwYOZIpBgnP4k/gK+ho/CGoeHLW+1TwxbYtrJWcDeMeUBvlX5jkjAJ7+3NevhqGt2eFisSm3E9Y8G3s1/c2Gr2iwwWOqK0N4Co/dTr93nvwQR3wa62102w0OeTxB/aH9tNoiSQ3NszPDIyEllGSSQFIyvbArx/wCHLW+nfaLG7Mq2niEtPZorhlhmhXewO7p0wODXqRurvU9DfVvD9qUutT3JdBypBVSUyAcdwegr3IvQ8q5yk+k+EZADpkQspEcyeS0m8qhB+VdxBwOPyryzWL7UvDN1P4g0fVJP7N1L5ZBbykM0gzw4B5284qt4k07UvDOs/wBm+Kbcw3AUTRpxJmJicfcJGMqR+Brr/E2h+H49OttN8F2T6ra68GmVriMrJA2BtCvgDpgjn1qyjnfDDw+I9Au5be3eK5gb93I2QyueVI9QfWus1Wz8S+HNHt73WNWNxoeuw+UwifJilKlsMhHpuGVz3BwQKwPHOp+IL7wxpUl5drNalwk9uYgk8MsQ2rubALKwJ59etB077BZ28dtaC8+zxidWx95H5GfoKluwGr4evG0nRJ7fwZaG4kvm3TFuRhAVBAJ4I7emehqvcy3QmS5uTmXbsYA5KE/0rm/Dl5GNfus6kYLqNBJDCnCyrzuX04446nOe2a3bjUbLUrSZ7WI293ESZN5yDjv16Vm3calY4LXozdsmnX0aMR86s33+SeAfwrGm0u2lNrZyRm2eU7Y2xnkHrmpLvVhrSB5YVW6i/jTjdgnt171XT7fei3e+Lt5TZBYdBnvjmpLKlvpl9Pqc9tOhMkK7VcdwvXBquscTXQ+1KySx/cP+1716LcXo0rT3e8i3TIcKynu3SuQsrN5pJtVvJgkaHIUnqTzTpqQGxb6XMbsX9i/lJAgkePHUD72OxzmvY9P0O4sdKjuLu88/S76AXdokTkqsqjlCOit82CB3BHWuU0LW9KS2/tfUIEu7eH5Ps7Ns85DwVBHIIGcEdDzXc6PHrd1eP4e8MYstE1dvPtlvCMp8gkYFlDsB8vA5OMdSSa6aSMKzvoaMF7YXOgyX1zLFZuqKkttDy0uWAG7kFT6ZzTrGbXbm/jtY5Y7N4ABayM2xnUd85OeK5i7uFi0eTV7XSRI2lTNBqmWUsmDsyB0Zc9SOlc2NVsDc22lyTtdRgLc2sgHzIxzhDjqvtXRc5fZHsM2peGoXuNV1qw/tX7S62twqH7si9JMAgY+U85713HhxX1kyeH7fxAdMuGma4sNju7NZsDti37kJ25PUk4HTHTx7+0ZbmKx1vTNPSBLRmj1KGEKvmRlhgqjH5jtz3zn25rtoLvwvY6db29lBdQ69ZxNNpl7FjZIkxLp5uQCcZIAx0Jz1wFa5Ox5rcT3dtHcw6xoxRBO8ZmbJEbxtyemOopLXRNP8p9Tsb9rjUzuRrcL5isrHIAY8jge9dAp177Pe6t4nnZ9NuWcSLGw3iZyfnKY4zntWfpV7DHptxceHbeOydGCPK5BbYvR3z6/jW6KPDPFpsrvUbi7MbWV0mYJgf4Xjyp/LoKvWXha1a1tFv5mt4pdpeVB80m8ZHB6EfpUXi/yrx1voT5l3fmTzjg7d5OQ59M5rvvDN2Li70iLUdN+3LFhbyMgnaoUKZVx2DHd9eK4qq946VVtA9Q8D2i6cYE1PUFt7nRFkeyUKZGvIipwrKPu8H2rp9Vv7iXw3JdyaWdD0hna4Nxu80i4clc7CNwUk9MD61X0e00mzluZ9KjM2pIri2m3YQxk5CY/DnisLxZc6he2zwGRdSa98tLi1fP7lk+bKMpwAccjFdCpHA6jcjwXxlF5ttDP4auAigFrn5tokcDqMjuO1cLYW9rq6NPfqZJ5DhjnBwOn1rsvHFu73bTXcXkzBdgjVsj5R7etYtnpl1HpIisitrfyAyM0nVl9Ae3FZy7HXF2GaONO0ua4ttZnuZbNl/cJG24I+eS2TwMenWqep6lAGcarffalRc2hHzbj6HFdv4I1u8XTHubOxzFkR3z7+SR1K5xkd8c+nvXI+IrzwpNBcW1npQhsnmDx3QAWdHxhgOp2HnC5wOuOlYm8JJ7kNvpvhi8tLW/m1yMXbxM0lsQAYdp4ycnOe3Q+1cpexB2tzCVZYpd+6u4tfDnh2awXVnEgjuI2WME4IYHG4/wBB0rEt/DED+bGtzvTsDxUWNeazNvUIYLvQIJkAeVD36gGvPf7R1TTJStkwRJVO4HuDXZWOj3ltFNFdlXWJM5Rs8CudXTry/wBQ8uyiEwYbVU8YWlyInnZBp0LapOAqBmUE8c4Ar6Y0v4a3+iQ/2T4igsbG/uFjnsb3cG3I331MgGcjHCkDJPB5BryjwR4Qh1DVmim81FtlJk8ocgEgHJwQAPfivrrV9Kn8P6XpvhHxVoyIsCILa+LBpBAMKDlcjcvBIyOMfKOpcUclaTPJ10y3tlutN1K6nnupGjNtcwKqqrD7wbk8dOlZ/jDwZcWtpBcWsjMsihbj7RJkZHAdTjg+te/ax8I7Wx0iXWbfxPHcQrEzx+VHlZNozgsHOOhzivDta1LTr3w3cWN68m1sosjjOHUdjn3r0I7GdCrqeC6tqt4JI9NjnY/ZGHzAnnb2DZ5rSQGe0a9lVmYHMmM7tvrWHo5mv7yGFl53Ebj0z+Ven23hTXtQRp9DcW95bf6yGc4DqemDisqh1VDnL1NNvLWCSAEMDnzTkkL6EVVmEMsO6XLTplYZFyAPcgUusXFpbTPpU0bW08YKyFsBQ3pmr2izx2nlSLAb1CQpdcYAqYoSikdl4aMk8KHXZheXDZ4lG5VGPlZiep9z1q34q8Ty2/h+Wx+0PJLLIqRNCgCqD6NgYGMjHesT+w9WXZrvhlZZg02ySNjtjx1wTx7ce9dP4ls9U0WxjEup29ossQma3jIdkc8FSMc89x6V0pnNNXOj8EaPZ33gW11rVHKTQTMkTAgFnBJy31BxXkvi29t9Z8c/ZVc3W1kh8o8HCnD4x6nPNbvhzxDfXWmPo9xOHt1l82PsVf2H64rvfCHgqx1WG9mitln1G43vZzqAHEwUll3njG4Dj3ouLQ34vDXhzw9Z7tL1CKz0+5iCskJMk0UjAZd8gtwfqfpxXk2vW+uaVqzaZdTvdQyFZba5IKBxt4Zc9+cNycHjPevULgzWFwtmbiH7VDHtmhLDesicOD7jB6Vx97qLyTpNJK12iZCxt8wjDelbQdtROn1OU0PQpNSt2gudP8/fJnPP7zPTDDBzX0VqWjp4U8Lx6lbW8UD28UQmSX5juICkxkdGB7emT2rI8HaPY6GImkWeWB2EwEoKth+eOBx6cfjWr40lS98K6hdwuiQAhPKd8vzjBX8f0zWdTUiSuz5ruF1LW/Fc17eRb7c5lPGQQOASP516p4dmZNKbStOKvJNMZFHYAgA8+gxSeFtIeGe1bKxm7jwS/ICsNwGPT2rpfBumXOg6rcaRqyRxzXBZoHz8vlnnB9AccVgo6nTVqe4dboNvpS6XqFv4kv3SwQLuS1fDzSNn5cchsY7jg85Ayax7bSPDlnoKa02omfUDP5f9nzRkSLAc7Zdx4PQZxxzjjHNdoF0m7TGmeUkTMVYPuSQ54JHOPpWPqM2o6nFdl/n81Sklwoz5KZ/IYr0aMLHFyXKnivS9Ct1g1fw/LvtISpm8z76uD9zjgrnv71zuvahoOraoL+3s1ttyIGWPI2kEkPx1OD19qqtp1xLp/m6ZNDNb2LoGVjhJgTjJXvg9frVy5tYZ9dg0ma2geV2VTNHlfkIGRjocD7o9q0qMIJnQw2lrYyRT+b/osiq28nlgeeuMYOO1eq2vixhqVnqV5A6RzjMEETcFgfvbTivMdA1A2Oonwt4itzf2SrttdqjfG4b5CSDnGPrXp1y2mapexWmqOItSVfLgYAqqryQWxwcVxIdSB6/9mu7i9hinuY72CQh2kZPLaKMnlRjjjPeuJ8VeKdD8Nap9nhge9tnGyJUwSz+vBHHtXJ6YNVsNA1PQNQvft2nQuzDIDNJt7BzlguRnrXBX1pcw26SzqqIJF8tt/wA8QJ43D04rrgzCNM9L1bV7O2jWUTSBLoBps5UKG42c9eCa8pu5odR8Uyi2tfLdYlS3iYAZI/jI44I6Vdnunt0ja6Z9TiU/u0lOSzE5GepIqtqUeqraXV5b2MbXk6/62Jxut0JHBB4BHStLl+zL8NrqVxcXEOmqkOpwQmRZMKygqQAAx+UHPrVW51TXdcggtdRFsfs8REknA80dCOOD3rH0ma7sNEEcg/0ESb5pxk5DYDLn9eO9W7m309LaK7sVeUTTKkEa+uMkkEZ21DFyEcKRLZrIsCxyIxVIvbjkDqKxNfsrTwxqFteaiq6hZTSGW5hiIVvoDnv3rT1i90+0kmsmVjqDRqxlHSPHY/1riL/wxZ66YobbUFtbqZWaMSHCyMvJ+b3rOLsacpDrT+Gr+/XUNAeaxhmTc1rN83lOOysxPBqfQ9WsTpl82to63Mf+rkxgMp6YPsa5+3sryVFg1WFDEMxs8bZ6cf5NWorFY9lpakz2u8KQ5BIB689KcmPlN21t4L20kuL6JWik+TcnXirVvpl7AI7Sxl3Kp3JHIMbVPvU8+iR2d0kunb1tJlBdc8Ajvirg03xBqFz9u0hkRYQFDtxyvalcoZZxZvTDbfLMxw2Dgluc575rvd8MdikNzv8AtYkAYvyIkOByfTFUtYsXW5s/El9p4tLwKAViPy5IOXGPf1rRFle3Wn3OoaVOs8FvEz3PmfeKAZYA9MqK1toczZ3ug6BZXmtwWFkqx28o3TTFuGKgluP9r61r3ejXFrq80NpbFXJCQxsRsc8Dgnj9a8U0nVIooHmgf7TZr9+NiQdwA6Y96910S1jn0G21SS8knmnwY4S4by89OTz0Fc0k0wMLxH4RubSOOaOdYHuVJvBu+6TgkDt1z+hrOm0C5vrC21TTZSfIGxEB2oV6bya9UXTJJS+j3ttFcWsyZlYtuyG7AdiDz6jqK5Ge+n8Iy3Hh6ANNaMxESZx5UbEnAznIwfz565zrBuWhk5Mzz8OptOsYdTF0IJZTj9y+8s3f6gfpXSeHII9L/tb7UiXj2kPnSNKM5TaTwvfGDk+4HesRdeewvFnuYRFYsAgb7x3N3FUTcyvqDQTXH9oWboZFmBAZXYn5Me2aPqr6gqj6naPeWl1pIuLqQR21zg5Tog7AemOlcbrmhvplzYzXB+1aY8oeBlPJkHzAODxgjPFc/p9vJBa3ejyvM9lcyHz88bC2MEZ6ZwK04TPD9m0ma6MkMR+RZDny1P8AFjPUHij2fKapmpaz389vfppsCXLwDzJssB5cS8twcZ4zxXl3i+40LUGg1DRXMOlQjMtsF2q8xJy2OQetbPiPTztkudMuSnJWWVXIWTj7pIwOmfyrz9dC1TRR9n1djBZ3/wC9tUb5hIx5GDmska02UrvwjrNrdQafZ6pIT4gC+RA7fuYzIcYJP3euOnArmLPwjBpl7f2XikyLLpoy6xtuU9OjYPX9a9Ae08VeI7bytJcXEumqWQIyrJGF44PHXHrzWTppvZ5xcajNlQMTGQ/6wg9Dnr/SsbI1cpFnQvFEEFq72NrPBdQHZbNyw2HoSQOMV2kMtzePaXGrW+6JwT5pOFMvcZ71S03XdN0zzLC6RmW+ZkQoASiN2+ldGkK32j/2WYXuLW3mLRNgjJ59O/NVyohyGnUbvUreSbUhGt0/yKy9VUDC9ea8tuJ7zS9Qnt5NwYDKhskOD3Hr9a7y2EH9rFZ9PmaYj53CkgDjgdq059Fl120a9t7R3XT5GWBW4ZgR09cdKnYSlLofKPxK0LRfFuiSSRQpLcWjFyVXDKX5cjj1HNfA2sacmmXs9pEvzI+OOmO36Gv1W/4QDWdO1K8gmhMEzg3BVmBBRieARkZzng18R/HXwgtlrker6bAI4JogJwp6ShiM46DIwPw5r53NsApJyW57+Ax1rRZ85OkjfMAeSOD04oih6CUDzD6dKtWsLq3lySFtxPbkVpGw8tjIqAYGQT1r4utT5dD6BSKyw+SwXpkZz6U9xn5nfipltyXJZhhv50O8kULu6hsdsZrmkVzlGSLzNyAgHtxUtviFDujG8d/XFMt3ae4DAkMcHaR2qMq7XJTOQhJ4qGLnRns0Uwkcpgk44FVgSUz0A444qWWWSKSSNogvJIIPBFVzsGCBkntSkyy9FL5UgZ+mOvXityUwyrtjVUBA7etY9tBI6l2QbOgzWrKu+M/Z9oaMcBqyZZmw6fG4eOI5wfpxWFf6ekZZS+T13DpWp/al1JKVjRUcDDYrOurrzhsbBYnnBpAZscSRA55BHWpIyBt4AA65FSBSSc4GO1AJUfKmd1AH/9T1TxtpuveG/C/9leJtctbbX8AiS2G7EbMeEQ7SOP4sfQVleC9Hh8O6C2s674rSS3upPkCLl845P8RBz7HpzWTfSfCC68aRxaRrF3f6EY/3jXEZLiTBBAKKNy5xyAOuOa2RZaD4knFj4Z0Njo+lyeZK7MV8yIH5vlz8uRnvu7/LX7Fh5e6fldRLmMbQNVslv5tR1PxFdboLdg2zc8smSBsXdnBHGPTjp1HQaVrOmGwvLmw1u7n+zbSyyQsSVJ/iJGOPYke9Q6/r+q64I9E0TRrLQ9Mgm3yMgBYhfugKFUDn5jxzxyOc0Le/uI757C31WFBeDErbVAYKOAx5/nWoFTV7Ky1W5WTSmLzx/vQ5Rl2MOvGMcU6GCdZxp97qECS3KhWWWRYxkj0OD3rpW8ba5p2mzSxa5ZR3MQCLsWMyCNccdMD2yK8uuLPU9QjuNU8T3ttEdQYyrdSNlpFx8oU8ADsAOMdKXKB6JbaRqEk6aLJIIvKmWO5l3KY0jbrt98ZxWfe/2Jp+pQ6YLZNRj06UyB5kwLlGHOe2AcdRXFWN3qHilrePTokt7OzXY5LlTI/TgjjFWvFWsxaHo0fgOBJJtSsZd5uRg/JMC5Ud/wCICqAks/A91HLrWvafDbnTr0GRIMn92pYkRJwQcA98dK9V+G3hqw8J+Eb1ptAhm1DUHK752D4RV+U4OcYJPTHSuM0XW7Ww8JxaIkziVf3ruVOc7s8k8d66KbxLfz2VtduVi0xj5ashO55cdCfz6ZrCpCTC5H4P8Jx6I+sajqd1Z6Uk+ZDIwULEoLEgbsAAZ9e1XdKh8D38+qeIrv4h7T5YjmjSEvvGMKEAPzMewGfwHI8jv7fU9RsQbuzafSrS9DXD+YNzIWAwATnkHP5V2H/CP38c7WfhzQAmlXqo0YnkQyFio5+d89Rxmh09BuotjyXwjpHhvXtauPD2sQTzXFwC1oY9xIkBy2Qp7j1r0fUbC78L6xa6DFo01xZrHGixSMR5hfhecEjBPGR+lWrvxBr3g+y2ST2+jT2EoVdiq8pZwTyPmQjDen1qnqsVjfW0HiPxH4yu57vUlLgWrEtEUPy7uThR2CquD07kVEJvQ734l6f431bw+unx6LZabYWrRho0CrKqccjtycAYrB1fTPGVtbRahoF3YWMVwiiSLIznAKqQyEhh3CmuX8IReFLTSv7X1e61C9v1kJeEMQki5wpLYP1JJ69K7vQP+ESvHuodRs763hWUXKIgBYs3cluvAwK0F7Qln8c+JfDnhIafd31lYavI6LGWCn5QQXYbuDx7GuQvdK8UeLb4atrH2PUbSZMbgwVvk6ABAMcnvXJ3+s6P8QPEVtYjwrdXKadJIjiFnkLbyB/DjHIz1q34s0mbT7P7Jb+HdQ062gIRmdJGJGOD8wbsKPhMz0Iajr13rugm58OxSIpNsBGwKyFxsUuRwu3rzgZ5r0nXtI0a007VPAl2XE9o0U9vIqfKN2GJLYPQNjn6dq8W0a+8OeGA8WjPqL2c37wNPtLqcc7cbMEmu98CeL9S1u6l1F70XemXR8ieO4BMgjTO3qDyAf72CD69G4X1I5zDsND1PSZ7i2tpXNi6YMi8r8w5Umq2g+CrfxDbHXdVvW062tn/ANGwgbzmVvmLjsOMDnOfYc+i/ECe4urePwt4VsntsyruRGyGRujFvvAZA79PpiuLumXToPsNxK9sqH5YwNq76wnJ7IqDudc1lfa/odpBMqQabYCRLfDAhhvJY7cnliP0rm/7BhtbLbJq40fzmbaHjzv2D1JFctonimxW7bTbXzPtM8mxYOxbdyx6AV3el+D9V8ZeKNPhSX7fYQmVLiKSQr5BwSBzyQSB930rJ0+pqU5LS38P+Ef+Ei8Q6BbXwnfYk0RRZWXJAwQNy5INeGaDqvg/SvEY1K8+0aRc2Mu+MLGxJDgj7wBIwD/hXoeo6d4c+JzN4X8J6xJoOpaUszSK4kFtMIuFG8MMFTjn0JOD28Xm0LxV4mvF07RQupXMCKZm3ImXBwSCSMj6Zq4QT3Kie8+DND8WfEjXtV1Dw14zk26RieMXbNtYOeUAY7E6f3cY54xXSz6B8U/EeqDTo9Sj1COxYSbElHlKRxkqVUnuDxx+NX/EnixdI8PDTrzwOtpC1pEk5sX2KXA25DJEoJB5wffIxxWTaeJ/g5bLoGt3ltq+gz6ehknzEZDdSIq4Cnc4UlhkbQowcHHBGFTmWyNqO7NXxrb/ABMs7m08PafY2sdowEr/AGRY/wB9JwCX3YOVAHYE+/GOK8U+CkvLZb7xToIj1m1UfuVLJI6sQA2EOTwPU15Bq1xY6r4y1bxB4W8T3dut1cNMBI8kRw/zEKAR3yBXoXhvUvEXj/xc+u3WrfaLi2WMSTyER5jQ/cRVUDJGTgADOSTnrCfUupJWscn4a0rw69//AMJLe+fDPp9x50KREGMiJgyqdwOcY55Br0i/vdK8aavfauhFnbRRRt5By4BC4yTwO3pUXxT1/WdRv9PsNI8RaZI9lE8YgBQSliwzvzu+YgAYAA49a7N9d8T6Dax/DK/0zTG1iaKIz+TtDtHKCQr7cDJxwT1HTJOa64PmVzkOG1eLVdQutJ8C+H/GDxrqNtISuXSKOOIEhCAxyDjA6HgV6N4cXxZ4a0zTB4TvdO17W4y6ySl4xgMNpO0kHJBwev0rz610YWOrJqXibwsyxWm6JnZH8pwOgRhlTjqCCfrWz4dHw71+eK/ihvdFexuElmIl3gqHJChiG6AYwApoaA6ITXU1lZ+IfEWgSWFxZOBMYgQHAPyMVPQg9eef0FaGzXxPJJqOi+Ior6bTrxWns7xs/e7HdnquQCRg8gHINWPFmieNfEOrXOoeBNbjv7dFRo7MyLFK0J65jbCE9fmbbntiudHhOy+G+oTXXxJ8MF59WtZHt5I7hTJE6tkvtRtu7J53dOwOSKhMA8Vyw2Uf/CKT+Z4aguZwHuIMvGGKnAYAgYOemcDv0rsfAjXGm+DNXsPEFhb61drN5b3MJCSC2kUIq5VVbkqcY6ZJ561g+C7CGLS9Gub64XXNOv2mMtpdhCVePKqCfm3Dcu4ZGOO9eVfELxlqXhvUk1yHQpdCtboiEwZdIpSoJO0lVGccfKMcZ78qWqsOmuZ2PftE8Aw6YJ9V8OaxPZtbgeZDfEGJt+dvzYG0jns39ap+M9O8Uy6UsvjTQTeWluwUTwsCU3epTPXoCQBnHeuU0H4/+JPiZoUOg3ekJeyyOUcxAmV3jO4Hai9duCce5wOg9L0+30zSLlnOoXXh+K/iVn0+7VljMg/i3PwQCOCcc9+wcItLUdaHK7HnUt7D4fsLrw9purtaT5R4opcqfnAwu5gNvGPTNc2+i+L72OTS7/S01GSGRLwNIUKsecI2SAytkg855Naa6P4+8a31vrOu2Nvq9rM8tvHKkkcZKxMQCMlQRnIGD25wME8Dqt74aeUaZc6rfeHtUjnaJvMDmAZbaMMuCB0OScfhzWq0MY6HZ6fqvgbxf43uPtWi33h8z2qpEbZyY4ZE5JzsGVYH+6OcZ7tWp468c+NIvAc3he1tLPVLaZPLlljjLXBfdyRsON6gYBx25BresdS8U+EfCVtYvrNrrLvKw8yPDSJGBwmf4g3OSRkZx6Vp+DtA8E+JI7+4n0NtG1PT4JbxbmOZzDKUbOGifgDHHDd847VOiQWbZ87/AAy8NeFbW91KfxRr9/4L+023ltE0TJ5glPzby6naOmOO+RyK9A+G7anp93Df65olp4w8KH7QkMsoRpGBLDOCXK/MvTH49DXWeMP+E88caVdwanosHi/SWKsGtNizQLu6KE2PkHByAfXOM4j8KWHgLwxps3grSLy7sNSklSVYro/u3LnY2cjKlFU7s47Yzzin5mhR1nxX4XjsLDR/hXZzeHpLZXjlE7+Yl1K5H8O5lGDnsM59q8o8RyWUNmsOvacLXUJPlEtqqohY9zjA9Oxr1/xV4RPhXxTe2eq2yW1npKQu8wO5d8qq42nHJ+YDA/nXn+jW39p6neeM7ZINSi065QPp11hhIJAUViDkHA5x7dRilRmraEyjc4uCwbWdam1HxnCb21W2Lmdc5Xy8ddmOxNeq6p8RNI17StPsfCOpJdeZbp51k+xZVkt+B75br8vbrisTxh4r0my10weC1bSJtRlSCVZ0RLOFWwhxwcLk5Y4Pcj0rN8E/CPTvAniJta+LVtcabDpUuGaEs8cxkBC+W6ZBxweM9cHBBFSzoi7IsXl/ZXughbK7fSPEhlUR2758uVTxgNj3785GMc5Hv/gjTr/TPhxcx+K4LjRr9yQt7HGs0EsmSVLYBUjACkDnvnNea+Hvh/Ya7rmk6jrdvL4j0GZ5bhLizkKOERTsjYDaQ28LleucjqDjX8ffHO5s5FT4aOl14duGSOTSrqI+dG3Q4ByxDN9foOlOUXeyJk00UvDvgy705odS1acaeZt7Qzx7ZopgRhlOCNuP9r+debQnxf5moXHh0NHHbXE9iZkXdE4ByBuwcMQAcDnB6ivR9Y1X+zoI7LwwZl13ziW0a6U7RE4LBo2baFxwcbjnPsc2/Asdno2gXoCPDeStE0ukzyKu6b7rMjk4OF647AA44ovYzPOtEvdS8FX0niu/nNnqkilWyAViz8udrZBJHc9M/jXca7Jqen6vPqHi6xU3984Daiqk27s6Agb1AQkDHC+h7c1zWs+Bdd1/WpdWtr3y7aZyl1p1ycfZkYEoUcbhIp5O4Yx05HTJ8L+J9eitP+Ef0u4t7nT9IvCGsZlUk+TIcgZBO0kfnQxpHdWOjW/irxCl14rY6Q2jWhkW8hH7pjCRtYgjggE9D26V5SunL8R9budQiu99ppUqkOg3K5mb5Q2f7208mmfE7xzqS6lpugaGrbpmnkmtRgK0b/dTzCBkHDjAOPaue8L+I/CsdlLoVijQz6uQLuyYNsfyixUCTbgHqeDQapHp+tnRr3xVpngPwurCC03JdgsrpJIo3EqxLMCvzAgbRnjHovjPwjevaaP4eit0sm1KYxoMqgcJjG/uOcHkcnpnuzwt4P8ADehaVB8Q7h5Ps8dzmK1yN8UkbkKMn74JXjpgdTnmtTxBrOpa5ruhvPZ+dJdzqyPxtdBgdAPlZBis7ESqWPN/FGnv4Gv38LRyiRtPVCsyfKGZlDEjuDkn8a6HwdZweKWsrLxXE19C3nvYzROwlgn67mx15XjdnnHGK3fEdloN3p/iNteSSPVNOWJbdCMiROWOfTAPr3/CvOLE6v4L8NxeMdIP2eW4d44pSFkDHJG0o+R2I6dqcdTSErnoPw+ttU1LUrWJDDFqniGXbPLtUxMbfdtVlGAPlGOAOTzXL+LNUu4dc8Sfa7H+y7sPFb/Y1+aJXgwpI4UHcBuBAGc9+te2+AYLnwF8PtD8W2mn/wBpX+voJLqzLjD4Jlt5UbDbWAYEgZPOCAwzXl8um3/iC8fxN4lm8+xvpZpboE7JbWcMfkIJJxzhfTpjGM4OOtjRaHjY0Pw9rGtafHr8bhr2dIj5fyyNuOOMdyeK9Zn034VaHd2+iK128cdyrGRwyhYwRuU/xYwOw3fTivL4dL8S3F7pt1YNDcbGLJJnDRyRHKnPsRkH869m0/VPiJcx6t4p8WJZanJCirDbyRw7JXyo3BVwRsRenGc4GTXo017qRyVdWT+MdJ+CXyXHhfXb2ynVnSQASsu0/ezvXIXjGMnr6CvHtW8E+FPFmzxFH4sayuo5vshthAZUYRgbW370xkHtkH1617fHresWfh691m8+HGnahdzCJoJrZER4Q3BLRZkkcHIJAwQAfcjzG2m0fR9H8QXXiHwpcWd1cFZ7RB5kaW5JJOI325R+FB52gcDJBqlGxNzoL3wDpNrolnomjeNzDqiuC8ca7Fl3kKABuDKo6nJIPtXoeoXmu/C7wL/ZnibxIpuI932Ro5GaQoVXagBAbg7hnHAI5wBjirTxd8LdQ1L+0dW8J3whuLWJnCyOpSQDGR+8UFDkfMcfTnibVfDXww+IlzJ/YMd3oNzPFhIJMyAMg++SSwYN3AccenWs5QsJI7L4U3fxR1Oz1nxf4a1C2kuJ4UkgS7w4uRGxU+WTgqQMnBxu554rbs9Zv/G2n6jJ8RvCsV1Dr6RuHtsQuz2+7aCdzE7mC/eZQCOeM4+co9A+HsHiLS7K38YXNnplv5Zu5PJYx+YmSSPLwpQnjocA5ya9Q8e+B9W0/wAO6vL4A8Vq9zZTo0aJc+X5kTjkriQgYycdjjqM1ny66jSPL9P8VeBPEHjaPxLq/heSzSGEW+yCX/VsoZd7IAisQp2kcEYzkmqPjTQvhjqCQNp2s3Ud5Z3K/apHgdont5ejBNo2svTPfPT06rXG1nRPh/rFnKYrvznimid/mkSZnUM4PHUcHOeM9MnPE6bcX1x4W1C/1LQrbUZrdEMgQ4kcMcIxCgl8dcZ7UjUr6lH4YsPB0ui+GfFV0s811vntf3iWU0bYBOP4SgAOctuxjFdHYaXpS6Dq+gjxQthDqSxzaWrkzQSTKpDbmUFUJxtzwMetZ3gy38J+MHjGp+FJfNut8Y+x+am0xqTxEPlJIHJ655wa5DR/E3hmz8UabDrOkyfYbCeSKSE9SBkKWQ45UgZXPJGKLFRk1se3/BzwT4k0OSTULq6ga5VCJJJZQ6BGYEKpycglfUVF4xtfGuveI1fWNKi12xnimhjhjbYkUQJLBZATsJznLct06jjxzW7vwjYT3sOkW11cWdkyhr0kKZA/IzG2OnTgCvQ9I1rwp4asv7Q0zxfLLa3yvHGhik2KP4v3ZGVPPXCk+pxVSjYHq7nN2Y0BdbsfA+rLPpejWQkAvUQySnehYZCocqZMLkDjmk1LVNRs4ofCXhy4OqW80pDW+FBkx3yeRnGcZr6B+DFvrfw+fW/En9u6brXhe8to9v2iTdKzEkxkDBZTGWYMCQD6Aj5fO/DPhbTvFPjPUr3xtaXSm+BlgvrHcBFNGwKtiNWXBUHPy5Bx0ySMXOzsXynGSac3gb4Uav4WnSY6t4olSdbKZDG9qbdichiPnyFXjg8968cudTt9RexvryXy1VCN8i7vK454r6EtNH8R/E7X7SW71E38WgMAYjsSVYyxI5ABbcU5JJPvk18yePvsOo3esaho5a3tGuWOw9SrHHQ9CSM498dq557mlND4Lbw4dWu9V1nW5J4oVVrWCFMrcMoztOMqAcYx8vXk8Vq399CdAm8Q6LoKaUizLuuvMyCQeNqELzk9QNucjHp402n640MRtmht1zn5nwfqeMD866zVfE8NrYLoeoTS3ksyhJFTPkq3qoJAzn0FCZtKFjs/Dc1lcWd1r3jS6e6t5F8uKCNtpds9RjAB616P4H0W6tdMfUNL0hY4btWWK9mZTJjOOQTkDI7YBx3rw6x0651GO20vw1DJJKg/eLPgDLfxHJGAK9EuINY8W6lHpfxC8QLo0VtG21UQvAm3BVdqsAMj+IkntycChsybsyf4mQaW+lR6Rf6kH1KGVTDCDn5nHOQOcY7njPvxXCaldWMWqRPotp/ZOkrHtIdy7mQDlslmx1xjPbPfA5G80/VBdwS6db7TanfHcPhQxU5BwRz9DS3MF3fW1zqF3IZZFy4B43MeuAOBzUQZ0Ro36nrmhXnhnT7C58SaPZzavfwwSeW823yEYqV3beCxz2I6ZxjrUFhp2u+HfDeny6n4mj8PR6jIEECEqTAcElijDJUEnaeOfvAmud0DwpqVt4atzJ4hXTHv5o91ogyRC4yJCdwJP+wB+PYM1TTvC1hPDbySNqbWynzJQCqSyHuVOehz7fWtznnTsd7O/hG9vLDQQ8+rm3Jaa/nzGsiv3wWJCg8D+ZqPWpLfwbcy6JczRG3RhuhiILBJQGCgk55B59815imoyW5bUtQu1S2kQx8YOPQVhtZWlnpCeJLq6e/vZmMaQqm2NUyed2MFh/Xpxkp2GlY9j0DVrHTNI8Q6TpUEkqamIW8yRgDCsbFsYAOcgkdR+Neh+GtKgbwxYNoGqi3umeSS4hY4wGIGRhc5BHc9CCMd/NfAfhvQ9P8ADUV7431O6s7vVGLR2oB+aFMEFjtcg/N3x1AxxXXXtsthaRWlpaMvmx+bBcFstJEf4SBjHOOvNMiUrnp3iXWPGnizQhNemO81nSSsVrIUhQ7VYFiuAq8rn0yaZYax8VtH8MtBbxL9rnDeY4EW+ON8jYQTsfcO4HFcVr7eHrfSfD9nDPcWt+skBvIwWKbCvzv1PzdsA/hXea9J8NfFfim2m8L6vPPZ2yI1xGFcNHFGwzsaQDJyemTz3rdGLYmsaD8Vooo/C+i6QkNtPb2z3cMCRKGmX5i23CspGBkKoyABz0rl/GWheP8AQ5LWy8PeHLaNtXglRkgTd5o4GCnDKy56d/Tjjp/El7b3PjTVPHfhbxZd3cyiKPPltBJsKCNlB+UEAgnhO2TzzXb/AA50/T/E1xPq2oeLk0/WbCdZs3LgF4guS292HPBBweAOmDUVo6XHCRyY8EfEv/hVmm3jaVa6brekIYZMYhupYWc7QdwCH5CrDcwIIIAzmuOs/D3jbwZaTQa89rpK32S32lgMkryySIcbwO2fwr25YPBHinxLqE8XiC4FtdIZBJKjyOsgIH7s4+7j5lyBgDGK838Zaj4I8Q61YaWdTubqTSi1u7Mpa3YJkBiD825iMEgcg89K54QkbuaR3WsaRf8Agj4MXetavrswuPFUsEtrOr+aWfZuCyZJbBVSCex29cceD6BoFr4OsrLxjbaxHMl1bgTWtvKwuA0hGV2grnGeQSMY49a6Cefw9Zx6Z4JQSalbw3UVxeTJHs6sV2gMT0Vsc8dOeorY+InjPwfpOoaRp/hDw3tk0yaO6aQqEfcjBtmV3bgcDkk4zx3raCsTfU5aC0+HUOk6d4ltPOk1Rbh7Wa0likCAlnZZfMIZAyps4VjnPQEE1F48/s208FWa3EGTe3S+U4BB3/NnbjqcAjHvXZ6vN4iuL+51H+y/s3hzV3F3JDI8blncA5XA3LtAXjgADHFcr4u1zW5rez8LabsOnvKsgRowwjZfuuWxkbS3GTis2amN4Yu7DTdRn1iWBoDpSJ5ULnDMWB6hvX+or3nwNd6jH4a17xhoOjtaeIIybqElSwMEoVidjlQyMA7ZAJwcjpmvi1td1q/mbQrtxLftceS0u7vu2jJP8I9fSvsvxx4uubbwh4S8J+E/EKvd2VqthdW4bZLEWiXcSy4JRip6Z4/KmkRKFjmYr3xJZ6D4l8TwWNvpV8DAbdNrQ/PI53GHc3LL95RntwK6q0bxQ2iJN491tbPTvE+nrI1w0aN5cowYwRGASP8AEDtXmvjbVfD/AIhl0/T38Q3cMduIEvLPYWjEiZDspGASc5BI7jNV7m98GeHLFNJubWfU57KaO4imU7QYtwLROjkDGBycd8dq6GjnuV7dh4Ks769h10/a9QtmAWJ8qGAPGec8nGcAjtXjGhp50yzOVePzN3kvyjP9K+ovF2h6LqPie1mt/Dl02mE5msuRt8zClo2RidgPzYLAA8ZAPHhusW2l6T4+1bw6LRrJUby7JRyEeTaYc8nIZWHX8ec1xPc6Ys7iSfw9pdtp8/huL7LeTIr3YPyrFIQAQvtnPTtjvkDX0Ux+I9V1vRtBje1kniInaPM+/gkyHOMD5iPr6ZFef3WjeH5ILexvJ1XUorhTdzbmLiJ+GVUzg7c54GRjHtXqHgNfE9vdldMuRd6ZoELGNARDLNA+XdQCBuBI/i6HGOcU4LsZz7G14LNpaxfb9Ab/AEi1iaRJJpfKEkY+8OOMd+lcdaXHiXWrzVfEWjXy3+qy43WixbgnIX5WLYGF/wDr5rbg0JfGGg6heTtB4f0OyTMTyDzMPkfLnK9T369gDT9U8K67ovw0stQ+H1m8F5eN5erXEs6o5O07DGCwwDk4IAOCP4ua3voKMbGJ4ilsrjwXpWoePbF9fgE8iWzm6eGSBnQ7lOwDK7kbHJ4wOABTfFmt+M7f4P6f4G1k+R4ejctZ3ESbllDAsImdupUk/dxxwScVi6lpcGnRQr4dtv7Xl1IlI1Ub5LVlHOSASwPJ7YwTVnxFPd3/AMObfQdZvHVtCk3W9ugXazSOdwOF3HaGbGTx+lcl9TeO5zludXv/AAdBoOmQSLcJHsmk3BD5ZOVPJGQ6msXxz4R0Pwd4Li1CC8W+1K9aFgi8tDx+9D7SQcEAY49R7fR/jLUE8c/D7RpdEs4fDlzpcSLqAuZXSeZtv7so5VQyuN0mBye3TFTeIJ9J1bwxdf8ACChJpr2KJb2LySFidF6oWCgtknJ+b+91q+Ycp2PNPEHifWdV8AWdp4/ibS71FV7couBdBVwrBRwMKcNggDOR/dpxsjZ+HrTU/DNpcaRIqCK8JlkjkkBUFiQSAVJ54wD6cVmfEy3upvA2iatqjNLNpLfYyo7xupK8AcFdoXPcde1a3xluZde8L6Zf21kmgX0mZJbV3LT7nXoNqgFcDvg8DvkU0zDzPIfGMEMGl3QjkS9h2K0aLJu8uQ8Z9sHt6VlabpU+u+D21jW9UGivZB441ZDi6EaAoVII4P3cgNyCfXHpurTQ+GtLD+FFXVbPWLVEl8y3fYkpB3LhsE7DyDjHPfFYus6bp1l4Mt9I117h9TMgW3CFfJCfLkNkZIUZA57jAwOLUjqUtDtvBJ8Var8JYNE8Fq98/wBokF8XC4UMOimTB6bTweMnNea+Pz4t028tLTxq7LNDCn2eMsjRiPJwQIzt6ggk/NwM12c+o2M+lPpOllPDBfy/MmM7Rhx0Yfw7hjOPXiqeuyaN4d0n+zxLB4te9VTDdFCVgRMHaN+45yOmR3pTZmb0Hi/xXcWGkR+DbAaXpI2pIC6S7izYLZcbkwcnj/CuC+KmuWseq6Xb+K9O+3XDrmM/aGCgF8biOep6/wD6qzPG8c+qSrrDxroFuiIFgAKCRyDyBheWHb2+prpNU1qTR/BkegWZj1fTdRCSyStDiSFdyvtRjyPmHJOe447I0aPUNcutHvPA2geKdRntvDV0HlghtIbZgLjZtGSeBjbtOTnPOK6DxYJ/DHh/TL/RYnj0e+wZJJWGVYnBUjO5SO/HXjsa8b1nRp9D8Kww/Emwml2E/YdlyHaNmjyF2o2OB6kgdMVW8QnUfE/h7Sda1C9i006bdBvLuMo1ym0MxB/iLY7dcGlcw5DoPiQdI0nxDoYsbqLXrgTgi5XLeTKGTaQ2WDYBB4PQYrnvFF7Y6P4gTVvFSS3mu3ONkJWNoWTBRdyjjAxjAGa5zx895bWeiazozSro19I580AYEiNtIHcY2tjsa5S9thpFyrvKL5pJfNaRvmwQc5zz35HrWE5HZSiey694ZjsxC163ma3qjI1tbQrtFu0hwkZDFVHJx7Ed+p+dda1rXtA8QJa60jI9rOYriNwDtJPPTjpyCODxXrlp4o1S08W2cmtxvqlzqSedbu7g7HzlJeM/KuPugDA9K4XxnHJbavqs2tEXlzdz+dJLnOF4Kgem0YGO2MVz3NYQR32ny2+j6Nda1FdzyzOgAhjVlQFyFDGTHBGfb8a5TTdJ0+4sLyCz02aPW1KyKXYhGRyM8E9CAecDnvjOb2ja8l3pcdhA/wBkt58ruA3gAjBGK5lPHdz4d8YXEWuyvdx2cfkkxpnKHBDfXp1qlInls7Mo+Il1fwtbyw6jZ/2fcuyoykqzDcN2eMjBFcJ4jt9T8a6MNLt7S3+1wEy27ltr5UHcoLHA3D19BXX6hrMXivXLq7uLW61i080yM8aMWMQIznAyu0EAdB7jrWpoOh+HbbVftojvLjTrU7iy5BZWHCnAUjB9CM45rGtPSx1UklqfDt+Z7SeS3vo2iuEYowI5DCstSWO+X5gOvvXqHxUsbSLxNdrp/mfZWkd4TLgvtOD82ABXmDqYtuOQ1eNUp6npc1yGQI8heEEA8UmTGp3fPmp42Ubg3UniosFnAJwO9YtG0CLJbBPan+WrEbuag3BZHKcHODmn7ywGeD7V5+JR6WFZazgYQ4A65qdXV8KPyqjhW+85q1Hy3BwBXCz0obltQckKfwqQSP0OBg0wKR9w8HqRVgRZUkN+dcx0plZpTu2AZyeoq4wGBt5z2qvsbd97kVbWQMQOmKLlXGFcDkYxRGRu+bqadM3OCM+pquqgSgjkYqJmikaOwOQSeQKYUIIYde9RB8PknC98Vck8rGVPFRYpMj8xSwB7etOYo3fBqm/zyfSriAMP7woKTJkkZSCD9RUzcsM/xVSY9aljckBTyRRY05h7gfdB5HamLIiYH8LdvSi427lI61CcjgAH0osFy03y4GetOG1m2Dp61X3GYAHqo6dqiDqBkdaixZfePahUZ571VjR9mxcH1NSJOxGASc03cMneRRYCEBkJV+poZcEEEAmkdizccigIsgOeCOlWZjZGAIPel3luvANNkiG5Tk/NSEgNgHIWgiQ44wATxiq5GRhe1TJj7x71GFwWyetBmyBQduGPFNKheSce1PLBnK9lqKXG0Nj5q1jsZtkcsmF284PpVXLjBYVL5px8y1VZyTzW1OJnKRFcyFQUHJFVfnVMt8tTu4LlgeT2qCQLIoY960OeRGPmwc8ZqVtijCcketRhfL+6PegsOS3BNMQoL4JbAoA9yacF3DDU8phsdARQAhRVbIJOR0phyhyOh4p7KQuM9KjPQZ4rRIw6Ddoycnj3pxUldoOATTZOQGxkGnqMKCOh9auxLDbzxyKtW6EsR/Kqalt3PStCBZM8A46itqMNTnqzLUcSTOI3z9PWvoH4beCDqDrJrYaDTdr4lTDYlXGFI69Cf0rzDw5pC6jfRqqFiFLk9lC4yT7c19h+EPAl1aaNbahZO91DqUauQq/IpUdO+SCSP6V7mEoKTPDxuISVrnd6B4c1O08Pz+JfBiQ3FhDi2mE4G6JsgKUXIBByCeCOeRXfL4gXW/D+l6fq8039o2syW15DbgKZ7dhgleMMSMDGfvZ4xVDwbp8ewaL/AGitot7ndBggZQEgkAgZ45P510jz2D+ILOa00a30zy3+xzBMtG8kb4Dqx6MDjByTjBNfQRpo8By942brwnc2twsfhK2N1Y2eJLeWbZ5sb9WHUccZPA64rQv9Q0J70W2oayJG1K1NkIfJkUw3EpXaQANpwcgnd2rmL432i3V9qstyk0VmwaW2807pF+9gL0BYd/xqDTrKw+IUV/8A8I1p01tq2wXdoZZcqDCUBVSWHXnHHfNP2YF2KabSdbtp47B9VuPDaNCZTkmW1lLHayfM21d+BjIA68cVz9xo3jOTxPc2vg6ZNO0xYRc2tu1xvjTO1XjUuGO7cSeQBjv6bfgnVviI0Wo+KGvQumWAEV8XWIHygu4jaULHAznHrxWBoujeGNb0PWYotSZ9XguZbuGQxOFe2K8IeyruPJPI7DHFXYcVY5+7Ph/VvEstndzzTAoyhegFyGII+mPrWdqninVtAsYI7o+RCp+zhmQ9FBAwe/A64rtPDltJL4S1ey1HR4cA+dFM7fvY2cAF42HHy7QcZFefeNNOvrSHTtJ1dhrn2hfNhSHmRVz0IC5JPI79KRZyWnaRNJqVvqmkK80ct0qB1BKL8wY9Ogwea6zxbrFvqV9cpqkirqERWIBOBhemevauITVLnSLjzvBkX2a1cr5tozFl3Dg/e5zgda6HUjo3iK1fWI4tmowpl4c9W7Bs9Rg8VgzUytb8Oan4W1GxuZmDC4CvC0XIJ44I9eRSarf3UX+h3YaEuAxL9TV+G+1PXltra/yj6Un7sDjaMgDHqOBVm+to9SllGsKYLiAAxSH7pUjIBpBY5u9Oq6/aSpd4AhXdvXjOO5HqKq6yIDpUTRSFZwqxlc8txyT9a2YpLiWJdORlV5jj6r3BqO106B9bgt3hE9tGf3rOdqLn+In0BqqYjp/DNvq95Zaf4WutNKqZU+zXLxtGRtI38kfMAOuP1OK+ltQ0eGW9OmRz/wCmBBLbbI/MCyH174rzOzh1L+xW1T+145n0yUk26uDIoIyHBxk5GcZGMA854rc8C+IHudY/s7UJxYPeg/ZbuTgfKNxTc3HzY+X34zyMdSRyyepNKl5qbf21JMYNHuYTp9/BFJtYyLuDF0AxtPYmua0P4e2gju9M0uRDcCUPb3E/31VcEKCoOAcZ4HNWbi6g8J+JrrUbSeLVLR93nx42or+vzZ5z3HXNeg6Br4v/AA7dWniV1s9T01XurYRozeZHtJ2krx1OOa0RzGf4Q0LSdGsJdT1GRNbe5IS4tS7xyWrZPzZUncCB3AFdZJ4Umi059O8SXi6HCvmSadLKhkEwTOY96tlRhlxkfQE4FWtK0mTWrWO88BsbCXWInjvDNIhVJASrAE52g8kdDg9s1yfie61nwzqVvpd/LPr15p0aT+WXeeIKWwyjg4Hy4OB0xmtoxsQ9TlvEFrMtpFpPhlHn1G6O5zNzEVGeQepORmvP/Euux+IllvfENwNO1iFWhFtChRdyZ4PXO4k9TXr/AIk1i+8XXFrq1ncx6GgjVGhtziRD6Z4OefavIvGmi6dOWSCAreFx/pEjE7+vJycZbg8jNKUjeMTg4LosYrC9n+yxzHHnsP3YKjIGeOTgD8a+jdDjZ/D+j67pUSuumILS9WMfvZdm35wAMNuU5OSME+1eNWmmQ3f/ABKNet8bGVkz03HjO4GvWPBuh+KdM1KTXfCqC8uNLGy6t0I8t7Y4ywyQcg4GQCQefXKggnseu2fw2j1I6pa6nqX9n6S7K9lKkfnb2kJJQYOVKAYOV5PSsXXPBdjHb27+D0exRXW0v3LsSXXgSGNm6dc4x9OuOy8P6/ZfZEsHlbVLi/mZowr+X9nklJ28DI+Vj0yPwrm/iH8QbWWGY+JpEtNdtI3huI0RgWI4R9y5U545Bx6DGKbjLoc8HZnzn4mS3tfEsmkwWxlntCFllXLCQrxuA+v1rm7q20TUEkl1iZ4L+zLPZhUJVu5VsA9SuOopbLX71dZiutTdpizcEqP9WSecAfj3qtO8d3LqOnzqVtrt5JIbxQf3THBxjtjPTisGjrNTT/H4hswlzcRyXURKLFx8yKOCf5V59qV9DdCa7lsYTbysVWMciMnpt49axY9MgiuJdCSJbvVHfMVwrEIYxzuxxxit+bwzqmj2kdxHLDJMCGdAc7c9unWs6hoa76NrVu/9kAh44oBcFd2AoJ6D3rIvWuIj9lyHQ7SQh3Nz2P0o1G01qLVXukvPtVrNGJDID/FnlD7CrNhDZrN9sRWLMACAOg7kVIGDctcxk/ZT8pHzCvSvAtlomtWZnitTb6hp6BDIZG2yFs4YgnA6HOABXnF00ltJcxv8zvIzp9D2r1/w5/aWj6JcJ/ZjNa5+0MY/mILBVJbGeM4GfpVNCqysemaP4gt9b1e1n8XTmyWeMW93PaRjeQoO1ip3Z5IzwcDoMACuosX8N+GVurWVLnxZZeYQk3lvGgibAQYJLRtnvxnsBWZomuvb+GoDL4StbzS5ZAxnmCu6SOdpIHXjb6e2cV69aldStotc1CSHT9JRRbzC0UhkU5VCEAYg5I5xgD2rop0bas45VW+h4v4p8XX+h6dfeHY4xpunXr/aYI5eZNrfKyhzjOAuBXmeu+LV8QrDpWuW5SG3hxGxHDsRj+H2rY+Kt3pmma5JaXlhNrDWMakXLM6RyQyfMjbSDjG7FeF2+s3M8yyQYeBTjyjztQnhcn2rpb0JorU2fDqQ3OofZWmjtlJxEScLu7DPua6DWr3xLorW0gkMTl9nn53YHsa5HU4bRNAlsry1ls55X8yCUKVZuQSrE447fl6c6stzrFposHh7U9OfzYNskcsnHykcZ6hjjjOfryDXLM7ZMjmiu5tcd7mNbwTcpKfmUbQTz7+9UPCllql/r13p32gRRiRWOW+VFcnBC9wK9CsrPT7WzlvNJuhd30Kg+TgLGoP3gw65/GmeBLPRbfxLFfaxp82oXbOQLeNtiYIzuyOSR9a0jEylUsel3sOlWuoLHLcXFxaRYae3tctCWHAZsEAdOa5240//AITDxHZaZZ2FvZR3cqx25dtx5GPmxkHjpXYXXijxd4d1jV9a0iVNO0O/XbOFSN2CjKrlWVv73O2vGbXXIvD2rW+s2g+0QpMrwzkEMrDkY6Ad8ZFVYy9odLZ+HfK1a78LW9mTfWtxIpCkDEiMVYBj/DxXvGlweFtM0OHQJree8uLwCRbSLKi3ugvIMhIyueOC3FUPCbab4sgt7aS7/wBK1WR7tHyAwnOWAboMseOvU16/Hba1FqsRuLxIWSJo5rOGMOxxnc3mZPY549KaRhVqHzJqNq39qvbpoqWd7C52uZMjkdDnjBHTGa7Tw6NautPez1Oaz0+3XJjdV+ZTnlWycAZ6c5qwPA9pbXsr6o93eRMHUrMxCsD91gwH3h/kVGtjpGnxm1sbVneM/vvMYyK4J4OOgOeuAKrlZUap2Fnqeuz2/wBj1GSHXbW1hLQuxEMqYAG0HncMDvk+/QV8w6vfaleEx2X75AxZ1A3EY749B9K9CfVWsrl7eRD5I5BH8FVvD08WnyXctvGGuZGwGxkAHkj6VblYuEmjonsNTsrXTrywmOo2ojVxKsRXOOoKk5H416hbW0Pi7QP7SSCKxktwFXecvJIOvUZHpXNxXT6zYLGL5tN2EK5wG3k8YUZHHfNdHYPa6fogXyl1iaYtGArmJoPlxvYAEk55wcVmxNnS3+l23h2xS+mvmtL68VC27bJFEvAYDjhc+teCeI9U0/RBJZwSiG2iLec8bbluSP7o75OenBr2e4Ro7W2FtGt5bQSq115hIZk7xKeeSO4rxn4v6Tp91YWWreGbZrexeRFjhkbcyyDIYnk/L8vcnr+A6qZkt0jxu8sLJ7F5LaY+RMwC4GSiueuPauz8PaTFp2pQXUUn9qSogIHcnHDdO1eX6hquvQ6i2lzQov2jbtC9MdPvV694buLnw/eRiOIxXMq7dxHC9+prnq1dbHpbQOy0++tW1uexk0/beXAAMznAjHchuRXfx22l2xnSOYR2MMYLTyEMCRjIGccc1yEerwX1qNKjiUtKS5uNuHGBjb9Oe1egW/gHUdV8MXF60bquEeJI2BJ77mXnjuQalM86cii/2uwtF1CFd8JYBUg5bB/vIPWuO1u5k+0RXFvCJAzZnW4X7+DnG36V1souLK7aG5nW4lBXzTjbgY6DH+FbOt20721nrUNoUgGUVlIIBPO4gYOOOtaxkKMzxyJpIr2N445DdXDjyoB8wiA/iYdh9a53UdOvbXU7y6hmkVHaRbq5iZVBGNxXYev5dq9futNt5rSPXdOnheVZFW9uY5Bvgib725M84/Oq3i/SLHxQser6Tej+wbMiNpQpjMk6jcdytg4II5rRMvmPJtKa3ijbSrrzBY3CkRHazec5wAMAcMf51ka9JBpFzpn9mXssF6sgWTzeBEhGOeOBz37V2MGmTq0d5NLsmtJI5EiO04wQRIpPv2qx460F7tp3uJYrmRovMNxgDLYxhtoxxjnFaIXMcq8rvey2Qv1kiucvJI2Cm49Np9D9ayNTupZLuK71DTYzbKPLjkhb5Ux6D1NcW1tcpD+8DPEg+6BuIwe2B0rWm1O00zw3DNbOZlebDpyp5Hb3ArnnKxtyoVI4Yb15NNZnAHEbnII6nNU/tpluUHCCTIwvT3HNUrHUUkuby5RdmYv3a9cr3z15rJbUYYLu2aMGMMwPpyOvalGVx8h9G+CLNdfQ6XG6CaFAGD8PjPYfTpXY6rYWum2TLBAI/L+VkUbG92Pqc1yvhRo91p4mtIll+UOXU43Dup9+xrtdT11lt75721ZL67w0QxlRBgbWBPftTUGncylG5yD6neXE6ROXkAwk3GcRscHHGOAa5y7s7uDT9QTQ7sy2G9HaNuHfIAIAA5xXQ3Vnc6feSW9rNHNp80Ku0rHJUsCGUYPY0kAU2Muo2si+fYtGqQt1lR/4se1dKqGHsjjvDYn0fWw11IrxXCE/Z24fcehIxXvfg/UNGtNPm1CCwM9yrsJkLYUIO+f/AK1eX6vqi2moLDcRKPPiV0kKj5T3QGuq8M3FjDpt08kiQ20wIEgf77j+A+n5U07/ABCqo6YeMI2vZ7WytTFbH5o0dtx39OD3ppvdS1cXlhcZLzKVkfbl48jHJxwKwZIQJIvLZbW4kGYEIyD3z3qK5u4YYUTT9Vl81h/pW3KbnHODjGRWvu/ZMjHfStTv7m30mGKS4dAwjT7xTHXrmujh0yz0SxVJLhoJvukPkjzRx0wTjNV9J8SailpLqml7obuKUxvJwSEODnkd810lwr+J9RE9xaefJNbBDs5YkZJcD1xWFSt7xooHM3Pja2nvre11b91doRHIzYEcrjhTkcHtVy8RraSWxZf9PuST5gJAROvBHbHSs06TpOuW97NDJDFcaaAscUxVZJSOuO5PWrlpJPdWLSNNhbQATMeSo9B9AKxqVLmqiRarYatc6BEUnhg060kDHnLM4HUrjPc8jv8AhVHxodbs7O08OfETTY/Nlt45dHuYcd12x5fOCvQN34+YHIYa9sdMv1Y3LNJBGWQIhIO7HU4rO1/SNb1GztdGuLp7yG3jLWs7ncsMZ4MYPqMD5f0FYxbRaVin4QurvQx5FpaJIWmX7ZNnJWPjIB/Wusfw1pf/AAkFvfQQxxWTkPBFL9yWQ4IUD074rzhdLvNK0+SG2Jji6ysxOJSOOM+w4FejWd1JrOk6ZezFJH084hjzjaycAn1OBxRYiZpT2dhd+fu0+3ttXjJZwigYTt0+oqHVra6n0L7Votwtu8HBgk4LSD0PvUSzXVteSXsdnHdvdoVn3k7tnXIPbGKxdat9T1ezj1DTv9Ct4vkRQfmMgPJz9KOVkxZytlf65Z3D219cypO7AvzwBjPpz+FUbXx8keqyWck0iANtQAEbznr+GK7PS9F/tCV7fWdVypG4SbQrg8ZX9KxLrwX4W1LxEt7a6uYWUBEQqP3jjjOeOTQnY6oVFY1dYuLmG8c3E32x5kDs54aMHop9hXm3jzwXp2ueGpbm4jV7eUMGRP8AWMrfKSD2xXb6ppl1ZSXktvfNcmIFbrcPmRSPzKnHJqnBoWpP4a/tm0uY2kn3osHV+pUHGeSeePSpaTWpkpNu6PzG1rwdP4bnlN/bNKikhJl7r2JA6Z75rg7u7lkuk3DKYxzxiv0J8eeGpLXT2sNbsvOEK70lTklX+8CR6entXxl4z0eztLib+z2UozYjydzLnqD04B4/rXw+c5Z7OfNF6M+pwGMc4WlujzWS+jViu/BXoO1W7OU3OQDtLcHuK5ueFw/lyblycZA61vArbhPKOMDr6V81M9JMsW9tHbO9wx8xzkA9hUK2zeZI4UZYfnTo52lHzNuX8qsIwZyOTtFQxmZJYTSyK6KPLPHPrVOGzMFw3mjLA4wOldIfmQgnGPeqE9ud3mKc59OtZmqISjF/Mc8YxgUqtFzHOAAe9SRqAdxGTQIvOnCnBUDBPcVDNDEuLdY5HeDDZHBFcv8AY55JmaT5ec5HWu71OK3sZlWFxuA5rAvZIpchc7jg8CkMYkP2eA72yWH3u9ZhOR1Jx+dWn3EYLH5fX0qukypkHb83pQI//9Xm/C+ray2m6hqGjeEUlXzY0e62sY4S3RdpB69+Tjj1GfW7zXfF+m+GrqV1tNJDwBHigQKCckLgktk/N2I9K6iXwZ4sn0AeFr3XLZJQ26WRG8pJWJyoPAboBnjBxnHSuF8RaPoehSNo+peIDqmoW6LuRFZ4VJGdu855/wA9eK/XYTPy+URnhLS/Dtj4e1DVfGN9c3s0xXyHhlbcpIJxgkck+uRjsOa3vB1loul6Ani670mfWdRR5IobR0BtnIIG7G0lsDIz8wzkYyMjjtE1PV9Zsl0rwzoMdzBayq9xMyl9+4napGMDj36DtXQeOl+Ia6rYaB4bdNJiiiTZb286xlpGJLEkEAD2Jx+NaOd3Yzsc8mpjXdZ1+yufC8CaldozQWpBijtxgFAQQOMYYnjOM4GeOW0DXLvxpp2naBfaZANP0RkDmHeGYHIIY7iOg4C/nxmqvxF8MR6VrFkdQ8Sf2vqd9Ih1EW68wx/KpUMeNwwcKR6EqOh9f8Q+HtH+GumReHvDK3GpXTH7TI8gyVjIIJYIO5AA447njFaN2A8r1fSorlLnS7e2W2hWRvIhDZO4nPc5PTr3rvbvwtovgzwzpOp/2O13qToDeu0u1Y8k42gkj0HygGok0jRbrTLLxtc2d2kyuQ0OcbyGKggEA4BGQePpWra/D3WfF4uL06Rc2tiDvh858HIHYNgkn2qrgc75TSyPFJbS6fM+JRCfmwpPBzjn8q19Rinfw9DokNwEQ3PnplMkMF2lcjpjPcV11zaNq99ZyQWczvp0Sx3M5ORgHCjt3Oazr42+l295bXVvcm9co1oxUMm3PPQg8jjgUOqJxNyXUfDfhfSreH+zLe7a6CiWNZiU8wDI3KQxIz9K4rXtA1GK2N5f3piJcPH+9x5Qzn5ecjHTAq7qejRSWlhqV3fxGyvdys7x+X5ZXqCCTyDnvXJJc6CJntUt4NYsrOQCWRZChkBHKgg/wk9qJPsZOF2YGqLBrzrClmtyoYh2Zslj/eJGD0/OsHU768lv4vCenw20AsQig9FUNgnJPYZ5rovipfaT4GsRaaLYRxS6uN8LCZnEKLjI25znng5rl/h/pMWk2K+Jte0ZdQlOdlvJJs3q3Qtwc59x0pQ8zra0sety/EnxTr/iqPwtbajaRSyjYBbxKIQyruOGKseg6c+mK7fxz4v1fSfDukaBf3ludTt0YK8S/PsYgMSO2cDBwO+B6eH+AtOvtNu5bxPDcN3e2OJTLNKqkd/4iRg9Pl5Feu6B4M8T/ES+uvF91pVky6mDDbxRS52+SuwlCMgH5MZyDnPAFJzSZlKnY8+0y18RaGZ7/TtXi0ieZA5+YEvnnLbgcHntmup8C+Lvijqusr4juPEcM9hEpE4mCKvlocgFQuMnsQQa5QWd/wCG9XurO+0wX09uxiCSMCvB4OeRgj8K7TxD4eu9NvtNOm6XBDcSxefLGrIqBm+6CMrxx61VRxZmWfE2reLvFN2LqxurSURs5RXwiyhuQo459ccdetZ8cfjXwxYX0elDS7s6hghY2LMpAIO3cU5wfcGqHiCLUY7KC8vPD8VkbKRWISZSkn8RAX0OOxP1rnrXSbfxB4lXxLrOj3Ok2w8uWN4Q0avsUbCGZcHp94AZzV09gPb/AIT6M+saXPruum40g4KxBlISV1JyfmXJAxjg9/auy1fQvD2p2cfijWWWfSVYxh0fjzBxxsIJORjrXl+oeIdL8c31l4eHiSbRYNoijtbpSluZEBYEyBgpJ6DOTnp6V1Ov6ZZeD/DOn6ffbZYZrhLjMcm9J5Au07SByDngkdK56i1HB3Pn3w/aix+Itrql4D9gtG2O5IHySDbu/wCA5zXrXiLW1kvRpehiRxOkm+e1bDbTxubaeOo5PrXEeJrWO6F6dNhIe652IT6jgD0Ipvgnw7d215/byymCKKNo3Ug7OeCCe/POD6UFn0PffD5fAXg+51O1it/EFsLIS2lwAqT7ZEySQwyGXPAzzjHXIHzZHp3hu18PJ430MT6Zc2EgWRY3Z23swXkseRznggEE5HFeoWnhmw1xb2+8Q6tcaWtsnlafIAz27SsSxGOw45wR15PGCnjnU9R8IeCtM0Swhs/ENrqyzvdvbkFo2TZtJ2k7ieBkgH5fTplBNDuUfDmi+JfizqFxb+E9VysYWR1uJWRVU98YIyPTFRfEyHxz4fDeFNQjtdbtbYJc/utrL5hBGTgKwI5GCO/HHJ53xBrC+BrbQJ9N8HT6bd6h96IiQvMrpztYjLHJBwBjkfhpeDtM8K6rob+K9V1q50+C2keK7tFj2yqxYqi5IbOcqc7TjkHGCaqSbZalY5RtHsLLStKvL7wMwvNbDeUY94Vh0GzZk7+RkHBB/KvSvBHw40iwhHiTVfDV40lrkpDvYbscFpAMMgB6ZAJ6jirug6XYXl/bed45uEtNMZprSKW3OAM5Jz3wT0J+ldve3cNztu9C+IMUkZQtKGXYVAPAC7sjP+cis/ZE1KnQ8Z/sn4T+Ib/XfEWtaPd2tzZsGhthvBkLMdozyMpxljgkc84xXPt4Y8B6xrkl2RfWckoQp+8BKMigfe257Z6j2ruPFXiXxxqJtrDwzfW1+t2GVlRYxJI6fMdwYAAcdvSu+i8ZalY2ui6j4i8P2qJp8Iivikab2JAVdqsBgqcHnOTnoDw+VrYlHkOkWHxK8YXr+DfB3ipZ7SPzJxb3LhMGJgAA+1yxOc89h6Cu98WHxx4D8MadqWsabYaxcX4kS+aIFiDDgbiFA5IxyOB6AcBdGbwFqUV3qul6I9hewSSSOyksk6SMSo9F8scYHXqSc8VLnR/Dp1YX1n4gXTR5gcxTjCMufnXLFffHXHboKpSbAx/DC/D/AFvTY9bvdOv9N1O5J2eW5ZFHBBBOB19BjFdp4W0fxR4o8YR+K9E1eHV7HTYjb3EF3M7OisrbVG5T8pzlemCDXQeK4/EvhLw/Lf2Ftb6zo94yJatEQ20SLyxCksvzDHOR0qtdab4O0XwxHZz+HLnw5eXcSPLcDzA8cpHRS3L/AFxxk1MWhnl3i++0nSbi18Pa1ojaLHa3vm77OUhljwTwAMHIPXOPSqXxD8C+MfiJ4e/s231AX1nar9s02KUhZcMc4GVHLLlcEnnpW3ZaJrKawmryatDqVhgTeZd5kL8cBg2R16ndXenx/o0fj3RX+IegzWttdJI0EltnyjtBxlQd3DEHAJPtTm7K6RpTdmfKvwg8GeLvBXixtXvkuNBvbQlYVnTG9JVwWw2e2Qc+tfRHiTW9V1W8lm1tE1iDTkVZmQAKFcj5SVUd8ZyK2fFmu6pqmpOPBl5aa2kW9Vtbhf3yq5yAASvQD/AVB8OINJsreDWb65l8P3MiSxXFtPkI0q5wXLqvXAI5+hrVL3bmVarzSPONW0200S8urS31y58MTh0cwHzTEN4BBJQ+mOT7c1jalofiWSSHXdTvbHxXpyAywgOD5uFKkYKDlD2LE5HrxXqOleCfEep+J57X4gNba/aaxAJBcW8g2qkYJCrtClAGHoORketeOeKZ/B+m+JJPDNhFLokmmSSxzTHdKjvgYxkscDn8T+NJO5mdbo2n/D7xvNb6feWd14S1VozvkXeYJgx+XAY/KNvOcKvXJIxXuXhzSdS0m1g0/wAH67aeJpUWSAQSPEjvsG7acucgKDnkcDvXmOqaDq/gDTbHWdRvbfU7y1iRxbMNrRR3ACrjoxyPYdOMirHgzRfCWsabf+K9Yhu/Dmr6XexziaHzDFJG+OAMHawJJOMcYweThSehcUaGlP4d+H3hjxD4suYLnwZq9qfs6eSWeC5LNjbjBUDfgccdwTivJXsdX8XfFaDVPGsJ1/Q0jVpp7FgFkRIiwXeoH3nIUkAdeDXa+PLHxn43v7z+ypP+Eq8L272/mW8f7t5FPzblUYcHep3MuTj2ArzTxlr0XgrR/wDhEPBkf9lXMzGSaKVXPLsQEJlJZcAe3WldLc15TrvEGv6J8UNYbSdFvDpdxbhRBYXJLRkw5bG4DaSeuME4GMcVT8W+I21nVb7U59NXStWvFG+GAnAZFCqQuBgYFcP8KbTTfDOsahrPxE0t5preRZF3M21xIpyUZDgspwevfHBrmLaPWpviHqfizRHk1uwiuJAAc+aIJywjGzk/IOOOBj0qOfU09loel2nh7VtTt1uvEkcWtaE9i10k6fKYZoyCysykNlRkHvnI7GiXxt4l+IUdzb6Rc/bghi2aRcJlXXKpv3EjkZJxn29KzfD2nMt9D4Z0XxNPoWpahLLG1pLvEA8wcDIGASBjdyTkDHGT2+rXd54Ph0LxV45sY5NYuRLZXE9vhtixtmNnKZVtwAPHTsB0rTnRg0aeuXnh34bw2PhNr+58H+IZJoJm811ktzHNlWDMOMBj3445IxgcB4yiXw5qcuq+KZfOnurh3hvIgVkmLYJJAPDDI3ds9Mjk07/Rbrxt400LWPF2qP4q0m8tCHK/u54tmdsbA4bAJ6+uQRxmu5uPAsvxd1E2Pg6WGW40VBappN22xhtJDMozheF7dlAPNJzSV2xOByNtL4k14XPjXxEiXel2axSQ6gpVD94AqFXGSGPPAwfXPHa3fxAHiW9jv/EWmtq/h2xOxZoW8qaMyBd7HBBYA44OM461wmv2tvpen2Pgvw9HNBd2m8X1o5PlGQsHCIG54OSwPtWno3iDRvDXhTW5ruI6RrMixrahIyVdgcZIb5BgHn8+TWjs1qTCBt+M7+HxA1pofgjU11vTwirO1uhSa1VGwFcHB7cfLW7Jofgv4TWFt4qvYPt98xb7PfxMVM0jhv8AWRbsKQOD1I69enknhK50XSQ8NskdjfEtI2pQsW+0eYc7XG3jAIGM4yMjnOZrrwza6tJHdyzPbLKN0VqQTDM65GQQQARn3PPpmsJas3USH4ovrPic6Nr+r+X/AGXLJstby0wQshO51K5ySu3n3GOteSfFAatJrTeIbdI59LaTFsI1xIhAHUdc5GQeenOO/qcvijULDwbN8P8ARSs89tO00sTqN28kfd5z6DB4rza6uI7BrTWhcvY620pDRsv7rbsK5wQe3HP8+a0saRVkesf8JPc+K9V0bTfD9u0xhjjnjmYcK7AbkkXHyjjk81Q1fVNWuPFVx4YsS0lwG4tkf5S6rudYvfr068VBHrOveGtH1iaDTVt7u7gVoIYyrb5cnJ+XPKgkgY5qn8L302202Pxj4thaL7HJvtrlC2+GYkoSyqQcZ5wQcc0zlnueq/Ei90yPwBBo0u+48S6vMoS/bdHIIEKko6jp1x6814/qz63d/YrK8HnWMCJ9pUDcrSKPvD6n8PWvdfD3h8XHjTTvF3jG0TUIdRkMsMnyi2uoAgWN/l6OuVJHQ4ritXjtNDvvEXiGLZPpcF02Im+YeVK5VNy+xIyOoqOZFxJPDOneLdesdJ0fRmkk0yF5XtZEOI7c7suSV+6Nw6k49BmtvxtBJZ3smgwuJrm9VTc/NlJinAUHHUY9vzrzv4Y+PNY8B/D7X9H8ISn/AISDX7iNGjdN/wC4VduY88+YST1z7c16TrY/4Rb4caLrt/b+c0ifaY4JsCaG4LYdWyMjDknPUdxms5nRSPN9JstLP2lmu5rNYcArGdxBbPY/StTx74W8DXMOjWTeJpQlgGEo8gsrxS/NkITlXGMZw3uOMU34dnR9T1W+vdW0838V4Q8kSuRtYkkgYwTnOeo6e9dXf+OdJ07SbsWvgi3WaCUQtNcjfIig9w6HqOOOme9dNJ9TGtC0rHI2d14b1C9t9D0v4h3llaCNlX7T5yrsVPusxMSAcYHHtg1pTQ+IdQ0TRb5PFNm9hdFoJ4HlXzoMMQA5IJZWC9SRtGB3FRRaLYeG/Dtn8UbjwRDdWV7PJEvnA/Z4w3CsF6BWJIQ7QM9O2X2sfg1PDV1qcPhy6gguR56/ZpHuFhYDbhvMP3cjbn8B2I0jVuzLlOrm0/4neFrvSrO3u7VrXMkI+dJDEGxkNkFtp7AZ+grrvD9z4z8FeHIpxoVtq0+nzyeROjsJEinGHQhQGcbjkE9ASMEcr87aXffDa7lvZ7u6utOESKFeOMMpPO4MuCSeg4IqXS18HSeMJ18N+MbrTYZId1t9oRkHmY/eKW+QEYyRkrnOOccxJ3GkewXHhHQrhNa1PVPAc9hb6ZELotarIYzIMsgMZ2q6N0OAwA4PtzEviD4feIdZv9fn8JT6RprWDbVtJHuPJki5LEALtUjjOcZ6jktV7S/jd8RR9k0bSPEQaKODypJXji2kjgks0ZJB468962vHfiD4jfDTwl4UXTreO9gnAUSiFfkeRjIYWA5brwepwTmo16hY8K1zSfC3jm4tf+EV1eXTJp38p7OWJpRt4AZXB+XGMnDN+HSotX8AaXo3iCKLQvFgiD+VDcwuxGwgDf8AMCokXPIG0Y7nvXZPqk/g3w9f+X4VhMrzLdrNbqUNs0oXMTcEmMfdUEjGf4qxbW10fV7G/vdY0K70ITlbmO5KPKpjIyxWP5eO/TnPFK5oeoahofj34d+CL630TxJbQXGnTfa2t38sytG5wVQNuHzZLA9yMZ5rFtIPiVFpV54q1yC2nuGjW/tpp1h3O6puBXyyFP8ACRnB56nt53Jf/D/UPESWejx3jxNEIoiyA7nHUnqQD3PArvvGemeC/ED6XHomuXohsALWSKSN5IoVHRk3bdvIw3UHAxjFFwOQj0fxn4vNxrmuaXHqyrLE90p2pvAAVCVUFSBtGQAenI6ms/QLax8WazYy6/o7zWU00irHaArO6bsHgZJKgcD29K173VodIhX4eWHivzA9xFE67DHFCZJAxZ3GcBWIJG7gdeRiu11HSrr4TxXUD+MrX+1lzJBCqqWZcjc29iyr1PXrggZOaTBOxtXmsfAi10my0K30W8tvs7pA88R+aSHDBt67wN+SMnbkn0zirdjd6T8OrfVvDnhjxI17eXSI9sksZRkC7m2ncNoJDHrg9wK8x0O58X6P4jTxpqOm2+rHVQb6FrgrsmYop3LszskyQwyBzz71z9xfz/E/4g6YniLRZoVvcQMtjE3mHbvKuRggsAQCSOFHSk4IpTZ7Nouj3/hfwv4i8V+J9DfRdRVVW3uI3DBmdfkO1GYcuwB9+vfHzvr+j2Ft4U1CCJEm1S6dZXJJfIDltwJ+6wyenX3r1XxlcahqMtpoGl6g94dIl+zpb3XyyvvdUKsxGT0A56Y4xXEfEXw7d+HLttE1ALa3vlKZlDBgocZCgg46VxV12OjDSu7Hxpc6duee6u4WlkD55JC4HTHr261seGIINRupZ52S3eFN1uZGABccEAGt6DV9Pt7O4gudPF5IjEo7khVxwBwDn8xRHbXLWwuE0e2gSbDA7suAf4gOdo571KOuY+O/MviJNV1CS4u5Nojdbf5QRjA5GAeD617l4Ru9NFnfahrXh61NnLlftl043wog5CqQxyQeorzbTkNno88cmoRJG22QKg3MHyABkc9fSs1NO1XxHKdP09ZdVZE8wo8gQKOnG9lHU0M5pLU6H4haz4ZurW1Ok3QmhUjEiqyqI1yAoyBk/QV4pqvjU/bDZaDD+6CrFGyjJZj1wPqcDvW7qtvrCXaaFrFvHbPo5aJlDA4yAfmKllJxjpxXIeDlubPXobqBNssbERyOMKrdm57jtUwVjsgj0PwC9mov7jXtInv7uBVEAaVoQkmSSX6e2OCOoI5yNHxHYeLYdEbxJqsS2+m6s3lpKGT53j42hAdwA2nqBwM9wTT1rVrcfaX1PVfMubv+KA7slPXHFU7KbTrqGKa8X7fAuThuOnbFa8xFSnfUoBfC2naEGnZtXn1AR7kCPH9kYYZgCThyemRjGPevR/CmpaA3im3iniS00e0tH+zJgkJMcYYjqWwT9OvXmvOLzVnmQrbW0en6dbhvKQj5lz1575PPt0rY+Gl7f6frMHiCCOK7+xSBlEudrHHQjuCDg80rmHIeuzwpr2jC78iSe6sSSs/zFYlbBbJHHYdaqQWXiGWFb2zv2a408KYYmbI3DkYB4xx06V3XxG8S6hd2Ml5Zy6dbWOoTLFNZ6bt3D5SQXZQD0XkgAH07VzPw5TRtS1ePStYWUJI6OJUOdqxfOQR+FaKZM4aXPS5PDfjrxta3PibSdCd1liIWIFPlkjTG07iD1HXvn0rgvhtP438O6XqPiXTND+0Qa4JbaXfBIwWFCA33Su35sjJyDivYtQu7Dw74F1ufQdWkYeIrh4xH911xlVTHUDbnJ4yOOa5izl+It5Y2FhHrcb2ErrHNapKkcyRKcsfujnGcHdmuqE7nE9TWstJivdNtlstJXTJ7okyyHcI3PUDLcAjBxgDjmiCHSPAjaX4sOiNdLMssc0UxLwXLFSuTkMFKt8yjaM1r6HH4u+IHxSuPC8WqJcaZYzQyXtwrxiO3iwRygJ/ejDLjGc8tWn4qsfHHg3xTN4dg1yK80m2jF1bGN42Zo93G5QCQ4IOcZB9q35lsSWfBl74f0PwhfePbzwnK01rcOsQEjMiiTaqIyOy/KGIG7ax5zjiqMk1jr97f6nF8OobTUGiW6LRyvEwjAGHEZRQxOMjg5OTya7f4n3N78Ttc0mw8L+J9OXTJ43e7QTGGRpU+ZDKqgjIUcBsYPbOBXh3j7xXr3ifxfpGlS+JTDqthutbm6aURLE8hAb95CFBGM9OOcZ61imWe0+CrnX/iDqraZN4Xsrme9tTPvdjF5hgbYAzEMpkJI2/d6fTHiVr4Q8b3Q1bxpaRG2tmuZo7sOoK2qRsM/MxBYLnHA7Zr0O513VdFsv8AhFpvFckGqWaBZpohtV435+8uGBAxnnPFcDqkY8LeGte0rUPFE873SD+zUt2fy7lZFxJvUkgAHg5PQ5HPFZVNzYqaH4a8Vvd6n4tvNZSLQNG2rPcxybonLrkAR9CcHB46kAZNclJ/wjGuTar4mu9akisIFMXlwnE5lY/I5jZT8rDODxz1xg46CGHwLYaLLPrczammr2yD7PGCrW0yclgcqG5APt078cN4o1LwNo2ktovhLSWvV1BRM95cKUMUgIG2NigZgAvIzgFupyQMrGkG2cdoug2UNvY6zpkxvrxZSZoWG0MgIO0dwSOv9K9E07xt4B0u6l1iy0OaC6t0KrE0hkRmI+78zHGemdv4dq8x0K8u4z9otLYQMpAXnGcd6+hvCng6/i8O2vi3QrpH12/uGiuIG2I8bZLRsgf7wYDOcY5wOQcU2VW2RB4Y0CTXbHUviNB4VDBMXFrClx5RQwZMjgcZ+7uHyEkjAHOa9A8If8Jb4m8Qjx7dW9pDHqVlJHG86MyL5e0Rs+FHBI5OckZOAOaT4geKten+H2j+Edd1CGHULe68yVTtjlMTeYCuI+GVjg9Oo5PpxGvT2XhrQL7wUdSBNz5dxDsYtBLEzcrkfdIKkn1wOtPmb3OdIn8Oy/EuLUGg13xGlnaLHNCJ2EM20kgghiv3SRlTngAcLivBvFOkatLrurX2q3n2q8LyLFcE7lm8okK45OBgDAB4GAK9A8Zp4a8GxQWyax/bFveW63NvLChA+fI2lctt+7/EQfUA5FeVPNczXiPdBooV/wBXExOEBHPB9e9YzNkuxqeHJdO1DQrK51MMLiCdgZUQAttOQAenTH5dK+gvCYtIL678Q3NuxtLC1EttFcMFeXy1yy4GeGGOo7dK8kv/AA/ZWPw90nW7O4bZDfSQTWwHHzbpEfd7j279a2Ph74mn07XJdU0y6d57iAwm2iXzXjRSvRSCMkqPz604ENM9O8Q+Ll8ReB7oQq+naOZPMe0jVXSOUPhQW2gkMSMc45FcnBf3XjjwzbeDYJY9MvtMdXjuLokedAN20DapIIUj+9kAHucddo9jpvh3wtqsvj7S2ngu0heCETGN33HOP3bAhh8pwehHsa1PENnolx4K8PaholxaaRpkUhkaSRSrl40xsL9XbHBByWI4JrVTtoCTDxJZ31hpi698OLqa6N64/tIRQq3lbQFAXK7s5PO3PQHtVDUX8PeCtHd9csodZ1i4ZWieYu6qWOCSvdVIyc9cdq07e38QXvhldf8AAlvNFJdOFmxLGgm25RvkLYOc9cc9a5DUNWHhTww+q3VhZ3t2X2GGVBOYuShw4bGQwAxk4rnmtTWmzY8YeItR8UaNGniho9LNm6vH5MDhLiQqQvzEk5VTgYPQ+1bviDStJ1Tw+t78O7a80K6jTddK8hjWbavygKZMY6kHArivEXiLTdQ8LSWXj+4uL+ys3gk0ue1SKEjcnO5Bg9yMMG4J6YruP7Xt/EvhaSPUkj0wxxAhrhwrMqLuDZ4/hGep/CkZzPOPH+jt4GawvtPlh1FNSjVnt/mlaFgoJO7q2XzjjPHWun+Jllqeq+D9LuvG940JF2htZFjQmUlG+UKoBGQOrelddrmn6b4c8JWOteAjNdSaikclxPEu+2VUUq3bKnd/e/OuVvdU8MeE4I7bxdYNrK6m63Ea+ZgoyDliQQR1HNOJBzvxA0vXtV8Lxa38P7OWxsIZmW+ikKRqnyqQ6A5IUZOSp79OK8/kMGjeHrS81UJrl1NKyrmUnyGxgcfMWVscdOw+n1p8fkt/Eum6HcXl/BYRwBo5YYkYgPIFOA2cPgL2HGCe/Hzj4rtbbwfayz/Da8m1fSNQIXVEe2cpbeX/AKtvMZQeSemcZHOeAJjK6udFHqUvF6+GNW8Hq/jG7bSdaRyLVEhcgRxgcqcEFTnaeeDj1ruxPcQfD7QP+EGaa5064hVr65MYMIuCEjyWx8nzKck98c5zXm/iTUfBuv8Ag2GPxvJOdSsUb7JNETlt+GxgfL/CA24Hjkc8jJ0i51ibwv8AZ/BWrppWlXTj7TbXBwjFOjZYN6DpjOBn7orSKuXUNv4s+HRp9hptx4xhklvUfEJSXKSID8+7acjA6ZAOSK47VoTfeEIdQ0S8gtIoAY5LJmxMR0BXP3hg5P8AOvbviFr1ldfDnSvDN1pVpfX+IUtNQt2ZivllVPAB/h+U/NjIo1/wZ4PuvAVhqXjLV7nTNdtw0UUKW52TBGJGAVAyU6fMOc1DAw/HraRpnw/0vTPCcX9tKknnmbyXBsxsAKEMoJznB5xxXm/xH1bxg2jaJD49jLOf3liYTEIym0DDKnzKVUgfNk5ru/EM2t6npsll8L4pEtNRBjn8541dYyu0jDnjdk5I6Y4qXxfZy+Dvh/omjRCLxVdK0j3Vw8ZmS0c/eQPksMllUZIzjipGY15cW3jzRUt7+L+yIUmz+8k+QNt++pYKCTk5xXmOpaFP5g07Rw10pYxpIVwpGcE56AV7D8UU0CbTNI8QX97NLFeNiBogPLxgl1Kk5UqcAn3rKtNP0/VtGmvIHTT7O3kVNzk+c2/uOzDDZ/CspK+pUZWPK7XXNa8L3ltpVvZ22o6pZqy+aS8gEbZYoNuw5HAPOBjGKxNWt4tQ06G2kcw3B3Bz1HzdQfWvZLrwpc3l9pHhbwrdvFpF/Msb6hcoFQPI20njB2+h4Pr0NUtS8L3uk3994TjEVw2nOI5p05WUYwSCR/k1nZmsatjyLwqsVrp13ZXpU+TIHiYt8q7iFByOnI6e9dfpWnRQazPrHiC9ihspIWjJjG6Vm6Ln5Tgcda5qDwtDfX000EjwQEHMYGclfc9jj9KffNqF0bRNG0kS7sxyGST/AFuBwSu4bQADz70iqmup2/wvtdA8MWWqai+sNd28ErRzWqIVaWF1Ijk5PQknjHGOtY3h3+2fDdhcXv22GTT3VmcOx+Uf3sEcHHYHn8quxf2jLYyiw0aGLV41WK8iBVY3i+bY4y+NwA9e/wCFcX40sdc8UJplpoukJbTWzrBNapICZGbhXJ+UD06n1qJ0XuXCrY8R8feQt5dXGmt5ywqrA7TgI3p7DNeDjbc3ZYDAPJA6D1r62+Ivhy4GhxS2lva6PrFgvk3dt5ir5ke0FW77vrnJ9T2+T5IypcnCHrkV5lVWPQpSuiZ4gSzqgwBxWW5Mm8nhhzVlZ5QChO7NVJGUKVYYJGBiuepsdkNiiF8w56UokVRtzlhTcPEcEZXtT8AvuIxXn1UehR0IHkkYgAEH9K17Xe0JkcYzxio4Wc84GBV4kHaBzkfSvPqSPTpMtK6lAo4amAk4GeajyV56EcVZiETKxP3hXIzqiAUF85zUgSMrkDJFN3JsyD81PjdA1IojzlfU+lEauQQqZFSsIzgZ560EYOBVGiIhGWOAcPnkGkUtuKseRQ8anLAnNIWIjBIoAmUsxOR171YhbA29R6iqMbEjZ6VYjO1QF45rKURp2LQVWJ56UgLLyozUJcDnqalR+OeKg1UkIXB+bHWn8MqnpTmxGpPB71AspOD29KClJIl2BckNnPaqzAM21Rj1qRnZm3ocY/pTJH3vuHBIoFzDyQFwTgDn8qi85CDInWpNrYwvOfWkZFJKnjmgLkYLAbhhuae0jjoOaaFbdjGMHGan2KgO9hmglshkbOMnJXmmYCrn8TTmUjOKZyqYPeglsVecsv1xULyO2O2TRl8Z4544pse1snJBHFVyMhsawXdjPOeagm2qSvLe9LIcPjOaYzAxlhw3cVrCJnJlSSQqpU856VCp2jLHOfWp/m4HGTzmoGcHKgd66UcjIXUMQyHB70xSNuMZNEingCkAbOFHOKBCO/8Ad7daFO7qvHvRGTklhyKeBznGM0APJ54607ORntUBkYoRtyM4qSIFV9h61VxWFdgBwCTVc73A4ANBcGTkEfSpIgA+1hketUYy2GwuQOcEdMGpuozgYFQqpOVIHXipFXPDVcWZuVkOSPdu5xxWnZKzED+7+tRLEFAA716P4B8Jz+Jdah0lNsRuMhWlHy7gCw5GT0HavRoR1ODE1kots9x8A+H4fDqx6prNs5lBCOmQf3D8PjBxkjkc4zivsOLSZdO0g6d4eu/KtdOdW8kkFgkhPAwOmckZ98V5b4E02yeyi8N6qkhuEDWU7SLujYoOGVscEdcH+tdvbeFdUtrhPEGg3iSq4axuo3TkFRlXIyNwYqMkEEHHUZx9PhKNkmfHYiTlK5saTCkFrq+p2KmDWtALGOUsCjxSIT9w8HK5+lc61/qli0ln4mu2/s3V83G2LbIPNY7iQByvPpjtxXY6I+k6rpllqXieFLK402Z7W9jCNG0kcq4SRxwy4J9weegwBycegQ+FpXsLuCPVY2/0izvFyEK8Ao3+0D2zznPtXe42OdssaLqmn6EieILDShrloGNtJBdJuTc2DnoQCODnHQkcdma7f67oc9xous2aaJaOf9HeNDgjIPyyAlW4xnb06HmuhsvCOtTWn9q6PdNpej3zKZsTL5Ucr8ZKk7hzweP0AxN4lXTr3R4tC+Ictxcaro7eYk0chkWVGzkEnnkHAzjGBz1FQ0+hUJWLNrodl4U0+7unRPEun38ZgucOYWjdxkMGBcncCw6egq94Y04eHvCss2laaLPW7EgTSyMTJNDI2FDxNhRwxOeeme9Yfgx77w4wt/CaG7stRIbZdLuw3VSCNoBA6E9cnipPFmr6fr3iRLrxHIRNZkRXlvHgTbiODwRkYIx61VOMh1WavibRb7UIbXwz4puk0iXT/wB/BGjLtaN8htpBPPGcGvFPsWofbbi50ZBcLo3mOJZBtPlN1O3vlc9K7O5juJxJdWNqzaPYOqNNJt3qCQAXGf8Aax8tcbrlk0GoWt9pV/5tpKds0IONo756ZB54rWXwmlLY57VtJjUG+tXMtzcZm3NwGLEluMcZzWLplnDqcst19oa2nOA8f3QCPT1HFTaprVjcXF4iz4S2AWNenzDAI/OqcltcXUUMtoMzL852dhjnNcTO56I6Iz6Zc3SWZnNq8YCsejMB6evWrfxA8QaVeW2n2Glo3nWqEPJj/WE4AzjrjFYq6JpGr6XOYTIdZUBlLEqVZSMbexFeY3l7qs1zsn3LdQHZgdcqT6d6Rz09WenaPBHbwW2pasDDtLEd8g5AH0716homjaLceH59Q1C7ZrO/fymNuAZYWwdpIbqDXlPivV20fQrTTtWtj586oWwRlSMFsdjzx1r3nw7q2nH4b6cmgWJFsAj3bOmW84qqswLE8M2CMcYIGOoGlOIqjsamgW+jaJARYs28BUkeQ/JIFBw+Ox/xrjvEg1K11yPSD/xMI5WS4s1Q8AuzKoOBzg5HB6YPetCyli1eR7SWUW08Z4RhglW9PWrGuprVs1tpifuoLRleCYHbIdoweV9M+xrpa1sjluaN/wCB7LxNr9irXH9lQ3I8qYom8qVzglSQOeAfzrsLKDWdJ09vC/h/Sl1G+0mUmC/kjIkmg67Bk4OOBgNwBjGea4W38VQt4nhcWkjRSACXPBDnqwx25yM11vg/UmvJ76x1jUJLe8sUa5spEVnDPHn925AOQ2QOfzxwaSsZGvr2naBqV7a3Vpqj3MWoTxfa7WOIxLb3CgK/Xjf1BOM5pbTVPHHhW4ums7WGGGxeSKOeWNTK8JIIIJbBBABxgnNadlp/i2fTpPESaCLLRrvdLczEBsSBjuk5YEHPXg9a4S91tNIvY21C9/tiZRtWGTOwIxJ3EnP4dTXSZdSvqd5pV3p9/d6JNLJq85E8UkowBIWDFef0zxXmckmv6i80WvR4u5CMBSMNtAxgDjJ9uK2/Gep6e2jTaMlslmbsh4ZEwSAHBK5Nc5YXF002n2Zu1EunIkiyy8ISmCFPt681lUOmJqaLrWuW1wx1C1jvNLvXW2kMhAkibOQwwdwI68j8RXqHh/X5NHvbtJRLp6iNtzqzIZIe69gwIGSDkV53pOharrWo3XioEPYXgKSKg/dxyJgbgSevGOB3r2fwbK/iK5ufD02lx6nqmn2zz2rTSfI5DAGNg2ASQ3AY44xx1pxaInroX9bnXQdPs4fBd80em6rEtzHdugLKXHfI4I4OPavGpdbs7jVb+LWrJtUIQie/LFhsYffKEcn8egr1PVNM8Px6slp4nla22qFk0xFZVieRcgKU+UDpwK+btfvta8Pa1eWM+YLIvtELEMHjHQhuuD9etaxmXCiivoGjX+pXdwLSYT29iH2uxwWUHjA65IGcdq6rTjGdPuVl024ttGvcxm4Qb9kucEnJOFIwM+owPa34UjSDU7PWPDLK85IkS3Zcoz/3W5GQeQf6V1TeLZ38Walp11pux5EDSacf3sQAx8y4GADnPTHP0xwzk22dDRhh9H0Pw8ljdxg2ZY+VeKnz4PGc9R2rkvFkWiD+zoLV3jsr2FZDKDuZ8Hpg9OMdq7vWdOmihtZruIXEF3nbZ4OLdScrnP8AhXHeItF8QeHNTgtJcC4ihEsKjDCJeg65HSpiJnBmG1i+03OnCVkXhVYenXtTV+0x2kUsR2zgklegx6Gt+yutcu7B7q8skUNG+JF+UO2fTPeotC0uPULyJXkKZGD2UH6+9DEdd4a0J/E2pWw12xZ5IFDmFMhJEz3I5HUY5r6S8P8Ag7WdF157Xw/qNtavLbmW2tiQWmjBGY1Zs/MuN2COgzngVi6BeyeHtG02TXw1zpUrNA4tcCQLggfNlQW49QfxqWPwfbaE1x4m8KiXVUsJBKguUA3ICM7lUKTgZyQBxzgVtGJxOo29TM1nwzpMWuPZaJqV08N0iyLBGpC+cSwwUPB4AOQOPfFTT+INX0O0aLUrePT7WVhHMZ2U4P8ADk5AH1PrXaHVH11rZfFE0Phi8toxJYT2KM5dJBzGSGJA9s46+vPjHxKn+32E400G+SUFLiScBW3pgh1AIxnGeRwf06IsanboeTeOPGuoG6ns72Q3kBLWxCkMFj5A2HsOa4bT/LtJbdYXaF0cHgZbk4JIHU4ons5wFllBgjQ4YHkMBivVPDvhpZ7f+15VCsYt8c4A+UYznB6nGKibZtbl1O48PWd3pV3NqWp6IurQQwNLbSysAAccqBznI9emK5lJIdfhvr5P+WBd44Ad21SSQoPoBxXceGVhk8N3cMt/Pql5CXaG1IMalMKRliCBlyw5PHpisGx0gB40uGXRyjZEcSgmVM5YZzxxxyDWkKV0ZuoYbeHLS/tLNYj5k7KHKW52SYI5VjwePevUPCGmrYafcfa7yDTrVw0bqzgzDI+Vs+w469a4ex1nTtE1DU9PvFe2WZCYZ+67jxjGc/pzWrpItZ/Dcz6RYfa70ShTPMzFGDHupbA4+nNb06ZxVKjNm+tNN8O2c9rZQy67cXZMUm+M4EbAkNjDc5HevKNTitr4f2bDCsMiH5okADK446DvzXq1xNreq2LW97q8ejXNvkOsKjO3HBxuzxXgEE13aeIobvUsykXAP2jkGQxt1I9xWdQ1oxPpn4fX9nNbWOlaPaQ+dDAqTwkBZGKLglj15PPevZNC17XdC1k3kFklvGieTIkYDMFYjLAnuMdD16cdR84eFb21i8Stqd7BcCz8wL9rgBDK23jPHI557gc4PSvU01LxgL69OglRBJuZHBSVnCn5S2c7SRzyAfWiELkzWp3XiuzS20S+124a4E3neaFlAWNlc84G0HPJrwZtZdL2bUotkMUqgMF+6eOuPXpXa6dqnibV7660nX5pZU8iR/Llk3puAyMDkZ5ryeOMahp8szj5YyDlecYI6iun4Yjox1ZUjuYj5ttdRb1uWLB+dwyeK6/wtY6nc2epxW1mtzHbx72bcA6KvJIDck8dhVTS9Gig1ezvpCDbD5gGG4Ejkgj0zXtsGl2Op2U2paXoYtSpy0kMpIkYDoU/u884FcretzomtDhPBeiSah4kW11GIxW80R8l5CVRZcjBb2xmvXp/DTeD21PTL+aKS2uFWVr2E/KAo5RhyQw56cH1zwPNdFs7+48Tmxn1uNblkDSWzxlR5fXCMOCwB4A988ZrovF2s6Hq0ECfZzo8Wnq0PLHbdFAArEEDrjjqeeT0puDlK5g5ly8W21Hw1Ok2oKsenvHPp1xEmRLIobIkXk57HOOTk5xz8+eJtQu9YiiXUJdksR5eM/IE74B7+pr0Pw4tnm9kkZvtsyMiRAfKIyVJYH1z715pq2taKbT7Pptk9xDDKUknYgO5A+YEY6ehzXQtETB+8meffYDN4ms/s1y7WkjonPzYy2M19daLp8sVlIl8vm2UakSOe69O9eE+BvDQ8U61nTXWyitMOxb5gM9O/vX0po8f2eCTQtQkDW0AcgkbftDbiQBk+9cUoXlc6K89Dg7jwfYw3dpqWkhzHcPshjU7iZCflP09ulbPh218SeFvFM0WrM8t5cRlUjD4RUYZIYA4zgdK9Ea+gjv7MbAbyVAEGMLCpJ2tkcZ4+tZMEGs2l3qEonE0cOXnd23NIoySFOCcV006Rxliwg1KO4n0u3tluNIuD50yyEZMvQ4PHIwMdRXRRafZySweH5o5GlvmwgQ/LFF7+/J61h6FO+oabc6jp+5Lm2kdUhxkuwAZTj0Oao+LPEqahoEulywm18Qps33EXCsg9MMTuIPpwehxgA9lrYDkPFtj4eTS9Q0zw9bb7PSyXnuBkPKAPnG0gMcHpXlKazZ6lcQltPNtpVuADbxkkzSL3Yjb2x610WoePLiNLa/v1ht1h/dF41IDk92UE9e/1rV1A3t/DaanJcRrdTAPFbD7hiccMSDz+VaqPLoM45J9LFzNczRSxtORiPBYRITgHPXgVk6jBosckumaUrRqyB9xJ2mTnnDdM120UV15l5phMfmxxmVpz36Zj/OuX8XvqepPBcG1h8uNAhVflcjPX0ODVTZdL4zzgaD4h0+9V4G+0QOhYuDlAecg89a0FhttZ0qC11KBVitZxMp7vtByre1byRSWlnO6PI0RUHaTkoa4zVNaiNubTTysomBVz3XOc49zmuRJyOqsznL6GwSd/sQ8pJeDsPFb50Gw13QEeVF+1QEhSvVD2/OquiaRYaxbgT7o3G5QVPRh3Na+kaVcaJO2nu7Ga6k+Xn5eegNWkJbHMafPcaRKtlfQypNGchgOGU9wRX1fosVnLb6fd6ldPdPcBYyCuRBEfU//AFq43w34bGpME1NkjhiBbDANmQEBVB445r2ObSItP0qW2e5UX18hAQdAuOMH61vySascbxF2cTqvhrSfstxHpk5kt7eT765Bc9BkY6dKg8VQ3NxPbWL2rQ3dvbxqoXp5QyF6VyEs8lhrBs9Pjc7PkZTkhm9aqT6nrp1UeddzJIhCyu2T8oIyATxjFU6Vg3GTZkgWPUWN35L8M/3gvA2j14ruYtI0SS6F5A6rZ3SL/o6rsG8DAIxjH0x15zXQ2nhXR9a0tvEr3i/ZrLCiJQN0sh6A8jB/CqEE8GnXHmTWnnQ9HVgQVT1X3HB5/TrWUl2L5bnKeHvKtdUvbeb95qNvjy96k4jHXafcV2uo+FZTYWWtmFbAO4kKAAl3yTyKkM2gXVu+kPdsFz5kcuAr554x61s67JdNZ2FzcFrgoNy5BIWLGMsfXpS9pIzNdbTRJVS60mRDctF5t0m0gl8DjBA5znvXbaZGbuwjuI7FILpmzKxHzLEMdMeteF3Ny7WT3+nvvlLYVFzuB6ZIr1rwtf6h4o0R9JkL6bcyQBS+eWbHX255xWM6T3KkeearL4X1nxReXOj2xjuLcmMlhjcycFh+NVdT1SE+HZtNmdGkhfcIlBBlYcFc8j3rW0fwNqsN/etOfNukJDMvPC8HH1rFbTkiuG1VLRr17X5TFnb8xP3jxxgVsqkVokOJyAuLaBrN7AS22qGQG5ikxs8knqBgc9MZ9a9TtNY0q4a40m4ZodJl/eRMV+bzAADg/wCeleUtMbTUxfanakkkbpfvBSOxHPFXNauNUku7V2txbadMB9k3ApknqQcdarlNJy0F1O4utWto01WQWwt3OxEGVfI4z371N4WjttPuJI9QlV5QSI40bHHYmmvHb3ekvpjwt/b0M2d3RTb47c4zzVKaxt7XUFt44GDTR/LKegOMNg+tNIzkz0yO1VozFI+5HBDPntjpnPXmuVhFxLI0dpK6rak7ICTiXBPAGetT+Hb6yubVtMu3MEQB3PjJZxjGPrVae3ZYl1NLp4r+xJMSDH7xex+pzSitznjudjDoGg3On2GsWcSOZiGuUdwDE38QYZyMHp9a5j4hxjTby31KOO3hilKrG6kEOV5ySDxjj06Vz32kF4bu+SQ200g+1GNfmVCRk4H/ANbpVzUItDfS7rS5JzNEWMmmsy/NvAJUHsu7jPSuaVPlOpbkCzvFPduzC4kueJWY7spj7prmbrV10y8KadbebtHyIpxtPqOvHtWhZ2Gh38i6Q6SyT3UJM7xnaY+3HUcHjoa4YaXLo1/Ltuz59lmNeAwkUHg4Oeoxx2q4yXUpI6C+m/tbS5PMyt8FYzI4+U9f15r47+KPgO3RYtYt4Gtd77ZQnQDBI4PQZr6ovtetVVYpB/pbASMRwrLyCMHvkVhXNvZ+ItLmiuYzGH3KjEbgGGQDjuKwx+GjVpuPU6cLVcKnM9j8+ZYEh2skiyDseCaqyQLKSWGC/FdF4g8JXvhXXZtFvyrvE2VZSdpRuQRkDr0+oNZ0lsyvtX5h2r8sxeHdObiz7CnPmjzIwXsoIsg8H+dV1bDF04H3a1b6ZYU3SINw4rMX7q4GQ3NcjLJh5RjaR2OUGcHgVW+0lmzEuAF69uam2gptYbue1U3+TzA64UY5NZlLcmDoUwygsTziqF1dvF8kafxE5/lUzSQKVeIYJ9acDGsYdmzk8gjioZZyk0LuGduT71UeR4iDjBX3rrpljZfmIOehrPl0pbiISSnHPGKQHOxLLfXG2NcO3XnNdLP4Xli01ppRtl+8vOCfb0qKaz/s8Rz27DzVOSaZc6vqNyrLNKZAeAG6D+lHoHtD/9bTi+IHgCDVxZQWt1NbQoS1zJhyW9kHJHbPHPbvV/wP4ztIPGV54h8JeDZNeFrBJPEk8vlFSg2swT5gQdwwPvHsATXbX0Hj3wr4Tmli8H2Wif2mGt0dUVNpdTuKxKQQcDqRjgfSvKB4O8aaBprTadrC6dJqH7qZ9/llVbkgMMnt2xX6/HlaPy5z12Ou+HN141k8K6v4u1LUbfRtMnlaQF4lVZGLkNsDZZACdoxyTxXF+CNG0KTULvxx8StXuWvn3mJYgWlZmGNxJVgARlVXAAHQjAAm17wdYWfgyy0jS9dn1SaOV5ZQrZhVj/dQEgdTznmvUNO8KT2Pha2jvPBd1qmoaxH+6mljk2KCAVZTjA7HIIyOvFRKaQzmPDV/oF1r811omgz3U2VlglkzI8JTO5yF3DkkHJGAayLXUvHWo6g3iPUr5YY7j92ZjsLJChJAMfYZ7cE9TXqHia1+I914c0xVvYtFhZHh+bEUoWPClQwXPGPY0kHgP4d+Cfh1qOteKdblmupbZ3gji4PnAkAsMufmbA52jHIpqtbUqzOO1fSNMvtbmttS8et5KJGYfKjLROTnjarMuQep/wDr41/ir4m8I28+l+H/AAzq1/Lpmmwg3Mk285myQWAwGLEc9MDPHFeQ6D420qySTULWxGozhSg8wfu4yeckYPPHHTvzWlouv/8ACUWWoXj6XFukbBQ9BIvIxnnBzWr1dzK56v4q+JHwr0LwreaF4b/tC/v9Wih2ySfuhGu75mZiFzld2MKee9c34fXT0uNH8RNqN5Fp9uAR5wZ1baSCqcY25zkAH2xXD6UPE1zq58SaNb2zzIAiySlSluoyPlGQfXoK9A8R6p8QfFUcdlLf2KQqgMkaBV+4OpYhjlvbHpwOKLWJkyj4y1L/AITLXl0Wy1MjTkHnRqYgF5HzDnaSee5rynQ9Vh8Pa1FBDawalFctsCS5USZOFJ4O05+tek2Y1uz0BdTSC3iLuYAd33m9TgdOfWjwd8PpoF1HXfEgs5LuZwLfz5MqAcsxXrjORj6VpHzLgupmeJ9PsPF1/DrOqaDClpprxq6pLsUlT0OMDBz/AHe9UrA3Gpa1JYXVn9jsEA2hH3gdlAbGPoCK9Fb4fHxkw1aF7XS7ONSsqmRh9wZ3YAwOnX2rjdM03U2uLrSLGOC8hVUcOJxk+gXjk9+aiZUZ6m5o6WM13Nour6WjxQDzDcOSCwxwuRgEY96wtH8O3rGaLwtBfxTaiWFuLWRgwjB+6WXBwMdzXT6xot9pZsrTWQ9vcamgCpG4dgpOByOOp/pT/hhpU2neNZrG51e8sYtIjlmIaNuY9pGQDgYO4fzqCqlQ4210/QvDCQ3GpWV9NNbnyriOM/OFDfMOfu4I6fyrooPEfg1Lm+vNP0fUZNO2KY0wGbdjGD85wM9wT+FefeItak1TxVq9to19cyw30hdGZP8AWF+T7ruOTjite6W40XQJdDu9alsr2wjWQQeQweUyD5VLADGAc5JqzEzbfXdH8WeMbOw1GzuUtWk8vYrn92hPIB/2f/111XjnVAIY/CVle3mmppu0wiaEjfEqbVIHGRjoemB+WZ4TsbXRvs/iK71bfBdxOdnlneZVIwAOQe4Occ/mIvGviu58ReJLXV7nWYr+K3tvK2koqxszEsoAwORgkjvW9LexMoJFz4cfD3XvFSx3eq38T6S94rAT8O4T7zDg7QcbcE9c8Acnv9N0e41onVbXTpYtDtHkgibDPE8sfBCnpnv+FYHhzxTqCeEptJOmw3NriTy2t2IlIZjnBBOW57Yrs/hJrviPwB4Q1HSjdymOUia3ivIyu15Pvvg8jIAI7cdKzq0Z82glJLcSeyeLS7G1tbYw6qJZNi7R+9j6/MevFbelyazb2t34euljSHUVGWcAgOP/AK9Z+sX15qMsN7dOBf7hvKEeXt6kjHIrzTV/FutweJZZLu5P2SBQIxgEZ7gjvkCo5GPmPRZLZtK8M6nptzdJdA4YQk4jUqcna54ycf5zXPWfgfQPCdnbeMtQ1GXTJopFaW0uIxtbzCQu1hhiD16H8MZrsrGDRviJf6bpcCjZJC0lwn+rPC4Gf+BED/JrnfEfjO+udOl8Meb/AGnZxKVZbmICRz2AyM46Y6Z/KkHMZV7N4j8Xazaa9pfiOCeHRnzZWzoHaFHADfKVLEEKBznpxir2rv4l+2ppdvNpuuyeIsSeXgL+8iP1A5ODz3B6Y54/V7vRPhzZ6B4vg0maGSczCWBy2wsU2qd3JAO4kdciofhD4e8E2+kXXxA8UpdxwfPFbJBnLyHhmQY5OcgEnb1z04GhRlc7z4lXEun6Rp0C+F1try9UxbYX84vJ8uAoUZznp65q94Cs9D0/4ZXvi/xJ4enkvLe4aIrI0kTkblUDa2OmSenOPeuA8D+HIPENo3i7UPG50XUNIvw0dvcJ5ytsCOsp3OM8krjYfu9ea9x8a+K/F3i0m/8ACmr2V7bTRqLqLegYSZ+WTbyeccj5SMcA9lzO1kVY4v4c6t8KLjxRc6rq51Cwe2DTQxKNwY4+4jAHt13Efzq38TtN8KeN9bjPgPWttwIxIYrwOiGQn5hv2jBC/wCyck9a9GuQNQ+wanoejWPiM3VmIp9piQSSRqFLCXpu4I9cAj6cDd+JPD2iWE99qvw28s3cflYVtrKuME52Ao2emACeuaxdNc3MMwfGXiLx/wCHb63stDjh1a8kiQOIwCCmT1UEHdkcAHuK1vGdjcaR4YsfEniHQplN8y+YNn+pV1z83cNnAxweteR+G00DWdcsdSju7jQbyyfzZ8Dckqr91R1wc7cnb0z14I9N1rw38XfGUc9po3iEappME8U0sE03ln+LZ8u3J4z3xnB9K1mgF+Her+C9B1nTPFXiHXJdM09FlWLzkYK77TGV4B6bic47dq9ZsNY+Jt/Pb61pywa/4cvPM8meTbGdikgFT8mRnj+Lp2zXzH411P4hXmj3HgLUtFivraBg0BihZ2VwT86uhOTyfTryMcV1Nn8SYvDHgbQPB3jTRL3SU8kR2V0xYxqEI8z91sDA564ycEZ7VlOOqaNRvjLUND8QOuj6jp0mgzWDnYkOShJOCWBHy8dMZ69RW/oKeMNEsbe50jxXHc39r++sLWcRvIY9pH/LQliSNw2kHAHBHQCaaujta6xod7b+I9M1KFikkoIKOpGQQSTx275yCBisG5sNM8R+IV0ya2l0bU7uD91PCzbCyKSCQccEAgkVo9EI1LnXbVLV9R8S+F/s+uXcskjahBK4jyxyP3W4gEZ7tz+g7W1l8Q62UvzCuv6dPsYxpHvJ2+oC5HI9DXlHiLRfEVhfWvgfQtYXxHLJbme4BKDynRuULu/bAI5B6ZArt/B1/aw2mm6n4atrjw3rHkvG80zl4ncgA53gjBZTxtwOo5FHLeN0RU2PQfGFnofw+Yy6Q1zaXoQSFZMeUiydlJAYc8dT6eteP3nhrxB4k8DeIPGb+TNp1sTI3mPtkkfeAxQYwfmPqCecV1/jC48davplo3iq2/toXCvG7QAOURGyM+SuM+/tjtivGrGx8J6vr8OgaX4kk09sGLyLmNtqyEkspYhVB9ORk8U6aaiZGtpel6D4zCaLDqMmi6kluqqGiLq7qMMeq4xwcZB9uKt6N4k+J/gizFtpixa+HZxd2zL5rKyYViu07znHb0re8U2fibwIJL+TSodbRYlj+0qAJG4JClRkr05PTP1rmPg7pXg/xlNN4p1DXpPB+s2c7SR+b80EqHggM2wF92QQT0PTinV25iono+jQeDY57TxrFq03g2KSDLWk4YGOUjDopJ3EHqBj34+6OS8OeGdU+LfjSKLWNEbV9DnluUivekqIittfIOVY7VyO/vXVfFKPxJrut2WjfFSHztKC7Y7uwTAUMMjDYbaSwH3l57cc1e+HVjefBzwpqv8AwjnihLm8EsU8lq8camRG+QbEZmJPqR2HtXFKo2tNzqjGxdjaG20eXTdFCazaW4fba3QAlfaem1lGW4zgjPpzXgPiC40LSL6KS3tJfDGoatG8LSIpWOJ2PyttONqgkdAAPbrX0D4W8Q+CviGuva/4i0u48Pz6K8t898khHn8O0q5ZfLDDg7cknIxxmvlD4kx69/btrfy3X9tafcyO1o4b5fJc5ClfvApkD3AHPpEIu5dz1Pw78NfGupalda14p0oa5HpojuFvIJEXeUw20KNjHAHIK9RwGHNGueCrbV/BeseKfDV8Yra1lhkfTpEYhXdlQkHdjncTwOmQDxxqLPL4XuJNJ+HPipoHvYVL20xZDKQh38FeeMn7uccdhXK+N9V1rTPh9FfXUZsL+/uVglWNxt2jewbCkjJCY74z1zVuLuKGpx3i+/gvvEuiroLtoN9ZyRS8D91CQNyADgEA46jB716J8OfFnhfwRrN3408UC4g8S2zShbvBa2mafduLAHAzx0ApPAfhODW76x1TWbSLxHp+r2+6Sc4WW22DoCOjbsKdp6g5xg1yXg2wvPHL6h4dt86rpFpfLHJCTsmW28w7XBwOyk+xHIxWsV0ew5S7CeLPDHizxUYviZcRx6xa6jM97M9i53QrGcndwMbcEcFsFfm9+t+IbS6w0d7punprOm3sMdpZsVDTII05YoV3Alg3IH1xxVixs28Ja8/gHwzfixFpE8tw92VG9XIYKx2Y6MMYA478V63daHobfDqPUUX7F4nhulis3Rj5DIeT8vK7doPIycgdiaubskjKGrPnPRfEXhK/8Hab4H0XQyut2onGovJ8vmTAna+SSW2jPUjHAxTvAK3Uejaja6qq6g0NwBBaM5WSMnDFlOMjJPGOpyM1Y8D6Zaapdazf+JrJ9G1CzuRCbxDt3zSZcqWHynsT6hga8N8dy6tZ/EO4u9QSa0BcR2k8OQuYcDKtwO+T6E5rMs9Z1zwp8PbKJ/Gek61dTGzdWkaVdsqzK4ysoKqfmJx0B68mvPvEHiC98ba++p6pZvqeni33SzwIdttHHkCRwg4GTg59fTitPxD4gtNXtfsthIz6q8vl6lJkiK4iI43jIXcvQbRjrntjGTx3qHwzk1nwzosf2X+1IY0uN6kuiEMQF3Z++jnnB4ORzVTq2NOUoaFenxF4msrCS9e30iMkLcqSzR7fUfwhjhdxOBnJ4r0b4j+I/wC2PiDa+FdMjT7XZNFbvdIVeO8lmCfeULtBRiVbOec+mK4jRtN03wrpGk+KPDsv9oDWIriO4snZd1u0bqCWYZOGAyAVHHc1oeEvF114Y8GeJJbzSYNSN3KktrLIxD20hJDBMAttBKn7y9D1yaiNZ3JnTTPon4sfGDw94Z8O6P4F0Gzj01QscV1Zl2drQwOr4RsncGzwem0dB0HN6vdaUdB/sTSkMsl9+9vNy/K2SPlwevOCcce9fMN1o/iWa68P/EvxbGuoWWpTsSzHcXaNtm2UbQFzt4HIIU+hFfaXwni8M6vFqHijXYSL3SoZLiwhG4q7lWXYSAV+UjjPc5HSrmtLmLVjx3wp4Smudfm8uE2J0n968y7V8lo24zk9d36c1n6tJq/iHxZqN9pl8LzT4lRPLlZhG8eMMygjH3s9a6+bRvFUXhXX/iLrt6sP2wvDdRJ0dJQFGDkDqcDjOOa8s1/xVHofw8h0TRkL3+ry5N0DiUJwfLXAzg8AZNZKpc1pHpfwritLGDxDp0qbdQglWS1dD8mJVIKn/c2/+PVau7aPxFqNx4f/ALShbUrmNl8lpACSASPlHPGMnAJHpXm3wf1DWrgzWtnB9qupZBHLG/38IpOf5/lT4NRhv799aTwxNI9jNm5kCPtQk4Cu4XAJ6DcOvSuqLsia0byueteIfFPxz1jSVtL/AFmG807UZGtbi2T7P5itE2MOFQYBIP3Sc4Ge1c63iL44Woh0HR7238m1UKqbbfdtI4BLKM4A/wAao6dpXg7UDPBqSXmgwyyCRWIZ1K4JxnYeeePlPFT+HvBXhS9K3M/iuTTopJZIpJDDhhGM7WB3AZbAyD0z7UlXS0sZWRzllrfivRtSbxjd2VtqT6yslo8caZZpQ4w21RgncMcDkZHBINRxvH4e8P6Zreu+Do1nt5nUXJUxh9pPyyxFeMr8o35BIJHOcO+HHwf1fxFrutto3iKBBpE8TpMwOZ1Dtho1zycLnkkc9cV6D4w134mT6/NL4Z1W312wlhCZxboUdlII2qVII7c49qoo4Hw3F4O1uPVtYxPo1nY+WwRQbhI2cdHJBO0449CenYa9hoOn+LYJPD+j+NPs0lwPtMFpdl1jMkf3ir7toYLuZeNxx+I7K0uvi/4Xs/seoeF7WQaxCILoL5cjXCj5VyEZiMZ54x/Ichq+i6NoTxh/D8U7xO+JH3bgGGNozk8Z45/xoEepWXhjxtqXjaxfQPEsFxp2sDaZyyEER5LjaQfnBBwAcnp1yB0HxE0T4mWXkeDvD+uLfyTeWQWSNNhkcgB2fO5T6HoCMDgV4L8LtX8J6P41h1fxRDNbWFrdJLJC6kjYwIznrhOGFe/6zN4F1LUdf8U6dfS3OgWZQCRxIipvx3YBsBs7eMn61x1LqaswueTy+GPHnwf0i51e+0VLvxHJcFDNCFleJZUUruCq25GyTxkDvjFYPh7U9f0LwvrfjHVvCouobbbgyBoiJevKMrF1O4fMAOlb1tomofEPxlDe6V4/gvPtccv/AB8yEzgRA7EIBLscD+IA8DAbNX5dP+LM0y6F4e8TW9xBMssUke9RtcfK6EhG+8MkE478DFboDiY7vwp488V6P4w1zwpPp1rcRSJex6dvkkuJEBCyn5QBj5QdoyR34rze+vPBHiPxLdy3aXNjbPO8Hmon7wRKxCbo+QGAxnGSPevddbg+MXg74aaXc6YYUj0yVrh5lVGngLOV8sK33lLMDkKWJPJAGK7/AMNabqEui6548+IWhWlzq+prBe2z+SsckXlIB8qhOMqqgdxj15rTaIHlniCf4X6P4V0HQfDV/cXNxYzRtNOwZIinzBjtboy8ZwoH8h7Z4GHi7wHd39jBd29xo+oAS2kwZW3O6r88Y6nCjHOQeoGDmvEtdubLxLrUura3o222xnEW5B12ls/LuyevNeo+Ibf4deLYYtC8Ptd6DFZr5drIUE1shbGSoDEj8W9/aspVNgPPrfTVm8SarqPjGwkuJYpDOl426IsQ5YNtUqMd/TPHfjg77Ro/F3iPWfFNtIJNAtY0e635EkQ8raCF92U4Iz784z6LeaD8SNZ0a78FQ+ILa/1DRLiKOK1d9krJKA5JdgCy4bOGJwQcHiuDv7PWPA/hTWvC/izQjbahq6gC6ilVwEyNoKqSu3IbJBB5welVVheNi6c7M+SfFczxvDAqOLcSDCpzgjqc+4Nakh0641BLjw3bzQwlArBnOdw+8CSx9utdHqdlZWWpvps05h8lEkAC7vM3DdtA/rVK08MaJqlpf32lzXYuJN0gAXESlRk7uMkZ964kdtzK0zULu88QyZghs1sMtIpOQQOM9snnPFbt1r3l3+dMuX3sv70xjadp6bT/APXrRtPBMkOjXVy+nRtLc26utw8uDEQN2UAPfjqK5C7v9T0rRFvtkUMk2fnUAuygdaGByjahDBqMt1PMWtuXkkk+87HuR3Oeay5i2uXEVhpZI3Nu3HjEfcmm/Yhq1nHaQf8AHxGzM+eF2kcH86wdHti41OW4upYLmCP90E43NzlWPpxig1TOqs4r621fzmgSBdNbcI2wVJPGR69K0LuIiaTU/tbL9rYExxKQvq3P+Fc1p9xqMukzxOrGeTaEZ+uMjAA713FhcXMOl2mn3fltLFvBVwC0eSSCKY3M5nU4NQns7i4jVpobZlDDAzhuhx3r0zwHZaJrXh65h1lrjdbeUttFAnMmAd28YP3Rt7jqetLptrrWs6VqOsXN2J9O0xo43jUDeS54wAOnvmvePhLrmteEoTrOgtBZ2lxl2V1DyERkqQVI6MM/0oIlK55897pNv4m0+3sIvsdgqqzrIxKhjkDO7J6+tbXg3UI9P127tdIQDU5LhzAFA2BMdicADkg/Wr1noWmah4uNzb2Rls78b5jOp8qCRmy7ZwRjOTn3wOlYcHhbxImuaxb6APMGjIZ5prZvkjtzznecE8HtycZoMz6L8HQ+Hri6bwz400pTbwRG6hZSwkMmeQdpAYkA7TxjGD145H4b6j8Pl17U/EPjG1uRpEvnRn5WLAO4YKGjIIcADoe/5+dN48msviJqsmh6mLzTLiNEt2nAyzBY92CwVhhgwx09q9ytNF8Za7op0jUtCt/JlYuZI9o3AnI4VsfiCa2i7nOopXPCbXTLLwPqJ8R31pNNomtJNFZ5P7xotwwxZeFZcKPx4r1/wbovwg8HWdt4h8d6hdX1tqln5ltbhJFkWQhW4ePbklTgZI681v6rYaxqWn6d8PNK8MhraMMLiST5/KXcDuTPIBJB3Z46V4j8UY/Flnqml+DT4fxbwxf6NtDTeaqfKdpU+gGRzjqa6ImLPTPA1v4F8L+EbjxD4gtJdTuLq4eQJMrK4jfAjUEfLtI+Yt1JOOcCuUtk+H0Xi+/1/U9NudM0rUkS5tIkAk8uSIBsDOTskIO33IBIXJp3jb4ga5c6dbnTdJOl6XqFtFFd2bKHLXETE/e25XBxgDBI689L2r6h4htvhnp+sR+HbcyXQSK2vmxm3XkbDGfnz8pHOAO4NZ1KnY1hAv6Nr3hXxl4ut9T17SmjkvY3t2+zSkZZBlHdM9QBg/Ng8dqxde8Q+ENU1O08O3+izzW2lzmzguIj5csm5hGWdRtzjaMcn8M0vhLWfEvg7wXrOg3FtAL/AFRGli81dj/vFG2SKQ8NgAHA4yO3WtfQ7z4gXHh6PTtflh0xb9M2szqgkkY/ON2M8gEYG0cdutTcqcUjlPH+r6p4a1C38Hw6Itxo+kTQzRSTxtIxMgyyu3C7GL4IA5I68Vx/iG68R6FrcWpaVpq/2SgCvbEebFD5uA2WGGGScjPAPAFeq+Dn8TLcQ6jq+ry3Ol+U8dw7v5pWRc7Fy2XAOcfLjPesHw9Y2iXWpSavqr2Nje27xZjBdmkfgKygNlQu7pjtyKC6T3PnfxLfyatdtcWiC2WBySqN8vt0xXt3wL0nwj4o8TWset6lepeabCt0Rt8xFMLrn5vmxHkgYwD8w9DXhOqaNb+E9Lm3XjytJKqK2Bh4yM8jsV5zX0p8HjqOlvq2seCNMWbUbe3SFZNy8+aeQd5wQ2zOOxHFMuep1VxP4Z8S+MdXEenTTtao7wlz5y/uGCnjsp68dM+lc74Ru/A/jr4gJBq3hnyLK7tHXyLaeQKksRDebnIPIyuN2Oehro/HEXxI0XQNH1rRkhsPEGmtsvEAjjuI4Js+VlHzvTgeoBORnnHO+CH1vwvZ38Oq+VFeyKDbMxVZFVsllEnXBYA9ev0FJHMR+F9Zj1XxRbW+peGrfXNFs7Y2FsbiPAQQ/MrNJtYBiOOg64r591nXdW8VeJ7q7FsbbT1Jit0AyAiE4AYAbucnJ9fTAr32107X/DOn3drqmpw22k6wGiDRMJQWkUgk5AxgDs3avL/HWlw/D/ULLQ1vo9TN8CYpIB8u049z3yOvaolFm9GdjgNE1G/0jxhY38E3RmEanG0OBghgT0OccYPPByK67RtbXw/47udfmt3unuBK7xxnYm+4Ys3PJAHOOv6Vy1/4fN7LHOZG3RfNsHVyewr0jwhpWoa3rlz4a8PWaT389s6xpI6R4CruLAuQMgc1kaNHR+H/AIg348N6y+r241F7fy44WZeFZmIJZuckAj06Y6V12na5Y3HhBdO8WajcWfhHUJA1qkcKMyzqWZ0+6zjlMfhjpXA2mheO/g7Z65oWhah9u1a62rcW1pELpRF5YJJ3IzAjfgkYxmus0IeG7T4TpP49sJdS/tGRWtf3rRtbSBn3AKCAS2DknoDigLFfQ59e8QeFH0XTJIdO/s8gvfXFwYQI3LbV2qpwSvXnjHrzV2XSY5Phskehm4vrkNsuUjgd4R134coCCchup69qnSy0rVfhNcvFeRaYmjTm4CtG3+lBudrOOA43AAnrtA+nTRSX+qfDKW++HfmWz2SB9XSTy0UDy8MycgnITfxyV9+KZkcdewaL4Q+Hy6t4p0iPV01ORfsGZnR4G2kksBkbRg46nIx34h8SapB468FQ3Os3b6CsSpJbRRx7klDqAozxzt47dfrXofj3XrLRPh3aaZ4XsLTX7TxFaqk5SJ5mspzEN37z++JMcHuOCCK8kh8MaloHgxLzx1bu9uzlbJy43Rh1ysbqDkAbW65wPl9AFYDurO88QP4KTwno8j20NrHI0zuQBJG+TjkcAgnOOtcfqclnpfgttM06FNQuru4Q/aDDlomKDeEfHPIXAz0Jz1rtfGfh2W88JT2evQJo+p6SkU9szyKfNBXB2lchtwBAAyd+OeorU8V/aLj4X2r/AA2L3s9vJCt/5VuoCjy8udsihshtudoIwepA4BpGf49hkt9HtpPGGoXE981slxpskcKrDIXRXZGRB8pBIUlmHr6A8day+Kdb0m6tvBsw0pro7L9S6rvjaMrnkH5SCcEc5HWteTW4/BOm6fP8RNNXxSuoRj7Ir3TKLbYFJBXaVHUDaOBjANaPifwUfEGg2XjbVbpdOnkRFeOCHcjqcmMk7gdwBwevQCgpOx41d6FH4S8PSpfWg1u31PMSy7CBZvHg/LIA2clhnlMgYPBNdprHh230PwtbT+K5WtvNZRFFCgJY7d2wcYyB1JIHvXpmoa9rB8MWWg+B5ZYIIExOHEYMoccsGOSPmyeMda87+LNzqOk6RpVx4kddaSaQpCYXxHHIqnO8KqjOMjueCDTS1IjVubvhzUNTitLm38NTT2emlf30cwQmNnGOM5Iz/s07xjfbPCSQ+KLE3mpzTKtpeGckRgZJ+QfIQQCOT3rI1VtK8TadJrt3ex6XIjKZYEzyxUZXnBbr6dq2fEeralb+ELbSvC0D3+kaqssYLwnbCRguEYgEHLfxNVchfMdf4h0PQtd8NWs8kum+F72y3TT22Qsj7VOAOjSBgQTkEg8VY17wtfwfC2LxX8IzdX0N7Hi8m/dxpGqfLIRG4VwwYEHrxzXHeKtK0ZPBuj6r46sriXWdQhC2MiTKquE2klkDDGd2SR69K6TVr5/EvwunPgm6t/DIstv2+ySVo5LpAuxRkKokDDLepx1rJ0vzKPF9UPhrw94TgstVtIdZlmuA5KzFXjYINynaN3Y4GR+OOPdfGHhLSn+Gya94lL6DcxeV9ltYFUxHcoCIUC5yVLAcgA4rx+C81bw54Ottb8Ds8yS3J+2jajfZ3CIDt3jJDfKeAcZ9c473VdbupfCTHxOY/EkepPGbG680xNCEwxHlqO+MdtuSOvQlAyUjgvin4tuPEen+Hb+3gTRNLlm2SbfvSMuP3jDaDjAJwM9OvNYdkdTutZksNPuQNOhjEnm4wDGoXJA9cnitn4nst7pOmQ+I7OfTL/SWKQ2jRFEkhbaTyR0G0cjj86wFlsdfv9PvdQdNO0nywqpCQrERknvnnJxnk+1PoaXOdhhaO1n1KWBgIJWCN03qD1I96bY28F9fy3qzNFciEmGGMZDPg9fT0rL8WeLtdjdrKfC7JDs+XHmQgnDH69aI3uY7eG8tJPJnXawbOCBjkZ7CuC/vnZH4DLgbwdrF3Pfa9DfJePH5YEeNiyLwr5bnp1BBHPTvWPpt34emvIJdThvBNbnaDAQnzRn5TknjBFfQOuG71mKLRtR1yFbO9t42SaMJLE88ZG5QV24IYE9R0x3xWD5eheErKTStS15L6y1HJZrdQTC7DaQ+CxyQP0rt6HMjxDxhbQ63Y32oavpVxevBkpKocDZnC7mXjgYznNfIWro9reSRBPlHQE54NfeniSDTvDvhi4k0fX31iTHlNaCCWEBJgVLbm4O0nOO/avifxZoNzo9yn2hZIpJEDhHUjhvY15eKj1PUwkrqxxchDof4T7VXRgjmQjftFE7+WxWbgHHaq6EhSUbK89q8ibPUiibzYycyH5T0oUBic4wOlKYlCDzCMNSEp9xe1c1XY6KRIFDKGHY1ZUEgA8+lV4sknsOtXA2SCec15Uj2IoawOMdMVYX1xjNHV+uBTth6A4yazNqZMU45pWYYC45HpSEsuR1pyQN94d6xOgawUncBjFIrhztIx9KnVAwK55FN8hg+U4xQmNMWU7U4xj9arAA8c4q1jd8rrzTd5T7vP1qiw+XtxT1yTnbgCkQq/XOT3qMeYG+ZuKAJZOAR2NRfMB8tPU+aSM8UoO1io5BpcqAi804EYBJ71OCE+9THyQMcE08nbHtxz61LijSLuSxIH37e3P51AyssnP6VGspB2DjNLI/IMZxismBJ5h2kUqMQPn5qFB5mcnpTuCdqdKAJXZicY981E/IyfvGpEQfdwcj1pgBXpyOvNOwmxORwuc4pxjKsFYDkUbtpLCkMif6xhk0WIIFG1yMACq7bg2D+lSZXlmPNQt1OOprYhkRBJDcjnnNQyNglePY1M5wwcn2xVHAdyTxg8VojOT0JOSoPUConCnn7pJqSQhI8j6CoWwwCk4NanMxsh8v5T1NNXByx4FI0ZdwXb60YKJtUgigAkQuoMfanK+5c4x60gLKu0CkGO9ArCFDkhRwe9KxZVUDt1qXqMVHwzZHGKuwrke4dUUqx4+tIuEZSOD71MWwobGah3bxnb8y9K0jEyvoNwA+GHJ9KsKv7xR1FNCZ+fvVhAH+ZvmwOgqqcdTmqvQ1bCCS5uVSJd7E4Ar7W+Bvgezu72a7uCTexWRubToUR1cK2R6kMBntzXzt8MdEm1TU2lhhBhtwGlLHBCgjOPqDX6M/DDwppRt706XGmmm1lAM3JkaGUdMtyVyp4zjpXv4KjbVngY/EL4TrtN0GztdPn0zU7qNrrV7dbm1w4AEkZyVGRywG7P4ipfG3w/wBTstL0u+8PExfa40WeMzEYmXJLAs3O4Z47YFZ+uafPpusWMcWzGlzpMLkqWBRgMsy91Hce1WdR1y/1Hx/Hp2nMNTt7JFnjt0UtkEfOAVGT696+kopadj56qN0TVfDPjTWbTQvF9vP9tuka3nkify0kkgBPzkY67e2DnjpUdlL4i8PXWp6fZ2Ektjpd/LFDDgtKbUHIcHqw6Y+vXGan8P6x4Tj8Sza7q9qlpp90WVZCjGOKR+rBgMhuAM47ntXVXEeiX1vJrumXkU02kRs0qxuGWaFBk4Ofvbc/y9K1qshI8k1VvDd/rd1MmsI/29FaMJEf3cxbBQjnt16da7h9d1fVBD4jk8NWolsmFvc3UX+rk3YALRHnhSOcnv8AQQ+HfDGja/pV3BaaIsl1HLJc21wzFXXcflXOQpxjucZ7Z5qokXinwBpqeI7m6V7C+JhvLfA3KNxEZAbIYlcnqMDIPXNZoLGVdSf2gNWuJ9Wj00wAPbRpnYSckqdpyNo6j3rzk69o15ey6lBZyfadSA3iV/lEijHyk8n8egFbmoaV4a1nRL3U/C5uJNXsGU4UFhNHKwGGRgckDJ+XHSqOonWrfwSfC/idI9OghYSRNtGWbOc7txwxyQQMYroLMu01LXorP7XqErPbS5E6qeHRehYDqRWNeTi9lEmjYhjUYLEZBB6dehqPSrqLSZI1UfaYxiTYTkFR6D0p2p2rRXD6to8BiE4MktmOmfVc+tRVOhHhMlneDWZFik88PL+9Le7fN0r0W0k8i5UaPL+8ZdoQnIPqCK5aQw2Wq/2nFumjlJLIOvqePWt8BLvUY9R8P7EvII90kTkLlD3x61xM6d0d7PqBnNpZGGOCR1wGHB9/1rmdSsLWFlurchbyzl3ng/MM9zT7g/aZrZJgYbqEgEk8YYZwM9a2rzw1JcRi9EjKvlnfjuB/WkYQ0ZU8Va3ea1rGi6zpEK3VzpIjkZBGzgur7iCo5x2+ma9r1vU9a8X6ZaajfSRaVa6iPKbyTt8qRSfvrnORjjnpXm3gXw7earpmo6jokubvTMzDafmaJRk8c5I5/SuxtfE+gxRRW+rwzXFpd5mZ4hykoXDDBI64wea2pE1jJvr+60PUItFuLUald2BZHnOSZYWG4DGCcLnueorc0m/0m9FpaSX5S+tA0scMittkCnPlq3AHp17Vr+Mjr15fWHil4lkgs1WGeMMNwi3dR65yR1rNi0qxk1u/tp7dLea3VLu0lYkbkwu4AdGOc966/tHC9yXUdVuX16z1K6dLHSb5FhkmC+YFKswOQOcgc+4HtXY+Cr21TWLlfBdxJLqNoTsuDGBC6HjdhgSPTn14rzSfQdaW8M2luNd0e9ka4ZoY2BgLno6HOMdAQTnBJA6V61bRaRpujxQ3Df2ObnmU28e2SVB03YGc8jk/1q3AyczsPiB8R57HVpLW6vJL3R2VYyqOp8l2G2VSBxksOV689K8jvptE8TQ27W0celKlwtp9smcfLuI5YAgbcN35FRWa6tFJqei+EoRd2F/GQ81whDKpGMbgVGTnjIIrnLzS/DMccFvr2rS2F/ayEXVoULxblJAwVGBxjnJ61pY0jExPiLoDeHdVl0jU5PtqWuAk4yv3lDD5ewzXNaNpmo6hI5lcmLgJ0wWPQHr+ldH45vr6+tI1RF+wptEeeXUKOOvYg03SL6W10eztdPiLXNxKpglQgEPuHy5PGc+prmqb8pt9k7q3sNMi01dL1N5rTTr0j7RbIx4f+9830B6dq6nTYtf0e8/sC/1A2MFoQ1lcYIkkCkjaWjI+o461kaLq+s2muWuraxp66gHcLdrJHuijx8gcqoxheo45Ix3q/df2VoPjm08q8j1W1uXeeAW7AiDcXAiY7mzt4OM9PrWipnKdta6rFrviC81afTEeKQmGcTgTBSowrpuGR/OvAPFGkxSXF7P9sF4XyU2ncBtP3TnnpxjAr2TxLoerXvgqfW49UQQ2s2ZbJj5ckq542leT1zjgV8/akJY7iWztN2nzKF/dygg884II6Y570Qi+pvzM09LWfSrGzt9RkOnW0jEiZAWdQ3IYY5HXIxW1fy21wZJdLuo7fWbBS63kkhWS7h5YLhuvGMZ9Kpald21vpEdhfRf2ieNzI5VYiB6d+PWql9rFuttLofiW02XFogOneSrANwQFY7jkHgcDsaqC1Zo5G5c3l/PFp8+hXsjXzCNtSWbZgHA+5leR1xj+Gs7Wp41uL5byZvJKfu2BDEk8FQOwznHFc5qWs2k+t2l5c232f7OqFokywfackHAHUcfSqmqa/Y3c1zqmn2/mICFERJzGcBTgYHBzWL5TRHR+I7mGDw3Y6VpykJcKCshPpyR+NP8ACdglzcLbxxy3N2BlYY14IXk5P6Gue8P3kuqXEenyGPbGGlQM3IIxkAYr1MCwN/b65pepf2LegfPDHFvTzMEEY6YKnBwPfrmilFNkTZ7lp5uG02217QLiy0fSZh9nubV2WZo5l3YLI68blA53AkYJ5Nc1f+JroRzWdzcyx31tLJA0VsSkEsJ4Ykj7yn0J59KyWsdP8SzR6loPh9tMivN0c5ln3R+YWzuUkbk9OmOgHeqWkDWtJ1KXR9XuEH2dQiBMMy9CpJHt1zz61vynPyl2+8Y3I0tPCutaZCrWbkQ3g4uEQ8gbgSDwR6dMHJrw7V7PTbrWb6DSJpLlbzbteT5WDjO7noRnnt6Yr0afUvDGq6drVq0c7+INPJmWWZymFjYE4iJIZGAIGRxkcV5Xrq6tqBS/08I1mp5MZUGMk45HXH0qijvdO0Gbw5NFdROlxFZQq8z7vVfmVfU46VjQWNvFD5ulW012lt8zqSQgRjxgZ4xj0rsvANgE08SWOdUnaQCdGBMYPYc9B7mvYfEOgarrfiTTLXWyLC1naNJYoiA0kLOFb5l4PFBjUqHDWSLPqYtptRt7OLyg8Mgw5Y55RuRg9+fSvJPFl5JdW0kJtmlMchK3e8qcE/MNuOc/XivWfGPw71Lw3rU9ro1sXt0zLFNIwVjEwzzkjdt5Ge+O3QeR6RBqut67p2i6Sq6k95Jt8mVhGnIJDZPTH6+hrohKyM4s1fDGgXUmiy6xZ2I1bZIEEkq5VUfGCUY84OeRXoes6Nq3hTyPDet6kIo49syJbDMZV2PG7GeGB4OayNNvdVsdbfwt4tZraG3nMfkwYGeSANykBlzivTLWTXPCkl1q2meHUlt44mDSyTJvEf3s7eSenbmp9qZHkPjq8ntLiO6tNGFohURPOxx5o9QowN3HXnjj0A5uw1z+z9Zi014Si6gqbhIuAY2yAwz1HX2NYni7xsviHUJrS0vjPJLmYwlSqp6AZA4AojtZtZm0KDxFIWSQeTE0ZCvGi8BMgHkkgAkGspbnbBWR6x4Hv3utV1bSp5hBY2+91AAbcc4G09iVGT9K63SvOTR77UNPmmiuIXJZIzhig69D0P8ASvIfDc7eHfGraJJOosZpfLfzyNwXBKMzepB/Wu606ytYZ9VuLGeaylDSxxlRvScnPyg56d/xqoSsZS1Nax1hJrWS8Wz23KkqCWOHz3Pvms7R7GLTra6nhfDT/K0ZI5HZQPTvUU095a2Ue+0F22G+SE4JI5PHP5VvQeEoNc8LnxBY+da6hE/mukhx5MSnBBTjPFOdS4Q0JNPsGuNRhtzcJBAVLNI/QH+7gkc/jXsV7pttoNrZyl2QXakYH3eMcnH1rhrHT7FrC01G5tv7Te0YERqQnmn/AGuCOOuMEe2DXVW+vT3dibHR2/s2VJGeRZ8HYmDiMEg59cjnj3qCua5nMi6vFNGuiw3cFs/mSXXCysBn5FJ5I9gabqnhbUL8afPCkdwLkj7PYtnzIgBgOwIwBx1Oa3otG028Nvd628mniZQtvDbAKpmz8rnAOF59Kw/ETa1YXUchv9moovlvLGduxOcYxjFbGTPLLe98WeDfEV/4c1S2ilgjfaZcjMe8B1AYdVAIr50vdVvl894mKRCRsLyA2TjkeuK+n9btrKNjrGpzkxfM85JJLscnPXrXmGvS+HL6zRIxuk3DAK9F/wDr1EpM1jC53vwc0SGXTbue6keNlObjYRyo5AUnrmvdIrmz1TyLewjffb5WJZB93/ayM1wHhnTf7M0WzlvbUWAuERY+4kO0bTkZIzW9BqdnoWp21kysbnUiIzswQoY4+Ynp+VKJlVOrGjNMsl4JEeK0wXkQlSWH8I9qzr+LUk1Ky1awkyAVZYSTtbA6uB1z6V6RcW0dho0tx8i2Mi+SYmyC8rfxK2eT/hXhuszeI/DEsVhYyPPdXbl4pAOVQnqQcge/0rooVLmUztl082E63ccpt9WkkZgYseXEH52kEHp71lzeH7sXpm1RArRlGMqcrcHrxxx+VdDrOrvr9lbRWMcFrK0SrfXUYzH8q4bC+uR61zsdzqLzm5uJnOkW/wC6gOSVeQdCFJ4BHrT965VjzXxL4Ysr/WntktGF1crmOADdHuPQkY9q5nQrC207TLjTLgOTFM5ZpOXi5A8tfQLjiuo13xnrVlrMlpaqltdgqZGYBmSNgCNuQexrnrq/uI4rya8CReUfO3PgLcM34DrVyM4wNC+n+xPGxJgZ4hhRz5sb9GFcjJrVnDpqGS8MyQMwZ2yRyeAT+Na0Wrajqep20t8I22RrHDjhUiX+EfnXJ+LbaQWX2C2jMGmmfJVRn5z6moNrFGfW5bqdobaQCOVdu0DOevOa5q4spYb1XsrJy8gDFgQFYg9u2K1dItbD7VbJPKfOkfCgrgHPQZrstM0HVL37VA86JFEjFVPLhs8BfasnPlNWc/4ZtPOuxeK3lSr8xi67mI6/ga9N8Y+F9IXTdE1bRdTF3PeRFr63K4ktbhApI46oc4UnnIJ5BzXL6dbJojQzXQWW5kyQic7e3P4GuumuLdzDezweXAy7Bz95q1pJN3bMqrdtGamg31imi+fc2z+egwkar8xPZiOveukn+wzW1pG0pWWUjzJSPuL/AHcHvzWd4X0mZZBdXgZpJ2wznoqjkgY712Z05Lm0nlkj22quY0JHLSfTNb+0VzlUbMz5/DEVko1iYiWOWMKj8YAbk5x3rjfEelz/ANiLPY2SyRIwZpiwDsMfdA6nNel23hDVp5bhhLCtskJkkZ3PlgDooyOuK5ye4tLW1bS7+XdcNIJLQD7vYAHHUZrNJSRsnZHkvhXUlGvxXDxSLCCYmgYYwexP0zXscGt20UF8ssBu7e6UxOi/eUEbSAPoarWuqzaWtxaXlnHPFc4EqsMMCO6/nXX6J4a0aK2nu7Ys63kfmr6xHHTHsTUWKhVPBb6K2gnXGdqn5c/f9s19KaXb2Gn6Npg8RRC4+2wh1cA7drAOoIH+ywzXnOqaTE1whtoBOwyTx6V6ZBptkNMsi00kmnSR4C5wYZOrYU5AGc1FWBblc5vxBaaNHPbppFlHbSE7y6cbk56is/XPEtz4a0VPtUO+0dx+9i5cZH3eop17oEek3kkb6lJe25TzFZhyr8/L7isHTpLy5ne11ESTQTKwjCrlY2zwWHHArSnDTQhs565+Kk2lRi+0TNxcD/VpIpwR334IrV0/4q6dqEbXFsySahqEey7XGxULD5lUEdj3rETwe+lWF3hfNmlZtr7Tgd8Vwxbw5prR3zAzorq1wgTYTz8wHTqO9NqN9giztZbe1thBBZSebZzHfmU8lxngEAA478VoeI9XvtWtRYa7IJLqFsxoEClfRsqBz7mruk/2L4h042VlgWjlms5QD5kbbjkHdzgnrmm3VpJp1nMWk+13ZH7yViSwUHp+XpVEnEXn9tQXi31sHmuIk3ySoN+1MY549KS1u49RVLZQxtZm3g9CsuOo4ruZZZbm2sp/Dsvkws371WAzIejIcjmobmO3E8SQwiJ4DlI0Xbuf3x71maHDy2d1OG1GZNklu26O3UHLMvQYAPJrtLe/0250+O6uoXj1XJBhbOUXs3IHFMuY7ie7TUWYJO5Gc/wlenHpiok8yO6mjljSW4nGx5Q3Qfl1FCMzJYX1rdNZW9y7faF3uz9Np4x0x0pbqyj1QKbnKiMHyynXeBgE81HfXVrFDJFc+ZHJB/FgEOvbnNXYNRs9Ne01aWWOTSb9RHG20kpP1+YY9Kc1c1izD0TT9NuIWNrdyxaiCwcMMDZ2HHrTL/SIvsza7GzL9lYK5xzu6cZ6g5q/A08d/LpzzRyNIA5mT5uG75Hrmq2neJYGvrvSby4VbcFkiRh/rJA3XA6E1yul7xZ5d4h0GWzuRd+c07XJExfGdqH+H2rMsZ7OOXzrWR4YJjyv+134r1jTLxrG4ntr5YpI5/3bKw4wfu89sVX1DwusN/NqaBYookBCdmbtiio9S4HkvxE8G6d4zsVW2UC9ijzE5+XnuCRk8gfTOK+JNQH2K8ksi28xnDEetfopNLbth7UBLjBJXPJ+lfMnxO+Gsl3BL4o00IJzIxlh6NIGJZn9Mryfpn2FfK5zgOdc8Vqe7gcWo+6z5vu91yAGG5TkGqCWixxt5bY2g4FaEi+W2wtnbwcVVbPzFuFHTFfFzg1oz213MQ3Jt5QrHledvtVgTpdx7tgGeGUnt2rQNta3BDSD7351BHZKssjFQeP0rnaHHcgnghjdAECcYxTEEZZVlGVPA9BUdxd7h5QwFU9uTUivC0e2N898HrWbNCX7LBJ+7HIz06VBdK1uwjC8ds1ZgykuQu49cVZmY3XEvX8sUgMK5ia6gaKNtrHjPWucuFaFVjY5z+HSur+xTxybmbCr0A71kalayzyrn5QnAz3zQB//1/Rrm+k1K8sY/EHiSe9EYJcybykPGcKCAo3YxkA+9ZXi2z8J3n2aO+vLho7cltsQIMgbHqCB9a6ibXLi88Oz6/c+CoZLzzAWuZN6iVVG0BEdSDjvg5JH4V1HgjRta+J6LrEXhqy020sCRNJckBWKgMN4YZxj/ZxjqcdP1pNWuz8sZRu9b8L6HHB4L+HvhaS9uJk817idC82D1K7QxKjrnIrevvHHxQ8Xamlhe6lDotpZxK4AxAQqYDElgeo69OB6VBaav8VfFfirVILHUNO0/T9JglE8sBRliiDBeJWVyMkBs5AwpPGK8R8MeGfDPiDxVrOoeKfE8twLXAhKLv8AtOWJYpuVvlUjAwAMHI4qlSi9XqF3c6bxGo17Xhqmu63Nq0dsFWEkAKnQ/KAAAC3oBXnHi1LKLV4rae1kvMMrshB+YHHBPJI/lXf6ZrtvaeJJ49P8PzXMC48mI5LKABkktn617XpNx4ve9un0jR0W7mtGdYp/kWJjgrvJwRzxgYzUpWOhVOh8va34n8a2xt/BXh/w7D4a0rWc7isO1roOAucsi/LjuMn3Fcb481+Owhi8OT3y215HtWaODduKsvIJHXOc4P417Tqlj4l1DUbq/wDiPqMcF1o8X7uN5EBiZ8MrBY/kyRwMHJ6dhXgmgxfD2HUbvxBdG81ue1JkijYYTzSc5Y4BPOOvT0PbaMjnZ6rp2neCPCnhAR2dxc6nd3zB3c5Tao/h2cDA565/kB3Nsvg6y0TRtTtfDs17f3EvzHdJgp1+b7y5IIAG3sea5vT/ABN4x8SyQXnhzw/ErvJ9nSIwlsM+MF2+XA9yRxzVmw0f41a54gvvDD3kNhcWK+d5MckSrgtgIrqCc8n7x4HU9KsR0/m6FbW2t6RrPhu4xFIJoGtyzrEG+YJwcNlQB+NY41zQPEWreHdLHhSW2sgGiceYxMzFdqkhQNpBAJ+bvWxqVt4sbWz4avPGNtE0SA3UwEZVZMYKE4UsVPHJFef6tcHwVBqUUXiyOe7B81GjZQ5z3XDHHtigDoPHGqatpv2vwlpuiiK3mK8DdJK4BDZHJyDj3xVqy1v4c+HdIstdv/DkzXcn7kxJMyFTjaSDuHJI/ug1gw2M+q6j4f1668Y7odXt43kujg/ZWZD8jfMB1O052gHrxXJa34FuX8WR6dYeIV1qys2S4eZMiNpOHxjcy55wSCaKcofaNKNNSvc7rRvCt54l8VTXmqw3/h+08vzkeZWZsoRtGWA4xnpVrWPG/wDaF7YNbaw1lE8UkNxcGDd+7AygAxk5OeR61q23xcvNab+yNd1WNJLZTGzHaok52nkYHPt60zStN0Kxv9S0fXLnTrYMPOtpbtUwefugP39hWiRm0TeKtJ0vwp4AsvsutO2sKY7i0iEHBV2yC2c7cZzlj14wa5vwFPNrnjpvEXibW7SCMwP500yxqGlChFRc7FXAHbsMd6gvvEPirXNY0m+1QaZe6aokjVIWJBMuBl2Yn7pUdOOvHNcitnr5tdW8MWGgW11NJKZllSRVeFSR0LHlSAMDIIOetX7ID0A6xrWvwx+GvDWn6fctNKmHiC/uI85K4HC57n0zxkgjiPiP4TsdDspdM8PeG9moxtvubgOXCL1KqpY8nPReleq/Dm9tfhx4CvfELeGzLqCRKlxJI7YMu7CkEhhjLg4XFeO6Derq80dxBJdWToyyT7lZkCMfmcrjlcZOM81MG4vQJWZzHh610P7PaahbT31lcxOVI3fug+BnAx1INezSa14i1oW9jORfSSFIEBAXy4+g5XAA9TUdj4Z0fxx44l8NeDtQ86znbzYXnTy/MkCAvnCqcfexx2r1TVNN0jw9M8Gu2O7UNWZ7d44DkBIxtO3BGAT3Hc0qmK94n2KPMtZurXw9rNh4W06/zJLcxi7mIXyljdgGU8krtHX0HX0r0Wy+FHhvRtTGt+NruE6ZOjy20Zf91IygFi7dsZBAzyTjPGD5F4S8PWLlZrm7+ztbLIJ4549iqEPJ3H0xnn6VpS69GmlN4etZmntwz7FB3xBScgA9ufSpnNPYOUr+JdGutClh1O3u2j+1sYyYSUIVxuA46rgUzwkqeI3ca8u4WUmVcHYzKDxz36V3ek21vP4QvptbSUtcQpFbjqq/NjIzyOK5GGGz0mzNsRuIBCsOMnPX8KfQViW2GsfFC+a2XVv7OZXYxWkqkxhVGQN/HOAecH2pvj3U/FuryW0ekSRzvAoj8qNgxklBKhgDkE8jjIq+dcsdNti8kcc8sqMsZc4xn+IY6nqOas+EdI0K9n+2ajbT2f8AZBE7lcjz9pLAL0xgj+HFDtbmJh8RB4g8WN4D0zTdB8QeCLG8u9biIkSDYqk7uEVVVj5i5X5gevTiuqtfBfwvvfDdpr+tG78KiOF/tDLl1lkP/LPEgOT8pwAFyTXmcE/hzWbrxP8AFyTXprLVtKu7ZtOtbhEJdJDt4x/dQDHH8JzzXX6xc+P/ABjpkNro97a+IbJJBcqsbwBA6HbknCnIyRgE9fWsL3ubumvsk3hzSPD02j6frya5cWFhp8/mS7QcqVcYHGSG3HPQjnpxWh/auveIfE2p33h3VQ4kuQtoZVCEpGPkYgqSAFA5x/KrOvaxPZeGo9H8Q+HF0+eWJDIjHaTIuCGyq/NkqDkH8eahtfEHh3wpZR6lFokkEs0JkdmdtwYrlSN2cj6YP51ZOxH4k8b+NtYkOmXnhuLV2t4QBJDA7mNkb53+Tdyx4OCo9sVy9vqukeFNbsfHWsXNxoeoOWSaykt5ADFgqMnbkqRg4x16YIzUOkeIPEXhvw5J4z8J+KELXUyQz206KzFslj/rNx4POQBwTzkYrL1/xJ4y+Jt5BF440w31ppxL+fZW7kKkg5XK8Y9c+nFU42C5B4E8Gar4y8e3snhvxJ/ZlgBJcxStlo1LsdsbI5AAwT2OMc4615zdQ/G/4g33/CFADW4dI1JVEhZDGsjOQSsh2lkwxPQ7VPGBgV0njXUvBelQXGjeCrWbT1uED3W4yHBT7kab23cnJYkfnzj0Lw/4L8JeBYbXxWnxC8sajF59s8P7mPeg53qGcsQeADtIOeMg45Unc6kzT1xPCdnLd/C7xBob+FtWgeJkuIJfNjjDKGJIBwyspGD82fUEV6npWh/FL4eaTNBa/ZtfspIYmguMrvSJ+gEbMH6EAg5wBwcA14kf+E/8bJoXiy+EetwTyN8xZTIERwGUkYJyFOBzx6cZ9c1++s/FN/Y6Xo0o8I6rOhhWPLMpAI2gqAuOhHOfpxRPmsjlUrNnlFroPhnV/EV0uranc+HNdSQS7kyqAMDnIwWAxnuAQe9eizRa/ai4s5Wt/Ffhm2tod3k4VgJTtQ4UF8gjtnA5OD02/HL6h4Q0iw03x5pEOtWkylZ7q2kIYJ0JXaAVbn0AJ780/wAIax8LdDtJPEGgXN7o+B5UYnGfOcqSFbAcY4zzj1HSlGs7Dkzx/wCJE+u/CjXLbSvCOsT2yXsEdy0E4RhDI3VDuXA45PAPY5Irmdau9ak1C78SePtFt9QkPkzfbLIKkgZQqKWHU8Aeg47546vxB4mg8VeJTJ4tsItYhMXkmZlUNHyPmUqBjgY4wfevNNT+1WniDSPD/wAPddYz3kjwNb3HypG38AyVZSp56D610Rd1qZnZeG7XQvGmpX1hoXic6HNfDe9vdJneEBZgG3ADbjJwT3xwK5TxJ4o0Xwb4ri8M61IviPTIbcsZrNtr+YSy4+/jggA/MP6H1PU9M8NW1tpeqfGLSzZaiym3kutPOd6xqdrMq5HPA5Geew4Hx/4j06AeK4ZvDOr/AGvQjMrL5qhJfLVvmUgZzkcDOOePetYO+g4O59d/C7xxomianrE9hM9za3trC0Om3OfmKk5O5g2CueQOoPfAx51qWl6L8SvFus6pLct4bv2CTRJgmKBYFVWJY7eTtBHIIySM4rM0640bxhaSa7fRvp17FIIRPGTt+Tlcds88+nrXtGpa23grwHpuq/EXS7fXodaW4WFA6pKkCoDkMq5HXOQM844bpz1aKUjRVLHhvjjxZ4v03w0PCEd4utaREiy3DQQhkKmTIBZV3Ll9vOeTgY7Via34es9G0iw1fTtUeyfVomKRXCBWikiIBAIJ+VjnBIBx6849L+HFr4ctfDi/EnQ9e+y3ERmhvrC4G0KZDtiA5+dXGHB6ZAwcg4X/AITTSPiDNo+i/E/SHks7YeRZz2weMhEwGA/hJC+nHTIHWs3Cy0LjO5y2l+Hjc2LXPjmz/tdobdZvtdrISwRcsMjhSOcbsAHtWl4Y8MTeOfEF5pHgy9GoQ/u7h7e/cAMAR1Bzux0Bx7V0HjnRbD4YeObbTvg5fnWYL6yZZrJ2VmVAAed2Dzwy9xgjJrymC/8ADEOnaH4p0PTrvStY8u43uWbymniIAdWJweQSdoGMjOaVL3jU7XxJb3Xwv8f2ekRv/YMu9BcS20mIhHJVjw5qj+CNM1eSzTM17clINatiCDEUG9MbdwIORkNgknHK1ysXhLxvrmjadf2l5aX2m63GXaSNiTG6NyHzkhtwwdueQc7eM+peFND0i/juW+Ht2NY8P2sUE91ZXoz5j+hWROf79WYml4t8KaZe+EH8Ya27X1zaATNqUQ3iZR8oR8Eg44Hrx7mqHg/xBqvi7RrbT4rJL/w74dcLJtcwzD7Qfl3NncSMELtHAHPrXB+K/G/2vR9U+H3gu/SxSQSyTWLqFR2RhJ5cbP0wR2IyOuQOOd0DW9W0XSIn8ibw/e6nGFjc7o7efA+98wCsOcj7wGRUdTU3viZ4i0vw34pvPBum3ja9oLtFd3DBdkiXB+VkLDByFUZ6ehGQap/HjwdovhbwukvhDWzqNrf+VNb27AmaNTjc/XO3kjlQR0OSK1/B/gnVNaubm819UsPsSrM805Gy7V9xDhzwQAN3J7jOK5fwVoTfE/4jxeErrUE09rm3nkSVkLxqIBnYACODzzVVI8tzSCTOe+GNrb2uj/2Rrdul5aak6Tu4JWSJ9gGAQc9hyCO9UfE66v408dzXWvR/b7TT4/Le4to8qtrESUaQRjAI3YY4Az+Z66S38Qaz4mHg3wzZRfbrFp7d/Lb5JmhyDtchR0UkZ6j8q+iNH8GaJ4R0261zwJKsGu3dkFu9EuGG7y3wkux5fm+8MjJOcEcdK5pRbCXunw6ttb2slzZWcrIpYiKROGVc9OOx/WvddN8IRXcun6Hd3qaHrWnPuW+C77W6LjJRwwUIQpA7g8+tRaD4PbRdOfxBHai7vptyrptwvlMq5wCTJ0z15XGB71N8PJLqX4ceJdWkuE1GO1u2W60cptdH+Xayty4yTgL0+UjqKkpHOfGfxHLo9/L8OVijYThLmdoiAnmt90kgBiQB37gZHAr0vwr4y0iL4E2PhLYYNXaRtzKvM5ErbssOdwQDr2A9cV4F4ystCs5LHUtFcXRuE8xy3JiKnhCO3OapeGtT1yxurbU7sxxPHOZUzja69MfQjitIT05WOqj3Lx5q9/qPh+y+EcMgW2soBqNx0zI7E7VbuMA15GNHkm1FrnVJvJtNLjSYIo4KxjIIPfFR6prV7eeNrrXpcweeYonwSRsACkZ9wM1Fr/iOwuriXQ4iVWSMJvPGQ3Vf1o5UYnS+B7Q6tql7q2l622lyYcxyx8S7HO3HBBBIPrXumii50O1XwbpWvRTy6lEfORyA8nUnLHcc4Zu4NeOeFI9I8HwS3klvGZI9rshbJYpzsAYnrz2q1Bq/gvxRPqfinX7Ca1t1bb5CuSDlRwCNvr0yBW8URNnt3jTUfH+meK9M8PQX1pq+i6nAVV0VGkkaJBu3ryQQ2MDPIqhYahrPhKb/AIQu68DQaxPq5NzAhVX3BRljtVX6BeVypzwea8U8Jad4AhvLyeLxNLpsknzWzvC29MZyCycZPtXungDTduhxeI7jxMJNVieRFvrhxiLcCBGEmYqRtYnrk84I5q5QRlzHF+I9Z+HcHh2+so/Dlzo+r32JzgFEgdTyiZZMrjIAKkjOaTwHa/B608JnX/Emt3lvd3aSwPCifMjFyFK4Q7vug5BIGcGpvDmo/FfV9d+2arqNsbWO4eJ5MxOi54ckqCxDZ/wrB1rQvFcOo3NhdeG7c2cVztiSFk8omRvlYDdna2euBgdaomw3RNSa9ismTX7qxtrS6EbPuY7IgcmRhvOcA52546ZrvtP0fUNZ8aajJa6/Bq1tHF50M25V8zaF42ruAK55we2T7ea6zHrd/f33grS/BbpJFF50q2xBOwKGLjy1KHII6E5Jx14rp9PT4eaZ4N8O6zqFjqOmXs0c1tIzq7RtJk5kBY4BGMqABkHJHoGh1er3XxIi8U21jqWn2eu6PqcGyOGbytkgjUOzZZcIyNjnaQf97kaV54u8HeC/AF14N8QeBZYLPxGhiulgmLpHLBkxOxYLhsnKkEEkdaxfA/hX4fajBaapc+MJ7G6t7gmUTRY+VSChVjgZKnOdx+lbur+DvEt1qniCPQfHFleR6M9rcwi4Ycwg+bubduRTHg5P8e3t0GMknoxSPPIbX4L+ErGw1DUNGvLeSYtbzK295CG58zO4AFQOMHrxio9H0jwVceHbmbQvFs9k9vcyzObiPaxiXlFxlPmCkHgnOelaXxT+Kni7WbDVfDfiLTtO13TIpEa3vIfkCnhgy7WbHpgcD1rltA8Y6b4Y0G+0gfDqXUNM8VhI1mMkrRb1zjYxjYlssMYYcitFsTCLNnVZtB8d61pWi+EPF0V0ktm7lJN6MsiNyDkLuYj5scYAz0rtbLRPE2ty+HfD+g+NbTUHs42UgyiMYwB5JxuZsAfx9h0GMV5dfWvgj4V2PhfV9T8Ki+u2+0PcOrEq8j9IctvQmND0bjjIz26Lws3w00TTr3VtUS7s7K4vvPhigDSAwPhljBYZ4BIJZlOPfJrRrQzqRaPdtQuvFPhrwkdJ1mKBZbd9sbIVkKZkyRx8pB7cDnrmuQ13UvEGnzzyafoMmnf2XG11PLPEIt427mYrIF3cAnqT+VeeW/gnwt4w8XX9h8OvFht1vovtdql3FJFlwcvGrnklRgg4zgkDOK1LnxH49+IF7p/hO51+C/1O5jl064ELRKcgNvV8bQSeQSfesOQumcLYWWm/Frxjma3mtLvma4u7YExARgbSytux0AABBzyaytRvvEfj69mtdKkuNUbT4AssbsDJiE43YYgtyQBjJPpXoosPit8EBFZ2VxbMkjCa5jKLM6K2AvGclGwR8uSOcis3SNHhtrSf4sTaBc6dex3LIHgb9zN54AZ2R8lVy23A74INVKelzVHzhqWlanfahc6nYiOK8hjVY2c/d4wevHAPStCGLUPDGk3Fr4k1SAveRblt4trMQV7/ACg5zkcVP8QLnWNG8SJd+Jo2jk1Z/tLiFgS0M27aRtJ546Gq+p3Vpf3Wj6Vb6DLPd6bKZY3mTcJoS2/a2PvKe4PSuNs6EYuoarc6RbWFnrq3H2a6iWWJMZ/dSAFeDjgjpXJfEYw6holiNHja1tYIisjOQSdxHXk9e/1r1TxvJqV5rEd9cRpa2llCqW1vGVPkqoA2jCrkZ6ccDgcCvH9cW21G61Wwgc3PmRoY/vKocAZ4453e3alYqLtJMyn0qLRLK0ltriOa5vVEbIGBCqOc5z64Az+ta3inRJtMe0t0+zw6g6ZnWJV3A8D5nH3j7/lRZeGNMsre2/tItLc2oDPDFgnj7oI79s/zr0z4b2cWrXOsa/L4U/tOKxieZnmcpHEkSlnyG+R22nOzBOBkCix0OSPKZ/C9lqOrW0S6z92FH8wxEASq33cbvT5s9O1dd4f0TSdjXd3C99eRnIL8IGTqR2OeDyK9c8IQ6loNpdfEGwt9O00RSySWxnVR5zOHWSKMbt6hVBCgYJzweprz7VIdY8QTslvcoLjXJ5ZWijXADyMSwB5IUnoPT1qWS2WvA/ifSYNXvba7ZrOw1RHdyF3ASgcE4BJHLdsV7J4J8JazdeCbrxx4f0yOcadOLdZpJdh8xwP+WZIBGGxn1B9M14pN4W13wfZw31zbrDcwyYw43KwIPf0wK9XvdOhFjDYeJdSuZRtWQ2lqCYXfqAF5Ptnj14rrpQ9056lToez6Ho+g6v4furfxRcvdX+oQwmM2p8uO3kQsZIzhyrjOASV6A9DzXnl5bt4V8QahaaBcmzna2CIGAZbiNhu2ENkHH6VasNYilt7S2t0XTdNTHlR7tzb+eSTzznmvNPGGqLqOqXPmXckwgMkId+oKnblT3XjjmnUglsZ0nrYx9c8PeBNRs7CRLeXTtQmctM0WWQtnBXBOOTyMDgGtvTvFujJJHpPh3xJewroisTE5eNElUlTt6Lwfas+10zxCuh2uuCyE9gZDHA2V3SSxk8DqQcrjOB0rznxLLqOn20+tPpAS71eQpOFRtqlj8pc8bc9AMjJrE2Z9xeCtY1xtF1LxvrPiFL23ktZLdJFCp9nc4xkqACM4+hHHTI8j+F+qXvibxcy+NtYD6NokEyrdl1OzzSMFXKlmBKYyc4Udhisnwxr3hoeBjoU2lT3thMh3+W7BrefAJJbgFd5XnOPY9Ko+Kbrwlovw3ttGsdNeTVtRlZppDuR7fy2wP4R5okTnGcDPrVxeljkk9T17wT8PNS1Pxdr9xp3iez1vSdLkjmS5DhDMz/MD5QBUEKjA7TyRXIeNvC2vfE/xFc3um+JLW5NjHutrdmeCERKcv8xB2tzklhkgc8DjZurjwl8L/DvhazuPD0txe6hZRy3JmZtk7SIrfumJ4KluQB34xwRcvr3w74B+HNl4kmtppbvXTcQPCfmD4dlZGfgLlBn1Jzim4nTeyORePw746Wy8LHWf3tmohikceWEIIU4ZhggFQM5PFa3inR/CBtNK8G6x4gmk1PSCrXU0IaWCYsCMAHIV0HAIHHOQT05Pw34f8Ppol/rFzBcw39iy3VsqsrJ5L4J3/KWwuPX+tUtNvb7UdduZrbSvttvd2nzwo4U7FcfvAxAzgnoOtS4kXNrU9f8AC3h6C58O6KJpGkIl3YO18jAyGIP6V3HiWz8FeDoNPutOsLrVNMvVjmeWZVEkfmrldoZUyGAyM4x0zmsLwpq0Wt65aaXNpFteveRSQQz3K7IwqrvIZvLfdjbjC9SfWkn1z4oRTwtqjWotYJzbSI6xGK2jR9ic5ywXsQT0FRJAeeePdXuf7SS5ttAMdro0EkqRyjD7WBDMRwDhQMAZx61hfDV73XdW+2eGL+PTXt4gssTO0ZKsc4AUfNjH0HrWvrth4n0WS+bxRqBkt7ppUQBg5eNiTwOwx2HI9K80+Eev2Hhnxq/jSW2+1QaNG5MTAYkEjbQG4IxjOfT0rZfCa/ZPqV7LSviZ8RreW98TRIdNsnjmS5GxQ8DMSA2UUjLFupwFbtXhZ1LTPE3xFtLOeWUWcrLBO1uplZduRiMcg/NgA4xk55ruLfT4LuzPxO8LaBLY6UbqRjCCZIkUZPPcIpPBxtHQGjwU88kPinVtE8NRzyxxG8eQSiMxSYkfcNwOe5AGMYwOTVQsYpmzqXiDwVe6tp3wz8P+H7jWbqzuI4UuXcwNcAqdysCFbcpIGWA+71AJrxz9oufRo/iLb6PpenGwi0OKKEkAr5hYK2dpAxt6Z5Ldc16L4YHj03MXjHUEi0qOSF5odUlhVS8ikRoGI4GRwDtGQOM5zXjfjXV/Eur39nceMrkXkm7zI34+ZMgtjABxwOuaKstDSjT965b1CWG3028sYv8AkKwkNFKpOCCQSB+GetZ+k+JdY8EaxqEc0UV5qU9v5SyZLiMSAEkEYyy4H5enNVrRbzWIJtSs7ctbJKI3dv4M45P0zXpVvoNh4S16d7G9+1+H2tlZ70ReWzOwyBtOT149unOM0RimgqTaZF4C8Ta94ahubjwRcyXevPG6GXYjIImZWbcJQRjIHvnHSn6PoFomg6jr2uPDeGBMfY4pNzLKxwpcr0xycKefWuq+F0nh2bw9rmkyW8dobmGWK3vpmCSKepX0wdwPX+HHNbk0U3h6azj+GrGXU1tEXUpBEnl5G3kbhySQSSeuRg5JFYOGthxq33OKk1zTk+F/9j+InuLbTGuGuFW3CF2OAFT5gSfmBxk45GSABjH+HWof8JN4I8RaBr2qW+kofJ8u4uCQXCkNszn5gNoxjkZJ56V1Wv8AhTQj4Lt9Uk23z3zKIoTJyhBw3A4KhlPXPPFctrfgxrfw5ZnxsJtJt4iWsRCnyThlBABwQce3TPJFGxMaiex21m/jRPAtvP8ADwPNHsYagYTC2BAu3AV/nDEc/LyeDWZffEHT7jwVPpuoW6anc3MyHdOvzxBQOhHckcHgnJzWQnigweH5P7Ahl0WWHy/NuclJJomGDwowVc4/DpUM+ozad4MvovBjvfQ3ZEV67RHam5AD95RxyAD0yaC6R61GLDxN8K1m8aXlzZ21uy/2RLAsbqRswImB+fClSue2euBV3ULbUtZ8ASTeGLZdHbSoozdsJmja7BQKZBhVA3D5iCT27CsN77T/AAH8NbPQfFdvFr9vNKJrNFlMMsZnQvuOBnAYMR6/dziu+1v+y/FHwvt5PFt8uh3OnRCO0hSEyeaAF8oZ6ncFAzkd26VFhzMH4jXujeGNLgj8B2aanorIrXcwjkdYZGAUhZzwSWPJJ6ADNWNZ1rUvCXhCHTfE1uLnT7yMSQIuMqgwQPrkg5IOMnmuU1u88R6v4AFn4TsWtvD1oTHdlpULuo2sdythvvHJxnJNee+LLG28NaFYGHUU1ZNXjIDJytu8e3KBsksQxIxx908VrCAiTxdZt498O2+u29xBoyacrJHC/DS45ODwNxH3Rg5IIGCa0tT1eRfhzZ6B4aJvmkhgW6jW2LiORQu8jjqSvJGRgk5xXH3eiyatp+PGWsPptuyBrFo4i8UxxyBjA3DOMnHXk8V3niWCe502HVvhbC2nSojC8Bl/4+AQoDAMSqsMMcDBGe+KTH7MxLvS/Ch0qFPElzLFqSKpXygfLYkjOflOCPTjFdx410TxjL4Hsbr4fXMqeFIw09yGlVTuQlXbDHd68DOcH2rlNXs9N8K+EtPi1G1j1yfVVkdZPNYNb/dAwMZLBjwPavT/ABwl94k8DaZY+MrNPCU1ihayhhhI+0kBQ6YLHb8oTg9Dg+tXLYiUjxf4myaZ4XttP0oW8OpG4jaW3nhlLCLoB+82kOCcnAPQCqXibxFq+taZbH4gmaBoYgbNIUj2t0ySO2AepPGa9Q8ReJ9QbTbXw94LspP7LtwBvuFDEHaRgZyFx65/lXIeJPDcOj+DrXxNrE6a+bomKKASsTbNz1PPGQfl46VDFE5FdTg17w2dI0NY9GLRhJHuZdpuAqgEkgY5znHXiuj0O01C08KR2+iSfbbQXBF1uRCkU+EX5Gxv/HOKxdbZo/ANtYeKbg6UQVn06FIgTMQhHzsoyMKxGSw9a2JBqt74ejtPCwi0nTQizzZkMcjKVzvY9MY5Pc461mzWJ6f8SvEl/oE+lt4leLxDfR3CTwyIRGVAP3GVUP3iCOat6jfaTrOr6LqXxBsJIp7ZHzph5jXLfJuYfMQdoOK+fo9WlttOdtEB1SzbKyzsjSojKeGyv3SOoJ9a9F1nUb61jVWLatqsxCLcvIzNjHC4JPpxzUtA4M434leHdIvo71tKLpq9lLm1ijZRB5DsDtJbqVXOORzjrXE+EmkiZYddgF7HGUZwW2s6ZBdAw6HGRmum8Q6iltp09pqlvJ/bFwVDBlAEZPzZz249ufpXm1hri2uqW93I5lt49ytjGdxHPXrXFVp2kjqpap6npPiTSb2TUE/4Q/SidNlVJ0j3ljExUBgWY5OSM9e9Y3jDw3eDVbaHT7WN9P1O1juVKTK/lS7QZYm5BDI+Rj/64Emq6fe6bpKeJrXxFcx2d0PMSGJnUAN0B2sOuccgYrCSLwpZ6W3iiWa7vbqU4MLJtCEcs5fgNyOue/IyK6Yy0MmtdDG1J76a5gm0+8htBKojuPMZRtYE5JznOfavFPjFf3eqSwQ3jIZdNZ0ieL7jo23kZ65AFeuxxWeul7qHTsI7NlnbaFOM9jzz7Vx/iz7RN4cIu9StnG427W6YaQJggNkduMdutcldXTOvDO0rnydcozH5AHx1zVdCqEh/lB9K2biJUuJI4jnByOO1Z7AruZl+X1rxKsT3IyKsj5z/AHU/OiE/N1ByKVog/Knk9+1RW6BMxsc4Nc00dNEvFHDZLD5qtq2FC4ziolV2Utx8tTRPtJLDORXlVFqevTWhMpULuIyBUsbK5YjovNRoSR8o4p6Ftu48BqykjoiOTBYt2NPWQ7iAOneo1TcB6A1MYmGQSD04qGaIkDhQfUU/MhYE9+1MTaDk9utKGO/ceAO9Yssk3KGO4cVWKsTlR14qdnXPNOMeMFuM9qENMrL8owetPf8AvdsVI6BAGXmq+dwyp4zVljM5YbQRmngkZ7EUVOyrxtPagBoJODnGPWmM5PzdfanFWJ3EdBTeAu4Csp7gMyD3x/OlRd5APC09QAd2cnHSmqRHkk4J7dagCdh5f3RgetIHUgnFRlsHIHNOL7U2kdfSgCPLnknBpjSFTin4A69RUEiEkba6AHl96kAYIqLJHB5K9qmVcKAe3pUZ3ZLflUshkWAybwOlQTNwGHerOWCMnrVNicY7VVtREO0SjBJytQsyg5GcCpSGGdppnzHrW6Mag2XccDselNCZfnPyjmnBz/Fz2pN65A6etMxFYxt0zUZjbsKmbjhefeoTuzwc+1BPUX5TwTyaUpt+8KCxXORjimffUEH5h1zVgJkY3cgUo2A8dDUbdA2acQQPvda0jsZz3AruO1c8UMpR9w9KMsGC+lKCNoLjkmmSSRI0xG4bc9a0rK3bzhHGu75hn6VTAZj8ua9Z+Hug/wBoagZHgM6DAbAO1fQMe2a68PBt6HBiaqitT3D4W+HIrfQ7nVLCYzT3BeJo8Y2lMHBPfsa+q/Dl/cRWOjRajujub5ZLedlOPmjJK7uxJAH4mvHPDvh+70+2i+xSpaoSP3C/MCwOQTj3719JQ6zp2sWcul6nZi0juQssRRFLJLH94I7KTg8fhX1uFpWSPjsfUvM5/ULjX1Da/qU6XNm+NOKQy4KsCWUMuPQHrn37Vu6Paxx2MvibSA+m6rbEWokEgcuhA3jaw29Dnp2rnZ7HXtEuwfDlut/ZaqqOvmLykwJBUnIweAcnr26HPpd5Noes6Vph1HVoLG8aWO3vY5EIktpWXOSMjch/v8L79ceijnODttGutRhu9O8RTyRQzXDTQSBo28wtksWHOD37da2EfTdCZ7fw9BLNauiQ3Myxl0B5X952BPrjknioNW1bSNBefw9d2ialNZOF+0pOQjDgnACnjnHXrVVbXXrLV4mhuRoukatbht+9HjfHIBVjwecZ4Izj1FNRIlI7XxN4gNj4UTwtdzJpt5E8fkp90XEKN/Af4WBwW55x7kVyF7/ZcDppkFq2qXWrtFH9lkJXG8EFlfHdvf8AEYrj/EOsaJf6zb3tx582o2ieTOJG82J8Z2lCSSOST6dMcgk78ureIrO4tvDUkB09tOXzoJmALqDz8kgJG3d7nkY7YqZRsRuJ4xh8UXfiLSPDlva/8I08ahmVTz5JBw3yABgApAX+8CCc9OD8S3cVlrNvpHjZn1XT4mYCQMcMCDtbGQc8jIzxzya7l9cXzpfFN9eya1fx5t/nclgBk7Vz2G7txzxVXSvE0tna3Vxr1rEllfKVQzKCpBz8jA9QQTmiDN4xPAEg1LQ9anv4rbzNHaV4oX3BysbNlM9+mM5rTu9YuZJvt0Rwqp5eDxkA9Op/DitW2jm8P397ZQ41LS51UhnO5kGMgjnHUnOBXI3+nXM8QuNLcvbtIdyE7T7fy4qqhuUrHRPtd5LeM2WdshCe5ySce9Yuu2CRakdWt38iaEhCE6FlPU/UcVp6o93ZyW13p0m1lYBsn/P0qtr2o6TqNsk+n2/2aeR8zKeSe+7864mdMNi43iK31+Z5NYGy9hiAiK4AOzJ4+mc1uahfX974UAlmLqwAIA4IB9B1rziPQf7Simvon+VMZYcd8ED39a9d8DQS6kYzeQG502OWO3kXBwqnA3kr0AzmimZ4hckbnY/CzVYfBi3sVp/pVxdQBFRkJMgJ3ZGOmB2Paupi0Q6n9s0KDT4LK2vMT20rKcpJgZUMRxz1X0r3CXS9Lh0OG80nTbPTdX0wJbNMDtaS3UYUleeT/MVxmpyQ+GzcPrpN5dRqbxI42OGxknAx164A71006ZwqrzGVaQx+ENXt9et1TUjLB5F1bzruVXwAf/HgOoPfueOfsJbjSzc2fiuPz57OJbi3w/3reTIIyMEYxjn+WCcxGXVJbvWNPuDbWt4zDy9xJQv97kfWtjwdNrPg/UXiiTfe2spcMyfM8DovZs9RnH6V1xiZTVk2d5pulaLrEY03wtqi6Jb6sgKGbcxSQceWxzkE4I64JPBORT9e1jxNo+iR3EujPqPiDwq/lXdwoMkUts2/a5RQp4yMkduTxnFm6Pgz+07i5thJqC6oGuEDloTDcuxcqcYGQee69hnrXReJr7xfpmnLfXGox2F/Y27yTQu6ZuIgNwOMsC20ELwcsasxPEJfEfhvxSZvst7JpUer2pVo4FPlw3GANjKoG9Tz0xn1Gc143Bqtxpg1fQ9Y0kSSXsXkCR2KqpXcPNTKndyQwwRyBXa2lv4c02K5Gm6bIgnYzQmRmASQgDAOTkZ5rnPGGp3EV7BYa8weR40lzGAMZyO2BSk7K50RdjnL9bhNGksXuXlhbCgk7gjDmvQPBOmXt/pNhpEkn2crMZYJl5y6ZOevXivKr211O8nS30JmnildPLQjO9m7HHvX0V4VksNHs4tN1y18qSeBR5rttNtMQclSO2TXKneRcn7prwv430qK51W9kjghjieGe3RuZoQCXO07gCRnkYat7xDP4P1DRLaz0zw8uiG5j+129/O5dgXjwVDn5sAlT97GB0GSK3tF8N3usQXHlymXU7b5HOQ0TK2cZGCDkd+tXPHPhiGLQzeXlytysaJGtsg2+S7YHABPA78V0rdM5DwDw5NJdpPPZXko1W22rN9pbfEysTt2tyTwKw73Vn8SazNp+rKy6nb/AChsfKUUn7v0PNbut+GIzeQbwdMKRruEY2tKvZsgjPTFcBp873mtRpc3LiNN0QcAhhjO0/y61pVqG1JnVQWUN1HPp2kn7NcsA84kcESBck7SxPTOT04rp9c06O5sdO0nS0jmt1ClL1sMyScg/MD0wBx3rQkjk8U6To+m+NS8Wo6IXWKK3RT9phYKFyV3ckIM9D1PGa5XWdHs4rncouLKK1RXew2ssjBCTvCnoSDjp/OueWomzHvfDmrwXN3ZiRJFt4zP9oOF3pgE9zzmuJ1XRdc0/QrXXVhMVpqMjIHVgC+ODkdeCvpWrL4h06XULy/kec6e6ny48guJABnPOMZzXN/2u2sG1tLu8knwxILE7YweuATxyT0qeQ6acju/C/haEWsF5AzS3bn5R6Y6DHocHvXvHiDRYrCzttD1eJdDmv4llBUCcHnswORyMdf06+G2dxcWkCRW1zJbxp3jOGIHXB7V22k/b0SOa5T7WsnMcsr5k2sAe+evWrpRsZVpnT3VhdaDY2t1EL3WtNvGCO5R0giOcHJG5QeemRmun0nSfEWn3E0WliDTGdAWRtsm9VzggYbnk/jVS8vb3Q9Lt10vxEtzpmpShLu3RBmFuNuVYtgtyCRjJA68V2GkeKtHKMpsT59upXfcEKSD/d59uDW1jFz8j511/UrWbxZcW/iK2P8AakJ8l7iTKK8ZJdflGAAd2QcdKxIo7/T9Sv7bSwCkm1fLYEptc9T7D1ro/HZ1Hxh4qhnskSfCLbqiHOxNxwzsOg3MSSelP8LXVnoOqXVj4zgmuJ7MmMRxkbWVlG1t4IyPTp785FIrofQ3h3VtMvreNNXY2d7bosU8NpHhZIwDhgTkcZxyQRXRw31zFe29tDbtcQWgLQXUjhXQcYUKfz7Csr4b+K726sJIdO0y0sIELM88Y33HkZ5Bzneao31tar4gN/oF42pXKuJ4o5AY0BU5MZU9R2PtVI52cl8VNcTxNcWV4mr3MguIRA1moKorLknJwAwYk9c155pGp6dZano8PimJYILJmAliBLqAMKCBzgMAe9e2+KpdRg0l7y+mt9DsGGVijXzSG7ID7dOK8O8MeKtGj12NrCBdQuLhDmSXKGPbncQMDORWu0S40j0rU/EV/wDar19ItLdrNImAmmX9+ynk45A98YzmqHhnWLWHQtQvI5Lm41JdwV5iWjC7eAecEE+gzWLftbm6uby2gfUjbsZY4FyoxnO0nB6fSq9trAvdB1C91O6i0LSr1GG1fnbcP4CAMkjrhRmuWD0N1RPALKZbrxPd+Ibq0jtVcsogjGEGeCF9MV1WN+uWt3as+myxlZYmdNyuyNuU88GuW8PRR3tlLLdSnyo3JLr1GR79c16fYXNpqejWC3NxGZ4pfLjZz/yzXjB7A1XPcKx0cOmW/iq4uNUurOP7TIwEjxMy4YADgEnjFbeiTX2h6qNHhuiYiRmN8uEyPlK54z6gde46Ys6iVttb0u6gjFpY3MTRIsJypkUnJYdOjL+VOdLmMR3vkJOA/Jzh/l7+9aw0MCTT0vt00y2pkihd3R1bDK+4nLDOQKsfap77Sbi607V5YbqaInyvuiSVQflYZwVPSudh1Bmub29huHt3UvlRnY2eSCB1x0qlpDaldTxJcgRWUwJEyD/UqB6DrRKCY+VnqllfTRWcGi6uW026vYgZZusUTHIBDA47c+5rtxfQ2WmW9n4gUX1nayAC4i+WSQg5+c56HOM153pz6G2lag9pqcfiC1SLPluDHMJEOVRQwJCtjGRmun03X7W50YXGhxyWmsRx7YbZx5igoeCSygEEdc9KzSsPk6nXandmyjbV7P8A0uFsCOE/N5EeD0xk5FczqfiONfC/2WOzaXT7iUyXFwQA6lcY4J9RnrV3U9Z1HUdLjspoPs+onY97Iu0RsADwuM9TyemMVjr4pmv9Ime5sVtFsd0UUar8swAGH5A+8T1pweoKPU8Y1zxnDrumXulx6cziJMwsD+8zggEjpz6V594Pt1vrpYrlnkSMGU7vQEAr075ro/FsoN9b39huhuHjbzFB27iDx6Diux+ElpZzx3V94pkihjtjlIZTtaYY6Bshuo6Vs/hND2m21fS9Z0K2upmNu1sfKiiPOGQZBB9D/SmX2ny3kkU2pooR9vmSxkEqmemPXFYOlaHpt1rV49xqC2bPu+xQZJQ5OV3Ng8L0/Gu7j0rTls10eaycXaYa4ullJVnP8IXkbf8ACszlMbxH4vt7jw7b6LpVxMYdPZBAksfzMVG0Nux6E9T+Hp5Zqnie4eeSc3jmcKDK7kkjtjJ6jHFd5rEEWkodPuLvzJbr5dpAzEjZAk/AjrXmtrppv/7T0Wze3uobeJp5XJ2vIqEbsYzkqenQe+TW9FaEM9I03xBoltp4ltrgDTpgGEZJxKwHzID15IrGuvF2m6xps0ek3E1vOCQLOT7qFR95e3t1z7Vg6c2nXOiRW4iAWykKogx06gj88cd+1c7qqSS3MlxoqrJPKNrODzERweP8Oc9q2BIrXOoaRJdwzhpZ52GZJCDye6knrWXqtyb07mui1p08vBwnpUV9LLthTI2IXyOPvH1NU2juWst6Kq+WwJUnlh60G6RdluorJom8wxJCN0ZGTyOgI61lXnjq9ljezMquZiGIZeQAc5XtWpcz+U00TQqwZPlLHIweCcVwtvpaXmo2sxyVg+9x97B6Vi2PU6G13xajaTMyCBCG3ucHOT0Fek2GreXrK7YBKkikM4bGFb9M8VzqeForvTXEyuZFkDFhk+VH3P8AOtVEtdKvrSS6DG1Rky6gjzF4IOP51m43C+ljqIfD9hqLSXETPHKSCspBztBzjFdJqGgFksXurjzGvGCwoP8Alkw7496v6Xe2Ek0kwDyqMG3VV4xnv+GK2ItKsrizkIunEqfMCf8All9PSrcbHLLcs280Gl2Eeks4KL807kclz1xg8dKhsvEZ890EG6BvusTjBHGT+FYd6+najpCm3nJmtZc7mH+t4xjJxnrWrBbzRabbmytVvBeuA+GwqMo5BPbpUeozrZvFOjeJ/BFx4cjM8MzPhyqDDbTuGD652ivN9O+Des3tpNf6fqTSCyUzSqwI2p2CnPXjJrN1+5bSNdA0CJ7VNynZnJ80HDYHv0r0a08Z+JNI0uTSLu+S3srgl/M8r5jvG1kyB0I9qtKVvdKkuUpWUN7qlut7q1skU5OOGGG2n0HSujaG7gkQRKxjlTbt4GG/qK4O21OOGWNoV89mcFifQn0r12wvrXV1N2Y1IhAV1HHGeozW89Ec71KV9DJY2ceoQfNE+FkRuqPzkg/3T2oZrf7DLd2Tv9lGVkUjB3Ecj8sYIra12LTl0FTHIk0byKjMhzhSCdpx3BxXnGo+JZNN1BYrSLYjRqoU5w3uR60L3irl+8v7BbFWRmN2jcBsYCY6dxxXM+bLFL/ohz5w3FgcEZPIAHauB8a6y9nq6WsAk+z3UfmTyHOA5yCFORxxxz3qXwjrUela1FJcQR3FuOY4pJMGRiMY9MY6cdqs09noepSyTNLAtzI0dnEyyGP/AJ6gckZ7ZFR6j4b09r2HUGt/3UmGjgbDDnpu9R7VPL4j0fxDpl4LK2VdQjDgQg48tf7ysQAcenGelY3hnxdq2nK8NzbLqNnejynaRmVo0HDbWH16H0696lkRWpzt5eL4b1k2+5bffGSjKPlTPbHb8KlXxFbaxFFPZx+QbdQJiw+WSXqcc8jNbF4dO1vWZdFvLMpp6oXS4bhieqrjv+Brk7TV7OwvoGktj9jtZeY4lG4lT1IJ55osrl8qR0Go65p4sLa/lU2s4kBWBEO1f9oduQM0Wmo2dzdHULa/ivbm5G7oAI2xgrgYwRWrrdtous6WmqxTkvO/+rxkAd8gdCvavLYvDs1rf3Oi6Q5gjlYSPK4yuCOcHuc0kkO1zr7e5t73TZ57O0Ek8EpW4kBxtI6jH8QNQpJEbyMXKEWqgl2Xqx54AFcDpZ8Z6FZXVwoSXR4Zv3oP3jyFJ9RXWLq8Q0o6pdxCIqxCInIcDlc/XnkUtOhMlcvpdnSLmO8v4RKkQM1sx5Mqddvsecc1rLf+HvEWk/b57eNZL3Kx245aCfnYxUdjXOQ3lh4mt2llZhqCRsIbVQcqVGQQe4NX9G021tbrzGBWa7UJswP3bA9f0oqRW42mjn5INR8PTwxSwJIQwLyRnJ2Z5DCsDU4tOv8AXJbuxVTBgMuDyZOMAD2r1ex0h3kube/m35YtuP8AEPauV1jwO0GoJf6VAsdopBVs4O8HqVrFvU0VWxw+mpcuTYawqrKzbgwJ5U+voRXUQ6hp3l3Nnqd35qwREQKCN2/tXO6tDf3d55MluftzMAdgwNvrms421qbiVry0eOW3Xg4I3sO3vXPI1jG6uQaroZurZ5opBFMAGVg2CPqMelULXR5NVsY49RXeZd0bENtyMYJyO+K1p5Yvs3nQTkTZyVJ4CjtW9pOp2NvAZrsHypAAqIN3zHq1S4pqzHGdnc+Gfif8MH8GEalYlrqzkcgEc7CcYVgAOc5A5ORz614nLceavCcKce+fev0s8daBYavpjw2jhy0fmMrZKN3BI/hYV8FeLtOSDV5WEQhlwFZcYyRxu/8Ar96+OzjLrS5oI+iwGLurHAtIxYIFJZcEY7fWn8vvDZBIHFWGx57qRtHT8akIymSCcADnrXyk1qeumZjWaAFkXcxqta2z3c4j/wBWinBb0NaW9Q/BxQTlCsY2gnJ9zXNLcTK97GNIK+TN50q8k+oplvPFcqr7Nsmeg6Cql1p9wUaZSGbsDUen6ddBjufLEfKAc81CRsWJ5WSU7j8qc9etR3BE0e0NkjnjtXSf2Ek8GJmxJ34rjZomsNxOXkJ24749apMD/9Ds/G/ivx54h0LSrDX9atohbBsKrrHuYnqxUDJxxx9MVnL4j03QPC50+81iWY3A2yrA77JH6/N2IHABNcxdzfCfS/E9nqN3ZXusaLHIDInCchflAJ2kndhiM/jUPxP+IHhLXb2y0TwR4WNvBaKJGlKkSyPLjA6biFx3PXOK/ZE0lZI/LnHU9n8BaR8MV8MS+KPFl9O9o++Ke2jDBiSflUbMMQwwTg4zwSMGuH0TUPDkWu6jc+HdGuFjd2+yLKxlEMR7Ocn5j16n0B7nU1Px34m8PeG7WLw34Zj09buNonknUuy7lO1lTC7SvuCM9fQ4PiiH4g+BPhppn2y5tdMl1S7Pl2ynZelWQ5d0I+6Pl5zkcA44rPrdgkdzpeo/EnUg8mhiK2ETZ3gIpPpjzN39K6LU9E8YaJ4Mu9d8XeMPsGo6ncA+X5oaTygOm9SuwDqAowOAT2HJ6Rog0XwtZ6nceLmecRGVrcqShYZ+62eQe2R3rH1vxV4DXwzZ2b2suo6rdy7pByqRITgZPQgjoFzznkDrLfYZFq3w08O6PJa+J7rWJPEEeoZnmUghpd65VixcucnuTiuQ07UZVsn0v4eeFlsbm4uQou3+YBge+4MMDr/s19Bsb20ii03TNLFubiONbeBwxOGOFwDg8+uMVxmu6D4pa+Flf6na2UltgtCkgR0J9wASccdcGkM1vCdj420PSr691nVotPuZCHSSRkMXmAH5m7AcdMc/hWf8OvB/h7VJ7/xN468VfYphKDHJHODJJJLyzsWB+XJ6jjryMVzXijUtKe3tYtVu3vFhk+4hDfL0PI4ye1U9cs/h3Z2jWttY3d7qDSLIqsGBhAx8uOMkjtyfcVolo0Zi6xYeB7K+uNMGqPcTNeMDcopeMxgn5gRkHPXgn61x76h8MpvE17e3eh3N9o0SFY1LsmdgG51y2eecfN+FdPe+ILbw3p8Otz+GDfNdEpCZ42ZCR8p6qQcdOKwl8S+NU0+7t28J/ZbqONvLmeF42jVvmb74ywPbGKbT2GkY1j4zste8KTeEtK8OR2rJc+clwjs7LGT90ZXJwMZO4g88V6BF4tg0Xw3PeWOieZetiJS4xG5A6s3B464HXFctpd38XtY0s6zZrDYWMCG2R2SMINvP3XDt16kcelZuk+H/ABvqFxceEde1m2h/s2JdQERcYYM2MAhVYHqdrYGCOKjlLOft9H1zxnqMlzpXhb5bd90wgJUZJzgBsE/hmuw8XxeOPF11purXmjJFZwsUQKcCU5BZckkngfgc1NbnxBout2ei/wBvJpE2qMM7ZdrKjZG44xgHBA5GT3HWur1bwcLHwvfWOveNks7/AEotNYWqyGUvv67VLqVJPXg+oJ5FdUZWFbocvYxQSaHqGgweH5ItXWUSgpJ8qx/L90Ac9CPxrvNI0vwXpXhdPF94b+0vbQeTNESFRmYgHaCoJXnPXFcn4K8EPOf+E9m8cJG1u3lNFKdrMeBxmTgZ9FxxWhe+E/iZ4s1a70bTdWtrqzBBijkmA80bdxP3Wx36kVU5dTOS+ybWm6no3jS6/wCES0nxYbGG6fzzBcRNsk8sZ5Y7QOx+8QSBxkAi/d+OPGFr4t/sDw/rFldGVWtTJEiNuZxg/e3YwemOOORXGan4P8S+By3iPXNCjdYIBGJVdHRXd1VScc5zx0HXiuHgm8B6lDeLrdrdaTr5MckNxEXKMM5JKDAHp0/E1KVxRhY9q8OiLwDaX2m634ejury1BmW4jlCSkYJGGAPHGR/KuF0ZYdf1zUNdivJNMnLmWIv83zNkkE45x6/pXiOu6pqFrrr6bputz21tMAJJSTl0xjlc9Of/AK9fTvw28SvpPg8vdX9nrzwsY4oZFUvFEPlG9eGznkZ7d6jkT942NH4iePtP1HwRpnh25ig1DU7nekksG3zJZOBGzhQDkHGBk8ivM9Ja38IaroM+qxyW2n3u+K989GIhkUA88cbjkj2HNdxrfgq11HV/7Z+zNoo3RzqkDZClfmJXjjkZ4x6VU1e80j4g6zqfhTw5qqPaTRxvEJ0wZHTaWA4HORnHp0zg1lFLoZM9Iae7115L/Q5o7nS2OA8JDqEUcBlI4pmueL9O1rSNI8IHShAbJXMtwSP3knO1tuOMAHH1qLQ9O0f4afD+3thA0WuXlw8V+6OSuwZMRRep+XGeO9V7XRn1mNtZWZTaorNNKzAMm3IUFTg8+wotfcLowtBsNI1bxHbyalpzS6RE/wC9iVivGCM5BHQ/NjPPSvTfG3iSWDxPp/g7wm8U9xaZuJI5FGWRxujViSOiqTwe/rxXkWh+L/DRjuptVkljsuVYKrAtngYI6fXiqnhqx0+bxZHp/ie9lje6gWWPUBlnX0Qjk4IB5JwKTQ1BHYfEfUPEU+m2mg+IfCSRSaw0kaiMpm4aPkfdyQQCOSW5HFVfhh/wrzwVp0fiXWIr7R7zSJH+1RcstyC2VjAIJP8ACOi89at/ES5u9a16C98G3bzfYJFZJ2baqfLhtmRwOvQfSuc8Z+K/E97pf9ieKbODU4kVDuiBDqAwJJK9CdoGcD3o6FKFjMvtT8d+NPGjeK45Tf6DdSy/Z455ABDB5hIQIeQR04B/LFdTqmr6vr15cX1+Rdwxv5bxpgqpXOBgDGRz71jeI7rwFpvhi70zw5fXGkS6s0awCXf+4GQHIJzwVBz8569q6bwH8O/iJ4Z0Ke28P6tZ3+mX/wAyS8Dn1BIYg8Y6kdeKS0VzCpc8ZutQ0Pw3K/hjxNp8wlyJ422lJFSQk7mVyoYH+le46BpWueFrH/hLPAfimCfRb+23CO4UIziItnYHU9CDjgHnnPBrzf4j3vjjxk+nR3GhPdXOlWzkTJC23ysAscj5e2T6npV7QvHHw++Imi2Hg3WNMbwsltCtvDeRMJVjdB1PyDAY/ez68kdRsp3jqNxOUefxj4s1U63468NvrR1RFt4JkjKxhY2JOxow3c8nIJ6VV8USeBNU1Cy8OapH/wAIrbwuqXRgTzDGgB4I2jDHoSQSDjNeizav8R/hh4Rm8HafrNrq9rczB7M4/fWyBg5BVuAJDyMlgOcGvHblvEE1pqA8XaZJ5upyG5EssJBdgRuMb4ww57HFNLTU0ps9b1tPCvwx8L2Xhzwd4hdtTllW5tzIVYyq7ctgDahUdMjsR9PTvBMusSQL4l8deH4NbFu+ba9BVZFbOCzBQ2cZwDgYP4V8Pa7e2ni/x9Y2mpxS2FkRBbRJGBmKIHAIGOcsWPTgH2r6v0jw9rH2w+H/AIVeJWkSWMuLCVjHh40GQrP8pztJOcYA79uapNJamro3dz1zSvC1v4n8RR+LPh9rsttfRXKn+z71GaIRxD51DEsBuAJ743cVy3xQ8TX2peJF8N+JNHiW3066ilufKJcsSMfK2QM7H4zznrXS3+qtoWiyxeNtMfRr67gbzpLcYKORs3pg+mD0Y+lec+B/AnibT7Sbxhpeq22vaKBzb3AKM7KcLtBDdM9iAaxhF/E9uhNSHKXfH3hXw01hJB4EvvK1O5VJ7ezlG0tGvUEybSvQ4JOMjFeUXXwuvZ7Z9c8aWcmjLZBW+0RAESsMZORuBAxn198VFrfxRHjn4kWg8ZaWYmn8q0EkBZVjj3kq+DkP97njGB0r6C8eeP38F+HoPDnh25i8UK0EqPEWEjkFdis+zJyMnC8E9MVouYEeb6Doviq52WmgsPFOhXQ8tS8iSI+eGwjuQNp3A9j356fJvjPwlouieJL/AMJaqk2kanaTYwCHijU4ZVyG5G0j+Kvc/AOtaf4d0e01YeIbjRnUyRi3cswjZic7QR0b72cYz71bk+Efjzx34pn1jWtHn1Oz1eYSi+jkWSQRcKXwhY9P4SBj0pyk1rcIqyOlHwL8e+HLW0sbB4NY8P29uuoGWKVAHLL+8Uox3bwM8EYx3rwDxneHVPFMEPge7MVpYQJOwnDcODlkAIPHIwO+TzXtjjSPDWsx+Hfhf4knVEt3M6Tt5JLsxQwgbUL7lGSuPpV7xVpXww1uxe08SWv/AAjfiu6tkQ3ablTMY4JBZUw+MH5c4PWrptrV6kSSOS1b4p+CPFXg6Hw7cacnhyeWeOVrqNBInmK20khArMCDzn+dai6pc/Bx9V+3XVn4rSxeCW3iicLIPtGBwuGIyW6c9DjvXNeE/D/i/wCE8LJ4j0G21bQvESJcQTFllBEPKsvDbPvjIZfp3rP1fwzba5q51/wJex2+uTSiV7CThY27mORvl6/NgjGCfu4Cl3uEUctpdpofjLxJqnjw6j/wjVybpbiK2C74odoXADkrnn2rpLvxBrPh3XtKu/FijxF4dhnkRCrIRIsyktwMN05wflyu0EVu/E/VJ/Dvh/UfCF9o1rcanqVtFK2owp9xd23J+QNxsK53LjPeuH17wfoOjeDI9X0HxYb5DFDJFZXCbWeVyolMQZlPGSeEPA5OTSsaxkZ3jKz8J3Wq/wDCM/Dy9kc3N4pSFXY26Iy92PPBOOrEAEcYxXr3wq8FwWcKyeMC+hQKJovtaKSJJU44bHzAkYOO/tXjPgrSvCWneIbtfiGlxpt9Z+SUDB0VN4LFn2AtnG3A9z+Ht2neKB4uuYfBc7tdeEVvyI7q3C+egUnewKhsoNxbkZxz7USWliuVHn2ueBLqw1i08SeO9IZvtcIlhuYZAUlCgMC+w5GAwzkA9s8VQ8b/ABbHivTbDR2tvtOj6VKCYVIjzj5AUb5jnGR/Svo74k+GNb8NeHdP8P8AgPVz4q0maK5Ro2SIm3RWB2qwOWzuOB14wBjgfNMSaF8PvCGn+MrCMPqmpPLbJDOSyKQTukGMNgbQDg/xYz1Fc0ZXG0bfjL4hXHi3QNM8FeEIphoenx/NEIz5nyn5AWBYlVHb17mrugara/DCCz1G1aHxLN4gtnjmttnlXNsF24XILtguSPujdsyOxGT4Rjjt9ai8Q3mzStVspfOlUDEEw7/KSRggnOD6n0xv+Bn/AOEu+I0vidtR/wCEe1oyedaxLDvhdNhQjc5AHyZycjdnK4NdEXcn4VaKNXwN40h8L+CPPtITeWMc0dzI5+SWO5G1DwRg4IGPTnJrZ0bS7zx3420q88T3Uk1tqscn2TUInR1VoPmaNlUgDkkc4xmvDNd8Y2ni3xLq72FqmlGeV/Jg8wyRytkkndgDDN82eByK9B0nxTrXwz8DajpxjH9vCfzJI2+eNEkACtEQSCQNpJOfpTsJQuWPHet2Wv69PFsntoEmkgstTiJXe8TYJYcMMEcfj0xXPatqV7rHjS18HrqENlqUKI41ARh1mu1UMokQYGG6H09O1dD8KdRHhLQ7XxfrU7arpzGc/wBmyoGHmtuDYJDZ+b5sYxnk85NeQ6deWC+JNQ14wC3tJHeVV6mJpH3KFxj7p4yBXO1rY6UdR4uks5tYn8PiKODXZUFxewB9w81xuIQ4wcg7vXBGQKwfiDqGgyx6Rouj2z2tuYFlkyWJhlcnKBn5Ye+Pp7cKPCt1F4pEtzqXmM0i3Md/kMHYgOd2WIzuyOT7+1erWMPgDxXp2t3Gv3Utrqeh2jtbyRMGF5KrEogTBXGAc4x1zk9KzlGwWMzUrW2sdB07Q7Vdl9qM6NKScttXIViM8ZJ4/GqMXhG31LxMdN1JWSGygMk7jg8DIUEggbs8fjWz4U8Pxy32oeJ5bw3FtYgyIxJ3bQu75gc8DoMH1rbufEVprPhe+tYolt7+/mRCwIL7VxjHc8cdfWpA8cu/t8+rfaorkyFZP4uA4BwMjpyPSvTptT8a6toy+G7TS7dNGRdru6EEkndy2euemF+tV/EWiaf4Q0VvDWozBdTCrOwQhyshwwGQSACPf6UJ4W8XXnhC21HRPESiO/YSNBJM6kHkY4Bxj0x9a2huYzLHhyXUrq4n8PyeE4ZotLUO0kUckjpv/iZxnIYZPI7c89Ou8ReJ/B994e0rSdH068s77TXdZZJCPLl3k5wAx2lTwBgd81Jpfg3U/ht4SFzoPjBH1XUSN8TmJknjU8KN4Yo0e9sjLZ7e22viPxYmmro32yzv7izWO9hgYIfNbOCWY7QpQ5xgL+XNdJjYz9Z0/wCGFt4ami8P63enWISpcLGwWYEjII2hVxyQc5HPWrNlFot02m2uo+JLnRo7u3IEoV2aGbaNhwOqknOPlxjkit26sdR1HxNLrWteCo42u7NWuIllMiSHqJEkQbRJ0BAGeuSa5jX9Z1fxCbBoPD8Z1CC4VPO3HMo6KvlkAEgEcjJJA6UDNn4TWfmeMbbVvEvxEgt9PghmSaSYnzPMdCEUh2G9Nwz14IXgdRsaz4l+LF3puuWekrZarpumXAk3funOyNmKSKA6kqdufX9M+ceKL3wCP7V0J/Ct1Ypp8sLyXNu7tJExxuUq65w2SuGIHcDOKu6DJ8JPEV9NpNprF7pt5cxj7I8sTHy5AMlW29VI6fMPrmp+Ym7HqWs3OtapoVx5/gIWC6rbQXIuoU8zySrb3bzI0GNwG3BIIXJOTUXxFh+F2iaeLbS9Cv7fUdXs4wIyzfumK9fnbB3HOTg55xiu7+F8njLTJrDQ/C/iO2vbeKKS3aG9BjUk5YEKckgnPQjjk5FXLHU/ixrONL8U2VvqTQztALZlt5I3WPOCXHUZHUt+Vcjb5jc+WNE8G6FdaJc2d/qr2dxKTuRgCuex98fWm+Btc+JUNxb+G/C+obNOsruKR4pVQxKzMRlsjcVxuzg8dRg12nxL8VaBYai1na+HzYyWtzJDcRB13KQcPgAbeD0AOPpXnPjnWfhjK5Xw/HdpdTxI+8gjyZBkFeWyeADnHfj0G/Mwuer/ABD8O/FmfXrnw5qUcDWa3EExFsY3hRpBtRyBmQAbjuyDk9eKyfGXiHxza2Nx4Eg8P2n2e9i8q4EcJfzCpBEybemMAg4yPrXO+B9S0jQbTS9Wm8ZPa6hqyz+ZBLuZY9jFUDhtwO4cgt0PtXJaW/xK0/4hRXmn6oZVSfyUmMyGJIpsB8q+f4Wxwp598VUKhE1c7nwx8avAHhVtPh1PwZ54uIRZXAV84jXHKb8YbPJGck9TnBEUvh34V6/YX2taHql14ektbyS6NtOgkkaJm37Y5FYncvOPmY8cDJpNT0Xx3ffbPD2o2EWsxyXv2qGUMp+aTggD5TnJIyR69sY7fXfC2o+CfB13PeeGVt4rpYpLlCTLEFjBbdvUnawfsT+FWpR6mCVjhNLmvfibqSacviVrS/8ANCq18GaWSAZPA3Y6c4B/Tmuk13VfGcM958IPBV4viFkdWlj/AHSKoU7mGWbqHx/GfTHGBy858MXGmWXje60+4OoXha2CO4+zxKmQGTCcuNvAyRyfQVleEdG8Fa40niOXxBdaVrFpMcGO3Lx4XBQ7hz06ncMHsaTV0a2M74zeFLzRLiBopA81lZwCZGbds+YkqjegzkD09axvCmqS6n9nOs36WdpYk4dAPPKsADGvbHHoT0ruNTme60nVtU1hl1J7phHb3BlLMrIxGccgggDA7AfWst/AVxpkcGo6jYrE0mM8qyk9OoyOtck4WOmD91IwbzTvBun6/c2vhuC+8Q+YEli+ViSSMuHG0McNkZxjHevAPEUL22ry6okfkoZVljiQnOSQ23GMjnj0r7A8V3OpaZo1xc6HJDpIghB8tVUbmPUhj3A6cZ96+etBs4LuZ9eFmt1c2a5kSblXB4yN2Rkdc4p01cUtjqvDsXiDxT4e1Txhp2ii0ef5Y5WChJVQYcoXA+6RjngnIBJBA7Cxt9Q03wFotj4g8Sro9nqbTxyQNGPuq7EjcvzMCOTkgfMAa6m18O6Jonhqw03xj4ofyL8icWNoWkCqSH2naCFO4/3cE9CcE1D8QLPQvFVrYfD7w14S+zXuksHgvGcpNLERkhg3DBsrgs5Py9ATWvs7GLmzlNcj8KWw0zw9Z3E+sOsu55mQwKiu4BRUOckjOT2/Hh/j/wAYWnhTxHpujz6VFp8ejKr2cYw+TJ1bcB6gde4yec07xR4m1HWNenWxuIbOKKFI2jh24V077uTntkY4ArjtC8La34h8e6L4p12efUY4GWSMAl5HMLFkXnooYcj0HbqK5V1CU7nsGhS2PjO8tbrxSsmu3UJOywjQxqy56s8Y6DPP+GRXqmrXvia6t7qS+tLDSIbQkKWKmSNF6KjAlTgdv0HAqyfiNb6NrMi+MbqOxe4tjDbpFGWkCFgcsBnByOO3p044m5bQvC3gNYbSKbxVZXbMgubtJIljduBwQM4OO/XuSTWZBRvv7D1jQ1OjJNqOsTP5puW+SNFHLZXPTOBzXnlz4Mt5tei0vX5k3XWJVED9gcMqk4xwDXqmhW2mf2db6HNKINSRslLXJkMbnJVj0IOQea8X8S2N7D4mj0r7JNb/AGd3K7lZWaNzw3bjpQ59C4ws7m54j0HS9N03UNO8PahNYW2ozxG3SV2McdzDwWRgcgsCAzEkj6ALWF4ZsfEOqeJrHwh40v0h0i4njN45EbKAp3xk5XoW2g5wPXpx6R/aEM/hvR/h/rFjBcNDNJOLgktMsLvucJxlTwOc4PQj08Pup/D3iPxRqmsahdXOlWnmBY41Rmd0CbMgjIXO3JByBnHbNZRNYyuezaaPH3wn8bXugw2dtBDd28kMjqVaNoix2yIV+YHIHBAyOo7jUsdb8c6zoNv4Wm06KezgvvMS6MDOEKg/IxXIC/Nkkjd05xgV558Obv4eWdrrOla5qc1nPeSJJY31wGYRqn3kYK2Pm6fj7DHVrrs3g/wrdvpurGaa8nW4hMf3SHVVORkgjap68ZxWq1Mpwsd/Ff8AjbV/Emkm600HRdKuE+zwErMtuWXywxkChiqZ3AkYUDAxUXjDTPH2uape6JfabHJY2pW7hgQo8UhyQJNpYtuI4wACQB8tclN4Vi8DaVqMuoeMGh0/X7BDaXMBZB5rqSEePLEDBxnIz65BAn+H1kmk+EbzxBqnit4w0eFnineRYSzbFDLnPD9sjP61bY4xsdB4h0Xxav2SWz8MW+nf23GkQ+zBgsayfKySR5OzHGSRxz34HGeP7Txx4Q8IaVvkgsrmzk+yERmMXHlMDjJGQykBTxzjk8jjqtD1mfWbHUvEuv62rWFjNEplidRJcID8xCqeoXpx69cGuT1eDwT8QvifdT67r9wvh2SBRBdkEMrrGCR8y5xv3DJX9MVDNIIy9O03xvY+C5vD/ifU0sbGNle3hYwuZlLGRgHUh+G5wSevStnx/ovhzQvA8ElprDaityIZFYPhY2H+syo7EngEelSyWHw2dtH0XR7aaYW6NDNKzMftGcbCRu4P+6FHPSuA1XVLKF4/DEWhPqVvHK8SB3KscHJLYH49exqTQ8xaUXU0dnby+arRs4fpggH5ce9J8LF8V3mqXmieDrWGXUrwHyy5RZNv3mALkLgbQfb8a6zxR4gvtSvrG60q0htXsbc28iFceWFY4UHvjt6VxHhlJbXx7pl4jLC9jLFc4VimfKdWOD2OB1pqXQU1ZWPuL4nar8QbO40fS7W5htIF2m+e3dRK4I2/vI2XC87uFBBYZ4wBXKeNtIGp+H7aOK5hinsolEsTgRySh8KG2rjPIPQY64rkNJfwh4l8aal43bxA16izKs0VxlGlIHzqspKjAGCMZBzwaZ4kj0e58d3+7UZ30mKCN4iD5h4RcrkDhQS3OB159ajUypUdbs5/WNUjTwpbeEdU1Z1R5EQxhzJB5StnGO208447V57r3hvwTYaVYW1zqfl6gspMcjAhZVbkqFJwuABz/kR2mr+BdX8VXDXNtdi3jDGOOI43upGSSxHB64yDXBfG7xZrPjzXbfWJ41SGzUxCRVxIVLfKZMEjIUAcfy4pVHdHRCNpHolpcnTfDN/DpNwrWd0WyYyGZQRtfP1AIrq9GSx1nTrTTn2yafCFcRudjTEDJXPuQa8FgW6gsxHpLszXMYYxqcZyuSD9RzXf3erxa94ctTpnlW08A/fQu4DcDaQMe/NOiyq9LQ7SC1i1vw1cLHatomh3b/unCGXEinJG/gk4GMbs1paT4U8aa14U1JvAd1m7WTyZpJpfJa4jQ/KTuyANp744pfB/iaXw34JurLxUkt1pLSjFsiqwVmw24E4OCScc4qwdSuPF9lMukz2Wh2VnskXz2IeRCTtUDB3HA5xiuvQ4LWN3UrCPwr4eW+0YtdXFzMVkXY0sMa7DuwxHJBCjntxVjXZNWh8PCfxoItcsWSIWMLuI3tcj7wCIAew7HAxW/qdtNqvw5jsvAxnvb4XW+8bMccccexs7d5HHC88nvWddeIv+ET8MPLptvZ6wl3J5DPIfOaLcrdCp6BlJHPU1k3cmmrM5zxx/bK+BbY+JVTT7OQxpZvHE5E26MsFzyCQo69Aap6N4bvPEnhvUW0XZYJpcULXoeTYLgMDhlA4PCs2TyBxXoXjfWPD1po174J8XpJeRxQhLGRMAQSFN2Rz2JAPJOB0rx7x14IkjtoDd6rDpENvBBiMoSXQruUhsjJAyCBnkYzWb/lO2mj2e38M6Ta+DJD4Qcai97EhvFkQvFFNGoLBMgZ2knHXoDXk3j3WJbPTLfS/Elu81y0am1cOFES9BlUxnoRz9a27vx5JH4UgsfABmSQwBNQ3oixMwUKxQMM5OCcgjqBUHivUBomkl72ytNcfUIQqzv+8aPzFO114yCpHT8KiEOUuSMPxX9u1PwrYJrlzFokhdJgka7vNi28AgNz2bA7jmupu9Q1Gx8IqPhIsrwJIFvFkVXEPnJhwvmj7u7p6BjmtC40HQbPR7ab4t2l9/a2oRBbEQMgiUBVIGxSp3DgehB9a6HxJpel6l4P0uPwXaf2a6TBb0ySNE8g2HazHkNu745zg9KbmKKPOLSDwp4L0awPj+yfX72dGZIRcExR87geoHoCDkHt0rR1fwjpuseCdM8fWd3b6ZE+6P7E3EmUZwCpzls49Og79qnxN0PTU0q1m8JWyXts0h82VNxNuQAACSSSGz1PAxjuK6jXdKuB4fil+KeozWOtQrnT4FhSSG4jAAI3RcI3TJPqOKzLZv698QddvNMW5+GOlSQ2bRobyQWysIdo+bJCn67jjHJ68hnxL8R+Hb7wzpFjrstxqPiCKGOZSzsYx5v3iCM4OR09OnGK88aTX5vD8jeGb9dH024byJ0aYp5uFJK5wezHgEZGa9A+J+uaJY+G/D3hYWNhqWpy2cYOpLF5c6rFtUZ5J3MBjkgjHI5xW0dDlkzlvGEaa54cbxAJIPDtpbOFksgzeY8hxgAHGcA9PQdOKnu5pdM8JXE3gFJLyyPzyXsqHajsVjKjcAM9ODzzVPxrpPhq/8FaTc+K9TubXxGYnlt4FjBhdicAthflDAAZ3cbs4rQ17SYo/CGlX3hqBdH0Zwf7SszdMzJMCVR2D9m544ycUDgcH4u023s/BcEvi+L+0tWkJWEJKzGIOM84wMjpjBBq34xtbjxT4H0qz8Uwr4bisGSKL92S7KI1G7acY3D09K6C68UL4d8MW9r4Wt/wC0ljJWScxl1V2wT25GSMHmn63oOnH4bQa34tu5dQmDI1t5cm4xiZfutwCWByrZJx0rNo1iM8K+DrG68J/YPhm25CPJvp55BErSsgDPtc5wwycLnAI71D4nb/hCdK0jRPCOqrqd9JOTeS+WPKDEDAjZgemOOT36Hiu1jkGm/DnR11y1j0O3CJLahISWvEkTckjFe7KRlvXGevHDfEDW9I8T2GmX+n6PBoCRttDR8yS7hjc5AUH26n3pBKVzBu5JNY8US2OlkTPcxMt5O3OM8OBn044H5V5Xr/h7R1nB8PxMkaMUdzkiRv72PU88D8q73UdFsIL+FbKRtN08FRcSgknpknnn5unp7Vdh0OS+nu5NPLHSbZQQzcMxb5QQPQkZ/pXNVZrROGg15Y9Ij0V4FQhPLy47fT0xVbXNStzo8mg6leJbo2FEaj7qZBBwK6bxLYeF7uK2t4pXW7gwJ2UEEKOucjGc+xrzm28OX93BeaxpmhPqmm6e5R7g4xnA5KdTwQTgHA5zxmlFq12bzglsVYPDkym2GgXr6rDcAxyAp5JXodoLHBBGeeORXA+PTYatdR6FY6fbaRc2DlWcvyx6EOR6Y9+e9eiaHrdppumvbeczzLMWiRASVDDGAfQH+fSuGl0k6nePqd9pbPDfOVMspONxPJ61nU2ZVPdHzPr1o1lfSQF1dl4DpyGA9KwmkUjy35zXqXifwjqlnpsmqX6KhjbACnPGeMe1eVIBJIVU5Ycge9eRUjqevRY0xoU6YFUztRunJ4q7JISuD171RYc5z061yVkdlHc0om3JjOB0qX5hkY3YqCL5oAqnkmrCliwAPtXkzWp7lLZFuCXYpG3BIqUyhlwByoqvjBLZ5HSnSbcqcnJ6gVizoiWYwRgMPvc0RvskySStOByozxxSBMJgjFRJWLQ0y7GO35lY96crB2O3oKjKqW9M9KsKgVTjvWTLIsAy4AIxzVhpJGYHGeOlQDkkZ5qUZB44qWiUxGJyAeo7VFtC57YqSXBJI65phG5CpOTSLTIXJ2/J60zcwYbjn6VOkajIJyKUKvbgVZYxZPmycsPSpndSgVUK/WoWjwwJBVqczZbDVlPcCPaQ3HQ0oHXHzf0NSqu0YzTPL29Bz61ADATzuqWNWQHB9+aTjC5Gal6nrgDvQA3IOSBy1RsmcnuKdnB45AqOTpk/JmugA2sI9xbnPNRMynO3k0hdlXbncD603Axubj2pdSGMclTkHJxVLczL83ynNW5flwR1qCQq2CetapESkQKPlbORUbyYA2g8danlDGPaTVIjcNhOK0MJsQuCflpe/Wn7VReTuo7ZAxQZXHKeozx7Uu0q2706UiBgSOMmnvuchQcbeTViK5GZDIxJyOlGfwap8AnAGaZgbsjqKLDuRpGFX5xzS7DnPYU8kL8zDP0pWGU3Hr2FaR2M5bigKcNR5YLZY/gKhUy52kYHrVkRnyzzk1pAynsa2iwSXl7HbqMIp5J/XmvsHwF4U1jQljvvD7K5ljV5Vc5VuAeVHp6g5rwz4U6AdTvRLd22+153NnGPT9cV9i+DtEudHl1TWGmKxaLDuFvjPmh1bgnPTjjrzj059vAUL6s+dx+IWxoz6voFjGG0KNnvZUEsjkfLHIcZRfYc4rs/DOoXe2CO8iOoMhFyGJY7FbAIGM4HPNcHoTaVqkwttRhMFxK7NGsSEPtbkZP8q9k0nV9cWzsvsqxwf2Sn2eSQIN5R8YDZznOAelfS042Pn5O50lp4bHijU5oNC1CGxtyEurVJZX2b48CRM4Y5PzEY7A8ACuJns49U1qG6htZXGroejKQZoFOVH/ARkdzziur07UrHQ9IvrK5Cve6Iks8MBjY/aI5P3m0uAcFSepxwR17eYnxRrCObO3so9ON44vLZwSSgcEHkjB6YxgYx3BFdK0MZSOx8F/EfWortjrtlbRW8kj20zG3IcwcAM2Sc4ONwA5AIA7Vs6VpXgW5i1eyv9UNxIhS4tJUil3RquS4YAFSDkK2fTORWdYeFdOt9CtvFmq6iNVjuVV7iGNgriWUjcOvJVicjjpW3ENR0jw0tr4X0t01bTZTLaX8hjEkkFwd20hgFcYPBzwemOaaJjG55dL4hu3uLnVYvD/8AZVrqg+ymXawg3qvGPlC55zgVkzalJBaRXviW7N3bWjfZxbtIS20Z2opyDgZJAz0HpXWeL5viH4f8Lw6D4rm+z6Tqf+pEYib5yPMKZUb1I3Hg8dcE181a3FrgvLW3022kuorgYB2sVLg4IB6AgcnPrROppaxt7HzOj8Q65Dolv5NrbSBpbgyQu5w6x/wjHrjqc4NdNHqMutW0MurSLqEdugZFXA2Bv7wXv9ap6le+G/G+i6Xcam7WeswvJFdQlGCrGn+rKgjHHY5zVHR9LGkRahp0M+Y72LYsjjA3fwkiuOF7nbU5LHT20RsruBrmLyoS2Qo5+X+7XK+J7TUdLu5l8PxPJYzASMFGdmSRg/j+hrR8J63qNnJNpesIZraBjiV+ZIs545+8uRx6fTAHTakhAi8QaQ5mt5T5UsONrtxzgc8ED6inUbJSR45q+nbPD6ata3Ymfd+9jKkNHngYPfnk1zshF41tNarvaMDPGVPtjuK9tv7Cxn8PXOu6MVXcxieJgDz0YfUDmuR0rRrO3C6naqfKfCyL057kd6jkYKpYxdKutNg06+XUD5UIGCE/hevafgRrviLwXqEELXP2fw34r3R+eY0k+YgrERkMyHd8pyOQSccZHzx4zuY1E9hZQs32xwx2j5uT/Wva/Bfg64ZbfRn1FPstxZrNFGzsVWZAvO3s2Mg49PatKcBVnzRPoNm0XVdFtNf8SXc8c9lcPHciFF3GMNjg45OMEdua4TxtceITqLajp10xutKkEkMwVQ8ts2TGzryC2MZ4xVfwLqdlb3uo6F4n0tr6S5DKd0zJ5cykAPxnceCeuK0vEuh6lp4XWIJDdtZIIjGVYrJGTyN2QMqGPY9K6oHmxjY4jWdZl07ULPXhKbv+1lLzQ/dAkUABuBgHJyeOTWrpmv3fiJ/tUs/n6nbosWAcHZklQAOvU81Pptp/astvoN9BHa2mrI3lMGG5Xj+fH6Yx61d8MeDLHWFPiXwndy232WVkvQwCeSFGQVPGQQMk5PX2Ira4T2PUdV0TS/E1vcRX90vho4BiZoi6ydcqWymO3vz6g143ql3Y+Hr2z1aKA6lGFSB0lQtBKygg446kc+nWvQrYarpen6tpfjN59TNvuvLKaJgVaBAdwbPT8j19hWTq2pJrOiaY2gxrpMNxIVkXIYFjwCTgHHGenp3oiZFTxD4lmmsobTxNajR9Pk2NBbIA29EIbAKjcpwQB90Yxgda8N8T2Nhe3EsmkrttJCvkhiSyqVG7k5PXNe0azq/hHT410nXLaW41a1Qr5u7dbktyuQzfKQOOFx+PTw60tLubWJjcuHgClhtPGOKmex0xVzW8K+HPEsf2e1tm8q1vZWe0kLEEyJ8pAxyOQP1r2pNcuk1CWHxXp7CAosVxAuAVkwCHGcYJ9M9PpXLaDr1nbaxp1rfTGbABsmwB5UxI2gj0JAwx7j617Jounx6jJqHiWeZb25kkWGW3VAzx7QNr456AbRx2PpWMY2MqjNDSb0p4T1VrSEWGnXreSl0STLuUBgF59MfrzXE61qAvUtdK8MXzsWCxTzypwHLbd21hnA69O/WvQLnTND8PeFZLHxKLq6nuLrz7IQy4i4X5A6k8HqD9RxXz7qmsW3iDWFOrXI0m3SRlZYkO5OmQdoyeldkDnE1/V9X8P6vKdYZddezURJco26KNeoBAXAIJ6VW8Co5iu9SMkcMNw5FyGyCiN1KDnp15OKdrt3daNb3mkabEgstR+UzNgtIpPUA8jNa/w5sbWC5lMVi+qXcCndabch4vu7vutnGfSsqiOmn8LO90+01DRp2tNP8AJmR4gRqE4G2OJ+cqTkdOmOPbFcZ4g8YPB4haTS0SbULOAxy3rj5HiByxiU8dScMOD0GRXdRw6Fa2lxa3V0sllcE+RbQSbjAxORG56jB4Oea8o8UackWk3E+q3KrdWknk20GQXeNjyfUjHOaaRjSWup5Zf6ppuqSXdxZ2jQyXEheSR+jsxyxC/wC0araR4eaS8a5VPlQA/LjG3PanayLkXdlDC4k81A5AHCeoP0FdDoFz9n1G3hUnY4wxxkDIwefbrWVRnoqyPUdN0W81a2kstFtHnNvFullTGY0P8Rz39hk+grN8MaFd3l3dWujWV3rsVgBI3kIzEDjGYx8xBPBIFO0hpNDv2nTUHnVxve3Qsqyx5wQzKeCM8ZrV8FeNNW0PWL+fRZ00nyPMMJyNzozco4bKuDwRxwQD1xWivbQ5ZPUuZMH2TULjSRptnqe5cu28b1J5xwYznnkDPbvXSeLYIdMtLKe+RtUlvldW+fCKUxzuA9+PXrXsdj4QtNT0bTvGd4q315qjpdFmOYhJJ85BUfLw2e3Tjisnx3oWnu0NxAoilVB5kEQ+Rm9do4BPfHWs6VRt2MZzufKFrby2mrSorm3kVWUJGxy+f4cjGc+9ew+AtW8QT2Fyl5piW9pGWt7mZwfOEDgfMF43L9M52n0riF0/WpLPVY9MsEWxkZBK3/LVGDZGASDwfY/WvXfAkWk2Wirrtn52r6lBm0urSVQsRjbDbwwVhgbVznnk8ADJ6ZwsE52WpmeF/DGlaHNLJp1xNq+oIGkQsvlRiPABUITnPPY9+lbviIXs3h211q9uYLe1dsAQkmSJvRgBnOfQ112q63bazBb2fjJU01rBiLSKFSwNuwX5S6hh1GOMDjpXIrH4ljhaLQ9NinsvOIFxcNsVSzDaxzg4xzwDUQMrnGx63fXME81vbNqUUuNz3K5CuvRhk4wOvrUS+FLHVdQ03XrvGoalKHAtoQF8vBO35g3Ixk4PNTyXOo/bpLDxGCHYhJIQQU+YZHKnGO/rW9ZX2t6RazWziGygaQoUi5kKDOw556jPI5rSo9DpiZEDeJ9Ea/hvdLXSra4U7G3q7q/8OcEnGD6da+dfib4l8NWGntpum2tw+ouhE+/5FyTjcAST1ycBcetfRt9rGji9njtvtGoQzJkyXLbdjk9VbGPevFvjyU1LStIOuSBtXjl2wlF4NuQ24bgMY3AdeT2rnvYuhU7nLfC+ziudJVrwr5d5E67ScMMH0+lekR6FZaZowN5aMNPMwHnJyQ5XgfQ4rjvDNvaf27pNnDKJIZFBz0xhM8j3xXcNcahZ6HqsP2oz26TO6oTkbO+PcDpSpirfEb0d5rNnp8Wk2Th7LeJY3kHIQ4O1c/zrqdR0HRMW96bzytSW3luLmBesEEZwHGOobP1ryiXxyBp+lSi186KzfywG+8T1JOPyrX0+/uj4ktNYdfnmiMRQHlwQTt56jnpWo7mtZX8mnRyXcjxXFvMwSIEZOzPXsdw7+lMt7Xw9O7abomoy2jhvNfzdzLKpBzGu4jocfh61yLaZaxyarYXiNBMZC8TrkhVbkKc+h/zxU3h+w1TRb6PWtVs/t9tGCBEr7W56Nxzx6YoA9M8PTLpSm617TUKxZjtfJYcZHDEZH61qeCvEl3o2pTyamqXcUgkWR1T50VxnC4wOvt2qzH4f8Na3psd9puovFqcrtKbNuQkXTbnAIZT6muih0vQrO7srvR7GS1a1HlzyTbmjuXwAcgkjg88DvRF3MXLW5vpqOhReHLlHvjfaYFZgCoEyM2fl9TyeteG6vcCCzjmvLxmCKFhCtnYD0yB0r0eG3ttR069v0tBaXskjeVAuBE6gA+gweua4jT7xLnQtatLazHmGP5zIQTlMn5Ce5waqK1HzXdzyG5WS71Hz5b1pSwyAenFe8eFbbQ5tITUp3SZ1wjW5+V1JX72Ac/Q9P1rwu/u77xlq9vapbnzbONII44QScI2FHHJOTXvd14B8YacljqHyGS7RS4ViGhyOVkDAYIzzjPINarewVY2jc6HTW07Q7K91HT1FzOo585c+TGxGce/uKBqcV3qX2hZvKs1RMJCTkP1D8nr7VrW9ppsMcJhuGmMeEuo5MFXdSBgYGMVY8WWsIuLa4t7CNdUucIXjJCxx8gF1HGPetbRPO9scJ438Oi+H9rQaxJ5qIxmmVDgRjkK3I4GOua4FbGxiubLyI2imO2RMAlZRnOe4OfSt/U/EN8tvdaRCwO0SRyyDBWTqpHSuM8PXuq3Ov6a01x/okCtGoOMIpBBx0PH1oOtHRa9FDc6FLPpzywanburbkJESr/FuxXklrLq9zZ3UtvcPbzxsVcFjtnPfHbOa9rubm/sdL1CQYltpGKyKBhpUY7cj3ANeXXM91Yyw2l1aiSz+/Bu7Hv7d+9I1pHndna3kF613d3xdZHLbSSMZr0Cd7Zlt2jkaMhWDjqr+lcZNOXMsVzCq8kFgd1b2nXluNNeBm3swZVPBIOOKy1NmLe/2hHZy+ZKrl1xFhuVWrHhW4uzHKHl2QAFhtGR5nvUq2Vrd2KfagT5ZzwcHH+FaumW9nDbGztoBE0nO7sxH9aEtSXI7/wAG3V0J5Fu5d8MsbZjH/LRugBHbqav+IrBrrT0e4hPlof3aIctESCAeB0qfSfD1/aS2EzWx869KhF3DlTjnjpitiyS+s9euNAsSZ727/dyBzlkVfvY5x8oFdEYmHMkjktHvNU05Imhn+78rPgfKvT0q/c+Lb/w7qltPqlu32SZtxK4xOh7fhmt1fDeoSwz+H7PZ5VvIXeY8EkcEE9+lUPEFsiafbX+o2puYdOAjjUnAJPH64qnE529TY08291P9s0qMBLht0Fu3OAw4x3xxWpDDJbXl3olvm2muoxK4U5CEHt781xcWpXVrcafrqQ/ZLxT+7j6p5J6cevNa97d3UMsmqWZxltzsvJPPI9cVn7I2uaVjeWs135U8Ie7iBRGfhjg4zXW3+m3EmmxWt8FZFbzFPqfT8Kzwkd1dLrtrAplljwVYfdUd/qa3heS3mhXavGgZDlGDfdDcYrRLsZ1ahzl9pNz4cubWa6haaK6VZA8Y52ntxU8Fxc2etb4X/wBDLgbcY+U9Qa2NC8QwTQxwX8+0WyhF35bCjpRq1hMboapasjQ3RyAMYGOpol/eMWilqcunT7hbSmBmbKKQT83ZjioU0Ky1029jdalP/awwWbb+72ex61XuovOlazO1Q671mIIyfQEimNr2uXrw3/mQ2k+nr5cIRctJt9exrKz+yOLscv430PTZjDCS8cWnylXLAjzgDg5GcjpXPf8ACEWFzENVtfNVlVfJj6gDORnPPAr0KK8k169mn15gssxykaIQuenIOcdM1NeaXLpM/wAt39oS4X7o5VQOR/hWfvXsdKq+4Z9po6Wj2sKBUjmZTdvn5gvcg+vWp9VluPDM5t5IxLps/wDx7srZJXvnHfGKs3GmW94p02wYi2AEjO2F3N1K+9ca0+pWUf2ua2a4S0LfZ4XJZTuPoOlapGEToYL9b+zjvC3mXEchjWFegA5BP/16rMwnuG1hbcLPCCrNyBtA556ZH0rk7PUbi2Nw9pCUvL1vm4+RMnsK5vXI9feCXRra7ZLdm3ygjAY5z19e/Wt42uVy3O7iGoW9jcxaQPNspm3mVusZJ6AZrBttellHkNM1s0b4JcZyemc46HNZenXGti1jX7W8VipA+rDjkeldNYLprawmpa8A1uIjGiovVgeNw7g0NKwKFjqtR1K+065tLsN/oN0hAtCBh8jGR9eKwvFGi319brdWsawzxYZIMADBxn6cV0cV2NSvrfTZGQ7totlYDEeOAB6Z69a0Zft1vPJA/lzshAlcHIQZwT7gVg01sN1EjgrC28Q+Hnttc0wor3cRhnLxhkhbKkgkZ7jg1a0fW7++jubXUFV75GLGZONy/ToOa7O8iW0s5NMg/e2F2dzzg9cjkDHAIrgYtDvbCUapPFI9nA2PNX+IHgk+9aRg+o3VuXbPVdVubnylcxLAQx8wY3YPQGvVn1OLUJYZ441VWI/cjGCwrymOWK7l8kuOf9Wp4Zj6YoikaB4kSRkbfgAffQ561VkZTXU7bXzcaVHPNFa/6TKpO0ryI/Y15Df3El/BGzuyRwOGJUd/Q11ep3l+8ksrXr3ibQjOeSoPYmuYltGjZ7d5Gjidgyof4z7UpQRpRqMyX063+zrK1yjy37nYOPkx/wDq5rlGlvLK4WxZSY4ZOFAyGyR0PpW3Ja3redIY4xE3CkDBU/3vr61NEm9LWOKMvOhImbPQf3gO9czR0nR6XFDcRiNR+9I+cd8V4F8aPAH9q6eL/SYBJeWIdg4OwiPGdpHTHXHv6Zr0e6n1GGFdRs2wvnGHn5WPfGPwq5BrUa3OXYx78IwIyDz1P415uLpqUWjpwrcXc/My4tzCxW6ZjOrklW6girCTCSPbnBzX0l8ePhE3hbUZfElpb7bK8RWjMY/dKw+/H6r/AHgOAc4HTj5jtzFKPMXIxxt96/P8xwbhK59Th5qSuiSWPA3ADmo4vKXPmkj096kkaUOE8sKvfnOaqzuIoWmbJVeua8dxOk1AVPYleOewpiSRwSq7jAY4+U9cVlwalHKpjjbAPHPY1tWdhHPA7M43HgA/zrOUREP/AAkDYYpCpJJA9vesNgz3SzpgSE5ye9azaTK0iRQgZ70l3pTacUeQ7jJ2z0qG7Cuz/9HU8NaZrWs6Nqfh6HwnIhvFaS3a7VowkoChOXABGQDwfWue+Hfwh+IfjzxYv9r6pb6DbaQxD3LurBZY24VVQgNzzktjpzX0T4006+8ERWA8U+K7OFrhX2W1sx8xUGAHwi5yTkcgDjqeQPI/EVv4d8HKn9oa3LdQamBKIvKdHOOQHXJycnqcfzr9fjLm2PzCehteIvC1rH4vOnax40F3a6ZKctFukQkrkgfMeSflIHTFbGvt4R8a6pnxXrk80VjBttJDCxIcnlcBT8vA9M+vFcP4b8b+DtJt7y7vfD8mrajGifYomXMBZs7mkHpjB+62ecYOCNe5Tx/N4W1LXb7RrfSbC3j80DyTGxLn5FQMemeDxxkVUoExlc63UtS8E3GlW+gW1nJe+SqQKMbG2qAASRjkkVyMOp+NdU1PTdHh8DRwRJKqrLJCTmGNuQZCANh/iI456gc15p4d0vxV4ila7sbwW8VsQ00zkIuSeFxjJzz0GB3I4z7hps2ualHc3PirxF9nFqu2N7aZYnVB1IwFGD7g1Owz1nVbjWvHfxAlub6+t7K40+GMgWoOyMRkhQAWJ6k87uo44rxu88PeEp/G8urarf3etQxhpZRkhpGUEFdxwSpIHAI46GvL4viPoPg/UNSu4EutbNyuyKWUCMN3ZnLEnn6HnqBXo3w28ZXeraTfaxpdhGLqcmFWb5/I7nPGMN/TkUo0kkktgKfhm+t73xfFqfhnw4Db6c7TiGVmkTco2qNzZPBO4d8jtXdR3XjTXblp2tYYtRtH/eeYAFUt8ynkkkH2rn9DbxQuk6u+k3kFpe3Eh3TuRtjVM/c6gHk84P581tWngi80jQ21rxX4gD2moLmR4pmYgqT8vTk88+/FUJxubXh/4c/Gz4larcXutaxa6XpduxVEGx1PoVCgnGO7N+FeHfFqfXrPU7nSD4mt79dM3QzmOQIGVB90FcZ75BNJ4dfSLCW7TxHr94LZ3/dqHd8ovTA5AB4zx+FcDf6H4En1e3gsNYuTZ3E6facxbnSIt8xU4XJx7VNnzXb0LdPlRJp3hLWYNHniv/E0UekXCxzSRG4ZlYdVBDY2+4HBrvLHwn8J9M8LR+JYfEhm1CZZEaCBPMEIQnBbqQCQD2znjPNYPjfWvhBe65pWmaVpNyNJ0p44nkQ7DdQx7QcqSCpIB+bhjnJ29Bu6l4q+HHhmx1jw5p/hmWG3uYVZBu5O4Bgu52ZlXPPBbP6VaTZNzxrw1b+E9T1a+1XxnqN0L0bRbLEnMwGc7ztYDACgDI+vFereLLP4bjV7CTwjBcTQmHE7SkjbLnGVJwSCOvHHatfwTrHhy20WG+1HwrDdSapEYEmb5AIgcbV+U/MCM7hhu1aVqmgWl1dMugiS1aRGVdpkZArZ+VnBJHrzzV+91J5jkJpPhukl7YC5urcxRr5IVdzMTktnjgf4123hmb4UxaHZa5LrV/b38c3lywPGGGxeC25Y/wCIDI5PvzkCxfazceIfiHa6voHhPzhPaC0t4HhKb0iyTJEcbVxzyO2emeOWvbu2ttJvNEg8GrYwwkyPLNFIrLI55wSB0HTkjt04pxlcTRZ1jVvD/i2S+8N2GsSx2CSGeKSbcFIjPDMDgcZ9uOeD0oeJPA+jf2RpMul+NbC9uL0xxuuR+5LjJIIYlgDx0HuRWr4pv9E0TRdG1XR/CAsre8tTazNltsjlF5LEHduwx6DIrG8MaX4N8R6Pcy67p1xYx6RIkwkgyWbOTjnKg5HfOfbFUTGoeY+IPCWq+HbzVdNv4oLueGFSJlJwUI3ZTIBzg+2CKwdDiS+Vo/s86O3KSqDsVlGSCR0r6D8Wa/8ACy/1TSIZLHULaK6BhlYnho8/KfvueDkDA788dL3xH07wD4Y0r7H4P177Z5C+bbwuDuYk8gsBz1JH5dqunKzRq5Wiz0SfWfh8nhex0rRPEfn6lZ2yQkTo6l2wAeWVRwSfXisnw7odhouk6jfyeHIRd2q7re8Qk/vepY9MqRjIzxz61y+gfC7xUfDujeMfEekxX1nrkC3Fs1vICwViCN6k7gRkE44Gab8V/jPoNtBZ+D/CUFxpl0GkiumlCspZRgqhy3O4HJwBj9MXyt3hqZPQ4S48STG4l1a4mYau8u7DDgqTg/Kc4AHA9BXtugS3Gp6RJDNGLaG7ZXlCHIYpnAI7468+gNdL4D8NfEXwj4MvfEVwNO1G3swtzJKzZk2NgFVBC9hn1PY5wKf4Q0/wi2p6nem4bw5dySed5MmXtWjYf8s84K4yeCcY+7xnDVVS07Gclc4X4t+HvDlqui+G/DSxrPFCrXITBJd8Fd7AdTyfbPQVNqWmy21roVxsSK4khZHbHzCOPAzjqAT09a9G8AeBWstU8QeLLhobnQrIu8VwFDrMVJYbUy2AuRk89sZ6jgvFWrXOqeOGv0QQ2jwpGy+u3P5E5/Ksm1dpG9P4TL+Jemp4f8HW1zpE+xr+NmYrwAcA/XoSKs/A7wH4ns7a2+J2nalbT2kZaOa3mcqVJGwk4U4+969Ko2nhiH4ieItW02XUGtV0W3QxWzIX88kFiAcqq4JA6En04rv/AIm6tomi6Vpvhrw1pA06y1KNZL3y+kLRsMgAfeYnByeuPfjJxd0kacxk6xpeoePvEgu/EmiQajpNrcypGsZGT1VQGU7iOjBsYPSvOPG9/wCF7nxXF4Qs1l8Of2bMYml3GRCzbcZ5GNpyCScdyRXs+n6Xqngfw5eeINC8RQXljL5b2qFRvkdyAQqk8YGTxknHQc4yjpzPrOpeMfiTosN9dTGN0IZVAljUKCFjJGSFUc/WtktbGM3c4yxl+ImnPqPg2HWBOlwFUPvH2grJkYUtlgSD2OfeqXh3w54l8HfDrU7jxz4TtprSzuVKvKQl2fPK8syEkpkjnOeORXNLaaR8UviBdakjTaPcbY2VIf3nMBwWJIAyOMYAroNZbxV458Sy+EdM1aXVWgJQNI/kxlUGTuXADEHPOM8cU7e8ZnRrp3hD4g3klvLdPoEtxFHLBszKsbKBu3ZC5BzntS+Jf7QjvtDsdM16315dKtDCpKqI1b7o3EeoAycnhavzarrHg3XXtLvS7TUr3CRzSJ0AIBOOM9+mO2K5/XrfwDaeHY/EOox6hYTPctFGkICpI/JbBZWGAAejDpiprTe/Q0hE4fSfHut+HrW21jVtOg1GZ52gjnZVV03HaY1UAkHg/wCNei+GYfC1zr0fiyH7VBdgHAGY40lJyH4HDDpww+lct4b+Ct58Q9Ol8SeEtdW3WzuPtEdtdBtybTu8zjOORwSvOOta3xD8f/E3SrG/0LX9LguoNfMRWe2WTK+RIHYrtbAySAcrWN+b4TqvY6HVrPx/PrUV1qtw/jHRUBSRRIrtsYcjAy6lTg8Ej1xmq2rXng/xVaW3gvw/dz+E3e5EZluF2o6bSpVsvwMnoTzSaTBH4T8M2d14YuJbPWfEUTRSxTHCwyLkBkcKOSxypJPvXTaL4B8e+ItJ1nV/idoUmoW9rDvtrmN45GDJndtEfzHI25JHGOmM4qTjFLmdjKcrnmXh3UfEPgi21T/hJLa21RdJuClnMrD5wf3bMrKDlT1BPODjOOmd4VtvD2twX+qQXLaZr0108plclYFViSEXJxt55zyPccVyQ8OR3viMw6Fe77uUo0MMpCl3J4RSePQ817B47199Gt7LQ/FHhuOK8uIYJri8i2iQujYk+4NvzbSOfXitTI57V7XxV4q1C6g8Q2EerWehqFnlgjULGsgyGyME+/XFQxeP/E/w10+30rwBrJkmuUKmGRVOwOeApPTJJPBGCAfSvRbbSdH0/wAKan4t8C+LJUi1O18oWMiLG0juuNnzEHgkgMBxzg9a8Zl0HSrK1gvfGfnWNxdlhDcJjy8R9t2CMjPOOntSsnvsO5mXkGlyLaL4109tH10XJd7z5ikgY5AY7ivUjPXpknrjrn8M+JLvxOmqeItIn8Q+HnjEYmjOdsa4JbMRLqUJOM4zgjPccF4huNfvnmtLuVPEWkwbJjKjqHAOR1TJyOfXPt27T4e+JNe8MwX0PgXUGt41UymyucNnOATg5HPqMZ4z0FaSjbYmx2urXtvrmqeHPDXw9uJ5dN0+Bw1lcDbsi3hpQjN1LDGOv1rjfHV74M0y4vbOXwxc2Et7A0VvcPujDSAYEm0EKcHHQtmur8Kr4Ws7yHWviVZXfhe9tZPNR1STE64yCBtIx2PHPrXn3iHxPrfjjxDNdXTNfaDY5W2VwoaNZMcnHPOM85xWT+LyNTQ8P2fjnS9EstT0ry9Y0WHKiN3CNzyVLMAwx04J+nWuShvPD/xSGleD7u2Xwzd6PLeQxvBGHR5JpFISRFAxsCkAhucnpwK5HxQ9kmo22lQ3hsmP71WUkCLGcHr1yK9X8J6D4n+D8N7H4tW3vYBGb6Fo5FeRCQwZjlc5bGByenHBobNHA3fidH44+G/hL/hGfG9vaauuvW7LJPGfNZCGO1uVQhkIGDjBwDzVr4YeF9P8IeG38X/CTWTqmp6lp5ElpOEMkbuy7tgKgEjblQwz0PNU/hDrU+v6bquvrqDSa01z5c1q6jy2hcBlcHAx824YBwMYxS+I9Rtr/wAbW3h7SILfwpqWmMsv2mIlVlkdVYAlFAAGcA8k9M0epBD4eght7Lzd93oniO3LrdW90rxLLG3zKRuHGBx/Q1x/jTUtL+IHivSNP8RRPY+HUdYoJlQjYzgCSQFfvDoOvAHQV6F491PxK1l9g8YCDVlQBlv7f5Wg8z5TkKqjgcdF69TXH+D7HVvDPhWXVtUvYde0+a4YWunyKomZOcuchiefrjHUVi0aszPGOr+FvDlsfA0wOtafYrl9QQHdGrneoO0ttOSB94+4rL8D+OL6z8AS6VqMEdzazNIltOQPNtgw2nGBzg8r6fTAGFpOr2tn4xuPEGmldP0eYbrm3kY7AcnYq5yTjIx9D64ruvD3hjwxq+qLqsEhh0eaVGeywcMi43gNuyAxz05HQY4q4CaOFjPh3w7o9xP4o0yHU4oJA9vLF8kxDcfeBB6kYGcep7jzCw1vxxrVlp1tdOs1sk6xQu/AQZxhupKj8cDgV7J4x03w1c+Ntng+2TVdBto42uLMO7BpCWDKPvMcYBOcgH8q52z/AOEO07UrWPwvYzzZmZbrTvmeSMhcEoOWyMbup/AVoNKx2g1C1vbWz0GGZdNmtGKRAL8lwz4wSQOOeT9a5O/0Bb0GGNETVbCQq8BI2zg45GSOevHNb+vXvgqz8DzapbWxN3c3H7ndxLFkYywBOBlDwc9aq6DdWc/hmC8uozbanCJJLK5QFhLKGJAbIwccA7sisGx8zOc8UWuiW+o2troqTmzeJDNZMpEsUzE8Ddhjngjr7VU1Pw5f+EfDEQvIIjJ4neRbSYSHfAsTAOHABHzBscniuljsdSv7q88XeV5viDR2iuHyyrHLGqgDCgKo2qM8Yzt4q/8ADLTdL8XeOhrnjS0kvdHRJ5LqGPcvkykFo9mGBA3e4wfvVEhOTI9Ns9Qs/D2n6HZQCw1LVLZ7O5jfALbPlZiT/eXnpVWDRLzStcgvoVXyNB8uWWTcNu6LDkE984rmLy+1N9Ru/FOo3hgOnzB4o2x8wxtB+mOorN1Lxc1x4Wu9OYGU65cDa3TaQwY8erEYx6ZrNA5Ed1pus+MvEL61FFxf3PmCJThijtkkZ4GBXsMw8O6lqSl7WTSFiIEkseT8qjHCYIB+gJ+tcJ4cudSeVdN0SX7Pc6bCDvJADnGMDNe1XOieNvA9vJY6p5P9tXMUVxgNu4bop6DOQQfzB6GuqmiJPQ4aC1+H0EouopbsjcTvnVWQ4PDMqjPJ6dx6CqepHwRD4m07UtEnlktbp8TblO1Sm0HbuGdrdxzjtjoO217VtYsbbSfEeuaRFDfSebGPL2qJAuBhsFipwe+fUd6x5PFHh2y0vTNW1PwN5b6ddcmJDHDMHJba+5ApwMYGGzjsCRW3KzOws2qa2ot10rxkumWiTfZ5Ek4NrbzNjfkBmIA5GcDGADxVrxboXjTwLHc20+qW+p3EEizQzwSYYHgqRuweO3JOR1rA8Qa14Ts7jxJqo0ZrT7Yyy2kA+aOIdwdxAAzk8A9TXFX9/wCCdXTTrRbq6tWdM3BEYZYmb73H3jjHoeKXKxnuWk6v8RNS0DVvEKTWwguLJWMTrF/pc8AbKZGCNhUjPGTjA9ON8C69e+PNa0bxf4n0WNo9JkaMlEKb02bsHJJO0sCAeCc9M1zniOT4Zyx6DB4O8RzQ2QKpfRSK5WOQbVaTAVC5Y5Y8E49M4qS9mv8A4c3Y0vQ9SjvUuZMvCjAllJA6c7SenBPTvWTA9x8V3Pwy8W2ZsLi1udOn00oIJ7cM4YF2LowbIHLHDHGDjB2jB5nxXq1v4A8SMfhz4puGiuUWQGdTCVz8p++oXOBlWABxx2yfZ9M0eW28LS6ZpcEF62qxNO5Lj52iIOxW6ZBGOehzyOa8Vk1jSvifbWcFn4TL6iWlsmnPyGQx4K4/hVlGR97JJ+gGEXdmzN3WdB8Up4M14QQQ65qPiFra7WdnRpA8cnmMwZsA5BP8Q/GvI/ClzqOu+NbS68TeDnv0gtnES3MckMfmjHzFiu098A59sHBrc8N6bofiXQ4LPS/E0+ito8klvPbXJO6GQk87dybcnP6g4INevT+FfGHhT4dW15pviS3nOjSlpVbYZQJJTsYM+8nBcADI46Z6U2wPEvF0/hrx3oj6Xe+FBZa7ZXCyG7tV8rZCGw6NGBnngfNu9Ripbzwt8Mf7JtNEt/EFxbX8rGSVJITmNB/CMAZB6k44PrX1X4E0b4vaZo3iPxBPc2cmoXaKYo2aPfOYwTnKjb/FwM89fQ18ueE11rxr4z0z4hfEXw9cXmjXt+LJ3jVohJuXygAy7eUODxtBKkZHNRHdg4XOl8O6FZ/DjT3eLW4Lq31qMSWl0uQFkiyCu0k4bkZx3GOvFdRaXvxR8WeGrt5dYJsknEJMjK43Kob5gFyVO4evPbiuU+JWp/Bi+1OLw3pWialoy6VeBZZt5fMWfnOxy21uvrxVTV9W8E6XP4g8L2fiCazvW2tbXMUMpGxkBCsFAIIOQ3Q9DWiXUhRMrV4fiZYrfeGvEFvbXUVmYZYYrcIVbcT8yuMMCO4OPxGDWL4vbxNpF82mW+lR2JuLcSzrEPN8xACDJlBgehyOvWsfRNIttEk0zXbzxU9jp2oMYJ/KJWVSFbadnzZU4xkqcflWvocfivQY103Tb1VnZWhikkw+2Jmyd28NgZ59q3ijRKxX8V2vgbWNW0CPQLefwxHqaRtcNeFmgVZDgPGWJZhkHDFgrHn5RzX1LZeEYtV8MeJoJVV4oYc2x3qAJYdzAjH+6M/WvlPXNd8WJrMnhbxxog1mS0KRwSoq4hUqr/KyIAcjB4GeoOeAPTPhRqWmDxPc6Hq9pJDbXkTRCPnapPIJ6MBgEZHc8+tDp8yOaU3c5/x14XtvEGhWV9dqY9Ux5SuCPLBByQR3FfPmhwzabqF3ba9ffYURBHsA3hiWBwFHcV9E+K1muJdQsNObYLKZlVdx24BILA143cabY2WoQ3XiayF80sqCPy5GxweSWXsTXMlys6KXwHoF9L4a1C60/TfAmlyatIsbM8zRuuSSBltyjIXHU/KM461keJPFOqa5d28niS9fStPtFMEjwuQxB4IAQEnPfgitPxDr3xWg1u/aOL+xNIt4XSYqsJkjgCA/u5SNxPAPycqemCK8X8LR6Hcavf3dhby61Fa27vHuU+XvOMZUjucryPcCt5S7EJHF6j/oerTxeH5XZJGlSOVxw8QbgtkdSME969z8H/EbxLZ+HLDw3HdCzhtFljklhjDTbZXLsdzZPyk8bdp75zivH7vxdqXiW0t4jbxRR2uflhQgAdBxk9B6YFeoeELrWV0e6n8I6fGl/Yx757lipJjzkkiTHAI6DJ44qUXyHceE9JbW9T1C/wBDs5vFeoWW2V57ncQdwwRsY5wCMAYJ4rsfFV7qtx4a0631e5T/AImE5ZbWI4ZWwcbV5YjnHfBrmtEm0O9lRr/X7+x1W/2vPDZlkEsgJyp2Kcgk8HOBmpWtdFufGiaLoumf2M8YDR3ckryOX279xV+Bj68mqMmdt8MrayTW55IYls0EZsxcTFvmlZkZS64BUcAn61yXieXW/wDhI2gv9TS9ubV2gjaPa0ZOTkIRgEc4q54Iu9Bs7vxH4l8a6nPfwxKttItt8m+f7q/d2gjAwMDPrXn2vXWlSXg1Dw1FcQ2sWwRGdlMjSqc7sKSOuBnPbms3T+0FmdRZeH4JNNv9Qudd+z6raq6W8bKcl1AYIxbA+blRg5B7HpXm2sahqE+lq7ad5j2MokmmIypHIAdRjgZ5Oa6HUNWs/EUNhp+sRyQXF9cDfIg27XjHy7RjkEcdODyK7S18PabdaPP400HXI/snmSW93C6mN7af+AFWPzhwdwOBjng4JGMTaCseXQaho+vmOzt/DEstlZMstzMAyeWshIU7x2PuRnA4FexajF8NI0tPBGsaLqljeJEDDdRuCWhOdoKPkBcDrinfD/T/AIk6F4aktRcwXGn6la3K2Nm7K6yuuSQrkAqMjpkZyeKwdDj+LGp3c2leLbeKWeOMC2/1aEgZ+VWj+UYHZicetdNNGcndkvjLU/h3rmr2dhfRTWosdsbTRIzBo0QKm5CCBt6ZAJP4Vz3iVPDf9l6f4I8NxGd4z5rXMiFHDSMzBMEKcYPPGOnvXe6bfWGqayIvFHhmGa5W3MZmDNEXlgIXqAVLbQec8Y64wK5X+3fEuueJFHifR1e71NSsN00ZjwkQ65AILAAA4x1GetaSigjO+5b1208MeGPC6eEk05tUvdZbDMwMbAFMFk2jI5xhcnvk9Kjs7vwV4X8IafrthpV1etIDbqlzh4TPuIckjIxkMVBzkccHkdH4Zt/iRqE66h5SfYdI1KGBp5QhEZDqDwWDNtVwSQO/al8XeHviHrvxI1vQ9D1K01SGxSG7jiheONDkKR8pYjepb5ju569Dip5ClNHntu+raJpurX+n6dHNPA6N5krbGhLHC7VOCSDnAzzWb4V1LxU9r4iS5uktdQe3a4DTKI2kZg2WXtkE8cd/pWx8XNR8QfFAeHLa31eH7X5Oy5t1/ciK6iAJYkdyWcbe2D2IxgeCdJ0jXvEqaT42v5zdos0U2Dna0Stt2lR8wyOSD74xWU6djanNM5aLSbvTkS18QTBbmXdKjbi24Eg/MSASevPNVdHvrHQtbj1G5txeRwuHMMmP3o7x5IOMjODg16B42s/DG2DT9EWee6sFEBLFiHHZgORxzxXkep2ep6XZ2niyJ1YNOYfKYbjkBvmK/gcjArFqxqetWWnaT4b0KPxTY6NcQWGvXUxVMtLFCgZtqBz3UAYyMnnsMDvbrXLzwT4PvfEWk6P9pmvUIW6yZFC71UqyAHABGT93P4Vi6f4e+JNxa6VYW8TWmkeIkjuZBGFZFKhXZ9pOUYJtPUFiAOSK674x/DzxfrviTT9J+G90t7pWo242+RKtuA2cOkiM4wR3H4EZHLTu7Bc+Wbjwl4wNk+rXdnHbWlm0SlGzE7qxGGXgh87uzc1k+LdBvLbat2wRboIyLn9DXtXxD8M6bp2reHfAfiTxDJZ6lYWwjvldWn+zytEjDaUUbg54AySBjp0ryzxRp+ipHZ2Gil9Qu7F3eSXa6q6AnBKt93txj6nNTONioyuc5JDetpMl/wDKr2qgNtzgjODg/nXWaBZafrOnPcSIYJLKLJYJ/rOOOe/NZOhaouoWF5oU+2Apl1PcqSQV/nWv4Ma6kmkW7d001InWPGBucMoXcOp4zRApnp3hSxSy8M6tqHi3T/P057cbYZXeJ5DENyEEbTtYnFJoGi2kGgT3mvpLYaVdxrcWMgiZ4mDksIjIvRh8o59639F8U3mrajdt4hs7XVraG18uO3kby1ypBB2gNkgZHPrXUaleE/Dix0nxEsv2OaWSS1tokEUcQJYouM/cOSc57itbM5ZmfLpWoXvhG70fR7qPR7me5jNy9y7RCWFEbAACkHOdw+nbqMBdM1PSNC1t/h/Cb7Tbm6SC7j2h/s6hcbkZyDglhg89c54zXW/FiS51HStL0TU7iOxvbfy59sKbi7hWT5jkKOvbv6iuE8c61qj6XNdeCIptF0oJEl+gm2m4lXI3MN3K/MOB+QzitWc8dyv8QpG0awHhvV7f7ZcOPNtrzdtbByASnOeQRjNTeIHmv/htBZ+Mlk0yXTTFFYyrC7xzGJCPKEhG0HaDnnr9KkWy8JS2NlrOi3slxdyQobqB4iQkpUFgDtGQCSMfNwM1c1+5vD4Rh07xzE0ukRTefaRiQKz7lbAO07ujnqR1rn6nVJmNbadp3iTRI28MYslsFjFw8z7Hb5CDwDg56kjn6V097c3lnpyaD4HdbnTLklnBQP5TvwxQnntnris7xFLL4giFrLDFoLRMu1SuZLo8hgH+VWCjHHPPU1HqOj3a2f8AavgxG/sqb91MFlEflumVOQ5D8g++K3T6GNRnZeNTceE9A8P6X41ZNd1SGeQ28xkO+CDI2gjHJzxjPQdayvippmkTW2i3Hi2Z9Pkidnghjj3C5Rym7Dhsp8vryc8DiuM1fV20J4PCfhy+h1G1vpIzNI8fmiKUsFwHJIYDhjyR7Zqp4yl1TRPElvF42aW+ubJVeCOSXzISpOV2lScDI54+tROnYVNs39Yk8Yanof8Ab3hmyNv4b8zyJGWWPf5gPWVQxdBgj+Z6ipPirKnhG0s/BviRTq+ooqzQX6zs3l73+ddrZLD5dvLY6EdBXnV/qkkMl1PuNrG/MiBuEXOSvuPrXsnjJ4l8C2Y8GKbnRXizNMyggozdhIAw+bngDH0Fc97M3bMXx7cL4gt9P1DxFfCzlsgTthhZlnL7W2oxbCnCYyeOewrznx3pHi7VNV0/XdJ/eacbZXfzHUGMZZyNpIOCpB475rr75/Dtj4IXTfEsF1qOuXoE2nzQS/uooyE2rIjMAf4lOFJ545FL4whbxZoMeuz3H2C706QLPZCNkYxuQodWb7/OOMccnPTPVN3ElYwtXaLQItN8TW4OozXCo8Uj5/0eeMBgpPIYZwQOOAR71oeJNbvfF+3VfibcHR9UhRGs4orc+XPGcsVOCdhBxncc/N2AreMWvDTVtfhyLhbFwGb7SYwwDdzu6evHJFczrWqWlotvaeNdMXXrgO4WTzzHgjHZRg88e9ZjsaNlD4r1nRtV1jwY8em2ulqslxG0ioZQQcsisuCcKSeRnGOSQK9J0ySyk+Ha2nhoDxLrV9+9vLBomDwv5fzspwA5UqpGM/yryzX/ABDF4zsLXQPET23h6TRhm28qBiXjKgFTubttH68V3vhTXdH0vQbZ/DkCWmqgkG7ZhvmIUhhhhwD1wOmPrUzdxF/U/EL2vg/SfEHxEsm1mOOFLK009pPs5tPLJ2L+7HzZVeSwBwBnOAK5GfU9S1HwB/bniXTx/wAI8t0osxFIkbJJluFGd7DJYcjtmu+u7GXV/DkHjjw3M2sapp1w66hax4KQgZO4d+mCcZ4bP8JNeKeMtc/tCyGr6lceYYQyJp6crCuSS45745P0Ge1QFiz4jeLVLLTNZ8TF9L0yeRNjhGIlXGSBxy2M89jXHeItUgm11PEmi3UlvodnsjtF/ixEOMod33juI3c461Y1fUdSvvAenar4ml+3aaI2isLckr5MqZCKwAAbIXG7k461RudHgsprXVfF1vJYTyKhj0xsoXjKZDZGCAT26k5rCZ0UoGFpOvXVxrkz69IFfUstvOFGeuOgA47V6cNYtNNtxpvhbzr037pHKjHyv3vQYBA49zXy7fJdzlEkkIljfPJ5C+x+grtIPGd4ixfbbbfJwiyj5Qw4yMjgmuY7PZHQ+K/DU1hrNtayWkWitPht6sME92JBwD7AVja4+n6aY9JXU21OCccSRqVCyqemCTn617R4U0fX9Vvxdal4YW406zXfvlA2KW5DLv4cgdRXmnje5to9X1KW4jtYdOt/3kH2cLjIH3do6H14oMWjxH4gXFzeWNtZhCiKTlc4ByOCfyr561aOO2vXtEG0wYyfUmvom/vY9ft2vJbWYQx5VpFTKqfQt0HavA9csrn7W0jfd3H67c8GubEo9HDO5gyIUXevzA1UlDOCw4q8Ngd13bhUUkYUYU8Zryqp6MGLbAomH4Par0b5AGRVdCXQcYFWYlUNjGDXmVNz1sPUJwAAG4puMkmnqhPFTcKAMVyvc9CIIoI+Y8CpuSeOR70xB1PSlVDzn8KiWxoiGfdkFB0qRG7txS7SxGTg0gXax55rIsmUBzuX9acwOB70zzMgYOaUyEgBmz6UAMl24znn0qLGe4qcqDjJxng1GQIwRnJH8qlsA2kDIpAcmm8seKXBAz1pmg7LH5jziomYFuBkU7cT25pNhVfrQA4thRxyaCw2hepNRlXdQinkGpWJwQBg+tZcjAjA4+XnmpEOQVk6U1VbjmnAMMKwzRyMBOeSoqKTjqcrU7ZQHy+nQ1WZkZPmOPatbXIbI1VixHYd6MjPH8FK4KKFPXrVWUOBtzwatIhsSRGVy5JJf19KjHB7CnFgOSckcfhTTvY7I8HP8qpbnPJ3HOGAyOaoksjeuatOWXO5sAVCTuFWQ2RKfmIYcGo95+72NTGPeoUcGkHDY2jimkK4RsAAW4IoZwx3KevFSbU3FhyTximcK2xc1QgQZzyaBnB7UoXb0PJ60wsQcL39auKE5C7fl5HWl3MPlxkmmlnA5GaUqxG5R2qkjOUg2u/JOD0rStLQ3Xyq2G6Dvk1nRjOATgmu88FWom1X7EerIXLH7qgdyfxrsowuzhxFSyPoz4P3Om6RpH9mahY/aprgB2JYrhhxnIzztA9uK+jfCltZDR9SnS5a7bVY2t3R12m3aMnBByd3BBzx6Vzfwq0FNM0fVl1UCYPCkgUgHeigngdjk8VzWpxXejX8t5oEsqac8gZYvMb5dwG4EZ5wenXjvX1mWUlb3j5DG1G5nr3hq3e68TW8K/6TfKpSOQjlcKTzz1HPXnmvVtIgh0RNRg1uBp49bdI9sTDcjqSRknj6HmvKPAOuwXcFzrAsha3Ohss0syMWMkLK2Rtxx0Oepr0C7124u5Y4NJRLyFrX7bGxXlgG+ZVB/iGOg54r0uRXOMvWtxrdzp0es6FaPDq6TPaXMm5f3sSY2sRJxwdoyO+e3TR1QaVq/hc6B401UabqbXYlVBEZSYgoxtMfy5yW/iz2xzW7qi6XrmpaC+tXkVnaX1tvCxZEkZdcrlF53ZIwDkZB9DXlniKZLjXYYtNt/wC0brSwEkkWNibhIjtBKY3cdz7+1XYjlNHxHdaJ4dik0fwvYNqWmaxJD5RdZN1vcLwURiuWLAA9jzjsc8743tdW1mw065m15dP+yfLLYP8A6PJb7CQNrfeIZcdQME8E9u11fSfHcV+jeHoksbG6RZvLMitEkqfe+YjKt0PQfkOPGfG2reENYj0zUU1C4n1jDR38ci/LuXj5Cqgbd24jBPykd8iocrGtOGpj6frunaPqekza2G1aCO481o5mJHQgZJyCMnPQ9Ociu+tvDWqeILrU5NEmh0TTrOVpkifLpHHKSSoOB8oA74xxXifiVrp7mN7O1CxQQqrrjBGCSDg+oP6Vo6c7R6J/bFndC5uTlJIM5K8kLu5PXHoOKhK5udxrXh/w3JobXlupl1Wa6Cx3AyEb1GM47HB5ry6w164tfEaaRq0AdkfZ94EZxnr+IzXQeMNebxD4btdNithp32BctGpLedJgDPIGOc461zNoJgkUGqWwhn2BkkHUj+HOenHWpYHb6VHaSpfC7KqFUkM3T6+9Xbl9R0jRo4NEb7asxMhl2ZWIH0FYnh+wnkt2utQAFpJuCMOc465NbLq2l6Z9o02XNu7FTGrdB6470gOBisbh54pLSdpJJJMuM7QWJ5zXV6pM+k3iTWMiMsTfPCxyCpHNcvqP7mRYbLK+Yd7KPf0rT1ZtOSKKaPI8uP5mIwRx3oAytH8Pt4r8WKYGW3ijBldQcN5YcbggwQW+bjPA/n3lra6VZaq0Ph25nu3Rg8eV53d1PC5HHYDNRfDXTI721uvFGlXYh1zS5SEtpF3QzW5Cnk44J5HUdBjH3hclura41Oe8giXSZ55FaAD5QCo6Bhgc4yRW8Voc0pO9jZ16fWbXWoNaANnaXSC3diQGWRckr6j610Vl4j1DxH4KvBZTCJ7GQNcF2G6SFQTu7kE/gDjGecV5XrXi251TTWhgaK5muJAWLA/IwOSVB9c4+hqrc6cj2dnLeyNHqRkCyLtx+67EGqRmou56zpnh+PUfs0ckQmuUIkiznknn19q6gaTHaatd2llfJY6drCx291bQ/d85SQGZBwG5I4H1rkfDl9rdnYrZ/aAkkIWewkGBIYAu1kH0zxnnk9sV0+mXOmzX23VbaW5i1rcY7hn2iK5y2c7ePmJyCeAeoxnDchSR3n9s+JdJuofDnhPRo7i6sbdSt1KuDLBgKVO4ovUgYya8V1lL3xNq02rPJ9minCkQIMIjAAdOlew22oa1pcvm6xdma5sVw8YbczRHnqBkk88EGs/UJ400t49P0oQ215GZbeec7cngkjsSOvDVUJEcp88eJdR8QWulpH4k09bWy1dhGZVBDt5ecZGTjOMgkDOOOK800ttV0XV5brSYzc2T5XY+TuQ8Yx1+hFfRPjvTEm0Wax1C5OohwpSTGPLlHQqcnp7YyMg964vRNHsbfSVuYz5l1YygtH3KdeR780SaNaUGtSndTLpOq2obTgbfzBJFPyCMdQGPpXrvh2+NlDPq/hO5ezEvF7E5VmLAkqyhlbnknjpmqn2nTnsrfTtQtDdWupyb7dvmXypsbVVgOep9a1tRu3XUNO1TUtst9YuDLb7cB4txJUkZ4I45z1qaZNQzbzWvE8fhu4soo/7QtbiUSRXUq7pbZwctzzkEjgnpyO4FeeWVvZ3kzyarbyTauQxYZ/dNk5DYHcD6V7R4okLT2Vzp5Sxsb1VVoN+SruNwzwOO1eL3+p3dnDqU9zF9nmTMRA+88Z6EfXPUV1UznSuUI9Ol1y4sp7SZ7q6uJBBHEvzHJOFUc8fSvdfCJ12z/evozaPqOmkLK8iGJ54iDyVdQenB5PqMZrxf4ZW9ndeI4jAxsvLYMGO4CN/4XznIIOOe1e863JcateS2uoagJNWtebadCGidWAO04A47dOD69KirK0rGkZWM1td0i3j1DVtPsWjW+uHS+mkJdVlY5LKCcDlsjGK4TUdG0K/0W01NhLMsEjK10d2DySEX1444x0rb1bQNTttAm1W/ukeWSRfM02ME+aAcbjg4zxnp2qhJBrv9n2Ghu0UVrMi3NsgOVi3AkBztzkbsGgk8lvbnTp9QkubCL7MYRt2EfeHfParWl3WmxsL+3ikuGUjfEgPc8gYzjjjpWHqt8z6hqNncWq2t1bu6u6tuWQqcFh064yK7TwVazackatN9mhumBY4DEjGRke5xWU6d2b3Oo1XX4ryRXkto9GkEaqij947A9d3A71P4N8OaempxwyxpfJdsFS4clFUP/EVPYZrZtLfw3rK3aXGhC5uLR2iaZ2YbgDlWGemP5V2Q8K6e8Fvb2N8s84jVooIxuiEgGfLLdTkjFdCp2Ri0ej+H7SfTLNrM3zG1hb5IIctEGz9/LdK4/Vb3UEuro6m4t7NiQZ0O45PQ4HNaUusaxpazQW9qmjWlwcTW6EOxYdwSufyNchdTzatbGbThhiduJxgNz3zU0oK4cvkaHhrQIbeSTWtDd9dvJTseRzhVDdMD6jnJrutXkjsr6yvPFZm02S4iZLlLLGZlXIB7qeCBk5rh/BV7bjVJF1m5lskt0McsVsoIk4wdp55B5ya9809LtZ7VdPjF3pU8Z8m6uCBcYJyVz1IwBW1Q5a5wx0Oa2W3uvDUltqdtcqHguZ8ecuc/KoPIYd+B6YByKx57e21G2eK5F410rFJUxshG3jkYB49+9eh29h4R0wzW9vZXOo3glZGMrbEUjupjAJOfzHpxXLaj4jvnstQsbm42zw/u8ADJQ4Dc/TIzUJmcI9jyfTPD2q2Vzd3+syw2NlyhJbzHIB+VlRe3pkg+1alzYaBrGjXGp+F1mu7/AEtkE7ux8poyG+ba/I24GcACta90i6TRLfW9Ft0MsRIfzTuBQc7jnuD2/SoII7N7MzeJ7mW0S8BAOm42yqRgrJkYJ65B4qZs3gpFXWprfXNP0668U3QdZv3Zih+XkE8E9a8L+NmiGwk0fSEg/wCJYszTQsSS4VSVaPJOcYI/T8PcbzWvEdroA8OaHa27GJy8V1IAJdmcnYG+Xdn1JAHGM4I+SfGV9fX/AIznmv52uZnCZyfulV24wOBjHYCnPD2jc2pb2L2iSx2HiSJtMxEkimNfNHAzyTmuvfU4DaXOkzL89wSpYHgjPOK5G90ia30mDVVK3CbyHUHlM9DXdaboenX+pi5ZiHKA/Zzxg4+9WSN5Cad4RuL7wq+p2sY/dXPl4bAHlbclxn/arpLVoLSWwN7AZlt2+Qxfwg8Hp1rq7XU5x4bvrTUIjJbQfLhMZOf/AK9aOkNDYWtvD4fnCTTDMvncBj12jd1/CmZNSL974cmv7+aSIxQ6SYkKLJgyyyE5xtaprrQPDUOom3n1R7fVGVGiTb+6TcM4YngHHTmrl/q1lcahBf6hZSwXUEQTEBDxErzvI4I6nvVebwwfEN6dRjkSW2VQZZM7ZeBngEcnHSgRUtjbWyeZqum7o7aRj9thbEkmTxlT1GcflXRWdzrnnfb5ZPt6Pho7JF+ZR1R+ASTjrXO6xZXEWu2wt9Q+zGVAIbdx+7fHHzA8c/lXoE1vpZtn/wCEd1Mp4lNsjSpnKxjI3gEKehyB3oSMmcXpeqTxR6ho95bBxcySSrcH5Wg3Dbjp2x0yOc9a8Zgns7y9utJvLn7PLbSERlRu84ZIBJ46+hr1PTtf0STVLa2ulaaJd5cklTOSOc9OjV43fWeiW811daXIUYzSEKxJCLngZ74HfvXRTVioO5b+Hy6np/i+5FmpluHmHlyoCRHtbIY4z0719bazdaiIVhtoBftOAzlGwVGPmP19K+bPh3Dq980zaVMloYE3SzSH5doPO0nPtXrza3ftYRzOo+yQEiSeJvmkJ46ehyMVoo+9cVaeg4SRWV5DvuP7Pt1O+PzIiySSAjjPpzjNVvEfieS3N1FYtuuphuuQOcQjPQ84xxz6VJp+oQ6xp8tuIDezclbVl3MIm/jBK4544z1rmPFOnRf2bDb6LBNCbzEUTNhW3t/CxzgrxgitGcVjzK48SeD9P1C4j1GZ4oZ0zHtB+WQ9QfYmuJgu/KvpLjSbhdpcfKTwQ3I/LFZuu+GtYg1KZNZtUSe1O04Iwy9QR+BrWt9Mt7aBbxYmjdV2ysoygB7/AFFY1JHoRVoGra+JtQhjOk65IC25jE/Xbu7H1GencVFq93JeWj/aZxiAEqT3YDoKytKutKtbWOwv9OM7o7vFcR53MM5UEHt16H8K6LU9V07W9EMEWmfZJ5WHCgde/IAzmocy4bnl53gyqrZ3LnDHJJ74rp/DNtNBE91E2dx4yOhHWq2jaI1/rEdpIvlI77CxHTnt716c/hOPTtQksPtTRwNHuUN/rfMzjkehpJ9C6rVjnTskuonmTdE2NwU4zn2r2FrLRI47VJ1MVyuDAFAwT2LVT0nwZfW/h6aa5CSujZGcZ2+oNei+HNChvNPUzqlw4XHnnnyx2raxynI2eq68XEUMxa5iJAcgNsXvgnpXWgXE0Uc2njz9Rtwzy3OAknPUZ71qW2hafbI4gwPmOXLcP64rNurRRei3jR44ztO4Njjvj1rQwqGS1088MT2e+DqLjIJLsvXGfX1qHVJ7hSHnuf3MsZ8mJPm+Zeu73rpNQ0/URFBsXzhO5EUcY3S8dMr6U2ytWa4l+xWyHUXiO/oNqjqMHjNaEIxdAjkkvhpkeLlbqIPIysF8uP8AjUZHUela0+htpN/HPpMyTWKyAhJTucqRyCAo79qwvsltNC8drJJFNGd4dxsYuOoBGOM1q2c0V7bS288rR3UQycjkNjOM8ce9ZsaudHqs8cNit7ZnynkIEgyBg/TuK8nhutTs/EbtMz/ZLqPC5BClhz1rvolkvCbe8HmMgyduMYHTNRST8rZ3oXykOUDjoexFTGXKbONyGxhsS0s8Ls+VJUKOQw9az7TxHqenaiYbyzWWFiS0hyDgdlrdFzHBMbx4leNeWVeFcDtuHesbxpJcHR21CNfsEsgBjjb5kKt0O71GeaLtj5SfWNeglnhFuGZUIKwnkjPXp2rBtdYuzqrFoVnM67An3fJ9CD6eteYW194m0DURNcXEc81zGELIwaMxn6dMV1cs+p2VxHepHGscSmSWTOVZCOcEUcyQcp6RYr/aF5HPp96IZ428uWTG4J6HB4xWrbm5jj/s6+uFeGKUsZkXO4c8D61yPhCTPmapOwjtr7hI8Z3ZPy5xXV3+oS+H76Ga+MU0E6gRQx8kc9Txx+NESRdTvxbaet3KdlsXAUDO/Prj0rldRsr43FtrmmXPmpfKEKgblVhzk56GtoTrqEr2mrKt1czk+RHkARKenQ9jXCaVb3ViLzRlLRzElmIPccYHb8qtAa8emvLHJareMdRJYuuPlxngg1mN/aM+hfYlfNpbzK8juPnKjOQCa1rSy1m+druR1SKAbDJgbn28gke9djbMk1uZbyNfKUfJGP4zye3FRIiHU841uVr1IryyO20jAGzH38fSr+nLbpZfbfsqzzEZRXONv+NejJYaNFp/nyxoJ5SHjjxxGMnNcxrGnLLLDLot3HLLeKNxY4RcdRx0oiao4xfs9u21XCXku4iXOQm7nnsK0fDupWkeqJYvdfaYZtyXDlvlYnqBzTprLSjqaW5EX2ZVxczFjtdv4ipP9K3rP4d+FdRhmmWKRImQtbujlcycBcnoRXRpYwehy2s399oy3lgkskWnlzJEshyu7/ZzWnaeL2stLh1bULpo7aVsLAyg7mHoeorC8baZfWFnbwajITLkNEjYIK9M55rE0S4T7ZBpV3FHdtOdsUcg4Rj0IzRpYFqya28Vtb+J5tQurdb3zwTCDhDH6EDB6D8fetm31uC585EKxzXMmHY8mPnP5Gq994DubWb+1BMLqRP9ckan9yG6E+3bPFctqGnz6TeKHkD298Ay3IOQP7ykdiP1+uQIbN+RM9A+0QXVpPZq6+UmRI+cb81h6rb3FtBaTTl3SLD2zAg52dBSJdWU1v52luDBbMvnK/DHNQeKr2SGOGFCwjcZg3Z2j1AqGyoQsTyxXmrWhELIJblTsQtsIZRxms19JvxZLJJG6KTtlZOqEdeaj0y1uZtJTVVmWWXzDGyKMsmO+K2LGWSdv7PlndImcvMM8e9ZNXL5TBaFdYtZYAxkMRynXcWrAMaQoguIyl5atuCyDAYjqDXU3EUceoSXOkyFoN3yq3BGPfvzWfq4O+1E3zzSyHOTxgD1rmnTRtGrYw9c1+58QaFPoGrHzLO4VtiY+63YZ64FfAniy1/s7VCkqCJwx+5yDiv0B1Gx0s6fKruLS4B/dk5EZHB5I6HrXzL8SfA0esRRaxYqUaIsJ8c4HADAenr+fqa8HOMGpU7o9bLcRZ2Z84rqztIA8Xl8/eGcYqxqoR4GRSH3Anj3rTl0rR5rGVDJJFc2+VJONrEVw0c00ZxGSy88d6+FnSfU9zcoJHJby8ZCLzjFb9rqDFdoYoX4471WQSSxZ2bdx79cUx7YoQVOQBnNYyWhSOrj8QTJJyocIuPeqWo6vDdBRKPLJ7jvWZa3NuqhJ1G5jyamu44pyvk7WUdPWsJ0y4H/0tvT/Fnww1vxZDPd+GrhbCVBH5Ydn3SDOMHKknJHTHp7113jO51H4heIrDRNK8MC1ktJGeBHjBnYNjDOThVXABPYdScVxfh7wF4zFnY+JvEF3Z6Wu4yW8VyTFKuOjEMuM9wM59q7/Q/B3iCHXG8df8LAtbO7cMEDSBnUYKsNrEKFPOBj39K/Zak4x+E/K7SZ534osvHnhHWoFnaKwllDZCFHIxx23DPpz9aveLm8R33gZIPFPjYRzyqtydOk24WNSfLLMpBznou3GeBkjIqzaf4d17XJ7/xTr8uoypPIzrCpCs2c5B+7z6AcCue8QW3gjVPFVpb3s00tpPNF9pjRfuoCAcYwfu56VCncDd+G0vwybRLafxdrM8Mscjh0gUkYDfL82xsnoevTtXby6p8G4J3to9BvdakmBTCs0aup6cBwfxCg+1cNrUXw00vxHdaJ4P0V7jRSsQWacuSWUfMV3Zb73Azgkdq6c+JPE1/cx6T4U8Jxvd6cFLv5Tb4424GQMEdiMnp2o9nzakc5zfiW201/D1poWj+GHtZLhnLtOpUFRyFjdiScdT0PFedaWNc8IaXrGl/bzaRvtcLHJtAJGDvIwcYwMdq+gviJ4L+Id9plglxcwoAd7JE+AxYYZexOzuO+a+a9a8I2DzJHqGqiFJPnYknLY/Hk46dfpTpv7Jue1aTF8ILj4Z6fJr+sSf25cFmKwtvAOQBGBtYADrk8568V01mvwoHhKaFdUurOzUIrMYiXDbwFxhCCG/H35rzvU7n4PR6H4b0jwjpF1davGrLcMxcBmOAoG44JYnIKj/CsDx78W9Vbw5J8NLHwymn3HnxhiuZWyhDAAIAuXIAyCcDNZ2KSZ7X4Y8Tfs62mnyWeuaZeandOzoZZgWUR9AV2smM9em73rx3f4Z1nU/Ej+B9DuItOtJA1s0u7eIMYDfOSSXKswGScVqX13qEWhxa7faEv2a9BiXgb1MeAdyjJXk4/CrvlfEHwj4csPFdtHHp0V+UNvGxVvNUgsu9CeMLyP6VKhZ3G5XOk0T4tWEmsQDSPhfbTNpWxpZ44i3luBhXkIhwnIzk+9cZ8QvEXjPx14rhg/smCKM7mjBT93BEx+Ybh9Op6ngDtXeaLonj2/wDBmq+Pta1uDTItbSSJEQKZpmjLRgFduFBO4Da2ccnivOvDotLPVE1DxR4mVY7BlAhRS7zHk4yCcAHGflOemQea2hbcwNLX9b8c+J9Rs/B2h2cRlwIkjiwgLgYyWZsDAHH4Yr1jWPB/xQ8LS+H9Ps72B9RjXZeOdhWEsAFJLA7kCk54LHjivIdct/DKXw1/RNWu57iWVWgWNSGE27s4A4Hbp9azNcfTrzUra+vNcuZLiaSPzonlLnAwGJUnIb+daDR6XqHiD4q6ZZ3Fj4d1SO51O3uPIMdt5QIXkMQzBeTjGD/PprL4a+MWnTQTeILmKVblRMkchR8GTn5yEBDA9s4FcB4m0Pwdp7W8+g6zNayRoWlDowLMcfdPyEd/WtrT7S++I2mQaTc+KI7CPT4jJGL2Q7ZgONoYkcrkEDPToOOIUdbiryskejaVqfxWm0u70CSC2a1tZ45FiAjJdlbcOflOMjPJBqz498S/FvQxb6fYaDFIbuJ/OKoZsg4G0LG3ycE9Sc59q5bwv4Xh8EWUt6niGJZpNpMu9QqjgDh2559fwqKwi8VajLc3mh+KhfXsUmSssuQyOSMgOXXHpn8Oauxz00crrOpa7ceCItY+IXhMBtBnX7EyRvE23K7vlYt8pOAcDBxnBPTjU8b+EPiF43mkv/CP2VLm1ENra2juBHKmTuYR+WTnJ5A4wAQSc10/xD8P/HXV79NHe+XUbER5QwzpDGQeCHj+QkgjuCMY57Da8JXPjL4TfDKWa+sIbe+S4Plyuyu7q7joATwCW/AHHrT9ojqlsc/calPoulp4dg8TXWnTafsijt3uHCwgD7uwEY45xWt4T8BXGuz3l5qljba/aw27FJw+2SSeRwdxbeGLDByQcnP1ritCOqah8Ul17xd4bk8QQ6gZriaKCNkRiIzswEDABTtxnPTBzzXdP4x8OLoNnp2g2M+hXcc8zzSF2w+5j5YXkk8EA5xjaMU1F9DNyKHj7xkvibXLLRtGtZ/DUEccVrJFk7f3RIzt4zjjgr2Fdz441XWpPDlnBp0qT/YgYbhyQZmBAAyD29cCm6Wvibw2bjxXcRW9xc/ZmSNLjklXZWY9R83Axz61JpNl/wAJvqP2zWtJl03zlBFxEH8mRgMHGRgZ9AfxqXTt8JHtC74T8d6JYaJDpt1JPouneUY7997OkzlcBioz95v9njOMcU1bjSNU+36xLMPs4jK27fdZyp4YjsSK898b+DtQ1Gxk0Hw5cw3F3FIrXFsziOTCng8k4weTnHFepeMfCWlt4CXxRaRLoDRoBcRbt8RAGBgnHzH2HOeea56mjOqKuip8PNetNDmutbWBbpIlLOnQvwQOcHufSu3+HOg6/wCKda1TxXpsEM8ALvJZXDbV/fZIWPcGXA7ZI6elfGnh3xJqV1YXk1spjaEM4UnBOPT3r6a8P/HTV7XwPDoVxbZu5UEUs8JCSeV07DkgcZH5VFRT5fd3JnA1tZl8JeI1svCN5on9gQafLJCZomV1DE85bHPI77hzwcVyXiWwltZdP8GeD9aF2FlUSSSjEcabSCOQwJHHTr7du41XQF0T4fWPjeC+j1GPWHeTyXysyqHIVuSc56ngYyOvabT7n4cDX7e48Z232JvswnKoxXLgDany4yevoc9eMminWVrxIVJ9TO0Lxj4m8BWV1FcaHb3NxNKIorvcCRAMjaqr03HDZOOwI7ihFoXhzUbi68RtZS6MYkY3U8gdixY5+70/IV5rFoer+NPiBNpuneITb28bu9ss7llZA2QFQHAyvoOK739oTx/46tbay0VNMRtNdw00kTbxIy5AUhfmCjryME49CK2kne5B5h4Ygt9d1l9N03xVCkUV1t+0TDy/3Wf9Yyk8cAnB49SK9m+I1h8Szq9x4I8L2ltrGlJbRHZtjYlmySxBYMHDDpnpz3r59m0j4XWGlWw1Oy1HS9b1UGUMpb92WwTw2BtzxkrzyR2x2/wo8I2UniO08Qx+MGsHtNyxjbtKSqvVgzYIKkjtz3PSlLWzN5R5TqvirrekeG/A/hZb3w5Po+tXlqLSfyiYPMljRRK7EdwD1Ay27HQccd8Mo/Feg6BdeO7LxFHLaaRHNbx2dyMld23aqFsg5zgKPw6V3y3nj7xjdJ4g1bTIPFmkWt1JFDHdeVtCqeWEeQRkY5wT2rz3xTH4K1DWUsLewHh6IyHIBZ0y5HO0j5QvoOPpRSp2VjndW7NKDx/deMdsvxA0ZpBbApHcWsbRjeeTuy+zJ4PGB7V9K6X4w0/S/h9Dc+FPErw3MeyObT5ypfc+FICsORg5yM5H0rxW18Oa/wDD2wuxLqdrqenXbhoosDLjADEowODgAcMegqlpFroetaylnqtnLoTl1beqscgcnCkAfT256ClWoRkrscJO7NDWtI0Dwolt4h1vQvMN0hjtrhVKrE4HBUjAzyD70zRPDmt+K7eHxHbTQeLrWOYx3Ol3EuyQRrygLS5G1jnGcYI7846Dxpb+LvHGuah8P/CM6av4d0r7LIQGSPe5GcDoWP3uPY55wKqa1pvgKy0jULPTLG68NaijKIvnkk3t3J3FsDrzkdsdxUQkaHnd94l8EeMTp+gjTl8J6fFLsllhCnBlYYPIxx2yMDNT/ErwZrWn+HrXwXo2orrVraTtmAhPMVQC2flOSOTgA4FTeIPCC6L8Pm8VXOmLqcMeJZLlWCOoJ27iMliM8fjTPC/hPw7q3hK38feHPEv9na094LSSxdOIw4zktw2Mck4YGtqko6WEcTpWj6Do6ab4j8N302n3VvuF9a3hxGX4IChh0JDdzx6VJpeqad8VfHF7NrjNp+pXZSK3uIP9SFgXZhgTnlVGTu615t8V9du9V1+Xwn4pjKvpsy4vYeQVKZAAC7QDvzjr64rS+HWrX3hOwlt5DDqFndtsgYqROobO7p788k++KtbAeifHP4jeKL2503w3qsQ1SDSbdY5DaoTmWRtuW25wxCr0AHPQZrkPDkvh7w5c+ILaXULnSbjU7eOGO3uomBXIY56FsjORkgc8Z7QaZZXMGpX/AI28M6n5c1gYlNnIny7n+QEsT/vcbfXnNWpvHT/E7xdG3xC0syS29p9jiubcOirtJYNkHGeTjGR/s4zWXLbYrmPNpvCV9Z/FNPD3jzT5b0XYMoaDfIzQBWKsoiz0xhh2PX37nSNAh8deJ9Q0nwz4hXTYNPsGZYtQYkukTBRCignIO4n/AGR1FdTea5deDb3TE+G+snWToVs63TXC4dN4KtERIoJATjg4B/AV5jouj+H/ABDDH4mmVtIuEuJIHlUNJHNu2tjBOFZeQcfX6KxtGdz6ii8Q6D4W8K+H/DN7pMel3+pRpAbqBgWDqQpkbAHUEHv/AFprwaZo9he3PjmCHxDbI+63uCdk+dvRsdVOOxOP0rhvB/hnU7XxRp7TxxeItELMiRO2+RQQCWX+6Rj7wz+FaXxS1rwve+OINN8BwBBpsY+1wXBZkeeOQ5Q7znbgY4Iz6Vm4kte8ecfDq88dwype2O26sZty3cDsEONpxtDdOfTtwRU3hKztPHniuTTNFmj0C+tN8gjnUkSBTh1B4IK55BHAzgcHHYa9r0XhxzLDpn9jaldqrpbbcL6d1Xg9fu1mJ4PvLLwvq/xK8a2v2OaymdIhxm4mmG4M23ORkgenfsaznO+hdzFurDwTFqV3pfi20eO+jlWTzlUtEwwNoZM7dx7/ACn/ABm+JWr6V4P0e2sdBdVvpwuwqPuRkHL4HHsOnr2Nc5YaZ4i028TStfjF3F4gtY7+KT7zxqxJAOPunpkdOwrLv9P0y0vU1PW7Jtf0wS+VJBk7kVuAwxg/L2GQD0yM5pQV3cTdjX8HeGE1LwlcSQI+leIbObzI7wsSlwsnPPHQDjHqAc8sK8u0uPUNF8caTqs1z9h11Ll3vmkCyIRN1zg7SGQkHHr1BAx6j8RLmLTLTTdNsJhc+HtTHymFslViZRyB3T361R8e2djp88mg6q5mRyjxXmArKyqCQw59cdff6dIRlc67RtA8N/Enxndajq9yr25n8iTTgWBlREwJQwKkAnngc49813F7Y+DvEFveeD9HT7Lp+jFUiKtsfOTuK7s5BOQSQSep5rC+G+q6NdfC7+2tbh+y61Z3Tafp18A21yiI6I2zAAC5U7s5GTnJ48V8W6xq0uvXst6kaXm/zJVjACNkcFeT16/jWTp3M3zJ6HoXja5vNM8OWXgLQ4jNBFL5kd4G+Ys+4mLcDtIJIOSR0qta+Jb/AELw3pngXS9PMevNNJNqjRHLTRSbvLUso+bg9MnpVv4d6jL/AGFqerzwDUrO28sSwuceU8jAKVPcjpxSwxXVrrq63qLBXaHfHPgbRkDAcnHTBFHsg9qch4h8BX934nh+Hnh67S+iWVA10QMghS7qxBIGwdRnORjrxXET6XpEnxLstE3/AGfTtJkIm3MFUS2+9zknjDFVBPHB7V7V8OtcPhSHxH8SNdXz7TVmkaG0ViG+2K/yuueAvzMpIOeOhxXgd0gt7ie8bG/UNzu/cFzkgVE42CHc7nwRfprnjC41TWomsdJmut0rxqWIQHIQADOWxjIGK+jxpHw617xFZ+ILfW5ZbW2nRbiGf9yUhQ9FY9DwSADzXzdpGuw6VALS0bzraVAgDr8zSHjIA5zntXp+q+Irzw1cR6dL4bjjTXIFSIxfMfNA+8GC4LLkZXGRXRCOhMjW8UaBpd7rN5LZeK31PSQ++FbiRh5eeSArEcryOAufSt3xX4f+NWoeJL6KC/g1bTry1gnU28sCowwoGVcIQwbOTnmuAuPEngW5hbSfEPh+9ie4iUBs7AjqeeSyhlY99vGK6Ir8L9Ih0SwLanp9teR4nddrLEceuwsQWB6A4zU1JSgUU/EkPxA0TxHp2mzxWetz6lC1r9liAk81kGWDgKpB5JbHHBziuR1XXNa8P+AdHTVvBFu0FveS263Dqodi7yM8RhHzIfl4LcHbxmux8A/B3QTrv/CUaX48kh/siYzPLJbiNyrkgNud8MWGSQAefStK0+F3xT8Vaprlj4c1mLUrCzvBfASS4E0kxcLKFwwDbQcgkDrjNJTuB5Holr4e8M3V74m1fwVcw22mGK/QqZWWIkh49wfahViOM8AjABzx1vgTUfgt4r+JDXc1pc6ZHdiSZIJfmhgfAPmHZn5fM6DIC7hgYXiHxZ4o+Len+LZPCFrq1pqF1DB5G5FgZJYwG3I+VADKdwIYA+ueKfp3jvxX4CtfDwudJsNRmtJDAx2fvYkkPzwgqdu1sY4AHAPXBpyVxp2Z7LrWqaHbmCysrr7DplvOPMuEYt+7ZsMRgknrkDnNRx6bqvhnRdZ1PwZ4ki1W6Vxc6bDKoQMrructvYFX5I2nHTnnIHmfiXxXHNba2B4Ymt7CEx3JIy32RHKgbiFA2tg4BwBnviryn4b/ABM1rQbXS76fRrGQSq6NCZGSUqMA/e3D5eoPrnHbONCw5VrnRabdazrmg6j4w8UeHLWH7ZGbqa4gjEcjmAEFmIJckgdTjv1zXnniPxn4R8aeLYfEWnQPp1iyrHdwICREVXAIwoyG6kgfrmuh1zS/GPhOKEfDLxPFq0dtK8FxAJVi8knj/VvIysGJbqo2kZxnkU7m48S/DXwlqn9q6PbSKswm3DiTzJMIAGBxt5Ge46dgBcadnccJXOW1DWvCuq6tpPh/w94kewmafy5XlWSMKkjKo7DOOvJA9SK9d1/RvEmj+BLzRtD8Srdr4bnjmMCFIyDJISHGMsHBdmAJPQ45xXiHgK18Na3f3/izWPC1xNLamK/ja38xwscWGIKfKpQ4GW7ZFdRLrXwl+IPii41nTbi/0K4MRcWhTzoy688MA2A31GD2ArRsts9l0C+uNaTVPEXjfRzq8cmnvcFlkELgwqMsoUryVGAOBXhXgm+s/HXxB0u51nw0t7aPbXMU0I3q0iBSyMzqAQylQARjJPbOK9G/sux13QrC88I+Jtl7CHt7uCQGOJInPCkkfdOOeoJHbFUF1fxt4NuL3w5cLDcX9myOk6upMaSLkgjA3BgcjOCOR0xibGdN6nCeOtZ8C6np0mg6d4V/s59Nfdb3CzEyoC3zKwxlg3I+c8dRitnxPqXwy0OO1n0a41O4nvYC7m5A8yMkLsPAUbTyeMn8aXwnpPinxP4x1DUrzRbZ1lspblUkHyTSQlFVBIchGbOckdj9Rkv4/udQs9JvNd8K22rx2lwILQkShSz7f3LDDh8gD5e+OBVJEzqdC54U8F6nrdv/AMJfF40tbbTju8wS7hNE6cBdvUEqM9ckEcHIrr9D03xXb+GNQ8QajqcVlYQqPLnYrLI7E7SI9vI5x97HtivP/ip4p0bSH1bwva+EI9BlkaBpURgChYK3yoqqvzKAeMfnXfi68M+GPhVpLxafPfQa3bRy3kVy5ieNpAoxH8mCCcsmDkdznoXsK1zwUapeaLHdW2uM95ZSRk7IgC4yR/FwcYBzzXcWF8o8G2OsaBDLILGQ/vWTcYn9CeRjJGB0HFb2qeHb7S9Mn8UeDNIb7HeRr8l6u50gfgOozu5JySSRjnoMV5z4q1LxB4d+G+meGtPMdlcXrzCWG3CkzKzAh89QenQ+n0HNVkdEHZHIyaxN4j1e41jxZfzXzIu2OzHyIxxjPylVUDrwM1f0qPxT4e8MSQWMUen6YXaZpeC+yQAEZY8D8NwPftXZeEdD1DwT4fbxJrCx/wBrXI8pIlYOUjfkmRhxkkds+meeOY1iweHwjex6zqVzPczMpitonzCYgwOHBGc8HoeuODzU82oQXUyvg7r9j4d8eLeKAdOnjuIXkPA27SRgehKitKzFuZBE6SO5z5cMC/Owzx0HeuA8L+HpZTcandQyLY2pwxQjd8xyqL7nmvobTrdbBYWvIE0gCANHLtBnI7DOM5xXWloZSfvHV6e2s6xZ6boHhvw3ZaE87pHJfSOkk4TOeQVD7s9mz6cdRw3jrTbXSPiJ9s8P3U+viEMbqJlwsLoNmwSAbTyMjA+UgDJrf8FXdhD4sU+FkvNavChl23DiFd64x95QcD1PA9TVtYPE13Lq1tf28GmGyV5rljhHd87uoJBz1Hb35FZNC6nmVrFrWvabqb6PbLBHdygSQqQPmh+YHDYP8WMiqeu6lb66tjLE4tr61ijt5LXaRjyiRu38Lk9MY4rQs4Rayr4l1jUlt4HYqixPu3FcdFGSce341BY/2X4k1KS40O1YNtJuJMEfOxzknnBP61ytM6UtD0nSfCd14ut3DLF9s0+B7i16ZlnXG1A2VA3epOPar6nw83hywufEPh4w/wBqKyS3ls2wsYzsMpjB4cZBJ7ntjin+GtJVTPoFtM+k6hqEixW86uRu5+7lSOvI6967HRPDXivxHrMvhI6vb/ZvD6RwtLgFVMgPBx8xPy46cYIJ9WlYzZQvvCPgrRPDg0OPxJOur3Uqz28aLklWwFyAvyHtuzz2HXHnutX914f1Hw3pltqhi1pJgt+WJeMLI4MTHcuMlGG7Genbv6bomlavbT67ceNNJWLUvD6BdOlhPyzPGHbYG3bXDALjI4yeBzXLQWeheP8AXZPEuo6RcaHfSxJJHCqs5WWLaEYK6rlWA7KPbitFKwU0iD4y6TJoGg3enJ4sTT9ba4huFtI8kSRM+CUcgMjA7mOOcDGOa8gt/Hd1deHb7wnP4luYNQaTEbgNIzRkAsokxuBzu53g8+1dEkWhfFHxRJNdaFPFqJgcqIJSd7QrkkoQOdo5Az09ea4SCO01XVraay0RcwzbFdFMTXGDjDDGN2fbPrWinYHSR6ZoFh4b8M2s0PiDxfd3OiaxEyNFbLJFm4GCJJUYsWOFIztOSRnpXK6UPB+l3FtqT3DXifOkqlSNwONu3I4I+vPtWZ4j8RXl2bfwpJoQ26PcsxDbjIiyE70JGAEy2dx9vat/Wr3xDZ6zc+AND0aOOxeFGms9u9WKkP5gkG0joBk9xg81amjFo63SE8AQFtVk0i7uItIuY7kxzKALhZSHG8nJIbHGeDkEZBret9K8Jw6nr2o22hT6bqLnz4RG/mLFG4yVOSBtbnouBnAwBiqmr6n4z1J7WDTbOG3uJ42Nw0BV/NyMBW3j5dq5HJye3pWF4i1jXRpK/wBpziyvLZPs1yBlJADym8A5Ksvvg1Q0mcSIvF3inW9SubTS/sE9rsYqx2Mg24UHeV3FtvULXEWMlyvjUC8mEOqW22dRtBXzEYHbgfKT356123jLX9L1Xw1bLc6r9o1mCLYIgCDHtb5cMMK24c+1eSfbYbjWfPgQyMgUtIT8wZeCQeciuWqjqpHtV5rvjfxDq1l4uk8Sy/2Rp5kifypfLe1OCGAjG3JfPBAJ9egqvoFnocFr4g1241l5r0s8wZ4ypkycg7uu5zxjg59qrWmoaHonw9uvDkto9zPq9wb6OYAL5chVUwTnJUhfoMnjPNdJ4mv9H+Hui29v4YtzfaT4ng8u5e5yyqyr+7IJBw53FsED7p4yPllDkcJokGga3qWp65PZztNCI3gJ+6jrnk4YZGQM5yOaytXufFX2bVDeWUMNxZqjyMhA3o4+VU6k5UZ4+nUgV7NqS6mnwjsE0bS4rK709ms7i4LhZDDK24MUIG4OWxnOR1HU4+evFN34w1GS0PiK5CS2MKwRhQke2JSdo+TG7qeTk0pF0yha3Ta1F9vdQkpTYMdOD0/Wu60bQ9S0aK01PUY/temaiXhtgr7WWYNjOB7hhg/U9s+a6PKlpH9nWQnDlg/91q908FXtva+LLbUhaJdwyyYNqV3KHdcBkHPzAkEYHP5VCZqy5L4LHw3iOu6lqFvdeII1EsemsC21t3G9kyp+XnGR7Z610WrePtS1vwdBqHjSwRfJkeSJYjs3k8INpORt5AJ7HJrbuvDlhNql5eW2ovJq8UpkVo9pWHcSArqd2SMEHJB9hXPaxbW8Xh7ULPXrSPVb+RDtO8hoJXbJcbQcj8s4x0znvitDz6j1NDUra01vwxb+MvFWtrpjWwVIrXyGkeTABCq4K5YncMAHGCelcR4qu7n4i6abjw7py6TpujxtNMrS5aUxKcyEAfLhc8c9+TXTeN5HuPCmlL43hnkkW4jlhxtjDfJwGKYIwCRzzzXkXjvS7t70G4tW0OGOPb5RjKpIByxDDaGzxnFc9Vl0onWazqcekWFprvwqDXtsX8q6WVQiIVA+U7tpOcjnrz1r1nxBb2Fz4OGuraQalFBLbhlZh5sBbBL7SMMpYbcd+uPl4+YLrSvEM3h4r4UiMejLKs12PMETbyAisy5BZTgdARkAntX0u+pxeBND/wCLeWX9o6bqsgWeUB5kt2XC8SZPJLcZyOMYqaauGI6Fj402dzDo/hy98R3UlvqNvMJbWOFMJgorkA4GCrbR68nrWPrNsnxKZdfsmi0CxllH2oSy7szjIMn3VGdp6ZHTJrp/HfiTw3YxWeneMmk1XVLGVZrK4hYgg5U5ePcNq5GM4ORUPie+0rxJqdgdcvf7I1MzCN9OWFy0krNhR5gBT5gF5z0NbqNjOTOW8W2k2kaPN4c8E3smoaDPIXuTHFuWF2K7QJAGOOAc5xXLeMJNE8P+F7TRtb05dU1iQGO3uRK4Me3BBKr977wAGa6nxLc6nZWc2oeHo49O0eYLHPC7/vXZWIZsMG68jCkdM1heKPFUnhbyo/BWL/T5WQx3hjb91L94KAy7SemBj1qZz6FUzN8QC31nwXZXfjuaW01eESC0tBbgLMAUAVsLxxg8kenJ4rI1zxRrN/pln4T0kHRoLdStxDI5QSH+7jGdvJbB655HArrvG17caXq9le6uv2/UrN1aGX7u3YwZSUXAHPYV598T7zXPEWqW/iHxNDHY+dIMRRYJkjIXPz7mJbAHJPfoBWLibHdR6bcXVrJqfgqzbUrUOIp1ijZ/s8gAKndyRweSfet7xVb2Oi6HZ3fjZJzfXBIjaDGWCjO05+UDn64rk7XRfHOli/8A+Faiax0qZEF2fPVN6bWw5DncRtY4I61n6lBJoOhxaU0q6rZajuc71JWKYAcxuDjd1+uDTGfQXi3wbbpplp4o0fU7fTJY4l+3WaTlSjHkYK8NlTyOOma848cvHq3gOaLwJbPqlhaXSyTtOg32x5JaNThsHIBIzwWrm/FGlHTvh9Z3fih5kV2AsghXLuin5WGOABnO7BxzXll3ruueIbWCHRtQXQRFAsVwJrgoLraMZIUDcCOqn1o5URE9L8T2+hWXgLTtT8XR+Zr96FNlcQOxVohhyso4TIG5enXHPFcl4wvIPEWh6WmqRx+G7WGFWi8uIgTbxjzCDjGQBzznJ5qNb9dS+HaaRp7tquol2kNmVKpakEgMJG4O4cjaRyT6VV1YXmp+HLfxD8WYZwcrbW0sJjUYXJH7tD7EZYc1kboy9G8V69ocLeGvA19JBFcki6nVgHuFcYZSW427fSu4fyPDGnTy2zC81yWFmeIjzEWN+QGz9Oma+fX1KKCHc8X2eIg+U5zyRx2HbvzXrcCI3hC0stJcTak4Mkl1uIXa3OwHnIA9elRzms6WhSn0zUdI8K22q69DHcrdDbaQSE7405JfbjjJ/Hp611upauPEb2Wp+J4BeeI7RQFhjIWF4MkoGA3YKsfcE9z0HL+JNIm0/RIL7w5dDXbm4iU3k4wPs0vG5MZJOCcZ/HpTfiJ4O1j4aXGkS3Mwub24RHkuY0ZVWQg7ocnIPHIPGRzgc1nIunocz4hsLS1mMFyFLXjySs6/8sOc7SfT0rftrG08Q6Ra6ElzFCkJEqb/ALzyKMHHv6VLbaZDdabMLh5JvPG+ZgASvc4OOgrO8GaL4fur6SxvJ5N0WZIfm27wpxz71zWOu59MW0cOj+ArfTdT1ie9vLy3JjEGFUSjJAfJ+4GwreoHA9PmzxxYaRa+HIrK3sHi1YS4ldmOOT1CkkEMO/GPfOa94tbLXdSurzw9oEQljsoVkDOQGiHynhj6lulfMWpW174o1q5t73UTLekMphxht0Z6LWkKTtc5ZPUlvtOn0HQbzw7fXqz2F1E4iESgMsjDJ3DGQCf9o5HpXzJ4q0jUNNiiupLd2tLklUk6gkdiByp64zjPavo22g13UNJTSbbTZ91gQrXBiYGP+75nHGB61zviXRL2707VLS61NHjt4xMCiZ8xkG7acH5emM81jiKV0bUKii9T5MMYWTY3y+pokO3JHKjgGti7iRpS5TYH4BrDnfKGLqAcZrx6ise1Td7EkDhjtNXVBLfJ8xXrWVZxupJz06CtCIksc8DvXk19z1KG5ej3MdxP4U5gpfcSfpUS4yCRlc1O5beOy1yTPSplg4Cgniow678HnPSmllB2nvUTMNwfqenFRIqMnclBLOQRSHHJPapEDnBzwabK+xSip+NTY0uJgtx92kCkDOenSpFOUBxinqAQWPQVFiyP5iPrTSG7jk1Y+Vug6d6h8s7mbv71LAaHEY45z2poGXO04B7UgYrkP1NIxwASec9qB3LEYwmejU0jHBJJHWowVPzZwRUySEuynjA70tQuJtBwV70FOvtTiV2/L+lBAChsEjqaNQuQggdsjvT8ArlTikcIemRupqkDP5UwuPbAUg881SkQSDPTFTSHZ8nfNQ/Mchxhs1aRDY0tvIzzTJBxg9qUEl+nNRSud5U8kjrVGcnZERK8Ke9KjFSwWhg8eCy8NUXmbeopowbGsm5+eVNRBV3HYOKlwpxjtQQAvy9OtWTcYvJLdSOPpSNHlslqMgNkZANShEx7GtAGk7FAHWmMctmpmAT5QM5qA5HtVpCAEMc5pmVPynoKPmbAHGKVmwOBTsZi7WyMdKnXGdr96jVsjYeBURRww8vnHSrpoiRZMEjSrt/Cvob4P+HxqUsjRooupl8smQlQFJGf5V4jolhdalei2t13yoN554ABHU/iK+1PDfhO3stRnW1fy1Nus8IB53AjC56969WhT1R4uKmetWd1F4VeG0kwtv5RQzEbt78E8ckZPNdR4e8Pz3mm2PijTpTOb55leF1CtEUYqMHJDBgM5GMHjnnHOR6Ne6wkWnXSmSWUqwQ+oHavVNE0y40e9ggggDQ2K/aRaiQ58sMSwHU8nP4179NvofPYha3LvhvSdGu9fm1C3vHlsdQtzpdzAV2SB5CMqM4HGePQk4NRH4f+O9E1aLTIpWU6NetHEXCrm0k+ZpCDnkqeV568fdqfw/NpHiTX9YRIxp2l37GaKeRigjmbGQJOgOW3DOOmP4hW7ZX1rodgfEmpa3Fc6jpUMltdQxSGU3BV28o88jjbzg8DrXfThI4GiKe38Fxawt0bm51CKSSOeJ1XDiWM8qRwGUkfwjviq6TTyeKJtQ09TEtwNjsV+YJnuDnuB29q57SteXX9PuvDUFnHBfwwSXFjNuG8MR0UnrhscH0qPWLHWfDnhh/Feoah5hurf7NKEIWSGduB8o4Iz3H1rs5SUtRY7RbxdR1K414W9zDdFjC7DypwpySVyOnQcHivlLxLomo+I7+/ufD0P2Z4G837PvCnr0UnA7kjpwa9aj17TdQ0q0uNDZ7q7GIL+KRWAQNuAfcRg5xnr3qn4h0mLUYTJp6LG8O1pJB8rFcYwcHn/AVjM66XunIaUdc1TTIn8TLi4lQKowFcgcqWCgcn/wDXWr8RLPTvC2spefDtx/ZN7DuZHYsVliJDqyt8y9cgHkZIzjiqlv4zHg+aJbixW/a2+USFtrAMPocEetYdxZ/2zdXOu290FkmmLtb9cK7E45xx1GcVz9bmtmVPD+t6fr0866kDHKwLL3XcT2Paqcss41ZNO1FmR3YIrN90KTjg9/Wusv8Aw359xDbWFoIjCokdR8pIbpj1rRtZtFuiuneKYHzEpELIPnR+gyabYjQ846Jp7aNM4uLYq2JgcgA/ng02Cez0wvqn+tgCbCMZwSP5Vjahbz6K0On6jMJI7pVYbeflY/xe9RySR+F7/wAkRjULG9iRzH/cYfnxikBhW6yafrFtfXDfarRJFfcp5A6lfXpXT6WV8SeLLfR0tVuo9VuFjSNuAQzAYHOB1qlfaRqEcjnTow1tOu5E3Z2K3sea2/DOka/p/iG1u9BTzZoQkls+AGWaMhgRnA4PXPamgZ6Z4i8OJpukyy6JpY0eaykNvd+U+1WC/KwI6Eg9xmvJfEOjeIbeC1h1J/tFoCJ4SAo6DOMjngN/hX0n4r8WXOq6OU8WWq2d6iGK4SJchhKoAYnnBA6cn1HoPK5bTVde02H+yEE1zoirmHbuMluAF3Y53YwMiutROGErs4fRfCNtromvYGisIZX+WN5CAjdDkkdz610vlyNc2enzW4uBETCZNxKYU4BDL2rZ8NW2n+ITMLiI2LsjbY0wFLjoOg6+1UbaDxHo2qpf3Max6dBtimiDKXYM2CwBzyKj7R1FnSfD9zb6oIL68+0zafH8iYJ3RsOME46ZHavYNN8N6heQpYavKdN0W4QSJIkauTnDfdGWGe/FctpXiCP+0rg6SfsN28YR5WIYSxDjlSCARmt3RNZXwdFK17byeKDqz4tDDK6fZpgD8uFDBieAF9qt0Tme50OtHw94Z0S31Tw7H9tvUcWs5kVgrIF+9tyAD93Ncx4ptdas5rDw146vf+JJKxuIltQpAT5gNrbd3BYjBz1qa/u7bxNCH1CWHSAsii8gY+W67yBuZWGScCvOPF97B4Q1i6OlRf2ppdtAmLiT5cmTjjcOx44qoUwsYHjgXmkWNvoukTefaSOXSYx4IH8OR7Cq+mabp9yYjdXDWurwxmR5FAAkXpjH97FRReOra90pka0W4mmiaNQcFQezD3FdBdtbyJp+qPbH+1fKSOSIggfdyzfnXNPc6baFq6v9TsNAS00uZpYp2/1xUK0ZOG45O31/lXXw6wNY0+OfRdJePxHZsmZwxkWRV4Y7SR3PQj8a4O5m0Cxu4rT7fJ/Z92yyvAvz/ZycBhuOehzkcn1Fe2+HVWPX7fTdR1AWVtZRoUVsK0sYGMAdSCARnnHpTc7GXszNtb7wPqV1c6h4mY3GqBBA1mqyIscyEj5mU9Sffj0rynXLfSr/AEF9Ulu9msfbmENjjev2fOQd3Yq2RyefSuk8U6Vq0lxrPirRbVo/D95dSC4ugAxiJI2uVJDAEMOleV3Wk6dphFzZ3TzzOh3l/l56nb04+v51updbmUFqe1/DLRY7yW+1O5sxIwEZlAYgdxjP0HarGtxMUuV1h1srZG/0Py/ndA5LYJGScY4OO1cz8OtT1GLRxe2erf2clxKLecFdxeAkbn2H72ATjHPXBGa77VJY49UGheHrBNSjnMc8d9MNrQN/ECSuCq7QwIx19cVk5XdxNHC+IorO9tbSa0vXttVtABN55YPNEeCVz371hahDamSa6t53Wzmi2DccSFsfMD7HpXd65HptxqM/9pQNqGq2OCJ1YhOmSAo9OleKagsriXUWRsO+W4IAx2H866Isagc9f6FDqF7bw6XKyzRjkE5XI5/HFe0eG7XRnlsIbrR7ie6jEcbyu7LAr5GHAXrz6jpXNeBRpi3xTUohvTDK5GVRWABLHsBXr+nWlvDFLFqWoI0suUS3jJZTHg4O5eh9KIu7FJvoYcml3s/ia+s31RIZVTzBbxnPmpjcFHTBC9eK9F8NW6oivcKLDTnP7qVfnlWVc8YGT1FeI2F4lxq7a5oFs+kR2oYI8hLEsBhlyxPUcV654BvYH0XVNRis/tq3OfOEoB8mTkBkOOPWuipsZSTPak0u3k0w6i8KtGpB866UZRhgrIuRxjOa+a9Qu4tW1ae0nv5Zr552XyLdCYgFONykDpx1JzXs+s+IrPQfD9pqOs3jalPb4UWafc2OORv2kZGO5r590meM67calZXSaTpzSeZgsHlRGJwi55z0BJpYanqxo9y0N9ShsDHb6HaxtbOf9KyqytGQdyuDy3tz7AV2eLC3hW1tr9tVsZCJkXDIsEhJLx4J4564xnPSuH8C33hu6vJ9FLzalPOjvHIxYBGUEndjHB4wSP51l6h4n8Q6Dfy6ZcxI+nRSlZ7aBQZDG3SUZ53YI7gHGMDtcmiKkG5aHoU/ibX49biiUounry8EK7mYc98E5Pt6dKwb3WtNtr1DbaemkTSymWHUJXAbLfeWRDkYPueOPU1xKeKGtLiWbwuWhe0YSRynBkZT1UqwIPoc8V1U+v6V4i0O7ub/AEuK8vb9W3m4KxywzDJ8xVwSQTg8EZHB4yKhxQ3RcVqZU9xFbPcXk94+qwPP5ckcWfs7PjOQo6e7Ct2zHiAWcOoeEooLOzXKyRSc7cYZsA8896wNB8RvYatYaZqOrw6JtmjlEiRbwnPyswA6Ajk5AAFdTf63Fa/Ee7bX0kvre5KRC+QFIWYhAHY52gY4JyeRWLXvE2JTYeC7+/j1ZvMt4z8rNI22GGX37BffOOnTt+fvxD0W60v4i6rp9reR3kVpMYt8X3cDBABycgZx+H4V+gHjbTpm017fRNRt7yEg+bao6GTGcjuQf/Hfxr4evdKd/FGp+VF9ljVVGGG1jtUDgHrnsa3lL3TWjG7M/SJWkt/LDeXJDJ1PQggDFdZY3FxZeL7Z/OWTZEcjPCgg9KwY7ZIZDFkPu/n/APqqSw06GbXYnt9zTcAZPBPp+VchvY9evtStBoNzbLMYrm6YYfqqMhyD6c1t+H/EkEmnR+H9VT7YyMr2/AH7wnGN3vXl2mWEcZvLC5u2ypciNxuCyZ5ArSvVzHBKpNuy7RuA6Ec546VqokNnd3viS40TWo/7JkaJhJiaKTneCRlASP5V1IvILjVLeXWYTpbTLmALhlGCMbhjPeua1m2E0drrU372NmUxbTk7mGQ3HPauj0zXrvTHMEqm+NyAJGkG14hjt+fet/Zp7HPKpqa/iifw/fX1jpd2v2yU2+DeqNoiDFuQAecYz1NctO3hXS72G38RyTf2Y6jZfW6Zd3xjaRg49+DXV6tpdtGsN6blYVtYmdIGTcZXHOzrxnp+NZCWdtqR/tW1Ec0RQLJp8ih/J/2l6ge3y1dNRijFnL6jDpkGqySWTtdCBCLbf8oCc43EdzXjlsyXsWL1RGskhU7T056V13iueeLzY9NkDRMG81iOUweB16iqHw60TTW1E6n4klb7DKCqFc/e55wB1q7HVS+E9k0bR/CY0y3TS72eJmi23MTcKzY/hbjgn3Nbt0iRtYyW1qbBERCELFkkI/iI4q3c6cNItoxdwsdOXH2doxyQ3TPf8xVHV/Fet2djLpn2OPVrO7iZRMo+e2BG0AnGMioOZkeoi6t3m1OCQWmoRxnzJIWKeYmOFPfPA5z/AErjvEutX19YWN/FKEltI5GkROo6HIx1PFcJf63qdvevbSTbrZ4wAAe5+nTFZaIIbpxBO06MM/Mc8nqK0FGmU9Vt5/EOrRXhvDJC0eXyfmX6D34q/YWhgtyZ7kPGXK8/cZRk85HJ4plnp01y1wTMttcRLuijHPmAnGAeMYxUviS51fQ7C20DUoB9juj9qjUFSytgglXGeOTxXPU3OpL3Srqms6ZZ6nOswL2T2wQIg+447j0GKy4dU0yaG1ngDxYGHy24deoPauK1C5bUNQNvHAySBNjIecj1z9K7DQvCstvayC6bMTgFeeF4qKrRrE9F0WSC51O1ECZLuqluhPuSfr1r2LVNEt9XmuvtEPnXtvbgxyn5MJzjAHBOTXz3p8LG8jtY7tUjyN3JBIB6DPU4r6B0y9SdbSz1C7DWqqsdvMw5yQMK+OdvvVUdzlqsb5Nvp3hyDTpZZI7Z1ZTKq7mHPIYDsabpVrFNbyTvcTaZaL/qzEGKTEdCy1oTwTadMYbhvLuVJ2IDmNgRwc46VhX0mtQNHdRyC5uFyPIY/uvfoeldhkehf2Zealoza3qebVFUrbRxjh5CMqWznAyMf19U8me9tbSzlHn307bRjHHoM1wvgJ/Fgs9btfthMroH+xyMGjLE/eQk4VhwBjrxnoMSsNbl0aW606Qq0MjG6cMFaIoMsA3+FFyJxsezWVh/wjOow6jd7rq7K7MHgR7uM5ycjGetcV4vvvsfiKbVNN+SOYkM6gjLMPm/XP51z+n+MPEV1pxsNRn320QwJ2DGc9vv55rJuvFNvdaddaGAz3Gd6Tscn175Iz7+tMn0I9Xl8QTJDqLRBLYfcA5HFZjeJrWy1K2u2hLBxiQkHGRwTmtvwjLqGq2EthPN+7hDMsbnOT14p/hrSP7WjutE1OP/AFUjbF6Me4wa5nUNTp1hIJdHZJZBwwBwVP8APirL3OltaPa3kUdxKilXlkXDA452mtLQbKdQNOnVl+wgRlmw26NR8pHrxWpqOm6ffRywAqXjG1BINo3dQTWDmaHm+oRyLZXMkC70jj3xxjkAeveo9NkmvdOWwu5jNG8JBY/MiK/bngYpf7WutLubu0gcQTshjdlwy4Pbniq0Ugn0p/tDiKFM+YUGGcn17U7yRPMeR2mk6f4evJXnH2i0DfNIpyGUHnb9PavWLSLRdTtFFmuNKGViToWyOSw61laf4Ya2sv7TvXX7LIxNsg6sPUirNvpD6bcRapJES8+BGA37sZ9cdKOdMOYzJ9B1rwtL9qmjMaeZm2CtvXaT8pKjp+Naek6xefbPsmqwB764yEkUBoxG3Y9wQaju9ZXS9WX+0JHeV0KFT80YGOD3xis6yb7Lqa3ccpkVCS+7vuHOPwrpiSb7aJqccLXGkMHMakSNIQMqOfl9/SobK2luhbuMLBE4eViQJXxyR9Kj0uZ7uO7tLe7K2xfzPJY4cn0XPODTXkW7Td88ZT5URD8xI45rSIHqGlrp8EzXU9sDbAYSIc/NjqQe1VdTeCK3k1W2twqxksUPKKf6Cuda21CwWxaW8Est4uDH18pcZxnpkU1tZuNPEvh6CTK6jlZpGGRtIPQngGs5EQNi7v7ewnEkFtHeQ3sIdiv3oy33gp6cVxckWlWKTaZbCWa3xl7jGSof+FselaMmox21u+j28oa3hYHzmGSPUZqhK00NuJ4gBp4bMvQsx6d+o6URNUyLUI9NuNFNtZ6ZsNpucTh8tIWXkYOODVzwNr0lzp1vLPE8a2DhFhJxu2gHkelQXsqBor2S4CWuB5YjHJOM/MMcCqNzaJaXy6ql0YLiVMKhGY3A5yRXRpYwep3Xi1La6WO8uod73YKIrc+UT0Oc5wa8N1bw22n6hCIMtdKN7nJwCORgmvatFvZbe6XTpb6K4bUAFeMjiM+q5q3q+lWt00+jx3MbcFDLuB28cjI5p6WHax5xoepSxI4t5G3zqRc5Od6k4Of896t2vh3TdWluofPZdJizIRkZ8wAZBz2x/Kor/TtR8P2ELraKkO7BlyD5h5wP8+lcyt1fadeDVrmBhA3AQkhZRwTjHt/OsC0zbWw07UI7oxubJoFJhiYf63b2BHGcVV1by9W0pNN1SwkF8jZt5hlWTOMjHGcgV3MnifQdRkg1qBDZXccYVYdu5VcE/McADnitLUJC4WVbxBrkq7o45FPluhGc7gMA9ahspHhOkynTZzNZOVl5WRm6E59K9Du9EmmtUvDsIusLLJGehPTism+8NTTyo1vEomuCTMgfC7j1x+NY0XirVtG1FLHUSJbG1cJLDtAdQBwQe9Q2auaNaXTZNOl2TlXCj5O3GODiqN4tnLo9w15Gy3sRLxkcqeOPpWrq+oXV9crqQg3WMyAxMeq+xrNhdZbv7NeJ5AJKyBvuFT05qGrkcxxEmpP9nWOeIMp7nmse90dZJXnQeXFMgBQDjGOTXZarod1YXTi0iea3DDnG7BPbj9Kw9N1aLUJZtPkAtLuHO0SHCso7D3I7enSuepT5k0zqoVbNNHxV4t8Onw7r9xZ3UTLDuLq3XzI3PDZ6c9xXmkkMOmSywwkje+4AdNp6V94fEbw5Drnh9rdyIbyOOR4wBuUYGdpPXBPSvjbxFpc0+kQ6mIvKmt38lh0yp6cfng18XmeA5D6fD4jmOUlZSPMUbR3Hasqe5I3KvzBuAe4rQQoiZmPLcACsiVlLk+/pzXzzgdyehRxkFck4q5bKI9rknrxVYrg7TkLUsTlcADcM9/SolEqnuf/T7fxZc+EptV07R7XWby9sLdUCvINwjUthlQBUGAADwuPrXq2s6L8KPDvh7fo8c2u3V0u+JpQ0eARwW4UAD0wSTwfUUvBWm6zp9+Nd0/wvFbQPE0W6VBIPvA8jAIPHoKxfEHxCuX1uC2itraQafKQ7KgUOwPK+hUYwOP0r9eqQu7H5lbc8g1PV/DWheGbnTNN0G5utVvDsEhi+RXJHIYfMcjoMV1HgXWbnS9ETxDceAE+02zsr3t0TGzDOTw8WRjOMjPcZ61p/FfWfE7+JLC702/tdPaSBGEWVL7tzEEg5OOw+hrkPidrniHUdE0zw7rGtnfI6zXJjwM4Hy7tgXIye/cVSRzyZ6p4d1r4geIItc8XWlha2eikMUUADc0YGFUnkn+8cAZOa4Pw1qfip9TvfFp14aTvQwko6BNgyQMPkYBzjnrzW3NoPh3w58P4rO58Sy3NxcEKLcKfnZm3McZOAAc5PBxiuDsvE/wAKNO8PzWd7DeX880nzYTaAMAAKWK9/bGeKok3NBntg174n1TxK16I2e3VXLyPK4AI27j1Oe2euc4rzXxVpumJ4em1cB2u7VgyID/C7qpyPoc/hXrmsXPhnRPh8LhtHl33EKnTrcZkKtMd+5m5IYbtxP1HWvINJ1rXZZ4ljsPMlvZBGEZGxt6dzgEdz0qTpiijpWseItevbf/hCdCGmfZ0cyTufM6AbiryBQD7AE12Xw38C6/4vubjxpqerw2FhpYz505DSSEA7sDIwAByT+FepaX8NfHXibwTqOpBI7HTNMzneSN4OS5jA6gYIySBngZIxXkXgzS/hp4Z183HjDWJtQ0pYZZPItkZTJPxhMhuRt7grzjPGcrmTNWiHxbY6rHctHY+J4f7PuFYlgcMQc/wnO3PsQa5HxBfaLrPhmz0278UzBrKMRRI+9uR6KT02/L1xVIax4WvLfUrSPS7m71O4liWwUkn+P5shTyW6AAGsbS5Ztb8Q2uixeEWmvtNmV5IdmDtDAESKVGFPGd9MD2rRPCXgzw38Phrh1O5mN0gQM68FmGWKfL8uecc8d8nmsFpfCWn2Fmuh6PJfyMgMs9wCxZs5Ptgf7o969O1jxx49a0T4UL4PgS1uVEVsyRsU6iQFW4jG09SMADrXFeObT4n6bpFpFqMEGnxxgwIkbIMdBlwC2c+oP1FBgVPDHie5ms7zXdP0SOKzt3CMWYBQQuTt4XnkdAaw9L0TxV4sun1610+K1kuZShZnG1jn72c54NM07wxqUGj3FlrWv20NtK/2hIY5AVZyOSdyrkcDoDXReArvw1p6vda9q00sUJYJAm4xjHHQcc81vsM6zTriG58Yy+HPF+gw6zdWyBpJklZEA+XsAAeuCDiu+8T+L/AGp6oYtS0G6XVrNVhiWIqYmB+4GGR0zxxXz54Wm0awnm1CPUbtNTmWQRrCNqIHbOCTknGM5yK7f4d+ILr4b+LrjxT4huE1mWGHzY4HbO92PG59pwRjNWpaGc4cx2+r2/w0c/2PrYu7K/sSfOa2AK5f5lU7gw+UEYCj8a6PxHB8B/h14hmjlju7uO7t0CoA42k9TuJjY9Oh4Gelc1Z+N9Z8WeMJPEFx4as5o9UlLtJsBIC8KvnHPIAxkg+1ZHi3x74f8Q6zLDrfgx3u9PYrGu9iQG6FiqrkE4IzkelE6ezZhHflNzwXeeFtRtxPo+pvBeWORLHICpdXHBGQoOeenTviqPxF0VvEMVjYzawI1mPyPncIwcZAGRjdxnP45rkZdQ0/woNV0jUvDbWmtXJjbMhLOqHBQIMEc8nqM9wa62VfhtrXg9Lzxcbq1utDV5Jmt+GYuThRkEeg5Ax7Vj7P7SNrGh4X0nxJ4M8NXuvjXY/tdjItvCgx53lnC7jnOdwPoRxXU/8ACI+JbuaWbUbGPVbuVY5HK7N4IAwpJ2jj8uK+cdJ1LwdreoWVhqGstpMkxy7mMsoXBIz064xycV7xY3OltdFND8VB3XCoqSmBZGIOMjcN2evGRW0URKmag8XfD/xM1nY+NbW60uK38xZHh3bvMJwpI7KvOcAmur1G/wDCnh3w3cP4N19p59MGY4LlfvA8AZIT165PpXMQaR8RbmO4gn0231QW6m5BkkiYRhOrAkg7hnjPJ7d68pbx94T8deMtN03xB4cOk20sBQPB96R24TfhV44wMdCeeCSDruYnSeF5bK31a51jxzY3El1fP5yXsCkspJJk+UfKQ2f7pwKw/id4z8N68ltF4e1K4vNLtSXuLSb5QGQ46d8gtzyBWsuq/wBkaQdO8E6hLPd6exjEdwikurkg9cDjnB6DpivO9M0jwFcXLf8ACYRS6Y8aP5/l5+eQkAHofcjtnvWD7nTA9zu00bxz4H06XwpYi3xEy20ARQRg7cHHbjP/ANevJ7f4X+KvD3iy20zxHcCwuJYluFQusi+WSeMqSMnaRjtXQ/BA+IDerp9tcE6FZzPtnTbvAwWwMEnnOT1Aya9s+Mdro3jbSNIt9GLTaxp0bGYhcs8bFRjecdCuQOgzXLUUoyTWzLlKx4B8UdYvm8TWHgu1xYxLEHEytkOHBPzAYxjGMc54PfFYGrWviiPxJp9tp8L+IvtFmjyPuyFKlg+5j93AxjOM5AAzXUfD7wza6o/ifUdXVbiXRLVfs0THEpkJIKouMkgDgA/hWPG0czN4q8Map9kMISB7Zx94lvmJOehHPAPI61stPdHc6LVZvhLq/h+PVrPSrrR7xInWZw7uA6DGVyxByechR1x61o/BXwkusaRL4ni8SfaptPdoRYvlUQsAQxLHPIJxgY6jPHEGq+L1vZrDRfEehi8sriVYo44Qyuwc4OWB+bOegwT69xz/AItuvCem2lt4S0PQ/wCxPIvPtE0+WaVkZcbCGy3AO7lj0GABV8ztYlwuaLeFfidd+LrHxRrXh5dYsdMIjmRxE0WxmOeFzkfNkfLx2FdLq0vgfTbd7fStDn0i5gYPc+ZuKjIwFXcxypzxlVI4o8RFvBfhS6vvBfjGOS2voWkWFmSOWQIMfKDkhuo4CtwM1u+FPE/jvUfDVpba/pdverdIss0pALOjYdOFJAwMdu3INSm38gqanNy+MpfCmhX8XhrV4LOaQLhCV6y8ZAOPmHU9eQK9P+FHw8vblb1Pi54djv4Z4lnguvldkVPmZhJG2RxgcEdq+W/iLN4P+IGrWGj6VBNo94xYTOYwwcggJ8gYZ7g8DqK+woIdX8F+HdD0Dwr4ottXu4YhA8J2LjgFlV23ZG/gZ/OtK79y2zZzxpanj+vxeAfG3iq2tdM1mfw7AVWKGGVdx35OQGLMBnP8RGK9CvLXWvhvqsFgLyHxI0ZEMkRQLIolTKdd5HJHXPpXM/ELTGtNF/tTx14Q+wy2VxGVvbfarSLIRlMp8rcdMscY4wc15tcJZ3VtqniHw54qEE1upuoIJFG+R1JKptZlORgDoeo4rO/NZLYuOh1mnW3hnwzq2o+KrO7k0nWbSWVI7feCgkkDADBGWAyQeelOv9W1bUdLttc1O3/ta1vPOd5kIZlMTEHpwMEHivGIvEHiTxjbT2uvxC6eCVf9LRQjKGzkZHB/LHr2rqo/Cl9otlet4G11tRkO0zW7qsYYP8vGSRn1yBx3yBWrp2Ludhd62l3o8Vn4UvHRryJLSTT3XAZ3Po3ytyf5euK434z+LPDHh3w4vgfTNHXTb3U7aGW4khKqkc4IAGFUb2+U5PHGDzk47HwRceFtIhZPito8+h6vbsGilDO4kU5KuAmRkDHTIP6V55feHrjxlcXmtT2663YO8IuFjfMseAFyu07h0PTOO4xmpjuBgeEbX/hD9LTW7sweJNA1OzDXFtNhQkvynHO/OGypHH5gVgWHhVI/EA1vwncbPLlSSG0l+ZUB7AscEc8Z/PvXUap4D8N+Mrgp4CH9krpkRQ20rOTO27OQzu2Dyfr3xTvEaW2k2llpOpOLC6t4I03KcghBjPHXpWjYHK+N9JvU8X3Wh6tCbG7bZOXUq4beBwNuQDyepzXsMHhbxz4C8L31pp1xZ6r9oMbW8KviRcckEOFHzDjqa04fh7r+gLZ6/wCIbN9Y0MwiYTxnzcKq5G8LyNpIJzj61wUeh2njXxJIljrDaBcu/mwKqZyUA+VfmQj16/hWFyLv4Tlzos/iDxDqU3iTSmsb6aBZnMZ+RFiVULHBIPAA6/40lt4h106JeeF1hTUvDGiXMVyroiIUM4bGWyGYbi30OSSBitLw94g+IHhfx7p2vadcC8vbgy2U8ZXzkznBXngYZcgjpjv0r0X4f+CNH1LTLm88L6pPous226O6tLgboJGBYR9fmA4IJycc4ApORrHQxb3RI/CPh6LxZ4U1d4NenCz2VoQA5ST5DknAXhm5bg4wOc44LwPoOgajq+tz/FSa4stZs5ftsjg5aUS/MQpXK7gxyAeueOjYnOnXfiT4qnwp43m/su7gi2wOnzRxyhRKhYbgNpUnncMHHPGKwfi7rWvWqS+FZrkalZ2rrJJdqP41BAXIJxjPOf6VMZXdje10WNek8deLooNV8WxfbXkUR2cy7E2RIxOAqY5+bOSM5+laGoeMtZudUtdC8XXDar4bvI4hJGMqoZG4kPl/xLj8RXc6Uz+APC0E/hXWI/EUmo26ytF9xoHCrksgYt82T8p2njHNct4R07XPB3hC++I2nanaSWkKKs9jPkSyF5lhXZ3J5J47de1YS3Apavrtt4Ou1g8M3gvJNSk5j2D91B/Dkkk55wDjsT6VI+mLpXhMeJ7KcRXl0xSK36iT5sHP86g8F+FLbx1qWs+OxfJYHTJUlkstp2GI4YAPkADCkEYPTtkV2NtN/wALk8bTaZJC+jyPEi2IWMvGAGA+YHByc9Qfp0qb2FdHiFm2r+Gjpet6MFh1G18552lyQ2eAME/3Sehz361NBDrHjEal41udRR50vYo7m0jj/wCWTBQHGScDGVHBJ2k5ODj07xz4P1w+IbD4aaiY1S0mY/b4YyVlYIc5GRwpypyevPSuW8X6pDZTX8dxaLD4mvHWCCW3bckgiYB2IJwPlGBxnkV0QncaRU0u+g+2p4L1VpJfCEmoK5hTcGRmHl+aNnzZwccfjXefFf4YaFdeMdKuPCkpttD1H7Pbx3Rm+0f6X84ZTzu2kqBk8Dn0xXiOgXuo6O7eLlmdruzuRAkDg4kJUhhj12kj9e1elfDfxDp1xDrnijxHcM9lpk3mPpZDAmSXiKSMk4D7sqMdMZYgc03HW41E1vCDap4Y+Jkmj6fshutOQtJDuyl2uFJUYGMlW3DIyMdMji14znsp/FFt4d00SNp8yI15CikvDvbJUZGSETBB/OsDwb4tuH8S6rq1zZD7Lcq8kcu4M1qmSQpOMkHIGfbpTPCGtDQPFk3j3xDP9pvbaOQpD0FxvQrjcAQuOO1XdGU6V3odOPD8Fx4rf4dxuiWelxPdKxPMgcKWQepzJ39K+XL28vZfD+oRwncIZ38qRvvFd2FyPXFem6g3iuXw+/xDgu2kGoSSW8jj/WQynPyEehHNeN6o+pWmm20EUfzzSknd124OMexNc05FxpneeA9QtdUWCG+RRexLvRs8GSL5snivo3wppfxH1/wdB43W7gis7e6njiEki7oWH7vcwKn5TkgHnnPFfPXgO9sbTTZJr3T0ZbMjPl/6xt+d4z1FfSckfwQPhm/i0rUrsyahcQ3DWgBBiQbcrllOMYz8zH0BPWroXMq8rGp4Kh+OHiC/SCSS0ube3WQo0hi8v5uxKDdgHp6dK7rwzqXjrxL4it9L1zQLa+n8K3ghYmAPHBIp+4H+ZQOAQc+9eY6yvwxs/DC/8In41vJtbllCulujKrQE5IOAmwrx1Y7v7tdF4fhn8AWWoarp3j2NzrEQYxzFUaUquFbDOX3heMgA12ey5lqc/tLnaeNX0WbXb/SZ/BwspoFLmS2O3BIViTsUK2evJ4JxiufuF+HekWbxz6tqeieJbuBTCUQqEB4Qs21SVPIOH+vStSLT/Htr4dsPEOmavBJHPCH8zzFdsv1jO5SflPB9wR1BFZ3hi88Y+MPGOkXepR2uvSeG5TOIpljWLy3ZQ6D5cNuxnkcYzWLpJK6NYxucFD8NvAelaO/ii48Qn96rxTCNds0blgFMfU/N13AceteWad8N9I1pb24uvHpwDvj8yPHfo5MgA44AyPpXt3xq0mceJdYn07wz5OmWUiZtLf5vLVsZZVXJIJ5wFwBzVK8l8H6HpsN0PCIgUsPt0DMzxvlfkMbk9QeTtwc8URu9TSxDHc+JbLXtI0PwRrMfinQdUtWidbhYz5rBGE0bs+CQOnUZ5HSqvh29n+Esb3fiLwW8v9jSbI54mGxBPk/O6l0cEOAPTODzxXI2sHwmutPe51Br7Rwj5VbZcickklQ7hwrIBxnbnP5WrrWfGt7qXiHwr4Q1UeIdGuLEENMVyyPhV+/gpICSCSRuxkjoBpzEMr2enfD7XtS8Salpa3ekxtH9rjRgskUS7t8i7sHjI4yRgHjOK5rWoNY8f+KovB/hnxAdYtry3MsazSlUVowzNGzHOWUJuGfp1xn3W48SeJPBvhfw/oPjrwbb6hZa9ZtZmW2cvLcIIxsi/dglJBlSRltxBK9OPFPAOl/DXStIh8SeLvtNtcQTOhdg5hk3fd4VSdy56ZHbrms2aUtzq/EUPxU+Hun+HfEGl6m2o3W1rGVY0Vgs8h5iMWD5oOPlPOCq8KducGx1TXvBnhW31jVPBn2UR3jefIiNBv3YP7xWQldwYKCeCffNbPhWy+3XmpX8OrGOw0q9juFkZSu+HzG8twp6HC8A+or0vxXovxSOvzt4UvYNX8O30aTxujwEEIAGG1sEEEfwk5+uQMZJo1nUPO9C0zT7bStV+I8FjLZ6NcSoiKDmMM+cqgO0sM5PAwvQYxioNQ0XwTr3iW0u/DGuyWUVyo87zoz8rqP4eVJBHY9P0r638deL/EFvpcHw+vdDt9TPjDS1LSWiZEk4BVzsUE7ozg5wPXgjjxa4Pgnwp8PNN1a88KtLd6TdyQzyq2xpHdiFBJ67VIBDCnTlJ7owSON8X3Fx4U02DTvDvjFJLhR+8hQhHkjcnJU5JBHpnn2qHw1/wnfhfQ/E2ltdQWkNuq3BtpnV2YqC5aORD1G0HaSRnHevPtB8PeBby88VavaG400RwNc2FmT54QDLS5cjJwcAZOQG74qgtn4O8dyaNY2msS6c6K8Vw0qF443P3G/hGGPU7uARnGDXREhq7Og874i6lPZ+JBtuINSVo2vJtpBKnYFZly4xt+Xtgd6tRTfEvxtryeC4biGYaaYpWRvLWJEjCjO4ruIG77uCfbIr0vwP4Vh+HOnan4U1vxBDJNK7ypEzHY8LqEDKr8qxKnIGfxxWt4R8C6H4R1m48Ym9Fnp7W+yIxSO7iZ2UdOdyhc8c9c9sjKTNLGv420a+vtBtdEtdRha9ukEO2GURZVBygXI4r55+JEqaReaFoV9Cbe80jKyh1X+NY8MCDzxg16f4ssvCs9g/iOG6Nzd28mIYNjL5wPQ5K4VgMtjPavnbxp4wn+KVzYmGye2u4o/IeR5N+8g8H/gIGK52a0j1jTNV0abwpqVjp9h9ru32E7ssJwGzwO2z+dcx4402HUGjuLBWtpSFaSEg/Lx9wVjReEPEHgiwhuNSu1iu4JlZ0D5Cwt05Hqf0ru9Skt5dXFvb3ifaJ8NsY4OCMjGevFUknsU1yjWstNNtpFt4cgEd3N5QNuclTKSMBiTjAPc13PiLwtFZQpBq7C+166hIdVO2G3kx8mGBwcH0rnNO0eeOZor2ArHdfKJUOQMeh7GretQfZ9K2ahO8VhYR5ygLTSEZJ/EjitosxkrnO6VBqdh4mtdc8T61D4UtrRDEggH2iVxg4DLHnKEnnqQR071yc+uaFquoHTrqeaWOaR/9K2H5ueCc5OWA5zyCas6jNceIrqJNI09Jbe78uG2E21H8wt33HjPqTj3r17W/D3xPXw9pKpZ2UdufluYoTGGR1Py7skqQVGRsJ9GxxSqbFRPGG8L6F4a1CHWmsjrdjdwyNHFISgDIwBLHHIHbI7n0zVDw3408QaZpF74ZaOCysby4NwcRlXHABVWBAAwi9s++DXpHirVdVlZbvUDHbCNBC6rjHJ+bBOevtXnWuWNrd20BjLblyW29Mdq55G7M/VvGM7TWdw7farS2mEzoFwzBOcEmuz8OweFNWujrmpXNxpkOrCX7KiKHdZAwXBGMEZPQEdua8x1jT1sZXitFZEWEMrFeMtXpOg6trng3w/p/hfxJpEGoW2qLDfQTEHzLeQgSMqcHaQxweAeSAcHhIysfSuufDE2nw20y30XxRDZSpKt0s0pMEd0tycqCSC8bIrdBkEA5A6jzLxPrXizSbXTtLmkRdat5Vjjm3KS0ZXHOcDDHBwR9RXOal45bxlq2lWeqWk2l2eiIBKSjPs2kDzGQDjPyg5roHXwR4v17+0tGlniTTn8x0IBRdpGJB1O3IzjPpwK25LmcXZi+MP8Ahamh+A7rxFqrw2+q6RLmykBQShXKeaU6IwZCScMeFrgdD03xjr/hfWtXlvbZNShKXkTO6hp2lyzeW3A3DGenJIAq58Ubnw94p1vQ/CNpr0lxaWImV2kXesLsoYICdqsCV2gAnbk1wJ8HeFdX17RPC9rr7Wzi6jiuoyN6xq2Adh+6C2ffk8gVnUOqj8J23gTS/H2la42r+JL8aZbeIbd2a7lEcqM8QHll1BG0AHGMrwapaLZalYm0+K2va3HFaNLNb3DLJ+8CgNwRjBG4ZAGexAHFVPi3JoWhx2XgrS72aT7I5DbCzxvG5JJbLHDbgOBxgk9MV5X4muPD0UF1okSeZBJErRZBVkY5xz1PIBrJT1HCjfc9yij0i5tbrxbpfimCSKLEpZZDFMUAORtHzbhjpjPbFc9qupeCvG9xfX93qEyXU4jKu8TbQIlCkkAcgqBxwRXmfhPxKdGs7aW90MzWMoNs8zKdkqDsPl27lx0/HArt28QaQ3hi/Xw7pUsUyILaFl/eYEjZkyGPcE84b04ro5xOnynE6Jq9ro2vwavZaT9omtw37hvnjwUK7iNvVc56Vjx6tBZQfZUtEhju3kYkdnbpx6dq7K1uLibR2tINLis763XIuNvlzNjqpG3ncOOtec3cs95qSRuAqwxgEHjkZ59OTzRNiR7Rqvj26tbvS7Gy8NJZJb4jiSUGRSeMKGwoIPQ5JJ9c10Nl4T8e/Es61Z2UC2GkQGKaaBTHLsfG5QoJVsEoWO04GOao/Dq68T3V/c6TOVvdOuYDIxnOY0lBBQ55II5x2/IEdV4YsNW+HTXWu+K717bRtT/0d7m2nMn7zccK4XDYOCMYPNcrY7nnniHSHOt/2dqN+JLeyhUrdRkYYYBIIBbBByOvvXG62NL1y4htra3lWO1QqJFBbK8YJ64xXst/N4Fu9OubDT71lnhkZ4naJwZhg4U5AwD749cVb1O81TQ/hJPeaTbRQLZh0aeXDygTuCRErLj5iwGSTgAkAkAgctCqb1PkqxmSO3mPlZjkJxznkV658K767uNW0O601SurWkzLGuEAkRQSSS+F4XjrXnPguOya7aO/AaC1/eEBsFgTyK7OO48vWhHpDC2v5JcQLGdu3fwoBBA5FZR3OypseyWl/FZa54kup95v75pAZC2AkxLBiQOD8x3dO1aNrda14d0oeI9BtRqupNmNlCNID3BO30wCfWm+H77+1dCvvhvp8qaZq95gajd3O2ReOWYPnrnpxwT1yc1Na+Atf8PeG5LXwtqMl7NFK0krIQquG44GTggAcZOf0rtjPSx5klZ3PP8AVfEF3pPhmFvGNqdQutSMgtszHdbyL95iORwT90YHbpVjx3qmma0kNt411K8W+gRY7RordPIIJy2FUc+hPBzj0q74002+8IfDvSvESXFpraa9KS8LRb5LKUoctkMfmyCuCByK5HxDa6vY6Fo0HihfPm1OVbi2mDkmPbsBR1IyfvEEZI5PpWUzWlqdn8U7Lw5L4B0LxP4XFtp05IjurbeGuWeMFdxBJYK+N+DjHGM5Ncw3ibWbTwvdx/DqKaPTrpN05mKqWccMAexCgZ2nJ/AGmeNprPUrPS9O1iT7FcWCkMqphpFbaN5+u3r35o8QvceItKhsfCVk1haWYV5RK4RpWII3DJ5UjJ6nP5VnHQ2nZlzUr3wrPo9nZSRR6hdyIHF4vDxyNgtGxB+bHv0+tP8AG9/p2oaRpmsaq163iGxmV0TYqRSIH3AgqARjg5Pc8VpeLvDL+BfDOnt4c1BNSGs+WbhYowywShFI+YMedxIGQOR07VQ+IcGv6PoelXmu2ZW8kXyi+9G8wBd+cRlsY9Pf2rVVm0ZNJMr/ABAuLn4j+ErDxPqmo21sNNygtFASQSu2M4OWYsoyRwABwOuM7TfEV5MqRaBNLp2nycOxVRkdOCQcfUEV5bqE9x9vi1S3mKAoo8thkK3sK9b8QjRdX0+AaTeGH7Q6xsAANpYEHI4xjFTGpc2lRS1uY1l440+LX51vB9rWFSnnSNudsHg859OD6VteMrTTIdM0zU/HC3SPfbpbWFFAXySAQ5zjggjv36cGvPrr4eeIPAl3Bq2gSf23b3qSxyyfZ8xxAFD97cwJz/I8V7N8aoNOtrLRtH1yJtV1T7KqQ6gjmMeSWYg+SpKgdsdf5VdzFnP+K7y98VaVZQW+nQaNFo0QSUu7B7hWC7CRtGQoUbVyeSSDjAGlcapY6x8OdL8O+A7eR7lto1IsAq+YgAIXfz8zKG+U4wR3JAj+Nk/iSXw7oJ8TWCaSbeFbW3WFCBI0KAZdjkEBRxtJAzWDcxRahpmnP4Tli0BZYI1u1uJ/Ld5lXmRenD8njr+dLmEa/jPw3L4P8A6Vqni21jvP7UO1XSQu8WFyFIIHTBHXrgVb+L2iWviH4Y6FrfiS4GgXWigQQ2ccOfPibZ865PGFUE8Y4xW0Z5vhz4VFtHu1x71yxmkjOyKPaADuBYg7iCOccmtbxfqmkaz8PrJ/iLp7reCFo7TBw7fLmPegK9PlByD61nJlQR4VrPi6O6+HujaZoFusWoaZG1vLdoPLkMZ+7ngZJXHOeDzXnVxJqv8Awis9ncyT6iluBKI3DyKpHOeScEZP8q9A13TdQu/DE15EU0+2sh+4iuFKlwAThW6ngHAxyeK6DwB9ouPC0s2jTtdX7HZeIAMKuDjAI6FcfzqehucfoPhbWfE/gG98R+JLYDw9gCJo3QSLchgqsqkluM4JI6GtKw0u0g8LQ6VArW1m8bL9ocZ3OfvYOOuT0FdjYeEv7G8L6p4kunM9zbuC2nqmSis21X3KTggkn7vQVdgvNTf4WNLrkRbTfMMsartDJmTaCejY3E9fUVmkR7Q4LUJdN/sTTPD/AILYtME/4mEmGhWeQYHO8jJ6njrkVN4xvdVg0qy8C6XcvewTziafei/JIVUIPMxkD2yRxTtY/sXWvA9rBowCSWknmvMV27wQV2Aj0z+lYaaFc3un2Asr10tVuIYrtycFPNIG5M5xjBOO/WtUUpIvafZ+LNRN/oGioPLsrR3uS7IitEvyvtLdSQegrltLskXXLKd/3e0lQF5BLAjoPr1r0JLNbC4bRv7RaXTicGc/M5bOTz3U1wnjLTtR0S9iudMuRmT5kB5yvHOK56iOqmzoNa1LT7KWKaG4e91WWXy2twD3yFJY9AeAOvWsd/EMnh+/uX1rTFtdViCpISoSV1YZU5OCRjHerWl2934hn0nVNGhgs7v5zK0jfekU4BHykk5GRwal1RbbxP4kg0HxK8l/cWzDc0PZerKzAdPX0q1UOeW5G3xCn02wvLK6gVob4OF8tsbXdcBs9/pxVbV9ITTtAtbTSLRLSe+VGuJZdxZDsAPysc888DAH410Gp+GNOl1ltP0iKLT7WwjQDLFy7sM5GeR1xgcDHviuJ8R6y9zJM2ro8t1FiIF8IHVSRkYAA7ngUpzVtEEU29D5f8caQumTNDDcLdxxkYkRdobI9MnkHjrXloAYsDwM817h8QdLjAga2cxxS5OzOeh6Z9q8VmQwzsh/hGTXhV43ke3Qk1GxXicCbbjGOjVoIMHB71UijDk44Lc1Z3MHVTXk4iGp7GGmWolBcg9KtsB1rPXJbAPPar2MNn1FcEtz1URSR7/m9OmKrlJfl28g9c1fVDjI5GaRgwOM4qbFR3JVwqAY4AqLILZHNMZhu9SO1RyJv4ztPtUyNSduuOlSxkEbQMDrTGBKLsOTjmk64xxkYqWNEuQcgdDSScd+lIvy7uMelMdty47msyx6hJMbhmo3VUYZ6U9AQmAeBTZcZz1FMBEj3MHPQ04LhjzmpIxkMqnOKbgknPIpAQspGUXvTgWxgk9KeVDc9MUjbs8GgCJDtH0pSRj7vWj5lyCBx3pTjae9AAi/vdzjIxxVWQ7nYninIQmQD2pm1cZxk1YnsN3MOFGahIAO4nkGrWMKSDiqxYqCG5JNMzlsLK+Rg/jUQG488elP3gnB6U0YJBJ6VoYER7KBjFNc7fanYySxPTpTSdzYbnFUkSxigMMt3p2cKQ33SabJjO3tjNR5OwZ5B5FUIlHJ3E5pnytz05poGcAH5qe0YySOnetDNibQq5cgE+lN2qDtQ7gfWnIOT39BQ+7zQAPoaYiMIwYqauW1u0z/AC5JGM4HrTGEh9K9q+F3gl9W1FDPF58UiM4ToGeM52n2IyO1dVCnzM83FVeVXuaPgPR4dJih1maBnkkLIQ64jePjODjmvobwl9ou54J5yIFuJzDE7HC+WwA9uB7U3VLK10/ws9jbRfZVYgpAeSpJG7v3HNbkEGm+JLVbXT3B+yIrpFjaMDAOD7e9fQUKJ4VWtdHt3gGFNV8TjwtI8UN5b2s6RzS8bmQjhMAndtJOR2B7V1unaPq0US3elu8+paY7Wl0vlM2I92ccZ6Hrn9Mc+eeGr+90ia6i1FcSbUntWUqWWSM9QwJI5Ixz616l9v1ay06O90meS1XXMC4+Zd73DZKHcRkFsnBUj37V69KkeRVr6mX4l02W805VXUG02cYeW18g4cqxwQ3GOMcY5xzTVtdMi8TWmtIhntL+RVaOdP3bqRsLcjn17jNbfizUtE0DSreXW7q6l1u3CreQMiuirIoPEgAGMkDBJ68V0Wp6d4n8UafZ6DpkiRWyacLmzaZRjcgAEeVGQSpHXoDmuh6bGSqHlfxW8Kwi90yf7TFpkasWEHlhUdFI3hSMAfeHGK8J8WRWel39vaW6PLHuMjHG0NG33drcg455HFeoQ+LdM8UaxYaX4ouLm7NoWga2lyWSR/lbDcH7wHftSXevT2F5L4bMHnWVuTCXkG4+X0G7Ax0J68VteRZxt5o+r/2hpVv4N0iO3j162MuWkLeYVXd/EQAVByQTznHasxdSiKXVn4mv202+s1MSwIn+sdTyhYDkZAHJAPXtW3oHhjRda1C+s9U1E2MFmxkikjIbdkn5Rk9O5NR32nWU9hb2/iDRzbSpmVLyXenmxlcfLwAwyQQdxxWUzVmvqfg7UvE3g6LxFqlusVjGxhSRcCVgo4DL1K88e4rwi5s/7P2i3ucyvmPcDhcjqpP4c/SvU9O8b3nhUWnhyeWO+0W/k3MSS2G4X5j2x/KvM/E0FjqGsXNh4fX907s6xJ8zbjkkD6DgVwS5ubTY7YrQ9gu7m11DRtMt4XH9uxJGZGz/AKwFef19qZZaBDq8k51BFt7yEgGQnnHPzAVw/gTSNVv9Vgkdy08EbFFZhuLKcbSa9B1XU5bKGezuIDa6qj42nHKEcH862OeqcbfWE1jfGyvZFuYVcYkHQjpkVE9gsk8lxbg+RHgbmODn0FZGg6m+o66bCZTJC+/aSciNxzXVX8jaZbq0y+b5j9V6LjmrsSiJblbXw9NdMxEgfy1VupxgZ7nAz+ldV4L8J6/fQG7t75rCYFZom3EoUODnK5IPNczPElzaxpMhdbraq7fvDOMfWvdNIvNH8G+AZ7a3kkn1GQkJE6N86k/LghcYAPPPaiKMK0jk72+0geI7e6vZWuLXUk8u+E3KrcxjCn/d4GPbJ4AxXMtPq+hT3mqaS6xXGjPtZEJZZoJW4Qj+JSBzyPUcgEOude1S8nubPV7U2Wi6oqqqpHhRIoBG1wD82RyDXR+B4tQ0KxvL5THOzh4HSZQUaNeVbHYjOQc967kzjW5v2M2m6hczzJa/2clygmtpyMBXXBxnkdfSus0l/DfiDT/tzRiZ7jdFKcD5Zh9QT1wa8uTWDD4ak8P3/mT3MF159uYxuXZJgMCeDgfMfxrq7XQY7y3OkR79Pt9VVZx5IMrpIuCQVBBJPAPNTyxvc35jTsPC0N5v1LWvOP8AYgEsyW+F3QbgrEN1I7E8Yzn1r0Dxn4J8T6RqH9n+FnjsPDl1DHcwO0quzNwWIb5nDdCACBjGSM4rE8NePNW0XS7WOLRUuEtXa2urs7izxqeSygAjAwTliCQeldLqWr+GVhn+zakJryc+fFHEDIgxzs4yAD0INPVvUygtT5x1zUvDVxqVxfav511qsSmEsABGWHCsxGCMEVwGt3Wvf2RbjVpfPtLhm8scYHlggg8ZI+bHNewa3d6hLaaxL/Zkek2OsRtG9wARGTt2kg4AznmvFLaWZ7u30eab7XZwbu3HzckA+5pVJHdRMTwzbQp5kVu2z5/kdvuhs5I/AdK9Fa+8Upaxz6fpxu59PV2ldlJVkI4wQRxisu78I2NhptvFb3vmrNKZ4UXB+bGNpOO3etixn8SyR3Pk4WKwgVZYk6tG4wcAA5P41z2NKjRleGdRsfEUljaanarHLqUrskkh8tIXc4G5jyFyP/rGvWz4V1/TJPtEuo/2lremwCWKNcyKIY2+UBnAJwe2PavONNtGjhWfxBZy2WiM5Uy7D8rYyuAAW5OADj+Rr2PT763vfB9zoOlH7BdwRmG3viSXeEnI54PQY4PpVSic1WVzNuPFHi2xsY7vWpRPpmrkvcWcfC5IACup9VHqa88+JOm+HUlkMEX9nzSRq0EI4UEdcD/axXdSWtppUmmpcRvOQUSaZz95gOcdh69q4L4m31tq+q21u8IDWh4mz/rA3bA/u04rUmB3XgaTQX8N2thFocsuq6W6vI7s/lTxHtg/KD2AA5Hc5OGa9r1susyalPfLEjBgLWMbWhUn5AQPbjPfrV+wv9W1rS30l9RFnqNugmtJYwSLgAHbG2MY5AHX3wcHPlY1651jV7/UL3RvsdxGgF7bTEo+duS6K4BXPBA5x6881GOpBr/2lJq32topTZyquI2Q8upGcHvUV9af2PpinVbgNHLDnYfRh3zzXBXVgumOt5BOxhc7lLnLjvjiuK8Y+JtR1PUrRIpGmtY9qyY+9welaG9lY9x8HxeKNFhMktm2oQXHzMsY812gbrjbk4we47da9QlsLe11ezXQ9Ll8PazbRGRZJmceaCO8Uq46Ejp+NcRY694p8K+HI20+yWykgURtcyMHLxMeMowPTgf0r024lXXLbTp/Ft7/AGjeuq+RLHhArHkLlR0BJGD+Vaey+0cTq6nHHSdRgkuNRuJRrUusSzCWIERmK5JLBmXODkZ+7x0re1CRbbw7LeapI9kZIE+0W9oCglAzy6ZIyM89utdTql9oT6hp08tutrHC8S3MVogR9oPzuO27bx1rvJbPQvEWr/2JZQQwPdxuI2l+YzxDI5HU5AJK47GnyyF7U8f0Px7f3mjW+leFUhhmtBtLvgyvGBjb8wwa4+w8E+HtZ1FLO5u7m2kunVIjGFMayMQFVgRnaTxweM+ldz4Y+Eeo6VpupailvM6Bme1uCFVUEZOVdC2cnAByPXium07xxPpOvIzaXDa2c8PlT29ug++MnzVxjDc464IHPODWkZfysipKxQ0c618P9bm1htPjt7eMfZrmGMh91uSrGVR2wQGGcHA5AGTWK8umT6ncNFFJ5czFLa+YOEcddjBgMEdPX2Felw3GlareS3WnZhvXVoxezO23pxlTkDtjjt0rzPRrmYaRf6HLGJXmd1cSE/u2/vJz6jNKqPD1dTOvtMmsIvMJ2q3G5ev1rsdT0yfUPDcN3Dbtf6pb8rdRsEHl/wB1gOCB+f5mull02DRINLjFtHrtvcgbZmB8qPLYw45AOexP4Z4rqJW0K0aO01m/Ol+YSBBFHvVAPXaOATwAByT06muW8j0KsrpHjDaNrsUK6prENjcWzRAk53SxDrjpww710MS7zF9i1I6npknDReWVAHI/i5BFSaZrOjXPi/8A4RqCzeUXpf7LPNlEd4wSyhOMhhyM89BisKe01jS5b63vmTSfOaRoPJKvGNrZ2gdQADgZArspqX2jhmzV0uO21EX1jYQrpNwQ5iuWY7XKN909txU18t6/4qi1LU5LeGB3mhkMTrjDFlO3jvya+ktKu30/R2t4ZjqBmcyl2G0ROVA6GvmWbRxP4i1K7DC2uY7licHqwY/Mv1NOei0LodTu/EGk2GneGrOYRYlvcHPRkYruOfoay9FudMt7UR3mbeflvMHGMDitOPU7a80qWz1edprqOVWjLDC4ICkZ9jmsdxZrqJN0FuIGUlWXkK4zlc+1cENXc6Gbln/a04MkkSXNugZvOjGWVc85FTR6Y1xpd1qNjJJqUds4zEEYuzNxhQByRnP0qbwHeW8Bu1fUDHHJEcJt3BgDjHfHB/GrfgDVfFFlqdzoU1ibW0+aVppOEjAOA27phscDnPUd63jMmcLHp/hnw5fX9vbW1vCunaorLvWVvljiPuM855/GoPEXh5Le5ZNfuHhjD7RLGMh3xx2PHHpVmZZUjnl1i7DQ5Xy5F4MrHkgj8qbrdldzTJFpUBvZJmR4rUNnahXBJB9z+tbUZnnyp6kkxnkfS9OkuEvL+Y+SkjEcjIVSxH1HWp/EGkroEkVwFFtc3alJ5IyfLLgZxmuS1GIWEX+hRFAWY3izYLRsoGVTaOehxiti+vrq98H22n2YM1q0ytGpwGJwcYJ5zg+tb1GrlJNnk2v2ml+XqFvFKQrjKDu0mck89cmu28JeHprbTtOv7WeCI+ahhgm5DyDBwR16ivM7q6kGptHdWhKxyBWAHQjj869d0ix0iwuYovEUgu4Z9pt3jbaIg3diCMEUpttaGnK0djdX+q3fiGx2P9nvy6wC2kbECljjv2OecVleIdTXR4pNOn09YJbacy3HluWSVAMsi8evTk1bvrC1s4ri2vHGoR3UODqBO7ySc7TuxjPTuK5y4hhnu7TSrPdJiHdBKfuyMAdwyfUDiuaMu4NHlF3q3hS+eR7ONoZHkzHG4JKc9CRxxVCfULc3Jt7a3AJwN3TO7rgCluIori6lht7UQXULkyMDycdQR061jRQX0RGoO6JlsffBYOp7D6Vs5DijYlikiuvsC7re7gGBnILo3Ug1yevXF9qEkdxbTC4aMeSck7/lOcD8TUkuvajc3L3d+SLuJSsL4O11Gep/GprDSZLxIdVtZFWSRwzRqeSxJ7Vlc2sZGnzSxzRXhjAvYmG8HkMuOBXpGiana6rpslpOoR1nLGMdSpHarumafHb3U8V5prz3brnyxGWJDc9B0xUVrH4be1JgUi7JOHwRsJ4GT2xWdgujU0+00COZo7u08yaNlkildmAUg9CM47eleoR2mgaff2tiZ0xqCBxI5BiVsnjPbkV5oIdPn0cPJO0U/mlHlByrdPlyOK0jGY4QjExQdATzuIHY1UNzCWps+IdY1Dw9qrx2blrdGCvIy7o9uf4CeDxU9jcRauhlhnkjglJ8yeT5SOOdvasGRpL6zWC7kD21mAPLPBcDoPU1a0GS2SKeK+Rn02TcYoedwfPAB69K6ecXJE0YZJLCW3h0C4Z40JMsjDDvg9h712On3l3E0iRQrJY3aHzI24Yue5/lWNZPFpl5bT30AkBiBi5IKqx6++BTfEeo3Wn251jRCZrXcI5IzyRn+laXuZcvRFSTxPplmLjQ7zabuPhIhztBHY1xEtpNFdxT2khkMgK4A5XPvXNDw9FqGtxXFg5W5nlyUyCAzHgZPQZr1K/W68GxRLfwgtMygyMM+Uy/TqKio7I05VFG94Y07UrbUbGQIGVpV388gE4PFe6SWNvYXR1CzSOG4KsNx4BHvXApaTy+Rq1rjZ1DRcof9rI4rrLm+MFmjXwG+SLADjO7jqMVyPcyHm9fTJY7ueEKJs8bgdxI4OOayYLnUL/UJ7C6nj/fKS7sANqEcAdBSwGxtp7aO+fzhIOGXkLxzxzxXIeKtUtdO1My2MTXdp90Y4Yt344OK3pQA4DxNqNpHe3Oj2lsbR7Z3TzEyVmA6MvtXI6Vb6w7tId0s6SFYbdsqpVu/wA1d3qfhrW9WSPxDYTRT7icW7MVlTHYq3FZEN9dWV4zm48y6Aw8bfw4PatrASHUNZUf2fHbpFqMjFTGceXwOMHOP1rW8GapdXIurLIs5Ioz5wlxtOODtzx+tRadYx61JJplncs2psS7FsBueSVJ4/Wn6JHaXIurVXGIUxL5nDSYO0gHOaw67AYTXMt9cTxmLy7O3IZnfIDqDgkGtWCRkKGa0U26gCGPLDeuOOeprL1eK0ifY4L2g58s9/XBrKtpri0dCZ2uYE/1cbAkxoTwMkZ4zXQogd8q6Y01tqySqLh9yvaBQGhK992ec1om0mlVmWUG5VspKP4Aex5/pXEXkFrb3ivOouA65eWBsgA+p9RXo+nz+GMxQ6UshsWUea7/AHy/cYzRzAMsIvEsFrKeLpd2PNYfLgjkVS1q2uI2jhs7cgEFnB7t/smuofULTT5UJneGwkBxAATvYdPpms+91a3WFriSGQuW+S3XJIBPXPbFNIxsYFidTlgHn6cFticBZPvkjjJXmtD54g7OADGflQcqPTpRFcyR3clvKCszcJzwM889aasF/p18LdpN0cg/eysOBu7gn0q+QEh9haNfLdI6LK7EMwXDBFPt2xWbrb22jOmmzPHc+ZgiTjEZI6A1s2el3tnqLadZu5DgbpgwBdD7dxXE/EnRdS1KBo7SzaAWeXaQHDSOM8FfTFTL4rMt6GjfLbX9j9mtIFjd8EXBADAr6Gsaw1uKymhgvEURZ/elfvSds/Ws/wAHSX2t6C0V3E1udPKoR0MgGcnHXin3drYy6gkWp2RmmJCxruPTJIIx3q+a2iHuekyrb3kLwXStNprjfEu7JDD2/wAam1Oz/tzR7ZLQ+Xfw7V8o9Co4B9ORXPm4/s29EcoaVZSoTbzjnHNaUOqafZ6imnyO/wBpkK7GUZCA9M+1ZsJQ5divD4Rm0Ga7Fi/2mO7QGVWGTDIeTtI7VgrrMdrbRxSWys0ZKicj5hg/dGe/tXpVnqMkUF/GJtssRJkkblXUDJxmvLdTvbPUprcqBbWW8+bwAAxySw46mkaU3fc1rHVdN1TzI0bGOTIDyHHaqPjZdO1K1tzBF9nEDKTkltzcgnnoD6Vx9vpFsNak3SNZ/ZgzxsFx5xzlcem4da6CSeW4i+0gLI3/ADzrnlox8piwXTQPHFJulhXomePbjoKxdUureKVfKH2czEgkkkMvbjrkVslLeaeETt5TOxBbHAp+sxWEemGwliF2Q28ThcMo+vpWgya31qG9sobeCQlYVTzDxligx0NcBrcd3NqKXZtiRc4VTwD8h4zV6ytomm81CVjjPpg/XPetu4kWKEJcD74zEW4x7g1jPQuEUmZGn3XkmT7TEJ0wFG4Dg9xXhnxT8HzW2kXX2WLL3oMyBRyoQ52ge4r223vI4rxUlQNERyV5IOetafi+0stY0t7G0c79uFfGGTPpXk5hQ54ndSrWkfl1cab5N0ZEYuGOTnsfSl8lHzGoG88ZPavYPF/gvUoNRnPloLj+IBuHPZgfQjvxXjcxlicpIu1lPP4V8JWpuLaaPqac1JXiZMkMkMjpv5XPTkZpSodVZuOnSpSB5wLnG/sPQU2Ro87c4PpXEzoirH//1Po/RrfU7Gyu7G/8VTRWVyh24YszSH357d64HSvDXwttNJutf1LX76S5gZx9mhjAJb+EKGUht3ruArG/4WBo1nNBa6Jok00MJGDPJtZs9c4VuPxr0SPX7i50b+1PDPhu3hvmYhlKBiFHUkpsJ/Ov2R0pctz8tkzzDR/DPgHWNabU2t794QrO4PzZbGM4UHofeuQEWlzeJrO08R2Ms1oZAXIDbtg+UDK88cZ5r1rVPEni7wZ4Xvdd1SK3t7lEYKj7VVuBtUAEjJPTFc78JPGHipRM+p6lbo+oIZU81VHJ+YEEY5A9TWUAVP3SfWtOk8QeKrSw8OeHZpbKyyrIQ2+Qeu0cgLjsaztaPitPEp8N+BvC9vFeog81nhVZSODhi3l4APrmu78KeMviDoes6prc2p29/wCRtTa6IVk3E5GEVMYx2NeN6zN4tXxNeeK7XxD5eoanKWcq+xlDH7q8kgAdMVprzEmB8UPGvxbg12HQ9Xhi077LGDtijR1YsOM/eIxW/omleJPEKWTC9XSpQyo0pPl8nq5IxwfrWFqHh/RdW1Sa58YeJi0wC+UDMpeRxx1bdwPpVH+zbDW9btNK0zWvtj4P+0Iwoz2xmpaLPqD4n6RqWmeD2t9V8WhGjVIk063YvvQnOXxtwBjOSpHvyK81vPG/hLQ/hra/DvRtAOs6jfOslxcSxgsZGIISPaN7HIAHpz1reuPEHwq0LRrfQP7K1HxDq6xLHdREiGBWznzNy/MTwMdRg881yGoap4itrqyt/DGmpYNdybYlJVmTcQoAZ/c9T/8AXqLXKbOe/tjWYIkuU0O0tLmBcxpJFtmVuob5s4I6jgVq+E9B+JmkTDXl1C0t31YATzs6syq3zc7lypH+zV/xHpJhvPJ8R6qk+oyQ4OwfKme7cLkfgK88vrPw1Y2s+m3OtC8YuPLMA3D1IGN3HrnFUI7m2/4WPqni+9hvtdWDRtOIC3gdI/YsmwB+m48soPrXH/Ea30weILC1/t2Sa38+PzwC0m2NyN0gJyCxHbn1+ubZN4YtEjntLWWaGDd57yfdYkYGNvYdcYq5oN/otlra6yugNrRYFYocny0IPJddr5O3AA7UCuUb21+Hemx30c1xeTP1hDJgtjkjgAc+/wCOK9H+FlxZXvhttQsfCbf6K8h+2TKZFPfklMAKOgBI71wvjU+I/GF5aaZYeGxYbPMmVYxtCo/8JJCqAMfxYycUutfEn4xafar4Ylu/JNw4jEaxRKzbxjbuUYYHI9f0oYx1tLqNnPcW3hnTrdtPHLySOS7gcsFOeB7YxxXN6vrkt3Hcs9gMSxlApOAvoc+1dGPgTqWm+FJNW1DxZYadqU6qws2mz8hwSHkyNpAzkBSCRgHByOPfw9d6dplxb3usQajK8bFTC/mBeOMt7ntRCqugdTL8GeLvFOlpBpMd1NCXlPlkOQgDdeBxwcnmvqbwkPife6lpzRXVtOC+VfKqSRyC2Fx2A4rwPQPCF6/h+O/1DU7fbETshVv3qluNxzz+VOudf1Xw1pkjWLzQXzYEMluxD9epIII6V0uaaM6vxe6fRnjJfHkXi2I67okUupWYUiUSIcJIMY+Q4HBz0FeZ+MPEOtXdvf8Ah3R9GQJqMavI0cTyyMVO4nK4GD0ORVfwZHqmoRR+ItW8WSLqN2PJCXEhyG9FMjHt/dxV7w/dePr/AMV2fh7TJImVZliMj7WQljgAsecEkdqIQsgZzrW2nR6bY6/q+hpBPPFsICGMAKSFIHTtnP4Z4Fdv8KtD8AeM9UvtP1DUJLG4TDwwIuRIADvAJGAVwCfXPHSvRdW1H47amms6Cnh+ynsY1MLjaG+5hhtbzgrgjuVI7dRx2XgK1uvD2j2Xia68AQWt7qVstu0qRBMgHKkqqkhiMFuRzwegxk52FK5wXgy70h7ieTRfFD2iairW5tS20bVJ2gksM5BPGMH9Bz2jaL4j0e6uk1zyZLvR5i9qExwrZ5yMcEf5zVXwjpPw9+y+KrDxZHJpeo2crPbPEkrAeWSSAOVHIwQ/Y8c81cgGneJNTt9PsdW+zSvbjCyg5/djJQA7c4GTVw6mUV3O30K68D6je391renNHd3O0bogcAgHLDBwDnBPHJ9ea8s8TfDzUtQ1OzstAul8SrfNJvjjASZRH8xBAY8hQfQ8dPS3pdj44t9Tup9HntvM035zHI3Mi8jAxxyPVlx6iu98D+ItBbw9da7ZadLYeKY5J5XugGZJmmLHEYJZcKpwRgY68k1nUg4q6OjmKHhfwb4f8ClPELa82h2gtnkktJnG6abYRsG9l3H0UDOR+Ndz8ObS/wDHmv6jqjypptrY2+5nKkx4xwpOQASMt17dK8V8XaVqPizV7DXJW/tHT2jIcAlSjFvmyoxgknt6dK9+0S/uvhX4RubW1kS8t7qdZpI5PvkuqxgE9Qvyjtz3rKs3y2W4m7nyZNqetnxXPq+ktJb3d3I6lUxjDnB478da6uZLWKVm1HMk91CN+B0aP+Ij1Neq+IdFh/4Vg3iuRRaNYq0sTkbXzv2ceu414r4W1+31/VPKJy8aksW53A+lapc3yEaVi+sPHc6jpl2ryWm17cSMDlhnGAeOOK77w7qdk2k3qeOdKj1i41Nt5mwN8fy4wnYeowRXmmlal4U8R6lqOj2zSWFzGrJbzxASLI4bBOBnjuMYrS1/SPEsU+n6T4R1ePVbjD+YgCR+UVxwdx5J571EwOh8eeFvgzr99YadoupXGlhSEO2OSQSHGVOHHynPHU59KpReFY9K1S10bwHrMsE+ViaGWYxI7yjg8YBLZ5yPyxV3UvGE1zomir488Lssth+7hnAeFS4H8IK/e2oDjcckE8VzdxZeAdYgk1CDXGsL6GbzJBcqDGwHIVCcdD7mnEI6np82jeI/Dtjaaj4w0W0vCJlji8sqHHB5Z1DYHeuU06DRfGF9dCS8bSJLG5YSAkFDliAqu2Dx2JrmrTX/ABJeSS6R4au01OO223W1WGGCsONzNgdhgGu91fxbb2ejxXXiLQ/sqallynG5WXGCWABJIwcZqqkAMX4hP8ULP+0rVLp/EGg6d5ck0YYERZXh3Qndkc8ruwMk4GcReKJfhdp/he1XWNFm8P8Aie706GVFwwjExQcldwzlgQSUGTVXRbbVtLl1Dxd4S1uVbTUYD/o0xyruvO0bj657DriuH8T6zeXGoQa78R9GbUobuzNtbyHACANuBAHRhk4+6cHIPeiLSVhch0Xw7vfHfhKOyvfCV9barZSRsjW2VG8MdxAPUMp56+xFcGdLtPFfiy7W5mPhoRxBwm0sBIhRSOqYJyzdqj8OaFout+L9Et/ButNpF0WdiJiQF2KWbbnqSoIAPBPGRzX1L45u5LDw/Y2fjLT4Lu7u1dYrlf8All5bKd6DkgsNuRwD+lazloSvdZz3jweLND8Iw2GtTDxNBPbRSPKoxJ5J+bcwXnII56nr6Vj6z4a8LS31jofw51N9BvtXiiuB57NtkilyBndypGDnA9eK6jStKvJ9It9d8NagBMdymJyACF4CgY6d+e1eW+JPFUfiHxvDaeNbT+y9SjjVVZB+7CJllbqwx1HU/pXObTV0eqwr8L/D9rfaF45smsNctVhhjvLMMVddoJc7R94/xblzz65xyngjwnM8r6r4j0uDxl4Z1bdCl4xBuLZYWYbvLILqSeCFPbqO/Daxp02qamLrSUTVdIRVYrG4JmKH5lQrzk9OOfqeK9S0rSLmwsxc/DzUJ9K+1qskmmzvtCuFwwHmZ545B/McCkRKNjVjvb5/ElxoPw5vpZEmEkcVrcMFCcZZR5hxtGCVJ6Y5PSuS8bLo3hHwlYXPjfwhJHqUF28H2uImP7Qm1mOWUhW2hQByRjG3k1tX1tobfZJvFMjaDrAniT7ZGeGbGd+5fkDcZ9OBz1rP13UviH43uZtJ8Nj/AITTStOk/eOscaphduW28E4JIB5yeehqKhqj5W+G2jeL9Q+Iwu/Ck42rObmUTsE8xHYhgQQQSyNjpgZ4Oa9k8Q+KdPPia78LeKFOl3yNEY7mNd+55MEA7Seu4c59+K8t8Rw/2X41bTIJbjw/fyyAymbNusSld6gfcPIIPP50sP8AwlWkeKZNR8UQR6lbyyNIsxKuC2AQ/cjqOD9RxUUzSex9LzWcugadB4w8RQ2vii0lleATM++4jDDaMuQxXcRjhj2HGRXK6x4J/sTRovEnhq7TVLeGXy7ncVADtjbtH8Q7HvyOOuPHvBtlrninVNSa1uP+JeJ4p7iDcRmFHOAMDGQAefXFdh8Tbk+Jb3wx4A+FCXFtexvJNeecwjV5SoKNud8fIgfsOCuMmqqUuWRHPoY3hTRtX+Jvi+e68MvBod7Bbhvs8pKxlI2CuWcLgHLDI24x1PcvL2XjDU7bwt4i1GDS3tldY5FjMkbzZA25DbfmwcHPJwO4qWxlk8Mi50nxZaE6rqMM1uLlgEWAspBfcoKtjOcA+mTT7iWbwrb3nhTxLdLd6MI0khuYhlwd28rxu53ZHPT6Hi+UlHUeN/Fegyad/YepaLFpGu30MMRuYDx+6YYJVOGDAck4I5ANeq23ii++F/w5ji8T2UOuXBRV0y6QKWgEqliW43EAAdcnOBmvFvhJpMvjHWr/AMQalpbeKrG1gZZZJCZDA33lIUktnC4GBkbutdR4b04ePPFOta94XeK80LTVha4s7gEhkdSowjKQTuVjzjgDmpqKLIJxpOu6Frlj4j0zUh4l0Oeydy74j2pjJBBLHjgjv2wK+Y/D2l6H4g8cjU/EVxJbaPLdNveInzYghO3pkAdAeeOuRX022pnUPGVp4e8AMuly2KukdvIwEbyEnzEUHI6cjIx1ryf4heC5tEuE0yysHttZ1F2e4iJILq4YlhuOMk+nWlBFieM9B0vxr8S4PA9tqH9nwWc7/YrxEMgnefyyikZXbgcE7uCPeuc8X+CdR8MeIE8PtNBDq9q0DzzIf3cpkXcF+YcYDDII9q9aOiP8OPhtpup6s6alYXskU9quwLcwMy7vmUjoDnBySORnoB8seK7LV/tEtwZJJ7G6IvIZ+eDITkMexB/pWU5NbG9LU9Q1vxJF4au9RhsE3S3cYS5j25QjHyfQ4PPb1rmbCzW/vdN8BxzhLjV3DeY43C3BG/b1HJIx19fUVa8IJqvie/juZbfz7qB1d2lGFmVMHYT0OQMEfyFen6Z4m8IS61c+Kb2Ayx65aKJbdFUtE8ZUIV4XBwpHB71KkzdROB8Qapqek6JB8OryKO2fTro3UqjBaVnXIYnOCNp49q8+1+681brXSVUxQeVCOiqc53HvnnivQdcgv9U03UPGetJ5V2kK+S3OZQflHy5/u4/CvLZvJvLQWl8+0XQZ2UfKAQeD+eKJES+M9Y+BWjDU9K1XULmDz7m1linYH/VtEgyBjp1zn2r0HQvBetaxfXXiiz05Nkcsn+iltqSDOWAY+nuMfyrwv4WSanb6RqtxFePbGVDEVUlQ6c5B9ie1e0+D9U1jxJoNtpa61PBHZSBp4lXA8vccfMMdffI9q3oNrY5sU+Z3Nm0fRdL1c6prXgeMrdxlEWKV8EoRlk2rtyO+3nv3Oda+1fwZ4u8TWGo3nhWWFDF5DRWrOWIQNtIRNi5GeR+JqxY3M8c8c+meIEOo6TPG0VpOCVDM+RtPcMBztB+o4rvBceO7bS9a1e8Ns9+WQxRSMCOTglQDkjHbqMV6DqWOGMTDvvEHwivfC9hpWhtfwXdtMqSKyqCyngtuJKZA6Y6559Qa54N8BaN4J1A22t3beJxIk1lNFuRNgdPkIXG0gBjuJBzggHpXV6P4Q8eaRDqviHxT4Qs9UaJDcEI0BZioLOVHzZbA6Yz6ZrjYvip4d8QeK2sL3wZHZx38cUAjDNE6uuSWZQmMsCASoUgAZJ5rlkrs6U7HDWV/qOnaxb3C+NJsTokc7T7mA3/KdyyNhuueenrWtc6Z8RZdCItVW/0a3upGS6MkeZFR2XJBcsFxkjI44HOK2fHHhj4c+I1s7hIW8PG0lAnEJ3edF6Eno3o2CfUHjHEvoumm117Q9D8Sy2+nvCbhLacnE/lJkoOUG4theFywxkHGawnNo2hK5ma54h8ZzPqPgjUNLC6dPHHcExwybuNrB1ZTtIyACSCBismW68J6brOlXl5a3Hh51tPJYxs+ZQQcSE7c4Y8Zweee2R7HoHhL40eHrXwxrVjcQvoWrWTCC4DxTIgCbvLk3IWVhwMDODkZ+U48z1CPxh4jR7/WdFjurXwpe+VMQnmBHRlDpuXIKnAzxjp9KKVVS2CpG51Xw307x5r+mXZi8VPcf2LfRvbwXDOEVZASJMYbO75sgjAx3zirXjDXtV1ibxF4f1jwtaXumWTfbrhlY4iKfO0quu3mThscN1BzyKu+MX+Ft60ehQRXei6nrcKy7o42K27MAV5O3cHweffPHbjPDemS+HNYQ+F9ekkSW2eOWO4+USyD1HAKdwMEj1NdELdTJJmLB4i8PaLbTaXqujXUVtq9tG4CEiRFDExunmbdw4Jznt0IyK9f8F6l8LNP8PWmq3mr3VhbTK9u4ljKyb8nP7yMODn73HT2rlfBkHxB1jUdB1zxbb293Empm0t0cQskXmbUZQqgkqMcFsnA5Oa8y8by32l+JdY8D3tiIRY30k0Sqd22KQkpjbkFSrDv7HkU5tNWDkbPTPAtzqXhTx1fauviT7Tp1lcyR2ty20YhkDJuKvuCgq2PfrwcVreObX41x+Jda0y2RNU0nVJPtWxFidW+bdkLw6sGHOAM4HUYrxnxpdeGNElOnwpc6XcT2iTG3lVmEUx6Lz8xBGDkn3HHAl0iaDQNUsb3TPEj31pLGUhmJaMRs46AFjgA5HX681BfKz1TXdd13wXrPhvW9V8K2VvY6zapbv8AY0YKdxBkSRSCUlXGdp64OCear6N4c0XRX8SXVrpHk2kF5HLIu4lEE4JjQA5OAQxHPc9sAcTpGu/FfV/Cd/4klujc2FrerEd7JMYpowMFUb5tp3gZUYNejfEXxt42XxrrHhiPTIZX1qyhnuTGuM43IJPvNgKADnruOc1MpBCOup1MHhXwt8Vr9NTnjubS+uo/s8b2oDEumVTcm1i34c4wDXC3+seHfCWpW3hiyE+oWNptWeXyynmPkhhtOMe5Hr04rvPBXjTxP8OPCmm+Ixo63P2OaXLj5X+YshDZBwDyM+4xg4r538Y+N/Et/Le6fb6cbayLtcScDd85yDvwCR6471xq6lfoazV9jo/iv8R9ItLc6J4VtC8Y8uR2dWQxtn+HPJyO9edXXh3U9L8HW+oabKbfXNUXznidlURQSbiMZGVbG3OSTyRwRWDFZ+IPFGvWUMu1prkog3fKix5Jy2BwACfU+3avade8P6DPcDW7jUYr2S2ISS2ifdv52gZVvlI5JHfFabiuonz3qnivTp4tGsrdp4RBbxw3itgq8yHqpycAnJ7V2Pg+40+5+IGmy6tpr39pF88yqxXC9FYkYPy8HtmuS8V6Ra3M80nhPS5TBbuBsBaUhjgcZyeSOBWx4OX4hWMNzqdjYiFLGWJZVnGwkzHaoKsVJU5xx0p0pG1Zpx909B0L4leGtI1fXdKtpphp0907WytllGx2C8knGVx1Oa6ObWNT1KaWFbgJ9oUSR9/3RPXPPr25rLbRtZll0+61bw9bTSXreXbwqqMobdjsWC5JHX0q54p8CeLdB1z7Q+mGDSZFQJMjIUQlfu4yWHOe2KuW5gmQ+H9F0q51SaPV7yVJ7ZRJAqj5nYHPJwcAdO1ei6bdeA5jd6zi8jv40w0LPmLd0wOvXGe1eTWt/caZcpdvCSxbyxvHOT6egNehJNNbaZd2q6fEL+6KmOQZIyT0NLUZ52ca3rr6ZN5k8t0zSBM/KowXIBJHAA4+le66xBfSeCpNY1NUint8JCsYy2MquHyTwcdvSvG7bR9Z/wCEnuvEmo3kWlJoyRW6kLvMvnbt2Ac5IDYr16+1Dw/p3hSz0GSB76/1Bnd5GLKIY1IKHBGCHGSNvSorIIy1OJurLT7bTrG41X/TLC+BkVRwf3fDDOVx16Vq+HdDsvEOo3fi7wtrBQnzI7GOQBAbxE3GMPIQCSM49q5/4m3+haf4Y0OLSLx5L6OOUTROrAK0iqxw20DAbIGM8Vv65c6UvwM8J+BpdMuNL1O3lN2zFVZJbmUMpLEHcNynOD2pUh1Wet2+s+MPAvw+1fxL4m0ZJr6aRY2mfYCQyhYlcLkMn0OBmvBdF1XUfBXgiT4l6JpH2Mvc+RGmWYSB8Y3ggExHkfUcEHBr0i10iP4mz6J4M0fxe8NlpunWvn2s6EIJYMLKEOV3Ng5HBAAzniuc8fXnjXWfEtvaaDr0EmnQpsuAsiNnymJ+4Qw3kcZGPfGBXTYxPP8ATrrT9Y8O6tq+u+HhBqZuFntprUsoQSNudTHuwEXpk7jgitL4e6d4KvdV1KbxBojRPcQb4WjcoY2T7xUAqCx9+4rN8S33iOS80vTNB8siVW3lGVDIemGXjGACe3JNdBr9vYW+h2unW2oW0V5b3A8/zHEb/MDk8npyDn0FROnc3hoYCJqes3sdtqvh1Ly7cMGn3KjkICc7sAA4/wBr/CvLNPt/HGveLY9WvtJE8Fnc+TvmiARImJCbsDLKAchuRnvX0JJaeJ9L0S/0DW9bt7CC4y8CyyR5uDjLFWOHwMLx79Oeci00XVfANlNrPiDWbePT9SiX7PErhzPIFyAS4BXaG7Zzn2rnlCx0Qeh5U/8Awln9r6j4UtBE1o8yNHGNvl7osOCCegOMnp060zyPEWqeMI9E0K6Uy3KD+LCKyBs7sk8KBknr7V2Wn+HbO0t7fxFrjCbT9hfZGzAoz48tiVIIOTjjjPBrM1Oz8N+EdLsvFaXEs2otcK6xn5dyNliHYDq2P16VjJvoUPvPhk+rXtzazeJ4Tq8OEngzkxupBcAhsleu3Cj/AA8Q8VRWEV5eRadEwS1BjZmOSWTPzA56HivW4LiK8kk8ZeHNMk+2xP501uQZFSKQYLnAGQSRnGMZ6Y5rzzxPFcfb7jUr3Tf7Ot78kiM5AyABxn0PtTg31IW53PhSXw3afDiFNallu4tQLTBIhmWGRhtPJYAjjIB45781614m0Pwto/hvRfC9vaS6rFfjz4pHD27RyKq5GMDduDdmxj17eH/CuW70bWdIh1e0ivdGSYb/ADVzEnm7huZiMYVm3c+nX0+qfEfjnxRfeKovDEmnpaaJY3Kt50sRmWASEK0pcYAQZJ56cjIOa25Gck171zzrV30vTPDW7wnoP2a/unVXdne4DoMjaoLE7s4PAB471meMtN1q50vwnZ+Ir+No7izS5+yogjeEyDaySDuRjAJ7hu+a6m88NeIB48vrvUL5BpVvsurRrOdRA7DbtXy8nHG7dx16HmrkafDXXtW/tDWNXmWWFg2zyWkLeX1X5FYFD17fhWdVHVTPkiztLGw8dXltHH/o8DMFjf8AiXPH4f0rQ8UwW39pWp0sb1uFBf8A2eeV/wA9qxde8Q2N347utU0pAbGWV/Kxw6xZ+XPt/Sl8Q6wdMvoVt2MsFzGN7Yw0ZPXr/nFYpHRUqnuHhK0t9G1a+0oTxz6c8G17zHyH5QzLkEgY3YIBPSux0rVFsfC97b+EZJZbaJ2FxMo2AhuFfBORkYAOO1cr4R1Kz07w/qmjalqv/EovUOZ1UKVLLtcnqeVGPwra8PW9rrHhvUfDnhaVZrc7AZ95Uuu4OMqeeSvHSt0jmqLQ0fEGs/8ACO+A00bR76PUYtdMUlwgiIeDAVm2vu67lCkEdjjGTWB4+1HTfCaWHhKOyFwb11uLe73ZZARtBxgYOenX6Vo6r4DEugyR+G76bUr04jlTywqKMfPhicAj61514w8O3ujaTYaTp80N3M8qyrIOfJ4wAT657VtN6CpRsUfG9xpv/CPN/wAJLb3R8U3Myi3uFI8gQIF+TAbHGW4C/wAQOa2/Ddhdat4bMviPWINNGnAKiSACV1Izwcjdx05PtXHeK/D3inQ7rTH8f2crTagN9oCyhXU4BKhOmcjsM16lfXNh4+0rTbfxbe2mhXHh5RbiFVCzXMe1cspLYLbUAwoODk4wQK5566GjdjL8S22p22ix6j4IeQ6BfyBrhcj5J4iADh/nGdoJweSB2213XiizudLstBsrm4g8QNqkokhLD5oizKg3MSflLEg56FSO3HH+NINAXRdGl8HSPb6XLO0d8zyHzGKhQrPHnrgO3CjP5V1WoXh1Wz8M+CfBd82qaTbOI5ZvJAePzpOXBKqwA3E4yR0BzjNKKsRJnmvxHsofDt/M/i4MviFZYx5KYMTxkArhhkfdI5zVX/hH9O8dWUWry3Eeg/YgVZWO5pF6jaPkyV55969K+P3g7SPBUNnpGqJNqviGWRit3JOWZo1OAzrvbk5CqMfw1wQsLvwpZRTePPOhuZmaOC3EYIwmDuDg7TjI796DRneeJtL1Gz8MR6Z8N79tT0e2ky5YKjrGSWfhwG+8a0df1Cw0ZrRNO0y01qbcrxz7RMYdvzDJALHBHTdmuX8Z+NNU8Q3qHQmi0yG8GZ1DlZJDjBHAHY/dFdXZXeq6RbLP8K2a8huJAl2XCnaUXnPmAEdeo4rSnAy+ydD8XpdU1Hwdav8AFa1mstRWX/QVgURxBWUE5Uls/KCDknHFeC+PP7P8b/2dcWESaOunxpG0aYbz1TPLH5eoOM4PSvf/ABH4riutLgsfGdiPEk0hk8iYzODEwHAIC88ngZGcGsLx7pmnXfhbT4fEMy6FNaiQWcMEXDlthcNtz2HOcYrf2FjKFUyre5h0zwvpkOgXEktv5aoSRhgVBBAyOMHI71keK45/DulQXt9GNVvb5Qys7Flt4wcgAHPfjAxW9pugS6j4DtLvw+pC2N26SeZIFk2CMMCFxghmJPFeleILhrPwTA2hXH26aKNDdOy7VX1AHXK96ydMiM2meGeKfDN7F4Ns9b8dvLNps7/KkW1HWTHG7HUdQCMiuR8PWty/hxY9AU6XIjOftasVadOf3ZZcHjjuRxXuN14gs9P8Nrf3tlb+IBqCCP7JMd6wSAN8+OeQ2Oo715Zrui+LNJ8FaZf+IRNaaJfvst9gjVm2KSuQvzj5eRuGDWVjo9qW9E8R6mNJubTS3f8Atm5iMZnZVCMoPTLZGQMjp3rl/t+raDHckxxa1fyRhbq0ZPPjRHO4AhepBA+npXVxJFq/wxh0x4lsYVmd0uZQC0yqzZBYAY5OMe1Z7W2h6H4Hz4VSRtedg73DN8qrnAVQflYED09aCWWP+E90q48PWll4hto7Xw6uWksraPypIpcEKR0zy3Gcd619Rv8ASfFXga1je2fRdHsGjW2u2jwbtkVkAJPXjHdsc15RF4f1PUNIv9e8STxXUjhswMSXcryCNnyjr0FdBpmn63qXgj7fqzyReG7HabO1D4SWQNsIA6gfeBPequLkNq1ufC95dw2mq2g0uPTsCIbS7TheQcAEnODz715T4wsWt7W71iSRY7i/lLRwMx3RxMScc46DjH0r0LxQbrS/FVnfa5YPZXMATZbKRIrpkgAEcckkVy+saNb3XiHUl1NzJc6hHm2yMLCp3cFQcHHH5Gs57HbSMrwIxXT7rUHlKXGnYaEIAfxPHc1ev7TVbCF/F8bJaw3khLTErkl85G0+/NcxocMyzjSmuEtVdgrOM4Khh6dfWl8RadqUUk0GmTPqNnH8/PygFfTJrmNfZXkLFrEemRNdWTfaLmfOJT0BbvziuR8Uaxe35Q6jKJ3jwykYGMey8c1iX/iI3xljljMfkoFQKOM+9U7OyuRZvcXyfaGZvlQE8L7kc81jUmdMYKLMbVrgazYyBIgfJ+bJ/hPT9a8L1a1NtOUY/N0zX3i2kWml6dHZXdmiWgQO8S4Ybu5Pcn3r5V+J2iPb6xLeWI26dNgxDOcZHKnvwfXtjk159WL3ZtSq62PKEKL8+SOcD61eGGOWP/66zJo5FwCvFW4T8gOSTXmYmOh7eG3L6DaMsOVqVHJJB6VEjDoeS1PQqhJINeZY9iBYVueMgVCxXzCc5NK8iHbjk08Lv4yCB0xUM0W5G4VsZ61PEoHz+3Sqx3MQuMFTU6zYyuPrSsaDs5z2GaVBuJx2GabuyPl6U4fIcDjIrNoaFf5Uy35VCSAQy8cVO43KSOpFUMno3UmosWTA5bGcD0FTGPI2rxTVYKflHWlEjA46ZpAOjUJk7utSN1Cgde9RKWBxkGmgnORk0wJiq565xUOGY8HvQshclQKkHoRikBEU4LnvUJJAKgZzVhmwuM96gUMXJPIpgQBcn3FSSs2wBcAilYEbsgConwTyKol7CDO05OTUMgwc4qdSFySvSq0kgkJyTmmRPYrkFTkc5pwJIB6GpFQFSScYpuAPmzmtDnsCgnn0qLcScdKkI4+tJxmtBWI3UnkdqZu3D0NSHO4jNGFHfNAhFXI3LyDUoPLAdCKAdo2mmhnJxjj1rQzYgjKc4wTxUiLlc546U4qSrYOSP6Vp6datLCSAMDmqgruxjN2Rq6Ho8d7fQRzR7rdiN/07198/CXwvP4UsBY3/APo8HiSykW1cEOGLFXRSByrKHJ5xn1ryD4WfDu2ls4LsziRGhS6kiKDLKcMQPz/GvqeTUrS0v21AxeZb2YUwjaVwwH3hkdccc19JgcLaPNI+WzHEpvlR87fEdb1dekjsz58NgiwsV6b8nccde4H4V0vgK2CxWmooy283mrDchsnKSnacKB2PP4Vhz6hd63q17qzKqSXjFnCD5AR2/H+ldP4FtjqHiIadBK8N9FGbmAxgENJCQQGByMV7FKBwzn7h7P4BuZPB3jSGykjS+jguMSTmMuq20ihXJC8gLuzweor1/wAb2Wk2LCVNQiishdR3VqkXzoNmSVUr/CCfoOlYPhTRZ/EJg1PxJcPo1hfQPDdXMKKzJPExRS67T8rEYwBxkc4qhDPa+Eo77TQ02p32kTSRW6mIqjRux+chclc9cZ7gDPUdMXY82SudFovjO017W40l0aDzdTKRu8r+ZGfJBKFkZeAp/H8hjC8RWviufU9VvbvUUtJ7CYGO0Dsbd7cYIKtnC5Xk5A57A5xLokV9Ja3+sG4XQrV8AK0OyN2YHKoWxgjH8Oa53xXrvhrTLawt9Dl+2TtHIl9w4R2O3b94Y9fu1pyt7DSucNPHoyRanqFjpjxX2plp45ZWOPMH3vLY9txLEDqTjpgDFtZL8K114mvna31CFo2aIbmRhgKX454yOM81sS6lq3iTQP8AhHbho7a00+5jl+z7QknluTkq7DJ6nHb+VZGq+GxpGpNYaTPNqsUytKSIypSNemeo47nirNLF2DSbbQPDUF/pTSXk99KYpC6nYx5IAUZxx0Gcnr7V00+srrd5YaB8SXe303T4NsdqmVeNQmI8bBuOcAfMTwKZHqOva7Pb6ToE1vYiyhN1+8cfvGQqpx8p+YBs4x0ySeleYeINZtNQee+iMlxqsoVJGfttGCw/QYrOpsbU4amPc6dpttNPZW4xbyEiGeXh3A6Fh0GRXkclvrFj4lOp6NOBcQHcCOfY+2CK6jUtWnvbOPTtUiMckD5Dj7rZ6fiKz47k6Tq1pcoguIyOY26c8de2K4mdB714a1K1uba01yOApdREyXGRgh169OvtWFN40s9R1aRtbRgXB2FhuYZ6A/WuijRL3THi8PlEu5EUuOg5HfPWuHi8Hav4ktrlLaNTqmnsSqbgocDqMnue1aQ2Mmcvpt3Jay3rRRqd8jPg8Yz0IpsOo3UjS2EzfuZHL57M2OM1jaZcW8zvNejbMpKlcelaWh6de6nFNDGB5sLkYJxuX2odQD1bwRqlxaatpmpXKN9ls5lYNtJX5DzyB1A/WvcNX8U2fiyC6toI0gayk3kN97kHBwemQasfDTRtZbSJ7Z7WS3tZ7QyWpKAK84IxjI53dM1x/i/QdDbVbPUbyZkkuh5F1GqhTFNEOc+3bFaUpXOWrK8jcs9DjHgbULVplvLq9UXts4O7Zs5GBzgjkHH0ridN0xZZEuNbka3sL1TBKIyTtYA44Gfz/GrOm6VrWiaquk6bFJHLbv8AaY3cAFrdsKRjoQT275xXUeHNT8Nz+L5LPU7Jr2w1lMb1d4xFc4yrgJz/ALJ+ua6OTzMLsZ4U17U/DdpeaHZqHfRyZUmkTaZbbPBIP94EHGc+nIr0/SfK8R6hfxaL5kGr2VmdVspkI2SB/wDlmykdGPH488ZB4iTSFtHFzqcsd9AjfY5ERsvsXK5OOhH1zW9o2nXtv4buIWkSG60q7JtZpMpNJa4wMHuvIOMYGMfRzjYlsv6nZ69HYNruuXXnJqEZS4iRgGWUnGMLgHd149hWPdabfweHll0DTpU1bS3XerJlxDIuVYKeoxgcA9zV3xlevHJp2p6Ham5W9fZcREbkWQ42cgdznn6GpvHXifVf7I0PTtYuRo10VIleJiJBEMoMshyRxwPqKqLvYqKPIfEHiXWJrRNE8ayrDZKxZIlCgA85OV5/iORnvXienW92viWb+xsm3hdnUE5zGGwD+IrvPGdzBo1vJY3qrfxXHNvckkEEZzkHJGRXI+A4pr65u9RFxFHPAmY45OBMo5ZV5HIAz70TOuB3Wnz6N/ahsZzuW8jMizODH5MxJBQE8Y79a6/RbH+xtTm1PR7ky3IAhuonwVeI4IYcewwc15pcX2lXOsWlxNFusyyrcoDtGe+CPTOa9U8NafbvYXKq6WdxHJI0MjNh7mNBkKN33sAHIqUYVbnVaxDounaXd3N8sOu2F8ykW4cp5BzzuIz0J/Sq8FveadpP2XxcJks4VRrBkKPnC/Llhk7SPXkCprW11C90O6bwY5WO4hL6vHMI/kXGGaMMM4+8w2nOOtc7qlveeE7600OxuRrn2g74Hj5XB424yw4I5weO9IkueIrgeIVS8uLhLK0t4/mUdX2ZIbHXcc4NeJR39xf63aJf23nWglP3QVLLnGSc+nJrd13T/tOp3kniGfyrqRCTDGMCM/w45weKPAcV7q00Kai+bdWEasMZXoD+Q/Wqh8LZ1dD0/Wtfs4fD7afHa2di0KEQXAGyVW6/Kc9eB0rgPEMXhrxRoem39xqMh8TRt5chKhYmi3M2G+ULgDpg5yafq+h28upz6XOHuIoHEqTsducDlSvUjnGe9ea+M5ptU1OCaa0FmsSYRYhhHUd89OMY/KiKOdfEYfibVoLG9milkMsEcYWLBypJHGPxNe0/CDwj4gk0JfEEdrCsN/N5bzM6FwuFxwecDPFfLutwXeq3kUFggI+VOD1YGvpzQpW0drDQr+1ma5s40SdY+gVQo3AjjPrWiNaukD1nWvDmgy/8SLUkutS1KLE0K2xwjL02HAJIPPTmqb2kUekxWUDrbae3GM7pI2UdDuy3PrnPHUV1msav4o0UQ2bNbtbyqDbXcRzMV4POSeeeuMe9FjgRya/Yw4d1NvqAJLeaxA+cr0HXPHHtXoRPFluc9NcltUhJAtordFEoY7nl65YD3Bxiuk8P6Qt3qFxPo6eV5O2W1mlfaySADGPxGRXN6dolvrF1d2k0ptp7VsrMwz5kTZIwOM4xzXo2n+E9WgghRbcXdvMN8c7cRxkZBDc8DNOpY2Myz8QeJ/sl5c6fqxukvSftVkQNu4gjKrjCkgnO3bnAznArCW6jv1lLsdL1GzQyRK8ZbzwBkAHAwc8DOevfnHajw7cafe3e2JJb4Rh3jtAWWVepKjGc/h+tc819BPprfZ2CxEhlkYZmiwc4B4I9MVlCJNRjPAF6l5dXF+ZcWMx/0qOcZ8uTOd6+4z+IrqrrSb7SPEUWoWOnR+J4QoIlYrFFKjLnB3HBIJxxnmqVtr1jJfb/AOy/7QlSNRIZBsDqB94AdW/Cuz8P3uneIWgtdPvEh8uUskEbhsgDcV6jgD61NcqloR2EGheKmSyhnbSraZw5ts5WJzyYwccgGuO13R9dsvEBhlSO2s428ozuyuAuTtbGRwRXqWu2thZTSapPHHaKFAkxxznhgPfiuVv75NS0KTV2ha9VG8oqw2hiMYy3YHIrmi7SOycrrQ8jj0OxvNR8jxPePfRWblozCNmJ1YFWVlPQ8122r6XNJY281jpv2YxtlzOxO5SvXDcg+2KsXut3Go28LJFaaLLCPKkVSrFgowrtxyeM5FWpbyW+htY70T6wIAf3sYLBQepyO3A5JrrVS5xtTPPfHvhiysNMbV7y9eMsuSLRsLIM8fiK+S9OvFiivppZWNwszbPMzllOMc9zX2B8S5bWHTpdDuL1IVmgZowcZTqM5+or5j8Jw2M9/AurlTHvQqSP4ie31PWovaOp2UOprzQS3OkTNcOkccxUZXqpGDnj6VrWdoL1yLMLDbyt8zHkAH7x/Grni3TpYTeptVAw+SNQApOMD8ai0bVLSya20W9h2xSpmSReQSVxggcjkVxR1ibmj4avfC/h201eO909rmTy3ihl4Zcno/J4UHHNb1nd6he+HZILQo9swKyOclwD1wT2/A1e8L21ppqXkmlTJqNtqSSwsh5aFW6qck4PTANS6PZaCNHupPD1y8Z06LPkzH55G7blODg+oFWkTOqb2mzabLYx3EFu4vLNI0gt2yUbbgBhxzXT6/p7CxsvFehb9M1yGSOC+BbaqRScZ2njAOB+Ncy+oXMEFhbzwLa306/u5ty7EHLA5zxnsKfJ4h1XWtIn0TXWSMQNmW6iPMka88g/gc966KSOOqx2vQahdiZLdtgsXW4AK/LcNtPHvn0rhv7S1ItFq11Gtrskz5XKqmB1CnpS+IdW1GysHt7e9E9rHGDamPacEcDpzwPevLYfEMmoXRs9QkaSRgwZ88Men06GtarRVFM77S5hq/iOOKOMTNcTMEYndmRz+Pc8V3t3Z3NlqsmnWNl9q1TyyZIpFIWIcYznA5Bryf4eS61oOpMRb+biRXRzxs2nhgSMH1r6DuPEerpdN9teGRLpdz3C8MD02k8fyrKnJs1qJnBQeKLtvD2paPbWZWKNz9pjc/OW47dhXEXmoSqIrdZdqKm4IDzGT1ANXPGXiBCs8lpHsupGEQePq4BPLep4rzu/lVBKHkJcqCGxzkjitnAgriyntLiZ7a4JdiW831B7Nmqd1JKYkijt0Ty1LOV4B9wBXXeGrD7VE8l6rOHX5SfuH61DqnhJYrK41CK5aJ4D+8j9VP8AdFZ3EZMeh3+saVbS2REn2gHCZ+6fQetbOm6FqHhm/trm3cyS2RV54m+Ulf4sA9au+GI5NGjhgustb3DBoSeNjn6dAa9bvr62uriC8mt0a9twVCA5V1Pbd60jP2otlrQSNtQgl5dcg4GSM+hzj1NS6Z4fstaF7qFwVtYbomRygBaZu+fTGc1hR2kTXjPp0bXEtyv7yB9q+T3IB6fSte2ubKxhlt9N3zTK5EoclfLG3kjtximO5xi2kdpDPoUUirZrIWWIkFw/TODz0q3PFqOuFI5YpbqW2U+XEg3MBjHAAzV7UdMsrx/7RWUy3FyoYSglfLI9Rn1p2kaoPDN9HNPOzG4IiebH+rBOcigLFKabUtTlg1O7dLsGJdi8IyMOckKBVqHVp5ClvdhHZnAMo6R+nHtW2lhp9vEvkZu4Q3zuvBYZzgcg4rHksymtpBawmCwv2BWN8kbzweee9aCaO1s7hY9I+x6l/pEchYZIBKqemDXBadeXCMLD5mgY4fP3Rjs1W7m31az1FrWdGt8gjGcqQOnFaujWtutvKl9DLdSXOUMcR2lSDwQe9XewONiGbQLTZPd29s0cqkHaoI3YPB/D1r0+3Ok+IfDYttYikJWMF5OCT/s4xXK2niP/AIlsWm310TdIGjIdTuwDgDI74qPSPELQcrbkSw8rExJWQflU1dUZWd7m1oc9z4fsX0ewU3liTiKMZEisxwOAOhHX8+O7Tqt8+q22i6gJI55AAgmyESM/7R7DH9KS1Otap+8NttuGyYinRR6Ef40tg17drOhuX1L7MrPKSfmjUH5hz6HP9KhRGX5NPtZoFsvMNstnMZBKnO8cjbz1GTxXIeIW/s+5sbrW42Vefs8kY3A59ff8a7vRo4tXsbrVba9SK103PnxOP3mVyenfIBxVU29rqOl3Uod11QN/o9uw+V1+Xnp1696inowPOft+sWt0VR1nW4AYNbnJRSeremK5i7sFguWfSZRqcdwC0krAoYpD1U5PzYq7KH0TVLmyt4pLO+cEy55DK3OFPTH0rT0xE1HUZLW2h+ywogd5DkBnzg7QRjNdNwMa1Vfs4jnQHb96bHzcdquSr55t7m1tw8QIQ/wsST941o6haizuXRysSso2Z6EDv+PeqU1tdKU+0kRTscxsh+U8dxQBH4i8O6uTp8pVT5zbE2Mx2j1bgAYzWGtr4gj1b7EI9jNlGn+9H8oz17ZFeiWN4uoxR6PLcLbX8LbxI5yrqByuM8GsvXLVLW/NtaP5MLkeZET8zyE9VPPBHvQ5AUNM0O6O9kdYLWbP3jlXb254rr/CL6db3F3/AGxGlkkSERwyHAlcdCD747V5/eSXML/YYXlgjZlPkNnhvQDB6+1V3g1TUbqPT7mZppRwkbZ3Ifx5osB7DdI8kEN3K6ecCWigIBzjoOpNRwZuS7rKq3k2WaDkFFzxz6VJaeHLiCxt2gmOoXO1ROGwjRkjnlicgetX7O2mgS5sdK05bq4X95NK7hZQo6hT3x6VUZmIybSrC7nhTT2kMkcYa4Z+drDrtOKw/GDrqFhC+mOVitOJVAOJQOOtdVZx3U0Us9jGYwmC0UqlWk7kDj0qCynKSsXtlS2c/NaOBkH1BrXnsZe+cf4NmZZYdY1DdcW1uDGsDZDE44x34r1XWNMg8TWkWryJII0XZ5HQkckEnrxWddwW0iGSzlSG6kQKsOANmOjZqhp/iHxJbI9lp8yzAj55JFHyHPPNYyfM7nQtTnINAOg3TOEe5klYugOVKAZ+8e/FYVrZiHVZJJUM80pZkJJGwNzx9Kz9a8eeJhqslwiH7JZsGlcrzIVIyvpg16tpiaB8R9BuNTtLh9KSDLKeHKsgyRtHNRUfLqO1jl4H0K6gm0e2vNl999ZnUhQB1XOBzXEreWV75aKfKuLEMzSk43r9O3NbEej2t/4dkefMN9aBmhdBgyEcgPn1rzfWb641W2Y6hEIJIo9u0LhgPc007mlN33PU7fUdOOkvc3sqCOTiN88nrkHn1ri9U0h5GjmuATBOcxIhGxsjg8VydpbJZaeslrc/aPOXPlbshDjOcc496bpurarDF9humcvA/mITyqBucKDkYpms4djb1S8n8y2M0jlo1wqnnDD1p97eG1hWKCT/AEm5AIP90d62I7WbVdIYQp9quCTI8ijcVHfNc3LeWi27af5YBztaduAue1ZPUgRriKWO3t1xIswy0p6qwOMCtNJUwsF7b5gQ/vRk5ZBwcfWq9xpkKWkMaLhLQlxtPLnv07E06SG4bT3vJ1ZghKohB3NkcD86YFaMWzea0CBLdGPlxn723sM1V1nS/wC17a3tBeMsoYLHEy5VQfQ1VEqM8N07PbyRHBQjAwfUegrs2s4EHlvIjyuoZZYzkAe1ZVYaGkadmeVy6VeaZIYbnIkXOMdDg8V2FtpF3cWAv5yQWwSOMle1dEfsuoW5h2lzFgFm6sfY1WkiniRYdxRWPTtgf/WrCp8J0RsmeH/ETwPNcxpLYvmdELIQD84AJCsP618Ia7Yy2WpSwmNkZm+YNwRk5PWv0+1vTNcYJdRL5lsg2u6kZUfT+dfFHxg8M3tjrt3eQxNJHOVJdlxtZhkrnvkcg+9fL5theaN4nr5ZVtKx4FNGE+YZ/d9KokK4wBz3ya25IjEoWbG3r1rIkhIlIjAKk9+a+Qase49T/9XqZ7XxPLDFqt5dWOwqwXAOAO5xj1HrXM6HZeLbjVv7PHiP7NAX5dJnRMdyoBAJAHAzXoPim1+HXh3T30Xw3dXGp3EwBaeVdgXDZwBsGScVXe706ye1uLDwszQBAGMjFmZsc54Yjn3Ga/cYS0PyXdmn4mvvhX4ztLe0168ur64tlfyfKBVUOBzkjnOO3418talp3hu7X7BC8qPbNgS93B/vDkfoOlfW3hfQFTSfE8t54Rha/uDEtorFYxFGvL7MjIP945Ga8J8Qan4g0LW3vJfDEFlYSeXGTGuVYrkYLKSo9+5rklTfNodMJqOhympXWh6X4Qj8J6a0n22VvMubkqQNoO4bcHqOBgCuq+HnhfwZrOgahrmu380zaZBLJNDu8tcDPl4bAJZsdA3NdLrF1eWGitp19pMKXOpKJUcBSyw8YGRnGen41ysOn+OtN8OxJbeE44rO5k2KZIyhkY8jgspYd84xUTfKuVm7pqSuL4S+H+jarpWp+J9SjmktNNhCovOJZeSCSOy46Y/i56c2fhjfrpPiK4gh8O+Ws4ZhJhmZY/vYyR908cZHavotNY8Zab4N0/wPaaFaW80oRmlJBDHrjaMYYYUEkngYxVES6/o/hXVU8QvbWtwRttirLuLuD0B6kYyK5lVfUxasUtM1IeIvEMemR2KaYbxgglZApJA4LdDhRnvXm/jKw8P6R8TYfDVz41F3axIGeS1JBikwSUwhkwytgHqfYYrY8U+E/DQ0GPxZqmvveNFDuZYQp/fAcxpyd2G4OMetfOugav4S0fStS1HWtKl1bVpWAtHYsIYsckkBgdxJ6nI4AGOa0g7gd1PJoUuqELNLfadFMRdKSY5pYt3Td7jr8w+tbseueAree+8PaP4RW5nulxay3Ks8iAqeV3B2Jz05PTrXOfDzxBd399di08ORNK0Y8ydkLCNedp5+6TzjnnHSurvNT8a3Go3UdjLa2SyhPLnduUVR2POM8k8celUBcvbfxpc6TZW40uO1SJHPkIvlusQ6ZDHjIHQflVnTfDviy18HQeINPni0uy1CSRbZQFBZ0O1ixK8D5T69K8z8Qap42uJn1O61oSTovkvsby1Cf8BCjB78VseKtP0HTfDn/CIN4oXUSB5hmiJaNN2ThSGcdffPriqirsVjp/Afh/VvF0tzqXjLxxbaP9ik8vyWlQSOqYIPBQbTk+vSuLbwUPEni20ub3xLiJxlZH5+UNkBAWGevqK5vwM/gLw6LW31VbjV7l5G88gMIjuyI+QQ2Bweh5rsrPWvDkWo/wDEt0qS9uI5WJ83PA7BAu4nj1qXozSZi/Fu28K+GtHbR4746hfecoEiEdicqQpPOB096teErfwTHogmhEtyt3bKZSQflkxlwORg59KwdZ1zTvEesR3NloZS9gJ2xEPI0jg91CjOM44Fd/Za34x02/hnbw5bWtnqERCxSR7kAx958FSrDOTkCiFOwpvTQp+FNAsn0O+vbjT7ia2tyzzTlTsSLPy4I47HOM1NrXh7QLgWr+GrqTKruYy5CqBgjkjODXoGseIfHXh7wtH5strJYNH5ItIgsalW5I+705PIzmsyDT/FWt+FYtRvLK2E14h+y20ZAZYB3YE8EHqD1p1NDFHj3iO5SfVrLw5cyLqEKLgtbEMfNfjGc444z6d666PwtpFhplzZ6Zqc+nzbFdZXIIWVT1OAvb0P514zfaFrlmRfLLlo3GwoxyCT+Br3S2a4XxJbaBqdq2sQ3Yi863AxIyZ3HaRjnH0ro9oraBI9i+Hei+N7DStPvb7xhzqELmVlYyIv9wsZcA5BHYVan8VfGq2uW8HjU/tdlaSIbcwLGN3mH5SMDcfvZ54FeYfE/S9Hn8RR+F7ZZNAtTaxmOPJeFXDNuUg4yMAHrWP4JtYtOe/1K18STLOIGWyUkjdOhBTGSQBngEdM9awsnuKMj3/4i+IvE1rrY03xF4atXmkt41uREN/nSEcNvGecBcDBxXm3gzTvBfjF9RCeH7m1vNMYfcd2Xbk5ye3PGMd66O48N/FK88PJ4umuWubmVwVeSdZZAo4VpGOdwGOgJxVf4a+KvizpviK9ufsEE9o8ZR4okEqtIBw+U+cn1G4c9qjVRsTGndlC78P+E/FuryadpF0+m3MWQI9m5CyfK3px3JzT9SsvEemeGVl8L63CZdKCCWKIq+95GCEZJOME557V6rf+MIfDHgb7XJ4Xt7rWSWg+1mI+ZGkmRkkDIIJwMmvB7ex07Wr46fp8b2ErLvO4khCDznvnn86KUpP4gasd1oV34E0bwU3ijVZ7nSNb0cy+bFhmS5kcnyQob5emMYK+4NeI6rr/AIn+JE8Wv37vJcSOsMSwLtQBQBgKuB3/AFrvfF/iuOTRr7SNYsP7Q0+VER5omKMCrAh+O6sAR06c8Vwyx6t4daOz0F5DasBJBvI4J644HetlGPUVNn0L408Uy+KNO0j4e6yFuGhhiaaeHrlRhlYDAGMYIxXyfrzy+BfH0raDGHtJYQkatnChsAkY91yK9G8CWnic63rvibXUNpBocaGUvn5mnb5COobIDE812el+HIPG0+qeMdRtAtvZw+VGqr8hOC2fqPSpXu6x2NDB+Cv2nwdb6jq+taTDfW16uy3DKrkEHLMcgkDPHUGnjwh4UbxPF4vXUbrSbVp5J7gcZEjAkFWOSnzcnO4GsKfXNY0pFs9NKrBKxhjHDMC57Hp9a6Txl44tI/CL+FdRsC+o6hGmbhFASPypA2d3XPHYc5p/EBuWn/CdReGr/WNI1FdZsbK7fcJGDSGJiNh2ctyOnzE9cA4rF16HSNU0KFbrw/Bpt7M7vI6Jscsc8kgKx69+tY/h2fwd4e8MXi6dqdw+rXSGWN3jKDftwB6AL15P+FTf2R451bTre4SZdY/tCPehRt23pwc4AIzgjPXirlSFz2Og07w18M9OMl54X8TSWF3LtWNZpYt2SeQRhecdhXZWWpeMbKWC40yCLVtKtY9kszMjFmPXAVgSenTI5r5v8PL4H8T+IbbQfE8MmlQpuEssGcu23gY2tjnvg19BaT8NLPwpoF5pWneO1upYJY5RZLtRnEhBiynmEhscngjocDthO5VPqZfiXxZ4F8W6Kml6VpL+FZ7Z9hmXaEx0OVUqBz1yAR69q7nV/AepeBfhpJf6H4jh1m+t5o41tnXkeZ/dJc52jLDgjANedeJfFHjPQ/CWo+FvGugoixGOUOeZB84IkBQsp3dNwxjkYzwMprzQ9f8Ah/qWteGpG0y9sBHJJCSX4bjG87Tx16GuepTlKyTNUzxnQ/DHhuTR7+bxkk+mXcdwRDMm/cVIzjGGB5z2rvfAcPjeG5sW8MlfEtvYzM8aybSvlZx84dgR+JOOleUX+seKb+1H9sQvJaR5k3BCQSO7N0712/gNLTwn4fh8Q6fr0tvrd88pFmYmCrDuIXDnKnIBbOPQY716MI2WpizsPiX4h0zUXiFrayaNdw3mwxIx2EgYcEgLj5sHFeS+MLfxlotmPEuvBtTy4iWXzN7qpBIBJ529QDk8/WvTfF2q+KIdMn8P+NNKjlFy0V293CCW2seAWHyhs8dvxBBPL2/hrxiltJcfD+U6taY+UbgHiPYmNiP0z9KwlED0f4M/Drw7qerQeMofEaBVjbZbBMEXBUYUliSw5PQA5qvFqw8d+NtCtPiS0mg2cz+UbmIMiYJ7Ft2Du2gkngelchfeJfDV34ls9Ds3bQtZZ088ypshhkA+YMWxhgRnkc5rpteTxD8NrVpvEDxeJdMun3oxY71JxzhgcDPTBI44xUMD0b4j3kOgeKJ9Agi/4Svwz5EfkncocTkcyFghPy5I28cHPFcvZXF/8KtG1/xr4J1drQ6rbpbRWzookBJH8TZJIJ3YAHrzWn8DPCMfiLxRJ4t0fXY/Oht5bqK0kGC0zAjyvmbPyZPp0B5p3xC1fRviHNoWg+KrM6Jdh5pDfKo2MCpIyzbQQAADknnniotf3NxnmfiDwp458V6Re+N/Huj3E0awxX098qpkW+xUVwq4424zx05PQ15roly+taleaZ4al328Cr5MEr4dl2jcE3nnuevAr2q8+I3jO10y2+Gvg3UF1+zW3eB12B2mQE/u1Od2AuAADyOOgxXmmtS/D4+GrLWfD0UnhbxdDKbe4SIsRJ8o3StkALyCCFwcnBB7KKcXqb20NG00Pwvdz6XoVsH0HWZHQuzsyhmB6kngA9eBivd/+FcLpdjc+OfiJbfYb+xIaG8jJaM7QVVm2ZB6d+RnNeJ+EvDE8mtPP8YI2kElqktvcRyY8sZ3BisXOPvcFSc8V6Jq/wASb+y0a68J6deHXfDWpWyxSQsxMkKI/wAwGRuRuMZ4yDitZvm2OdI5TwJ4/judZOnePbCPWdGvleOQtGxaHurqYxkHOBntnqK861S0uLzVtV0jQA09gN+zfjeY84HYc/hWxPd6f4Z0zVrDw1cyH+2Hj22wGZECltoycngn/wDXWzoOi+HdL8Iv41l1aWz1y2ilKWkifLJJuKoicZ54JJ9+B1oNTa0TUG8HWVjpnwcvLuw1bU8JqFlKEO4hCDJucYXpnjPHPyFQD2XhaLwZ4d+HdzdeDvMXxxrX+htDvYiILIQG+fAAK4PU/MQO3HkHhG9ub+aO51yK403XZLvemourKpRkwqKhwuM8HnAB9M1d0zXR/wAJNf6D4hn/ALOuIJJBHdKCEZgxxIWwAA3X0rNwEddrnhzQNE8N2et+JA+meJvMZ2dZS4mO8/MeSAVXH3ce+a8z13xDr/jbxvbSajfN58ewrdkLgKMlSMADj9elTfEebUdQ8Q6bo2ot/aFjMoiS7il3RkOAWYEZGQev0rzywe68N61N8PbiZZba/eF4ro/ehUt1YAnGD1z254zUupbQrlPop7mz8casljaA3t2sXl30EnyhhGQgkXtk5zxwBivKfHy2uh6c3hHSpnms/uXGVyUdX3bCRj7pAzXZaPZv4c1vUdTtZQNf0hFMUm4KLrzEwF2H26/XNdHrniLRLjSJfFmvaV9h8UWTKt3Z4ZBdIQNpG/ODs789MdxjNu5rTj1PCtIur1fCEnhA3H7m5IdCVJIywODj1I71H4o1dfDunaZpElqkeoxpguADuVjxkDGMYre8HT3HiHxJ4h1uG1SDTzF58kP8MIT7oB4PQE1xlzpR8TeM3/tKdRp8TM3mK2dkYBIwewzilc0Okja68ZX+laNBMsGzccyZEZKIWIPHoCB9a858US6dLG1/pqqRCGRtpBU4PXj0xWwbbUdI0WOO5USS3E7QwgHexJ6YIzkHt3rI8TeGbfQ9FisfP8meeLzJU7qT2/pSIjudN4JjMwke4XdbRWwnlEYPCEcHHPTNe3fDXV/Blpf6hqN3NcJbpbrKYo0BEjxHO3J67gcYyMk9a8A+F2uahpcklnZqDJMixHeMh07D6cV7p4Pk+JFj4piPhfS7ST7PA8rZ2YCnCNwXXBBYY/8A11001oYVieOfwZL41TXrqG4sNMacTAgM7Ls+YK23ON7jkA8AkA4Ar2fULr4d+K9Yju9FmudPS7gZ40lxs4JVvvbmAwM8kfhXP3Nh4+0pk0r+yYZgo3sIhvzuGSCA2ePpXc+I/EGseEvhvo2pTeCLC7ubsG0H7sM7ROGADxj5uu0Mvcnt21ZxSrW6Hnl/4h8Oa9q3h+z8KeKrm1tLeKW3aJmkSIsB8pIbaDuPHXGO1aPiSw8Y6b4a0vV3v4Gm0i5YwBNruokDAn5l+bJOMHPA614r4TPhTw7pz6j458L3aHT7g/IGaNZgV3FZNxUqR1xz0rr/AAtZfD7x9rusWltfzeHY54BNp+9fNVHHDI5IGQB6spqvhOhHrPh7WfE2m3d5aazoEGpkxrLMsgXMbYzvGAfxAH5V5dpetaT481Cz8Uaz4VOnKnmwvLbB0iuWHK54ALoDk/NknrxgCv8AFG4ns9a0eDwX4wOqyapGttdFXMQWcEIS+wj5Xz024GMc1L8R/E3j/wCH/wAMNB8KDVIZClyWVUijZtzBmfDMu5gC2ATyc9uBWEo8yuaxiZfjXxH4eufhxJo/hbV7yBft6i5tGLC3KgkhwMEgjCn5T6Zqr4KXxPptprWm+ENahFtLAsssT7AZwqtwm9Ww2CehGQea2fAbWvhPwjqdp4w0i3u31fEh+0oGYbRwDuB53c9ueuaqeOR4W12bRdTt7QeG4nUw3U0YLIyoRtYIgAyFznA7jOainCzt0Nb/AGTd8XjxrqNj4f8AiL450yG+ie2McMkW2NmhyTllQnBYE84GPQZrifF3ir4ffEeCw1Tw7pd1o66KjQ3DsVaKWIfMgOCcOpzz/EDzkivKPF2sG3lj8OeFNad4fNKytl0jY7gFY54Hvj8a7TX0+I3gLwC2janpsT2cc/mzhSshCMc7iVOcbwM8cfTNaluNtiXT/Evh6HwvqNnoWsbNSiPmxLt+Y5wMrxgEY7jmvTdN8PfEXTfGFy+u3cV/qN/on22FnYMJMkbEONuGUg8DjqenNeCfB2bwrP4knv8AxJorNBJCwZijFYom5DYx3bAB7ZyKhsLS28YeKrTRtL1F7OAZjR5ASrsm4lsZHXHfHGM1m5jSPSPD13rXjW/tbjx9oEOrzXEElrCZYxEzxruk3RsAcHBP3WBPpWR40v8AwPrXhjQfCVrpc2jTeH7qbzWRt0jRTOSV+ck5UnjdnHpXceKL3xrovhLQtBt7uO51SxvVjt3t9v3mD/xFQWGPl56+lI+iaqug6p4w8f6RHdyWbxvdFCqSoHOFZiuCQSBnbnFJsdi3pOi+DtNbVNG0zXns4LiCOSDfJjzW2kEurAcqe3BI6dKt6F4X+JOk67b+IZdXiuLLUbZoVujKJ0aJDlYyH+ZTvUA46cjOQRWf4Xu/APxF8Sz3/iPS59PifTZUia0JbEkZ4mfC87VOMBTzjdxkjO1jXfB03hTQ9J0WSWG9sI2huAQxWUD7spPA3dsDrnNRzGNtT0S3X4is93q5nW309ZU84OFaEyRYO5A2fY5HXuc15R4w13Vte8XTQ2dzHdQJHGFKbceWy5YZXj7+evNc3qvxDnh8NT+GTd3Egn5CiQ+WSv3dwz27+v4CqvgLSdY8Oajb3ut6TJdvqsZKQOWjZ4JlykkbDPBx1weMjg8hJkThY3YJPDH/AAj95Y6rB9o1V5SqRRj95hcAKrDpz/hg1DD4oh0rQI/DulaGFZnWW5e6T975vAzGeCBgDHHTIx3Opq9l4ct/Cd5ceCdNln1PTbwQvdzqTKWdtvyjIB2kjaVGMjPPNbGpalr3hKYQyaoizxxoY5iiK0pK4ZgpzjBz0HFUQzzHxFH4iuvEyReFojp2oQoslxGrAq7seCwYbeBg5Prmu01LwV4w17xPH4U07Wraa41uFZHdJtkUywA/JtUY3psJAx2461wGrfD678L65ZXXjLXEni1mNpPMhdppYl4OJF2+pwMZ5B9K2NK8IaRpl7FqtpfSalMn72GKKM7pCBkEDqcdeg9aixtc9U0+yv7HxX4YOl67HqvkErceZhJAFG1iylmJLKW9ORnvXpMA1fVPFl6viDXYIdIjiKrESG+dRlcISMY5yc/hXiUN34Khht9bZ3m1Od9zlVdREpU5BXIQ88ZGck+lXYZvCX9g3NzpjS3eoSkq4cFUh3NkMvyjJxx1PXtWslcgy4Y7u502S7v51mma48uMAD5QDyM+tbS3DaHcS2VyHmitFBBYfNu7/UDNWvFPhew0zQ9EhuFe3W9jjvJHU8tvUZOO3U1W/tLTNS1O41yadhG5SCKMr1bAB/PmmKzOXs2h1TW7KS3ga/uTOHkSVSY5TvBww/uf3v8AZzXs/i3xbq8RufCXiC2i06ALHtS3ZZvLAHTenHbpgYFcHqOmyadc291bA2DKp2tF8pwRg9K5bWRa6J4akk0IXN7cyyqJpJV3RqDk5DDvnHX1pNofKOksNN1O0Wy1JHltFl8uK4HDwlumRySp4zxj8hj0aysfF97pOoX9lcRa3a6TGzsW2IEaJd2DyCxAGT1NfPemaj4hiik1BriN45H/AHkWBwAOGx27Dj/9XvFvrng66+HEraFdXGj6rqTbbmArIUlKsR5XmAbSCvzA988jsGhM6/4eeL/AFsL7xVqvh3yS22K4Cr5sZUAcp0EZ3Y3EAE8ZJ5rjYfDvwrtvCg8Z2ep3en30V03nW0g3tNHI+F8liMDA75OeQQMCuhtdT8aaF4UsPDVjDb38UryrJbTKG+8TJkcqSMnk59PUVyvxMvvFOq6mGg8PpZaZNbgrH5LGLep5O4KvsemMeuDVxEcJpC+DrLUte1OTUjPKwaa3lZGQou4s2O2/GBnjocDrWFf6boXiXUZbyDU2FoU3vPIpba/fdnHbmum0nxYfBU7yR+H4ZbLW7TyLuCQ7kk4YZUgEBvm5BBBHvyMlfFmlfD3w9bato2mGSW9kWMKCxQumSQxJOOM4AGSe2MkNm+vYzbLxF4T8UavpWlTvcQ29hbJZeaq7kYxAgSBchue4OOMVveJ7v4ZLY/2XZR3t62jSRpc3SLt3q+Q4RZCPm3cDKDp1PUt0MWPw0s9c8b3Xh2N722nW6sY45WaK2+0EoqspK5WMsOQN3pjqOx+Hlh4q8Rz3Pip9Jtpr3XIV1Fln2jzVibA27Rty27IB28c5FS7FptHBeJpovBunSafYyyvaIgmBl4JUnoeB0IPbIxUHxC8aafrHhLTG0nSGX+3keJ92W2yLtwVAzk5yV79K9l01fHviNx4mhs7K6TVHkieKVP3cUCEooI7AcjHJ4zivHb3w748lu7u7gENtb+HL17eOON12RsrDcEyMHHGc4J5rncB+1NjwH4u8SNbWnhqyso7OSeMWxYrtkIjQght2MAgHjGfevJ/2gLy7uNS06GzuWMlpD5dyg4Cl3OT+YIrvV02x1zxDc6jD4hfyYWiIeNDG8ny4YqFI2EYxnBHtXHT6PpfiK88Q+bK0sPnOkMjsSxUcrIx4z0zn9KhrW46fcsfCyyj1+FtAOorpkQiIE0hBBKjpgsue5JzwPXpXpyXf/CNaDe2WqauWTXrdYUukJm8lkVtyhD1RwSuRgj9R4P4Vj8PLrWn+G9TeeJXuEiaSHGMMQM8g5J6D39q+lPiDq/gy/wDDunfDrT9HlvtU0tUFnqY/dM8RJYh49oZuMryOo3DHStYzuRUjY4Tw7HpPhbw1L4mu7kXN4262Nuqn5hIQQC3ToCc+gx1p1pJdXvh3UNS0XTTbT2sf7p3YHIl4U/MBkenWvQvFmly31lZ/2Ro5EXiCMLPHMB5ZkUDGMEYYc8n0yORWLq/2zWbiy+HECrZT2tuJSY8ht8aEhSM8jYM1Mwgz4q+w3ttfqJo2inB+ZWBVgOONrV6He6DPf2xu9K3SQmFTcliBtY9Rjrxz0NWfFA0z/hJJHsbg3EYiVZGbGPMHBwe/AH511d5ZXDeHDeaaoePYpbnljkA4rnlM3mrnnt7p17d+ITp+hF4tH8oSbGJIUgDcOSSCT3r1nwL4n0Sfwynn2q6ZpkhKPID5jxFSSScAkgnHFZ+noND1PTNdubaO4tLuKQSQyk7drpgE8E5BOce1Ynh/Qrq48N6pd6hbPZ+HUuDtaLZlPnBUYOW5BX+HvWikE3ofQMGqT6kr6R4Mna2smRJ3VgB58YIBYMcsoI2ntmuqvfF3/CN+Gp9O8LfZ77SddkVZXeMyPanABdWOMn5RnIwDXy9ewG70wQaUoVLFVaMyPgtH2XgZ6e1ezz6jez/DCw8I+HnElxM++7O1AjRSfPtBY7l2tjkYOKqepEWcr48h1qw+wnxiG1d4GdLCWWXIjiQgqyqCdnY4OOO9T+I00zU/DOjLr5nh1m1ldrSOCPcsryOMZIGDjAHBzk1b8YTWfhLwinhqaKDU7id/LhlQlpIm+8ce/GABzjrWFq39peD9L0vWfGOntOJJEawQyhXXaokBYKRjACnkZyeaiKCR0fiDRbLVVI1wweHrvTWH2kZVjI5AP3gcZI6DmpZNIvNM0Vda8KXMlrocj+Tdy+YoypIAIBwQ3PHpXMa9qc3jpbbxp4giGmlLtI7e2jiOy4XEZOX47fxU/U44tZgawkni0sWLmVBIeZTjBVc4Bzn3q1Ek1fHiPpGmaQYVh1B3ZgdRaPd5YLDbliTzz1JPQ0axdjxHZWtr4zuJL+9t90ltNHsRCrkfLgDphR78Vt+NLC913wBpEOgr9nspplSZCwUDAZSc9cDBP4ivJRqMvgu8t9FgSPUI7h9qXAGdxz90DJ5BwMZ61DEeo+MLrRda02PV/EzS6Tq1iCbJxbs0d4B8wTdjqCOucDOeQTjVsorTX/DlwnhsL4Yjif7RcTTTOpuEdDuAHGQR82M4OB9a5P4katq2pxWg8VSm52YSAHaAhIOSAgA9j3Ip3j3xxeS6dYab46iaylEwaAQoMSAJjJ56DOOrdauIpbHpmq6xq9hpLaF8KYDeaVe3LB5GBIQyKgRVZ8EEMM7jyKxPHPkaVpNvY6iP7f1K9Z40kkbJtpECnKkFj94jAOM4rF1m2u9Q8JxR6cRoS2EzPKWlZWlGwZ5AAYHr17V0g14rbJbeBbuS6llkMszNFhQCo+Ub1HoM8HFdUKhCh5FaW0t5tCuT8TL65tNQtYt1nEkaoWkYZwwEfbCjPHXOaoafHH4o8IXujz6suhy2ymSWN1JS5iiUMp3EqASRjG45xnHp0njTw/a6RZz6hrd1ba/famvlnyn3fZ5NpIYMM8AjAAA4GMYNeaeJtG1iw8OvLqu+0jjEbIiYIdRjCn6HGeeKxk7stRNXSv7VvrO203woQkqQqZ2YgDgBd3zfX3Paotfv/GOgaXaQ6kTqkMe4BZQ8sduc4xkHCgn6CtW08QXF18Oorq3ii0ieJHRbrJBdAe2R3Hy9T0zXC6T4x1BfDV7onhN3k1C7O25LFNjpyM5k74OOCPWspIuMTo31hofBd2dbtkFnHOCLWI4ALbQp45Aya4i7NxN4SuHEQt7CRSq3BGB78/pXo2n6fb6B8NdXm1yO21rWtbhBWAlZZbXBwNpXdgjhycDkYBri9J8Oarf/AA1vtR8SST23hqViI3QqQZg/ACfMwG7jO3BOeeKkuxzXw88H2k+mXV54auJLnxBGDmMFBAImwMHcMEn1zxkV2lvpWt6X4TK3+oxTvJ8kelE7wibs+Zw2EIOTgdeuSeBieH/GGn23gZvAps00eIyO8utKrNLsZs4KqBgn5VyW6D6VyP2wWujhNAuSbqO4kCXjLiKdV+ucHbg47ZGaaQnHU9VvF1eK2XW9URNUu5440i3vue2CD5cDB+UHpjHP1NcZrsPiHStZkh16xL61MPMDEqVWI5AG1DtGNprnIfEmt3dlG2jyCXUTFi65Cj5P4lJwB3PFQ3mn6hquuQN4e1mbUfPUm6upC3yEZz85+Y54x1xxye0VFodEDC0GbTb7UxaBX5ztY8AsKpX/AIq1SxW70W2dTL86kYyVU8cfhWfPrSww29vFbGGazuiRIeGZAMEEfXFWrLRNR8ZeJ4ksbcOkgBL5wFx/eOPpXLI2UtSDRPAaXqJfyylvNQs0ZGcv7e1aE+m/YdStI75Psdu5w6Rj5lXoDtr0nxNdW+jXd9bXEywyQqNqpjC/LkcVxOi+IY49Yk12QpNmIxnzeVX35rnNTqbS7nmeNYYfs1og2JcT8eYoPDYI5yOa+dviHpWnxW91BaXLX6rcMyThNqkZOR1IPPHHB6ivoKYaHbeAry+iuGv9VjYeRDlhFEHfblvXjJ+pAxgE14ZrF1La6ZDb3+xluGLeXGBxt55/Os6kboVKV5HzPcw+Xu8k5BPNJDGdoYD61oajEsd07p8gY/hVOGVc7W6n8q8bEHv4TdEgGCc8Z6U8fMAg64qA5LhV6VLIMHjqB+teZM9ykODEMFPXpmpYyVJx0qFQpA9akjXPBbk9qyZoOZip3dzUW4HBUYB65qyyHb9aYYyEGKguOwoIVS3YdKdncA/TNCkAqmBVgltmMgEUFFXceUB60woPTNSfMOWNOAAOetQwGbWyc8elKQ2MDkmrGRnrmk25HpWbNCtucc9McGjLY45FSvgY4zmmggpwMc0gIR8p+XhqsZLHOePeo8EnLEVKAMABabGxnYkjIFRZKspYEA1ZbOSU/Kqh8zKlx07UIRGyEKQWyaiDEKxI5NTHLZLUjxle2MirMyIk7drDnrUJGd20ZqxhcgMOnJNRs3zHy1wtaGVQiDkJswKIxvbZj86YwI5I4pQzKMiggcwUEioqk2jIJ71GQCScVoJjcZ5wKiyiv6nFS/dHqajcHqBgmgkl3bhkCnZGCBmokaRQqkDaOpq0mzHPfpWhmxbdSGw2Tk+les+A/DI1PXLGz1Ita2l5IEEmzcuT09ByePxz7Vyvhzw3qOqSxtbKXUuoO0bj+VfSvhjRplspNMEH72IgqWIDKRzg134KjeaPJzCvaNkeoxaHrmmXmNBh8sxDjDAcZ7AnkHvXdRjVNS06ytdYvVxM2HQ7SyBTyCevPbmrOj3GlX+jJrt1qiPqMECNLZMpR5Qp/eIrZHPU4xXlGqXKy+Ipho3mQx3T42ynJQMehI9Mmvr6cVynycm5SOp03QdNZNfmtADHbsPLGTu+YsAV656YrJ8DwarpOuy3syCyu7KXfFLJ8peCQEMArDlSvX611VjZPaW2nQW8pLTPKtxu4YbclCmMcY64JrVv9e0K9OkR6/dSSG3LWxeNN7ohbjJweAfXPFdFEzqN2sekeHbrTfDVjrug+JjM8mvk3llLBh4hIctsYk8ZbaMgGuh1W21fXzomp2NkNKh1GWO2urxJkczY+Xd5ZAKkbWI4PH1o0y11+RYNL0TRhff2XFG1reuvzMmASSGwG6ge2a0p38Ka5rg1O+1WKGF4xAIFXlZyTgttPBBznP51skmziaexy+s6rL4fhPh7xzctcwxz+dblfmaWBWwG46ZweCe9eYfEi38nWbhfBsUlxo2sRR3SHyzlGX74LemQG5HQ4rutdkhuvECWn9m+WdK2wTXfJiZJOhcYwq/Mec1ylloniTQ7zUHu7hYrG0LJEm8MjRyHPyHrwMZ461v8JdINNl8ISx2ieKLmSSd7dImQK3Dnp0HODnnNPfUde0SK8m0Sy8ywtE8jz2GSkTBeoJzx64rktIvdHuLgvc2byXvzGENny1KjPLZ6+2KuT6rq+maVdQatcstpqCMGAxzv6ds4x2zWcpGjiyFdGtJtKh1Wyvv+Jik7ZhxlWj6AqwHX1B6+3flvFthcGNHtJBC0AGeMn5jXTEqsFy/gqz+0S2Fkbm5JOMGMEsw3nnjsOvYda5WXU9O1a2gu7csb65CtcxkDCNjnHqCc4rGb0NaV0zmltPsy/YtcBg89hmQruwO5NV9Y8FXdvemWxcXmnvgpIDhhn2rU1m7u0uY42UPBISoLDJXd2471mWmuTaUscU7+bFu2pEecEew5xXMdRNoF3NFc7o2+a0iIGDjnOMH8K66Sa21TR57dZvs99Im5Qf4ivT86841TUY7bUm1SOMRxzEZRRx74+td3bWNte6baTQI0F3HmQnOcq4yKu5DRyE9va3wfTr2Hy72P7rDjk+vrXT6Ppdw5ggsGAm3qjMeBk4+Y/TNUfEttbw2Fm1uSNQWQGbt8hB/+tXc+BNDkvdW2XN19nsYl3SzqA5RmB2ApkE5IxxnHWpdO7Jk7I9stE8Tz6WukaDrD/aNKiUoY5vLLgDAQEEeny7jgcDIFULrXdD8XA3FxZtFeSxotxIx2q0uNu/5Wxknn7oqW8l0DTLW5k8O77jVLZQ2z5mWWPcNxA9vwpug2dv4iQ3OqI1pp+uSCGJ49obzVbHvjkYrexxN6mVNf3cd1p99MfPXR2Wwl5y/lKdw/IHHSsLU5Ljw9rmoXCxmwUK1zalRlWQ52nHvVjyjEkki3PmPI7xziTgq65Gf0ovJrqPSYdT1sC9+xyC1KMf8AlgQWGG/TpVrua2Lmi2l7qeg299pN8zvq25JQ2AYrjdgAn1YYI9iPavTtAmMWoabpmvs97cghJQ7HBB4UAjtyOK8sbw1oN5eLYaNqDWlpeqLm2ABZXwMEHlcEYPB5ruPCHiPXE1jTV1uwihsVYW1xdyIyhT0WUs2AgBxkng88jtTnzJowcdT1XxD4Yvn1ix0/SnGnQ3kP7sEkRF03sw4yc7ccdeleIaze6Y2s3uheJQ/2qFjAztzGrIcHD9ue46d69J8bWuvSzQah/wAJBFc6r4c3XD2PO1oFIYnI2joCDkZI47CuK165udW8MXP222i0iy1Hy5FmZhyWIYYzjrjvUUFYqUb2sfNOuWstvd3Fhqrec9sTkK25TnoQfcVVgtbTQri5sJZi9yiiWPGdjKwyAOvSrFxHqFqbuGQefZwSbFlxwV6ZB64Nd3p3hfT7cRz6vapICm6Kfc3zoewHHIrSo7nS9FE4rwrYeLNNvoPEcFimoaZcGZdu4FWOGTnuuGBwfb6V7z8OAk9zFB8QPPD2Z320SKoHlt/rAcDnjGP51S8MeH9E0S3mj0rUGtLHV4mjkaRd/kS9n4APGenp1Pp6lB4T8SwWuo+FoLSPVtWt0Sey1FXWJmgym5Bv9DkD5ucnPGKhQZhXlfQz/Fmi+FJ7mLU/D+rxabZMGiuI7eQ+e0b5wGjHzBTjByAPauMvdFuPD15azaJcMdNcBxO+C6g9TgBRjHQAZroA+iQh9Wu7ae51sIkF5ZugMcYGCZMhQOSoPB71gaiuk2cV3c6jfvE8h/0aCEgpj0IPA7AAYrVGCPP/ABXJaahqs9zaITD0Lk8u3cj0Fb3w/ubLQrK4uLnTI5NLnID3DLloJOispOTgkjOMduex4/UXkhu9lrL5tow3KR1+bqCPY1vR+KLCbwvP4WltRIhjdQ5baVY/MrEDrhsH8Knm0sd0Y+6cV4ukn1nVW26lJ5rzMAyA7RD/AA/d7gda8516efS9FmtpbnNwjMkPUHBzzjr711/hK2vrwSyuhWO1YhmzjArzrVNKuvHXxIk0fRo5pp+eIkMrERjkgL2Ipe1I9kbHwjsnuPENoxT7QIpM7f8Appn5efrX2+ujQ+KLyW8jhi0y6twi3PlgF5FAIDD6gdTnp37+TeFvBi6bosV9dWS6Vo8oxNNCylgfuZ253ZJGMkV3nhew0DSbSTVdElfULyzZ8Sy5TdGQMjaeMAfjmuqmzGqy5B4Ta31i5srDfb6fPEWjuZ1+VJhjgNgAngniudu9P1m3g/4SPR71zdyM9reCTGw9CGUYzxjv612Fl4j1e/0x7R7j7TaX1xuhiULsin6BS3BA57tWVDqAv9Wn0K6t2bUYvvWseQuBj5s9D1HQ12wPNqI9J0y4vLXwpY6VawrJqkB3u8owpUnJA7nORW3HqsX2CfVluJL2Njh7MbkjXHDEcEDn0FZFu63Gkra63fC11dFaS3RFMnmbSxAbAIHYcmr3m6lptraXLQLaWOoBoXeMg5Y8HcASe1ZNoFFmjrOq3OnNBdIPscMa8CPk5IIxn9K4Ke5S00DUtSttGLw6qzh7qU5EbHuvXb8x611fka5o+owQaEIvtMRE8RZvkbYc4II5HrWLf65HrUk8XiiSZ0vRtkhtAFQsowBhmI9/rRqE0cBaeJLi00mW51C8F3d2QKpbKOGjwB/rFHHH8qvaU+pGe1/sRBobzRi4hfzGLliMkBh6jjBxn0plvpMN3r0yaPZLpzW6srrISPMjGFUsuMZxg8Z+tZ+v6Nquizw+ROdViAHltGp+Q/3cc49ulPQqb0Ok/wCEje/1Nk1aCTWbpn/fO2Rg5wSCOB7DpjivRdejLaNFbjUo9OtrxPMeNACXwB+ORgA46nis3SPDptobe61mWHT0u1Du8YLsjFc4dcDvweTTjaabYG8hlsP7WaNWCSYYfK3RwOdpHU/lmsKm5pCZiQzaVHNGLbSGvvJ27rqUt5TqODkHjoT2Fbha40ojSrK+SOG9YzRwIdwK8jaG68DjBOKx7jTfEptWt7XU4UgMCzx2of8AePFjLKcjI6Eda810fW9G0+/uJYbGSGzlUj7WwO6CQZ5B5GCT0BBqvZmxra7N4f1rRtdNzpg3xxyI7OfmSZAcEEAYORxXz5a6Qn26xthIVG5HOcZ27gfzrpNZ1qWPRdSjlmknn1F8BwcAsGJ3fTHWsHwsZJtWgu5FaURsVbnngY4yDx0rBq51Uo2R22rpfXS3s0W+4ihwkg3AlUAJ3Y7+9ZcGi3c9qmpaZMqyIuVQ/wAZ3Yxk/WumstPjMOt3mhzmae3RTFAWxkuTvVgcZ4zior+6sJtJtvtcLR3E4JVV4MbDg5P16VHIQ9WZXhXVbWy1EWt+JLS73tHMg5RgfTn1rqrVrlbma7tRuUlyuPmYRZxz7VoaNq+p3c2mG40iHUI7U/LKE/esRwWbOevXgVZEdrJfT+TcDT5Z3dpVY8MCSfLGe1bKSOeUdSxbabbaho8moRXX23TlWQyxsMPuUZKqO3NcfpOrWd2rzCQW9xETF/ZzcNImMq2T19xiukXT9PvraBZ4ZII8n7PsG3Eh4yceprjL7SNR0nU4ridF+3M/zSkhuCAM9u3aqoyWxU6V1crahpUdgbi50OKS9SWIieADJt2I7Y6iuH0OTT5pVIiPmw5Vgf4uepFetwXVzDDfx2jCFpoyHbuygdjXLztM7FZ7cQSxop3qQQ6E9T6VrKFyoVOU9H0zxVo1vp6WdnJi8lXbNEVwMDOQG/Gr0Gq+G72G+s7i0k/cwnYm7PnPgkY+pNeY+VpNu1jcSSEgTq5KD75B6Gr+sa7LcahKtqvkqMLHt4+UdM1PJGMTF1HKRymrXCxxWUNrATBM7OWYfOMH7ufSoIYLe/1AQ3HKOCPXPoMUmo6hNeXaxzHKop2kf3j1+la2j6Da2dzNeWEjNqUMXm/O37vGOi+9TGTZvJnYQWMFhpSfMTCSyAA8hh6+lYsem6jq+62ZgzuOGbso9SKsaXNJqbpOq5gb/Wpj51kA5/OvX77TtJbwMkcR228kgbcP9YH7gjris7NM5ZM8juLO1SARwSlmtTtl3D5cAYbb6c9MVcttH1m8g+2wxE6WvzPPvUMqgc8E5+nFaPiHw3qOlaTFfX0fliRgIMbT5m7oODkH61Zs7PVNFaG+12OWymYMBCPuSAjGevPHvWwRiOljknQFJG0+FU3JcpnfJjqCc1btUuNQvI4tXvks9OVTi9RMmY8AKwDZ79aLy6+yPEl8TJasuYR/B2yDj60/VNKns5UnuoWhucKwhXmML1XjsKDct+MtLstKgs4zMRp9xho7iHqWGRhhzj15rj/F1w+oaBYlLbfFEQTNGMOeMBnHf1r3FYdNl8HrDqsC3F7dOk1syElYl2rlXHHzD5gcetYaeG7eZJbiEqCYyjbSCFJHGAe4pwkS5niFprCadYnZL5hXGCCcrjjOK9BuzjTLK8lcuZQsqjseBz9ao6l4SjvrKa5jgPlxKclRgnHXgfSuq+GOn6br2mLo1xK4a3JEYON68DHXtxW8jCrVOjuZIfEdjZXqottcRqd5cgbtvp+IrG1LSLu2u49asJsQMgad0IzG3fHqDip/EpbS9Qg0lJFEyuIj5gIUIeCciptLTTZnk07xDdPYW0IJDpkrK5YALgZxkGiMBxehzlvfiO5UlUuLeRtwDjDl/Yn3qtpt7dxeIGBIi1JnIjjYEoAy9zxnIJqWZLBGli1ONmfJWzliHT5sBm5HWr6T3If+zEthfOF/ezKcMo7YJPUUpImJmRazqmiX9w8VwbS8Z2811w0ZDtnGDkfSnWvihIb2SNf9BjfKyTjrIW5+YDHBPWoNTu4fsotrXc9u3+s80YZmA+6Djt2qw2jX1wIDcQRxSqo+z28nBlGM5Hc8VBokZn9qW93NJNdRm3MX+pZRuExXpkY4zXolnqmoHT0vjp7XN9KoCsq5aLj09q8wuZ7jTZrhZ4Ql8ABHAw4UnueeMV2Ca1KLGwhh1Eabfgfv2zhWOOADms6nMMydU1p9WlOlywKZLPLeeT8wz95cH/GsHTfiHHp1xJbOovIovkEYGCccD5uR2rK8T2dvLqcVxOrwQMdgljOVeTk59Kkn0MaVrFvaW6GW7nAZAwxxz9K0TQG152k6mZbyaR5WkXIiBz5WeoyeeKNPmghtxaxBr2wnfbLIxwyg8EqfUdaw9FaY39/apaeVqUJ3SBj8uMgHHOKyLq/1izusadGsFsT88bDCSP3wcVcZAddNareWMvluZbCyZirnHmZA7qOakt7W41CzhvLsu8cShY5O6qvI/Woma9s7q2vr6EW07DCRD5o5QDyGxxyK17Oz1e0vYrrKQvc5CWynMQVuh+tRVEkSXRCf8TZyWltirxt/tr0zSxDX9ZifVri3U3pADTxKAYlPTO3jpWlbprmn6pcaDPBG93eoQwbDLtfuD0GK67T9Nk8MM+nQzHyroBbgp8ykH6+lZ00TW2KqXcVxYwx2t0/2yJAs0oO0njB3Y7k1JfTtd2aR3k+xbcZ3p8kkmB0OOtI9nbQmX7CfLSP7wxzJ6A1Vuc3FsJLi1VvszYjK53YPB4rezOc1bjV4V0uLWHuUkMEyRGAnbI3H3jirOs2Ulvdw6jEnmzX0W7aTxtxxg9MiuRK6JqVpJYEr/aLNjcoIKZ9/WunN7Ba6JFYaUrNDCDukmBYbx94KfenZjKmopBDJb3GnAKxIM7O3K7eoHHOaXULjUtL1M+XF5GmXgSWJ2AbzBtG4Z+v8xWXqOt6Zf2Jh1DT5rEsjBJ4CHj8wcLvXjAPTvn261asvEk954e/s68txc32mRj7G8ZHMajaocew4zjnjPPJmq2loa00cd8S457q1h1LRUWygmASWFOQ55IPQf59+vIeFNN8T+G7+11fR9RR3mKs9vg+W20fclXIyMEjPXuCDzXd+IfEOl614Z/stov8AiaM8bRSIw2wOrDcG5GRtyMYrlzPqdrNGsnlz3IJUMhCoR77cDIpQ+GzNkzvLzxZdQ+IklW1jWC6XZJbDGxG/vK2M8V5nrqS2+pzy3Wy+eU9VPGw8AH3FaUWo3v2gW11YebG7YkmGWMZ9jXRWmj2+p6gNMkYQ5jZ1kfgMfTPrT06ELRnnkuk29lmHTx5zzr/kCuk8KeEv7XvI4YrpTcOuCrjA4HKg5xRPAUjFu6fZhAzDcR1H1x3rpfDtrAJ45LoqloceZIG5HuKWr2NZy0OssdBi0QGz0aURRTbhLI39/JyDXE+KGaR49JuYx9kfDqRyJGJxwfrXdm0SeG60veJLGVj5Uqn5nz0INc0mkyR26wawD51od0Ckn5l7Aj61jSVpGcV1Zy9vprzLcLNFJDNF/ql/hYCsHVblco1xJslRcFf7pz3FeoTzTTN5lqP9ORdyRnnp7V4vq9jqN1dTy2Y8yeYkuWGF3Z5GfatnsTF3kQSm+8qW5R0uDMGXcnYD1q/Yx2dxb2lhbzhHj/15Y4OD1wa5JtXi0aVNH1D90s3DOvIXPr6VpWFmkjfZLyUi1GcTx/Mx9Dj0rFvQ6upMNQm0nUZlhlElghIcty+B3U9zXQjxGLwpHGROAMI23Bx7muF1ryYLiKK1y8KH5gw5YHq2Ks6bPbxLLJbt84OFTGPfmsWbdDsbq51S1Mtsv/HvIv3gfvZ7Yrz/AMWaDF4m8OXelXknlmWMhJdu4xsOhxWy2oSwMAHzuOTuPc+lbkascbwMuOjDiuGvDRo0pTUXc/N3XdCl0+8mtZ03GF2Q5GOh4OPfrXJXFskb4xgkdq+yfi54D1CTPiTRoFWRwQ+RhGC9PxA/P8K+TLy2MtrJcBdrqMk18bmGDtK7Pp8NWU43R//W7v8AtyXxX43stG8GaB5S2cUkjY6OCBlnOMKFPA5Oc8cnFM1mw8cWbvptxbPDLMoI+dQhHqG5/StbQNE+JGleNJdekv7fTUvomhmkDoAsagN3zjlQcg5z3FdH8OrGDxhc+JtU8U+IxNZaURGMMASjlz8jMTjG3+FTnPFftDrWV0fkrld2ODv766bShb6t45Ebu6vLDAQXdtuCN0Z3ED06cV0UWmeEJvD8iTX9xcWUnzKXGJCyfMAAVyMnp7d6wZtH+H+mapqEXhuyuNSgkj2RGYNkf3ioGDjPqARzVkW1/Jo9tY6bbMjl2aNMHLYByADz3GeKudZNWRbpOWpkWmm2Gp6dHq2o3Ugw6gxupIEcZ4RcEHnoeTz2r1TxFJ4d8SFIbTX5YEtkEkaJG2DLjpyF6fUVwXjS+8X2tppVxNYWtlD5eJIjwxbuSDgn3xWj4e8Q3/hHS7i21a8sPteqEPb4UZRSB93IBOOvIIHeoq0XJXZpTb2NyX/hG7y7s7XU7q+mWAr5sgJLbT3P0x6VxHxsvfBthdWOn21vcXCbMKSeh9euTkEYGK9U8LRQ3UMniPU/FFqlrnbLB5S+Y+0YGMc857A1zGv/AA9j8Q+LG8Y6B4hs5Gby5obKbhgEAX5dzc52k4O2uSUAdT3tT5jttW0vwjNdWB02XULq8QrDEyHCyk8Ar1rp/wDhLdbtfCr3dnp9vaNMqxHOVK4Odu3jj8Oteta3oviO48XR6Nf61Y2MvlpdIUbJcZI2kN3GD17V5N8UPCcp8X2Wg6hrh8ueMXEjBcBVyyqQgOP4evFXyDdeI/wz4E+Ksnn3t/cJpthqgQSzM8eNgyQAqsW4B64Fczp2meHIdb1G11zxBHFbacdjMGAEi+q5btjoM16ze+DvDVl8PRa+JvFlwupbg0EAPmIy5GDgjd0yOCK8xfwz8HdFspNXvpb3U4FGPKKlNzHn5WULj15NRJ2Lp+9sXtY1D4Nan4ysJ9Nnun0BYXa4tkRw8k+0iMIWYNt7nkdeMDNc7qt74IutPOnWWkiGSM7lVWZ5AOnMhwcfUmrXwZ1y2trLVjpXhSDVLu2IlW4lUzSRs2diqMMwHyk8EdPU5rk/Ec/i3X9TvtcntBatezKrKi7OgCgBTk4wOa0osGdx4h1JU8PWdv4P8OQ2TNtkmEaln2KNq7nABOc5JbJz3rv9N8T+KfDuhnQYvDcFrqoDO8hUOx3Hj7uc8ccsfpXmVwmveHNXk8LxXJN3MIlcHaSOAwAIJ7H1r074iaB8QbWy0G9k1CJLy+jJlBOHVkUEgkDHOeoFXON2hpkfw1+H3xc8aalqGqEx2Nkh2XE86hAWK5G1cckYByKqW1vqty2saDrGvRSLalobd4iGBwWD7TwTxjJNeo22gP4Y8Ak6z8RY/L1cq0lvCC4WRhjHytub3ygFeUaBYeD7ZJCJ2uXgm+d8FGMPGcZ456HFRdtsiO5m6Z4d0HxRdWejaNrxt1BBlLoDI5HL4Hy4wM4yD75rprldO8Mx3N5a3skUMO4b3OCyjg7VwOT2GPwrpPB2s+AdI8SnVtA8LeYs6NbLFKxC/PjLAZk5OOoweetYWta5pPifXB4Zl8L3L3MFysnlAMSIwcbmUDO0gjrkdOaGm9ibnAXtt4Yvp1kOqyWCuEbzCm9QT1JXg+ncV0mma5ZaQZ9YhmbVLhjsivnRozgDooPQ/j+lafxJvb+wsx4S/wCEYW0t/NSRnRCWD+oKjGSOO/HFUNf17VxpNto+paLHpumhUEMEcZULgcMS2PmOTk9+T1JzLHKVzFvfEU9/DqeueI1a/mZV8kE8rngkAY6DHFW/AreCPEQXSrvzbO5Qs0QUD943JPPzdAPavMPGl7c2CCxs32YU+YcfdyOOR359q6P4Z3g0Sye+iiWaa4iG2R8qw55x+XOKL3iVGGh6TqkJn0e9sLXVnsZIHYYJKiVcEDJ7Z6kVreDG17wTJaahpkqfZ76D7MZpm3KshcEvjP8ADtxk1na3rvh/xVr0l9daU+lwpZCIxRNuMlwOjk4UDcD6dqxtT0C68S+HtN8L6LroiWSXBjlIJBc9SwIKgHtWlrImLszo59S+KXijxTq2maFO2o2a42ohiCu3BbAfB4Ofyr1O88Qa14Vntx4k0SFJLiEg/MdvT5grDOCDjI6/mDVTw5+zzqvhTxXp39neI103TbS3Um5LlnNwVKuNhZMZyTnIGOMVL480H4p2/wDaGm6VINe02xuEXz8xlHcqrEjc287d2DgkDmsnUjeyZnIi8B+DbfVNNldr6JbNZPMkiuSApyeAGI9RXDancagPH09nrlkBosUzR/aIeQqheNpB55x+FXte+K19ZNNoOt+FooWnjB82IsMbfQ4wec963vh34U8P6i0Ws6hr6Wmjg757e7ADCXHcllBGcdulU3pzBE6nxh4X1G68EXuj+GNVjmjvSv2m3kARzEP7hPuAe3AI68Vxng24j8H6Prnh9r8f2e1s8iCVlDGZVwVXj+I9vYV2lxOt/farPtiuopXEdrdWrnaqoegGSGO3APGP7vFeDeM/BesX3imxsbe4WLTijSSXbENtdtxKuCR6Lg+5pwdyjkbJVj0+11K/lkjheVjFgdxkbj/KteG61Kx1mzutY8nU9PikEot9/B2jKgkA9Dyaq+O5tSmtPD3hW4KKI0MSCLkuI8KpP8/euP0rS9Jk1GS21K+m0+SIFgUXIBUjBIwe1b0UB3Wq+K/AvjHxvpcOuWf9i2FsH8+S2GXYMMgn5McHA5U4yfw7D+wbjSr03vgbWUktYGaPerKrqrfd3BeM++ByMgDt43bXuoWvh+9vtV06G7uCGMTsF3hOBtBAPGearfDX/hHdUhuLjV5Ws50fpjKnd02jrweua62c/Mz6H8DRab4a0fxPJ8Q9EjudTsTHPaOUWRgxU5XeCQVICknJxk9DmvMLC98Ga7c3+pQT/wBkN5zFFHRMHPBOcDPTmut8Sf8ACWz2N5faLfpq0kyfvfmTMijjGOmcdsiuS8Z+NbHUtAVNY8LR2t5fRbPNAMZRVwDtyoJGDjrwK5eXc1pO7NX4hfETVr/U7e4Nz/bMd7YpG6oAB5as2M4U46+n19KxvE/jPwxpei2mkiw/see/iUXOAOM4IBKjL855xnviqlr4NstBWw1jSdXiuLaWBZWiKgOhIBKMQx9cdAc54rzjxPqtp4s13TbTU7J4rFXxvQMD855OehGOlc3LqbsuWF14skXU9Y8PahHLp1iozGzZJQdlVhwcAnGR9c9eyj8UWHi69/tLxzbPpxksDDauquEVxjZJtz8w5buQcjtzXJ6x8OLa/wBbstE+HF1JfXYhYzJJtQowIwFfCg5B6dsdTnA6bXfix4pvvAkHgDxXpUQm09GtYrlgVkjVCFZdmPlcBQpwffHOK3MyhdareWqyWFnqMmraPHbqZVByNpcgDuRjA9PcV0N5f6V4LH/CQ+FtTeyudRtFWKBeQHIBbBOSAcDOenrWj8FfCdlceNjrvhzU/tltpliZ5o5kKhyw2soyAPlODjH0zUl5F4N+OfiOGC5D+Gb9rdmtVhCsshQlzvxgZAyRgjgd6iYHmltYap4z8Stq/iOxn/fDddXwQ9I48Kd23aM4Ud+K9B8IeF/GF9DfNZRJc2lu4QFnRFRUBYsVLZAwcnHp7VjW+oeO7C/ufAXhGdtZ06IJBK0cSsCXzkeZ820ZJGcjkEV6PHpWkR2l3ofhvxA8Hit0hsprKQ+Wkon270VmVSAfvHk8DHfjJstwOY8O+L7LxFqxmsbhdA1WCMrE0TMpdhxww24J6Hnp61u69e+JNBg0/T/EFvFdxXQYwSZBYAbcqMc8ZHUf/WwPEunaX4R8BXemeMNCFn4hu7pEsL2MqzDbtMm5omKldu7qSckEAY4zPhndeLtcvblpHk1mDR13Irybtry5AA3n+IKcDParguocp0Nj4S0fSbaXx54W1drW60MJcPFLGpHm9lXPYnjvXjt7fv8AELW7nVPEUkeniWWWZ7mNM/PI3RlBwR24rqdZ8T6Z44vrLwpomnDSpLm6jVpWkLAuxKKCABtQMTkYq34n0TxV8NtEttP1bQor601CV0jkjdZGd1GSNq7n6c8qK5qrNqZxI1vxfLrcdn4XuDqtvbWywiMgFAEyu3L4OAOmCPTmvTbawGm+D7L4haEp0rUIJGjvbK53AyOHA2gNtOT97AHK5IwQRXCeBvhprfiTQ5PGPhPxBbW99YM7T2bMYnjUHIG45BDLyOAPfNd94Wt4/jDMug3moDRtUiUzW0exmjuWUHeCARgqMepwTgYBq6bFUJTb23xD16TxNp0qadfxRwtJE3zKWQBQN/TjAGcH6CuT8TXZ+K/iaHQdQuU03U9PkuFd2UbJHj+UqOQARt9TnHvXbeNL3Q10+LwHplglpq1sI1u9Ujwu+dBhlyvLA989Kydc0qfw14XuLD4g6SLu5a3aHTbyNiSsrDli2QTjIzu4OOlaGZ0Pji+vPDvhnR/hleym+ubeIak9xGPkjWZ3AHGT94kFjjt/eAHLx6pfy6Jc6N4smW4M6eTa3EuC8BkPzZbAbGOepAwB06P+BWqeJPBsurQara/b/DGrQRHUJVXJRY9wRQQQB95shuD9cGqvxK0k674l1LxL4Oi/4pNCZVCMf3MUKKJHKsSQCQWA64zwOlQ5lqJxWuajr/w8EOraaE1O20WdNpyDG3mDk9c4BbHHvXG/DzUZ31XUvHutolxbSXkcs1upyBiQOqgkHjkqM9s02DVWnmkn02WS4sYsrJG7YByOrLn19utc1atZ+HruRrCDz7eZlkaBhlCQd23oeOSBxXNJnSqaPdviTd2M2p3mpRSADUCj2rR5KYCgcMPpXJv4/fxOsWk+KoBLcxthL3OHL4IXdtAGOf8AEVz3jXUPP0fS7PTnHkOGm2AD92rHIT256+mK7v4c3VjLb6d4a8bOlvo10s5juT96EhWIYdf4+5GeeeOk8w5QsaviG9to/CiWxWO211HBvpI2C/a4icIrY4+QVyPidNOtCLfw4Hjgu7WKW4U/wlsgoM888Hn1rl/DxttV1FdFvLkosjM6SkdHHO36HnrWqNcGvWeq600TWupWkiJKhI2NH93jpgjDflVHOyKz1ESa5Z3DxmWz0G1WV0A+66kFW/DArL12/XWNOl1fUArXVzM7KpPIjHRfwrq9NtJYvDmpakduzX7uG1EgHIjUNu/p+VcB49sYtK8SNp0KkW9hDGiZ6kFQS345/Skyqe50nwvsdJ18aneazqDaTp9j5RMiJvZi/GxeOvQngn2r33S7HwX4Kt7LxxZeK5Wa5d4oVeLDdGUsVGSVwDnKjHHNfPPgc3Nzcf8ACJWVmL19UcNs54wPmYAegGSfavfNV8QaPrlpovw5fwa1hFol2k6vcl/OaPdulUZUHbJyckkHPToR109jCobfhu80u611vGd94xFjDdNLayXUpKyKzplSVZl3KDjHQDityy+HvirWpdW1nSPiBDq+neHpI7mOaWZ1WbgyfKCzpuQKRjPNeIa/feGn1jVNMHh4W1pA+YEMsnynhc7mJPP3hzjrXrek+Jvh14UsFs4bO6dL+0jMkZU4inZfnUltpOD35rWdzBUDkfFF3428SeI30XSL+PVV15NxijSJASiYI5AIICgnBGR2r1yx8Ran4B8MaQnirwNDeXVjClpI0YT5o1G1S5VXKkgDcc8se2cDg9L8LfD2fwra+N59YuLO507UP3iBdrOqkNtjYYO8jawIPH4GrMoh1jxRe32lePpjYTKHi+1uzAsMfLtcoAPQ7Qe2O9ROeljeNM57RdL+FFzYane+JRc6Hd2N29x5JLvHLbyHIiztL5TBHJBOeDz8vmHiTRk8WXWseJvD2rJcCCdVtbeY7HWBSFTGSSNoyenOD3r6Xuk8TeJIW0z7Lb+JNP8Asx8/7PtBuhGckdcBs8BQevTmvPZ/Cvw2g0+eWaxk003lqzRhXkZoyB6FiMg+2Pasud9DZOxi+IPBXjSx1PRfDR1dNdmIyrpJ91P4t+TwBjOc9BXa+PbzW9I8HQ6bd6JBex3kqrEIeZYGQjnAB5btg9M1wXgvwf4Ys9esdTPjBba08lpfNZPIYyjAEQ3ttbk5Yg9Aa9B0fwv4r1sXGpw6tbXbRSiRMzMSNp4IAVgMY7kVqc0nqeH/APCPeGDG95JBLFLBOpZWODlSMpjuM846+pFeo2PgW68ba3qVl4V1hLe1i04yJ9oZlEvQNEox07njHt3rnPEnjm8/tC68O+JPD63ERUfv1G5wwz+8V146duvvXU6n4x+Httpz6baWc2lx3mlm2juAWdln2nMm0ZI7DPT2FZVFI0pVSdPiH428GxeHNP8ADlp/aOLFLc5iMhKqACpC846Mc+9cfLeeDfAWq2erXujMlyGkYSRMxBYhgw2u4HfpXJfCnw7f6XdafqY1/wCyfa1uMoQr+U6KyjJcngrnt3FYa+JbjWrqxsdXtE1fypgwjYBQx3AkHHqBjIqHDlOq56TZ+EtDk1Gy8StrZsLKa9i/dunluked2VYtzxyDiu0uIPipafEHWNI0q9OoaFblXmkj+zpFLG0W+NJELbmI5VuvQkY7cz4k1Kz8X6nY6RdwtpwmmgDyqA7QlztYYwAwUHI6dO1VYW8OeCvEfiHwfFrkqzz+QltdorREFVLEsgY4zvAznnBPFQ2Jq56rr13r3hfxHp15PpkUbarpySW00fKhnX54yo5yAwznHtkc14xJe2T6GdFbw+DqcO4xzmXad3OTjABUDsTTrnxX4t0yaHw6msi7YEsSxWUgHkfOwLc+5PtxXFaze+JNX1APbySyTQAo8kY243H1XGM0IFGxraJ8MrvxheyXN1ci1SGMSHygHO5iMAg498/Svoa9u/H2lXOn6jruo2i6FpsCWiuqpG0MeAEOCBhsgA/Melef+F/D1rFcR3V/4pOk3E1sFkt4VLOXwAfusCeMnpXC6pq2gXGq2ul3Edxf6RDOfMeMlGm6gMRkHOSD1FaxXYym7m5q1va3sV5fal4m35uNqKQNjL1U7VIHI9B702DTvh1qk19qV210nkRgxQKDguOpVuTjABwxH3vwrN1288G2iG28L6JNJa78TSXO5lLAZAUkthuT6cdjWpZ6pq1kdAnstHjt51eTaygsZRKeAwxno2OvuMU6pmlcm8LWth431Szibw09zZr5kMTNLgyCNSTnGOR1PJzzXqwntI7q3jsNFTytGiEMaklXQYIOfqD6UabP4t8Jz2Ol6JpMaR3EbNCsS7gk78kkDLZA/PmuFh8SfErxPYanJcTWoa6YgsybJ17EgLjB4x83vWNy1BM5678SjwpqNxpdvocUlhcSqYfOG4Qhj8wViDkHI4Jrd8UeOoGAtbHRobSy+Xy4YsDaV5J+UYwc+lcbqqX8mg3M2r3sVxfW6s6Rs4yyr+uevbtXEaSNQ1KNL66nCJyUVj1AHqc4x6UG/sz17X/iDqfiHy7aLRm+xWqp55QFwqgcA4XCr6dDxXUaJpfhKPQ7G61rTrjTV1G6R0OxwMryhGQRhuR8qnNeXmL4o6JYwaZbzxx3E042W4ZC2H+UZz8pUntk16x4ht/ijqWn6fYalqcF3HbqHWcBY0ilRdpB2oGO0ZAOO1aIytqc342vp7TxO2hlGltvNCCViMKrjdjjHY8V18OuWllaT+FIr2JLK7iYuqBTliNrdj1CjNeR6jdeJZob2/1lVudQRkB27TuPCg5QY4HtUdpbPpviWONLVp5fJ81Yh8xbfw3QEjBHpVVKYHKano1tbLf2szOisskcE6nI3jhS+O3eve/hxA2hrofhfxBpsesQa5YrcWs9uoEkV2ke98jksQAo3DHzY4648/8ACjy63dXtjNAtzHd3v2T7MDh4wwznOR2Pfpg8jmqnwwnuNI8X+J9NsNS+yarZPP8A2UJMMrywO6FMOCvMZOenTODgilEmoz1KG18JQa9beIbPVpxcRmcXkF0hTyzjYgBwOfvEjkjHY1a8JX3ifXJV1268QJJpenvLFufy0MSHjzJEwoAIHds8deKrTfEBJtD1SPxP4cSfU9YgFrezJIQrPEMJIV2kKRgHC4yQOemOL1qx0Pw/pEek31jLLJq0amLJI8o5BJBGA2c4wOnB9q1SMx8nhXxB4Y1PXNe0jWrTUNOspvM8uCQygxO24AryFVc4OD2zXmOt3PibWtVfUtCAm02CYXZ8ja4SR2yTtOT94nsSBXsN7pPgrQ9P0vUpL+5W21ayk0+eIRsphZV4yQDuyNw4HHrWBpGjeFvCvh608R22qiezhmkt74kOkjmXlP3fPQemMkVnVNaVU+fvGHiPxx47uk0ma7+0PM33AqRCTaMjcQFXgc8969SuNO8U2eieGNF17X0t9Sj8qJrSR41jigLFEkeSIkEBVGd27HODwa1fh14X+F6z6n4l1XWRe3GlTJc20VxA8aSQqzFkO47CWGBjBJxwvUjKvr3wnq/iOfW30a9W11JytnGJNyxxwj51U5UgZJYjBAJwBWUZXOma5kdtcKPCsOr6RFqhTULnYFeFyV8rHOcEH1OP8Kj17w94G8H3MV/Yaqdat9Rso0SFU+fzXwJmBJHO4EDPTNVtE1nwTrqW2p6doc0F3YM9qsefNFwpUAFx04DEADnPameIrnUbq6tJdO8NGO28OlFLrG7bWm+7uwFxkqD0zkdeao5mjDtdb8KeGrG4m07S5r+eSNoxvU+XknJBbnBHXgV5VrGrSalrc0OlWA0sXdv5qJuJG8fKck9Setev6zL4lN+9hpNsLWWNvMuoxsPzSDOc9+/SvOm0qyu/tmoalc5k0mMoShG7nJU45HzdByKnoddMo/DO3g1TxhpVnqVsJow8zkZIYMkbMGDAgjDYPXtXung+bX7bUNU1vxdZLFJZ2U8EDSqFUlHDcNyuTz07ZrxjwVa6q863PhzUVstUZTEQwAOxiCcFs46dQM16lqukeKJNJj0PxRrYhaf/AFbEmUMc87myD37mopsxxEdUzF0vUvH/AIshmis9TPl6fiUqZAgQnOWjHQEDJOMV5leX1jquqv4gj1yS+uo5FEknRjtG0++MDAxxXs2seE/DPg3Rh4X1W7hur+XczSFhHKW5GQuSceg9j3zXi2nDT/Deoystms1o6GNo8BgxPQ8+4pT2Ci7nL6zNpl5rpGmQPYWTyDYpJbqBnBOepFei6W13BaWnh5x/okmGhk75JJwfpwK5vX7bU9G0STUJrTbBvAwflIYg4yOD0q/pWoPdeG4L2Bf9IttzoR9Se/XH41x21Oy3ulnUnkm1x9GvJWjEQXyVH3CTg8dvmBxx6V12kW+vaVZXH9rQSSeF43Mt3boQu/aBg4LBuPl6elc7pcmnXmo2T+J7XfJMo8qUEhf3ZzkgdCDXe6bf28eueIb7VHTULNbZhHak58wuVZVAOR8oBFdcInI3qdJoPh7Tfimn9kvqdj4R0qxg+02n2jrImcFQdygnqxAGfr1q9f8Awp8Rf8ItZazobm2wNlxuk8rC5G1wCQTGwPv+Iri9Cl8Na14Y1XXfF8s1nZabhbeG0VVUsOicq3AyoHQc9sVqy+Ite8feEbfT9PuE02y0pYQ4mlbdPGgITAxggAfd7kDnpjuUFY5KspJ6M6y+8D2i6fBrXhfUE1OKxWJbuGMM58wYDlGC/MPXIGAC3TgeT/EeMaG1smvQNqjXokaDznYmFVwSN2cjkjAGK9EbWNYutHvLnwfIbW2s4yl+UAT5WBzuDDPKgnI9K808baxqEOm6Zf2NwdStZlZZOjoh4Awfrx+GKyhSs7m9OVzqdQ0WUaPBYeKp3F1FLvt4YSoiEe0A5+XJI+YdaxfHOq6X4sazg8UXI0RdMYmDykaTfuwctjPOBXbO11b+H9KfxKker3mqKs1s+4h0WRVKBsDkbm9a534taVcafLZ6l8ToTDeCIR28ds37t0XnDYJOQTj7wrOXxFmX461yx16K31bQ7WSyhilIlLfJ554xtGT8pHb36V2HijQG0PwzZeK/Bcc2oeG7m5KSycFYXOPkJ++vp8w68HniuD1zw6+peF9FvtXuF0FyrvFE6fLJH8pUrllGQpXuevSumm1LWL7wcPCvhqWTT9H3BruGWUYlkj2kSHI4ORubafm4z90YhwbGTeOEg8Ked4e+TUJL4BszDf5SEkAg9m3A7fpWR448J33h210bVvHdnHq1uAqW9us7hogQGGdmOnrzjir0ukaxp+kyan8Prj7f5KIuoyIEZYwQM4Y4HJ5AwTgGux1my1SD4f6ZeawTe3MUinfku0ayqSVLHJxkAYz1xSasBx+v3SeMbB7jxDc/2La2yAWsUKiRSx7EYyegHb61u63H4f1LQ7X+y4l8N3EcK7Z1m8sXOFAyw+XrgnAz9awmttL8OaDH/wAJdpTXD6nIJrSfzWBQSplQVB6EDPPT0rd12bwf4h01H8dXcnh+bT0ItI4U3CdduQOQdhyAOemc4pXAwPC0s+l6RPpmmzZlfc0iuoKk4AGMg49jxU/jK+uorGyi1NxqsN6ojMbSFRHJgHnGfvHtx0rsfGfgqyu/DGnpohg0S6tPLWWaRsPPF5eDkIBlm+9mqdz4Sv8ASNGt4vhtdtrM6sv2wSRqij5M7h5mOmMfjVX+0BleILbW4vBkEWtaYdO0qeNVtWUA7jHgqMcEZxwSBkZIrGlstJ8Q6Fpug22nnQmijymoMWYTbfvYyEHzE56mvUXuNV0zwK9/4mA8U3KvC39m7SRbryPlKg4IyMgJ6gZHNZXi3xZLqfgGG08c6fHFZtJCLSGyJjltnRGwrKzYIC8c9M+uMJu4GR/Zmk6b4Wmj0m5f+3rWMIsoUCO4cEZLBsjlRxjHJ61V0+x1TSfCV7fapN9u+0RbVsYpGJR2OGYxjIHPOQO3WqdnrFl4p8O2ulvpi6FDahY4r93ZmkRCc7hlUPHBPr3rpIbWxms4LDwXqn2nxKMq9yChhkTrkr844AA4796kdjxTV7TUIPCAj8RWxs9GkfbuVdkhPLjcM7s/L3xmqEF7J4m8Iw+F9OjFjoGml/3rJuJZzwzMeAxyOp5ru2W6udOv28V3wvNUs7qSG5sXUFVwdpkGPl4ORhV/GtCG/hg8Brok8YbTbt8mCHAfcGLBievGMVi6mp0qmeH/AGaC60RPC9tYrDcW0jA6h0M6EsdpwvIII/iOAPeuv0HSE0vUysTbdMtE23To+N7MpHQdST+VX9S1aPS9PFmbB47IriN8HAb0DHuKytQ8RLe6b4eurm0Nvp+nTFBESd11gjzTu4GDj3wSeeauT0HHc5W90OK4ae7Lh91w6QwuMsIDnaxIwOldN4PvIvDVxJBrW63sUy7lASwJHByOcY962763sLnTjr0JMH2xiI4W/hTrya5OK+guPPW8IO+ILCj4w5wciuaRRjS2Oj+MLPxLaQeZc6qEMmn3EjlAwR85bnGWGOo714f4Pmb+3xFrSNNDIrphSRhl6AjjuD0r6CkmvdB0yHTdVuI2tL35Y40UDCHnqBnIyOprPsdHsdCczadGWiY5YuQc/QDGKzmjanU+yU9Tltb7T7dLCT7JbIcSpHwzBRjBH+NedyXcd54iGm2FgUViEjM4wyluCwJ7Ec16fpRt7e/l1IaeLlcuuCMRqW7nsfxrh49Av9TuZ7m5ucXQ4jVeigHjJ9K52PqeUeL/AAimiw3lgrrNOieYCBjBOeOTXkHlE9TzX0R4g8L+ILfUxHdv57XSkmQEsAOmDnpXgt1E1rPJDOhR1IBU8EfUV4+J2Pay+dyvECMc8CrBZePeohx0PGalQnqADxXlzPo4IEyWyy8DvVmJBv3Z4qNdrZz19qkHLZzkEVkyyQkZwRk+tRSHcdo5A9KcBhcg5zTTj8ag0jsPj2nk9BU23IweTVcAHG7pVlueF5JoGVyQpyeg9aM8Z7ClxglehPHNJj1O5OhqGBJznpgEZp+4cEjFAVce3ambQT15rNmgr4K4zioVXcB2708odvWlVQBzznpSAaFZjt4JNKTKDjAPbNSEbMFRzTNy53E8Gmxsb9047nvTc846k0vyjOBkUuQCGpCIwuYyQO9V5JWkfDEnA4p7lcBV69zUXl5y2RkdBWhmOBzwRUTcHCmlBz3waTnoRzWhgyvhnIycCjac4PHvS46lu1Kud23HWgQYwMGomAJyp49KV1AcjHNIPQitBCHnpSAZwCaccBsGkGQwwO9UkZykSPEQoBJwe1POGUBFJYdMdak+VnBc8r2rc0mymvLuMpFmEsNzCuiBiz1HwOtzotmqxhjLcqCXUkbTyw/nivoDSbia38O3fiNohO13tjk4wY9hIDdP4sj9K5XQvBM1pBFP5u6B1BUexHGa7bSpr7Rra5lW3LadK5tyrgtEXK5+mdv6V72X0Las+ZzCrq7HTaXdWT2ttfQ24QEK7K43LkHkE+mRVDXNVktNelmhtlgs7nYyqOVDIBnBwOM1UmjdNItktZfIjmyh3cKQ3J5NYuj282m63Bb6sWms5j5SlyWC7zwV7CvYPMtpc9Rx/bOuWLJGotZYvtEKK/DcA4z1B7nitXwZ4dsPH3iS70XS7LzJr61eS2M8jIIriMZOSM5yDkZ78Vl+H7f+xUuJ7KX7Xf6VcyJHBJGzJJbSDhzggZ5ORnjHSvX/AA1YXk/grWJJZ7XSbeOZ7kBz5cjHaGITjOCAcc1rF6GTaZjeDbvxj4Jhuta8U6w5bTJpLY2Pmbt4B2sjFScZPTg9Kq3XiLwtCRq/hrSd63OZJbeRz8snXCv83GckV2T6h4c0Pwle3d3YQ6zBdQpGUMgBLHPIOGOWJz1FeHz2E3i7wFqSaKI7S50fbI8LMA88QXPynt0J6/w+9VSd2Z3R6DpHi3W9R8IXV3r1xBHaXQkidxGFcSoSVLDB6ZGMYrhLuTStR8JLe2epNNe2sm14ApKFSduCTjnqRzXmOj63HY6ZeeG/EJllFwVmhC5bDYII3Dvgc8mt66mso5bc+BLd7UzhIrqOQ5SSQDgjcTjknJ4rqMztbrXbZfCkOlT7NMeKZI5FOQ/kMNzSLkg5yeaoX81hYTtsnGr2qIpQ/wAPTnjkfWsyaIa/e2eleKmZLwK2NgGRx8oBHBBx3rktH1i1tw9jIpgijZ080/NgehGMj8KyZqdRptrLLZ3mo6fqHlG8doTBExBeF+qHBzjmuVvLKVz58zpYyWZKHDYLgcc9+nWtS0vdEjjt7Tw1M51K2zK8jISkhLHAAYkfLkD7tcrruoafqVxcLfF1vQ7biQNu/PzHjjk9KhmljWnnm+aK6j2OcMpI4IHeuC1I3Fpf/wBoRqQd5+Y9s9R+NemtpN1qVpvuZgZ4YVWMHjcew/GsIRvpf2q18RW6NHMgZCTuCn1/Cs2as5y5uPMhhZVyxOXQ+laesR3Vrb2t1FMSwUMCDzGOw/Csi9mtZb1pYjthACg+vvVe61aM2csZO8sNv0Hc0gR6W94mv28F7J888MYj39Bx/Wr3hFNQ0/Urq4nhbyriIJvU8LgggH2OK4HQ1nitUnh3eQzL+VfQGqT2GibLPR5G1KGdV2tJGUcH0C45BGD+Nb01qc9UraTrT2jp4v8ADnmJdWrPDcRSDcm1up+n3T9cenO34ZvrWx8OajHrU8jpBi6tohnAlRTkqBwM9+g/GuY12eyu7eTULCJNEguysU0ELExu4HBxhdpwBke2TkkmrUV7eabpsdtAqOYD88jDkoeDXVa5znQSC38XW0tzpsH2U3YIMaZdzKDuLADk59K6jT9bvLC00i3sY5IZbAmHVlkQLvQkBWAI3cLknpz6ivN/DlyY/EUv9kz7Jov3trIBhA38anII78AjpmvS9CkeG+1C/wDFR+1i8XAMRU4cdMgbRjtgdOKylGw+Yov4U8OqLjTNLuJ49QhIksmV/lYk7gBjBBzxkHjrXX+JtZ1e0aGLxu32iz1SBI5Gt2XzhMoGQOAM5wefz4xWVb2EtzaiZHjtm0q4iuJI3ys/kdSVBHIPY9K6GbSYvtsmm6TGNWtL+UXMQnQb43YA5UknGOxzWZnckutA0uaa3TwarW19bMtleFyGDBQAHKnPXnOMDpgda858dX8jafceGtZfN/ZPth8oYjkBHy8dmUfl0r0ZpLS51/Z4t1L+zWtonkeNQctjpnaD9ec9Md68L13xIdOhWa8iD5lZo5CMsCORzz1zVRLjLU0tAtRo2lQNcGK5mM2TDwWVAcgn0P4d69s1rw7anw1HbalCr6lK32i2Rfm2xk9OOCMEk/WvLfCum2es+GrrxizrE0YPnbj/AAyPsUhepBxmuvuBqt/HpulaTcBrmEj7NOWKGRNucfUDpxWlNXIr1Qhh8PW9/Y3Qi+0W25I721AKAArgvgYOVz29OtdkNBv4NXlhutSe30htrWJhkLOgHBiOOcY45J6Vyuh3Govq8/2K3AuiWiuXdSVVgefu4HUc4rFOpS6PfT6RBdDUJdVc+TJG21IpieMZ9yAcVsYxfMbl1Zahca7e3egkWqxny5p5flZkHdtwwTx+leQ60jWWi6lZ3FmZDJI7RXj568D5WxjJ64yOtaV54x8QW/8AxK/iLIbcxyl1RFVg64wC3l59TUd5r2san4OtLbUrVU8O3E5kjcYLLIpOckZbGQRgjtS5DaFM8FSPVbDUQ2nv5qN8rDJ5yeevpXZX2lT6Vbx6tespSVsYUnIJ6AisXUJLUCbVdPG2JP8AlkG6478881x1y99Na3V1dSyC3kBwhYkBgOCAfSsGuh2xVkdN4q8Sx6FpEujDHnXWGHlnlVOcE/57V3f7NXhbUdHub7xmYPs946bLWV8gNFKMtgMMENgYPPTivl6y0O+1W489287aw3Bs85r7s8Em7Hg77BqUEjPE4Fs0HKgheARwcA8d+v41nyq+opysi9qLTme71h1fVBctI13EinbGHYksdox1PoK6iTwVJBpiQ6lOthcIgmtYRtk85GGQu5WwOtZugwXklobtJBYO2+OVeS7qRypBH+Nd/Y2CPFbwtIkccKjZJMfu4x0J6fpXccFQ8u1C0lsNC+2i7Ww0y6k8sLH87JOMnlMDBYKTwc4x7Vm6HPf38Wn+IWUJc2rMk8sWFlliyMj3OBxnvyBT9Z/4Rq7+IEVobpbhLt/KucjykgkT5chiAGyR2yKjvTZ+HfFN3oMVwbq4iZFjVBgAOA3PbuK6ouxHs0z3TTvCcNwYW0adNOkI8+K7mGXdXX7hUkDuO1cxeaTrmlrMNOgk1S+IMlwyLlEKdWCjkgk44zWvLqs9tpEL6nMlyzAiAwgtu28BTtB5BGKzrnUNY1izsn0y6Ojs/mRTiI7JSrDAyDz2Pcc0M5nGXMZx8RQapJC3iWUyoYv3L26/dbHRwM8Hmu6lW+h0NhZQJFpM7q+92y6v2b5senSsKx0ebw7BbWZ0yC+SfCJdSLtcueeG7EegrovE8XhGxhtl1XWH8x8LLbRkM6PjK5GDxnufzqFUu7IdVHnGqPa2mtadeTb9WuSwWSBcjzIj8uVZec5r2600OIRQ39vIlnY3PypExLSq5P3GyR05z/KuJnt9d067jsNRtltbaBVkWVcF3jBxxgkdB+YrSl1BLO9hurOGS4tJd374jhXGevp09K2jTvsZVCa/vDZW9zLe2LXVsC0LuSUWNw2NxIB4BHtn1qlaSzXCveLrUQurRS0dsgXMsIGThgRlsAjGCenPcNh8Q2eoTXUOozSXtk6lZ7VFzvB4JUDbgg9wQa5lksURYNMgSzis5HZZpjtlkjYkBWJHJxj6duprGcDWlT6su3beHdcF1NZ2MlnqmBJDdF2A8xGyQyBtuGAIJx3z2wYbfwpDqnhnU2gvI7hQr+dbpzJE5ycY5ABPQ/4GoReNDaMhfzLVjmN1GRuHBBIqsP7NWwk1vS9Rey1OPMdzaISpmic/eQg8j+8D37DALRN6HQefa94Wv7TTrDSfEVqLM8SQOhVt6j5cfKTXnkMFx4b1fdbAyIrhkY8dOc+/SvRvHWpW48UafBpF1Je2/k/ulk3ZV8kEYb145FclNcy3U9r/AGrbLHGkuDszllPbFYKLPQlGyNLRZbTU9WvLi6U73cSSFRzk5PArW8VW8Nle2q6BeDUo7kEzFgEMK8Art7HrmuUsruPwvquqR2/70Ft8AYYYjqEI7YpPF2swX40+4aI6fLLJulKEnkjnBGMitVSZxRep6hpTwalevbWtxJYalbIGG87UKnjOOefrVPVbq5umWyvdLOYC+LpQQZG6fQ5x2rF02aSbxT5vlC4t0hQl+h6gde/avTYrTXft0WtadMtzbRyL/ogTIRV6klRnPfmo5WZylqcppVl43sLddUW3e7smXoqlzEp6M3HGOvWseHw1rmtXAmuZd9vI5MkzcFO5+vFe+Jquu3UFxaeH5Vt4L7Mdy5CsEjOQxUHuB6GvFbeDWH1S60fzdtnaGTcUcjzE6BtvPX3rOm2ac+hFqugW7aI+py6pHHHalVhJwC/quK84sr27mN8b1FkiA2+YzcFOeAM0zWzJa6c/2mIOsrFdwJzH1w2K5sj7HZytvMjKhxk8N+FdUZWRTV1c6G/W7sZdOe3EcUDKXIB+7zU+wvaxyyOTNJIXyO6leBXFa1rFvNp8ZyzSIm1R7noK1tN8Rz32k20LRKDCuwMOuVrOtPQIQLccXly/ZpAGEgPzMMsp9jVvTZ7ZI5BeMyIRgEfe6/yqtZ2ranewxq7GcN/q8ckHjI9ea9F8M6fppu7nTpEM8pGHJXBRV4YD3p052MqjNjwj4eZrCWSW52SMSYHi+YMO3me9b/8AZVy1uyyTFb9dxjQH5Dt6ZFVtL0yOwvbm30CVpYHUl93BTHXbWq0dvbxxNa3ElxBKjBpHUqyHoeDj8666Vmck2XbuHVJdCCLP9u1VUH+jyZZV9WQngFeteeWdzqevgi9uZbq/jJMcUnEe3ocbuAfrXp3hq3tdQ1KGyt3Z4kiZ5bg/6wKGw33uTztHSvPSgsdWvFsmOo6PDMsjyYCXBiJ+baDgkjOKmrTNFuXbfTZ9Tt3s9HmT7RApMq3HCKe4Uj6HHFTfDK4kvRc6DPhbhcsXc4AUDlQfqOKxZbqS0TVn8NuG0qQmQxzf8fCgj5hkehzjmsbwfqs2j36Xk0oxGxYo6/eUnp6/Ssre7Y3PZ9V1bwvFpT+HZWeK5jJxJGCSG7jrnmuY8L3T/byZxmJUww+6ef60690PTLjXI9Zii3tPIJGMZ6o3pzjpUv2eO31u5tbTzI4wBJCx7eu71waumuUwrGmmUnuYbG5MkK8lWbBbdzg1ItvL4fhuNQtNPCyPFvkkU8QqOc574rFsv38882oOq3DEBwwxwOO9a0EcOnpcRXM8sWn3ULFAxyrv02qfetTmMLUbqTXLaS4juUvo7T97mQ/vH7kc8083ltfRvfNatHlQYYHH3nUd89QarRabJaWct7PZtHC64hMQyTIOQWA7Vf8A7S1MEQ3ccWomdMRDAR4MD2HvRK6OmOxh3Vv5tm7W5e0vCokKuMrEExkg4x71kyXl2ypHbXHlRXH+tlQYBPfHoTXYRhltv7HjnErXe5ZDKcAblwVBI/IV5P4vW40WyjtUkeOIMGijPAlKnkBjn1ojUIW7PRbw295BEl7IGhhXOQMMX9f61HeXjpa239pX5vJbUD7Iy4EkS/wjI57DrR8MfiDpehte3PiOH9/JbqLeEpvWU4yRnBweAOa4/VLvRtW1UPYR/Yp7gsSHY7EGSQP1xxUotly6vrnxB9qv4N19fw4E4C7XRRntgZ/AVlpdadPZIJUa5tISC5J+fcP4eDRYTXY+1xWO6xu4CC8qsV8wbiMcYyKjvdWe0ma5ukS1lnXYVA+WQj+LA71JZ0EGs2ls9jC487Srkjy4urW7qQOQemM1y/xCvdVsvFEN1aXPnWaqroV5MbJk7cj0xu61WSW3mgZWIG4ksOvPIyKswaJ/aZhZJgk9o+fIYf60YGG/Hp0rMDR0rXLbUL5Lm/uXazMefN25kaT+71/GtzWLP7atvfpcefaxSq8MQHzEr/eH/wBet7SPD1jdXMVxaZtL+PLBD/qdw4+YYP0610NlpV9DcTXty0aXHI81PmUfQValEDlL23Mc8UrA38lzjykJOYHbritwadq0cNoq4aWKX70mcKPQ+wpl5Fb3kRvdPkWdojtmkX5WDZ4JHWusBvtTsmAjjliaPBjclXYH0prUpLQvao8NzNFJYy/ZAkYM275sueDtPXHGawr7VY1tI5GLQojYznJfPp/OuTivLmzuP7Lu1Lyx8JEx5UHoM/StqZ7e9AW2t0hvkyGjkz5ZXs+elWkYXubep7luLe8uVWUuq4WHPzL649axbuS4XVF8h9643rt42r6MPWpXsdUe0N7JF5TWYLNJESFUDso74HaprqO31CMS2zpcDbhZYwY3Y45GPUU/aIyZimNhdm/gjVZpT82QcMf6Gt5dUe5tntWke3hgy5QLlS3Qkmo5xaadaxLEGmuIsMqvwCp9+magRruCdoLBxbSXAG4OMx884OaPaILjJGtJLR4nYrJN8qSL90A/pXG2t7paXbWiM1tdLlfNBKhwe3oO1dZaApJ/ZOrOlvbxlpFL4wxyOAw6d6wvN026QCe3SC4gdhFbsCA6kD+Lvmomzoijm7K1TFzZPuhdiSLhh8pwexNLbxNJC8dhLhIjltxwzdiVFa19PbxIxntnVAOI0JOCBkjmsC+V7cRXkymaKUBo9hHTrj8KiMjVRLVpqN/ZTHLkwtw2TyT6Y969P0u9s9Utbe/JEZt3BMJ7kdvoa8sOq2FjeeXdw+fJMoZcjgA+orqrMWSWbXWmuHmZflIOQD6Ee1aaMxq6G140s7/WJFvdOgCI4C+Qo5U46j2qjZ2UujWsdlqy7Z5E5TO4jPqK6Lw/4juby2FvPB5t/a/efHyFR9OldD4iliuI7LVrC0KRNhLp8bwueMZ7CjUnm0OVtdRkh037Ci/NCSysB8qjPQH2p+pXEV1c29zcXRkvEUAcfIF68+9Y+q614c0nUZNGtZNqXChtzHhS2e59xWhZtp/iG2EGnXEaOhIfccNgccfWhLU0irxuatqZtKv4r+2VZbvGCT2BFcdqK/bbq60y3CxC7kcuVOCrPnJBrqmljgsjZrbErG3E+SSfUGvO7qK2hv5JIHeOJh86N/ePcd6XQUXdaHkvinw5d6bq1wIpBMkQGWl5JPv61reDZpJk+03cQKR4VFXpuHU49K6O/IvBsv41lgwAMZyR2rnBb3ehSyFLYiymO+PackDvXJLc6qa0Oju7Jr+7juvLEsq/KFHGAtc1aQi7vHsi6wykkMzdFIPc16FoyM99C9gRcSzJkc4xnrn3FXdW8PaOYTaw/u2ZtzyHqJO+fUVLZaZ5H4jtLvTZ4rQEZIyJQcqx9K0tO1C4WNVnOXUAA/SpvElg93BDBC3/AB5y7jjuK52G8gKs6E7kYrtxzmokrlKJ6QUF7Z+XPtnicYZfT2Ir4x+LPgNvDmsz3FrHjTL751wPuMeGX19+eMkivqaC+aAJcWwKlgNyuOlUfGGlReKNAuNPnjWR5NjoO6lWz8p6gkcZHrXl4jDRnub0K8oyR//X7ue+0648PXOp6zJPaWs4McZUFmdueFyP/rVnzX3gzR/DcWv6Ek8184KSwyDC7Rxksq4ycDpmtLxfr3izVUTw4bSxjg8vzNsMRU7V6hSSQuMdhWbo2qan4d0dXtI4MavEwj3jJUJkBh6HnNfsMdrn5TFO7Oi8Ba94w06C6vLfRFlnuo1aOWdTGixnnjJGc5BxnBwOKm0vTPFGtXk/i7Vtfj0iGyUkTFl4I4fapKqo5IOTn2NcFPeeL9Y0nUX8T+JBBZ20bMIY1VCyICduUC9hz1zWHYSfDy18InVtfnvLq7fJjtoV2qAchdzHGc+zDqODR7VGvsmawXRfFusXl94gvJniLFluQuHcqdqgjawAKjpjiqM+o+GYPFkH2Xw7LrkejsFiUuyh9xBbcO4bA4Ix6Cux+Fvi6HVoFjl8NiGKyTMIwMbVA2yNuXq2ewOaedP+IHjLxJPrlqsFnFBKskrggJDGuQpJPzMePYV0U8QtbmfsmeleLbu4g0HT9c03wlbWVoNpmhBEbAOBhnXapOOB0zzXGaZZ3Wp6tFeatowtbefYYhA4YKmMknHXqD0rjtM1DT/G3xEutN1DxFKLB4TvmIY/6vACgOD1JyeM8VpeKLqz8LXsfhfwfrU11Mf9ZcHMexTn5RgA9vpThVje3Vmbw5twxfDKTxNeX2v2WpXTh1SJw3yqkXU4UjhupJzxyMc15p8Rta8Pa74vfXdAikS3SNII1k4YiMfMOp4JPFexm+8daH4WtZrC7gll1GORFaSMZUIcbuh5P4j2ri/gtpfxBtfEN1pc+lQX9hseZ/MaP5VTqRnk5JHGD+HJp1opRbCjHlex5/eeIbPUhDdappfmywKEC7mAKDOB046/jXM+LtUWaKHwxYaRJGl3lVQZ3g8EE/XtyK+idb1W/ufHOi3Q0WFLVZFhEYxsd2YgEgfUcY7V558Y5fEOreMf7P0hV+zwKpiRNqeXuADDPXqDjnivOnU0Wh1wTlqZ2n6x8QdN+Ho0vStHg0tdOhfzJowqvtBLM4LPgsVGSQCc5I5xXOeHdC8W69LpWmPIIm1ORpIZLiQnZtBdpJCu5uBk9z7Vu6t4H8UeINHj0a11YsjKFljaR1Ukc4OOo4z06iuYf4aDRvhnc+J5/E8cN9mQRWSKZC21jGozuUqzMrHO0gLg5znGVHFU1ds6fZOzKnh3wJrXxH8a6qNS8Q29lJpcjie5lkLlzASuYxxuHyjncOPXAr0DU/B9xJ/Y9zqfiIXENx+6O7O2JVHG0Z56cnjHHWrfwM8LfC3TLa71/wAWarJfXcEJBtIg0as8gyUDcMSCPvbgMY44NdRYz+BNQklttYsbq5ZfnhXeVSLPPGGHXjtj3r0KacpWijinVew3W7D4czabHoenx3Au1VUEgHLj1OSR79B+XFQNrfw30XQEsdL0Qz3cqlftExJJk2gbmJJ4OM7QMfSuj8TfEnwpd6zp8/gfwcYfsMQhkZnVXfBwflUntxuJJOeffgfi3r2o3+j6JoGhaNFpVtIxuNigZ80DaYwAF6Bskkc5HTHJUhNJcysK3c2/DP8AwlOl6Nda/pOjFm08GVpnTail+FwW7EHr/Oub8J+IPi5f+Jbz4h6N5Vit5m3mlZEICoq9FcZ6AZPTk8V00niHxgfDY0u/1Bnt9WiieWHYqB24ZQSBuGD1wa9C1v4RWnhCG4h1zxT5FnFbi5mWONggOSCAgZtxBX0z7Cs3UUfi6hY8W0fxV8S/F2v6sJ9TguEgceZJIVyhLEgJgdxnqMDpxXQax4W+JXi+ewt9MEFy0kqxozyoiliwVcqemD6A+teO+AovDul6jFdeIrhltf3iyhA33CpPOznBbA4/GuksdX8MTm7fRb24jEUpf5d3yLnjB744NKUVL4dDX2TQ74z+AtV8MeJ5raHy51iigW9VXyolbkZzgngqOmRjpXC6XaeJdCiaXWrYCwziAoQ2N5zk7c4HYZ5ruNG0rR/H3iCRrjV3t7L5vNlKkyO4OeA2Rj1OD06Vr3em3za1cad4f1VZrexKoDMh+Ydj3/TFR8OkhOTJ/AOqXGueMoIzZx6rZWyHMbgAs4RuuRjC4zyOorU0jSfDmt3Wtx+VJZXls8twGAYpFGHOUA7lc4wfw6GvP45NU8K65Le28jQXrO7NJHxy33vwOa+k/A3jiLwPHcLd6XDqqatB+/dzskIk5cFtrZB7g+lbTbS90yvqfObadp/jjW9D8O2HiWWytJLgib7QWEEAVSfNCkqAQAQOec9RXoU+meL/AAfrt/4e0TxgzxCNBBKG3CTeoYkRMXCkdODnvWBcp4J1WWeXw/Yf2OoO7bvaZcKeoLcj0rYvfhT4Q8Xzafc23iSSylgSMsjxB8TEZPln5On48d6ynKT+I2ppo47QY/i3B4inutJEl1c6FLveTMcgUyhlDYbqrLnjtXq/ir4xafr0N9Y694UEf2jy1klhYlkZSMt0AzkDBzx0rhLDwB43+HkHiK2/ty3tUlgM0oR2YyiJWkA+ZR0BbOOtc54K8QfEQXlmNNihvJNUEhQuQhMa8N8wZQOnGetKi1PSOtjaomfTHwxHhD+wPEN1pniY28On24nt7e5XaTOyPjAYLkfKOma8/wBOTVb61uJtfheSSIGSVsZRlJznjgD8a8O8SeMEn2eFL/Tl0bFwN7xEs54IG7AGFO7OOe1fT2pQt4J8CxaV/aJ1SfVrff5pXYViyMcZJwcEc+honJQ1vuc1SD7HmFnFb6n4o/tfULZh9nOIG5Kxqo4wR2PXFcxrGn2On6/Je39t5ttO7JKRnmP2PoODivc9H0Nv+ET1jxM0ge006Ml16EMFyAPY9K8++KNpa2vw60vXEc774HzSePLJP7sf8CXPNZ865jSlh2znLTQdO1uwuz4W1AQSsm+KC4YqSf8AZJPP86Txf8R9I03S9E8L+KNKH9o2UDNNcQBTI8jOQpJO3PA5+Y15h4Whj1m4e4v7prW109P3bqOd/HX1HqMfjVuysPEl5qWm+OUSK8k02aNnBIICxvxlT2PIOPrXb9ZYSwlviPfv7K8HWnhHSPFHhTWXPiC+iJNjKQiyHad6jco6MMZyRXnl34nnGrWek/ErTvtFsHRtgUfLCxwWUqTnGOx5x1FVPiB4y03xb4ms7Vof7Gn2rCkkeXDMzfJwAMYYnnjr1pdUn1fwnaob0Lrk8ymBGkZmfbknaOuMZqk9OZ6nLGkGrf8ACOav4jvdJ8JsLe0eXbAG3AFMBSRuyT82evOKjn1vxf4bs5rDU7G3mt7E7CzYcDbwvKnGO/zLVLw5L8Objw/JresRyafqFlIwHk73MjAFlUD7q8cDp9azvAtx4+1K0l1PTLJNTsLa8Uzee0bbiNrbCGbcQRjOOOetYthbU2fh/ZeEIo4PGo1uaz16zuWEkEgDRk4ypUkZwc8k5HUcVx+tx+OrvxDeeL/FGlnVLCeaTMiASQqpOAfkJwMYxnHXGa9H12/8Jaumo3F5pg0u+eVIo5YyzKpXG4bE2qTgd175yK5nST428H+Gl1vQtSDaZq1/9mVGAZg/zjhCOM7P4W54obNEnqYuj3mkzeIrBfB8s3h2Yo8MjMzBXLAnrv8A4gMYOB04zXfePPEJvZLa38UaV5GrafB5cU0Dja8ZB/unGGzkjnHoOQIbjRPh/wCKC1xq8T+GryAKzNap+7mC/wAW0IQpB9RnHc1n6Va3t1a6jFrsX9p6YkwSO7cgSeUW2q2Mls4wccYzjpUzvF2YU582xd0zw34t8F6Ja/ETwvq0L6brDQpJB5Q3xyoWHO7OdrbhlfrVnXJbLxZ4qHiVEXRpvNilmnDFiWjCqpOQPuhRjiuVGjarrHjCTwj4CEt8tlGs6QtIsa7WC72Hmsqjl8ep61zms6xqsWlx6TrFssccspV5UwXJHYgdh39aXL2NbORL8Q/HWoeKZrTwxCkmoW2nTylZ03O8pY4DFeSAAffrWP4T1fU/C901r4W1WSG5vJ4nu7ZxhHRCcLyM9yODnmtzS9E1XwXp0fjmyuYbi1v0kihByr5TJJKkEdUOOT0rhLgWfjW6Gp6rcyWOoSuj/a1UbVC8AkLjGOoI5rWjUuTUi4n2h4L8L/D59Wh8R/EjTpdEPmGTzYmZf38bB0OFGGzgn7pyevGTWDp2lax4/sNY8W2OvQlILiWO2tLk4JiLDYzbCdny8cKclT+HP/FC88YDTZPDVwBeabHHClzNhd8jfLnJwDy2M7VH5cV5prNv4N8G6Qlv4NvLi61ieVGkWVcxxALlgMquDnAwC3fnpWM6Ccm2ae10ujz7QNJ8TeIfHMPgyyla2vtQlkMwclFG3MjbgM5xtz0PtzX2Pf8AjLRfA8Gl3Pi3ToG8QQ28tjayxgBFRVwvzH7q4K5xnrgAZNfPmmPpt9qNp4h8QQG2uraeORbgAhgq4xkL1wB0weOnetbxFpPijxHq/wDwk+q2b6n4Y894IHU5A2naThTuXLEEk4DdART2MpXkdVpmmX/hPwvp97rlvFdQaoySwukiyeaq4J3Y+6Ru5yOpPWun8WiWRoNahuBqOjXO4iGU7vLHA4/XjtjBrxPQvipfeGJIPD2m2o1CG0eaCGOQkFQ7EnoPWkh1q5KLp1t+61C5I2w9RgHrk02aSpSW5uazqklnAND8DpNJYtlruOBS5lUkcdGbAGQTjHPetr4y6n4M8I+HY7f4YXM8Ka1EIr+xIcBDgFgJJAGKvkhh9exxXbaNF4SNvca5p7nSNVstNkVrdt0q3Fyg3hgSSPmKjONox0FeH2ENrrurz+MNQuPs18ElujHIMoyJGSSOBg4yRXPUhdadB02ou7PEbkTafpE2qWNwtsJ9qlBjgdx9ePSuZ0rU7iDTpdQmYlQPkYjrzjPPY9K3rjwvrnijSpdejdI0kdpXTlQV3E5HHrXRa1b2mq2v2y2Rf7O02OFZISSpZegwR9M9a44O56Cmcvpml6kllPrgQzafGVSRwR8pfGOPxHrXaeHrubS9Zt7hrc39jcWrxiXnZFkg9cEDaR6jrWT4dF5daXfeSgSxvZB5ka4wFh5U+vBz+VdHpXmPoqeGbCJZvtsnlpI3Gwswz78Z9azqe6HOzjbbw6tt40HhX7Xvim2gTkcK7Ddjrg4+o5roL2KbTZ9Z8DXUEb3kYSSSZSfmjIVgOmT1/NjWBqPhXWNG1ptOvOZJGwp3Aj5e+evNRzaSLa0lv2nLag37vAJ+YAgdT/npXXTre6ZcvMdBo2r2+m2SafIXfEvmLHk7A+AC2M9eKv65IdZ06UPtm1eedXl5/wCXdVKpk+nSuN0+z8gzKZGkLISd3Vdo4wetN+HeoG4vrjUr2PzDzC2TwV4YHPtVe05tRNcp9Q/AeDXfDyX+raPp8F9dagHsQs+NqEBGUqcg/eIzggEccdRR8aan8TtH13UbXWLhGu4LRGxhNnk8uuNgAzknPGc/hUmiaKfFtpZaba3rafAk7yErnCMinDAZXn3yMVyv/CvNX8dfE6fTNB1b+0gsBmeaUMmI4SEkCqc5ODwOOOM4FbUq0Yp3OHlvOx2Gh3PjDTGTxMLCCS+1SyysUx+RkIDK4AI+bABwccHtXl+g+MfiHqM9zZarpK6jawXke9TbkYJONjOvyqTjjcO9eqat8Kb2PXbDS/8AhLmmlsRviikDJsCg/KvzsANo6DsKxF8PeKbfwv4lttK1BYdUguQZbYAZkjRlIYSt053EY5+XHcVDxcGb/V2tz0/xf4y0C08NQ+DL7wqunWNurHBJeUyMdzFZABkEng4Hp0rza+13whYaL4cax0a4tBfJKk6zbijtngoxY7hwTlcdR36djr3hj4weGL7RL/x3YxahZ3lmJ0JmhZShAyCVBw6kqSNp4I59OV06/wDEuseO9LttR0qHU7CGd5LK3kRfJ2quSgYgBiPl+9044rSnafwsmouXZGf8PZ7Dw/5Or6Z4wbSNRhkmcwOu3CsSu3ex2PuXBPBxnoCM1ft7L4jeJNOOuwWCX+kiWaNHDxhwqtg4XcGI44+U5rG8e3vhfUPGVzpF14c/sBY5IiywEbhmNSegAwwIOMd81S1Lxzpui6F/YHhTUJ4VR5JJ8ZXDdBk98AY49KJQsYxqN9Dqp08Oanb+H9Ou/Dc8FtpDGO5mhD75DIV3jdwvbIyc5OOABTtag8ExNq3h3Qo7lLuCVGgkmJGUZV3KwbBOOcZAPQ1d0Xxp/Y3w+t7o63/aF4+yZLJ4mJxMdxBmIboST2xjArM1DTvE9tps93d6cs2raxB9o88MoAiUDaoxwMADjjr3qqcLGrhc6s/C60sbm6RfFEH2K2tWl8x0Cl5B0TBfHI75z22msa08L6zr8ml3eq6ItzowBiVgyrvCArkBWDjLDA+lQ/DC48F/ELUIbvxFcXFjbxWpfEADPJIMDOSrDHboOo9DWreeJ7i8stK0z4c6w0gtJZlkSSPywqs2Y2IdSD3yACKmVRp2JdE8/wBU0zwF4w07SvDHhCZ9O1l9RkikaVZGDK7lEUksQApI7buCT1xVXxdoXjb4eaZF4ekvra8QOHyg/ewYIOcHpu7dT16V3uveNW8HWX/CQa14btT4kguXMd3CdpYyx+X84AyVAPdsjttyTXhvhe0u/Gt7qetXN+qQWk32i4jORkOWfA6g8K3foKzrpWuaU1fQ0pfEWpW3hu51iW2JntXUrMeN5Yj07jIrlX8d2+o/a9c1SzEmqyKBuIGDtAA/Dpn1xTtRj1nW31ttGuPM0zeoSKQkCQqAR8p6YI/HFeeWemarq1xJaxfPcFlRF6bn6fQVz3sejSgza8HyXPjK9dRm0EAdi3UEgj5QeOuRXsngXRvFFhd3KXIUQFcsjvlpPQg814lY2kegXNxYaqWtpN5GFOR5gODyPpXuOl6zDoAgl1O5lbzbbZG5GfLDYIbFbUmcuJm17pv63falr2oWbeHLSK3ukjyxBGQVznJOB0/GtGNdT1nw7Z6TLJa2cstwsMcafIXJ+XzGxnB3HnAPSsfRbrwbp+zUbO+u5JpiU8p0G1nPJ5A/Ec16F8MvAXwz1bTJtQ17VLwSxTOTtjBh3qc7eFZjwc54znHWum55VVMp3GheK/ho7aBe30R+3ZlgdGV0eQqobDFd3GAOceorqPDPgvxXau/ijX9Yt7ax01Q/nq/m7JXICgrgd+tZ934f8O+INVtftN09tpspw0RQn7MAOSp3c7yBz2zznGKfreleE11iy8I6ddNbQ2wEcjhd/nSPt24APUdCT3zxxWT13Gm0dClh49Gmw/FO212OOwFybbcjBinLRFmQjZtPIOMnnPvXz7qXhbUtX1PV/Ekt0Z7eK7dA8TZ3Bm3ADHT73Ney3CeCNM0afwFJrEkV8j/aJJkiZkck/dcKT91QARkc4PXIrya513w9oyaloOj3rtKSHS5eMqvQBlw3ORz1X8awqKx24Z3ucHqugaWt/caxZ6iDb7QBADuYvjbjOemee9O0XTYtTitbR71YA7E8nIQDrxnrinyaZpmhww6uP+JlDcqUCEbdknByD+BFO8LafDKLhprc4tIzcA7u2R/jV09TfnPd9I8IeFfEWqW11puu3RtNIWMTCVcTR7MkEMQuEwvA2noeaq614X0qBNV1KTxEJbe2WRy1uQ7qAcZmQZPoSMj61PaeJvC/h2wl1yO0aSW4hgabHUOuRgg4DA7vX8Kra3rXgO01Q6hZaZL9i10GR97kmLzhmRcZ5DbifbPA4rTXucbTueO/brHRPB0b6VqQk1DVZsSNnKpGcjAHY9PzrDHjDW9Pmd0vZGmiXYsw+9sPUZPOeeK3PiRb/D/QNW0ix8MWjzCNGkuo3L7OSNm3PcDPT1rGvdH0uBPtAdRFdgyICOzDcMdSMZ5rF1TqpUTqvh28sOuxNYXX9nksHa7Y52OwK5O44Oc4rE1+00u2+IE2g3tyInuLk+desNwDyfOWAB7k0nguW7Nr5jqWiclCOucdun41s2mgaRL4hfUpR9rkiAdYHChVc85560vaoqVBnq3hDVV/4Te41/RL5bjStKIF0MnG11ZScY5GQx6dBXc3Xgv4ieNLiK/uYIIPDsE5l02NpBh/TaYwzZIH8XrxXF+Ep/h34d8KNreswy2p8Y/aIA0QLeT5LESBewzuB5GORwMGvW/DkC+BrBLCw1/y9E8TW0zWsswDK04UkEpwAVHX7ueh5HGjqpnFKEkfOx1zUb/xhJpFzphWz0iQmO1ePfsUgb3LKOUY4IY8cjtXU+IdF8VR6nd/DCx8Lk2mqWy6gxWQOFMb7j8ykgZKrjcQecKMVh6bpWpaHpl7c6xrD2x1CPyPtCfvFRgG2EAgHjn049OtdP4D0bX9Gu7PV7zxCpSOQeZJG7yEWv8Ay0ADrgjAJAx1GRyK7JKNrsz52cXq1lcahBpkfhjw+9rdalIsM8S/Mu2MMi53AYycHOBgVL4qur/SfCehaXd6RHZa9p00tvCWQxyshUDcynBO7IUnJ5HBGa7i48Naz4g1/XtVtfEiC3ZxNbyyF4cKoLEhFHBUZBIHOMnGa4bxwkHxJ8YWiW2vZRLfZEzxsNkikl1XAQkkDdk+4ycVye0idtKo5I7c6VrvhLTNbOs38Nlf2tl5tohClbiVkJwrtjDocfKAST0GOa6fwlrXj3wPYI3iHW4o7bUYhLdxqYmdJsHZn5Tnjg7R16njJ83j0/wxquqR2moajKBaT+TckKW6Ehj0GeRk461J4l1b4YaJeX/gq7kuNYfTp7eaC+hDRjbgCSEqzcbBuBz+akYpKqpOwmjF1extNHiXXZdV85tUQlyjbmSRiflbnJ/IY5GK4fxD4a0XRdYtLi3lN3ZanZxShhH5ajdkYAznoAx6EZ5Hr7Tqek+BbO+FnJaNcWCst2DLnK7wMJnqRtxjdn3rk/iFNqN3JpcenWiWWl2rtBDDgZjVgGJz3Bx+GMUOKuaUkeJjT76HWJLdLZjKLiJU2nJCs424x1yCK+0dd8LfC/xN4nsYdMe7VnjdWjjO2NGi+Zc+YGbBAb7p7c4r5FfVbltfRraYLd2jhw3bdEwIJ9cEV9TeGNY8aav8PdS16DTbZNUiYy6bLEE8wkHy5wN5Y/dQjBxn34wKkrlzjc+fviz4u0bXPHyatJpDxQWGLS8USYaYwOw3dBtPOPfA5rlNSj1vxR4phj8NaYltBq0YWBUdcZiUlmdzhVIAzzjp3Oa9R+Hd94v1PxDeanqghGmaxZXE07Txq6yAMo6DHVmyytgMufY1p+EP2dPEep+GR4msPEtvp8ivOYYN8itthLqSCuCM7HPAPyjPqBhjasKTSkxUqbbdjwbx2s8ev3wu5UlnW2RLlAMKk6gh1UnqBgGqFpJDb+GtOvbBvKlgLRTKBja3bH1zms3U7u28lbi6ZiglKSNjJLEknJ9eK2/C0cfiixu/D1lGfNtVaYNkFnxgY5+uKwuuY6be6a7q9r/wiY1Ro7We8ldPMGCY45CAjyDIwOeTnsfpWlZpN4f1nUJNQR5b+HCr5QBQkrkE5I4Ix7j61yen2fnaDaappzCW+W4aNYiMkohwrZPHXHHfNelslj9iuNYv53vNYuwEOV8pYmC4HC4VsYH+HWu5M5LFq1GqDwBeXnjTSy9jcFnhbPlHezZHAOcFueQMiqOoR6P4g8M28+s60+jNarutYUiZo5lCDYOMYPG0ZPGc1mwWt9pdlP4v8TwpqizkRxxySYOVHDEYK8AYHfip7t7DWvB8niLxEr2tpDxbC3ICyMSRsKkEjb0zxR7T7jX2RPqFlqHivT5L3R3/ALHs5GH22OSZws4TDI2AoVsZJweB2Nat0+sweCX07w7DLdaSshSeURMY1ZuWy+MA5x370s13YeK/B6X8cI0i3spxGkcf7xpmCLnLYGBhvfp1rV0+51+98OS6Lol6mi2DFRc73ASVduC2Np2kgZOME4rSdTl3MnFlzXrCTSvhjoVvpkv2q9a7UhgoMkCsrs21gMqPMA6YrP8AH2j+ItS0WHX/AB6lxd+V+6SbKk8jjKg8Dt0x712OheKLzwtoyaJ4XlOq/ZpmaZym0rE2dyru778EHJ+tdwPH2g6L4YutQvNPj1n+1MwzGTO2NH4Vu3Kv6c9q5ajbtY1ppniUYk8R6I+q/FhL+FbMRRaUkSBIJxtLMvCAHIVQWDDI7nFM8YTSeO9P0y5uIxosWns0SooLGQMqnOfl4wox/Wt/XvFVtHokkXjOT+1IVuY2s40bytjqGXcxUDopIyc9q2PFEtxc6Lc/8JpH/ZlxbFX09IV3JK5RiAxBbqgwTkAZPpVO5nUTK/iLW/D194Qi0vwPbDwxHG8QvmJx9sKx7QGI6gnLck561lnWNSs/Dhm+FDNLeQxINWZkjKBlQ52rKPm/iPyg8GmfEHXdP8d+F2urqP8AsOexkV0jAZ/tMgjwpLbV2ghsDk4HNcbo+kal4m0N20S5GltpwVb7DspnZVyD8vXIycZx9apONtSfZF4i/wBE8G/2lbzQaxf3QWRoQpn+zZH8RByGXjIIGDxWd4haxj0NX8TI2py3kcTRksUMMrKSwIzyBn9Me43NJur3RfCN4fBFy6+IRKRefLGY1hJYZUyLjOFByCTnNP8ACtx/YNz/AGjrECa1ezx5dZznymfkmPgqCDxnb0yBiqhJDcT0TxLLc+O/CGi3/idYfDdjp8EKRNENz3bbAvmEHnJHQc4Ge1WNdg1c6PZnQ5I9JCbHaWVjH58bL8rnC4+bg4/pXHeKdYaHw1aXHjOyfybc7bXy2GWV+RkA8cD/AOsRXRXXiey+IHgpLfXZF0XTtNjhjt5gjTMzRptwQCP4cfn1xUuKH7ORX0ttb1zRLi18HTNJr1oM37o6hJEG4ZG4hMH2riczWGlLJPAmq3DcziQZABHzdj904rp9Um8PXngaDQreNdKu7HBjmKHddnliXYDOGzwpPHFcHe63ayeErK2sma31KOVxJO3COnzHHU5wCvYd6diL9jV8T6aJtM0W98Qqx0ueFZFtoW2eW2OAdpGcrjHp0wDVnxTqts3hfRbCOwi8OeGCDskjUPJO8eFYsQAfQ8g5bJyeg0rCTUPD/hG917wXdnUruy2NfbwBEsMm7kKwBPzADAJNeO6jfG60SG+8Q37ajiVolsuVSAtnkfNj5sZOFH1JrE3uz0JdJ0LXfDVzp/w+Dz6vFFvkmmbyxNEDl1AY7QemMgYxycmr/hM2nhPwxPPrLRarqksDeXZFA7Qlfu4blQemSenbNc7BpTX/AIQg1HXl/wCEc0yGBRbTxpvaQNjaWRctyvVup6jrXb6d4A0Dx18O9Mt/h/JIniu3LLd3UsjxJKhZx8oO4cqARgDGMEms6jitzTnfwnk97quo33hW51zxNFHJpshKWMSHa4lXI/h5xwc5/KrOj6npd/YeGdS1uIySWk6C0tuNjCBgFV+M8hACfQ1a1Pwj/wAI/wCFZNPlvxc68JJYZdPKbliCsyNL5m4p24x+dc75K6BZ2Ul3Etzcx7WUg48sdMgfXj60p1fdSiV7Jm1421jVb/Xb1DZMJtXVikWP9UhBAI4H3VHJAHTNeLaldR/27YIzAw6fIi7gvJwRnI9sflX0Fq9n4l8N63aWuoQm41a7i8y2lLKymNwc8k8EdCPxrxXX7HUmjvtTTT821hNi4uS65MrMAVxwTyR0B61zzZvTidklpp+oXiPHpxv5UPmopPy8Yzx0pmlnRLm317UtSl/4m7OGtoCcQhBt4A6FuT+VZnhm4lv42uLPdaCNT8gY9O4BGDTtbtntbXT7LULYWv8AashdJxhmde/A5HUHn8qi5Eou5R1XTNVht7S1ubpZ49VJWGO0bc6S5GEO0c8nGATWZcW954U1azXXUNkygZVuS6478dfWu40MSWV1bz6GBbT2itIkjAMc4wScgjkH0rzjXdTvPEmo3OpR27XpPLXEuNqu5yzBfx7UuVPcXKy1aWWp6pBq+tPKxj08GSCCNfMLMxO0MBztHQ/XPQc/NXjGzFxfS38g2SElmTGOW56Gvp5b6z0C0W10W4InmU/aJeRuQ8FcHjn/ADzXlHxO0i5u7KDW7YLtlYq46Z4JyPyrz8bSikz08vbcjwIfNwflxSR7Rw3IqV4jE7Qn761CE2sfWvm52PrKT0JV643Bs9qsYBwpAz6UxMDGAKlUE/dBNRc2uJgA9OelOUh8qDjHFOKsPlZelSKoUHb0NFwTI2QMcelTABR13GmbT07mkJJGD1HpWZpdDHxgN1yelIGyGA4BpxY/KOmaUD5sdyc1mwuiYKRtyRnFMJJwSB6U4lSBz8+elRuVBz+lS0aXGux3BRyKFcjGaXCnrUeVJwOKVh3HszE5UYxQpGc4zSbec5zjrSfKMlT1oswuIwG8g8VFkEnJzVlV3AgHnHNV24zjGQKsyuitISW3EY+lJI+F3fhT2K5449jVaY55FBFRkpK4UrwadEEYOW5NMgbfjdycVCJMPgetaGZMcnj7oFR4AAVTn3qViB9TVZ5NpG7igBpDZyetJ16n86kyHj3DjFMVDIcL2rS5PMhVDE4xmp4Q7sQwwBTOB8p4NOiYqeDitDJlwQJNKqAn8K9z8FaPcy6RPIoWNd2E3H7xAGeleeeCbmKx1eK4uYVuY3ymxhxz3/Cvrr4dabpmszzQX0QtrCV9jyIB+7YjI47549h3r0cLSTd2ebmeM5YWRL4f0a50XRra6u58Weogbj95Ub7rMuPpXqPgu10LTLeXw5rckk+n6hdbpboLuRMgbDs+bowGcDv7U9fCU1tZyeDdhu5fOHlqTsIV8bCBngEc16vZ+GIYPh7c28zpJcaVdrEjFR5kW4AAEjqD8/J/pX09JxjFeZ8hUnzHknxSNrcXlnoMDIYACxZVwZNpKo5HGNw5xXjSWV1A5srxmNldcQuTkq4PA9vSuouNTbVPFGoaNeutvPbSFBcNyPl4X5fp710GnaDqvh+HV7XxBDHfYjjlt5Vbcq7SS20MARnPPA6ehBpzsmdFOL5TU8MaLq1rp39pTzht4K853EDjJr021u9PtLvSpdXZ7gROvnRvGGi+yy8MSMZPX3zXCaFoOveJdYk8PS3a2UeoWJmsw33WkX5tpwCeVDH2xXW3Gr6ZfajpWgw2Uou7Kzj0+9DsMefB8rMhDNkFs9dtdFCKnp2MnFnD/EOx1PQri80Pwuks+nkJJHLOhEjAgFsZVQQDkfdH0zWLLBd+LtP0q0v7uK11CwPkz4AVwmBtYgEE4GMDpyTxmvQ7+XxrNFO15O32SwkEbNhC6xscBumT2714s+j+HNc1vUrvVNZlaSRD5BSI5Mi42qRjGAoI7evFarQxsyOKwt9I1ZYbry7ye1uRIkwO5ZERh8v0JBrVdZ9W1y8e38vTrZo/OKJ0ByPT168AVqeGGvLebTVSxjuIbedIPtMi7lzKwX5gPQsKzfEGlf8ACP6/qOqQ3KJcwXTNFCq/u9jnIX6YOO1VcLFq81OyvbNZLSy8jWLYKEnDsACv3u4GG9DmuYdbawmifVF+0G4k3vt5+ZjznHOK6q5F3e3CvqcQsIpxuZEOeO3IrkLbxSdJuXGnwLPbyq0Ykcchlzg44NZ3D2Rzep6fNb6xLr2mOhi3ACGI5+QjH0yf50+4shqUG5v3bud2f4ie4NX9LSW3u4r/AExRmIq5VuRlDkE55IzXV6pJ/bmqR6j5YjnZguF+6eMdPegOYo2qvrE0Gm3zGzA2qJAPvgLxxXKarpt7YahJp2oAyWTjaJM9QeMfWu3ubuymvpNO1AtHdR7ViMfQN2P51Tu1mvLwabqjeZgcuOCCO9AWZ5nr1oNMtIkt/ngb5iw5K+xqlo+l3epyCeGIvbbTuOMiuzv9LklaezjbfEy7Rz1B9au6CD4dge2lYMHG1l9AazbOlSfKdJ4Ms7N9btNHmha5sVIMkQJGVXknIwRXsfiM6xql6Lbw3B5KaU8UsKrsUqirwcMcNhuwzXmnguefRdSSV9qWN/IsTuwHIJwCT225z9M163pHg26isdY8R2GqJcXHh+QJPbfOC1vKMhw/TPDDb/sk56A70JqNzirU23dnH3Oo2Gpy21x4htz5er5C+WDtE0WEB+9uGemeevPGadLo81mLW+lnWaymfyZjG28gkHG7HToc0viW9toop9JittiyOlzBITypJBYge5BHWqun3Vz/AGxeCNFjt9XXyycZVJ3wFfb3wevTrXW5pdRxg2YGq6952kS+DwixJpl28kTkfvAjZ3KPVWLbq3/h6+oTC601IGeC/XbFPtJWOfjac9OnWuXuLVNK1+O711VnWOXyZmjPPdfbO3GfWvd/AnhG90uC4Q3Kx2fnSXUABJYoFA244wflOaXtIkVKTOs8QaesMlhq3iWRtTms4I7eZIxsJVs5O4bSfmJPOM9zXPa3deJ9H1qC60Yta2gjVLcueCiAfKc5PfHuOlevSa7p2oW1pqWl6YLWyUrFfzStuCsQBkZJwoY5B/DFcPqmjWET6pNNqayajobvdxWboXingVclSTwpwSMeo4ouupzcrPJNW1/T9a1OeTSl2Xl0pWVZTwR3Ctz35rzDxOt3NeCwnPmWpCuq9lYcHp096d4yzLcXUtog0uFgrxwD5lO7gjPbnJHFWvD2lHUBDplzP5MjL8rctk4LEZrOrUPSp0mlzHt/h+38O6n4Jg18KyzWe3TdQtyRsSIp8ki4AIVsAZPfoflzXIXNjdQ3+maJFefuI3MttPE+48n5FyOwPHr+FU/A2vajoV5eRQWSXdunnWl5FIMhow3JHuCPfIyPcbPhmHw6PEUmm3EbXNnNGxjl8wo1vIT8pGOpBwBngZyQaulGyPOqxfOzvdP8S+KrX7Lf3rLbQ2yv9sXYFZlXJDKD9BnBrhJ7DT9Y0u5bQ7MW8ALyi5myBGR/tnOCeM47V1t1Hqts11Dcyre3tqqgRgZDqxHtk4H501pbCXQtT0/WB5FlcRiXEQxtcYOMemOtaoukjwttS8PLossErvN4ghPlxkjdC6Nj+I9cc46e1dNo/iJtO02y0/XAbtY1zHCAAkJPTkcHPfr71i3+maPrNt9n0mzW0eyZQZz98oTySB1z7/hWQltdmSWx09/tGnwSDMr/AClTxuA6cZz0FObXUqxgeJPDFxZTGW1ASG+kaWNRn5Vb5iv/AAHPFc34q+y/YrHQ4Zx9qGGJU9sEEH8a9G8d+LLfS5F0edN0qRjnsCRwD/WvM/B/hHUNfb7deoY7UMQXBBZiCCQPTOa5LrfsdPLyx1PWvhJ4B0a/0TVYNdujbXzRLLYuASN6E538Y54GMjjkc19MxDUNG8N28Hh6C3EMCb7lj975F+d1yfYnHp0rwJni8Nazp1pApayu1VAM8hlOG/IEYr6VutM8NeHrS01HUb95r26+SKCJcJJBIMfvMjoeeM9QOOtZuouZNnHNaXM+xubLUrqWy0uxW4ubg7hM/wApJPJPPH61xs91cNqd1p2o3jSm2eQIqj5UlViNp+nIrfv/AA3caL4uTRftZtIp0FxbbG35CnlAT0Iw3XsDT1+1Tatd3cafZdG1KIx30hxmMnPz469cHPrmvRg7bHJUT3PmTX7jVZPEZvr6BY5LQL5kaciTbkggjrkEY78fhXQeG5Z/GV+k13B9gvBl4p4/vzImBscdScDqew7V2Gr+BtGXzEsb6RUtnIM8hLeZHz1HAyOOwr0P4TaXd6Il2+jNFLdYYw3EoIyq8kBecHjOKU66ehopuxm6OfFulo+nQRpJav8ANvYZkiPX5ef4upyDXTwLo954iJtEkur7aDsx8nTnoOvr1qy2sqdUTUtYmN4t2ypKyKF2sfkBwPTA6Vn3+l+KZ/GPlWbpaNaRfu54jhmi55JHJJyeorZRXUhzcjqNSi1DU9Hu9Nub2G2ghIkt1UhnMykgrxgg849q8R8T3+qandSw2FiItRsoFM/m9ZQhGZAuFwSCPXPHpWfofikaP4/gh3NJb3FwrCYgE+ZKRglT/tnkelbni/U9ZfxtcavdTLcSWWE2oML5IBIVsAHJBIPBwfpWvs1TRVNGR4b+Il/ca3b2F1qE9xHHbNHEz5ZI8HcBzyAOR+Q6Dj2DSb6WewuL6K5+1TGTZPakYRlPRgeRn8OeeeK8ZfTrVFttRsEWC11gFooYxgROvDL27g9sVNeam1hZLbES2pjKrdLG5UTR544BxkZ4z0zUKqaTg0e269peraJpkV/cCLTHHCyWwVt6d1JA69DXNXNvJrNnF/Zii/yu4PJ8g3Dgg5wOOnB/GutupX8B6bb6doMbSRE+cjStuy2eQSMH8/XrXleqeJ9K1jUBP4guH02XUTtQQKRGkwPVsZOD7evWlzL4iOVmnp2sIulyeGtbuGgVJXjNusajymLHP7wDJBb1OB9Oaj0xtT0zU2+zRx77AFSzkFpIj3wPUVqah4b8T+JhFeXNtbRPZBEufKfEkqk8SEYxjg45z7YxXOTQnQ7rU5fIbZFGYll/vA4/+tURrxezNfZvscJ8ULjSrfxjHqWh3LujojyI2cRPk8LkDAI5I9TTYtYZL3Rb2zm8yG7nTzlI4GWAJ+vXNYU8sV19o1AfvNp249a0bM20VjZRTReWsTOyle+TnFQkmF2z0vxLYeC9Wu5NTvS1vevB5Xyk43rnaxHTI49K8xk0q/Wzgt5pDqcLTh1+X5o9vqQTweaYq3Un29tPX7VbsDLgn5xjqB+Ndl4YUXtnapo6E3MzYKt/Ec8cVLgo7MTTiTaQtlrWol9KuBFOilChG1iVwduPT3rufC9uLTWJI9HmfT727kKS7iCjtzkEHIPOcfpRJoei6prMsssP2LWIl2tOhO0+Xj+EHG7tu644zTL5kur6yLr5bTXECrt6l9wAb8TVruc1Vtk93fXWivcxyOR/Zgd5IMkGZBnIHY8civPrnxbpUWu23iWzuGa2lgMU8B5ZBk5J/Eiu08WeIdO07WhcalHm9hBTZ1VoyCRn868in06LU9H1LVbC1S2Esm1iCBjcckY7YzW0IoinNlObxJHd+dawwLNbHcokP3iD/s1zMzQYd9zCRMbFIxkDtWfawS22p/Z7Y/MuGOOh21ugTTSCaWMByeQelZVWelTWhiyW1xJpklylruhPzliORt9KsaWkk3kXkaDEjH92OoIPf3NdvrLQP4bWztD5U3mAPzgbSMfzqzovh+HQIVWeYzXLHeVxhV9x71lBczsiKzsrnpNh4Wv7W7sLe5hjSSRvLS4Jyqq/YnrSTabqulaxdRbEh3sR58ZBWT1wetWrEnVbpE+0EW9uRIFPBYrz1+ma23iWXUUkO59OY7vLJ5yBzz9K7eRROB1WZEOlXJmCXFybW1++JgcbpF/gIz0NdWn2fV52t9Xj+w28iExSR87mBAAI9xzU13Y6Tf2r6tbSlI7UjFowxl+oOfcfyrcFjEmgW2slx9rnZfJt2GVYtkqM89V5ouRObkeLa5rHiXR9U0y01F0DWrFbQQDko5Cgnuc4xj9OaZJrNzZeJfteqxrcOnVYxjGfUe2fQV1XjKXS4LS0u9Yhax8RWVypLD5ozb4Zg2QSvDEe/wDIYHivVIsxTSW6rISqSzxBQXbGAD09Kc56aBSWtjEOqTTalftNH5huoysS8DAzwpxjtUFrpzTPFFeK1uzkDBXJHNLLoz6jp4urO4DuGwkbLgkeu7PBFW7yTVbO0hu72Z4zGQhYfNlsdqwud/KzP8T22pQPDErJNbQDMYJwVHqMdhWro2teJdc8WW1n5LJJHEolERBVoweXA7nmuFvfEFzHqVlqsUovmkYxvHKvygHjoMV6LpdzZwazp+p2ETWLySKqhTzuY429fu1tdRRzOakegyxDQ55INc/02C9AMfHzjJ65GMVzE09/Fqi6EZxKgbKxv9xVbnP1rW1uW5vLxIWJuLhSC+T9xCeua4/xBL9gvDFYnz4okBnLffGfQ1UWFjZTFvqewXj20krKhmY/u15x1PGBVq6sZnmeK4fHkvh7uMfK6+px+lY+m6ouoaWYY0MmkvGwIcfPvJ5U/wD1qLHX5baImJDPZJhDatjBwMDkg4omFiXVIbh5WUjFiNuHH8TjPPrXG+MLfUvEEMUF7m5iSQGAL8rB8EZ4Hp61rw6o+qaullpAkL3WNtszDy1PoM8V0Wp6bqmgahHdq6kTYV42HER9R/8AWo2FY8tXT5bNFt7hEuXkbZll2tbk8cHmrc/9oabpE2lO0c1hPJ5rv1kB+Xoc9PlHau38QeFl1y/mvNIuxDclAZImOFcjnj3xzXkMtve3jy/Z7kxXUJwIG+6w9T1yevaqdQdNORrRXC3MUlukjywou5Avt1H51WvWjm0JUSVrqEuFO/7ybfQdeDxXTeD9Iu9Q0K7ewtQ9xGricDG4OnUL+GKwNE0uGFDfx/voi5Igl6Edge1c/tY3ZvZxM2ytjeGGMqzlTuVicZ2nv+VetSfZbSwF9bRpLfKfneNvuxkegPUGnWmnX4077dp8CwyD7kY6YPWuUtdOk1qC/l0mV7W8snYytkhZBzlSB6GpuuW5STkehaNrdgbci0l8l2X96H+VmPrz1/CtK5mv5NM+36ZcNbW53boyARIw78g4rmdBttY1OxtZdfsVmjQ+Rbzp8rkjoHw3OPXH867LwldaotlqVjdW0d/p0SEyp9xoUyQWVu/056dqw5luTLQwzEjzx3y24tJJEO9Yz8h9CR2NUrvXNSgMKXUZHI/fRnnA749QK6nxJovh5bW31Hw5dzW5BCzQSbmWRezKc8EHgjoR0xjmvrnhy21u3tb6N3sLyAKBGvMci+pGOp+tbqskrsiUZM5jVBOLiHUpbhJ452COwYeaDjutalpqU9mjWU5LIG6N94g9OSKu/wDCP3mmvHd6lZCUjHlshBxJ2LCtvwzBY6rcXDa/axzXJ4R8/dj9NvTcPWrnVXKZ06Rtalq7HSltJLVrNhGEVky0bso4YntmuD8uUoGfEU7D5riMkAY7jpXez2+kpYXNp9vl/cs275ScqO3TqKpXlrZXemwT2MJjtHTA3Hrx6HtWFGrHoL2JyL3V28sEeoDzbaMfPMOrk+wrXXy7mDz0bzbQjAUcSKfXHXFZxtpZtNVr5PKEsvlQsDnDnpx6V01tCTpbzPhdZ087GKDKbexweKupUNaaZwviBNljFfTy7mLBPKHDqCMhhz7VyEV3a/aItM10G+YBTDInVc9AeQcj8a9XksV15UjnK/bWOPOI4x2yBiqlh4b0++W40+a1S31vTpWje6ViUAXI4A4wTx06Vk6qKXunCG6ube+lt7lJNQn2bgyDdhT0J98da53Srs3E0tvbXDfvCSqNnjk5GD0969g0XwjqL64yrdC3kiyd6DO4d+DXMaz4Pk1TWG1C2lFm8DNmaMD94RwQV960hUjqP2zOUt/C41W/WSCUxTKrJLnlSPUeldPo1rpel6m2l3LkxR48/wBWA6leOpBqzLbHTkj1FP3Sw9UHIkHpUMt5E+r2l60ASNlVXj/56Y65PrzVXZnUTkdgIIfLltdJuSLGblXcYbGPXAqaxupkSKyV2iscqjDkhx3J69aqLeQ3181vcwj7JLGVRU4ZW9ea0be2i8pIpZCJ1OyKPAIdVHy/8CPeuim11OTkkjn/AB14Ai1C6s7v5Ftz9xQTlsnkbv5Cs0+GJ7KzM81pHBHDhVdTh2/3hXctdRyWTWt0T58Um+FDkYYcdfTGa5fxTJcNoV1qFxc7NSjwIkH3XPYY9TVmyci9p9wkYMd3IySRqZIkYYVxgnFedeJ7681fUoNatPLt3two8jna5Vsk/j05ptp4r1afTGt9WSOXU7T/AFBxhiD/AHu3T09Ky1ulldJZV3XMhBdOgUsayqMqxXvPNjVr+/gMCzPsSNWyF45NTzQPGvmNL5rMPl7kLjoRWwRFHFdLcD7QZF2rk/cbscVx73CadcAsRcNccbh29q53BHTSidRaaajwmWMHcoLM6DpVyPU7PUYm0q2bykUbjKx4LD1rJt9Qu44msLGQqbkAHPfNUZLhLWyZXIWOM/NjGcjrmsHBG1hbhGtZhJeptVWAwvIcD0qnr1vaSTRXdiixRs25cDo1Ux4gQGOeVDLHEcqvtXTtpN9fj7WyIILnDR7TyufalzIXLM5RIXuQ8ZOxkG72YDrzVWxu1W7jilbdBJkZHRSOnNaMukajpsj2t3zg4R0OQyGnQ6TZ3LRxysYUbj5R3qOVBeX2kf/Z" />
        </parts>
        <addrs>
            <addr address="+4741500626" type="137" charset="106" />
            <addr address="+4741421501" type="151" charset="106" />
        </addrs>
    </mms>
</smses>