<?xml version='1.0' encoding='UTF-8' standalone='yes'?>
<smses count="12028" backup_set="422bf347-8660-44ca-a807-a2aa7e4d2f12" backup_date="1636184108806"
    type="full">
    <sms protocol="0" address="+4790000000" date="1473235681987" type="2" subject="null"
        body="bla bla ukeblad kl 17"
        toa="null" sc_toa="null" service_center="null" read="1" status="-1" locked="0" date_sent="0"
        sub_id="0" readable_date="7. sep. 2016 10:08:01" contact_name="John Doe" />
    <sms protocol="0" address="+4790000000" date="1473236360000" type="1" subject="null"
        body="bla bla ukeblad"
        toa="null" sc_toa="null" service_center="+4790000000" read="1" status="-1" locked="0"
        date_sent="0" sub_id="0" readable_date="7. sep. 2016 10:19:20" contact_name="John Doe" />
    <mms date="1625175066000" spam_report="0" ct_t="application/vnd.wap.multipart.related"
        msg_box="2" address="+4790000000" sub_cs="null" retr_st="null" d_tm="0" exp="604800"
        locked="0" msg_id="0" app_id="0" from_address="null"
        m_id="A577AB2A-DAB3-71EB-A190-40A8F02343AE" retr_txt="null" date_sent="0" read="1"
        rpt_a="null" ct_cls="null" pri="129" sub_id="4" object_id="null" resp_txt="null" ct_l="null"
        d_rpt="129" reserved="0" using_mode="0" _id="317" rr_st="0" m_type="128" favorite="0"
        rr="129" sub="null" hidden="0" deletable="0" read_status="null" d_rpt_st="0"
        callback_set="0" seen="1" device_name="null" cmc_prop="null" resp_st="128" text_only="1"
        sim_slot="0" st="null" retr_txt_cs="null" creator="com.samsung.android.messaging"
        m_size="223" sim_imsi="242014513904306" correlation_tag="4fcbb7b32ed18a51" safe_message="0"
        tr_id="T17a63fb7e5d" m_cls="personal" v="18" secret_mode="0"
        readable_date="1. jul. 2021 23:31:06" contact_name="John Doe">
        <parts>
            <part seq="-1" ct="application/smil" name="null" chset="null" cd="null" fn="null"
                cid="&lt;smil&gt;" cl="smil.xml" ctt_s="null" ctt_t="null"
                text='&lt;smil&gt;&lt;head&gt;&lt;layout&gt;&lt;root-layout/&gt;&lt;region id="Text" top="0" left="0" height="100%" width="100%"/&gt;&lt;/layout&gt;&lt;/head&gt;&lt;body&gt;&lt;par dur="5000ms"&gt;&lt;text src="text.000000.txt" region="Text" /&gt;&lt;/par&gt;&lt;/body&gt;&lt;/smil&gt;'
                sef_type="0" />
            <part seq="0" ct="text/plain" name="null" chset="106" cd="null" fn="null"
                cid="&lt;text.000000&gt;" cl="text.000000.txt" ctt_s="null" ctt_t="null"
                text="Haha, ja, morsomt! &#128516; Akkurat kommet hjem fra en liten fjelltur. Veldig gjerne kaffe en dag! Er i Oslo og fleksibel de nærmeste dagene i hvert fall. Det går bra, håper det går bra hos deg også! Sov godt, hilsen Frode"
                sef_type="0" />
        </parts>
        <addrs>
            <addr address="insert-address-token" type="137" charset="106" />
            <addr address="+4790000000" type="151" charset="106" />
        </addrs>
    </mms>
    <mms date="1625301510000" spam_report="0" ct_t="application/vnd.wap.multipart.related"
        msg_box="1" address="+4790000000" sub_cs="null" retr_st="128" d_tm="null" exp="null"
        locked="0" msg_id="0" app_id="0" from_address="null"
        m_id="0B611846-DBDA-71EB-88AD-40A8F02340B2" retr_txt="1000:OK" date_sent="1625301510"
        read="1" rpt_a="null" ct_cls="null" pri="129" sub_id="4" object_id="null" resp_txt="null"
        ct_l="http://10.176.56.214:8000/mmsc/1_2?A3xe159sexOfMlb3e&amp;m=4790000000" d_rpt="129"
        reserved="0" using_mode="0" _id="319" rr_st="0" m_type="132" favorite="0" rr="null"
        sub="null" hidden="0" deletable="0" read_status="null" d_rpt_st="0" callback_set="0"
        seen="1" device_name="null" cmc_prop="null" resp_st="null" text_only="0" sim_slot="0"
        st="null" retr_txt_cs="106" creator="com.samsung.android.messaging" m_size="1379003"
        sim_imsi="12345" correlation_tag="null" safe_message="0" tr_id="A3xe159sexOfMlb3e"
        m_cls="personal" v="18" secret_mode="0" readable_date="3. jul. 2021 10:38:30"
        contact_name="John Doe">
        <parts>
            <part seq="-1" ct="application/smil" name="01.smil" chset="106" cd="attachment"
                fn="01.smil" cid="&lt;01.smil&gt;" cl="0.smil" ctt_s="null" ctt_t="null"
                text='&lt;smil&gt;&lt;head&gt;&lt;layout&gt;&lt;root-layout/&gt;&#10;&lt;region id="Text" top="70%" left="0%" height="30%" width="100%" fit="scroll"/&gt;&#10;&lt;region id="Image" top="0%" left="0%" height="70%" width="100%" fit="meet"/&gt;&#10;&lt;/layout&gt;&#10;&lt;/head&gt;&#10;&lt;body&gt;&lt;par dur="10s"&gt;&lt;img src="6469943001.jpg" region="Image"/&gt;&#10;&lt;/par&gt;&#10;&lt;/body&gt;&#10;&lt;/smil&gt;&#10;'
                sef_type="0" />
            <part seq="0" ct="image/jpeg" name="6469943001.jpg" chset="null" cd="attachment"
                fn="6469943001.jpg" cid="&lt;6469943001.jpg&gt;" cl="6469943001.jpg" ctt_s="null"
                ctt_t="null" text="null" sef_type="0"
                data="/9j/4AAQSkZJRgABAQAAAQABAAD/2wBDAAMCAgICAgMCAgIDAwMDBAYEBAQEBAgGBgUGCQgKCgkICQkKDA8MCgsOCwkJDRENDg8QEBEQCgwSExIQEw8QEBD/2wBDAQMDAwQDBAgEBAgQCwkLEBAQEBAQEBAQEBAQEBAQEBAQEBAQEBAQEBAQEBAQEBAQEBAQEBAQEBAQEBAQEBAQEBD/wAARCAAUAGQDASIAAhEBAxEB/8QAFwABAQEBAAAAAAAAAAAAAAAAAAUHBv/EABoQAQACAwEAAAAAAAAAAAAAAAAGRIKDwcL/xAAbAQACAgMBAAAAAAAAAAAAAAAGBwAIAQQFCf/EACERAAEBCAMBAAAAAAAAAAAAAAAGAQIDBTWBgrI0Q8Gx/9oADAMBAAIRAxEAPwDcwDIAc6iE3dfp1Dl4Td1+nUEqrazGx0dHIlKRBy2eDVWVNVbKX7cfTM967+BGkVfPiyjSKvnx2ptw37fWAMoabEtswigAsWZjoCt5Z0AIQngPQsQR1EJu6/TqAJVW1mNjo6ORKUiDls8Gqg2Uv24+mZ7138CNIq+fAdqbcN+31gDKGmxLbMIoALFmY6AreWdACEP/2Q==" />
        </parts>
        <addrs>
            <addr address="+4790000000" type="137" charset="106" />
            <addr address="+4790000000" type="151" charset="106" />
        </addrs>
    </mms>
</smses>